number of sites to be analyzed:  241
log likelihood =  -3184.3896883046677
Lr derivatives =  [-70.26299405586391, -164.28378222573667, -60.38474537618276]
other derivatives =  [ 15.17747978 -31.76659538  13.79371088 -58.83078074 234.88547595
  57.88400904]
Current x_clock array =  [-0.62498453 -0.58685686 -0.62193455  0.18232156 -0.10536052  0.33647224
 -0.51082562 -0.51082562 -0.51082562]
log likelihood =  -2974.992191283936
Lr derivatives =  [-21.41994988804951, -131.1072216145216, -65.92908052738161]
other derivatives =  [-61.03157375 -13.46023737 -31.4210597  -27.69148477 156.48638384
  41.92704091]
Current x_clock array =  [-0.68347155 -0.58478807 -0.67508916  0.40902829 -1.01050097  0.11341392
 -0.2400644  -0.50885714 -0.50885714]
log likelihood =  -3878.454325603098
Lr derivatives =  [-72.93064609767823, -37.64994330366112, 55.28968358703423]
other derivatives =  [ 1.10863431e+04 -1.85862887e+01  6.41622137e+02 -5.60229182e-01
 -6.91896676e+01  3.99846208e+01]
Current x_clock array =  [-0.05       -0.6622478  -0.24941167  0.81668732 -3.26952675 -0.48952988
  0.08660536  0.          0.        ]
log likelihood =  -2873.1629652794377
Lr derivatives =  [12.202943227574906, -58.105731134053414, -10.063445399754222]
other derivatives =  [376.9455775  -13.27338441  83.26804027  -3.8429489   82.00250263
  39.16333935]
Current x_clock array =  [-0.45198137 -0.61309426 -0.51953339  0.55799956 -1.83601915 -0.10692047
 -0.12068913 -0.32290493 -0.32290493]
log likelihood =  -2802.7490384349703
Lr derivatives =  [-37.05049452819364, -51.03060101015034, 0.750756268071072]
other derivatives =  [-90.6791347   -9.75491366  41.94175654  30.91849794 -23.27620243
  26.0311017 ]
Current x_clock array =  [-0.70142883 -0.62518515 -0.55208919  0.77568649 -2.87865761 -0.38934819
  0.09538515 -0.24527829 -0.25215599]
log likelihood =  -2793.87667551732
Lr derivatives =  [-12.195077674747893, -33.51785685546467, 8.265857693411846]
other derivatives =  [-31.906407     1.33535104   6.99282555  24.03932695  -6.13168638
  26.69780133]
Current x_clock array =  [-0.65705863 -0.61494394 -0.59263023  0.72527841 -2.75997851 -0.38761361
  0.09721401 -0.19973541 -0.25503924]
log likelihood =  -2789.0868570814027
Lr derivatives =  [11.009712207545707, -11.01315675444819, 16.675026072540106]
other derivatives =  [26.04914425  2.86375962 -2.9913972  16.71450809  4.74057886 24.87457414]
Current x_clock array =  [-0.61959492 -0.61834603 -0.60486802  0.66564997 -2.73083189 -0.44244616
  0.10634003 -0.11436514 -0.25979405]
log likelihood =  -2785.9240111142744
Lr derivatives =  [19.246221841899064, 1.8255464738472114, 16.813791845743655]
other derivatives =  [39.28404931  1.27298745 -8.56848055 12.62063415  5.75501224 21.51532181]
Current x_clock array =  [-0.61313263 -0.62306076 -0.61117802  0.61537532 -2.76586185 -0.52314427
  0.11091543 -0.04147386 -0.2803368 ]
log likelihood =  -2779.6575786151575
Lr derivatives =  [5.672818522654172, -5.107456159655076, -3.2328216055103396]
other derivatives =  [33.58560571  4.67760037  3.65458891  6.28753514 -4.32818062 13.14734072]
Current x_clock array =  [-0.6181666  -0.61736897 -0.59807369  0.47828541 -2.82508849 -0.73796628
  0.07323442  0.         -0.35917257]
log likelihood =  -2776.838155661704
Lr derivatives =  [-0.2782377968367027, -8.882275518080496, -6.425855654825213]
other derivatives =  [-15.15870053 -25.4032966    4.1583412   -1.1675229   -4.98400318
   7.88892794]
Current x_clock array =  [-0.65276127 -0.64978815 -0.59826937  0.34227149 -2.82113991 -0.96824731
  0.0525712   0.         -0.35136169]
log likelihood =  -2775.8217669744527
Lr derivatives =  [-0.38389312056095415, -9.914118866817853, -7.880936258653938]
other derivatives =  [-16.45056727  -2.51957135   3.36874018  -4.89064951  -3.61542415
   5.82901864]
Current x_clock array =  [-0.6551164  -0.62088628 -0.5999632   0.27953756 -2.7989149  -1.07498209
  0.032219    0.         -0.34973594]
log likelihood =  -2775.254782024728
Lr derivatives =  [0.011138663218929201, -9.159441576077244, -5.058467700204205]
other derivatives =  [-6.62280854  2.18648483 -1.41485543 -6.9903117  -2.46345346  4.48239945]
Current x_clock array =  [-0.64855542 -0.61494515 -0.60621048  0.24704602 -2.7814784  -1.16896826
  0.01220848  0.         -0.32741557]
log likelihood =  -2774.755510626116
Lr derivatives =  [2.1699644289530906, -6.041207577761469, 3.0202568896080155]
other derivatives =  [ 3.43961756  4.04989805  0.68056397 -7.89625847 -0.5846172   3.33380209]
Current x_clock array =  [-0.64196857 -0.61282412 -0.60396724  0.23951267 -2.75710901 -1.28279417
 -0.00874538  0.         -0.28525875]
log likelihood =  -2774.399632017527
Lr derivatives =  [1.3032176369364004, -5.698394805880744, 5.76954572009183]
other derivatives =  [ 8.14017358  1.89647562 -5.63399317 -6.35662809 -1.23074867  2.45943002]
Current x_clock array =  [-0.63833626 -0.61510355 -0.61163634  0.26523864 -2.74779283 -1.36905534
 -0.02329145  0.         -0.26774362]
log likelihood =  -2773.825679447352
Lr derivatives =  [0.8601919437420513, -5.387884075280726, 6.936201538731738]
other derivatives =  [ 9.14333077 -0.85333113 -0.04874073 -3.00473448  0.95513831  1.167489  ]
Current x_clock array =  [-0.63706415 -0.61732258 -0.60478224  0.3332809  -2.68899973 -1.53188979
 -0.05052846  0.         -0.25451668]
log likelihood =  -2773.7511864164803
Lr derivatives =  [1.05083184083992, -6.371799501465433, 0.6927503848343277]
other derivatives =  [ -5.1036136    5.13487248 -13.59386215   1.29095906   1.23542703
   0.28492856]
Current x_clock array =  [-0.64707023 -0.61041676 -0.62047191  0.39836662 -2.66659426 -1.63251343
 -0.0492781   0.         -0.27425652]
log likelihood =  -2773.6024232634113
Lr derivatives =  [-1.3552590234487476, -7.756049921573982, -0.6799899547725898]
other derivatives =  [ 1.6244594  -1.11824374 -0.89268224  0.22987297  0.44745257  0.26252365]
Current x_clock array =  [-0.64194789 -0.61713014 -0.6053574   0.38285825 -2.6723441  -1.63347161
 -0.05321805  0.         -0.27674876]
log likelihood =  -2773.5957167674987
Lr derivatives =  [-0.8782104438024729, -7.35210648396874, -0.07033335477668334]
other derivatives =  [-0.241826   -0.34946152 -0.15100568 -0.07194194  0.52500036  0.27027837]
Current x_clock array =  [-0.64343142 -0.61634097 -0.60443406  0.37793151 -2.67462806 -1.63485083
 -0.05129614  0.         -0.27512695]
log likelihood =  -2773.590197156278
Lr derivatives =  [-0.47139601523165187, -7.02974696866443, -0.005042940945417573]
other derivatives =  [-0.93630524 -0.06973369  0.07986273 -0.14637544  0.41493481  0.2052076 ]
Current x_clock array =  [-0.64407088 -0.61623017 -0.60406343  0.37607329 -2.67867011 -1.64367353
 -0.04822105  0.         -0.27532975]
log likelihood =  -2773.5847796324633
Lr derivatives =  [0.13595960841378218, -6.510487190231161, -0.02171391517895005]
other derivatives =  [-0.61727496  0.07346443  0.19500249 -0.0541072   0.13768613  0.056593  ]
Current x_clock array =  [-0.64404563 -0.61647789 -0.60374898  0.37632357 -2.68551891 -1.66443661
 -0.04330234  0.         -0.27577994]
log likelihood =  -2773.5844678157277
Lr derivatives =  [-0.22933598333640814, -6.677312777925398, -0.11851502271773473]
other derivatives =  [-6.69279416e-01  1.89420462e-02  9.66879270e-02  7.52197593e-03
 -1.48626596e-01 -2.98643533e-05]
Current x_clock array =  [-0.64403596 -0.61647566 -0.60389542  0.37644856 -2.687131   -1.67498048
 -0.04425312  0.         -0.27523911]
log likelihood =  -2773.584398047475
Lr derivatives =  [0.09178262578737839, -6.464024113937165, 0.032938480374907986]
other derivatives =  [ 0.52345695  0.34900495  0.04760068  0.04534968 -0.03352304 -0.00108027]
Current x_clock array =  [-0.64324075 -0.61622905 -0.60391846  0.37747452 -2.68686311 -1.67456107
 -0.04352037  0.         -0.27506562]
log likelihood =  -2773.584216398512
Lr derivatives =  [-0.01585861778993669, -6.538526363846197, 0.004024113280186814]
other derivatives =  [-0.03164496  0.07350172  0.04851881  0.02419893 -0.03225229  0.00633888]
Current x_clock array =  [-0.64360848 -0.61648035 -0.60393259  0.37712572 -2.68647061 -1.67382435
 -0.04390016  0.         -0.2750636 ]
log likelihood =  -2773.5842099214187
Lr derivatives =  [-0.014481406036965128, -6.535917705783954, 0.010341925302385313]
other derivatives =  [-0.03649075  0.01914623  0.02884735  0.02188153 -0.02629655  0.0057302 ]
Current x_clock array =  [-0.64361042 -0.6165402  -0.60395631  0.37711047 -2.68640519 -1.67401371
 -0.04392155  0.         -0.27503141]
log likelihood =  -2773.5842045937543
Lr derivatives =  [-0.009219702356478177, -6.530691827866814, 0.017878909295086398]
other derivatives =  [-0.01743365 -0.02287925  0.00499131  0.0148093  -0.01698521  0.00380727]
Current x_clock array =  [-0.64359719 -0.61658603 -0.60398581  0.37703032 -2.68631024 -1.67445625
 -0.04395973  0.         -0.27498707]
      fun: 2773.5842045937543
 hess_inv: <9x9 LbfgsInvHessProduct with dtype=float64>
      jac: array([-1.74336492e-02, -2.28792487e-02,  4.99130692e-03,  1.48093022e-02,
       -1.69852050e-02,  3.80726765e-03, -9.21970236e-03, -6.53069183e+00,
        1.78789093e-02])
  message: 'CONVERGENCE: REL_REDUCTION_OF_F_<=_FACTR*EPSMCH'
     nfev: 25
      nit: 23
     njev: 25
   status: 0
  success: True
        x: array([-0.64359719, -0.61658603, -0.60398581,  0.37703032, -2.68631024,
       -1.67445625, -0.04395973,  0.        , -0.27498707])
