number of sites to be analyzed:  404
log likelihood =  -5696.381577201074
Lr derivatives =  [-323.8731460091148, -487.96899835249656, -479.2795059434634]
other derivatives =  [  26.72408664  -13.53194784  127.971045   -103.72423549  373.33315777
   -0.        ]
Current x_clock array =  [-0.6875523  -0.755784   -0.43510689  0.18232156 -0.10536052  0.33647224
 -0.51082562 -0.51082562 -0.51082562]
log likelihood =  -5396.778382953806
Lr derivatives =  [108.02367737791042, -252.86941071109874, -343.56063181293746]
other derivatives =  [ -84.99620981   20.01709163 -314.19254901  -46.49677794  292.91092142
   -0.        ]
Current x_clock array =  [-0.73878191 -0.75443102 -0.68042517  0.38115913 -0.82103373  0.33647224
  0.11003361 -0.50984638 -0.50984638]
log likelihood =  -5109.465182230881
Lr derivatives =  [263.01820684026063, -34.516302914383346, -119.76325778869648]
other derivatives =  [139.60542765  48.71516376  16.20093462 -37.66225745 249.42034947
  -0.        ]
Current x_clock array =  [-0.66498096 -0.77766633 -0.42827639  0.50530897 -1.40484884  0.33647224
  0.22146963 -0.30580992 -0.2055915 ]
log likelihood =  -4950.024218703489
Lr derivatives =  [-29.58920991509534, -118.79538275796716, 79.82744136825204]
other derivatives =  [-178.2449699   -11.2506732   305.18378026   21.96843434    3.14605952
   -0.        ]
Current x_clock array =  [-0.81912833 -0.86715509 -0.31514602  0.71653705 -2.4397708   0.33647224
  0.11097992 -0.13506842  0.        ]
log likelihood =  -4942.466079003042
Lr derivatives =  [-39.54255732691391, -109.3932812669226, -81.07409033173637]
other derivatives =  [  94.56469888  -12.54669587 -247.92651493   35.62851725  -45.87197049
   -0.        ]
Current x_clock array =  [-0.66308552 -0.87697821 -0.50477084  0.73010485 -2.63017226  0.33647224
  0.07379855 -0.03454618 -0.05055722]
log likelihood =  -4917.818013597071
Lr derivatives =  [-12.699163592787485, -83.68011411783067, -19.468951278678528]
other derivatives =  [ 55.69375207  -5.39233224 -70.05403404  22.05068813 -11.21059501
  -0.        ]
Current x_clock array =  [-0.68984942 -0.86758212 -0.42412672  0.69801961 -2.50767724  0.33647224
  0.06246682  0.         -0.01750586]
log likelihood =  -4915.546054232653
Lr derivatives =  [-1.3165589001098112, -76.2454330337011, -6.8131012391476915]
other derivatives =  [-15.89702879  -2.04117896  22.32036604  16.86342603   4.30120228
  -0.        ]
Current x_clock array =  [-0.72726823 -0.86165753 -0.39173108  0.67697039 -2.45605307  0.33647224
  0.06833189  0.         -0.01236048]
log likelihood =  -4915.264385958384
Lr derivatives =  [-0.24182112457329197, -75.34379673007591, 4.045323463363417]
other derivatives =  [ 0.19154686 -0.89696823  3.91108551 16.01560962  3.45564083 -0.        ]
Current x_clock array =  [-0.71915655 -0.86085155 -0.39811781  0.66979889 -2.45861233  0.33647224
  0.06752809  0.         -0.00844963]
log likelihood =  -4915.051101743894
Lr derivatives =  [1.213474641698184, -74.54807294852127, 2.9084239723621437]
other derivatives =  [ 6.65454354  0.10902841 -7.06118226 14.20173066  3.67519659 -0.        ]
Current x_clock array =  [-0.71612721 -0.85949272 -0.40233144  0.65445466 -2.45729032  0.33647224
  0.06615104  0.         -0.00904277]
log likelihood =  -4914.557544118326
Lr derivatives =  [2.5056957852030735, -73.64745285383745, 9.352496880133998]
other derivatives =  [ 12.73489488   2.2686163  -19.5472403    7.93012441   2.83334783
  -0.        ]
Current x_clock array =  [-0.71387694 -0.85620916 -0.40799497  0.60160343 -2.46089582  0.33647224
  0.06147707  0.         -0.00739897]
log likelihood =  -4914.268722738332
Lr derivatives =  [1.0073263753444905, -74.96351637114786, -13.404241899164312]
other derivatives =  [ 14.55018719   0.95346786 -12.44876967   1.52988287   0.51092337
  -0.        ]
Current x_clock array =  [-0.71414271 -0.85657094 -0.40665961  0.54703825 -2.47742751  0.33647224
  0.06125723  0.         -0.01638644]
log likelihood =  -4914.160397921877
Lr derivatives =  [-0.4778392750528724, -75.20225692310126, 7.17594806123649]
other derivatives =  [ 0.52541418  0.10139502 -4.47999082 -1.14587328 -0.41544151 -0.        ]
Current x_clock array =  [-0.72120458 -0.85699767 -0.40394716  0.52472461 -2.48295702  0.33647224
  0.06021552  0.         -0.00884141]
log likelihood =  -4914.14190991016
Lr derivatives =  [-0.1124829796724498, -75.1454164809448, -0.035369662326033335]
other derivatives =  [ 0.6176324  -0.01677836 -1.14777322 -0.15673595  0.13089641 -0.        ]
Current x_clock array =  [-0.72114943 -0.85726637 -0.40263923  0.53373002 -2.48123065  0.33647224
  0.06141825  0.         -0.01122221]
log likelihood =  -4914.141357047343
Lr derivatives =  [-0.23642541488085556, -75.21032628093245, -0.08388140248032983]
other derivatives =  [ 0.03708283 -0.06341816 -0.02727847 -0.00121145  0.06843582 -0.        ]
Current x_clock array =  [-0.72143212 -0.85735868 -0.40219828  0.53512372 -2.48168728  0.33647224
  0.06170126  0.         -0.01122394]
log likelihood =  -4914.141301042657
Lr derivatives =  [-0.2108434979584075, -75.1892004846861, -0.06633660772618555]
other derivatives =  [-0.101968   -0.03804325  0.11103111  0.0042528   0.06038162 -0.        ]
Current x_clock array =  [-0.72151135 -0.85734831 -0.40213752  0.5352056  -2.48192892  0.33647224
  0.0619019   0.         -0.01122016]
log likelihood =  -4914.141204269249
Lr derivatives =  [-0.0986379219821103, -75.10604302092693, -0.011211683875437473]
other derivatives =  [-0.19683739  0.02964316  0.24659403  0.00246564  0.04666536 -0.        ]
Current x_clock array =  [-0.72159133 -0.85732829 -0.40206265  0.53530709 -2.48258061  0.33647224
  0.06246478  0.         -0.01120992]
log likelihood =  -4914.141153679491
Lr derivatives =  [-0.021943030696427, -75.04817181247469, -0.00017633495622959572]
other derivatives =  [-0.14316538 -0.00548334  0.13945737  0.00378441  0.01523536 -0.        ]
Current x_clock array =  [-0.72158575 -0.85741181 -0.40207658  0.53538508 -2.48318708  0.33647224
  0.06291995  0.         -0.01121323]
log likelihood =  -4914.141151722996
Lr derivatives =  [0.029107842706658005, -75.011622530111, 0.06083607621447129]
other derivatives =  [ 0.11628708  0.04550111  0.14201214 -0.01163698  0.01158436 -0.        ]
Current x_clock array =  [-0.72147358 -0.85737869 -0.40207632  0.5353249  -2.48336779  0.33647224
  0.063058    0.         -0.01119529]
      fun: 4914.141151722996
 hess_inv: <9x9 LbfgsInvHessProduct with dtype=float64>
      jac: array([ 1.16287083e-01,  4.55011104e-02,  1.42012141e-01, -1.16369847e-02,
        1.15843602e-02, -0.00000000e+00,  2.91078427e-02, -7.50116225e+01,
        6.08360762e-02])
  message: 'CONVERGENCE: REL_REDUCTION_OF_F_<=_FACTR*EPSMCH'
     nfev: 18
      nit: 17
     njev: 18
   status: 0
  success: True
        x: array([-0.72147358, -0.85737869, -0.40207632,  0.5353249 , -2.48336779,
        0.33647224,  0.063058  ,  0.        , -0.01119529])
