number of sites to be analyzed:  128
log likelihood =  -1737.5964309380834
Lr derivatives =  [-82.92916331061029, -116.68859264089762, -85.24142085443701]
other derivatives =  [ 20.38320326 -10.4460637    9.23898983 -38.43082141 102.11903236
  -0.82504334  -0.        ]
Current x_clock array =  [-0.67150801 -0.77268033 -0.61433403  0.18232156 -0.10536052 -0.10536052
  0.33647224 -0.51082562 -0.51082562 -0.51082562]
log likelihood =  -1656.4578035661643
Lr derivatives =  [42.33474779332568, -49.698133160663524, -42.820315573748594]
other derivatives =  [-65.9693726    0.99518252 -39.49386246 -17.44633164  75.14080698
   1.78550658  -0.        ]
Current x_clock array =  [-0.81828645 -0.76747635 -0.68086354  0.45906001 -0.84071464 -0.09941942
  0.33647224  0.0863432  -0.50714719 -0.50714719]
log likelihood =  -1610.0899569704538
Lr derivatives =  [59.20776994180621, -15.857494757057701, 2.227542775772185]
other derivatives =  [75.66240902 13.93964931  3.50191931 -3.39524854 45.10671398  7.02516036
 -0.        ]
Current x_clock array =  [-0.60729222 -0.77598936 -0.54477364  0.65937379 -1.49437518 -0.10422864
  0.33647224  0.18128757 -0.37591443 -0.38325376]
log likelihood =  -1590.0203827228434
Lr derivatives =  [10.276826365150779, -27.152836729747275, 11.24298818996763]
other derivatives =  [-11.8918465    2.21524851  27.97832872  11.91580031   1.11897295
  10.98020448  -0.        ]
Current x_clock array =  [-0.71727997 -0.82450022 -0.47841626  0.80702645 -2.06702216 -0.12771789
  0.33647224  0.09976741 -0.27492843 -0.33397537]
log likelihood =  -1584.8413203502996
Lr derivatives =  [6.677067244318958, -22.222948934719383, 10.276167497957706]
other derivatives =  [ -3.05233516  -2.08959159 -21.71548203  11.87700445  -3.11460113
  10.28347288  -0.        ]
Current x_clock array =  [-6.96279397e-01 -8.37576229e-01 -5.57043717e-01  7.60870408e-01
 -2.07122794e+00 -1.66433786e-01  3.36472237e-01  3.98515667e-05
 -1.57300441e-01 -3.51542867e-01]
log likelihood =  -1579.9001309212772
Lr derivatives =  [-11.559362801681836, -23.541416424505535, 1.2610915203431858]
other derivatives =  [ 12.83243046  -7.15202259 -22.23197293   7.55417796  -3.63629491
   8.13698102  -0.        ]
Current x_clock array =  [-0.66783384 -0.84732542 -0.57308352  0.64513156 -1.99690893 -0.24225914
  0.33647224 -0.20713217  0.         -0.38389997]
log likelihood =  -1578.107477150516
Lr derivatives =  [-1.940277923477459, -18.958180782611738, 1.2610969584589151]
other derivatives =  [ 0.25074678  2.38530856 -4.66147867  4.0632292   1.4916468   7.73411693
 -0.        ]
Current x_clock array =  [-0.69235848 -0.81462188 -0.53669599  0.59771788 -1.97376688 -0.28992265
  0.33647224 -0.15517141  0.         -0.39997937]
log likelihood =  -1577.535185025641
Lr derivatives =  [0.4171409840551772, -18.348408166354055, -0.3256527423785194]
other derivatives =  [-2.77406502  3.47838272  6.71229941  2.0635016   2.31143151  7.36647644
 -0.        ]
Current x_clock array =  [-0.6992129  -0.81253995 -0.51609272  0.56304503 -1.99657699 -0.34696068
  0.33647224 -0.12913271  0.         -0.41390121]
log likelihood =  -1576.8074410572328
Lr derivatives =  [1.6369799491362351, -18.446118415042903, -2.933801701430866]
other derivatives =  [-5.03515503  2.42155033 13.75617762 -0.54468296  1.98364681  6.6398859
 -0.        ]
Current x_clock array =  [-0.70417691 -0.81814407 -0.50363934  0.50634255 -2.04574477 -0.4571398
  0.33647224 -0.09899906  0.         -0.43238911]
log likelihood =  -1575.646359445665
Lr derivatives =  [2.132880522896395, -18.102945194780222, -4.11074688872297]
other derivatives =  [-5.38816289  2.04764592 12.97898075 -4.19018079  0.32348364  5.24056168
 -0.        ]
Current x_clock array =  [-0.70585155 -0.82197644 -0.5036048   0.41043296 -2.12854035 -0.69037458
  0.33647224 -0.06642927  0.         -0.43904345]
log likelihood =  -1574.2404086187896
Lr derivatives =  [9.190901508108821, -10.8399280878676, 7.466859435709672]
other derivatives =  [ -9.70923156 -12.04807404  15.23588662  -4.64892491   4.38041875
   2.66826027  -0.        ]
Current x_clock array =  [-0.71338013 -0.87744934 -0.49629597  0.40678759 -2.13758723 -1.23859877
  0.33647224 -0.03715787  0.         -0.37196596]
log likelihood =  -1572.6984408532303
Lr derivatives =  [2.1606168412380544, -14.57613479169312, 2.3178588513547727]
other derivatives =  [-3.45564172  1.06075959  4.34093681 -3.29215072 -1.36314644  1.22522141
 -0.        ]
Current x_clock array =  [-0.70195726 -0.82991339 -0.51209411  0.40788515 -2.21312902 -1.67223401
  0.33647224 -0.0470762   0.         -0.38238215]
log likelihood =  -1572.3069807222446
Lr derivatives =  [-0.27141979668754157, -15.69815394056134, 1.1174908682065112]
other derivatives =  [ 0.45259071  0.90478397 -0.30563433 -1.41286091 -1.30804784  0.61221247
 -0.        ]
Current x_clock array =  [-0.69417075 -0.82919242 -0.5202232   0.45214553 -2.18827704 -1.9080014
  0.33647224 -0.06847854  0.         -0.37858135]
log likelihood =  -1572.1906370831705
Lr derivatives =  [-0.844223504442658, -15.945114377271583, -0.06933617926087976]
other derivatives =  [-1.55728048 -0.04805429 -2.7774779  -0.03990453 -0.26796871  0.21234058
 -0.        ]
Current x_clock array =  [-0.69616133 -0.8314175  -0.52429067  0.48615285 -2.16025887 -2.10791014
  0.33647224 -0.07760746  0.         -0.37941062]
log likelihood =  -1572.3838363639065
Lr derivatives =  [3.6310050679158246, -12.992404955460051, 1.960095855727125]
other derivatives =  [16.07645436  1.56243868  2.37903168  0.28991349  1.7246382  -0.02643629
 -0.        ]
Current x_clock array =  [-0.67180926 -0.82957839 -0.51554432  0.51104935 -2.15400171 -2.29709741
  0.33647224 -0.05997121  0.         -0.37530176]
log likelihood =  -1572.178989691069
Lr derivatives =  [0.012217692078748899, -15.379599563859045, 0.3173018397062357]
other derivatives =  [ 1.74890215  0.26020257 -1.80631264  0.03034438  0.11294748  0.16234405
 -0.        ]
Current x_clock array =  [-0.69146952 -0.83106317 -0.52260555  0.49094955 -2.15905333 -2.14436006
  0.33647224 -0.07420956  0.         -0.37861898]
log likelihood =  -1572.166189515116
Lr derivatives =  [-0.10032893913645591, -15.401313600767288, 0.1029542466103841]
other derivatives =  [ 0.73850515 -0.04969752 -0.92452865  0.07373387  0.08053512  0.06309725
 -0.        ]
Current x_clock array =  [-0.69302465 -0.83221907 -0.52082769  0.49190867 -2.16179575 -2.21568548
  0.33647224 -0.07263747  0.         -0.37881226]
log likelihood =  -1572.1628416741355
Lr derivatives =  [0.05389254928545317, -15.266822325080401, 0.06305885474357353]
other derivatives =  [-0.03612467  0.04467915 -0.15212754  0.01357512  0.02562469  0.00089293
 -0.        ]
Current x_clock array =  [-0.6943661  -0.83211471 -0.51922207  0.49032619 -2.16638035 -2.26653684
  0.33647224 -0.0695851   0.         -0.37900273]
log likelihood =  -1572.162818723259
Lr derivatives =  [-0.05906863744261637, -15.351192825729136, -0.030232679294451614]
other derivatives =  [ 0.03203081 -0.04458707  0.07020026 -0.00329374 -0.01592028 -0.00062277
 -0.        ]
Current x_clock array =  [-0.6942539  -0.83241168 -0.51887841  0.48997222 -2.16689573 -2.26725793
  0.33647224 -0.06980254  0.         -0.37929348]
log likelihood =  -1572.162803268222
Lr derivatives =  [-0.0053578709006461, -15.31309393939456, 0.005097727157872711]
other derivatives =  [ 0.00192085  0.00015871 -0.00157911 -0.00068371 -0.00039235 -0.00033996
 -0.        ]
Current x_clock array =  [-0.69430973 -0.83226966 -0.51898178  0.49002025 -2.16682083 -2.26729695
  0.33647224 -0.06961429  0.         -0.37920965]
log likelihood =  -1572.1628030889271
Lr derivatives =  [-0.0025959094652954207, -15.312121383112004, 0.0036478092023717323]
other derivatives =  [ 0.00111504  0.0013747  -0.0007069  -0.00128989  0.0004083  -0.00021422
 -0.        ]
Current x_clock array =  [-0.69431206 -0.83226675 -0.51897955  0.49001005 -2.16682861 -2.26718727
  0.33647224 -0.06959238  0.         -0.37922519]
      fun: 1572.1628030889271
 hess_inv: <10x10 LbfgsInvHessProduct with dtype=float64>
      jac: array([ 1.11504050e-03,  1.37470124e-03, -7.06904757e-04, -1.28989086e-03,
        4.08297623e-04, -2.14217051e-04, -0.00000000e+00, -2.59590947e-03,
       -1.53121214e+01,  3.64780920e-03])
  message: 'CONVERGENCE: REL_REDUCTION_OF_F_<=_FACTR*EPSMCH'
     nfev: 21
      nit: 19
     njev: 21
   status: 0
  success: True
        x: array([-0.69431206, -0.83226675, -0.51897955,  0.49001005, -2.16682861,
       -2.26718727,  0.33647224, -0.06959238,  0.        , -0.37922519])
