number of sites to be analyzed:  304
log likelihood =  -4856.616753780354
Lr derivatives =  [-455.0467976538979, -448.66322012582424, -412.34930941461266]
other derivatives =  [-33.72431183 -55.34732645  -9.66061634 -94.06057961 242.16022575
  -0.        ]
Current x_clock array =  [-0.66759914 -0.6970024  -0.59094338  0.18232156 -0.10536052  0.33647224
 -0.51082562 -0.51082562 -0.51082562]
log likelihood =  -4547.516405936247
Lr derivatives =  [65.14327886701803, -160.35114986225278, -249.87086296486694]
other derivatives =  [ -8.62840443 -28.84514561 -46.31242155 -62.42006293 228.85476574
  -0.        ]
Current x_clock array =  [-0.66642047 -0.69576762 -0.58991101  0.36183231 -0.56751336  0.33647224
  0.35761249 -0.50985073 -0.50985073]
log likelihood =  -4401.939477933796
Lr derivatives =  [120.6449875476743, -46.24048639223048, -106.66434709235719]
other derivatives =  [  7.80992104  16.22197669  27.63778593 -40.28472904 190.62760657
  -0.        ]
Current x_clock array =  [-0.65983893 -0.66497013 -0.52801158  0.45259864 -0.89436615  0.33647224
  0.29482784 -0.36167179 -0.23352929]
log likelihood =  -4288.2994588459105
Lr derivatives =  [-50.63853421928856, -49.77406532125723, 50.14462658436969]
other derivatives =  [-63.4561784  -24.28312382 -91.36737845  25.0224748   21.74487252
  -0.        ]
Current x_clock array =  [-0.6809577  -0.70590485 -0.60058887  0.64546679 -1.68923267  0.33647224
  0.10637181 -0.15398678  0.        ]
log likelihood =  -4290.537645289095
Lr derivatives =  [-45.63769809911809, -25.875405783117127, -44.60546654340733]
other derivatives =  [202.18644659  15.57613996 154.58484904  20.46093687 -12.92802536
  -0.        ]
Current x_clock array =  [-0.56486119 -0.68110584 -0.44150334  0.65629088 -1.9822783   0.33647224
  0.17882618 -0.08035623 -0.10675243]
log likelihood =  -4277.488235861517
Lr derivatives =  [-45.4369535086673, -36.244409688418585, -2.787864125525786]
other derivatives =  [54.05772572 -5.31729802  6.76260879 22.71876838  6.08902699 -0.        ]
Current x_clock array =  [-0.62482393 -0.69391429 -0.5236695   0.65070034 -1.83092302  0.33647224
  0.14140419 -0.11838571 -0.05161581]
log likelihood =  -4273.610820119892
Lr derivatives =  [-22.16308611050876, -16.40001862467649, -13.476323220846933]
other derivatives =  [-3.6364163   1.88066952 12.75545947 21.10084642  4.47208902 -0.        ]
Current x_clock array =  [-0.65628034 -0.69212287 -0.516844    0.65136402 -1.91803856  0.33647224
  0.21322024 -0.0996281  -0.07040021]
log likelihood =  -4272.086931812133
Lr derivatives =  [0.45497657799571556, 4.359801075892503, -1.9273094212694346]
other derivatives =  [ 2.90013213  2.26944576 -6.6246912  16.20727198  5.2280886  -0.        ]
Current x_clock array =  [-0.65609651 -0.69660597 -0.52772278  0.63514354 -1.99968019  0.33647224
  0.27479528 -0.08067978 -0.06643521]
log likelihood =  -4271.567254198055
Lr derivatives =  [3.6098563602991476, 8.508974266480855, 3.6700694843742228]
other derivatives =  [-3.93787013 -1.37642473  9.18104706 11.96929043  2.68833735 -0.        ]
Current x_clock array =  [-0.66090337 -0.70153368 -0.51761521  0.60584044 -2.04713272  0.33647224
  0.29927976 -0.07862966 -0.06213567]
log likelihood =  -4271.064499387895
Lr derivatives =  [5.8659794410470525, 7.005174956377324, 0.43857791576618155]
other derivatives =  [-1.60587842  1.78166283  0.03459718  5.68622727  0.39734445 -0.        ]
Current x_clock array =  [-0.66087325 -0.69976294 -0.52262188  0.55504067 -2.084309    0.33647224
  0.32222905 -0.0889222  -0.06489072]
log likelihood =  -4270.845006744978
Lr derivatives =  [3.507401217339094, 2.1609434407947106, 2.6085159390936172]
other derivatives =  [ 0.85755346 -6.09707695  1.6944623   0.2640727   0.70502894 -0.        ]
Current x_clock array =  [-0.65951815 -0.70631119 -0.52206635  0.50696444 -2.07274363  0.33647224
  0.31371232 -0.10264199 -0.06024921]
log likelihood =  -4270.84490659735
Lr derivatives =  [-0.4367769823340737, -1.5070800821023087, 1.6738587753981724]
other derivatives =  [-0.68939516  8.69627002  1.23905102 -0.82258248 -0.68060137 -0.        ]
Current x_clock array =  [-0.66009184 -0.69152624 -0.52278414  0.4928493  -2.062539    0.33647224
  0.29932384 -0.10551494 -0.0595632 ]
log likelihood =  -4270.808985220556
Lr derivatives =  [1.5355540835250032, 0.33019051587619086, 2.1393246836370823]
other derivatives =  [ 0.07702965  1.24699272  1.46005095 -0.2757879   0.00146433 -0.        ]
Current x_clock array =  [-0.65980527 -0.6989117  -0.52242559  0.49990018 -2.06763648  0.33647224
  0.30651126 -0.10407983 -0.05990588]
log likelihood =  -4270.800758427495
Lr derivatives =  [0.1524094760765351, -0.7246686958494535, 0.07967527070049435]
other derivatives =  [ 0.02050092  0.18494757 -0.06716436  0.07057315 -0.14760467 -0.        ]
Current x_clock array =  [-0.6595849  -0.69956891 -0.5234601   0.50159859 -2.06178882  0.33647224
  0.30134002 -0.10349159 -0.06167244]
log likelihood =  -4270.799812584069
Lr derivatives =  [-0.07459565543349456, -0.6624434718173439, -0.06462543068385412]
other derivatives =  [ 0.14235775  0.02356683 -0.09991163  0.16302602 -0.0834385  -0.        ]
Current x_clock array =  [-0.65946628 -0.69962264 -0.52354305  0.50221016 -2.05971978  0.33647224
  0.29934852 -0.10246785 -0.06186224]
log likelihood =  -4270.798909373438
Lr derivatives =  [0.016559435988543925, -0.003559354189859986, -0.16822489826603337]
other derivatives =  [-0.02287652 -0.00142245 -0.04539106 -0.01370336  0.00744291 -0.        ]
Current x_clock array =  [-0.659566   -0.69958698 -0.52360498  0.5007178  -2.05888161  0.33647224
  0.29738817 -0.09987441 -0.06227846]
log likelihood =  -4270.798895557615
Lr derivatives =  [-0.000560291895574494, 0.011910057397930019, 0.06906503324048124]
other derivatives =  [ 4.79085429e-02 -8.64019967e-05 -7.44057616e-03  7.06677383e-04
  2.86877590e-03 -0.00000000e+00]
Current x_clock array =  [-0.65952465 -0.69957997 -0.52358677  0.50082885 -2.05880794  0.33647224
  0.29726742 -0.09988046 -0.06202638]
log likelihood =  -4270.798892272709
Lr derivatives =  [-0.0019042894115415265, -0.0010228789718344337, 0.0002856741820633688]
other derivatives =  [-0.005949   -0.00127329 -0.00317232  0.00056843 -0.00104606 -0.        ]
Current x_clock array =  [-0.65955321 -0.69958303 -0.52358109  0.50082299 -2.05886088  0.33647224
  0.2973281  -0.09990212 -0.06209597]
      fun: 4270.798892272709
 hess_inv: <9x9 LbfgsInvHessProduct with dtype=float64>
      jac: array([-0.005949  , -0.00127329, -0.00317232,  0.00056843, -0.00104606,
       -0.        , -0.00190429, -0.00102288,  0.00028567])
  message: 'CONVERGENCE: REL_REDUCTION_OF_F_<=_FACTR*EPSMCH'
     nfev: 18
      nit: 15
     njev: 18
   status: 0
  success: True
        x: array([-0.65955321, -0.69958303, -0.52358109,  0.50082299, -2.05886088,
        0.33647224,  0.2973281 , -0.09990212, -0.06209597])
