number of sites to be analyzed:  560
log likelihood =  -6523.098118470998
Lr derivatives =  [87.61000256115605, -202.96412810444227, -57.581311753955625]
other derivatives =  [  84.82294015  -89.5154526    72.74341442 -112.74972076  487.12840908
  104.71094629]
Current x_clock array =  [-0.62082652 -0.72350364 -0.65105958  0.18232156 -0.10536052  0.33647224
 -0.51082562 -0.51082562 -0.51082562]
log likelihood =  -6139.5871641883405
Lr derivatives =  [-141.65976528235296, -303.233982559344, -175.8716576564294]
other derivatives =  [-331.98640449  -75.83403567  -96.41356246  -50.35294907  320.90202022
   48.19497462]
Current x_clock array =  [-0.78080319 -0.72223341 -0.78825417  0.39496833 -1.02408815  0.13898665
 -0.67605871 -0.5098622  -0.5098622 ]
log likelihood =  -5801.617196922749
Lr derivatives =  [-174.0493424578014, -161.77199892638941, -61.41576269230153]
other derivatives =  [ 549.46097953   89.71238276 -196.85066582  100.83864436  -57.67845017
   39.77107826]
Current x_clock array =  [-0.4864792  -0.65584876 -0.85415807  0.83486376 -3.09935224 -0.27196625
 -0.71225231 -0.14132574 -0.2520121 ]
log likelihood =  -5747.908682893316
Lr derivatives =  [-83.8435907049795, -74.4573065176655, 34.72204681312989]
other derivatives =  [-471.91870999   20.83073832  -46.82940016   76.88687583  -55.29656916
   51.43297858]
Current x_clock array =  [-0.84900568 -0.71628214 -0.62779826  0.7743708  -3.24479932 -0.3422069
 -0.48651205  0.         -0.11636005]
log likelihood =  -5686.680189298055
Lr derivatives =  [-22.622345117662924, -42.78321165535226, 25.910055009252883]
other derivatives =  [-201.08515491   26.97805212   -5.08343328   52.94235598   -3.80927349
   55.97010932]
Current x_clock array =  [-0.71402155 -0.71856773 -0.61500073  0.69635352 -2.94244415 -0.29713185
 -0.46496014  0.         -0.1596492 ]
log likelihood =  -5674.470420355783
Lr derivatives =  [-7.137521604650228, -36.12675692663497, 16.810835424970676]
other derivatives =  [72.86451273  1.95219218 -4.55548343 39.64257121 10.59202148 52.97677399]
Current x_clock array =  [-0.61323724 -0.74262614 -0.62338713  0.64342414 -2.8760753  -0.32972188
 -0.46457825  0.         -0.19150368]
log likelihood =  -5671.199396212969
Lr derivatives =  [-7.7303379251926145, -37.28266337581958, 14.244093148402854]
other derivatives =  [30.20600343 -3.8786975   7.44739737 37.55445414  6.45221271 50.71438864]
Current x_clock array =  [-0.62720302 -0.74736109 -0.61414945  0.62793009 -2.90858362 -0.36036862
 -0.45244768  0.         -0.19262972]
log likelihood =  -5660.164566330195
Lr derivatives =  [-2.3992764040973, -37.780310740310334, -1.1774124392655043]
other derivatives =  [-41.93779205 -25.14936477  35.22231054  21.59693486  -9.66031774
  36.93349481]
Current x_clock array =  [-0.65336362 -0.76811935 -0.59335411  0.51557541 -3.05619757 -0.55398862
 -0.39099749  0.         -0.21461089]
log likelihood =  -5653.483941723134
Lr derivatives =  [23.91894122208193, -20.777207148370966, -3.3912826633637985]
other derivatives =  [-59.10321124  13.80234971 -16.3226814    5.34806168 -11.71757019
  24.07036936]
Current x_clock array =  [-0.66276586 -0.74356174 -0.62036498  0.38337659 -3.1208536  -0.76237222
 -0.3370836   0.         -0.22792364]
log likelihood =  -5649.616085065906
Lr derivatives =  [14.980744871440049, -26.029631022788916, -14.586559153356172]
other derivatives =  [ -2.34409708  -5.60713033  36.11264128 -12.55640746 -12.5544765
  15.52664617]
Current x_clock array =  [-0.64429853 -0.75836145 -0.59333072  0.2610446  -3.13658966 -0.9722068
 -0.34330536  0.         -0.23987197]
log likelihood =  -5647.678860227406
Lr derivatives =  [11.778469441362589, -24.72572194218641, -12.74778446526237]
other derivatives =  [ 13.24412551  -8.52460835   1.35044866 -16.34582168  -9.39618897
  13.03134985]
Current x_clock array =  [-0.63860304 -0.75907696 -0.61514585  0.2334702  -3.10265709 -1.05095395
 -0.36763078  0.         -0.22902513]
log likelihood =  -5645.619021099601
Lr derivatives =  [1.981546362646121, -24.20237012397515, -4.83092335790805]
other derivatives =  [ 24.04816405   3.49474885 -15.13783718 -19.27691483  -2.96745284
  10.60357772]
Current x_clock array =  [-0.63477761 -0.74650094 -0.62857092  0.22132704 -3.0294878  -1.16344847
 -0.41856943  0.         -0.19832387]
log likelihood =  -5643.70767133425
Lr derivatives =  [-5.578548597536404, -22.50773630922758, 7.391151058153623]
other derivatives =  [ 11.00690497  -7.35978483 -21.58232746 -15.56042298   0.89859079
   8.33109615]
Current x_clock array =  [-0.63815351 -0.75359339 -0.63254561  0.25660402 -2.98157908 -1.30806088
 -0.44978618  0.         -0.16287451]
log likelihood =  -5641.669333352589
Lr derivatives =  [-8.157485260587796, -18.93946347927125, 12.64896342319949]
other derivatives =  [ 3.05888807 25.50603676  0.42017746 -4.46869308  3.84848416  4.53937605]
Current x_clock array =  [-0.64143644 -0.73071176 -0.61647561  0.33891869 -2.93355421 -1.57283146
 -0.47025993  0.         -0.14366862]
log likelihood =  -5640.504396529001
Lr derivatives =  [-6.652483409037316, -18.776080897936463, 3.6891983852322348]
other derivatives =  [-11.95000004  -6.23519009   1.5706255    1.19217202   2.68505365
   2.41983788]
Current x_clock array =  [-0.64553159 -0.75658296 -0.61275831  0.38014369 -2.93953281 -1.77511057
 -0.45677677  0.         -0.15151658]
log likelihood =  -5640.175108846603
Lr derivatives =  [0.19480328161561644, -14.706887608165177, -0.3833112318436047]
other derivatives =  [-8.85520694 -3.49524817  5.17484204  0.77185359  1.60625674  1.26343346]
Current x_clock array =  [-0.64506478 -0.75680047 -0.60903049  0.37693042 -2.95578507 -1.9083989
 -0.44160405  0.         -0.15695203]
log likelihood =  -5640.03047702
Lr derivatives =  [0.9799190420473778, -12.618649701334926, -0.8835425427966417]
other derivatives =  [ 4.29381362 -1.3752433   1.40862176  1.20748518 -0.45963257  0.50984484]
Current x_clock array =  [-0.64058153 -0.7565063  -0.61077927  0.37803519 -2.96903453 -2.04697873
 -0.44092412  0.         -0.15422962]
log likelihood =  -5639.986654760322
Lr derivatives =  [0.4288200719583948, -11.76903424598728, -0.9834094471266326]
other derivatives =  [-1.57760951  0.49558003  0.43106957  0.10624626 -0.94641517  0.14877965]
Current x_clock array =  [-0.6426921  -0.75494128 -0.61132536  0.36916533 -2.97106418 -2.14474492
 -0.44325147  0.         -0.15180505]
log likelihood =  -5639.976811216064
Lr derivatives =  [0.3476993642072408, -10.734054502897726, 1.0545535619809838]
other derivatives =  [ 1.45045487  0.32127718 -0.58505975  0.04988487 -0.20899227  0.02853641]
Current x_clock array =  [-0.64167249 -0.75511245 -0.61199494  0.36988626 -2.96491014 -2.20330019
 -0.44655437  0.         -0.14738902]
log likelihood =  -5639.975380115635
Lr derivatives =  [-0.26107031531218183, -11.222235109066956, 0.14931913821104725]
other derivatives =  [-0.05674792 -0.00257023 -0.02596607 -0.01111221 -0.16950697  0.00908843]
Current x_clock array =  [-0.64215379 -0.75517038 -0.61175698  0.36949113 -2.96368798 -2.20768311
 -0.44734748  0.         -0.14848267]
log likelihood =  -5639.975273274085
Lr derivatives =  [-0.1695369537313951, -11.190421206080757, 0.06476689596587981]
other derivatives =  [-0.11466545 -0.03517562  0.03782498 -0.00212185 -0.09011857  0.00478973]
Current x_clock array =  [-0.64217918 -0.75520275 -0.61170924  0.36965332 -2.9632114  -2.20854493
 -0.44723625  0.         -0.1486419 ]
log likelihood =  -5639.975229669421
Lr derivatives =  [0.005518201876871132, -11.109795638640904, -0.007457403750292357]
other derivatives =  [-0.05404399  0.01422359 -0.09262658  0.00872024  0.00108302  0.00027421]
Current x_clock array =  [-0.64216709 -0.75518721 -0.61177081  0.3698062  -2.96273273 -2.20896523
 -0.44703061  0.         -0.14882954]
log likelihood =  -5639.975229627222
Lr derivatives =  [0.004246842577877885, -11.111675615497544, -0.007072633585902821]
other derivatives =  [ 0.06930713 -0.01181252  0.08684492 -0.00828004  0.00754737 -0.00034662]
Current x_clock array =  [-0.64212951 -0.75521172 -0.61166664  0.36974209 -2.9627307  -2.20934914
 -0.44701623  0.         -0.14881902]
log likelihood =  -5639.975226486082
Lr derivatives =  [0.004879855662121457, -11.110738866909303, -0.007264818904807235]
other derivatives =  [ 7.83256837e-03  1.16142473e-03 -2.60388333e-03  1.90993887e-04
  4.32532594e-03 -3.70523657e-05]
Current x_clock array =  [-0.64214823 -0.75519951 -0.61171856  0.36977404 -2.96273171 -2.20915781
 -0.4470234   0.         -0.14882426]
      fun: 5639.975226486082
 hess_inv: <9x9 LbfgsInvHessProduct with dtype=float64>
      jac: array([ 7.83256837e-03,  1.16142473e-03, -2.60388333e-03,  1.90993887e-04,
        4.32532594e-03, -3.70523657e-05,  4.87985566e-03, -1.11107389e+01,
       -7.26481890e-03])
  message: 'CONVERGENCE: REL_REDUCTION_OF_F_<=_FACTR*EPSMCH'
     nfev: 24
      nit: 22
     njev: 24
   status: 0
  success: True
        x: array([-0.64214823, -0.75519951, -0.61171856,  0.36977404, -2.96273171,
       -2.20915781, -0.4470234 ,  0.        , -0.14882426])
