number of sites to be analyzed:  141
log likelihood =  -3787.9532816919436
Edge derivatives =  [11.427504316956881, 19.38703201004111, 30.03718371199946, 13.136363028403578, -4.079620195097301, -3.888527293050423, 44.05835652200821, 40.21403747809931, 50.21734445832661, 48.73421525530493, 18.15585253284181, 4.506457789918787, 27.603911365715767, 10.695299512337666, 17.201717636740966, 0.9541348961008485]
other derivatives: [ -53.67328413   21.17894837  -15.65904313  113.22563296 -249.02037694
    0.            0.        ]
Current x array =  [-0.52877249 -0.61385415 -0.85238203  0.18232156 -0.10536052 -0.22314355
  0.33647224 -2.30258509 -2.30258509 -2.30258509 -2.30258509 -2.30258509
 -2.30258509 -2.30258509 -2.30258509 -2.30258509 -2.30258509 -2.30258509
 -2.30258509 -2.30258509 -2.30258509 -2.30258509 -2.30258509]
log likelihood =  -3613.792583473245
Edge derivatives =  [12.635961131989568, 19.878606072372307, 32.03608975713444, 15.53893863460012, -1.9683822891904896, -1.664267691228729, 45.459185150482185, 41.608459625890575, 52.15825825581217, 49.47112603249921, 20.51178956316728, 4.403222370382706, 28.1361752915652, 11.932625720772256, 18.35548149670357, 2.111913520570172]
other derivatives: [ 199.31048882   23.42203516  -27.99797585   87.21654012 -106.77631508
    0.            0.        ]
Current x array =  [-0.7375379  -0.611661   -0.91328881  0.220508   -1.07393996 -0.22314355
  0.33647224 -2.27807082 -2.22717809 -2.27807082 -2.27807082 -2.31845302
 -2.31770975 -2.27807082 -2.27807082 -2.27807082 -2.27807082 -2.27807082
 -2.28505696 -2.27807082 -2.27807082 -2.27807082 -2.29887393]
log likelihood =  -3586.5392408081852
Edge derivatives =  [13.714573795974923, 19.35904757322294, 32.92520818963194, 16.102595765223388, 0.8991003968247973, 0.42448410263680825, 45.88890020447685, 39.11445795181423, 52.34527334229097, 49.22712563623753, 21.22912596589315, 5.961245712079016, 25.175315868009797, 13.179255995009528, 18.46378657087226, 2.4320750127775526]
other derivatives: [-708.26554293   96.32635738   19.26446203  -40.22285793   80.30674508
    0.            0.        ]
Current x array =  [-0.31479051 -0.5545933  -1.0602428   0.43817127 -2.34894076 -0.22314355
  0.33647224 -2.2192454  -2.091627   -2.17512067 -2.21167471 -2.34002838
 -2.33760961 -2.14562066 -2.15424356 -2.13014355 -2.13724013 -2.20058845
 -2.25423093 -2.18516752 -2.22079335 -2.2064955  -2.28864607]
log likelihood =  -3528.773356120384
Edge derivatives =  [12.990859177772593, 19.446698025885823, 32.41263312682843, 15.7388044682392, -0.9837248772383634, -0.8356063753519093, 45.34321165599819, 40.53147087284169, 51.985702140419434, 49.03045139319079, 20.830912223611957, 4.694360116493079, 26.94654938123499, 12.125230741581577, 18.43181193966044, 2.236538314522003]
other derivatives: [ 25.0496214   44.01154001 -13.84087227  43.56184036 -22.80166882
   0.           0.        ]
Current x array =  [-0.553119   -0.58676584 -0.97739587  0.31546121 -1.63014504 -0.22314355
  0.33647224 -2.25240888 -2.16804542 -2.23315995 -2.24910624 -2.32786503
 -2.32639085 -2.22029089 -2.22405254 -2.21353918 -2.21663498 -2.24426999
 -2.27160944 -2.23754277 -2.25308415 -2.24684687 -2.29441214]
log likelihood =  -3486.5740901420254
Edge derivatives =  [11.608363120063121, 18.10786619267036, 30.598148454015035, 14.085275138502805, -1.9135653184784587, -1.2528430931893972, 41.939616683116135, 36.55654274526385, 48.719463548270795, 44.76833058490933, 19.781654897482863, 4.286621253688007, 22.589628064990944, 10.75240068060875, 17.6016565966534, 1.7920833668677068]
other derivatives: [-49.58360478 -19.50211299   2.5877398    9.55310497  23.73012649
   0.           0.        ]
Current x array =  [-0.49727631 -0.45369515 -1.03968537  0.43398031 -1.9567058  -0.22314355
  0.33647224 -2.20600648 -2.08593491 -2.13055189 -2.19437589 -2.33514551
 -2.33298142 -2.08080849 -2.09864501 -2.05474584 -2.06686837 -2.17487364
 -2.25201406 -2.15158981 -2.20919992 -2.18486996 -2.28622279]
log likelihood =  -3427.823509183097
Edge derivatives =  [8.975100412565892, 16.368245875841858, 26.897200867165637, 10.431722451030103, -2.967494084142851, -1.987802813788341, 33.315809662535635, 28.65515249813851, 39.6126584442426, 34.66717498395332, 18.207869978212095, 3.4624411639558366, 16.189379793149993, 8.077399183766119, 16.22868619783685, 1.2177045761288015]
other derivatives: [-30.31364031 -43.35793165  20.98699952 -22.4571977   58.54185474
   0.           0.        ]
Current x array =  [-0.51292981 -0.44648473 -1.09350572  0.60760766 -2.19051447 -0.22314355
  0.33647224 -2.11494418 -1.93446541 -1.9073696  -2.08500762 -2.3506406
 -2.3447857  -1.77568988 -1.82865995 -1.70300691 -1.74030758 -2.02781791
 -2.21636515 -1.977166   -2.12394646 -2.05371945 -2.27126087]
log likelihood =  -3336.8813091272114
Edge derivatives =  [2.9713973037352064, 11.419872079602001, 12.653783247370592, 0.2511556212731261, -4.178501453046178, -3.74381724905362, 0.586754317611273, -0.4332971071942613, 1.351376399089894, -2.6275874609770162, 11.8329079123692, 1.9507539058769188, 2.1033260782190286, 2.157680807370853, 11.741842253733052, -0.41260422247245143]
other derivatives: [-144.2197572    47.45024853   26.6929419   -47.6706191    49.79519872
    0.            0.        ]
Current x array =  [-0.46147793 -0.61646201 -0.92201107  0.81455991 -2.30349816 -0.22314355
  0.33647224 -1.87495606 -1.51037361 -1.24455634 -1.80527818 -2.41389762
 -2.39271708 -0.92093235 -1.07538782 -0.7030872  -0.83522602 -1.58516329
 -2.12324142 -1.51213233 -1.90429211 -1.65762711 -2.23645233]
log likelihood =  -3361.5461385082754
Edge derivatives =  [-2.8402827345325115, 5.714024173556044, -2.024435238308222, -5.438735152292058, -6.960996791368003, -5.857451454593969, -19.64171922180067, -18.18605633095271, -26.259768339671083, -27.362834536354168, 4.098473709151351, -0.9310990986341894, -8.39126302821852, -3.4438499425674336, 7.574691682817603, -1.8087273677389677]
other derivatives: [  58.82884579 -385.37627916  -22.31504368  -16.89068085   -7.62902346
    0.            0.        ]
Current x array =  [-0.60981815 -0.34868969 -0.76104923  0.72258643 -2.0631002  -0.22314355
  0.33647224 -1.79881798 -1.34259467 -0.99711483 -1.7349331  -2.4543679
 -2.42672406 -0.69716441 -0.88068214 -0.43676707 -0.61702934 -1.40041188
 -2.09127482 -1.37535381 -1.83806885 -1.48538443 -2.23041373]
log likelihood =  -3323.7789513549415
Edge derivatives =  [1.1162359145359941, 9.51516990894251, 8.15936955438811, -1.6338703319010883, -5.15350264545274, -4.49441005731543, -6.0734287102860245, -6.325205547916159, -7.514121983565785, -10.887802764026347, 9.387225037563303, 0.9352922064549822, -1.396620134417048, 0.20439049173739388, 10.378304984331614, -0.8885192255477635]
other derivatives: [-33.96621651 -58.16523299  13.21031959 -34.98889782  29.69964044
   0.           0.        ]
Current x array =  [-0.51806419 -0.51431686 -0.86061013  0.77947545 -2.2117953  -0.22314355
  0.33647224 -1.84591222 -1.4463722  -1.15016663 -1.77844415 -2.42933552
 -2.40568948 -0.83557322 -1.00111486 -0.601496   -0.75199212 -1.51468751
 -2.11104736 -1.45995642 -1.87903041 -1.59192295 -2.23414883]
log likelihood =  -3314.996068045276
Edge derivatives =  [1.478833598193002, 9.810229344327894, 8.571143833482289, -1.0448893575619493, -5.047618484555888, -4.585604929679422, -3.7611251523519735, -4.272316396807188, -5.225997719814867, -7.936755174049558, 9.414837397525755, 0.8825005642182805, 1.242385819667558, 0.5570211508871407, 10.315403209402033, -0.8254451659245481]
other derivatives: [ 12.16026249  -4.82532414 -10.77414709 -20.42297638  10.80879883
   0.           0.        ]
Current x array =  [-0.55379792 -0.56751375 -0.80869968  0.69255274 -2.06124497 -0.22314355
  0.33647224 -1.86116763 -1.46110078 -1.17242711 -1.80171641 -2.43475098
 -2.41054715 -0.89469055 -1.05490516 -0.66881742 -0.821782   -1.5236887
 -2.11672878 -1.49196935 -1.89482487 -1.59717594 -2.23857067]
log likelihood =  -3312.3425540567705
Edge derivatives =  [1.259619811099966, 9.467070981358633, 7.6092063293716246, -0.8756629545686265, -5.088104851958854, -4.775739881268728, -2.213008812444699, -2.94154453415833, -3.7056875440273167, -5.613820899673976, 8.556255167103723, 0.8244966060074088, 1.9099180789338737, 0.5376172218303701, 9.795885754662024, -0.9381354778177672]
other derivatives: [  6.81293386  -8.71723387 -11.91860974  -6.06041795  -6.05259629
   0.           0.        ]
Current x array =  [-0.55223741 -0.5637161  -0.80882811  0.60990051 -1.95502525 -0.22314355
  0.33647224 -1.87013408 -1.45682123 -1.17663042 -1.82069628 -2.4464984
 -2.4214299  -0.9454444  -1.10240485 -0.72869611 -0.88683593 -1.51634208
 -2.1196182  -1.51247621 -1.90560172 -1.58545261 -2.24318561]
log likelihood =  -3308.7961377884785
Edge derivatives =  [0.14433122717551722, 7.68625046453413, 3.507181875071176, -1.3342271392589806, -4.793517329579534, -4.909240470918731, -3.1974612885676814, -3.198008270558417, -4.326668455726519, -4.740420107318589, 5.8740967353129925, 0.4669789633632851, 0.7073554203688284, 0.020973256181925137, 8.186839068786222, -1.243277261051187]
other derivatives: [18.91485226  6.24377208 10.1625119   4.6173227  -8.15907697  0.
  0.        ]
Current x array =  [-0.56121813 -0.58569434 -0.85933005  0.52735602 -1.9728459  -0.22314355
  0.33647224 -1.85005437 -1.35939817 -1.08640609 -1.81810434 -2.49094307
 -2.46263349 -0.93593762 -1.10178419 -0.72495415 -0.90452631 -1.42602467
 -2.10826011 -1.48209375 -1.89223973 -1.48753944 -2.24931567]
log likelihood =  -3305.377694734083
Edge derivatives =  [-1.0112621199922507, 4.7887250638134, -1.7077687282401595, -1.6309463378391036, -4.088312125713482, -4.793696606370989, -2.9329147196537955, -3.0976391222391637, -3.2723705945171413, -2.495573928307923, 1.7875462147584087, 0.02664161169727358, -0.5914657611571577, -0.5413895469588554, 5.626774553725665, -1.5426961936506085]
other derivatives: [ 1.01563273  5.43741407  7.04603735 13.5530172  -6.32853698  0.
  0.        ]
Current x array =  [-0.54779053 -0.58767638 -0.84274499  0.44517537 -2.02935399 -0.22314355
  0.33647224 -1.82242142 -1.20406843 -0.95754238 -1.81673676 -2.56529919
 -2.53370919 -0.92817364 -1.10541219 -0.72659535 -0.93392284 -1.28851208
 -2.09111642 -1.43818318 -1.87292261 -1.33078342 -2.26161117]
log likelihood =  -3303.028518144503
Edge derivatives =  [-1.5537356438702956, 2.00225485439067, -4.014172477447139, -1.2964962342428166, -3.238395711738156, -4.352457071677545, -0.590341979796185, -0.9158244695128687, 0.23674957795342033, 0.9413931560926848, -1.6469540033341978, -0.29680765453568225, -1.0582720430696488, -0.7012828031335965, 3.3013834298291287, -1.6494429656648681]
other derivatives: [ 2.58951331  3.36362973  5.13841769  9.28712325 -0.20668267  0.
  0.        ]
Current x array =  [-0.54846813 -0.58440897 -0.83653065  0.4674794  -2.06678667 -0.22314355
  0.33647224 -1.81478231 -1.06513794 -0.89322865 -1.83265056 -2.64842811
 -2.62069622 -0.95765745 -1.14466242 -0.76625602 -0.98698627 -1.18697778
 -2.08053684 -1.42051306 -1.86713703 -1.18313171 -2.28302745]
log likelihood =  -3301.7681107793937
Edge derivatives =  [-1.853934900674784, -1.1263900342714819, -3.8288584212035763, -1.0505895356508377, -2.4663025947866206, -3.6179916960696192, -0.3668237782392432, -0.01584895863661373, 0.04160936917860969, 0.9563302064905096, -4.605021489701199, -0.4531971879248269, -1.6988199871706993, -0.815021199314778, 0.7755495429178529, -1.622681910137227]
other derivatives: [-33.7146048   -6.89665285   4.56725502  -0.72955118  -4.55979716
   0.           0.        ]
Current x array =  [-0.52660444 -0.57105341 -0.83284292  0.55588075 -2.03195976 -0.22314355
  0.33647224 -1.83153591 -0.9339265  -0.90060214 -1.8601236  -2.7619434
 -2.75670784 -0.96536148 -1.16901124 -0.76182151 -0.98961748 -1.14452573
 -2.07737961 -1.41829495 -1.87132291 -1.01987606 -2.32620347]
log likelihood =  -3301.094694256374
Edge derivatives =  [-1.457592076213113, -1.1819593825567634, -1.9615207792623053, -0.5079441083261796, -2.1752019598680645, -3.3177852744659475, 0.8875163269571785, 1.2943406530477883, 1.4515167625329441, 1.9585038423549386, -4.058828956152558, -0.4204334634130351, -0.8822283271961491, -0.4907276594157406, 0.786451993429309, -1.4542935487011472]
other derivatives: [-6.18160811 -1.49038897  1.74377419 -4.625781   -0.78534867  0.
  0.        ]
Current x array =  [-0.54430317 -0.57582071 -0.82990015  0.58319882 -2.03356565 -0.22314355
  0.33647224 -1.84528185 -0.92302609 -0.93079375 -1.87370719 -2.78724402
 -2.7899302  -0.98386728 -1.18806667 -0.77883344 -1.00254848 -1.16035999
 -2.0804535  -1.43205174 -1.87925117 -0.99778411 -2.33918869]
log likelihood =  -3300.827402513355
Edge derivatives =  [-1.2102578275301434, -1.0870640127486533, -0.7325444646230359, -0.288622515570065, -2.0578293048795504, -3.1161777811465554, 0.8279901992826125, 1.422453104683958, 1.070291659513864, 1.5503569382997702, -3.5393489678629235, -0.37253068735493083, -0.48434620335743306, -0.32306185099326756, 0.8853440680266186, -1.3285861813307391]
other derivatives: [ 2.4381734   0.66384018 -0.47543836 -5.5876626  -1.18734533  0.
  0.        ]
Current x array =  [-0.55036305 -0.5781492  -0.82590376  0.59293399 -2.02327898 -0.22314355
  0.33647224 -1.85642565 -0.9229322  -0.95618244 -1.88086946 -2.8044959
 -2.81498864 -0.98322156 -1.18829108 -0.77237658 -0.99331316 -1.18297307
 -2.08348487 -1.44042969 -1.88435984 -0.98651242 -2.34971656]
log likelihood =  -3300.3668643572064
Edge derivatives =  [-0.7325128268366121, -1.1800991692480047, 1.4098549430283418, 0.14862010276381865, -1.7710172429793198, -2.6536946230751135, 0.5823166181273027, 1.5660294971677151, 0.11944222094161372, 0.694961520329907, -2.7289231050924294, -0.24739173960392624, 0.18607877968531694, 0.025627059130977403, 0.8085678212697284, -1.0596893092434534]
other derivatives: [10.79129106  2.55904524 -1.7851562  -5.32945705 -2.14931788  0.
  0.        ]
Current x array =  [-0.55622297 -0.58030941 -0.82488726  0.59415457 -2.01042404 -0.22314355
  0.33647224 -1.88111191 -0.91201068 -1.00333328 -1.89726802 -2.85267707
 -2.88226748 -0.98037399 -1.18720852 -0.75727076 -0.97377192 -1.22887003
 -2.08949592 -1.45646057 -1.89471853 -0.94717901 -2.37656354]
log likelihood =  -3299.8314211165534
Edge derivatives =  [-0.18899997224726783, -1.6018117887698704, 3.2345920416426526, 0.6146532767466356, -1.3618855077724712, -2.055056729391477, 0.1456733859866733, 1.4184251869827686, -0.9673407405366117, -0.29948616398848693, -1.9931970657268505, -0.07615005454866658, 0.7680110021093531, 0.4157368465946232, 0.30923231364389386, -0.7079413031292912]
other derivatives: [12.39886842  2.87427611 -2.04017852 -2.9183866  -1.88724698  0.
  0.        ]
Current x array =  [-0.55664317 -0.58093597 -0.82560394  0.57462844 -2.01594262 -0.22314355
  0.33647224 -1.91144165 -0.88504757 -1.04222993 -1.91613693 -2.92918033
 -2.98623248 -0.97197422 -1.17844128 -0.73655085 -0.94752734 -1.28256843
 -2.09571206 -1.46997425 -1.90461332 -0.87637752 -2.41605726]
log likelihood =  -3299.214160757687
Edge derivatives =  [0.6564883211510251, -0.7137756080142434, 3.435928593490238, 0.8839242483897768, -0.7017750673879106, -1.2145142577037658, 0.4665839789916253, 0.627516400737385, 0.6676140065716427, 0.11227062860150869, 0.12567481685689197, 0.29208901142986066, 1.2438362943284251, 0.7186714979317606, 0.3734290253822706, -0.02728818814149761]
other derivatives: [-0.09067662 11.93347998 -3.12347765 -1.91466825  2.52339305  0.
  0.        ]
Current x array =  [-0.54692637 -0.59049294 -0.82567919  0.55543192 -2.04408889 -0.22314355
  0.33647224 -1.95197617 -0.90254168 -1.03162495 -1.92608367 -3.04483361
 -3.1489607  -0.97389523 -1.15192357 -0.75077146 -0.93632699 -1.39723287
 -2.10414742 -1.47639088 -1.90774472 -0.80209363 -2.47612477]
log likelihood =  -3299.29409989545
Edge derivatives =  [0.7758312867528253, -1.7269085341050885, 0.5316749416247366, 0.6348408435294118, -0.22419519003674312, -0.5933200856396887, -0.6282798201005305, -1.4377874905818113, 0.5418068583246662, -0.7660567716112093, 0.4650443266847774, 0.344361176820994, 0.13020324432380548, 0.3597148664103498, -2.028120951837146, 0.46737662870294927]
other derivatives: [  9.03164619 -22.91048986  -0.05929905   3.37440724   0.84401108
   0.           0.        ]
Current x array =  [-0.55162381 -0.55265027 -0.83046017  0.52138883 -2.05633425 -0.22314355
  0.33647224 -1.98366814 -0.86860433 -0.96609788 -1.93125334 -3.20037812
 -3.35802046 -0.96028778 -1.11373761 -0.7479473  -0.91810994 -1.474914
 -2.10603938 -1.46058801 -1.90045623 -0.66245472 -2.54672799]
log likelihood =  -3298.9416713135784
Edge derivatives =  [0.7225025935742556, -1.177875965984705, 2.1190044563685877, 0.7721811240619887, -0.46101030048370006, -0.8982100948764014, -0.034673472642510805, -0.3235867397557539, 0.619425980298991, -0.28688477230582227, 0.2914389338506339, 0.32237912897591214, 0.7319722713495045, 0.5560410655141431, -0.6583517292448717, 0.2112306727101605]
other derivatives: [ 4.31737135 -3.7116024  -1.73022272  0.57184479  1.80184543  0.
  0.        ]
Current x array =  [-0.54913437 -0.57270521 -0.82792646  0.53943015 -2.04984475 -0.22314355
  0.33647224 -1.9668728  -0.88658962 -1.00082432 -1.92851364 -3.11794643
 -3.24722807 -0.96749913 -1.13397448 -0.74944398 -0.92776417 -1.43374645
 -2.10503673 -1.46896283 -1.9043188  -0.73645715 -2.50931142]
log likelihood =  -3298.8517001846594
Edge derivatives =  [0.6358275375148175, -1.0015313007994358, 0.8046566996705584, 0.5373187805768421, -0.4190122837578555, -0.8631679252253828, -0.1694329893528792, -0.7909221073528367, 0.8991475080349607, -0.1139254166283977, 0.3836582188866672, 0.32863754705760895, 0.37495278519583874, 0.3662511171030073, -0.6938842778406704, 0.24828209163292428]
other derivatives: [-1.10599103 -1.19193828 -0.49008122  0.63496373  1.22090569  0.
  0.        ]
Current x array =  [-0.54577283 -0.57576353 -0.83001923  0.53885244 -2.04907278 -0.22314355
  0.33647224 -1.96450302 -0.89603613 -0.97145145 -1.92176751 -3.1296427
 -3.26423607 -0.96635484 -1.12631467 -0.75396077 -0.93049232 -1.44119337
 -2.10353444 -1.46059895 -1.89871966 -0.73262511 -2.513201  ]
log likelihood =  -3298.814579203151
Edge derivatives =  [0.543966263817875, -0.7531544662493856, -0.16631045493952645, 0.3369588816696466, -0.42057105307663534, -0.8594444966159193, -0.2669593252602912, -1.0599542677991298, 0.8942686094773373, -0.05704949143666557, 0.4722126219352422, 0.3156330884337863, 0.0709991010509683, 0.19132792360307405, -0.5778610221545661, 0.260327677595819]
other derivatives: [-2.65076778 -0.22719178  0.49067239  0.4114554   0.35915946  0.
  0.        ]
Current x array =  [-0.54507419 -0.57703366 -0.83177019  0.54200363 -2.04405433 -0.22314355
  0.33647224 -1.9604789  -0.90913233 -0.95118836 -1.91513689 -3.13306077
 -3.27095372 -0.96619268 -1.12324586 -0.75516966 -0.93272188 -1.44529378
 -2.10180037 -1.45438906 -1.89409017 -0.73838337 -2.51297182]
log likelihood =  -3298.777138181833
Edge derivatives =  [0.49477634225556955, -0.54764097012699, -0.5817598620650541, 0.24214520637268794, -0.39559042301970626, -0.8222138607370271, -0.20171361064043658, -0.9470569398776283, 0.5506495883817806, -0.03827809583678696, 0.5478417836847609, 0.2961061862669938, -0.10378652353534079, 0.07311175038057804, -0.5722704497633301, 0.2856097216902471]
other derivatives: [-1.81698852  0.42396096  0.40213308  0.12323653 -0.33833203  0.
  0.        ]
Current x array =  [-0.54585971 -0.57788444 -0.8312236   0.54580038 -2.03889944 -0.22314355
  0.33647224 -1.9569931  -0.91920059 -0.94197141 -1.9104771  -3.14469548
 -3.2897443  -0.96765461 -1.12755793 -0.75002155 -0.93334194 -1.44870803
 -2.09923141 -1.4510198  -1.890795   -0.73879752 -2.51456775]
log likelihood =  -3298.7099604468567
Edge derivatives =  [0.42951415825203865, 0.2431695261567639, -0.8776745011483866, 0.10441131881086724, -0.32211870426089373, -0.7115280938449041, 0.2841312039769087, -0.1828479602150222, -0.1434108562728449, 0.21255078108530057, 0.9254235992314963, 0.27302896689632383, -0.34664170870041144, -0.11647500585176074, -0.234470388273881, 0.3616315598581033]
other derivatives: [ 0.37603058 -0.2838533   0.73114279 -0.6006303  -0.27876013  0.
  0.        ]
Current x array =  [-0.54736232 -0.57669664 -0.83232552  0.55217119 -2.0353011  -0.22314355
  0.33647224 -1.9457655  -0.95440113 -0.9331236  -1.89820995 -3.17436673
 -3.34126388 -0.97512208 -1.14749517 -0.73889541 -0.93722942 -1.45770038
 -2.09116191 -1.44803165 -1.88430751 -0.75246271 -2.51525157]
log likelihood =  -3298.6633495443475
Edge derivatives =  [0.2832253313004684, 0.32441823186513963, -0.7875669662292027, 0.021813978181195126, -0.23163566291818302, -0.6181517576936584, 0.2915703132146116, 0.3567856664170235, -0.8962744000869605, 0.09680325992446415, 0.7972740971582801, 0.21741783152913727, -0.325739496068461, -0.19220378378665037, -0.5592962222980775, 0.3688914254658192]
other derivatives: [ 2.08856363  1.41453711 -1.04209903  0.38771759 -1.47301762  0.
  0.        ]
Current x array =  [-0.54861354 -0.57901419 -0.82749893  0.54633827 -2.02981848 -0.22314355
  0.33647224 -1.93435657 -0.95989897 -0.93408592 -1.89069235 -3.21296952
 -3.4027465  -0.97359459 -1.16242006 -0.7263419  -0.93371587 -1.44839014
 -2.08174252 -1.44811633 -1.88086385 -0.74417258 -2.5168873 ]
log likelihood =  -3298.616483380739
Edge derivatives =  [0.13931413319091873, 0.41736750869132466, -0.2965219530135962, -0.03489854930996028, -0.17012008618233126, -0.554281716382025, 0.25218245283782953, 0.8275929567736893, -1.2401819190564733, -0.041097498162138535, 0.6779694965981777, 0.179046141568322, -0.25818158381133616, -0.18911310240677537, -0.671785494681202, 0.3452116705253552]
other derivatives: [ 0.22610038  0.21482265 -0.77502591  0.17812454 -1.35773917  0.
  0.        ]
Current x array =  [-0.54724071 -0.5773817  -0.82817721  0.54746426 -2.03065982 -0.22314355
  0.33647224 -1.92275621 -0.96550545 -0.94417609 -1.88444635 -3.24247734
 -3.45276786 -0.97159162 -1.17504192 -0.7202815  -0.93034789 -1.43567353
 -2.07262233 -1.45151036 -1.87968326 -0.74613488 -2.51423504]
log likelihood =  -3298.620940362216
Edge derivatives =  [-0.2674634408305505, 0.6027399425881907, 0.7374219821971714, -0.18059454486438772, 0.08029246191826567, -0.3567073113385224, 0.051964419301255727, 1.7359943170615666, -0.5860428647893081, -0.004452085601134276, 0.4265541543914709, 0.06216946630563919, 0.2266511611602764, -0.07333844046654203, -0.9130689370951046, 0.2972177548354444]
other derivatives: [12.81123332  2.39233486  0.24292603  0.45911293  2.93953235  0.
  0.        ]
Current x array =  [-0.55481746 -0.57981968 -0.83144162  0.53711131 -2.05820738 -0.22314355
  0.33647224 -1.88779016 -0.9730816  -0.95935618 -1.86480887 -3.33958555
 -3.61573184 -0.96074111 -1.1954288  -0.72190536 -0.92238878 -1.39343005
 -2.04381873 -1.46041184 -1.87606626 -0.74727315 -2.50695886]
log likelihood =  -3298.5742586083843
Edge derivatives =  [-0.05643292487223123, 0.5083010236063905, 0.2113971284729076, -0.10632384329826636, -0.042880853995902114, -0.4518798894666536, 0.15377941809464174, 1.2729466857500151, -0.9208804051978761, -0.020548046721720697, 0.5655822667340118, 0.12448987504470177, -0.022005574265550054, -0.1329453109044525, -0.7903834859139377, 0.32454310374941664]
other derivatives: [ 6.38256097  1.28038664 -0.28376235  0.31309355  0.74023774  0.
  0.        ]
Current x array =  [-0.55092106 -0.57856593 -0.82976287  0.54243539 -2.04404085 -0.22314355
  0.33647224 -1.9057717  -0.96918551 -0.95154971 -1.87490759 -3.28964694
 -3.53192643 -0.96632106 -1.1849447  -0.72107028 -0.92648181 -1.41515406
 -2.05863119 -1.45583419 -1.87792632 -0.74668779 -2.51070069]
log likelihood =  -3298.5304909352626
Edge derivatives =  [-0.34512808797201866, 0.395111611346904, 0.40367820281283373, -0.269915479867161, -0.005729211173797676, -0.4358433803186814, -0.15977926325931385, 1.3485400074819567, -0.7438395724402711, -0.19308907030282269, 0.16576991822434856, 0.06335265587251998, 0.018858252944055964, -0.13854621845824022, -0.9222432521674504, 0.21532096600668577]
other derivatives: [ 0.11896191 -0.57971192  0.04602043  0.07466952  0.9433279   0.
  0.        ]
Current x array =  [-0.54656415 -0.57617468 -0.8300318   0.54272824 -2.0479604  -0.22314355
  0.33647224 -1.88872804 -0.96780578 -0.95670137 -1.86662515 -3.31425804
 -3.57722281 -0.95991208 -1.18957012 -0.72319268 -0.92333494 -1.38604954
 -2.04673233 -1.45828173 -1.8765098  -0.75557    -2.50116781]
log likelihood =  -3298.513685177487
Edge derivatives =  [-0.45985320704168875, 0.32793075157921336, 0.2105625301425046, -0.36921919897269173, 0.00973726966831965, -0.4341411440512548, -0.36184026421583954, 1.1106544938759244, -0.3743764770635116, -0.21819561110830385, 0.03191312030947124, 0.044425376370589686, 0.02063294524247361, -0.1515577582659673, -0.9271524509200268, 0.17373823525815124]
other derivatives: [-1.55587259 -0.39553925  0.23746907  0.05434231  1.05574145  0.
  0.        ]
Current x array =  [-0.54545291 -0.57640277 -0.83022346  0.54214483 -2.04985012 -0.22314355
  0.33647224 -1.88314176 -0.96632045 -0.9530173  -1.86346339 -3.32133133
 -3.59146236 -0.95664544 -1.18478185 -0.72870873 -0.92284787 -1.37526198
 -2.04257343 -1.4580082  -1.87579106 -0.76081027 -2.49706736]
log likelihood =  -3298.4876864992957
Edge derivatives =  [-0.636304668626364, 0.2483236628799088, -0.14673292051518494, -0.5306572069611759, 0.02707562186410277, -0.4333509311110119, -0.6345954203144255, 0.6312173993248228, 0.19189905327795298, -0.23883361318076393, -0.14332675880919682, 0.006353946379021869, 0.01995026534347577, -0.1841622681219206, -0.8368780937679383, 0.10458434074277527]
other derivatives: [-1.80980351 -0.15529622  0.36948222  0.01477929  0.80253812  0.
  0.        ]
Current x array =  [-0.54542789 -0.57678722 -0.83023755  0.54254884 -2.04876729 -0.22314355
  0.33647224 -1.87511914 -0.96572666 -0.94683587 -1.8590725  -3.33093529
 -3.61395388 -0.95343048 -1.174709   -0.73818418 -0.9233148  -1.35808232
 -2.03559242 -1.45744731 -1.87494764 -0.77552247 -2.4889616 ]
log likelihood =  -3298.443292255336
Edge derivatives =  [-0.702818578356075, 0.27075161337469744, 0.35407010449386644, -0.5144355568565201, 0.08708593498431605, -0.38078640512265244, -0.3049381307345929, 0.2559210119933233, 0.44868663266237396, -0.031192186827978835, -0.1948893078560222, -0.041490936069037046, 0.28036403111517605, -0.0812543941704802, -0.3736376993750422, 0.009182696311608438]
other derivatives: [-3.24521352  4.0384748  -0.52978066 -0.35652192  0.33592187  0.
  0.        ]
Current x array =  [-0.54480282 -0.58138438 -0.82885253  0.54563762 -2.04172793 -0.22314355
  0.33647224 -1.87000198 -0.96699354 -0.95915187 -1.8610647  -3.35964465
 -3.68222346 -0.96219525 -1.16333114 -0.74287156 -0.92689823 -1.33088509
 -2.02063948 -1.46194152 -1.8785817  -0.81774493 -2.47307233]
log likelihood =  -3298.4242198442535
Edge derivatives =  [-0.814341118731942, 0.13210802732767424, 0.4449731037029707, -0.5421291335611296, 0.10900665196541177, -0.33780737408124556, -0.14079179083067822, -0.40085702554041047, 0.40540529048552054, -0.07687149675771063, -0.3702888813343561, -0.13869770117409624, 0.2837191055941639, -0.07347876186011826, -0.05409165445333736, -0.1057865171718886]
other derivatives: [ 2.29388206 -3.09482857 -0.84787644  0.27139322 -1.10912879  0.
  0.        ]
Current x array =  [-0.54862918 -0.57329603 -0.82845068  0.54508745 -2.03067193 -0.22314355
  0.33647224 -1.86691623 -0.96563636 -0.96561554 -1.86427268 -3.38926278
 -3.7537376  -0.97059404 -1.14844857 -0.74623263 -0.93011674 -1.30276225
 -2.00543221 -1.46405484 -1.88186086 -0.85964874 -2.4571405 ]
log likelihood =  -3298.4037438136925
Edge derivatives =  [-0.6498689187422078, 0.2877716584186121, 0.4375208748252746, -0.44788231602622103, 0.11427267931091516, -0.32863975494562886, 0.0955059024217928, -0.13099837644710255, 0.21244027285724254, 0.07895496599423821, -0.08595116843969985, -0.08720057048476894, 0.2585554661116629, -0.0636077971353417, -0.004193095984379669, -0.026528979160982923]
other derivatives: [ 1.19975994  0.17084858 -0.42787178  0.08917596 -0.49499249  0.
  0.        ]
Current x array =  [-0.54785096 -0.57691222 -0.82974345  0.54503902 -2.03381723 -0.22314355
  0.33647224 -1.87406393 -0.96921378 -0.96321043 -1.86686378 -3.38370194
 -3.73996056 -0.97335421 -1.15302386 -0.74179848 -0.93096787 -1.3197475
 -2.01087961 -1.46269947 -1.88160228 -0.84953647 -2.46433076]
log likelihood =  -3298.395422264196
Edge derivatives =  [-0.5533455811094603, 0.3271432617833441, 0.4015282493235517, -0.38265212810758226, 0.12922049504524896, -0.30845438742745396, 0.25404553223128884, -0.07590791645096517, 0.08449315689000247, 0.1612404557862893, 0.03954450967192602, -0.0715197225377098, 0.23023405804817743, -0.053087090398878045, 0.04270175376536556, 0.004159141121119342]
other derivatives: [ 0.83873601  0.84828571 -0.19981599  0.25984264 -0.23078428  0.
  0.        ]
Current x array =  [-0.54753515 -0.5776659  -0.83043214  0.54312852 -2.03564155 -0.22314355
  0.33647224 -1.87889597 -0.96945594 -0.96141642 -1.8697239  -3.3891757
 -3.75054173 -0.97584325 -1.15329071 -0.73920484 -0.93151144 -1.32487662
 -2.01113616 -1.46172455 -1.88202764 -0.84839063 -2.46669648]
log likelihood =  -3298.378818794932
Edge derivatives =  [-0.3745106661500734, 0.32765456372412394, 0.21904285960769077, -0.25923447174349035, 0.17267890009063094, -0.25362567462658375, 0.48396139022310614, -0.07796071031694796, -0.11777272600314737, 0.2565335543475098, 0.19082455457282288, -0.06699008463364363, 0.1310703304668155, -0.04116919141660835, 0.13824447108673776, 0.033444246235762656]
other derivatives: [0.01246008 0.96933945 0.08030838 0.52550604 0.2181423  0.
 0.        ]
Current x array =  [-0.54682604 -0.57777667 -0.8311533   0.54011489 -2.03925042 -0.22314355
  0.33647224 -1.88874514 -0.96725175 -0.9554161  -1.87667527 -3.4116478
 -3.79785004 -0.97937743 -1.15168709 -0.73479759 -0.93160914 -1.32631308
 -2.00732514 -1.45880567 -1.88319684 -0.85225621 -2.46821284]
log likelihood =  -3298.3614544616403
Edge derivatives =  [-0.16979738580470954, 0.23710883830574847, 0.02126596045987783, -0.1094815329404252, 0.21567717797850325, -0.1934364332497901, 0.472408840574631, 0.04421524353118855, -0.41983194197041707, 0.13930250958399304, 0.20082793875920668, -0.08936613326522946, -0.030013056377117042, -0.04451313226843312, 0.16602694958292968, 0.03057193664022767]
other derivatives: [-0.18694664  1.02572812  0.54219527  0.10081749  0.35247467  0.
  0.        ]
Current x array =  [-0.54669639 -0.57785853 -0.83198876  0.54331914 -2.0400289  -0.22314355
  0.33647224 -1.90120257 -0.96167672 -0.94892687 -1.88634376 -3.44128443
 -3.86630418 -0.97795038 -1.1539469  -0.7288785  -0.92851928 -1.32033048
 -2.00116578 -1.45472282 -1.88481885 -0.85765102 -2.46769864]
log likelihood =  -3298.3661099045166
Edge derivatives =  [0.1308923813774599, 0.13625126724363268, -0.13783497823515212, 0.08982848990186654, 0.2957789144410187, -0.10918300044461579, 0.19353477258247825, 0.015302903750590735, 0.16310095117295642, 0.09511458374030562, 0.23175511691636075, -0.08213025835793336, 0.006270427486825492, 0.010550251383804055, 0.18662605642951485, 0.035352004810184426]
other derivatives: [-1.66501195 -0.60508683 -3.16235855  0.48139555  0.70599526  0.
  0.        ]
Current x array =  [-0.54538009 -0.57583414 -0.82266893  0.53946746 -2.04340063 -0.22314355
  0.33647224 -1.9181226  -0.95404267 -0.94059117 -1.898665   -3.48003865
 -3.96745181 -0.96915747 -1.1534586  -0.73524372 -0.92535528 -1.31052523
 -1.99412833 -1.45209347 -1.88781083 -0.86415892 -2.46655679]
log likelihood =  -3298.3548927112424
Edge derivatives =  [-0.03852110027166694, 0.19389900594249165, -0.046361097972841936, -0.02262880594651423, 0.2511752853372627, -0.15527436000796835, 0.35227007045927666, 0.031914517414003196, -0.16648317754585484, 0.1211690038126538, 0.2158625177667769, -0.08576032553304982, -0.01407464115540158, -0.020498496562828095, 0.17513060050236973, 0.03315283371058897]
other derivatives: [-0.82663973  0.32250682 -1.05369509  0.2654815   0.50708877  0.
  0.        ]
Current x array =  [-0.54612674 -0.57698245 -0.82795548  0.54165227 -2.04148806 -0.22314355
  0.33647224 -1.90852493 -0.95837298 -0.94531948 -1.89167594 -3.45805583
 -3.91007714 -0.97414513 -1.15373558 -0.73163313 -0.92715002 -1.31608713
 -1.99812023 -1.45358493 -1.88611367 -0.8604674  -2.46720449]
log likelihood =  -3298.3481714751742
Edge derivatives =  [0.008220434047341463, 0.06454869489498716, -0.16406393321480184, 0.01066581834795649, 0.2657156653816701, -0.13308777737336877, 0.07468305417935034, -0.015913588137910106, -0.10977653367596929, -0.04929619633935603, 0.06952347144510795, -0.10932531436666461, -0.08053679451818607, -0.02226906938613782, 0.14205711087947742, -0.006922554181901547]
other derivatives: [-0.20136213 -0.2320121  -0.04592948  0.07457857  0.12837518  0.
  0.        ]
Current x array =  [-0.54666763 -0.57643767 -0.83018238  0.54400031 -2.03903558 -0.22314355
  0.33647224 -1.91323111 -0.95379808 -0.94337627 -1.8961446  -3.47246511
 -3.95102897 -0.96955534 -1.15353749 -0.73316561 -0.92497429 -1.30588712
 -1.99392871 -1.45245193 -1.88736604 -0.86667956 -2.46391644]
log likelihood =  -3298.3466066563788
Edge derivatives =  [0.013902637517269945, 0.03262103195737409, -0.11368230202335716, 0.017297988060952507, 0.26462770146244774, -0.13185675113492604, -0.03833802166594347, 0.00981729189328151, -0.032986698085721855, -0.0835013070501662, 0.023775774061742472, -0.10395599311236599, -0.055210177414492856, -0.01490806904504649, 0.09861438283416041, -0.012479462802994556]
other derivatives: [ 0.45820343 -0.179989   -0.05557013 -0.00345608  0.01919034  0.
  0.        ]
Current x array =  [-0.54715127 -0.57651574 -0.83015638  0.54490984 -2.03800734 -0.22314355
  0.33647224 -1.91388002 -0.95259245 -0.94457059 -1.89662972 -3.47067151
 -3.95357352 -0.96742941 -1.15444562 -0.73453375 -0.92462305 -1.30452896
 -1.99473719 -1.45297778 -1.88768254 -0.86522538 -2.46380203]
log likelihood =  -3298.3456310435354
Edge derivatives =  [0.004033076857643092, -0.017480174625635003, 0.012648003184907552, 0.01247688043096995, 0.25486068674582324, -0.13529561680045996, -0.22245238685337854, 0.045987409190343054, 0.07750554339290927, -0.13125269148433802, -0.06641222972753719, -0.08382754659290625, -0.012032882331747041, -0.0018180619253767016, 0.008825486971508867, -0.02258487445029997]
other derivatives: [-0.72150215 -0.41732164  0.05416041 -0.15311343 -0.32096068  0.
  0.        ]
Current x array =  [-0.54644634 -0.57618148 -0.83041228  0.54663186 -2.03561715 -0.22314355
  0.33647224 -1.91402935 -0.95108259 -0.94808699 -1.89666347 -3.46323866
 -3.95061765 -0.96430669 -1.1561785  -0.73695123 -0.9245275  -1.30327954
 -1.9973073  -1.45447894 -1.88816998 -0.86170676 -2.46387608]
log likelihood =  -3298.3444159534074
Edge derivatives =  [0.030504052879373245, -0.011532959681822552, 0.06666386853459028, 0.03458283635857606, 0.25659470565148085, -0.13142471101041342, -0.21009191755538575, 0.08953959813547607, 0.11494396615273095, -0.08664375646851366, -0.03714464627044867, -0.0688671451870053, 0.02439476364935378, 0.010929852271266416, -0.010247974543621419, -0.009590684371264285]
other derivatives: [ 0.48330548  0.0178261  -0.10413714 -0.08949428 -0.18299033  0.
  0.        ]
Current x array =  [-0.54723012 -0.5767014  -0.83013859  0.54599714 -2.03617437 -0.22314355
  0.33647224 -1.91522153 -0.9507178  -0.94878523 -1.8971158  -3.46053047
 -3.95041772 -0.96419264 -1.15678007 -0.73726253 -0.92499238 -1.3053243
 -1.99900931 -1.45489349 -1.888366   -0.85869855 -2.46514516]
log likelihood =  -3298.343589175589
Edge derivatives =  [0.05288980701959117, -0.004804962746771446, 0.09139612990066182, 0.0516727820365433, 0.25834898357695996, -0.12688850227480414, -0.16476549914672584, 0.1016471761908323, 0.1108076208169857, -0.040541961297398815, -0.00750495148256991, -0.05652537956493418, 0.03787641305963607, 0.019901977684092742, -0.011835913555706734, 1.410069159335503e-05]
other derivatives: [ 0.54269549  0.18389983 -0.09040377 -0.01136868 -0.09977157  0.
  0.        ]
Current x array =  [-0.54724549 -0.57687915 -0.83025537  0.54523276 -2.03667895 -0.22314355
  0.33647224 -1.91636074 -0.95057605 -0.94911483 -1.89766564 -3.45944602
 -3.95249054 -0.96494159 -1.15672036 -0.7370826  -0.92559103 -1.30693212
 -2.00001111 -1.45509152 -1.88857099 -0.85732674 -2.46601348]
log likelihood =  -3298.3411564502603
Edge derivatives =  [0.11299936287622747, -0.008808186445023347, 0.18342664728539482, 0.09764346740311558, 0.25560495957655205, -0.11229059486588497, -0.06090366649872325, 0.12673591674795093, 0.10097104146610114, 0.07294199660436135, 0.04507372075804161, -0.010621514255991782, 0.07380295823878402, 0.04607815996780651, -0.04480083020281994, 0.023064470570949513]
other derivatives: [0.52741598 0.0307864  0.03501555 0.08449206 0.08508323 0.
 0.        ]
Current x array =  [-0.54717869 -0.57663973 -0.83078113  0.54424827 -2.03766674 -0.22314355
  0.33647224 -1.91980939 -0.94940338 -0.9507716  -1.8992518  -3.45197078
 -3.96124003 -0.96678998 -1.15652397 -0.7368314  -0.92737282 -1.31077848
 -2.00423695 -1.45596136 -1.88931374 -0.85242476 -2.46844108]
log likelihood =  -3298.3526382558966
Edge derivatives =  [0.22414985636133355, -0.07392667867187463, 0.15409403464387839, 0.16804493857235964, 0.25881912616542796, -0.06764316271256046, 0.16175587350335047, 0.019448502911331156, 0.09836828477218695, 0.2650996496315816, 0.05205275791957842, 0.07901474785912302, 0.1533264927369593, 0.09777715718669522, -0.0820897325234895, 0.03254035191101094]
other derivatives: [-2.52903192  5.07488949 -0.06252776 -0.04306457  0.27462193  0.
  0.        ]
Current x array =  [-0.5453     -0.58252784 -0.83059412  0.54393739 -2.03901509 -0.22314355
  0.33647224 -1.9265557  -0.94379858 -0.94878265 -1.90296073 -3.44086048
 -4.01499221 -0.97056632 -1.15180117 -0.73543012 -0.92926926 -1.30871326
 -2.00983716 -1.45570496 -1.89074143 -0.84945096 -2.46978546]
log likelihood =  -3298.3400839815167
Edge derivatives =  [0.1382552038914892, -0.02333232072264635, 0.1771082974559436, 0.11361661534695389, 0.25637190754710676, -0.10186184965403657, -0.010414419031938515, 0.10276183832084218, 0.1006559543299983, 0.11660167931732146, 0.04698510846580173, 0.009720621138119695, 0.09188524522608255, 0.05782612740789095, -0.053157491742567176, 0.025303804301297486]
other derivatives: [-0.15934347  1.17865966  0.01255103  0.05566108  0.1281478   0.
  0.        ]
Current x array =  [-0.54675486 -0.57796807 -0.83073894  0.54417814 -2.03797092 -0.22314355
  0.33647224 -1.92133134 -0.94813895 -0.9503229  -1.90008853 -3.44946432
 -3.97336641 -0.96764191 -1.15545852 -0.73651528 -0.92780065 -1.31031257
 -2.00550035 -1.45590352 -1.88963582 -0.85175388 -2.46874437]
log likelihood =  -3298.337486921805
Edge derivatives =  [0.16310022027037124, -0.04897176643615064, 0.21842587963817617, 0.13041543558691954, 0.24569940884706176, -0.08982671480845465, 0.06311266193039211, 0.0626275292936943, 0.09401074679275645, 0.1809104939334729, 0.050489082405909214, 0.0501684616313928, 0.11219500007368777, 0.07288855462749333, -0.09004711820399436, 0.033649194616769074]
other derivatives: [-0.39726729  0.75096978  0.14015313  0.07225935  0.18098945  0.
  0.        ]
Current x array =  [-0.54658045 -0.57744144 -0.83115321  0.54405096 -2.03827909 -0.22314355
  0.33647224 -1.92320679 -0.94663347 -0.95131921 -1.90074178 -3.43973161
 -3.98446392 -0.96928069 -1.15409152 -0.73655927 -0.92914347 -1.31145987
 -2.00940395 -1.45657345 -1.89016212 -0.84862818 -2.46992084]
log likelihood =  -3298.3321128926004
Edge derivatives =  [0.16118505595094285, -0.11739706259360538, 0.20828035110873688, 0.12053049166066254, 0.2096107154229149, -0.06927756144305262, 0.18813525569361433, -0.0931895465577739, 0.04372406383434857, 0.22602757907666293, 0.006772647794213049, 0.12050737677418305, 0.128733172435187, 0.08051489969804293, -0.15908846369945912, 0.033415267132519064]
other derivatives: [-0.51450115  0.06089067  0.16048034  0.03715286  0.10609256  0.
  0.        ]
Current x array =  [-0.54653867 -0.57668786 -0.83120365  0.54465764 -2.03797671 -0.22314355
  0.33647224 -1.92431435 -0.94350932 -0.9516394  -1.90032387 -3.41572986
 -4.0096653  -0.97241725 -1.14997692 -0.73621469 -0.93077425 -1.31060491
 -2.01677611 -1.45718018 -1.89061366 -0.84468433 -2.47076695]
log likelihood =  -3298.3269337511683
Edge derivatives =  [0.1187664889500678, -0.18511941978498725, 0.10311101896003294, 0.07577897593376298, 0.16206016104730075, -0.051678984804394076, 0.22269334470832097, -0.25093547061794363, -0.007491862235558422, 0.1540888180318717, -0.07134689507505065, 0.1690332540418298, 0.09997482378176659, 0.06199184940533642, -0.19690375213439792, 0.01646249383425548]
other derivatives: [-0.39699444 -0.3693458   0.15397745 -0.05197762 -0.00459295  0.
  0.        ]
Current x array =  [-0.54667787 -0.57632612 -0.8309601   0.54564765 -2.03780699 -0.22314355
  0.33647224 -1.92300259 -0.94094413 -0.94989452 -1.89855377 -3.39032144
 -4.03976589 -0.97366196 -1.14640798 -0.73582909 -0.93053071 -1.306498
 -2.02210895 -1.45649617 -1.89034603 -0.84439158 -2.46990856]
log likelihood =  -3298.3208758930828
Edge derivatives =  [0.05062512802870778, -0.20918163130523548, -0.011896243973600229, 0.010603330360677121, 0.09576192964554069, -0.03482440617027477, 0.14780687759191213, -0.2970741724390554, -0.04566363187843425, 0.008752848144923026, -0.12899288534685371, 0.2003088807829125, 0.03696869464011443, 0.020632050751765663, -0.18452274613990344, -0.003711943685327568]
other derivatives: [-0.15115802 -0.46593414  0.12919372 -0.05493348 -0.11482371  0.
  0.        ]
Current x array =  [-0.54688587 -0.57639518 -0.83055898  0.54581186 -2.03785474 -0.22314355
  0.33647224 -1.91942209 -0.94056438 -0.94777439 -1.89541434 -3.35823855
 -4.07370399 -0.97227445 -1.14615573 -0.7358137  -0.92916751 -1.30200296
 -2.02577913 -1.45477932 -1.88936651 -0.84706258 -2.4683145 ]
log likelihood =  -3298.316741434201
Edge derivatives =  [0.013676274806028343, -0.10220665690442998, 0.0038556041964941112, -0.021667417305217596, 0.019389034509587073, -0.01055811110663013, 0.08050304452224172, -0.10395213301004169, 0.04301223720338054, 0.0031464654848425977, -0.05147231326266466, 0.1949037845162018, -0.003422838448058574, -0.01253415810598657, -0.05408675581974459, -0.005243195764284517]
other derivatives: [-0.67279871 -0.63241714 -1.08707354 -0.31227501  0.27644091  0.
  0.        ]
Current x array =  [-0.54642471 -0.5761477  -0.82739713  0.54693896 -2.04000819 -0.22314355
  0.33647224 -1.91500651 -0.94478458 -0.94654551 -1.89239721 -3.3191379
 -4.11750302 -0.96906539 -1.15156322 -0.73705239 -0.92961069 -1.29982827
 -2.02469901 -1.45281321 -1.88842958 -0.85397531 -2.4667585 ]
log likelihood =  -3298.3146100245776
Edge derivatives =  [-0.040310155155342586, -0.06382640271834883, -0.05534097641424662, -0.06386515068311466, -0.03201873025588086, -0.00231357120262176, -0.14781540555466594, 0.03632032969618848, 0.006671462299375985, -0.10285142369062106, -0.06317191800419675, 0.16298421000989216, -0.0766910919572028, -0.04540208130143086, 0.00978696001881646, -0.021616855349956263]
other derivatives: [ 0.73096089  0.22710083  0.64119376 -0.2100478   0.01841727  0.
  0.        ]
Current x array =  [-0.54747637 -0.57730066 -0.83153232  0.54656871 -2.03822562 -0.22314355
  0.33647224 -1.9118424  -0.94799195 -0.94649857 -1.89081448 -3.29930155
 -4.14256883 -0.96525505 -1.15621258 -0.73807515 -0.92920227 -1.29717776
 -2.02149798 -1.45165063 -1.88796354 -0.86023817 -2.46495054]
log likelihood =  -3298.3128761097514
Edge derivatives =  [-0.00782362899409983, -0.045893361921430786, -0.021435422419657013, -0.033589690923187976, 0.008367591436757423, -0.010298711841006461, -0.06515809796861127, 0.03070456799258492, 0.01225606207262997, -0.034975155347354986, -0.025861120462145726, 0.1447298501157851, -0.045339561630473035, -0.028061937772484224, 0.016674064405593048, -0.011402331936157167]
other derivatives: [ 0.13992576  0.08130883  0.05265974 -0.13701538  0.06994014  0.
  0.        ]
Current x array =  [-0.5470258  -0.57703876 -0.83020018  0.54586607 -2.03849765 -0.22314355
  0.33647224 -1.91330402 -0.94825736 -0.94673346 -1.89219926 -3.31723054
 -4.12517902 -0.96656077 -1.15561182 -0.73759183 -0.92957144 -1.29911339
 -2.01915672 -1.45220863 -1.88829616 -0.85968638 -2.46550712]
log likelihood =  -3298.312552009643
Edge derivatives =  [-0.0027908499738211745, -0.024799227613727437, -0.02075211136097721, -0.027764213267094218, 0.013976025412215244, -0.011630262642391549, -0.06176278714653455, 0.051471081865753665, 0.0029487496852547146, -0.01969567572982653, -0.008043411743888673, 0.12673701889882488, -0.04282801357058519, -0.025159883900654822, 0.03232655476081908, -0.00900193349337046]
other derivatives: [-0.25906957  0.02855813 -0.00236469 -0.03883542  0.00800355  0.
  0.        ]
Current x array =  [-0.54674453 -0.57695475 -0.83009013  0.545148   -2.03819308 -0.22314355
  0.33647224 -1.91333816 -0.94924861 -0.94677411 -1.89256777 -3.32045973
 -4.12362003 -0.96658987 -1.15621885 -0.73755565 -0.9297967  -1.29966031
 -2.01703583 -1.45230712 -1.88841779 -0.86065454 -2.46549488]
log likelihood =  -3298.3123422057192
Edge derivatives =  [0.018299187240658765, 0.005234358510514792, 0.003376035946317968, -0.007119322291265051, 0.01871694505425142, -0.009154657883629028, -0.02353365561419296, 0.08376243904172209, 0.0008269767098822989, 0.03269864730303351, 0.02975691309875228, 0.10868042138482512, -0.020091922253170136, -0.0133166036396144, 0.05191274447957023, -0.001151603658267858]
other derivatives: [ 0.09104042  0.11964403 -0.18367246  0.077398    0.02664819  0.
  0.        ]
Current x array =  [-0.54695032 -0.57704211 -0.82974866  0.54424164 -2.03811663 -0.22314355
  0.33647224 -1.91404854 -0.95028033 -0.94704439 -1.89340982 -3.32192656
 -4.12637337 -0.96713114 -1.15677147 -0.73751963 -0.93056271 -1.30075163
 -2.014859   -1.4526298  -1.88878944 -0.86121512 -2.46584164]
log likelihood =  -3298.3121405694264
Edge derivatives =  [0.016205119501480292, 0.012947651935045101, -0.005710005531023854, -0.008331290251845702, 0.01192515510613519, -0.007191508219876366, -0.022448685381989963, 0.08111721560815, -0.010825291483422816, 0.03255314524829675, 0.029149994082546593, 0.09845023765713343, -0.021009640348183645, -0.011314252809016212, 0.05517970578820547, -0.0020049042643663917]
other derivatives: [-0.13978934  0.04597496 -0.05566108  0.10513759 -0.02228262  0.
  0.        ]
Current x array =  [-0.54679942 -0.5769558  -0.8300652   0.54409064 -2.03786468 -0.22314355
  0.33647224 -1.91391663 -0.95075501 -0.94702567 -1.89352635 -3.31930605
 -4.13121178 -0.96727442 -1.15680469 -0.73756369 -0.9307608  -1.30058172
 -2.01370211 -1.45272795 -1.88893761 -0.86173579 -2.46577064]
log likelihood =  -3298.3118943370255
Edge derivatives =  [0.013624820879533928, 0.019051628508650387, -0.018540451679768255, -0.009010342269660465, 0.0016739954588186612, -0.003950095073694551, -0.006304715111788484, 0.05890181783425941, -0.02402195431830334, 0.03115848425796866, 0.023068564796195346, 0.08268381402601441, -0.01656970647303946, -0.005945408952419795, 0.0536072775598605, -0.003592977174428441]
other derivatives: [-0.12678356 -0.125101    0.08258212  0.09958967 -0.05429683  0.
  0.        ]
Current x array =  [-0.54681262 -0.57676377 -0.83041821  0.54422715 -2.0376373  -0.22314355
  0.33647224 -1.91379633 -0.95114446 -0.94694956 -1.89375526 -3.31524898
 -4.1388962  -0.9677813  -1.15627346 -0.73760586 -0.931013   -1.30012204
 -2.01205241 -1.45296321 -1.88921513 -0.86211523 -2.46569052]
log likelihood =  -3298.3117251574195
Edge derivatives =  [0.017767142646909984, 0.027328984676153967, -0.02056094658780383, -0.0033627059949928872, -0.007688077514153603, 0.0005701086435599412, 0.042771499774185984, 0.013718655578309424, -0.026790156584425073, 0.04774269675569223, 0.01669195959858394, 0.06147070917681133, 0.008849301850198499, 0.009324990191486249, 0.04540470036116717, -0.0039311783782084025]
other derivatives: [-0.30595402  0.19717845  0.14420038  0.03537934 -0.05502443  0.
  0.        ]
Current x array =  [-0.54671293 -0.57713043 -0.83061785  0.5446956  -2.03747445 -0.22314355
  0.33647224 -1.91396107 -0.95134107 -0.94699209 -1.8943308  -3.31079655
 -4.14871525 -0.96891214 -1.15489582 -0.73765562 -0.93141784 -1.29965561
 -2.00970317 -1.45348315 -1.88971305 -0.86193992 -2.46577702]
log likelihood =  -3298.3115689044807
Edge derivatives =  [0.016348094358204224, 0.028406632830206835, -0.018348129006799607, -0.0013864332342551355, -0.007270953999950466, 4.7343535026923844e-05, 0.05286334605803161, -0.01129826030264125, -0.022086566066689794, 0.03489791777286008, 0.010840105873470729, 0.04330595629745029, 0.014490397841965708, 0.013455806953838412, 0.038223830040188644, -0.004308951026626318]
other derivatives: [ 0.05620677 -0.14952093  0.10531949 -0.01373337 -0.02946763  0.
  0.        ]
Current x array =  [-0.54694369 -0.57672933 -0.83054094  0.54513471 -2.0375178  -0.22314355
  0.33647224 -1.91386998 -0.95142047 -0.94705987 -1.89459545 -3.31175264
 -4.14897222 -0.96919078 -1.15421776 -0.73773291 -0.93124141 -1.29948195
 -2.0080109  -1.45369817 -1.88986245 -0.86170658 -2.46579092]
log likelihood =  -3298.311508415249
Edge derivatives =  [0.01697822580159508, 0.028984580577418484, -0.011819462966033645, -1.2008215089509555e-05, -0.0031415460374553464, -0.0012803577137214944, 0.04986465976470178, -0.010513368883003582, -0.013700081662771257, 0.031978177765772664, 0.011932033551233068, 0.039939573107612786, 0.016586936297280364, 0.013677422346769053, 0.037434493944061675, -0.0038086070366687708]
other derivatives: [ 0.06416485 -0.09572432  0.03242349 -0.02683009 -0.01373337  0.
  0.        ]
Current x array =  [-0.5469459  -0.57678703 -0.83036338  0.54519732 -2.03759476 -0.22314355
  0.33647224 -1.91384267 -0.95139118 -0.94712351 -1.8946415  -3.31363097
 -4.14652673 -0.96907448 -1.15420334 -0.73776617 -0.93107887 -1.29958197
 -2.00767908 -1.45369184 -1.88982352 -0.86157104 -2.46581348]
log likelihood =  -3298.311423501482
Edge derivatives =  [0.013718241020099942, 0.028381273257552797, -0.0037634932670109755, 0.00014585265952110626, 0.0010182031744379594, -0.0033443730290607654, 0.033570851815449165, -0.01458030928576437, 0.0008272512017897249, 0.014740670442468573, 0.0070210869840633405, 0.026670564812237313, 0.01787737985733928, 0.013076903191060918, 0.03249915643118434, -0.004345415840005806]
other derivatives: [ 0.05084075 -0.00022737 -0.04961294 -0.0379714  -0.00763976  0.
  0.        ]
Current x array =  [-0.54693429 -0.57690133 -0.83015023  0.54523444 -2.03766694 -0.22314355
  0.33647224 -1.91356099 -0.95135123 -0.94724648 -1.8947206  -3.31592542
 -4.14395868 -0.96871012 -1.15410663 -0.73789792 -0.93065465 -1.2994792
 -2.00636528 -1.4536461  -1.88974238 -0.86137421 -2.46578383]
log likelihood =  -3298.3113682538533
Edge derivatives =  [0.0093246128628105, 0.026087469994281465, 0.001899150071591249, -4.286633852679245e-05, 0.0010343077943516035, -0.004044816882796655, 0.014984254433777044, -0.015221591119268796, 0.010103218277997428, -0.0005551629289176352, 0.0007490737417346072, 0.01316978177852654, 0.015090168684249727, 0.011404386447032566, 0.026879290434912106, -0.005168846737866523]
other derivatives: [ 0.02428351  0.03424248 -0.0601176  -0.02719389 -0.00254659  0.
  0.        ]
Current x array =  [-0.54691013 -0.57695078 -0.83010764  0.5451008  -2.03779518 -0.22314355
  0.33647224 -1.91323771 -0.95128162 -0.94736798 -1.89479906 -3.3163388
 -4.14410215 -0.96832076 -1.15412449 -0.73802848 -0.93035027 -1.2992757
 -2.00500572 -1.45354809 -1.88965827 -0.86120206 -2.46576057]
log likelihood =  -3298.311314597161
Edge derivatives =  [0.005885682614720722, 0.014995174617592921, 0.00969176332410493, 0.0025307384718786796, -0.0008775781799108748, -0.0033861042948709896, 0.0022423065555061683, -0.00979939693926124, 0.010472531200633739, -0.0023009234388104705, -0.006061159681805428, 0.0007660150014716094, 0.007262504197102615, 0.007737289137745185, 0.014611984377598308, -0.004821532122012362]
other derivatives: [-0.01505214  0.01500666 -0.03765308  0.00209184  0.01577973  0.
  0.        ]
Current x array =  [-0.54687023 -0.57694184 -0.8301446   0.54480029 -2.03807289 -0.22314355
  0.33647224 -1.91302573 -0.9508129  -0.947526   -1.89498944 -3.31554461
 -4.14625632 -0.9680215  -1.15424968 -0.73803163 -0.93029415 -1.29920047
 -2.00375303 -1.45335985 -1.889512   -0.86050442 -2.4659217 ]
log likelihood =  -3298.3113099099864
Edge derivatives =  [-0.0005528288694667816, 0.0005583367327397504, 0.0008217793636546844, 0.0005213468200355731, -0.002562086307782728, -0.003236409556269162, -0.01097267232191479, -0.004857133968806049, -0.003177343153021095, -0.007604535798392931, -0.013239529005945383, -0.005229317694054214, -0.0033518432173591517, 0.0011022998919680838, 0.003453223635875635, -0.0048150753012174835]
other derivatives: [ 0.11441443  0.04811227  0.04802132  0.02310117 -0.02464731  0.
  0.        ]
Current x array =  [-0.54696573 -0.57700609 -0.8303291   0.54470807 -2.03790649 -0.22314355
  0.33647224 -1.91280375 -0.95032998 -0.94744214 -1.89499504 -3.31503194
 -4.14726559 -0.96782668 -1.1544318  -0.73789809 -0.93025768 -1.29922531
 -2.00327478 -1.4531684  -1.8893104  -0.8599321  -2.46605971]
      fun: 3298.3113099099864
 hess_inv: <23x23 LbfgsInvHessProduct with dtype=float64>
      jac: array([-0.11441443, -0.04811227, -0.04802132, -0.02310117,  0.02464731,
       -0.        , -0.        ,  0.00055283, -0.00055834, -0.00082178,
       -0.00052135,  0.00256209,  0.00323641,  0.01097267,  0.00485713,
        0.00317734,  0.00760454,  0.01323953,  0.00522932,  0.00335184,
       -0.0011023 , -0.00345322,  0.00481508])
  message: 'CONVERGENCE: REL_REDUCTION_OF_F_<=_FACTR*EPSMCH'
     nfev: 67
      nit: 60
     njev: 67
   status: 0
  success: True
        x: array([-0.54696573, -0.57700609, -0.8303291 ,  0.54470807, -2.03790649,
       -0.22314355,  0.33647224, -1.91280375, -0.95032998, -0.94744214,
       -1.89499504, -3.31503194, -4.14726559, -0.96782668, -1.1544318 ,
       -0.73789809, -0.93025768, -1.29922531, -2.00327478, -1.4531684 ,
       -1.8893104 , -0.8599321 , -2.46605971])
