number of sites to be analyzed:  489
log likelihood =  -6034.7738268575085
Lr derivatives =  [10.058004538597146, -237.08987470082548, -37.082801308024386]
other derivatives =  [  74.29560173  -54.44531416   74.45309711 -114.41240258  475.76388624
  122.45767539]
Current x_clock array =  [-0.68513573 -0.59997862 -0.59978803  0.18232156 -0.10536052  0.33647224
 -0.51082562 -0.51082562 -0.51082562]
log likelihood =  -5650.737827994812
Lr derivatives =  [-112.10797177262792, -295.9744154500658, -113.6641180552838]
other derivatives =  [-243.77886984  -47.49668278 -117.37821296  -48.82593203  298.88382319
   62.33055046]
Current x_clock array =  [-0.82929649 -0.59891146 -0.74425439  0.40432365 -1.02851725  0.09885936
 -0.53034185 -0.50983443 -0.50983443]
log likelihood =  -5382.787631185945
Lr derivatives =  [-39.116369081237316, -91.28145505540346, 70.64260903824356]
other derivatives =  [ 973.31293     121.32284701 -109.06733951   52.82590701  -64.88898307
   42.56308785]
Current x_clock array =  [-0.43759454 -0.54189092 -0.67657308  0.88696938 -3.28084661 -0.44350301
 -0.27483945 -0.04157071 -0.26227721]
log likelihood =  -5294.676979455661
Lr derivatives =  [-61.19926322501159, -101.49218290797612, 65.97237428273016]
other derivatives =  [-324.25422069   -1.61410208   54.73723468   68.01035215  -73.28431046
   44.62338802]
Current x_clock array =  [-0.87935485 -0.60670833 -0.54039683  0.86617681 -3.33675054 -0.48551004
 -0.19147212  0.         -0.25663288]
log likelihood =  -5248.3912624848645
Lr derivatives =  [-8.444370187821631, -74.05264023763573, 60.25812876575735]
other derivatives =  [-147.82757899    5.8475016    32.42245293   48.50437381  -21.94983744
   50.13211285]
Current x_clock array =  [-0.77541912 -0.60263439 -0.56160864  0.77976398 -2.99393238 -0.41521068
 -0.20769095  0.         -0.29795736]
log likelihood =  -5233.590238277138
Lr derivatives =  [9.96548547776441, -71.73471075628612, 30.736770296329826]
other derivatives =  [ 45.66153802 -11.32698708   2.16907938  31.35365296   6.59677616
  47.47432467]
Current x_clock array =  [-0.68556994 -0.61368189 -0.58680422  0.69101086 -2.80233222 -0.42857702
 -0.24023913  0.         -0.37947544]
log likelihood =  -5229.577801902466
Lr derivatives =  [2.4370492295258495, -79.52901112898176, 14.55484022345789]
other derivatives =  [36.69391026 -4.79438313 -5.07629647 27.91880434  3.41039974 42.65617008]
Current x_clock array =  [-0.68892234 -0.60863026 -0.59170322  0.65935782 -2.8091993  -0.47468395
 -0.24422248  0.         -0.41339408]
log likelihood =  -5218.503428806351
Lr derivatives =  [-16.0807984765783, -100.16932427225268, -30.90994553216256]
other derivatives =  [  0.51660209 -12.95168659  12.26838049   7.03685691  -4.71143918
  22.75182578]
Current x_clock array =  [-0.70568889 -0.6141552  -0.58282116  0.49179029 -2.85801227 -0.74353221
 -0.22907695  0.         -0.50839416]
log likelihood =  -5216.726780037528
Lr derivatives =  [22.442519050533786, -71.29084116328158, -14.957757803037367]
other derivatives =  [-20.62342992  62.40879065 -73.20640088  -6.13321845   1.97072259
  13.08884021]
Current x_clock array =  [-0.71983911 -0.57269114 -0.63004693  0.37907215 -2.88096255 -0.96536457
 -0.17713511  0.         -0.48316328]
log likelihood =  -5213.359891467229
Lr derivatives =  [9.00669551249798, -79.38314097899313, -20.012422054870623]
other derivatives =  [-11.29284919  12.38237746 -17.85278255  -7.99674399  -3.87710674
  11.87111747]
Current x_clock array =  [-0.71522144 -0.60269444 -0.59678427  0.36574994 -2.9127998  -1.01734729
 -0.18190532  0.         -0.47984779]
log likelihood =  -5212.198028184675
Lr derivatives =  [10.087620692169375, -75.50936281058472, -12.671387130135043]
other derivatives =  [ -0.70404349  -3.08155632   7.14516773 -10.0342113   -6.00762312
  10.34272417]
Current x_clock array =  [-0.71144621 -0.61399156 -0.5819267   0.34936698 -2.93536075 -1.09246672
 -0.18009997  0.         -0.45243657]
log likelihood =  -5211.204011955754
Lr derivatives =  [11.997070166794476, -70.04726420555531, -1.3375310664078413]
other derivatives =  [  7.32566059 -12.48228091  11.48810679 -11.58692521  -6.35691052
   8.65705161]
Current x_clock array =  [-0.70852628 -0.6211758  -0.5790206   0.335624   -2.93948104 -1.18589481
 -0.1892273   0.         -0.41382429]
log likelihood =  -5209.877542671551
Lr derivatives =  [5.204471186381561, -69.06081928719416, 10.248608029862794]
other derivatives =  [ 15.88489886   0.47257799  24.39908803 -11.78880575  -5.10181541
   6.48080839]
Current x_clock array =  [-0.70478436 -0.61153651 -0.57270513  0.33674328 -2.90493598 -1.32525281
 -0.23131275  0.         -0.36684384]
log likelihood =  -5209.5440332636235
Lr derivatives =  [-11.857115754916208, -74.81352305904792, 17.856324238524063]
other derivatives =  [ -3.8231392  -37.20208224 -27.46204518  -7.13627196  -5.18850986
   3.83589682]
Current x_clock array =  [-0.70985365 -0.63490611 -0.60304592  0.36544553 -2.8556479  -1.52670071
 -0.28802637  0.         -0.32625911]
log likelihood =  -5208.495046972837
Lr derivatives =  [-9.18877211052176, -75.87267089571205, 7.509120431918362]
other derivatives =  [ 0.01598892 -5.44226714 -5.05885146 -8.36512754 -2.48215295  3.59373914]
Current x_clock array =  [-0.70928522 -0.61289119 -0.58998561  0.3633082  -2.84197786 -1.51072518
 -0.28030329  0.         -0.35028469]
log likelihood =  -5208.191065329718
Lr derivatives =  [-8.099302484635022, -76.20094389400822, 2.9404796798127926]
other derivatives =  [-3.04991954  4.7898593  -0.63574043 -7.0088463  -1.22728282  2.98182542]
Current x_clock array =  [-0.71080147 -0.60627313 -0.58700745  0.37670723 -2.8319333  -1.54049911
 -0.2772669   0.         -0.3598303 ]
log likelihood =  -5207.783371403799
Lr derivatives =  [-4.002236451096315, -74.87771282156362, -3.0306438487566645]
other derivatives =  [ 5.22810751 10.37666152 -0.52879477 -3.63893196  1.40335623  1.57253322]
Current x_clock array =  [-0.70747039 -0.60361436 -0.58586572  0.40937849 -2.8137704  -1.63409235
 -0.26934509  0.         -0.37257005]
log likelihood =  -5208.046918166225
Lr derivatives =  [1.1800895294498701, -70.85580924742044, -0.5723813907634749]
other derivatives =  [-42.34719199   3.16885871  14.47351133   2.34387608   2.88879955
   0.54740241]
Current x_clock array =  [-0.72897338 -0.60935524 -0.57456488  0.45870261 -2.80529384 -1.76272388
 -0.25357441  0.         -0.36649577]
log likelihood =  -5207.6737513852595
Lr derivatives =  [-2.210005340962478, -73.48345952542851, -2.2088977757837007]
other derivatives =  [-11.80216077   7.86136843   4.55462396  -1.53481869   1.90367409
   1.18331524]
Current x_clock array =  [-0.71498575 -0.60562081 -0.58191604  0.42661742 -2.81080781 -1.67904949
 -0.26383319  0.         -0.37044707]
log likelihood =  -5207.5545772244595
Lr derivatives =  [0.4179701083395748, -71.36734541074043, -1.2651173913491647]
other derivatives =  [-2.67237465  2.83796908  1.63805908 -0.01403441  2.5701995   0.66340563]
Current x_clock array =  [-0.71104967 -0.6096219  -0.58297638  0.44071254 -2.8079039  -1.73823883
 -0.26035713  0.         -0.36806747]
log likelihood =  -5207.518985215903
Lr derivatives =  [0.5271740951945332, -70.61153196355762, -0.012882255555872746]
other derivatives =  [ 1.01147452 -1.36895414  1.07153664  0.54762404  1.81209141  0.42167788]
Current x_clock array =  [-0.7093807  -0.61267335 -0.58303952  0.44458487 -2.81267125 -1.77510239
 -0.26011575  0.         -0.36392748]
log likelihood =  -5207.50315999143
Lr derivatives =  [0.6550496562690016, -69.9815977130153, 0.8677706588563012]
other derivatives =  [ 1.35400842 -1.40619886 -0.28608974  0.66862503  0.77453878  0.26040152]
Current x_clock array =  [-0.70922681 -0.61288714 -0.58359373  0.44407558 -2.81989948 -1.79884011
 -0.25928076  0.         -0.36122201]
log likelihood =  -5207.49854659183
Lr derivatives =  [-1.4137013888012644, -71.15886441978085, -0.7235443113836055]
other derivatives =  [ 0.79497204 -2.09370774  1.62030847  0.46465266 -0.64086733  0.0523237 ]
Current x_clock array =  [-0.70932907 -0.613215   -0.58257213  0.44065828 -2.82702508 -1.82367554
 -0.26079179  0.         -0.36215758]
log likelihood =  -5207.4949543809
Lr derivatives =  [-0.2346818898568115, -70.24141196887905, 0.06985580400291624]
other derivatives =  [-0.20160769  0.40028772 -1.14426985  0.39841234 -0.41291657  0.02485325]
Current x_clock array =  [-0.7098583  -0.61168926 -0.58400143  0.43999031 -2.82680934 -1.82757117
 -0.25967649  0.         -0.36114644]
log likelihood =  -5207.494292597667
Lr derivatives =  [-0.17646186643999773, -70.27305487392475, 0.015818457279078046]
other derivatives =  [ 0.02463457  0.13784756 -0.30360843  0.32540447 -0.24901483  0.0459828 ]
Current x_clock array =  [-0.70978446 -0.61185773 -0.58355648  0.43978136 -2.82594949 -1.82473313
 -0.25959598  0.         -0.36141457]
log likelihood =  -5207.493954963545
Lr derivatives =  [-0.04395991164532953, -70.21687783017991, -0.024203020377395745]
other derivatives =  [ 0.10100575  0.0910004   0.1101007   0.19491199 -0.14514465  0.04286988]
Current x_clock array =  [-0.70978386 -0.6119008  -0.58333409  0.43896724 -2.82562192 -1.82501948
 -0.2593887   0.         -0.3615814 ]
log likelihood =  -5207.493732584966
Lr derivatives =  [0.07070134938223549, -70.15622862172323, -0.09887901015484957]
other derivatives =  [ 0.03989589 -0.03213518  0.14609304  0.04677622 -0.06088354  0.02472259]
Current x_clock array =  [-0.70983515 -0.61199229 -0.58331846  0.43791931 -2.82536439 -1.82726015
 -0.25923828  0.         -0.36172415]
log likelihood =  -5207.493664138862
Lr derivatives =  [0.165811594953575, -70.0266162658231, 0.03085204351123494]
other derivatives =  [ 0.17688944  0.24158271  0.22521999 -0.01253102 -0.01773181  0.00088289]
Current x_clock array =  [-0.70979692 -0.61182693 -0.58326791  0.43750717 -2.82514615 -1.83157611
 -0.25936121  0.         -0.36131402]
log likelihood =  -5207.493600185313
Lr derivatives =  [0.03356625183153472, -70.10655350165798, -0.014673981525081814]
other derivatives =  [-0.05961738 -0.06246501 -0.04788581 -0.04044796  0.00419531 -0.00174182]
Current x_clock array =  [-0.70987973 -0.61199805 -0.58343834  0.43722769 -2.8247523  -1.83223385
 -0.2597036   0.         -0.36125905]
log likelihood =  -5207.493590332188
Lr derivatives =  [0.018421480823568093, -70.11286494881314, -0.001049992829400992]
other derivatives =  [-0.01059016 -0.00847558 -0.02210072 -0.00936234 -0.00557528  0.00021893]
Current x_clock array =  [-0.7098552  -0.61196189 -0.58342253  0.43746626 -2.82475799 -1.83202965
 -0.25973542  0.         -0.36122902]
      fun: 5207.493590332188
 hess_inv: <9x9 LbfgsInvHessProduct with dtype=float64>
      jac: array([-1.05901563e-02, -8.47558113e-03, -2.21007213e-02, -9.36233846e-03,
       -5.57527771e-03,  2.18930498e-04,  1.84214808e-02, -7.01128649e+01,
       -1.04999283e-03])
  message: 'CONVERGENCE: REL_REDUCTION_OF_F_<=_FACTR*EPSMCH'
     nfev: 30
      nit: 28
     njev: 30
   status: 0
  success: True
        x: array([-0.7098552 , -0.61196189, -0.58342253,  0.43746626, -2.82475799,
       -1.83202965, -0.25973542,  0.        , -0.36122902])
