number of sites to be analyzed:  193
log likelihood =  -3342.7701153913013
Lr derivatives =  [-367.1216423555802, -359.23467298763325, -299.9439690815686]
other derivatives =  [-2.84279940e+01 -2.66982224e+01  6.85581654e-02 -3.67221865e+01
  1.25137931e+02 -0.00000000e+00]
Current x_clock array =  [-0.64889068 -0.73705832 -0.63277798  0.18232156 -0.10536052  0.33647224
 -0.51082562 -0.51082562 -0.51082562]
log likelihood =  -3112.2034428134566
Lr derivatives =  [5.235197038750314, -154.1488440044194, -186.34497897307494]
other derivatives =  [-22.58686618 -18.57968573 -15.06079752 -25.10215563 125.4120898
  -0.        ]
Current x_clock array =  [-0.64735348 -0.73529482 -0.63295395  0.27657783 -0.42655695  0.33647224
  0.43147988 -0.50951447 -0.50951447]
log likelihood =  -3017.086776489973
Lr derivatives =  [63.62664020000119, -53.83925567552848, -54.248376100676666]
other derivatives =  [ 39.21836378   9.15369901   0.49831579 -19.18111775 110.58896052
  -0.        ]
Current x_clock array =  [-0.60757192 -0.70324688 -0.60262489  0.31547267 -0.63933372  0.33647224
  0.30478575 -0.27013199 -0.19366459]
log likelihood =  -2970.5676318490505
Lr derivatives =  [-22.727267234709558, -33.143862098318564, 27.9354935628362]
other derivatives =  [-99.22692243   1.79350809  -4.15504746  -1.62553533  56.09168626
  -0.        ]
Current x_clock array =  [-0.70362773 -0.71470759 -0.59375579  0.37980993 -1.01754151  0.33647224
  0.02907948  0.          0.        ]
log likelihood =  -2954.4167883943887
Lr derivatives =  [-29.34162542351336, -36.81201344075804, 103.58418866033867]
other derivatives =  [108.99678728   3.2627363   -1.15967214   9.2628211   20.83181188
  -0.        ]
Current x_clock array =  [-0.55713835 -0.7283335  -0.58103433  0.42841156 -1.35949457  0.33647224
  0.08785595  0.         -0.010114  ]
log likelihood =  -2942.5736123273678
Lr derivatives =  [-10.147393123623736, -35.88474010862713, -16.026922723290067]
other derivatives =  [69.26013111  2.53970939 -9.91554316 12.97183826  5.3936777  -0.        ]
Current x_clock array =  [-0.58151306 -0.74579797 -0.57725702  0.4625681  -1.61416206  0.33647224
  0.23906342  0.         -0.13865126]
log likelihood =  -2940.3608607294436
Lr derivatives =  [-1.2357926816650648, -28.664274609646206, -1.6779182745497074]
other derivatives =  [-29.14218067  -0.44850549  -0.48262291  12.10277014   5.10529401
  -0.        ]
Current x_clock array =  [-0.64874176 -0.75248315 -0.5609867   0.45400702 -1.67704051  0.33647224
  0.29118848  0.         -0.11943516]
log likelihood =  -2939.912147579277
Lr derivatives =  [-2.773624022349881, -29.62526114369886, -3.9041688622019652]
other derivatives =  [-8.87779561 -0.1466301   0.21371125 12.11309018  2.6117464  -0.        ]
Current x_clock array =  [-0.63374933 -0.75334984 -0.55981849  0.449921   -1.70499491  0.33647224
  0.29807522  0.         -0.12252646]
log likelihood =  -2939.598637191585
Lr derivatives =  [-1.2495713464323357, -28.2536434240661, -2.434300153303452]
other derivatives =  [ 5.31070418  0.06655546  1.23597738 10.88175304  0.99275859 -0.        ]
Current x_clock array =  [-0.62403335 -0.75491353 -0.55774985  0.43356882 -1.7432831   0.33647224
  0.31558854  0.         -0.12074328]
log likelihood =  -2939.2880183347092
Lr derivatives =  [0.8590404139961381, -26.288677081571997, 0.7879181288662753]
other derivatives =  [10.52817379 -0.03581226  1.04110723  8.39438599 -0.19890473 -0.        ]
Current x_clock array =  [-0.62083362 -0.75674645 -0.55694084  0.40094328 -1.78389325  0.33647224
  0.33512335  0.         -0.11625531]
log likelihood =  -2938.9129528545645
Lr derivatives =  [2.476400018662879, -24.700745979555716, 3.2600499365785023]
other derivatives =  [ 5.67357074  0.70786564  0.84632939  3.57815134 -0.4615943  -0.        ]
Current x_clock array =  [-0.62453935 -0.75619574 -0.55707698  0.33686358 -1.81256098  0.33647224
  0.3468701   0.         -0.11255465]
log likelihood =  -2938.8052639327016
Lr derivatives =  [1.5162470156262273, -25.342519214368735, 1.8724227749593467]
other derivatives =  [-0.25135387 -2.9440871  -2.26748216  0.46771811 -0.02409399 -0.        ]
Current x_clock array =  [-0.62843361 -0.76069379 -0.56141273  0.29572035 -1.80532543  0.33647224
  0.33886537  0.         -0.11419801]
log likelihood =  -2938.796203073616
Lr derivatives =  [-0.2199032424947358, -26.540440230002332, 0.12078949359008462]
other derivatives =  [-1.56143233  1.71078818  3.48245612 -0.45272554 -0.30268941 -0.        ]
Current x_clock array =  [-0.62934484 -0.75293909 -0.55611788  0.28389423 -1.79861347  0.33647224
  0.33088809  0.         -0.11607678]
log likelihood =  -2938.7849787301475
Lr derivatives =  [0.27535428922984995, -26.282589596744213, 0.27692728133927424]
other derivatives =  [-0.38891994  0.26569387 -0.12439023 -0.07768767 -0.00103284 -0.        ]
Current x_clock array =  [-0.62848417 -0.75510851 -0.55987442  0.28916451 -1.79505806  0.33647224
  0.33049388  0.         -0.11607947]
log likelihood =  -2938.784602396875
Lr derivatives =  [0.08569739841621349, -26.424552516467607, 0.08326753278299037]
other derivatives =  [-0.12776763  0.01243689 -0.0619616  -0.00935597 -0.00399484 -0.        ]
Current x_clock array =  [-0.62827549 -0.75542138 -0.55986875  0.29019618 -1.79356209  0.33647224
  0.32946301  0.         -0.11632116]
log likelihood =  -2938.784566192942
Lr derivatives =  [-0.008070240148290608, -26.493499180510504, -0.008286862176339227]
other derivatives =  [-0.00333557  0.01269473 -0.02033221  0.00196133 -0.00473925 -0.        ]
Current x_clock array =  [-0.62817855 -0.75537958 -0.55986365  0.29039878 -1.79279382  0.33647224
  0.32889424  0.         -0.11642708]
log likelihood =  -2938.7845657761163
Lr derivatives =  [0.001258081364376551, -26.48637102554406, 0.0029735211757202507]
other derivatives =  [-0.00200043 -0.00718774  0.00644923  0.0004261   0.00182681 -0.        ]
Current x_clock array =  [-0.62817873 -0.75541141 -0.55983421  0.29039831 -1.79278903  0.33647224
  0.32891728  0.         -0.11641231]
      fun: 2938.7845657761163
 hess_inv: <9x9 LbfgsInvHessProduct with dtype=float64>
      jac: array([-2.00043360e-03, -7.18773663e-03,  6.44922693e-03,  4.26098268e-04,
        1.82681306e-03, -0.00000000e+00,  1.25808136e-03, -2.64863710e+01,
        2.97352118e-03])
  message: 'CONVERGENCE: REL_REDUCTION_OF_F_<=_FACTR*EPSMCH'
     nfev: 17
      nit: 16
     njev: 17
   status: 0
  success: True
        x: array([-0.62817873, -0.75541141, -0.55983421,  0.29039831, -1.79278903,
        0.33647224,  0.32891728,  0.        , -0.11641231])
