number of sites to be analyzed:  232
log likelihood =  -2351.8527181127083
Lr derivatives =  [113.2687412229611, -46.092969332587586, -41.49755571394605]
other derivatives =  [ 60.99797474  -3.81734162  29.18987548 -32.18211168 186.16099669
  -0.        ]
Current x_clock array =  [-0.58125631 -0.84729786 -0.50260225  0.18232156 -0.10536052  0.33647224
 -0.51082562 -0.51082562 -0.51082562]
log likelihood =  -2233.547337859021
Lr derivatives =  [-56.42822648317606, -122.23078835195149, -79.029745259266]
other derivatives =  [-188.39859877    2.9029834   -64.17145232  -17.58012877  125.13672709
   -0.        ]
Current x_clock array =  [-0.84597651 -0.84383773 -0.62928104  0.32198611 -0.91326564  0.33647224
 -1.00239151 -0.50860873 -0.50860873]
log likelihood =  -2105.630902531072
Lr derivatives =  [-92.42674646825324, -111.04101409996753, -44.978058748654746]
other derivatives =  [-39.16584683  13.50876073 -48.04691071   2.54543829  62.65935582
  -0.        ]
Current x_clock array =  [-0.64945699 -0.84781934 -0.58927607  0.46157002 -1.76945513  0.33647224
 -1.24765054 -0.26028441 -0.34936869]
log likelihood =  -2039.3060267476096
Lr derivatives =  [-49.09270789119044, -51.4086583327453, 74.30228952471359]
other derivatives =  [-57.59765872   9.85579118  17.33339104   7.78624417  23.71567182
  -0.        ]
Current x_clock array =  [-0.68179462 -0.91545037 -0.43931336  0.53161506 -2.57739068  0.33647224
 -1.09423432  0.         -0.12606383]
log likelihood =  -2018.8529524480673
Lr derivatives =  [-23.114727493208516, -42.229825863267166, -0.40747019672845397]
other derivatives =  [45.92172172  4.35308675 -8.61100079  9.39208167  8.48616191 -0.        ]
Current x_clock array =  [-0.58651287 -0.97889849 -0.46414595  0.53051977 -2.98793358  0.33647224
 -0.88570748  0.         -0.30948533]
log likelihood =  -2014.5851802164934
Lr derivatives =  [-5.652566491525249, -33.06337265602727, -2.270646938785207]
other derivatives =  [-10.14743771  -2.23354731   2.90133949   7.59677005   3.29027197
  -0.        ]
Current x_clock array =  [-0.6355713  -1.01389389 -0.43472748  0.51454227 -3.19830346  0.33647224
 -0.74629723  0.         -0.34663961]
log likelihood =  -2014.164477623649
Lr derivatives =  [2.1062499646637285, -28.21763336661176, -0.48091789781233985]
other derivatives =  [-0.67038286 -1.20181745 -0.55237115  6.82425025  1.4423813  -0.        ]
Current x_clock array =  [-0.62768363 -1.01982802 -0.43562072  0.49738859 -3.2783661   0.33647224
 -0.69979443  0.         -0.35227458]
log likelihood =  -2013.9905589369396
Lr derivatives =  [2.0950315104026522, -28.21898001806132, -0.7283236288439188]
other derivatives =  [ 2.52923132 -0.66362035  3.68121187  5.54149301  0.37555819 -0.        ]
Current x_clock array =  [-0.62529135 -1.01883307 -0.43168498  0.47118119 -3.31260748  0.33647224
 -0.6947398   0.         -0.3541159 ]
log likelihood =  -2013.7265727001172
Lr derivatives =  [2.31410677697054, -27.84800079466945, 0.11939503252701655]
other derivatives =  [ 2.64653477  0.66870841 -8.27480812  1.95642315 -1.80644375 -0.        ]
Current x_clock array =  [-0.62472031 -1.01101163 -0.44712391  0.37848375 -3.37599666  0.33647224
 -0.69496194  0.         -0.35034891]
log likelihood =  -2013.624688066045
Lr derivatives =  [-0.9362744536411167, -29.930658797749473, -0.6879738675683438]
other derivatives =  [ 1.8805963   0.56303349  3.52441702  0.16853028 -1.11956609 -0.        ]
Current x_clock array =  [-0.62602855 -1.00696802 -0.43678451  0.34943031 -3.35245383  0.33647224
 -0.71035837  0.         -0.34871642]
log likelihood =  -2013.602746390842
Lr derivatives =  [-0.40848118962236946, -29.584219696854483, -0.1859673758899163]
other derivatives =  [ 0.48276388  0.45547773  1.02032027  0.24578048 -0.45707448 -0.        ]
Current x_clock array =  [-0.62713422 -1.00663423 -0.43952936  0.35071809 -3.33361304  0.33647224
 -0.71165356  0.         -0.34677407]
log likelihood =  -2013.5986967005258
Lr derivatives =  [-0.0819700054368262, -29.376850529974934, 0.09935008287824765]
other derivatives =  [-0.11380303  0.12356361 -0.02499883  0.05686002 -0.02982872 -0.        ]
Current x_clock array =  [-0.62760302 -1.00708547 -0.44084153  0.34711222 -3.3225961   0.33647224
 -0.71203718  0.         -0.34577332]
log likelihood =  -2013.5985915954827
Lr derivatives =  [-0.006766434797468079, -29.338965025488584, 0.08165489586589203]
other derivatives =  [ 7.75344233e-05 -1.37028863e-02  9.23819243e-04  6.37828634e-03
 -5.91921763e-03 -0.00000000e+00]
Current x_clock array =  [-0.62749974 -1.00753441 -0.44081466  0.34625981 -3.32247603  0.33647224
 -0.71151594  0.         -0.34601674]
log likelihood =  -2013.598575361206
Lr derivatives =  [0.009046286925865843, -29.34085676912892, 0.03267323149739099]
other derivatives =  [-1.87078513e-02 -7.00592058e-03  7.96671884e-03 -2.11207407e-03
 -7.48695741e-05 -0.00000000e+00]
Current x_clock array =  [-0.62752003 -1.00751761 -0.44080604  0.3460825  -3.32240171  0.33647224
 -0.71135479  0.         -0.34629439]
log likelihood =  -2013.5985726455742
Lr derivatives =  [-0.0009876079719024489, -29.35292026510126, -0.0001362407320097958]
other derivatives =  [-0.00909768 -0.0063384   0.0009843  -0.00039699 -0.00055667 -0.        ]
Current x_clock array =  [-0.62750932 -1.00751234 -0.44081694  0.34611009 -3.32237945  0.33647224
 -0.71135797  0.         -0.34644366]
      fun: 2013.5985726455742
 hess_inv: <9x9 LbfgsInvHessProduct with dtype=float64>
      jac: array([-9.09767550e-03, -6.33840086e-03,  9.84300641e-04, -3.96994437e-04,
       -5.56666540e-04, -0.00000000e+00, -9.87607972e-04, -2.93529203e+01,
       -1.36240732e-04])
  message: 'CONVERGENCE: REL_REDUCTION_OF_F_<=_FACTR*EPSMCH'
     nfev: 15
      nit: 14
     njev: 15
   status: 0
  success: True
        x: array([-0.62750932, -1.00751234, -0.44081694,  0.34611009, -3.32237945,
        0.33647224, -0.71135797,  0.        , -0.34644366])
