number of sites to be analyzed:  304
log likelihood =  -4183.876549402466
Lr derivatives =  [-140.4086074676213, -286.11000292091063, -143.16578373489259]
other derivatives =  [-12.27653138 -22.60641486  53.35725473 -76.05966039 284.70543293
  19.6723131   64.84004825]
Current x_clock array =  [-0.71084676 -0.70844213 -0.50867277  0.18232156 -0.10536052 -0.10536052
  0.33647224 -0.51082562 -0.51082562 -0.51082562]
log likelihood =  -3932.0773254006567
Lr derivatives =  [21.70652071739233, -191.29334626841333, -93.56353577958333]
other derivatives =  [ -27.80409113   -2.17495108 -136.65664846  -33.8125019   199.51051399
   32.5365304    84.08721897]
Current x_clock array =  [-0.70888947 -0.70649196 -0.66670578  0.40759433 -0.94859835 -0.16362579
  0.1444296  -0.09496475 -0.50931267 -0.50931267]
log likelihood =  -3701.6723220503122
Lr derivatives =  [67.5105904010573, -37.59699659310621, 16.665480399300424]
other derivatives =  [148.87422276  31.00906042 589.2843501    5.02447847  17.14478272
  67.47813995  84.99895648]
Current x_clock array =  [-0.61772132 -0.73868881 -0.2664425   0.75763579 -2.55260814 -0.34996664
 -0.37651419  0.21245678  0.         -0.40933414]
log likelihood =  -3668.770872904386
Lr derivatives =  [-9.217537582609548, -77.07894236016058, -4.596939180186922]
other derivatives =  [ -61.54354469   -3.80871506 -237.80110405   38.21356859  -61.81183763
   59.66546723   58.13220196]
Current x_clock array =  [-0.71501929 -0.77907618 -0.6354506   0.86895252 -3.08796027 -0.46432381
 -0.61227829  0.26731123  0.         -0.42659023]
log likelihood =  -3638.116171278046
Lr derivatives =  [5.807756256468698, -75.36382085879293, -6.12259824937987]
other derivatives =  [-1.35338341e+01  4.42032615e-02 -1.20438215e+02  2.49687055e+01
 -2.82819297e+01  5.37300352e+01  6.09797912e+01]
Current x_clock array =  [-0.69192877 -0.76994051 -0.53570542  0.79011377 -2.78669361 -0.45335257
 -0.5465301   0.19194684  0.         -0.42025656]
log likelihood =  -3623.045104410634
Lr derivatives =  [1.5640425421153221, -83.65266207148316, -13.267122282515153]
other derivatives =  [-21.1034021   -1.0816002   63.05840179  12.58687644  -4.07666437
  39.43611546  49.89640001]
Current x_clock array =  [-0.70518221 -0.76842458 -0.42361947  0.72078827 -2.60811492 -0.52484696
 -0.60671383  0.12785984  0.         -0.40161489]
log likelihood =  -3615.6550282229955
Lr derivatives =  [-4.142032959903528, -87.82693974709461, -15.402599798839784]
other derivatives =  [ 5.57084513 -0.82543738 53.98002759 11.41162875 -5.01273367 32.48963912
 40.67307145]
Current x_clock array =  [-0.68777744 -0.76987299 -0.42875561  0.70595264 -2.63219011 -0.59440999
 -0.69859972  0.12730217  0.         -0.38497074]
log likelihood =  -3595.3357391987447
Lr derivatives =  [-7.309423453419411, -82.49267419190534, 4.204278651417347]
other derivatives =  [-82.26021055  -1.73718536 -18.4663545    2.47156822  -6.3702756
   9.10489038   9.25146284]
Current x_clock array =  [-0.74582524 -0.77661432 -0.4631915   0.6034816  -2.7578599  -1.01834626
 -1.25321515  0.17593023  0.         -0.24249975]
log likelihood =  -3592.231404526946
Lr derivatives =  [10.325009489856418, -70.12529605933604, 18.64115483513293]
other derivatives =  [ 54.64044261   1.48233084 -10.45471708  -4.13327552   5.97381504
   4.37673589   4.04198342]
Current x_clock array =  [-0.6603671  -0.77878978 -0.46220042  0.55520259 -2.74014993 -1.16617546
 -1.43579358  0.19472016  0.         -0.20112638]
log likelihood =  -3590.979676260192
Lr derivatives =  [1.8000858336970609, -74.80603868625235, 13.606786549801207]
other derivatives =  [ 0.91386846 -0.0879736   0.49322443 -2.71171575  0.14536904  4.06413325
  3.48351991]
Current x_clock array =  [-0.69141337 -0.77952331 -0.45433494  0.56114703 -2.77103353 -1.17973059
 -1.45638772  0.19465137  0.         -0.20816161]
log likelihood =  -3590.7242120570627
Lr derivatives =  [-0.6097303737063591, -76.10180420087981, 10.826549059678918]
other derivatives =  [-3.61123102 -0.34915001  1.5340147  -2.62956291 -1.68660292  3.15369171
  2.4022685 ]
Current x_clock array =  [-0.6940453  -0.7802188  -0.45324641  0.55897292 -2.78912951 -1.21288692
 -1.49947499  0.19918352  0.         -0.21116733]
log likelihood =  -3590.364817538347
Lr derivatives =  [-1.6647222211561825, -78.02733725386369, -0.929455525538657]
other derivatives =  [-2.14712645  0.98694954 -0.4775502  -2.38767143 -1.43665465  1.04162138
  0.30171333]
Current x_clock array =  [-0.69323586 -0.77961731 -0.45364514  0.56100154 -2.80394287 -1.27723493
 -1.57775137  0.21532411  0.         -0.23574329]
log likelihood =  -3590.321415833397
Lr derivatives =  [-0.08287162537178716, -76.73226397930716, -0.43846835621489433]
other derivatives =  [-1.99927945 -2.15906084  0.01727585 -2.14523243 -0.31922365  0.51656232
 -0.22382635]
Current x_clock array =  [-0.69327983 -0.78416103 -0.45289729  0.56884886 -2.80630698 -1.30372618
 -1.60736908  0.22358799  0.         -0.23370792]
log likelihood =  -3590.2986983004494
Lr derivatives =  [0.9854245793572431, -75.86453439152575, -0.09882569591356472]
other derivatives =  [ 0.44161015  2.85119495  0.36252231 -1.19981951  0.26713312  0.14262649
 -0.58553942]
Current x_clock array =  [-0.69199228 -0.77842504 -0.45228414  0.58477614 -2.80732772 -1.32415307
 -1.62637848  0.22867334  0.         -0.23193138]
log likelihood =  -3590.2836805131046
Lr derivatives =  [0.46320059828644844, -76.2283420407291, -0.1476286998455052]
other derivatives =  [ 1.28883312  0.29867942 -0.01191347 -0.60246248  0.04891173  0.22992334
 -0.46556926]
Current x_clock array =  [-0.6913284  -0.78153925 -0.45236558  0.59262119 -2.80665235 -1.32101671
 -1.61939229  0.22781163  0.         -0.23192421]
log likelihood =  -3590.27797909784
Lr derivatives =  [0.14146382100631882, -76.46998217483358, 0.0044356672313590195]
other derivatives =  [ 0.54458587 -0.3567252   0.04304366 -0.0348532   0.00298989  0.34356974
 -0.30113589]
Current x_clock array =  [-0.69172025 -0.78222442 -0.45224716  0.60019253 -2.80401989 -1.31652349
 -1.60946275  0.2262582   0.         -0.23157294]
log likelihood =  -3590.27671498961
Lr derivatives =  [0.02917213690901832, -76.56241662089565, -0.013074519842909638]
other derivatives =  [-0.07290146 -0.08706547 -0.93623339  0.16052036 -0.00939696  0.33526425
 -0.26269734]
Current x_clock array =  [-0.69206966 -0.7818231  -0.45274698  0.60243073 -2.80306921 -1.31760039
 -1.60578851  0.22565237  0.         -0.2314974 ]
log likelihood =  -3590.2753431276133
Lr derivatives =  [-0.11726934147052148, -76.6610383107925, 0.018156040544869967]
other derivatives =  [-0.49303389  0.2184288  -0.19172239  0.28893282  0.02566341  0.32227662
 -0.20391792]
Current x_clock array =  [-0.69233246 -0.7813698  -0.45234924  0.60421372 -2.80172925 -1.31927926
 -1.60083988  0.22467748  0.         -0.2312513 ]
log likelihood =  -3590.2735908577934
Lr derivatives =  [-0.21886988200518687, -76.72739015777097, 0.018794336012764035]
other derivatives =  [-0.81894905  0.45051092 -0.07623521  0.30237788  0.095317    0.25488888
 -0.17064867]
Current x_clock array =  [-0.69253046 -0.78101019 -0.45231873  0.60429325 -2.80064871 -1.32408439
 -1.59629157  0.22380745  0.         -0.23097983]
log likelihood =  -3590.2700965533077
Lr derivatives =  [-0.4303228062080855, -76.85200786970493, -0.059442006224823984]
other derivatives =  [-0.72094463  0.45958677  0.4954868   0.19272602  0.19150524  0.08135476
 -0.11355823]
Current x_clock array =  [-0.69246564 -0.78091063 -0.45209209  0.6027416  -2.79999161 -1.33709137
 -1.58655473  0.22279546  0.         -0.23065043]
log likelihood =  -3590.268275521638
Lr derivatives =  [-0.2604730415823404, -76.6793180165649, 0.4473912227299266]
other derivatives =  [ 0.47951789  0.26780572 -0.53470512  0.1058429   0.24025085  0.0398296
  0.01959335]
Current x_clock array =  [-0.69171724 -0.78117056 -0.45268909  0.60171295 -2.80126589 -1.34642192
 -1.57400652  0.22356631  0.         -0.22959484]
log likelihood =  -3590.266920824428
Lr derivatives =  [-0.20572565139570287, -76.59551455363973, 0.2663922677382864]
other derivatives =  [-0.33831748 -0.18061473 -0.15421847 -0.10712802  0.19351131 -0.06663753
 -0.04001334]
Current x_clock array =  [-0.69225119 -0.78181695 -0.45243677  0.599126   -2.80434413 -1.35434286
 -1.57473085  0.22567127  0.         -0.23004258]
log likelihood =  -3590.266235453032
Lr derivatives =  [-0.17548800430872546, -76.60910534164515, -0.0006648332581384864]
other derivatives =  [ 0.29956846 -0.26228827  0.12147939 -0.09335963  0.11768565 -0.05171791
 -0.0527643 ]
Current x_clock array =  [-0.69187281 -0.78200701 -0.45224869  0.59949445 -2.80608691 -1.35371933
 -1.57514527  0.22706857  0.         -0.23098416]
log likelihood =  -3590.2658153739735
Lr derivatives =  [-0.06639766228237676, -76.54541685119065, -0.0622746858512393]
other derivatives =  [ 0.35059202 -0.23629946 -0.06321852 -0.06319442  0.06431408 -0.02351535
 -0.04072008]
Current x_clock array =  [-0.6918583  -0.78204835 -0.45229291  0.60008827 -2.80777911 -1.35348909
 -1.57396785  0.22860536  0.         -0.23149563]
log likelihood =  -3590.265575942147
Lr derivatives =  [0.026591231797080894, -76.46126823603706, 0.028778946688962748]
other derivatives =  [ 0.13735917 -0.00397085  0.05593756 -0.02541901  0.00317982  0.00451926
 -0.00631643]
Current x_clock array =  [-0.69201529 -0.78181731 -0.45217268  0.60085696 -2.80943509 -1.35430245
 -1.57120401  0.22997298  0.         -0.23158247]
log likelihood =  -3590.265563724515
Lr derivatives =  [-0.010103054909311737, -76.49175288139719, -0.012231447686428254]
other derivatives =  [-0.00705131 -0.03783907 -0.03909327  0.00402042 -0.01177272  0.00317257
  0.00186891]
Current x_clock array =  [-0.69209837 -0.78185027 -0.45221623  0.60118347 -2.80943459 -1.35453574
 -1.57040029  0.22995665  0.         -0.23168061]
log likelihood =  -3590.265561639436
Lr derivatives =  [-0.0034025191434743363, -76.48571618501077, -0.0010880441138674257]
other derivatives =  [ 0.0007326  -0.00464297 -0.00263844 -0.00156888 -0.00446027  0.00154022
  0.00062718]
Current x_clock array =  [-0.69209557 -0.78180822 -0.45219928  0.60112508 -2.80937453 -1.35459682
 -1.57049337  0.22992145  0.         -0.23164341]
      fun: 3590.265561639436
 hess_inv: <10x10 LbfgsInvHessProduct with dtype=float64>
      jac: array([ 7.32597982e-04, -4.64297045e-03, -2.63844413e-03, -1.56887836e-03,
       -4.46026798e-03,  1.54022276e-03,  6.27180463e-04, -3.40251914e-03,
       -7.64857162e+01, -1.08804411e-03])
  message: 'CONVERGENCE: REL_REDUCTION_OF_F_<=_FACTR*EPSMCH'
     nfev: 27
      nit: 26
     njev: 27
   status: 0
  success: True
        x: array([-0.69209557, -0.78180822, -0.45219928,  0.60112508, -2.80937453,
       -1.35459682, -1.57049337,  0.22992145,  0.        , -0.23164341])
