number of sites to be analyzed:  172
log likelihood =  -2076.2887273133756
Lr derivatives =  [-4.027862036848244, -88.47353053766683, -39.20669182984156]
other derivatives =  [ 37.52266275 -18.04757176  17.32642795 -64.73198573 172.65640327
  29.98855052]
Current x_clock array =  [-0.60065987 -0.66595833 -0.69917389  0.18232156 -0.10536052  0.33647224
 -0.51082562 -0.51082562 -0.51082562]
log likelihood =  -1925.9904167102509
Lr derivatives =  [-30.385720877942596, -93.66123934044579, -63.928180115797964]
other derivatives =  [-121.95200452   -9.5123014   -22.06304839  -36.41086823  125.98735781
   21.42434641]
Current x_clock array =  [-0.79672686 -0.66273977 -0.78970959  0.5205653  -1.00754122  0.1797732
 -0.48977885 -0.50815641 -0.50815641]
log likelihood =  -1774.017666177454
Lr derivatives =  [-55.44789478274379, -57.399729501191096, -45.80745832250898]
other derivatives =  [117.62257259  41.74996911 -79.02287916  48.43607283 -26.41495318
  15.57783708]
Current x_clock array =  [-0.49776875 -0.65536596 -0.86055153  1.51003688 -3.82279171 -0.30641021
 -0.25670455 -0.22325292 -0.2408285 ]
log likelihood =  -1751.2385666681034
Lr derivatives =  [-11.83274077338262, -22.375327967274345, 17.104048311011866]
other derivatives =  [-150.36385685  -39.1015958   163.08252384   21.21465494  -11.02332032
   21.39493222]
Current x_clock array =  [-0.83867575 -0.85789025 -0.40914731  1.30972055 -3.86674149 -0.41543054
  0.08281252  0.          0.        ]
log likelihood =  -1720.6945875049346
Lr derivatives =  [-7.361743439076462, -17.94793010060827, -22.797163627848928]
other derivatives =  [-57.3448865   -6.71482803 -42.29056935  24.2783235   -3.63206362
  20.30034739]
Current x_clock array =  [-0.67012258 -0.77098647 -0.67146319  1.23954339 -3.56603885 -0.36245769
 -0.01304832  0.         -0.0879819 ]
log likelihood =  -1714.8939950273789
Lr derivatives =  [2.2537108741865532, -10.691430328245286, -18.160573810229934]
other derivatives =  [ 13.30506711   1.46578532 -15.72336032  18.69255346   5.20153748
  20.79630849]
Current x_clock array =  [-5.92682039e-01 -7.56830103e-01 -6.27787882e-01  1.15749820e+00
 -3.44781729e+00 -3.78326912e-01 -2.62072606e-03  0.00000000e+00
 -5.75627774e-02]
log likelihood =  -1711.6944594820893
Lr derivatives =  [4.4623359217891965, -8.20931433636284, -15.913553084400025]
other derivatives =  [14.38090521 -0.41605426  8.7287342  15.65856772  6.12229396 19.74586235]
Current x_clock array =  [-5.93122867e-01 -7.63973162e-01 -5.85191741e-01  1.11247187e+00
 -3.48949747e+00 -4.36491114e-01  2.49124150e-02  0.00000000e+00
 -3.21869896e-03]
log likelihood =  -1708.916740759208
Lr derivatives =  [3.323823943379425, -8.825114771661518, 2.750675776042044]
other derivatives =  [ 2.13967883 -1.13426427 17.1531949  13.56775167  3.54121855 17.22848629]
Current x_clock array =  [-0.60552    -0.76767802 -0.57083068  1.05363176 -3.55888913 -0.5271065
  0.03936106  0.          0.        ]
log likelihood =  -1713.6774516071112
Lr derivatives =  [-13.187670749708, -19.883667123195945, -32.98927677904867]
other derivatives =  [-91.03629736  -8.06814228  52.40539008   1.36406197 -17.21281154
   2.90230035]
Current x_clock array =  [-0.7175083  -0.78522328 -0.51975739  0.43396266 -4.07335365 -1.39407114
  0.10563577  0.         -0.22609642]
log likelihood =  -1705.3030923943477
Lr derivatives =  [-1.896110722525254, -12.94897201708595, -23.553718000189917]
other derivatives =  [-35.43139678  -2.43237218  28.44400115   8.01872784  -5.22752258
   9.7890304 ]
Current x_clock array =  [-0.64671751 -0.77413245 -0.55204218  0.82567201 -3.74814692 -0.84603969
  0.06374176  0.         -0.08317485]
log likelihood =  -1700.2438901730798
Lr derivatives =  [4.444259426164352, -6.208085756945625, -19.440494345140763]
other derivatives =  [-8.1392127  -4.96227108  5.73158468  1.674754   -1.34431986  6.55026811]
Current x_clock array =  [-0.61644173 -0.78402611 -0.58659893  0.60465044 -3.73224052 -1.06905897
  0.0720115   0.         -0.03945083]
log likelihood =  -1698.4310000555636
Lr derivatives =  [5.743415683260363, -2.290429991481494, -1.7264937923755497]
other derivatives =  [13.4382401   2.39017504 -3.5764424  -2.51773554 -0.25194819  4.34334757]
Current x_clock array =  [-0.596433   -0.77047474 -0.60367715  0.42991331 -3.74500348 -1.27819885
  0.05641484  0.          0.        ]
log likelihood =  -1698.1157716065682
Lr derivatives =  [3.683401267919633, -2.8151252032486953, -0.4341472958913073]
other derivatives =  [ 6.5889451   0.58154842 -3.73948114 -3.54909525 -1.24764152  3.65378963]
Current x_clock array =  [-0.60349339 -0.7733542  -0.60485614  0.37230618 -3.7590625  -1.36922902
  0.04235859  0.          0.        ]
log likelihood =  -1697.8247833169103
Lr derivatives =  [0.728243874062299, -3.871377323629213, 1.5715841072960757]
other derivatives =  [-1.32599689  0.76363631 -0.99972158 -4.22862468 -2.39344287  3.05284209]
Current x_clock array =  [-0.61169292 -0.77109582 -0.6015499   0.34086935 -3.75744457 -1.46482681
  0.01425049  0.          0.        ]
log likelihood =  -1697.5711014078588
Lr derivatives =  [-2.156312575362803, -5.18658314162136, -18.351259635605608]
other derivatives =  [-7.4631721  -0.56893441  2.15809064 -4.27135319 -3.10588022  2.66096715]
Current x_clock array =  [-6.17823621e-01 -7.71982864e-01 -5.97359859e-01  3.49787152e-01
 -3.73334126e+00 -1.54314292e+00 -2.06106823e-02  0.00000000e+00
 -1.14091300e-03]
log likelihood =  -1697.2047598365134
Lr derivatives =  [-7.13698872687916, -7.5436673999652895, 7.340304364333861]
other derivatives =  [-13.11673941  -2.42242186   6.44032161  -3.5495359   -3.46865057
   2.21976814]
Current x_clock array =  [-0.623308   -0.77233564 -0.59223169  0.40595505 -3.66079935 -1.6586868
 -0.09021464  0.          0.        ]
log likelihood =  -1698.2491480868543
Lr derivatives =  [-17.311762680192636, -14.442237324715475, -25.45404581327452]
other derivatives =  [-11.74725207  -3.90381729  10.86327143   2.1864962   -2.50818931
   1.88326099]
Current x_clock array =  [-0.62078748 -0.76914196 -0.58808757  0.61207115 -3.47708773 -1.76892415
 -0.21318343  0.         -0.02507816]
log likelihood =  -1697.2005235509264
Lr derivatives =  [-8.767073987262693, -8.672005362167761, -21.03149643409244]
other derivatives =  [-12.8781619   -2.65369931   7.28014925  -2.59551052  -3.31016294
   2.14361771]
Current x_clock array =  [-0.62279751 -0.77168881 -0.59139237  0.44770035 -3.6235917  -1.6810135
 -0.11511987  0.         -0.00507915]
log likelihood =  -1696.9986177515493
Lr derivatives =  [-7.4506623531218565, -7.895280521020725, -20.506696206670377]
other derivatives =  [-6.4198864  -1.52161442  5.21284596 -2.24833002 -2.44233133  2.18836673]
Current x_clock array =  [-6.16039478e-01 -7.69961458e-01 -5.94753909e-01  4.64291891e-01
 -3.60565820e+00 -1.66620579e+00 -1.13854476e-01  0.00000000e+00
 -3.05303360e-03]
log likelihood =  -1696.7379010667814
Lr derivatives =  [-5.059812965031727, -6.3711105756429, 5.71546934224898]
other derivatives =  [ 1.02515128  0.24299379  0.10846679 -1.46551679 -0.55143876  2.05779038]
Current x_clock array =  [-0.60835374 -0.76713931 -0.60295165  0.49984913 -3.55866617 -1.68491057
 -0.11724546  0.          0.        ]
log likelihood =  -1696.6879061472941
Lr derivatives =  [-3.841901064125449, -5.569304373211635, -19.54615224150907]
other derivatives =  [ 3.47498781  1.0032345  -2.78644484 -1.14442946  0.48222919  1.85529356]
Current x_clock array =  [-6.05852976e-01 -7.65988108e-01 -6.07656600e-01  5.14084867e-01
 -3.53162794e+00 -1.72522719e+00 -1.19987189e-01  0.00000000e+00
 -1.19801692e-03]
log likelihood =  -1696.6018720926181
Lr derivatives =  [-2.055863157892249, -4.152533647482402, 3.1041963666211814]
other derivatives =  [ 4.7868125   1.59185447 -6.45354157 -1.30766807  1.76805031  1.53624086]
Current x_clock array =  [-0.60466401 -0.76542    -0.61365512  0.51242628 -3.50549074 -1.80122331
 -0.12028471  0.          0.        ]
log likelihood =  -1696.5337105241983
Lr derivatives =  [-1.6371903936312222, -3.6617449616769613, -18.98382975250831]
other derivatives =  [ 1.31935417  1.06132711 -6.99291263 -1.72444993  2.01833613  1.31764026]
Current x_clock array =  [-6.08328273e-01 -7.66686608e-01 -6.14272220e-01  4.97346299e-01
 -3.50258782e+00 -1.86535712e+00 -1.19350579e-01  0.00000000e+00
 -2.78390125e-04]
log likelihood =  -1696.4587162726489
Lr derivatives =  [-1.4793526262713037, -3.1495443194148294, 2.314482117071748]
other derivatives =  [-6.52309336 -0.24839937 -6.12424765 -2.4728065   2.18073387  1.00059263]
Current x_clock array =  [-0.61671307 -0.76945004 -0.61219675  0.47023842 -3.50213863 -1.98140642
 -0.11877232  0.          0.        ]
log likelihood =  -1696.4359069655181
Lr derivatives =  [-1.4757456547474135, -3.1699964861147145, -19.084064843162523]
other derivatives =  [-6.96605048 -0.60407774 -4.64597611 -2.50362291  2.18269266  0.96722332]
Current x_clock array =  [-6.17246159e-01 -7.70405871e-01 -6.09417882e-01  4.69894687e-01
 -3.50314208e+00 -1.99675960e+00 -1.17421705e-01  0.00000000e+00
 -3.46275572e-04]
log likelihood =  -1696.342858940656
Lr derivatives =  [-0.7928815217028236, -2.8762334785531087, -19.06437492674368]
other derivatives =  [-5.16948012 -1.7716925   1.93546225 -2.54594624  2.56336468  0.85247359]
Current x_clock array =  [-6.15709056e-01 -7.74270848e-01 -5.97338239e-01  4.74478912e-01
 -3.50303404e+00 -2.05266190e+00 -1.09171397e-01  0.00000000e+00
 -3.40626771e-04]
log likelihood =  -1696.25986251453
Lr derivatives =  [-0.41392586577770096, -2.6132440876996967, 1.5136038200580515]
other derivatives =  [-2.33342462 -1.39475355  4.2440472  -2.21111463  2.61685298  0.70564474]
Current x_clock array =  [-0.61276866 -0.7745117  -0.59290728  0.48697061 -3.50195881 -2.11882009
 -0.10727036  0.          0.        ]
log likelihood =  -1696.151405461364
Lr derivatives =  [0.06043929520169833, -2.1931361324852245, 1.0663370630936697]
other derivatives =  [ 2.70217902  0.1933272   5.64236302 -1.43427792  2.39826818  0.44467083]
Current x_clock array =  [-0.60738193 -0.77284882 -0.58960206  0.51114481 -3.50328579 -2.25455352
 -0.10613072  0.          0.        ]
log likelihood =  -1696.0336230597502
Lr derivatives =  [-0.6545769521869911, -2.5638410518089536, 1.609237187949475]
other derivatives =  [ 1.71539705 -0.37647737  4.95858353 -0.30031424  0.79197196  0.21131808]
Current x_clock array =  [-0.60750318 -0.77574135 -0.58908031  0.53565224 -3.53239662 -2.41724124
 -0.10338879  0.          0.        ]
log likelihood =  -1696.3047445932716
Lr derivatives =  [1.5298148234182225, 0.13144934125233831, -20.36128060168207]
other derivatives =  [13.90578359  2.60668457 -4.35046377 -2.58596947 -0.56772437 -0.11286526]
Current x_clock array =  [-5.95624427e-01 -7.73284076e-01 -6.04016980e-01  4.27774690e-01
 -3.61028505e+00 -2.78187365e+00 -7.37162434e-02  0.00000000e+00
 -1.15181090e-03]
log likelihood =  -1696.0201668370592
Lr derivatives =  [-0.19462842545525927, -2.0223600184910246, -20.656240574943922]
other derivatives =  [ 3.88442822  0.1902074   3.18507705 -0.75434855  0.5303298   0.12961669]
Current x_clock array =  [-6.05307309e-01 -7.75287103e-01 -5.91841459e-01  5.15710298e-01
 -3.54679486e+00 -2.48464617e+00 -9.79036089e-02  0.00000000e+00
 -2.12920565e-04]
log likelihood =  -1695.9897952200813
Lr derivatives =  [-0.4787034463477733, -2.109338476788053, 1.2939835869474337]
other derivatives =  [ 1.46386583 -0.2835618   0.90895264 -0.22400855 -0.12865499  0.04885332]
Current x_clock array =  [-0.60728363 -0.77673602 -0.59482001  0.52624122 -3.55644753 -2.57374139
 -0.09870277  0.          0.        ]
log likelihood =  -1695.9870957537537
Lr derivatives =  [-0.42264681215936406, -2.0504117433721714, -21.195587482023814]
other derivatives =  [ 0.32343064 -0.50851213  0.11344127 -0.02133061 -0.17373816  0.02130655]
Current x_clock array =  [-6.08314028e-01 -7.77338582e-01 -5.95832479e-01  5.31624984e-01
 -3.55515484e+00 -2.61213686e+00 -9.94207601e-02  0.00000000e+00
 -1.78198858e-05]
log likelihood =  -1695.9862261647718
Lr derivatives =  [-0.2991408783286147, -1.939594359491028, 1.1193833415745758]
other derivatives =  [-0.02362481 -0.52124369 -0.20056132  0.00996351 -0.11565162  0.00631667]
Current x_clock array =  [-0.60865431 -0.7774418  -0.59623641  0.53247249 -3.55343999 -2.63575902
 -0.09958422  0.          0.        ]
log likelihood =  -1695.9865682419868
Lr derivatives =  [-0.09095126846371837, -1.764183812865961, -21.179188509732754]
other derivatives =  [-0.08317829 -0.44107492 -0.29717989 -0.01630997  0.01356194 -0.00950712]
Current x_clock array =  [-6.08750426e-01 -7.77379506e-01 -5.96306051e-01  5.31958305e-01
 -3.55086370e+00 -2.66332556e+00 -9.94512652e-02  0.00000000e+00
 -2.19687453e-05]
log likelihood =  -1695.9862260269197
Lr derivatives =  [-0.2513442228540672, -1.8992552540102081, -21.198735100095515]
other derivatives =  [-0.0373152  -0.50274639 -0.22283234  0.00396699 -0.08606097  0.00258245]
Current x_clock array =  [-6.08676351e-01 -7.77427512e-01 -5.96252383e-01  5.32354577e-01
 -3.55284918e+00 -2.64208075e+00 -9.95537304e-02  0.00000000e+00
 -5.03801129e-06]
      fun: 1695.9862260269197
 hess_inv: <9x9 LbfgsInvHessProduct with dtype=float64>
      jac: array([-3.73152034e-02, -5.02746389e-01, -2.22832341e-01,  3.96698852e-03,
       -8.60609736e-02,  2.58244539e-03, -2.51344223e-01, -1.89925525e+00,
       -2.11987351e+01])
  message: 'CONVERGENCE: REL_REDUCTION_OF_F_<=_FACTR*EPSMCH'
     nfev: 36
      nit: 31
     njev: 36
   status: 0
  success: True
        x: array([-6.08676351e-01, -7.77427512e-01, -5.96252383e-01,  5.32354577e-01,
       -3.55284918e+00, -2.64208075e+00, -9.95537304e-02,  0.00000000e+00,
       -5.03801129e-06])
