number of sites to be analyzed:  175
log likelihood =  -2362.8735668807312
Lr derivatives =  [-111.4918722666069, -183.8956523445171, -181.26875541187275]
other derivatives =  [ -0.79554502  -8.13022871   9.70219116 -39.91110952 147.31810552
  -0.        ]
Current x_clock array =  [-0.54243096 -0.6296741  -0.53445723  0.18232156 -0.10536052  0.33647224
 -0.51082562 -0.51082562 -0.51082562]
log likelihood =  -2238.1982114886077
Lr derivatives =  [60.151398233616256, -90.71720008385611, -126.83370672852755]
other derivatives =  [ 15.49386343   7.60848934 -35.90164852 -18.3225975  115.73642041
  -0.        ]
Current x_clock array =  [-0.53982915 -0.62661134 -0.58571973  0.39319592 -0.88373056  0.33647224
  0.07825291 -0.50812663 -0.50812663]
log likelihood =  -2124.6578691143222
Lr derivatives =  [56.38550770831488, -46.40393760168582, -55.2139493941195]
other derivatives =  [-54.0096371    3.97056829  13.16512726   2.75002594  57.66071011
  -0.        ]
Current x_clock array =  [-0.6042831  -0.66680953 -0.45821774  0.56809323 -1.7319692   0.33647224
  0.09777291 -0.35694112 -0.20145555]
log likelihood =  -2257.005124988938
Lr derivatives =  [-43.86883527516527, -59.752860016866, 52.15019882598426]
other derivatives =  [1390.21346968   -3.87340015  -39.08813414   14.5022891   -37.19737585
   -0.        ]
Current x_clock array =  [-0.18552617 -0.71027986 -0.55498158  0.66783656 -2.68859259  0.33647224
 -0.11897666 -0.04367509  0.        ]
log likelihood =  -2104.5783780242546
Lr derivatives =  [32.949069124620536, -43.27734381533172, -39.26204437683745]
other derivatives =  [112.15542918   2.85557144 -16.30547195   9.1109996   28.2749115
  -0.        ]
Current x_clock array =  [-0.47314396 -0.68042282 -0.48852059  0.59932914 -2.03154816  0.33647224
  0.02989499 -0.25883782 -0.13836714]
log likelihood =  -2089.0649818576094
Lr derivatives =  [-13.39857492650178, -50.385670877708584, 33.73006620677188]
other derivatives =  [-16.62567956 -11.10635549   7.89485421  18.60207612 -13.4202711
  -0.        ]
Current x_clock array =  [-0.5630934  -0.7048216  -0.43571801  0.63969022 -2.41933343  0.33647224
 -0.10493628 -0.10467502  0.        ]
log likelihood =  -2081.8130061140587
Lr derivatives =  [-0.3782307945698804, -35.333350778885844, 15.125983149693397]
other derivatives =  [-4.13907583 -0.05397942  1.09441316 13.96996004 -4.05443419 -0.        ]
Current x_clock array =  [-0.55418916 -0.68945319 -0.44709331  0.58998675 -2.34390829  0.33647224
 -0.14963672 -0.0080641  -0.0407749 ]
log likelihood =  -2080.6810322563756
Lr derivatives =  [1.11875079227584, -35.29577304906956, -6.249069473249607]
other derivatives =  [-0.64210872 -3.41951636  0.78025369 10.29829764  0.7890457  -0.        ]
Current x_clock array =  [-0.55165103 -0.69343612 -0.4516159   0.53810554 -2.28081604  0.33647224
 -0.16934083  0.         -0.07035179]
log likelihood =  -2080.267733092169
Lr derivatives =  [2.0349336330331376, -34.25324810922811, -3.213072866080193]
other derivatives =  [ 3.9587153   0.92597929  0.13985573  6.39179689  4.31960406 -0.        ]
Current x_clock array =  [-0.54817972 -0.6849187  -0.45578985  0.48146413 -2.23279466  0.33647224
 -0.18932826  0.         -0.06535667]
log likelihood =  -2079.884800117766
Lr derivatives =  [-2.718807915375515, -37.27025850534665, -7.346945603472562]
other derivatives =  [-1.10365818  0.58513933 -4.49765594  1.77655693  1.4900732  -0.        ]
Current x_clock array =  [-0.55143064 -0.68464667 -0.46394398  0.39698233 -2.26196975  0.33647224
 -0.2019598   0.         -0.07082887]
log likelihood =  -2079.877658268021
Lr derivatives =  [-2.451327592286363, -36.849181575393345, -0.45960183212331884]
other derivatives =  [ 5.07013374 -2.0625157  13.67894583 -1.23413975  0.67628133 -0.        ]
Current x_clock array =  [-0.54741367 -0.69087178 -0.44105193  0.35140963 -2.29445771  0.33647224
 -0.19110055  0.         -0.05929845]
log likelihood =  -2079.793305322983
Lr derivatives =  [-2.5610818802225968, -37.040541324965034, -4.005758208173221]
other derivatives =  [ 2.00364821 -0.75245771  4.43181034  0.24550536  1.08500887 -0.        ]
Current x_clock array =  [-0.54940517 -0.68778554 -0.45240116  0.37400328 -2.2783511   0.33647224
 -0.19648426  0.         -0.0650149 ]
log likelihood =  -2079.7389328258096
Lr derivatives =  [-1.3642833708078381, -35.95075482852869, 0.06572549462949695]
other derivatives =  [ 0.42019701 -0.16157492  0.57960688  0.07113476 -0.06088595 -0.        ]
Current x_clock array =  [-0.55060485 -0.68788763 -0.45622646  0.36657982 -2.30115661  0.33647224
 -0.18659179  0.         -0.05940682]
log likelihood =  -2079.7346098308517
Lr derivatives =  [-0.4991224925869755, -35.43869898982854, 0.3020139078954145]
other derivatives =  [-0.12369219  0.0259497   0.01854187  0.07916378 -0.15449775 -0.        ]
Current x_clock array =  [-0.55111988 -0.68804624 -0.45654049  0.36617654 -2.30692417  0.33647224
 -0.18147321  0.         -0.05934908]
log likelihood =  -2079.7340157331996
Lr derivatives =  [-0.018655287945176013, -35.18153082278252, 0.13918954208101653]
other derivatives =  [-0.08162033 -0.11510383 -0.08041434  0.01076023  0.00042593 -0.        ]
Current x_clock array =  [-0.55113818 -0.68845703 -0.45658922  0.36534781 -2.30722072  0.33647224
 -0.17947107  0.         -0.05972614]
log likelihood =  -2079.7339879817387
Lr derivatives =  [0.012106683915769523, -35.17467019672892, -0.004203837878453243]
other derivatives =  [-0.03531068  0.06411483  0.01164472  0.00286127 -0.00766202 -0.        ]
Current x_clock array =  [-0.55111486 -0.68817878 -0.45647006  0.36523869 -2.30750072  0.33647224
 -0.17927041  0.         -0.05994564]
log likelihood =  -2079.733982975423
Lr derivatives =  [0.0014283935281511617, -35.18054007799538, 0.003302775874558961]
other derivatives =  [ 0.00219552  0.00158525 -0.00375303  0.00065438 -0.00165216 -0.        ]
Current x_clock array =  [-0.55108134 -0.68827626 -0.45649761  0.3652081  -2.30737594  0.33647224
 -0.17934415  0.         -0.059931  ]
log likelihood =  -2079.733982929678
Lr derivatives =  [-8.392305244697695e-05, -35.18177417807648, 0.0004126421381158707]
other derivatives =  [-3.59432306e-03 -1.00862962e-03  4.58385330e-04 -2.13731255e-05
  1.74224894e-04 -0.00000000e+00]
Current x_clock array =  [-0.55108592 -0.6882789  -0.45649361  0.36520317 -2.30734339  0.33647224
 -0.1793581   0.         -0.05993456]
      fun: 2079.733982929678
 hess_inv: <9x9 LbfgsInvHessProduct with dtype=float64>
      jac: array([-3.59432306e-03, -1.00862962e-03,  4.58385330e-04, -2.13731255e-05,
        1.74224894e-04, -0.00000000e+00, -8.39230524e-05, -3.51817742e+01,
        4.12642138e-04])
  message: 'CONVERGENCE: REL_REDUCTION_OF_F_<=_FACTR*EPSMCH'
     nfev: 18
      nit: 15
     njev: 18
   status: 0
  success: True
        x: array([-0.55108592, -0.6882789 , -0.45649361,  0.36520317, -2.30734339,
        0.33647224, -0.1793581 ,  0.        , -0.05993456])
