number of sites to be analyzed:  340
log likelihood =  -4374.737384191834
Lr derivatives =  [-44.900635030971834, -222.85338122571312, -56.84383583592914]
other derivatives =  [ 70.38273361 -19.8394755   44.58325748 -74.73002643 291.37691672
  32.5748897   87.54242663]
Current x_clock array =  [-0.5420263  -0.72326582 -0.58656904  0.18232156 -0.10536052 -0.10536052
  0.33647224 -0.51082562 -0.51082562 -0.51082562]
log likelihood =  -4151.059098130574
Lr derivatives =  [-42.82019786055633, -219.48345225227177, -67.40313177077968]
other derivatives =  [-304.28134232    3.14716817  -85.08495739  -37.34482925  181.19182278
   31.18508448   68.54471758]
Current x_clock array =  [-0.75602743 -0.72121873 -0.72212598  0.40954079 -0.99130212 -0.2044056
  0.07029646 -0.37430369 -0.50927244 -0.50927244]
log likelihood =  -3929.2140901813655
Lr derivatives =  [-2.788955743854716, -96.77081728203505, 32.863200893034964]
other derivatives =  [ 173.03924278   76.29653282 -162.27745618   54.13019335  -33.57674952
   47.26944462   57.98405482]
Current x_clock array =  [-0.49602687 -0.73754874 -0.76389429  0.82467712 -2.6781814  -0.41395073
 -0.46356936 -0.08578645 -0.24133716 -0.41701586]
log likelihood =  -3878.467901665284
Lr derivatives =  [16.909989449166346, -55.371488334570216, 49.63138990369597]
other derivatives =  [-124.93522354  -40.97664669  108.25282925   33.04131633  -28.20686548
   47.0656928    56.6275703 ]
Current x_clock array =  [-0.63807611 -0.86473974 -0.46672532  0.76382006 -2.74411685 -0.50882759
 -0.59989785 -0.05567508 -0.01197694 -0.44578032]
log likelihood =  -3861.5987389368347
Lr derivatives =  [20.03887392841446, -60.08855644416501, 36.2370251087381]
other derivatives =  [-31.1383269  -21.62160763  23.52094998  30.11867329 -15.47215929
  41.27212787  51.27839313]
Current x_clock array =  [-0.58690104 -0.83893821 -0.53103431  0.71894913 -2.63426729 -0.52872057
 -0.60867227 -0.08225778  0.         -0.48156763]
log likelihood =  -3851.3988588961756
Lr derivatives =  [4.450877246900575, -82.66921116712471, 3.5277710356557]
other derivatives =  [40.26337956 -1.01122441 -2.81461598 22.96366711 -2.97334336 29.05020938
 37.69613977]
Current x_clock array =  [-0.55418907 -0.81019806 -0.56105668  0.64439428 -2.52055319 -0.58945736
 -0.67023261 -0.12595687  0.         -0.54571108]
log likelihood =  -3844.6618972638794
Lr derivatives =  [-12.101409562330467, -101.02594233947633, -22.090305816574684]
other derivatives =  [ 19.20875184   5.80365577 -21.61139219  16.2802171   -0.55403994
  18.97768016  24.42607911]
Current x_clock array =  [-0.56250774 -0.79885209 -0.58141781  0.57488092 -2.50294435 -0.6813591
 -0.78788119 -0.14177309  0.         -0.58613293]
log likelihood =  -3836.5474773767282
Lr derivatives =  [-6.774089154684287, -98.53599212387407, -28.274615277350584]
other derivatives =  [ 13.59065755  12.24497555 -17.64260105   4.75319075   4.240185
  10.33010722  12.33845071]
Current x_clock array =  [-0.56541856 -0.79433879 -0.57686628  0.46656318 -2.52921833 -0.84435802
 -1.00367418 -0.10845351  0.         -0.57473713]
log likelihood =  -3833.887362986594
Lr derivatives =  [-23.82954000064724, -91.81534249328118, -6.3178976041454575]
other derivatives =  [ -9.43424857 -78.69853789 -29.2946861   -1.9009376  -11.11150033
   3.92779397   4.33427446]
Current x_clock array =  [-0.57086676 -0.90949264 -0.58801276  0.37064038 -2.66646904 -1.14037677
 -1.37716015 -0.14466616  0.         -0.41486769]
log likelihood =  -3828.5831525139106
Lr derivatives =  [3.1914762063010897, -73.36756087252792, 9.555302937878405]
other derivatives =  [-6.90915749  6.2179347   6.24483619 -5.41492773 -3.87858031  3.00980619
  3.02526559]
Current x_clock array =  [-0.57526347 -0.80629019 -0.55272759  0.3277907  -2.66239863 -1.22039506
 -1.47964352 -0.09996514  0.         -0.38373886]
log likelihood =  -3828.3672990193545
Lr derivatives =  [0.7644350629968262, -76.28168165971243, 3.5055241107973316]
other derivatives =  [ 0.25188683 -0.79576967  1.67493636 -5.75066679 -2.47187658  2.5239855
  2.60046385]
Current x_clock array =  [-0.57158447 -0.81349476 -0.55738505  0.32928115 -2.64740212 -1.22313651
 -1.48110394 -0.10441273  0.         -0.39743261]
log likelihood =  -3828.2167717735465
Lr derivatives =  [-0.40837075570795633, -77.70277358500661, -0.41377876169266514]
other derivatives =  [ 2.61791592 -2.05229207 -1.46489219 -5.75106287 -1.57791714  1.78333565
  1.87668856]
Current x_clock array =  [-0.57037577 -0.81472309 -0.56038116  0.33175596 -2.63888845 -1.24655785
 -1.5087241  -0.10661244  0.         -0.4037707 ]
log likelihood =  -3827.9788794168103
Lr derivatives =  [-1.6345955166814043, -78.41065328677496, -3.709438490635982]
other derivatives =  [ 3.63055597 -2.74704644 -2.32997991 -4.52476525 -0.72948522  0.54047548
  0.73546941]
Current x_clock array =  [-0.56988959 -0.8157331  -0.56093762  0.34837306 -2.62919675 -1.30246813
 -1.57559476 -0.10992447  0.         -0.40406579]
log likelihood =  -3827.916209826679
Lr derivatives =  [3.744843014533207, -73.8200844178404, 1.0630474188728094]
other derivatives =  [-12.26068071  -1.91288882 -13.82889559  -0.70780879   1.72663554
  -0.1792892    0.30170421]
Current x_clock array =  [-0.57730394 -0.81563737 -0.56913002  0.39183513 -2.60956003 -1.35238038
 -1.63670286 -0.10732962  0.         -0.38927453]
log likelihood =  -3827.787047850542
Lr derivatives =  [0.7792841267141632, -75.15853166905951, -0.2683177944491142]
other derivatives =  [ 3.35833056 -0.39393581 -0.84874273 -0.32372418  0.60785783 -0.4372583
  0.03590357]
Current x_clock array =  [-0.57044164 -0.81442883 -0.55819301  0.39713976 -2.61479313 -1.36941511
 -1.65800378 -0.11156077  0.         -0.38831848]
log likelihood =  -3827.7811939770377
Lr derivatives =  [0.2250508601322192, -75.57911045008485, -0.2715163535033902]
other derivatives =  [ 0.46740206 -0.34595678 -0.13875615 -0.27996612  0.20265778 -0.3214862
  0.14155056]
Current x_clock array =  [-0.57172086 -0.81418521 -0.55756318  0.39718631 -2.61654023 -1.36174033
 -1.64903808 -0.11213502  0.         -0.38877179]
log likelihood =  -3827.780200876037
Lr derivatives =  [0.08911085564640864, -75.63456954835299, -0.007543846036625723]
other derivatives =  [-0.22595623  0.01651506  0.05918673 -0.08873167  0.01142239 -0.26367808
  0.19767618]
Current x_clock array =  [-0.57204521 -0.81375589 -0.55735178  0.39892119 -2.61711688 -1.35860553
 -1.64578337 -0.11252815  0.         -0.38829768]
log likelihood =  -3827.779927921785
Lr derivatives =  [0.024376648831820447, -75.66339972498459, 0.05159135846066931]
other derivatives =  [-1.24455710e-01  4.90617822e-02  3.16354090e-02  1.17324817e-04
 -3.66747233e-02 -2.49039851e-01  2.07933106e-01]
Current x_clock array =  [-0.57199961 -0.8137185  -0.5573702   0.3998091  -2.6170706  -1.35757796
 -1.64554278 -0.11278132  0.         -0.38813521]
log likelihood =  -3827.7790933996707
Lr derivatives =  [-0.15361481781286734, -75.80059738030377, -0.02104108184828135]
other derivatives =  [-0.06729897  0.01489298  0.23164648  0.1630292  -0.07634584 -0.21490083
  0.21291911]
Current x_clock array =  [-0.57198077 -0.8137322  -0.55719465  0.40172175 -2.61640785 -1.35380666
 -1.64617007 -0.11332832  0.         -0.38829053]
log likelihood =  -3827.777969745911
Lr derivatives =  [-0.09238984651629245, -75.82347679444878, 0.06119244560107262]
other derivatives =  [ 1.07584174  0.44967419 -0.54941756  0.33200877 -0.12336127 -0.09674703
  0.22904551]
Current x_clock array =  [-0.57148652 -0.81326814 -0.55788507  0.40336953 -2.6157215  -1.34333437
 -1.64773853 -0.11376414  0.         -0.3884768 ]
log likelihood =  -3827.776574786212
Lr derivatives =  [-0.1880834486532681, -75.91839054571078, -0.1734421915493911]
other derivatives =  [ 0.80136397  0.08351208 -0.17461662  0.34720779 -0.04276539 -0.08762794
  0.18731107]
Current x_clock array =  [-0.57161694 -0.81364557 -0.55756319  0.40404747 -2.61469121 -1.34011692
 -1.65234207 -0.1140015   0.         -0.38885994]
log likelihood =  -3827.7745016139556
Lr derivatives =  [-0.10345545752432628, -75.92291129151423, -0.49675447476301926]
other derivatives =  [ 0.35391895 -0.18347282  0.20149537  0.21163214  0.15725425 -0.05890979
  0.09228817]
Current x_clock array =  [-0.57185007 -0.81390179 -0.55725543  0.4033812  -2.61305368 -1.33327677
 -1.66331241 -0.11404273  0.         -0.38934953]
log likelihood =  -3827.7731739605256
Lr derivatives =  [0.0040615542751467615, -75.7664719432176, -0.27984925999458454]
other derivatives =  [ 0.18434912 -0.23465236  0.3385403   0.08447432  0.17766637 -0.01375148
  0.03785656]
Current x_clock array =  [-0.57195022 -0.81393184 -0.55716126  0.40210956 -2.61276083 -1.32824818
 -1.67299987 -0.11437633  0.         -0.38832563]
log likelihood =  -3827.7730175723777
Lr derivatives =  [-0.40515349913846954, -75.97710264363305, -0.46230282856497595]
other derivatives =  [-0.05082074  0.20539073  0.01176659 -0.05682023 -0.09946243 -0.02821577
 -0.04360376]
Current x_clock array =  [-0.5720402  -0.81332598 -0.55754278  0.39992582 -2.61390588 -1.32731368
 -1.68244097 -0.11552535  0.         -0.38768077]
log likelihood =  -3827.772621209623
Lr derivatives =  [0.00893394124438096, -75.62021677532934, 0.08742754152101995]
other derivatives =  [ 0.00233968 -0.03849573  0.07198832 -0.01972148  0.01757391  0.01038599
  0.00265084]
Current x_clock array =  [-0.57203431 -0.81368782 -0.5574183   0.40046005 -2.61378834 -1.3266765
 -1.68049055 -0.11485315  0.         -0.38678912]
log likelihood =  -3827.772605184154
Lr derivatives =  [-0.015101866634841699, -75.65820183887023, 0.008023982243560823]
other derivatives =  [-6.33781383e-02 -6.09588824e-03 -2.83457666e-02 -3.39969120e-03
  1.68857454e-02 -1.95280465e-05  2.32094692e-03]
Current x_clock array =  [-0.57205956 -0.8136494  -0.55750189  0.40062283 -2.61377293 -1.32735238
 -1.67972348 -0.11482217  0.         -0.38701559]
log likelihood =  -3827.77260457914
Lr derivatives =  [-0.01379612678944575, -75.65914870315176, -0.007473435176205356]
other derivatives =  [ 0.06562504  0.01779881  0.02357365 -0.00938553  0.01718861 -0.00274508
  0.00141249]
Current x_clock array =  [-0.57200284 -0.8136306  -0.55745941  0.40056273 -2.61383139 -1.32759144
 -1.67959583 -0.11477923  0.         -0.38706544]
      fun: 3827.77260457914
 hess_inv: <10x10 LbfgsInvHessProduct with dtype=float64>
      jac: array([ 6.56250450e-02,  1.77988113e-02,  2.35736479e-02, -9.38553057e-03,
        1.71886102e-02, -2.74508042e-03,  1.41249275e-03, -1.37961268e-02,
       -7.56591487e+01, -7.47343518e-03])
  message: 'CONVERGENCE: REL_REDUCTION_OF_F_<=_FACTR*EPSMCH'
     nfev: 27
      nit: 26
     njev: 27
   status: 0
  success: True
        x: array([-0.57200284, -0.8136306 , -0.55745941,  0.40056273, -2.61383139,
       -1.32759144, -1.67959583, -0.11477923,  0.        , -0.38706544])
