number of sites to be analyzed:  108
log likelihood =  -2552.57626120137
Edge derivatives =  [6.611794687012216, 24.956069439787576, 28.78572464222293, 16.800132218988118, 16.78528475692704, -5.216646657700043, 28.696061374925744, 17.36805753038458, 2.6422817656857998, 12.65150607726176, 30.774056087893488, 33.15817210215146]
other derivatives: [ -81.53172348   17.82886875  -45.49649657   83.75697234 -272.80440509
   -1.58734065    0.        ]
Current x array =  [-0.59186906 -0.82196146 -0.6003946   0.18232156 -0.10536052 -0.10536052
  0.33647224 -2.30258509 -2.30258509 -2.30258509 -2.30258509 -2.30258509
 -2.30258509 -2.30258509 -2.30258509 -2.30258509 -2.30258509 -2.30258509
 -2.30258509]
Forced parameter: {6: 0}
log likelihood =  -2334.1646952552414
Edge derivatives =  [7.623053147590821, 24.81822164636198, 29.013480760061857, 18.861669947394244, 16.380188088590103, -3.1595424266253715, 30.014024446415345, 17.893415301697107, 3.6438738144969016, 14.266550162954363, 30.483925044329744, 34.617285563122714]
other derivatives: [ 110.13965604   23.46047131   -4.01665557   62.25133393 -176.69584149
   -4.81483266    0.        ]
Current x array =  [-0.87275654 -0.81930195 -0.757136    0.21614475 -1.04520747 -0.11082911
  0.33647224 -2.28087186 -2.21660816 -2.28087186 -2.28087186 -2.28087186
 -2.32055712 -2.28087186 -2.28087186 -2.29348209 -2.28087186 -2.28087186
 -2.28087186]
Forced parameter: {6: 0}
log likelihood =  -2123.739002590485
Edge derivatives =  [6.501976389266452, 22.924028762377592, 27.947712618353872, 16.700869574119185, 13.346736353984062, -1.8862923293629035, 27.552145117119398, 15.026021520577197, 3.2363666983227652, 13.678230789699032, 28.389828547058684, 30.564396849705425]
other derivatives: [-162.70517335    8.92670732   29.56049684    7.43362989   -6.67048989
   -5.91373419    0.        ]
Current x array =  [-0.5066717  -0.72359567 -0.95445292  0.41363638 -3.16438665 -0.14638539
  0.33647224 -2.21112154 -1.96966649 -2.14637684 -2.17272318 -2.18789874
 -2.3597357  -2.13997134 -2.18036393 -2.26110383 -2.18847422 -2.14331672
 -2.12510983]
Forced parameter: {6: 0}
log likelihood =  -2095.4835681310888
Edge derivatives =  [7.112088847665001, 21.70346026399012, 27.859873732141217, 18.07067985586451, 14.415741789585233, -1.0300310570672138, 27.036196441635422, 15.080207807156306, 3.945480080470373, 13.047791844006527, 26.302786076809728, 30.05691689058066]
other derivatives: [114.06930889 -25.90324402   9.98675114   1.76030471   9.11483949
  -4.22862149   0.        ]
Current x array =  [-0.80526689 -0.65322033 -0.80455737  0.45984366 -3.51728629 -0.1851141
  0.33647224 -2.16571378 -1.81549663 -1.99422881 -2.07250604 -2.10955816
 -2.37335103 -1.98627379 -2.09154833 -2.23822561 -2.10579071 -1.98930148
 -1.95460726]
Forced parameter: {6: 0}
log likelihood =  -2078.4484221016105
Edge derivatives =  [6.745393081539691, 21.111379928398275, 27.30954356732785, 17.094135145536356, 14.08331459776134, -0.9817063637703112, 25.610241803819264, 13.987579842543422, 3.5774509543542767, 12.283323830164809, 25.0303983489376, 28.13198641538788]
other derivatives: [ 85.26428746 -24.96453499   6.03078888   1.22956408  12.49374366
  -4.46777358   0.        ]
Current x array =  [-0.75574779 -0.65783529 -0.75559206  0.48724304 -3.63411984 -0.20072555
  0.33647224 -2.14468444 -1.74675514 -1.91804409 -2.02289419 -2.07005339
 -2.378708   -1.91044412 -2.04828203 -2.22729977 -2.0671204  -1.91395593
 -1.87014482]
Forced parameter: {6: 0}
log likelihood =  -2031.8181026723396
Edge derivatives =  [2.570373995023862, 15.281803455396734, 19.29424598308814, 7.024494448481479, 11.46951797695218, -1.615276734868811, 8.757414577589318, 3.519713899476822, -0.5765528438067647, 4.727139057115561, 11.116077428118711, 6.853802324810412]
other derivatives: [-184.34407002  -25.0574235  -151.25059372   -5.21539687   24.68460336
   -8.14250416    0.        ]
Current x array =  [-0.51884815 -0.76003728 -0.39345215  0.69409716 -4.26782069 -0.34076402
  0.33647224 -1.96853826 -1.16650728 -1.2449263  -1.59930676 -1.72406506
 -2.41947233 -1.26121068 -1.68668758 -2.13826052 -1.74155679 -1.26771953
 -1.15366889]
Forced parameter: {6: 0}
log likelihood =  -2003.5451891470173
Edge derivatives =  [2.7834684337891855, 15.106824711238739, 18.45024399217816, 8.137854165158023, 8.916334586460021, -1.6934199080731054, 10.82285806152324, 3.5213208928438458, -0.2728782374564593, 6.0014837530189835, 10.227962911380951, 9.061798564213905]
other derivatives: [-47.37021595  -7.47210834 -13.58889267  -7.22451728  23.03416286
  -7.17923967   0.        ]
Current x array =  [-0.62221224 -0.80286966 -0.59096936  0.66771451 -4.17007621 -0.34408614
  0.33647224 -1.97259425 -1.17376942 -1.25034869 -1.6076288  -1.72484402
 -2.41892619 -1.27758327 -1.69717379 -2.14213265 -1.74930924 -1.28195629
 -1.17481835]
Forced parameter: {6: 0}
log likelihood =  -1987.6128909353752
Edge derivatives =  [1.6436031647281144, 12.616725309816696, 14.040558076812783, 5.595326328408129, 6.552379197193229, -2.0296022534762352, 5.182301172846294, 0.2562190119470136, -1.50028343809288, 3.8361082594534244, 4.048830073440417, 2.316738984180851]
other derivatives: [ 1.60529953  5.38907443 -1.87030287 -8.23075311 20.64707872 -7.8129342
  0.        ]
Current x array =  [-0.68692667 -0.8673156  -0.58938958  0.69658381 -4.11995814 -0.39852787
  0.33647224 -1.92028494 -0.99148772 -1.02412173 -1.47415667 -1.61004684
 -2.43080423 -1.07528276 -1.59016338 -2.11874663 -1.64825839 -1.0798319
 -0.95690223]
Forced parameter: {6: 0}
log likelihood =  -1976.3414076839717
Edge derivatives =  [-0.30488025985434913, 8.248617547349781, 6.026156377191592, 1.0566746154090612, 2.079815592345972, -2.611347725520401, -3.3318435316415638, -4.488666344037363, -3.2005181668218166, 0.19803399518918918, -4.967022510629797, -7.586867475991482]
other derivatives: [12.83444476  5.65483288 19.16634528 -5.41788631 10.06853593 -8.40914663
  0.        ]
Current x array =  [-0.7182286  -0.88830099 -0.60525605  0.70383768 -3.83787552 -0.49542
  0.33647224 -1.85924645 -0.74651625 -0.7124427  -1.30448498 -1.45563912
 -2.4515764  -0.83366184 -1.47467102 -2.10296278 -1.52349619 -0.84227952
 -0.71134214]
Forced parameter: {6: 0}
log likelihood =  -1974.006419119848
Edge derivatives =  [-1.183132331198149, 5.947789905505831, 2.056141866675072, 0.02397948203874302, 1.9030024805507297, -2.4470671622479743, -1.6321353652552617, -2.8394824404768695, -2.246947082341099, 0.3549842564808096, -2.181561023230959, -2.8856719045592314]
other derivatives: [ 57.7696751    5.44995419 -25.66662056   4.49738832  -5.5616563
  -5.93810273   0.        ]
Current x array =  [-0.79459707 -0.87756083 -0.52974114  0.63110239 -3.44487607 -0.63978536
  0.33647224 -1.86752834 -0.61436922 -0.58776659 -1.282523   -1.40822821
 -2.49315757 -0.87821812 -1.54722129 -2.15934968 -1.5201808  -0.90868424
 -0.82744759]
Forced parameter: {6: 0}
log likelihood =  -1970.4001256461117
Edge derivatives =  [-1.3873466767446847, 5.399605822489397, 1.5587725521850897, -0.620656028475448, 0.8215360900404631, -2.546802875076565, -1.6901717894737436, -3.483683956340353, -2.3960714989692122, 0.15498808489295607, -2.5446570627096046, -3.3621830249089073]
other derivatives: [22.20295301 -2.06030631  2.56157864  2.27384908 -2.65635472 -6.18359195
  0.        ]
Current x array =  [-0.73395757 -0.86024527 -0.57579953  0.6459187  -3.51126389 -0.65450093
  0.33647224 -1.86891797 -0.59500127 -0.58082243 -1.281076   -1.4026976
 -2.49985319 -0.87973816 -1.55234055 -2.16404924 -1.51771796 -0.91142519
 -0.8319767 ]
Forced parameter: {6: 0}
log likelihood =  -1968.866982931599
Edge derivatives =  [-1.6194446625534928, 4.39994118728422, 0.5938399905846903, -1.2323726437551272, 0.21924602318773379, -2.499243194052551, -0.7999840424043858, -3.286444998577034, -2.119498608436933, 0.18928000637806078, -1.3084916034559897, -1.9120514822671877]
other derivatives: [-4.53784196 -5.86289684  4.3807654   2.55928398 -1.69908492 -5.8622129
  0.        ]
Current x array =  [-0.69369443 -0.85308328 -0.58048344  0.64748368 -3.53808529 -0.7153728
  0.33647224 -1.87574491 -0.5355421  -0.54776692 -1.27965497 -1.38809588
 -2.52219226 -0.90270862 -1.58551399 -2.18784437 -1.51726271 -0.94295665
 -0.88019266]
Forced parameter: {6: 0}
log likelihood =  -1967.768571991722
Edge derivatives =  [-1.8523925241980166, 2.8463624161810293, -0.9931896033799359, -1.8995575888230418, -0.37735917690657583, -2.3855372115844835, 0.2767401141412773, -2.815232858127176, -1.679740950100411, 0.2154019565228511, 0.2076314770867131, 0.10161503242756204]
other derivatives: [-17.00761618  -5.21788479   0.71874661   3.53316955  -1.78113621
  -5.24396864   0.        ]
Current x array =  [-0.67580172 -0.85837337 -0.57335961  0.64805569 -3.54793405 -0.81095781
  0.33647224 -1.88318736 -0.43659425 -0.48365809 -1.2696337  -1.35967975
 -2.55644981 -0.92150332 -1.62842947 -2.22186346 -1.5097269  -0.97420678
 -0.9352802 ]
Forced parameter: {6: 0}
log likelihood =  -1966.6469994947859
Edge derivatives =  [-1.95479277627936, 0.8398428289716764, -2.567450321692528, -2.3636935818696254, -0.9113041345082837, -2.181016885106516, 1.4241590775628872, -2.1481455846557758, -1.1559865041022006, 0.19940747978925233, 1.686357802469433, 2.194380659191223]
other derivatives: [-16.13764016  -1.10071574  -4.53225562   3.31062461  -1.41545396
  -4.44276679   0.        ]
Current x array =  [-0.67503454 -0.87398994 -0.56136662  0.66707415 -3.57311821 -0.95001372
  0.33647224 -1.89738248 -0.29892458 -0.4031642  -1.25951346 -1.32240332
 -2.60834819 -0.93033085 -1.68517441 -2.26763799 -1.49414687 -0.99792934
 -0.98551099]
Forced parameter: {6: 0}
log likelihood =  -1965.4765592567574
Edge derivatives =  [-1.7157755305118263, -1.350387247330338, -2.7001649390115476, -1.9915074980027028, -1.137424739231993, -1.8435530777215032, 1.7125760702372042, -1.5838263727732869, -0.8299287534829914, -0.14844218134653636, 1.703469605752782, 2.5920326787284105]
other derivatives: [-7.55164046 -9.75048147 -9.14857515 -0.46701575  1.49488747 -3.40914005
  0.        ]
Current x array =  [-0.68519234 -0.85210181 -0.54922854  0.73060868 -3.65836162 -1.1630436
  0.33647224 -1.93615326 -0.13446233 -0.34620868 -1.27297834 -1.29118367
 -2.69601    -0.90136359 -1.76607239 -2.32941676 -1.46704862 -0.98311135
 -0.9854558 ]
Forced parameter: {6: 0}
log likelihood =  -1964.551804675973
Edge derivatives =  [-1.3797628943557028, -3.6077027068452168, -2.5603934759018343, -1.2060595636778881, -1.230389158460762, -1.4862946276067583, 1.9857985028113523, -0.7322616724626395, -0.45002805414417524, -0.061817039009156666, 1.5180375316225732, 2.9962806515430085]
other derivatives: [ 6.78338961 10.17825821  5.36933658 -3.35286381 -0.20509393 -2.18658244
  0.        ]
Current x array =  [-0.69841221 -0.91615611 -0.56929089  0.78173025 -3.62815653 -1.45335111
  0.33647224 -2.00557236  0.03313681 -0.31816766 -1.31907295 -1.27412115
 -2.81852531 -0.86545704 -1.89091278 -2.41592553 -1.4441512  -0.96621929
 -0.97910164]
Forced parameter: {6: 0}
log likelihood =  -1964.0013307280767
Edge derivatives =  [-1.2222787331054292, -2.9391218043716147, -1.1866474872418722, -0.6107765031608183, -0.6632364167880826, -1.4176633794336135, 1.5967003763504268, -0.6500346993390043, -0.5487262978072174, 0.030937246727145817, 0.9270403828932412, 2.0947324009879114]
other derivatives: [ 7.80635105  3.72446198  3.79529888 -3.95618963  1.00400831 -2.10208459
  0.        ]
Current x array =  [-0.70013659 -0.89407791 -0.56827489  0.78146324 -3.6442662  -1.45983948
  0.33647224 -2.02055655 -0.00564542 -0.36444437 -1.34241467 -1.29457233
 -2.8269853  -0.85400251 -1.89854396 -2.41645546 -1.44905973 -0.95316675
 -0.9523564 ]
Forced parameter: {6: 0}
log likelihood =  -1963.3498554632183
Edge derivatives =  [-0.8185961566620357, -2.4310207289422228, 0.8362554672499417, 0.47759523998835907, 0.2923202569976311, -1.2438658729406058, -0.4801476950917889, -0.5268550814951126, -0.7970703312002054, -0.16949445078732123, -1.071330439127349, -0.9050124719840448]
other derivatives: [ 3.65005121 -1.10522569 -8.63458376 -2.9641767   0.32091478 -1.5802803
  0.        ]
Current x array =  [-0.69583071 -0.87974708 -0.55132446  0.76909436 -3.62479791 -1.58102616
  0.33647224 -2.07586206 -0.03421426 -0.42989108 -1.39400689 -1.32229769
 -2.89168754 -0.79525076 -1.94825102 -2.4469023  -1.44300981 -0.90234948
 -0.87063463]
Forced parameter: {6: 0}
log likelihood =  -1963.0675076245373
Edge derivatives =  [-0.5355525852156303, -1.954841816112884, 2.1789932292020247, 1.4082083704339838, 0.7934279892753512, -1.122073858222902, -0.14960372025820634, 0.10046508288006795, -0.6783673521646798, 0.38077745028597126, -1.0860223111493716, -0.9408702866383898]
other derivatives: [ 3.97011377 -6.58883187  5.35787194 -1.47292212  0.63759179 -1.13053551
  0.        ]
Current x array =  [-0.69386881 -0.85976298 -0.57899215  0.73291131 -3.61070766 -1.67999131
  0.33647224 -2.12717837 -0.07974281 -0.49351911 -1.446049   -1.35308437
 -2.94605857 -0.79768503 -2.01126995 -2.48242376 -1.45621313 -0.91620884
 -0.87098464]
Forced parameter: {6: 0}
log likelihood =  -1962.843712428547
Edge derivatives =  [-0.438766732985154, -2.2291707260434817, 1.9161118122473737, 1.4589043050149741, 0.8115317518591727, -1.080040774399812, -0.07764951060339853, 0.28314348218528507, -0.5557354825888122, 0.4135755684905562, -0.7316606027780396, -0.5956806964932839]
other derivatives: [ 0.7990252  -1.99974261  1.62207994 -0.52405289 -0.0226474  -0.9556127
  0.        ]
Current x array =  [-0.6888213  -0.87450451 -0.57301522  0.72591634 -3.59940171 -1.7468017
  0.33647224 -2.14526268 -0.05994837 -0.48035914 -1.45110818 -1.34758684
 -2.97742563 -0.79506467 -2.03966407 -2.50478032 -1.45227301 -0.92242175
 -0.87920304]
Forced parameter: {6: 0}
log likelihood =  -1962.6932273237342
Edge derivatives =  [-0.2904215563585854, -2.430033397217967, 1.4252522928492168, 1.5332537570981069, 0.766842786517896, -1.031221780284193, 0.12220655618489773, 0.5289796487806637, -0.376369308115976, 0.4599243259340144, -0.18605876072262675, -0.0003616356674507881]
other derivatives: [-2.36898018  1.17226682 -1.05357958  0.77693426 -0.4904586  -0.71009468
  0.        ]
Current x array =  [-0.68378215 -0.88484167 -0.56920502  0.71347384 -3.59194134 -1.84309792
  0.33647224 -2.17343143 -0.0460969  -0.46097367 -1.45568065 -1.33948393
 -3.02561689 -0.79363117 -2.07987908 -2.53820219 -1.44696311 -0.93528501
 -0.89371901]
Forced parameter: {6: 0}
log likelihood =  -1962.5657969445936
Edge derivatives =  [-0.16523250417192561, -2.2358084378134304, 0.9259517043738108, 1.5476859207263869, 0.6656117798677236, -1.0020117790087593, 0.14046433163687322, 0.6332031079550933, -0.26542162569108035, 0.41372641161252854, 0.11570307627958204, 0.2999215271441278]
other derivatives: [-3.0243184   2.17100978 -2.10641269  1.42153112 -0.53575439 -0.53359735
  0.        ]
Current x array =  [-0.68263537 -0.88795686 -0.56764261  0.70738705 -3.59221572 -1.91730692
  0.33647224 -2.19680262 -0.05447385 -0.44229034 -1.45130802 -1.33071088
 -3.06748999 -0.7890933  -2.10563984 -2.56433769 -1.44035463 -0.94312819
 -0.89959226]
Forced parameter: {6: 0}
log likelihood =  -1962.2175617704268
Edge derivatives =  [0.11588281214082725, -0.9187612223909202, -0.5832723711955085, 1.334445549366399, 0.17493771813008463, -0.9504568450322544, -0.22992024657320154, 0.6152177254016082, -0.09006110025152485, 0.02974420624652946, 0.42632398594044235, 0.43766647922334795]
other derivatives: [-3.3295953   3.05357253 -2.50485141  1.61155822 -0.29040416 -0.15035534
  0.        ]
Current x array =  [-0.68216426 -0.89051221 -0.56641667  0.7107611  -3.59951335 -2.10526325
  0.33647224 -2.25753537 -0.11986952 -0.38792907 -1.41156382 -1.30030377
 -3.18950871 -0.76884472 -2.1533134  -2.63111748 -1.41651429 -0.95268597
 -0.89633883]
Forced parameter: {6: 0}
log likelihood =  -1962.705899856519
Edge derivatives =  [0.2728473323294077, 1.4660543962304622, 0.2681742224256255, 1.089035748676733, 0.9673908377485012, -0.7927234736427068, 0.8721112452981196, 1.0629017303131922, 0.15169066157629027, 0.4767933638093922, 0.8624311736913107, 1.0718668892298104]
other derivatives: [25.89856649  6.46569902 -9.64974879  2.08470942 -1.57450031  0.13922524
  0.        ]
Current x array =  [-0.72324562 -0.89324404 -0.55518113  0.69925474 -3.54232852 -2.22920047
  0.33647224 -2.307838   -0.25705675 -0.42957022 -1.33531292 -1.29996144
 -3.32742301 -0.79126772 -2.1671027  -2.68559673 -1.42101922 -0.96713441
 -0.89528558]
Forced parameter: {6: 0}
log likelihood =  -1962.1633577603054
Edge derivatives =  [0.14907651634096272, -0.35545556254936617, -0.37609667345702813, 1.275020471813726, 0.3642272194789212, -0.9095344075236309, 0.03465815630689306, 0.7195163797963228, -0.030692547535452093, 0.13611657252267018, 0.5294158999939896, 0.590411929030522]
other derivatives: [ 3.94766175  3.87725186 -4.21047685  1.69105419 -0.57856658 -0.07691679
  0.        ]
Current x array =  [-0.69194022 -0.89116229 -0.56374299  0.70802298 -3.58590531 -2.13475608
  0.33647224 -2.26950568 -0.1525154  -0.39783825 -1.3934187  -1.30022231
 -3.22232761 -0.77418063 -2.15659478 -2.64408168 -1.41758631 -0.9561242
 -0.89608819]
Forced parameter: {6: 0}
log likelihood =  -1962.0206933029922
Edge derivatives =  [0.2706106080506987, 0.49266288930307695, -0.961759360553675, 1.0245158289085698, 0.004177338950902332, -0.8781230976447068, -0.21007335434279795, 0.6074368555528641, 0.01482275169723021, -0.1579384756145182, 0.41043218164029077, 0.3374773412734735]
other derivatives: [ 2.36143296  1.36184462 -1.70632552  0.65020276 -0.07986157  0.11297944
  0.        ]
Current x array =  [-0.68990744 -0.88320061 -0.56726223  0.72401078 -3.5962683  -2.24924759
  0.33647224 -2.30570636 -0.19784084 -0.37676924 -1.35722603 -1.28239919
 -3.30691055 -0.7626699  -2.17878783 -2.68493438 -1.40346887 -0.95533855
 -0.88609578]
Forced parameter: {6: 0}
log likelihood =  -1961.9442547635776
Edge derivatives =  [0.21184778252632075, 0.9271088365034306, -0.70540221802664, 0.5430313981579303, -0.03571731272818268, -0.8463791164043668, -0.09195822371706619, 0.49156053114517173, 0.002658155536669482, -0.17905616286152162, 0.15571986820219713, 0.024015248945331247]
other derivatives: [ 0.22718132  0.70940314 -0.11472434 -0.21437995 -0.28426267  0.15859554
  0.        ]
Current x array =  [-0.68711346 -0.88094008 -0.56998518  0.73578821 -3.58661292 -2.27998991
  0.33647224 -2.31391582 -0.22813022 -0.39222536 -1.3168564  -1.27846466
 -3.3554495  -0.76794021 -2.16990147 -2.69853836 -1.40346128 -0.95041926
 -0.87773248]
Forced parameter: {6: 0}
log likelihood =  -1961.8970731226366
Edge derivatives =  [0.10384282643634277, 0.8030236240655905, -0.4975841239296359, -0.011534482209387908, -0.09750637107623006, -0.8188446404212273, -0.030942419436230884, 0.34379242859874815, -0.015939986683194334, -0.19386689343204253, -0.12211499567905049, -0.1914455409372951]
other derivatives: [-0.4392009  -0.43295768  0.71778982 -0.70944452 -0.57064332  0.17481456
  0.        ]
Current x array =  [-0.68669493 -0.87755221 -0.57090668  0.74352018 -3.57909681 -2.29169672
  0.33647224 -2.31230577 -0.22870624 -0.40533725 -1.27949483 -1.27356951
 -3.39331257 -0.7726093  -2.15372831 -2.70492209 -1.40457969 -0.94377271
 -0.87231394]
Forced parameter: {6: 0}
log likelihood =  -1961.8503300011025
Edge derivatives =  [0.03398481625258139, 0.5460364628063192, -0.011694448073750613, -0.4209249025833235, -0.027478733224946872, -0.7660275638745364, 0.015623027663127731, 0.255721616891878, -0.00020502075925803512, -0.08543227436114659, -0.23961120701155353, -0.25263673833800127]
other derivatives: [-0.67458404 -0.69342559  1.21745188 -0.71114005 -0.3646154   0.21053284
  0.        ]
Current x array =  [-0.68651857 -0.87682219 -0.57167662  0.74281581 -3.58300019 -2.31242698
  0.33647224 -2.31421076 -0.2188328  -0.42582316 -1.25134425 -1.27127641
 -3.44503365 -0.77594923 -2.14087959 -2.71492125 -1.40797478 -0.94015901
 -0.86962348]
Forced parameter: {6: 0}
log likelihood =  -1961.7974281651886
Edge derivatives =  [-0.015011654978392477, -0.2214474576138239, 0.16634598620070806, -0.8000457766133574, -0.05996946772232259, -0.6758415738654332, -0.09049718620116143, 0.14011233136724546, 0.0657340171163716, -0.04249169969842205, -0.20228758270161076, -0.1164795327402261]
other derivatives: [ 0.11041357 -2.96537837 -1.25617657 -0.28598515 -0.10006936  0.29077938
  0.        ]
Current x array =  [-0.6883291  -0.87044862 -0.5667057   0.7391162  -3.59326543 -2.36957922
  0.33647224 -2.32310151 -0.17908587 -0.43186817 -1.22863308 -1.25903053
 -3.55727927 -0.77524505 -2.12711285 -2.73868581 -1.40703048 -0.93950607
 -0.87087481]
Forced parameter: {6: 0}
log likelihood =  -1961.7884802000451
Edge derivatives =  [-0.05676845784880548, -0.9042862605218316, 0.3146460573701358, -1.0246272239649428, -0.18128436841086137, -0.5947372866186147, -0.03704447415830203, 0.08973521772714832, 0.1406543245092487, 0.14574573321640233, -0.0920848065206271, 0.1927872200200973]
other derivatives: [2.97142287 0.4940996  4.96523194 0.17340176 0.12898319 0.36127055
 0.        ]
Current x array =  [-0.69122925 -0.88134258 -0.57686443  0.73039028 -3.60018036 -2.42073707
  0.33647224 -2.33244577 -0.14282842 -0.44037383 -1.21904528 -1.2506657
 -3.66452991 -0.77711038 -2.11682514 -2.76043737 -1.40822612 -0.94234986
 -0.87523247]
Forced parameter: {6: 0}
log likelihood =  -1961.746611249767
Edge derivatives =  [-0.013969041765177936, -0.6081835152461456, 0.3081862768869503, -0.850131107155352, -0.05831532812311835, -0.6002691071025659, -0.08555347092063648, 0.1272230344983059, 0.13755825268318045, 0.11156433333920242, 0.00930928748855099, 0.1375288096285709]
other derivatives: [1.05909453 0.18300125 0.31170453 0.29486614 0.11908391 0.34515099
 0.        ]
Current x array =  [-0.68894808 -0.88036554 -0.56930621  0.7302871  -3.59965709 -2.41267315
  0.33647224 -2.33290611 -0.1559047  -0.4369457  -1.22799992 -1.25251506
 -3.65439627 -0.77645307 -2.11829454 -2.75734996 -1.40752702 -0.94383482
 -0.87444981]
Forced parameter: {6: 0}
log likelihood =  -1961.727660354792
Edge derivatives =  [0.024934117365836936, -0.4811785720352164, 0.23421725098102078, -0.6945130650808894, -0.02571553457040676, -0.586099754182652, -0.12982539355670686, 0.14894126024971574, 0.1515756347112725, 0.09919267612247916, 0.11933944084614775, 0.15741339658527498]
other derivatives: [ 0.36411029  0.42136344 -1.57561681  0.39928773  0.15604455  0.35039217
  0.        ]
Current x array =  [-0.68800897 -0.88112948 -0.56628669  0.72942448 -3.60046295 -2.42074085
  0.33647224 -2.33691062 -0.16039659 -0.43215412 -1.23750769 -1.25117846
 -3.67655617 -0.77585056 -2.11779589 -2.76080924 -1.40601744 -0.94629713
 -0.87462277]
Forced parameter: {6: 0}
log likelihood =  -1961.690483638344
Edge derivatives =  [0.09991195931780734, -0.29275245121959725, 0.08043391003089828, -0.3780795899131507, -0.0012991091131102639, -0.5400741538067373, -0.18123930696066837, 0.18323094834903325, 0.18765855922426417, 0.09455529532136148, 0.32641342936489287, 0.21304857582185532]
other derivatives: [-0.4418564   0.73167575 -3.60034028  0.51434063  0.19598676  0.37181135
  0.        ]
Current x array =  [-0.68677385 -0.8820463  -0.5631479   0.72805745 -3.60033883 -2.44593157
  0.33647224 -2.3472434  -0.1672435  -0.42391235 -1.25839725 -1.24691776
 -3.75293923 -0.77668465 -2.1120755  -2.77208115 -1.40289662 -0.95190497
 -0.87500034]
Forced parameter: {6: 0}
log likelihood =  -1961.6326546300013
Edge derivatives =  [0.18578262826859798, -0.09245950676143153, -0.06363946957390382, 0.03517611163366097, 0.00540167463674579, -0.4592357393390478, -0.1636561707416886, 0.20822598054670088, 0.2375657283254803, 0.1180403607660875, 0.5480300464256963, 0.2577506697286377]
other derivatives: [-1.23106656  0.59291892 -4.55495115  0.55646001  0.09087618  0.40617036
  0.        ]
Current x array =  [-0.68544817 -0.88135903 -0.56190299  0.72653478 -3.59449909 -2.48519759
  0.33647224 -2.36235721 -0.17664311 -0.41834938 -1.28879627 -1.24021369
 -3.90552008 -0.7830207  -2.09295463 -2.79121492 -1.39943629 -0.95950055
 -0.87484211]
Forced parameter: {6: 0}
log likelihood =  -1961.5452234785423
Edge derivatives =  [0.24518363071909666, 0.08741108228672853, 0.015482136753927594, 0.4252227490699506, 0.002817349070079578, -0.3430542203972348, -0.01609135521761651, 0.14219620404634606, 0.2678935952624384, 0.11434051215523443, 0.5105200390665945, 0.13475212922700602]
other derivatives: [-1.04980518  0.44047692 -4.00242743  0.06469554 -0.13384237  0.44482781
  0.        ]
Current x array =  [-0.68535408 -0.8806027  -0.56279757  0.73066685 -3.58306126 -2.53238364
  0.33647224 -2.3778352  -0.18675088 -0.42292731 -1.3214235  -1.2307937
 -4.17784383 -0.79903074 -2.04452116 -2.8164663  -1.39424853 -0.96068056
 -0.86969182]
Forced parameter: {6: 0}
log likelihood =  -1962.9324928935628
Edge derivatives =  [0.00666223978380584, -1.7661446468695072, -1.281316005915924, 0.14733401105165603, -0.9999404919612833, -0.22278803870061456, -0.7122289177958341, -0.8018369599844628, 0.15202173651679704, -0.32556215580665193, -0.32377531504289464, -0.5666408572581285]
other derivatives: [-45.2808074   -4.72162674   9.79219499   3.75389936  -0.34839283
   0.43127326   0.        ]
Current x array =  [-0.63116105 -0.87283198 -0.58947958  0.68756018 -3.59894909 -2.55211325
  0.33647224 -2.37000638 -0.10786364 -0.40829718 -1.38088321 -1.21558437
 -4.68095427 -0.81480728 -1.94208824 -2.83131225 -1.38112057 -0.94805829
 -0.87442213]
Forced parameter: {6: 0}
log likelihood =  -1961.5374968515805
Edge derivatives =  [0.2284583337964415, -0.03970664682821334, -0.06920883470734668, 0.40513575066357255, -0.05984709013967149, -0.3323687093050558, -0.06292402874161929, 0.08384241829755576, 0.2600070326841239, 0.08672911938843939, 0.4521775859923344, 0.0886005101534344]
other derivatives: [-3.86713941  0.09819905 -3.00387524  0.30396541 -0.14390792  0.44296113
  0.        ]
Current x array =  [-0.68159061 -0.88006306 -0.56465051  0.72767328 -3.5841646  -2.53375378
  0.33647224 -2.37729152 -0.18127251 -0.42191131 -1.32555272 -1.22973748
 -4.21278263 -0.80012635 -2.03740765 -2.81749729 -1.39333685 -0.959804
 -0.87002032]
Forced parameter: {6: 0}
log likelihood =  -1961.4799238994015
Edge derivatives =  [0.2222528087368787, -0.05029473925962555, 0.13368244766853943, 0.5493667407302177, -0.1319669040538518, -0.25224517211619585, 0.11905005082288911, -0.08770063992891372, 0.25890508134940876, 0.04538146661656961, 0.17126894593057948, -0.10717504128064509]
other derivatives: [-1.92293237 -0.28554609 -0.71864338 -0.30825595 -0.40639323  0.47449994
  0.        ]
Current x array =  [-0.68406123 -0.87865707 -0.56802706  0.73300928 -3.57292966 -2.56659055
  0.33647224 -2.38499563 -0.18376563 -0.43306441 -1.34266591 -1.22153332
 -4.47751381 -0.81768462 -1.98246474 -2.83684465 -1.38891435 -0.95424607
 -0.86330926]
Forced parameter: {6: 0}
log likelihood =  -1961.4544433017097
Edge derivatives =  [0.17921257869227608, -0.11803808315952358, 0.2179843677641842, 0.5007690947476514, -0.10702263954476221, -0.21944149866122176, 0.173999620806208, -0.22232286273618784, 0.24129471676347258, 0.023993137891769212, -0.08341989410623758, -0.18019041160070176]
other derivatives: [-0.54901489 -0.02614593  0.74343939 -0.18966784 -0.41038016  0.4703189
  0.        ]
Current x array =  [-0.68596443 -0.87944031 -0.57028595  0.72969109 -3.57214607 -2.56353735
  0.33647224 -2.38140759 -0.18209571 -0.43901116 -1.34455495 -1.22077029
 -4.59904135 -0.82536334 -1.95313202 -2.83812224 -1.38704072 -0.94789561
 -0.86088389]
Forced parameter: {6: 0}
log likelihood =  -1961.4308429113605
Edge derivatives =  [0.1065916965643382, -0.12067316268963191, 0.20956984159823547, 0.38826017568868043, 0.0012436763385119676, -0.1945579993546958, 0.17789618250643469, -0.38396567720637503, 0.19742408069699205, -0.02491478741402811, -0.4455560689556214, -0.2552252242352518]
other derivatives: [ 0.83874647 -0.43144155  2.09047607  0.11226052 -0.27818748  0.43065475
  0.        ]
Current x array =  [-0.68812346 -0.8780943  -0.57240387  0.72374682 -3.57566019 -2.53125749
  0.33647224 -2.36892315 -0.184502   -0.44194485 -1.34240322 -1.22446511
 -4.68620483 -0.83074759 -1.92610467 -2.826647   -1.38507109 -0.93880762
 -0.85921354]
Forced parameter: {6: 0}
log likelihood =  -1961.4124415149768
Edge derivatives =  [0.04117927032702909, -0.09035794289471316, 0.16801250148475688, 0.2563774002298014, 0.14125871358479225, -0.17970303170650082, 0.1511680621690119, -0.494574351655457, 0.16319161709892996, -0.04873349500306065, -0.6333109848799995, -0.23454431914544038]
other derivatives: [ 1.2998039   0.13418662  2.26447492  0.39495421 -0.07294598  0.37649319
  0.        ]
Current x array =  [-0.68890465 -0.87991239 -0.57258751  0.71911349 -3.5818328  -2.49260471
  0.33647224 -2.35518118 -0.18642968 -0.44152115 -1.33672686 -1.22878864
 -4.72859475 -0.83233748 -1.91121007 -2.81134811 -1.38387558 -0.93327147
 -0.85995019]
Forced parameter: {6: 0}
log likelihood =  -1961.3875638962033
Edge derivatives =  [-0.07889946330640014, -0.07812684824477759, 0.04233932792058592, -0.011075599684279541, 0.3168343721711009, -0.15610934398374862, 0.07080156875956178, -0.6813674395427799, 0.10987593557959732, -0.11934463894605084, -0.7124575789309099, -0.11142122637750629]
other derivatives: [ 1.50646815 -2.2003494   1.20552045  0.39680117  0.37423017  0.25346261
  0.        ]
Current x array =  [-0.68994783 -0.87254075 -0.57037903  0.71833235 -3.59397215 -2.41382847
  0.33647224 -2.32865122 -0.1899417  -0.43782737 -1.32162632 -1.23303021
 -4.80894283 -0.83283833 -1.89258897 -2.7794394  -1.38206552 -0.93159003
 -0.86437371]
Forced parameter: {6: 0}
log likelihood =  -1961.3600656308622
Edge derivatives =  [-0.1306140445291786, 0.05097144241759202, -0.05515108760137141, -0.13577081888146408, 0.3796923342047771, -0.142073094140951, 0.04523702701207344, -0.734474768858427, 0.09879993031419772, -0.10523237135867128, -0.4478589031784863, 0.07479569283828591]
other derivatives: [0.66846428 0.27119927 0.50089102 0.21395908 0.58704096 0.15957376
 0.        ]
Current x array =  [-0.68857087 -0.88032405 -0.56904606  0.72106157 -3.59983676 -2.36590297
  0.33647224 -2.3142652  -0.1943731  -0.43260746 -1.31367813 -1.23248661
 -4.86469181 -0.83161393 -1.88895438 -2.75963192 -1.3813328  -0.93755214
 -0.868832  ]
Forced parameter: {6: 0}
log likelihood =  -1961.342853106556
Edge derivatives =  [-0.12225167984800765, 0.10941308604506095, -0.13682105365696248, -0.10746546781928937, 0.2807356663370817, -0.13628377756251095, 0.04246027504472649, -0.7066650521267, 0.11599047798808805, -0.10007454792091736, -0.08120347678972148, 0.18455677695457828]
other derivatives: [-0.31314221  0.60843627 -0.66709026 -0.07045469  0.53818568  0.12796216
  0.        ]
Current x array =  [-0.68717992 -0.88133987 -0.56703467  0.72574925 -3.5980636  -2.35605335
  0.33647224 -2.31344226 -0.19662441 -0.42833156 -1.31472973 -1.22666486
 -4.91542762 -0.83055776 -1.8938915  -2.75543664 -1.38120308 -0.94788298
 -0.87161012]
Forced parameter: {6: 0}
log likelihood =  -1961.3263123647407
Edge derivatives =  [-0.11220036968093478, 0.15695991445734722, -0.37393004526138035, -0.07338728256975233, 0.0561922586199628, -0.1333526430871743, 0.026366851810942782, -0.60800555165302, 0.13701874607780412, -0.07582495531542992, 0.48982057239894117, 0.3786847230183094]
other derivatives: [-0.71962813  0.48806078 -0.40212785 -0.38028975  0.46401147  0.07202244
  0.        ]
Current x array =  [-0.68649561 -0.88064975 -0.56749434  0.73041976 -3.59562878 -2.33332975
  0.33647224 -2.31126424 -0.19960134 -0.4190205  -1.31517941 -1.21789929
 -4.95483298 -0.82530322 -1.91438518 -2.74452469 -1.3820458  -0.96560006
 -0.87673823]
Forced parameter: {6: 0}
log likelihood =  -1961.3674072601566
Edge derivatives =  [-0.06435129448057042, 0.22134075346273274, -0.15880625758725017, 0.29406023175582424, -0.41756417468982154, -0.08882320674167482, 0.1665356217968803, -0.642745383891465, 0.11266889856627388, -0.21679733878631408, 0.7188922811727807, -0.13616249755966547]
other derivatives: [-3.4797863  -0.23978987 -7.62109016 -0.26504495 -0.79113949  0.06583766
  0.        ]
Current x array =  [-0.6837131  -0.87842633 -0.55550496  0.73144433 -3.56287945 -2.3412758
  0.33647224 -2.3222457  -0.20649471 -0.43124411 -1.34581067 -1.19101109
 -5.43681671 -0.84252253 -1.87931219 -2.75176762 -1.37931182 -0.97506966
 -0.86556108]
Forced parameter: {6: 0}
log likelihood =  -1961.317881787189
Edge derivatives =  [-0.09836347809909078, 0.17612894074100932, -0.308993095321638, 0.03565151704425146, -0.0705534503418479, -0.11812715286192191, 0.06911576115599471, -0.6158430696212012, 0.13056849860404904, -0.11200148285294406, 0.5564153778934057, 0.23287301372453428]
other derivatives: [-1.51728841  0.27965689 -2.48869105 -0.34859318  0.10451228  0.06865508
  0.        ]
Current x array =  [-0.68568354 -0.88000084 -0.56399526  0.73071878 -3.58607096 -2.33564879
  0.33647224 -2.31446916 -0.20161315 -0.42258793 -1.32411908 -1.21005203
 -5.09549891 -0.83032864 -1.9041492  -2.74663853 -1.38124789 -0.96836374
 -0.8734762 ]
Forced parameter: {6: 0}
log likelihood =  -1961.303735896662
Edge derivatives =  [-0.10651509256601194, 0.16690290003468666, -0.3772515861465171, 0.05528826707660192, -0.19977539721056625, -0.11211772078955344, 0.08131816540150916, -0.5640347818973115, 0.1137373638422702, -0.10844119993890125, 0.6439522549562448, 0.19945733888768918]
other derivatives: [-1.08054655  0.06476694 -1.67093162 -0.26337898 -0.05532807  0.03277162
  0.        ]
Current x array =  [-0.68631766 -0.87909775 -0.56542301  0.72917798 -3.58204286 -2.31597462
  0.33647224 -2.31177734 -0.20309383 -0.42170227 -1.32548132 -1.20570743
 -5.15139226 -0.82899267 -1.91236534 -2.73758128 -1.38202499 -0.97258635
 -0.87313953]
Forced parameter: {6: 0}
log likelihood =  -1961.2775073786077
Edge derivatives =  [-0.1324780021039797, 0.11365243165417122, -0.36477234015090976, 0.11091576781256196, -0.4315379394311738, -0.0943223855697753, 0.13316197952012265, -0.42498363434213626, 0.03819838796863167, -0.09430569623869464, 0.5383671083317153, -0.04110424629844478]
other derivatives: [ 0.27295141 -0.26914381  0.27011902  0.17311186 -0.47915922 -0.05768896
  0.        ]
Current x array =  [-0.68831174 -0.87755153 -0.5689435   0.72183777 -3.57164686 -2.26289545
  0.33647224 -2.30458886 -0.20550919 -0.42656937 -1.3290058  -1.19808448
 -5.31573864 -0.8269248  -1.93103869 -2.71297354 -1.38478613 -0.97355911
 -0.86875742]
Forced parameter: {6: 0}
log likelihood =  -1961.2681877105601
Edge derivatives =  [-0.13481404530344546, 0.0869880373269871, -0.24034860196480362, 0.1440438581215892, -0.44830526431105766, -0.08630687732312176, 0.15483893798446235, -0.36272015992058415, 0.0017394626783744128, -0.07286642016326263, 0.37481316514464896, -0.16236736041092875]
other derivatives: [ 0.19101753 -0.29481748  0.83263353  0.28830186 -0.55435157 -0.08912434
  0.        ]
Current x array =  [-0.68817455 -0.87741724 -0.57006682  0.71964143 -3.5695749  -2.24482568
  0.33647224 -2.3032289  -0.205324   -0.43183143 -1.33019363 -1.19743511
 -5.38945752 -0.82604089 -1.93925239 -2.70423945 -1.38644436 -0.9697336
 -0.8666035 ]
Forced parameter: {6: 0}
log likelihood =  -1961.2761542072071
Edge derivatives =  [-0.058129473389516226, 0.10027779294265898, 0.3290075649221092, 0.40155615050263516, -0.22542079966150363, -0.0667720390515119, 0.2634806944212469, 0.0029540098429401973, -0.04259622079054248, 0.11686293672340645, 0.1539610302435444, -0.14375782800280745]
other derivatives: [ 6.45264231  0.62391291 -0.75168555  0.08618986 -0.42314996 -0.16020735
  0.        ]
Current x array =  [-0.69640785 -0.87912008 -0.56731716  0.72042834 -3.56972995 -2.20632759
  0.33647224 -2.30661579 -0.20255119 -0.44532682 -1.33093839 -1.19844607
 -5.55698079 -0.81719919 -1.98541644 -2.68290968 -1.39309721 -0.96184932
 -0.86526728]
Forced parameter: {6: 0}
log likelihood =  -1961.2603356064112
Edge derivatives =  [-0.10354825039978797, 0.09275721775138729, -0.005708783838476117, 0.24892287211252903, -0.35588888072678393, -0.07773604480230589, 0.20077259870159758, -0.2086181547531071, -0.016263100724640843, 0.005688631314849382, 0.2838350977048358, -0.15431083896316355]
other derivatives: [ 2.7894489   0.0856021   0.17982984  0.20294692 -0.49930025 -0.11831773
  0.        ]
Current x array =  [-0.69156595 -0.87811866 -0.5689342   0.71996557 -3.56963876 -2.22896785
  0.33647224 -2.304624   -0.20418185 -0.43739035 -1.3305004  -1.19785154
 -5.4584624  -0.82239889 -1.95826793 -2.69545346 -1.38918475 -0.96648597
 -0.86605309]
Forced parameter: {6: 0}
log likelihood =  -1961.2463259121857
Edge derivatives =  [-0.08212450240564613, 0.053999530429749254, 0.2728399054124552, 0.3079353213694089, -0.27464813563082924, -0.06856466546966772, 0.1967145756349764, -0.09798278367387667, -0.06025807099034401, 0.06706390826165429, 0.014258125121102708, -0.27284349554820153]
other derivatives: [ 0.9382436  -0.01719377  0.44580042  0.17467687 -0.40470519 -0.15443453
  0.        ]
Current x array =  [-0.68881631 -0.87799965 -0.56976575  0.71989859 -3.57146033 -2.21155531
  0.33647224 -2.3065223  -0.20199681 -0.44613946 -1.33057876 -1.20034511
 -5.54807468 -0.81852845 -1.97818794 -2.68569167 -1.39245    -0.95869155
 -0.86480564]
Forced parameter: {6: 0}
log likelihood =  -1961.2394237868605
Edge derivatives =  [-0.052027374368187856, 0.05530857202310721, 0.4135978705374783, 0.3442670688264515, -0.17137632668575087, -0.06460939078676728, 0.17219711846700325, -0.03695367347833937, -0.06027879003473864, 0.11306626766079825, -0.03862854187126619, -0.2165847883328147]
other derivatives: [-0.0714906   0.11363227  0.01903959 -0.03652008 -0.22322206 -0.16184124
  0.        ]
Current x array =  [-0.68720885 -0.87854018 -0.56916835  0.72288665 -3.57537881 -2.21159387
  0.33647224 -2.31044549 -0.20014329 -0.44852373 -1.32920278 -1.20288235
 -5.58348711 -0.81495073 -1.99133127 -2.68429633 -1.39382866 -0.95602129
 -0.8665542 ]
Forced parameter: {6: 0}
log likelihood =  -1961.2338581270956
Edge derivatives =  [-0.015884459896704742, 0.06252508874791099, 0.4763829983405265, 0.36991621405357356, -0.07512798648292662, -0.06141743784017482, 0.1327487941886465, 0.004162591028697697, -0.04249386957526596, 0.14498622156052984, -0.01278264609704366, -0.09227068518009368]
other derivatives: [-0.64274536  0.22631411 -0.51998609 -0.29271382 -0.04002917 -0.15491593
  0.        ]
Current x array =  [-0.68620895 -0.87898231 -0.56827723  0.72672582 -3.57942899 -2.2201072
  0.33647224 -2.31633369 -0.198217   -0.44787033 -1.32725224 -1.20499886
 -5.61756383 -0.8112911  -2.00220187 -2.68677586 -1.39413199 -0.95541209
 -0.86950691]
Forced parameter: {6: 0}
log likelihood =  -1961.2265360277077
Edge derivatives =  [0.022732716254972557, 0.0554320228070668, 0.47772990061709936, 0.377887406588464, -0.00022127896136514558, -0.05617741553264321, 0.08131527146785711, 0.0225635358185581, -0.020444172925552357, 0.14936911964436245, -0.0034062649386089536, 0.039944583687609]
other derivatives: [-0.86783052  0.15508863 -0.84002932 -0.50693188  0.09336249 -0.13691833
  0.        ]
Current x array =  [-0.68573565 -0.87883683 -0.56768794  0.73006478 -3.58249365 -2.23458636
  0.33647224 -2.3245987  -0.19601808 -0.44569126 -1.32483377 -1.20646717
 -5.69641103 -0.80808959 -2.00969039 -2.69195036 -1.39313925 -0.95465067
 -0.87252981]
Forced parameter: {6: 0}
log likelihood =  -1961.2077701137398
Edge derivatives =  [0.10837584283128553, 0.013044534276591857, 0.3635064959844852, 0.35045138056433295, 0.0883406105408806, -0.04113662000993981, -0.029421758973149137, 0.03818256867612929, 0.0225993827555069, 0.10420172184726799, -0.053708386082394574, 0.24793271697857572]
other derivatives: [-1.12084581  0.76079255 -0.94190955 -0.59466697  0.18172375 -0.07970049
  0.        ]
Current x array =  [-0.68507701 -0.88100627 -0.56742165  0.73251849 -3.58550577 -2.27536303
  0.33647224 -2.3477488  -0.19075754 -0.43911293 -1.31886273 -1.2075747
 -6.00342469 -0.80262753 -2.02061552 -2.70700003 -1.38860909 -0.95169267
 -0.87697897]
Forced parameter: {6: 0}
log likelihood =  -1961.2644160378607
Edge derivatives =  [0.23183315311579347, -0.2623385555781097, -0.04156965007763938, 0.1254627172427315, 0.2694186024092531, -0.020870130599002543, -0.2827575749239146, 0.06331554962141522, 0.046494939122037296, -0.10515765357411858, -0.42942445838160814, 0.36755166784447124]
other derivatives: [-0.43541127 -6.6944317  -1.71664033 -0.17845605  0.51980863  0.01683108
  0.        ]
Current x array =  [-0.68706914 -0.85821347 -0.5659708   0.72885253 -3.59720221 -2.33299015
  0.33647224 -2.38819141 -0.18018786 -0.42423491 -1.29474602 -1.2142032
 -6.68903295 -0.78899461 -2.05499404 -2.72410701 -1.38038945 -0.94303102
 -0.881124  ]
Forced parameter: {6: 0}
log likelihood =  -1961.2005647293988
Edge derivatives =  [0.14045019444418272, -0.055230919035643394, 0.2645199239691023, 0.29562308325382947, 0.1404814856917107, -0.034592098358196405, -0.0908753137622973, 0.04648906552874556, 0.02924214358547233, 0.05553130162438466, -0.14725158836246113, 0.28099214276900236]
other derivatives: [-0.93339236 -1.07022106 -1.13863825 -0.49050936  0.2694835  -0.05596288
  0.        ]
Current x array =  [-0.68557828 -0.87527106 -0.56705658  0.73159605 -3.58844887 -2.28986337
  0.33647224 -2.35792512 -0.18809796 -0.43536927 -1.31279439 -1.20924259
 -6.17593991 -0.79919717 -2.02926597 -2.71130455 -1.38654083 -0.9495132
 -0.87802195]
Forced parameter: {6: 0}
log likelihood =  -1961.1869049678387
Edge derivatives =  [0.18429204343121575, -0.09812622035835661, 0.033288623496646186, 0.21822029056449999, 0.08010679839809742, -0.025862073941565214, -0.14514457583887652, 0.04624244822626829, 0.04570188156347024, -0.027947237675419845, -0.15356497834102278, 0.32450924648273344]
other derivatives: [-0.48261609 -0.26710086 -0.56325212 -0.1943813   0.12361881 -0.02021297
  0.        ]
Current x array =  [-0.68613676 -0.87789771 -0.56795047  0.72862117 -3.5866952  -2.31387647
  0.33647224 -2.37395917 -0.18556148 -0.42809567 -1.30690015 -1.20701263
 -6.48771256 -0.79661102 -2.03449452 -2.71957315 -1.38202359 -0.9495803
 -0.87852426]
Forced parameter: {6: 0}
log likelihood =  -1961.1798588515028
Edge derivatives =  [0.19698819405663479, -0.12118618966711805, -0.1620035474026261, 0.13078878923200557, -0.03493329753129015, -0.020009868622166187, -0.13181696077286187, 0.05696197476068218, 0.03709562630134618, -0.10559301579085108, -0.11700752767666077, 0.20332096739348876]
other derivatives: [-0.12684472  0.09428732 -0.42968168  0.18796663 -0.11320632 -0.01257213
  0.        ]
Current x array =  [-0.68681978 -0.87903909 -0.56815472  0.72433094 -3.5826126  -2.31930714
  0.33647224 -2.38183311 -0.18578964 -0.42337873 -1.30132453 -1.2031979
 -6.77040854 -0.79639221 -2.03811379 -2.71991988 -1.37923864 -0.95192431
 -0.87518733]
Forced parameter: {6: 0}
log likelihood =  -1961.18320444041
Edge derivatives =  [0.1945178246151279, -0.134768557105363, -0.19409372815002846, 0.044919855766505645, -0.12020618126660954, -0.015672404594155538, -0.03910403081901581, 0.0778027628707993, 0.02021298980120711, -0.09127302592852533, -0.13678597664530612, 0.05601736059145873]
other derivatives: [ 0.97512225  0.10542863  3.08810991  0.00397176 -0.02367374 -0.01395113
  0.        ]
Current x array =  [-0.68807927 -0.87889181 -0.57410938  0.72536667 -3.58391752 -2.31926732
  0.33647224 -2.38546883 -0.1871486  -0.42387726 -1.29384124 -1.20276863
 -7.01477737 -0.7964638  -2.04593681 -2.7170671  -1.37961782 -0.95363961
 -0.87053658]
Forced parameter: {6: 0}
log likelihood =  -1961.1781551883141
Edge derivatives =  [0.1961292908836026, -0.12602752772831186, -0.1733788278758893, 0.09965115949207942, -0.06566302857215112, -0.018292056272491496, -0.0975860973771312, 0.06473022453899403, 0.030983309229359504, -0.09999453602582621, -0.1241411070838405, 0.14975670670972463]
other derivatives: [ 0.27766055  0.0986679   0.8669922   0.12051078 -0.08016594 -0.01315885
  0.        ]
Current x array =  [-0.68728135 -0.87898511 -0.57033694  0.72471051 -3.58309081 -2.31929255
  0.33647224 -2.3831655  -0.18628766 -0.42356143 -1.29858212 -1.20304059
 -6.8599627  -0.79641845 -2.0409807  -2.71887442 -1.3793776  -0.95255292
 -0.87348296]
Forced parameter: {6: 0}
log likelihood =  -1961.1760398884326
Edge derivatives =  [0.18929456038965178, -0.11877690800727467, -0.22025766979276004, 0.05684282501308502, -0.1113594791219954, -0.01666196808175773, -0.058581448220804466, 0.0697112084866833, 0.021495699047271194, -0.12086442523183534, -0.08360111562355235, 0.04107547221929514]
other derivatives: [ 0.40510963  0.07253357  0.65284894  0.2539     -0.17173509 -0.01763749
  0.        ]
Current x array =  [-0.68761709 -0.87885982 -0.56996934  0.72317908 -3.58128943 -2.31657697
  0.33647224 -2.38314295 -0.18763711 -0.42290945 -1.29597065 -1.20138958
 -6.96326017 -0.79754061 -2.04086633 -2.71687406 -1.37904832 -0.95446831
 -0.87053671]
Forced parameter: {6: 0}
log likelihood =  -1961.1722066156667
Edge derivatives =  [0.17312205623234744, -0.0671204073490417, -0.20670490519189133, -0.015328940426731663, -0.11936575098459201, -0.014295963679256864, 0.02582104360776416, 0.0641925147528363, 0.018602468047774694, -0.11123053590559462, 0.030532231348238625, -0.10389633218057576]
other derivatives: [ 0.67019528  0.06279674  0.24250198  0.20014727 -0.16956982 -0.01715988
  0.        ]
Current x array =  [-0.68812888 -0.87871133 -0.56921888  0.7240163  -3.5809347  -2.31788944
  0.33647224 -2.38130253 -0.19106175 -0.42372744 -1.29060636 -1.20037074
 -7.12302869 -0.80025256 -2.03747196 -2.71582214 -1.37966396 -0.95837894
 -0.8658742 ]
Forced parameter: {6: 0}
log likelihood =  -1961.172320092757
Edge derivatives =  [0.13223160807412987, -0.006498112054933641, -0.23997331405704445, -0.16831186797798142, -0.17481482232059964, -0.011777477783747678, 0.08329886900840489, -0.0033131988080841376, 0.015479091634652217, -0.10900520774496791, 0.18317686558295077, -0.31809464105625973]
other derivatives: [-1.71188913 -0.25643249  0.32111416  0.17664115 -0.1913195  -0.00797611
  0.        ]
Current x array =  [-0.6851091  -0.87794249 -0.56949187  0.72489862 -3.58037112 -2.32524502
  0.33647224 -2.37704435 -0.19651198 -0.42474976 -1.28319503 -1.19917161
 -7.33931396 -0.8043694  -2.02780145 -2.71671465 -1.3806518  -0.96411585
 -0.86049111]
Forced parameter: {6: 0}
log likelihood =  -1961.1706761378202
Edge derivatives =  [0.1529890563851305, -0.037309479030486814, -0.2230419415843424, -0.09042977212268, -0.14633409545370202, -0.012998321450622987, 0.054221449049164816, 0.031093562893815735, 0.017050460551582467, -0.11002293719216717, 0.10549024979461773, -0.20884123381008185]
other derivatives: [-0.49654682 -0.09364066  0.28099885  0.18830497 -0.18005162 -0.01270628
  0.        ]
Current x array =  [-0.68664629 -0.87833386 -0.56935291  0.72444948 -3.580658   -2.32150073
  0.33647224 -2.37921194 -0.19373759 -0.42422936 -1.2869677  -1.19978201
 -7.229216   -0.80227376 -2.03272413 -2.71626033 -1.38014895 -0.96119553
 -0.86323132]
Forced parameter: {6: 0}
log likelihood =  -1961.1691202870118
Edge derivatives =  [0.14283218883026666, 0.013278628373628226, -0.13826764532824928, -0.11469605241987385, -0.08931035177491498, -0.012115833723036014, 0.10048785968694962, 0.024707113843883827, 0.025042819413290864, -0.06632238604066132, 0.17727771205464876, -0.2288009402130346]
other derivatives: [ 0.04064145 -0.08196844  0.01596004 -0.01747503 -0.06210792 -0.00748203
  0.        ]
Current x array =  [-0.68735482 -0.87822029 -0.56883123  0.72691373 -3.58247253 -2.3253606
  0.33647224 -2.37668442 -0.19603393 -0.42627703 -1.28400433 -1.2007494
 -7.29188611 -0.80372054 -2.02966177 -2.71688923 -1.38148083 -0.96301975
 -0.86172448]
Forced parameter: {6: 0}
log likelihood =  -1961.1682074330397
Edge derivatives =  [0.14064530363553132, 0.02819927182195628, -0.08844440002167606, -0.11976704158651963, -0.05038522995612538, -0.011627188077453002, 0.09285984383365542, 0.019427342945610687, 0.02933025805303716, -0.04237086625142805, 0.1687718116478673, -0.19911416397152165]
other derivatives: [ 0.0652883  -0.02822958 -0.00930368 -0.0795917   0.00297249 -0.00232891
  0.        ]
Current x array =  [-0.6873319  -0.87836646 -0.5687932   0.72759148 -3.58367923 -2.32849476
  0.33647224 -2.37599057 -0.19651169 -0.42757158 -1.28312132 -1.20172681
 -7.32650762 -0.80353191 -2.02908424 -2.71756732 -1.38215373 -0.96244145
 -0.86230996]
Forced parameter: {6: 0}
log likelihood =  -1961.164801104955
Edge derivatives =  [0.10753242726779476, 0.07204230893370889, 0.04790747779332674, -0.1559990786310367, 0.03513843963232954, -0.009420982639399101, 0.031003187037528024, -0.02220641536071407, 0.034938632333227276, 0.03468438777857169, 0.09946551631612809, -0.09200048530940347]
other derivatives: [ 0.22093536  0.037272   -0.04573644 -0.0590087   0.0758832   0.01372928
  0.        ]
Current x array =  [-0.68748436 -0.87844279 -0.56878813  0.72676591 -3.58460704 -2.33549767
  0.33647224 -2.36834836 -0.19942001 -0.43266098 -1.28099797 -1.2036751
 -7.52034616 -0.80317971 -2.02319114 -2.71719212 -1.38486487 -0.95992176
 -0.86515606]
Forced parameter: {6: 0}
log likelihood =  -1961.1615395255612
Edge derivatives =  [0.09852740060305869, 0.07137750202408089, 0.08640158654597146, -0.1561356388898997, 0.048589834467185566, -0.0063144682828613595, -0.022600392498530297, -0.02524910695992482, 0.03113425785193408, 0.02886208382690536, -0.034520500390932275, 0.045183902330483194]
other derivatives: [-0.03513378  0.33460901 -0.05763445 -0.07880226  0.06254372  0.03166288
  0.        ]
Current x array =  [-0.68699163 -0.87947952 -0.56872603  0.72732553 -3.58445981 -2.34630279
  0.33647224 -2.36552183 -0.19889059 -0.43351666 -1.28078132 -1.2035702
 -7.91605409 -0.80125467 -2.02592051 -2.71605027 -1.38447708 -0.95540799
 -0.86950859]
Forced parameter: {6: 0}
log likelihood =  -1961.159288021561
Edge derivatives =  [0.05184202076669088, 0.05379542175574761, 0.08225762726324995, -0.15701964722760214, 0.014013381000538505, -0.003827101159744691, -0.060688140277445735, -0.055950381698377995, 0.020801259965680954, 0.015544447008827664, -0.14316736123259732, 0.134748398180069]
other derivatives: [ 0.1852386  -0.61325068 -0.0255759   0.013094   -0.01139027  0.05422957
  0.        ]
Current x array =  [-0.68743024 -0.8764571  -0.5687068   0.72606349 -3.58271626 -2.35608888
  0.33647224 -2.35400778 -0.1997625  -0.43440681 -1.28298433 -1.20239765
 -8.42335831 -0.8013826  -2.02207111 -2.71265602 -1.38464221 -0.95290698
 -0.87297109]
Forced parameter: {6: 0}
log likelihood =  -1961.1570941759721
Edge derivatives =  [0.03651914491795051, 0.049119996497083485, 0.031236156264093068, -0.1478419433613359, -0.05055720496717009, -0.0028812416007338603, -0.028902101867722463, -0.04229614368622959, 0.008161726378910418, -0.015519903870178264, -0.14189552509036873, 0.10703304741358671]
other derivatives: [ 0.07506014 -0.03872537  0.05792299  0.08589745 -0.11364965  0.05475724
  0.        ]
Current x array =  [-0.68724185 -0.87833688 -0.56880877  0.72545624 -3.58084546 -2.35677895
  0.33647224 -2.34975761 -0.19942578 -0.43285265 -1.28473161 -1.2003626
 -8.71703266 -0.80192889 -2.0235336  -2.70904298 -1.38368377 -0.95323216
 -0.87258361]
Forced parameter: {6: 0}
log likelihood =  -1961.1556543307886
Edge derivatives =  [0.02544177685256005, 0.032893004780985585, -0.013818387954203676, -0.11072677232654976, -0.10392263946966551, -0.002189466874953455, 0.017361854905030505, -0.016942222057441378, -0.0049583953425489866, -0.045864162430286876, -0.11704768365696662, 0.056616294389061295]
other derivatives: [-0.01335434  0.14470857  0.10513577  0.08468851 -0.16054955  0.05212674
  0.        ]
Current x array =  [-0.68710256 -0.8789842  -0.56884511  0.72573411 -3.58012364 -2.3560797
  0.33647224 -2.34542296 -0.19829005 -0.43090557 -1.2879469  -1.19880835
 -8.99904944 -0.80245574 -2.02655709 -2.70499695 -1.38276748 -0.95436916
 -0.87150268]
Forced parameter: {6: 0}
log likelihood =  -1961.1545995615056
Edge derivatives =  [0.01491932600511374, 0.004269416249996355, -0.0147482580194363, 0.001353456029563882, -0.0829249266453762, -0.001558717291289421, 0.02736322713103534, 0.023965518341300722, -0.016522167606610842, -0.05085986667306036, -0.05652538515747033, 0.026528955897831497]
other derivatives: [-0.44228022  0.16186846 -0.79915253  0.0966977  -0.13013594  0.0426945
  0.        ]
Current x array =  [-0.68651203 -0.87914624 -0.5673558   0.72595023 -3.58134137 -2.35222028
  0.33647224 -2.33762957 -0.19534024 -0.42889962 -1.29607829 -1.19899927
 -9.3334813  -0.80167066 -2.03159912 -2.69894259 -1.38260999 -0.95596129
 -0.87102735]
Forced parameter: {6: 0}
log likelihood =  -1961.15347262993
Edge derivatives =  [-0.006546156150612742, -0.003791931903034007, -0.018694496654667908, 0.034212117810456744, -0.10373889877514464, -0.0011748409336468715, 0.07260757263022999, 0.03494222457314158, -0.025503958185772887, -0.03740700415316843, -0.002338523636339254, -0.034011790266941844]
other derivatives: [-0.05270249  0.11807992  0.07434778 -0.00018576 -0.07249211  0.04132768
  0.        ]
Current x array =  [-0.68696204 -0.8789488  -0.56880361  0.72672848 -3.58237211 -2.35148278
  0.33647224 -2.33107666 -0.19508821 -0.4284279  -1.29894009 -1.19901388
 -9.6149262  -0.80235035 -2.03252699 -2.69498699 -1.3830697  -0.95833172
 -0.86913288]
Forced parameter: {6: 0}
log likelihood =  -1961.1532653453287
Edge derivatives =  [-0.010879084667651806, 0.0030449473156638207, 0.00996356212403643, 0.03354886829421036, -0.07193197278263219, -0.0011745431844101283, 0.05554132650718513, 0.026394764693116517, -0.022202190268316033, -0.01579286651656793, 0.0029117443858470843, -0.020315866438531838]
other derivatives: [ 0.00360274  0.03260425  0.03048717 -0.01063358 -0.03361704  0.04229255
  0.        ]
Current x array =  [-0.68703685 -0.87864156 -0.56875294  0.72669463 -3.5830806  -2.35173757
  0.33647224 -2.3299275  -0.19547636 -0.42930019 -1.29882731 -1.19992361
 -9.60964751 -0.80213092 -2.0313143  -2.69519134 -1.38377219 -0.95837391
 -0.86936348]
Forced parameter: {6: 0}
log likelihood =  -1961.1531089856874
Edge derivatives =  [-0.01419727906159969, 0.003699252494783839, 0.02485531493048887, 0.0370353005665266, -0.030765248624617936, -0.0011547392736050556, 0.0231992392364182, 0.017315633231971043, -0.019244463026665007, 0.005268426357913122, 0.010484577350955447, -0.006092453496237327]
other derivatives: [ 0.01038347 -0.00443674  0.00437967 -0.00874888  0.00273599  0.04040079
  0.        ]
Current x array =  [-0.68703753 -0.87850453 -0.56874523  0.72653675 -3.58388766 -2.35062665
  0.33647224 -2.32877633 -0.19542441 -0.42959122 -1.29910577 -1.2012383
 -9.61890625 -0.80137285 -2.03073129 -2.69503504 -1.38437337 -0.95846807
 -0.86961817]
Forced parameter: {6: 0}
log likelihood =  -1961.1529598464592
Edge derivatives =  [-0.016521336480540952, 0.004020561836448194, 0.011198947336670123, 0.023637903653042663, 0.004854931636015802, -0.0011090144690900482, -0.003896952441273527, 0.007412121663714813, -0.017318136709917435, 0.01303345736039975, 0.01824774893526057, -0.003841467253860309]
other derivatives: [ 0.18636274  0.01098374 -0.0388136  -0.00444516  0.00897866  0.03619644
  0.        ]
Current x array =  [-0.68729644 -0.87852501 -0.5686713   0.7264811  -3.58415092 -2.34838572
  0.33647224 -2.32836929 -0.19544734 -0.42902947 -1.29817872 -1.20239875
 -9.6530154  -0.80065853 -2.03028533 -2.69489383 -1.38447678 -0.95863137
 -0.86946212]
Forced parameter: {6: 0}
log likelihood =  -1961.1528604065825
Edge derivatives =  [-0.024265616894174655, -0.0017424899509796976, -0.02751359520202526, -0.009251905911806024, 0.04615432393727481, -0.0010097733164593386, -0.051480645296130945, -0.015588076823103383, -0.01748079250682084, 0.017350871768188683, 0.026144258599268683, -0.01973519620662717]
other derivatives: [-0.16565946 -0.05209336  0.0636735   0.0119162   0.0075317   0.0279344
  0.        ]
Current x array =  [-0.68685763 -0.87837885 -0.56888987  0.72638349 -3.58448002 -2.34426563
  0.33647224 -2.32730019 -0.19547871 -0.42791569 -1.29661449 -1.20418155
 -9.73975167 -0.79957915 -2.02958475 -2.69435923 -1.38453746 -0.95896984
 -0.86906951]
Forced parameter: {6: 0}
log likelihood =  -1961.1527562283036
Edge derivatives =  [-0.023416019312633485, -0.00462237655954903, -0.038746392833551274, -0.003525384463542336, 0.03485604457515379, -0.0009475087402297815, -0.03839504034581109, -0.00696739125961153, -0.019716046151131962, 0.005238847971595795, 0.02066868475641029, -0.01772062282535114]
other derivatives: [ 0.01346871  0.02047705 -0.00083674  0.0069972  -0.00906663  0.02761263
  0.        ]
Current x array =  [-0.68709791 -0.87860306 -0.56874189  0.72654236 -3.58418401 -2.34420438
  0.33647224 -2.32714466 -0.19515735 -0.42736382 -1.29685386 -1.2037174
 -9.80501476 -0.79963889 -2.03060122 -2.6937802  -1.38408838 -0.95879051
 -0.86911836]
Forced parameter: {6: 0}
log likelihood =  -1961.1527087581458
Edge derivatives =  [-0.02392208646490039, -0.0072609967572615786, -0.0497396196471758, -0.004210030203752407, 0.02194371422705199, -0.0008913419065799893, -0.026698957170100845, -0.002228419978891609, -0.02201887420265747, -0.006368682745726412, 0.01348676818320018, -0.018676602183697266]
other derivatives: [ 0.04621393  0.0418338  -0.01284388  0.00359842 -0.02383306  0.02707879
  0.        ]
Current x array =  [-0.68714538 -0.87868154 -0.56869676  0.72667298 -3.58392397 -2.3439934
  0.33647224 -2.32695448 -0.19499954 -0.42697484 -1.2968138  -1.20329845
 -9.86813627 -0.79978436 -2.03125153 -2.69334628 -1.38370737 -0.95861074
 -0.86916334]
Forced parameter: {6: 0}
log likelihood =  -1961.1525817919844
Edge derivatives =  [-0.025336582982304318, -0.008526111795803676, -0.05225940005230381, -0.009095210875287918, 0.011707908483622909, -0.0007907731458732726, -0.008580423512098978, 0.0032381687864354025, -0.024200721939432818, -0.017576188192689288, 0.0018456747087117233, -0.011414835775051368]
other derivatives: [ 0.06983282  0.04744106 -0.02752108 -0.00485511 -0.02427115  0.02393609
  0.        ]
Current x array =  [-0.68717754 -0.87870442 -0.56864775  0.72681559 -3.58394919 -2.34226511
  0.33647224 -2.32656135 -0.19493526 -0.42689275 -1.29640692 -1.20291308
 -9.98816895 -0.80006179 -2.03191716 -2.69287396 -1.3833211  -0.95824149
 -0.86943962]
Forced parameter: {6: 0}
log likelihood =  -1961.1522447662385
Edge derivatives =  [-0.0265106413028066, -0.01013686336876507, -0.033213086354501514, -0.01966630393020255, -0.006632795239560396, -0.0005550414394048445, 0.01734907087869053, 0.01392318279106785, -0.026667615583178147, -0.02958612397155208, -0.019788662629256052, 0.010157360829697315]
other derivatives: [ 0.0879952   0.05531479 -0.0382729  -0.00154341 -0.0093346   0.01112138
  0.        ]
Current x array =  [ -0.6872016   -0.87871386  -0.56861626   0.72665374  -3.58425413
  -2.33480864   0.33647224  -2.32616309  -0.19498198  -0.42772841
  -1.29533944  -1.20209325 -10.33935773  -0.80036513  -2.03328819
  -2.69236077  -1.38290887  -0.95746768  -0.87016985]
Forced parameter: {6: 0}
log likelihood =  -1961.1523713677166
Edge derivatives =  [-0.0111058227262201, -0.005472262537941974, -0.013561487175154596, -0.018936335712557373, -0.04118547817550189, -0.00039410098243174054, 0.017977188388147214, 0.02063701412315929, -0.023470941406267105, -0.030152735464744326, -0.012237992429139526, -0.018253835622309478]
other derivatives: [ 0.20378161 -0.42620286 -0.16611284 -0.07476797 -0.04611809 -0.0046011
  0.        ]
Current x array =  [ -0.68745664  -0.87712033  -0.56838553   0.7275171   -3.58292561
  -2.32587243   0.33647224  -2.33009314  -0.1959136   -0.42887045
  -1.29430987  -1.20063934 -10.68344905  -0.8004141   -2.03399468
  -2.69456347  -1.38325001  -0.95783293  -0.86939635]
Forced parameter: {6: 0}
log likelihood =  -1961.1521384596278
Edge derivatives =  [-0.020299825596833423, -0.008251899988167805, -0.025285430098752004, -0.019362514844793316, -0.020508057174384975, -0.00048353368041469314, 0.01761009440588368, 0.016632053910895568, -0.025375807844609275, -0.029797571011482032, -0.01674395001985863, -0.0012640831245203654]
other derivatives: [ 0.13472709 -0.13840236 -0.08976076 -0.03102764 -0.02413313  0.00479909
  0.        ]
Current x array =  [ -0.68730431  -0.87807208  -0.56852333   0.72700145  -3.58371908
  -2.33120968   0.33647224  -2.32774587  -0.19535718  -0.42818835
  -1.29492479  -1.20150771 -10.4779367   -0.80038485  -2.03357272
  -2.69324788  -1.38304626  -0.95761478  -0.86985833]
Forced parameter: {6: 0}
log likelihood =  -1961.151958787
Edge derivatives =  [-0.017064505776575825, -0.001098529426544842, 0.005028326449863119, -0.025239709764272894, -0.021330395104398603, -0.0003867401651094499, 0.014972302943642157, 0.017553839293639156, -0.022610082089659977, -0.017721682481396772, -0.01510447156118392, 0.008438131844032415]
other derivatives: [ 0.05055426 -0.04637991 -0.03253626 -0.03365517 -0.00686266 -0.00610287
  0.        ]
Current x array =  [ -0.68716915  -0.87833465  -0.56865482   0.72683165  -3.58391935
  -2.32505119   0.33647224  -2.32861262  -0.19583118  -0.42945432
  -1.29416841  -1.20129412 -10.69666787  -0.80030617  -2.03366252
  -2.69405011  -1.38344119  -0.95748833  -0.87007755]
Forced parameter: {6: 0}
log likelihood =  -1961.151889008727
Edge derivatives =  [-0.012392961362074795, 0.0040364319294990125, 0.018332298356056542, -0.02231386385458803, -0.01639771629198261, -0.00035982385817002967, 0.003384369966496825, 0.015963851014957703, -0.01898807506367077, -0.0032506132444240637, -0.004771034586258466, 0.005267641066938]
other derivatives: [ 0.00098271 -0.01167473 -0.01195281 -0.01981334 -0.00307085 -0.01062001
  0.        ]
Current x array =  [ -0.68709676  -0.87842079  -0.56872874   0.72651847  -3.58387844
  -2.3224641    0.33647224  -2.32979451  -0.19616685  -0.43006436
  -1.29422094  -1.20137224 -10.76633096  -0.80014437  -2.03328873
  -2.69511976  -1.3839356   -0.95772103  -0.86989799]
Forced parameter: {6: 0}
log likelihood =  -1961.151846422774
Edge derivatives =  [-0.006406626896362025, 0.0067385572780260805, 0.019623791758758613, -0.011977577967811376, -0.015660520090602148, -0.0003491900695872856, -0.004561566032540654, 0.015509805841514561, -0.015311161896829729, 0.009197870726718946, 0.004461380410701717, -0.0015443820624311821]
other derivatives: [ 0.02614024  0.00368414  0.09908968 -0.00790078 -0.00554511 -0.0121886
  0.        ]
Current x array =  [ -0.68711893  -0.87844531  -0.56894689   0.72622424  -3.58369763
  -2.32151125   0.33647224  -2.33123366  -0.19635296  -0.43024066
  -1.29489124  -1.20143424 -10.79537232  -0.80008874  -2.03285558
  -2.69638623  -1.3843411   -0.95800436  -0.86959528]
Forced parameter: {6: 0}
log likelihood =  -1961.1518280418063
Edge derivatives =  [0.0012053669278287577, 0.01203214461434779, 0.020306716101059163, 0.0014714072072533058, -0.005680524314044089, -0.00034204239767296127, -0.01543759183171245, 0.015660213842557967, -0.010776133604226638, 0.02099493223301374, 0.019591022878263482, -0.010953229793888741]
other derivatives: [-0.08142706  0.03098785 -0.07414042  0.02055253 -0.01249756 -0.01346452
  0.        ]
Current x array =  [ -0.68698187  -0.87852821  -0.56869423   0.72585702  -3.58350704
  -2.3209484    0.33647224  -2.33286497  -0.19649782  -0.4302401
  -1.29577667  -1.20161067 -10.8151798   -0.80003643  -2.03229341
  -2.69785627  -1.38473504  -0.95832133  -0.86924167]
Forced parameter: {6: 0}
log likelihood =  -1961.151801243913
Edge derivatives =  [-0.00017245616882917425, 0.009282146574214029, 0.010807112963955479, 0.0004739485587918202, -0.008129414440822158, -0.00034361211329625826, -0.010387561860350614, 0.015975484346090876, -0.011873938782608763, 0.015562805667204624, 0.014344113833167409, -0.009613732916072149]
other derivatives: [-0.01447529  0.01830449 -0.00207569  0.01350782 -0.0138152  -0.01236658
  0.        ]
Current x array =  [ -0.6870694   -0.87849076  -0.56879904   0.72595977  -3.58351541
  -2.32156276   0.33647224  -2.33255378  -0.19636002  -0.42989581
  -1.2957931   -1.20162604 -10.8111705   -0.80010489  -2.03239976
  -2.69758798  -1.38452041  -0.95822355  -0.86928471]
Forced parameter: {6: 0}
log likelihood =  -1961.1517788060228
Edge derivatives =  [-4.604955035085456e-05, 0.006958725010644956, -0.002249730264439753, 0.0023538072042475766, -0.009151832723276465, -0.0003369897520897579, -0.0030393373184238737, 0.01712462143104094, -0.012272455422064264, 0.009364175340630637, 0.00908828656422566, -0.008360378004465152]
other derivatives: [ 0.03076184  0.00942623  0.03173932  0.01064996 -0.0157281  -0.01166701
  0.        ]
Current x array =  [ -0.68712833  -0.87846989  -0.5688414    0.72602319  -3.58352624
  -2.32202837   0.33647224  -2.33253742  -0.19618844  -0.4294031
  -1.29603531  -1.20166865 -10.83112128  -0.80026182  -2.03241646
  -2.6976287   -1.38425704  -0.9580883   -0.86931642]
Forced parameter: {6: 0}
log likelihood =  -1961.1517524030128
Edge derivatives =  [0.00153922884171101, 0.004745566613489627, -0.01728350714043822, 0.006494291677437758, -0.007790499241854265, -0.0003188625399603638, 0.006165141400020557, 0.018338693830082096, -0.011775911180532648, 0.002374146780365613, 0.0025522228531305174, -0.005507768334732488]
other derivatives: [ 0.03383275 -0.00165392  0.04599087  0.00855539 -0.01400073 -0.01180787
  0.        ]
Current x array =  [ -0.6871281   -0.87844953  -0.56885455   0.72607618  -3.58362824
  -2.32211291   0.33647224  -2.3328258   -0.19596794  -0.42882154
  -1.29647336  -1.20178483 -10.88641875  -0.80050996  -2.03226376
  -2.69806343  -1.38392922  -0.95786786  -0.86938648]
Forced parameter: {6: 0}
log likelihood =  -1961.151815128766
Edge derivatives =  [0.007974584935334011, 0.006033343036923128, -0.011954603093775662, 0.021020245291235223, 0.018678534046558726, -0.00027146136565850485, 0.008884292237320901, 0.01894095688348675, -0.005555920189758097, 0.0037831218465753103, -0.00011738763582285622, 0.017868761965431135]
other derivatives: [ 0.38882581  0.06256369 -0.07486392 -0.00273053  0.01853137 -0.01437047
  0.        ]
Current x array =  [ -0.68759231  -0.87861012  -0.56862479   0.72608429  -3.58430037
  -2.32074899   0.33647224  -2.33386968  -0.19558     -0.42864132
  -1.29723326  -1.20238093 -11.04166428  -0.80067875  -2.03109234
  -2.69991605  -1.38359975  -0.95744931  -0.86966064]
Forced parameter: {6: 0}
log likelihood =  -1961.1517411166678
Edge derivatives =  [0.0033463549608277465, 0.005107126576465837, -0.015786266104439117, 0.01057319441130014, -0.00035747320182966114, -0.0003047810446528295, 0.006929255710572901, 0.018508626413720086, -0.010028048994396972, 0.0027717007446509956, 0.0018030998652746807, 0.0010546766667772767]
other derivatives: [ 0.13351814  0.01637727  0.01207877  0.00538353 -0.00486639 -0.01252757
  0.        ]
Current x array =  [ -0.68725839  -0.8784946   -0.56879007   0.72607846  -3.58381688
  -2.32173011   0.33647224  -2.33311877  -0.19585906  -0.42877096
  -1.29668664  -1.20195213 -10.92998976  -0.80055734  -2.03193499
  -2.69858338  -1.38383675  -0.95775039  -0.86946342]
Forced parameter: {6: 0}
log likelihood =  -1961.1517152877786
Edge derivatives =  [0.005603210821884627, 0.003211726043018698, -0.02362465778629358, 0.014820990284849012, 0.004594899256791685, -0.0002848234308766162, 0.010739959383594178, 0.01759753253831764, -0.008502762922083063, -0.001787459511621986, -0.0034508793084444198, 0.005120116773248196]
other derivatives: [ 0.07125846 -0.00057662  0.00463297  0.00180626  0.00333551 -0.0132935
  0.        ]
Current x array =  [ -0.68716885  -0.87846097  -0.56877715   0.72613121  -3.58404309
  -2.32149105   0.33647224  -2.33359388  -0.19564055  -0.42843847
  -1.29712544  -1.20215747 -10.9969728   -0.80074651  -2.03149767
  -2.69935957  -1.3835763   -0.95751993  -0.86956256]
Forced parameter: {6: 0}
log likelihood =  -1961.151695024388
Edge derivatives =  [0.0071256525419530065, 0.001439313745233456, -0.02049793134032732, 0.01650881641731969, 0.010321521482836937, -0.00026917886066634187, 0.007089336049362016, 0.014517894573552667, -0.006656347264999342, -0.0029394912604908396, -0.006003000060222814, 0.009026978494229121]
other derivatives: [ 0.01344665 -0.00986711 -0.0061591  -0.0037021   0.01350214 -0.0141676
  0.        ]
Current x array =  [ -0.68708678  -0.87844473  -0.56876348   0.72617995  -3.58427251
  -2.32109739   0.33647224  -2.33397961  -0.19547165  -0.4285163
  -1.29731441  -1.20234136 -11.05234518  -0.80078299  -2.03090429
  -2.70015468  -1.38344531  -0.95735899  -0.86964047]
Forced parameter: {6: 0}
log likelihood =  -1961.151677537499
Edge derivatives =  [0.007552525293391885, -0.001125218543298695, -0.012649378978855708, 0.01584996602730765, 0.015162845866732111, -0.0002586872930378808, -0.00063032026472154, 0.009935114238512184, -0.0049295050175146675, -0.0032008721510548843, -0.0072385499364299305, 0.011697896174662215]
other derivatives: [-0.0301211  -0.00497698 -0.01168542 -0.00855903  0.02153279 -0.01439513
  0.        ]
Current x array =  [ -0.68702546  -0.87847083  -0.56875833   0.7262163   -3.58444579
  -2.32099062   0.33647224  -2.33419295  -0.19529459  -0.42878603
  -1.29733638  -1.20248327 -11.09123067  -0.8007394   -2.03020159
  -2.70089275  -1.38335338  -0.95724724  -0.86967743]
Forced parameter: {6: 0}
log likelihood =  -1961.1516564381907
Edge derivatives =  [0.0069022849915461315, -0.005607204196469179, -0.004488056607396235, 0.012875131241637028, 0.017067792710083518, -0.0002492183696210079, -0.009274624250013908, 0.004327351060756414, -0.003398827666943355, -0.004660463450740296, -0.00857318291472254, 0.01177687402232025]
other derivatives: [-0.05083416 -0.00313071 -0.01055059 -0.00996329  0.02373342 -0.01384277
  0.        ]
Current x array =  [ -0.6870011   -0.87848645  -0.56876046   0.72621535  -3.58449454
  -2.32122711   0.33647224  -2.33426738  -0.1950746   -0.42912133
  -1.29724357  -1.20253528 -11.12841351  -0.8007056   -2.02936629
  -2.70166334  -1.3832326   -0.95716114  -0.86964508]
Forced parameter: {6: 0}
log likelihood =  -1961.151613216939
Edge derivatives =  [0.005183388428144642, -0.014483165427135541, -5.2908069145346515e-05, 0.00628301419365615, 0.012967896535238221, -0.000226978703448684, -0.012723960957098823, -0.0038896900715618896, -0.0006126465605656023, -0.010891266356896315, -0.010577264272466684, 0.0066255371226033866]
other derivatives: [-0.06498499  0.00795217 -0.01651779 -0.0045975   0.01370063 -0.01185337
  0.        ]
Current x array =  [ -0.6869958   -0.87854059  -0.56874028   0.72615767  -3.58428885
  -2.3221959    0.33647224  -2.33439768  -0.19468543  -0.42945053
  -1.29712218  -1.20239263 -11.22362376  -0.80099518  -2.02773544
  -2.70331546  -1.38291502  -0.9570511   -0.86944182]
Forced parameter: {6: 0}
log likelihood =  -1961.1516049917998
Edge derivatives =  [0.002546602196191461, -0.01761017861388736, 0.011857580613086477, -0.00024155030205230688, 0.004941281869103031, -0.00020106512360827599, -0.011773437977805612, -0.013059212823107604, 0.004556239015063503, -0.0060674359862138705, -0.0008645057171782836, -1.0584536776769848e-05]
other derivatives: [ 0.00781779 -0.14328907  0.01528429 -0.01277499  0.0128075  -0.00772113
  0.        ]
Current x array =  [ -0.68712454  -0.87804349  -0.56878371   0.72617978  -3.58409794
  -2.32408514   0.33647224  -2.33439753  -0.19483102  -0.43013184
  -1.29688512  -1.20206907 -11.34752597  -0.80150065  -2.02569419
  -2.70553116  -1.38309237  -0.9573677   -0.86911923]
Forced parameter: {6: 0}
log likelihood =  -1961.1515628949905
Edge derivatives =  [0.001817867033945847, -0.017040961074951955, 0.0018885079344502786, -0.0018063763670419508, -0.000526480334420043, -0.00019909977050853198, -0.0023147586047282953, -0.011196342892174409, 0.004068311907690865, -0.009593683583817902, -0.0016098692875421566, -0.002393104754583375]
other derivatives: [ 7.65498953e-03 -1.26003670e-02  4.54319888e-02 -5.06111064e-03
 -9.26277281e-05 -7.07685823e-03  0.00000000e+00]
Current x array =  [ -0.68710902  -0.87846623  -0.56882678   0.72613366  -3.58386817
  -2.32457854   0.33647224  -2.33429863  -0.19478456  -0.42981226
  -1.29691806  -1.2019179  -11.35853098  -0.80172287  -2.02572798
  -2.70552798  -1.38293713  -0.95733132  -0.86904421]
Forced parameter: {6: 0}
log likelihood =  -1961.1515533216896
Edge derivatives =  [0.0013170418329618572, -0.012876865858813369, -0.002903370686873602, -0.0016418532715027911, -0.0028689772954333392, -0.0002020929613898354, 0.004557881772082606, -0.008158594046030768, 0.003500817740313744, -0.008761502973534813, 0.002070940153623649, -0.004652672582818984]
other derivatives: [ 1.48656909e-03  1.48452273e-03 -2.35477273e-02 -1.84172677e-05
 -6.86360267e-03 -6.24337245e-03  0.00000000e+00]
Current x array =  [ -0.68710524  -0.87850771  -0.56870735   0.72612727  -3.58372788
  -2.32509674   0.33647224  -2.33408717  -0.19498873  -0.42961568
  -1.2968968   -1.20178378 -11.34460299  -0.80183893  -2.02604741
  -2.70521245  -1.3830294   -0.95744325  -0.86899736]
Forced parameter: {6: 0}
log likelihood =  -1961.1515473495851
Edge derivatives =  [0.0013253190864273567, -0.009067002124423268, -0.007579871080710537, -0.0003702447001934228, -0.0047814916310890965, -0.00020020373317466143, 0.011010990130813303, -0.006345120231805633, 0.0037451026740762255, -0.006694944220595328, 0.004232860087688459, -0.004501392645479496]
other derivatives: [ 0.01619696  0.00235332 -0.0077996  -0.00119985 -0.00696161 -0.00553838
  0.        ]
Current x array =  [ -0.68712111  -0.87850375  -0.56873212   0.72614283  -3.58370261
  -2.32551484   0.33647224  -2.33403122  -0.19519101  -0.42944795
  -1.29697764  -1.20172211 -11.35446766  -0.80197535  -2.02616096
  -2.70521949  -1.3831263   -0.95751979  -0.86898652]
Forced parameter: {6: 0}
log likelihood =  -1961.151538847026
Edge derivatives =  [0.0011001151230485562, -0.0019918825399611872, -0.0069566088246541535, 0.000781608278163537, -0.005536199962779875, -0.00019384925355196242, 0.0144590352013656, -0.006048093668414037, 0.005145268218362645, -0.0003436630417946729, 0.009042339078162792, -0.003609023513166665]
other derivatives: [ 0.02435445 -0.00185082 -0.00312207 -0.00191994 -0.00351582 -0.00394979
  0.        ]
Current x array =  [ -0.68712829  -0.87847733  -0.5687433    0.72613039  -3.58371469
  -2.32635818   0.33647224  -2.33393889  -0.19558474  -0.42947742
  -1.29702574  -1.2016527  -11.38718247  -0.80209962  -2.02601484
  -2.70556767  -1.38338187  -0.9576493   -0.86896499]
Forced parameter: {6: 0}
log likelihood =  -1961.1515290181037
Edge derivatives =  [0.0026398739613379546, 0.007828308149852692, -0.01337669920478271, 0.007077153378816592, -0.0009606183932480139, -0.0001838207981929841, 0.012226757204951255, -0.003959723184941463, 0.005398151816336804, 0.002801251922930903, -0.0007218283646645146, 0.002031603027130069]
other derivatives: [ 6.31953299e-02  9.64064384e-05  6.89101398e-03  5.67820280e-03
  8.40011407e-05 -2.38224554e-03  0.00000000e+00]
Current x array =  [ -0.68717116  -0.87847282  -0.56876447   0.72601611  -3.58379355
  -2.32714255   0.33647224  -2.3339926   -0.19603596  -0.42918198
  -1.29736501  -1.20180676 -11.43971632  -0.80194902  -2.02640511
  -2.7056762   -1.3834946   -0.95733372  -0.86911267]
Forced parameter: {6: 0}
log likelihood =  -1961.1515355239865
Edge derivatives =  [0.0006390959390705775, 0.013858750033244854, -0.015448592416054174, 0.004359246908359898, -0.007400903147237292, -0.00017979872676857512, 0.00403562807018254, -0.00589510121430311, 0.004323206841770611, 0.005309923123361704, -0.006582703496436471, -0.004620943809709677]
other derivatives: [-0.10321492 -0.02377033  0.05357447  0.01859303 -0.01061532  0.00074458
  0.        ]
Current x array =  [ -0.68694769  -0.87841451  -0.56886318   0.72589221  -3.5835706
  -2.32875893   0.33647224  -2.33361101  -0.19651442  -0.42924988
  -1.29728712  -1.20169877 -11.46396373  -0.8017534   -2.02670514
  -2.70559919  -1.3837149   -0.95724835  -0.86906332]
Forced parameter: {6: 0}
log likelihood =  -1961.1515245105616
Edge derivatives =  [0.0018593770999006942, 0.010181123474470644, -0.014184781953154257, 0.006016844479147243, -0.003473241997021592, -0.00018224109655269548, 0.00903152778473748, -0.004714874920271173, 0.004978764358485394, 0.003780200897457092, -0.0030085475354104316, -0.0005636563127874306]
other derivatives: [-0.00171553 -0.00921386  0.02510706  0.01071612 -0.0040897  -0.00116198
  0.        ]
Current x array =  [ -0.68708397  -0.87845007  -0.56880298   0.72596777  -3.58370657
  -2.32777319   0.33647224  -2.33384372  -0.19622263  -0.42920847
  -1.29733462  -1.20176463 -11.44917657  -0.8018727   -2.02652217
  -2.70564615  -1.38358055  -0.95730041  -0.86909342]
Forced parameter: {6: 0}
log likelihood =  -1961.15152002599
Edge derivatives =  [0.001773687703347085, 0.009612523399550987, -0.009489634598469993, 0.005528750100176949, -0.0015137418633059951, -0.00017744721957913575, 0.0029653824166278042, -0.00700894629912191, 0.005620886191930699, 0.00349841696243626, -0.005629980032767178, -2.1081247246312884e-05]
other derivatives: [-0.00129967 -0.00581213  0.01096146  0.01202488 -0.00378445 -0.00055211
  0.        ]
Current x array =  [ -0.68708642  -0.87846309  -0.56878012   0.72594521  -3.58371298
  -2.32804652   0.33647224  -2.33387275  -0.19618896  -0.42937896
  -1.29731065  -1.20180822 -11.47569832  -0.80178454  -2.02623568
  -2.70599924  -1.38354173  -0.95719231  -0.8690937 ]
Forced parameter: {6: 0}
log likelihood =  -1961.1515130713276
Edge derivatives =  [0.0018660471430831244, 0.009591650413933228, -0.00350887342653472, 0.006141601689143877, 0.0011853309857701166, -0.000171851643884722, -0.0023167853973633523, -0.007896309296448217, 0.005900945149869951, 0.002768825806440861, -0.008001453444192591, 0.0013080124955876515]
other derivatives: [-0.00514137  0.00202954 -0.00108662  0.00485352 -0.00150779  0.00025515
  0.        ]
Current x array =  [ -0.68707732  -0.87849122  -0.56875988   0.72604401  -3.58375404
  -2.328515     0.33647224  -2.3338562   -0.1961457   -0.42953444
  -1.29728867  -1.20188033 -11.5075043   -0.80164399  -2.02625592
  -2.70617407  -1.38348159  -0.95709087  -0.86912152]
Forced parameter: {6: 0}
log likelihood =  -1961.1515026757081
Edge derivatives =  [0.0015140842603671295, 0.008354503309034533, 0.004439626418127202, 0.006451992359796127, 0.0035585480174618045, -0.00016386805719398152, -0.0077563413871193365, -0.007176653443237736, 0.005648266991900991, 0.001006813711883825, -0.00970537740366368, 0.0022860058487805812]
other derivatives: [ 0.00054524  0.00937007 -0.00709633 -0.00502177  0.00019421  0.00204002
  0.        ]
Current x array =  [ -0.6870785   -0.87851751  -0.56874985   0.72619285  -3.58378519
  -2.32954853   0.33647224  -2.33370223  -0.19603682  -0.42972383
  -1.29717106  -1.20195687 -11.55517493  -0.801404    -2.02670639
  -2.70612906  -1.3833835   -0.95703158  -0.86915101]
Forced parameter: {6: 0}
log likelihood =  -1961.1514905173767
Edge derivatives =  [0.0022283844089269478, 0.0035853968239515643, 0.006349594704636585, 0.007826890417324706, 0.009001770448532342, -0.00014593525680754458, -0.004935493741939023, -0.003911908664718466, 0.006331285891035383, -0.0035870621341921316, -0.00858846027677819, 0.00633227522418478]
other derivatives: [-0.0291775   0.01309718 -0.04254548 -0.00930345  0.00866456  0.00393599
  0.        ]
Current x array =  [ -0.68702852  -0.87854323  -0.56869219   0.72629475  -3.58402497
  -2.33081674   0.33647224  -2.33376854  -0.19565265  -0.42963396
  -1.29716881  -1.20214689 -11.67106489  -0.80132098  -2.02736317
  -2.70636384  -1.38311936  -0.9570125   -0.86924977]
Forced parameter: {6: 0}
log likelihood =  -1961.1514798735986
Edge derivatives =  [0.0011579992478323725, -0.0016785490339963072, 0.0075596328754198305, 0.0056410949667896615, 0.00705649990058399, -0.00013587123825611083, -0.003495517907688761, -0.0011669144395416858, 0.005996160012255301, -0.0057208405479571844, -0.005448511952755648, 0.004980757709553529]
other derivatives: [ 0.00064279  0.00381146 -0.01026092 -0.00771047  0.00713192  0.00635731
  0.        ]
Current x array =  [ -0.68706637  -0.87851371  -0.56874649   0.72629661  -3.58401516
  -2.33217445   0.33647224  -2.33357116  -0.19540578  -0.42965241
  -1.29693601  -1.20213291 -11.74357294  -0.80119356  -2.02809484
  -2.70621773  -1.38302612  -0.9571583   -0.86921391]
Forced parameter: {6: 0}
log likelihood =  -1961.1514746816322
Edge derivatives =  [0.0009954619069245524, -0.004312626040385403, 0.0017785860489548944, 0.004618275502840885, 0.004893606720542065, -0.00013176755269400393, 0.002605928859163109, 0.0015611398927304551, 0.005781960826823435, -0.006223511419521155, -0.001264009525778334, 0.0038930654306071344]
other derivatives: [ 0.00601858  0.00248747  0.00414479 -0.00190425  0.0059014   0.00679932
  0.        ]
Current x array =  [ -0.68707309  -0.87850996  -0.56877043   0.72624124  -3.58402242
  -2.33248632   0.33647224  -2.33355611  -0.19527546  -0.42944737
  -1.29686699  -1.20209252 -11.77482332  -0.80124828  -2.02853494
  -2.70603529  -1.3830167   -0.95731372  -0.86918583]
Forced parameter: {6: 0}
log likelihood =  -1961.1514704227818
Edge derivatives =  [0.0011223267343339477, -0.0058050227583617275, -0.003519574404862724, 0.0036895077769791007, 0.0030323799921152528, -0.00012848510054383626, 0.004716475029357792, 0.0027046159183982885, 0.005557797159470534, -0.005640418620110554, 0.0008797847418564528, 0.001968621378984514]
other derivatives: [ 0.00890896 -0.01412172  0.00026102  0.00262276  0.00343541  0.00663641
  0.        ]
Current x array =  [ -0.68708244  -0.87845756  -0.56876171   0.72620281  -3.58399735
  -2.33242472   0.33647224  -2.33360909  -0.19522003  -0.42927081
  -1.29680448  -1.20203674 -11.80039564  -0.8012524   -2.02876579
  -2.70589446  -1.38307325  -0.95739981  -0.86913933]
Forced parameter: {6: 0}
      fun: 1961.1514704227818
 hess_inv: <19x19 LbfgsInvHessProduct with dtype=float64>
      jac: array([-0.00890896,  0.01412172, -0.00026102, -0.00262276, -0.00343541,
       -0.00663641, -0.        , -0.00112233,  0.00580502,  0.00351957,
       -0.00368951, -0.00303238,  0.00012849, -0.00471648, -0.00270462,
       -0.0055578 ,  0.00564042, -0.00087978, -0.00196862])
  message: 'CONVERGENCE: REL_REDUCTION_OF_F_<=_FACTR*EPSMCH'
     nfev: 116
      nit: 105
     njev: 116
   status: 0
  success: True
        x: array([ -0.68708244,  -0.87845756,  -0.56876171,   0.72620281,
        -3.58399735,  -2.33242472,   0.33647224,  -2.33360909,
        -0.19522003,  -0.42927081,  -1.29680448,  -1.20203674,
       -11.80039564,  -0.8012524 ,  -2.02876579,  -2.70589446,
        -1.38307325,  -0.95739981,  -0.86913933])
