number of sites to be analyzed:  1087
log likelihood =  -14624.077583989763
Lr derivatives =  [-364.16847804657573, -888.7401702653857, -422.71505006090047]
other derivatives =  [  94.89867807  -70.95713954  107.54029063 -192.26627046  888.48883024
  251.29174901]
Current x_clock array =  [-0.64729645 -0.76540926 -0.55961579  0.18232156 -0.10536052  0.33647224
 -0.51082562 -0.51082562 -0.51082562]
log likelihood =  -13892.63036815803
Lr derivatives =  [3.6925632366475156, -693.8350611026024, -408.93848291405936]
other derivatives =  [-426.7816621     3.62888386 -375.80211938  -64.91718523  544.16104831
  171.44575395]
Current x_clock array =  [-0.74023096 -0.76470866 -0.66493026  0.37060839 -0.97545981  0.09038161
 -0.15419454 -0.51032537 -0.51032537]
log likelihood =  -13910.63264835722
Lr derivatives =  [232.97181248736877, -93.46063876493827, 62.02104655381141]
other derivatives =  [4803.01387142  227.21760615 1547.87339852  -58.21984814   73.33655958
  120.29104255]
Current x_clock array =  [-0.30787572 -0.80657295 -0.30839289  0.64475727 -2.54443334 -0.37507347
  0.20837005  0.         -0.23284343]
log likelihood =  -13405.182784539133
Lr derivatives =  [271.74192885762665, -280.17618634042543, -128.93825094017802]
other derivatives =  [1186.88003568  114.18705981  165.35777831   -2.22025847  308.30760807
  154.93387764]
Current x_clock array =  [-0.51710147 -0.78631394 -0.48092878  0.51209089 -1.78517423 -0.14983002
  0.03291746 -0.24695712 -0.36712275]
log likelihood =  -13174.224618120963
Lr derivatives =  [3.20497253846008, -265.1053297408078, -84.8408388823928]
other derivatives =  [-217.33030735   35.11122486  338.1190254    85.69550118  -36.99969966
   95.69012036]
Current x_clock array =  [-0.7060339  -0.83808383 -0.41986452  0.63795752 -2.55236312 -0.39275908
  0.14203044 -0.0893602  -0.27405828]
log likelihood =  -13135.921658599233
Lr derivatives =  [49.65881646949943, -196.3230633009141, -18.889961748314533]
other derivatives =  [-99.23387552   3.71146598 -73.27580533  84.74416973 -33.66440069
  88.01926015]
Current x_clock array =  [-6.81526817e-01 -8.53885310e-01 -4.85642795e-01  6.20892278e-01
 -2.58400458e+00 -4.30530998e-01  1.28564216e-01 -2.27821262e-03
 -2.41286792e-01]
log likelihood =  -13128.431430108445
Lr derivatives =  [75.78538907358966, -183.06292432464005, -4.44897797911883]
other derivatives =  [  7.32416083  -2.45509    -25.29268386  71.4275302   -5.03750925
  90.48089851]
Current x_clock array =  [-0.66382681 -0.85431497 -0.48121673  0.58950089 -2.51203642 -0.43128869
  0.09613739  0.         -0.23572452]
log likelihood =  -13116.244696256632
Lr derivatives =  [75.04344767772474, -189.6472480086633, 9.626003405573051]
other derivatives =  [150.6485205  -18.75832822  33.80810085  43.63191692  22.24551281
  88.98605302]
Current x_clock array =  [-0.64053495 -0.85350795 -0.47972216  0.50678962 -2.38277771 -0.46760778
  0.00396763  0.         -0.22175092]
log likelihood =  -13103.874149434561
Lr derivatives =  [15.207656408310173, -228.52835925754178, 15.937167243540372]
other derivatives =  [188.91350919 -23.71507435  59.63011063   9.03837645  26.79189492
  78.04301276]
Current x_clock array =  [-0.63351021 -0.8437164  -0.48547175  0.39617166 -2.26888122 -0.55932716
 -0.11177553  0.         -0.20109182]
log likelihood =  -13088.317789512868
Lr derivatives =  [1.806267631228641, -232.05364620183667, 27.350426162945084]
other derivatives =  [ 71.8056981   19.63471732  39.18139555 -19.1057552   17.90267561
  52.24173947]
Current x_clock array =  [-0.65258587 -0.8228452  -0.49096443  0.29865861 -2.2712696  -0.7671481
 -0.12879562  0.         -0.18438623]
log likelihood =  -13079.12181575464
Lr derivatives =  [-29.130185752943763, -247.0518145612862, -13.951407612405674]
other derivatives =  [-16.28595783 -16.70705387 -14.0251359  -27.42635843 -28.81515684
  25.40000423]
Current x_clock array =  [-0.6660837  -0.84101021 -0.49753247  0.2440701  -2.37191258 -1.03402356
 -0.1029505   0.         -0.19422527]
log likelihood =  -13076.414527105164
Lr derivatives =  [6.73432396481472, -221.19718864355082, 7.6224897424980895]
other derivatives =  [-58.4153895   15.32134775 -15.95271897 -30.94246495 -12.45061867
  16.96735126]
Current x_clock array =  [-0.67484109 -0.82967569 -0.49618857  0.23513451 -2.35885565 -1.16615717
 -0.08686739  0.         -0.18405812]
log likelihood =  -13073.987242144096
Lr derivatives =  [15.169764583476937, -214.45479177424082, 6.642205147907177]
other derivatives =  [-38.9158231   15.83503035  -9.14860721 -30.08244676  -6.30898285
   9.3892595 ]
Current x_clock array =  [-0.67196769 -0.83036978 -0.49455005  0.24194848 -2.3425915  -1.31093424
 -0.08922285  0.         -0.18191156]
log likelihood =  -13070.896152688038
Lr derivatives =  [3.0477638889191585, -218.50597643895003, 10.322972224330272]
other derivatives =  [  7.52479536   0.35361154   6.44358806 -12.0340701   -3.75439413
   2.23826646]
Current x_clock array =  [-0.66349541 -0.83649895 -0.4914959   0.30665383 -2.30141352 -1.51840636
 -0.11628341  0.         -0.1725824 ]
log likelihood =  -13070.85102002633
Lr derivatives =  [2.5316983326442504, -225.50891892579764, -25.346800506007497]
other derivatives =  [-12.9264663   -5.88188414 -16.07404556  -2.07983248  10.16378519
  -0.43528416]
Current x_clock array =  [-0.66632    -0.83711724 -0.4964798   0.34267713 -2.24878747 -1.60174416
 -0.13126706  0.         -0.18896936]
log likelihood =  -13070.613162079862
Lr derivatives =  [3.040360928297197, -221.9710439787815, -8.543484236903936]
other derivatives =  [-3.16213118 -2.85708666 -5.42750058 -6.90506567  3.48154572  0.80017344]
Current x_clock array =  [-0.66496837 -0.83682137 -0.49409489  0.32543917 -2.27397022 -1.56186515
 -0.12409705  0.         -0.18112783]
log likelihood =  -13070.498920099073
Lr derivatives =  [1.000861493665541, -220.8079510416405, 0.23255753840736304]
other derivatives =  [ 7.29287422  3.92101356 -1.38079486  1.05628715 -0.23337634 -0.09385985]
Current x_clock array =  [-0.66316518 -0.8348748  -0.49253498  0.34855126 -2.27676541 -1.60075134
 -0.1258229   0.         -0.17528648]
log likelihood =  -13070.522913601511
Lr derivatives =  [-0.8964926298488329, -221.40416048303626, 1.3808757762389376]
other derivatives =  [-9.37743607 -5.49007382 13.389581    0.09677024  0.88712113  0.0512955 ]
Current x_clock array =  [-0.66595634 -0.83836407 -0.48957925  0.34762805 -2.27506421 -1.60110593
 -0.12631471  0.         -0.1745748 ]
log likelihood =  -13070.492718509384
Lr derivatives =  [0.40466652806954784, -220.9965691211701, 0.5882624329240826]
other derivatives =  [ 2.07819539  0.97552402  3.20469553  0.75797288  0.11477823 -0.04856702]
Current x_clock array =  [-0.66403545 -0.83596274 -0.4916134   0.34826341 -2.27623498 -1.6008619
 -0.12597624  0.         -0.17506458]
log likelihood =  -13070.490022890746
Lr derivatives =  [0.260318923725416, -221.2780971828447, -0.10909603174499694]
other derivatives =  [ 6.34827302e-01 -1.72440195e-01  3.83079168e-01  1.81898940e-04
  1.37697498e-01  1.60071068e-02]
Current x_clock array =  [-0.66424029 -0.83632412 -0.4922469   0.34572473 -2.27630649 -1.59783533
 -0.12604556  0.         -0.17545422]
log likelihood =  -13070.489931677066
Lr derivatives =  [0.08049887896770791, -221.35181231250718, 0.055954080395522965]
other derivatives =  [ 0.00491127 -0.07803465 -0.08858478  0.03310561  0.02146407  0.00964064]
Current x_clock array =  [-0.66433542 -0.83626444 -0.49234074  0.34571313 -2.27633786 -1.5982764
 -0.12620842  0.         -0.17532681]
log likelihood =  -13070.489924434321
Lr derivatives =  [0.013871658989346614, -221.39582858809763, 0.011068286313573594]
other derivatives =  [-0.01527951 -0.02364686 -0.03947207  0.01182343  0.00309228  0.00618456]
Current x_clock array =  [-0.6643385  -0.83623494 -0.49233705  0.34564198 -2.27631489 -1.59842545
 -0.12626684  0.         -0.17533484]
      fun: 13070.489924434321
 hess_inv: <9x9 LbfgsInvHessProduct with dtype=float64>
      jac: array([-1.52795110e-02, -2.36468622e-02, -3.94720701e-02,  1.18234311e-02,
        3.09228199e-03,  6.18456397e-03,  1.38716590e-02, -2.21395829e+02,
        1.10682863e-02])
  message: 'CONVERGENCE: REL_REDUCTION_OF_F_<=_FACTR*EPSMCH'
     nfev: 22
      nit: 18
     njev: 22
   status: 0
  success: True
        x: array([-0.6643385 , -0.83623494, -0.49233705,  0.34564198, -2.27631489,
       -1.59842545, -0.12626684,  0.        , -0.17533484])
