number of sites to be analyzed:  221
log likelihood =  -3113.776553429691
Lr derivatives =  [-198.84907004785788, -212.2409464750211, -177.08776497061916]
other derivatives =  [ 48.77948595 -39.4498943   65.23577258 -63.88884913 215.89214657
  -0.        ]
Current x_clock array =  [-0.52042408 -0.78561875 -0.49973494  0.18232156 -0.10536052  0.33647224
 -0.51082562 -0.51082562 -0.51082562]
log likelihood =  -2931.645040575248
Lr derivatives =  [53.017519959284556, -78.05891507375986, -101.03165419891567]
other derivatives =  [-170.59507445  -16.08032289 -108.13604513  -38.09663576  176.05265293
   -0.        ]
Current x_clock array =  [-0.67715195 -0.78325522 -0.70933665  0.38759562 -0.79901925  0.33647224
  0.12807393 -0.50918435 -0.50918435]
log likelihood =  -2824.4807825742573
Lr derivatives =  [144.07969538362323, 17.039160856113625, -14.061049668662683]
other derivatives =  [227.72071588  60.49053809 -96.39168911 -13.53404105 143.68333862
  -0.        ]
Current x_clock array =  [-0.44278756 -0.76301166 -0.61848501  0.56568878 -1.48858524  0.33647224
  0.36413574 -0.42271116 -0.37028306]
log likelihood =  -2734.8094713282057
Lr derivatives =  [61.619891943834844, -4.8539814422975525, 6.433435378504434]
other derivatives =  [ 73.86197194  53.39232166 -12.91804028   9.47057833  71.23188704
  -0.        ]
Current x_clock array =  [-0.50524271 -0.8097374  -0.47764533  0.7333163  -2.21640529  0.33647224
  0.4655641  -0.39137991 -0.26646652]
log likelihood =  -2712.21806657441
Lr derivatives =  [-22.523647057035618, -37.82640390174759, 6.563283330274377]
other derivatives =  [ 24.82487889 -13.12292579  15.69816231  25.01988911  -6.88434475
  -0.        ]
Current x_clock array =  [-0.52109734 -0.93538531 -0.43454869  0.84931616 -2.93093837  0.33647224
  0.5732089  -0.34365045 -0.21898953]
log likelihood =  -2707.90878298574
Lr derivatives =  [-8.219219625400488, -23.663494459966415, 5.969220790780042]
other derivatives =  [-15.62629404  -0.30132014   6.7065248   18.97251741   1.45460224
  -0.        ]
Current x_clock array =  [-0.5461644  -0.91409287 -0.44079586  0.78038655 -2.90007501  0.33647224
  0.56680607 -0.26715768 -0.2410958 ]
log likelihood =  -2704.1104750374966
Lr derivatives =  [4.3670015627656795, -3.8343244145186137, 5.65889624961792]
other derivatives =  [-25.92291503   9.22254458   3.74024376  11.01567705   8.19607963
  -0.        ]
Current x_clock array =  [-0.55375721 -0.90450495 -0.44210264  0.66527812 -2.93045778  0.33647224
  0.5591398  -0.12499127 -0.27561543]
log likelihood =  -2702.455036697405
Lr derivatives =  [1.2114010811925446, 3.837656202083117, -1.3071213896934744]
other derivatives =  [ -7.15824581  -0.46038531 -27.82169258   6.71208181   4.14296745
  -0.        ]
Current x_clock array =  [-0.54144628 -0.92560337 -0.46604806  0.55496384 -3.0270925   0.33647224
  0.5616404  -0.02436697 -0.32135592]
log likelihood =  -2701.9388618294242
Lr derivatives =  [-5.872880959494243, 1.1926399588310312, -5.695478893262951]
other derivatives =  [ 1.22708525 -3.31446381 22.13870084  3.66014046 -1.55443903 -0.        ]
Current x_clock array =  [-0.53553668 -0.93341802 -0.42834742  0.48941328 -3.11106576  0.33647224
  0.58030619  0.         -0.33586824]
log likelihood =  -2701.732423372253
Lr derivatives =  [-4.279313566501521, 1.9880982132587945, -4.605612973188736]
other derivatives =  [ 1.36094695 -1.98347243  3.1901036   3.96040241 -0.51178216 -0.        ]
Current x_clock array =  [-0.53565096 -0.93094127 -0.44193717  0.49288612 -3.10306669  0.33647224
  0.58218947 -0.00417783 -0.33243729]
log likelihood =  -2701.638171586068
Lr derivatives =  [-3.78571235855674, 1.805369373083737, -4.037055994745073]
other derivatives =  [ 1.17213949 -0.92640403 -1.41528699  3.61842194 -0.37366634 -0.        ]
Current x_clock array =  [-0.5356806  -0.92940551 -0.44539698  0.48461559 -3.11183272  0.33647224
  0.59182263 -0.00897189 -0.32930428]
log likelihood =  -2701.3416072187956
Lr derivatives =  [-2.4128675608561885, 0.31360257911537825, -1.587524514257101]
other derivatives =  [ 0.16185186  2.04241314 -9.72620273  1.43101579 -0.22802351 -0.        ]
Current x_clock array =  [-0.53564099 -0.92593547 -0.45183883  0.43461021 -3.16716417  0.33647224
  0.64395055 -0.0305678  -0.31431902]
log likelihood =  -2701.212535889772
Lr derivatives =  [-1.4791301256058205, -0.24887202657534835, 1.0714958210414889]
other derivatives =  [-2.35253538 -0.95283303 -7.24182109 -0.25553163  0.20894408 -0.        ]
Current x_clock array =  [-0.53636904 -0.93216956 -0.44980087  0.39848988 -3.21613313  0.33647224
  0.68757098 -0.04050671 -0.30057999]
log likelihood =  -2701.1977918421567
Lr derivatives =  [-1.6805583754014641, -0.7233703960421433, 2.59456560081677]
other derivatives =  [ 9.59032332  4.89629565  0.13616364 -1.15427611 -0.43544992 -0.        ]
Current x_clock array =  [-0.52953875 -0.92485711 -0.44385263  0.37561117 -3.27596315  0.33647224
  0.73364698 -0.04484884 -0.29237227]
log likelihood =  -2701.1504305466797
Lr derivatives =  [-1.9930864726058815, -0.6808582269505592, 2.065523484840444]
other derivatives =  [ 0.57442139  0.8528441   0.44900844 -1.05601657 -0.58703982 -0.        ]
Current x_clock array =  [-0.53427786 -0.93096111 -0.44366214  0.37916806 -3.27191221  0.33647224
  0.72875717 -0.04081782 -0.2949669 ]
log likelihood =  -2701.138314508842
Lr derivatives =  [-1.8523801357307264, -0.5199392608971531, 1.7380310145945024]
other derivatives =  [-0.53583062  0.01999615  0.99632825 -0.95541191 -0.44162018 -0.        ]
Current x_clock array =  [-0.53488063 -0.93238266 -0.44318057  0.38256735 -3.2731674   0.33647224
  0.73090452 -0.03902434 -0.29699353]
log likelihood =  -2701.0909199635835
Lr derivatives =  [-1.0355661182371776, -0.14298926785863175, 0.34726022494546394]
other derivatives =  [-3.21367406 -1.69442637  3.41742498 -0.7950166   0.16614554 -0.        ]
Current x_clock array =  [-0.53621561 -0.93609349 -0.4409693   0.39105955 -3.30125333  0.33647224
  0.76143982 -0.03458322 -0.30550463]
log likelihood =  -2701.048795893631
Lr derivatives =  [-0.03187426818111305, -0.02592107805133654, -0.8683291978450218]
other derivatives =  [-2.92897994 -2.37910035  3.88882472 -0.73653746  0.84681591 -0.        ]
Current x_clock array =  [-0.53590057 -0.93844267 -0.44014085  0.39740691 -3.34441437  0.33647224
  0.8073231  -0.03359717 -0.31317609]
log likelihood =  -2701.031826601441
Lr derivatives =  [-1.0618283672110458, -1.2202495601629346, -2.1776248340850324]
other derivatives =  [-11.36213541   1.68624001   8.7054741   -0.85134889  -0.61356106
  -0.        ]
Current x_clock array =  [-0.53992535 -0.93396476 -0.43617967  0.40252241 -3.47149079  0.33647224
  0.91708242 -0.03217183 -0.31842   ]
log likelihood =  -2700.964510164139
Lr derivatives =  [-0.1677355628955226, -0.959435622279618, -2.567272707429213]
other derivatives =  [-3.17997683 -0.49512937  3.49580614 -0.64893175  0.18229702 -0.        ]
Current x_clock array =  [-0.53554759 -0.93840486 -0.43937105  0.41044066 -3.50701011  0.33647224
  0.95589    -0.03212665 -0.32215388]
log likelihood =  -2700.9370905001338
Lr derivatives =  [-0.09727330808933132, -1.004265304081179, -2.337073988504516]
other derivatives =  [ 0.98015425 -0.64968162  0.68257668 -0.64032611  0.15322551 -0.        ]
Current x_clock array =  [-0.53328864 -0.93960869 -0.44096109  0.41472342 -3.56688117  0.33647224
  1.01062152 -0.03141978 -0.32145932]
log likelihood =  -2700.9083696467383
Lr derivatives =  [-0.4298622682382671, -1.0036530646979998, -1.7651152927740998]
other derivatives =  [ 3.26351437 -0.32016442 -1.41295277 -0.643774   -0.24409908 -0.        ]
Current x_clock array =  [-0.53205233 -0.94018025 -0.44198988  0.42281199 -3.66623875  0.33647224
  1.09868704 -0.02764469 -0.31910316]
log likelihood =  -2700.859716664765
Lr derivatives =  [-1.0122926083940271, -0.5565787457999692, -0.807633489606822]
other derivatives =  [ 3.88483431 -0.07588778 -2.53895359 -0.4269632  -0.76942746 -0.        ]
Current x_clock array =  [-0.53177772 -0.94097054 -0.44224385  0.44582942 -3.85829487  0.33647224
  1.2718812  -0.01649224 -0.31638593]
log likelihood =  -2700.9866549322687
Lr derivatives =  [-10.863099444648693, -5.372831508043617, -1.0222957153145806]
other derivatives =  [  9.16795443  -2.22809649   2.92939058   4.65098447 -10.49839263
  -0.        ]
Current x_clock array =  [-0.52874339 -0.94650004 -0.43737704  0.58045563 -4.98071409  0.33647224
  2.30546681  0.         -0.30917546]
log likelihood =  -2700.7535422119636
Lr derivatives =  [-4.7093159047972115, -2.607768244213895, -0.6089684126766888]
other derivatives =  [ 5.72883982 -1.02139393 -0.5175084   1.37525922 -4.05622978 -0.        ]
Current x_clock array =  [-0.53047991 -0.94333555 -0.44016228  0.50341011 -4.33836237  0.33647224
  1.71395387 -0.00943838 -0.31330196]
log likelihood =  -2706.468668229758
Lr derivatives =  [-34.3600369323629, -18.81901174802317, -6.526727355547008]
other derivatives =  [ 12.61951547  -4.02807109   4.33802688  16.41729068 -34.3803497
  -0.        ]
Current x_clock array =  [-0.52798067 -0.95336234 -0.43519226  0.81969538 -6.9882445   0.33647224
  4.17518361  0.         -0.30085475]
log likelihood =  -2700.743302425494
Lr derivatives =  [-5.475942485237688, -3.0906475006853036, -0.7009673860569081]
other derivatives =  [ 5.82069788 -1.17042646 -0.39413408  1.79852123 -4.80164858 -0.        ]
Current x_clock array =  [-0.53039845 -0.94366236 -0.44000029  0.51371908 -4.42473238  0.33647224
  1.79417497 -0.00913075 -0.31289625]
log likelihood =  -2700.8059299617707
Lr derivatives =  [-6.585978733972269, -2.4364544007996285, 3.835908605762004]
other derivatives =  [ 0.31250784 -2.09095651 -5.4654106   3.86084912 -6.43468831 -0.        ]
Current x_clock array =  [-0.53373392 -0.9455289  -0.44347666  0.58200647 -5.08399974  0.33647224
  2.4277799   0.         -0.29266946]
log likelihood =  -2700.6874596308303
Lr derivatives =  [-5.771879348660516, -2.8042935555230186, 1.155033692004201]
other derivatives =  [ 3.45117087 -1.58257353 -2.54528049  2.62576305 -5.25826119 -0.        ]
Current x_clock array =  [-0.53175941 -0.94442396 -0.44141874  0.54158213 -4.69373075  0.33647224
  2.05270239 -0.00540516 -0.30464319]
log likelihood =  -2700.6546152041446
Lr derivatives =  [-3.243644167541568, -0.6888237844369378, 2.9471359856082615]
other derivatives =  [10.2507106   2.01624425  5.4856373   2.38554549 -2.88032159 -0.        ]
Current x_clock array =  [-0.52863161 -0.93899169 -0.43583941  0.54466662 -4.76994803  0.33647224
  2.13691408  0.         -0.300861  ]
log likelihood =  -2700.576992550672
Lr derivatives =  [-1.1585538327654312, 0.3939908782931727, 3.1627042627561974]
other derivatives =  [ 2.01783178  0.774824    0.74302625  1.74504612 -0.83236181 -0.        ]
Current x_clock array =  [-0.5328208  -0.94041792 -0.43933283  0.53765969 -4.74151044  0.33647224
  2.12144016  0.         -0.3027997 ]
log likelihood =  -2700.5336534189905
Lr derivatives =  [-0.2534243890418999, -0.42538216306168897, 1.9945229715200659]
other derivatives =  [-2.47431308  0.39395945 -0.40263603  1.48084246 -0.04143152 -0.        ]
Current x_clock array =  [-0.53508737 -0.940783   -0.44028234  0.53762578 -4.82571037  0.33647224
  2.21576527 -0.00966199 -0.30817562]
log likelihood =  -2700.5063859192023
Lr derivatives =  [0.8132666480781161, 0.09577642536372766, 0.6965376285363511]
other derivatives =  [-1.99416445 -1.19979813 -0.38102598  1.15948114  0.92857856 -0.        ]
Current x_clock array =  [-0.53480393 -0.94354464 -0.44024687  0.53439628 -4.90190275  0.33647224
  2.29641484 -0.00674033 -0.31699187]
log likelihood =  -2700.491226003736
Lr derivatives =  [0.5384496084197608, -0.0003707206843279742, -0.8587843752750375]
other derivatives =  [-1.77592619  1.75495506 -0.15174555  0.82568386  0.57845935 -0.        ]
Current x_clock array =  [-5.34727694e-01 -9.39060347e-01 -4.40044204e-01  5.26433527e-01
 -4.98624596e+00  3.36472237e-01  2.37681242e+00 -3.31948863e-03
 -3.25351320e-01]
log likelihood =  -2700.4804903135337
Lr derivatives =  [0.14950065669953005, 0.02654442112441878, -0.8701640634155615]
other derivatives =  [-1.08793847 -0.19850722  1.76590402  0.56436602  0.17077729 -0.        ]
Current x_clock array =  [-5.34058981e-01 -9.42343442e-01 -4.38728563e-01  5.18281288e-01
 -5.01542789e+00  3.36472237e-01  2.40045816e+00 -7.50541123e-04
 -3.25513690e-01]
log likelihood =  -2700.4783849054484
Lr derivatives =  [0.0753762414417416, -0.03693971242264635, -0.46229494773252044]
other derivatives =  [ 3.95618508 -0.66793518 -1.73460967  0.24630026  0.07931801 -0.        ]
Current x_clock array =  [-5.31571752e-01 -9.43434063e-01 -4.40871853e-01  5.08167997e-01
 -5.02724027e+00  3.36472237e-01  2.40957053e+00 -1.74353325e-03
 -3.23170609e-01]
log likelihood =  -2700.473204267947
Lr derivatives =  [0.012431950514883994, 0.020949912298388863, -0.2748196534989511]
other derivatives =  [ 1.15094008 -0.28694012  0.30589399  0.17148568  0.02035348 -0.        ]
Current x_clock array =  [-5.32853602e-01 -9.42646793e-01 -4.39613952e-01  5.06851274e-01
 -5.02187704e+00  3.36472237e-01  2.40346901e+00 -1.24259385e-03
 -3.22211372e-01]
log likelihood =  -2700.472340528996
Lr derivatives =  [-0.019638656252922715, 0.006679314677264667, -0.09304842715365388]
other derivatives =  [ 0.19087793 -0.0604141   0.34271579  0.07087465 -0.01525358 -0.        ]
Current x_clock array =  [-5.33298475e-01 -9.42225123e-01 -4.39626523e-01  5.04502988e-01
 -5.02364530e+00  3.36472237e-01  2.40465775e+00 -1.57141794e-03
 -3.21181948e-01]
log likelihood =  -2700.472203320085
Lr derivatives =  [-0.013202965817868062, -0.0013749005328700676, -0.006500528393890906]
other derivatives =  [-0.03388686  0.00695491  0.07137805  0.00810087 -0.01209402 -0.        ]
Current x_clock array =  [-5.33402854e-01 -9.42104955e-01 -4.39816751e-01  5.02982184e-01
 -5.02545124e+00  3.36472237e-01  2.40628009e+00 -1.84034987e-03
 -3.20709161e-01]
log likelihood =  -2700.472199961071
Lr derivatives =  [-0.0026734375011514544, 0.0012058975817463803, 0.0007862728574218052]
other derivatives =  [-0.00715181  0.00182035  0.00275622  0.00022055 -0.00244125 -0.        ]
Current x_clock array =  [-5.33390907e-01 -9.42115654e-01 -4.39861374e-01  5.02819240e-01
 -5.02610817e+00  3.36472237e-01  2.40696939e+00 -1.87667558e-03
 -3.20683467e-01]
      fun: 2700.472199961071
 hess_inv: <9x9 LbfgsInvHessProduct with dtype=float64>
      jac: array([-0.00715181,  0.00182035,  0.00275622,  0.00022055, -0.00244125,
       -0.        , -0.00267344,  0.0012059 ,  0.00078627])
  message: 'CONVERGENCE: REL_REDUCTION_OF_F_<=_FACTR*EPSMCH'
     nfev: 40
      nit: 36
     njev: 40
   status: 0
  success: True
        x: array([-5.33390907e-01, -9.42115654e-01, -4.39861374e-01,  5.02819240e-01,
       -5.02610817e+00,  3.36472237e-01,  2.40696939e+00, -1.87667558e-03,
       -3.20683467e-01])
