number of sites to be analyzed:  478
log likelihood =  -6079.568346780604
Lr derivatives =  [-187.3365395121338, -355.7537519014396, -286.4811895247714]
other derivatives =  [  59.33201919  -65.61470855   36.81632461 -152.41239544  473.26228923
  -15.93220895   -0.        ]
Current x_clock array =  [-0.63648478 -0.71176969 -0.64289115  0.18232156 -0.10536052 -0.10536052
  0.33647224 -0.51082562 -0.51082562 -0.51082562]
log likelihood =  -5672.838281286462
Lr derivatives =  [17.961583886318536, -245.50798948265822, -209.88486145549308]
other derivatives =  [-210.08050135  -26.2792546   -92.47217895  -72.75005737  327.98964912
  -12.23668733   -0.        ]
Current x_clock array =  [-0.74715261 -0.71053534 -0.71156205  0.46660564 -0.98810327 -0.07564329
  0.33647224 -0.16139999 -0.50987282 -0.50987282]
log likelihood =  -5733.629073087415
Lr derivatives =  [-51.326161625427595, -144.39900258882003, -41.16713741253949]
other derivatives =  [2883.16978822  114.76424879  165.08928093    9.78804625  -41.47689867
   24.20157034   -0.        ]
Current x_clock array =  [-0.24081228 -0.73023414 -0.51132155  1.00788095 -2.97590284 -0.00513036
  0.33647224  0.18092676 -0.31805639 -0.31840179]
log likelihood =  -5428.674374529473
Lr derivatives =  [52.85808127488005, -145.59831891245898, -94.81938687537321]
other derivatives =  [ 5.36210383e+02  4.23156807e+01 -1.27230087e+01 -1.42437784e+00
  1.41346474e+02 -1.38898031e-02 -0.00000000e+00]
Current x_clock array =  [-0.4952208  -0.72033657 -0.61193153  0.7359195  -1.97714149 -0.04055928
  0.33647224  0.00892615 -0.41443373 -0.41460559]
log likelihood =  -5343.440063292295
Lr derivatives =  [-16.60335254755795, -117.100706350259, -24.301361487297626]
other derivatives =  [-166.44466086    0.16779541   46.68329893   54.88537954  -16.59956593
   12.33492367   -0.        ]
Current x_clock array =  [-0.71607342 -0.77067435 -0.54207758  0.93040281 -2.77755631 -0.01579542
  0.33647224  0.10441062 -0.32646961 -0.34754404]
log likelihood =  -5327.256569714371
Lr derivatives =  [24.911093642819804, -83.7265967225438, 0.24497478732872224]
other derivatives =  [-53.36317463   5.12817132   9.28664213  42.16658363   5.48791111
  12.53248956  -0.        ]
Current x_clock array =  [-0.66662997 -0.77079839 -0.56345839  0.87483269 -2.6749743  -0.02498445
  0.33647224  0.08012162 -0.26297887 -0.33063651]
log likelihood =  -5314.65694099147
Lr derivatives =  [63.07722455995947, -38.30928139857752, 33.304139094539046]
other derivatives =  [78.78866109  1.31232991  0.386176   24.76755526 23.3860013  12.3999971
 -0.        ]
Current x_clock array =  [-0.61725669 -0.7787305  -0.57002569  0.78780941 -2.59420698 -0.04433886
  0.33647224  0.00862922 -0.12885437 -0.31168805]
log likelihood =  -5304.987005934419
Lr derivatives =  [64.88184642076321, -11.232466789293667, 46.42790471039662]
other derivatives =  [105.98727476  -5.78596701 -12.90401269  14.50693071  26.12389006
  11.05867705  -0.        ]
Current x_clock array =  [-0.60881703 -0.78381305 -0.57820838  0.70775473 -2.56561684 -0.06696183
  0.33647224 -0.08546101  0.         -0.31397215]
log likelihood =  -5298.672761434089
Lr derivatives =  [2.1125886727468215, -54.85243411769382, -3.130845048232544]
other derivatives =  [ 76.11361252   1.57483373 -24.69316587  12.29347799   7.67718435
   7.57861199  -0.        ]
Current x_clock array =  [-0.61726888 -0.76684334 -0.59240398  0.63373597 -2.59313412 -0.09800077
  0.33647224 -0.17272861  0.         -0.36398643]
log likelihood =  -5296.891844533234
Lr derivatives =  [-9.284240820855628, -61.99234597442193, -6.137097819244776]
other derivatives =  [ 4.63215292  2.33845003  6.65393327  9.26410394  2.36456241  6.88946602
 -0.        ]
Current x_clock array =  [-0.64373702 -0.76345621 -0.57403993  0.60191105 -2.61914714 -0.11359849
  0.33647224 -0.1801292   0.         -0.36362335]
log likelihood =  -5296.708947744675
Lr derivatives =  [-8.278778832594371, -60.97062228850947, -4.297600514991206]
other derivatives =  [-8.87310489  1.78816754  4.3682021   8.37366679  0.89412124  6.91237983
 -0.        ]
Current x_clock array =  [-0.64895979 -0.76407166 -0.57485053  0.59301208 -2.63142783 -0.11974422
  0.33647224 -0.17591061  0.         -0.36162742]
log likelihood =  -5296.441237890314
Lr derivatives =  [-5.885153762386455, -58.94603768409584, -1.419488580278987]
other derivatives =  [-20.24401874   0.50358176   0.18225364   5.57553085  -0.9817767
   6.82169139  -0.        ]
Current x_clock array =  [-0.65355986 -0.76563808 -0.57682917  0.57025217 -2.6516448  -0.13583102
  0.33647224 -0.16853735  0.         -0.35878314]
log likelihood =  -5296.138340468267
Lr derivatives =  [-2.526020903484726, -56.630815189595566, 1.0085216637664196]
other derivatives =  [-19.90275814  -0.60383627   0.62846721   0.62902382  -1.85972977
   6.41231145  -0.        ]
Current x_clock array =  [-0.65388664 -0.76735435 -0.57673319  0.53448785 -2.67177752 -0.16465514
  0.33647224 -0.1598104   0.         -0.35691291]
log likelihood =  -5295.82936370962
Lr derivatives =  [2.4837185931886694, -53.6997214539543, 1.3768847151341674]
other derivatives =  [ -8.003939     2.17761226 -10.7148544   -2.77573417  -1.28976378
   5.28684996  -0.        ]
Current x_clock array =  [-0.64949277 -0.76630851 -0.5832779   0.51002465 -2.68487725 -0.22042102
  0.33647224 -0.14954006  0.         -0.35889642]
log likelihood =  -5295.606531326416
Lr derivatives =  [3.472017904212196, -53.44737362489883, 0.21852784635359512]
other derivatives =  [ 8.03558487  0.42860211 -1.38549331 -5.40308611 -0.93034244  4.07100197
 -0.        ]
Current x_clock array =  [-0.64356954 -0.76877579 -0.57825234  0.49508172 -2.69619396 -0.28042234
  0.33647224 -0.14313457  0.         -0.36063809]
log likelihood =  -5295.464509014448
Lr derivatives =  [3.815716049358011, -53.429087663011686, -1.0767723711831145]
other derivatives =  [15.45245777  0.25143981 -0.77562981 -4.91776882 -0.10652253  3.16278329
 -0.        ]
Current x_clock array =  [-0.64058924 -0.7693683  -0.57783258  0.5012513  -2.69540269 -0.32248836
  0.33647224 -0.14113268  0.         -0.36202739]
log likelihood =  -5295.213926522367
Lr derivatives =  [2.768123907365328, -53.97099347465078, -2.9166540950132003]
other derivatives =  [18.17990778  0.16875947  1.52157645 -2.36760116  0.81152725  1.3423014
 -0.        ]
Current x_clock array =  [-0.63890672 -0.76990855 -0.57607555  0.5234262  -2.69333636 -0.41326655
  0.33647224 -0.1399262   0.         -0.36186212]
log likelihood =  -5295.134095115592
Lr derivatives =  [1.1959469743123012, -51.916810811580646, 5.420512365823484]
other derivatives =  [ 6.8704685  -7.25080372 -5.22938717 -0.62663548  0.14986922  0.11268821
 -0.        ]
Current x_clock array =  [-0.64207178 -0.77602475 -0.57937659  0.53504047 -2.69607376 -0.49922002
  0.33647224 -0.14633586  0.         -0.34124201]
log likelihood =  -5295.075238012499
Lr derivatives =  [-0.4530693589253505, -53.88689803589262, 1.2104676364868183]
other derivatives =  [ 4.04463208  2.78377956  1.47181527 -0.0201926  -0.37095153 -0.0490727
 -0.        ]
Current x_clock array =  [-0.64343055 -0.76739705 -0.57569053  0.53854288 -2.6962294  -0.49893578
  0.33647224 -0.14692334  0.         -0.34841947]
log likelihood =  -5295.0674682335975
Lr derivatives =  [-0.4963617135625805, -54.23188284581375, 0.20706518276648112]
other derivatives =  [ 2.20763104  0.46856076  0.04046888 -0.09262203 -0.20065806  0.0284881
 -0.        ]
Current x_clock array =  [-0.64409144 -0.76919589 -0.57646871  0.53785122 -2.69539559 -0.49164403
  0.33647224 -0.14614795  0.         -0.35060743]
log likelihood =  -5295.066082384755
Lr derivatives =  [-0.34392458889047806, -54.24470291900242, -0.07218243095812582]
other derivatives =  [ 0.3252253  -0.13449971 -0.05978018 -0.07830749 -0.05632013  0.00247201
 -0.        ]
Current x_clock array =  [-0.64480356 -0.76967079 -0.57646252  0.53801108 -2.69501787 -0.49214098
  0.33647224 -0.14545977  0.         -0.3512887 ]
log likelihood =  -5295.065961075158
Lr derivatives =  [-0.1950189602664767, -54.17164028041511, -0.07883873194341717]
other derivatives =  [-0.06064511 -0.07588187 -0.05954462 -0.04804406  0.01066847 -0.00961518
 -0.        ]
Current x_clock array =  [-0.64495734 -0.76964063 -0.57643293  0.53830966 -2.6948596  -0.49275548
  0.33647224 -0.14514703  0.         -0.35140158]
log likelihood =  -5295.065924799595
Lr derivatives =  [-0.05670094553872718, -54.088868912285285, -0.024807222259543238]
other derivatives =  [-0.06938808 -0.00844193 -0.01509488 -0.03145669  0.05509003 -0.00916498
 -0.        ]
Current x_clock array =  [-0.64496971 -0.76961121 -0.57638901  0.53851823 -2.69478731 -0.49286844
  0.33647224 -0.14491499  0.         -0.35139882]
log likelihood =  -5295.065914420587
Lr derivatives =  [-0.0026749957067707664, -54.05555625377322, 0.0013765604645676888]
other derivatives =  [-0.00551972  0.01363242  0.0057953  -0.02362049  0.0586025  -0.00514046
 -0.        ]
Current x_clock array =  [-0.64494914 -0.76960826 -0.57636896  0.53860136 -2.69484518 -0.49276893
  0.33647224 -0.14480646  0.         -0.35139798]
      fun: 5295.065914420587
 hess_inv: <10x10 LbfgsInvHessProduct with dtype=float64>
      jac: array([-5.51972335e-03,  1.36324161e-02,  5.79530024e-03, -2.36204869e-02,
        5.86024982e-02, -5.14046405e-03, -0.00000000e+00, -2.67499571e-03,
       -5.40555563e+01,  1.37656046e-03])
  message: 'CONVERGENCE: REL_REDUCTION_OF_F_<=_FACTR*EPSMCH'
     nfev: 24
      nit: 22
     njev: 24
   status: 0
  success: True
        x: array([-0.64494914, -0.76960826, -0.57636896,  0.53860136, -2.69484518,
       -0.49276893,  0.33647224, -0.14480646,  0.        , -0.35139798])
