number of sites to be analyzed:  527
log likelihood =  -7236.918817687854
Lr derivatives =  [-352.36866265458553, -568.4391715828472, -437.5364831092295]
other derivatives =  [  48.97007966  -80.74350626   53.73644217 -121.28774506  455.2303817
   -0.        ]
Current x_clock array =  [-0.63957943 -0.74078693 -0.58441885  0.18232156 -0.10536052  0.33647224
 -0.51082562 -0.51082562 -0.51082562]
log likelihood =  -6861.567884402115
Lr derivatives =  [165.5513329049104, -286.42428092532583, -272.4548522978047]
other derivatives =  [-179.45713262  -19.56630058 -170.29800529  -58.70965015  351.22545705
   -0.        ]
Current x_clock array =  [-0.72218942 -0.73962161 -0.67506944  0.3869277  -0.87331057  0.33647224
  0.08360205 -0.50996389 -0.50996389]
log likelihood =  -6591.811974958448
Lr derivatives =  [238.89391593499843, -99.31506735680298, -46.865210202223636]
other derivatives =  [399.49760412  85.66556244  55.54123163 -11.1188092  208.00553213
  -0.        ]
Current x_clock array =  [-0.54941039 -0.7403915  -0.51735493  0.56149497 -1.68521636  0.33647224
  0.18830166 -0.34245181 -0.31863844]
log likelihood =  -6504.823477383215
Lr derivatives =  [-20.261637023538135, -145.31875382601058, 108.41203374922006]
other derivatives =  [-279.58044848  -10.76589797  203.49517672   55.30443741  -55.77620162
   -0.        ]
Current x_clock array =  [-0.75524225 -0.82064685 -0.44305226  0.73405775 -2.6039652   0.33647224
  0.12634717 -0.16685155 -0.1572017 ]
log likelihood =  -6460.708188405788
Lr derivatives =  [27.94747860593396, -115.18735055915451, 36.97949503495653]
other derivatives =  [-63.29009648 -10.69572318 -97.48943557  46.69429109 -14.70430721
  -0.        ]
Current x_clock array =  [-0.66650102 -0.81881649 -0.56065133  0.66733901 -2.41550808  0.33647224
  0.05904314 -0.09651458 -0.22020424]
log likelihood =  -6443.128631517751
Lr derivatives =  [36.887215974723844, -91.74366016418749, 23.103385336453393]
other derivatives =  [108.16343547 -11.08551078 -35.02313575  31.48023279  12.3348534
  -0.        ]
Current x_clock array =  [-0.61366589 -0.8138912  -0.54366689  0.597348   -2.26939373  0.33647224
 -0.05645292  0.         -0.24196837]
log likelihood =  -6439.839988790471
Lr derivatives =  [19.64037287517384, -105.61513933301822, 4.659700134196669]
other derivatives =  [33.86317076 -7.68715654  2.14168995 28.19731344 14.29099738 -0.        ]
Current x_clock array =  [-0.63723466 -0.80461863 -0.52945462  0.57011601 -2.22906723  0.33647224
 -0.0868329   0.         -0.25364979]
log likelihood =  -6438.705944502202
Lr derivatives =  [0.9684411458444941, -118.42558206002246, -5.973272083467904]
other derivatives =  [-7.87274257 -3.28925671 10.08732943 25.47073836  8.61129377 -0.        ]
Current x_clock array =  [-0.65056346 -0.79684108 -0.52744023  0.54314441 -2.22529285  0.33647224
 -0.11134449  0.         -0.25751664]
log likelihood =  -6438.056157007568
Lr derivatives =  [-9.89047036515233, -125.2239736337596, -8.624951129500047]
other derivatives =  [-21.13098708   0.79799247   6.89409899  21.71648975   3.36230147
  -0.        ]
Current x_clock array =  [-0.6547015  -0.79141314 -0.52998495  0.51404782 -2.23339428  0.33647224
 -0.12576849  0.         -0.25605176]
log likelihood =  -6437.089901065847
Lr derivatives =  [-15.857013555583528, -128.18028834785875, -4.29169441013218]
other derivatives =  [-23.26694994   2.96986946   1.138058    11.70944961  -1.26272619
  -0.        ]
Current x_clock array =  [-0.65539042 -0.78766725 -0.53443388  0.45183101 -2.25060156  0.33647224
 -0.13594989  0.         -0.24917033]
log likelihood =  -6436.511204142907
Lr derivatives =  [-5.131500737475143, -122.02654596961378, -7.859845704651526]
other derivatives =  [-8.73238332 -0.58620572  4.38611823  0.90495269 -2.69837855 -0.        ]
Current x_clock array =  [-0.65135589 -0.79278037 -0.53290603  0.39206084 -2.28909745  0.33647224
 -0.10992787  0.         -0.25830804]
log likelihood =  -6436.484168419813
Lr derivatives =  [3.582699925309603, -115.35331104599297, 5.576266354153809]
other derivatives =  [-2.65000472  3.49487709 -1.17154013 -1.02841841  1.9824259  -0.        ]
Current x_clock array =  [-0.64988631 -0.78992973 -0.53563337  0.38407225 -2.27665333  0.33647224
 -0.10916497  0.         -0.24666684]
log likelihood =  -6436.455873891726
Lr derivatives =  [-0.09550460863791344, -118.10865417957847, -0.015313101222929504]
other derivatives =  [-0.11523753  0.20829339  0.23841949 -0.06381197 -0.06893371 -0.        ]
Current x_clock array =  [-0.64877284 -0.79250056 -0.53492101  0.38856433 -2.28259946  0.33647224
 -0.10931067  0.         -0.25145474]
log likelihood =  -6436.455817065637
Lr derivatives =  [-0.022902455396701882, -118.06957232716071, -0.006874119664956879]
other derivatives =  [-0.02222805  0.00472392  0.00673572 -0.00994169 -0.00646425 -0.        ]
Current x_clock array =  [-0.64873502 -0.79266383 -0.53501496  0.38893843 -2.28237365  0.33647224
 -0.10925696  0.         -0.25146966]
log likelihood =  -6436.455816253083
Lr derivatives =  [-0.001279860400788202, -118.05592293972278, -0.0020961355321560404]
other derivatives =  [-2.10002327e-03  3.58340912e-04 -2.59205990e-04  9.27684596e-05
  5.18431768e-04 -0.00000000e+00]
Current x_clock array =  [-0.6487288  -0.79267275 -0.53501465  0.3890067  -2.28236902  0.33647224
 -0.10922538  0.         -0.25147335]
      fun: 6436.455816253083
 hess_inv: <9x9 LbfgsInvHessProduct with dtype=float64>
      jac: array([-2.10002327e-03,  3.58340912e-04, -2.59205990e-04,  9.27684596e-05,
        5.18431768e-04, -0.00000000e+00, -1.27986040e-03, -1.18055923e+02,
       -2.09613553e-03])
  message: 'CONVERGENCE: REL_REDUCTION_OF_F_<=_FACTR*EPSMCH'
     nfev: 15
      nit: 14
     njev: 15
   status: 0
  success: True
        x: array([-0.6487288 , -0.79267275, -0.53501465,  0.3890067 , -2.28236902,
        0.33647224, -0.10922538,  0.        , -0.25147335])
