number of sites to be analyzed:  245
log likelihood =  -4351.538493430217
Lr derivatives =  [-522.5276919285252, -455.39659273303175, -281.7985669780752]
other derivatives =  [-65.03529494 -42.67121039  31.0331634  -54.71720578 164.12728019
 -10.56331166  -0.        ]
Current x_clock array =  [-0.6575962  -0.57070647 -0.66256376  0.18232156 -0.10536052 -0.10536052
  0.33647224 -0.51082562 -0.51082562 -0.51082562]
log likelihood =  -4005.844825036346
Lr derivatives =  [-49.51794686588556, -189.5378390139696, -140.15761476640097]
other derivatives =  [-55.14678651 -35.1009644  -20.69288394 -41.31544756 155.1482901
 -12.4891244   -0.        ]
Current x_clock array =  [-0.65649428 -0.56976214 -0.71884436  0.28155467 -0.40301571 -0.08620328
  0.33647224  0.43681136 -0.50989921 -0.50989921]
log likelihood =  -3933.899607856658
Lr derivatives =  [86.37307025736278, -48.31540549880397, -3.6889967413687117]
other derivatives =  [113.12294055  47.96395206  -0.85478268 -34.31224741 134.07611959
  -9.49446712  -0.        ]
Current x_clock array =  [-0.58026805 -0.52160241 -0.68041294  0.34907123 -0.65982053 -0.06532182
  0.33647224  0.48164078 -0.31885642 -0.35186917]
log likelihood =  -3882.4065162266384
Lr derivatives =  [53.46050717577103, 7.730915985926963, 98.03842481737468]
other derivatives =  [-19.88739587  39.41362138  28.52517764 -14.41235236  80.52961965
  -1.81305495  -0.        ]
Current x_clock array =  [-0.6456818  -0.53503484 -0.64185432  0.43555997 -1.00108341 -0.03872678
  0.33647224  0.32070108 -0.06594768 -0.19342338]
log likelihood =  -3863.5076801405717
Lr derivatives =  [-59.45142203574861, -49.52392254027045, 45.05017478210368]
other derivatives =  [115.47494432 -50.41023451  -9.99060603  14.00176234  -5.11824242
   8.13824045  -0.        ]
Current x_clock array =  [-0.57030286 -0.60006377 -0.68176476  0.52711588 -1.40731766 -0.01705731
  0.33647224  0.2287483   0.         -0.27464675]
log likelihood =  -3852.8240811918417
Lr derivatives =  [-31.115245578420613, -43.73627793832688, 15.76639811986363]
other derivatives =  [-41.67012457  -0.54176508 -18.96255117  11.96146559  -4.47631451
   7.34260448  -0.        ]
Current x_clock array =  [-0.65039753 -0.56398181 -0.68514294  0.53247222 -1.47833229 -0.02082846
  0.33647224  0.33853581  0.         -0.3641663 ]
log likelihood =  -3850.6928126257662
Lr derivatives =  [-8.787762456488451, -34.65065311946515, 11.07179026999136]
other derivatives =  [-20.01747134   5.87148406  -9.8324258    8.11391465   3.20398329
   6.92834692  -0.        ]
Current x_clock array =  [-0.64069078 -0.56177876 -0.67317412  0.52662533 -1.49180703 -0.02637052
  0.33647224  0.39417082  0.         -0.39933437]
log likelihood =  -3849.73086940332
Lr derivatives =  [0.08183872934270564, -34.397459297342465, 1.0774268699516618]
other derivatives =  [ 0.40365921 -1.79465678  2.82277915  6.0948405   3.11679851  7.13008558
 -0.        ]
Current x_clock array =  [-0.6308542  -0.56948556 -0.6588848   0.51966144 -1.54357006 -0.03939881
  0.33647224  0.44616961  0.         -0.44548969]
log likelihood =  -3849.511447289419
Lr derivatives =  [1.6015334572900897, -34.71091650520855, -2.048006743457073]
other derivatives =  [ 4.51559799  2.35593507 -0.79334131  4.72534202  1.99589902  7.05431103
 -0.        ]
Current x_clock array =  [-0.6288978  -0.56701079 -0.66200601  0.50797726 -1.56831067 -0.05571481
  0.33647224  0.46160829  0.         -0.45981133]
log likelihood =  -3849.117318659406
Lr derivatives =  [2.2112945549784913, -35.716456667092615, -6.540790193218332]
other derivatives =  [ 0.58931209 -5.42483258  1.61285607  0.84214798  0.35831117  6.3200664
 -0.        ]
Current x_clock array =  [-0.63118112 -0.57399274 -0.65902512  0.47026419 -1.61426849 -0.1099807
  0.33647224  0.48542703  0.         -0.47714281]
log likelihood =  -3848.767567757898
Lr derivatives =  [-0.6328616401659382, -35.98188442412997, -7.511485601683455]
other derivatives =  [ 3.31125193 12.00121278  2.88405181 -3.17125932 -2.43083375  5.04683658
 -0.        ]
Current x_clock array =  [-0.62940711 -0.56159489 -0.65782854  0.42642657 -1.65307927 -0.19292773
  0.33647224  0.48822451  0.         -0.47446673]
log likelihood =  -3848.4679385413765
Lr derivatives =  [1.155710273540154, -32.65892592614799, -3.6380281423960925]
other derivatives =  [ 0.95988889  2.54287852 -4.67217615 -5.83169549 -0.83111523  3.83169981
 -0.        ]
Current x_clock array =  [-0.63067578 -0.56910182 -0.66501457  0.40052391 -1.6599052  -0.25643715
  0.33647224  0.4864378   0.         -0.45744642]
log likelihood =  -3848.264799950527
Lr derivatives =  [-0.8011722847326075, -31.062567006002613, 0.6437551542845004]
other derivatives =  [-1.2939463  -1.41819692 -0.1258818  -6.02610226 -0.68863295  2.97231054
 -0.        ]
Current x_clock array =  [-0.63153057 -0.57199228 -0.66064482  0.39681532 -1.65732884 -0.30804284
  0.33647224  0.47426339  0.         -0.43522176]
log likelihood =  -3848.07336826112
Lr derivatives =  [-0.89612734693526, -29.16707238852945, 3.1715055106583314]
other derivatives =  [-0.56130193 -2.13901103 -0.87317312 -4.48362471 -0.01756042  1.98486669
 -0.        ]
Current x_clock array =  [-0.63098614 -0.57256316 -0.66098584  0.41203878 -1.65890748 -0.36427232
  0.33647224  0.4721765   0.         -0.42228521]
log likelihood =  -3847.857690133519
Lr derivatives =  [-2.997424917371549, -29.588202327959387, -0.18659875081095478]
other derivatives =  [-2.98581381 -2.98784471  3.70293674 -0.47100821 -0.66136971  0.09368978
 -0.        ]
Current x_clock array =  [-0.63185189 -0.57333043 -0.65546172  0.44922545 -1.68419483 -0.47306078
  0.33647224  0.4865064   0.         -0.42486362]
log likelihood =  -3847.8459401837545
Lr derivatives =  [3.2985565439256845, -25.33025209408483, 2.2841937539712394]
other derivatives =  [ 2.33416449  1.78244682 -1.32217019 -0.15606065  1.64832718 -0.09130099
 -0.        ]
Current x_clock array =  [-0.62985671 -0.57061823 -0.65934471  0.46037004 -1.69560609 -0.49563738
  0.33647224  0.5043984   0.         -0.42363227]
log likelihood =  -3847.8303208122084
Lr derivatives =  [0.12249248983941907, -27.700517710099994, 0.2256728137045787]
other derivatives =  [ 0.48878974 -0.08572033  0.23872599 -0.06218215  0.22640781 -0.0620721
 -0.        ]
Current x_clock array =  [-0.63042301 -0.57163142 -0.65820432  0.4570219  -1.69459252 -0.48888348
  0.33647224  0.49872801  0.         -0.42716489]
log likelihood =  -3847.829989001516
Lr derivatives =  [0.02213386847249943, -27.870135421888996, -0.02389052376551426]
other derivatives =  [-0.09451196  0.03413606  0.0360501  -0.03796004  0.1275625  -0.04151661
 -0.        ]
Current x_clock array =  [-0.63072317 -0.57153297 -0.65839782  0.4571023  -1.69513055 -0.4872682
  0.33647224  0.49915965  0.         -0.42807535]
log likelihood =  -3847.829938104769
Lr derivatives =  [0.008368602085235821, -27.917375410996215, -0.097249799176792]
other derivatives =  [ 0.05330048  0.02043316 -0.01736089 -0.02348997  0.07490569 -0.0243931
 -0.        ]
Current x_clock array =  [-0.63064878 -0.5715487  -0.6584425   0.45720928 -1.69561122 -0.48657976
  0.33647224  0.49948413  0.         -0.42842483]
log likelihood =  -3847.82990508095
Lr derivatives =  [0.021670702762039085, -27.897639845245365, -0.04194363192330286]
other derivatives =  [-0.04389722  0.05876473 -0.05244283  0.00099226  0.03246295 -0.0063078
 -0.        ]
Current x_clock array =  [-0.6307087  -0.57153078 -0.65846201  0.45744928 -1.69608404 -0.48633292
  0.33647224  0.49975314  0.         -0.42833426]
log likelihood =  -3847.829895524401
Lr derivatives =  [-0.002660043368120313, -27.895622512317654, -0.004477164132014266]
other derivatives =  [ 0.02120578  0.00958107 -0.00150021  0.00549926 -0.00114737  0.00131104
 -0.        ]
Current x_clock array =  [-0.6306749  -0.57157145 -0.65841024  0.45745308 -1.69632679 -0.48641268
  0.33647224  0.49978014  0.         -0.42820266]
log likelihood =  -3847.8298951746365
Lr derivatives =  [-0.0012576923058151834, -27.892458927934868, 0.0006136598702521923]
other derivatives =  [ 0.00137697 -0.00023101 -0.00017371  0.00281898  0.00019141  0.00072941
 -0.        ]
Current x_clock array =  [-0.63068555 -0.57157941 -0.65840874  0.45742787 -1.69633105 -0.48646431
  0.33647224  0.49977828  0.         -0.42818236]
      fun: 3847.8298951746365
 hess_inv: <10x10 LbfgsInvHessProduct with dtype=float64>
      jac: array([ 1.37697498e-03, -2.31011654e-04, -1.73713488e-04,  2.81897883e-03,
        1.91406983e-04,  7.29414751e-04, -0.00000000e+00, -1.25769231e-03,
       -2.78924589e+01,  6.13659870e-04])
  message: 'CONVERGENCE: REL_REDUCTION_OF_F_<=_FACTR*EPSMCH'
     nfev: 22
      nit: 21
     njev: 22
   status: 0
  success: True
        x: array([-0.63068555, -0.57157941, -0.65840874,  0.45742787, -1.69633105,
       -0.48646431,  0.33647224,  0.49977828,  0.        , -0.42818236])
