number of sites to be analyzed:  581
log likelihood =  -7280.818524019154
Lr derivatives =  [-175.54494460813623, -452.422136894233, -444.97092206298356]
other derivatives =  [ 163.12366097  -34.03980736  102.6441696  -113.84462869  571.43267804
  -15.80810203   -0.        ]
Current x_clock array =  [-0.60690106 -0.77150709 -0.5376643   0.18232156 -0.10536052 -0.10536052
  0.33647224 -0.51082562 -0.51082562 -0.51082562]
log likelihood =  -6870.165736209738
Lr derivatives =  [-10.88820447924158, -359.2170602682851, -378.32699615608203]
other derivatives =  [-500.28854184   -3.78999994 -228.67410917  -49.2571271   390.60923906
   -9.27259225   -0.        ]
Current x_clock array =  [-0.86237249 -0.77037713 -0.69841751  0.36061604 -1.00029335 -0.08060311
  0.33647224 -0.23590096 -0.51002561 -0.51002561]
log likelihood =  -6388.371890088644
Lr derivatives =  [180.4424926291605, -63.883719698992195, -64.34314844953869]
other derivatives =  [  41.19945424  115.15041933 -302.20745884   40.32219476  101.3131345
   12.18349644   -0.        ]
Current x_clock array =  [-0.64146359 -0.7757275  -0.64709334  0.61203569 -2.40822341 -0.04321502
  0.33647224  0.08554272 -0.28563303 -0.2638339 ]
log likelihood =  -6434.169927582905
Lr derivatives =  [31.402628522785246, -94.4403470445224, 22.692624909610643]
other derivatives =  [-254.45820211  -88.66248209 1107.76616202   44.37411462  -31.55466076
   26.84358333   -0.        ]
Current x_clock array =  [-0.74562176 -0.93396153 -0.27208594  0.63789446 -2.97270445 -0.04837959
  0.33647224 -0.04497028 -0.16661444 -0.14167128]
log likelihood =  -6330.811912010561
Lr derivatives =  [78.72575841317209, -95.91300615261315, -43.69139644518851]
other derivatives =  [-100.15320913    8.58664589   59.37938568   43.12906003   33.62950939
   18.45786755   -0.        ]
Current x_clock array =  [-0.68840767 -0.84704357 -0.47807752  0.62369024 -2.66263499 -0.04554269
  0.33647224  0.02672051 -0.23199136 -0.20877521]
log likelihood =  -6314.455842462229
Lr derivatives =  [71.10287380509492, -79.74788118020363, 0.4976784150350113]
other derivatives =  [ 16.54224616 -13.02484543  59.13607311  42.01671163  10.90405834
  21.55892162  -0.        ]
Current x_clock array =  [-0.64640621 -0.86745365 -0.47845163  0.60394245 -2.75266983 -0.0564481
  0.33647224 -0.02778056 -0.15834195 -0.16545377]
log likelihood =  -6292.480500035915
Lr derivatives =  [33.04113334636034, -65.12533217712753, 63.78911410023805]
other derivatives =  [ 86.77255573 -36.69619855  14.4573205   35.53420902 -16.14591618
  22.22609055  -0.        ]
Current x_clock array =  [-0.62102809 -0.88180968 -0.49917845  0.52236953 -2.81155129 -0.09479406
  0.33647224 -0.19732166  0.         -0.11674197]
log likelihood =  -6285.475989457817
Lr derivatives =  [-10.162691029036822, -97.32267744479793, 5.039727204542274]
other derivatives =  [ 35.41210026 -10.09654989 -17.44161909  31.05653286 -17.44874873
  18.04171006  -0.        ]
Current x_clock array =  [-0.63491516 -0.8498878  -0.51803253  0.46207556 -2.76271858 -0.12442045
  0.33647224 -0.27131373  0.         -0.15045849]
log likelihood =  -6282.675514274224
Lr derivatives =  [-19.095683613654344, -105.079598020684, -7.516252058774178]
other derivatives =  [ 1.06456628  8.78920764  3.72638351 18.88932275 -0.31269163 14.77509977
 -0.        ]
Current x_clock array =  [-0.6463743  -0.82796543 -0.5136622   0.39456184 -2.66541433 -0.15561154
  0.33647224 -0.30730803  0.         -0.1550353 ]
log likelihood =  -6281.495078252892
Lr derivatives =  [-10.337473623199406, -100.07778981951496, -7.552578294917744]
other derivatives =  [-13.4953134   -2.86534487  -2.90608932  10.56734163   7.04331157
  13.76639648  -0.        ]
Current x_clock array =  [-0.65112979 -0.83614749 -0.51721453  0.34853831 -2.6470613  -0.18703982
  0.33647224 -0.29846673  0.         -0.15633214]
log likelihood =  -6279.895596166056
Lr derivatives =  [4.466364078528146, -90.5035226527227, -3.381159223402449]
other derivatives =  [-11.2450798    4.37911604   4.91688661  -2.80936456  10.13242121
  12.54149629  -0.        ]
Current x_clock array =  [-0.65142662 -0.83148077 -0.51467856  0.26207304 -2.67000145 -0.26414462
  0.33647224 -0.27429539  0.         -0.15606167]
log likelihood =  -6278.809418701588
Lr derivatives =  [0.484551430645193, -92.17086360457691, -6.9803591910629095]
other derivatives =  [ -7.18535375 -12.156921    -4.08257256 -10.623653     3.32017558
  11.09706136  -0.        ]
Current x_clock array =  [-0.64936118 -0.84469832 -0.51922624  0.1999403  -2.7258602  -0.36567582
  0.33647224 -0.26311385  0.         -0.15810905]
log likelihood =  -6277.869023553216
Lr derivatives =  [5.881173174997811, -85.70196387512486, 10.886112071296203]
other derivatives =  [ -2.47768003   3.69183817  -0.9655887  -12.31917395  -3.42492419
   9.71631653  -0.        ]
Current x_clock array =  [-0.64837646 -0.83484423 -0.51696396  0.17378354 -2.7826281  -0.48810011
  0.33647224 -0.24639606  0.         -0.14307566]
log likelihood =  -6277.101794726338
Lr derivatives =  [1.6949897941766663, -88.55456523221564, 4.7756896089495555]
other derivatives =  [ 42.77128392   3.06934544  10.72748455 -12.22402534  -6.18978007
   7.26864982  -0.        ]
Current x_clock array =  [-0.63469496 -0.83693023 -0.51248066  0.17219448 -2.80783671 -0.62805517
  0.33647224 -0.24386658  0.         -0.14564007]
log likelihood =  -6276.102019098669
Lr derivatives =  [-1.7012311392630046, -89.71184141753575, 7.026556529648879]
other derivatives =  [32.75311064  1.88089325  8.78293031 -7.81787276 -9.41183467  5.34653736
 -0.        ]
Current x_clock array =  [-0.63724165 -0.83880692 -0.51220044  0.19847825 -2.82558133 -0.75569406
  0.33647224 -0.24305148  0.         -0.14124407]
log likelihood =  -6275.349764666415
Lr derivatives =  [8.64864027707503, -84.55985989316308, -2.276914768272608]
other derivatives =  [ 29.48018573  17.13770052 -45.13037584   3.39044072  -2.29083366
   1.03817729  -0.        ]
Current x_clock array =  [-0.6377586  -0.82953696 -0.5333438   0.26915256 -2.79543033 -1.04542141
  0.33647224 -0.23749604  0.         -0.1464299 ]
log likelihood =  -6274.673912461689
Lr derivatives =  [-5.226124564266482, -91.66508254406729, -2.227318443596964]
other derivatives =  [-9.99491931 -2.62412232 12.03469674  3.47071182 -2.79984159 -0.09168578
 -0.        ]
Current x_clock array =  [-0.649804   -0.84297497 -0.50848074  0.28315749 -2.79070136 -1.15039664
  0.33647224 -0.24858381  0.         -0.14110287]
log likelihood =  -6274.569341964267
Lr derivatives =  [-1.0431582198182454, -89.31484721079482, -1.4214416429229217]
other derivatives =  [-0.98396595  0.91691982  0.07546987  0.72848252 -1.30284833  0.13091621
 -0.        ]
Current x_clock array =  [-0.64711265 -0.84019098 -0.51399994  0.26296907 -2.78863782 -1.12736982
  0.33647224 -0.24566743  0.         -0.14175963]
log likelihood =  -6274.563555472207
Lr derivatives =  [-0.21940034194420388, -88.70488127771563, -0.33336508447171553]
other derivatives =  [ 0.23965913  0.49226855 -0.06671326  0.14277521 -0.35869142  0.07060283
 -0.        ]
Current x_clock array =  [-0.64677903 -0.84046785 -0.51418658  0.25993043 -2.78513359 -1.13257187
  0.33647224 -0.24575778  0.         -0.14088973]
log likelihood =  -6274.562896653773
Lr derivatives =  [0.0200203939005128, -88.50263136888056, 0.00015454771681078228]
other derivatives =  [-0.01860371  0.01076478 -0.05171023 -0.01260923  0.00422758  0.00967303
 -0.        ]
Current x_clock array =  [-0.64686498 -0.84082369 -0.51420049  0.25928292 -2.78383229 -1.13834606
  0.33647224 -0.24575474  0.         -0.14055378]
log likelihood =  -6274.562890909928
Lr derivatives =  [0.014139561579955995, -88.5016141253846, 0.010622598501633718]
other derivatives =  [ 0.01626813 -0.00230011  0.00048112  0.00399086  0.00882012  0.00209823
 -0.        ]
Current x_clock array =  [-0.64685423 -0.84083891 -0.51417569  0.25941135 -2.78381915 -1.13912773
  0.33647224 -0.24575958  0.         -0.14053164]
      fun: 6274.562890909928
 hess_inv: <10x10 LbfgsInvHessProduct with dtype=float64>
      jac: array([ 1.62681317e-02, -2.30011210e-03,  4.81122697e-04,  3.99086275e-03,
        8.82012342e-03,  2.09823009e-03, -0.00000000e+00,  1.41395616e-02,
       -8.85016141e+01,  1.06225985e-02])
  message: 'CONVERGENCE: REL_REDUCTION_OF_F_<=_FACTR*EPSMCH'
     nfev: 21
      nit: 19
     njev: 21
   status: 0
  success: True
        x: array([-0.64685423, -0.84083891, -0.51417569,  0.25941135, -2.78381915,
       -1.13912773,  0.33647224, -0.24575958,  0.        , -0.14053164])
