number of sites to be analyzed:  240
log likelihood =  -3034.473499699977
Lr derivatives =  [-83.10054191348448, -184.8831879159655, -190.83842109709892]
other derivatives =  [ 79.54342027 -44.4510888   13.93429739 -78.04740471 223.31695754
 -12.93811147  -0.        ]
Current x_clock array =  [-0.55483556 -0.64451829 -0.71091665  0.18232156 -0.10536052 -0.10536052
  0.33647224 -0.51082562 -0.51082562 -0.51082562]
log likelihood =  -2880.3805136168266
Lr derivatives =  [9.745619317642038, -137.6492861666904, -156.2408294694823]
other derivatives =  [-253.65604779  -17.50814772  -42.86123294  -43.13086174  147.89425995
  -12.17828412   -0.        ]
Current x_clock array =  [-0.85643697 -0.64226408 -0.76375073  0.47825059 -0.95210194 -0.05630363
  0.33647224 -0.19573683 -0.50888875 -0.50888875]
log likelihood =  -2712.2245432403793
Lr derivatives =  [102.57871676122494, -16.828662185696018, -32.59904459305004]
other derivatives =  [-29.67552246  75.57929348 -79.55093315  15.46606836  56.64565788
  -8.34707134  -0.        ]
Current x_clock array =  [-0.62973109 -0.62441138 -0.72714568  0.83264776 -2.01450302  0.01237855
  0.33647224  0.07163896 -0.31418202 -0.28000741]
log likelihood =  -2685.999602090691
Lr derivatives =  [4.176018422097425, -53.333599417713, -15.35943060354522]
other derivatives =  [ -7.15040642 -66.1383674   75.1902453   31.19953681  -6.08797353
  -1.18512344  -0.        ]
Current x_clock array =  [-0.60036065 -0.82058636 -0.52550777  0.92527121 -2.55394774  0.05810344
  0.33647224 -0.07409893 -0.23705253 -0.15594679]
log likelihood =  -2672.4574271730507
Lr derivatives =  [20.643387641959897, -37.15843532857275, 0.7407128456945191]
other derivatives =  [ 16.11015432 -23.10487662   4.18421132  25.68279751   2.04103741
  -1.99126816  -0.        ]
Current x_clock array =  [-0.58478165 -0.74729959 -0.60844135  0.83748081 -2.43625057  0.05405598
  0.33647224 -0.14063491 -0.16213324 -0.13089817]
log likelihood =  -2662.9805863598554
Lr derivatives =  [26.17601735659419, -16.006362813623564, 24.864768535525748]
other derivatives =  [ 16.88301472  27.90363033 -12.24237212  15.09691128   9.51746917
  -3.05036156  -0.        ]
Current x_clock array =  [-0.58836571 -0.67006721 -0.64233487  0.68654323 -2.30531905  0.0543673
  0.33647224 -0.29668717 -0.01249038 -0.09734373]
log likelihood =  -2660.296105066658
Lr derivatives =  [2.155283686585584, -30.811237836249674, 3.708180632634818]
other derivatives =  [ -6.94887513   8.51809909 -19.98087373  11.77494369   4.38777637
  -3.57711679  -0.        ]
Current x_clock array =  [-0.60188786 -0.68284996 -0.66253482  0.62403343 -2.31610381  0.0622655
  0.33647224 -0.36824699  0.         -0.12973308]
log likelihood =  -2659.597073395906
Lr derivatives =  [-6.95672419692589, -36.53957861110764, -1.4400796265146845]
other derivatives =  [ 2.89669015 -0.67763176 -6.43277872  9.28904319  2.24698544 -3.41455598
 -0.        ]
Current x_clock array =  [-0.59435799 -0.69310098 -0.64546562  0.5911222  -2.3376428   0.07098487
  0.33647224 -0.38436604  0.         -0.1365897 ]
log likelihood =  -2659.2184074364254
Lr derivatives =  [-8.543555356714636, -37.56259215841308, -3.222946427739668]
other derivatives =  [-0.24752944 -3.72603336  4.17468846  6.65828702  0.65888128 -3.11970325
 -0.        ]
Current x_clock array =  [-0.5962865  -0.69740908 -0.63025324  0.55828181 -2.36423924  0.0827719
  0.33647224 -0.37945147  0.         -0.14056802]
log likelihood =  -2658.8771482819493
Lr derivatives =  [-5.582058388351009, -35.77326827694924, -2.6466112304225042]
other derivatives =  [-0.6686123  -5.36845619  8.09458879  3.1572954  -0.17605257 -2.68098074
 -0.        ]
Current x_clock array =  [-0.59611798 -0.70123475 -0.62448757  0.51183522 -2.39186635  0.10135294
  0.33647224 -0.36369544  0.         -0.14239317]
log likelihood =  -2658.6417356305583
Lr derivatives =  [-1.3931646806929336, -33.335114497959935, -1.8186070559053427]
other derivatives =  [ 1.43169791 -0.45062734  3.0527649  -0.16164631 -0.90303719 -2.16642775
 -0.        ]
Current x_clock array =  [-0.59423637 -0.69563274 -0.63187033  0.46127793 -2.41389642  0.13229829
  0.33647224 -0.35051328  0.         -0.14491779]
log likelihood =  -2658.6048529589502
Lr derivatives =  [0.776857033583827, -31.763817218995893, 0.9355252550179642]
other derivatives =  [-0.68251666 -1.29453474 -0.57810439 -0.99283716 -0.24250679 -1.94854147
 -0.        ]
Current x_clock array =  [-0.59559772 -0.69704969 -0.63694636  0.45044712 -2.40979156  0.14786943
  0.33647224 -0.34708668  0.         -0.14005903]
log likelihood =  -2658.5871787453198
Lr derivatives =  [1.257074387045349, -31.50358151328004, 1.1507270576481634]
other derivatives =  [ 0.15169599  0.30362298 -1.51772838 -1.11672625  0.01994388 -1.87452997
 -0.        ]
Current x_clock array =  [-0.5951396  -0.694741   -0.63851708  0.44871623 -2.40579256  0.15771552
  0.33647224 -0.34763575  0.         -0.14011071]
log likelihood =  -2658.537535816233
Lr derivatives =  [1.7845705718584677, -31.284112096377903, 1.5705440699966644]
other derivatives =  [ 0.42726469  3.34238848 -3.34595597 -1.061489    0.38577848 -1.56359602
 -0.        ]
Current x_clock array =  [-0.59524756 -0.69011668 -0.64164686  0.44967939 -2.39548052  0.19367198
  0.33647224 -0.35048516  0.         -0.14049029]
log likelihood =  -2658.469734429466
Lr derivatives =  [1.8295535995179861, -31.499788082179336, 1.6104655254488769]
other derivatives =  [ 1.95461871  4.74257467 -4.38921916 -0.75283879  0.60822728 -0.95346331
 -0.        ]
Current x_clock array =  [-0.5945418  -0.68767914 -0.64384061  0.45494122 -2.38285221  0.25593016
  0.33647224 -0.35427637  0.         -0.14243561]
log likelihood =  -2658.4427723631948
Lr derivatives =  [1.729074871911446, -31.90143887520826, 0.9940471803720499]
other derivatives =  [-8.13447332  5.82415714 -1.21823859 -0.17723323  0.41370639 -0.04945923
 -0.        ]
Current x_clock array =  [-0.60215202 -0.68531473 -0.63895701  0.46690479 -2.37117788  0.33867693
  0.33647224 -0.35574305  0.         -0.14645336]
log likelihood =  -2658.395822147285
Lr derivatives =  [0.7057659659974949, -32.61550560776156, 0.5346139867654696]
other derivatives =  [ 0.53349004  2.20860329 -1.2412047  -0.05659786  0.29209514  0.07188555
 -0.        ]
Current x_clock array =  [-0.59590922 -0.69046096 -0.63965019  0.4680313  -2.37198201  0.34678384
  0.33647224 -0.35757515  0.         -0.14745472]
log likelihood =  -2658.39066504685
Lr derivatives =  [0.17747730223931946, -32.942461635413544, 0.159798813323345]
other derivatives =  [ 0.51657889  0.55006376 -0.3860564  -0.02374964  0.12230792 -0.01644366
 -0.        ]
Current x_clock array =  [-0.59579485 -0.6927832  -0.63833036  0.4686053  -2.37519284  0.33836422
  0.33647224 -0.35733993  0.         -0.14781343]
log likelihood =  -2658.390161488344
Lr derivatives =  [-0.0017270165247023073, -33.068249292277834, -0.0037054703147898493]
other derivatives =  [ 0.05039283 -0.0169739   0.04507547 -0.01704029  0.03419798 -0.00110913
 -0.        ]
Current x_clock array =  [-0.59608898 -0.69355168 -0.63766847  0.46886837 -2.37615508  0.33911661
  0.33647224 -0.35721471  0.         -0.14815056]
log likelihood =  -2658.390156390243
Lr derivatives =  [-0.009655772315133149, -33.07283379507635, -0.012212673588972933]
other derivatives =  [-0.0009677  -0.01198259  0.02407933 -0.01083345  0.02329024 -0.0041191
 -0.        ]
Current x_clock array =  [-0.59612116 -0.69354557 -0.63769166  0.46891512 -2.376279    0.33882874
  0.33647224 -0.35721124  0.         -0.14815911]
      fun: 2658.390156390243
 hess_inv: <10x10 LbfgsInvHessProduct with dtype=float64>
      jac: array([-9.67702363e-04, -1.19825927e-02,  2.40793270e-02, -1.08334461e-02,
        2.32902436e-02, -4.11910150e-03, -0.00000000e+00, -9.65577232e-03,
       -3.30728338e+01, -1.22126736e-02])
  message: 'CONVERGENCE: REL_REDUCTION_OF_F_<=_FACTR*EPSMCH'
     nfev: 20
      nit: 19
     njev: 20
   status: 0
  success: True
        x: array([-0.59612116, -0.69354557, -0.63769166,  0.46891512, -2.376279  ,
        0.33882874,  0.33647224, -0.35721124,  0.        , -0.14815911])
