number of sites to be analyzed:  786
log likelihood =  -25050.22937794056
Edge derivatives =  [277.26644558797545, 199.6104951721088, 80.15723039684195, 93.06971077435966, -111.41426452239813, -89.78471639472022, 247.92717306791934, 356.7623610798419, 32.17736961188807, 72.91423775715123, -78.96900988655763, 84.38788586732882, -34.306739623524756, 4.342089163969426, 170.9237630141249, 154.12117292839494]
other derivatives: [ -27.11007619  127.30849994 -158.01037807  266.83280885 -728.86874113
  -76.58258255 -197.59330462]
Current x array =  [-0.69319707 -0.69115336 -0.66403991  0.18232156 -0.10536052 -0.22314355
  0.33647224 -2.30258509 -2.30258509 -2.30258509 -2.30258509 -2.30258509
 -2.30258509 -2.30258509 -2.30258509 -2.30258509 -2.30258509 -2.30258509
 -2.30258509 -2.30258509 -2.30258509 -2.30258509 -2.30258509]
log likelihood =  -23842.058269499088
Edge derivatives =  [231.0403835479734, 213.46438657590693, 107.67709287669402, 119.19971371784574, -62.6209294991715, -40.20469573754581, 270.8746403825113, 388.93721332455607, 53.6981385501612, 106.57068576051459, -35.98675861951397, 124.37056720976554, -3.094125941079852, 26.721818714025297, 202.31225253845273, 183.00556379784408]
other derivatives: [ 137.24414384  129.77165898   21.5000764   195.84650363 -395.7742083
  -30.94776184  -75.13394667]
Current x array =  [-0.72631472 -0.69037013 -0.85706525  0.19431482 -0.99574591 -0.31669676
  0.09509244 -2.29488586 -2.05874109 -2.29488586 -2.29488586 -2.43868866
 -2.41226602 -2.29488586 -2.29488586 -2.29488586 -2.29488586 -2.39905356
 -2.29488586 -2.34449417 -2.2972808  -2.29488586 -2.29488586]
log likelihood =  -24437.468464812537
Edge derivatives =  [135.25379400458746, 128.58817402084688, 84.35632931741353, 65.16601850490123, -32.742000662795796, -20.05976183493259, 155.72112303618022, 262.6075152196178, 39.43625256430749, 83.69205307556942, -22.71804845662131, 123.45334685952152, 11.198597028677613, 19.61839497158396, 142.49442599177996, 114.56153891162096]
other derivatives: [-6288.45228857  -315.73338492    47.47807179  -140.56020154
   283.02516983   -10.46078251   -42.11283886]
Current x array =  [-0.18829441 -0.4474439  -0.79839457  0.42194061 -2.68168234 -0.45179235
 -0.23483184 -1.95847381 -1.1816504  -2.02571018 -2.00770233 -2.70479271
 -2.5861541  -1.73842632 -1.50385833 -2.13675342 -2.01463482 -2.55446619
 -1.96874351 -2.36244015 -2.1909242  -1.84521261 -1.88569397]
log likelihood =  -23118.31000223757
Edge derivatives =  [188.39737122655347, 196.040912842662, 104.74004999134776, 105.07986244189205, -46.00417469622928, -27.89796933108069, 230.23758100213107, 353.0575462007888, 50.35728742536495, 101.51404026939254, -27.109073665975956, 125.94595595403709, 4.291317432740701, 26.827828176090232, 182.33561767823477, 160.635112921584]
other derivatives: [-576.93795679   29.26833622   27.52793807   88.14151079 -119.51402769
  -24.92831845  -73.63350596]
Current x array =  [-0.5184926  -0.59653456 -0.83440241  0.28224026 -1.64697573 -0.36888039
 -0.03234803 -2.16493935 -1.71994563 -2.19091087 -2.18395494 -2.54147717
 -2.47943409 -2.07994119 -1.98933417 -2.23380375 -2.18663276 -2.45908509
 -2.16890624 -2.3514262  -2.25619824 -2.12118973 -2.13682654]
log likelihood =  -22657.82586229288
Edge derivatives =  [119.07985637048961, 124.95156819692846, 78.09638871105282, 59.44299948681176, -18.329681922620324, -12.49844786835853, 105.55457950727617, 180.99356843567742, 50.519098955893, 79.410643280692, -14.211694133564759, 107.57691621340852, 22.530389748503385, 35.40710025754473, 108.2825213607127, 99.83473591018148]
other derivatives: [ 380.14202801 -627.56515035  147.2315962  -100.55832172  364.30709537
  -18.1277137   -94.40705981]
Current x array =  [-0.77848944 -0.40795942 -0.71906471  0.48720871 -2.96148209 -0.48852251
 -0.33744912 -1.75690189 -0.83471933 -1.87598526 -1.85831912 -2.78235608
 -2.63039448 -1.43826544 -1.04778391 -2.0574132  -1.86457532 -2.59690626
 -1.78467827 -2.35272604 -2.14068735 -1.59797358 -1.66657644]
log likelihood =  -22146.930545200106
Edge derivatives =  [111.6207393679079, 123.46518765380063, 73.09741601351028, 43.71833024708884, -3.722614746322561, -6.546858638483539, 45.064661329715804, 49.12098144485801, 68.48774979969484, 70.90038826498284, -8.04245525487725, 74.67373889631388, 38.18646760897948, 59.87380748034362, 55.59949352402682, 55.794589358598]
other derivatives: [ -59.21987031   70.20105477  -96.37980111  -52.63903586  341.51126405
  -28.47208816 -122.64843099]
Current x array =  [-0.65173566 -0.82750176 -0.52635098  0.56309107 -3.10178207 -0.54586318
 -0.52587402 -1.39491037 -0.37351467 -1.65068922 -1.64118978 -2.88670688
 -2.69416549 -0.99711391 -0.37654454 -1.9312585  -1.63781713 -2.65812202
 -1.50269166 -2.32944631 -2.06159822 -1.22898219 -1.33346408]
log likelihood =  -21858.07822843351
Edge derivatives =  [61.439694811214366, 67.09993165358271, 35.564052559747886, 9.437536434384475, -6.9650145537281425, -12.570589819352202, -30.810643403416144, -103.51735856217344, 49.44655863847572, 34.10301044533826, -14.937171079768078, 21.40722814872436, 31.434909138694483, 49.793206777955426, -23.350112712317934, -11.607201322885178]
other derivatives: [-345.31654455   70.03175779 -153.0589725   -31.6085243   166.40037661
  -35.22327097 -128.8593885 ]
Current x array =  [-0.5961734  -0.88003206 -0.49431741  0.62221168 -2.77389091 -0.58629059
 -0.69169366 -1.05253392 -0.05578691 -1.45360546 -1.47068545 -2.92348621
 -2.71589763 -0.67664974  0.08462805 -1.79856526 -1.44311066 -2.68163279
 -1.2759643  -2.27618325 -1.96581535 -0.95465898 -1.08051635]
log likelihood =  -21727.91849233392
Edge derivatives =  [-3.824853991736483, -1.7725240801249065, 1.1303586660880443, -12.105103916058274, -12.184714603489633, -16.850405466810646, -67.98262757161712, -135.32656055472413, 20.665268845934527, 8.347817689593716, -17.350441451134923, -3.327758591166002, 18.583081032211755, 27.376037707258405, -37.770716704709955, -25.328842218668015]
other derivatives: [ 57.372632   177.51402629 286.4611597  -30.6259426  -20.88669427
  -8.83466419 -73.84031414]
Current x array =  [-0.70927824 -0.94648767 -0.66736934  0.60505521 -2.32097702 -0.63768353
 -0.8993356  -0.86669176  0.0580233  -1.36073487 -1.42308785 -2.92153505
 -2.72514706 -0.66267882 -0.0080437  -1.69264616 -1.35121434 -2.69719227
 -1.20084557 -2.2072581  -1.86687886 -0.94461566 -1.05105075]
log likelihood =  -21643.064644536564
Edge derivatives =  [-3.5190043199981504, 8.855754986121685, 8.481954397922888, -3.6120153374534167, -12.093683262895333, -15.378204103096222, -37.811892719198156, -63.95946389163321, 23.260942418813933, 16.2838319079621, -15.03106119945478, 11.853405818133153, 17.587537929470702, 26.713569846144658, -5.505519214496378, 1.6271919837038311]
other derivatives: [ 68.58199777  84.90688924  64.72332097  -3.21660991 -53.17119911
  -0.66392386 -55.49142952]
Current x array =  [-0.72366004 -0.8419422  -0.58160376  0.5624068  -2.17102043 -0.6351223
 -0.92415232 -0.92044382 -0.04979871 -1.40001697 -1.47530292 -2.89841673
 -2.71748439 -0.80254586 -0.25480497 -1.69640921 -1.38749164 -2.69208282
 -1.25802114 -2.19113236 -1.85726758 -1.052512   -1.14045656]
log likelihood =  -21612.12135753102
Edge derivatives =  [-2.1513692368012824, 11.36203820237649, 14.610509842824053, 4.486283046514395, -10.68736298599102, -13.157585718389864, -9.115921379838632, -2.701386435727666, 21.061440506592536, 16.659014356360625, -12.52902853933626, 17.860055442827957, 15.696368171769524, 22.026410727373634, 11.413915657726424, 14.399850144298087]
other derivatives: [ 13.81025504 -23.93760587   4.55110421  -0.3657733   -5.18034451
   7.00385499 -32.78257049]
Current x array =  [-0.70934075 -0.76203697 -0.55565988  0.53318416 -2.25140729 -0.64357443
 -1.01829663 -0.94563475 -0.02776827 -1.39391874 -1.48912593 -2.91829063
 -2.74183042 -0.88188647 -0.39182377 -1.66384453 -1.37101816 -2.7160735
 -1.25083059 -2.16619824 -1.81741234 -1.08321148 -1.15814932]
log likelihood =  -21599.240140329937
Edge derivatives =  [-11.311514784369693, 2.218856929704279, 11.853206429943501, 4.1565686405178335, -8.789482027111788, -11.794509033875272, -3.56262890520772, 9.089962625897494, 15.523476398680682, 7.963053725786746, -10.964261698671475, 7.996536191049182, 12.628165286647624, 15.76550458710802, 7.414167268716276, 9.182895532124537]
other derivatives: [  2.33348692 -39.83148054 -71.21590897   3.97059193   1.53512458
  12.55787356 -17.07468387]
Current x array =  [-0.71186877 -0.76214264 -0.5189182   0.52627279 -2.3088271  -0.65593093
 -1.15643761 -0.89747878  0.0816334  -1.33424177 -1.45675598 -2.95905644
 -2.78230453 -0.87460152 -0.39205305 -1.59460359 -1.30442515 -2.75550888
 -1.18363551 -2.12609999 -1.74978854 -1.03945542 -1.10658006]
log likelihood =  -21589.352248247058
Edge derivatives =  [-20.63720686080149, -11.705909903815119, 6.16951008131314, 2.258704255300915, -7.537512692803919, -10.35757610772559, 2.0991542643247434, 20.47285145121095, 2.5889817911418485, -4.670997273942722, -9.35511397450409, -3.961045027159701, 5.40458656822498, 1.9925586213870656, 1.784040681681461, 0.8402230825641752]
other derivatives: [-13.24995173 -20.71638301  22.04481279   1.98212365  12.61869893
  16.88836346  -2.67915581]
Current x array =  [-0.70649363 -0.78832348 -0.54374696  0.51714213 -2.3705594  -0.64913801
 -1.3239626  -0.87051082  0.19781013 -1.25630308 -1.41748051 -3.01611409
 -2.84334909 -0.87532261 -0.3876483  -1.50227927 -1.228049   -2.81419371
 -1.1087532  -2.06708248 -1.65846578 -0.99030645 -1.04632886]
log likelihood =  -21586.094069329723
Edge derivatives =  [-18.860070428097227, -9.875913385662642, 4.861298502110968, 1.185274531227288, -6.8157431930506265, -9.639788761552763, -0.04945305871082323, 10.431077304916808, 0.9939133600647322, -5.115793622848701, -8.642586136840283, -5.024168005457819, 3.667591198049369, -0.1619979828632791, -0.7196964969042796, -1.477487140382857]
other derivatives: [ 2.38533175  3.40823681 -3.56806413  1.62752622  5.27080131 16.26473386
 -2.71080485]
Current x array =  [-0.71199527 -0.80616256 -0.53287014  0.52538635 -2.36550285 -0.62522977
 -1.35447232 -0.88832472  0.20145948 -1.23369038 -1.40628558 -3.03491745
 -2.86672131 -0.8682547  -0.35360328 -1.48248338 -1.22010822 -2.83581682
 -1.10026094 -2.0497398  -1.64013658 -0.97640402 -1.03211312]
log likelihood =  -21581.503339026618
Edge derivatives =  [-12.570734260708338, -4.524459193171141, 2.40769747433951, -0.6770360441998401, -5.738264878400807, -7.987395071608022, -2.013359229596424, -6.470001125402759, -3.2859440512081344, -3.8908623079663727, -7.122014572989942, -2.78703256290303, -0.8258857925920278, -5.683080136133706, -2.3717246663681415, -3.2143012221806235]
other derivatives: [  8.0130194   25.50196587 -10.63041418  -0.57015859  -3.59348343
  14.11583071  -3.30488431]
Current x array =  [-0.71324346 -0.82209616 -0.53032499  0.53768797 -2.34736818 -0.55529564
 -1.40245305 -0.96393278  0.17326988 -1.19669674 -1.39431802 -3.07398314
 -2.91961387 -0.87434323 -0.30488036 -1.45246199 -1.22285935 -2.88418783
 -1.10326512 -2.015587   -1.61269219 -0.96663739 -1.0217677 ]
log likelihood =  -21576.25825868819
Edge derivatives =  [-2.04407274680655, 3.4863914529877773, 0.38474756915776087, -1.295224248121318, -4.320760814664848, -5.564469246226056, 0.15608353645045125, -12.518172825978734, -5.968978200667358, -0.24983115320421834, -5.069290246643838, 1.3528476024123184, -4.674852707190672, -8.714485774074904, -1.3666742794600075, -1.9967861593732104]
other derivatives: [16.63959119 24.38623778 -6.76805939 -1.44497972 -3.44610605 10.81047958
 -3.98717582]
Current x array =  [-0.71529136 -0.8179955  -0.53344512  0.53884289 -2.33245855 -0.44071329
 -1.45784271 -1.08654876  0.12540218 -1.15751452 -1.39050724 -3.12964574
 -2.9961404  -0.89797455 -0.29039802 -1.4354581  -1.23723426 -2.95361186
 -1.11098908 -1.98516275 -1.60449501 -0.96597343 -1.02258923]
log likelihood =  -21577.547797129726
Edge derivatives =  [-0.6653215591929407, -9.436631258787326, -11.022002413782145, -8.006432682025872, -2.8423216319976854, -2.7082134737870076, -9.013848419441626, -19.366306044231628, -5.967365660400682, -2.196741548889138, -2.950237352734543, -3.8304871934054026, -5.103869591844696, -4.115874444029915, -5.641787758292857, -5.673802056228414]
other derivatives: [-116.19065481    5.44706563    3.3661272     6.87130887  -40.66663682
    5.4652337    -3.29154971]
Current x array =  [-0.6746114  -0.80411101 -0.54598009  0.5395784  -2.24420693 -0.23409267
 -1.56154525 -1.20756058  0.11484327 -1.10173658 -1.3862447  -3.224334
 -3.12290248 -0.89333988 -0.31411256 -1.45336952 -1.24219419 -3.07020961
 -1.09774932 -1.98257076 -1.65119935 -0.96400397 -1.02577308]
log likelihood =  -21574.21721614838
Edge derivatives =  [-1.599027662757151, -0.909963977458347, -3.348431876863232, -3.580001359950841, -3.7915871948788245, -4.535425076352506, -2.976611296841526, -14.874381331789348, -5.963338770192645, -0.8793137552206616, -4.298157628502796, -0.3379645985810876, -4.795625451742449, -7.103204829439238, -2.791667758228944, -3.2128983338297212]
other derivatives: [-27.203223    17.9528688   -3.05409412   1.26230952 -16.10351145
   9.00094892  -3.58410707]
Current x array =  [-0.70128438 -0.81321478 -0.53776118  0.53909614 -2.30207164 -0.3695694
 -1.49354971 -1.12821571  0.12176652 -1.13830899 -1.38903956 -3.16224893
 -3.03978729 -0.89637873 -0.29856345 -1.44162538 -1.23894207 -2.99375895
 -1.10643035 -1.98427027 -1.62057631 -0.9652953  -1.0236855 ]
log likelihood =  -21570.45588563877
Edge derivatives =  [8.14987283597391, 2.3811375893529294, -6.11661815944308, -3.2996549161325146, -1.933168857475154, -1.669453636866412, 0.6557594058641427, -4.548128945863484, -3.0773267432592117, 2.6795900801637202, -1.9673293498045015, 1.543256950535576, -4.307869912648256, -2.283479065641786, 0.149216995565853, 0.330814978797928]
other derivatives: [-22.88714677  -3.5441808    3.72252543   1.24511644 -10.05853332
   4.7339272   -3.69838587]
Current x array =  [-0.70222171 -0.79309275 -0.54308693  0.53394513 -2.29311767 -0.20108398
 -1.57242457 -1.25767815  0.09513981 -1.1010724  -1.39378178 -3.24147302
 -3.14494987 -0.91591218 -0.33303899 -1.4549651  -1.25102806 -3.08992911
 -1.10362906 -1.97861589 -1.65361723 -0.96992437 -1.03223608]
log likelihood =  -21569.146623714718
Edge derivatives =  [8.13147679417938, -1.4346300058590302, -5.249562362003109, -2.180047616588491, -0.8391620924502108, -0.6657862382957622, -1.3308865624906132, -2.1234474016132943, 1.2624891537555967, 0.6678940231579523, -1.1428029200892604, -1.208698594585271, -0.3265709691331448, 3.0740818600972752, -0.8270441849841761, -0.09387144773350092]
other derivatives: [38.72878733 -4.09538552 14.70407369 -4.10792563  2.37339207  3.96721589
 -2.46523965]
Current x array =  [-0.72302365 -0.79318091 -0.54211418  0.53833289 -2.32798619 -0.12905561
 -1.63280081 -1.23927777  0.14138951 -1.0978296  -1.39343298 -3.28392111
 -3.19273909 -0.88896181 -0.32690623 -1.46396431 -1.22826554 -3.13579351
 -1.08062399 -1.99460406 -1.66954245 -0.95352961 -1.01687235]
log likelihood =  -21568.416504817622
Edge derivatives =  [6.974207501284921, -3.1194988978605616, -4.7643516681431155, -2.0410174120144307, -0.707145851790904, -0.5692958917113178, -1.309967252133168, 0.3248330724752502, 2.1147805738369176, -0.06140550161652403, -1.0555671662600157, -2.029867129430349, 0.5036996011817174, 4.051785336174171, -0.7158039507165656, -0.22623062793303778]
other derivatives: [12.11257768 -2.11074803  2.31753074 -2.09756399  1.52142259  4.18385389
 -1.75166379]
Current x array =  [-0.71429754 -0.79614923 -0.53822563  0.53655153 -2.33021828 -0.12116401
 -1.64177442 -1.22628731  0.15024397 -1.10205554 -1.39548275 -3.28809498
 -3.19684773 -0.88592861 -0.33431389 -1.46688841 -1.22399952 -3.14022602
 -1.07732718 -1.99957091 -1.67259171 -0.95330123 -1.01623011]
log likelihood =  -21568.10972657768
Edge derivatives =  [5.899361751677964, -4.618967644290534, -4.245862698163031, -1.8243762752419077, -0.46282174770434104, -0.33620109153956834, -1.6553057247750365, 1.194268567674854, 2.7203596919311748, -0.940654958292024, -0.8528527861061007, -2.6176139709899373, 1.1982027326968967, 4.640120521810726, -0.7967290537870214, -0.5488297109769305]
other derivatives: [-4.02422666  1.81821088 -3.51370181 -0.99522367  1.26408414  4.14343594
 -1.10318501]
Current x array =  [-0.70906327 -0.80033877 -0.53615789  0.53575446 -2.33414624 -0.10171865
 -1.65881491 -1.21279214  0.15974818 -1.10601152 -1.39751314 -3.29818233
 -3.20797484 -0.88094508 -0.33603679 -1.46748809 -1.2180053  -3.15149589
 -1.07341917 -2.00344987 -1.67302135 -0.95110248 -1.01350502]
log likelihood =  -21567.855343196694
Edge derivatives =  [5.167057793356545, -5.104391669982975, -3.603985975743893, -1.529816267398953, -0.21604520972951996, -0.04753782520412341, -1.9686327011419045, 0.6219644852881618, 2.8815744937358727, -1.3950929819575566, -0.6117911547156534, -2.33260363095252, 1.481183566388823, 4.530054337651758, -0.7378447768013165, -0.6971830029214057]
other derivatives: [-11.72848715   4.51295273  -5.38712266  -0.29846706   0.80179912
   3.78767072  -0.81781246]
Current x array =  [-0.70657959 -0.80290507 -0.53554455  0.5350362  -2.33546426 -0.07674808
 -1.6750017  -1.20216738  0.16203619 -1.11157742 -1.40061374 -3.30924407
 -3.22070513 -0.87782835 -0.33442831 -1.46651617 -1.21456831 -3.16442029
 -1.07275671 -2.00554295 -1.67094092 -0.94979645 -1.01177006]
log likelihood =  -21567.21424953723
Edge derivatives =  [3.1809940362111475, -5.0151363760180985, -1.5778970924448361, -0.5274581119304919, 0.3970634837124294, 0.7358017732026002, -2.321026342754872, -1.8612695378940716, 2.4266500213286277, -2.1074768682577028, 0.0290104871810657, -0.5650317992669245, 1.5508463076200496, 2.866340031187616, -0.3864746020514652, -0.866488662274061]
other derivatives: [-20.40002437   6.41125735  -7.44164572   1.26611121  -0.49495201
   2.51035453  -0.44435702]
Current x array =  [-7.04060473e-01 -8.04913724e-01 -5.34953101e-01  5.32336683e-01
 -2.33569126e+00 -2.70271913e-03 -1.71785864e+00 -1.17177739e+00
  1.57695814e-01 -1.13090426e+00 -1.41106193e+00 -3.33934812e+00
 -3.25552067e+00 -8.73360869e-01 -3.28657327e-01 -1.46034814e+00
 -1.20889465e+00 -3.20039669e+00 -1.07492010e+00 -2.00850036e+00
 -1.65984688e+00 -9.47707754e-01 -1.00864955e+00]
log likelihood =  -21566.686339582586
Edge derivatives =  [0.7144985470327911, -3.4815546026489828, -0.0971687851223686, 0.33238111542979953, 0.7318090110541796, 1.2341872739389592, -1.3478226196129948, -1.4869183468196074, 0.7446525104800599, -1.497488061431778, 0.43618473441460526, 0.3644355256061793, 0.7450225892482447, 0.1148808894099281, -0.15399763676388817, -0.6287810674988605]
other derivatives: [-13.36646528   6.2013969   -0.86555519   1.79631752  -3.67526241
   1.39228359  -0.23710581]
Current x array =  [-0.70639766 -0.80352893 -0.5377295   0.53091789 -2.32556658  0.06141207
 -1.74914829 -1.13905838  0.13801693 -1.15082117 -1.42052244 -3.35933225
 -3.27795582 -0.87709053 -0.33392704 -1.45109771 -1.21222252 -3.22624384
 -1.07679432 -2.00763625 -1.6468102  -0.94807152 -1.00981383]
log likelihood =  -21566.952010729994
Edge derivatives =  [1.2138846437238622, 2.9060405423882996, 2.429834897129721, 1.8764155974091725, 1.1190423810184589, 1.6007333167500841, 0.9531275435666063, -0.7736504432196023, 0.230216670473024, 0.26751183241611676, 0.7641745274935324, 1.2772857759371528, 0.22669122381056753, -1.4336211282632572, 0.35264453326586853, 0.18698829772190473]
other derivatives: [  0.7164308  -11.09818913 -29.0911521   -0.35386984   5.02043494
   0.33923061  -0.58332586]
Current x array =  [-0.71232232 -0.7911608  -0.52652239  0.53406052 -2.34286697  0.11383284
 -1.77533355 -1.1176156   0.11685531 -1.16415001 -1.42474975 -3.37432788
 -3.29299819 -0.8814697  -0.33119515 -1.44055656 -1.21647296 -3.24605678
 -1.07550453 -2.00368464 -1.63540822 -0.94531983 -1.00870277]
log likelihood =  -21566.582253451124
Edge derivatives =  [0.8326039617731924, -1.9535954963927455, 0.5088565360491194, 0.7015608020076268, 0.8244884066370856, 1.3224776698508856, -0.7959292280187525, -1.302606716683676, 0.6289262050275708, -1.073570251760418, 0.5159116076834148, 0.588791761051289, 0.6264463400741804, -0.24405222076868444, -0.024540972168245523, -0.4268360117736178]
other derivatives: [-10.00928023   2.17496199  -7.39335155   1.28776446  -1.61322293
   1.14957948  -0.31004671]
Current x array =  [-0.70779107 -0.8006201  -0.53509372  0.531657   -2.32963542  0.07374081
 -1.75530675 -1.1340153   0.13303997 -1.15395595 -1.42151665 -3.36285904
 -3.28149361 -0.87812046 -0.33328453 -1.44861856 -1.21322217 -3.23090361
 -1.07649097 -2.00670688 -1.64412859 -0.94742436 -1.00955253]
log likelihood =  -21566.48484105864
Edge derivatives =  [0.09834026364522852, -0.4889302427850904, 0.8597379128078546, 0.9661621407244999, 0.7778290476212043, 1.3033127175064572, 0.01716819243946649, -0.16520884941038227, -0.3104283628342874, -0.4058281340941374, 0.5061066421960568, 0.5428827474044756, 0.12758710523179348, -1.3073950107720824, 0.02427054170185905, -0.1865580435554347]
other derivatives: [-1.47348328 -1.57413524  2.79359665 -0.20779407  0.20581065  0.99198223
 -0.24264901]
Current x array =  [-0.71037171 -0.79742561 -0.53853458  0.53287517 -2.33028948  0.0851371
 -1.75862101 -1.12170168  0.12231928 -1.15970025 -1.42254012 -3.36248691
 -3.27970345 -0.88140777 -0.33659442 -1.44471409 -1.21722025 -3.23192476
 -1.07618962 -2.00506578 -1.64028787 -0.94773693 -1.01088305]
log likelihood =  -21566.476859869133
Edge derivatives =  [0.2439382820549219, -0.08101439789307818, 0.7041294716771122, 0.8789614549298284, 0.7450367194485198, 1.2453310850462869, 0.10568957306805593, 0.028283718455710982, -0.25793106233913654, -0.1286886274713651, 0.47049709450221194, 0.33344245388652277, 0.10695888201758763, -1.0892487337445302, 0.018119918108051858, -0.07387496268747284]
other derivatives: [ 1.70241037 -0.80641257  0.5889633  -0.22544918 -0.10152027  1.02595004
 -0.29563761]
Current x array =  [-0.71143676 -0.79769951 -0.53771326  0.533166   -2.32934657  0.08223986
 -1.75618435 -1.12271778  0.12075298 -1.15820633 -1.42121706 -3.35994374
 -3.2764276  -0.88205468 -0.33717378 -1.44475072 -1.21846725 -3.2293663
 -1.07574046 -2.00438949 -1.64135552 -0.94787995 -1.01137238]
log likelihood =  -21566.47350514247
Edge derivatives =  [0.28672518437507405, 0.24157660127609154, 0.44592799607730194, 0.7158927753967297, 0.6890022797787544, 1.1594584451255316, 0.1189996395477178, 0.24652262295869187, -0.21883174575939277, 0.09682899686762858, 0.4153312487444233, 0.000690569548084774, 0.09688521079224238, -0.779717620511048, -0.02999723755449929, -0.005524321268638943]
other derivatives: [ 3.27477755 -0.34213372 -0.63558036 -0.29658622 -0.23696524  1.06654625
 -0.33405843]
Current x array =  [-0.7119526  -0.79790472 -0.53725735  0.53350852 -2.32890899  0.07937717
 -1.75377627 -1.12287274  0.11940969 -1.15635681 -1.41926469 -3.35659682
 -3.27188747 -0.88251412 -0.33782852 -1.44493514 -1.21968725 -3.22612039
 -1.07494991 -2.00372319 -1.64310082 -0.94796235 -1.01185964]
log likelihood =  -21566.459074495957
Edge derivatives =  [0.1834540690671589, 0.6735077653611161, -0.03268772150166768, 0.3893460799505435, 0.5972672498197904, 1.0207499516434122, 0.030311607112951444, 0.4812609016485885, -0.16095521368272067, 0.3592888299604716, 0.33301347722814834, -0.5600033556453727, 0.10284282366127132, -0.1802370364761763, -0.1265390305688589, 0.05253428009447936]
other derivatives: [ 3.65943561 -0.02615707 -1.47876563 -0.39405131 -0.15444769  1.02188642
 -0.41140978]
Current x array =  [-0.71206535 -0.79814372 -0.53693291  0.53388837 -2.3291892   0.079834
 -1.75261698 -1.12097099  0.1174041  -1.15358216 -1.41548098 -3.35160038
 -3.26441143 -0.88285677 -0.33855557 -1.44525718 -1.22132139 -3.2219551
 -1.07346049 -2.00268698 -1.64662232 -0.94791478 -1.0124917 ]
log likelihood =  -21566.41828645151
Edge derivatives =  [-0.15792525526401757, 1.0218339413267667, -0.5550191494674495, -0.054304951079819155, 0.47556703428666064, 0.841101054690224, -0.055115958328402354, 0.3089449326828193, -0.06799527896558613, 0.5191375284417684, 0.258957325301871, -0.5766963007585839, 0.056593077861189695, 0.587921926984399, -0.043621339132410564, 0.1772113416701585]
other derivatives: [ 3.30317198  1.11366899 -1.7705388  -0.07131166 -0.05962537  0.65838685
 -0.60488717]
Current x array =  [-0.71192585 -0.79909335 -0.53680431  0.53323266 -2.33018329  0.0927353
 -1.75728508 -1.11509967  0.11546192 -1.15182299 -1.40938803 -3.34452447
 -3.25211224 -0.88373264 -0.33815331 -1.44573349 -1.22263785 -3.21793575
 -1.07372971 -2.0007322  -1.6512037  -0.94823525 -1.01331919]
log likelihood =  -21566.41002845417
Edge derivatives =  [-0.8956753000053357, 0.006257270750114452, -1.6271711051755613, -1.0712125474148269, 0.0889158742249406, 0.36737440735599164, -0.44680430256558445, -0.3785318234051247, -0.3414735067400705, 0.13394536413409375, -0.009194538697591782, -0.971697668496501, -0.38593523147010017, 0.9682582668945812, -0.5677517955454002, -0.3001939753262606]
other derivatives: [-3.77772812 -6.66327833 -2.26437987 -0.07094786 -1.15334709  0.08575807
 -0.88556401]
Current x array =  [-0.71011551 -0.7941465  -0.53671712  0.53377182 -2.32825554  0.11302457
 -1.76675909 -1.11159392  0.11627594 -1.15014118 -1.39908661 -3.32840927
 -3.22496862 -0.88625821 -0.33837039 -1.44726028 -1.22396643 -3.2078469
 -1.07426192 -1.99677608 -1.65583539 -0.94829882 -1.01404149]
log likelihood =  -21566.357814050338
Edge derivatives =  [-0.8386824841144896, 0.19962998304258917, -1.0478423105968742, -0.6850747629897127, 0.21190231660634795, 0.5000017461231445, -0.13650475033338186, -0.22355353274773693, -0.05181107308518834, 0.12989588086253934, 0.11900981118792944, -0.1773732656637657, -0.19492367092990887, 1.0374768708067152, -0.08041863157131263, 0.01797087097859601]
other derivatives: [-0.1593362  -0.73957926  0.0089567   0.12611417 -0.42222908 -0.09215728
 -0.85885054]
Current x array =  [-0.71094959 -0.79824902 -0.53736893  0.53289317 -2.33052414  0.12358042
 -1.77338911 -1.10816771  0.11739254 -1.15324778 -1.40044407 -3.33181253
 -3.22838536 -0.88570908 -0.33741271 -1.44732235 -1.22240588 -3.21227674
 -1.07574609 -1.99756325 -1.6548366  -0.94850527 -1.01371742]
log likelihood =  -21566.345170248504
Edge derivatives =  [-0.8000533392883367, -0.007089927866851531, -0.6492264971898982, -0.4812118923053381, 0.23357874252084534, 0.5269435175452859, 0.07292803268115339, -0.21827970112561035, 0.013899671057533786, -0.01029973903664494, 0.15904290084794942, 0.2904311133490191, -0.1989332917865979, 0.7721508968025108, 0.07687176907121718, 0.055123346704943954]
other derivatives: [-0.28757859  0.13184763  0.49532173  0.13307726 -0.15292255 -0.21185406
 -0.82288892]
Current x array =  [-0.71086186 -0.79894733 -0.53748114  0.53276719 -2.33134128  0.13136798
 -1.77913221 -1.10792393  0.11894423 -1.15606391 -1.40117185 -3.33216981
 -3.22751065 -0.88590437 -0.33697119 -1.44746926 -1.22128815 -3.21390087
 -1.07688187 -1.99768449 -1.6529221  -0.94853076 -1.01335632]
log likelihood =  -21566.327340449396
Edge derivatives =  [-0.424522784630863, -0.8635440987216575, -0.20935490762187253, -0.3765316900306841, 0.09351252120743236, 0.33281258541201275, 0.25873648595746374, -0.17149298984842076, 0.3555519570857516, -0.3701397988450448, 0.09216999809725114, 0.6887355543799533, -0.1205796296962253, 0.6223831825923449, 0.23163098040804042, 0.053860872511359015]
other derivatives: [ 1.4838879   0.66209759  2.83533882 -0.23951725  0.73127424 -0.30701267
 -0.66260052]
Current x array =  [-0.7113994  -0.79955975 -0.53801222  0.53298778 -2.33384587  0.14373351
 -1.79200787 -1.11362499  0.12545035 -1.1592962  -1.39896049 -3.32413914
 -3.2121641  -0.88559529 -0.33570307 -1.44972516 -1.2188648  -3.20976527
 -1.07761741 -1.99760008 -1.6510198  -0.94819982 -1.01246439]
log likelihood =  -21566.3183806681
Edge derivatives =  [-0.2766297556970308, -0.19127217278796654, 0.668380566240873, 0.015613963323791225, 0.0185152096501753, 0.21680710626825794, 0.860818851586667, 0.37200574882443727, 0.1117025670734898, -0.007645134266507592, 0.056614577838141646, 0.6204103620744722, -0.31918059407586474, -0.37829151535579064, 0.2285454731430584, 0.09476907611819901]
other derivatives: [-2.98755185  0.19145955 -0.74166019 -0.26894122  1.23006273 -0.25688132
 -0.37049748]
Current x array =  [-0.7099968  -0.79944903 -0.53681406  0.53334997 -2.33471503  0.1541221
 -1.80290814 -1.11484321  0.12265213 -1.16557132 -1.40031439 -3.31934957
 -3.2020263  -0.88669336 -0.33659483 -1.44825113 -1.2199021  -3.20775587
 -1.07698521 -1.9971572  -1.64471992 -0.94773633 -1.01230604]
log likelihood =  -21566.30925621561
Edge derivatives =  [-0.19050202707111175, -0.48119740349954304, 0.35733634564618144, -0.1710761269973028, -0.03634595336037932, 0.14777786373665877, 0.5415643588183929, 0.13345935905899386, 0.15484022726761304, -0.07575471703463765, 0.0037407222714192882, 0.29535224452859626, -0.2481240339948889, -0.16749716265839182, 0.08409834056598992, 0.0101792537635646]
other derivatives: [-1.09912799  0.02118031  0.09610812 -0.24423207  0.72104701 -0.13371027
 -0.33454653]
Current x array =  [-0.71065149 -0.79921873 -0.5370918   0.53323527 -2.33364406  0.14879682
 -1.80094599 -1.11811452  0.12395612 -1.16342057 -1.3994947  -3.3173355
 -3.19946279 -0.88575145 -0.33617557 -1.44890929 -1.21977387 -3.20536108
 -1.0761521  -1.99741362 -1.64590689 -0.94753265 -1.01218213]
log likelihood =  -21566.30544369267
Edge derivatives =  [-0.16692176881392845, -0.38620321966255255, 0.19019713569594376, -0.26923770531182584, -0.0918810871151019, 0.0773952182939503, 0.2951718029082745, -0.007134577391419317, 0.03729500589936352, 0.012148463759929062, -0.04463108093074965, -0.06901570699455606, -0.22270509845277142, -0.19737213231184753, -0.057584137270090374, -0.038682109231455875]
other derivatives: [ 0.29250805 -0.2380657   0.55219061 -0.16369449  0.20200723  0.01095395
 -0.22274452]
Current x array =  [-0.71114571 -0.79888377 -0.53729755  0.53299504 -2.33227518  0.14546876
 -1.8007907  -1.12045006  0.12288972 -1.16252065 -1.39959968 -3.31534213
 -3.19627563 -0.88483196 -0.33613531 -1.44863313 -1.22031521 -3.20326102
 -1.07512015 -1.99774769 -1.64573965 -0.947298   -1.01219534]
log likelihood =  -21566.304085653534
Edge derivatives =  [-0.11737130046469368, -0.28355415301364273, 0.16875969313336295, -0.2722575556263085, -0.10356692821542532, 0.05602370875028256, 0.10733847984953132, -0.1388759482498081, 0.05081345405880197, 0.021503451988096445, -0.05200157841871148, -0.14321175077682238, -0.12249515063985941, -0.13490727229261532, -0.06148637803812901, -0.03073937121525544]
other derivatives: [ 0.40446321  0.14964826 -0.50511517  0.06763366 -0.13063352  0.08793722
 -0.12990734]
Current x array =  [-0.7112175  -0.79910507 -0.53696624  0.53260456 -2.33169139  0.14499426
 -1.80211194 -1.12196811  0.12246145 -1.16221402 -1.40023184 -3.31476281
 -3.19474237 -0.88375608 -0.33588147 -1.44856833 -1.22017251 -3.2027212
 -1.07482894 -1.99840223 -1.64569019 -0.94721723 -1.01210993]
log likelihood =  -21566.302916211374
Edge derivatives =  [-0.11981101750522871, -0.10671362567287851, 0.17366582218524682, -0.2453541113647819, -0.12215513228713715, 0.03354419766606173, -0.04076351739537992, -0.1709689224363964, -0.044388560244269654, 0.040178363480255275, -0.05870235965248726, -0.18379001738698703, -0.06171372294285435, -0.19478523585636334, -0.06462971369042964, -0.030071140986505818]
other derivatives: [-0.01231092  0.15385012  0.12476812  0.13322278 -0.22291045  0.15366459
 -0.01206097]
Current x array =  [-0.71106212 -0.79908375 -0.53725526  0.53236339 -2.3312982   0.14596439
 -1.80436435 -1.12300827  0.12116173 -1.16236894 -1.40129204 -3.31431525
 -3.19299091 -0.88281023 -0.33593481 -1.44817167 -1.22021883 -3.20246428
 -1.0746321  -1.99905799 -1.64522732 -0.94716153 -1.01208092]
log likelihood =  -21566.301943507126
Edge derivatives =  [-0.09328840004698519, 0.23930928035354931, 0.2708260598418073, -0.12572925725720768, -0.11475110147184574, 0.03337960098948237, -0.05522978982008642, -0.0416149804695749, -0.05321965813647528, 0.05902503574264284, -0.03825158772875122, 0.03293963490572782, 0.0424127629940077, -0.15227182710621057, 0.0569848241148877, 0.059411912336069184]
other derivatives: [ 0.8445204   0.10263466 -0.56164208  0.13558747 -0.01714362  0.13400495
  0.07202407]
Current x array =  [-0.71135202 -0.79896421 -0.53700498  0.5322643  -2.33150655  0.15054395
 -1.80822881 -1.1229866   0.11961759 -1.16281755 -1.40276532 -3.31456923
 -3.19145582 -0.88207253 -0.33622031 -1.44779141 -1.22003546 -3.20319249
 -1.07510483 -1.9997501  -1.64505983 -0.94725747 -1.01209379]
log likelihood =  -21566.301116805684
Edge derivatives =  [-0.06561232674805806, 0.1560399430059483, 0.20242124747952142, -0.1172016291011615, -0.10650438024609789, 0.04206030063353467, -0.13363045661778006, -0.03765477774157411, -0.002970264493447672, -0.037347839060305144, -0.02965443467823352, 0.11685663480267916, 0.11467176999897544, -0.008687353178930907, 0.07853358152288564, 0.04028034967389116]
other derivatives: [-0.15217665  0.32591925 -0.09435826  0.11840893  0.0528821   0.12036617
  0.07381953]
Current x array =  [-0.71098431 -0.79918838 -0.53719491  0.53232606 -2.33170862  0.15109215
 -1.8087011  -1.12363227  0.12005342 -1.16203759 -1.40342319 -3.31521998
 -3.19171998 -0.88163564 -0.33622787 -1.44806513 -1.21959773 -3.20364875
 -1.07535864 -2.00014064 -1.64581274 -0.94728735 -1.01199946]
log likelihood =  -21566.300749918162
Edge derivatives =  [-0.05461859113936962, 0.08301877847022587, 0.16261825210985822, -0.10475366953381296, -0.09971516331249156, 0.04874352576560825, -0.11538572329893595, -0.004382231743881526, 0.020166258150155658, -0.08272998573897661, -0.02515287950593165, 0.16114826417633582, 0.12091658936382216, 0.04551531538425779, 0.07389376963284561, 0.022399031540648595]
other derivatives: [-0.17443017  0.16655395  0.11688826  0.04036701  0.11939065  0.08636198
  0.04257734]
Current x array =  [-0.7109712  -0.79908718 -0.53725617  0.53249502 -2.33181009  0.15165545
 -1.80867896 -1.12372068  0.12041584 -1.16158439 -1.4037474  -3.31573476
 -3.1920866  -0.88174506 -0.33631859 -1.44820864 -1.21944199 -3.20401578
 -1.07551533 -2.00012017 -1.64618541 -0.94728231 -1.01195451]
log likelihood =  -21566.300193489333
Edge derivatives =  [-0.035774460653781925, -0.012956005766733891, 0.09433542955911006, -0.057664327610441435, -0.08945342790220648, 0.05146979583632576, -0.08003835995094899, 0.029433291905744063, 0.03387590774842722, -0.11896972196823041, -0.019706903357246612, 0.15372801742022707, 0.11822180272377636, 0.08882613864795819, 0.02979772729954877, -0.02024264816697957]
other derivatives: [-0.11964221 -0.03600144  0.18344872 -0.04219328  0.09270925  0.0192158
 -0.00285685]
Current x array =  [-0.71099364 -0.79893928 -0.53726743  0.53272356 -2.3316842   0.15360926
 -1.8095368  -1.12410596  0.1207816  -1.1607314  -1.4048126  -3.31671033
 -3.19207854 -0.88190659 -0.33646693 -1.44828836 -1.21933757 -3.20473128
 -1.07549422 -2.00002911 -1.64651479 -0.94715212 -1.01184569]
log likelihood =  -21566.299919822522
Edge derivatives =  [0.003711987473718259, -0.038662420917326135, 0.029932315116291408, 0.028170878729481444, -0.06837698565755587, 0.057167489740920174, 0.030239530203618636, 0.09000418925976073, 0.03341515218049715, -0.02822923447693848, -0.008277672047621486, 0.03314178897747161, 0.06406478537984431, 0.058967515032986306, 0.004846512440656425, -0.006641285059587332]
other derivatives: [ 0.14614488  0.27751958  0.39756924 -0.08982897  0.05713032 -0.04266622
 -0.04276554]
Current x array =  [-0.71105228 -0.79913159 -0.53733912  0.53285779 -2.33152807  0.15560605
 -1.81050213 -1.12461939  0.12085487 -1.1596128  -1.4063056  -3.31823683
 -3.1920291  -0.88233719 -0.33659012 -1.44819767 -1.21969211 -3.20565612
 -1.07502864 -1.99955616 -1.64645032 -0.94701822 -1.0118852 ]
log likelihood =  -21566.300212282425
Edge derivatives =  [-0.02629971188267627, -0.014443805081465921, -0.1014628113452977, 0.024036258480146525, -0.06360641914333105, 0.049644759173006404, -0.05598350621284859, -0.06168734547680188, -0.02069072598628205, 0.02710481333093895, -0.008503807201569586, -0.12382876584376709, 0.028692953845826374, 0.03390666869086778, -0.04539703568419157, -0.01788333648620999]
other derivatives: [-0.4462272  -0.63905463 -0.45044726  0.04429967 -0.15839952 -0.05040056
 -0.03246047]
Current x array =  [-0.71094165 -0.79847501 -0.53708014  0.53263834 -2.33106952  0.15643018
 -1.81134222 -1.12513407  0.1203387  -1.15850667 -1.40738813 -3.31932147
 -3.19159621 -0.8821344  -0.33642281 -1.44793936 -1.22003934 -3.2061413
 -1.07454501 -1.99931732 -1.6464493  -0.94692789 -1.01195735]
log likelihood =  -21566.29976724262
Edge derivatives =  [-0.004151930113460878, -0.032315167238570974, -0.004456487032808765, 0.027097637012040016, -0.06712385169957276, 0.055198875064652396, 0.007662115537526049, 0.05027526672710758, 0.019247638762675323, -0.013717171850202825, -0.008335426966911155, -0.007970770353323109, 0.054802093135244034, 0.05240777197348373, -0.0083081768713259, -0.009575580894795044]
other derivatives: [-0.00904038  0.03750392  0.1754197  -0.05467882  0.00066474 -0.04469621
 -0.04006409]
Current x array =  [-0.71102329 -0.79895954 -0.53727125  0.53280028 -2.33140791  0.15582202
 -1.81072227 -1.12475426  0.12071961 -1.15932294 -1.40658928 -3.31852106
 -3.19191566 -0.88228405 -0.33654628 -1.44812998 -1.2197831  -3.20578326
 -1.0749019  -1.99949357 -1.64645005 -0.94699455 -1.01190411]
log likelihood =  -21566.299708363007
Edge derivatives =  [-0.005771517169535667, 0.0058505204884852224, -0.01710998989133003, 0.029696965410074827, -0.06604069692257489, 0.052603636520739155, -0.00509847547756026, 0.019969772130002283, 0.004870873363379741, 0.019432900918369467, -0.007894626519737317, -0.04262683322628247, 0.04282479797288058, 0.030141374891629186, -0.005871464018273376, 0.004445272120352117]
other derivatives: [-0.00198997 -0.02199522  0.00215732 -0.01021181 -0.03742326 -0.0343498
 -0.02544828]
Current x array =  [-0.71103725 -0.79890707 -0.53721828  0.53270132 -2.33133101  0.15585471
 -1.81096405 -1.12488289  0.12049879 -1.15918892 -1.40676569 -3.31869626
 -3.19167363 -0.88222329 -0.33647909 -1.44803217 -1.21990766 -3.20581247
 -1.07477171 -1.9994085  -1.64632098 -0.946989   -1.01194254]
log likelihood =  -21566.299676291652
Edge derivatives =  [-0.0036089655285884703, 0.02396535228140123, -0.01907579011101443, 0.029851342347259002, -0.06461927753760399, 0.05152623262377329, -0.008118907630342953, 0.003245559708941581, -0.000702826063649048, 0.033378672346412674, -0.0071898955373924, -0.044887121472081654, 0.03116057146959683, 0.013349899775579044, 0.00030118083401187157, 0.013567702830485473]
other derivatives: [ 0.02118031 -0.0116961  -0.04912363  0.01189619 -0.04094668 -0.02342858
 -0.01400919]
Current x array =  [-0.71104777 -0.79891232 -0.53720134  0.53264234 -2.33133807  0.15570957
 -1.81104412 -1.12497391  0.1204356  -1.15914395 -1.40678461 -3.31884601
 -3.19150941 -0.8822     -0.33641371 -1.44798844 -1.21993963 -3.2058116
 -1.07474847 -1.99931276 -1.64622063 -0.94698928 -1.01195127]
      fun: 21566.299676291652
 hess_inv: <23x23 LbfgsInvHessProduct with dtype=float64>
      jac: array([-0.02118031,  0.0116961 ,  0.04912363, -0.01189619,  0.04094668,
        0.02342858,  0.01400919,  0.00360897, -0.02396535,  0.01907579,
       -0.02985134,  0.06461928, -0.05152623,  0.00811891, -0.00324556,
        0.00070283, -0.03337867,  0.0071899 ,  0.04488712, -0.03116057,
       -0.0133499 , -0.00030118, -0.0135677 ])
  message: 'CONVERGENCE: REL_REDUCTION_OF_F_<=_FACTR*EPSMCH'
     nfev: 49
      nit: 44
     njev: 49
   status: 0
  success: True
        x: array([-0.71104777, -0.79891232, -0.53720134,  0.53264234, -2.33133807,
        0.15570957, -1.81104412, -1.12497391,  0.1204356 , -1.15914395,
       -1.40678461, -3.31884601, -3.19150941, -0.8822    , -0.33641371,
       -1.44798844, -1.21993963, -3.2058116 , -1.07474847, -1.99931276,
       -1.64622063, -0.94698928, -1.01195127])
