number of sites to be analyzed:  229
log likelihood =  -2864.8938355540813
Lr derivatives =  [-68.06251506625881, -192.07434937270273, -174.31629430716796]
other derivatives =  [-23.01463064 -23.54813478  38.82595411 -44.17019272 183.29967088
  -7.01212548  -0.        ]
Current x_clock array =  [-0.69810852 -0.67517047 -0.40691459  0.18232156 -0.10536052 -0.10536052
  0.33647224 -0.51082562 -0.51082562 -0.51082562]
log likelihood =  -2726.393319495271
Lr derivatives =  [21.183139044169607, -145.6130959920202, -139.42796364996198]
other derivatives =  [ -19.73744247    1.84926694 -154.26677146   -9.98465293  117.30815754
   -5.44100749   -0.        ]
Current x_clock array =  [-0.69493625 -0.67211047 -0.59695444  0.39851964 -1.0025501  -0.07103855
  0.33647224 -0.17768275 -0.50832531 -0.50832531]
log likelihood =  -2607.3289399712003
Lr derivatives =  [70.41763422762658, -28.350398313499, 9.845037703360886]
other derivatives =  [ 86.31831088  42.2509388  420.20442061   6.40823146  20.29288816
   8.13854604  -0.        ]
Current x_clock array =  [-0.64709528 -0.70599988 -0.21448393  0.65840587 -2.36533133 -0.0153331
  0.33647224  0.08575961 -0.21176718 -0.21161738]
log likelihood =  -2589.9266295473326
Lr derivatives =  [36.966607699577246, -49.475149481780214, -4.311316310626771]
other derivatives =  [  -8.49450771    2.72599482 -173.33628466   22.03233316  -12.36230531
    8.023791     -0.        ]
Current x_clock array =  [-0.71370832 -0.74917481 -0.48830563  0.68470111 -2.54679088 -0.01481276
  0.33647224  0.06214649 -0.20440653 -0.2288566 ]
log likelihood =  -2574.6044984757127
Lr derivatives =  [38.95016030518347, -51.37518277152783, -6.539377576444564]
other derivatives =  [ -2.60588376  -0.76910783 -81.55780233  14.74023202   5.88132456
   5.68608448  -0.        ]
Current x_clock array =  [-0.7106056  -0.74609535 -0.41504731  0.63097083 -2.33668638 -0.02561034
  0.33647224 -0.01427075 -0.18225129 -0.22414529]
log likelihood =  -2563.569712862074
Lr derivatives =  [35.99083978293087, -41.51607755291686, 12.599910942683572]
other derivatives =  [-5.14623525 -6.17995693 75.65498254  8.09509447 12.28656084  5.25806126
 -0.        ]
Current x_clock array =  [-0.71601345 -0.74821408 -0.32281303  0.58086362 -2.25543594 -0.03848947
  0.33647224 -0.14151959 -0.06153298 -0.18453109]
log likelihood =  -2558.180838804964
Lr derivatives =  [22.39072332119085, -43.87297401244237, 15.84076603916253]
other derivatives =  [-10.79794492 -12.06560501  75.59750202   6.84293218   9.65792743
   4.57975466  -0.        ]
Current x_clock array =  [-0.71779043 -0.74927493 -0.3245409   0.54810617 -2.2268831  -0.04929512
  0.33647224 -0.23787226  0.         -0.17351946]
log likelihood =  -2557.013335815991
Lr derivatives =  [-13.180454702364163, -71.56442997406775, -15.884742819317726]
other derivatives =  [57.75428735 20.27053597 18.72237817  5.58804732 -2.32857495  2.88906176
 -0.        ]
Current x_clock array =  [-0.65211687 -0.68218354 -0.36501415  0.48075192 -2.22033652 -0.07813403
  0.33647224 -0.37431499  0.         -0.21322044]
log likelihood =  -2554.8480915823557
Lr derivatives =  [-5.38237939313991, -64.53755999332562, -4.399629958028502]
other derivatives =  [-10.04088426   1.21214543  -4.40543818   7.44013278  -0.30002438
   3.27375847  -0.        ]
Current x_clock array =  [-0.70903763 -0.71367716 -0.37459868  0.49393457 -2.23054852 -0.0735934
  0.33647224 -0.33244984  0.         -0.19484667]
log likelihood =  -2554.7169597057773
Lr derivatives =  [-2.2093446074764564, -62.23040770017137, -1.6542499831019377]
other derivatives =  [-1.52446546  0.82215138 -0.50414747  6.57792998  0.58808874  3.36562016
 -0.        ]
Current x_clock array =  [-0.70212517 -0.71572166 -0.37240907  0.48868991 -2.22937566 -0.07588282
  0.33647224 -0.32542639  0.         -0.19063847]
log likelihood =  -2554.602639722232
Lr derivatives =  [-0.13996095817078924, -60.665361248303526, 0.686623163606626]
other derivatives =  [ 4.52221775  0.31406262  0.6342575   5.15475904  1.40975687  3.33688058
 -0.        ]
Current x_clock array =  [-0.6972736  -0.71701707 -0.37246507  0.47281954 -2.22660121 -0.08342998
  0.33647224 -0.32280917  0.         -0.18628485]
log likelihood =  -2554.4275699286336
Lr derivatives =  [1.3316567894441675, -59.38489346024012, 3.132777952948725]
other derivatives =  [ 8.78698120e+00 -7.71660780e-03  5.86934220e-01  2.53768894e+00
  1.76515549e+00  3.20538857e+00 -0.00000000e+00]
Current x_clock array =  [-0.69432848 -0.71746792 -0.3736727   0.43745306 -2.230727   -0.10230002
  0.33647224 -0.32125767  0.         -0.18132854]
log likelihood =  -2554.2318737253854
Lr derivatives =  [0.958794652363375, -59.6677979662977, 1.5858306272536247]
other derivatives =  [ 7.53135419  0.10975054  1.37374263 -0.7638273   1.19641468  2.85817623
 -0.        ]
Current x_clock array =  [-0.69657401 -0.71663246 -0.37406085  0.38787754 -2.2473533  -0.13670707
  0.33647224 -0.31865617  0.         -0.18443875]
log likelihood =  -2554.0932238737446
Lr derivatives =  [1.1707919469249557, -58.89966913848609, 3.873304594225999]
other derivatives =  [ 0.49538539 -0.23658913 -3.43179454 -1.84538703 -0.03062185  2.47309663
 -0.        ]
Current x_clock array =  [-0.70326079 -0.71737444 -0.37685798  0.36617412 -2.27082236 -0.19331075
  0.33647224 -0.31228051  0.         -0.1791194 ]
log likelihood =  -2553.9901444026427
Lr derivatives =  [-0.5048075112597861, -59.984589897308204, 1.3914658185689817]
other derivatives =  [-3.929983   -0.15001206 -2.87346484 -2.14812644 -1.02205898  1.95599159
 -0.        ]
Current x_clock array =  [-0.70736144 -0.71702072 -0.37596486  0.35861877 -2.28631682 -0.24816223
  0.33647224 -0.31057735  0.         -0.18279963]
log likelihood =  -2553.87620530187
Lr derivatives =  [-1.3385379556749495, -60.47068015038742, -0.995247802131523]
other derivatives =  [-7.05385037 -0.08267762 -1.54890949 -1.5198957  -1.78515838  1.28181273
 -0.        ]
Current x_clock array =  [-0.71028892 -0.71753748 -0.37396629  0.36642535 -2.30189804 -0.32711407
  0.33647224 -0.30515194  0.         -0.18637005]
log likelihood =  -2553.776167422769
Lr derivatives =  [-1.1021141524341527, -60.25667162508984, -2.500226736525363]
other derivatives =  [-5.14580188  0.14584975 -3.44196951 -0.4114645  -1.94487647  0.54741122
 -0.        ]
Current x_clock array =  [-0.7082888  -0.71819516 -0.37443156  0.38282791 -2.30982276 -0.41998728
  0.33647224 -0.30016562  0.         -0.18782145]
log likelihood =  -2553.989015592999
Lr derivatives =  [-1.172203973440494, -58.735715110711496, 2.3270108456798333]
other derivatives =  [-4.06837171e+00 -1.19184733e-02  2.74806034e+01  2.40316695e-01
 -4.08217331e-01 -1.37259576e-01 -0.00000000e+00]
Current x_clock array =  [-0.70837381 -0.71937199 -0.35348535  0.40909574 -2.30408762 -0.53606078
  0.33647224 -0.30111987  0.         -0.17432907]
log likelihood =  -2553.7532399834345
Lr derivatives =  [-1.1499157398856923, -59.91913209588524, -1.4012193490690983]
other derivatives =  [-4.89384274  0.10153326  3.5747712  -0.25851568 -1.57946265  0.37311747
 -0.        ]
Current x_clock array =  [-0.70830905 -0.71847554 -0.3694411   0.38908626 -2.30845636 -0.44764194
  0.33647224 -0.30039297  0.         -0.18460687]
log likelihood =  -2553.721775452169
Lr derivatives =  [-0.29607420451578825, -59.26505814912093, -0.7581873007262097]
other derivatives =  [-0.90329468  0.22918402  1.01627302  0.28856539 -1.16433955  0.11722295
 -0.        ]
Current x_clock array =  [-0.70440108 -0.71880339 -0.37114243  0.39844297 -2.30531773 -0.4848266
  0.33647224 -0.29953248  0.         -0.18247067]
log likelihood =  -2553.7155926523346
Lr derivatives =  [0.23180598341584968, -58.86817112367588, -0.030169388878224623]
other derivatives =  [ 0.69505313 -0.01073204  0.30937599  0.2798306  -0.67332327  0.07640756
 -0.        ]
Current x_clock array =  [-0.70285662 -0.7192338  -0.37181352  0.39962233 -2.30018294 -0.49001856
  0.33647224 -0.30010348  0.         -0.180793  ]
log likelihood =  -2553.7129856580223
Lr derivatives =  [0.4177883468254997, -58.75032813813252, 0.241615465075121]
other derivatives =  [ 0.77052346 -0.16496551  0.03746663  0.19076651 -0.25577531  0.05942366
 -0.        ]
Current x_clock array =  [-0.70270241 -0.71930518 -0.37216918  0.39903967 -2.29529654 -0.4896973
  0.33647224 -0.30118717  0.         -0.18010303]
log likelihood =  -2553.7115135255044
Lr derivatives =  [0.061016197856602616, -59.01888171008387, 0.08746907830117223]
other derivatives =  [ 0.03331706  0.21192818 -0.17352477  0.17272214  0.0109645   0.01652643
 -0.        ]
Current x_clock array =  [-0.70318595 -0.71823853 -0.37248701  0.39869673 -2.2904716  -0.49125694
  0.33647224 -0.30387957  0.         -0.17990321]
log likelihood =  -2553.7114014930717
Lr derivatives =  [-0.015020341861820441, -59.050694473871715, 0.08917770234971556]
other derivatives =  [ 0.31883656 -0.0769287   0.08811276 -0.12186956  0.03581015  0.00426007
 -0.        ]
Current x_clock array =  [-0.70298375 -0.71861184 -0.37245481  0.39465056 -2.29061675 -0.49261042
  0.33647224 -0.30424822  0.         -0.17981552]
log likelihood =  -2553.7112588046784
Lr derivatives =  [-0.022373195611264052, -59.066121309079165, -0.030913789494206867]
other derivatives =  [-0.08721054 -0.14445141 -0.00825275  0.00980162  0.00954533  0.00038108
 -0.        ]
Current x_clock array =  [-0.70332162 -0.71877637 -0.37242045  0.39641465 -2.29095113 -0.49312813
  0.33647224 -0.30386104  0.         -0.18010032]
log likelihood =  -2553.711237676307
Lr derivatives =  [0.007757669211466478, -59.04846170276904, -0.004370145053844254]
other derivatives =  [ 0.01500257  0.02130082  0.01073522  0.00329146  0.00249403  0.00194723
 -0.        ]
Current x_clock array =  [-0.70324727 -0.71850991 -0.37241594  0.39629904 -2.29103292 -0.49308149
  0.33647224 -0.30384633  0.         -0.18005858]
log likelihood =  -2553.7112366986444
Lr derivatives =  [0.001900230254401336, -59.04968015493599, -0.00034913291951710335]
other derivatives =  [ 0.00079035 -0.00038335  0.0021364  -0.00091995  0.0012336   0.0002774
 -0.        ]
Current x_clock array =  [-0.70325846 -0.71854318 -0.37242223  0.39623402 -2.29106306 -0.4933437
  0.33647224 -0.3038532   0.         -0.18004044]
      fun: 2553.7112366986444
 hess_inv: <10x10 LbfgsInvHessProduct with dtype=float64>
      jac: array([ 7.90350896e-04, -3.83352017e-04,  2.13640305e-03, -9.19953891e-04,
        1.23359973e-03,  2.77395884e-04, -0.00000000e+00,  1.90023025e-03,
       -5.90496802e+01, -3.49132920e-04])
  message: 'CONVERGENCE: REL_REDUCTION_OF_F_<=_FACTR*EPSMCH'
     nfev: 27
      nit: 25
     njev: 27
   status: 0
  success: True
        x: array([-0.70325846, -0.71854318, -0.37242223,  0.39623402, -2.29106306,
       -0.4933437 ,  0.33647224, -0.3038532 ,  0.        , -0.18004044])
