number of sites to be analyzed:  285
log likelihood =  -3928.4061995873544
Lr derivatives =  [-107.91187629820027, -231.28654611739051, -108.72698607756013]
other derivatives =  [ 26.2324229  -36.27807109  20.03108648 -98.28313114 255.90881569
  15.46265912  84.73542584]
Current x_clock array =  [-0.57814905 -0.6061358  -0.68307553  0.18232156 -0.10536052 -0.10536052
  0.33647224 -0.51082562 -0.51082562 -0.51082562]
log likelihood =  -3683.9707026091014
Lr derivatives =  [-5.356857007882255, -170.03281814791688, -83.05880851394653]
other derivatives =  [-117.00901814  -29.45413144  -28.80245484  -49.46926674  175.97429178
   20.8382894    86.78565291]
Current x_clock array =  [-0.66312274 -0.60433433 -0.74796147  0.50068638 -0.93431626 -0.15544812
  0.06199198 -0.16127077 -0.50917093 -0.50917093]
log likelihood =  -4530.900402187615
Lr derivatives =  [-97.38525568508175, -65.25478068988033, 81.31974027492106]
other derivatives =  [12861.48696454    39.28746355    35.38181591    34.92757624
   -88.82401306    57.67039693   100.72385703]
Current x_clock array =  [-0.05       -0.5431975  -0.62048913  1.15127612 -2.94377607 -0.345121
 -0.79410434  0.2256103   0.          0.        ]
log likelihood =  -3541.3834702426475
Lr derivatives =  [51.98405769715329, -73.49523392129174, 0.6269884498232443]
other derivatives =  [440.81383476   7.82333063 -15.827261    -6.26034262  89.42363789
  33.27031754  88.85739771]
Current x_clock array =  [-0.42436001 -0.58052638 -0.6983211   0.75403954 -1.71684164 -0.22931068
 -0.27138971 -0.01061124 -0.31088919 -0.31088919]
log likelihood =  -3458.055930151827
Lr derivatives =  [-4.335413729180679, -62.4524426134903, 20.387422545467672]
other derivatives =  [-91.17060108  22.38746265 -34.6084812   40.73971356 -32.83497674
  43.31565833  66.96730998]
Current x_clock array =  [-0.63132794 -0.58039819 -0.68141676  1.067163   -2.67017153 -0.32600074
 -0.68201642  0.20297364 -0.21534414 -0.24663161]
log likelihood =  -3443.1396151817244
Lr derivatives =  [8.727155649989562, -49.943078442447245, 26.993969094535622]
other derivatives =  [-25.91731118   8.02944533  -2.75505045  33.09493935 -22.79297301
  40.65695703  63.72790267]
Current x_clock array =  [-0.59519979 -0.59500839 -0.64511922  1.02128963 -2.61841157 -0.35958126
 -0.73108756  0.17217944 -0.13897269 -0.23615041]
log likelihood =  -3418.0644924065937
Lr derivatives =  [14.285498184883643, -39.368448923066715, 21.80781809153158]
other derivatives =  [122.71321521 -16.82313587  57.29140184  15.36807486  -5.60233684
  24.28937751  42.97769374]
Current x_clock array =  [-0.52477498 -0.62106901 -0.58631898  0.88117023 -2.52024604 -0.50882561
 -0.97325703  0.06734594  0.         -0.23891418]
log likelihood =  -3407.72349890045
Lr derivatives =  [8.4346126175653, -47.090685833671074, 5.154802164931278]
other derivatives =  [ 90.30190631 -17.04229089  32.14287335  10.23228015  -0.40954631
  16.34877344  33.03778734]
Current x_clock array =  [-0.53973251 -0.62080956 -0.61032206  0.8187038  -2.47832933 -0.58267032
 -1.09445427  0.04375628  0.         -0.26932393]
log likelihood =  -3393.6340890318074
Lr derivatives =  [-3.858595612219837, -57.13970824054474, -18.263683085619505]
other derivatives =  [-5.81851509 13.60292345 15.42905784  0.42593365 -0.97682138  4.92630852
 15.45746398]
Current x_clock array =  [-0.58847136 -0.59407018 -0.62581836  0.69081513 -2.49405773 -0.78730561
 -1.48035404  0.02011908  0.         -0.28207604]
log likelihood =  -3389.6537279418335
Lr derivatives =  [-7.850663206223658, -55.708647756712566, -18.100563681100056]
other derivatives =  [-21.71623964 -10.32082309  -9.65335903  -3.09145298  -5.53343399
   2.21748223   9.81148554]
Current x_clock array =  [-0.5966501  -0.6162607  -0.65112451  0.63400745 -2.54355518 -0.91233764
 -1.7363776   0.01718256  0.         -0.24793306]
log likelihood =  -3386.987692939786
Lr derivatives =  [1.2250312420049774, -42.24275906976595, 3.8203534295760093]
other derivatives =  [-20.97933429  30.04757309 -10.52181005  -9.87367685  -5.04964001
   0.5696558    5.37667505]
Current x_clock array =  [-0.59847409 -0.58486051 -0.64992284  0.5578881  -2.57652552 -1.09201797
 -2.10976668  0.01474452  0.         -0.16502659]
log likelihood =  -3385.951679637468
Lr derivatives =  [-3.6032570587987074, -43.24879180154056, 7.443061027697567]
other derivatives =  [-13.6668823   -9.11644065   5.16427417  -9.95998971  -7.07659726
  -0.09775299   4.03273889]
Current x_clock array =  [-0.5938507  -0.61850271 -0.63304207  0.55226197 -2.58963917 -1.16952328
 -2.2809625   0.00860108  0.         -0.1460787 ]
log likelihood =  -3385.5421688129027
Lr derivatives =  [-2.054822631148628, -42.53510728604091, 4.270933900975894]
other derivatives =  [-0.61255787 -8.38874848  3.82809048 -9.92512832 -4.99336403 -0.54341973
  3.59376063]
Current x_clock array =  [-0.58690397 -0.61801638 -0.63449401  0.55906556 -2.57538993 -1.18889605
 -2.32684196  0.00775207  0.         -0.15106726]
log likelihood =  -3384.8281005582394
Lr derivatives =  [2.1522563770750374, -39.76155454869793, -0.6183704389061973]
other derivatives =  [21.00473739 -3.2368298   1.77434595 -8.13914357 -1.3996107  -1.51896409
  2.37227301]
Current x_clock array =  [-0.57560144 -0.61416052 -0.6358325   0.59352637 -2.55648098 -1.25523954
 -2.4923285   0.01474699  0.         -0.15759503]
log likelihood =  -3384.4144789997176
Lr derivatives =  [4.830354473783707, -37.76464502936785, -2.5815680255754785]
other derivatives =  [19.75316763 -0.75638491  1.65250503 -5.61459865  0.68927761 -2.07658502
  1.63479139]
Current x_clock array =  [-0.57605001 -0.61233093 -0.63490706  0.62972803 -2.54500204 -1.30633831
 -2.62785269  0.02215273  0.         -0.15899129]
log likelihood =  -3384.0568598686204
Lr derivatives =  [-4.409672159470045, -42.15365188510823, -1.7825867590917603]
other derivatives =  [11.55270547  3.76673188  1.27588737  1.41927558 -2.56759448 -2.35884803
  1.02850556]
Current x_clock array =  [-0.57869121 -0.60625257 -0.63536685  0.6955451  -2.52792038 -1.35803845
 -2.81426513 -0.00791991  0.         -0.1457888 ]
log likelihood =  -3383.9633920759666
Lr derivatives =  [2.0564831189406156, -37.87227378672635, 2.294386896321736]
other derivatives =  [-1.48679783 -0.2874408   0.29741386  1.04980336  1.33675524 -2.3362983
  1.00109045]
Current x_clock array =  [-0.58628305 -0.61059236 -0.63540639  0.70029423 -2.51311638 -1.35351386
 -2.83348597  0.00534808  0.         -0.1411126 ]
log likelihood =  -3383.9453522952394
Lr derivatives =  [0.4615625956590321, -39.134356448034474, 0.71548852790065]
other derivatives =  [-1.08537097 -0.26135558  0.10066242  0.94192319  0.47655337 -2.32145611
  1.03934803]
Current x_clock array =  [-5.85935420e-01 -6.10314897e-01 -6.35873896e-01  6.96451677e-01
 -2.51558291e+00 -1.34537965e+00 -2.81814208e+00  2.08340335e-03
  0.00000000e+00 -1.43747388e-01]
log likelihood =  -3383.9156227113444
Lr derivatives =  [-1.0137721040716379, -40.30545956158004, -0.5003964069353373]
other derivatives =  [-1.4143784  -0.08192774 -0.18227274  0.70399483 -0.29887767 -2.27789166
  1.06054183]
Current x_clock array =  [-5.86022515e-01 -6.09897967e-01 -6.36440595e-01  6.91110366e-01
 -2.51705714e+00 -1.33098982e+00 -2.81146828e+00 -1.68547254e-03
  0.00000000e+00 -1.45778901e-01]
log likelihood =  -3383.816640528211
Lr derivatives =  [-3.930948982399663, -42.67936584411688, -2.5738877434882284]
other derivatives =  [-0.87528224  0.35917856 -1.15717694  0.10742815 -1.85883615 -2.08409168
  1.05510116]
Current x_clock array =  [-0.58557377 -0.6089652  -0.63805109  0.67910503 -2.51878553 -1.27849561
 -2.81999077 -0.01016688  0.         -0.1496439 ]
log likelihood =  -3383.625970768917
Lr derivatives =  [-7.100675621656098, -45.75879315726442, -5.313743402555826]
other derivatives =  [-0.48434549  1.4345751   0.23139091 -0.69643875 -3.36581581 -1.60239435
  0.95729844]
Current x_clock array =  [-0.5853126  -0.60730441 -0.63728642  0.66504088 -2.51569922 -1.16072911
 -2.87386449 -0.02070331  0.         -0.15630964]
log likelihood =  -3383.391717614987
Lr derivatives =  [-8.335633877881014, -47.486773051957464, -5.909972716134565]
other derivatives =  [ 2.47877551 -1.89700495 -8.81497044 -0.81632061 -4.39137178 -0.47694903
  0.6797773 ]
Current x_clock array =  [-0.58363671 -0.60964382 -0.64735486  0.6591223  -2.50589654 -0.95995866
 -3.03265133 -0.02932132  0.         -0.16160367]
log likelihood =  -3383.2470107497825
Lr derivatives =  [-5.897375700718538, -47.28026479099526, -5.154725723805733]
other derivatives =  [ 1.17519585  5.80549886  7.77692776 -1.01345631 -3.05323827  0.72258626
  0.44745472]
Current x_clock array =  [-0.58515435 -0.60304905 -0.62945452  0.66377322 -2.48797272 -0.78397966
 -3.21393889 -0.02776278  0.         -0.16553304]
log likelihood =  -3383.088166196449
Lr derivatives =  [-3.0033020189610333, -44.58609724250216, -3.0877839487396486]
other derivatives =  [ 0.37744712 -0.15334444  1.82209351  0.45876823 -1.1468425   0.15743171
  0.31534184]
Current x_clock array =  [-0.58540822 -0.60866513 -0.63487957  0.68419029 -2.48282178 -0.84715053
 -3.2535747  -0.0199449   0.         -0.15997444]
log likelihood =  -3383.061599992946
Lr derivatives =  [0.3595460679871074, -41.95249856302837, -0.07963774778884414]
other derivatives =  [-0.78796893  1.77744641 -1.607184    0.78934136  0.27967973  0.15346313
  0.23826538]
Current x_clock array =  [-0.5862275  -0.60749866 -0.63788506  0.69223677 -2.47891365 -0.85091534
 -3.30292079 -0.01332605  0.         -0.15511296]
log likelihood =  -3383.056987046866
Lr derivatives =  [0.30963626398019883, -41.925924422593724, 0.31211857142190524]
other derivatives =  [-0.10047097 -0.75414346 -0.1129938   0.87044054  0.35292454  0.1855833
  0.21878582]
Current x_clock array =  [-0.58585194 -0.60969818 -0.63629681  0.69331392 -2.47808862 -0.84714357
 -3.31972953 -0.0133905   0.         -0.15415453]
log likelihood =  -3383.054878591347
Lr derivatives =  [0.20836245361181938, -41.95485404234859, 0.43766887039199887]
other derivatives =  [-0.1505623  -0.56671888  0.10953408  0.80138852  0.26075669  0.19258596
  0.21258304]
Current x_clock array =  [-0.58588628 -0.60952886 -0.63608257  0.69229371 -2.47855101 -0.84691728
 -3.32480202 -0.013775    0.         -0.15376782]
log likelihood =  -3383.041827379645
Lr derivatives =  [0.046382091847561924, -41.794344154916324, 0.8693978169799443]
other derivatives =  [ 1.42543695  0.63944526  0.88783963  0.07250082 -0.0598602   0.14351099
  0.11306329]
Current x_clock array =  [-0.58512975 -0.6085501  -0.63537248  0.68344267 -2.48151743 -0.85167674
 -3.38704924 -0.01531242  0.         -0.15174115]
log likelihood =  -3383.0561497946856
Lr derivatives =  [-0.7006457006551194, -42.267240419702986, 0.16716892898908498]
other derivatives =  [-7.84361964e+00 -6.82759946e-01  9.45094143e-01 -2.94917299e-01
 -5.25888158e-01  8.93796823e-02 -1.25211902e-03]
Current x_clock array =  [-0.59017556 -0.60953665 -0.63525965  0.67633768 -2.48320906 -0.849409
 -3.46112644 -0.01670666  0.         -0.1517268 ]
log likelihood =  -3383.0396841302722
Lr derivatives =  [-0.14965329160847318, -41.91799899913008, 0.6821712821063599]
other derivatives =  [-1.03799857  0.28944623  0.90225831 -0.02382694 -0.18299354  0.12876171
  0.08156554]
Current x_clock array =  [-0.5864633  -0.60881084 -0.63534266  0.68156491 -2.48196451 -0.8510774
 -3.40662691 -0.0156809   0.         -0.15173736]
log likelihood =  -3383.0374460458715
Lr derivatives =  [-0.012969155688871581, -41.754273249012684, 0.5898309389753145]
other derivatives =  [-0.34181994  0.15027763  0.36462006 -0.14343277 -0.12301591  0.06832443
  0.04209636]
Current x_clock array =  [-0.58609303 -0.60897275 -0.63589267  0.68034184 -2.48231849 -0.85620066
 -3.4287671  -0.01551192  0.         -0.15153403]
log likelihood =  -3383.036418065721
Lr derivatives =  [0.04521993622952181, -41.73901611335997, 0.07194202343170275]
other derivatives =  [ 0.03545756 -0.03718378  0.02459274 -0.08530515 -0.0159887   0.00142427
  0.0071777 ]
Current x_clock array =  [-0.58586954 -0.60913947 -0.63622363  0.68121886 -2.48191648 -0.86000842
 -3.44597509 -0.01519001  0.         -0.1522653 ]
log likelihood =  -3383.036355733708
Lr derivatives =  [0.018175269050857423, -41.76414220256243, -0.008003812475177341]
other derivatives =  [ 0.01288254 -0.04426283 -0.02559045 -0.01837361 -0.00748057 -0.00267391
  0.00136919]
Current x_clock array =  [-0.5858701  -0.6091328  -0.63626852  0.68195865 -2.48164806 -0.85964488
 -3.44949012 -0.01523901  0.         -0.15238337]
log likelihood =  -3383.0363490257105
Lr derivatives =  [-0.001800045262360328, -41.77829721554963, -0.006219006058849175]
other derivatives =  [ 2.34240360e-03 -8.37280822e-03 -7.30051397e-03  2.04681783e-03
 -9.31044806e-03  4.83396434e-04  8.38131576e-05]
Current x_clock array =  [-0.58587326 -0.60909406 -0.63625054  0.68216429 -2.48150183 -0.85905767
 -3.45076266 -0.01533685  0.         -0.15237025]
      fun: 3383.0363490257105
 hess_inv: <10x10 LbfgsInvHessProduct with dtype=float64>
      jac: array([ 2.34240360e-03, -8.37280822e-03, -7.30051397e-03,  2.04681783e-03,
       -9.31044806e-03,  4.83396434e-04,  8.38131576e-05, -1.80004526e-03,
       -4.17782972e+01, -6.21900606e-03])
  message: 'CONVERGENCE: REL_REDUCTION_OF_F_<=_FACTR*EPSMCH'
     nfev: 34
      nit: 31
     njev: 34
   status: 0
  success: True
        x: array([-0.58587326, -0.60909406, -0.63625054,  0.68216429, -2.48150183,
       -0.85905767, -3.45076266, -0.01533685,  0.        , -0.15237025])
