number of sites to be analyzed:  188
log likelihood =  -2706.8385328855975
Lr derivatives =  [-124.26607953806307, -210.38187273943373, -126.15629690343509]
other derivatives =  [ -7.6561646  -12.44746863  13.82869186 -67.5452111  163.42580875
  35.79355462]
Current x_clock array =  [-0.60495447 -0.58843623 -0.64138525  0.18232156 -0.10536052  0.33647224
 -0.51082562 -0.51082562 -0.51082562]
log likelihood =  -2550.3690906775955
Lr derivatives =  [27.011481444688865, -126.90064250600754, -92.68455053848011]
other derivatives =  [  4.42989221  -6.63418632 -22.70994537 -36.40246905 122.38096861
  37.5443783 ]
Current x_clock array =  [-0.60242635 -0.58598336 -0.7043824   0.49002644 -0.84985327  0.17341328
  0.05527343 -0.50849854 -0.50849854]
log likelihood =  -2408.2396935685265
Lr derivatives =  [0.5447817621549387, -89.81332929620505, -63.91182723832298]
other derivatives =  [-54.60745524  15.50974412  19.32991063   9.43105988  28.60662276
  23.72309928]
Current x_clock array =  [-0.64771708 -0.57456127 -0.58979936  0.85397039 -1.94547995 -0.1338846
  0.13564704 -0.26263767 -0.25612649]
log likelihood =  -2663.9603160809475
Lr derivatives =  [-51.78466642634383, -78.95492344481852, 65.36970431625377]
other derivatives =  [2320.48650878  -76.91107248  -48.84657164   12.11190374  -27.00777534
   22.57618416]
Current x_clock array =  [-0.15125446 -0.73036734 -0.72948632  0.87558069 -2.56372249 -0.45940628
  0.12618035  0.          0.        ]
log likelihood =  -2395.656044215687
Lr derivatives =  [0.8582389406232727, -78.4991680275393, -50.89455635138786]
other derivatives =  [117.37769546 -13.68383255  -6.49452522  11.98937071  18.37334397
  21.23880586]
Current x_clock array =  [-0.51507528 -0.61618857 -0.62712005  0.8597441  -2.11065815 -0.22085546
  0.13311779 -0.19246777 -0.18769621]
log likelihood =  -2373.30546352098
Lr derivatives =  [-30.674433625060583, -72.29577768761656, 40.06124119202253]
other derivatives =  [ 16.67177503 -10.40083316  13.71751023  23.32836812 -22.01123679
  15.88751411]
Current x_clock array =  [-0.57798227 -0.61774109 -0.58388614  0.95292331 -2.51800857 -0.37034913
  0.08878723  0.         -0.01200275]
log likelihood =  -2369.4858303366723
Lr derivatives =  [-4.081962369293249, -59.52358863421228, -17.78529698298847]
other derivatives =  [-2.31563354  1.8113742  -6.97893029 14.63551325 -1.58861097 16.13394807]
Current x_clock array =  [-0.59716749 -0.60382909 -0.61483659  0.88399531 -2.38406165 -0.36588043
  0.12431574  0.         -0.08254015]
log likelihood =  -2368.1794620522137
Lr derivatives =  [3.565898792650631, -54.22159018127514, -8.538885724989868]
other derivatives =  [ 4.9020714   1.28781403 -4.87431907 10.61384955  3.32929989 15.49073295]
Current x_clock array =  [-0.59243027 -0.60626072 -0.61198229  0.84271709 -2.36414076 -0.40010581
  0.13338563  0.         -0.06412344]
log likelihood =  -2365.51404361121
Lr derivatives =  [9.891856831933104, -48.4166227105962, 23.810362855376777]
other derivatives =  [ 8.53438542 -4.12074041 -1.14629074  1.8906785   4.35286893 11.36112769]
Current x_clock array =  [-0.59004918 -0.61744964 -0.60651291  0.72408568 -2.39677269 -0.5638856
  0.15330104  0.         -0.01957787]
log likelihood =  -2363.950893865542
Lr derivatives =  [8.679302041786066, -49.33710083026326, 11.715054349885953]
other derivatives =  [ 6.12537997 -0.70744863  6.84502629 -2.43532395  1.09212396  7.90331251]
Current x_clock array =  [-0.59153934 -0.61469591 -0.59529565  0.64660847 -2.44296026 -0.70524467
  0.1628615   0.         -0.03148122]
log likelihood =  -2363.3806884461856
Lr derivatives =  [3.347168975393263, -51.94032439950918, 3.427244570202866]
other derivatives =  [ -6.00284648  -6.03424496 -21.84167124  -5.41535019  -4.7824761
   3.87903447]
Current x_clock array =  [-0.59964932 -0.62222399 -0.6377694   0.56295655 -2.48202097 -0.91174304
  0.14994734  0.         -0.03944886]
log likelihood =  -2362.767274590804
Lr derivatives =  [1.9428628636736187, -53.20714531454785, -2.1579072649517457]
other derivatives =  [-1.85424506  2.01396142 -1.93966844 -5.72303861 -4.6020407   3.51779818]
Current x_clock array =  [-0.59645665 -0.61135508 -0.6082833   0.56134963 -2.46449017 -0.94122473
  0.13561385  0.         -0.0461494 ]
log likelihood =  -2362.507138762895
Lr derivatives =  [0.7161771989156076, -54.05417700450661, -3.8203502671486653]
other derivatives =  [-0.55012424  1.82080976  4.43098315 -5.41104509 -3.7622048   3.30958028]
Current x_clock array =  [-0.59536362 -0.610956   -0.59959087  0.56767496 -2.43323536 -0.9651958
  0.11547624  0.         -0.04765862]
log likelihood =  -2362.0088488311385
Lr derivatives =  [-2.7540349867155642, -55.85903923818718, -4.175112304368774]
other derivatives =  [ 1.98182897  4.85235978  8.74840453 -3.87026239 -1.2691295   2.43019422]
Current x_clock array =  [-0.59313086 -0.60529349 -0.59436018  0.59246287 -2.34480501 -1.05526599
  0.05944204  0.         -0.04557173]
log likelihood =  -2361.8965455876714
Lr derivatives =  [-1.6620046437685128, -55.090067651091424, -4.628860300508737]
other derivatives =  [ -5.35103209 -16.94936236   9.81113271  -1.56270198   1.44527622
   1.25711981]
Current x_clock array =  [-0.59930339 -0.63495272 -0.59182891  0.63344484 -2.30172997 -1.17983356
  0.05399947  0.         -0.04397755]
log likelihood =  -2361.586845024969
Lr derivatives =  [-1.6206931745652238, -54.455614757161975, -0.8731273184724664]
other derivatives =  [ 0.79867914 -3.57872796  2.73233036 -1.19945344  0.95103476  0.86036222]
Current x_clock array =  [-0.59414597 -0.61687083 -0.60187756  0.63624938 -2.30232129 -1.21510455
  0.04932573  0.         -0.03896158]
log likelihood =  -2361.5268773208722
Lr derivatives =  [-0.9215588487461037, -53.731053238262575, 0.8532714398002241]
other derivatives =  [-0.27979422  0.14616944 -1.00052875 -0.77498316  0.23889493  0.43265067]
Current x_clock array =  [-0.59495876 -0.61259841 -0.6067365   0.6414994  -2.31505009 -1.25489579
  0.05702908  0.         -0.03675204]
log likelihood =  -2361.5109362107687
Lr derivatives =  [-0.18966513394327045, -53.20916083865401, 0.345425516438457]
other derivatives =  [ 1.40155498 -0.19438812 -1.90617584 -0.3137111   0.13070843  0.11026257]
Current x_clock array =  [-0.59361503 -0.61351066 -0.60760476  0.64910354 -2.32066239 -1.28908754
  0.0630813   0.         -0.03712756]
log likelihood =  -2361.5230224563284
Lr derivatives =  [0.3108697305533319, -52.85209323018219, 0.6864827644307141]
other derivatives =  [-5.93304276  1.11530926 -0.2768561   0.30483216  0.06099339 -0.13567625]
Current x_clock array =  [-0.59970938 -0.61212323 -0.60470835  0.65989716 -2.32324276 -1.31642737
  0.06855874  0.         -0.03656146]
log likelihood =  -2361.5074228247818
Lr derivatives =  [-0.028082002284493868, -53.09415418137535, 0.45418325740848786]
other derivatives =  [-0.97354769  0.22575796 -1.38784026 -0.11403517  0.10759955  0.03003362]
Current x_clock array =  [-0.59557157 -0.61306524 -0.60667489  0.65256874 -2.3214908  -1.29786477
  0.06483979  0.         -0.03694582]
log likelihood =  -2361.5055175442767
Lr derivatives =  [0.12735280455097886, -53.01981437463038, 0.12399077896183286]
other derivatives =  [-0.28979002 -0.02402521 -0.59426657 -0.08090592  0.11160889 -0.01429948]
Current x_clock array =  [-0.59503624 -0.61348582 -0.60545521  0.65352537 -2.32285667 -1.30285105
  0.06628055  0.         -0.03730939]
log likelihood =  -2361.5051554586444
Lr derivatives =  [0.0929414185369275, -53.055605144625616, 0.003897178911973498]
other derivatives =  [-0.00652562 -0.01019635 -0.04930007 -0.05626089  0.06550102 -0.01455931]
Current x_clock array =  [-0.59480496 -0.61347931 -0.60465681  0.65397204 -2.32357703 -1.30268206
  0.06659894  0.         -0.03744859]
log likelihood =  -2361.505126520886
Lr derivatives =  [0.03518281771465759, -53.09362647660302, -0.014618838635239939]
other derivatives =  [ 4.63387551e-04 -8.50377546e-05  3.31920091e-02 -4.49840627e-02
  2.49511407e-02 -1.00031251e-02]
Current x_clock array =  [-0.59479081 -0.61345601 -0.60454066  0.65404174 -2.32386232 -1.30203499
  0.06654323  0.         -0.03746869]
log likelihood =  -2361.5051150095674
Lr derivatives =  [-0.010885940892686463, -53.12114375625102, 0.0015878555223736157]
other derivatives =  [-0.01012268 -0.00796081  0.04073672 -0.02885963 -0.00495092 -0.00676632]
Current x_clock array =  [-0.59479175 -0.61345743 -0.60453031  0.65419738 -2.32401613 -1.30160702
  0.06647075  0.         -0.03744557]
log likelihood =  -2361.5051087343463
Lr derivatives =  [-0.026315566929829615, -53.13240310887848, -0.014068596336244354]
other derivatives =  [-0.01600938 -0.01139597  0.02695879 -0.01470335 -0.01395772 -0.00408891]
Current x_clock array =  [-0.59479415 -0.61345705 -0.60454874  0.65438763 -2.32405301 -1.3012121
  0.06646333  0.         -0.0374651 ]
log likelihood =  -2361.50510588585
Lr derivatives =  [-0.014876115731794926, -53.12402505352175, 0.057109686856165354]
other derivatives =  [ 0.00461023 -0.01015178  0.02085881  0.0038699  -0.00668123  0.00107131]
Current x_clock array =  [-0.59477943 -0.61345699 -0.60455203  0.65472555 -2.32402657 -1.3005991
  0.06652925  0.         -0.03738603]
      fun: 2361.50510588585
 hess_inv: <9x9 LbfgsInvHessProduct with dtype=float64>
      jac: array([ 4.61022864e-03, -1.01517799e-02,  2.08588062e-02,  3.86989996e-03,
       -6.68122667e-03,  1.07131082e-03, -1.48761157e-02, -5.31240251e+01,
        5.71096869e-02])
  message: 'CONVERGENCE: REL_REDUCTION_OF_F_<=_FACTR*EPSMCH'
     nfev: 26
      nit: 23
     njev: 26
   status: 0
  success: True
        x: array([-0.59477943, -0.61345699, -0.60455203,  0.65472555, -2.32402657,
       -1.3005991 ,  0.06652925,  0.        , -0.03738603])
