number of sites to be analyzed:  122
log likelihood =  -1697.8788737543932
Lr derivatives =  [-44.00853534064185, -101.22289615874996, -54.934595258335804]
other derivatives =  [ -3.57871477 -15.53777406  19.41584151 -42.30542254  89.96762404
  10.19806496  39.58413595]
Current x_clock array =  [-0.57475716 -0.66255206 -0.64197889  0.18232156 -0.10536052 -0.10536052
  0.33647224 -0.51082562 -0.51082562 -0.51082562]
log likelihood =  -1610.0070488371994
Lr derivatives =  [11.387266984200945, -71.07143217057579, -44.75977672744525]
other derivatives =  [  4.31847002  -5.03644696 -29.10097623 -19.48850809  58.68667427
  10.45943031  36.38774115]
Current x_clock array =  [-5.70301377e-01 -6.57350794e-01 -8.06841550e-01  5.41542882e-01
 -8.69288334e-01 -1.91953727e-01  3.57740420e-04 -1.37142927e-01
 -5.06488131e-01 -5.06488131e-01]
log likelihood =  -1528.0595680190322
Lr derivatives =  [23.082893210426498, -6.31862296250651, -8.38213054521475]
other derivatives =  [-53.88042018  13.80326194  86.99352384   8.76485045  -7.53558104
  22.25468756  29.20351631]
Current x_clock array =  [-0.65248851 -0.68513545 -0.46645878  1.01269548 -2.12350901 -0.38982297
 -0.70607135 -0.11022652  0.          0.        ]
log likelihood =  -1540.3628743990894
Lr derivatives =  [-26.63151895146532, -34.5062941290459, 30.568935471819714]
other derivatives =  [239.57300095 -15.67427557 -46.21643484  21.71544245 -31.24457524
  15.21520926  16.45417462]
Current x_clock array =  [-0.37975271 -0.77844062 -0.8274647   1.10103917 -2.45992814 -0.57667497
 -1.08942091 -0.25504069  0.          0.        ]
log likelihood =  -1515.4484074402733
Lr derivatives =  [0.9633598648593651, -18.926916744541508, 8.98180587682873]
other derivatives =  [ 28.17733184  -0.24873066   5.75435729  14.18733214 -18.47016701
  18.97976017  22.93605712]
Current x_clock array =  [-0.53756023 -0.72445337 -0.61858326  1.04992267 -2.26527284 -0.46856063
 -0.86761122 -0.17124984  0.          0.        ]
log likelihood =  -1511.373755523249
Lr derivatives =  [1.1003156389713755, -20.928891589421283, -3.786886523756726]
other derivatives =  [  4.16879402  -4.80496055  -6.7576932   10.80534958 -12.40771076
  16.1272244   21.28421943]
Current x_clock array =  [-0.56490177 -0.72795801 -0.65606884  0.98190868 -2.14207891 -0.50112574
 -0.88015453 -0.21516941  0.         -0.0318393 ]
log likelihood =  -1504.9585459000543
Lr derivatives =  [-6.672983326975437, -27.066782142386305, -7.6244348212416995]
other derivatives =  [  1.60177024  -5.21146831 -10.01661144   2.83375107   0.21659224
  10.45866156  16.17197908]
Current x_clock array =  [-0.57094295 -0.71379255 -0.67761707  0.82023254 -1.89528631 -0.63071875
 -1.00930916 -0.33663916  0.         -0.0214832 ]
log likelihood =  -1497.1383496666206
Lr derivatives =  [-7.503917553795343, -27.44524558907814, 17.474576452514157]
other derivatives =  [-39.31030028   3.25749147 -19.92841339   1.29802811  -6.9073738
   5.6553547    7.1492181 ]
Current x_clock array =  [-0.62247601 -0.69982732 -0.69910429  0.78550211 -2.05587255 -0.9771184
 -1.58561741 -0.29241916  0.          0.        ]
log likelihood =  -1495.7574282769335
Lr derivatives =  [2.9464645102561597, -24.04871236410374, -41.83200459026185]
other derivatives =  [20.86219411  7.99699114 -9.4360737  -4.11772839 -5.32603686  1.15569342
  2.0245491 ]
Current x_clock array =  [-0.54571412 -0.70348312 -0.6628423   0.70151167 -2.13846817 -1.43762089
 -2.31169426 -0.18965282  0.         -0.13515794]
log likelihood =  -1491.9866847526514
Lr derivatives =  [3.0172382435137237, -22.025546568601058, -30.890016320093537]
other derivatives =  [ 7.00741953 -1.74477941  1.07149822 -5.98663019 -0.70525338  1.76252178
  2.38618205]
Current x_clock array =  [-0.56330239 -0.72351091 -0.6342738   0.67620857 -2.06186361 -1.44694975
 -2.30860017 -0.22793692  0.         -0.05083293]
log likelihood =  -1490.111859487852
Lr derivatives =  [0.6283336964828159, -22.30470934520679, 10.838198249984998]
other derivatives =  [-3.70965699 -2.06458571  4.44521083 -5.44463023 -1.049778    1.76070472
  2.0115476 ]
Current x_clock array =  [-0.57731944 -0.72347576 -0.62436859  0.68370322 -2.06336903 -1.54828803
 -2.46483825 -0.24525559  0.          0.        ]
log likelihood =  -1489.6469763936022
Lr derivatives =  [0.16609579609426106, -22.526487261716426, -21.012060649608504]
other derivatives =  [-8.9320813   0.73815704  3.39276198 -5.07904315 -2.86034103  1.28032758
  1.41633007]
Current x_clock array =  [-0.5831765  -0.71760164 -0.62611742  0.68854252 -2.09702422 -1.70162825
 -2.7084454  -0.23823475  0.         -0.00594465]
log likelihood =  -1488.8224603786864
Lr derivatives =  [-3.049323440179055, -24.13015472144029, 13.589738045993727]
other derivatives =  [-9.83246309  4.95456902  1.98930707 -4.47285015 -5.93385021  0.45114334
  0.58805259]
Current x_clock array =  [-0.58378688 -0.7083397  -0.62905458  0.68979759 -2.14710481 -2.11460288
 -3.35448487 -0.24332433  0.          0.        ]
log likelihood =  -1488.727461726723
Lr derivatives =  [-3.617704705457623, -24.482985565638224, -25.547804554543625]
other derivatives =  [ 2.78132484  4.04681327  1.1185823  -5.17737794 -4.81191644  0.08511688
  0.38083935]
Current x_clock array =  [-0.56817786 -0.7103239  -0.63290973  0.67627155 -2.13010571 -2.33769109
 -3.6929998  -0.25317254  0.         -0.00830218]
log likelihood =  -1488.5346332811769
Lr derivatives =  [-3.4537453469159054, -24.346199257207708, -22.91686181814692]
other derivatives =  [ 2.66575375  2.62024719  1.4871548  -5.18408433 -3.96280341  0.03413389
  0.35654773]
Current x_clock array =  [-0.56861523 -0.71351139 -0.63193359  0.67808834 -2.11676275 -2.37858549
 -3.75278834 -0.255467    0.         -0.00426505]
log likelihood =  -1488.1463996667749
Lr derivatives =  [-1.3332424082241552, -22.949335516539023, 12.141299521317706]
other derivatives =  [ 0.72836042  0.27555893  0.28402974 -4.02993032 -2.31420452 -0.11735803
  0.27880738]
Current x_clock array =  [-0.57142037 -0.72016547 -0.63386399  0.70853458 -2.09746275 -2.51413898
 -3.96079837 -0.24683235  0.          0.        ]
log likelihood =  -1488.1522772655746
Lr derivatives =  [5.378926220995886, -18.65361992532622, -23.357221473252636]
other derivatives =  [-0.35538324 -3.80832284 -5.08056564 -0.49541995  1.50537559 -0.43194006
  0.14613328]
Current x_clock array =  [-0.57318778 -0.73333116 -0.64491067  0.80060893 -2.06001715 -2.86887437
 -4.51137477 -0.21480688  0.         -0.00588838]
log likelihood =  -1488.0244089245873
Lr derivatives =  [1.7225908625425141, -20.994545925125497, -21.449710762458846]
other derivatives =  [ 0.22677136 -1.54770032 -2.1578428  -2.42845636 -0.59571855 -0.2765102
  0.20722576]
Current x_clock array =  [-5.72221933e-01 -7.26136412e-01 -6.38873913e-01  7.50292404e-01
 -2.08048031e+00 -2.67501959e+00 -4.21049735e+00 -2.32308070e-01
  0.00000000e+00 -2.67051651e-03]
log likelihood =  -1487.9384390217228
Lr derivatives =  [2.7067590841062454, -20.326980908516884, 8.81013875186909]
other derivatives =  [-0.99500562 -2.50552421 -2.8905215  -1.31009779  0.34954883 -0.34179287
  0.18063723]
Current x_clock array =  [-0.57409452 -0.72877137 -0.64007829  0.77645394 -2.06743172 -2.75496826
 -4.33328469 -0.22838781  0.          0.        ]
log likelihood =  -1487.9401978341457
Lr derivatives =  [2.2625442357118217, -20.6059411585552, -19.476743069378617]
other derivatives =  [-0.82488509 -2.00166414 -2.89485615 -1.32108016  0.04428572 -0.33253768
  0.18388352]
Current x_clock array =  [-5.73811412e-01 -7.27370164e-01 -6.40248585e-01  7.74907795e-01
 -2.07035297e+00 -2.74429582e+00 -4.31725593e+00 -2.30070284e-01
  0.00000000e+00 -4.19225074e-04]
log likelihood =  -1487.938661441378
Lr derivatives =  [2.5793447583628506, -20.40700521229271, -19.19987485872494]
other derivatives =  [-0.9463829  -2.36131973 -2.89178524 -1.31324487  0.2620532  -0.33915207
  0.18156074]
Current x_clock array =  [-5.74013449e-01 -7.28370106e-01 -6.40127060e-01  7.76011168e-01
 -2.06826828e+00 -2.75191198e+00 -4.32869453e+00 -2.28869621e-01
  0.00000000e+00 -1.20053672e-04]
log likelihood =  -1487.9384809142468
Lr derivatives =  [2.6674973435062483, -20.3516517910036, -19.122502803357307]
other derivatives =  [-0.98004489 -2.46116633 -2.89091054 -1.31106026  0.32261071 -0.3409807
  0.18092098]
Current x_clock array =  [-5.74069578e-01 -7.28647903e-01 -6.40093299e-01  7.76317698e-01
 -2.06768913e+00 -2.75402785e+00 -4.33187231e+00 -2.28536062e-01
  0.00000000e+00 -3.69401122e-05]
log likelihood =  -1487.9384472665777
Lr derivatives =  [2.694311504138536, -20.334814644924514, -19.098939139030406]
other derivatives =  [-0.99027079 -2.49151753 -2.89064201 -1.31039542  0.34102779 -0.34153581
  0.18072688]
Current x_clock array =  [-5.74086643e-01 -7.28732364e-01 -6.40083034e-01  7.76410896e-01
 -2.06751304e+00 -2.75467116e+00 -4.33283849e+00 -2.28434646e-01
  0.00000000e+00 -1.16702039e-05]
log likelihood =  -1487.9384387826067
Lr derivatives =  [2.7026925842446765, -20.329552016751332, -19.091571288524314]
other derivatives =  [-0.99346585 -2.50100197 -2.89055924 -1.3101876   0.34678363 -0.34170946
  0.18066633]
Current x_clock array =  [-5.74091976e-01 -7.28758760e-01 -6.40079826e-01  7.76440022e-01
 -2.06745801e+00 -2.75487221e+00 -4.33314043e+00 -2.28402952e-01
  0.00000000e+00 -3.77289581e-06]
      fun: 1487.9384387826067
 hess_inv: <10x10 LbfgsInvHessProduct with dtype=float64>
      jac: array([ -0.99346585,  -2.50100197,  -2.89055924,  -1.3101876 ,
         0.34678363,  -0.34170946,   0.18066633,   2.70269258,
       -20.32955202, -19.09157129])
  message: 'CONVERGENCE: REL_REDUCTION_OF_F_<=_FACTR*EPSMCH'
     nfev: 24
      nit: 17
     njev: 24
   status: 0
  success: True
        x: array([-5.74091976e-01, -7.28758760e-01, -6.40079826e-01,  7.76440022e-01,
       -2.06745801e+00, -2.75487221e+00, -4.33314043e+00, -2.28402952e-01,
        0.00000000e+00, -3.77289581e-06])
