number of sites to be analyzed:  552
log likelihood =  -7024.705812682053
Lr derivatives =  [-18.307014826730324, -338.4528879230834, -116.11229663252244]
other derivatives =  [  66.18960288  -48.99677879   23.34357305 -125.29784635  523.89117263
  151.69549079]
Current x_clock array =  [-0.7683706  -0.80664255 -0.64736454  0.18232156 -0.10536052  0.33647224
 -0.51082562 -0.51082562 -0.51082562]
log likelihood =  -6593.775746878384
Lr derivatives =  [-129.80180478200046, -397.01336076845973, -199.07332268151862]
other derivatives =  [-222.36566019  -30.22015972 -110.98922732  -45.76979882  309.23746927
   76.99360685]
Current x_clock array =  [-0.88566552 -0.8053017  -0.6887318   0.40436248 -1.03375063  0.06765192
 -0.47838367 -0.50992039 -0.50992039]
log likelihood =  -6465.067144122552
Lr derivatives =  [-33.42068871389188, -99.31055178722964, 307.6334102183979]
other derivatives =  [1900.51834124  146.98266932  430.08479406    5.165929    -78.84735146
   63.33866349]
Current x_clock array =  [-0.37453746 -0.78693551 -0.40764461  0.88172587 -3.39460016 -0.57709688
 -0.0274751   0.         -0.07727521]
log likelihood =  -6220.640896208256
Lr derivatives =  [-8.955497711931827, -191.5829914967609, -11.365908880625298]
other derivatives =  [365.14106432  46.90731384  21.91031672  10.75798446  94.68677422
  80.19279448]
Current x_clock array =  [-0.63168093 -0.79617536 -0.54905679  0.64156907 -2.2068801  -0.25273014
 -0.25432275 -0.25653591 -0.29493472]
log likelihood =  -6154.677859967338
Lr derivatives =  [15.572907555557187, -87.89257345519579, 110.44059222270059]
other derivatives =  [-290.27367418  -11.72844168   91.34872289   32.28783589   -7.59553908
   65.72563689]
Current x_clock array =  [-0.90325399 -0.86608868 -0.47817322  0.72829349 -2.86114389 -0.49640768
 -0.10766112  0.         -0.18281578]
log likelihood =  -6124.310790113268
Lr derivatives =  [12.217298394450228, -98.63789150357121, 52.889721908387564]
other derivatives =  [-101.62158287   -0.91132461  -48.03566389   34.47846757  -12.49338259
   59.92538172]
Current x_clock array =  [-0.79517743 -0.85998732 -0.53308081  0.71523607 -2.85282199 -0.52655766
 -0.12741598  0.         -0.24564348]
log likelihood =  -6117.1673615757845
Lr derivatives =  [1.0783783744575892, -110.95092941843433, 14.208453220901625]
other derivatives =  [ 79.67369311   4.55599002  34.83428645  25.56495747 -10.84119367
  53.88950012]
Current x_clock array =  [-0.71960919 -0.85834291 -0.50902967  0.68599716 -2.83523931 -0.57695059
 -0.14630805  0.         -0.30036198]
log likelihood =  -6113.735372323861
Lr derivatives =  [-0.37658178850253066, -115.19604110635672, 2.7941596040457597]
other derivatives =  [ 42.98748354  -0.29587864   1.97368536  24.50145621 -10.56334023
  50.79638413]
Current x_clock array =  [-0.73350303 -0.86081844 -0.52130956  0.66740771 -2.81901077 -0.60664096
 -0.15018922  0.         -0.31899131]
log likelihood =  -6106.295897267628
Lr derivatives =  [-8.77076924297408, -131.25048968240716, -35.40115613372923]
other derivatives =  [-21.19131841 -10.21165008 -29.76783435  14.52454944  -7.48922006
  37.81537816]
Current x_clock array =  [-0.76090138 -0.86500676 -0.53614808  0.58616728 -2.76869267 -0.75238049
 -0.16199314  0.         -0.38250887]
log likelihood =  -6100.8813880770995
Lr derivatives =  [-2.8360747469524696, -130.58716947188395, -42.99380012333579]
other derivatives =  [-31.97762362  -4.70482701 -40.57788738   4.2669235   -3.63271159
  27.76141719]
Current x_clock array =  [-0.76738071 -0.85865199 -0.54187281  0.51678667 -2.75313936 -0.91465137
 -0.15768432  0.         -0.39051996]
log likelihood =  -6091.4737812478415
Lr derivatives =  [-20.511270190178937, -133.0472831010983, -23.56052374250107]
other derivatives =  [-42.49965332 -47.19327444   0.75942262 -10.03874877 -11.50685561
  12.86047933]
Current x_clock array =  [-0.77226808 -0.90033469 -0.52879527  0.41784888 -2.77337651 -1.35475742
 -0.20679477  0.         -0.30670567]
log likelihood =  -6089.967892347349
Lr derivatives =  [31.40027139359841, -91.8564376136043, 53.874877938695576]
other derivatives =  [ 13.14281235  60.94355467 -38.48099459 -17.93321007   6.72940003
   6.54071158]
Current x_clock array =  [-0.75452284 -0.79967922 -0.54694777  0.36013761 -2.71146516 -1.76295336
 -0.21098546  0.         -0.20710252]
log likelihood =  -6086.668732306152
Lr derivatives =  [-1.5017081835172519, -116.19180760095732, 7.552868488691857]
other derivatives =  [  3.36262019   3.29834711  -2.76670926 -16.05066245  -3.36070096
   6.75454131]
Current x_clock array =  [-0.75590931 -0.84927259 -0.53302808  0.37789662 -2.7372362  -1.69961485
 -0.22229577  0.         -0.25228128]
log likelihood =  -6086.2170138577285
Lr derivatives =  [-4.49775995622376, -117.61015069757077, 6.085581802432657]
other derivatives =  [  3.43020474   0.58584283   3.89459092 -15.49099943  -4.09514236
   5.87785112]
Current x_clock array =  [-0.7558006  -0.85176101 -0.5304431   0.38283922 -2.73619975 -1.76117062
 -0.22654837  0.         -0.25101409]
log likelihood =  -6084.2145309370835
Lr derivatives =  [-7.239829020528628, -117.80374116098652, -2.0395831863410336]
other derivatives =  [ 8.29508463 -6.85685609 10.31009197 -8.34465845 -2.96952364  2.16467668]
Current x_clock array =  [-0.75318522 -0.86027617 -0.52648446  0.43652656 -2.71449374 -2.12856362
 -0.23367812  0.         -0.25074465]
log likelihood =  -6083.795834133583
Lr derivatives =  [1.7310123920292853, -110.24610298756254, 0.7023626093882172]
other derivatives =  [-19.54250547   2.96072267  25.65144314  -0.07698418   1.494856
   1.00785975]
Current x_clock array =  [-0.76547871 -0.85250759 -0.51725232  0.4980245  -2.6943763  -2.34116571
 -0.22116005  0.         -0.2479072 ]
log likelihood =  -6083.542125009063
Lr derivatives =  [2.028638093290091, -109.87369492048029, 0.884090423829214]
other derivatives =  [  3.71661008  -4.0548166  -14.78295508   3.52571442   0.69208342
   0.45765016]
Current x_clock array =  [-0.75402002 -0.85994865 -0.5329075   0.51532124 -2.68877569 -2.49674246
 -0.22805961  0.         -0.24377515]
log likelihood =  -6083.465529736024
Lr derivatives =  [1.1741433403672303, -110.3780427906091, 1.059592312224666]
other derivatives =  [ 0.4327494  -1.07471897 -2.81055418  1.48644722  0.89108359  0.50870436]
Current x_clock array =  [-0.75597111 -0.8565615  -0.52871775  0.50335931 -2.68887554 -2.4865608
 -0.22941398  0.         -0.24340128]
log likelihood =  -6083.4403769202145
Lr derivatives =  [0.38232047263265656, -110.7790468364595, 0.7939916883523139]
other derivatives =  [0.46667628 0.09384439 0.98557666 0.59949343 0.98455585 0.40924631]
Current x_clock array =  [-0.75616086 -0.85509973 -0.52763647  0.49770103 -2.68711109 -2.52560897
 -0.23196379  0.         -0.24257758]
log likelihood =  -6083.417971448103
Lr derivatives =  [-0.9978958720126272, -111.43870135483698, 0.373291090247605]
other derivatives =  [-1.74347406  0.36556685  1.58148305 -0.13604222  0.75957592  0.2211638 ]
Current x_clock array =  [-0.75715075 -0.85430084 -0.52782548  0.49173928 -2.68487372 -2.608407
 -0.23622182  0.         -0.24090514]
log likelihood =  -6083.439733915995
Lr derivatives =  [0.16628888352776272, -110.22785380385582, -0.0611766232647426]
other derivatives =  [10.95461357  1.85973659  6.53134884 -0.26232919  1.45934918 -0.01487421]
Current x_clock array =  [-0.7520907  -0.85346361 -0.52611733  0.4938715  -2.68279555 -2.72404253
 -0.23604258  0.         -0.24014779]
log likelihood =  -6083.413699539955
Lr derivatives =  [-0.6640636416402614, -111.09004174638682, 0.235711494395332]
other derivatives =  [ 1.86983652  0.79335587  2.98943269 -0.17125603  0.9578056   0.14617461]
Current x_clock array =  [-0.75570365 -0.8540614  -0.52733697  0.49234906 -2.6842794  -2.64147702
 -0.23617056  0.         -0.24068855]
log likelihood =  -6083.408169262874
Lr derivatives =  [-0.8791248098591993, -111.13388043714173, -0.1114715808551523]
other derivatives =  [ 0.60641651  0.31777381  1.33128378 -0.02985598  0.78275178  0.06782948]
Current x_clock array =  [-0.75616012 -0.85444988 -0.52795247  0.49263145 -2.68406467 -2.6804758
 -0.23688277  0.         -0.24038907]
log likelihood =  -6083.4055374731615
Lr derivatives =  [-0.5325511033418167, -110.81467849288522, -0.16781604299472264]
other derivatives =  [ 0.07328345 -0.13311637 -0.00183627  0.05843685  0.63854386  0.01715439]
Current x_clock array =  [-0.75633807 -0.85498004 -0.52834678  0.49298097 -2.6850855  -2.70525337
 -0.23620731  0.         -0.24026722]
log likelihood =  -6083.404240845062
Lr derivatives =  [-0.07745906686143655, -110.4468674121195, -0.037062656596702936]
other derivatives =  [-0.03108107 -0.16558079 -0.67449582  0.04215781  0.46512621 -0.00543673]
Current x_clock array =  [-0.75637297 -0.85514453 -0.52848434  0.49280475 -2.68682759 -2.71490289
 -0.23510881  0.         -0.24021158]
log likelihood =  -6083.403470964449
Lr derivatives =  [0.09310537186490109, -110.28797753096873, -0.039528223607142365]
other derivatives =  [ 0.01826993 -0.20406333 -0.63019434  0.00900582  0.18699336 -0.01101721]
Current x_clock array =  [-0.75634491 -0.85530049 -0.52836183  0.4925585  -2.68904327 -2.71448009
 -0.23411477  0.         -0.24036074]
log likelihood =  -6083.403385389467
Lr derivatives =  [0.09968617728874563, -110.24377218937138, 0.21124715815082595]
other derivatives =  [-0.008401    0.49605842 -0.28875365  0.01995795 -0.02231402  0.00055818]
Current x_clock array =  [-0.75637186 -0.85466117 -0.52819009  0.49248415 -2.69037156 -2.7080705
 -0.23382017  0.         -0.24017614]
log likelihood =  -6083.403231917427
Lr derivatives =  [-0.03403550150420642, -110.33846759696388, 0.008152186302339715]
other derivatives =  [ 0.01808257 -0.05528909 -0.00380533  0.01200169 -0.0375986  -0.00063046]
Current x_clock array =  [-0.75634555 -0.85519862 -0.52807659  0.49255412 -2.69046318 -2.70773712
 -0.23378871  0.         -0.2403901 ]
log likelihood =  -6083.403226707371
Lr derivatives =  [-0.009795960451818075, -110.32997498197739, 0.012122072394511463]
other derivatives =  [ 0.00578984 -0.00758882 -0.01863737  0.00530054 -0.00528667 -0.00015821]
Current x_clock array =  [-0.75635533 -0.85514647 -0.5280885   0.49252138 -2.69028807 -2.70756322
 -0.23381387  0.         -0.24039329]
      fun: 6083.403226707371
 hess_inv: <9x9 LbfgsInvHessProduct with dtype=float64>
      jac: array([ 5.78984327e-03, -7.58882379e-03, -1.86373654e-02,  5.30053512e-03,
       -5.28667480e-03, -1.58213113e-04, -9.79596045e-03, -1.10329975e+02,
        1.21220724e-02])
  message: 'CONVERGENCE: REL_REDUCTION_OF_F_<=_FACTR*EPSMCH'
     nfev: 29
      nit: 26
     njev: 29
   status: 0
  success: True
        x: array([-0.75635533, -0.85514647, -0.5280885 ,  0.49252138, -2.69028807,
       -2.70756322, -0.23381387,  0.        , -0.24039329])
