number of sites to be analyzed:  761
log likelihood =  -9776.618032674585
Lr derivatives =  [-38.35768481947059, -519.7184758497435, -204.41831662008542]
other derivatives =  [  82.3469818   -54.1374302   135.31900549 -185.46840511  663.13967909
  101.61703358  224.25595853]
Current x_clock array =  [-0.72763797 -0.75601861 -0.52665378  0.18232156 -0.10536052 -0.10536052
  0.33647224 -0.51082562 -0.51082562 -0.51082562]
log likelihood =  -9217.909072092029
Lr derivatives =  [-175.6783123425814, -604.2716152626975, -316.33080932887174]
other derivatives =  [-318.63879485  -24.49832209 -349.41931517  -60.95992831  428.48162047
   78.91980204  134.61552771]
Current x_clock array =  [-0.83754791 -0.75507628 -0.7072664   0.42986944 -0.9904645  -0.24099053
  0.03715393 -0.45962896 -0.51014382 -0.51014382]
log likelihood =  -8512.519510756907
Lr derivatives =  [-39.226854853858285, -223.13837715546617, 106.95515298445883]
other derivatives =  [ 613.3041752   167.45416724 -272.0925313   122.21481848 -124.72575218
   69.09577314  107.24133972]
Current x_clock array =  [-0.57643654 -0.75469153 -0.53213895  0.97690823 -3.2533059  -0.60707254
 -0.71308319 -0.10875633  0.         -0.18919826]
log likelihood =  -8922.728157594876
Lr derivatives =  [35.01294970511485, -152.64890280354854, 143.38532424635102]
other derivatives =  [-737.67412408  -97.07938625 4033.58732183   43.36541679  -65.43858625
   24.71663174   76.12481386]
Current x_clock array =  [-1.08029287 -0.91586503 -0.14889338  0.89166573 -3.33339734 -0.71174476
 -0.88511844 -0.00463583  0.         -0.19661371]
log likelihood =  -8442.068755344866
Lr derivatives =  [-73.92570510902901, -226.33522447991675, 100.1110604452928]
other derivatives =  [ -41.45605635   60.94151831  123.07529687  110.20445527 -122.55044468
   64.87401697  102.15655493]
Current x_clock array =  [-0.74044754 -0.80715535 -0.40738813  0.94916082 -3.27937658 -0.64114455
 -0.76908263 -0.07486392  0.         -0.19161207]
log likelihood =  -8409.301568343613
Lr derivatives =  [-23.814429418110073, -211.4430969417225, 55.950638741863216]
other derivatives =  [-38.29965135  25.96521153  20.80641752  86.3132118  -57.50290379
  61.77639079 107.44559404]
Current x_clock array =  [-0.74035861 -0.82139905 -0.43762362  0.8575282  -2.99726966 -0.61780751
 -0.71158135 -0.08755393  0.         -0.23704758]
log likelihood =  -8379.779156036522
Lr derivatives =  [-13.035302662025359, -230.04810648125078, -34.36469051955832]
other derivatives =  [ 44.65784878 -17.35706428 142.2220339   36.02313154   5.22748069
  44.15287731  75.15633661]
Current x_clock array =  [-0.72325799 -0.84440464 -0.42197188  0.69461641 -2.7785492  -0.68777137
 -0.83140473 -0.105918    0.         -0.32113544]
log likelihood =  -8358.899162993715
Lr derivatives =  [33.290577890559284, -207.77435313922334, -41.19006820184811]
other derivatives =  [ -62.3478918   -37.59607353 -127.64173334    7.72059138   27.95344026
   30.54488116   44.11790877]
Current x_clock array =  [-0.75478912 -0.85614671 -0.48888525  0.54050901 -2.74305418 -0.82499601
 -1.06921604 -0.06712028  0.         -0.32159091]
log likelihood =  -8345.06577852057
Lr derivatives =  [26.41341230640672, -203.5308954716271, -42.20552496013124]
other derivatives =  [-33.82593604 -26.00824882 -67.30799214  -5.80120468   9.47179369
  24.78692659  27.65242562]
Current x_clock array =  [-0.74925923 -0.85314775 -0.47157186  0.47665283 -2.84314352 -0.93485363
 -1.26248328 -0.04500762  0.         -0.30637728]
log likelihood =  -8333.964763454478
Lr derivatives =  [33.48769586363754, -181.5641534430922, 9.097591818937289]
other derivatives =  [  6.22652624   9.07246795  21.79464354 -22.14902634  -3.99475874
  16.46445529  15.11427613]
Current x_clock array =  [-0.74177105 -0.83462695 -0.45077751  0.39601252 -2.92546223 -1.12224444
 -1.55634242 -0.04435006  0.         -0.23326046]
log likelihood =  -8330.567580579249
Lr derivatives =  [8.728555366903173, -193.65476421416216, 9.763284725956382]
other derivatives =  [ 16.23919525  -5.87433897  17.22318302 -25.78786007 -18.20509209
  13.33007508  10.1505308 ]
Current x_clock array =  [-0.73770893 -0.84267328 -0.45374275  0.37093646 -2.95198305 -1.23484941
 -1.72222265 -0.07704151  0.         -0.2159569 ]
log likelihood =  -8326.181536336293
Lr derivatives =  [-2.8262260751545654, -200.788690796305, 15.319885138559243]
other derivatives =  [  7.42427983  51.55419421  11.3800852  -27.13550748 -14.64748946
   8.00670592   5.27700257]
Current x_clock array =  [-0.74085304 -0.80179017 -0.45907739  0.36438502 -2.890956   -1.44960265
 -2.01596391 -0.13466206  0.         -0.19596036]
log likelihood =  -8321.379582092868
Lr derivatives =  [-23.679688450286775, -211.26080714802015, 19.4011051964481]
other derivatives =  [  1.34520087  -9.07150934  -0.17963794 -19.0552164   -9.67204495
   4.36073555   3.26019346]
Current x_clock array =  [-0.73888731 -0.83788811 -0.46328027  0.42176989 -2.83040996 -1.68934756
 -2.3353456  -0.17902401  0.         -0.18242389]
log likelihood =  -8318.910825852223
Lr derivatives =  [-24.233035256762818, -213.64753346182596, -8.938645884809134]
other derivatives =  [ -9.33409319 -10.47203841  -8.26081123  -4.42175588  -4.0397448
   2.96187907   1.70438212]
Current x_clock array =  [-0.74072583 -0.84033991 -0.46328981  0.50338408 -2.79346161 -1.87237292
 -2.57585113 -0.18105977  0.         -0.20109658]
log likelihood =  -8318.36905457329
Lr derivatives =  [17.782893591466674, -180.43409267074077, 34.2337644883994]
other derivatives =  [ 9.15908458 -8.90710362  3.29168324  2.5401896  14.6967019   0.54152415
  1.20631593]
Current x_clock array =  [-0.73666495 -0.84575814 -0.45793196  0.56508104 -2.7630877  -2.10393441
 -2.88491859 -0.14732943  0.         -0.18070298]
log likelihood =  -8317.728009370057
Lr derivatives =  [0.7107738674193911, -193.74530775344513, 4.3312698110343035]
other derivatives =  [-3.55416341 -1.70888052  0.5179063   4.32416346  4.1373315   1.02500428
  0.89263467]
Current x_clock array =  [-0.73983767 -0.83993778 -0.45836134  0.56360569 -2.78621612 -2.0996995
 -2.88252365 -0.153352    0.         -0.19792058]
log likelihood =  -8317.590292963107
Lr derivatives =  [-1.6470505467963505, -195.11063987271834, -0.4327477474202652]
other derivatives =  [-0.3238365   0.61391438 -1.80002098  3.587229    1.22096554  0.81678688
  0.72923639]
Current x_clock array =  [-0.73891654 -0.83860958 -0.45898548  0.55838756 -2.79606079 -2.13923984
 -2.94017283 -0.15311356  0.         -0.20073695]
log likelihood =  -8317.481910098275
Lr derivatives =  [-3.4526291842867494, -194.09861418945246, -4.3137661741504445]
other derivatives =  [-20.21738328   0.59494414  12.89027023   0.36628444  -2.54249449
  -0.11524628   0.4469307 ]
Current x_clock array =  [-0.7453251  -0.83888028 -0.45532566  0.54253262 -2.81488022 -2.28488218
 -3.14983449 -0.14824128  0.         -0.20341485]
log likelihood =  -8317.384659584164
Lr derivatives =  [0.10730260443027362, -191.73249524388092, -2.611212856422]
other derivatives =  [ 4.80925883  1.42315912 -6.14632154 -0.399692   -2.05096132 -0.45565687
  0.387717  ]
Current x_clock array =  [-0.73786975 -0.83914972 -0.46027083  0.53953574 -2.81474363 -2.34485814
 -3.23512578 -0.14767313  0.         -0.20249576]
log likelihood =  -8317.365967032587
Lr derivatives =  [-0.03629719796572317, -191.66101814466006, -0.5972375305544233]
other derivatives =  [ 0.92562368  0.52584801 -0.15232399  0.10441363 -0.80759841 -0.49684179
  0.42635916]
Current x_clock array =  [-0.73899121 -0.83951523 -0.45887274  0.54334563 -2.80910987 -2.34475033
 -3.2338108  -0.14939429  0.         -0.20092727]
log likelihood =  -8317.363669918595
Lr derivatives =  [0.06518096159484799, -191.48845553307308, 0.3625208853830202]
other derivatives =  [-0.41057319  0.1381959  -0.16683043  0.17033562 -0.31426456 -0.57060009
  0.43413265]
Current x_clock array =  [-0.73935393 -0.83966805 -0.45892715  0.54395781 -2.80675729 -2.35506491
 -3.24852269 -0.15027487  0.         -0.20016942]
log likelihood =  -8317.363152674712
Lr derivatives =  [-0.09104038095901501, -191.5384100039561, 0.3753506415835659]
other derivatives =  [ 1.08882523 -0.08992356  1.86220495 -0.03825335  0.00797368 -0.62758728
  0.43209378]
Current x_clock array =  [-0.7389451  -0.83977833 -0.45856487  0.54353149 -2.80524399 -2.3639574
 -3.26255872 -0.15106413  0.         -0.20005912]
log likelihood =  -8317.362283525214
Lr derivatives =  [-0.039528166984922564, -191.52911077573108, 0.2820132092628569]
other derivatives =  [ 0.23770735 -0.1246226   0.5171587  -0.05113907  0.0095439  -0.63257715
  0.42912007]
Current x_clock array =  [-0.73917614 -0.83976681 -0.45887637  0.5432169  -2.80513137 -2.36543878
 -3.26551188 -0.15107913  0.         -0.20012578]
log likelihood =  -8317.361407784658
Lr derivatives =  [-0.08902667336798231, -191.63231732528482, -0.09257714799564098]
other derivatives =  [-0.30863339 -0.12047894 -0.62949584 -0.14372927  0.03362945 -0.62770693
  0.42431864]
Current x_clock array =  [-0.73932576 -0.83970267 -0.45916983  0.54249537 -2.80479486 -2.36548312
 -3.26782113 -0.15126857  0.         -0.20035812]
log likelihood =  -8317.360314329126
Lr derivatives =  [-0.2061549849651243, -191.82195877131176, -0.6675803734490984]
other derivatives =  [-0.56866338 -0.02199886 -1.40891643 -0.27998612  0.13069037 -0.61298003
  0.41786379]
Current x_clock array =  [-0.73940058 -0.83955128 -0.45940368  0.54160252 -2.80402508 -2.36404514
 -3.26996359 -0.15166412  0.         -0.20069907]
log likelihood =  -8317.358417956082
Lr derivatives =  [-0.37282474047484016, -192.06163869020676, -1.2475522235996976]
other derivatives =  [-0.66432222  0.26898852 -1.81825817 -0.46931746  0.27045021 -0.58364653
  0.40879476]
Current x_clock array =  [-0.73943921 -0.83924747 -0.45957507  0.540431   -2.80294316 -2.36034329
 -3.27269669 -0.15228135  0.         -0.20098713]
log likelihood =  -8317.353103639885
Lr derivatives =  [-0.530982916524195, -192.27378141107698, -1.6083532357607737]
other derivatives =  [-0.86116597  0.50476592 -2.60829074 -0.95328869  0.38691655 -0.51455817
  0.38454141]
Current x_clock array =  [-0.73952542 -0.8389153  -0.45988818  0.53749255 -2.80183375 -2.35176341
 -3.28355854 -0.15320347  0.         -0.20095022]
log likelihood =  -8317.341279891098
Lr derivatives =  [-1.0734723582031478, -192.7750613980677, -2.4687331282531204]
other derivatives =  [-1.34554284  0.69406815 -1.98503767 -1.38042014  0.65532116 -0.36239054
  0.32559834]
Current x_clock array =  [-0.7396967  -0.83851126 -0.45991188  0.53485203 -2.79914638 -2.33602684
 -3.31533741 -0.15505317  0.         -0.20090377]
log likelihood =  -8317.325211003712
Lr derivatives =  [1.3912652113433666, -190.79129444127074, 0.7846482886477304]
other derivatives =  [-0.80680911  2.42614806 -5.14143903 -2.2501863   1.18377594 -0.10959998
  0.20743134]
Current x_clock array =  [-0.73971445 -0.83744102 -0.4607329   0.52963597 -2.79816441 -2.31240735
 -3.4024344  -0.15470793  0.         -0.19797873]
log likelihood =  -8317.305374201562
Lr derivatives =  [-0.46334346570516516, -191.73724735323117, -0.2555842181011343]
other derivatives =  [-2.1897722  -0.07150084  0.11637349 -2.03998025  0.78263348  0.01227603
  0.1380511 ]
Current x_clock array =  [-0.7400464  -0.83890226 -0.45951814  0.530912   -2.7974005  -2.30929354
 -3.47564537 -0.15668802  0.         -0.19772034]
log likelihood =  -8317.289897578386
Lr derivatives =  [-0.9078644342156252, -191.59770477533817, 0.5811134432738072]
other derivatives =  [ 0.59007652 -1.45123158  2.59780973 -1.24956205  0.5210656   0.02194873
  0.09156043]
Current x_clock array =  [-0.73914296 -0.84001311 -0.45886816  0.53565081 -2.79737916 -2.3202361
 -3.55595265 -0.15736562  0.         -0.19659053]
log likelihood =  -8317.28227949332
Lr derivatives =  [-0.3705832859010201, -190.82756465357204, 1.4287374278338092]
other derivatives =  [-0.25442932 -0.33963443  4.26024599 -0.19113031 -0.01568601  0.05952994
  0.04733489]
Current x_clock array =  [-0.73938646 -0.83965447 -0.45818823  0.54116454 -2.79979851 -2.32689108
 -3.62115601 -0.15589336  0.         -0.19589849]
log likelihood =  -8317.283267427654
Lr derivatives =  [-0.11436798467349263, -190.82687606254242, -0.07274027061883714]
other derivatives =  [ 4.96132452 -0.48367656 -0.01432454  0.39721454 -0.37191235  0.1545405
  0.01070167]
Current x_clock array =  [-0.73777002 -0.84001087 -0.45912926  0.54397415 -2.8007692  -2.32454178
 -3.65304852 -0.15527329  0.         -0.19682167]
log likelihood =  -8317.280565260759
Lr derivatives =  [-0.2569622758599621, -190.82704764284819, 0.7616500212499915]
other derivatives =  [ 2.05450669 -0.40334453  2.36372398  0.06981645 -0.17382467  0.10167759
  0.03078026]
Current x_clock array =  [-0.73867014 -0.83981241 -0.45860525  0.54240962 -2.80022867 -2.32584999
 -3.63528913 -0.15561858  0.         -0.1963076 ]
log likelihood =  -8317.279365768329
Lr derivatives =  [-0.14175537008506467, -190.75325980315316, 0.645629797409498]
other derivatives =  [ 0.77472032 -0.41951171  1.10390829  0.21481901 -0.22247666  0.11354613
  0.02431135]
Current x_clock array =  [-0.73901995 -0.83982503 -0.45884822  0.54287812 -2.80036021 -2.32627121
 -3.64368812 -0.15538495  0.         -0.19639031]
log likelihood =  -8317.278704046557
Lr derivatives =  [-0.06300728859436333, -190.73277224619267, 0.3615439960795328]
other derivatives =  [-0.26608177 -0.40999475  0.05346737  0.29647344 -0.18423884  0.11865918
  0.01853606]
Current x_clock array =  [-0.7393076  -0.83979819 -0.45907085  0.54310627 -2.80007068 -2.32751313
 -3.65307958 -0.15532271  0.         -0.19658184]
log likelihood =  -8317.278282607334
Lr derivatives =  [-0.004754652612447785, -190.71385347314714, 0.15704716222985837]
other derivatives =  [-0.67984001 -0.3231562  -0.35723497  0.31712625 -0.10285314  0.11379209
  0.01476111]
Current x_clock array =  [-0.73942636 -0.83972485 -0.4591693   0.54317856 -2.79963728 -2.32955519
 -3.6624739  -0.15537949  0.         -0.1967126 ]
log likelihood =  -8317.277453077964
Lr derivatives =  [0.1062909191349064, -190.65260679053767, -0.16253743040630297]
other derivatives =  [-0.97430166 -0.08086317 -0.65884342  0.29601506  0.09611775  0.08856189
  0.00808935]
Current x_clock array =  [-0.73952104 -0.8395393  -0.45926925  0.54314768 -2.79864458 -2.33575764
 -3.68616747 -0.15560897  0.         -0.19689844]
log likelihood =  -8317.276684235843
Lr derivatives =  [-0.06549128525492165, -190.72429191415642, -0.3560732880062716]
other derivatives =  [-0.80610153 -0.02742127 -0.56108911  0.20666084  0.16146074  0.04851495
  0.00321638]
Current x_clock array =  [-0.73947179 -0.8394593  -0.45930702  0.5427585  -2.79793675 -2.34401129
 -3.71502468 -0.15617296  0.         -0.19690566]
log likelihood =  -8317.277076660677
Lr derivatives =  [1.0718947349880636, -189.81127543117765, 0.04312752077368032]
other derivatives =  [ 0.1534645   0.96517761  0.39492988 -0.06413757  0.37478034  0.00573316
 -0.0089951 ]
Current x_clock array =  [-0.73931296 -0.83900491 -0.45905869  0.54194156 -2.79857073 -2.35354549
 -3.75219352 -0.15490866  0.         -0.19684353]
log likelihood =  -8317.276450082929
Lr derivatives =  [0.3656678853477473, -190.3780416348461, -0.20584708971792054]
other derivatives =  [-0.44263106  0.34839104 -0.19942308  0.10404437  0.24201496  0.0323589
 -0.00158627]
Current x_clock array =  [-0.73941164 -0.83928722 -0.45921298  0.54244912 -2.79817684 -2.34762191
 -3.72910058 -0.15569417  0.         -0.19688213]
log likelihood =  -8317.276169190993
Lr derivatives =  [0.09699469357512669, -190.4914749977832, -0.09713974169370942]
other derivatives =  [-0.06820119  0.05785114  0.00140426  0.01881381  0.16523888  0.00892418
 -0.00181509]
Current x_clock array =  [-0.73928929 -0.83944564 -0.45920952  0.54202094 -2.79815181 -2.35175709
 -3.74302819 -0.15614685  0.         -0.19668686]
log likelihood =  -8317.276121117553
Lr derivatives =  [-0.0013822159399978773, -190.52679137653513, 0.00857535882178695]
other derivatives =  [ 0.06830305  0.0442833   0.08013376  0.00260479  0.0678983   0.00573661
 -0.00138275]
Current x_clock array =  [-0.73924622 -0.83945618 -0.45919498  0.54188907 -2.79847406 -2.352133
 -3.74387582 -0.1562116   0.         -0.19658169]
log likelihood =  -8317.276110232053
Lr derivatives =  [-0.010455653731128223, -190.52076561987977, 0.034040464625917366]
other derivatives =  [ 0.0533546   0.00113505  0.08215648 -0.00327964  0.02175222  0.00641355
 -0.00147431]
Current x_clock array =  [-0.73925017 -0.83949201 -0.45918844  0.5418398  -2.79870041 -2.35203354
 -3.74332475 -0.15614795  0.         -0.19656633]
      fun: 8317.276110232053
 hess_inv: <10x10 LbfgsInvHessProduct with dtype=float64>
      jac: array([ 5.33545972e-02,  1.13504939e-03,  8.21564754e-02, -3.27963789e-03,
        2.17522165e-02,  6.41354762e-03, -1.47430806e-03, -1.04556537e-02,
       -1.90520766e+02,  3.40404646e-02])
  message: 'CONVERGENCE: REL_REDUCTION_OF_F_<=_FACTR*EPSMCH'
     nfev: 44
      nit: 40
     njev: 44
   status: 0
  success: True
        x: array([-0.73925017, -0.83949201, -0.45918844,  0.5418398 , -2.79870041,
       -2.35203354, -3.74332475, -0.15614795,  0.        , -0.19656633])
