number of sites to be analyzed:  320
log likelihood =  -3917.1793940742546
Lr derivatives =  [-52.4006122471866, -242.8520554986115, -231.7893904765202]
other derivatives =  [  6.8742529  -28.56489118  31.04164534 -79.86352284 322.16071668
  -7.26700091  -0.        ]
Current x_clock array =  [-0.66399299 -0.68147938 -0.61671106  0.18232156 -0.10536052 -0.10536052
  0.33647224 -0.51082562 -0.51082562 -0.51082562]
log likelihood =  -3639.9210969853384
Lr derivatives =  [-24.038428735934367, -222.51037126378435, -213.47168100922462]
other derivatives =  [-35.79238546  -8.6378277  -61.35439571 -32.41890681 214.9971922
  -3.72171144  -0.        ]
Current x_clock array =  [-0.68435491 -0.6796089  -0.70865812  0.41888169 -1.05961823 -0.08383526
  0.33647224 -0.35561214 -0.50931253 -0.50931253]
log likelihood =  -4260.91016936945
Lr derivatives =  [25.742148227262952, -26.472989547462632, 0.3653440217021853]
other derivatives =  [ 2.36985785e+03  1.31788602e+00  6.34281438e+03 -4.00265799e+01
 -4.39765240e+01  1.57217337e+01 -0.00000000e+00]
Current x_clock array =  [-0.20585396 -0.79685206 -0.05        0.73719884 -3.44800908 -0.04475049
  0.33647224 -0.11046795  0.          0.        ]
log likelihood =  -3461.780854748972
Lr derivatives =  [22.878759382338867, -123.11293174399287, -108.1845689467749]
other derivatives =  [ 3.97963808e+02 -3.45938724e+00  2.33343383e+02 -6.76071113e+00
  9.95914515e+01  4.19158823e-02 -0.00000000e+00]
Current x_clock array =  [-0.48917667 -0.72743182 -0.43999464  0.54872173 -2.03383138 -0.06789277
  0.33647224 -0.255619   -0.3015664  -0.3015664 ]
log likelihood =  -3369.664495651744
Lr derivatives =  [19.376682357121926, -64.9449084740087, -20.670225319435954]
other derivatives =  [-186.32824549  -16.8657607    40.0662102    30.19164706  -20.9480086
    9.98175074   -0.        ]
Current x_clock array =  [-0.80260262 -0.76191281 -0.55182143  0.73165569 -3.11464938 -0.04949906
  0.33647224 -0.15568725 -0.10872955 -0.12237779]
log likelihood =  -3347.9564666523192
Lr derivatives =  [46.902462586168724, -44.95651351954187, -3.7254341177293613]
other derivatives =  [-5.83600854e+01  2.19279173e-02 -1.55689954e+01  2.34653098e+01
 -3.32777625e+00  8.94119876e+00 -0.00000000e+00]
Current x_clock array =  [-0.70086109 -0.74648134 -0.60095783  0.67323389 -2.94143722 -0.06038324
  0.33647224 -0.19642107 -0.05675897 -0.10433061]
log likelihood =  -3339.6362262985685
Lr derivatives =  [48.200930448386245, -39.10111150325514, 10.325302199324902]
other derivatives =  [51.08783125  0.73336832  6.92527237 15.19287207  9.63346664  7.53690574
 -0.        ]
Current x_clock array =  [-0.63286877 -0.74409921 -0.58798045  0.60095728 -2.79288121 -0.07693809
  0.33647224 -0.28938242  0.         -0.08343866]
log likelihood =  -3336.9759531161617
Lr derivatives =  [28.802707003002304, -52.194240529116875, 2.737016430255114]
other derivatives =  [37.79833833 -3.21587595  7.06559558 14.46566239  8.63291108  6.94753498
 -0.        ]
Current x_clock array =  [-0.638762   -0.7419035  -0.59093809  0.57381669 -2.76459138 -0.08661521
  0.33647224 -0.34476624  0.         -0.08686785]
log likelihood =  -3334.495503078977
Lr derivatives =  [-7.139605957846101, -74.62663245625333, 2.3928705231871845]
other derivatives =  [-3.29053728  0.79100664  1.74372917 11.22572212  3.479836    6.45344244
 -0.        ]
Current x_clock array =  [-0.6598404  -0.7242293  -0.60189713  0.5060768  -2.75502117 -0.1140027
  0.33647224 -0.44265169  0.         -0.07467848]
log likelihood =  -3334.173523480221
Lr derivatives =  [-7.496280689443346, -74.95337425226768, 0.3982935793085147]
other derivatives =  [-3.60096601  0.03502419 -1.11004192  9.93934736  1.93827432  6.45572254
 -0.        ]
Current x_clock array =  [-0.65998849 -0.72517459 -0.60479536  0.48873877 -2.77447233 -0.12445862
  0.33647224 -0.44074368  0.         -0.07727094]
log likelihood =  -3333.121384236112
Lr derivatives =  [0.20391686152393618, -69.2039307588149, 7.113080830142433]
other derivatives =  [-17.9507515    7.83899668   9.3973772   -4.28166413  -1.11523128
   6.08063101  -0.        ]
Current x_clock array =  [-0.67180902 -0.71642036 -0.59529444  0.32328435 -2.85710172 -0.23467934
  0.33647224 -0.41189642  0.         -0.07202512]
log likelihood =  -3332.81232405366
Lr derivatives =  [-1.7805833275731615, -71.5040205635708, -5.1319601446932985]
other derivatives =  [  3.7772943  -11.02110264  -4.75662     -4.40757913  -1.94647694
   5.60091621  -0.        ]
Current x_clock array =  [-0.65743013 -0.74022727 -0.60936237  0.32151539 -2.87162184 -0.27428651
  0.33647224 -0.41042713  0.         -0.08682457]
log likelihood =  -3332.6695526799936
Lr derivatives =  [0.14451400019798655, -70.13841319833816, -2.6774720358572495]
other derivatives =  [ 2.39873953 -4.18361788 -2.48483639 -3.35322693 -0.88128585  5.60065291
 -0.        ]
Current x_clock array =  [-0.65863941 -0.73201479 -0.60674304  0.33516653 -2.85879424 -0.27129387
  0.33647224 -0.40959858  0.         -0.0837649 ]
log likelihood =  -3332.4588466022956
Lr derivatives =  [1.7538588641693167, -68.89769430894128, -0.15620810395851592]
other derivatives =  [ 2.41306998  2.36129426 -0.72767762 -2.36796495  0.19662821  5.35418167
 -0.        ]
Current x_clock array =  [-0.6589751  -0.72438161 -0.60472126  0.34809399 -2.84776245 -0.29934721
  0.33647224 -0.40943418  0.         -0.08001399]
log likelihood =  -3331.928030600893
Lr derivatives =  [4.0911858080773165, -66.7779052261963, 4.4137864263192945]
other derivatives =  [ 2.29044826 11.98124983  2.5890713  -0.44795024  1.6965354   4.46489003
 -0.        ]
Current x_clock array =  [-0.65951433 -0.71383499 -0.60084292  0.37231686 -2.83726377 -0.4227688
  0.33647224 -0.40808396  0.         -0.07224379]
log likelihood =  -3331.1151924783135
Lr derivatives =  [5.22767412346051, -65.18488482238487, 6.5224042247370235]
other derivatives =  [ 1.67405324 17.85841505  5.36664493  1.44056867  2.32465266  2.99745534
 -0.        ]
Current x_clock array =  [-0.66006981 -0.70808221 -0.59741288  0.39440711 -2.84238747 -0.68277323
  0.33647224 -0.40544669  0.         -0.06563185]
log likelihood =  -3330.1700424432947
Lr derivatives =  [5.4249443971079785, -63.52904667776684, 14.572043845274948]
other derivatives =  [-2.61421064 11.612241   -2.68644681  1.59700858  2.12883947  1.49296369
 -0.        ]
Current x_clock array =  [-0.66232021 -0.7159694  -0.60452792  0.39552315 -2.86229653 -1.10941711
  0.33647224 -0.40282463  0.         -0.05216839]
log likelihood =  -3330.970232653875
Lr derivatives =  [-10.437101362456186, -74.18028216651996, -30.199225889869965]
other derivatives =  [23.62967643  9.52431401 34.31625692 -0.48573111 -3.39461409 -0.38909324
 -0.        ]
Current x_clock array =  [-0.6459102  -0.71636817 -0.57247838  0.3688507  -2.91805767 -1.89261635
  0.33647224 -0.42182421  0.         -0.09212007]
log likelihood =  -3329.811428591135
Lr derivatives =  [-0.024083993236626355, -67.206676123943, -3.8160216803843277]
other derivatives =  [ 6.26404062 10.92611819  9.69270468  0.88699198  0.45672864  0.64097943
 -0.        ]
Current x_clock array =  [-0.65666921 -0.71610672 -0.59349124  0.38633814 -2.88149861 -1.37912199
  0.33647224 -0.40936738  0.         -0.06592627]
log likelihood =  -3329.5697395499265
Lr derivatives =  [0.554063025515827, -66.25582000915142, -2.154638069864376]
other derivatives =  [-1.12472253  2.15850514  1.58144394  0.5831721  -0.13435083  0.26384524
 -0.        ]
Current x_clock array =  [-0.66073247 -0.72683795 -0.60068374  0.38132429 -2.89637239 -1.61015697
  0.33647224 -0.4041664   0.         -0.06141693]
log likelihood =  -3329.5435481127074
Lr derivatives =  [0.8779260190697364, -65.49963364953767, 1.5359954846921475]
other derivatives =  [ 3.14090903 -0.65860013 -0.05425954 -0.14753823 -0.57587181  0.10488465
 -0.        ]
Current x_clock array =  [-0.65822405 -0.73062534 -0.60230942  0.37343029 -2.90658587 -1.75167083
  0.33647224 -0.40280488  0.         -0.05646042]
log likelihood =  -3329.5369829494407
Lr derivatives =  [-0.17698141038103188, -66.2172739371765, -0.4271539547402625]
other derivatives =  [-1.91571098 -1.15169587 -0.3790924   0.20879952 -0.66832456  0.02975366
 -0.        ]
Current x_clock array =  [-0.66104372 -0.73078743 -0.60260814  0.37657232 -2.90534232 -1.79755196
  0.33647224 -0.40476047  0.         -0.05760007]
log likelihood =  -3329.534835952645
Lr derivatives =  [-0.009959590236544358, -66.10085955259432, -0.1745029222876937]
other derivatives =  [-0.48838228 -0.39042789  0.00098134  0.21056985 -0.57186348  0.03456561
 -0.        ]
Current x_clock array =  [-0.66024545 -0.72992483 -0.60226949  0.37692085 -2.90437349 -1.79415838
  0.33647224 -0.40488289  0.         -0.05743136]
log likelihood =  -3329.533820544004
Lr derivatives =  [0.04243819944215943, -66.04653812163235, 0.007187450854065247]
other derivatives =  [ 0.14217358  0.14894931  0.1010967   0.24646488 -0.44486689  0.02223447
 -0.        ]
Current x_clock array =  [-0.65989465 -0.72926658 -0.60219756  0.3776087  -2.90293    -1.80379582
  0.33647224 -0.4053068   0.         -0.05717226]
log likelihood =  -3329.533110492148
Lr derivatives =  [0.043693306107634555, -66.03523371482967, 0.08216254572807458]
other derivatives =  [ 0.29908006  0.28369868  0.08319603  0.24208111 -0.27505645  0.00740998
 -0.        ]
Current x_clock array =  [-0.65980905 -0.72905595 -0.60224386  0.37790178 -2.90106305 -1.81439102
  0.33647224 -0.40578934  0.         -0.05699659]
log likelihood =  -3329.5324754672833
Lr derivatives =  [0.11025339366196008, -65.99490656770507, 0.2092565730232785]
other derivatives =  [ 0.07983999 -0.02050729  0.31493892  0.02178012  0.00367867 -0.00141229
 -0.        ]
Current x_clock array =  [-0.65997515 -0.72933414 -0.602074    0.3760283  -2.89857551 -1.81925358
  0.33647224 -0.40607121  0.         -0.05685713]
log likelihood =  -3329.5327898403457
Lr derivatives =  [0.03652004885670834, -66.110392676011, -0.48050736002957706]
other derivatives =  [ 0.14179477  0.03215018 -0.73546425 -0.01218132  0.06870384 -0.00862067
 -0.        ]
Current x_clock array =  [-0.65990734 -0.72919288 -0.60313283  0.37548844 -2.89755824 -1.81874206
  0.33647224 -0.40656163  0.         -0.05749735]
log likelihood =  -3329.5323929098904
Lr derivatives =  [0.08715840311149492, -66.03105752826616, -0.007653083796949289]
other derivatives =  [ 0.09924815 -0.00403497 -0.01429044  0.01114722  0.02403389 -0.00367029
 -0.        ]
Current x_clock array =  [-0.65995392 -0.72928993 -0.60240539  0.37585933 -2.89825712 -1.81909348
  0.33647224 -0.40622471  0.         -0.05705751]
log likelihood =  -3329.532379707991
Lr derivatives =  [0.04465849077981332, -66.06143493170379, -0.022126615210773082]
other derivatives =  [ 0.00948057 -0.00924092 -0.00375167  0.011059    0.01103601 -0.00167961
 -0.        ]
Current x_clock array =  [-0.66000211 -0.72928146 -0.60240064  0.37582092 -2.89829051 -1.81751189
  0.33647224 -0.40630865  0.         -0.05707717]
log likelihood =  -3329.5323753360135
Lr derivatives =  [0.007519582688939153, -66.08604211184893, -0.009291479180113527]
other derivatives =  [-0.02157685 -0.01136596 -0.00212185  0.004904    0.00129082 -0.00015797
 -0.        ]
Current x_clock array =  [-0.66001676 -0.72927096 -0.60240668  0.37572821 -2.89831542 -1.81647547
  0.33647224 -0.40639958  0.         -0.05706749]
      fun: 3329.5323753360135
 hess_inv: <10x10 LbfgsInvHessProduct with dtype=float64>
      jac: array([-2.15768523e-02, -1.13659553e-02, -2.12185114e-03,  4.90399543e-03,
        1.29082101e-03, -1.57968320e-04, -0.00000000e+00,  7.51958269e-03,
       -6.60860421e+01, -9.29147918e-03])
  message: 'CONVERGENCE: REL_REDUCTION_OF_F_<=_FACTR*EPSMCH'
     nfev: 30
      nit: 26
     njev: 30
   status: 0
  success: True
        x: array([-0.66001676, -0.72927096, -0.60240668,  0.37572821, -2.89831542,
       -1.81647547,  0.33647224, -0.40639958,  0.        , -0.05706749])
