number of sites to be analyzed:  634
log likelihood =  -10049.12722148266
Lr derivatives =  [-894.8223275765274, -925.7559647786399, -837.3564744828054]
other derivatives =  [  50.56223381 -193.69652728  285.99213692  -68.23353033  651.80477031
  -36.49790415   -0.        ]
Current x_clock array =  [-0.59278335 -0.79624871 -0.54138422  0.18232156 -0.10536052 -0.10536052
  0.33647224 -0.51082562 -0.51082562 -0.51082562]
log likelihood =  -9359.490710980654
Lr derivatives =  [80.94443473370549, -418.3993819531494, -524.2982431870388]
other derivatives =  [-105.04635611 -253.73898461 -192.50639343  -32.50397458  525.77266615
  -47.75004345   -0.        ]
Current x_clock array =  [-0.63686075 -0.79559818 -0.79069653  0.24180382 -0.67356828 -0.07354364
  0.33647224  0.26923156 -0.51038031 -0.51038031]
log likelihood =  -8988.355775758559
Lr derivatives =  [361.5313648085116, -81.01613621909189, -135.69930666730994]
other derivatives =  [278.32509477  46.71118586  24.74854409 -32.13311902 412.73937491
 -40.81021143  -0.        ]
Current x_clock array =  [-0.56508187 -0.63416724 -0.67625043  0.27143071 -1.112843   -0.03565625
  0.33647224  0.28959844 -0.31604034 -0.22871888]
log likelihood =  -8783.405944027705
Lr derivatives =  [18.24367550582051, -99.94073391601688, 45.47546268440783]
other derivatives =  [-546.49867525  179.66982523  246.65997807    1.59329466   85.19576908
   -2.19014692   -0.        ]
Current x_clock array =  [-0.74356711 -0.54465377 -0.62548016  0.32502665 -1.83320918  0.02962265
  0.33647224  0.05876579 -0.08153855  0.        ]
log likelihood =  -8714.18199503981
Lr derivatives =  [-94.73608898507248, -125.70037359772498, 110.21802492905408]
other derivatives =  [ 177.2375017  -111.06464262   18.98504161   31.33591235  -39.66079273
   10.66122786   -0.        ]
Current x_clock array =  [-0.56581309 -0.61493443 -0.7439749   0.34590197 -2.15045861  0.05508009
  0.33647224 -0.01283805  0.          0.        ]
log likelihood =  -8694.92827448674
Lr derivatives =  [-18.749999998650292, -98.25836278915405, 127.5939670372265]
other derivatives =  [-13.83025119 -28.59697634 -11.56463986  17.87782276   6.77915132
   9.65710569  -0.        ]
Current x_clock array =  [-0.60545137 -0.59338167 -0.75583931  0.33596859 -2.10533141  0.04875602
  0.33647224  0.04792327  0.         -0.04959119]
log likelihood =  -8691.81742313177
Lr derivatives =  [33.67749945837171, -97.31696807561634, -12.906862071589881]
other derivatives =  [-43.08973075  16.56171116 -57.22282185   9.77974742  41.00102808
   5.41881673  -0.        ]
Current x_clock array =  [-0.61423189 -0.58222545 -0.7769033   0.32361653 -2.08735499  0.04078224
  0.33647224  0.1120642   0.         -0.15281485]
log likelihood =  -8688.981046631528
Lr derivatives =  [6.082722525132721, -107.77159726470397, -0.0277786101091948]
other derivatives =  [-13.05678779  14.05037074  -8.78679748  12.19402839  14.2108883
   8.74584293  -0.        ]
Current x_clock array =  [-0.60655266 -0.579933   -0.75360635  0.31976059 -2.14192415  0.04078609
  0.33647224  0.1003885   0.         -0.13715188]
log likelihood =  -8688.486330801778
Lr derivatives =  [-3.437743236993612, -112.02453512396225, 1.6952265150487449]
other derivatives =  [-3.71234273 -6.81085658  4.39465839 11.54678102  1.39136757 10.10973574
 -0.        ]
Current x_clock array =  [-0.60414189 -0.58495777 -0.74824369  0.30913193 -2.17568309  0.03446642
  0.33647224  0.10248582  0.         -0.1354385 ]
log likelihood =  -8688.22907399751
Lr derivatives =  [-6.069679969010178, -114.15836836490269, 0.00020406750985557665]
other derivatives =  [ 8.77650746 -0.01844819  5.07084223  9.42672159 -3.85832113 10.66023106
 -0.        ]
Current x_clock array =  [-0.60143612 -0.58182753 -0.74899095  0.29519906 -2.19804782  0.02383745
  0.33647224  0.10658472  0.         -0.13734399]
log likelihood =  -8687.816972842305
Lr derivatives =  [-4.424008787162908, -114.38159873062038, -4.353329234743413]
other derivatives =  [10.40412826 -8.64681715  6.82362224  3.46120578 -7.30778577 10.2148897
 -0.        ]
Current x_clock array =  [-0.60114875 -0.58368655 -0.74915611  0.26213342 -2.22471141 -0.0059472
  0.33647224  0.1180041   0.         -0.14257237]
log likelihood =  -8687.385920179204
Lr derivatives =  [-4.3145696893003915, -114.0736388405646, -2.5527823937642182]
other derivatives =  [14.41814493 10.4621904  -5.90335003 -3.65949927 -5.70704631  8.00292764
 -0.        ]
Current x_clock array =  [-0.60031954 -0.57684135 -0.75715781  0.22227103 -2.24004162 -0.06438446
  0.33647224  0.11937933  0.         -0.1394561 ]
log likelihood =  -8687.122648376895
Lr derivatives =  [-0.2181720753029981, -111.05449915250567, -1.8813455475238783]
other derivatives =  [ 1.44995465  1.15323928 -1.13642454 -7.34322748 -0.9284261   5.59532782
 -0.        ]
Current x_clock array =  [-0.60310259 -0.58002775 -0.75426956  0.20491199 -2.23519183 -0.10600037
  0.33647224  0.12218343  0.         -0.13808423]
log likelihood =  -8686.983537434447
Lr derivatives =  [1.0485224218732725, -109.29271920820186, 0.721167805808129]
other derivatives =  [-4.67181053 -0.24514338 -0.55362398 -7.51722109  2.44597354  3.88352601
 -0.        ]
Current x_clock array =  [-0.60442171 -0.58066182 -0.75363982  0.20571501 -2.22756923 -0.13500833
  0.33647224  0.12030024  0.         -0.13440992]
log likelihood =  -8686.800585517674
Lr derivatives =  [-0.36846022398807055, -109.13597718752347, 2.235983013969154]
other derivatives =  [-9.77956006 -1.38714313  0.06414484 -5.4136035   3.74784207  1.73409535
 -0.        ]
Current x_clock array =  [-0.60546225 -0.58074699 -0.75333363  0.21674595 -2.22660528 -0.18036558
  0.33647224  0.1191204   0.         -0.13085521]
log likelihood =  -8686.843683709094
Lr derivatives =  [11.058304501283029, -102.12307296832766, 9.186854819742877]
other derivatives =  [33.02603    -1.25899533  4.76737659 -2.47673415  8.88058955 -0.570255
 -0.        ]
Current x_clock array =  [-0.59768526 -0.58045188 -0.75049625  0.23641398 -2.23521342 -0.24454276
  0.33647224  0.13473536  0.         -0.12532128]
log likelihood =  -8686.73026029069
Lr derivatives =  [4.689684514642524, -106.03607377245532, 5.290813715817869]
other derivatives =  [ 8.9349669  -1.36302151  2.11665974 -4.10312532  5.99254607  0.70605529
 -0.        ]
Current x_clock array =  [-0.60203869 -0.58061708 -0.75208457  0.22540415 -2.23039473 -0.20861745
  0.33647224  0.12599437  0.         -0.12841908]
log likelihood =  -8686.635544619732
Lr derivatives =  [0.050201124015293086, -108.57185702117773, 4.60052947817028]
other derivatives =  [-1.64919402  0.6205737   3.80950769 -1.0204476   2.29094267 -0.20045991
 -0.        ]
Current x_clock array =  [-0.60395897 -0.57913536 -0.75190866  0.23849079 -2.24385858 -0.24214168
  0.33647224  0.12820047  0.         -0.12744051]
log likelihood =  -8686.612568398648
Lr derivatives =  [-2.1427040579681877, -110.7309987553936, 0.02635335506770531]
other derivatives =  [ 1.04080755 -2.75333878 -0.2815359   0.07283779  0.31265754 -0.42782995
 -0.        ]
Current x_clock array =  [-0.60335932 -0.5797742  -0.75445498  0.24211895 -2.25139669 -0.25035672
  0.33647224  0.13011891  0.         -0.13091755]
log likelihood =  -8686.605291710845
Lr derivatives =  [-1.2007715334307352, -110.57119019057644, -0.13955048173445306]
other derivatives =  [ 0.53082476  0.06632581  0.66396751  0.14737998 -0.19593464 -0.1383487
 -0.        ]
Current x_clock array =  [-0.6034873  -0.57878897 -0.75406492  0.24255699 -2.25566793 -0.24815565
  0.33647224  0.13319708  0.         -0.13163164]
log likelihood =  -8686.603990248554
Lr derivatives =  [0.010147982381036869, -110.04114878927705, 0.17599206991558702]
other derivatives =  [-0.01799708  0.07614108 -0.23782559  0.05977017  0.00129838  0.03112837
 -0.        ]
Current x_clock array =  [-0.60364687 -0.5787996  -0.75454373  0.24248601 -2.25695948 -0.24596028
  0.33647224  0.1351387   0.         -0.13180367]
log likelihood =  -8686.603945894636
Lr derivatives =  [-0.0006773167380429435, -110.08238282328199, -0.038213605447431576]
other derivatives =  [ 0.07242852  0.06025039  0.05186848 -0.00563705 -0.00983823  0.00820728
 -0.        ]
Current x_clock array =  [-0.60362848 -0.57879878 -0.75439412  0.24211026 -2.25713669 -0.24644834
  0.33647224  0.13523698  0.         -0.13198448]
log likelihood =  -8686.60394236604
Lr derivatives =  [-0.003985396701265298, -110.07381740804135, -0.004847053502608389]
other derivatives =  [ 0.0092441   0.00393993  0.00546606  0.00293403 -0.00041504  0.00091313
 -0.        ]
Current x_clock array =  [-0.60364126 -0.57881652 -0.75441819  0.24215785 -2.25710137 -0.24660513
  0.33647224  0.13521624  0.         -0.13194571]
      fun: 8686.60394236604
 hess_inv: <10x10 LbfgsInvHessProduct with dtype=float64>
      jac: array([ 9.24410415e-03,  3.93993105e-03,  5.46606316e-03,  2.93402991e-03,
       -4.15036539e-04,  9.13132681e-04, -0.00000000e+00, -3.98539670e-03,
       -1.10073817e+02, -4.84705350e-03])
  message: 'CONVERGENCE: REL_REDUCTION_OF_F_<=_FACTR*EPSMCH'
     nfev: 23
      nit: 21
     njev: 23
   status: 0
  success: True
        x: array([-0.60364126, -0.57881652, -0.75441819,  0.24215785, -2.25710137,
       -0.24660513,  0.33647224,  0.13521624,  0.        , -0.13194571])
