number of sites to be analyzed:  305
log likelihood =  -3930.4589277721484
Lr derivatives =  [-126.13887646067313, -249.07517624717804, -250.76268922368527]
other derivatives =  [ 27.93097929 -51.00349654  35.37134944 -97.10944551 326.47705848
  -9.03401042  -0.        ]
Current x_clock array =  [-0.71726073 -0.6336032  -0.67202261  0.18232156 -0.10536052 -0.10536052
  0.33647224 -0.51082562 -0.51082562 -0.51082562]
log likelihood =  -3649.290522473259
Lr derivatives =  [12.210543904060899, -173.58256613615418, -199.11310929728998]
other derivatives =  [-93.86332476 -28.17995528 -70.33044585 -45.97120414 224.08123232
  -7.82623556  -0.        ]
Current x_clock array =  [-0.79355031 -0.63200917 -0.76863453  0.44756251 -0.99708721 -0.08068537
  0.33647224 -0.16629482 -0.50943037 -0.50943037]
log likelihood =  -3569.965869021703
Lr derivatives =  [76.68318447742475, 17.35524196832251, -47.01928446593229]
other derivatives =  [1184.16836631   91.65105166  293.86226652  -37.34519669   17.62154901
    9.63222647   -0.        ]
Current x_clock array =  [-0.32633564 -0.62327485 -0.44237656  0.85910091 -2.76086438 -0.02298997
  0.33647224 -0.02503999  0.          0.        ]
log likelihood =  -3395.838882770189
Lr derivatives =  [35.053410388871065, -5.681531892774494, -13.180078894947655]
other derivatives =  [-106.54381549   16.4684111    37.49243842   24.99069251  -29.07555179
   12.19385967   -0.        ]
Current x_clock array =  [-0.78648796 -0.66219162 -0.58444295  0.97805684 -3.12451487 -0.01656652
  0.33647224  0.07997701 -0.07681165  0.        ]
log likelihood =  -3382.130791707106
Lr derivatives =  [48.809878292184685, -1.5829469995695291, -21.593086785287596]
other derivatives =  [-61.96667391   9.08298625  30.45479389  20.34939189  -5.15584669
   8.45581735  -0.        ]
Current x_clock array =  [-0.74834496 -0.66514852 -0.59314033  0.89776735 -2.85446273 -0.02827675
  0.33647224 -0.00332795 -0.08358496  0.        ]
log likelihood =  -3372.4564213091876
Lr derivatives =  [-12.877193084677346, -41.052520693203256, 27.920623324462213]
other derivatives =  [ 68.88866392 -16.97634752 -16.36680918  13.80920412  13.80020771
   3.68121982  -0.        ]
Current x_clock array =  [-0.65146166 -0.66989349 -0.65462219  0.73075166 -2.49949747 -0.05733527
  0.33647224 -0.32169821 -0.07026231  0.        ]
log likelihood =  -3367.185845102719
Lr derivatives =  [11.559767984354997, -17.818749974097933, 82.94986549688714]
other derivatives =  [19.76063095  1.87955811 -3.75254785 13.68423955  7.27736523  4.80020162
 -0.        ]
Current x_clock array =  [-0.68352065 -0.65636243 -0.63318358  0.74505499 -2.60605114 -0.05921437
  0.33647224 -0.26505743 -0.01710641 -0.01112994]
log likelihood =  -3369.0444539276677
Lr derivatives =  [2.9106897960139584, -32.55540599345166, -25.472449681613305]
other derivatives =  [-85.6348147   38.44283583  16.8596971   15.41660913 -12.5447808
   4.33070591  -0.        ]
Current x_clock array =  [-0.76040166 -0.61703419 -0.60969831  0.71805693 -2.81280734 -0.07993374
  0.33647224 -0.20955432  0.         -0.16538204]
log likelihood =  -3364.509037879819
Lr derivatives =  [10.135443371044634, -22.801588870442185, 14.3537773116315]
other derivatives =  [-24.78132365  15.93347588   3.88197532  14.0874763   -0.25578733
   4.76649711  -0.        ]
Current x_clock array =  [-0.71409832 -0.64072052 -0.62384285  0.73431713 -2.68828372 -0.06745503
  0.33647224 -0.24298233 -0.01030272 -0.0724802 ]
log likelihood =  -3363.3086522916237
Lr derivatives =  [2.2196218679984216, -26.68127354016047, 9.23223939069424]
other derivatives =  [-14.71803762   7.15275064   5.21801348  11.86763348   0.84300001
   4.33795685  -0.        ]
Current x_clock array =  [-0.70628487 -0.64750481 -0.62512896  0.70385261 -2.66499422 -0.07479798
  0.33647224 -0.27675522  0.         -0.07879584]
log likelihood =  -3362.6398053329635
Lr derivatives =  [-6.449939700103092, -33.15349289481765, -1.1783041701464043]
other derivatives =  [-1.51565609 -0.83226996 -8.3080522   7.46037904  1.45061574  3.81129394
 -0.        ]
Current x_clock array =  [-0.69652944 -0.65311533 -0.64131205  0.64664159 -2.6489307  -0.09202132
  0.33647224 -0.30754759  0.         -0.09304249]
log likelihood =  -3362.40082434515
Lr derivatives =  [-6.9918983555698615, -34.219931185855536, -4.753845687496272]
other derivatives =  [ 1.14057229 -3.49368747  2.45544425  4.16764397  2.13443736  3.62453738
 -0.        ]
Current x_clock array =  [-0.69558673 -0.65582    -0.63204113  0.61410651 -2.64964184 -0.10496428
  0.33647224 -0.30774423  0.         -0.09969963]
log likelihood =  -3362.1639286383593
Lr derivatives =  [-2.1054158575183326, -31.791469935215297, -6.366434080724078]
other derivatives =  [ 2.64974551 -4.05849005  1.53881683  0.83109171  1.35638273  3.64452853
 -0.        ]
Current x_clock array =  [-0.69546635 -0.65805056 -0.63241077  0.57909184 -2.67515107 -0.12501303
  0.33647224 -0.29092983  0.         -0.10611953]
log likelihood =  -3362.053204363263
Lr derivatives =  [0.3556843747273355, -30.019912591059427, -5.326323108624603]
other derivatives =  [ 4.21659115  8.14246596  2.69261545 -1.54803456  0.40560247  3.49838319
 -0.        ]
Current x_clock array =  [-0.6953373  -0.6451893  -0.6314107   0.55121908 -2.69399281 -0.15941478
  0.33647224 -0.28582259  0.         -0.10522279]
log likelihood =  -3361.9481064088964
Lr derivatives =  [1.810559608501725, -28.703009632998764, -2.986914168341677]
other derivatives =  [ 1.40778911  3.47451714  0.90359708 -1.81646783 -0.89517072  3.53694713
 -0.        ]
Current x_clock array =  [-0.69704124 -0.65120723 -0.6323739   0.54656405 -2.71368132 -0.17887718
  0.33647224 -0.27760889  0.         -0.10118722]
log likelihood =  -3361.8296777050655
Lr derivatives =  [1.9685192788565402, -27.691696562260383, 1.4400967774157145]
other derivatives =  [-4.44302214  0.00722139 -1.11030204 -2.46584113 -1.13474734  3.29211935
 -0.        ]
Current x_clock array =  [-0.70078358 -0.6551079  -0.63407494  0.53744948 -2.72043868 -0.21903137
  0.33647224 -0.27720906  0.         -0.09174646]
log likelihood =  -3361.7156741282824
Lr derivatives =  [2.0734491376241557, -26.479581689248697, 7.615223407056364]
other derivatives =  [-2.60578463 -1.74275101 -2.07079756 -2.37291079 -1.36544643  2.95321615
 -0.        ]
Current x_clock array =  [-0.69929424 -0.65744267 -0.63486597  0.53823025 -2.7270585  -0.27393359
  0.33647224 -0.27784703  0.         -0.07959727]
log likelihood =  -3361.582057643045
Lr derivatives =  [0.01863792566580358, -27.07558353171576, 10.146678413264382]
other derivatives =  [-3.16837031 -1.98769112 -1.57929662 -2.47333264 -1.17799196  2.33045057
 -0.        ]
Current x_clock array =  [-0.699347   -0.65716708 -0.63487366  0.53520679 -2.72624288 -0.34563366
  0.33647224 -0.28448619  0.         -0.07322202]
log likelihood =  -3361.426668897026
Lr derivatives =  [5.542651236568519, -23.519466458105164, 9.822443107959852]
other derivatives =  [18.84953053 -3.95678035 -3.5970188  -0.22713402 -0.32599133  0.6371838
 -0.        ]
Current x_clock array =  [-0.68443444 -0.66258314 -0.63531145  0.56503752 -2.74783234 -0.58265715
  0.33647224 -0.26388887  0.         -0.07108283]
log likelihood =  -3361.1907817985143
Lr derivatives =  [0.2105248812093219, -27.273121607425722, 3.000129595739711]
other derivatives =  [-1.57228351 -1.98386169 -1.05202935 -0.25026884 -0.54953071  0.08894494
 -0.        ]
Current x_clock array =  [-0.69740855 -0.65798168 -0.63362096  0.55592456 -2.74008404 -0.63596057
  0.33647224 -0.27643884  0.         -0.07898204]
log likelihood =  -3361.1785492163835
Lr derivatives =  [-0.1589451456169293, -27.82564967884935, 0.7759053225047694]
other derivatives =  [-0.61238825 -0.45111756 -0.26412272 -0.06425398 -0.21959581  0.0165096
 -0.        ]
Current x_clock array =  [-0.69680008 -0.65604719 -0.63304428  0.55820931 -2.73548593 -0.63602038
  0.33647224 -0.2778635   0.         -0.08252341]
log likelihood =  -3361.177489306573
Lr derivatives =  [-0.07502711922306027, -27.90584781545104, 0.02706333537001626]
other derivatives =  [ 0.01629178  0.02675733  0.00843238  0.01989201 -0.04102949 -0.00087221
 -0.        ]
Current x_clock array =  [-0.69641297 -0.65550426 -0.63280775  0.55951782 -2.73363867 -0.63453986
  0.33647224 -0.27780211  0.         -0.08385574]
log likelihood =  -3361.177477197146
Lr derivatives =  [-0.027523048743157474, -27.886375852828237, -0.00554479440885558]
other derivatives =  [ 0.0136788   0.01445733  0.00427099  0.01056105 -0.01868258  0.00018326
 -0.        ]
Current x_clock array =  [-0.6964226  -0.65552634 -0.63280621  0.55947162 -2.73351025 -0.63413023
  0.33647224 -0.27768646  0.         -0.08394047]
log likelihood =  -3361.177474864736
Lr derivatives =  [0.0014760078977893443, -27.869848207039958, 0.0014683505852328693]
other derivatives =  [-0.00339514  0.00504861  0.00048067  0.00162663 -0.00060092  0.00044975
 -0.        ]
Current x_clock array =  [-0.69643942 -0.65554011 -0.63280759  0.55941191 -2.73338957 -0.63399183
  0.33647224 -0.27763821  0.         -0.08394226]
      fun: 3361.177474864736
 hess_inv: <10x10 LbfgsInvHessProduct with dtype=float64>
      jac: array([-3.39514372e-03,  5.04860509e-03,  4.80667950e-04,  1.62663127e-03,
       -6.00919623e-04,  4.49745130e-04, -0.00000000e+00,  1.47600790e-03,
       -2.78698482e+01,  1.46835059e-03])
  message: 'CONVERGENCE: REL_REDUCTION_OF_F_<=_FACTR*EPSMCH'
     nfev: 24
      nit: 22
     njev: 24
   status: 0
  success: True
        x: array([-0.69643942, -0.65554011, -0.63280759,  0.55941191, -2.73338957,
       -0.63399183,  0.33647224, -0.27763821,  0.        , -0.08394226])
