number of sites to be analyzed:  167
log likelihood =  -2277.242088287315
Lr derivatives =  [-54.11084153765157, -135.61868862562994, -64.63587573987189]
other derivatives =  [ 18.95536343  -5.3976546   19.68897141 -18.15044925  69.25776142
   6.43626436  18.04603653]
Current x_clock array =  [-0.56692789 -0.75782646 -0.49013103  0.18232156 -0.10536052  0.
  0.33647224 -0.51082562 -0.51082562 -0.51082562]
log likelihood =  -2197.9702733472805
Lr derivatives =  [94.7547437743045, -52.547367497945004, -16.873218797323688]
other derivatives =  [-67.67677769   0.7294625  -43.15931983 -12.04249565  57.2089466
  10.66004006  24.21622548]
Current x_clock array =  [-0.76488362 -0.75043444 -0.69574802  0.37187136 -0.82863712 -0.06721556
  0.14801284  0.0542678  -0.50549094 -0.50549094]
log likelihood =  -2134.101350010582
Lr derivatives =  [60.95413006649446, -48.670157904567276, -8.756743642023206]
other derivatives =  [ -6.48582136   1.82625672 -21.60862368  -8.41496512  49.88329283
  11.32054513  22.90006933]
Current x_clock array =  [-0.61717572 -0.74902148 -0.60334105  0.40322465 -0.9735869  -0.09270103
  0.08931121 -0.14604453 -0.30406167 -0.4279637 ]
log likelihood =  -2040.2356338971802
Lr derivatives =  [-30.274292931198715, -63.30167514603667, -8.016569878660182]
other derivatives =  [ 9.86607438  2.53413896  6.36696541  4.42686974  9.4059488  12.98244911
 13.8761618 ]
Current x_clock array =  [-0.58418682 -0.76020979 -0.48345526  0.59442436 -1.86396885 -0.2374122
 -0.23634773 -0.45644046  0.         -0.32202849]
log likelihood =  -2027.3804032876387
Lr derivatives =  [-20.455567539222713, -53.98223680184962, -2.468519664422889]
other derivatives =  [33.34936719  3.30090188 -0.44256603  8.57771124 -5.19537362 14.27005373
 10.73489375]
Current x_clock array =  [-0.54387118 -0.78203478 -0.4908465   0.66675883 -2.34149308 -0.37525007
 -0.45976832 -0.28737905  0.         -0.30719607]
log likelihood =  -2022.350526046689
Lr derivatives =  [-13.256964768937195, -46.297672326138155, 5.066297885077532]
other derivatives =  [-41.32611298  -6.29756255  38.543443     5.49101037 -12.63155615
  13.36473815   7.27081351]
Current x_clock array =  [-0.69636712 -0.84119013 -0.38121797  0.63326217 -2.70276302 -0.66754363
 -0.78766763 -0.0949714   0.         -0.27524866]
log likelihood =  -2012.1449414620593
Lr derivatives =  [0.9785738306569502, -38.944568217917876, 5.116029073939902]
other derivatives =  [-20.13854964  -4.30589466   3.51486915   5.17620219  -9.18328215
  12.90951332   6.90870206]
Current x_clock array =  [-0.64296802 -0.8364926  -0.45738003  0.60377161 -2.66810103 -0.72665295
 -0.82784816 -0.02127008  0.         -0.29577991]
log likelihood =  -2006.2048895637083
Lr derivatives =  [16.71389264836281, -31.96003833675153, 4.768972301079761]
other derivatives =  [ 3.87786326 -1.99313604 -2.57799161  2.7226431  -2.87168792 11.10867447
  6.33774926]
Current x_clock array =  [-0.59706598 -0.82954591 -0.47676553  0.53572731 -2.57326412 -0.84537094
 -0.90039503  0.03595304  0.         -0.31474928]
log likelihood =  -2001.5800586879343
Lr derivatives =  [19.684239163616997, -32.92532650927049, 0.2921069636646809]
other derivatives =  [ 7.37537493 -0.49349796 -8.75551791  0.75651474  0.81139547  8.60267773
  5.50938421]
Current x_clock array =  [-0.59169361 -0.8204896  -0.4968593   0.4621967  -2.48608554 -1.00025162
 -0.99873682  0.02406374  0.         -0.3293562 ]
log likelihood =  -1992.385733456631
Lr derivatives =  [14.323343171142994, -37.526870808030196, -1.34117614659821]
other derivatives =  [ 5.51163021  1.91417894 -9.39141046 -3.55715019  4.89459908  4.19534556
  3.38034909]
Current x_clock array =  [-0.59623674 -0.80181709 -0.50730978  0.28879624 -2.35968887 -1.49161841
 -1.34315495 -0.06287238  0.         -0.27233655]
log likelihood =  -1986.3546586052187
Lr derivatives =  [-7.820065614216716, -49.28554718444912, -12.026294596272175]
other derivatives =  [-13.19885541 -10.23662549  -8.23416235  -1.97885311  -1.55003507
   1.89410579   1.42266182]
Current x_clock array =  [-0.62893242 -0.86015955 -0.49954082  0.31534248 -2.49741331 -2.12834171
 -1.82437566 -0.09146263  0.         -0.26031321]
log likelihood =  -1983.461750300411
Lr derivatives =  [-5.133503776553659, -44.01719487941941, 4.286734807045125]
other derivatives =  [-6.86392536 -5.82446069  3.03725596 -2.54079896 -2.76496047  1.21132521
  0.78283667]
Current x_clock array =  [-0.61856725 -0.8424307  -0.46736901  0.28419231 -2.57518949 -2.60310167
 -2.19258235 -0.07160143  0.         -0.18847305]
log likelihood =  -1982.592186200287
Lr derivatives =  [-2.4836138867266992, -42.394522057405986, 0.9417673774394721]
other derivatives =  [-0.18251899 -0.26725797  5.05421826 -2.2664799  -2.92235828  0.90011058
  0.52439505]
Current x_clock array =  [-0.60740919 -0.81904893 -0.46164316  0.28773359 -2.59738982 -2.83208027
 -2.36754337 -0.05264016  0.         -0.19722474]
log likelihood =  -1981.7443714347753
Lr derivatives =  [2.510378620012288, -38.93801640572172, 2.1087383398532005]
other derivatives =  [ 1.51744598  3.43937199  0.82117231 -2.09506493 -1.85495324  0.56030984
  0.28745422]
Current x_clock array =  [-0.60523138 -0.80422847 -0.47127876  0.29115808 -2.5823445  -3.21079186
 -2.64423598 -0.04210957  0.         -0.19195172]
log likelihood =  -1980.9768738075306
Lr derivatives =  [4.308820702134412, -37.86652244434554, -0.01821374370501161]
other derivatives =  [ 5.22722553  2.89908098 -0.71121008 -1.83627481 -0.10525682  0.30107879
  0.15033875]
Current x_clock array =  [-0.59852071 -0.80571032 -0.47613178  0.31235008 -2.51910461 -3.68146256
 -2.97420664 -0.06028328  0.         -0.19371457]
log likelihood =  -1980.4154513751341
Lr derivatives =  [1.952666287752983, -38.957021568021354, 0.9648000258453173]
other derivatives =  [-2.08601909  2.53557596 -4.20262404 -0.45747583  1.13406233  0.12872099
  0.06639926]
Current x_clock array =  [-0.61114651 -0.80297681 -0.48583005  0.37316997 -2.4367721  -4.40504129
 -3.47749657 -0.1036188   0.         -0.18240258]
log likelihood =  -1980.2510035408693
Lr derivatives =  [-2.2269380399681715, -41.17109198702563, -0.6197630954925728]
other derivatives =  [ 2.74192257 -0.94219877  0.26741213  0.32822823  0.5818093   0.08736881
  0.0430356 ]
Current x_clock array =  [-0.60153928 -0.81868101 -0.47440227  0.40647233 -2.43463682 -4.75626034
 -3.72797245 -0.11817665  0.         -0.18167348]
log likelihood =  -1980.1939352714467
Lr derivatives =  [-1.3524021900053178, -40.371790333296985, 0.22184799613789252]
other derivatives =  [-0.02881052 -0.77864456  1.17637001  0.45568004  0.09158712  0.08442422
  0.03524189]
Current x_clock array =  [-0.60697326 -0.81914    -0.47075455  0.40986412 -2.45842899 -4.80388372
 -3.7671944  -0.10497921  0.         -0.18036902]
log likelihood =  -1980.1657936732233
Lr derivatives =  [-0.14523041122201263, -39.48749685797, 0.8355661564830505]
other derivatives =  [-0.72080979 -0.11285715  0.53089548  0.47911567 -0.076162    0.07737671
  0.02744005]
Current x_clock array =  [-0.60846326 -0.8169636  -0.47172933  0.40892782 -2.47087129 -4.89188636
 -3.83402297 -0.09612169  0.         -0.17955453]
log likelihood =  -1980.1350105589295
Lr derivatives =  [0.6403810244485584, -38.94037973925057, 0.8008925908252884]
other derivatives =  [-0.63800712  0.44188164  0.20262337  0.49468281 -0.03175636  0.0634801
  0.01884546]
Current x_clock array =  [-0.60845615 -0.81482632 -0.47233805  0.40886428 -2.47280728 -5.07507426
 -3.96764284 -0.09272509  0.         -0.17976469]
log likelihood =  -1980.080697735163
Lr derivatives =  [1.250193817951601, -38.450496103561534, 0.6847818021694039]
other derivatives =  [ 0.16310469  0.80390396 -0.56663339  0.52554083  0.10611134  0.03790062
  0.00738548]
Current x_clock array =  [-0.60698106 -0.81332307 -0.47432099  0.40912681 -2.46903347 -5.56022107
 -4.31880136 -0.09301976  0.         -0.17937186]
log likelihood =  -1980.0333444478715
Lr derivatives =  [0.3407340925443254, -39.04499945072304, -0.7895528581017945]
other derivatives =  [-0.28502382  1.07239384  0.40668328  0.33363472  0.07603512  0.01895904
  0.00192942]
Current x_clock array =  [-0.60785402 -0.8113711  -0.47231419  0.40080671 -2.46469855 -6.22006305
 -4.79726532 -0.0987109   0.         -0.18172813]
log likelihood =  -1980.0037569398496
Lr derivatives =  [0.026341195151529107, -38.9834188279696, 0.8365955213730523]
other derivatives =  [8.20009291e-01 1.28899956e-01 1.37966026e-01 1.25003226e-01
 1.54924161e-01 8.74055500e-03 6.71656880e-04]
Current x_clock array =  [-0.60552892 -0.81524855 -0.47350671  0.39287706 -2.46075933 -7.0001412
 -5.36226029 -0.10383119  0.         -0.17638681]
log likelihood =  -1979.9963265976044
Lr derivatives =  [-0.5464907123173006, -39.394118156643195, -0.40025625001472065]
other derivatives =  [-5.72595127e-02 -5.31704927e-01 -4.06860636e-01  1.40016709e-03
 -6.16671647e-02  5.86689169e-03  2.30420013e-05]
Current x_clock array =  [-0.60698257 -0.81806467 -0.4749008   0.38613564 -2.46637485 -7.38720364
 -5.64437701 -0.10344697  0.         -0.17920029]
log likelihood =  -1979.9927665861483
Lr derivatives =  [-0.32608242148632804, -39.21802117416017, -0.1267873783505209]
other derivatives =  [-8.01956048e-02 -3.22588221e-01 -1.17734089e-03 -6.66614142e-02
 -5.58444423e-02  4.82570283e-03 -9.58111975e-05]
Current x_clock array =  [-0.60712545 -0.8172133  -0.47383996  0.38368239 -2.46793188 -7.58450513
 -5.78809585 -0.10226801  0.         -0.1786071 ]
log likelihood =  -1979.9898859180116
Lr derivatives =  [0.004611051382823916, -38.97807286475054, 0.17356237379467387]
other derivatives =  [-0.06618302 -0.01174158  0.1394933  -0.12765645 -0.02195153  0.00335903
 -0.00021002]
Current x_clock array =  [-0.60719607 -0.81589452 -0.47346728  0.38131638 -2.4686398  -7.94744671
 -6.05180017 -0.10116196  0.         -0.17797294]
log likelihood =  -1979.9882607775296
Lr derivatives =  [0.08932601145459174, -38.913777532474484, 0.19522865426588254]
other derivatives =  [ 0.03345031  0.06679488  0.13721274 -0.12864689 -0.01762681  0.00245247
 -0.00024718]
Current x_clock array =  [-0.6070288  -0.81558258 -0.47346455  0.38119073 -2.46879843 -8.2607419
 -6.27911877 -0.10091313  0.         -0.17790602]
log likelihood =  -1979.986003995889
Lr derivatives =  [0.19713151969682308, -38.835468976320556, 0.33775287044872115]
other derivatives =  [-2.88461251e-01  1.86695388e-01 -1.72932687e-01 -8.10728125e-02
  4.41961655e-02  1.17815793e-03 -1.99458056e-04]
Current x_clock array =  [-0.60762451 -0.81493873 -0.47422862  0.38300751 -2.46615862 -8.99182869
 -6.80896519 -0.10166432  0.         -0.17745818]
log likelihood =  -1979.9845336300903
Lr derivatives =  [0.0732450437128982, -38.9429782957024, -0.1509194392424611]
other derivatives =  [ 3.83322003e-01  1.03383400e-01 -3.83447514e-02 -4.52530458e-02
  3.90976153e-02  5.19576876e-04 -1.43649918e-04]
Current x_clock array =  [-0.60635322 -0.81537255 -0.4739482   0.38448495 -2.46553813 -9.80428509
 -7.39815637 -0.10214144  0.         -0.17856163]
log likelihood =  -1979.9839861363737
Lr derivatives =  [0.0035116996635249365, -38.975677602377374, -0.08646304180645359]
other derivatives =  [ 0.10041776  0.02366255 -0.04769686 -0.03219679  0.03863877  0.00038434
 -0.00011549]
Current x_clock array =  [ -0.60686203  -0.81566675  -0.4739509    0.38503247  -2.46508191
 -10.10620572  -7.61705913  -0.10252417   0.          -0.1783225 ]
log likelihood =  -1979.983727846513
Lr derivatives =  [-0.041468829917642225, -38.991610348415456, -0.03956557903254776]
other derivatives =  [-4.42721557e-02 -3.45116860e-02 -5.74345904e-04 -1.38361429e-02
  3.20870770e-02  2.54115978e-04 -8.79900669e-05]
Current x_clock array =  [ -0.60712435  -0.81591459  -0.47380106   0.385801    -2.46501469
 -10.52062803  -7.91763169  -0.10265843   0.          -0.17814885]
log likelihood =  -1979.9835911842513
Lr derivatives =  [-0.05065118513679501, -38.988135550240735, -0.016045416756853115]
other derivatives =  [-7.14653652e-02 -4.56009275e-02  2.30843398e-02  2.15527507e-03
  1.80695106e-02  1.74595790e-04 -6.98767517e-05]
Current x_clock array =  [ -0.60717455  -0.81599004  -0.47371017   0.38638299  -2.46540391
 -10.89622805  -8.19012801  -0.10253188   0.          -0.17807069]
log likelihood =  -1979.98352318943
Lr derivatives =  [-0.002824695202374272, -38.94624174160941, 0.01759995066450415]
other derivatives =  [-6.78710421e-02 -6.09752533e-02 -1.23579866e-01  2.21498340e-02
 -1.04414057e-02  9.97532557e-05 -5.05192938e-05]
Current x_clock array =  [ -0.6071559   -0.81613549  -0.47402538   0.38687977  -2.4665416
 -11.45606813  -8.59639333  -0.10196709   0.          -0.17801373]
log likelihood =  -1979.983450654588
Lr derivatives =  [-0.013280892706248437, -38.95240705198127, -0.005669498023184616]
other derivatives =  [-2.70929377e-02 -8.64019967e-04  1.85150384e-02  2.38499069e-02
 -1.76477125e-02  8.00335581e-05 -4.36763123e-05]
Current x_clock array =  [ -0.60710085  -0.81588035  -0.47366036   0.3870011   -2.46677659
 -11.67642459  -8.7562915   -0.10190482   0.          -0.17806619]
log likelihood =  -1979.983437947265
Lr derivatives =  [0.0015354245203198502, -38.94296533962653, 0.004016877899150728]
other derivatives =  [-3.37013262e-03  4.20459401e-03  9.82299753e-03  2.13726707e-02
 -1.44130234e-02  7.54459212e-05 -4.18873950e-05]
Current x_clock array =  [ -0.60705785  -0.81586181  -0.47368574   0.38691051  -2.46674718
 -11.73546664  -8.79913225  -0.10187643   0.          -0.17805008]
log likelihood =  -1979.9834096617913
Lr derivatives =  [0.03405376951546657, -38.92506317745604, 0.015492288064269388]
other derivatives =  [ 4.33335572e-02  1.64434368e-02 -1.06160769e-02  1.09475877e-02
 -8.47743595e-04  6.13266355e-05 -3.60532942e-05]
Current x_clock array =  [ -0.60697383  -0.81580178  -0.47375568   0.38654458  -2.46646313
 -11.94212927  -8.94906422  -0.10189613   0.          -0.17803877]
log likelihood =  -1979.9833926765705
Lr derivatives =  [0.036648160065926305, -38.92635078527441, 0.005994875998592164]
other derivatives =  [ 5.20326466e-02  1.87997102e-02 -1.69002305e-02  3.75575837e-03
  6.36161517e-03  4.85545123e-05 -3.03221184e-05]
Current x_clock array =  [ -0.60695763  -0.81577662  -0.47378642   0.38628613  -2.46623506
 -12.1754195   -9.11830717  -0.10198477   0.          -0.17806184]
log likelihood =  -1979.9833695514083
Lr derivatives =  [0.001979586895307861, -38.94798917286655, 0.006271889584500201]
other derivatives =  [ 4.83744316e-02  4.19049684e-03 -7.76162778e-03 -5.31417754e-03
  6.62251613e-03  2.86932915e-05 -2.04619420e-05]
Current x_clock array =  [ -0.60695818  -0.81581334  -0.47378537   0.38593378  -2.46606708
 -12.70262081  -9.50078407  -0.10221765   0.          -0.17802837]
log likelihood =  -1979.9833564393682
Lr derivatives =  [-0.005084120624527344, -38.95511338013725, -0.03840981016671208]
other derivatives =  [-2.25923031e-02 -1.11276677e-03 -6.47787601e-04 -6.02062755e-03
  6.95045840e-04  1.69280132e-05 -1.42401082e-05]
Current x_clock array =  [ -0.6070923   -0.81583614  -0.47375507   0.38587     -2.46626919
 -13.23032231  -9.88365421  -0.10211545   0.          -0.17814682]
log likelihood =  -1979.9833519929668
Lr derivatives =  [-0.006317835639162439, -38.95206431882785, -0.008937982071437034]
other derivatives =  [-1.07288542e-02 -2.92243385e-03  5.75914783e-03 -4.76507012e-03
 -1.23932587e-03  1.50068680e-05 -1.30915046e-05]
Current x_clock array =  [ -0.60706944  -0.81584853  -0.47373757   0.38592018  -2.46632817
 -13.3483021   -9.9692506   -0.10212216   0.          -0.17806595]
log likelihood =  -1979.9833495783291
Lr derivatives =  [-0.003523686932611625, -38.94812833103443, 0.004403488680253531]
other derivatives =  [-4.69071892e-03 -3.33898242e-03  5.55041879e-03 -2.96813596e-03
 -3.36486211e-03  1.21412018e-05 -1.12767203e-05]
Current x_clock array =  [ -0.60705805  -0.81585713  -0.473734     0.38598126  -2.46641285
 -13.5586694  -10.12187786  -0.10208891   0.          -0.17803192]
      fun: 1979.9833495783291
 hess_inv: <10x10 LbfgsInvHessProduct with dtype=float64>
      jac: array([-4.69071892e-03, -3.33898242e-03,  5.55041879e-03, -2.96813596e-03,
       -3.36486211e-03,  1.21412018e-05, -1.12767203e-05, -3.52368693e-03,
       -3.89481283e+01,  4.40348868e-03])
  message: 'CONVERGENCE: REL_REDUCTION_OF_F_<=_FACTR*EPSMCH'
     nfev: 41
      nit: 40
     njev: 41
   status: 0
  success: True
        x: array([ -0.60705805,  -0.81585713,  -0.473734  ,   0.38598126,
        -2.46641285, -13.5586694 , -10.12187786,  -0.10208891,
         0.        ,  -0.17803192])
