number of sites to be analyzed:  1314
log likelihood =  -19736.77248044304
Lr derivatives =  [-1453.320619322581, -1777.8569413606647, -1735.1869021919306]
other derivatives =  [  52.46284127 -171.71735817  145.40868506 -221.49091092 1037.56713361
  -45.36586493   -0.        ]
Current x_clock array =  [-0.61359634 -0.74814154 -0.63355783  0.18232156 -0.10536052 -0.10536052
  0.33647224 -0.51082562 -0.51082562 -0.51082562]
log likelihood =  -18755.459388288145
Lr derivatives =  [546.0896432867601, -708.9610088097979, -1079.6206213401113]
other derivatives =  [ -69.1985806   -73.24681064 -290.61899113 -126.74339087  903.58903981
  -67.66572915   -0.        ]
Current x_clock array =  [-0.64263635 -0.74775509 -0.71404659  0.30492448 -0.67969    -0.08024893
  0.33647224  0.29363787 -0.51054286 -0.51054286]
log likelihood =  -18058.81133493872
Lr derivatives =  [545.2004460128709, -357.31497038350255, -520.2550518386181]
other derivatives =  [173.90690846  59.73933003  31.6710175  -90.67217616 694.11761433
 -28.13553874  -0.        ]
Current x_clock array =  [-0.62098889 -0.72709493 -0.62331119  0.34381409 -0.95824017 -0.05931222
  0.33647224  0.12031816 -0.31206899 -0.19625862]
log likelihood =  -17694.665563455976
Lr derivatives =  [-324.34359189146267, -407.4391270494479, 365.89117371477187]
other derivatives =  [-1159.92494102  -152.2809689   -344.71696563    96.32972797
   -69.73379529    55.54893141    -0.        ]
Current x_clock array =  [-0.80863454 -0.789131   -0.6891704   0.45989233 -1.76159497 -0.02780224
  0.33647224 -0.21360385  0.          0.        ]
log likelihood =  -17584.646262190785
Lr derivatives =  [-74.18714454111846, -287.2248907744788, -188.54095571195984]
other derivatives =  [677.76388096  -8.20066634 -93.08000517  60.09574281 -39.90118201
  53.62969023  -0.        ]
Current x_clock array =  [-0.56790804 -0.76548454 -0.62851444  0.44974047 -1.81508685 -0.03837172
  0.33647224 -0.1276238   0.         -0.06703092]
log likelihood =  -17555.26067456939
Lr derivatives =  [-46.57850877235959, -264.58077541999654, -118.84282789809879]
other derivatives =  [-111.64652096  -14.57988401  -74.05413635   56.81669063    0.96948155
   52.38497761   -0.        ]
Current x_clock array =  [-0.65401484 -0.76355335 -0.62062567  0.44159692 -1.77250804 -0.04231481
  0.33647224 -0.1150268   0.         -0.04307339]
log likelihood =  -17551.45783206531
Lr derivatives =  [-8.147144786436655, -225.2982139145457, 19.902429756041073]
other derivatives =  [-14.01581176   9.84699     13.49146623  44.75167952  18.02847247
  56.19525109  -0.        ]
Current x_clock array =  [-0.64363008 -0.75828104 -0.60222383  0.43285323 -1.7605334  -0.04842604
  0.33647224 -0.10942109  0.         -0.01062442]
log likelihood =  -17550.20207690689
Lr derivatives =  [1.5868292001689213, -220.48575812543027, 6.128555632074594]
other derivatives =  [ 9.11761526  5.99286795  6.05553942 40.93811003 13.28572095 56.14287147
 -0.        ]
Current x_clock array =  [-0.64117028 -0.76011417 -0.6033092   0.42520087 -1.77441228 -0.05941976
  0.33647224 -0.10240582  0.         -0.01364854]
log likelihood =  -17544.047312020375
Lr derivatives =  [31.256143449571553, -201.6905100143668, -12.26556281475392]
other derivatives =  [ 73.83950651 -15.81074321 -16.03770943  10.25696474 -10.45949163
  53.92350795  -0.        ]
Current x_clock array =  [-0.63516013 -0.76903811 -0.60627723  0.36042897 -1.84644815 -0.15398586
  0.33647224 -0.07447696  0.         -0.01774639]
log likelihood =  -17538.79003520577
Lr derivatives =  [40.424226405352854, -195.51965804917955, -39.106004126633366]
other derivatives =  [ 70.01632548  12.95657421 -13.03997124 -20.87470057 -15.25314598
  45.73815022  -0.        ]
Current x_clock array =  [-0.63679486 -0.76250675 -0.60556604  0.29281591 -1.88591656 -0.28481599
  0.33647224 -0.06254368  0.         -0.02114027]
log likelihood =  -17537.169603936905
Lr derivatives =  [2.7522870433929256, -202.7307131396897, 99.98911991715431]
other derivatives =  [  32.11958392 -184.63251763 -104.23175263  -63.79366823  -19.74255896
   29.45022425   -0.        ]
Current x_clock array =  [-0.64014906 -0.81716455 -0.62591698  0.19764704 -1.93304931 -0.61188414
  0.33647224 -0.06499779  0.          0.        ]
log likelihood =  -17530.165077481433
Lr derivatives =  [1.4595875517445478, -211.4484318572584, -64.55149737558276]
other derivatives =  [ -1.7642451  -51.56691259 -10.89552825 -60.19741704 -11.28517372
  25.57312109  -0.        ]
Current x_clock array =  [-0.64461051 -0.7783458  -0.60638786  0.20818931 -1.91938999 -0.63122334
  0.33647224 -0.06860095  0.         -0.01607932]
log likelihood =  -17527.20486032858
Lr derivatives =  [2.052980786969812, -206.35941722001883, -12.739862588544199]
other derivatives =  [ -2.74966078  29.97776755  27.33404835 -52.29864837   1.32748145
  23.40351784  -0.        ]
Current x_clock array =  [-0.64483968 -0.75589608 -0.59896821  0.23026596 -1.89401989 -0.67087909
  0.33647224 -0.07896022  0.         -0.00580007]
log likelihood =  -17523.679319972605
Lr derivatives =  [-18.332650821055445, -215.00652775030366, 3.6465691851528135]
other derivatives =  [-27.66512625  42.00790136  31.63146539 -41.43994011   9.93475516
  16.69539779  -0.        ]
Current x_clock array =  [-6.46919814e-01 -7.51635583e-01 -5.98403084e-01  2.54792097e-01
 -1.87692731e+00 -8.08977866e-01  3.36472237e-01 -9.22479266e-02
  0.00000000e+00 -9.23616195e-04]
log likelihood =  -17517.999173665485
Lr derivatives =  [5.996558863156395, -195.99401341373894, 94.9985405895859]
other derivatives =  [-35.57179662  37.64341818 -23.33496377 -12.35140371  18.73131528
   4.80009948  -0.        ]
Current x_clock array =  [-0.6477626  -0.75505435 -0.60665104  0.31198772 -1.89018533 -1.16636792
  0.33647224 -0.07739312  0.          0.        ]
log likelihood =  -17519.371591843556
Lr derivatives =  [-23.39013312563619, -218.4020050153908, -186.0726745412662]
other derivatives =  [-16.39392212 -32.81941463  46.00075772  10.11084896  -0.91050377
  -3.21353927  -0.        ]
Current x_clock array =  [-0.64458285 -0.77529777 -0.59081857  0.3521885  -1.93014654 -1.49272026
  0.33647224 -0.06832293  0.         -0.01876065]
log likelihood =  -17517.363363409226
Lr derivatives =  [-3.5623819507779757, -203.24427109995537, -84.24398477107195]
other derivatives =  [-28.93046258  12.69728818   0.2477027   -4.70049417  12.61475532
   1.7365004   -0.        ]
Current x_clock array =  [-0.64665634 -0.76209719 -0.6011428   0.32597387 -1.90408813 -1.27990832
  0.33647224 -0.07423753  0.         -0.00652697]
log likelihood =  -17516.763785758652
Lr derivatives =  [-1.345827978078745, -199.11438098781983, -55.7164956615805]
other derivatives =  [  8.03625517 -12.27061512  22.79502223  -2.25207987   7.88284111
  -0.34116186  -0.        ]
Current x_clock array =  [-0.64244727 -0.76982947 -0.59581601  0.33149785 -1.92144441 -1.40679264
  0.33647224 -0.06735684  0.         -0.00207431]
log likelihood =  -17516.569320604765
Lr derivatives =  [2.9470483157775647, -195.30546709323028, 96.17906471248716]
other derivatives =  [-0.51713869 -6.00899875 -2.80572931 -0.35012636  2.5227318  -0.70459798
 -0.        ]
Current x_clock array =  [-0.64361488 -0.76870528 -0.60034714  0.33248784 -1.93301474 -1.44429618
  0.33647224 -0.06248196  0.          0.        ]
log likelihood =  -17516.686912766618
Lr derivatives =  [5.161302878989446, -194.7496394932029, -55.52036037655689]
other derivatives =  [-11.07178832   3.66586391 -16.17879752  -0.27771603   1.37402137
  -0.42599496  -0.        ]
Current x_clock array =  [-0.644918   -0.76618075 -0.60296076  0.33137653 -1.93463327 -1.42575443
  0.33647224 -0.06131663  0.         -0.00208046]
log likelihood =  -17516.583834050514
Lr derivatives =  [3.4140974191741833, -195.18288525032352, -41.127792665059616]
other derivatives =  [-2.72148827 -3.99899    -5.60085027 -0.33686229  2.28787021 -0.64650686
 -0.        ]
Current x_clock array =  [-6.43886388e-01 -7.68179296e-01 -6.00891691e-01  3.32256299e-01
 -1.93335196e+00 -1.44043299e+00  3.36472237e-01 -6.22391650e-02
  0.00000000e+00 -4.33466657e-04]
log likelihood =  -17516.572262104884
Lr derivatives =  [3.05646805184449, -195.27670750978655, -38.084433794637626]
other derivatives =  [-1.03457933 -5.5378041  -3.46179513 -0.34707773  2.46768702 -0.69095111
 -0.        ]
Current x_clock array =  [-6.43678575e-01 -7.68581894e-01 -6.00474886e-01  3.32433525e-01
 -1.93309385e+00 -1.44338992e+00  3.36472237e-01 -6.24250047e-02
  0.00000000e+00 -1.01686583e-04]
log likelihood =  -17516.570015850746
Lr derivatives =  [2.9729306590762405, -195.29887947375857, -37.368698827275864]
other derivatives =  [-0.64168125 -5.89574847 -2.96347935 -0.34936966  2.50932779 -0.7012958
 -0.        ]
Current x_clock array =  [-6.43630201e-01 -7.68675608e-01 -6.00377865e-01  3.32474778e-01
 -1.93303377e+00 -1.44407821e+00  3.36472237e-01 -6.24682633e-02
  0.00000000e+00 -2.44567960e-05]
log likelihood =  -17516.56950062049
Lr derivatives =  [2.9528126222545126, -195.30423363390548, -37.196055493596916]
other derivatives =  [-0.54712291 -5.98186307 -2.84354974 -0.34991535  2.51933632 -0.70378471
 -0.        ]
Current x_clock array =  [-6.43618561e-01 -7.68698158e-01 -6.00354519e-01  3.32484705e-01
 -1.93301931e+00 -1.44424384e+00  3.36472237e-01 -6.24786725e-02
  0.00000000e+00 -5.87314892e-06]
log likelihood =  -17516.56937717704
Lr derivatives =  [2.947933879649213, -195.3055329014583, -37.15417235847553]
other derivatives =  [-0.5242     -6.00274507 -2.81447501 -0.35004632  2.52176117 -0.7043873
 -0.        ]
Current x_clock array =  [-6.43615739e-01 -7.68703625e-01 -6.00348859e-01  3.32487112e-01
 -1.93301581e+00 -1.44428399e+00  3.36472237e-01 -6.24811963e-02
  0.00000000e+00 -1.36740388e-06]
log likelihood =  -17516.569347458993
Lr derivatives =  [2.946755886448244, -195.30584666501233, -37.14405855434892]
other derivatives =  [-0.518663   -6.00778003 -2.80744644 -0.35007906  2.52234758 -0.70453622
 -0.        ]
Current x_clock array =  [-6.43615057e-01 -7.68704946e-01 -6.00347492e-01  3.32487693e-01
 -1.93301496e+00 -1.44429369e+00  3.36472237e-01 -6.24818057e-02
  0.00000000e+00 -2.79525142e-07]
log likelihood =  -17516.569340787166
Lr derivatives =  [2.9464912354496704, -195.3059171586118, -37.141786310525475]
other derivatives =  [-0.51741881 -6.00891508 -2.80587119 -0.35008634  2.52247957 -0.70456539
 -0.        ]
Current x_clock array =  [-6.43614904e-01 -7.68705242e-01 -6.00347185e-01  3.32487823e-01
 -1.93301477e+00 -1.44429587e+00  3.36472237e-01 -6.24819426e-02
  0.00000000e+00 -3.51223085e-08]
log likelihood =  -17516.5693398559
Lr derivatives =  [2.9464542895483845, -195.30592699976182, -37.14146909848079]
other derivatives =  [-0.5172551  -6.00907879 -2.80565291 -0.35008634  2.52249466 -0.7045728
 -0.        ]
Current x_clock array =  [-6.43614883e-01 -7.68705284e-01 -6.00347142e-01  3.32487842e-01
 -1.93301475e+00 -1.44429617e+00  3.36472237e-01 -6.24819617e-02
  0.00000000e+00 -1.00318141e-09]
log likelihood =  -17516.569339828544
Lr derivatives =  [2.946453204250517, -195.3059272888495, -37.141459780273266]
other derivatives =  [-0.51723691 -6.00907879 -2.80564927 -0.35008634  2.52249654 -0.70457027
 -0.        ]
Current x_clock array =  [-6.43614882e-01 -7.68705285e-01 -6.00347141e-01  3.32487842e-01
 -1.93301474e+00 -1.44429618e+00  3.36472237e-01 -6.24819623e-02
  0.00000000e+00 -9.21664124e-13]
log likelihood =  -17516.569320604765
Lr derivatives =  [2.9470483157775647, -195.30546709323028, 96.17942851036787]
other derivatives =  [-0.51713869 -6.00899875 -2.80572931 -0.35012636  2.5227318  -0.70459798
 -0.        ]
Current x_clock array =  [-6.43614882e-01 -7.68705285e-01 -6.00347141e-01  3.32487842e-01
 -1.93301474e+00 -1.44429618e+00  3.36472237e-01 -6.24819623e-02
  0.00000000e+00 -7.80851881e-19]
log likelihood =  -17516.569320604765
Lr derivatives =  [2.9470483157775647, -195.30546709323028, 96.17942851036787]
other derivatives =  [-0.51713869 -6.00899875 -2.80572931 -0.35012272  2.5227318  -0.70459798
 -0.        ]
Current x_clock array =  [-6.43614882e-01 -7.68705285e-01 -6.00347141e-01  3.32487842e-01
 -1.93301474e+00 -1.44429618e+00  3.36472237e-01 -6.24819623e-02
  0.00000000e+00 -1.56170542e-18]
log likelihood =  -17516.56933982853
Lr derivatives =  [2.9464532037506217, -195.30592728898296, -37.14145977598773]
other derivatives =  [-0.51723691 -6.00908243 -2.80564564 -0.3500827   2.52249843 -0.70457027
 -0.        ]
Current x_clock array =  [-6.43614882e-01 -7.68705285e-01 -6.00347141e-01  3.32487842e-01
 -1.93301474e+00 -1.44429618e+00  3.36472237e-01 -6.24819623e-02
  0.00000000e+00 -4.60832843e-13]
log likelihood =  -17516.569320604765
Lr derivatives =  [2.9470483157775647, -195.30546709323028, 96.17942851036787]
other derivatives =  [-0.51713869 -6.00899875 -2.80572931 -0.35012636  2.5227318  -0.70459798
 -0.        ]
Current x_clock array =  [-6.43614882e-01 -7.68705285e-01 -6.00347141e-01  3.32487842e-01
 -1.93301474e+00 -1.44429618e+00  3.36472237e-01 -6.24819623e-02
  0.00000000e+00 -1.75691839e-18]
log likelihood =  -17516.56933982853
Lr derivatives =  [2.946453203583232, -195.30592728902684, -37.141459774531434]
other derivatives =  [-0.51724055 -6.00908243 -2.80564564 -0.35008634  2.52249654 -0.70457279
 -0.        ]
Current x_clock array =  [-6.43614882e-01 -7.68705285e-01 -6.00347141e-01  3.32487842e-01
 -1.93301474e+00 -1.44429618e+00  3.36472237e-01 -6.24819623e-02
  0.00000000e+00 -3.04150274e-13]
log likelihood =  -17516.569320604765
Lr derivatives =  [2.9470483157775647, -195.30546709323028, 96.17942851036787]
other derivatives =  [-0.51713869 -6.00899875 -2.80572931 -0.35012636  2.5227318  -0.70459798
 -0.        ]
Current x_clock array =  [-6.43614882e-01 -7.68705285e-01 -6.00347141e-01  3.32487842e-01
 -1.93301474e+00 -1.44429618e+00  3.36472237e-01 -6.24819623e-02
  0.00000000e+00 -1.84195255e-18]
log likelihood =  -17516.56932060476
Lr derivatives =  [2.9470483157775647, -195.30546709323028, 96.17906471248716]
other derivatives =  [-0.51713869 -6.00899875 -2.80572931 -0.35012272  2.5227318  -0.70459798
 -0.        ]
Current x_clock array =  [-6.43614882e-01 -7.68705285e-01 -6.00347141e-01  3.32487842e-01
 -1.93301474e+00 -1.44429618e+00  3.36472237e-01 -6.24819623e-02
  0.00000000e+00 -1.92698837e-18]
log likelihood =  -17516.569339828526
Lr derivatives =  [2.9464532034182866, -195.30592728907047, -37.14145977311708]
other derivatives =  [-0.51724419 -6.00908243 -2.80564927 -0.3500827   2.52249843 -0.70457279
 -0.        ]
Current x_clock array =  [-6.43614882e-01 -7.68705285e-01 -6.00347141e-01  3.32487842e-01
 -1.93301474e+00 -1.44429618e+00  3.36472237e-01 -6.24819623e-02
  0.00000000e+00 -1.52076100e-13]
log likelihood =  -17516.569320604765
Lr derivatives =  [2.9470483157775647, -195.30546709323028, 96.17942851036787]
other derivatives =  [-0.51713869 -6.00899875 -2.80572931 -0.35012272  2.5227318  -0.70459798
 -0.        ]
Current x_clock array =  [-6.43614882e-01 -7.68705285e-01 -6.00347141e-01  3.32487842e-01
 -1.93301474e+00 -1.44429618e+00  3.36472237e-01 -6.24819623e-02
  0.00000000e+00 -1.94824692e-18]
log likelihood =  -17516.569320604765
Lr derivatives =  [2.9470483157775647, -195.30546709323028, 96.17942851036787]
other derivatives =  [-0.51713869 -6.00899875 -2.80572931 -0.35012636  2.5227318  -0.70459798
 -0.        ]
Current x_clock array =  [-6.43614882e-01 -7.68705285e-01 -6.00347141e-01  3.32487842e-01
 -1.93301474e+00 -1.44429618e+00  3.36472237e-01 -6.24819623e-02
  0.00000000e+00 -1.92698837e-18]
      fun: 17516.569320604765
 hess_inv: <10x10 LbfgsInvHessProduct with dtype=float64>
      jac: array([  -0.51713869,   -6.00899875,   -2.80572931,   -0.35012636,
          2.5227318 ,   -0.70459798,   -0.        ,    2.94704832,
       -195.30546709,   96.17942851])
  message: 'CONVERGENCE: REL_REDUCTION_OF_F_<=_FACTR*EPSMCH'
     nfev: 39
      nit: 18
     njev: 39
   status: 0
  success: True
        x: array([-6.43614882e-01, -7.68705285e-01, -6.00347141e-01,  3.32487842e-01,
       -1.93301474e+00, -1.44429618e+00,  3.36472237e-01, -6.24819623e-02,
        0.00000000e+00, -1.92698793e-18])
