number of sites to be analyzed:  343
log likelihood =  -4040.4584897764475
Lr derivatives =  [-21.196952941553974, -191.15242916468213, -224.18694477557]
other derivatives =  [  60.24085269  -22.18206964   43.13215504 -108.99367771  349.38197496
  -10.92992625   -0.        ]
Current x_clock array =  [-0.63592398 -0.66562915 -0.70687166  0.18232156 -0.10536052 -0.10536052
  0.33647224 -0.51082562 -0.51082562 -0.51082562]
log likelihood =  -3752.8387386397767
Lr derivatives =  [-43.41920086804349, -195.4433949094675, -216.90881466880663]
other derivatives =  [-199.12519429    2.00993509  -63.40981872  -49.76450282  231.3579316
   -7.2208436    -0.        ]
Current x_clock array =  [-0.79692075 -0.66398385 -0.82214456  0.47361275 -1.03910176 -0.07614973
  0.33647224 -0.45417568 -0.50946042 -0.50946042]
log likelihood =  -3608.454622578039
Lr derivatives =  [-21.141364394689948, -52.17181150078689, -9.117994670951141]
other derivatives =  [1224.37449954   98.78751462  -97.89428213   31.03808217  -37.36744231
    6.05898094   -0.        ]
Current x_clock array =  [-3.02897230e-01 -7.12055388e-01 -7.73580306e-01  1.16039003e+00
 -3.51749670e+00  1.31837794e-03  3.36472237e-01 -1.90548229e-01
 -1.34915678e-01 -1.18219785e-01]
log likelihood =  -3473.6760378244135
Lr derivatives =  [-3.3446847865627882, -35.920668701564765, 1.6555081382148558]
other derivatives =  [-206.4618111    19.12584821 -154.89944235   62.87116035  -43.17657794
    5.08338326   -0.        ]
Current x_clock array =  [-7.80723308e-01 -7.56499081e-01 -7.30653266e-01  1.16032986e+00
 -3.54959977e+00  3.48866802e-04  3.36472237e-01 -1.76198354e-01
 -1.33411546e-01 -1.38720387e-01]
log likelihood =  -3435.82080652077
Lr derivatives =  [15.44986052556737, -35.32911642484814, -15.645958144941599]
other derivatives =  [-126.51184534   12.35132822  -64.05266595   41.62294226   -2.30794936
    2.20471748   -0.        ]
Current x_clock array =  [-0.72551629 -0.75600039 -0.65913813  0.99559619 -3.04023835 -0.01665551
  0.33647224 -0.21638403 -0.14378972 -0.15877247]
log likelihood =  -3423.500854072646
Lr derivatives =  [33.46463487850886, -12.89723990874996, 34.72104859401584]
other derivatives =  [-18.29485882 -11.28183521  40.62856851  22.54190485  16.21717414
   2.42663646  -0.        ]
Current x_clock array =  [-0.65848401 -0.78982245 -0.57572292  0.87016758 -2.89852184 -0.02454319
  0.33647224 -0.27271155 -0.05402027 -0.09685593]
log likelihood =  -3419.811585763846
Lr derivatives =  [25.744898641675753, -15.535486111571728, 13.606543194681468]
other derivatives =  [11.1111799  -9.936678   19.63387876 20.60554925 13.53570922  2.2051895
 -0.        ]
Current x_clock array =  [-0.64015436 -0.78650555 -0.59586163  0.83402064 -2.90793053 -0.02761595
  0.33647224 -0.31008533 -0.02982675 -0.12235344]
log likelihood =  -3416.245993342918
Lr derivatives =  [-9.0453262163368, -32.92578488807277, -13.401633089176155]
other derivatives =  [52.85422412 -6.7930082   8.07497872 15.97660912 -0.40211197  2.09308064
 -0.        ]
Current x_clock array =  [-0.6158184  -0.77494467 -0.61711988  0.73711673 -2.9999268  -0.03544912
  0.33647224 -0.41096165  0.         -0.15284381]
log likelihood =  -3415.0016826236997
Lr derivatives =  [-3.1908234739029426, -28.246561856564433, -7.1958846807994785]
other derivatives =  [26.37749049  4.00967747 -8.65113134 13.32256397  1.34491572  2.01598323
 -0.        ]
Current x_clock array =  [-0.63064876 -0.75960961 -0.6325371   0.69860905 -2.98116861 -0.03990605
  0.33647224 -0.4107538   0.         -0.14545089]
log likelihood =  -3414.1677395961206
Lr derivatives =  [-4.07843010648931, -27.664943585594536, -1.1806994861782414]
other derivatives =  [ 0.12890496  6.66429332 -9.98468431  7.8358803   2.73983974  1.91130448
 -0.        ]
Current x_clock array =  [-0.64646485 -0.7524464  -0.6358287   0.63131356 -2.96585379 -0.04760675
  0.33647224 -0.4231657   0.         -0.13538321]
log likelihood =  -3413.858285443549
Lr derivatives =  [-5.342847280871723, -27.850623101048683, 2.8753521447481223]
other derivatives =  [-9.36416563  2.83892405 -4.55014697  4.29003421  1.84824446  2.03777108
 -0.        ]
Current x_clock array =  [-0.65257608 -0.75610315 -0.63107958  0.59063454 -2.98198877 -0.05356905
  0.33647224 -0.42414699  0.         -0.12936061]
log likelihood =  -3413.6539845461657
Lr derivatives =  [-3.7192421676579492, -26.93221027515409, 3.1859107547315997]
other derivatives =  [-7.96884933  0.28037903  0.12967985  1.14788872  0.83437091  2.17932484
 -0.        ]
Current x_clock array =  [-0.65265619 -0.76010355 -0.62638258  0.55629488 -3.00644971 -0.06157301
  0.33647224 -0.41465845  0.         -0.13021435]
log likelihood =  -3413.5552721808954
Lr derivatives =  [0.1530043118425075, -25.07014239929215, 0.6318577367394944]
other derivatives =  [-1.6563522  -0.42947522 -0.40818304 -0.46742298  0.08386834  2.2190402
 -0.        ]
Current x_clock array =  [-0.64970639 -0.76299363 -0.62588968  0.53824899 -3.02945698 -0.07486885
  0.33647224 -0.3992218   0.         -0.13624271]
log likelihood =  -3413.5389167421918
Lr derivatives =  [0.6206469898661462, -24.974761316584924, -0.5013171780022319]
other derivatives =  [ 0.54904922  0.1605631   0.3681339  -0.57757325 -0.16777662  2.15949012
 -0.        ]
Current x_clock array =  [-0.64858647 -0.76272634 -0.62497557  0.53704012 -3.03498069 -0.08287515
  0.33647224 -0.39635728  0.         -0.13821256]
log likelihood =  -3413.5092811486065
Lr derivatives =  [1.2871917009868188, -24.804742806523706, -1.8679098583867635]
other derivatives =  [ 3.81901282  0.75157186  0.93722929 -0.59504464 -0.4191822   1.97341524
 -0.        ]
Current x_clock array =  [-0.64684333 -0.76269099 -0.62415535  0.53688847 -3.04189425 -0.10346698
  0.33647224 -0.39246599  0.         -0.14050745]
log likelihood =  -3413.4582675821794
Lr derivatives =  [1.7956174722149543, -24.71074308893835, -3.1525763448864117]
other derivatives =  [ 6.86924795  1.16796946  1.33572712 -0.484265   -0.68121122  1.57076738
 -0.        ]
Current x_clock array =  [-0.6451479  -0.76296272 -0.62341737  0.53778102 -3.05011621 -0.14603435
  0.33647224 -0.38844988  0.         -0.14229849]
log likelihood =  -3413.377535105683
Lr derivatives =  [1.8072696389581777, -24.73306934025194, -3.5183762395920954]
other derivatives =  [ 7.81251811  1.03226057  1.05278605 -0.23998427 -0.90911363  0.85200145
 -0.        ]
Current x_clock array =  [-0.64446014 -0.76378801 -0.62327714  0.53914466 -3.0587436  -0.22444125
  0.33647224 -0.38571838  0.         -0.14178583]
log likelihood =  -3413.583838556406
Lr derivatives =  [6.468012968043395, -20.814350090773473, 5.980581682985225]
other derivatives =  [14.09158313 15.95403774  4.13739599 -1.89101956  3.31336155 -0.06922846
 -0.        ]
Current x_clock array =  [-0.64231825 -0.74556543 -0.62130469  0.52603506 -3.01859865 -0.3222301
  0.33647224 -0.38979275  0.         -0.1270443 ]
log likelihood =  -3413.363523259959
Lr derivatives =  [2.7218343507167058, -23.965192917808515, -1.7125249152578368]
other derivatives =  [ 9.06160449  3.97624262  1.67573171 -0.57030456 -0.06575167  0.65706172
 -0.        ]
Current x_clock array =  [-0.64402838 -0.76011472 -0.62287954  0.53650204 -3.05065122 -0.24415344
  0.33647224 -0.38653969  0.         -0.13881424]
log likelihood =  -3413.3060693241623
Lr derivatives =  [1.1205479391597999, -24.881493374741883, -1.743795728470415]
other derivatives =  [ 2.60129627  0.64293408  2.20049969 -0.10464828  0.04726539 -0.01428089
 -0.        ]
Current x_clock array =  [-0.64723283 -0.76389013 -0.62215117  0.54026713 -3.05141474 -0.31993281
  0.33647224 -0.38812839  0.         -0.13695989]
log likelihood =  -3413.29754342278
Lr derivatives =  [0.599530371385816, -24.90966744179871, -0.38488470530795205]
other derivatives =  [ 0.95194355 -0.22710447 -0.47733283 -0.13453064  0.11494654 -0.06030859
 -0.        ]
Current x_clock array =  [-0.64793292 -0.7645233  -0.62492162  0.5387723  -3.04869912 -0.32545275
  0.33647224 -0.39131524  0.         -0.13449189]
log likelihood =  -3413.2963222593157
Lr derivatives =  [0.04991382736646699, -25.198910138262608, -0.19571794956799415]
other derivatives =  [ 0.18958372 -0.20712741 -0.04906406 -0.06559503  0.10695307 -0.02533852
 -0.        ]
Current x_clock array =  [-0.64832262 -0.76423173 -0.6246764   0.5395104  -3.04705981 -0.31991723
  0.33647224 -0.3931405   0.         -0.13397892]
log likelihood =  -3413.2961956922372
Lr derivatives =  [0.014795065622354109, -25.200556110442626, -0.07297276727923929]
other derivatives =  [-1.29300133e-01 -4.18572199e-02 -6.59520083e-03 -5.05742719e-02
  4.01726503e-02 -4.36557457e-05 -0.00000000e+00]
Current x_clock array =  [-0.64850914 -0.76400575 -0.62462199  0.53951565 -3.04752315 -0.31726713
  0.33647224 -0.39324297  0.         -0.13383048]
log likelihood =  -3413.2961705781577
Lr derivatives =  [-0.0400789851631016, -25.222136138537902, -0.004204484411749476]
other derivatives =  [ 0.04634649 -0.02541628  0.03106561 -0.01340322  0.00518514  0.00442469
 -0.        ]
Current x_clock array =  [-0.6483963  -0.76399159 -0.62459163  0.5399339  -3.04773177 -0.31692976
  0.33647224 -0.39339231  0.         -0.13370496]
log likelihood =  -3413.2961647190523
Lr derivatives =  [-0.010308131790761621, -25.20506951689082, -0.007272961425139002]
other derivatives =  [ 0.00827458  0.00449745  0.00440423 -0.00651198 -0.00354647  0.00066302
 -0.        ]
Current x_clock array =  [-0.64841936 -0.76397094 -0.62459829  0.53997344 -3.04791942 -0.31750119
  0.33647224 -0.3932738   0.         -0.13372086]
      fun: 3413.2961647190523
 hess_inv: <10x10 LbfgsInvHessProduct with dtype=float64>
      jac: array([ 8.27458280e-03,  4.49745130e-03,  4.40422809e-03, -6.51198206e-03,
       -3.54646663e-03,  6.63021638e-04, -0.00000000e+00, -1.03081318e-02,
       -2.52050695e+01, -7.27296143e-03])
  message: 'CONVERGENCE: REL_REDUCTION_OF_F_<=_FACTR*EPSMCH'
     nfev: 25
      nit: 23
     njev: 25
   status: 0
  success: True
        x: array([-0.64841936, -0.76397094, -0.62459829,  0.53997344, -3.04791942,
       -0.31750119,  0.33647224, -0.3932738 ,  0.        , -0.13372086])
