number of sites to be analyzed:  466
log likelihood =  -12155.047576427838
Edge derivatives =  [106.25271829350667, 59.728478344214004, 39.16412971357831, 32.889230208518555, -66.7090971888088, -64.32677152391821, 104.74295298953243, 129.45882856449018, -1.4841685543538083, 3.8376469972355727, -58.20740966367541, -24.64501912676409, -46.05681707465299, -23.801296999344107, 53.62803606470556, 44.41918078162203]
other derivatives: [-113.66253602  147.85521853 -130.7035418   253.58990024 -916.21488173
  -26.17996324 -198.61293549]
Current x array =  [-0.68101872 -0.82350058 -0.66393086  0.18232156 -0.10536052 -0.10536052
  0.33647224 -2.30258509 -2.30258509 -2.30258509 -2.30258509 -2.30258509
 -2.30258509 -2.30258509 -2.30258509 -2.30258509 -2.30258509 -2.30258509
 -2.30258509 -2.30258509 -2.30258509 -2.30258509 -2.30258509]
log likelihood =  -11383.77187685393
Edge derivatives =  [92.64406763033378, 68.42560736816598, 53.10107114699092, 47.41009429264482, -44.79527592161797, -37.54212693199838, 122.43708728100263, 136.84838495422977, 10.142251543876593, 19.453186422815772, -35.26358386123762, -7.677027826513928, -30.569905144092797, -10.268470745262922, 65.81193679795639, 59.649477755410075]
other derivatives: [ 253.92851967  138.70612565   55.80118705  197.69847131 -580.55538723
  -14.35824561  -97.74272075]
Current x array =  [-0.79895641 -0.82269799 -0.79955052  0.1925085  -1.0560367  -0.13252518
  0.13038894 -2.29604545 -2.24061007 -2.29604545 -2.29604545 -2.3718033
 -2.36933137 -2.29604545 -2.29604545 -2.30412509 -2.2986031  -2.36298184
 -2.32815708 -2.35037423 -2.32728162 -2.29604545 -2.29604545]
log likelihood =  -13557.464694440638
Edge derivatives =  [99.78513980587452, 77.38497721534196, 69.38301160877359, 59.15788660227499, -9.703332403808133, -8.515113412659446, 133.2715978361169, 144.65559548135568, 37.273566115997994, 46.4907056992847, -9.805369019628023, 45.55711291435136, 5.103783696131698, 18.88160746348044, 81.99509705531938, 79.93742115031961]
other derivatives: [-2.92880897e+04 -2.64651655e+02 -7.32474873e+01 -2.32959650e+02
  1.84411952e+02  2.00418272e+01  1.00475847e+02]
Current x array =  [-0.05       -0.64625825 -0.69083429  0.3856902  -3.43049755 -0.19317318
 -0.29360935 -2.17820006 -1.98711369 -2.18190559 -2.18868353 -2.55283796
 -2.52565252 -2.07924369 -2.07838403 -2.27219821 -2.2337147  -2.50860528
 -2.3664006  -2.47420948 -2.37342902 -2.16759613 -2.17047602]
log likelihood =  -10967.455384166891
Edge derivatives =  [82.1418192202522, 73.04116067980125, 59.323502133324354, 53.48135304204427, -30.372824447742243, -23.00046477137737, 125.07284054961454, 134.57613847958856, 17.57836638331391, 26.360514921371152, -23.25189109443221, 4.9832368534195695, -18.985921157942094, -1.6208054937077967, 69.25290919921846, 63.08987074853161]
other derivatives: [-762.21114432   32.01917207   12.84436075  111.09469051 -219.48891806
   -4.93620064  -49.78106699]
Current x array =  [-0.50087853 -0.75247656 -0.75628244  0.26939307 -2.00105065 -0.15666254
 -0.03835855 -2.24914405 -2.1397208  -2.25061882 -2.25331638 -2.44385346
 -2.43154577 -2.20976031 -2.20941818 -2.29141848 -2.27277811 -2.42093865
 -2.34337765 -2.39965954 -2.34564787 -2.24492378 -2.24606995]
log likelihood =  -10796.371738047783
Edge derivatives =  [78.9426659251745, 75.72702645476907, 65.47660393349193, 58.31895270246425, -18.417622621003485, -8.869697557327397, 126.95642452934653, 132.2482030742964, 26.916639299696016, 34.128862309584136, -10.239489835138604, 16.498147735439876, -7.759989538914181, 9.447204462285848, 74.36674473447228, 69.1480761677928]
other derivatives: [327.58633461  -4.92208528  31.43922368  40.42554428  61.49097583
   5.89521551 -20.87435496]
Current x array =  [-0.76754202 -0.71477658 -0.7270742   0.34076477 -2.83747822 -0.17779206
 -0.19635157 -2.1869517  -2.02259478 -2.18973076 -2.19655668 -2.51573341
 -2.4920689  -2.09421697 -2.09286378 -2.27212726 -2.23884558 -2.47832423
 -2.35227996 -2.44776474 -2.36066774 -2.17703079 -2.18084632]
log likelihood =  -10744.184011128189
Edge derivatives =  [76.36387836204595, 74.28192897354393, 63.586396051236, 55.774484245604114, -17.801632898581637, -9.060381809665667, 119.79413886951627, 125.38323230431989, 26.56379376795674, 32.46447178853685, -10.317217047232965, 16.0945423850143, -7.047157658788162, 9.502869672177667, 70.67391772226084, 65.1608461753267]
other derivatives: [130.8948722  -26.16054917   6.37377343  36.26104444  65.47872342
   5.50426012 -24.76695954]
Current x array =  [-0.69501731 -0.70638454 -0.69990494  0.37449161 -2.87297904 -0.1768235
 -0.21311226 -2.14444159 -1.97995337 -2.1545936  -2.16498235 -2.52876517
 -2.49986487 -2.02488473 -2.02058818 -2.25872306 -2.22077306 -2.4866514
 -2.34542828 -2.4546566  -2.3575714  -2.13695095 -2.1434706 ]
log likelihood =  -10644.746064006418
Edge derivatives =  [65.76384302579943, 66.86615365987352, 54.4266231185789, 43.793155342792126, -15.018658498213055, -9.40648672272081, 85.05778851467684, 91.7974911482315, 25.53071947387991, 26.120541656054474, -10.105157191875092, 14.807875860988744, -3.8190577572054876, 10.602755033267465, 53.87648535042091, 47.78877298869731]
other derivatives: [-628.72704621  -91.89494631  -91.83136717   -1.18747266   71.14763776
    2.99900785  -41.52583278]
Current x array =  [-0.52630846 -0.70615888 -0.61544347  0.5157917  -2.95255495 -0.1704351
 -0.28679848 -1.95163841 -1.78854737 -1.99520169 -2.02330894 -2.58369129
 -2.53194389 -1.71616748 -1.69776438 -2.19645473 -2.13973289 -2.52131604
 -2.31214495 -2.48195448 -2.34090458 -1.95747753 -1.97703377]
log likelihood =  -10562.173188072227
Edge derivatives =  [59.92920325130716, 62.078556518149654, 49.317636525464835, 37.08588834194207, -13.108360941894807, -8.59506199474321, 62.93129953733643, 69.84429069836821, 25.654074924922515, 23.22549234856848, -9.250693745368437, 14.118435991005997, -1.5855177797524793, 12.211286499540792, 44.233278518908705, 38.11512579583802]
other derivatives: [-488.6317256   -93.38396012 -100.9601292   -16.9986306    68.00685738
    0.73309093  -55.05260924]
Current x array =  [-0.5544593  -0.72605277 -0.58697603  0.58849648 -2.95335446 -0.1655554
 -0.33087454 -1.83285046 -1.6714161  -1.89690564 -1.93700471 -2.61499235
 -2.54962881 -1.53059421 -1.50315214 -2.15679561 -2.08992354 -2.54071631
 -2.28998675 -2.49628376 -2.32868894 -1.84847406 -1.87637981]
log likelihood =  -10395.722463107035
Edge derivatives =  [20.90764682508881, 30.92925651291482, 14.912154668683272, 1.3086502831484879, -6.793603330716067, -5.899838628616486, -49.60725104588966, -47.82270460104878, 21.98581449692495, 8.104142867425283, -9.069515349564192, 8.823741454255783, 5.610844467423638, 16.373950203576435, -11.662914605438717, -12.49313099362223]
other derivatives: [-89.25414295  25.51002399  62.81400238 -67.41527432  -8.29665899
  -4.01794932 -84.12954776]
Current x array =  [-0.649349   -0.9031671  -0.57026002  0.85717143 -2.85527104 -0.14864185
 -0.61672615 -1.25268681 -1.09792188 -1.41886511 -1.53025089 -2.76034024
 -2.63228985 -0.69557595 -0.61954363 -1.95151897 -1.8505697  -2.63203611
 -2.17670313 -2.55353177 -2.25515158 -1.34065578 -1.412581  ]
log likelihood =  -10373.550826326618
Edge derivatives =  [18.892726962821886, 33.88447896717261, 17.33039907761939, 5.002406247646666, -4.449624701753957, -4.632718106365905, -33.255932105018424, -30.630210229034695, 25.10393467380604, 10.321856388470797, -6.6143183783868995, 11.381228346532893, 7.058354887308284, 18.5997903346567, -1.0940593554729945, -3.5834030011739992]
other derivatives: [-1.48333402e+01 -8.95555968e+00 -1.70770876e+02 -2.60593042e+01
 -1.20695415e-01  6.39545578e+00 -4.64805817e+01]
Current x array =  [-0.68452767 -0.86576231 -0.48457462  0.74705901 -2.89017801 -0.15532239
 -0.74192869 -1.23421073 -1.06111275 -1.40603886 -1.53585673 -2.769764
 -2.64138434 -0.78451949 -0.70730366 -1.92291836 -1.84273829 -2.64537765
 -2.16642153 -2.54564235 -2.23308768 -1.36723825 -1.43941529]
log likelihood =  -10357.90443001138
Edge derivatives =  [12.874532169157016, 31.760138647352356, 17.694187676071593, 7.2334702484414635, -4.063216654458088, -3.575948874644339, -14.847502796089168, -12.827024500186193, 22.86780606276241, 11.440481311420317, -4.889215287566291, 13.678038759295179, 6.640606036125114, 17.02300064285994, 7.37026869430738, 5.407180617101397]
other derivatives: [ 83.89459435 -18.47817475 -22.56697917  -3.36253652  15.28307084
  13.93144521 -16.17740054]
Current x array =  [-0.71369101 -0.84628689 -0.53771802  0.64047563 -2.9179253  -0.15667577
 -0.84911982 -1.23025169 -1.03301819 -1.40239228 -1.5501483  -2.77455664
 -2.64811534 -0.89467555 -0.81695809 -1.89434407 -1.83866895 -2.65587723
 -2.15602794 -2.53416366 -2.20888195 -1.40320205 -1.47559916]
log likelihood =  -10348.62355603911
Edge derivatives =  [2.082782464975616, 25.106351010836804, 11.724217087158587, 3.7118998189846506, -3.1222994108648385, -3.1674903773608905, -16.1739468241968, -15.249595612657275, 19.922919747394435, 8.839683762715303, -4.315623804962415, 13.449774928185855, 6.624529253987195, 15.74186927584103, 4.245915825382739, 3.4983755361458697]
other derivatives: [ 82.97774184 -14.13326027   2.0926982   15.47604734   4.48053899
  18.35236617   1.06568586]
Current x array =  [-0.71669559 -0.85754717 -0.54210783  0.59476897 -2.91313459 -0.14593014
 -0.97810342 -1.14133356 -0.91521042 -1.32456936 -1.50233648 -2.80021517
 -2.66640185 -0.8774295  -0.79161968 -1.83052584 -1.79632153 -2.67931191
 -2.12379714 -2.52856787 -2.16951667 -1.35863982 -1.43802019]
log likelihood =  -10334.713738554623
Edge derivatives =  [-8.797005727526823, 14.062858136920868, 4.77765928577845, 1.532356737596297, -2.2105782101128635, -3.198983679837531, -2.795359878706005, -1.8646034190233973, 10.099996892354179, 1.7650255389081666, -3.7018282703973635, 9.10455504095574, 3.981263197814498, 9.119466936860203, 0.3377744739778785, 1.3643419450696392]
other derivatives: [52.29123963 41.98938586 12.32001159 16.8517563  -0.6923781  18.89046689
 12.28573762]
Current x array =  [-0.70560414 -0.92148055 -0.53346375  0.61432941 -2.93286377 -0.05131432
 -1.129048   -1.04893036 -0.67841897 -1.19651258 -1.4413815  -2.84461352
 -2.70396615 -0.95444713 -0.85754674 -1.67314145 -1.71555789 -2.72861075
 -2.02937837 -2.49342432 -2.05608255 -1.30706664 -1.39470646]
log likelihood =  -10335.527497997788
Edge derivatives =  [-20.474328305413522, -5.754474250237665, -8.266062496260455, -5.258095307741971, -3.3531706929182135, -4.457309607367714, 1.058748833468576, 1.2604543827479135, -8.761777113410693, -9.903691716274198, -4.543263885469517, 0.5306994268262702, -1.704061146952155, -3.8187392604658035, -9.867350876993902, -6.865937329266396]
other derivatives: [ -35.56472802 -121.18527229   42.7275445    -1.71854117  -14.20944021
   13.644094     10.77275354]
Current x array =  [-0.68896298 -0.81886518 -0.529469    0.68598529 -2.92369441  0.0985039
 -1.23479871 -0.97822324 -0.40122146 -1.05014074 -1.36794443 -2.89561743
 -2.7510311  -0.99970499 -0.88686754 -1.49354301 -1.63260285 -2.78804752
 -1.91089167 -2.45010036 -1.92223201 -1.24519833 -1.33792582]
log likelihood =  -10330.444839964124
Edge derivatives =  [-14.676691925044846, 4.859969034107182, -1.321338250633576, -1.61103293936842, -2.7251036627767, -3.7801354424938793, -0.8379835234286017, -0.3344620005252325, 1.487263296300081, -3.7493353078686855, -4.083447946717636, 5.201694471318757, 1.330561128173973, 3.132044165604948, -4.4278859532260295, -2.458661370920684]
other derivatives: [ 11.52326331 -29.92552436  26.91671034   7.47900231  -6.78598763
  16.4078283   11.57589662]
Current x array =  [-0.69757845 -0.87199123 -0.53153716  0.64888759 -2.92844157  0.02093998
 -1.18004943 -1.01482975 -0.54473222 -1.12592041 -1.40596429 -2.86921167
 -2.72666463 -0.97627408 -0.87168757 -1.58652476 -1.67555035 -2.7572759
 -1.97223463 -2.47253005 -1.99152915 -1.27722881 -1.36732231]
log likelihood =  -10328.142523496974
Edge derivatives =  [-12.45821240157813, 3.3102006056734354, -1.170110707882217, -0.8424556640638998, -2.6666337526797084, -3.8228449553778683, 3.9622612143817797, 4.881144282655796, -1.511876738043919, -5.154351963717921, -3.979995574254716, 2.7870147389846753, 0.10860954818112879, 0.46479585308537413, -4.312455201012599, -2.545304853984379]
other derivatives: [-8.37024345 -2.48961624  3.7892205  -2.07663106 -2.30246718 12.60095087
  5.74027833]
Current x array =  [-0.6890939  -0.89826723 -0.52020963  0.68605487 -2.94780974  0.07754912
 -1.17215793 -1.03168589 -0.4879473  -1.10528668 -1.40053938 -2.88065655
 -2.73995917 -1.00702917 -0.89980865 -1.54662829 -1.66498884 -2.77335011
 -1.94024208 -2.45926011 -1.95768064 -1.27768316 -1.3658293 ]
log likelihood =  -10327.109330153082
Edge derivatives =  [-9.833870305955761, 2.905655259411313, -0.6042590855478998, -0.28378872803016575, -2.703918233100039, -3.7840266300082246, 4.823995251970424, 5.578826819661171, -2.5955879722008923, -5.109244458955707, -3.908421058002022, 1.452276176046048, -0.6181633229663486, -1.0407637387731554, -3.298254480414007, -2.0304026492455614]
other derivatives: [-12.45690146   1.67046528  -5.06514334  -7.01401586   1.20358005
   8.45028262  -1.10916956]
Current x array =  [-0.68687007 -0.90212815 -0.51666253  0.70105755 -2.95567857  0.1218001
 -1.14720834 -1.06750192 -0.4686486  -1.10519409 -1.40401087 -2.88718805
 -2.75002367 -1.01574832 -0.90645631 -1.53745153 -1.67275544 -2.78434046
 -1.92471359 -2.45348078 -1.94562354 -1.28897361 -1.37289943]
log likelihood =  -10325.592971359132
Edge derivatives =  [-7.112412827404613, 1.1049326317111847, -0.5280554289682948, -0.21588433838049045, -2.421898781772961, -3.358050501223469, 3.6352716981798547, 3.408474159495735, -3.3843614189576487, -3.6872756713402035, -3.4989635530490393, -0.14389667656767435, -1.3562208258069601, -2.8311639989695587, -0.8446360121904393, -0.47946800484387925]
other derivatives: [-10.40057214   4.36002665  -7.93155596  -5.04876334   2.31931853
   1.91361505  -9.51398617]
Current x array =  [-0.68720221 -0.90333036 -0.51622966  0.69350321 -2.95550908  0.20143752
 -1.13404614 -1.13982139 -0.4291215  -1.10299067 -1.40694654 -2.90573161
 -2.77619101 -1.0121811  -0.89834807 -1.53167949 -1.69686833 -2.81241998
 -1.89937947 -2.44842685 -1.93317688 -1.31046774 -1.38583987]
log likelihood =  -10323.700445350289
Edge derivatives =  [-4.967626810693537, -1.2138439917578783, -0.0001392309450867768, -0.000702983249104977, -1.1451733382648552, -1.800076016035284, 1.2468195289931114, -0.5693335840015672, -1.4551617939348662, 0.9462840312098576, -2.1792733881289093, -0.8374462319069612, -0.786457850079358, -2.5886878228167705, 2.731392776197262, 2.374532742579714]
other derivatives: [-8.30500539  3.75050149 -2.63347829 -6.17835576  3.83694416 -2.52493555
 -9.97218575]
Current x array =  [-0.68735385 -0.90175494 -0.51842819  0.69407123 -2.95497304  0.30571343
 -1.1944035  -1.27244588 -0.36786088 -1.09905666 -1.40947159 -2.94666386
 -2.83182538 -0.98802217 -0.87405876 -1.53966402 -1.74045339 -2.87209007
 -1.86578179 -2.45106498 -1.93452177 -1.32910216 -1.39379907]
log likelihood =  -10322.59445296735
Edge derivatives =  [-3.180000972876747, -4.556962754027243, -0.38199061714064664, -0.37207031055119943, 0.04632594090506037, -0.24912688945369557, 0.2599488064476892, -2.010457223891555, -1.8649426697141223, 1.8239637644981184, -1.382593088780826, -2.3602254285489663, -0.44560697354714396, -1.7754040746996416, -0.7641120697580945, -0.9941791157050786]
other derivatives: [44.22315214  6.55131225  5.65508708  3.89637353 -6.74731589 -5.91951175
 -9.45358634]
Current x array =  [-0.70609159 -0.89898196 -0.52190564  0.65921851 -2.91542556  0.41865736
 -1.30116097 -1.47762999 -0.3021048  -1.0822228  -1.40699568 -2.99818918
 -2.90570245 -0.96315843 -0.8762446  -1.52635497 -1.7395485  -2.95709119
 -1.82057735 -2.44791241 -1.93781173 -1.29585215 -1.35353447]
log likelihood =  -10322.14093712669
Edge derivatives =  [-1.47003883380636, -2.2613438686694485, 2.1275325893927004, 0.8609879057156202, 0.8858004132036489, 0.8011208831990124, 1.4121024549155354, -1.0442360222739624, 1.8654285606479026, 5.134188474903842, -0.5211789191232866, -0.5662887488532676, 0.8448788817259802, 0.8979332758342097, 1.5501559827527398, 0.8925529553186382]
other derivatives: [-30.30067819  -4.90603816  -3.85114799  14.01543523  -4.83201701
  -3.73447619  -3.30764444]
Current x array =  [-0.68238618 -0.88853721 -0.52599735  0.62836881 -2.91250122  0.44431625
 -1.35985449 -1.6065436  -0.32658898 -1.1088644  -1.42708933 -3.01587685
 -2.9371233  -0.95901695 -0.88880069 -1.56042164 -1.7651726  -2.99251304
 -1.82271649 -2.45532334 -1.96742373 -1.30715432 -1.35923338]
log likelihood =  -10321.634876549671
Edge derivatives =  [-2.5259266970282965, -2.1025983321119246, 1.2714313282587708, 0.5072883185846491, 0.6340366652099058, 0.4912812380107776, 1.1490421656649659, -0.8751824409901353, 1.065033328145834, 3.795504746056846, -0.7901638913291849, -0.6111672473218087, 0.765343142103386, 0.7307956740345366, -0.037066473243170306, -0.20279627888075213]
other derivatives: [-2.09079008 -0.57907528  1.516868    5.8929636  -4.29485283 -2.31237573
 -2.45915135]
Current x array =  [-0.69076334 -0.89311517 -0.52443612  0.65248994 -2.91727065  0.41698173
 -1.35513841 -1.55353971 -0.32550611 -1.09801787 -1.4182633  -3.00811187
 -2.92374253 -0.95694276 -0.88460759 -1.55006039 -1.74863114 -2.97844591
 -1.82701325 -2.45453608 -1.96147366 -1.29456661 -1.35095426]
log likelihood =  -10321.476787144671
Edge derivatives =  [-2.6461695421713936, -1.7632801172944936, 1.2406846182943658, 0.6077289158064012, 0.7158020503911231, 0.6100795585494326, 1.7054788449433174, 0.03470730533421218, 1.0170996924721751, 3.391256738746054, -0.704511414047377, -0.48247518395731326, 0.9213199040974197, 1.073035850222843, -0.8030732128548383, -0.706839592274883]
other derivatives: [ 4.08906089 -0.02374327  3.38641439  1.78835035 -3.16266271 -1.12976704
 -0.56551174]
Current x array =  [-0.69246595 -0.89408415 -0.52398227  0.6641995  -2.92082346  0.4142284
 -1.37637224 -1.56417173 -0.32254582 -1.09300961 -1.41592475 -3.01110714
 -2.92789252 -0.95519861 -0.88845902 -1.54596724 -1.73949947 -2.98491246
 -1.82526447 -2.45400853 -1.96152263 -1.28580939 -1.34344476]
log likelihood =  -10321.331061224104
Edge derivatives =  [-2.160380612593644, -0.9890464479681811, 1.327841826516207, 0.7429918264177112, 0.8770854381852828, 0.8417148958599405, 1.670089110776024, 0.5699774677872254, 1.0116210767968947, 2.629559571938411, -0.4836598429484293, -0.3736185060533609, 1.0420566411521535, 1.4996442495213418, -1.4384451505444298, -1.2472028174971128]
other derivatives: [ 5.89620322 -0.61819264 -4.70550913 -0.7597846  -2.1476297  -0.41233579
  0.887294  ]
Current x array =  [-0.69321951 -0.89408903 -0.52051181  0.67225038 -2.92432043  0.42225517
 -1.40807092 -1.60736061 -0.31917015 -1.08583964 -1.41338958 -3.01796875
 -2.9390423  -0.94632524 -0.89180429 -1.54089539 -1.72526271 -3.00223547
 -1.82050279 -2.45156407 -1.96138328 -1.27657159 -1.33412387]
log likelihood =  -10321.382572188078
Edge derivatives =  [-1.1882754976310212, -0.3766991803782134, 1.2009692939289358, 0.8358445426956351, 0.9268604866791196, 1.1811770855502313, 1.6824752253954034, 1.4930979398435247, 0.0361164823445346, 0.7576876979694596, -0.09882969184770377, -0.3086559542011403, 0.8517405214030979, 1.373533055927067, -2.1831650261914604, -1.7431659928311523]
other derivatives: [-0.9802352   4.18822674 27.43316873 -5.34608625  1.56155777  0.04097819
  2.2720425 ]
Current x array =  [-0.68928542 -0.89912487 -0.53179685  0.6802404  -2.93313217  0.44217513
 -1.4566422  -1.6991447  -0.31694484 -1.07482719 -1.41093555 -3.02886279
 -2.958765   -0.93263005 -0.90188233 -1.53172889 -1.69912561 -3.03505702
 -1.81175867 -2.44483335 -1.95891145 -1.26637049 -1.32251698]
log likelihood =  -10321.263459890544
Edge derivatives =  [-1.7320487487510412, -0.7129984556923633, 1.2812155763189215, 0.7872677836188201, 0.9005575211189667, 0.9913448809033645, 1.6889106528611644, 0.9724381447627068, 0.5977253377136503, 1.8401507520712084, -0.3128956491905675, -0.3395221254123174, 0.9629599122915059, 1.4495346778826437, -1.749138161465666, -1.4504615397275793]
other derivatives: [ 2.96530743  1.45863487  9.20778984 -2.72527905 -0.54026738 -0.21901906
  1.49676138]
Current x array =  [-0.69153509 -0.89624517 -0.5253436   0.67567138 -2.92809325  0.43078408
 -1.42886714 -1.64665878 -0.31821736 -1.08112456 -1.41233886 -3.02263313
 -2.94748675 -0.94046152 -0.89611929 -1.53697067 -1.71407188 -3.01628831
 -1.81675891 -2.44868225 -1.96032495 -1.2722039  -1.32915428]
log likelihood =  -10321.185487154087
Edge derivatives =  [-1.162483246923019, 0.07896842826880424, 1.3384894527310127, 0.8333517716253843, 0.905993727964006, 1.0466373818129355, 1.2077713558181047, 0.9211386626975571, 0.43814771372075345, 0.9916356008674075, -0.17833042611368274, -0.26202652287969674, 0.8489307317015947, 1.436981892328711, -1.6263263677524162, -1.4531959338854485]
other derivatives: [-0.01539775  0.71928662  1.3159588  -2.13061503  0.15442034 -0.37653081
  1.32101565]
Current x array =  [-0.69086511 -0.89580311 -0.52276472  0.67442862 -2.93063729  0.43625802
 -1.4392318  -1.67845678 -0.32117114 -1.07722751 -1.41117368 -3.02430642
 -2.95195058 -0.93303805 -0.89740527 -1.53424531 -1.70338219 -3.02623929
 -1.81524867 -2.44549123 -1.95866492 -1.2711305  -1.32722442]
log likelihood =  -10321.128069139511
Edge derivatives =  [-0.6486281110990142, 0.737921472023677, 1.169960426601906, 0.7327175008863275, 0.7920069798652807, 0.9829095520734641, 0.39718386077604556, 0.49808729763470816, -0.009194412852865819, -0.10804970243380504, -0.07989742762303842, -0.22486767747209754, 0.5390022631327726, 1.0332349772467135, -1.1244307245074308, -1.1470467546811367]
other derivatives: [-2.61747482 -0.19221807 -2.85072383 -0.67499423  0.78865176 -0.92594382
  0.38503598]
Current x array =  [-0.69027743 -0.89517123 -0.52158979  0.67020732 -2.93318047  0.43905648
 -1.43896488 -1.70253006 -0.32579788 -1.07263314 -1.4092301  -3.02263109
 -2.95192477 -0.92555204 -0.89703874 -1.53101871 -1.69240202 -3.03232223
 -1.81523635 -2.44113944 -1.95440852 -1.27397997 -1.32906094]
log likelihood =  -10321.09667110783
Edge derivatives =  [-0.511156123225976, 1.0571920960576144, 0.8763324534905532, 0.5680026958862734, 0.6543589882523243, 0.8608527998180316, -0.12324634344840724, 0.14197422292991213, -0.25080411420065385, -0.6938549573729658, -0.01764045871210157, -0.08061108284731511, 0.2802642160389083, 0.602570994608788, -0.37540175862062697, -0.5130209827169078]
other derivatives: [-1.52644861 -0.66502071 -2.02492447  0.18287574  1.08424187 -1.07039705
 -0.05066962]
Current x array =  [-0.69067188 -0.89469133 -0.52196861  0.66724847 -2.9342008   0.43400289
 -1.43326801 -1.70802061 -0.32981083 -1.06907136 -1.40710946 -3.01806763
 -2.94691514 -0.9221376  -0.8959228  -1.5303462  -1.68743678 -3.03201808
 -1.81764174 -2.43808727 -1.9503703  -1.27911835 -1.33395571]
log likelihood =  -10321.080129892336
Edge derivatives =  [-0.6259974989654158, 0.32763803546976983, -0.23930954174992067, -0.020502488628355048, 0.45476411955904494, 0.6069390909257447, -0.987836482474671, -0.5887955323022362, -0.8320901031624914, -1.4100354289336319, 0.008865487266394793, -0.2930350506850097, -0.20367517781623534, -0.34289066762452536, -0.06172803158729223, -0.20523370629990087]
other derivatives: [-3.6889378   2.82341534 -1.84176679  0.79521487 -1.4966119  -1.28304418
 -0.7023325 ]
Current x array =  [-0.69011037 -0.89840091 -0.52156498  0.66755574 -2.92841109  0.42832753
 -1.43011845 -1.71764662 -0.32041795 -1.05595859 -1.39909614 -3.01182335
 -2.93918164 -0.91737516 -0.89287597 -1.5254585  -1.68163253 -3.03452355
 -1.81659335 -2.43229911 -1.93982087 -1.28125937 -1.33676857]
log likelihood =  -10321.04963690853
Edge derivatives =  [-0.5669064078773647, 0.7343879333834529, -0.32687112792419326, -0.03915389441183295, 0.3483891561436358, 0.4944516749308049, -0.757016043867353, -0.4058251775893642, -0.1810157187826142, -0.8362130640951047, 0.16247750337431693, 0.28389890230837234, -0.2744975961154928, -0.5158075223803373, 1.3956107232258297, 1.213492553442059]
other derivatives: [ 1.63449113 -1.47697756  1.73613626  0.28936847 -0.0595672  -0.437165
  0.32663519]
Current x array =  [-0.69174572 -0.89407288 -0.52298766  0.66684632 -2.93058231  0.41180814
 -1.42631052 -1.72466874 -0.32567268 -1.05468865 -1.39774519 -3.00281476
 -2.92842743 -0.91882868 -0.89374784 -1.53312406 -1.68759919 -3.03196406
 -1.82281306 -2.43055146 -1.93842964 -1.29041131 -1.34646131]
log likelihood =  -10321.03664718298
Edge derivatives =  [-0.5652874070686473, 0.5755855783345426, -0.16657827572220574, 0.05522124801834724, 0.41091343092574584, 0.5388283545911586, -0.4185018993661509, -0.154858483201846, 0.007448420533602257, -0.4632818941554844, 0.13223931332255823, 0.20718394803381626, -0.1489511202475725, -0.2953771273936421, 0.9863922902044036, 0.8705936641070189]
other derivatives: [ 0.9546402  -0.01761146  0.76647302  0.03097557 -0.18156632 -0.34516052
  0.52368724]
Current x array =  [-0.69145661 -0.89531506 -0.52262431  0.6679535  -2.93026831  0.41330197
 -1.42920405 -1.72590413 -0.32268954 -1.05586513 -1.39832165 -3.00405711
 -2.92977677 -0.92080914 -0.8946881  -1.53381549 -1.69075117 -3.03273616
 -1.8214992  -2.43175551 -1.94020716 -1.2874177  -1.34372399]
log likelihood =  -10321.021214545292
Edge derivatives =  [-0.5429094385867264, 0.10815602614012465, -0.2497807714818462, 0.02332026930441103, 0.38675969773547286, 0.4752859448044998, -0.08203389191506816, 0.06028913485378312, 0.14342192995879754, -0.03907031832428798, 0.06774286316249656, 0.04794045204303865, -0.11285583323500621, -0.24155990660899931, 0.29778020733217775, 0.3126533110823806]
other derivatives: [-1.55220732 -0.50184644 -0.07052586 -0.48481706 -0.4752358  -0.17920138
  0.62556681]
Current x array =  [-0.69073365 -0.89523669 -0.5221849   0.66994458 -2.92977238  0.41030531
 -1.43109954 -1.73420433 -0.31550539 -1.05394008 -1.39644877 -3.00157996
 -2.92654902 -0.92307207 -0.89559696 -1.53444992 -1.69507024 -3.03420811
 -1.81986566 -2.43185081 -1.9403195  -1.28266513 -1.33987548]
log likelihood =  -10321.017650109272
Edge derivatives =  [-0.2156581687263484, -0.14317432921512735, -0.21869845037135874, 0.05786152072616432, 0.327772921299332, 0.371969432210693, 0.28552567791955763, 0.3535792511425762, 0.39452678259035745, 0.3988727992585678, 0.04426876814459544, -0.06449293659434793, -0.11579103031576089, -0.183152034502407, -0.2111754689969101, -0.09601304569069002]
other derivatives: [ 5.91610478  2.48678043 -0.5018228  -0.72768489 -0.24867386 -0.0709606
  0.49062718]
Current x array =  [-0.69301581 -0.89737144 -0.52167042  0.67019983 -2.93050464  0.40521805
 -1.43278076 -1.75692508 -0.30760537 -1.05043655 -1.3933109  -2.9961138
 -2.92037147 -0.92416458 -0.89687083 -1.53557183 -1.6990412  -3.03827954
 -1.81827723 -2.43067558 -1.93967798 -1.27825895 -1.33631252]
log likelihood =  -10321.005784993336
Edge derivatives =  [-0.2068017646668798, -0.15466049263949527, -0.29837935607701116, 0.0030614847695102365, 0.2525639333832717, 0.28837799377365825, 0.24514333642875447, 0.27705505095805943, 0.3957763048742381, 0.43337663718120123, 0.03360280549375528, -0.01681279494216259, -0.1759369430673444, -0.30096342054430336, -0.04521829369787833, 0.04725944877058291]
other derivatives: [ 0.1189419   0.57499165 -0.48480797 -0.32471144 -0.03017976 -0.04354661
  0.38701825]
Current x array =  [-0.69123757 -0.89603434 -0.52195672  0.66911562 -2.93125984  0.40091407
 -1.42846444 -1.7569376  -0.30861226 -1.05036706 -1.3928071  -2.99293248
 -2.9164057  -0.92479662 -0.89669184 -1.536715   -1.70036109 -3.0365943
 -1.81968319 -2.43027799 -1.9392075  -1.27998681 -1.33818546]
log likelihood =  -10321.00295754748
Edge derivatives =  [-0.11954550845564166, -0.08592453500648634, -0.3293652827680817, -0.02518683872115554, 0.19168885789719067, 0.22809265092118106, 0.14317329101264648, 0.19161173684951044, 0.33574265612131937, 0.3287294581396626, 0.033440500822391736, 0.0022585663668873157, -0.23544038930905467, -0.3819755033487709, 0.057382261323910055, 0.11939807805545083]
other derivatives: [-7.31628461e-01 -1.09430403e-02 -3.98760676e-01  6.96672942e-04
  2.00092086e-01 -1.03005732e-01  1.73305374e-01]
Current x array =  [-0.6909988  -0.89555458 -0.52208241  0.66797574 -2.93198872  0.39860806
 -1.42587344 -1.76069095 -0.30936984 -1.04986904 -1.39218391 -2.99062122
 -2.91378534 -0.92425732 -0.89647048 -1.53679772 -1.69981129 -3.03647599
 -1.82035133 -2.42965842 -1.93868437 -1.28087091 -1.33904468]
log likelihood =  -10321.000729088357
Edge derivatives =  [-0.005826176645304687, -0.03307181433534584, -0.27783248479130374, -0.025976117757982087, 0.13016094922178428, 0.17170991743561162, 0.06100616752189847, 0.11378305189890042, 0.23405107474266237, 0.2092132726584784, 0.025408221413446806, -0.0025120773612014313, -0.2431261290834167, -0.34272772189901163, 0.019550859374239282, 0.059898898869631734]
other derivatives: [-0.54892007 -0.19271465  0.52973155  0.12185046  0.35943213 -0.14179386
 -0.01445555]
Current x array =  [-0.69103813 -0.89534413 -0.52247242  0.66726345 -2.93229904  0.39664419
 -1.42443278 -1.76659001 -0.30973317 -1.05015632 -1.39173609 -2.98837752
 -2.9113383  -0.92361992 -0.89624949 -1.5363766  -1.69896932 -3.03699162
 -1.82063313 -2.42968734 -1.93936348 -1.28073781 -1.33881488]
log likelihood =  -10321.00044915322
Edge derivatives =  [0.14358756466267886, 0.17095785327334906, -0.11995472261769063, -0.0009283083531115288, 0.04131924843003907, 0.07166984246569394, -0.06787796074939595, -0.016340083859186172, 0.13296654075986836, 0.03649320055185987, 0.016683175623293724, 0.029533871477935625, -0.2007034708720442, -0.1666613652243478, 0.11315036301366871, 0.07449839604664307]
other derivatives: [ 0.19548497 -0.72601324 -2.77790605  0.46407149  0.2724164  -0.12286182
 -0.21801846]
Current x array =  [-0.69141979 -0.89474068 -0.52141466  0.66641207 -2.93188879  0.39217567
 -1.42127804 -1.77173786 -0.3111522  -1.05151024 -1.39125165 -2.98439771
 -2.90668635 -0.92290861 -0.89547626 -1.53563606 -1.69769201 -3.03651866
 -1.82172202 -2.43043189 -1.94112115 -1.28144432 -1.3393278 ]
log likelihood =  -10320.998152158736
Edge derivatives =  [0.10024548213958576, 0.07485669995976935, -0.11085423032351513, -0.004799912141536022, 0.04606243313069123, 0.08623731351662048, -0.059284609644543906, -0.030162219488656106, 0.06392196725579061, 0.024561193395224, 0.007279630886535035, 0.0018948165993895039, -0.1720986970960033, -0.12552140391857278, 0.000567362216902012, -0.013336145368985114]
other derivatives: [ 0.22292079 -0.39775841 -0.0445616   0.19300205  0.18131626 -0.11656084
 -0.17044034]
Current x array =  [-0.69131845 -0.89503231 -0.52235107  0.66693193 -2.93141028  0.39309849
 -1.42213653 -1.77069202 -0.31082188 -1.05211114 -1.39154473 -2.98511743
 -2.90750287 -0.92302808 -0.89543287 -1.53520879 -1.6975894  -3.03659942
 -1.82136528 -2.43097937 -1.94179668 -1.28081734 -1.3386627 ]
log likelihood =  -10320.997607980189
Edge derivatives =  [0.07199484843955761, 0.046537443956336355, -0.07411673286894185, 0.004703804864275657, 0.04967961635390955, 0.08901455706055295, -0.03457537795830151, -0.02640664213245264, 0.051476286388627474, 0.043140762604552435, 0.0024110096855845253, -0.0020988944316719382, -0.13252587257855675, -0.05585276716089824, -0.03317254177967127, -0.04200694329591462]
other derivatives: [ 0.12123564 -0.2076813   0.27528768  0.06190203  0.04606769 -0.07423296
 -0.09816844]
Current x array =  [-0.69125993 -0.89519107 -0.5224618   0.6673574  -2.93090343  0.39301573
 -1.42247339 -1.76939274 -0.31073168 -1.05278734 -1.39176005 -2.98524126
 -2.90754737 -0.92329115 -0.89535141 -1.53502616 -1.69774409 -3.03633568
 -1.82134186 -2.43157678 -1.94251291 -1.28062392 -1.33845773]
log likelihood =  -10320.997191319697
Edge derivatives =  [0.05285778437746691, 0.0614784369391384, -0.0027896991845747787, 0.018613936357707167, 0.03214233882430758, 0.06732487719953995, -0.026561720609858064, -0.04276566077546101, 0.01462324227426462, 0.021885268135763553, -0.002254564686713728, 0.011271934436095643, -0.07395652617290832, 0.05067240730267064, 0.0016799200728437325, -0.017357899207370492]
other derivatives: [-0.04731191  0.0395612   0.16281774 -0.01498302 -0.09952501 -0.00543696
 -0.03331755]
Current x array =  [-0.69118585 -0.89537775 -0.52244629  0.66766811 -2.93034097  0.39167035
 -1.42188589 -1.76768651 -0.3111403  -1.05394834 -1.39192287 -2.98441605
 -2.90636021 -0.9235557  -0.89509882 -1.5346815  -1.69760998 -3.03557061
 -1.82172993 -2.43258818 -1.94358442 -1.28092981 -1.33874332]
log likelihood =  -10320.997061409751
Edge derivatives =  [0.022314860188416913, 0.0430352513601181, 0.018570509730873375, 0.024795381058030558, 0.02873578810510337, 0.06144890571532434, 0.013186171497827304, -0.011605544581971827, 0.008072868441731246, 0.024779064754598512, -0.00493358997704809, 0.012631220945540422, -0.04261945229231283, 0.07407703073550392, 0.01564431833374591, 0.004377766873524369]
other derivatives: [ 0.06796836 -0.18622995  0.08054121 -0.07682502 -0.05436493  0.02953675
  0.02181344]
Current x array =  [-0.69123229 -0.89519614 -0.52239391  0.66784542 -2.9304954   0.39134022
 -1.42177365 -1.76568945 -0.31105966 -1.0544138  -1.39199854 -2.98425309
 -2.90593328 -0.92389516 -0.89517069 -1.53456695 -1.69765275 -3.03508205
 -1.82182749 -2.43325397 -1.94372838 -1.28102202 -1.33892181]
log likelihood =  -10320.99698663581
Edge derivatives =  [0.012046952067756439, 0.023760165721753934, 0.03850842743933064, 0.030942583371813076, 0.01930085333969754, 0.04432928971546651, 0.06467330069294724, 0.04218705153341584, 0.015111283901017236, 0.02724827077334044, -0.006865439296862896, 0.006749953764527944, -0.010333289578400323, 0.07679893778070992, 0.026539269889080785, 0.026971863286570363]
other derivatives: [-3.41537088e-01  1.85749741e-01 -3.27019734e-01 -9.82254278e-05
  4.78680617e-02  5.52045094e-02  4.67597498e-02]
Current x array =  [-0.69109201 -0.89555468 -0.52223816  0.66773322 -2.93102093  0.39082504
 -1.42158906 -1.76468401 -0.31056586 -1.05460468 -1.39181759 -2.98367096
 -2.90492858 -0.92418937 -0.89536884 -1.53444964 -1.69764238 -3.03479465
 -1.82185811 -2.43399999 -1.94346748 -1.28101902 -1.33908637]
log likelihood =  -10320.996914395539
Edge derivatives =  [0.015647203382005065, 0.021757328669500475, 0.029200072614908035, 0.025457407519173386, 0.01581732738976551, 0.0426203645274409, 0.04771425779464222, 0.028372650342469496, 0.004361740247083301, 0.013071996047389789, -0.0072463668579896, 0.005347274667753421, -0.0181320858071191, 0.06253883327540505, 0.023906329114896152, 0.023688949031780066]
other derivatives: [-0.06594382  0.01979424 -0.10328222  0.00063847  0.06212666  0.04192589
  0.02411844]
Current x array =  [-0.69118572 -0.89540143 -0.52231009  0.66765646 -2.93103453  0.39088017
 -1.42149819 -1.76495939 -0.3106151  -1.05452137 -1.39178016 -2.98363435
 -2.90489879 -0.92407749 -0.89533769 -1.53443427 -1.69754497 -3.03485188
 -1.82185842 -2.43392652 -1.9433691  -1.28102101 -1.33907635]
log likelihood =  -10320.996888446896
Edge derivatives =  [0.014410362964561912, 0.012206674397646555, 0.019964778424832796, 0.020154608272378333, 0.01305470547861582, 0.0399099159041389, 0.0400195074254292, 0.0246596558851489, -0.0013881990936557287, 0.004003229645008349, -0.007897030974264488, 0.001443575096190891, -0.020469830067764733, 0.04615738729511967, 0.018977167985691268, 0.02116925701883579]
other derivatives: [ 0.04859248 -0.01936314  0.0258442   0.01355693  0.07523827  0.0323962
  0.00954116]
Current x array =  [-0.69122435 -0.89537017 -0.52234653  0.66759126 -2.93109654  0.39095632
 -1.42146105 -1.76496865 -0.31052789 -1.05443428 -1.39171324 -2.9835835
 -2.90478996 -0.92401728 -0.89534436 -1.53441003 -1.69747669 -3.03488184
 -1.82183326 -2.43397275 -1.94318442 -1.28099069 -1.33906503]
log likelihood =  -10320.996862903768
Edge derivatives =  [0.009548610244118905, -0.002865611361076048, 0.00920826608728248, 0.01267206822338754, 0.0089881173516781, 0.03492337361545849, 0.029646571489817697, 0.019034107153980573, -0.008134068447098713, -0.00646288384532992, -0.009240979797691624, -0.004228759095448703, -0.019438585038050613, 0.027405763586373838, 0.011450687019621875, 0.016819858190224024]
other derivatives: [ 0.08428651 -0.03480636  0.11422344  0.03004243  0.07068686  0.02332308
 -0.00500111]
Current x array =  [-0.69123931 -0.89536699 -0.52236765  0.66754117 -2.9311244   0.39102232
 -1.42140721 -1.76480437 -0.31038838 -1.05436072 -1.39161868 -2.98348169
 -2.90456756 -0.92395108 -0.8953404  -1.53436852 -1.69740193 -3.03488162
 -1.82181019 -2.43411665 -1.94294771 -1.28094638 -1.33905148]
log likelihood =  -10320.996831496426
Edge derivatives =  [0.0005753945138820826, -0.02098315043108273, -0.002199326200669871, 0.0028812017933661505, 0.003623885110952199, 0.027083330361014575, 0.013331378156366314, 0.008582911386871506, -0.013056150624507684, -0.01564560153439884, -0.011245584451827627, -0.010756934286911907, -0.013336906328984197, 0.00702871778704281, 0.0016715528489570919, 0.009648148214815938]
other derivatives: [ 0.10437725 -0.00738328  0.10476288  0.03483183  0.03119155  0.01536318
 -0.01888309]
Current x array =  [-0.69125143 -0.89540443 -0.52235008  0.66756321 -2.93105723  0.39107871
 -1.42133469 -1.76439987 -0.31021918 -1.05431336 -1.39149152 -2.98331207
 -2.90417918 -0.92386232 -0.89530321 -1.53432463 -1.69734541 -3.03484255
 -1.82180791 -2.43438981 -1.94265107 -1.28088864 -1.3390286 ]
log likelihood =  -10320.996985194206
Edge derivatives =  [-0.007640023366234483, -0.035374010240144804, -0.03165662964003152, -0.018165653455190084, -0.005681503794382765, 0.01659865645815886, -0.03991639136409714, -0.03401566741364481, -0.026615236905376954, -0.032700047477922406, -0.013524448109774254, -0.014653929308641428, -0.01647565774812819, -0.03176879099929156, -0.020148776625878217, -0.01823231249390142]
other derivatives: [-0.81229518 -0.43093678  0.11136035  0.00838918 -0.03185173 -0.00484215
 -0.04707914]
Current x array =  [-0.69098539 -0.89512207 -0.52237095  0.66770859 -2.9308977   0.39133013
 -1.42129483 -1.76437765 -0.31028645 -1.0541941  -1.39134496 -2.98315119
 -2.90372166 -0.9235839  -0.8951755  -1.5343458  -1.69729483 -3.03495167
 -1.82187018 -2.43457119 -1.94227483 -1.28082139 -1.33892058]
log likelihood =  -10320.996826840103
Edge derivatives =  [-0.0006269896367578909, -0.0230893112348331, -0.006510674944666506, -0.00019918851995376352, 0.002261943669395146, 0.025549169237903013, 0.005537951523502449, 0.002347777891371472, -0.015040737247029062, -0.01814177404895556, -0.011579156919372516, -0.011327339303321332, -0.013796192568946514, 0.0013510695343448842, -0.001522165840757539, 0.005567425751831112]
other derivatives: [-0.02975867 -0.06935625  0.10572694  0.03095738  0.02196291  0.01240551
 -0.02301046]
Current x array =  [-0.69121248 -0.8953631  -0.52235313  0.66758449 -2.93103388  0.39111551
 -1.42132886 -1.76439662 -0.31022903 -1.0542959  -1.39147007 -2.98328852
 -2.90411221 -0.92382156 -0.89528452 -1.53432773 -1.69733801 -3.03485852
 -1.82181702 -2.43441636 -1.942596   -1.28087879 -1.33901279]
      fun: 10320.996826840103
 hess_inv: <23x23 LbfgsInvHessProduct with dtype=float64>
      jac: array([ 0.02975867,  0.06935625, -0.10572694, -0.03095738, -0.02196291,
       -0.01240551,  0.02301046,  0.00062699,  0.02308931,  0.00651067,
        0.00019919, -0.00226194, -0.02554917, -0.00553795, -0.00234778,
        0.01504074,  0.01814177,  0.01157916,  0.01132734,  0.01379619,
       -0.00135107,  0.00152217, -0.00556743])
  message: 'CONVERGENCE: REL_REDUCTION_OF_F_<=_FACTR*EPSMCH'
     nfev: 49
      nit: 44
     njev: 49
   status: 0
  success: True
        x: array([-0.69121248, -0.8953631 , -0.52235313,  0.66758449, -2.93103388,
        0.39111551, -1.42132886, -1.76439662, -0.31022903, -1.0542959 ,
       -1.39147007, -2.98328852, -2.90411221, -0.92382156, -0.89528452,
       -1.53432773, -1.69733801, -3.03485852, -1.82181702, -2.43441636,
       -1.942596  , -1.28087879, -1.33901279])
