number of sites to be analyzed:  581
log likelihood =  -7256.059908389723
Lr derivatives =  [-164.4626191718959, -446.0741775781796, -418.38473822815774]
other derivatives =  [ 136.67954772  -33.84088541  101.17095917 -106.95200763  550.43129214
  -14.9444104    -0.        ]
Current x_clock array =  [-0.60690106 -0.77150709 -0.5376643   0.18232156 -0.10536052 -0.10536052
  0.33647224 -0.51082562 -0.51082562 -0.51082562]
log likelihood =  -6853.797975196037
Lr derivatives =  [-8.662402750630719, -357.79209497016666, -359.62383251610896]
other derivatives =  [-462.07283867   -2.3109742  -228.9516442   -40.86722129  371.40159621
   -9.73717306   -0.        ]
Current x_clock array =  [-0.83141812 -0.77032191 -0.70385307  0.35800658 -1.00952808 -0.08081204
  0.33647224 -0.24067062 -0.50998651 -0.50998651]
log likelihood =  -6411.00378500787
Lr derivatives =  [169.8072029387248, -63.593660583101666, -64.38371871144025]
other derivatives =  [ 235.58307112  122.86086348 -292.91474038   45.65787367   66.08933609
   11.4710092    -0.        ]
Current x_clock array =  [-0.5801797  -0.77881549 -0.64541777  0.6152992  -2.51536037 -0.04031895
  0.33647224  0.09386793 -0.27394519 -0.26140796]
log likelihood =  -6431.387173856643
Lr derivatives =  [49.4224837441318, -82.98260183743946, -5.012213231190032]
other derivatives =  [-278.8345455   -68.55667743  864.17570219   45.75597632  -31.20151321
   25.31581049   -0.        ]
Current x_clock array =  [-0.75307366 -0.91411325 -0.30351531  0.62270653 -2.92596193 -0.04357006
  0.33647224 -0.01822971 -0.15075202 -0.13357164]
log likelihood =  -6353.936108178081
Lr derivatives =  [85.31190872009874, -87.34140188274982, -48.656673674923596]
other derivatives =  [-41.12519127  17.92346302  51.22271978  48.07241203  13.53063517
  17.67065442  -0.        ]
Current x_clock array =  [-0.66325152 -0.84382314 -0.48114101  0.61885826 -2.71264556 -0.04188104
  0.33647224  0.04000743 -0.21475353 -0.19998537]
log likelihood =  -6341.178112100437
Lr derivatives =  [80.69490741019118, -77.23480447598692, -22.185545256602317]
other derivatives =  [-3.12578959 -8.07087963 73.34993279 43.81400504  9.3824966  18.61683722
 -0.        ]
Current x_clock array =  [-0.64998979 -0.86222822 -0.47480852  0.5885645  -2.71081419 -0.05179101
  0.33647224 -0.02111468 -0.15706846 -0.16128384]
log likelihood =  -6331.50605293532
Lr derivatives =  [-135.41471721814534, -154.63908230827025, 145.02666090265848]
other derivatives =  [ 32.07549889 -79.21871111  28.15651351  16.20073817 -25.19560344
  15.03242947  -0.        ]
Current x_clock array =  [-0.62917365 -0.88596415 -0.51614058  0.36379163 -2.60159925 -0.13210119
  0.33647224 -0.47880847  0.          0.        ]
log likelihood =  -6307.445260106528
Lr derivatives =  [8.063998140425433, -86.37071549668173, 6.789798541683069]
other derivatives =  [ 18.11568927 -15.56213192  14.19022192  23.48862199   1.76906191
  14.78778722  -0.        ]
Current x_clock array =  [-0.6392264  -0.84994131 -0.50857382  0.41098799 -2.62086995 -0.11939401
  0.33647224 -0.28067821  0.         -0.11838656]
log likelihood =  -6306.182930091326
Lr derivatives =  [-2.594223123296338, -93.49223454893124, 0.2575671583800059]
other derivatives =  [ 3.41188206 -4.28303065  4.87900161 18.77386694  2.67762714 13.72075985
 -0.        ]
Current x_clock array =  [-0.64339515 -0.83764434 -0.5146907   0.37571906 -2.6052459  -0.1373541
  0.33647224 -0.30159815  0.         -0.1218989 ]
log likelihood =  -6304.813629286109
Lr derivatives =  [-11.053688973687017, -98.91711171383251, -4.970460337962301]
other derivatives =  [-10.28215593   9.42044608  -6.13852626   7.83515225   4.37518864
  12.25969936  -0.        ]
Current x_clock array =  [-0.64738296 -0.82309112 -0.52270561  0.30145363 -2.59673094 -0.18304968
  0.33647224 -0.31951294  0.         -0.12421125]
log likelihood =  -6303.829382976703
Lr derivatives =  [-10.896217328916627, -98.52596847420685, -7.02635047696041]
other derivatives =  [-10.86466909   4.8171305  -10.78275454  -1.01601017   3.21708726
  11.39211508  -0.        ]
Current x_clock array =  [-0.64739596 -0.82588286 -0.52604051  0.24132275 -2.61837412 -0.23906965
  0.33647224 -0.31466997  0.         -0.12563899]
log likelihood =  -6303.6095088941
Lr derivatives =  [11.783813503984561, -80.0839860257953, 21.96661144088607]
other derivatives =  [  1.00645229  49.92239974  26.82234026 -12.54626295   3.85510599
   9.9027593   -0.        ]
Current x_clock array =  [-0.64676984 -0.79650163 -0.50919701  0.15909591 -2.66945398 -0.40208176
  0.33647224 -0.28017799  0.         -0.09977675]
log likelihood =  -6302.2592639822215
Lr derivatives =  [3.67508118060573, -86.46784900675881, 5.666898829292748]
other derivatives =  [  0.18808532   7.71839768   0.72256989 -11.6536703   -1.58090789
   9.6881422   -0.        ]
Current x_clock array =  [-0.64517542 -0.8273341  -0.52001088  0.16002324 -2.69474416 -0.41443402
  0.33647224 -0.2774398   0.         -0.11320874]
log likelihood =  -6301.863999176366
Lr derivatives =  [4.156388500494437, -86.36981561276153, 2.812617155134042]
other derivatives =  [  4.57602528  -2.57537704   1.31130128 -10.05210561  -2.35936882
   9.23059179  -0.        ]
Current x_clock array =  [-0.64365495 -0.83622577 -0.51907969  0.1709634  -2.70278614 -0.44463537
  0.33647224 -0.27221302  0.         -0.1153404 ]
log likelihood =  -6300.754560991105
Lr derivatives =  [8.78510673490537, -82.8462157599625, 1.147147949042143]
other derivatives =  [ -1.03917955 -21.0481021   -0.45238266  -5.07665391  -3.87654325
   7.09673623  -0.        ]
Current x_clock array =  [-0.6452056  -0.85386539 -0.51723462  0.20273849 -2.7289548  -0.60196169
  0.33647224 -0.2538895   0.         -0.11360309]
log likelihood =  -6300.750401825986
Lr derivatives =  [2.3893007183020885, -87.97708510433733, -15.030402754138937]
other derivatives =  [ 96.89646231 -17.6964304    1.28251577   0.32086245  -6.72089615
   3.24746907  -0.        ]
Current x_clock array =  [-0.61627531 -0.85419886 -0.51712436  0.23673477 -2.74940423 -0.88499852
  0.33647224 -0.25807524  0.         -0.12145241]
log likelihood =  -6300.213154599107
Lr derivatives =  [5.5274026751128105, -85.47568648602099, -7.079105561545116]
other derivatives =  [ 46.83989482 -19.38382047   0.36413076  -2.33460469  -5.19659615
   5.02031799  -0.        ]
Current x_clock array =  [-0.63073947 -0.85403213 -0.51717948  0.21973779 -2.73918021 -0.74348973
  0.33647224 -0.25598252  0.         -0.11752802]
log likelihood =  -6299.234565296743
Lr derivatives =  [4.323161506273898, -84.8104282732561, -6.571965170148914]
other derivatives =  [ 19.13068445 -18.23212278   4.05248011   1.09982011  -6.33581529
   3.11945132  -0.        ]
Current x_clock array =  [-0.63899753 -0.85380431 -0.51413944  0.24136604 -2.7511933  -0.92677019
  0.33647224 -0.25245342  0.         -0.11124303]
log likelihood =  -6298.505130505315
Lr derivatives =  [2.884076680732548, -83.278575637301, 1.0648436088080686]
other derivatives =  [-0.46826517 -3.82497183 -3.21937114  2.58322689 -5.73248951  1.29625908
 -0.        ]
Current x_clock array =  [-0.64521241 -0.84208601 -0.51689292  0.2488123  -2.75073571 -1.15463306
  0.33647224 -0.25832283  0.         -0.09765356]
log likelihood =  -6298.356356472763
Lr derivatives =  [-3.7738147073043606, -86.80440884782789, -0.8325371504405723]
other derivatives =  [-4.72629108  1.12932867 12.60303088  0.89074911 -3.56675984  0.34073016
 -0.        ]
Current x_clock array =  [-0.64668254 -0.83657317 -0.51132484  0.24272047 -2.73474376 -1.26960573
  0.33647224 -0.27162692  0.         -0.09540916]
log likelihood =  -6298.296322663424
Lr derivatives =  [-0.41692821323876217, -84.32689380419494, 2.087574390824571]
other derivatives =  [-1.02278591  4.04382081 -1.99982424  0.46857076 -1.26849952  0.04128127
 -0.        ]
Current x_clock array =  [-0.64557368 -0.83437906 -0.51766222  0.23921492 -2.72663533 -1.31736087
  0.33647224 -0.27169278  0.         -0.09251738]
log likelihood =  -6298.28703669245
Lr derivatives =  [-0.4578072076135058, -84.55600626587378, 0.6340546156829205]
other derivatives =  [ 0.00905766  1.93428787 -0.53179701  0.23164284 -0.90455911  0.02599155
 -0.        ]
Current x_clock array =  [-0.64523137 -0.83597946 -0.51708559  0.23849156 -2.725207   -1.31335245
  0.33647224 -0.2714604   0.         -0.09386239]
log likelihood =  -6298.283670828511
Lr derivatives =  [-0.06012216477856924, -84.42337923144567, -0.03147309760390726]
other derivatives =  [ 0.26130328  0.02190245  0.1391345  -0.02904562 -0.13455196 -0.00357789
 -0.        ]
Current x_clock array =  [-0.64515156 -0.83741815 -0.51683938  0.23790801 -2.72209056 -1.3126804
  0.33647224 -0.27127488  0.         -0.09453689]
log likelihood =  -6298.283620477192
Lr derivatives =  [0.00786891994902561, -84.38821998643297, -0.04206394014920534]
other derivatives =  [ 0.03821697 -0.02783963  0.02920569 -0.05328457 -0.03448532 -0.00550081
 -0.        ]
Current x_clock array =  [-0.64522135 -0.83744208 -0.51688998  0.23783657 -2.72162792 -1.31245575
  0.33647224 -0.27129547  0.         -0.09456224]
log likelihood =  -6298.283612865103
Lr derivatives =  [0.02611546058272296, -84.37644709373595, -0.011143050920111364]
other derivatives =  [-0.02051092 -0.02510205  0.00218461 -0.05159563 -0.00973528 -0.00377278
 -0.        ]
Current x_clock array =  [-0.64524012 -0.83743664 -0.51690144  0.2378725  -2.72149246 -1.31213207
  0.33647224 -0.27131152  0.         -0.09454459]
      fun: 6298.283612865103
 hess_inv: <10x10 LbfgsInvHessProduct with dtype=float64>
      jac: array([-2.05109245e-02, -2.51020538e-02,  2.18460627e-03, -5.15956344e-02,
       -9.73527963e-03, -3.77277544e-03, -0.00000000e+00,  2.61154606e-02,
       -8.43764471e+01, -1.11430509e-02])
  message: 'CONVERGENCE: REL_REDUCTION_OF_F_<=_FACTR*EPSMCH'
     nfev: 25
      nit: 22
     njev: 25
   status: 0
  success: True
        x: array([-0.64524012, -0.83743664, -0.51690144,  0.2378725 , -2.72149246,
       -1.31213207,  0.33647224, -0.27131152,  0.        , -0.09454459])
