number of sites to be analyzed:  801
log likelihood =  -23344.88511264732
Edge derivatives =  [96.43545443753578, 212.79031474295064, 201.9783162379529, 185.40759360156946, -17.639035332986662, -3.3284303508255584, 322.5112226160741, 183.13417226349262, 87.89832233325036, 178.70064890494888, -19.801746895695036, 109.76643792005484, 69.23474490464152, 57.894747521652384, 219.3673964912299, 275.6634445485271]
other derivatives: [ -344.26229831   153.07559806  -453.76291382   698.20343924
 -1918.65001398     0.        ]
Current x array =  [-0.66010233 -0.79061773 -0.54293308  0.18232156 -0.10536052  0.33647224
 -2.30258509 -2.30258509 -2.30258509 -2.30258509 -2.30258509 -2.30258509
 -2.30258509 -2.30258509 -2.30258509 -2.30258509 -2.30258509 -2.30258509
 -2.30258509 -2.30258509 -2.30258509 -2.30258509]
log likelihood =  -21907.735531260125
Edge derivatives =  [101.38446172985661, 214.32410230668555, 200.1762373859619, 197.93432390140768, -13.510057365674694, 7.164503288449757, 332.47319508122706, 185.15804463654078, 92.02224126614206, 180.63654351329913, -7.803514678601663, 117.32975739200621, 75.02553327332274, 59.19810326510675, 222.4782749710384, 283.3159419513021]
other derivatives: [  757.46320363   201.3406629    131.22153177   481.01319408
 -1020.23186628     0.        ]
Current x array =  [-0.83112114 -0.79024982 -0.76834839  0.18719867 -1.0584862   0.33647224
 -2.29945416 -2.19687748 -2.29945416 -2.29945416 -2.31134762 -2.30423855
 -2.29945416 -2.29945416 -2.29945416 -2.29945416 -2.31242199 -2.29945416
 -2.29945416 -2.29945416 -2.29945416 -2.29945416]
log likelihood =  -21679.53800797557
Edge derivatives =  [90.45128175518096, 209.90493583643726, 190.44236422564202, 185.85532916715277, -11.754157520989901, 5.531157581205516, 325.24226300063765, 170.0801912935976, 82.99198903917149, 167.82621528585602, -7.64219483586199, 115.03251134063356, 71.07189106164701, 51.848119958529644, 199.90337678374593, 265.7637570037524]
other derivatives: [-5492.3715652    -27.62390068   171.3859092   -117.25787772
   289.47288229     0.        ]
Current x array =  [-0.31502379 -0.67460715 -0.81477442  0.35265564 -2.57468865  0.33647224
 -2.24387927 -1.94393833 -2.19804439 -2.19412151 -2.32874816 -2.29938191
 -2.12938067 -2.20403196 -2.24873578 -2.20626871 -2.32578588 -2.23518459
 -2.25644454 -2.26573752 -2.1854436  -2.15417207]
log likelihood =  -21223.643143207708
Edge derivatives =  [100.36106060084246, 212.00084294425568, 198.24957444032322, 193.70953163868793, -11.238391912104786, 8.509003749449935, 330.31926879114576, 179.64065812672789, 89.76601797819363, 175.55224613865886, -4.491352789297138, 115.39477927672857, 74.19589337834091, 57.37707642240127, 214.80706046874087, 277.1113914801205]
other derivatives: [-301.67102523  113.25028026  132.78840925  299.26814022 -401.35273593
    0.        ]
Current x array =  [-0.6083021  -0.74032244 -0.78839229  0.2586328  -1.71308901  0.33647224
 -2.27546035 -2.08767394 -2.25567167 -2.25397801 -2.3188601  -2.30214175
 -2.22602691 -2.25825673 -2.27755709 -2.25922243 -2.31819169 -2.27170652
 -2.28088526 -2.28489739 -2.25023143 -2.23673031]
log likelihood =  -20818.704969735987
Edge derivatives =  [94.62387957073905, 202.28604401852405, 195.6925999648443, 181.0303850247419, -5.923944556313876, 10.284584771850799, 319.6246343780033, 170.01236628385126, 87.98543879327521, 168.49682001774238, 1.802293078337624, 110.72528279900216, 71.89386333463662, 58.24735042521367, 200.102824496112, 257.9526795066288]
other derivatives: [240.91059458 -96.46719263  73.71381798  76.87413017 140.92656784
   0.        ]
Current x array =  [-0.67035003 -0.66017868 -0.70494163  0.39646434 -2.30339713  0.33647224
 -2.20976181 -1.89343511 -2.13025571 -2.12823829 -2.33000297 -2.29539943
 -2.01534581 -2.14369803 -2.21869693 -2.14723294 -2.32395263 -2.19603395
 -2.23136554 -2.24692582 -2.11346861 -2.0599381 ]
log likelihood =  -20385.219946374622
Edge derivatives =  [74.61283654563954, 180.29356416153462, 176.04864703935667, 142.95148227350825, -7.440348353064442, 3.0793677166139966, 276.68168417023685, 142.56111011561975, 75.08077638697793, 145.27689992177392, -1.656213328483732, 94.38123033410824, 61.15745530538135, 54.31003239637274, 155.85671038464002, 202.8839244682872]
other derivatives: [-445.96381485 -125.36256691   60.25911716 -110.24749256  358.90989238
    0.        ]
Current x array =  [-0.59059552 -0.69940551 -0.64325279  0.58512143 -2.63567993  0.33647224
 -2.08215195 -1.58919221 -1.87154354 -1.88425034 -2.34273501 -2.28291085
 -1.59047187 -1.91566366 -2.10140676 -1.92223582 -2.32710419 -2.04765938
 -2.13494002 -2.16979377 -1.84385962 -1.71254254]
log likelihood =  -19743.557398615198
Edge derivatives =  [33.6984017997218, 102.6242651566348, 113.51659155212823, 52.90484183833117, -7.789015244617301, -10.09378814504109, 75.38348057605018, 62.377212112662015, 50.281928251958384, 73.02286971691072, -12.09673834486623, 40.344912442902455, 37.96729772996927, 50.39161251900344, 23.48914450878018, 0.3612888677022916]
other derivatives: [  36.40416253  -35.59471224 -324.36473703 -280.46451916  457.80725486
    0.        ]
Current x array =  [-0.68110164 -0.85404414 -0.44116438  0.92966976 -2.99010093  0.33647224
 -1.76101422 -0.84388035 -1.1957013  -1.26866839 -2.3742238  -2.25645681
 -0.49264616 -1.33080508 -1.79992274 -1.34101012 -2.33492223 -1.66678123
 -1.88809986 -1.96698255 -1.16408823 -0.83559485]
log likelihood =  -20091.11744425352
Edge derivatives =  [-31.205414370598792, 1.310472196842687, -53.32126100009734, -35.30389381273825, -42.4021723826839, -42.99322548336963, -145.71068135600237, -2.482044877288266, -37.39196194276346, -93.61200765086554, -41.7195194305213, -35.704470808992575, -28.864780949825914, 5.946846190481741, -132.85893087016586, -188.64060894868314]
other derivatives: [  30.49717634 -569.76277847 1777.09371201 -244.6151484   210.66734917
    0.        ]
Current x array =  [-0.64590121 -0.74684795 -0.95360899  0.82283863 -2.79366946  0.33647224
 -1.585283   -0.41932176 -0.76327317 -0.95303243 -2.40191316 -2.26646649
  0.00661593 -1.01401966 -1.60490858 -1.00923995 -2.36436595 -1.46403811
 -1.73414236 -1.80790417 -0.88188872 -0.53221223]
log likelihood =  -19674.098611239293
Edge derivatives =  [18.258823439394693, 82.05965046396314, 77.60456400544935, 33.977166778124925, -17.02690478396643, -16.945196617099878, 28.635943554082964, 47.90772513345446, 30.0039995672454, 36.702210480589805, -18.45043762232551, 25.34335133908021, 23.352741274514106, 39.488273439203574, -9.591903193905537, -38.1588485771192]
other derivatives: [  51.50213838 -141.03898138  476.09682952 -286.3635018   403.89495553
    0.        ]
Current x array =  [-0.67094027 -0.82309963 -0.58909269  0.89883062 -2.9333967   0.33647224
 -1.71028557 -0.72132226 -1.07087149 -1.17755319 -2.38221694 -2.25934632
 -0.34852327 -1.23935806 -1.74362765 -1.24523743 -2.3434218  -1.60825501
 -1.84365667 -1.92106111 -1.08262519 -0.74801685]
log likelihood =  -19545.42732141018
Edge derivatives =  [5.956128460634558, 57.97750083969967, 48.33546460878086, 7.730556377838551, -18.497391692433776, -20.725729016834347, -46.451955401247574, 29.89020058778239, 21.608246329785576, 11.423919303681915, -22.240547698527067, 9.983331502537673, 15.414979973274974, 36.87865028405193, -39.1882228268213, -84.81576150295743]
other derivatives: [-132.22488633  -49.76209311  206.63101168 -187.70660972  160.39193724
    0.        ]
Current x array =  [-0.65957458 -0.86183104 -0.53191981  0.86317445 -2.66820801  0.33647224
 -1.65894484 -0.61708468 -0.94240667 -1.08168522 -2.39017864 -2.26317354
 -0.19074722 -1.14114734 -1.688096   -1.14761833 -2.35060606 -1.5470128
 -1.7997296  -1.87549202 -0.99519183 -0.64955091]
log likelihood =  -19489.073062394542
Edge derivatives =  [-2.8095673009480038, 48.118803873708984, 31.18346829031947, -5.114760469674475, -19.28266009265691, -21.734952578545855, -54.50137604346176, 28.447971003991537, 18.039322954403005, 8.334110175363113, -21.236312045364603, 10.455200179184969, 11.275214186403984, 34.72784633226993, -25.67938382585916, -55.35733886914483]
other derivatives: [-60.75279089   1.57524482 -29.45853339 -51.42210284 -40.78901839
   0.        ]
Current x array =  [-0.68087344 -0.86357229 -0.50549043  0.71436988 -2.40675402  0.33647224
 -1.67049035 -0.62928605 -0.93285031 -1.10888147 -2.40204899 -2.28285787
 -0.29496321 -1.14644195 -1.68305443 -1.16600483 -2.36837066 -1.55919173
 -1.79850771 -1.85215847 -1.06634108 -0.77502231]
log likelihood =  -19474.58985226368
Edge derivatives =  [-5.17808309024525, 41.3571901734905, 23.729797991715312, -5.095163917737597, -19.01079510663079, -20.887819296224784, -38.295326167495475, 29.416038826336244, 15.439219803329161, 6.211545904627927, -19.085356895883056, 11.00883107654413, 8.761077878555469, 31.926531524171768, -14.301836858872518, -30.242776046956696]
other derivatives: [  2.17551133  13.47980287  11.99332473   6.95617928 -40.54418241
   0.        ]
Current x array =  [-0.69062975 -0.86278281 -0.51586653  0.63043772 -2.40256495  0.33647224
 -1.67554312 -0.59076331 -0.90772996 -1.11959657 -2.41950802 -2.30352938
 -0.35935744 -1.12755991 -1.6685632  -1.16422696 -2.38859104 -1.55436645
 -1.7898353  -1.82092384 -1.1027696  -0.84600665]
log likelihood =  -19458.267769290094
Edge derivatives =  [-9.886320256840634, 19.023813565070675, 3.987268671585996, -7.976374378687266, -17.665723252316234, -19.18273617827417, -24.44365644941381, 24.627336616495636, 7.9789647828891495, -4.9325987401898, -15.599628084157237, 5.7402512058651745, 1.650079121945534, 24.848365267009903, -4.721412909736666, -4.317934005130166]
other derivatives: [ 43.46766218 -34.07913027   2.12494342  56.66261131 -17.4757588
   0.        ]
Current x array =  [-0.69981238 -0.84584943 -0.51273114  0.5597259  -2.44900137  0.33647224
 -1.67030922 -0.44871279 -0.80955994 -1.1037606  -2.46614498 -2.35317031
 -0.41580392 -1.03466208 -1.61446898 -1.1215544  -2.43703316 -1.51313174
 -1.75459049 -1.73134665 -1.12402673 -0.91439938]
log likelihood =  -19452.69388217597
Edge derivatives =  [-11.052114318508952, -5.430939028714094, -11.871076663076266, -5.8133618203324255, -13.827658819669558, -14.750711902229561, -2.07458749800732, 18.766558362290038, 1.703061510560605, -9.138441409708985, -10.258232986075207, 0.7900078659070697, -4.298532267710766, 14.808842603641247, 8.482068000359526, 23.11132200642873]
other derivatives: [102.0860509  171.1116056   77.49840734  43.13696991   0.63737389
   0.        ]
Current x array =  [-0.70415598 -0.93320058 -0.51959277  0.58438006 -2.48276997  0.33647224
 -1.68332255 -0.27983396 -0.7093219  -1.1008989  -2.54507488 -2.43774104
 -0.51103465 -0.89682736 -1.54764199 -1.09188153 -2.51347004 -1.46352231
 -1.71842567 -1.59770899 -1.15168984 -0.98478728]
log likelihood =  -19443.659801420323
Edge derivatives =  [-11.343507042866602, -9.953676533966219, -14.399631377067335, -6.012009956329076, -13.383680312787064, -14.161455536717938, -0.17917652551854957, 16.12798923083308, -0.8603462723955944, -10.556715242771443, -9.952151963601432, -1.195591456622147, -6.5353205844244, 11.842409900762785, 7.888813820417224, 22.247275545681752]
other derivatives: [ 1.28093234 23.18593033  6.52798917 27.17970347  7.6044671   0.        ]
Current x array =  [-0.69148558 -0.87515397 -0.50719346  0.60624106 -2.49088786  0.33647224
 -1.69036881 -0.25317755 -0.69817873 -1.1032114  -2.56396005 -2.45791388
 -0.52662415 -0.86611838 -1.53589756 -1.0907528  -2.53034463 -1.45486506
 -1.71433938 -1.56938623 -1.15182178 -0.98474104]
log likelihood =  -19441.54835180382
Edge derivatives =  [-10.595296294715634, -9.809806845757645, -12.462273375024472, -5.263075504860343, -12.706922137476855, -13.375108118282023, 0.4941462122294682, 14.543973513012295, -1.1489865625235818, -8.67477176067642, -9.785037479750311, -1.6031749995360403, -6.684948949431966, 10.519044621924136, 6.083731998823751, 17.458631685226266]
other derivatives: [-15.70224413 -14.12663551 -12.62269507  -0.31686795   8.86539056
   0.        ]
Current x array =  [-0.68928358 -0.8625373  -0.50265338  0.64424591 -2.48682987  0.33647224
 -1.69948821 -0.25033156 -0.70374924 -1.10785149 -2.57773007 -2.47250834
 -0.53193493 -0.84671629 -1.53276254 -1.09739256 -2.5412777  -1.45253029
 -1.71678715 -1.55333773 -1.14677498 -0.97006665]
log likelihood =  -19439.539816206154
Edge derivatives =  [-9.49842191130054, -10.371709924602552, -10.466628888647568, -3.921514379486114, -11.336389336252259, -11.683887327226538, 3.0681678303990845, 11.60644799279013, -1.655248939254555, -5.3279831826111455, -9.022941258985632, -1.7364590733286285, -6.859878811976124, 7.570232254130565, 5.042888023645513, 12.964782289565235]
other derivatives: [-21.75329428 -19.20234354 -13.10472726 -21.67435014   2.88273441
   0.        ]
Current x array =  [-0.68812041 -0.86117396 -0.50181034  0.67439147 -2.47302193  0.33647224
 -1.71827292 -0.24422986 -0.71184149 -1.11872998 -2.60640359 -2.50328344
 -0.55100123 -0.80915926 -1.52618661 -1.1097063  -2.56524274 -1.44910504
 -1.72184156 -1.52007358 -1.1443548  -0.95626078]
log likelihood =  -19436.210692233504
Edge derivatives =  [-5.588680036971234, -6.38095609299761, -1.680581845899766, -0.30566273394118987, -7.906221036090719, -7.461192009606403, 5.69711852994179, 3.980860330419235, -0.745567167410359, 3.110519441729992, -7.272720093438, -0.39432624775227154, -5.167404400825791, 1.6767194084764598, 0.7743338427511149, -2.1619445987109316]
other derivatives: [ 62.41134543 -30.51209205  -5.00403985 -31.19239409   8.02101567
   0.        ]
Current x array =  [-0.70199047 -0.85431929 -0.50232684  0.6815517  -2.46924485  0.33647224
 -1.76902537 -0.25523048 -0.7458811  -1.14401672 -2.67659728 -2.57711467
 -0.57059098 -0.72543689 -1.51918763 -1.13661178 -2.6230398  -1.44609135
 -1.7448301  -1.45252542 -1.12818463 -0.90593148]
log likelihood =  -19435.789219797887
Edge derivatives =  [-1.9101392618636965, -3.7873853000425868, 4.829917846771146, 3.898316998096816, -4.185843143721861, -2.7967191091751653, 12.41785271253407, -7.617821444214392, -1.0171805421110083, 11.307003192089043, -5.107151676966238, 0.9728076590319787, -4.184263270429399, -8.276380805192488, -0.543700273347982, -11.926935517862706]
other derivatives: [-115.4417987    -1.21181074    2.94021447  -13.08435458   -7.80055416
    0.        ]
Current x array =  [-0.67285457 -0.86586942 -0.50922999  0.66072987 -2.44663001  0.33647224
 -1.83579275 -0.26680294 -0.78427479 -1.18267878 -2.76836342 -2.67455299
 -0.62285758 -0.62462745 -1.5091302  -1.17160844 -2.70115367 -1.44459204
 -1.7736941  -1.36409595 -1.12758724 -0.88093029]
log likelihood =  -19433.9895678166
Edge derivatives =  [-3.1518511467254, -3.99035698421667, 2.364851579815027, 1.727914375316038, -5.4163284739308555, -4.369623018856454, 7.801255377026383, -3.2073025260118118, -0.43883302250818, 7.4849020657816485, -5.749064616144791, 0.7176444551761678, -3.991013526011336, -3.9222059459972294, -0.38427775212837373, -8.17181962688364]
other derivatives: [-1.05392246 -1.94268068  0.56897989 -4.8406946  -0.91349648  0.        ]
Current x array =  [-0.69125642 -0.86374324 -0.50692309  0.64690004 -2.45864264  0.33647224
 -1.81235393 -0.26750881 -0.76998098 -1.16613563 -2.73636497 -2.6398053
 -0.59350382 -0.66319047 -1.51403592 -1.15387039 -2.67420128 -1.44521493
 -1.76587202 -1.4001674  -1.12503653 -0.88919705]
log likelihood =  -19433.85069863905
Edge derivatives =  [-3.1238696766534577, -3.523701388980938, 2.200375916123151, 1.4435196932016185, -5.413901843602112, -4.378353886652227, 6.875756831988419, -3.027391547690286, -0.23931819986243008, 6.777733361160762, -5.684876305771974, 0.8343480822576144, -3.718868492288306, -3.546304301374752, -0.30297718224032866, -7.282934867409906]
other derivatives: [ 4.57694114  0.50422386  0.73268893  1.46610546 -0.09385985  0.        ]
Current x array =  [-0.69221245 -0.86426159 -0.50726164  0.63800182 -2.46080782  0.33647224
 -1.81271651 -0.27056729 -0.76959443 -1.16500541 -2.73673211 -2.63970146
 -0.58875298 -0.66621881 -1.51496515 -1.15077142 -2.67485386 -1.44549323
 -1.76746359 -1.4035631  -1.12476334 -0.89159206]
log likelihood =  -19433.45638762966
Edge derivatives =  [-2.584547120354753, -1.9387596970427734, 2.1444941209457045, 0.9285295634126101, -4.9848904267027, -3.9158207940204446, 4.342866402403569, -3.520990586401379, 0.2168040523215547, 4.6058470003005905, -5.1386356595236204, 1.0343731692938904, -2.7195667174577234, -3.230712002473858, -0.07922757129500851, -4.372415107266688]
other derivatives: [7.86603778 2.92639015 3.91519279 8.04757292 1.10994733 0.        ]
Current x array =  [-0.69268907 -0.86464512 -0.50829223  0.62841194 -2.46312809  0.33647224
 -1.82148668 -0.27954802 -0.76925365 -1.16424882 -2.75006293 -2.651499
 -0.57700204 -0.66659581 -1.51574494 -1.14108838 -2.68784878 -1.44459643
 -1.77597859 -1.40619931 -1.12387335 -0.89984156]
log likelihood =  -19433.25594973261
Edge derivatives =  [-0.5344924722899698, 1.4589750151873755, 3.293888003325273, 0.14688966793747127, -2.9959582165575935, -2.0518765014062033, -1.256175099094272, -5.0341412946148125, 2.2827864433733094, 0.7055600836923768, -3.1565831371637043, 1.2531006600280465, 0.5171405223241372, -2.129117311053962, 1.2217874938843916, 2.6941307236401624]
other derivatives: [  4.82541509  19.63489922 -74.38138709  14.32817953  -1.44391379
   0.        ]
Current x array =  [-0.69293457 -0.87058587 -0.49585488  0.6257555  -2.46302586  0.33647224
 -1.85166373 -0.29668321 -0.76482505 -1.16447861 -2.80002493 -2.69630569
 -0.55239838 -0.66261508 -1.51347553 -1.11675799 -2.73565904 -1.43841941
 -1.80031208 -1.40675525 -1.12106049 -0.91844343]
log likelihood =  -19432.654429754304
Edge derivatives =  [-0.22061013722992312, 3.032567153937441, 2.2122008984639647, -0.36849975321497347, -2.8842936881826686, -1.7003367203714195, -3.6955108112898705, -5.5520242679738345, 1.6847129012867987, -2.6247022166660776, -2.8073355923130485, 1.118771215645079, 0.9719083578950702, -2.5800107871653344, 0.43748562839588373, 4.461142367768909]
other derivatives: [ 3.44734872  4.01159923 -0.10913936  8.79590516  1.27511157  0.        ]
Current x array =  [-0.69179473 -0.86445506 -0.50821008  0.62753431 -2.46282573  0.33647224
 -1.86206798 -0.30644347 -0.76507977 -1.16455804 -2.81588827 -2.71034755
 -0.54149421 -0.66369093 -1.51386927 -1.10790856 -2.75092418 -1.43727621
 -1.80964483 -1.40938295 -1.11969174 -0.92503929]
log likelihood =  -19432.55596248533
Edge derivatives =  [-0.1759338781204564, 2.6921977016776584, 2.1693760153143304, -0.18356590406953727, -2.790713838179232, -1.592730932888417, -3.0431203861679634, -5.605866142964624, 1.4841839024392949, -2.2421752722753965, -2.7585076573992753, 0.9368228181557503, 0.8602400905983032, -2.825955360996395, 0.3034506559623349, 3.756435172244917]
other derivatives: [0.49658411 0.62173058 1.73204171 2.51529855 0.59189915 0.        ]
Current x array =  [-0.69125927 -0.86348874 -0.50819265  0.63615096 -2.46067394  0.33647224
 -1.86359907 -0.30415284 -0.76444145 -1.16548351 -2.81930207 -2.71354121
 -0.54459127 -0.66234733 -1.51252487 -1.10947137 -2.75395891 -1.4363557
 -1.80955161 -1.40730247 -1.11955063 -0.92305041]
log likelihood =  -19432.398076677375
Edge derivatives =  [0.23447625394885668, 2.5044325502099154, 1.5621538075398698, -0.06750769263540835, -2.192390902414547, -0.9899919568177729, -2.755971566828525, -5.003211263634306, 1.3965014916756768, -2.5627937592012673, -2.1948947922599937, 0.5175318023201538, 1.3581703654977908, -2.5755208721439544, 0.2917592224346977, 3.667542407433864]
other derivatives: [-1.42754288  1.90630089  0.4634785  -3.96248652 -0.48239599  0.        ]
Current x array =  [-0.69078621 -0.86421403 -0.50766506  0.64550964 -2.45811658  0.33647224
 -1.87308947 -0.30244507 -0.75917758 -1.16645471 -2.83938268 -2.73050559
 -0.54499516 -0.66720594 -1.50848894 -1.1068091  -2.77315291 -1.4324855
 -1.81457095 -1.40898951 -1.11852685 -0.9222178 ]
log likelihood =  -19432.407825983268
Edge derivatives =  [0.2679407690223613, 0.7266043065807545, -0.7224362629790926, -0.08828769457261737, -1.4477469531710168, -0.30462929646701203, -0.9226975592875, -1.745045759924233, 0.33772330083795044, -1.537695450376955, -1.6372700082739295, -0.6120181256956672, 1.3079168901718023, -1.261310491279191, -0.819774436749353, -1.1075810078326016]
other derivatives: [-1.64647645e+01 -3.75388481e+01 -1.64305675e+01 -7.18464435e+00
 -2.91038305e-03  0.00000000e+00]
Current x array =  [-0.68932777 -0.84976224 -0.50493505  0.64936765 -2.45780165  0.33647224
 -1.88305474 -0.294087   -0.74759641 -1.16658232 -2.8701365  -2.75275141
 -0.55025277 -0.69403324 -1.49956274 -1.11064089 -2.80307789 -1.42619413
 -1.81648387 -1.42382172 -1.11499147 -0.90779895]
log likelihood =  -19432.283342555347
Edge derivatives =  [0.2523158442568365, 1.638846525645003, 0.45416622176384047, -0.07413487777716965, -1.8217355701129065, -0.649837907675185, -1.853803323232933, -3.39384154331011, 0.8843720011175593, -2.0561821592949063, -1.915969061041104, -0.02966578374236928, 1.3360694836446778, -1.927056603410472, -0.2501166608273035, 1.3398078833942706]
other derivatives: [ -8.75297701 -17.24110916  -7.80310074  -5.53845894  -0.23319444
   0.        ]
Current x array =  [-0.69007125 -0.85712945 -0.50632675  0.64740092 -2.45796219  0.33647224
 -1.87797466 -0.29834777 -0.75350024 -1.16651727 -2.85445885 -2.74141096
 -0.54757255 -0.68035725 -1.50411313 -1.10868752 -2.78782277 -1.42940134
 -1.81550871 -1.41626058 -1.11679373 -0.91514937]
log likelihood =  -19432.109789725753
Edge derivatives =  [0.6859786231555529, 1.0057519912867787, -0.4984951578076321, 0.3058289462655594, -1.0341844570006726, 0.15786725214355768, -0.2364600848888887, -1.6922419092792516, 0.6336443187149717, -1.2705810271084985, -1.2012524598308814, -0.43928509432556595, 1.8103571607898268, -1.324563041529065, -0.15587520562329818, 0.1054583266755984]
other derivatives: [-5.71126293 -5.89025149 -4.02069418 -6.32753654 -1.41772034  0.        ]
Current x array =  [-0.69016507 -0.8611567  -0.50702915  0.64881737 -2.4557003   0.33647224
 -1.88948276 -0.29425767 -0.74659648 -1.16839366 -2.88183904 -2.76330655
 -0.55244542 -0.69274219 -1.49779236 -1.10980765 -2.81415845 -1.42481462
 -1.81983646 -1.4216774  -1.11585243 -0.91031364]
log likelihood =  -19432.035066360055
Edge derivatives =  [0.6820905715290261, 0.42049064506351985, -1.38359920233166, 0.26454330191706865, -0.7404080556993053, 0.4092753939569135, 0.32324066410473073, 0.21282229512369588, 0.3478955826379, -0.9496380930912998, -0.8712839829528565, -0.5798693038769138, 1.849336559970925, -0.2783966605355377, -0.05920069400033113, -0.3056397876288909]
other derivatives: [-3.83661245  0.47366484 -1.06156222 -2.50111043 -0.43219188  0.        ]
Current x array =  [-0.69026175 -0.86334083 -0.50777337  0.64345539 -2.45764871  0.33647224
 -1.89171336 -0.29114229 -0.74167386 -1.1670067  -2.8938607  -2.77019643
 -0.55205618 -0.70852803 -1.49421933 -1.1101768  -2.82654728 -1.42302152
 -1.81880163 -1.43224985 -1.1153188  -0.90828278]
log likelihood =  -19432.018144653666
Edge derivatives =  [0.7552033921175707, 0.271130711495319, -0.8814592429103925, 0.4603965487142423, -0.5495546871649992, 0.6180182869605342, 0.9237540246832117, 0.4663362355897801, 0.12749313093243014, 0.08485413540401643, -0.6833311945795876, -0.2915987082415774, 1.5828701390977415, -0.28717733893075936, 0.11290213914154908, -0.5955490558714827]
other derivatives: [6.0601451  0.43728505 0.57552825 0.11314114 0.03528839 0.        ]
Current x array =  [-0.69182927 -0.86283807 -0.50821329  0.6392707  -2.45771066  0.33647224
 -1.89304145 -0.29010669 -0.74419811 -1.16783375 -2.90023385 -2.77373839
 -0.55429523 -0.70960818 -1.49261614 -1.11381822 -2.83279697 -1.42363343
 -1.81635714 -1.43276915 -1.11551827 -0.90698578]
log likelihood =  -19432.011928004904
Edge derivatives =  [0.6979021708006841, 0.1827224849319693, -0.7620517052423358, 0.42096325105507704, -0.5459649922607308, 0.6127329314634894, 0.8710494344492967, 0.49128968355529345, 0.00031710073161658747, 0.28213392151081385, -0.6718267259749194, -0.18644268936967867, 1.38143184166251, -0.2782324447726985, 0.10963449779063987, -0.6005426066453429]
other derivatives: [-1.20380719  0.72432158  0.53114491  1.8371793   0.03710738  0.        ]
Current x array =  [-0.6906569  -0.86300818 -0.50845628  0.637011   -2.45811616  0.33647224
 -1.89223894 -0.28978519 -0.74546795 -1.16761248 -2.90080744 -2.77307901
 -0.55419987 -0.71015496 -1.49236509 -1.11485711 -2.83352656 -1.42421485
 -1.81451359 -1.43355664 -1.11561776 -0.90711029]
log likelihood =  -19432.00797593904
Edge derivatives =  [0.6867766510015081, 0.19294375560033938, -0.6127666784004145, 0.40254792269548734, -0.5515048458213988, 0.6029708217978168, 0.7491557338506813, 0.37945910923029647, -0.029695666370567364, 0.29984857287055666, -0.6664573912588451, -0.1277659328318017, 1.2938653767568227, -0.3163838612306924, 0.12390939872684736, -0.4523337166679665]
other derivatives: [-1.11722329  0.23355824  0.42746251  1.54323061  0.09022187  0.        ]
Current x array =  [-0.69067479 -0.86283471 -0.5084256   0.63738406 -2.4581305   0.33647224
 -1.89177467 -0.28978663 -0.74628089 -1.16746478 -2.90070217 -2.7725175
 -0.55379534 -0.7093181  -1.49242886 -1.11494682 -2.83348308 -1.42450286
 -1.81366659 -1.43331404 -1.11563407 -0.90756147]
log likelihood =  -19431.98587486258
Edge derivatives =  [0.5175843578556542, -0.062228463983259874, 0.29301170645011826, 0.16429862326876316, -0.4964133342154174, 0.5800965241610186, -0.16418267288529953, 0.01766566188965546, -0.4217465272244738, 0.45862621927428426, -0.5057727661585716, 0.2479248133951577, 0.40856253457611813, -0.2775483473521352, 0.15056300990174945, 0.36934364820317434]
other derivatives: [-0.49876689 -1.28966349 -0.09131327 -0.08840289  0.04110916  0.        ]
Current x array =  [-0.69076279 -0.86235571 -0.50828162  0.63960238 -2.45807175  0.33647224
 -1.88755286 -0.28819148 -0.75152624 -1.16534739 -2.90491138 -2.76922854
 -0.55034404 -0.70725621 -1.49197458 -1.11547781 -2.83839711 -1.4260733
 -1.80451261 -1.43517258 -1.11520696 -0.90988182]
log likelihood =  -19431.97655532582
Edge derivatives =  [0.35821654338474035, -0.20618289268257273, 0.44098988350411716, 0.01270150907307277, -0.43883068060160535, 0.5422139853338424, -0.42949490909301025, 0.07251652367287284, -0.5031203113104339, 0.23488945316190524, -0.38919146910541735, 0.24911157107189252, -0.05560383573057437, -0.06981554526100053, 0.04072543525505776, 0.3344121660346464]
other derivatives: [-0.07894414 -0.90076355 -0.0516593  -0.3776222   0.09058567  0.        ]
Current x array =  [-0.69081986 -0.862576   -0.50825215  0.64005467 -2.4584641   0.33647224
 -1.88418774 -0.28745855 -0.75259248 -1.16371176 -2.90961157 -2.76652344
 -0.54919612 -0.70795661 -1.49272689 -1.11440479 -2.84349226 -1.42587321
 -1.79892166 -1.43803615 -1.11446803 -0.90954894]
log likelihood =  -19431.970152833288
Edge derivatives =  [0.16811511619056269, -0.10586464750446345, 0.5406578191501855, -0.0680531216714308, -0.14111052550657094, 0.6047086991882098, -0.18730968083000787, -0.16632593018876354, -0.08121563801750695, 0.23895557007462465, -0.020108778137382655, 0.15030194118544093, -0.4360649021539107, 0.07429191904059151, 0.18692154818585058, 0.4129919576037655]
other derivatives: [ 0.56315912  0.95315045 -7.47568265  0.21864253 -0.78289304  0.        ]
Current x array =  [-0.69100663 -0.86320205 -0.50708155  0.63991673 -2.45763816  0.33647224
 -1.87965903 -0.28843063 -0.7530526  -1.16255363 -2.92423997 -2.7627873
 -0.55126994 -0.70530264 -1.49644693 -1.11338277 -2.85789789 -1.42444971
 -1.79259063 -1.43981321 -1.11403169 -0.9092153 ]
log likelihood =  -19431.964979086268
Edge derivatives =  [-0.0555073111160268, -0.12415209893305246, 0.08526995644718287, -0.1894179536243012, -0.09697964236864914, 0.5370415657744334, -0.07245477144722878, -0.09883325644293664, -0.04446307023190546, -0.3017381689781806, 0.09306056889405084, -0.07941825826720716, -0.7417210548124087, 0.16277287948411912, -0.033322756455699515, 0.049185386221472616]
other derivatives: [ 0.40308805  0.          3.46917659 -0.40126906 -0.4292815   0.        ]
Current x array =  [-0.69083782 -0.86289672 -0.50891635  0.64004025 -2.45795745  0.33647224
 -1.87621593 -0.28877872 -0.75201436 -1.16135061 -2.93107943 -2.75935111
 -0.55192633 -0.70578484 -1.49873357 -1.11176229 -2.86474679 -1.42326057
 -1.78896215 -1.44231173 -1.11334842 -0.90807031]
log likelihood =  -19431.96218809455
Edge derivatives =  [0.028823820380422305, -0.03329968204613676, 0.011236353956554843, -0.1254317130307112, -0.15668788260629513, 0.5210707530327683, -0.00329370456209066, -0.07441273194213768, 0.05170470521131246, -0.2395505572206842, -0.0035631205526408527, -0.08525613582461666, -0.43467374445620877, 0.12760206422002773, 0.028395567273553593, 0.08485628493681963]
other derivatives: [-0.0862201   0.19972504  0.37507562 -0.0007276  -0.377986    0.        ]
Current x array =  [-0.69081016 -0.86296372 -0.50839367  0.6396868  -2.45808904  0.33647224
 -1.87767587 -0.28919587 -0.75115496 -1.16203487 -2.92684546 -2.75999929
 -0.55206077 -0.70592487 -1.49839823 -1.11195893 -2.86037845 -1.42342808
 -1.79219315 -1.4411153  -1.11369387 -0.90826627]
log likelihood =  -19431.961463977612
Edge derivatives =  [0.01938668213486172, 0.05257044944847733, -0.05870489295390906, -0.11088526879951449, -0.17444037809291874, 0.4862974442100265, 0.05360664109690405, -0.10485487571108629, 0.16408972917933567, -0.27439923446992465, -0.023611354654355043, -0.11110325573375368, -0.3336986491946168, 0.11725794729068484, 0.048056933890070035, 0.09751876210583932]
other derivatives: [-0.05675247  0.28921932 -0.1549779   0.18444553 -0.23646862  0.        ]
Current x array =  [-0.69082576 -0.86299264 -0.50830271  0.63944747 -2.45829838  0.33647224
 -1.8772969  -0.28969252 -0.75071305 -1.16214591 -2.92615184 -2.75879277
 -0.55231376 -0.70554567 -1.49902477 -1.11180871 -2.85955938 -1.4233656
 -1.79298859 -1.44077156 -1.11377733 -0.90829793]
log likelihood =  -19431.960230802964
Edge derivatives =  [-0.017267027345826302, 0.15078587450637337, -0.1475040698092272, -0.08429530183217487, -0.17537377425048056, 0.4304167318285107, 0.161342347749992, -0.10286045769574162, 0.3078420925253843, -0.23620863241915746, -0.02148371289131168, -0.13448508216362942, -0.2177304292025768, 0.12164101401725169, 0.05194808301475499, 0.047796889200914516]
other derivatives: [-0.12478267 -0.3266905  -0.59480953  0.24738256  0.15897967  0.        ]
Current x array =  [-0.69082935 -0.86275809 -0.50822542  0.63928912 -2.45877353  0.33647224
 -1.87630228 -0.29024692 -0.7501799  -1.16227905 -2.92681076 -2.75613212
 -0.55268889 -0.70533562 -1.49985837 -1.11192351 -2.85983572 -1.42330619
 -1.79384179 -1.44057638 -1.11375327 -0.90808758]
log likelihood =  -19431.958731303414
Edge derivatives =  [-0.08681216134386849, 0.32739211487854525, -0.18352020214787113, -0.03459889930794274, -0.16908195675339266, 0.31655984666671866, 0.2405894539793365, -0.191602156541513, 0.5520662734404227, -0.052862667361597726, -0.0016424928850105047, -0.097293367563132, -0.009567039500135932, 0.08168669359783987, 0.08338085733680889, 0.09927201192995305]
other derivatives: [ 0.3783498   1.07465894 -0.32123353  0.11714292  0.54460543  0.        ]
Current x array =  [-0.69086397 -0.86327951 -0.50826096  0.63942795 -2.45919023  0.33647224
 -1.87423879 -0.29119367 -0.74989369 -1.16262849 -2.92848345 -2.75014273
 -0.55298615 -0.70426668 -1.50112225 -1.11253882 -2.86055022 -1.42355683
 -1.79542824 -1.43966058 -1.11372869 -0.90811076]
log likelihood =  -19431.95678130258
Edge derivatives =  [-0.1828315035112673, 0.27164574660684127, -0.24617096281124798, -0.06187978684960466, -0.16304127877746594, 0.21629206939420262, 0.15240680676625162, -0.16505185239428327, 0.5425644192844846, 0.07831288225443522, 0.020240821871395365, -0.07165624455291297, 0.03122187696880019, 0.08168252308695545, 0.002221968005184524, -0.031141784785267523]
other derivatives: [-0.28521754 -0.41545718 -0.40272425  0.00218279  0.49330993  0.        ]
Current x array =  [-0.69079004 -0.86272648 -0.50826145  0.6395463  -2.45914792  0.33647224
 -1.87261496 -0.29110389 -0.7499521  -1.16274483 -2.93089127 -2.74522809
 -0.55265606 -0.7046644  -1.50105079 -1.11320074 -2.86204192 -1.42387844
 -1.79605975 -1.43964752 -1.11344321 -0.90773776]
log likelihood =  -19431.955274010743
Edge derivatives =  [-0.24623976340967457, 0.11780576303501078, -0.17761784932011476, -0.07823141191683469, -0.1481552442304303, 0.1396703416491798, -0.009311975725653454, -0.0920898761892496, 0.3873222286876137, 0.2900751708610909, 0.0531495681743403, 0.018958228602214078, 0.026881242863638466, 0.07596743553831986, -0.06400148843728132, -0.11040979487739255]
other derivatives: [ 1.77642505 -0.89712557  0.1713488  -0.23719622  0.17462298  0.        ]
Current x array =  [-0.69112588 -0.86249553 -0.5083381   0.63982441 -2.45868256  0.33647224
 -1.87171433 -0.29038968 -0.75063551 -1.16299956 -2.93353341 -2.74097565
 -0.55192049 -0.70552284 -1.49978492 -1.11413878 -2.8635946  -1.42445654
 -1.79662767 -1.4395546  -1.1131521  -0.90748348]
log likelihood =  -19431.954635166137
Edge derivatives =  [-0.3136411946012213, -0.06533362977216117, -0.09017824360492725, -0.1146535341131103, -0.13795128523768163, 0.05599722243044007, -0.24191159996150935, -0.060203374423146494, 0.17419524699915692, 0.43415369444646323, 0.07927125097861737, 0.10464683756327497, -0.02327844587331329, 0.045520191688071865, -0.15077942833689742, -0.172462011197984]
other derivatives: [-1.84190867 -0.51986717  0.25902409 -0.32487151 -0.40636223  0.        ]
Current x array =  [-0.69053398 -0.86271613 -0.50842436  0.64012592 -2.45811151  0.33647224
 -1.87091086 -0.28955216 -0.75162597 -1.16324306 -2.93623355 -2.73672092
 -0.55103139 -0.70629838 -1.49824385 -1.11494623 -2.86514082 -1.42509882
 -1.79693102 -1.4394079  -1.11288847 -0.90741102]
log likelihood =  -19431.95404464577
Edge derivatives =  [-0.2635469753902414, -0.03211958008935378, -0.06620025633521753, -0.08607638929030326, -0.14093908853171527, 0.09646002863560318, -0.16578997287095598, -0.04910215957345543, 0.184266475158648, 0.3908044906195829, 0.0688088710396807, 0.0937479198774751, -0.0076629216575594405, 0.04579055060278303, -0.10168606432096094, -0.11812088547998867]
other derivatives: [-0.14479156 -0.18480932  0.19863364 -0.25465852 -0.29031071  0.        ]
Current x array =  [-0.69080177 -0.86280274 -0.50838707  0.63998858 -2.45818769  0.33647224
 -1.87172581 -0.28961735 -0.75150075 -1.16329992 -2.93518526 -2.73863247
 -0.55126587 -0.70622413 -1.49819269 -1.11468183 -2.86436302 -1.42495217
 -1.79701822 -1.43931057 -1.11303892 -0.90753367]
log likelihood =  -19431.953798683033
Edge derivatives =  [-0.23625715920309392, -0.02866045306713605, -0.03963566598959434, -0.06415809690746932, -0.14164160969917056, 0.10693947677656268, -0.1253741988293411, -0.027080252673214456, 0.16133847634931905, 0.3616910476153228, 0.06559489682642855, 0.09174777020179992, 0.005169077245954501, 0.04245834658351966, -0.07389132896403572, -0.08890056857828099]
other derivatives: [ 0.36816346  0.05384209  0.00800355 -0.16552804 -0.24374458  0.        ]
Current x array =  [-0.69088272 -0.86287849 -0.50834859  0.63986507 -2.45822852  0.33647224
 -1.87219098 -0.28956616 -0.75151663 -1.1634135  -2.93496421 -2.73912224
 -0.55136197 -0.70633317 -1.49790651 -1.11453371 -2.86406777 -1.42491361
 -1.79722302 -1.43920372 -1.11312204 -0.90760279]
log likelihood =  -19431.953343946472
Edge derivatives =  [-0.19523975305157376, -0.03445498464716612, 0.013023247604964556, -0.01704401404768685, -0.1410919481939794, 0.10197075662828863, -0.04374800011701918, 0.036440211847264065, 0.08810959635562576, 0.2793710707522128, 0.06652022652090617, 0.08453500672948522, 0.02913915263800604, 0.03463489767714534, -0.027317728595168657, -0.045688917958583875]
other derivatives: [ 0.79162419  0.35834091 -0.29322109  0.03637979 -0.11641532  0.        ]
Current x array =  [-0.69094929 -0.86297995 -0.50829469  0.63957587 -2.45837497  0.33647224
 -1.87289171 -0.28940421 -0.75161494 -1.16370025 -2.93532006 -2.7388945
 -0.55152488 -0.70672812 -1.49714756 -1.11418731 -2.86392309 -1.42486045
 -1.79772742 -1.43900234 -1.11325365 -0.90769535]
log likelihood =  -19431.952907485538
Edge derivatives =  [-0.1618437966900041, -0.0363510755744727, 0.053928586159465136, 0.03397593292847584, -0.14452981633860984, 0.06883633219329463, 0.036406546805707096, 0.10254505943838864, -0.010577791282741805, 0.14815334586583395, 0.0678143287398782, 0.06713639295257723, 0.05749143778518517, 0.013205161241691021, 0.010292396218145379, -0.0029089652068682303]
other derivatives: [ 0.66647772  0.35288394 -0.02146407  0.17062121  0.08294592  0.        ]
Current x array =  [-0.6909234  -0.86298054 -0.50834074  0.63932835 -2.45859428  0.33647224
 -1.87348856 -0.28926524 -0.75174149 -1.16405902 -2.93626945 -2.73750646
 -0.55166015 -0.70716155 -1.49625909 -1.11373151 -2.86395096 -1.42481509
 -1.7984232  -1.43871889 -1.11338081 -0.90780403]
log likelihood =  -19431.953449962293
Edge derivatives =  [-0.13116017158141524, -0.037472660792826296, 0.1773615979420601, 0.07983960867889212, -0.11632091305628095, -0.008336059104112531, 0.05516526236149266, 0.14628862280324242, -0.09921626756042456, 0.056143405167672356, 0.09895258043741073, 0.052299251680631986, 0.08988439071564347, 0.012649977736618578, 0.06239487193037578, 0.05591982411680474]
other derivatives: [-0.37471182  0.14806574 -3.31965566  0.16334525  0.07967174  0.        ]
Current x array =  [-0.69080695 -0.86293675 -0.50778211  0.63954385 -2.45866123  0.33647224
 -1.87381632 -0.289113   -0.75210351 -1.16445936 -2.93949594 -2.73346548
 -0.5516071  -0.7074615  -1.49517422 -1.11325472 -2.86511539 -1.42480177
 -1.79906882 -1.43835777 -1.11341796 -0.90790929]
log likelihood =  -19431.952790092
Edge derivatives =  [-0.15273645167881966, -0.036669659796854104, 0.09056365714504257, 0.047593812223249654, -0.13612903159037087, 0.04602369633550746, 0.041990761759219675, 0.11553033038748282, -0.03684095651897959, 0.12088387273200896, 0.07706541428230212, 0.06275292260548548, 0.0671215033553052, 0.01303856116680624, 0.02576462367008791, 0.014562564157701519]
other derivatives: [ 0.35761332  0.2924935  -0.99898898  0.16880222  0.08221832  0.        ]
Current x array =  [-0.69088885 -0.86296755 -0.50817502  0.63939228 -2.45861414  0.33647224
 -1.87358579 -0.28922007 -0.75184889 -1.16417779 -2.93722662 -2.73630766
 -0.55164441 -0.70725053 -1.49593726 -1.11359006 -2.8642964  -1.42481114
 -1.79861473 -1.43861176 -1.11339183 -0.90783525]
log likelihood =  -19431.952574570998
Edge derivatives =  [-0.14258918383726388, -0.030958091117284536, 0.09691091923874137, 0.06499355840719073, -0.13756831960980165, 0.015862366688914206, 0.062083142846356854, 0.12955220864494582, -0.09031127618640034, 0.028468243222434797, 0.07933946961444405, 0.04399278945454732, 0.0714897883728256, -0.006007441587485451, 0.03192409263525919, 0.032709554437338806]
other derivatives: [-0.06330083  0.10622898 -0.41909516  0.11204975  0.17316779  0.        ]
Current x array =  [-0.69081426 -0.86291195 -0.50827258  0.63941351 -2.45869748  0.33647224
 -1.87380644 -0.28920418 -0.75191878 -1.16433012 -2.93814936 -2.73503006
 -0.55166811 -0.70734667 -1.49555988 -1.11330556 -2.8644955  -1.42476938
 -1.79889741 -1.4384585  -1.11343216 -0.90789787]
log likelihood =  -19431.952432371778
Edge derivatives =  [-0.13725190881130545, -0.016880357249627997, 0.08480980657720712, 0.06329129427194635, -0.13567599586868007, -0.00308820981147484, 0.05332487283352272, 0.11125368679993494, -0.10447244671178108, -0.0346475449952699, 0.08092714550230456, 0.022225789303591093, 0.0671154296067964, -0.018541054798964174, 0.028087842842883654, 0.03895169120675246]
other derivatives: [-0.33833203 -0.06511982 -0.08803909 -0.00145519  0.16370905  0.        ]
Current x array =  [-0.69076864 -0.86285926 -0.50832509  0.63954945 -2.45866563  0.33647224
 -1.87395461 -0.28927599 -0.75190342 -1.16435231 -2.93888335 -2.73420341
 -0.55166492 -0.70721224 -1.49552028 -1.11310382 -2.86466249 -1.42469815
 -1.79893164 -1.43838044 -1.11343781 -0.90793215]
log likelihood =  -19431.952263072086
Edge derivatives =  [-0.12366057067168568, 0.00982333759082632, 0.056887864700049626, 0.05163790080699632, -0.12956474982451227, -0.01939898088420601, 0.029577758040632673, 0.06615157449056677, -0.10195255713413554, -0.11276029993710868, 0.08167877514943128, -0.013761039633149341, 0.05782356744525252, -0.03251712966420439, 0.021833724570880463, 0.04341870836446449]
other derivatives: [-0.44747139 -0.19754225  0.16189006 -0.1549779   0.07530616  0.        ]
Current x array =  [-0.69075282 -0.86281887 -0.50835997  0.63976007 -2.45853642  0.33647224
 -1.87429806 -0.2894271  -0.75180454 -1.16431564 -2.93982427 -2.73344894
 -0.55167001 -0.70687308 -1.49563399 -1.11282919 -2.86479603 -1.42455478
 -1.79885131 -1.43829711 -1.11344048 -0.90796863]
log likelihood =  -19431.95206774676
Edge derivatives =  [-0.09904968655408314, 0.0356056503772022, 0.020542457641213336, 0.03452427783950174, -0.11696606521540881, -0.030661469639902975, -0.003004591324107686, 0.010759217749206462, -0.08762289542349602, -0.16659384756819584, 0.08147713262380973, -0.04967728732084975, 0.049261728705234376, -0.04379161597000747, 0.013913904745717, 0.037279322937250337]
other derivatives: [-0.33323886 -0.09495125  0.24483597 -0.19608706 -0.06693881  0.        ]
Current x array =  [-0.69077422 -0.86285592 -0.50837204  0.63984202 -2.45836576  0.33647224
 -1.87489676 -0.28956577 -0.7516439  -1.16424408 -2.94099691 -2.73276092
 -0.55167279 -0.70645615 -1.4958016  -1.11261803 -2.86484758 -1.42440217
 -1.79872249 -1.43822185 -1.11343019 -0.90796929]
log likelihood =  -19431.9518881748
Edge derivatives =  [-0.021057378690755357, 0.1065701221716151, -0.0571655555411659, 0.01284492454813202, -0.09028211706414718, -0.013218580506198535, 0.0003470119916304526, -0.09295833427173006, -0.012465947860428317, -0.2089880929998893, 0.06706698523333082, -0.10825103938040748, 0.035606946237281445, -0.05782595441169336, 0.01175873859877254, 0.02352661097439257]
other derivatives: [-0.17062121 -0.6697519   0.01236913 -0.10477379 -0.03310561  0.        ]
Current x array =  [-0.69082223 -0.8626237  -0.50833943  0.63969495 -2.45839925  0.33647224
 -1.87659026 -0.28985395 -0.75114833 -1.16402143 -2.9424562  -2.73310334
 -0.55189325 -0.7055667  -1.49646784 -1.11239306 -2.86422136 -1.42410765
 -1.79833068 -1.4381715  -1.11346517 -0.90795436]
log likelihood =  -19431.95167586663
Edge derivatives =  [0.007663966841580716, 0.11190025261137093, -0.05401591070336321, 0.008659165700618698, -0.056922467352667594, -0.03788093588236341, -0.020812024285890907, -0.11577038240422205, 0.01883788378287385, -0.12109733317866578, 0.07793597440345479, -0.0934225442104708, 0.03720243667111056, -0.048870469132777705, 0.0006104746023684118, -0.0013422289624230865]
other derivatives: [ 0.19826984  0.33833203  0.07930794 -0.03929017 -0.04911271  0.        ]
Current x array =  [-0.69085939 -0.86299327 -0.50835884  0.63963806 -2.45841307  0.33647224
 -1.87716262 -0.28976517 -0.7510974  -1.16393606 -2.94491574 -2.73109085
 -0.55182467 -0.70534383 -1.49658617 -1.11263722 -2.86458331 -1.42418138
 -1.79817321 -1.43820348 -1.11336265 -0.90783055]
log likelihood =  -19431.95158888359
Edge derivatives =  [-0.00013879153817197842, 0.08900428677458916, -0.0389243617357532, 0.01352140272675223, -0.0597209375529274, -0.025398339816405685, -0.005127725808978356, -0.08826643617220964, 0.01745667758942035, -0.06584637140200034, 0.07573116890275311, -0.06682306864456411, 0.037692750640607064, -0.040909810972762695, 0.0016998406090769115, -0.005356611922131105]
other derivatives: [ 0.14624675  0.20263542 -0.05238689  0.02546585  0.01236913  0.        ]
Current x array =  [-0.69085299 -0.86293761 -0.50834321  0.63953688 -2.45848958  0.33647224
 -1.8770002  -0.28963886 -0.75116559 -1.16393901 -2.94437483 -2.7316368
 -0.55183666 -0.70555761 -1.49655073 -1.11284477 -2.86443138 -1.42429838
 -1.79817357 -1.43827871 -1.11336334 -0.90781505]
log likelihood =  -19431.951490492196
Edge derivatives =  [0.004485195312255552, 0.045375047933271295, -0.030086496310933235, 0.010511258962206171, -0.050591287008932506, -0.009800907977985648, 0.004787853463130265, -0.06394195996006749, 0.020579410491923772, 0.026849354931424152, 0.07127079081829057, -0.02717077651268829, 0.027256453113042145, -0.030433615000185266, -0.005945791006821074, -0.022962912790071677]
other derivatives: [-0.1033186   0.07712515 -0.16552804  0.102591    0.02510205  0.        ]
Current x array =  [-0.69081358 -0.86288362 -0.50834166  0.63942947 -2.45850251  0.33647224
 -1.87720592 -0.28937976 -0.75122675 -1.16387748 -2.944552   -2.73201207
 -0.55186601 -0.70576731 -1.4965737  -1.1131905  -2.86415279 -1.42449267
 -1.79803137 -1.43842496 -1.11334744 -0.90777511]
log likelihood =  -19431.951502647044
Edge derivatives =  [0.025921261279707286, -0.010841194418241051, 0.01957854372081821, 0.03213845269087012, -0.03517286317460144, -0.01169399332714914, 0.05231136215109178, 0.002353294601907585, -0.017899886984915542, 0.08836718551602019, 0.07128068780033231, 0.023882150956767934, 0.023954540864700835, -0.020795997609746597, 0.008010049675050103, -0.007701569105026063]
other derivatives: [ 0.79780875 -0.20045263 -0.09349606  0.10040822  0.16116246  0.        ]
Current x array =  [-0.69095658 -0.86274945 -0.50834951  0.63935896 -2.45859074  0.33647224
 -1.87768889 -0.28896206 -0.75141795 -1.16394124 -2.94568154 -2.73139123
 -0.55193005 -0.70623195 -1.4962085  -1.11340028 -2.86391558 -1.42474915
 -1.79810314 -1.43850945 -1.11337435 -0.90779741]
log likelihood =  -19431.95145669534
Edge derivatives =  [0.014381892711894384, 0.019426922058364382, -0.007157619252877383, 0.020494924936469372, -0.043469120351208645, -0.010672674712815244, 0.026727153490290645, -0.03333333766784888, 0.002819579823985646, 0.0552518700534077, 0.07127588472704705, -0.003599197709740487, 0.025732685674695777, -0.02598438057482766, 0.0004977414180514523, -0.01591669851315569]
other derivatives: [ 0.31250238 -0.05056791 -0.13205863  0.10186341  0.08803909  0.        ]
Current x array =  [-0.6908796  -0.86282168 -0.50834528  0.63939692 -2.45854324  0.33647224
 -1.87742889 -0.28918693 -0.75131502 -1.16390692 -2.94507346 -2.73172545
 -0.55189558 -0.70598181 -1.4964051  -1.11328734 -2.86404328 -1.42461108
 -1.7980645  -1.43846396 -1.11335986 -0.90778541]
      fun: 19431.95145669534
 hess_inv: <22x22 LbfgsInvHessProduct with dtype=float64>
      jac: array([-0.31250238,  0.05056791,  0.13205863, -0.10186341, -0.08803909,
       -0.        , -0.01438189, -0.01942692,  0.00715762, -0.02049492,
        0.04346912,  0.01067267, -0.02672715,  0.03333334, -0.00281958,
       -0.05525187, -0.07127588,  0.0035992 , -0.02573269,  0.02598438,
       -0.00049774,  0.0159167 ])
  message: 'CONVERGENCE: REL_REDUCTION_OF_F_<=_FACTR*EPSMCH'
     nfev: 60
      nit: 54
     njev: 60
   status: 0
  success: True
        x: array([-0.6908796 , -0.86282168, -0.50834528,  0.63939692, -2.45854324,
        0.33647224, -1.87742889, -0.28918693, -0.75131502, -1.16390692,
       -2.94507346, -2.73172545, -0.55189558, -0.70598181, -1.4964051 ,
       -1.11328734, -2.86404328, -1.42461108, -1.7980645 , -1.43846396,
       -1.11335986, -0.90778541])
