number of sites to be analyzed:  555
log likelihood =  -9849.99905180271
Lr derivatives =  [-815.7865025067207, -888.7963852197256, -406.28110339849655]
other derivatives =  [  -2.69012889  -76.98343143   72.10087642 -100.86233669  464.21377738
  233.13219936]
Current x_clock array =  [-0.56407014 -0.67432211 -0.55274339  0.18232156 -0.10536052  0.33647224
 -0.51082562 -0.51082562 -0.51082562]
log likelihood =  -9214.553120597328
Lr derivatives =  [5.5119368024757875, -424.34271536301276, -177.31337155991764]
other derivatives =  [ 48.88338117 -57.32980753 -78.28671733 -62.30807048 406.55803059
 291.94397575]
Current x_clock array =  [-0.56354291 -0.67368181 -0.62668909  0.28576463 -0.58145202  0.09737494
  0.32583422 -0.51030173 -0.51030173]
log likelihood =  -8907.58261474991
Lr derivatives =  [208.58859073857704, -240.9112888180483, -83.7355572789433]
other derivatives =  [-110.05356646   67.96254456   20.90724774  -38.85665137  264.48297252
  181.50795586]
Current x_clock array =  [-0.61284132 -0.63656004 -0.56562418  0.3720189  -1.09811977 -0.24979278
  0.51443333 -0.32244018 -0.44093332]
log likelihood =  -8849.514557191178
Lr derivatives =  [-12.354836988827124, -207.86138287312548, -17.348783394274875]
other derivatives =  [1764.39204188 -230.93350865 -163.5873723    30.83805132  -42.99459195
   63.95673154]
Current x_clock array =  [-0.36237916 -0.7907093  -0.64503957  0.50962963 -1.93039308 -0.78136022
  0.41889866  0.         -0.24794524]
log likelihood =  -8657.320856640836
Lr derivatives =  [-65.7781649228304, -246.4998141233891, -44.63495080101447]
other derivatives =  [-110.61071564  -88.14723333    3.27176349   36.95298074  -52.0509125
   65.14328561]
Current x_clock array =  [-0.62337232 -0.71142711 -0.56687357  0.5042484  -1.93118688 -0.80945341
  0.42088337  0.         -0.25525303]
log likelihood =  -8652.765072593076
Lr derivatives =  [-31.687862453098063, -225.28679895873515, -33.52474311273703]
other derivatives =  [-59.27530947 -54.62897025   0.78501762  32.32101699 -33.64667068
  63.81762068]
Current x_clock array =  [-0.61253457 -0.69756516 -0.56755173  0.50160437 -1.93511119 -0.82419232
  0.45482092  0.         -0.25239281]
log likelihood =  -8647.123198452193
Lr derivatives =  [13.55034816969222, -193.4489198662452, -8.137040133177223]
other derivatives =  [ 29.36438614  12.62030673  -5.77463652  24.520632   -12.91158859
  56.09953405]
Current x_clock array =  [-0.59512015 -0.67256257 -0.56949897  0.49301868 -1.97831924 -0.90111241
  0.51793276  0.         -0.23163407]
log likelihood =  -8643.858533733055
Lr derivatives =  [24.276275040875365, -182.72275744403285, 8.795863974130768]
other derivatives =  [ 50.58181523  29.93764429  -5.04654054  19.93853584 -10.45626525
  48.77811079]
Current x_clock array =  [-0.59176352 -0.66759784 -0.56901922  0.48138003 -2.01967624 -0.98375993
  0.54930647  0.         -0.21096555]
log likelihood =  -8636.158882594473
Lr derivatives =  [42.034918954815176, -166.1956371463049, 32.07667660472124]
other derivatives =  [34.14601633 17.06783769 -0.33900506  5.73309444 -4.91704085 32.31937375]
Current x_clock array =  [-0.59722031 -0.67595764 -0.56739373  0.43234853 -2.08303483 -1.21887833
  0.60120233  0.         -0.18239347]
log likelihood =  -8633.089293806455
Lr derivatives =  [20.067992180866842, -184.48776967864316, -17.248202743935593]
other derivatives =  [-66.01358291 180.76647211 -13.07956882  -5.61513298 -30.74023854
  15.37025113]
Current x_clock array =  [-0.62092349 -0.61618018 -0.57403711  0.35821202 -2.0790284  -1.55838087
  0.56513724  0.         -0.21725313]
log likelihood =  -8625.1617054064
Lr derivatives =  [25.069909366025342, -178.96856857788055, -6.620456063468417]
other derivatives =  [-51.88118485  41.47825712  -4.74512126 -12.06992783 -25.31557886
  12.78145251]
Current x_clock array =  [-0.616652   -0.66645056 -0.57078438  0.32849985 -2.05959665 -1.66934294
  0.55761068  0.         -0.20523571]
log likelihood =  -8620.295736049546
Lr derivatives =  [15.784712598223145, -185.27677276538333, -14.964456016852779]
other derivatives =  [-41.84115824 -21.31791371   6.67035602 -19.04225428 -27.25217052
   9.98966899]
Current x_clock array =  [-0.61284871 -0.69033504 -0.56691157  0.28665852 -1.97813993 -1.8151226
  0.49314014  0.         -0.20878711]
log likelihood =  -8615.529666035396
Lr derivatives =  [-23.70784055561822, -211.10112004150554, -33.565911890195096]
other derivatives =  [-37.57986997 -77.76890197   6.03607441 -33.95035856 -20.42321313
   7.34135593]
Current x_clock array =  [-0.60768601 -0.71005233 -0.56960706  0.22182949 -1.7643411  -2.06316049
  0.33712974  0.         -0.21235746]
log likelihood =  -8612.175620342847
Lr derivatives =  [-6.656005021380452, -195.81140746448128, -1.080880729914341]
other derivatives =  [-22.89455006 -53.24760059  13.85590804 -25.94126454  -9.36296063
   6.9260206 ]
Current x_clock array =  [-0.60535857 -0.69911732 -0.56543402  0.26537489 -1.73312516 -2.12906062
  0.33253509  0.         -0.18735159]
log likelihood =  -8609.044404304343
Lr derivatives =  [5.231797908826621, -184.56313560732707, 23.970450140796586]
other derivatives =  [  5.21905531   6.42196574  -8.42151348 -10.36155481   8.21053606
   4.98728105]
Current x_clock array =  [-0.59975712 -0.67219144 -0.57364581  0.34213028 -1.63784627 -2.33182139
  0.29704659  0.         -0.16806348]
log likelihood =  -8608.569966701212
Lr derivatives =  [6.797372143792533, -185.2305696065126, 8.527443646469052]
other derivatives =  [26.68872548 25.94961734  7.74403088 -6.85598206  5.81423879  3.72525501]
Current x_clock array =  [-0.59553362 -0.66470668 -0.56672514  0.35695373 -1.64485826 -2.4113495
  0.3034455   0.         -0.1789568 ]
log likelihood =  -8608.095078603574
Lr derivatives =  [6.808900784499119, -185.57657716070742, 1.5266929106336988]
other derivatives =  [10.00570774 26.00719199  5.90857962 -4.76110108  6.57383501  2.63228979]
Current x_clock array =  [-0.59942573 -0.66460502 -0.56737456  0.36678659 -1.63654162 -2.52739411
  0.30202647  0.         -0.1828953 ]
log likelihood =  -8607.480171947904
Lr derivatives =  [2.924914818050773, -186.97533041374217, -7.138604350072725]
other derivatives =  [ 6.30281465  8.3566174  -7.24299753 -1.32710193  2.66345116  0.86538406]
Current x_clock array =  [-0.60061668 -0.67203132 -0.57252803  0.37784951 -1.64088487 -2.78871095
  0.30230892  0.         -0.18561326]
log likelihood =  -8607.447547301721
Lr derivatives =  [-5.616500878388706, -189.54778971147778, 0.21929998501140346]
other derivatives =  [-21.66122795  -2.7679489   16.55202141   2.39197107  -0.83151849
   0.34750299]
Current x_clock array =  [-0.60690627 -0.67631378 -0.56285786  0.39189559 -1.63917599 -2.95922165
  0.29512976  0.         -0.1766104 ]
log likelihood =  -8607.322781921583
Lr derivatives =  [-0.6627307869036905, -186.87608222628472, -1.8390715228233745]
other derivatives =  [-2.68650183 -2.20470611  0.4892172   1.50428605 -0.11947188  0.25050157]
Current x_clock array =  [-0.60282145 -0.67648389 -0.56922272  0.38791198 -1.644388   -2.96183356
  0.30059656  0.         -0.17900865]
log likelihood =  -8607.31679269809
Lr derivatives =  [-0.6681754266406763, -186.67466939025118, -1.6181922223268401]
other derivatives =  [ 0.61612263 -2.77959043 -0.48201036  1.4035777   0.02604769  0.18483757]
Current x_clock array =  [-0.60207603 -0.6767205  -0.56963389  0.38732765 -1.64303149 -2.98398293
  0.2996903   0.         -0.17861507]
log likelihood =  -8607.3097144034
Lr derivatives =  [-0.12576930301698042, -186.00248480657507, -0.8919510725477551]
other derivatives =  [ 2.08560596 -2.28962017 -1.16438059  1.09170287  0.03621409  0.08555295]
Current x_clock array =  [-0.60180045 -0.67657126 -0.5699231   0.3859588  -1.64338486 -3.0179301
  0.29977079  0.         -0.17782396]
log likelihood =  -8607.304883191075
Lr derivatives =  [-0.8718889308816813, -186.24125408105533, -1.2552842085039373]
other derivatives =  [ 0.07635026  0.42601641 -1.12231828 -0.17656384 -0.11186752 -0.00247065]
Current x_clock array =  [-0.60221225 -0.67535907 -0.57003823  0.38049224 -1.64226498 -3.05391675
  0.29794663  0.         -0.17756189]
log likelihood =  -8607.303722026185
Lr derivatives =  [0.20859206610960257, -185.412788517519, -0.033044507060552064]
other derivatives =  [ 0.44852459 -0.33345896  0.35345511 -0.06553091  0.26769961 -0.00948266]
Current x_clock array =  [-0.6021821  -0.67575194 -0.5693973   0.38137774 -1.64256955 -3.05803709
  0.29891024  0.         -0.1768194 ]
log likelihood =  -8607.30354585826
Lr derivatives =  [0.06489018388353074, -185.5272993792815, -0.10858799444939393]
other derivatives =  [ 0.01430089 -0.12084092 -0.00531873 -0.00748696  0.09666285 -0.00213972]
Current x_clock array =  [-0.60228118 -0.67566391 -0.5695391   0.3815102  -1.6431769  -3.05443032
  0.2990813   0.         -0.17688303]
log likelihood =  -8607.303524052946
Lr derivatives =  [0.006821660546297181, -185.551472401529, -0.04222697657708352]
other derivatives =  [-0.04646245 -0.00686123 -0.02034358  0.00722503  0.01534246 -0.00065403]
Current x_clock array =  [-0.60229643 -0.6756186  -0.56954414  0.3815216  -1.64346741 -3.05377105
  0.29913982  0.         -0.17682828]
log likelihood =  -8607.303522433405
Lr derivatives =  [-0.005431446201527024, -185.55168550415854, -0.0018733349692325874]
other derivatives =  [-0.01183616 -0.00860564 -0.01014996  0.00226646 -0.00230426 -0.00017692]
Current x_clock array =  [-0.60228857 -0.67562014 -0.56954023  0.38148874 -1.64353507 -3.05365021
  0.29914628  0.         -0.17679653]
      fun: 8607.303522433405
 hess_inv: <9x9 LbfgsInvHessProduct with dtype=float64>
      jac: array([-1.18361640e-02, -8.60563887e-03, -1.01499609e-02,  2.26646080e-03,
       -2.30426233e-03, -1.76916089e-04, -5.43144620e-03, -1.85551686e+02,
       -1.87333497e-03])
  message: 'CONVERGENCE: REL_REDUCTION_OF_F_<=_FACTR*EPSMCH'
     nfev: 27
      nit: 26
     njev: 27
   status: 0
  success: True
        x: array([-0.60228857, -0.67562014, -0.56954023,  0.38148874, -1.64353507,
       -3.05365021,  0.29914628,  0.        , -0.17679653])
