number of sites to be analyzed:  218
log likelihood =  -8174.935517814358
Edge derivatives =  [137.5028456426107, 51.040050924986005, 49.54074123976806, 131.0662972989972, -21.194910467577458, -9.385611894599371, 1.4384462451589783, 58.31710347164751, -15.675403755844426, 76.5308795771576, 48.57043048662273, 21.795927594192484, 73.61279556496996, 117.30329438959228]
other derivatives: [  55.18238868   45.43333125  -71.40850539  102.65834953 -438.48665973
 -166.5805994 ]
Current x array =  [-0.7891648  -0.78959413 -0.64678636  0.18232156 -0.10536052  0.33647224
 -2.30258509 -2.30258509 -2.30258509 -2.30258509 -2.30258509 -2.30258509
 -2.30258509 -2.30258509 -2.30258509 -2.30258509 -2.30258509 -2.30258509
 -2.30258509 -2.30258509]
log likelihood =  -7917.126561485345
Edge derivatives =  [128.2739100186338, 58.80922424749494, 65.03902627732036, 153.00256607993765, -2.4583266650071467, 10.58433605789256, 17.70035685837931, 74.68353639468859, 3.863429333251579, 99.26508254363004, 72.9285644726214, 36.64491343662104, 94.1582248541561, 135.95771512521256]
other derivatives: [131.77428809  55.25976849  -3.19290484  54.08447032 -49.27604049
  14.34208571]
Current x array =  [-0.78762005 -0.78804849 -0.79601987  0.20283909 -1.02173458 -0.01165726
 -2.2894136  -2.19591873 -2.2894136  -2.2894136  -2.34687941 -2.32219967
 -2.29957895 -2.2894136  -2.33534443 -2.2894136  -2.2894136  -2.2894136
 -2.2894136  -2.2894136 ]
log likelihood =  -7743.713068662172
Edge derivatives =  [114.59303197861546, 52.549894740619656, 55.65287608361445, 141.86818595267965, -5.242861483772041, 6.001206021803045, 12.855665167547873, 68.12608809622654, -1.1314896108463466, 93.15932911756983, 67.3407971155708, 29.01183027203524, 81.07461171213922, 120.92036851997554]
other derivatives: [-5.78424437e+02 -1.29730643e+01  2.86690647e+01 -1.48577783e-01
  1.42829467e+01  1.83408702e+00]
Current x array =  [-0.48398988 -0.6670153  -0.82819148  0.30994351 -1.29120483 -0.03388708
 -2.01498029 -2.03590322 -2.14234346 -1.95314206 -2.36009008 -2.29975469
 -2.25618147 -2.12155121 -2.33134282 -2.06733248 -2.12293349 -2.20299557
 -2.07885163 -1.99040335]
log likelihood =  -7536.1825420590285
Edge derivatives =  [99.92963148830044, 45.084966941915425, 44.85458158559186, 123.2149748844833, -7.566278568482637, 1.4756854053017143, 8.037686884106739, 59.36649044734816, -4.841955305181285, 83.38801062540769, 58.596125498908485, 21.875450269791937, 65.94730552619454, 98.72270407716464]
other derivatives: [-396.81260751 -107.85763425   53.47645401  -29.1495744    76.23098865
  -22.02417272]
Current x array =  [-0.53202458 -0.56747401 -0.8345427   0.4035714  -1.48171292 -0.03767892
 -1.7110648  -1.87093016 -1.98296225 -1.57994522 -2.37269707 -2.27589384
 -2.21110067 -1.93703828 -2.32704727 -1.82138601 -1.94009762 -2.11161874
 -1.8496435  -1.66147175]
log likelihood =  -7126.337187601346
Edge derivatives =  [24.371478594197566, 9.024601037487907, -2.5969821201193772, -30.726352127596186, -9.103942636925542, -10.224686386384334, -4.5224050213849285, 13.451775104900115, -12.311050931562395, -3.369553644519806, 3.7200947042873436, -0.11567728240709024, -19.09873027880989, -51.278040567797404]
other derivatives: [-195.59788598 -264.26474687  160.53027866  -61.63578837   31.84155411
 -136.08499557]
Current x array =  [-0.63952393 -0.62386811 -0.67993953  0.68197769 -1.79412967 -0.11795429
 -0.34839885 -1.19468044 -1.30433036  0.07248059 -2.43516233 -2.19219656
 -2.03827194 -1.12685296 -2.32509725 -0.72789996 -1.14289123 -1.73700153
 -0.86672495 -0.23816208]
log likelihood =  -7937.765127998803
Edge derivatives =  [-46.08429008601917, -1.4512551563879486, -26.196172004425648, -136.63629618780644, -2.785471608539806, -13.627724328795482, 0.3802114829527383, 7.996864298368467, -15.556615352507905, -85.68156477501377, -24.25934933370834, 23.166800334618383, -67.46662437195711, -84.49160813865751]
other derivatives: [  229.63537776   281.8189885  -9902.85924399  -135.55871737
  -133.29792759   -52.77089804]
Current x array =  [-0.71959667 -1.40056923 -0.05        0.63512753 -1.9792851  -0.6163484
  0.12005525 -0.94809358 -1.10760818  0.35979579 -2.47174757 -2.18727584
 -1.98443265 -0.83932504 -2.35163165 -0.46028213 -0.90195343 -1.60597004
 -0.66298331 -0.07621826]
log likelihood =  -7066.332323384562
Edge derivatives =  [22.49331034745034, 10.927449435863311, -0.07705251933432702, -30.094061801577407, -4.069998930009416, -6.880663604484656, 0.40050640354098466, 20.360513985652045, -9.577059916183169, -8.967039240944507, 5.206917814115241, 9.937279666957622, -18.632617290762642, -38.97344089118462]
other derivatives: [-142.46279261    9.29000998 -175.91440428  -34.50826989    6.8699091
 -112.0789675 ]
Current x array =  [-0.66767569 -0.89693859 -0.4584671   0.66550624 -1.85922611 -0.29317834
 -0.18370103 -1.1079861  -1.23516731  0.17349409 -2.44802487 -2.19046654
 -2.01934327 -1.02576467 -2.33442614 -0.63381161 -1.05818297 -1.69093383
 -0.79509401 -0.18122631]
log likelihood =  -7041.259291907466
Edge derivatives =  [28.185205366925498, 14.32656082667664, 4.493684932094025, -5.80359219893844, -3.775019822418053, -5.59431830338196, 1.0157801859912023, 24.605473051204577, -8.020542278865975, 7.586885791273806, 12.795618728088275, 11.454663532713816, -4.660318663865198, -16.20481668054877]
other derivatives: [ 19.22232877  49.48741844  47.69072348 -42.23597352  64.63143759
 -80.33689301]
Current x array =  [-0.72863882 -0.93964613 -0.57483855  0.60229373 -1.86186983 -0.40492627
 -0.28545266 -1.14966438 -1.29438885  0.0025131  -2.44941183 -2.20493376
 -2.03405932 -1.07944732 -2.3449279  -0.73522257 -1.1222478  -1.71556215
 -0.89681991 -0.34221894]
log likelihood =  -7026.28370438266
Edge derivatives =  [22.20071505088693, 12.998600083467716, 2.94407955915211, -8.68331228933141, -3.5511085295740834, -5.490879791773893, 0.9224451815057408, 22.14083029112416, -7.8258822354046575, 6.266039910241226, 11.393354862577517, 11.535090457177432, -4.163108802855335, -14.685044650094087]
other derivatives: [ 38.76904702  55.00541647  31.41061552 -30.15660241  45.24066481
 -66.98584912]
Current x array =  [-0.74554069 -0.94388874 -0.56454327  0.56330846 -1.80984271 -0.50935988
 -0.23689173 -1.12723585 -1.28193542  0.00302379 -2.45390478 -2.20996706
 -2.03064166 -1.04323765 -2.35359431 -0.72033008 -1.10080058 -1.69879415
 -0.89578765 -0.35735349]
log likelihood =  -6994.203538990219
Edge derivatives =  [-1.4256124246324742, 8.841175778069319, -0.16460438994229132, -5.072515903584622, -2.574478832504779, -4.436204721460089, 0.7324882593589581, 9.812001487997739, -6.476893374019996, 5.563862484265146, 6.148050310181227, 10.039819294882728, 3.0965508411397256, 1.8115111596976223]
other derivatives: [ 45.80440054   3.61639559 -54.49111723  14.56992595  -5.07488058
 -16.48002944]
Current x array =  [-0.7719731  -0.85699972 -0.52214774  0.41087917 -1.64881255 -0.95533001
 -0.10245071 -1.03966145 -1.26564321 -0.09233821 -2.47926967 -2.24659697
 -2.02360789 -0.90202301 -2.40715914 -0.69126852 -1.02870103 -1.62159124
 -0.92978493 -0.48323342]
log likelihood =  -6990.730177198489
Edge derivatives =  [-15.462512762297417, 5.522140309816505, -3.5400536423573197, -13.549811511356275, -2.8364292588476863, -4.864712583019578, -0.7767834253662241, -0.7633924244811638, -6.373761773646836, -3.4458428802656567, -1.8031052894488353, 5.8581314450056965, -1.9034182534645636, -5.991147799552804]
other derivatives: [  4.10389202  22.10879393  15.46793828  14.29293752 -23.66007779
  -8.12571602]
Current x array =  [-0.74911247 -0.89369222 -0.55641421  0.42908399 -1.64016278 -1.10134826
 -0.00546431 -0.95209488 -1.22382245 -0.03585637 -2.4966641  -2.26263515
 -2.00943482 -0.79744083 -2.43803699 -0.6038923  -0.94818736 -1.55374807
 -0.87036488 -0.42698081]
log likelihood =  -6988.2909337550245
Edge derivatives =  [-11.707151290568635, 7.019907610630652, -1.1123642825215767, -4.185463894558768, -2.427465589580474, -4.175529034893878, -0.24819500324723487, 0.26308880442034166, -5.719741694589847, 0.6249109477462094, -0.07388998911931655, 5.881649867016872, 1.8337998483902367, 0.9937502409285656]
other derivatives: [-5.35568051  5.15690954  8.82157838 11.52405366 -6.98726987 -3.25266685]
Current x array =  [-0.74206271 -0.87099616 -0.55302217  0.43228757 -1.65708858 -1.14599989
 -0.04905075 -0.94695614 -1.24190737 -0.09383887 -2.50255036 -2.27496578
 -2.01305755 -0.8025421  -2.45289475 -0.62498301 -0.95907484 -1.54494861
 -0.89317352 -0.46939139]
log likelihood =  -6986.670117213407
Edge derivatives =  [-9.138833933084493, 8.019571753033624, 0.6759957880774985, 1.5935209656514826, -1.9976504640696424, -3.5205706005398287, -0.008917104284662525, -0.8111015801410211, -4.990865365543905, 1.0783938133092899, -0.5216980827467826, 4.567782107733028, 2.7793941242172187, 3.4780879067223225]
other derivatives: [-8.20612149 -5.25197174  4.28750991  2.2294862   3.40702061  0.57453476]
Current x array =  [-0.73863656 -0.86031247 -0.54709247  0.46692308 -1.67379808 -1.2119562
 -0.08833929 -0.90298534 -1.24574994 -0.12398966 -2.51657312 -2.29740096
 -2.012404   -0.78306217 -2.48457659 -0.61618696 -0.94856764 -1.50833485
 -0.88772241 -0.47740042]
log likelihood =  -6985.164317434677
Edge derivatives =  [-5.8594795505540445, 8.608004270472854, 2.1306991599595273, 5.403650201622249, -1.5650351002375211, -2.7688999522977538, 0.056377093716186044, -2.2153890209359366, -4.167737614336674, 0.5317241630846847, -1.4807544299235584, 2.10228075053152, 2.2686085219292416, 3.6501617318643684]
other derivatives: [-5.92806646 -7.48796265  1.22536676 -6.37890844  7.65716444  2.96901617]
Current x array =  [-0.73809263 -0.85988334 -0.54221276  0.50018152 -1.67874257 -1.28303946
 -0.15434506 -0.82184457 -1.24286676 -0.14385188 -2.53865073 -2.3335128
 -2.01046634 -0.76191063 -2.53640133 -0.60116456 -0.93695769 -1.45129678
 -0.86964202 -0.47109388]
log likelihood =  -6982.973450709109
Edge derivatives =  [-0.4329202915345646, 7.4625843075413565, 3.2308506906172014, 7.090403336416978, -0.9693071376203773, -1.5519980705807725, 0.13997840527166172, -2.8847227483057085, -2.948354995308731, 0.08409891195462771, -1.8535021373421952, -2.4784331699105144, 0.7069225242136588, 2.0385376529026527]
other derivatives: [-0.52741052 -8.91939453 -0.29015064 -7.41704662  7.55370762  4.38465212]
Current x array =  [-0.7409833  -0.85897859 -0.53965961  0.50175356 -1.67523754 -1.37218543
 -0.29114147 -0.64525513 -1.22694326 -0.15194897 -2.58178718 -2.40566116
 -2.00850354 -0.75091097 -2.64141447 -0.5859547  -0.93616052 -1.36057624
 -0.83922487 -0.45484691]
log likelihood =  -6981.669357428695
Edge derivatives =  [2.0500352290391888, 0.16925323512263274, 1.9784090172634041, 0.530487022065505, -0.01795554688456036, -0.1296470653653885, 1.115188188709067, 1.270913476775251, -1.402351264190443, 1.146124114220009, 1.2895949708925734, -2.5759363135611593, 0.8265898588862617, 3.0041329371149215]
other derivatives: [-22.49736735   1.03348884  -2.36170581  -7.34080277   8.03099546
   5.15929683]
Current x array =  [-0.72868246 -0.87542938 -0.53715456  0.50814089 -1.69114311 -1.43467205
 -0.40947516 -0.36835769 -1.16562613 -0.09880725 -2.6408767  -2.5000517
 -2.00500579 -0.77775809 -2.79374403 -0.58105941 -0.9625285  -1.33890133
 -0.82291523 -0.45167727]
log likelihood =  -6982.371395755999
Edge derivatives =  [0.40848309567491914, -2.3879637951450317, 0.13903741027647593, -5.2248842104326405, -0.005171714955957363, -0.19894300420688882, 0.9844949884961312, 0.4333127712283241, -1.41222360955205, -1.911205975056899, 0.410888719143574, -1.2792614177565078, -0.927760803101473, -1.1554246666219148]
other derivatives: [56.98274617 -9.8831697  -9.23906009 -5.61047273 -1.90567315  2.59779078]
Current x array =  [-0.77798125 -0.85490074 -0.5303256   0.49210111 -1.67970628 -1.39710058
 -0.38944653 -0.31337447 -1.13456419 -0.06049092 -2.6506296  -2.51336664
 -1.99781111 -0.77082922 -2.82459876 -0.56166214 -0.95337425 -1.35897812
 -0.80772917 -0.42132892]
log likelihood =  -6981.328936392689
Edge derivatives =  [1.4763552567885254, -0.7309448735097497, 1.326483290757476, -1.5149639651132984, -0.009928603818750381, -0.15334197477930378, 1.0698351848932983, 0.9765759782485923, -1.4026873017163566, 0.056370981454584634, 0.9793869707619682, -2.0979148942285915, 0.20275371617549842, 1.5313934423997688]
other derivatives: [ 7.4483487  -2.80069798 -4.59310468 -6.82851805  4.54748031  4.24988379]
Current x array =  [-0.74644456 -0.86803302 -0.53469412  0.50236184 -1.68702248 -1.42113524
 -0.40225895 -0.34854752 -1.15443467 -0.08500208 -2.64439062 -2.504849
 -2.00241358 -0.77526165 -2.80486083 -0.57407067 -0.95923027 -1.3461349
 -0.81744377 -0.44074292]
log likelihood =  -6981.084679535739
Edge derivatives =  [0.16927572499681748, 0.5692811443467775, 0.8034635688825066, -2.4870252563607402, -0.242492845360884, -0.4894019857123607, 0.9114419133989506, 1.1956537867787471, -1.7390782667244005, 0.2891676872707152, 1.0632146963463125, -0.8746389969567593, 0.2840481848214722, 0.9362720110704718]
other derivatives: [ 5.92830747 -1.13183523 -1.04252922 -3.53548057  3.04704566  3.07021338]
Current x array =  [-0.74589333 -0.86898655 -0.53846452  0.488913   -1.68282623 -1.37978502
 -0.36906684 -0.40230857 -1.15938501 -0.08269144 -2.63131546 -2.4838558
 -2.00263832 -0.78251821 -2.7745762  -0.58088106 -0.9620009  -1.37333104
 -0.82554117 -0.44132355]
log likelihood =  -6981.000309037436
Edge derivatives =  [0.11890605678572741, -0.5551468333766839, 0.3162601280548198, -1.9099328107491274, -0.3680690019646473, -0.6406200061184277, 0.5099676281661212, -0.0576836632699711, -1.867124154895749, -1.0283117380472766, -0.10075158132907558, -0.5990088790059064, -1.018851692847749, -2.078854010666916]
other derivatives: [ -8.66464688  -6.81591337 -15.35244701   2.61357309  -5.67661924
   0.09177482]
Current x array =  [-0.74025879 -0.86032854 -0.5337512   0.47083526 -1.66278111 -1.32953472
 -0.37829281 -0.39160472 -1.15114465 -0.10285303 -2.63459686 -2.49052412
 -1.99496748 -0.78030235 -2.79458132 -0.58052163 -0.95794029 -1.38953428
 -0.82391155 -0.43018571]
log likelihood =  -6980.859027218986
Edge derivatives =  [0.5933859459117429, -0.712360518428412, 0.4183102889321498, -1.387456241488319, -0.32380999107454933, -0.5500279518483774, 0.5737894618756282, 0.7433364007120326, -1.7415443940018998, 0.18633503987587707, 0.6379753571198681, -0.24790595604777227, -0.2361466496282567, -0.9845340421248223]
other derivatives: [-1.40255452 -1.77085803  1.98310499  1.65028723 -1.62231797  0.31843111]
Current x array =  [-0.74261478 -0.86618095 -0.54323772  0.46928826 -1.66818418 -1.32535622
 -0.38463644 -0.38448271 -1.14940047 -0.10416009 -2.63630732 -2.49371568
 -1.99514156 -0.78809388 -2.8006768  -0.58689921 -0.96429982 -1.3964016
 -0.82896438 -0.43705978]
log likelihood =  -6980.834751734721
Edge derivatives =  [0.6507019156320997, -0.7888718177754502, 0.5133874185303999, -0.8901634142804364, -0.27837753448655034, -0.5123223177116455, 0.5884877755460314, 0.63897521973652, -1.6807963806416835, 0.14861887542597707, 0.5582767750810367, -0.1546521888797589, -0.1301035569891379, -0.6839992388326122]
other derivatives: [-0.17596176 -0.71794329  1.32276182  0.76136166 -1.05644239  0.41193215]
Current x array =  [-0.74301923 -0.86770078 -0.54249811  0.47277668 -1.66964784 -1.32708302
 -0.38477009 -0.38024606 -1.14770828 -0.10705254 -2.637798   -2.49600863
 -1.99402632 -0.78595558 -2.80571056 -0.58589231 -0.96270446 -1.39688679
 -0.82895826 -0.43809412]
log likelihood =  -6980.786742692473
Edge derivatives =  [0.5370723211974286, -1.30756268907293, 0.5558669587605702, 0.7542051858794571, -0.1977984196623005, -0.46091581721134856, 0.4485554062140761, -0.32086568055004405, -1.5069043048680577, -0.33368851543913436, -0.1752543999305355, 0.18437092474906802, -0.09021113216496451, -0.49776584168319293]
other derivatives: [ 0.74644049  0.10467375  2.06621553 -1.0439162  -0.56930974 -0.10096257]
Current x array =  [-0.74305234 -0.86908341 -0.54233504  0.48010105 -1.67115236 -1.31731047
 -0.38235955 -0.3667471  -1.13777361 -0.12084526 -2.64368826 -2.50556319
 -1.98672794 -0.77671839 -2.83043738 -0.58169526 -0.95478213 -1.4045783
 -0.82850963 -0.43887021]
log likelihood =  -6980.802396082383
Edge derivatives =  [0.6554778270510975, -0.6330512999213339, 0.5862173654104198, 1.299973290815382, 0.005179300376756402, -0.28313524922241196, 0.5931618516456482, 0.5674119249956885, -1.2409748340428357, 0.621965120060286, 0.33388230335504643, 1.2188296050115124, 0.831193552452162, 1.6971114814640078]
other derivatives: [ 4.30724594  4.59062994 -9.35756361 -0.60190723  2.95690516 -0.13841691]
Current x array =  [-0.74476045 -0.87494166 -0.53539378  0.47792466 -1.68281079 -1.3062402
 -0.37152837 -0.37701977 -1.1279375  -0.12148523 -2.64678032 -2.51176952
 -1.97946963 -0.77982623 -2.85295738 -0.58691882 -0.95590977 -1.41614159
 -0.83391858 -0.44922311]
log likelihood =  -6980.767185438044
Edge derivatives =  [0.5879053599586122, -1.0171959172274958, 0.5690983373472094, 0.988551098221531, -0.11089351385468704, -0.3845748312937053, 0.5102352671829248, 0.05933450146722241, -1.3922218238153845, 0.07622796433209311, 0.042591771695704383, 0.6283926152933133, 0.3048476254361856, 0.4430625295943369]
other derivatives: [ 2.27290184  2.03039508 -2.78216248 -0.85783176  0.93681925 -0.11643705]
Current x array =  [-0.74378176 -0.87158508 -0.53937089  0.47917166 -1.6761309  -1.31258309
 -0.37773427 -0.37113388 -1.13357326 -0.12111855 -2.64500867 -2.5082135
 -1.98362839 -0.77804554 -2.84005418 -0.5839259  -0.95526367 -1.40951622
 -0.83081943 -0.44329125]
log likelihood =  -6980.745337538836
Edge derivatives =  [0.4693695453771033, -1.0606530612510165, 0.43395007507350175, 1.0467858254701916, -0.09667196842898218, -0.3627781747814417, 0.43178193509501717, -0.1562429490690056, -1.3215681710462868, 0.05915205437875015, -0.13593006069136476, 0.663890682407391, 0.3116999277326442, 0.503164888727085]
other derivatives: [ 1.49050175  1.03177354 -2.42599253 -0.63169136  1.11937403 -0.32780684]
Current x array =  [-0.74345895 -0.87032745 -0.53957219  0.47820806 -1.67706135 -1.30760026
 -0.37555168 -0.37123101 -1.12882191 -0.12251231 -2.64716245 -2.51227139
 -1.97995793 -0.7766245  -2.85193371 -0.58366908 -0.95367247 -1.41152233
 -0.83069581 -0.4438974 ]
log likelihood =  -6980.666307915631
Edge derivatives =  [-0.17539774082086707, -1.055275745101028, -0.34094683424580463, 0.46344439331517195, -0.014374910125751983, -0.2128830941202, 0.02454406836280998, -0.9316941043487759, -0.9592064423770679, -0.028695666998357017, -0.8530405177056424, 0.3956214645350339, 0.18162700112009322, 0.6953175051593785]
other derivatives: [-1.49971311 -0.22588574 -1.16335013  0.83100713  0.29913926 -0.83948805]
Current x array =  [-0.74229196 -0.86883539 -0.54039266  0.47314723 -1.67767741 -1.29611828
 -0.36666854 -0.37714379 -1.10658095 -0.12285297 -2.65833084 -2.53407998
 -1.96173419 -0.77165334 -2.91443338 -0.58210377 -0.94807073 -1.4115912
 -0.8279419  -0.44576062]
log likelihood =  -6980.623850177607
Edge derivatives =  [-0.5211157759343589, -0.6474862099088532, -0.758097879275334, -0.18521344647224247, 0.07592344869967071, -0.04855023735711339, -0.15356877555930326, -0.755816944349015, -0.667892378197151, 0.18657286627400516, -0.7186889465873239, 0.10345853852864945, 0.2697913463446379, 0.9237282670043954]
other derivatives: [-1.83188422 -2.6377711   0.55729015  0.10716121  1.26202285 -0.32608522]
Current x array =  [-0.74211928 -0.86597297 -0.54094593  0.47563102 -1.68023149 -1.30206998
 -0.36053819 -0.3879427  -1.0941349  -0.11826888 -2.66604709 -2.55003477
 -1.9500295  -0.77326342 -2.96131144 -0.58131519 -0.94936023 -1.40670103
 -0.82556702 -0.44594061]
log likelihood =  -6980.5913009338765
Edge derivatives =  [-0.5365906773075485, -0.06921083385164428, -1.107188864360265, -0.39652373032921023, 0.15731157853193667, 0.11540935430211724, -0.4767921191261685, -0.4633958526090842, -0.3922883949724735, 0.09512426431090193, -0.5863873694124029, -0.32608598360034935, -0.10885233647695425, 0.0204792730417247]
other derivatives: [-1.59309911  0.96024996  0.55297642  1.03730417 -1.11285558 -0.43141206]
Current x array =  [-0.7421777  -0.8699475  -0.54164149  0.47292075 -1.67322648 -1.30015738
 -0.36040543 -0.4071459  -1.08412694 -0.12102792 -2.6743433  -2.56906795
 -1.93573238 -0.77784223 -3.02085993 -0.58070442 -0.95329021 -1.40064862
 -0.82146291 -0.44046911]
log likelihood =  -6980.57601635263
Edge derivatives =  [-0.18326946397644484, 0.10919766707712542, -0.814045303273287, -0.09037713194088598, 0.17698447844746457, 0.15517067276148205, -0.36112728690894924, -0.029393493422794625, -0.3655850976821707, 0.17616539428935907, -0.12784968219151283, -0.30785685177169586, -0.011090979595838435, -0.06190290877465454]
other derivatives: [ 0.72726561 -0.23713801  0.39976021  0.21840333 -0.0862357  -0.02815057]
Current x array =  [-0.7432793  -0.86817954 -0.54142311  0.47507736 -1.67388484 -1.30689984
 -0.36468105 -0.40820831 -1.09008714 -0.12126878 -2.67357627 -2.56872223
 -1.93831633 -0.78112052 -3.02222941 -0.58045287 -0.9572423  -1.39900896
 -0.82126622 -0.43913774]
log likelihood =  -6980.572253743331
Edge derivatives =  [0.10557301516915368, 0.20897436148277837, -0.5097093751924847, 0.267033132039599, 0.18980071014326694, 0.1802171505455622, -0.2513268613361622, 0.28351469848578215, -0.3485049668767975, 0.18194109314045126, 0.22257406482296405, -0.2614785464254314, 0.054865273659553904, -0.09345215150346409]
other derivatives: [-1.35726441  0.25863119  0.27129136 -0.39837505  0.62265665  0.29986205]
Current x array =  [-0.74181886 -0.86898172 -0.54144436  0.47756239 -1.6742908  -1.31266494
 -0.36874308 -0.40818538 -1.09685043 -0.12235587 -2.67241132 -2.56764683
 -1.94143531 -0.78332541 -3.02237963 -0.5799091  -0.9602626  -1.39826226
 -0.82125647 -0.43849979]
log likelihood =  -6980.56842691019
Edge derivatives =  [0.2368557006094389, 0.19622817578720952, -0.3842063192447681, 0.44584524068665865, 0.18850221068665984, 0.18344234540396337, -0.23081829446405144, 0.2453647193944909, -0.33707026295128184, 0.025440639322244385, 0.24638756504033504, -0.20159347970382058, 0.006038453424177803, -0.23784149560094914]
other derivatives: [ 1.26002124  0.05275615 -0.24148267 -0.46877085  0.31644376  0.22204646]
Current x array =  [-0.74328955 -0.86833884 -0.54121773  0.4773627  -1.67282495 -1.31180267
 -0.37042285 -0.40758956 -1.10016461 -0.12361959 -2.67193324 -2.56769242
 -1.94247942 -0.78316582 -3.02610316 -0.57893095 -0.96060098 -1.39924499
 -0.82085037 -0.43774511]
log likelihood =  -6980.565502690436
Edge derivatives =  [0.23740414556396638, 0.16939751057435348, -0.36228298239814577, 0.44127633191437, 0.1868725184471447, 0.18597763922535465, -0.23602442371476795, 0.1566674650805009, -0.3190838991495034, -0.06603157010415239, 0.19917137190146172, -0.15847498710785282, -0.022402041197334077, -0.2474222528907042]
other derivatives: [ 1.25269798 -0.05700713 -0.56812496 -0.2894858   0.08384574  0.13171664]
Current x array =  [-0.74334367 -0.86809424 -0.54114675  0.47668343 -1.67223192 -1.31016976
 -0.37039874 -0.40750552 -1.10141371 -0.12380564 -2.67188621 -2.56833333
 -1.94253088 -0.78261676 -3.03104217 -0.57837886 -0.96025339 -1.40037712
 -0.82065336 -0.43795124]
log likelihood =  -6980.561480574674
Edge derivatives =  [0.34045813310065143, 0.07887670173869576, -0.05523267049342878, 0.49895163597675873, 0.17970803794968104, 0.21972689837428955, -0.1982494914606706, -0.20936909053460173, -0.1597504983403747, -0.28005535932926284, 0.10367730185267404, 0.28036773303015927, 0.06983311773843481, 0.18694666281668815]
other derivatives: [ 3.32294803  1.2681212   3.38306199  0.35397079  0.35024262 -0.24537744]
Current x array =  [-0.74421778 -0.86910005 -0.54400367  0.47235039 -1.67141251 -1.29988896
 -0.3696314  -0.40803675 -1.11441921 -0.12335879 -2.66992246 -2.57097944
 -1.94537705 -0.78064522 -3.06642782 -0.57631225 -0.95923769 -1.41042697
 -0.82076151 -0.4421285 ]
log likelihood =  -6980.552462673966
Edge derivatives =  [0.2814015848688666, 0.05970969385682845, -0.031280799418713756, 0.18688172709464712, 0.18468147976640015, 0.2385735867674178, -0.16200879052782868, -0.19541687014402287, -0.1296522105933119, -0.42138334848691616, 0.11012656732687731, 0.24353189319511354, -0.027214186327826406, 0.0955120979596843]
other derivatives: [-0.27983333 -0.45414527 -0.7178769   0.53310214 -0.41807818 -0.14838271]
Current x array =  [-0.74258341 -0.86702338 -0.54188484  0.47306315 -1.67002037 -1.30275167
 -0.36989026 -0.40803267 -1.11725414 -0.12125173 -2.66972197 -2.5720034
 -1.94619495 -0.7807532  -3.07464834 -0.57555159 -0.95947601 -1.40928527
 -0.8198242  -0.44165142]
log likelihood =  -6980.551022794647
Edge derivatives =  [0.2660968871469268, 0.08493252943832064, -0.03438883000048637, 0.13933698906674297, 0.18692413731169077, 0.2404088414508641, -0.1467960566213906, -0.10530051341969049, -0.133064826277765, -0.3182577226623742, 0.15691327121957227, 0.21021251864686483, 0.011314598810181209, 0.14323625899721126]
other derivatives: [-0.265567   -0.31525451 -0.17468301  0.28707836 -0.14294475 -0.02721594]
Current x array =  [-0.74250763 -0.86730733 -0.5420768   0.47395551 -1.67066218 -1.30472811
 -0.36961499 -0.40814926 -1.11700283 -0.12045806 -2.66952964 -2.57141095
 -1.94652195 -0.78128179 -3.07214253 -0.57607206 -0.95975327 -1.40829447
 -0.81994616 -0.44166443]
log likelihood =  -6980.549137657674
Edge derivatives =  [0.21179509531137825, 0.09209207748200382, 0.008057599045011687, -0.004568665077705036, 0.19312761711280324, 0.24904653152173023, -0.09977749612691489, -0.006329015991245912, -0.10790087971452261, -0.1532559767904017, 0.161195223305725, 0.2393194234354289, 0.07288724488876563, 0.2958920015955402]
other derivatives: [-0.07133349  0.09454379 -0.10384429  0.01737953  0.14595817  0.08310655]
Current x array =  [-0.74252402 -0.86792731 -0.54199337  0.47495946 -1.6715446  -1.30602333
 -0.36812641 -0.40797098 -1.11900303 -0.11847952 -2.66843306 -2.57040156
 -1.94791021 -0.78166325 -3.07510518 -0.57698212 -0.95939808 -1.40817947
 -0.82005185 -0.44220132]
log likelihood =  -6980.547553560904
Edge derivatives =  [0.06357544485213557, 0.012606703925695628, 0.048074755227081434, -0.20454320081919558, 0.16871459400737843, 0.22947088504409507, -0.058047165327879346, 0.05063633381273425, -0.0970000347137076, 0.05637368603213988, 0.05325143266681265, 0.13298518926141, 0.025173540647220938, 0.08313506293326078]
other derivatives: [-0.49330811 -0.37884729  1.29867476 -0.34327604  0.10002023  0.16452975]
Current x array =  [-0.74226226 -0.86744122 -0.54268733  0.47636716 -1.67133136 -1.30735709
 -0.36621234 -0.40690126 -1.12266306 -0.11646688 -2.66574619 -2.56735088
 -1.95080004 -0.78230669 -3.07804645 -0.57862045 -0.95844691 -1.40663917
 -0.8196292  -0.44070357]
log likelihood =  -6980.545974076373
Edge derivatives =  [0.03005243503732219, -0.014916452936514668, 0.10394082975975633, -0.21538312759557604, 0.16791928747914242, 0.22644948845334062, -0.026458292168310305, 0.06283106134494032, -0.07565770179344461, 0.11835709661845706, -0.021102305425745094, 0.16939845179528937, 0.016255458865999495, 0.08571887160609393]
other derivatives: [-0.15054229  0.11598058  0.4526255  -0.26978159 -0.00128198  0.09836208]
Current x array =  [-0.74247293 -0.86806137 -0.54219027  0.47617063 -1.67144808 -1.30595161
 -0.36492944 -0.40637048 -1.12488451 -0.11604037 -2.66425885 -2.56604852
 -1.95214763 -0.78215014 -3.08285856 -0.57920675 -0.95758682 -1.40701168
 -0.81951605 -0.44049461]
log likelihood =  -6980.544982810703
Edge derivatives =  [-0.014562510411523621, -0.056947838846152066, 0.13765690828098376, -0.17569537478832253, 0.156630874062338, 0.21114198520597244, -0.01149842208848173, 0.03501809069983275, -0.06533741491071976, 0.14511996390874682, -0.11824300024130618, 0.15424495679516154, -0.023867997128159457, -0.01744429032823991]
other derivatives: [ 0.09107316  0.18246192 -0.11863813 -0.10597796 -0.15442423 -0.00753785]
Current x array =  [-0.74268371 -0.86812816 -0.54185584  0.4755741  -1.67142311 -1.30406203
 -0.36374207 -0.40576436 -1.12638807 -0.1162935  -2.6625661  -2.56429345
 -1.95334479 -0.78187679 -3.0866102  -0.57966937 -0.9566957  -1.40684875
 -0.81931406 -0.43973306]
log likelihood =  -6980.544275993119
Edge derivatives =  [-0.044446615898045105, -0.07577889335207733, 0.1561275523408841, -0.10298643057641788, 0.14209805955372867, 0.19218706480228825, -0.0018583100878015735, 0.021238028252946295, -0.062140365941521, 0.14622048602828008, -0.15507691366370918, 0.10770602881890376, -0.040888338522791834, -0.08859246962057221]
other derivatives: [ 0.1680155   0.05784659 -0.28658815  0.00198997 -0.11866152 -0.05751249]
Current x array =  [-0.74278075 -0.86799631 -0.54171761  0.47510116 -1.67175181 -1.30315724
 -0.36292662 -0.40543978 -1.1269623  -0.11675388 -2.66095898 -2.56235203
 -1.95428512 -0.78172088 -3.08834598 -0.57980083 -0.95637401 -1.40607696
 -0.81923837 -0.43914655]
log likelihood =  -6980.542945146445
Edge derivatives =  [-0.11122800761412804, -0.09524949121698367, 0.15709666517650445, 0.008348440616855912, 0.10180464592642624, 0.14172581867544237, 0.011494565633430542, 0.001883888262432576, -0.061601131031362555, 0.06309730926757795, -0.1402209704619194, -0.024063246253116066, -0.05715845840948364, -0.169587613265193]
other derivatives: [-0.00743239  0.12244163 -0.34168352  0.13914541 -0.11406517 -0.0949343 ]
Current x array =  [-0.74274099 -0.86818858 -0.54160611  0.47459996 -1.67214734 -1.30274205
 -0.36170819 -0.40522233 -1.12696117 -0.1176023  -2.65721532 -2.55750492
 -1.95613043 -0.78148135 -3.09032959 -0.57939842 -0.95666038 -1.40368985
 -0.81925572 -0.43842111]
log likelihood =  -6980.546743956869
Edge derivatives =  [-0.07641893096733943, -0.006490702600302156, 0.16125893153474968, 0.14491316208171978, 0.02805278221631391, 0.061301903193469065, 0.06105344965213033, 0.018261887091033824, -0.03937378209375492, -0.059663755953560105, 0.07817449752042349, -0.18215695083606412, 0.048066082261783494, 0.03258276499128421]
other derivatives: [ 3.11806434 -1.62407014 -0.79712845 -0.3072455   0.5285889   0.00829529]
Current x array =  [-0.74456622 -0.86585042 -0.54097413  0.47545981 -1.67344    -1.30449478
 -0.36113164 -0.40612765 -1.12584014 -0.11793183 -2.65011051 -2.54837402
 -1.95920064 -0.78127041 -3.09544793 -0.57833823 -0.95855399 -1.40008184
 -0.81969672 -0.43910457]
log likelihood =  -6980.542544190394
Edge derivatives =  [-0.1029620234300575, -0.07425948850733344, 0.1581144120892372, 0.04066275212659487, 0.08447377825197866, 0.12285908514577248, 0.02322954052453452, 0.005751493294892773, -0.05632301312150234, 0.034148760667324196, -0.08860418765281264, -0.0612763611054723, -0.0322623644327652, -0.12178868412336419]
other derivatives: [ 0.73215779 -0.28901013 -0.44905119  0.03367131  0.03783225 -0.07052313]
Current x array =  [-0.74317182 -0.86763667 -0.54145693  0.47480292 -1.67245246 -1.30315577
 -0.3615721  -0.40543602 -1.12669656 -0.11768008 -2.65553829 -2.55534964
 -1.95685513 -0.78143156 -3.09153774 -0.57914817 -0.95710735 -1.40283821
 -0.81935982 -0.43858244]
log likelihood =  -6980.5416749677415
Edge derivatives =  [-0.12404026674019003, -0.06513379339613756, 0.14862097663016327, 0.10100935370275832, 0.04761707158084194, 0.08236470666102247, 0.031174705830733118, -0.03043790678045144, -0.04744935787476734, -0.08269885480014683, -0.007937174175189354, -0.12818712099113083, -0.0066902702743680265, -0.04937362857260874]
other derivatives: [ 0.19715299 -0.19033905 -0.12881537  0.10187159  0.14043339 -0.07112011]
Current x array =  [-0.74286475 -0.86784828 -0.54163458  0.47452461 -1.67275502 -1.30309983
 -0.36123873 -0.40584789 -1.12639913 -0.11818963 -2.65245563 -2.55150665
 -1.95812307 -0.78115397 -3.09456205 -0.57832022 -0.95797025 -1.40167902
 -0.81960386 -0.43905397]
log likelihood =  -6980.541199083828
Edge derivatives =  [-0.11542126579245465, -0.044687352470375696, 0.12297342455405313, 0.07027633749968876, 0.026904797182840445, 0.062805675741333, 0.03280762243132063, -0.04114632402272722, -0.041727561693761794, -0.13649462813543856, 0.058873765574884884, -0.1401692692529124, 0.011956890046765645, 0.021486837480592547]
other derivatives: [ 0.01038461 -0.07596554  0.05195216  0.05421862  0.10524813 -0.04375716]
Current x array =  [-0.74272988 -0.86800687 -0.54175768  0.47475319 -1.6725148  -1.30367969
 -0.36165497 -0.40641081 -1.12571142 -0.11812545 -2.65089785 -2.54950457
 -1.95856127 -0.78113057 -3.09615041 -0.57795067 -0.95866235 -1.40143693
 -0.81976684 -0.43958813]
log likelihood =  -6980.540675439006
Edge derivatives =  [-0.07362092271850001, -0.006657111774864166, 0.08083219314033796, 7.78794775143643e-05, 0.004044697770218431, 0.04445732198521579, 0.03434527158073597, -0.045260554623108185, -0.03159148622446456, -0.13599567172131188, 0.11169645309177773, -0.10860930480598936, 0.028594598930341997, 0.10218516066698502]
other derivatives: [-0.26857469 -0.06101436 -0.0466971  -0.01145054  0.03183921 -0.01590753]
Current x array =  [-0.74255022 -0.86801433 -0.54174782  0.47511127 -1.67209497 -1.30430731
 -0.36268284 -0.40728257 -1.12444783 -0.11789347 -2.64915497 -2.54722584
 -1.95879665 -0.78120415 -3.09875701 -0.5780355  -0.95916288 -1.40197842
 -0.81990957 -0.44021385]
log likelihood =  -6980.541470199991
Edge derivatives =  [0.03960773835824394, 0.05154220627708117, 0.008805420425874011, -0.002430213062187936, -0.03526037562941886, 0.012817071270721292, 0.01250927109468758, -0.08955073397194213, -0.015068768538092747, -0.10251898311422936, 0.1279199287471534, -0.029158822301206103, 0.036507284576977994, 0.14276147665432382]
other derivatives: [ 1.13273836  0.74874151  1.41642977 -0.05543734 -0.0583841  -0.0476697 ]
Current x array =  [-0.74317533 -0.8688751  -0.54263397  0.47486098 -1.67121536 -1.30390344
 -0.36485867 -0.40865763 -1.12173098 -0.11849288 -2.64653554 -2.54367392
 -1.95861476 -0.78118873 -3.10373944 -0.57839256 -0.95932962 -1.40381486
 -0.82000526 -0.44070335]
log likelihood =  -6980.54049856241
Edge derivatives =  [-0.03973639575862081, 0.010750761527055896, 0.05936327357518395, -0.0006722835709492836, -0.007685451255526887, 0.03502693034100801, 0.02782326225768883, -0.05849438793074424, -0.026630942264153135, -0.1259680944965269, 0.11655241163025892, -0.08483173253325195, 0.030981695420371824, 0.11432963294119214]
other derivatives: [ 0.15075057  0.18134597  0.3913492  -0.02462184  0.00492711 -0.02540433]
Current x array =  [-0.74273713 -0.8682717  -0.54201278  0.47503643 -1.67183196 -1.30418656
 -0.36333341 -0.40769372 -1.12363549 -0.11807269 -2.64837176 -2.54616381
 -1.95874226 -0.78119954 -3.10024676 -0.57814226 -0.95921273 -1.40252752
 -0.81993818 -0.44036021]
log likelihood =  -6980.540216331048
Edge derivatives =  [-0.00382232004556321, 0.032118156535502096, 0.03358690138485554, -0.04889501960304393, -0.019140241784494028, 0.02733664065172814, 0.029194445083258858, -0.05038683627388818, -0.019866433715098275, -0.06610592643692126, 0.1032706304346877, -0.04389201133831884, 0.025066249461636603, 0.11188280566249409]
other derivatives: [ 0.00573164  0.08879852  0.14583293 -0.05020593 -0.06720279 -0.02337018]
Current x array =  [-0.74266158 -0.86813155 -0.54190324  0.47521619 -1.67153312 -1.30433856
 -0.36409604 -0.40813381 -1.12282766 -0.11792134 -2.64742766 -2.54487143
 -1.95878068 -0.7813516  -3.10216396 -0.57869181 -0.95904041 -1.40329906
 -0.81990948 -0.44038008]
log likelihood =  -6980.540034039121
Edge derivatives =  [0.02311912336170202, 0.04287541880824908, 0.022923524266258433, -0.04767040760661634, -0.0257414962693312, 0.022289884831546702, 0.031199226468532237, -0.029645619937040513, -0.014769909693162275, 0.010513196938328306, 0.056866810414734625, -0.009359701111081822, 0.012454863779655934, 0.061730178730817764]
other derivatives: [-0.02330125  0.01209446 -0.0094924  -0.03864807 -0.06093223 -0.0327641 ]
Current x array =  [-0.74265642 -0.86802583 -0.54181567  0.47517509 -1.67154018 -1.30422316
 -0.36452094 -0.40824308 -1.12228427 -0.1180132  -2.64675164 -2.54382362
 -1.95878984 -0.78155977 -3.10374206 -0.57932945 -0.9585032  -1.40397606
 -0.81980279 -0.43999499]
log likelihood =  -6980.539946791858
Edge derivatives =  [0.02906902073072687, 0.04320898120378569, 0.018499048738527535, -0.014308463696750429, -0.027342342422539634, 0.019253481305435916, 0.030354939555138905, -0.004090443167024338, -0.013491208937155358, 0.03448517263987605, 0.021135918836590994, 0.006806601272455706, 0.005743989907217917, 0.014744901547752098]
other derivatives: [-0.0023183  -0.00338605 -0.06047958 -0.0046748  -0.01848459 -0.0307578 ]
Current x array =  [-0.74267846 -0.86801449 -0.5417707   0.47501684 -1.6717161  -1.30431323
 -0.36461683 -0.40809322 -1.12183262 -0.11827056 -2.64657206 -2.54322739
 -1.95862147 -0.78176149 -3.1043154  -0.57950049 -0.95806506 -1.40427919
 -0.81971534 -0.43959721]
log likelihood =  -6980.539917875856
Edge derivatives =  [0.008611059014664524, 0.026408791000406717, 0.0042031109272158695, -0.0028296713238269433, -0.028581258855270852, 0.01604938416383994, 0.02161636501507258, 0.007120378785124837, -0.013866086847842712, 0.03443889489642726, -0.01925739739609189, 0.01039219337893317, -0.002659397334254854, -0.03244749564870952]
other derivatives: [-0.08372626 -0.15565092  0.22010954 -0.00770888  0.01269073 -0.01434984]
Current x array =  [-0.74264161 -0.86783799 -0.54191148  0.47499292 -1.67182661 -1.3046803
 -0.36455921 -0.4076956  -1.12132921 -0.11840608 -2.64680792 -2.54285728
 -1.95819843 -0.78192066 -3.10461412 -0.579455   -0.95761797 -1.40451106
 -0.81960258 -0.43926837]
log likelihood =  -6980.539874217127
Edge derivatives =  [0.003182338791087813, 0.02360429918330753, 0.004557429052124806, 0.022150031093861933, -0.028674537179577353, 0.013076332252643486, 0.021758632763611785, 0.01916088381760206, -0.013476273921965876, 0.011881115532668018, -0.022148905609329195, 0.011358550741315851, -0.0023048727164204363, -0.035474479561397265]
other derivatives: [-0.00352156 -0.03539571  0.027645    0.02549223  0.00521353 -0.01290506]
Current x array =  [-0.74269382 -0.86799964 -0.54178845  0.47488582 -1.67191753 -1.30478944
 -0.36444913 -0.40752887 -1.12113875 -0.11857767 -2.64671874 -2.54245914
 -1.958121   -0.78195165 -3.10478571 -0.57928121 -0.95754277 -1.40442366
 -0.81958506 -0.43917252]
log likelihood =  -6980.539857435882
Edge derivatives =  [-0.004215783337332302, 0.01941227331134343, 0.00180478568940462, 0.020931306223308854, -0.02826598944995129, 0.012147060879984295, 0.01990032058848412, 0.019455605488096772, -0.013413290669463007, -0.005381341604916989, -0.017527888445524276, 0.009452403587374605, -0.0004904595677667767, -0.025114846587861672]
other derivatives: [ 4.95765562e-03 -5.45696821e-04  7.73070497e-05  2.03745003e-02
 -4.84904624e-03 -6.09486936e-03]
Current x array =  [-0.74269822 -0.86805013 -0.54176666  0.47492371 -1.67192379 -1.30495515
 -0.36439288 -0.4074108  -1.12103925 -0.1185679  -2.6468179  -2.54236324
 -1.95800632 -0.78193292 -3.10477534 -0.5791371  -0.95757624 -1.40435638
 -0.81958321 -0.43922608]
log likelihood =  -6980.5398310810515
Edge derivatives =  [-0.015495352929505546, 0.009651173722382, -0.006644952028658391, 0.012102731108506792, -0.027124919245848478, 0.01044519373037156, 0.013696642765565259, 0.017484112456384704, -0.012237042240018536, -0.022492023477627576, -0.01246671183992848, 0.009943909392493719, 0.0025309935009953932, -0.0031979319428503405]
other derivatives: [ 0.02436991  0.01615717 -0.0083337  -0.00592991 -0.00262516  0.01143489]
Current x array =  [-0.74270713 -0.86808598 -0.54174168  0.47504696 -1.67198213 -1.30535872
 -0.3643713  -0.40708201 -1.12072084 -0.11848976 -2.64714453 -2.54206041
 -1.95762628 -0.78187714 -3.10495791 -0.57896413 -0.95758364 -1.40432127
 -0.81955078 -0.43932892]
log likelihood =  -6980.539843597821
Edge derivatives =  [-0.022108750746455685, -0.009221608962962202, -0.017889087778476087, -0.006551285285325226, -0.02396274344954774, 0.009783267856692257, -0.0011178144158127123, -0.010697601845722993, -0.011535728191137629, -0.021402933234328625, -0.011367138534355947, 0.007828657850598802, -0.006362426986549985, 0.0061199549628476735]
other derivatives: [-0.27897204  0.1565877   0.03270725  0.04143658 -0.04724661  0.00876151]
Current x array =  [-0.7425389  -0.86829817 -0.54177376  0.47495079 -1.67197346 -1.30546001
 -0.36453642 -0.40660612 -1.12041038 -0.11841593 -2.6479361  -2.54184649
 -1.95696819 -0.78163768 -3.10524786 -0.5789725  -0.95761653 -1.40433716
 -0.81947266 -0.43940283]
log likelihood =  -6980.539821649037
Edge derivatives =  [-0.01811400642070299, 0.002180004873326147, -0.011096323277577924, 0.00471711513576778, -0.02587172199605614, 0.010183516486482524, 0.0078324157379015, 0.006325655032038746, -0.011959203602119356, -0.022060177701330175, -0.012031296644087253, 0.009106601610143358, -0.000989966526995456, 0.0004921225390919215]
other derivatives: [-0.0957225   0.07177096  0.00791624  0.01282297 -0.020292    0.01037622]
Current x array =  [-0.74264051 -0.86817    -0.54175438  0.47500888 -1.6719787  -1.30539883
 -0.36443668 -0.40689357 -1.12059791 -0.11846052 -2.64745797 -2.5419757
 -1.9573657  -0.78178232 -3.10507272 -0.57896744 -0.95759666 -1.40432756
 -0.81951985 -0.43935819]
      fun: 6980.539821649037
 hess_inv: <20x20 LbfgsInvHessProduct with dtype=float64>
      jac: array([ 0.0957225 , -0.07177096, -0.00791624, -0.01282297,  0.020292  ,
       -0.01037622,  0.01811401, -0.00218   ,  0.01109632, -0.00471712,
        0.02587172, -0.01018352, -0.00783242, -0.00632566,  0.0119592 ,
        0.02206018,  0.0120313 , -0.0091066 ,  0.00098997, -0.00049212])
  message: 'CONVERGENCE: REL_REDUCTION_OF_F_<=_FACTR*EPSMCH'
     nfev: 58
      nit: 51
     njev: 58
   status: 0
  success: True
        x: array([-0.74264051, -0.86817   , -0.54175438,  0.47500888, -1.6719787 ,
       -1.30539883, -0.36443668, -0.40689357, -1.12059791, -0.11846052,
       -2.64745797, -2.5419757 , -1.9573657 , -0.78178232, -3.10507272,
       -0.57896744, -0.95759666, -1.40432756, -0.81951985, -0.43935819])
