number of sites to be analyzed:  228
log likelihood =  -2496.531417657221
Lr derivatives =  [39.64094883819823, -74.8945807740002, -108.00396813513919]
other derivatives =  [ 54.388639   -33.75128472  48.92968263 -76.19604821 257.27410184
  -4.42640157  -0.        ]
Current x_clock array =  [-0.53299948 -0.64120636 -0.6347314   0.18232156 -0.10536052 -0.10536052
  0.33647224 -0.51082562 -0.51082562 -0.51082562]
log likelihood =  -2288.323314998326
Lr derivatives =  [-35.431939407855516, -108.15921771279503, -122.87023717743334]
other derivatives =  [-174.02869889  -19.19780152  -37.26377963  -46.10934502  182.56893601
   -1.10582369   -0.        ]
Current x_clock array =  [-0.72657921 -0.63910214 -0.80888164  0.45351809 -1.02104902 -0.08960609
  0.33647224 -0.65191546 -0.5090075  -0.5090075 ]
log likelihood =  -2053.871291198132
Lr derivatives =  [-66.72736798819243, -64.45485720570953, -58.518133730561175]
other derivatives =  [297.24291517  51.73318505 -93.61423372  44.85514243  18.23144424
  -0.66490611  -0.        ]
Current x_clock array =  [-0.40958442 -0.62265335 -0.98177819  1.12262949 -3.38350724 -0.05677496
  0.33647224 -0.77186059 -0.22742532 -0.23192924]
log likelihood =  -2016.3777175541413
Lr derivatives =  [-19.452575994333564, -4.612416853347787, 106.15714161823529]
other derivatives =  [-199.44779842   -6.04634715  -78.02228424   36.7673685     3.70645842
    0.57064813   -0.        ]
Current x_clock array =  [-0.75602857 -0.73378536 -0.75161574  1.16344857 -3.92548685 -0.05038166
  0.33647224 -0.59505334  0.         -0.00963272]
log likelihood =  -1993.0218160652717
Lr derivatives =  [-15.073166007399728, -6.3740249846958115, 2.9915896573246847]
other derivatives =  [-116.77209636    4.86782619  -48.25315659   31.32055947   11.06725247
   -0.2026909    -0.        ]
Current x_clock array =  [-0.65580474 -0.72318477 -0.70000517  1.08679635 -3.72641696 -0.05337472
  0.33647224 -0.58305425  0.         -0.09630459]
log likelihood =  -1984.0905626345411
Lr derivatives =  [-12.459385485886642, -4.457188689812879, 7.174214458559562]
other derivatives =  [62.19701913  9.05654883 14.26696554 25.7417762  15.99526112 -0.24512542
 -0.        ]
Current x_clock array =  [-0.51377028 -0.7341315  -0.60010256  0.99761875 -3.65728365 -0.05395552
  0.33647224 -0.54832524  0.         -0.08694881]
log likelihood =  -1981.4235602010929
Lr derivatives =  [-11.45174301389012, -4.154271558496338, 6.580797397226812]
other derivatives =  [-1.86427496  1.9612703   4.93376092 25.82233308 12.99793853 -0.09658152
 -0.        ]
Current x_clock array =  [-0.55610074 -0.74305456 -0.60885354  1.00216015 -3.745425   -0.05284239
  0.33647224 -0.5383047   0.         -0.08962098]
log likelihood =  -1979.400760738813
Lr derivatives =  [-10.108636143418416, -3.4956962140685484, 6.281616780937738]
other derivatives =  [-18.13085964  -3.5885746    4.46855074  24.70481695   9.79597015
   0.12516693  -0.        ]
Current x_clock array =  [-0.56690531 -0.75429768 -0.60638739  0.98280962 -3.86926565 -0.05120877
  0.33647224 -0.51644912  0.         -0.09262732]
log likelihood =  -1973.9747104306687
Lr derivatives =  [2.4558787209346944, 3.873862645181039, 5.89945891674289]
other derivatives =  [-30.03160191  -4.14572833  -4.42746455  18.12388768   2.0813315
   0.91175662  -0.        ]
Current x_clock array =  [-0.57112336 -0.7665827  -0.61381099  0.84961391 -4.26265769 -0.04734972
  0.33647224 -0.42057019  0.         -0.10995002]
log likelihood =  -1971.4879800060435
Lr derivatives =  [-10.56268302066038, -8.915646599045994, -6.46374265442816]
other derivatives =  [ -8.79733238 -24.93464353  28.45218592   7.02193211  -2.56002765
   1.28316469  -0.        ]
Current x_clock array =  [-0.5526792  -0.79490697 -0.57503881  0.59793278 -4.53415178 -0.05637459
  0.33647224 -0.41654099 -0.05014297 -0.13456413]
log likelihood =  -1969.729498514609
Lr derivatives =  [0.28448193495772234, -1.5872525460768514, -3.2894731397905863]
other derivatives =  [ 5.61910815  1.38187852 -5.33617776  3.6760639  -2.96695313  1.59173487
 -0.        ]
Current x_clock array =  [-0.54153732 -0.7526012  -0.63005302  0.47585322 -4.59164305 -0.06291361
  0.33647224 -0.38847384 -0.05440126 -0.13586156]
log likelihood =  -1969.4663923698122
Lr derivatives =  [0.7292288914256604, -1.159498550442699, -2.5367193463749595]
other derivatives =  [ 3.76806656  3.37107645 -0.62491199  2.61691866 -1.75656634  1.52861594
 -0.        ]
Current x_clock array =  [-0.54357884 -0.74820034 -0.62263694  0.45681928 -4.52453224 -0.06723473
  0.33647224 -0.39240718 -0.05246863 -0.13188768]
log likelihood =  -1969.365435146628
Lr derivatives =  [-0.709542679941018, -1.7425570447727172, -1.5250281202748557]
other derivatives =  [ 3.55305951 -8.46940839 -2.24199766 -0.56448812  1.29023913  1.3493966
 -0.        ]
Current x_clock array =  [-0.54312276 -0.76342198 -0.62897883  0.39802096 -4.37322606 -0.08406334
  0.33647224 -0.40900643 -0.04943695 -0.12180302]
log likelihood =  -1969.2534240425257
Lr derivatives =  [0.8491497146144731, -0.10280990992822303, 0.165088481276988]
other derivatives =  [-0.01472381  2.11742031  1.96523752 -0.29849912  0.37567829  1.41697137
 -0.        ]
Current x_clock array =  [-0.54667776 -0.74694143 -0.62057736  0.39595213 -4.41863537 -0.08979552
  0.33647224 -0.40672684 -0.0444321  -0.1185166 ]
log likelihood =  -1969.2403461185545
Lr derivatives =  [0.4122461222727196, -0.3799017511142373, -0.07224927247107774]
other derivatives =  [ 0.15972637  0.5058223   0.52443443 -0.06906544  0.08816816  1.42004819
 -0.        ]
Current x_clock array =  [-0.54627423 -0.74960264 -0.62301083  0.40047823 -4.43193458 -0.09132353
  0.33647224 -0.40748688 -0.04441859 -0.11917246]
log likelihood =  -1969.2287003309953
Lr derivatives =  [0.10929262037908671, -0.3791226378267396, 0.02440928853241109]
other derivatives =  [-0.3227276  -0.23351822 -0.42232614 -0.00654359 -0.05345213  1.40341717
 -0.        ]
Current x_clock array =  [-0.54647367 -0.75066099 -0.62469174  0.40119753 -4.43824639 -0.09833084
  0.33647224 -0.40998146 -0.04246245 -0.11868869]
log likelihood =  -1969.196696567656
Lr derivatives =  [-0.7366368540729784, -0.11691784159474472, 0.4262136548451293]
other derivatives =  [-1.50670485 -1.44987257 -2.08501342  0.02114507 -0.32360947  1.31974434
 -0.        ]
Current x_clock array =  [-0.54707792 -0.75210458 -0.62787176  0.40015564 -4.45016982 -0.12858293
  0.33647224 -0.41929164 -0.03399664 -0.11704088]
log likelihood =  -1969.1600131775526
Lr derivatives =  [-1.4174743466465962, 0.6390143059722417, 0.8783091213336354]
other derivatives =  [ 1.62848346 -1.92848438 -2.63617721  0.20897869 -0.47611859  1.17631043
 -0.        ]
Current x_clock array =  [-0.5448082  -0.75298218 -0.62916232  0.40320441 -4.45768434 -0.17718013
  0.33647224 -0.43033206 -0.02089885 -0.11603678]
log likelihood =  -1969.1256659146125
Lr derivatives =  [-2.600872834162061, 1.534370603435426, 0.47325466963882923]
other derivatives =  [-6.10070174 -1.94239146 -2.96922803 -0.31046147 -0.44841331  0.89216246
 -0.        ]
Current x_clock array =  [-5.50259083e-01 -7.51268447e-01 -6.30196660e-01  3.90254190e-01
 -4.45716347e+00 -2.73935710e-01  3.36472237e-01 -4.47028468e-01
 -1.45024278e-03 -1.17888649e-01]
log likelihood =  -1969.0821217560542
Lr derivatives =  [-2.2386258761371938, 1.777063863868766, 0.16728841157250351]
other derivatives =  [-0.91845345 -0.66054463 -1.26220129 -0.2227971  -0.26889191  0.82697625
 -0.        ]
Current x_clock array =  [-5.46821799e-01 -7.49916167e-01 -6.27279088e-01  3.92435242e-01
 -4.45101965e+00 -2.94886170e-01  3.36472237e-01 -4.45363740e-01
 -3.39240894e-04 -1.19594025e-01]
log likelihood =  -1969.042415244296
Lr derivatives =  [-1.4880231781614395, 1.9105562502924696, -0.7394580872484534]
other derivatives =  [ 2.52711425  1.27083877  1.26665122 -0.28082241  0.0932497   0.70882106
 -0.        ]
Current x_clock array =  [-5.44738617e-01 -7.47502957e-01 -6.22794065e-01  3.91521223e-01
 -4.43862886e+00 -3.33113882e-01  3.36472237e-01 -4.39565975e-01
 -1.58049068e-03 -1.23691797e-01]
log likelihood =  -1969.0107130487586
Lr derivatives =  [-0.8404158792767458, 1.9469596706211822, -1.2728598770944306]
other derivatives =  [ 2.86742033  1.92260359  2.31704007 -0.24697374  0.27133865  0.59541503
 -0.        ]
Current x_clock array =  [-5.44599443e-01 -7.47012353e-01 -6.20643240e-01  3.91772886e-01
 -4.43498192e+00 -3.75870853e-01  3.36472237e-01 -4.33403239e-01
 -3.97723413e-03 -1.26019647e-01]
log likelihood =  -1968.922450543756
Lr derivatives =  [0.6077303780960008, 1.7948701658134112, -1.1932596602227057]
other derivatives =  [ 2.79147025  2.67722999  2.28721274 -0.05905213  0.45287266  0.28891236
 -0.        ]
Current x_clock array =  [-0.54458462 -0.7470364  -0.61991102  0.39111699 -4.43842287 -0.51976902
  0.33647224 -0.41783814 -0.01561682 -0.12412375]
log likelihood =  -1969.2509796169245
Lr derivatives =  [-7.7633096527372265, -6.7574832769278235, -4.433286672019299]
other derivatives =  [ 0.38193616 -9.54375764 16.89110695 -0.53269605 -0.9838869  -0.11155862
 -0.        ]
Current x_clock array =  [-0.54556883 -0.76287918 -0.59927452  0.39027565 -4.5028373  -0.75490272
  0.33647224 -0.41732182 -0.05575895 -0.11706421]
log likelihood =  -1968.907396210973
Lr derivatives =  [-0.8438254387976585, 0.305930754010203, -1.7652609074135532]
other derivatives =  [ 2.36448568  0.51804864  4.75868501 -0.13357794  0.20575056  0.20959305
 -0.        ]
Current x_clock array =  [-0.54475406 -0.74976385 -0.6163583   0.39097214 -4.44951228 -0.56024896
  0.33647224 -0.41774925 -0.02252757 -0.1229084 ]
log likelihood =  -1968.8615829973687
Lr derivatives =  [0.1748102375716396, 0.2309307682598095, -0.6864795362425584]
other derivatives =  [ 0.77964887  0.92789196  1.76689105  0.05926336  0.0879675   0.02917955
 -0.        ]
Current x_clock array =  [-0.54558344 -0.74975751 -0.62087605  0.38846304 -4.46218707 -0.6790191
  0.33647224 -0.40747725 -0.03366777 -0.11660936]
log likelihood =  -1968.8558937934085
Lr derivatives =  [0.1322185130732958, 0.09814777848369552, -0.1696767055778493]
other derivatives =  [ 0.33269998 -0.06552546  0.13581666  0.00894943  0.02735048 -0.01189414
 -0.        ]
Current x_clock array =  [-0.54567    -0.75127556 -0.62374964  0.38536585 -4.46628817 -0.7128375
  0.33647224 -0.40662497 -0.03643674 -0.11357034]
log likelihood =  -1968.8556413029082
Lr derivatives =  [0.042341156851309236, 0.026545229667029425, -0.0363304743550657]
other derivatives =  [-0.02878119  0.01199624  0.01833109  0.00182558 -0.00628608 -0.00606815
 -0.        ]
Current x_clock array =  [-0.54591949 -0.75102186 -0.62400642  0.38499083 -4.46733307 -0.71037549
  0.33647224 -0.40711075 -0.03700241 -0.11284123]
log likelihood =  -1968.8556189038059
Lr derivatives =  [0.00967024484072354, 0.007255377877773816, -0.008475305918459172]
other derivatives =  [-0.01434114  0.00081059 -0.00928594  0.00105956 -0.01049667 -0.00062664
 -0.        ]
Current x_clock array =  [-0.54590796 -0.75100788 -0.62407767  0.38503049 -4.46727325 -0.70695455
  0.33647224 -0.40734318 -0.0370656  -0.1127117 ]
log likelihood =  -1968.8556157584908
Lr derivatives =  [0.007813656071130382, 0.007220100785380424, 0.007376423707042267]
other derivatives =  [ 0.01897979  0.00133127  0.0038458   0.00067985 -0.00504707  0.0004793
 -0.        ]
Current x_clock array =  [-0.54588715 -0.75100368 -0.62406042  0.38507005 -4.46694593 -0.70624003
  0.33647224 -0.40739423 -0.03708037 -0.11264649]
      fun: 1968.8556157584908
 hess_inv: <10x10 LbfgsInvHessProduct with dtype=float64>
      jac: array([ 0.01897979,  0.00133127,  0.0038458 ,  0.00067985, -0.00504707,
        0.0004793 , -0.        ,  0.00781366,  0.0072201 ,  0.00737642])
  message: 'CONVERGENCE: REL_REDUCTION_OF_F_<=_FACTR*EPSMCH'
     nfev: 30
      nit: 28
     njev: 30
   status: 0
  success: True
        x: array([-0.54588715, -0.75100368, -0.62406042,  0.38507005, -4.46694593,
       -0.70624003,  0.33647224, -0.40739423, -0.03708037, -0.11264649])
