number of sites to be analyzed:  560
log likelihood =  -6580.569850765642
Lr derivatives =  [-33.87981273721127, -277.12961611476715, -355.3527010348303]
other derivatives =  [ 107.44345673  -88.89723085   67.40767458 -127.73074195  539.69273085
   -0.        ]
Current x_clock array =  [-0.62082652 -0.72350364 -0.65105958  0.18232156 -0.10536052  0.33647224
 -0.51082562 -0.51082562 -0.51082562]
log likelihood =  -6155.3965920848295
Lr derivatives =  [-59.387385396632396, -278.00987442732685, -348.204253358708]
other derivatives =  [-372.01431769  -61.40046662 -114.88077689  -54.73299188  359.05758158
   -0.        ]
Current x_clock array =  [-0.809347   -0.72232191 -0.7693332   0.40643814 -1.05230632  0.33647224
 -0.45138005 -0.50992933 -0.50992933]
log likelihood =  -5792.147887278552
Lr derivatives =  [1.6099460617734351, -49.74630517156951, -106.2202628134888]
other derivatives =  [ 817.63975595  172.50386281 -202.82900005   74.12166269  -58.56150679
   -0.        ]
Current x_clock array =  [-0.43580214 -0.68398773 -0.75850937  0.89974703 -3.37769596  0.33647224
 -0.23590281 -0.2333732  -0.17149408]
log likelihood =  -5700.2613740571105
Lr derivatives =  [11.109213726021578, -31.063146930141002, 78.29811354327711]
other derivatives =  [-302.12386991  -37.34826714   92.78788366   68.80518777  -43.93937267
   -0.        ]
Current x_clock array =  [-0.76983625 -0.79831455 -0.5387169   0.8255923  -3.29912026  0.33647224
 -0.22164927 -0.14848801 -0.03778733]
log likelihood =  -5666.941189401731
Lr derivatives =  [36.63480087893137, -25.77661976238759, -37.22285307770909]
other derivatives =  [-112.92165891   -8.05988475    1.59800038   57.64463276   -2.70418597
   -0.        ]
Current x_clock array =  [-0.68388787 -0.77281787 -0.59233584  0.75448483 -3.00023786  0.33647224
 -0.25352944 -0.17240848 -0.10051782]
log likelihood =  -5659.702295941972
Lr derivatives =  [50.712245773773546, -11.86075401961535, 4.072487008964002]
other derivatives =  [49.68984558  3.9577053  13.54567394 42.24065196 20.66648207 -0.        ]
Current x_clock array =  [-0.62678536 -0.76439849 -0.59348468  0.68064557 -2.86088589  0.33647224
 -0.29927467 -0.15987364 -0.07018552]
log likelihood =  -5656.540655701923
Lr derivatives =  [36.18946428345269, -16.98706349563571, 10.117738409503515]
other derivatives =  [41.75815775 -1.11338159  4.91472929 39.19737719 15.72602781 -0.        ]
Current x_clock array =  [-0.62889329 -0.76521466 -0.59998817  0.64871652 -2.87255285  0.33647224
 -0.33065311 -0.14841403 -0.06480263]
log likelihood =  -5647.290931526362
Lr derivatives =  [-23.95423898953569, -13.843055588203702, 1.634366086563631]
other derivatives =  [-22.21018804  21.25793799  20.3406089    3.6171532    2.07910185
  -0.        ]
Current x_clock array =  [-0.65191347 -0.73416667 -0.60087622  0.39185385 -2.90507073  0.33647224
 -0.50815374 -0.01594277 -0.07208409]
log likelihood =  -5647.3108072540745
Lr derivatives =  [-0.6102409368153054, 5.014625011215809, 15.578369502476248]
other derivatives =  [-15.99340612 -37.49452935 -36.10317617   0.55519922   1.431455
  -0.        ]
Current x_clock array =  [-0.64856523 -0.78498855 -0.63013347  0.37193463 -2.94787332  0.33647224
 -0.47258738  0.         -0.06844083]
log likelihood =  -5646.559882427121
Lr derivatives =  [-12.596458114677453, -4.604262649202506, 8.443323722242646]
other derivatives =  [-19.22321098  -8.61406079  -7.90157355   2.05319338   1.70644934
  -0.        ]
Current x_clock array =  [-0.65025994 -0.75926499 -0.61532487  0.38201677 -2.92620873  0.33647224
 -0.49058934 -0.00806945 -0.07028487]
log likelihood =  -5646.317331072101
Lr derivatives =  [-4.9302035531479955, -1.6190119971490775, 2.933128850643926]
other derivatives =  [-3.20843446 -3.3512506  -4.2289912   3.68936344  0.33927848 -0.        ]
Current x_clock array =  [-0.64526654 -0.75784696 -0.61165283  0.39259727 -2.94436017  0.33647224
 -0.47384788 -0.0098981  -0.07503158]
log likelihood =  -5646.262149354716
Lr derivatives =  [-1.2876033499567647, 1.5983313339922427, 0.6789278111874291]
other derivatives =  [ 1.53688507 -0.57566467 -1.05723484  2.36752203  0.10011855 -0.        ]
Current x_clock array =  [-0.64411802 -0.75676856 -0.60924354  0.38458149 -2.95247571  0.33647224
 -0.46917645 -0.00507283 -0.07790116]
log likelihood =  -5646.247825533297
Lr derivatives =  [-0.30186381930752404, 2.034108375466957, -0.7839204087403218]
other derivatives =  [ 1.16668889 -0.30078627  0.13949011  1.35095252  0.18635041 -0.        ]
Current x_clock array =  [-0.64441133 -0.75665105 -0.60852343  0.37808157 -2.95435058  0.33647224
 -0.46711919 -0.00487272 -0.07925311]
log likelihood =  -5646.235402464206
Lr derivatives =  [0.8897294546398804, 1.749712635844447, -0.2390529180862826]
other derivatives =  [ 0.16108697  1.17902346 -0.53588883  0.29305011  0.18731519 -0.        ]
Current x_clock array =  [-0.64490542 -0.75547846 -0.60903395  0.37053523 -2.95663279  0.33647224
 -0.4635208  -0.00850745 -0.07872654]
log likelihood =  -5646.24341139995
Lr derivatives =  [-1.3504309431507764, -1.9344439513301879, -2.151707182708549]
other derivatives =  [ 0.9560672  -3.36353969  3.83119459 -0.62911477 -0.2292259  -0.        ]
Current x_clock array =  [-0.64450002 -0.75832001 -0.60707583  0.36489507 -2.95892014  0.33647224
 -0.461409   -0.01531364 -0.07897436]
log likelihood =  -5646.232653549605
Lr derivatives =  [0.13866587393481922, 0.511124120465734, -0.8817331923133738]
other derivatives =  [ 0.42721149 -0.35006451  0.92807386 -0.01595163  0.04707174 -0.        ]
Current x_clock array =  [-0.64476936 -0.75643208 -0.6083768   0.3686424  -2.95740042  0.33647224
 -0.46281208 -0.0107916  -0.07880971]
log likelihood =  -5646.2314781611685
Lr derivatives =  [0.11392325680181514, 0.1382334533807685, -0.1712627443631629]
other derivatives =  [-0.0297523  -0.00553155  0.17112689 -0.07019844  0.03585998 -0.        ]
Current x_clock array =  [-0.64491131 -0.7560733  -0.60889776  0.36800143 -2.95730527  0.33647224
 -0.46234213 -0.01238221 -0.07810512]
log likelihood =  -5646.231412498429
Lr derivatives =  [0.010097283929731304, 0.004893381702391289, -0.01852427001115515]
other derivatives =  [-0.01526496  0.00807358 -0.00763157 -0.0117634   0.00669801 -0.        ]
Current x_clock array =  [-0.64489031 -0.75603783 -0.60902221  0.36831324 -2.95727983  0.33647224
 -0.46239015 -0.01271097 -0.07793325]
log likelihood =  -5646.231411784353
Lr derivatives =  [0.005362570534341415, 0.0029095092461172423, 0.013352007712518136]
other derivatives =  [-0.0024047  -0.00128421  0.0077498  -0.00030923  0.00346171 -0.        ]
Current x_clock array =  [-0.64488479 -0.75604678 -0.60901153  0.36839197 -2.95728942  0.33647224
 -0.46239344 -0.01271608 -0.07790768]
      fun: 5646.231411784353
 hess_inv: <9x9 LbfgsInvHessProduct with dtype=float64>
      jac: array([-0.0024047 , -0.00128421,  0.0077498 , -0.00030923,  0.00346171,
       -0.        ,  0.00536257,  0.00290951,  0.01335201])
  message: 'CONVERGENCE: REL_REDUCTION_OF_F_<=_FACTR*EPSMCH'
     nfev: 19
      nit: 16
     njev: 19
   status: 0
  success: True
        x: array([-0.64488479, -0.75604678, -0.60901153,  0.36839197, -2.95728942,
        0.33647224, -0.46239344, -0.01271608, -0.07790768])
