number of sites to be analyzed:  443
log likelihood =  -5836.026176638432
Lr derivatives =  [-234.31919719061227, -375.8537411640621, -337.0807398312972]
other derivatives =  [  69.79413774  -49.29990519   85.80207395 -138.19985361  388.89461939
   -8.95977973   -0.        ]
Current x_clock array =  [-0.64367646 -0.77955979 -0.57262008  0.18232156 -0.10536052 -0.10536052
  0.33647224 -0.51082562 -0.51082562 -0.51082562]
log likelihood =  -5529.85645626734
Lr derivatives =  [84.34972414983781, -205.72830262325124, -223.64092455085932]
other derivatives =  [-237.58884254  -16.70125766 -210.99934565  -63.9197342   270.98975261
   -5.66748258   -0.        ]
Current x_clock array =  [-0.78687345 -0.77806295 -0.74866063  0.4658669  -0.90325758 -0.08697769
  0.33647224 -0.03007174 -0.50977756 -0.50977756]
log likelihood =  -5306.0961466543895
Lr derivatives =  [198.46726574686537, -28.2426485103569, -4.447170468883478]
other derivatives =  [363.96338237  70.8659627  -85.05835467 -14.57550297 126.72297334
  11.17517422  -0.        ]
Current x_clock array =  [-0.55071889 -0.77076863 -0.57261069  0.75133818 -1.83498786 -0.06632304
  0.33647224  0.18234085 -0.3526155  -0.31358186]
log likelihood =  -5256.595035896056
Lr derivatives =  [30.611020739789737, -73.04090891949319, 42.114957703639874]
other derivatives =  [-142.66359267    9.83612154  224.68425232   35.17959522  -12.8337168
   25.87128802   -0.        ]
Current x_clock array =  [-0.74485706 -0.83074279 -0.4190757   0.91282932 -2.42506622 -0.06500425
  0.33647224  0.13395263 -0.28140626 -0.2400152 ]
log likelihood =  -5236.632397473766
Lr derivatives =  [38.997849156594526, -74.96647546767738, 9.923797869452226]
other derivatives =  [-70.40362561  -1.20096047 -46.64839616  30.682535     3.81976687
  20.38804359  -0.        ]
Current x_clock array =  [-0.70203293 -0.83471684 -0.52928261  0.85640829 -2.28895787 -0.07899402
  0.33647224  0.08162467 -0.26166829 -0.2745945 ]
log likelihood =  -5227.086115765556
Lr derivatives =  [40.40714356815727, -68.45981225450747, 9.007456916124418]
other derivatives =  [ 38.74044523  -5.55301722 -19.61245835  21.04929263  16.33895136
  17.72491032  -0.        ]
Current x_clock array =  [-6.52813482e-01 -8.36788993e-01 -5.24259247e-01  8.04132051e-01
 -2.20023571e+00 -9.55802974e-02  3.36472237e-01  1.37962114e-05
 -1.99283779e-01 -2.75021918e-01]
log likelihood =  -5214.686430209959
Lr derivatives =  [12.888615844972097, -53.684529385407956, 11.268268492459288]
other derivatives =  [105.47123748 -15.10091079   4.92557501   9.95376831  18.54155669
  14.04050272  -0.        ]
Current x_clock array =  [-0.62457674 -0.84052445 -0.52137641  0.72382574 -2.12793091 -0.13330995
  0.33647224 -0.16626411 -0.04940188 -0.27618235]
log likelihood =  -5213.29261985273
Lr derivatives =  [-77.4858446230481, -97.50510276700373, -34.780049659061966]
other derivatives =  [37.76854555 -6.64644085 22.31177677  4.65561607  0.56433063  9.44412113
 -0.        ]
Current x_clock array =  [-0.6463585  -0.81808643 -0.5216882   0.6401278  -2.12398918 -0.19307604
  0.33647224 -0.32580397  0.         -0.30179599]
log likelihood =  -5208.389123282822
Lr derivatives =  [-16.995843426843738, -57.44711597097775, 3.082909459402977]
other derivatives =  [19.51240483 -2.70732653  4.87792659  8.35200353  3.46421799 12.67030711
 -0.        ]
Current x_clock array =  [-0.65677726 -0.82419735 -0.52089406  0.68088154 -2.1737648  -0.17643973
  0.33647224 -0.22513098  0.         -0.28496627]
log likelihood =  -5207.685802983642
Lr derivatives =  [-5.732038851575517, -51.00742237091303, 4.166922290640741]
other derivatives =  [-0.90631602  0.97792417 -0.12113014  7.75597437  2.33742036 12.89587999
 -0.        ]
Current x_clock array =  [-0.66627574 -0.82261013 -0.52059265  0.67800652 -2.19968486 -0.19044257
  0.33647224 -0.19745726  0.         -0.29167817]
log likelihood =  -5207.108484052846
Lr derivatives =  [0.6913933102027023, -48.143338341456115, 0.1261782826418596]
other derivatives =  [-15.93664001   3.30496459  -3.26445297   5.49216293   0.13838469
  12.45058684  -0.        ]
Current x_clock array =  [-0.67365803 -0.82203183 -0.52002702  0.662331   -2.2314332  -0.22307598
  0.33647224 -0.17393294  0.         -0.30351875]
log likelihood =  -5206.443312648594
Lr derivatives =  [4.538114588490959, -46.52586040710021, -4.21207240408579]
other derivatives =  [-22.04636075   2.3665043   -3.60677859   0.92287792  -1.45098325
  11.19132321  -0.        ]
Current x_clock array =  [-0.67728637 -0.82424814 -0.51905108  0.63125327 -2.26156523 -0.28335235
  0.33647224 -0.15597098  0.         -0.31321083]
log likelihood =  -5205.33165828056
Lr derivatives =  [7.31859403092621, -42.70920308816076, -0.8484140046084967]
other derivatives =  [-22.33037048   7.75004355  -6.75269166  -5.93086042  -3.33993773
   8.36670824  -0.        ]
Current x_clock array =  [-0.67847851 -0.81982388 -0.52037769  0.58146937 -2.29447571 -0.42756937
  0.33647224 -0.14691268  0.         -0.30540736]
log likelihood =  -5205.338254232496
Lr derivatives =  [5.139032510808736, -44.94102710176237, -15.684271363152046]
other derivatives =  [ -7.1254035  -46.52173629   8.35206629  -9.99484109  -1.31190256
   2.792538    -0.        ]
Current x_clock array =  [-0.67166213 -0.87896651 -0.51098296  0.56573756 -2.33154984 -0.71984924
  0.33647224 -0.12069635  0.         -0.32162085]
log likelihood =  -5204.678232344291
Lr derivatives =  [6.006344361657124, -44.02722371628414, -8.373991569692299]
other derivatives =  [-15.06257195 -19.90895908   0.56025328  -7.95540655  -2.21849559
   5.40800283  -0.        ]
Current x_clock array =  [-0.67512742 -0.84889982 -0.51575902  0.57373524 -2.31270224 -0.57126117
  0.33647224 -0.13402411  0.         -0.3133783 ]
log likelihood =  -5203.793405054301
Lr derivatives =  [3.6776599586137557, -42.9559751984352, -4.499834235458115]
other derivatives =  [ 3.78495042 -5.81415225  2.92207551 -9.13199983 -3.34407235  3.19925675
 -0.        ]
Current x_clock array =  [-0.66734268 -0.83448956 -0.51553788  0.56527899 -2.31922414 -0.71441438
  0.33647224 -0.14311511  0.         -0.29943536]
log likelihood =  -5203.272772327684
Lr derivatives =  [-0.5972148554790095, -42.90820634435834, 0.5221077969142343]
other derivatives =  [11.97028632 -0.43279033 -1.04785704 -6.66471715 -2.38061647  1.48427262
 -0.        ]
Current x_clock array =  [-0.66308997 -0.82801655 -0.51852741  0.58222594 -2.30325132 -0.84006407
  0.33647224 -0.16045809  0.         -0.28279323]
log likelihood =  -5203.186874219058
Lr derivatives =  [-3.8179247063092294, -43.43165222668583, 1.7491481876791362]
other derivatives =  [-1.86642319  3.70380349 25.64912484 -2.90253502  0.38052615  0.16790727
 -0.        ]
Current x_clock array =  [-0.66901887 -0.82327084 -0.50491066  0.61297757 -2.28652525 -0.94915752
  0.33647224 -0.1666478   0.         -0.27508821]
log likelihood =  -5202.998948964711
Lr derivatives =  [-2.731361915413986, -42.823013413970294, 0.7609030158373287]
other derivatives =  [ 1.44212481 -0.28986415  0.20171865 -0.90756748  0.12303769 -0.07212475
 -0.        ]
Current x_clock array =  [-0.66665754 -0.8273265  -0.51716103  0.62332102 -2.28501525 -0.96648707
  0.33647224 -0.16610992  0.         -0.27628188]
log likelihood =  -5202.98565359543
Lr derivatives =  [-0.5238166551855699, -41.75990762905299, 0.5321898343459122]
other derivatives =  [ 1.81054656 -0.60690581 -0.01371336 -0.61194442  0.32862774 -0.01757871
 -0.        ]
Current x_clock array =  [-0.66665555 -0.82819403 -0.51678212  0.62655432 -2.28820176 -0.96251982
  0.33647224 -0.16054822  0.         -0.27833474]
log likelihood =  -5202.983771918138
Lr derivatives =  [-0.3447719566559755, -41.93726647934382, -0.8043296527544488]
other derivatives =  [-2.50188259 -0.24512065 -0.5941356  -0.0072032  -0.10359287 -0.03135574
 -0.        ]
Current x_clock array =  [-0.66847066 -0.82801455 -0.51663094  0.63006492 -2.29161036 -0.962298
  0.33647224 -0.15764264  0.         -0.28083258]
log likelihood =  -5202.982035159222
Lr derivatives =  [0.09555617430187624, -41.59372588226103, -0.16830455857535576]
other derivatives =  [ 0.01341414 -0.00178534 -0.00604177 -0.04803042  0.14331056 -0.01270655
 -0.        ]
Current x_clock array =  [-0.66744671 -0.82784826 -0.51641257  0.63046354 -2.29062805 -0.96181106
  0.33647224 -0.1577117   0.         -0.28004642]
log likelihood =  -5202.98200862415
Lr derivatives =  [0.07823394720489674, -41.5899925203945, -0.10474422889558532]
other derivatives =  [-0.00701948  0.03011155 -0.01838544 -0.04782669  0.11927464 -0.00840373
 -0.        ]
Current x_clock array =  [-0.66745387 -0.82781486 -0.51641968  0.63042899 -2.29069831 -0.96165766
  0.33647224 -0.15776476  0.         -0.2799492 ]
log likelihood =  -5202.981963339993
Lr derivatives =  [-0.007243932013455634, -41.62252612238993, -0.01247568301552171]
other derivatives =  [ 0.0092341   0.01558419 -0.00160071  0.00818909  0.00279019  0.00552427
 -0.        ]
Current x_clock array =  [-0.66743465 -0.82784647 -0.51639239  0.63071337 -2.29118378 -0.96102348
  0.33647224 -0.15778228  0.         -0.27982107]
log likelihood =  -5202.981961939947
Lr derivatives =  [0.01163587910957986, -41.596865892702596, 0.030138809629667307]
other derivatives =  [-0.02860907 -0.01061471 -0.00518139 -0.00131149  0.00721375  0.00090586
 -0.        ]
Current x_clock array =  [-0.66745245 -0.82787393 -0.51639135  0.63065588 -2.29121399 -0.96158729
  0.33647224 -0.15776272  0.         -0.27975116]
      fun: 5202.981961939947
 hess_inv: <10x10 LbfgsInvHessProduct with dtype=float64>
      jac: array([-2.86090653e-02, -1.06147127e-02, -5.18139132e-03, -1.31149136e-03,
        7.21375099e-03,  9.05856723e-04, -0.00000000e+00,  1.16358791e-02,
       -4.15968659e+01,  3.01388096e-02])
  message: 'CONVERGENCE: REL_REDUCTION_OF_F_<=_FACTR*EPSMCH'
     nfev: 25
      nit: 23
     njev: 25
   status: 0
  success: True
        x: array([-0.66745245, -0.82787393, -0.51639135,  0.63065588, -2.29121399,
       -0.96158729,  0.33647224, -0.15776272,  0.        , -0.27975116])
