number of sites to be analyzed:  339
log likelihood =  -3932.94690553628
Lr derivatives =  [73.28822688074038, -144.15696113248333, -44.592198837675305]
other derivatives =  [  31.11415936  -27.67724209   34.82655347 -105.7080126   314.79007566
   75.8464721 ]
Current x_clock array =  [-0.59917874 -0.60184855 -0.72236573  0.18232156 -0.10536052  0.33647224
 -0.51082562 -0.51082562 -0.51082562]
log likelihood =  -3657.9861004880986
Lr derivatives =  [-86.06861848675788, -216.29538028836333, -123.3848674958963]
other derivatives =  [-132.55925296  -29.88440247  -26.35613237  -57.06318552  218.53265935
   35.7173185 ]
Current x_clock array =  [-0.68768968 -0.6002787  -0.82143737  0.48303079 -1.00084874  0.1207106
 -0.71930978 -0.50937247 -0.50937247]
log likelihood =  -3540.014239052848
Lr derivatives =  [-139.84081815084846, -122.49711152070411, 4.227711874877414]
other derivatives =  [1442.08953816   38.58709533  -92.48432389   94.8652496   -46.59673421
   34.1291402 ]
Current x_clock array =  [-0.28186717 -0.53028844 -0.89993877  1.31972162 -3.70465155 -0.45680555
 -0.75088147  0.         -0.07110877]
log likelihood =  -3397.590617734469
Lr derivatives =  [-95.16339026240581, -99.74820349217381, 3.033598512400232]
other derivatives =  [-277.17210969   57.03547322 -118.16995902   82.11116492  -50.75303198
   31.219628  ]
Current x_clock array =  [-0.75691444 -0.54442025 -0.87440921  1.2919667  -3.69425974 -0.47010894
 -0.71698873  0.         -0.08075807]
log likelihood =  -3339.4040822963143
Lr derivatives =  [-38.17585337558977, -69.95495643934203, -1.415231282468774]
other derivatives =  [-162.20008047   40.30147647  -83.46477307   52.81478066   -9.05576768
   40.48517621]
Current x_clock array =  [-0.68493361 -0.56155987 -0.80292598  1.09330066 -3.13115187 -0.3502314
 -0.61283681  0.         -0.11233376]
log likelihood =  -3317.582395701799
Lr derivatives =  [-5.469165199266069, -53.804031554625524, 7.014460223914899]
other derivatives =  [-13.93781986 -33.29810897  56.69363372  29.55331411  16.33878418
  42.48291407]
Current x_clock array =  [-0.60550038 -0.63309866 -0.6179919   0.9326035  -2.96664934 -0.41034921
 -0.51875951  0.         -0.08606496]
log likelihood =  -3311.1103504573753
Lr derivatives =  [-4.603638226140273, -51.57569859898608, 6.618544038283201]
other derivatives =  [ 5.76052162 -7.14504131 21.24297271 29.94551414  8.28942889 38.2183448 ]
Current x_clock array =  [-0.59301711 -0.60994194 -0.65431304  0.91813688 -3.06894298 -0.48016559
 -0.50392215  0.         -0.0806484 ]
log likelihood =  -3300.902154737025
Lr derivatives =  [1.183957369459634, -46.26620646533014, 2.3261461590818584]
other derivatives =  [ 55.53253368  12.50301239 -10.18497187  22.48232067  -6.15451483
  27.21546571]
Current x_clock array =  [-0.56586352 -0.59890678 -0.68739448  0.80918131 -3.29708894 -0.71854223
 -0.45434955  0.         -0.07454852]
log likelihood =  -3293.7566940783104
Lr derivatives =  [3.455005923729189, -44.68100658137282, -6.989256055891049]
other derivatives =  [ 48.33173443   4.5240995  -22.71926905  11.02730448 -11.57557889
  19.06647549]
Current x_clock array =  [-0.5688533  -0.60872199 -0.70227219  0.65556189 -3.39412573 -0.95946181
 -0.43743437  0.         -0.08726194]
log likelihood =  -3300.4185285048156
Lr derivatives =  [18.82656582243483, -28.723584919600505, 56.471505610938976]
other derivatives =  [ 44.18459321 205.71409277  39.5457696  -14.47243312  -2.15502805
   9.24913319]
Current x_clock array =  [-0.57865094 -0.47704967 -0.63301796  0.33975082 -3.33368138 -1.46863668
 -0.46624273  0.         -0.01664281]
log likelihood =  -3290.7667217525523
Lr derivatives =  [8.37561745267141, -39.357877667255636, 1.6442915241977332]
other derivatives =  [45.91537072 67.25364119 -1.60105446  1.355525   -8.39863203 14.72411078]
Current x_clock array =  [-0.57242548 -0.56071481 -0.67702239  0.5404185  -3.37208797 -1.14510482
 -0.44793778  0.         -0.0615145 ]
log likelihood =  -3286.0276704492703
Lr derivatives =  [-1.8921040497345771, -44.61864903009891, -1.1827928199690696]
other derivatives =  [ -0.58743944  10.66491677   0.22804898 -11.52915411  -8.52324667
  10.25272313]
Current x_clock array =  [-0.59436848 -0.60346028 -0.6787598   0.37221968 -3.37794841 -1.42412097
 -0.46792802  0.         -0.05691606]
log likelihood =  -3285.344860287168
Lr derivatives =  [-1.2512445782556512, -43.722915758393135, 2.510521675691269]
other derivatives =  [ -5.84088821   2.15866839   1.30698982 -14.36240109  -5.39909702
   9.34173544]
Current x_clock array =  [-0.59732268 -0.61094512 -0.67800336  0.34443755 -3.34068196 -1.50118951
 -0.47173776  0.         -0.05096412]
log likelihood =  -3283.649241370073
Lr derivatives =  [-2.0988548484994283, -44.260464966734524, -0.4218727989471418]
other derivatives =  [-17.35372462 -11.04849753   6.92053754 -15.14838459  -0.99170122
   7.20680521]
Current x_clock array =  [-0.60398155 -0.62278465 -0.67142451  0.3497635  -3.27194191 -1.6916781
 -0.48142736  0.         -0.05351808]
log likelihood =  -3281.195718322394
Lr derivatives =  [2.2670715628652225, -39.73615314373292, 16.652200514573664]
other derivatives =  [-20.67211199 -20.66313755   6.22627476  -9.98496944   4.8078033
   4.51294192]
Current x_clock array =  [-0.60690693 -0.63295614 -0.66883288  0.42734201 -3.18342904 -2.04218529
 -0.4876204   0.         -0.03411298]
log likelihood =  -3280.8949248082795
Lr derivatives =  [-19.803985976181107, -56.91338408055981, -32.293193069146746]
other derivatives =  [ 30.88456378 -30.27724597  30.00060997  -2.01982402   4.5893299
   1.60299115]
Current x_clock array =  [-0.58150317 -0.63822912 -0.64782539  0.53005335 -3.10986194 -2.68890672
 -0.54108799  0.         -0.09751603]
log likelihood =  -3278.6291074542078
Lr derivatives =  [-6.556002855471014, -45.36078661005412, -12.164695134902756]
other derivatives =  [ -9.23153721 -12.55113739   7.90807235   0.09818814   2.82777619
   1.65662443]
Current x_clock array =  [-0.60137501 -0.62415076 -0.66648185  0.54444039 -3.15258981 -2.71492243
 -0.51323584  0.         -0.06164354]
log likelihood =  -3278.074599440985
Lr derivatives =  [0.979623938181831, -38.24541457271797, 9.970440388842245]
other derivatives =  [-2.47610433  0.34543564 -1.10028304  0.19622985  1.78652224  1.32189388]
Current x_clock array =  [-0.5977336  -0.61455581 -0.67416153  0.53887509 -3.18389768 -2.90147319
 -0.49935933  0.         -0.03623598]
log likelihood =  -3277.7822540954635
Lr derivatives =  [0.5475597851120462, -38.33546867914528, 2.7009759918928076]
other derivatives =  [-1.53625297  4.39232736 -4.2442507   1.17104082  0.64443405  0.94105757]
Current x_clock array =  [-0.5971909  -0.6110867  -0.67759383  0.54693228 -3.19271734 -3.13958998
 -0.50031184  0.         -0.04201264]
log likelihood =  -3277.43927868418
Lr derivatives =  [-0.1239267213660682, -38.34441436021104, -0.1449810361219761]
other derivatives =  [ 6.31404509  4.9590335  -1.02581362  1.35242863 -0.82593559  0.49842122]
Current x_clock array =  [-0.59320741 -0.61095252 -0.67371221  0.5460653  -3.21034107 -3.63213164
 -0.4999953   0.         -0.04320613]
log likelihood =  -3277.2303074250735
Lr derivatives =  [-0.8060477545485973, -38.445343283422815, -1.4886565579773716]
other derivatives =  [-3.23838549  4.51926189 -0.43585896  1.4765501  -1.11223147  0.26011386]
Current x_clock array =  [-0.59817651 -0.61120663 -0.67270855  0.54673625 -3.20993972 -4.18325864
 -0.50191124  0.         -0.04366154]
log likelihood =  -3277.090669246967
Lr derivatives =  [-0.14547094764423463, -37.72096286994423, -1.6926604849216496]
other derivatives =  [ 3.43950614 -2.83290001 -3.010402   -0.11652673 -0.43367185  0.12225401]
Current x_clock array =  [-0.5946837  -0.61790715 -0.67627553  0.52810355 -3.20569878 -4.86530225
 -0.50194391  0.         -0.04334464]
log likelihood =  -3277.0308714439234
Lr derivatives =  [-0.17494576009765694, -37.58283861104763, 0.8174974976418596]
other derivatives =  [ 0.09019914  0.35460562  1.94481891 -0.93251583  0.26671832  0.06942165]
Current x_clock array =  [-0.59668037 -0.61501124 -0.67066162  0.5212413  -3.19790912 -5.41845224
 -0.50346213  0.         -0.04067123]
log likelihood =  -3277.008216773437
Lr derivatives =  [-0.24972802263837224, -37.52306275689992, 1.2866874940498612]
other derivatives =  [-1.53362498 -0.53744634  0.85820193 -0.79679194  0.33460979  0.04708376]
Current x_clock array =  [-0.59748203 -0.61575762 -0.67185748  0.52262679 -3.1960533  -5.79503573
 -0.5041763   0.         -0.04017661]
log likelihood =  -3276.9808032270057
Lr derivatives =  [-0.018955096663482607, -37.37611399772169, -0.6137837299523348]
other derivatives =  [ 0.9037276   0.95076439 -0.31949321 -0.37678183  0.61511667  0.02027923]
Current x_clock array =  [-0.59627827 -0.61445102 -0.67324583  0.52796448 -3.19088256 -6.60612892
 -0.50486225  0.         -0.04196355]
log likelihood =  -3276.96920205049
Lr derivatives =  [0.006092201505474293, -37.28674179105382, 0.688993693696677]
other derivatives =  [-0.37565769 -0.61351557 -0.54743577  0.09722908  0.34576785  0.01108647]
Current x_clock array =  [-0.59688434 -0.6158946  -0.67319704  0.5328351  -3.19378851 -7.20644926
 -0.50407019  0.         -0.04068689]
log likelihood =  -3276.9641092791608
Lr derivatives =  [0.055950751710568625, -37.27216562572094, 0.45969232549268924]
other derivatives =  [-0.16692184 -0.29498005 -0.1325252   0.25403278  0.20986952  0.00651445]
Current x_clock array =  [-0.59678947 -0.615655   -0.67261879  0.53452765 -3.19543781 -7.73122197
 -0.50354242  0.         -0.04087131]
log likelihood =  -3276.960857784704
Lr derivatives =  [0.12216792182457681, -37.2080544762098, -0.18370623000142672]
other derivatives =  [-1.42881527  0.59563627 -0.84889871  0.03101104 -0.11836999  0.00297689]
Current x_clock array =  [-0.59739712 -0.61489961 -0.67341798  0.53095276 -3.20011631 -8.50501801
 -0.50296672  0.         -0.04143487]
log likelihood =  -3276.9588972833694
Lr derivatives =  [-0.13901731874434375, -37.41553941543769, -0.37835145382948454]
other derivatives =  [-0.05808215 -0.0358018   0.21209598 -0.01622038 -0.16174808  0.00193417]
Current x_clock array =  [-0.5967026  -0.61543793 -0.6722935   0.53058063 -3.2007227  -8.93686153
 -0.50320325  0.         -0.04152418]
log likelihood =  -3276.9583701251613
Lr derivatives =  [-0.07083776279696252, -37.35555672764798, -0.10794138724582325]
other derivatives =  [ 0.2337888  -0.00203727  0.20903644 -0.02707566 -0.15441587  0.00144136]
Current x_clock array =  [-0.59655376 -0.61542863 -0.67228467  0.53044766 -3.20085978 -9.23118872
 -0.50308471  0.         -0.04127422]
log likelihood =  -3276.95756407132
Lr derivatives =  [0.03197213828871526, -37.283329953300054, 0.058903045354526284]
other derivatives =  [ 0.24628253 -0.10455415  0.15041041 -0.04152798 -0.09665717  0.00070857]
Current x_clock array =  [-0.5965542  -0.61553739 -0.67233193  0.53038672 -3.20033215 -9.94119864
 -0.50292496  0.         -0.04113906]
log likelihood =  -3276.957176538832
Lr derivatives =  [-0.28335198398634276, -37.48608405659241, -0.16415752038939857]
other derivatives =  [-0.14544776 -0.28627483  0.13250701  0.00197224 -0.05010277  0.00032447]
Current x_clock array =  [ -0.59674612  -0.61560728  -0.67244805   0.53099653  -3.19882072
 -10.72428153  -0.50391357   0.          -0.0413064 ]
log likelihood =  -3276.956954184029
Lr derivatives =  [-0.06315703783253213, -37.32759371536524, 0.08952906609562561]
other derivatives =  [ 0.01085982  0.05596075 -0.09941823  0.00131286  0.02063869  0.00020914]
Current x_clock array =  [ -0.59667748  -0.61534442  -0.67267062   0.5310801   -3.19826244
 -11.16304862  -0.50360495   0.          -0.0411195 ]
log likelihood =  -3276.9568817640557
Lr derivatives =  [-0.009356967133221872, -37.2995626107246, 0.059678392196957475]
other derivatives =  [ 0.00705677  0.05588618 -0.05885659 -0.0068876   0.03186711  0.00015033]
Current x_clock array =  [ -0.5966851   -0.61535681  -0.67260895   0.53102865  -3.19824716
 -11.49230712  -0.50344355   0.          -0.04115728]
log likelihood =  -3276.9567970231833
Lr derivatives =  [0.01043887104226826, -37.2915400850327, -0.03855860963634683]
other derivatives =  [ 1.70434305e-01 -4.40309122e-02 -1.26610757e-01 -8.10041456e-03
  2.97976897e-04  5.95054728e-05]
Current x_clock array =  [ -0.59659562  -0.61545646  -0.67268114   0.53092695  -3.19873942
 -12.41842827  -0.50330239   0.          -0.04124719]
log likelihood =  -3276.9567785657655
Lr derivatives =  [0.0034454974720787845, -37.29741638409008, 0.11379221270773598]
other derivatives =  [-1.59428964e-01  6.12917574e-02  1.86239049e-01 -1.47538231e-02
 -1.33357606e-02  2.19286273e-05]
Current x_clock array =  [ -0.59677505  -0.61536522  -0.6722979    0.53090709  -3.19897454
 -13.41723459  -0.50322113   0.          -0.04109799]
log likelihood =  -3276.9567405338244
Lr derivatives =  [-0.0016797168651692118, -37.30096215399954, 0.019833139413503176]
other derivatives =  [-1.96996552e-02  8.06403477e-03  3.16076694e-02 -3.98995326e-03
 -7.36335255e-03  2.14524266e-05]
Current x_clock array =  [ -0.59669818  -0.61540899  -0.67248721   0.53100519  -3.19882738
 -13.43949689  -0.503281     0.          -0.04118832]
log likelihood =  -3276.9567336065193
Lr derivatives =  [-0.002032328116804649, -37.301418577880824, -0.0006517210097314319]
other derivatives =  [ 3.20142135e-03 -1.14459908e-03 -1.93267624e-03  1.49475454e-03
 -4.47729275e-03  1.58509817e-05]
Current x_clock array =  [ -0.59668564  -0.61541626  -0.67252719   0.53106793  -3.19876628
 -13.74198679  -0.50329505   0.          -0.04120872]
      fun: 3276.9567336065193
 hess_inv: <9x9 LbfgsInvHessProduct with dtype=float64>
      jac: array([ 3.20142135e-03, -1.14459908e-03, -1.93267624e-03,  1.49475454e-03,
       -4.47729275e-03,  1.58509817e-05, -2.03232812e-03, -3.73014186e+01,
       -6.51721010e-04])
  message: 'CONVERGENCE: REL_REDUCTION_OF_F_<=_FACTR*EPSMCH'
     nfev: 38
      nit: 36
     njev: 38
   status: 0
  success: True
        x: array([ -0.59668564,  -0.61541626,  -0.67252719,   0.53106793,
        -3.19876628, -13.74198679,  -0.50329505,   0.        ,
        -0.04120872])
