number of sites to be analyzed:  775
log likelihood =  -11840.966880940183
Lr derivatives =  [-647.1433294020155, -899.541883835194, -435.7415163634813]
other derivatives =  [  16.06707156  -82.96018859  153.7206881  -201.89531278  590.37960818
  167.09625015  227.75240723]
Current x_clock array =  [-0.65956683 -0.71518154 -0.52559995  0.18232156 -0.10536052 -0.10536052
  0.33647224 -0.51082562 -0.51082562 -0.51082562]
log likelihood =  -11228.956925126553
Lr derivatives =  [211.2738678580419, -425.80648914684383, -191.8800219661617]
other derivatives =  [ -72.31216296  -50.43846068 -295.98831861 -102.72678628  519.84918173
  153.27336769  307.82706563]
Current x_clock array =  [-0.67639319 -0.71448493 -0.68658513  0.39375799 -0.72364015 -0.28035336
  0.09795676  0.16690026 -0.51029066 -0.51029066]
log likelihood =  -10747.228405346563
Lr derivatives =  [330.01413534606957, -249.8687911856772, -83.40201080498281]
other derivatives =  [183.97886379  96.73210116 -45.74812556 -23.54561366 357.22848152
 111.58816596 223.82359202]
Current x_clock array =  [-0.63068273 -0.69216152 -0.55109495  0.59056026 -1.46646443 -0.49527772
 -0.27040913  0.38554614 -0.36585532 -0.45108478]
log likelihood =  -10890.235063082318
Lr derivatives =  [-395.9868051881484, -459.0940961100201, -127.09539612640887]
other derivatives =  [-1246.03418047  -300.08080284  -467.89267981   171.77163136
  -393.57995888    70.48170615    55.85806833]
Current x_clock array =  [-1.09578351 -0.94025437 -0.61400984  0.9414681  -3.22920005 -1.02072592
 -1.17547909  0.44493869  0.         -0.31493773]
log likelihood =  -10528.159392575239
Lr derivatives =  [5.73135174821879, -320.7009018542567, -107.1443845761556]
other derivatives =  [-614.31815266  -98.29127885 -240.77839225   67.11070637   30.50817687
   89.4445202   131.98590932]
Current x_clock array =  [-0.8223423  -0.79439607 -0.57702103  0.73516299 -2.19285569 -0.71180535
 -0.64337198  0.41002073 -0.21509301 -0.39498106]
log likelihood =  -10379.48326326425
Lr derivatives =  [-79.71276026887213, -262.64893596362447, -27.95403851940678]
other derivatives =  [  75.32978998  -73.44638834  163.68791876   78.91639507 -113.34151515
   80.01245988   87.36266682]
Current x_clock array =  [-0.64370365 -0.80835967 -0.46369722  0.78284947 -2.62695108 -0.87962678
 -0.92598547  0.38546102  0.         -0.30855331]
log likelihood =  -10361.697927133271
Lr derivatives =  [-24.708399174841492, -230.91346501832925, -11.519451172153424]
other derivatives =  [ 41.48595508 -14.86648762 -29.1415854   65.73589053 -68.12443352
  74.06850455  82.08097279]
Current x_clock array =  [-0.65151625 -0.77864878 -0.51009021  0.74383139 -2.54538178 -0.89573388
 -0.93784304  0.39354815  0.         -0.30393731]
log likelihood =  -10348.094616346676
Lr derivatives =  [42.76280506284574, -194.06044619456787, 7.793451157389292]
other derivatives =  [-24.47900079  47.82379074 -51.56153384  38.90267544  -8.04605466
  61.2307449   70.60427924]
Current x_clock array =  [-0.66912174 -0.75045126 -0.51725575  0.67823785 -2.44490025 -0.94326799
 -0.98637106  0.39641023  0.         -0.29047727]
log likelihood =  -10332.371971811157
Lr derivatives =  [73.05280671888505, -174.21518119083552, 15.463693269552593]
other derivatives =  [   9.02373722   32.6973568  -116.02124323   11.31096724   23.69523768
   42.05900817   44.211129  ]
Current x_clock array =  [-0.66345202 -0.75876501 -0.53476061  0.59543789 -2.4127988  -1.07035472
 -1.13875543  0.39463486  0.         -0.26911342]
log likelihood =  -10316.214842227335
Lr derivatives =  [58.71266093138737, -173.39605977492943, 23.75389239625965]
other derivatives =  [-87.06450717  69.90400652  53.17407158 -19.15548637  18.04738356
  22.18266765  16.45459558]
Current x_clock array =  [-0.6863733  -0.74589396 -0.49203552  0.49007523 -2.45265728 -1.31742874
 -1.4257753   0.38454091  0.         -0.22798915]
log likelihood =  -10309.321614363464
Lr derivatives =  [19.565510900081094, -190.78136449447788, 12.831483708110454]
other derivatives =  [  8.68005372   3.21797052 -12.02353451 -23.81147715  -8.85715402
  15.98092711   6.48117124]
Current x_clock array =  [-0.66342798 -0.77524098 -0.50712535  0.45382373 -2.49726534 -1.46232652
 -1.59041961  0.36338767  0.         -0.21674082]
log likelihood =  -10307.96851473615
Lr derivatives =  [6.903822761284957, -197.31002594937422, 5.3080863839985994]
other derivatives =  [ 10.64783282  -8.95679113  -1.36556991 -26.45056156 -14.51361144
  12.58808897   3.48760576]
Current x_clock array =  [-0.66261603 -0.78027602 -0.50472451  0.44133855 -2.4947719  -1.53734181
 -1.66759631  0.34662802  0.         -0.21387586]
log likelihood =  -10305.472302603006
Lr derivatives =  [-8.182448048098863, -204.62463561804952, -5.272813561459998]
other derivatives =  [ 13.79945024   0.84820567   1.13927854 -22.78350075 -16.89071058
   7.23997197   0.35447799]
Current x_clock array =  [-0.66156647 -0.77480939 -0.50425872  0.45790765 -2.45850662 -1.6711045
 -1.79140787  0.30761013  0.         -0.20846913]
log likelihood =  -10306.62338590399
Lr derivatives =  [11.967346926850766, -186.50463711210318, 38.875466086073715]
other derivatives =  [ -33.00237404 -102.80742208   52.7030079    -8.37448351   19.13242595
    0.34517535    0.23820127]
Current x_clock array =  [-0.67138541 -0.82192619 -0.49084323  0.55153656 -2.34479561 -1.90409936
 -1.9862846   0.26568005  0.         -0.16962805]
log likelihood =  -10304.255205137837
Lr derivatives =  [0.26015329054811076, -197.14400233944343, 10.957382596769861]
other derivatives =  [ -6.05344576 -43.58540536  21.90435043 -17.20928958  -1.98665082
   4.10802652   0.13828215]
Current x_clock array =  [-0.66566816 -0.79449164 -0.49865462  0.49701955 -2.41100576 -1.76843417
 -1.87281434  0.29009455  0.         -0.19224392]
log likelihood =  -10303.064236522692
Lr derivatives =  [-9.839877035933831, -202.40699517418216, 0.46303886886074963]
other derivatives =  [ 0.73912634 -8.35669562  5.10751124 -4.63431024 -2.12710047  1.58714762
 -0.66950016]
Current x_clock array =  [-0.66395389 -0.77768367 -0.50239096  0.54487564 -2.37436429 -1.8551313
 -1.94307689  0.26236577  0.         -0.19268465]
log likelihood =  -10302.962843253394
Lr derivatives =  [-4.9770164269021535, -199.46200800265711, 0.15940532351130798]
other derivatives =  [ 5.78725485 -0.35222001  4.25934013 -1.88498234  1.04948654  1.40804104
 -0.74988161]
Current x_clock array =  [-0.66308396 -0.77460174 -0.50233648  0.55887372 -2.37140157 -1.86273297
 -1.94598072  0.26697997  0.         -0.19381209]
log likelihood =  -10302.929938128727
Lr derivatives =  [-2.7721825574831698, -198.4026154856548, -1.885162320591803]
other derivatives =  [-10.65232391   2.28291174  -6.95979907   1.25399856   1.23519481
   1.48675482  -0.84809603]
Current x_clock array =  [-0.66659559 -0.77383079 -0.50451947  0.57229432 -2.37704566 -1.86343314
 -1.94195239  0.27539894  0.         -0.19631628]
log likelihood =  -10302.898654445917
Lr derivatives =  [-0.2114480183973697, -196.61346624447097, -0.03949104876652143]
other derivatives =  [-0.90557478  2.08449637 -1.22322672  0.76714423  2.08823161  1.58552275
 -0.85781554]
Current x_clock array =  [-0.66463289 -0.77430558 -0.50311147  0.57241273 -2.38095593 -1.86248305
 -1.94050082  0.27975856  0.         -0.19581799]
log likelihood =  -10302.885464222813
Lr derivatives =  [0.4225315983738511, -195.96732589782067, 0.7728324714061046]
other derivatives =  [ 1.78974551  0.95989162  0.45621164  0.50092967  1.59285394  1.60577793
 -0.9311801 ]
Current x_clock array =  [-0.6640781  -0.77506849 -0.50262977  0.57213829 -2.38620191 -1.86533028
 -1.94251397  0.28327107  0.         -0.19553041]
log likelihood =  -10302.871324303245
Lr derivatives =  [0.5662012541956685, -195.44763745311934, 1.078294901858797]
other derivatives =  [ 2.27460623 -0.27784336  0.95784708  0.35680205  0.44071424  1.46748412
 -1.10416511]
Current x_clock array =  [-0.66396086 -0.77596349 -0.50236215  0.57234479 -2.39397193 -1.87612907
 -1.95002912  0.28793011  0.         -0.1953436 ]
log likelihood =  -10302.856141947366
Lr derivatives =  [0.5921464660567608, -195.45524767082608, -1.0826420947078077]
other derivatives =  [ 0.93895687 -0.6274422   1.74729394  0.10022995  0.12778412  1.08556504
 -1.18308421]
Current x_clock array =  [-0.66422758 -0.77626693 -0.50213844  0.57202999 -2.39773455 -1.89104414
 -1.95301584  0.2906228   0.         -0.19670678]
log likelihood =  -10302.846346073868
Lr derivatives =  [0.7315734637124436, -194.4821337021058, 0.08310169698935965]
other derivatives =  [ 1.50295091 -1.12445196 -7.9410529  -0.168724   -0.29671242  0.33439302
 -1.18188407]
Current x_clock array =  [-0.66399964 -0.7766458  -0.50441422  0.57119811 -2.402118   -1.92388257
 -1.95698595  0.29262214  0.         -0.19543214]
log likelihood =  -10302.832158647383
Lr derivatives =  [0.2539968415948337, -195.03826133774945, -1.08468527293563]
other derivatives =  [-3.07748269  1.38405085 -0.5164984  -0.30880074 -0.22093992  0.13690931
 -1.04079382]
Current x_clock array =  [-0.66500663 -0.77544813 -0.50271259  0.5708577  -2.40125787 -1.92822353
 -1.95086024  0.29198626  0.         -0.19613407]
log likelihood =  -10302.825534760148
Lr derivatives =  [0.38815080680946323, -195.13427039673087, -1.0904661820873685]
other derivatives =  [-2.70666533  1.92572224  0.1306089  -0.33161814  0.27821787  0.14103998
 -0.89772169]
Current x_clock array =  [-0.66493713 -0.77510421 -0.5026298   0.57066687 -2.39906151 -1.92545419
 -1.94334779  0.29085719  0.         -0.19628202]
log likelihood =  -10302.810773975343
Lr derivatives =  [-0.8878950584958574, -196.07549476394718, -0.29040515830502045]
other derivatives =  [-0.69090856  1.6129834   1.45048398  0.82520637  0.4982649  -0.08404778
 -0.29341691]
Current x_clock array =  [-0.66441565 -0.77501913 -0.50243864  0.57478173 -2.39587965 -1.92988934
 -1.91555077  0.28830358  0.         -0.19584002]
log likelihood =  -10302.808339382082
Lr derivatives =  [1.261514867416487, -194.75029334075086, 1.8904436358703833]
other derivatives =  [ 0.15959085  1.54312511  0.97387965 -0.76273864  1.79415089 -0.04905212
 -0.01366188]
Current x_clock array =  [-0.66430494 -0.77500768 -0.5027039   0.5689674  -2.39587799 -1.92563496
 -1.90008906  0.28944283  0.         -0.19517355]
log likelihood =  -10302.803368981513
Lr derivatives =  [0.26344415483423944, -195.56358042400203, -0.12374585452721476]
other derivatives =  [ 1.39764779  0.20674997  0.58051046 -0.18463834  0.91237891 -0.03603685
 -0.07387215]
Current x_clock array =  [-0.6639898  -0.77567982 -0.5027321   0.57107446 -2.39842605 -1.92605622
 -1.90024326  0.29073419  0.         -0.19649884]
log likelihood =  -10302.801551073331
Lr derivatives =  [-0.09262722358435838, -195.7054863837331, -0.20090055880514512]
other derivatives =  [ 0.60301318 -0.25825284  0.48995025  0.05976108  0.25899783 -0.05137971
 -0.06518582]
Current x_clock array =  [-0.66413278 -0.77598519 -0.50269221  0.5720802  -2.40149345 -1.92839446
 -1.89860637  0.29245255  0.         -0.19661821]
log likelihood =  -10302.801151048878
Lr derivatives =  [-0.2674124456687963, -195.8734430524978, -0.2536688700653542]
other derivatives =  [-0.46967762  0.35528137 -0.60149978  0.10788972 -0.15096348  0.03647753
  0.00403119]
Current x_clock array =  [-0.66435179 -0.7757342  -0.50294017  0.5719515  -2.40320119 -1.92507809
 -1.89290714  0.29340849  0.         -0.19689734]
log likelihood =  -10302.801010894927
Lr derivatives =  [-0.02570024395321724, -195.65346319209675, -0.01114696432246376]
other derivatives =  [ 4.29863576e-01  8.17817636e-02  1.83114025e-01 -2.56368367e-02
 -8.89764934e-02 -5.17134799e-03  2.01754192e-04]
Current x_clock array =  [-0.66416817 -0.77590267 -0.50275173  0.57170549 -2.40392869 -1.92720408
 -1.89333253  0.29398627  0.         -0.19675688]
log likelihood =  -10302.800966906569
Lr derivatives =  [-0.03413103697277364, -195.67249838883143, 0.005487291908892189]
other derivatives =  [-0.02552406 -0.02568777  0.03249079 -0.00547152 -0.01203764 -0.00121309
 -0.00128134]
Current x_clock array =  [-0.66426424 -0.77592613 -0.50278979  0.57174955 -2.40338032 -1.92681479
 -1.89374509  0.29366151  0.         -0.19671687]
log likelihood =  -10302.800965785027
Lr derivatives =  [-0.024582186197129374, -195.6679659788552, -3.1820502442769794e-05]
other derivatives =  [ 0.00304135 -0.00428918  0.0009004  -0.00227919 -0.01445245  0.00031532
 -0.00034965]
Current x_clock array =  [-0.66425842 -0.77591904 -0.50279666  0.57176504 -2.40342865 -1.92676592
 -1.89362788  0.29370456  0.         -0.19672931]
      fun: 10302.800965785027
 hess_inv: <10x10 LbfgsInvHessProduct with dtype=float64>
      jac: array([ 3.04135028e-03, -4.28917701e-03,  9.00399755e-04, -2.27919372e-03,
       -1.44524455e-02,  3.15317213e-04, -3.49652722e-04, -2.45821862e-02,
       -1.95667966e+02, -3.18205024e-05])
  message: 'CONVERGENCE: REL_REDUCTION_OF_F_<=_FACTR*EPSMCH'
     nfev: 33
      nit: 30
     njev: 33
   status: 0
  success: True
        x: array([-0.66425842, -0.77591904, -0.50279666,  0.57176504, -2.40342865,
       -1.92676592, -1.89362788,  0.29370456,  0.        , -0.19672931])
