number of sites to be analyzed:  1128
log likelihood =  -14901.3336405315
Lr derivatives =  [-589.1663512245373, -984.0957043661448, -861.3242716676642]
other derivatives =  [  33.21525401 -113.44754603   71.02552809 -279.06045216 1039.35920379
  -40.32274592   -0.        ]
Current x_clock array =  [-0.71852561 -0.71100698 -0.6726032   0.18232156 -0.10536052 -0.10536052
  0.33647224 -0.51082562 -0.51082562 -0.51082562]
log likelihood =  -14017.216281151972
Lr derivatives =  [199.8996922398455, -563.3107701325564, -579.8786532872492]
other derivatives =  [-124.42218213   15.94312562 -338.09705019 -116.43477774  742.89276745
  -38.15606033   -0.        ]
Current x_clock array =  [-0.74552868 -0.7104696  -0.73034498  0.40918992 -0.95033057 -0.07257925
  0.33647224 -0.03184981 -0.51041034 -0.51041034]
log likelihood =  -13349.966427490883
Lr derivatives =  [14.247451309337734, -304.9738998986277, -120.52172695985476]
other derivatives =  [515.1477817   36.97726061 817.12324572  62.81735841 103.35285561
  12.35403579  -0.        ]
Current x_clock array =  [-0.63789664 -0.77679989 -0.42643313  0.69439135 -2.32916761 -0.00952864
  0.33647224  0.11393063 -0.37289138 -0.30106637]
log likelihood =  -13394.583544959587
Lr derivatives =  [-62.015482092880674, -210.6790999894862, 123.31790598477288]
other derivatives =  [-726.55005715 -131.14521062 -754.60283551  162.60308257 -166.97197758
   32.11924559   -0.        ]
Current x_clock array =  [-8.60571522e-01 -8.31902841e-01 -7.17382798e-01  7.15030316e-01
 -2.72496418e+00  1.15209874e-03  3.36472237e-01  2.35295908e-02
 -2.03837663e-01 -1.93433909e-01]
log likelihood =  -13258.872623959101
Lr derivatives =  [-38.87876415133272, -273.6267595592644, -32.31856357736453]
other derivatives =  [-105.66332276  -39.02301069  -39.97464592  106.47919225  -21.27842782
   20.33094097   -0.        ]
Current x_clock array =  [-0.73205275 -0.80009969 -0.54945863  0.70311835 -2.49652669 -0.00501238
  0.33647224  0.07570535 -0.30140851 -0.25555493]
log likelihood =  -13240.337689222128
Lr derivatives =  [10.027239362894079, -216.40316599723252, 23.207478563538373]
other derivatives =  [-58.98129166 -29.54986849 -53.06087223  92.54353427  -6.29136733
  20.28523159  -0.        ]
Current x_clock array =  [-0.72487648 -0.796718   -0.55415512  0.67266114 -2.46673406 -0.0096718
  0.33647224  0.04537302 -0.24076881 -0.23922127]
log likelihood =  -13190.430120268315
Lr derivatives =  [-9.757089934677165, -103.80791981186044, 107.45395603349488]
other derivatives =  [-75.4179473  -19.1401632   52.51583934  26.44646156  32.58769914
   9.58723467  -0.        ]
Current x_clock array =  [-0.72897236 -0.77546234 -0.55274734  0.47821595 -2.31343612 -0.04503976
  0.33647224 -0.1941813   0.         -0.21492312]
log likelihood =  -13206.756459916474
Lr derivatives =  [-15.649554315560522, -149.36599103747616, -56.088629222237174]
other derivatives =  [ 459.79472998   75.85739513 -182.69988504    8.01389433  -11.23082998
    8.34447201   -0.        ]
Current x_clock array =  [-0.64010212 -0.7490687  -0.61191288  0.41665651 -2.41058632 -0.06126921
  0.33647224 -0.18055064  0.         -0.31598817]
log likelihood =  -13186.363041556322
Lr derivatives =  [-12.34727621479053, -118.44525217044584, 49.37811317657312]
other derivatives =  [ 73.58318908   9.07450885 -27.39404408  21.47174746  18.45068341
   9.27969813  -0.        ]
Current x_clock array =  [-0.70145551 -0.76729009 -0.57106674  0.45915533 -2.34351669 -0.05006487
  0.33647224 -0.18996084  0.         -0.24621585]
log likelihood =  -13184.423990383493
Lr derivatives =  [-17.919257037995887, -125.12596549607703, 22.580513100387165]
other derivatives =  [ 29.50942689  10.29829764 -19.21493276  22.44422467   4.35454761
  10.24175617  -0.        ]
Current x_clock array =  [-0.70934314 -0.76805043 -0.56669889  0.45512252 -2.38192815 -0.0523873
  0.33647224 -0.17405281  0.         -0.26396108]
log likelihood =  -13183.210768460533
Lr derivatives =  [-16.422989069269313, -129.81414645798378, -10.044518319264483]
other derivatives =  [-4.49312756 -0.98318924 -2.69384145 16.2160668  -1.70896746 10.28176848
 -0.        ]
Current x_clock array =  [-0.71616011 -0.7735993  -0.56100779  0.43519646 -2.41349046 -0.06120847
  0.33647224 -0.15200418  0.         -0.28849472]
log likelihood =  -13182.84071587769
Lr derivatives =  [-8.937074620805973, -126.3883900763725, -14.568097464974898]
other derivatives =  [-7.14273847  0.2069155   1.67505095  9.98652831 -1.47084686 10.11786117
 -0.        ]
Current x_clock array =  [-0.71741034 -0.77396135 -0.55952719  0.41706955 -2.42458443 -0.07100838
  0.33647224 -0.14185948  0.         -0.29428147]
log likelihood =  -13182.396520160659
Lr derivatives =  [-1.1054123954023005, -119.86825687386101, -8.752908388737353]
other derivatives =  [  0.02853631 -11.72941484   2.11940642  -1.27871135  -1.23474386
   9.39472011  -0.        ]
Current x_clock array =  [-0.71696666 -0.77919425 -0.5594019   0.38313976 -2.43953805 -0.09986236
  0.33647224 -0.13353124  0.         -0.29226185]
log likelihood =  -13182.270693871418
Lr derivatives =  [7.40859723114386, -112.97977472638155, 0.3296926663558608]
other derivatives =  [-5.13425039 22.72202073  3.2198368  -8.10758866 -0.2765744   8.00110502
 -0.        ]
Current x_clock array =  [-0.71906747 -0.76668922 -0.55928469  0.35982343 -2.44587275 -0.13430101
  0.33647224 -0.13080575  0.         -0.28687746]
log likelihood =  -13182.101399199722
Lr derivatives =  [4.479257424480613, -113.57503489679124, 3.3588783651515683]
other derivatives =  [-3.36591256e-01  4.79575829e+00  7.44494173e-01 -7.45650686e+00
  7.59531063e-03  7.73045031e+00 -0.00000000e+00]
Current x_clock array =  [-0.71777578 -0.77310413 -0.56001438  0.36267338 -2.44397995 -0.13987497
  0.33647224 -0.13344339  0.         -0.28376189]
log likelihood =  -13181.958812321222
Lr derivatives =  [1.327054922215103, -114.05953821423958, 6.844504456947291]
other derivatives =  [ 2.58892032 -5.0206454  -1.76052708 -6.07555012  0.08407941  6.85357918
 -0.        ]
Current x_clock array =  [-0.71687414 -0.77658079 -0.56070524  0.36701344 -2.44245621 -0.1570471
  0.33647224 -0.13669498  0.         -0.27992361]
log likelihood =  -13181.727343534687
Lr derivatives =  [-2.649931979560737, -114.45757943481918, 9.469149054694931]
other derivatives =  [  7.39381539 -12.37602191   0.58499427  -3.60651211   0.02860242
   4.66537131  -0.        ]
Current x_clock array =  [-0.71564492 -0.77941504 -0.56013172  0.37460082 -2.44379014 -0.20204927
  0.33647224 -0.13905601  0.         -0.2759909 ]
log likelihood =  -13181.638748200592
Lr derivatives =  [-1.8490966478910735, -113.55182705354089, 5.751454738486132]
other derivatives =  [-16.79835987 -14.76066427 -34.83570799   0.43080581   0.05341166
   0.95972973  -0.        ]
Current x_clock array =  [-0.7193868  -0.78046989 -0.56678321  0.3816295  -2.44818625 -0.27910795
  0.33647224 -0.13656364  0.         -0.27642044]
log likelihood =  -13181.44393118498
Lr derivatives =  [-4.608181439544829, -114.6129071110638, 2.943639872494167]
other derivatives =  [ 1.91285653 -7.87363024 -1.25271981  0.08955249  0.03307683  0.01770422
 -0.        ]
Current x_clock array =  [-0.71642372 -0.77834076 -0.55962769  0.38389048 -2.45202147 -0.30180067
  0.33647224 -0.13557173  0.         -0.27760394]
log likelihood =  -13181.42112158598
Lr derivatives =  [-2.882468047106805, -114.18391428184447, 0.587187010245664]
other derivatives =  [ 1.60731543 -2.34338768  0.71877548 -0.31942909 -0.08298429  0.02285196
 -0.        ]
Current x_clock array =  [-0.71668164 -0.77649612 -0.55901541  0.3825573  -2.45419364 -0.30174893
  0.33647224 -0.13315152  0.         -0.27982191]
log likelihood =  -13181.41559140749
Lr derivatives =  [-0.5154108889357971, -113.00766161611884, -0.16379277529723169]
other derivatives =  [ 0.05571928  0.51082679  0.23288158 -0.16416379  0.19917972 -0.03471177
 -0.        ]
Current x_clock array =  [-0.71708959 -0.77567563 -0.55885766  0.38295765 -2.4555113  -0.30351467
  0.33647224 -0.13073991  0.         -0.28103279]
log likelihood =  -13181.415326254244
Lr derivatives =  [-0.060250628985562216, -112.73087510152087, -0.12792415792145562]
other derivatives =  [ 0.00063119  0.33285141  0.03187051 -0.09369433  0.22969668 -0.02773413
 -0.        ]
Current x_clock array =  [-0.71711201 -0.77579889 -0.55884349  0.38318759 -2.45582958 -0.30366077
  0.33647224 -0.13025371  0.         -0.28116212]
log likelihood =  -13181.415231183191
Lr derivatives =  [0.07218851576956453, -112.61248585450494, -0.052731518450052306]
other derivatives =  [-0.27144597  0.00827094  0.11650081 -0.03742025  0.13032522 -0.009215
 -0.        ]
Current x_clock array =  [-0.71716371 -0.77595327 -0.55878485  0.38332532 -2.45624925 -0.3036719
  0.33647224 -0.12996896  0.         -0.28119061]
log likelihood =  -13181.415246030261
Lr derivatives =  [0.19002996551099294, -112.52328665281914, 0.04014364256060077]
other derivatives =  [ 5.15838110e-01 -7.45785655e-04 -2.92880941e-01  1.23909558e-02
  2.61547127e-02 -1.01863407e-04 -0.00000000e+00]
Current x_clock array =  [-0.71702046 -0.7759897  -0.55885641  0.38344277 -2.4565494  -0.30378401
  0.33647224 -0.12984926  0.         -0.28117608]
log likelihood =  -13181.415213794487
Lr derivatives =  [0.12208951668325163, -112.57471395102792, -0.01340291351170464]
other derivatives =  [ 0.06189293  0.00445471 -0.05686161 -0.01631997  0.08621103 -0.00535692
 -0.        ]
Current x_clock array =  [-0.71710305 -0.7759687  -0.55881515  0.38337505 -2.45637635 -0.30371937
  0.33647224 -0.12991827  0.         -0.28118446]
      fun: 13181.415213794487
 hess_inv: <10x10 LbfgsInvHessProduct with dtype=float64>
      jac: array([ 6.18929334e-02,  4.45470505e-03, -5.68616088e-02, -1.63199729e-02,
        8.62110346e-02, -5.35692379e-03, -0.00000000e+00,  1.22089517e-01,
       -1.12574714e+02, -1.34029135e-02])
  message: 'CONVERGENCE: REL_REDUCTION_OF_F_<=_FACTR*EPSMCH'
     nfev: 25
      nit: 21
     njev: 25
   status: 0
  success: True
        x: array([-0.71710305, -0.7759687 , -0.55881515,  0.38337505, -2.45637635,
       -0.30371937,  0.33647224, -0.12991827,  0.        , -0.28118446])
