number of sites to be analyzed:  172
log likelihood =  -2064.313538659548
Lr derivatives =  [11.21234417315587, -71.99754719670271, -13.824572069802091]
other derivatives =  [ 30.32397581 -18.52955165  19.68296328 -60.95434037 179.72794831
  -2.97679344  39.88868593]
Current x_clock array =  [-0.60065987 -0.66595833 -0.69917389  0.18232156 -0.10536052 -0.10536052
  0.33647224 -0.51082562 -0.51082562 -0.51082562]
log likelihood =  -1909.1742389013443
Lr derivatives =  [-39.722167624455665, -93.24316950497595, -40.42078910137384]
other derivatives =  [-103.05650403  -11.84569373  -21.1109741   -32.83405772  123.06020526
    2.56009389   28.00084621]
Current x_clock array =  [-0.75411076 -0.66284135 -0.7987772   0.49077378 -1.01485253 -0.0902968
  0.13462026 -0.56756436 -0.50824065 -0.50824065]
log likelihood =  -1821.0277518051644
Lr derivatives =  [-56.65013944368259, -44.64362855979084, 4.0305364822543055]
other derivatives =  [573.19951225  47.42323244 -56.1377899   46.38945054 -24.08880284
  17.74876955  27.9303672 ]
Current x_clock array =  [-0.32279104 -0.64148747 -0.84914292  1.35536757 -3.75354395 -0.07811474
 -0.47817389 -0.39641711 -0.11137993 -0.26369855]
log likelihood =  -1763.5078533633723
Lr derivatives =  [-30.042868216821724, -27.031859960925587, 11.848966906066877]
other derivatives =  [-143.91888453   19.65088063  -75.43658626   40.10199195  -26.2122576
   17.90312376   28.22417423]
Current x_clock array =  [-0.79118342 -0.69010002 -0.77510324  1.32940865 -3.80759182 -0.09777708
 -0.52299786 -0.30783212 -0.04099925 -0.243898  ]
log likelihood =  -1736.487370763868
Lr derivatives =  [-17.55923004198226, -22.661284354730427, 10.550680058532004]
other derivatives =  [-91.30666308  12.7277965  -42.21158406  27.92980552  -8.02672024
  16.73707197  31.51263036]
Current x_clock array =  [-0.71569893 -0.7006501  -0.7030787   1.13789851 -3.27321539 -0.11268825
 -0.42248744 -0.29504552 -0.05625971 -0.27446908]
log likelihood =  -1719.0481521895676
Lr derivatives =  [-2.888174339114446, -14.659011159069467, 9.704700039850803]
other derivatives =  [ 1.88205854 -4.72940383 20.75560428 15.06835679  7.5239626  14.00348242
 28.24571902]
Current x_clock array =  [-0.61084309 -0.74953365 -0.58101823  0.96103906 -3.06249672 -0.1935267
 -0.5337186  -0.22639917  0.         -0.31955444]
log likelihood =  -1713.7453325034128
Lr derivatives =  [-4.569897859764861, -16.288674777573476, 5.739188639499589]
other derivatives =  [23.95368006 -6.62913772 18.59776557 13.98590621  4.57029511 12.49926117
 23.35171712]
Current x_clock array =  [-0.58687792 -0.75906605 -0.58393468  0.92226029 -3.16906776 -0.2474705
 -0.66381184 -0.19106329  0.         -0.34597058]
log likelihood =  -1701.5224433510677
Lr derivatives =  [-3.2973520574351225, -16.465410107562583, -4.036387917870419]
other derivatives =  [45.3162429   1.60521267  0.4023168   8.8604977  -2.38847305  7.86898909
 10.18827079]
Current x_clock array =  [-0.56276014 -0.75495242 -0.60787168  0.74085867 -3.48867084 -0.46072411
 -1.13935902 -0.05048308  0.         -0.43257985]
log likelihood =  -1696.7914360955501
Lr derivatives =  [-7.851114495911426, -18.431144815231974, -9.657970966949986]
other derivatives =  [  9.67336109 -14.03498118  17.31082375   4.68223789  -6.77825933
   5.19080731   5.04329699]
Current x_clock array =  [-5.95919647e-01 -7.94207326e-01 -5.73951026e-01  5.82986365e-01
 -3.68387130e+00 -6.54862978e-01 -1.50733553e+00  1.16795485e-03
  0.00000000e+00 -4.39117264e-01]
log likelihood =  -1693.7476050048099
Lr derivatives =  [3.883448990236716, -9.152284667119602, -6.407135524659784]
other derivatives =  [ 1.85841054 -0.03738342 -9.97430516 -0.29960393 -1.49516422  3.39533199
  2.16632084]
Current x_clock array =  [-0.60608803 -0.76744974 -0.61633609  0.3728055  -3.67337076 -0.84848541
 -1.82445809  0.07430492  0.         -0.42634104]
log likelihood =  -1693.0606311269175
Lr derivatives =  [4.445999645094826, -7.3029456007625875, -5.231628803271726]
other derivatives =  [-3.63551771  4.1896792   2.27742134 -2.37687073 -0.84366228  2.86131603
  1.59363724]
Current x_clock array =  [-0.61376241 -0.75949146 -0.59490722  0.2933952  -3.69223115 -0.94712108
 -1.97788674  0.08149317  0.         -0.39355203]
log likelihood =  -1692.547248983125
Lr derivatives =  [3.986628896370635, -5.562545339630131, -3.0529746856134214]
other derivatives =  [-8.19102752 -2.54644578  4.0654154  -4.37458084 -0.48163909  2.4701026
  1.25684107]
Current x_clock array =  [-0.61900097 -0.77480637 -0.59222178  0.22048688 -3.70745882 -1.0602041
 -2.14161346  0.07280337  0.         -0.33921277]
log likelihood =  -1692.0309596445095
Lr derivatives =  [2.4139479231108334, -3.7412081866181, 1.115527097839595]
other derivatives =  [-6.41380825  1.4286129   5.44883915 -5.48170328 -1.31886541  2.24933901
  1.1063686 ]
Current x_clock array =  [-0.61810061 -0.76623466 -0.59107755  0.19283813 -3.71932007 -1.17803803
 -2.2913172   0.03497117  0.         -0.26508418]
log likelihood =  -1691.36965071546
Lr derivatives =  [-0.6352510945144205, -3.730235658436291, 4.421022493881538]
other derivatives =  [-0.43585533 -3.65458595 -0.87384751 -5.78146273 -1.32399104  1.89331951
  1.04918714]
Current x_clock array =  [-0.61110323 -0.77566251 -0.6043106   0.23501991 -3.66888592 -1.30783971
 -2.41493046 -0.03215861  0.         -0.20778781]
log likelihood =  -1690.6924032007228
Lr derivatives =  [-4.329392407629684, -5.634593542768163, 4.281758834143935]
other derivatives =  [ 5.47643936 -1.99243959 -3.92256607 -3.5335263  -1.43813746  1.53188027
  1.03568901]
Current x_clock array =  [-0.60382823 -0.76930904 -0.61173719  0.35968574 -3.5905727  -1.41652582
 -2.4822481  -0.10346847  0.         -0.18757462]
log likelihood =  -1690.1560499758366
Lr derivatives =  [-3.3278494325167545, -5.7532317211122805, 2.8997211011520605]
other derivatives =  [ 2.3046905  -0.78997891 -3.16491719 -0.73903038  0.2907287   1.12823034
  0.86692692]
Current x_clock array =  [-0.60647412 -0.76708694 -0.60808594  0.47317256 -3.51559851 -1.55243656
 -2.59501577 -0.12069275  0.         -0.18767064]
log likelihood =  -1690.217401075007
Lr derivatives =  [1.0764955919773023, -4.263908409255379, -1.5262951988415774]
other derivatives =  [32.33834536  0.25339159  8.34440698 -0.15383671  2.00190267  0.58387019
  0.40474799]
Current x_clock array =  [-0.57749129 -0.77177096 -0.58595603  0.51323868 -3.51703379 -1.81238729
 -2.89564106 -0.07477176  0.         -0.22037205]
log likelihood =  -1689.9646445541505
Lr derivatives =  [-1.2288784793726615, -5.030586838788085, 0.7040709537109024]
other derivatives =  [15.91183423 -0.28152044  1.97570489 -0.42955821  1.07786107  0.85183644
  0.62020539]
Current x_clock array =  [-0.59305346 -0.7692559  -0.59783856  0.49172541 -3.51626313 -1.67280824
 -2.73422204 -0.09942877  0.         -0.20281322]
log likelihood =  -1689.6394319554406
Lr derivatives =  [1.054014514094722, -3.5556472833378425, 1.2754609919649198]
other derivatives =  [4.66351776 0.62755953 3.31369347 0.3729092  1.74839181 0.5516438
 0.42440931]
Current x_clock array =  [-0.60420648 -0.76892957 -0.59255278  0.52088883 -3.50937411 -1.85893394
 -2.95161846 -0.08777353  0.         -0.19387659]
log likelihood =  -1689.4386422204188
Lr derivatives =  [1.7208715151022247, -2.8207749084132825, 1.2539432754972362]
other derivatives =  [-1.06214202 -0.23289886  2.26464454  0.54420934  1.13892139  0.29234454
  0.26316657]
Current x_clock array =  [-0.60965717 -0.77228894 -0.59244914  0.52164832 -3.53460345 -2.06872221
 -3.21434732 -0.07789187  0.         -0.1876393 ]
log likelihood =  -1689.319885137613
Lr derivatives =  [0.9752381342976078, -2.7989466869045954, 0.7472372156040279]
other derivatives =  [-2.04886965 -0.06354071  0.41849717  0.45353181  0.05185348  0.0591493
  0.15997792]
Current x_clock array =  [-0.6102239  -0.77256712 -0.59508138  0.51234643 -3.56320412 -2.29648588
 -3.50103022 -0.07806932  0.         -0.18347365]
log likelihood =  -1689.2888440310142
Lr derivatives =  [-0.2964308068193713, -3.34802937441199, -0.3706450259679559]
other derivatives =  [-0.92054734  0.22039626  0.12394685  0.12441569 -0.30884823 -0.07693196
  0.12417624]
Current x_clock array =  [-0.60896216 -0.77124293 -0.59649847  0.50169714 -3.56571528 -2.43046311
 -3.67129337 -0.08700639  0.         -0.18594663]
log likelihood =  -1689.2856583256257
Lr derivatives =  [0.29971672497649315, -2.7052842025886696, 0.6029257172904277]
other derivatives =  [ 0.52834798  0.35136941 -0.7193546  -0.08521965 -0.00119385 -0.13362997
  0.10848577]
Current x_clock array =  [-0.6075335  -0.77146895 -0.59780669  0.49775959 -3.56322058 -2.51160944
 -3.77553099 -0.08659799  0.         -0.17904081]
log likelihood =  -1689.2839741275857
Lr derivatives =  [-0.10292293733445668, -3.0599534577169547, 0.07113350739697388]
other derivatives =  [ 0.12776877 -0.28194177  0.20137441 -0.05625589 -0.07969103 -0.13549554
  0.11016658]
Current x_clock array =  [-0.60790297 -0.77259617 -0.59639859  0.49917907 -3.56268169 -2.50721371
 -3.76994458 -0.0878064   0.         -0.1818254 ]
log likelihood =  -1689.2836912007513
Lr derivatives =  [-0.012538988839105869, -3.028560792875366, -0.03553664251702626]
other derivatives =  [ 0.07105064 -0.01537956 -0.03630248 -0.02972229 -0.05730597 -0.13534145
  0.10918758]
Current x_clock array =  [-0.60796612 -0.77202569 -0.59675723  0.49960166 -3.56220954 -2.50471585
 -3.76746072 -0.0873085   0.         -0.18279287]
log likelihood =  -1689.283519123861
Lr derivatives =  [0.02373342469862383, -3.0058078266018398, -0.0323282927499986]
other derivatives =  [ 0.0009054   0.06827258 -0.04269236 -0.02838942 -0.02624685 -0.13716987
  0.10861797]
Current x_clock array =  [-0.60805127 -0.77183845 -0.59675937  0.49980641 -3.56143692 -2.50641708
 -3.77083753 -0.08734715  0.         -0.18280273]
log likelihood =  -1689.2828784277026
Lr derivatives =  [0.12417873435729376, -2.94533408056775, -0.03158000835048069]
other derivatives =  [-0.2461361   0.16255012 -0.10199938 -0.03594323  0.10300085 -0.14214466
  0.10695754]
Current x_clock array =  [-0.60834137 -0.77157876 -0.59686074  0.50036933 -3.55802191 -2.51010775
 -3.78301225 -0.08777921  0.         -0.18287481]
log likelihood =  -1689.2821213458365
Lr derivatives =  [0.14214549639145435, -2.9252754757546597, -0.001968901513817789]
other derivatives =  [-0.41070734  0.24984774 -0.01691797 -0.04066965  0.1933765  -0.14350364
  0.10606255]
Current x_clock array =  [-0.6085482  -0.77130908 -0.59675666  0.50105856 -3.55509147 -2.51035552
 -3.79421712 -0.0886797   0.         -0.18261889]
log likelihood =  -1689.27995594372
Lr derivatives =  [0.15180866591998932, -2.900318663283412, 0.0507647927488466]
other derivatives =  [-0.71860018  0.15065098 -0.20163452 -0.03145033  0.37610249 -0.1415766
  0.10339294]
Current x_clock array =  [-0.60889575 -0.77133842 -0.59715547  0.50301381 -3.54861038 -2.50516632
 -3.82397379 -0.09093127  0.         -0.18208434]
log likelihood =  -1689.2782958909497
Lr derivatives =  [0.42047181434521175, -2.7101704701368035, 0.26426881282146275]
other derivatives =  [ 0.70375199  1.09071311  1.15008197  0.03624336  0.76383562 -0.12980291
  0.09436694]
Current x_clock array =  [-0.60766499 -0.76937781 -0.59495117  0.50975698 -3.53734372 -2.4895458
 -3.9028584  -0.09310485  0.         -0.18086696]
log likelihood =  -1689.272033363734
Lr derivatives =  [0.15402111449911793, -2.8313142031707863, 0.27980361180574453]
other derivatives =  [-0.63206289  0.3887933   0.54960765  0.07382096  0.65820942 -0.12911761
  0.09030686]
Current x_clock array =  [-0.60893439 -0.77067628 -0.59595762  0.51042375 -3.53740357 -2.49003444
 -3.94749637 -0.09525459  0.         -0.17984135]
log likelihood =  -1689.2617617667834
Lr derivatives =  [-0.21923714546070006, -3.0061299289549184, 0.21621742000638866]
other derivatives =  [-1.4368934  -0.36860615 -0.3192763   0.21525602  0.39062011 -0.11448467
  0.07947935]
Current x_clock array =  [-0.60958265 -0.77221132 -0.59735823  0.51353152 -3.5401493  -2.47679823
 -4.04727863 -0.09765281  0.         -0.17897144]
log likelihood =  -1689.2483924974713
Lr derivatives =  [-0.5651524572481339, -3.1384959432042043, 0.2579480965200025]
other derivatives =  [-1.52710322 -0.96458507 -0.85429201  0.47744948  0.01530108 -0.07613538
  0.06123094]
Current x_clock array =  [-0.60949076 -0.77364077 -0.59804853  0.52040507 -3.54495032 -2.4416558
 -4.24546141 -0.09972265  0.         -0.17729152]
log likelihood =  -1689.2346113173417
Lr derivatives =  [-0.4966689417856003, -3.033637665125643, 0.35241514862713297]
other derivatives =  [-1.35001392 -1.16417777 -0.6201733   0.56573276 -0.20522572 -0.02495449
  0.04415573]
Current x_clock array =  [-0.60930558 -0.77441393 -0.59734995  0.52199971 -3.55029183 -2.39145891
 -4.47669806 -0.098288    0.         -0.17659151]
log likelihood =  -1689.361372214037
Lr derivatives =  [-1.4969913561681265, -3.2564063307269784, -1.482254846177248]
other derivatives =  [11.76363639 -1.4161169  -7.83403016 -0.13169824 -0.7446113  -0.04008401
  0.01396772]
Current x_clock array =  [-0.59561702 -0.77483047 -0.61196333  0.49455388 -3.55993981 -2.39467833
 -5.21452812 -0.10644884  0.         -0.18666768]
log likelihood =  -1689.2306182621915
Lr derivatives =  [-0.6356252549680947, -3.053559071037283, 0.06993583426942718]
other derivatives =  [ 0.54131647 -1.19503989 -1.72916407  0.46492346 -0.28733287 -0.02716933
  0.03728623]
Current x_clock array =  [-0.60728416 -0.77447544 -0.59950795  0.51794671 -3.55171657 -2.39193433
 -4.58565542 -0.09949314  0.         -0.17807949]
log likelihood =  -1689.216498840383
Lr derivatives =  [-0.40649749528200907, -2.8586718766121084, 0.11614903335155446]
other derivatives =  [ 0.83636405 -0.73350361 -0.56207591  0.41848944 -0.27829814  0.03539457
  0.02370701]
Current x_clock array =  [-0.60720249 -0.77367583 -0.59737273  0.51676388 -3.55203687 -2.32579232
 -4.92052311 -0.09810344  0.         -0.17841679]
log likelihood =  -1689.209271869569
Lr derivatives =  [-0.23455115063426124, -2.687969749201273, -0.08893500115978115]
other derivatives =  [ 0.31002241  0.44906983 -0.29907892  0.24294786 -0.23242819  0.06765434
  0.01561596]
Current x_clock array =  [-0.60799766 -0.77096115 -0.59699697  0.51006574 -3.55121845 -2.2852799
 -5.21654705 -0.09770579  0.         -0.18046837]
log likelihood =  -1689.2067651828343
Lr derivatives =  [-0.2311172761652731, -2.667386921174857, -0.243497884013663]
other derivatives =  [ 0.72090279 -0.2718034   0.6412406  -0.07241306 -0.03298504  0.07861602
  0.01191798]
Current x_clock array =  [-0.60773424 -0.77240778 -0.59567122  0.50184045 -3.5482173  -2.2680963
 -5.44089547 -0.0975116   0.         -0.18176662]
log likelihood =  -1689.2049998323523
Lr derivatives =  [-0.051698254332078086, -2.5066439566807555, -0.1381570286137136]
other derivatives =  [ 0.13621934  0.05151674 -0.11790848 -0.13051931  0.03991367  0.07107428
  0.01087037]
Current x_clock array =  [-0.60836134 -0.77166349 -0.59691648  0.49940614 -3.54717057 -2.27453087
 -5.50742192 -0.09737098  0.         -0.18134291]
log likelihood =  -1689.204273868418
Lr derivatives =  [-0.03706060404233469, -2.4657529688417616, -0.05230653189724377]
other derivatives =  [-0.16787544 -0.01896592 -0.448229   -0.15781166  0.08588454  0.06268865
  0.01047497]
Current x_clock array =  [-0.60866576 -0.77175622 -0.59749669  0.49875768 -3.54590468 -2.28301669
 -5.55058188 -0.09800937  0.         -0.18064085]
log likelihood =  -1689.2033581929807
Lr derivatives =  [-0.11627491063507378, -2.470201415548067, 0.05466366439692272]
other derivatives =  [-0.3987243  -0.12463261 -0.61575952 -0.17894899  0.11375171  0.05134302
  0.00991668]
Current x_clock array =  [-0.60889149 -0.77188883 -0.59784986  0.49866644 -3.54442751 -2.29530276
 -5.62388128 -0.09940058  0.         -0.17951733]
log likelihood =  -1689.201736847871
Lr derivatives =  [-0.20327568294723708, -2.4610646971689953, 0.20546296314415557]
other derivatives =  [-0.33955985  0.01887338 -0.58342084 -0.18992591  0.15064271  0.03218468
  0.00876676]
Current x_clock array =  [-0.60884088 -0.77150563 -0.5978855   0.49936446 -3.54252359 -2.31675487
 -5.76572792 -0.10119943  0.         -0.17793763]
log likelihood =  -1689.2018987614865
Lr derivatives =  [-0.5466967901443471, -2.7239203194877795, -0.11499596349036345]
other derivatives =  [-2.00075078 -1.48221284 -0.85597867 -0.03651894  0.07177449 -0.01056518
  0.00498427]
Current x_clock array =  [-0.61031    -0.77464919 -0.59820177  0.50490206 -3.5416121  -2.36236435
 -6.32510823 -0.10299505  0.         -0.17806484]
log likelihood =  -1689.200225019461
Lr derivatives =  [-0.36602054425910246, -2.5837545936391177, 0.047403176843122674]
other derivatives =  [-1.14257159 -0.70578244 -0.71733803 -0.11620841  0.11231905  0.01132882
  0.0066453 ]
Current x_clock array =  [-0.60955033 -0.77302368 -0.59803823  0.50203862 -3.54208342 -2.33878012
 -6.03585805 -0.10206656  0.         -0.17799906]
log likelihood =  -1689.19740558105
Lr derivatives =  [-0.2828157403867113, -2.512054924489342, 0.09861454222497246]
other derivatives =  [-0.60766297 -0.30241449 -0.42170677 -0.08231791  0.14952356 -0.00674396
  0.00497953]
Current x_clock array =  [-0.60902678 -0.77227841 -0.59749321  0.50392347 -3.54144624 -2.3600596
 -6.30560323 -0.10203763  0.         -0.17741375]
log likelihood =  -1689.194587048215
Lr derivatives =  [-0.08986996388297896, -2.4229736768302166, 0.016624856843464597]
other derivatives =  [ 0.02700062  0.03240643  0.04740923 -0.00400792  0.14910406 -0.01562173
  0.00290684]
Current x_clock array =  [-0.60838884 -0.77184463 -0.59650932  0.50665232 -3.54270876 -2.37164362
 -6.78481826 -0.10021227  0.         -0.17797373]
log likelihood =  -1689.1933531488874
Lr derivatives =  [0.03789657801597812, -2.368731959740153, -0.0545083591333706]
other derivatives =  [ 0.32111166  0.0270818   0.0521527   0.04275103  0.12135836 -0.01038517
  0.00177731]
Current x_clock array =  [-0.60806775 -0.77203998 -0.59636051  0.50773784 -3.54426874 -2.36701109
 -7.22775669 -0.09874515  0.         -0.17861746]
log likelihood =  -1689.1929667697436
Lr derivatives =  [0.02466363373346603, -2.3882813676738732, -0.06211485636208158]
other derivatives =  [-0.41877411  0.19073104  0.77462255  0.07402446  0.01126908  0.00130687
  0.00091843]
Current x_clock array =  [-0.60887614 -0.77174664 -0.59499903  0.50803642 -3.54727744 -2.35590854
 -7.86221694 -0.09765305  0.         -0.17866093]
log likelihood =  -1689.192072645777
Lr derivatives =  [0.06456807609588733, -2.352801353545074, -0.06621434001925885]
other derivatives =  [ 0.08573033 -0.03789592  0.23437747  0.05716038  0.01734495  0.00172069
  0.00065252]
Current x_clock array =  [-0.60830724 -0.772297   -0.59592493  0.50730075 -3.54752549 -2.35594667
 -8.18663364 -0.09749377  0.         -0.17876534]
log likelihood =  -1689.1917634228673
Lr derivatives =  [0.06258555603573335, -2.3330250957296466, -0.026453101104978227]
other derivatives =  [ 0.13704357 -0.06754908 -0.01523858  0.04184812  0.00342103  0.00038647
  0.00044036]
Current x_clock array =  [-0.60823942 -0.77236293 -0.59635749  0.50660083 -3.54795162 -2.35807421
 -8.57534834 -0.09762355  0.         -0.17847129]
log likelihood =  -1689.1915517824618
Lr derivatives =  [0.02418781540195436, -2.331069160071369, 0.023143057665926725]
other derivatives =  [ 0.08243796 -0.04970411 -0.11054999  0.02010756 -0.02637303 -0.0009686
  0.00025929]
Current x_clock array =  [-0.60829392 -0.77230265 -0.59654363  0.50570115 -3.54863974 -2.36035305
 -9.10661808 -0.09790428  0.         -0.17804979]
log likelihood =  -1689.1914531472808
Lr derivatives =  [-0.034147710288050526, -2.3579929051523556, -0.0018651166125696061]
other derivatives =  [ 0.11322572 -0.09205633 -0.02744127 -0.01667763 -0.0350308  -0.00220395
  0.00015661]
Current x_clock array =  [-0.60827264 -0.77234998 -0.59646255  0.50457787 -3.54878533 -2.36116727
 -9.61243751 -0.09819458  0.         -0.17811884]
log likelihood =  -1689.1915261413308
Lr derivatives =  [0.04531185784835845, -2.296739669950288, 0.010827307429456368]
other derivatives =  [-2.97457518e-01  2.47858679e-01 -1.59228648e-01 -3.39946382e-02
 -1.34086401e-02 -6.57313579e-03  7.29561086e-05]
Current x_clock array =  [ -0.60873083  -0.77158549  -0.59665451   0.50365713  -3.54857607
  -2.364838   -10.36263426  -0.09796042   0.          -0.17817812]
log likelihood =  -1689.1914111777087
Lr derivatives =  [-0.0043535411579265215, -2.334964202492482, 0.0027799696104162663]
other derivatives =  [-0.04027834  0.03493392 -0.07676772 -0.02315642 -0.02696487 -0.00383714
  0.0001177 ]
Current x_clock array =  [-0.60844383 -0.77206435 -0.59653427  0.50423386 -3.54870715 -2.36253875
 -9.89273022 -0.09810709  0.         -0.17814099]
log likelihood =  -1689.191388311035
Lr derivatives =  [-0.0062220724291988105, -2.339022012545416, -0.010690106831497848]
other derivatives =  [-3.31879164e-02  1.96234851e-02 -9.68748282e-03 -2.92357072e-02
 -2.76305407e-02 -3.61328273e-03  9.44224469e-05]
Current x_clock array =  [ -0.60844098  -0.77210086  -0.59642226   0.50405673  -3.5488197
  -2.3621603  -10.11138871  -0.09801173   0.          -0.17823547]
log likelihood =  -1689.1913679898223
Lr derivatives =  [0.008207508041928158, -2.3342042881394374, -0.016543641263158326]
other derivatives =  [-2.15854925e-02  3.04976311e-03  4.21791810e-02 -3.12088559e-02
 -2.28546457e-02 -3.67586463e-03  6.96538693e-05]
Current x_clock array =  [ -0.60843194  -0.77215242  -0.5963242    0.50402986  -3.54887509
  -2.36221248 -10.41323378  -0.09783256   0.          -0.1783018 ]
log likelihood =  -1689.1913477473563
Lr derivatives =  [0.023228510401576585, -2.327439722965761, -0.014641614279293669]
other derivatives =  [ 6.39511200e-03  3.36513040e-03  6.13208613e-02 -2.78662355e-02
 -1.75935950e-02 -3.72214464e-03  5.01115241e-05]
Current x_clock array =  [ -0.60840385  -0.77216674  -0.5962815    0.50417872  -3.5488376
  -2.36234634 -10.7399146   -0.09772486   0.          -0.17831207]
log likelihood =  -1689.1913225682247
Lr derivatives =  [0.023800389963674284, -2.337188217428325, -0.031060400298442148]
other derivatives =  [-1.13424449e-01 -9.27263955e-02  3.89809429e-02 -1.02920694e-02
 -1.34484528e-02 -3.97269906e-03  2.30128694e-05]
Current x_clock array =  [ -0.60851278  -0.77237477  -0.5962957    0.50477979  -3.548604
  -2.36250731 -11.52041065  -0.09770503   0.          -0.1783819 ]
log likelihood =  -1689.1912901477763
Lr derivatives =  [0.0350925375197626, -2.327847113453388, -0.015165685572388954]
other derivatives =  [ 1.54693680e-02 -1.66689915e-02  2.27898909e-02  1.77419679e-03
 -8.67582628e-03 -4.12216024e-03  1.32177169e-05]
Current x_clock array =  [ -0.6083813   -0.77222374  -0.59632286   0.50524475  -3.54839502
  -2.36295057 -12.07593731  -0.09778493   0.          -0.17828566]
log likelihood =  -1689.1912796044383
Lr derivatives =  [0.02289458284520851, -2.3329790467163996, -0.01109619467981704]
other derivatives =  [ 2.52080099e-02  1.11094778e-03  1.00681063e-03  6.68114808e-03
 -9.29943086e-03 -4.35491961e-03  9.05419485e-06]
Current x_clock array =  [ -0.60836949  -0.77217362  -0.59636856   0.50543465  -3.54822443
  -2.36321576 -12.45581136  -0.09796624   0.          -0.17822416]
log likelihood =  -1689.19126964584
Lr derivatives =  [-0.0009464285901037428, -2.3433681681970278, -0.0013049690308759576]
other derivatives =  [ 7.56790541e-03  5.06133802e-03  5.92535798e-04  7.89350452e-03
 -8.87987244e-03 -4.20545343e-03  5.73519339e-06]
Current x_clock array =  [ -0.60838828  -0.77214066  -0.59638748   0.50555203  -3.54795088
  -2.36302554 -12.92437991  -0.09825563   0.          -0.17810836]
log likelihood =  -1689.1912660074538
Lr derivatives =  [-0.013454379749546774, -2.348395125981668, -0.0059864120419920175]
other derivatives =  [ 2.49269760e-02 -1.86805664e-02 -4.55147529e-02 -7.95807864e-05
 -3.63526534e-03 -3.71488581e-03  3.74673721e-06]
Current x_clock array =  [ -0.60836997  -0.77217137  -0.59648641   0.50532819  -3.54770864
  -2.36218826 -13.35087192  -0.09842775   0.          -0.17813057]
      fun: 1689.1912660074538
 hess_inv: <10x10 LbfgsInvHessProduct with dtype=float64>
      jac: array([ 2.49269760e-02, -1.86805664e-02, -4.55147529e-02, -7.95807864e-05,
       -3.63526534e-03, -3.71488581e-03,  3.74673721e-06, -1.34543797e-02,
       -2.34839513e+00, -5.98641204e-03])
  message: 'CONVERGENCE: REL_REDUCTION_OF_F_<=_FACTR*EPSMCH'
     nfev: 63
      nit: 58
     njev: 63
   status: 0
  success: True
        x: array([ -0.60836997,  -0.77217137,  -0.59648641,   0.50532819,
        -3.54770864,  -2.36218826, -13.35087192,  -0.09842775,
         0.        ,  -0.17813057])
