number of sites to be analyzed:  529
log likelihood =  -10742.33368140678
Edge derivatives =  [197.96082299369252, 51.33375680993561, 264.36232110692424, 183.41299364242582, 246.72865424371676, 294.05146752262266]
other derivatives: [  43.73155934   75.18574057  -95.57270096  142.52091023 -469.48209274
  -18.88762927  -21.45222425]
Current x array =  [-0.64727181 -0.71597575 -0.63836686  0.18232156 -0.10536052 -0.10536052
  0.33647224 -2.30258509 -2.30258509 -2.30258509 -2.30258509 -2.30258509
 -2.30258509]
log likelihood =  -10412.136803511123
Edge derivatives =  [192.21776210034872, 55.634624642810955, 268.28185627365497, 191.00774332529906, 251.23974068492103, 302.12822731139295]
other derivatives: [ 143.59574197  115.6747021    55.84304017   66.88750364 -135.51998203
  -29.08983333  -27.69320963]
Current x array =  [-0.64603524 -0.71459693 -0.8362372   0.20264773 -1.07735965 -0.1444648
  0.29205831 -2.28953644 -2.1963055  -2.28953644 -2.28953644 -2.28953644
 -2.28953644]
log likelihood =  -10401.444256035182
Edge derivatives =  [126.71558223323933, 22.063276772241046, 164.75964309256392, 96.0595844812583, 131.66211455664694, 171.14023315357252]
other derivatives: [-4885.367729    -296.63430541   -22.42176743  -189.6702197
    98.39948812  -116.94926434  -165.3499512 ]
Current x array =  [-0.21443821 -0.40509009 -0.70148752  0.30024828 -1.76481954 -0.24994915
  0.18985442 -1.83781212 -1.9867488  -1.65125496 -1.82779986 -1.69040104
 -1.56837926]
log likelihood =  -10161.980796648539
Edge derivatives =  [176.12829714775728, 47.73765870618745, 244.78278294335956, 166.66304540841247, 219.20113764623525, 269.8351189546141]
other derivatives: [-469.53261153   18.33537681   31.50731573    9.72929956  -64.75097372
  -54.5723251   -73.01941514]
Current x array =  [-0.50072923 -0.61039509 -0.79087095  0.23550696 -1.30880716 -0.17997827
  0.25764927 -2.13745416 -2.12575393 -2.07464585 -2.13408333 -2.08782519
 -2.04674404]
log likelihood =  -9715.704169491662
Edge derivatives =  [94.97541703408181, 13.434964662448394, 120.17948250750248, 61.729385021631025, 73.72080973441724, 97.62940229921172]
other derivatives: [ -612.60167786 -1093.56337452   -67.49049317   -46.58677426
   136.88608901  -153.76713782  -224.86406851]
Current x array =  [-0.47897346 -0.32065171 -0.62761138  0.31465123 -1.92177151 -0.31721337
  0.10928693 -1.60824066 -1.90300677 -1.3280772  -1.60126181 -1.39519917
 -1.20793339]
log likelihood =  -9306.082484606926
Edge derivatives =  [76.3374814461635, 11.609669472339904, 71.91986399846043, 35.3788556811131, 1.9909970469502118, 6.929364645537362]
other derivatives: [-409.83182407  -64.27976768 -224.10295423  -32.28665264  153.38413575
 -205.3896842  -296.8068693 ]
Current x array =  [-0.54036712 -0.69868677 -0.51600546  0.37167867 -2.15407558 -0.48131831
 -0.09334114 -1.17809226 -1.75537387 -0.72868186 -1.18474134 -0.85617011
 -0.55305268]
log likelihood =  -9146.492061125853
Edge derivatives =  [33.81465536978589, 0.37288821036948855, 9.096427701170992, 3.587532974519293, -49.57032190798568, -63.13255337619562]
other derivatives: [  -8.76623017   34.09148667  -63.67686547  -15.87737461   28.10057126
 -163.20052055 -236.46790942]
Current x array =  [-0.63769969 -0.79666832 -0.54640255  0.40651525 -2.0868726  -0.67866257
 -0.35743542 -0.87124677 -1.67452493 -0.32062054 -0.90660879 -0.5217216
 -0.1460069 ]
log likelihood =  -9076.092411544272
Edge derivatives =  [14.475526128648758, -2.374755628024816, -7.464622671231587, -3.294136146865898, -51.555633660364116, -58.379653503689205]
other derivatives: [  31.7894046    75.28910464   54.47349031  -10.10527558  -19.17894532
  -84.66262625 -134.20632604]
Current x array =  [-0.65077279 -0.83797518 -0.57859195  0.40438267 -2.1236602  -0.88885775
 -0.65280366 -0.726911   -1.63574848 -0.1590129  -0.79653548 -0.43616102
 -0.04530177]
log likelihood =  -9039.25801293084
Edge derivatives =  [10.474464522601728, 0.7906896022928753, 6.964687506732166, 3.9708636847804533, -25.4557181695903, -14.222774647452859]
other derivatives: [ 1.11988356e+02  5.41015906e+01 -2.82760389e+02  2.11948645e-02
 -7.88640661e+00 -1.93922465e+01 -4.75199614e+01]
Current x array =  [-0.6768324  -0.83247376 -0.46246454  0.38209983 -2.23589232 -1.12978883
 -1.02687853 -0.62156821 -1.61081684 -0.0786347  -0.73928612 -0.47610723
 -0.07954936]
log likelihood =  -9025.892118735499
Edge derivatives =  [8.494493339030589, 1.36792023680907, 21.12072543474463, 12.635510874421438, 3.8977942862096273, 30.631496757934425]
other derivatives: [ 96.60332944  36.02828292 119.78553812 -16.44455551  70.13634335
   3.44016512 -12.87683368]
Current x array =  [-0.6617266  -0.82304365 -0.5921295   0.35344447 -2.37103034 -1.26171264
 -1.24454116 -0.60311664 -1.59828486 -0.09189824 -0.74826127 -0.56675972
 -0.17188137]
log likelihood =  -9016.694609715336
Edge derivatives =  [-5.440548252932027, -0.9065249241721377, -3.2723131074694543, 0.24821745313565113, -13.10561732541334, 4.692930330268812]
other derivatives: [-33.7839374   15.10248694  44.25728548  -1.07947926  -3.49727582
   6.14008282 -12.53308533]
Current x array =  [-0.63402456 -0.81512897 -0.56165899  0.35403886 -2.26614006 -1.27464704
 -1.2697461  -0.56259528 -1.59849248 -0.03407835 -0.70943098 -0.52423199
 -0.11019008]
log likelihood =  -9015.716721765291
Edge derivatives =  [-4.207365570993897, -0.3581541832315902, -0.5002162140367251, 1.5187801194042407, -9.821354310945472, 7.714192652392857]
other derivatives: [ -4.02213664   6.07435322  -1.32886998  -0.20959851  -0.89966697
   7.61897227 -10.43019488]
Current x array =  [-0.64219685 -0.80870236 -0.54495873  0.35256827 -2.26794879 -1.27948715
 -1.29219761 -0.56483601 -1.59964123 -0.03749283 -0.71037837 -0.53955244
 -0.11472299]
log likelihood =  -9015.408733244896
Edge derivatives =  [-4.474374433395608, -0.15739482426183, -0.004193394746910717, 1.7938571431427763, -7.427322161911388, 9.349649306221181]
other derivatives: [  3.72512659  -1.44224759 -10.14427653   0.23990106   0.40978881
   9.28660346  -7.7482086 ]
Current x array =  [-0.64439923 -0.80426297 -0.54156902  0.3503303  -2.27135745 -1.28770009
 -1.32213587 -0.56326197 -1.59926505 -0.03541044 -0.70753122 -0.55237648
 -0.11403494]
log likelihood =  -9014.895912249973
Edge derivatives =  [-4.598989970721695, 0.11274189303474826, -0.040005230966809524, 1.870433119474503, -4.298385463412864, 8.810885604528163]
other derivatives: [  7.86601049  -8.84668771 -11.20763045   0.75349271   1.09742402
  10.59310055  -4.54915253]
Current x array =  [-0.64566544 -0.80019251 -0.54087592  0.34787187 -2.27440138 -1.28777029
 -1.36821603 -0.5658739  -1.59876468 -0.0320446  -0.70123294 -0.57494679
 -0.10138074]
log likelihood =  -9013.864131784227
Edge derivatives =  [-2.731829426943111, 0.7841825457739222, 0.21988093728418845, 2.1008491447145166, 0.536698868985083, 2.6236301719534696]
other derivatives: [  3.73762123 -11.80113759  -7.44234603   0.70119131   2.28910965
   9.734085    -1.13125031]
Current x array =  [-0.64472143 -0.79905612 -0.54203348  0.34853484 -2.2773165  -1.251129
 -1.44967105 -0.5867886  -1.59793904 -0.03086733 -0.68663718 -0.6216028
 -0.05970887]
log likelihood =  -9013.667682179388
Edge derivatives =  [-1.006219732141617, 1.2311990394056862, -1.7267493032316477, 0.46945828909328924, 4.315805762961439, -3.722078330274131]
other derivatives: [ 55.42827967   5.64659786   1.75564674   3.46022352 -13.15574871
   6.77435194  -0.08073822]
Current x array =  [-0.65869233 -0.80464728 -0.54799381  0.34891282 -2.20973798 -1.13918591
 -1.51621084 -0.64081198 -1.60233635 -0.0573172  -0.67764281 -0.68285959
 -0.05676586]
log likelihood =  -9013.040950249702
Edge derivatives =  [0.6710174468319018, 1.443639746890218, 0.6171949372039127, 1.7254721023864479, 5.117008105021694, -2.8852209184968944]
other derivatives: [ 4.29283864  1.56102033  3.32655873  1.27002568 -2.6113172   5.42571882
 -0.38681526]
Current x array =  [-0.64457757 -0.80414546 -0.54843988  0.3516412  -2.23676059 -1.13966866
 -1.51772405 -0.64150535 -1.60009162 -0.05720885 -0.67749804 -0.68159889
 -0.049489  ]
log likelihood =  -9012.96868302856
Edge derivatives =  [1.1178297398996302, 1.392895827993707, 0.8538822087718749, 1.6816461220131118, 4.53457701287828, -2.7083962731509654]
other derivatives: [-2.91632932  2.14382089  2.79590131  0.77348523 -1.79210932  4.37652384
 -1.27095469]
Current x array =  [-0.64264445 -0.80440263 -0.54854048  0.35336729 -2.23555386 -1.12883793
 -1.50821924 -0.64479996 -1.59975592 -0.06033595 -0.67834588 -0.67714776
 -0.05381676]
log likelihood =  -9012.865044225571
Edge derivatives =  [1.730706112415477, 1.240956571990385, 0.8048752569437604, 1.250257612230032, 3.366758104664969, -2.377154229122917]
other derivatives: [-7.31748696  1.18756725  2.1891392  -0.1106564  -1.30130857  2.27346173
 -2.70394045]
Current x array =  [-0.64153694 -0.80342555 -0.54878622  0.3567502  -2.22977586 -1.10129721
 -1.49844032 -0.65187411 -1.59829244 -0.06588699 -0.67752644 -0.66930151
 -0.0633752 ]
log likelihood =  -9012.703610150467
Edge derivatives =  [1.5470604679386852, 0.9827815742417212, 0.27336298909607504, 0.381217768697546, 1.757041376629024, -0.7134792689625702]
other derivatives: [-7.8191697   3.90968671 -2.21234768 -0.67350993 -0.11316118  0.81732447
 -2.68833415]
Current x array =  [-0.64157767 -0.80557345 -0.54674029  0.35873667 -2.23347897 -1.07637417
 -1.51561308 -0.64830645 -1.59159884 -0.06276141 -0.66862854 -0.65235284
 -0.07261423]
log likelihood =  -9012.73636177139
Edge derivatives =  [-0.25319993921536166, 0.12045983075173852, -2.7677939711438717, -2.3845297026505876, -1.280745716946275, -0.8636959647589346]
other derivatives: [  1.21823723 -20.52794662  12.54272138  -1.83992779   0.10608285
  -1.88064968  -1.42929665]
Current x array =  [-0.64490662 -0.79218583 -0.55092611  0.35974841 -2.23480362 -1.01697644
 -1.57731555 -0.64361225 -1.57633834 -0.05715258 -0.64796029 -0.62918175
 -0.07839848]
log likelihood =  -9012.61639182403
Edge derivatives =  [0.7183003032186174, 0.5881962069278395, -1.1177744659212985, -0.8850936680566122, 0.3708543156564337, -0.7637717625863145]
other derivatives: [-3.61401362 -7.21307151  4.59120201 -1.2145083  -0.0160348  -0.40137667
 -2.07955487]
Current x array =  [-0.6431107  -0.79940824 -0.54866792  0.3592026  -2.23408899 -1.04902059
 -1.54402803 -0.6461447  -1.58457114 -0.06017846 -0.65911049 -0.64168219
 -0.07527797]
log likelihood =  -9012.55992032727
Edge derivatives =  [0.28626031596819035, 0.5416706969857369, -1.4048255270267391, -1.5043845291299194, 0.2743288963489947, 0.06823509705198971]
other derivatives: [-2.16611443 -0.99455065 -4.49719482 -0.32747266 -1.02320765 -0.4522088
 -0.65375077]
Current x array =  [-0.64370041 -0.80348791 -0.54509744  0.35764313 -2.23503274 -1.03237103
 -1.58154368 -0.64275655 -1.57865514 -0.05700529 -0.65041855 -0.63846325
 -0.07670157]
log likelihood =  -9012.552993848109
Edge derivatives =  [0.17414919962335496, 0.5227631036173117, -0.7765118497798392, -1.1720477145717876, 0.2599717403709324, 0.9982332257886942]
other derivatives: [ 1.948305    1.78899791  2.31095328 -0.74792842  1.31312243 -0.04697306
 -0.29580491]
Current x array =  [-0.64452585 -0.80539826 -0.54710062  0.35691924 -2.24235687 -1.03939346
 -1.58482511 -0.63780593 -1.57680986 -0.05575876 -0.65105306 -0.63387573
 -0.07680816]
log likelihood =  -9012.546732589934
Edge derivatives =  [0.16280067223498929, 0.5426607668343465, -0.8639287715921061, -1.2086947884770436, 0.4224993827866056, 0.4450725078754719]
other derivatives: [ 0.67469955  0.31960553  0.4987487  -0.43352702  0.34118106 -0.01772502
 -0.25269567]
Current x array =  [-0.64427957 -0.80438917 -0.54664632  0.35648523 -2.23940584 -1.03782356
 -1.5860679  -0.63963511 -1.57724645 -0.05698274 -0.65176995 -0.63704926
 -0.07540299]
log likelihood =  -9012.542394181135
Edge derivatives =  [0.11589621404982678, 0.5402653588150286, -0.6701804223838781, -1.1269699403084745, 0.4298847636140235, 0.15968535839816234]
other derivatives: [ 0.27628266 -0.34866935 -0.2249144  -0.18867286 -0.00907394  0.04758973
 -0.16866102]
Current x array =  [-0.6442034  -0.80389477 -0.54650557  0.35571362 -2.23816866 -1.03708585
 -1.58779361 -0.63993975 -1.57659114 -0.05858468 -0.65343595 -0.63762494
 -0.07464753]
log likelihood =  -9012.533630300233
Edge derivatives =  [-0.04161945515444525, 0.49274998059451947, -0.003363179839168673, -0.8322495917288509, 0.19902887468904273, -0.38367875397326645]
other derivatives: [-0.67807741 -0.68586633 -0.37692007  0.34416371 -0.55765446  0.09899559
  0.00184586]
Current x array =  [-0.64396132 -0.80344107 -0.54673525  0.35371632 -2.23549449 -1.03359954
 -1.59247268 -0.63989629 -1.57338032 -0.06337844 -0.6591595  -0.63622306
 -0.0739467 ]
log likelihood =  -9012.533234768023
Edge derivatives =  [0.08929233690440569, 0.49422840246078015, 1.0216674841656632, -0.06165023780287471, 0.1684844109955117, -0.07789903828830247]
other derivatives: [ 1.78274422 -2.20814763 -3.23336099  0.20043444  1.06659608  0.17941062
  0.09748419]
Current x array =  [-0.64455299 -0.80243895 -0.54570889  0.35324165 -2.23838502 -1.0350694
 -1.59389836 -0.63813764 -1.5688459  -0.06585418 -0.66702963 -0.63282077
 -0.07399151]
log likelihood =  -9012.531018845351
Edge derivatives =  [0.02672408659249738, 0.4936097021671836, 0.5302046459707614, -0.43009017000453886, 0.18332273243746222, -0.22469826943649063]
other derivatives: [ 0.60345519 -1.47768515 -1.86247416  0.26921225  0.28843482  0.14068461
  0.05154822]
Current x array =  [-0.64426919 -0.80291962 -0.54620119  0.35346933 -2.23699855 -1.03436437
 -1.59321452 -0.63898119 -1.57102087 -0.06466667 -0.66325465 -0.6344527
 -0.07397002]
log likelihood =  -9012.527583480321
Edge derivatives =  [-0.06548400533842001, 0.4357191904669502, 0.7058436078743915, -0.24413300924902204, -0.0651914837971943, -0.25704407373447424]
other derivatives: [-0.97578231 -0.58324258 -0.69747512  0.31324089  0.28415571  0.01130474
  0.07509257]
Current x array =  [-0.64381899 -0.803402   -0.54670194  0.35322693 -2.2361822  -1.03107915
 -1.59566105 -0.63865479 -1.56795342 -0.06612872 -0.66697021 -0.63201631
 -0.07484656]
log likelihood =  -9012.526025107973
Edge derivatives =  [-0.06349894212956594, 0.40139860898810886, 0.6762320154766515, -0.08629014408431623, -0.20232064931892624, -0.2574892013683616]
other derivatives: [ 1.1280099   0.58031765  0.16906779  0.23119355  0.0971106  -0.15573068
 -0.0282949 ]
Current x array =  [-0.64433173 -0.80394764 -0.54705524  0.35366463 -2.23458402 -1.02812806
 -1.59540601 -0.6392783  -1.56566593 -0.06663936 -0.67007733 -0.63081639
 -0.07597059]
log likelihood =  -9012.524918164629
Edge derivatives =  [-0.05879418663200195, 0.3897115161868917, 0.5415277584457565, -0.02619677150371058, -0.19238910806086018, -0.07076230386358906]
other derivatives: [ 0.26319685  0.57429679  0.38200233  0.06355913  0.34973283 -0.19403616
 -0.04939655]
Current x array =  [-0.6440924  -0.80401482 -0.54708225  0.35425407 -2.23521737 -1.02834368
 -1.59507778 -0.63912101 -1.56475078 -0.0656219  -0.67078557 -0.63035359
 -0.07655551]
log likelihood =  -9012.523498148552
Edge derivatives =  [-0.0718092485156113, 0.3752870443204374, 0.2421183286867551, 0.07265068335137159, -0.09552240698768011, 0.13067096865802041]
other derivatives: [-0.26674206  0.3367204   0.25161171 -0.11637712  0.42640196 -0.19556676
 -0.0496456 ]
Current x array =  [-0.64395409 -0.80393521 -0.5469813   0.35510533 -2.2353588  -1.028871
 -1.594917   -0.63931754 -1.56303167 -0.06389316 -0.67224483 -0.630632
 -0.07720039]
log likelihood =  -9012.52229816253
Edge derivatives =  [-0.1695558187848114, 0.33731694005386476, -0.10098187209661813, 0.14796138645463663, -0.02589397209487654, 0.2021486726961621]
other derivatives: [-0.16371632 -0.29641524  0.27418355 -0.15789192  0.18814858 -0.1427556
  0.02628851]
Current x array =  [-0.64400715 -0.80358999 -0.54695132  0.35552221 -2.23480699 -1.029068
 -1.59642853 -0.63969245 -1.55998005 -0.06235859 -0.67406259 -0.63098849
 -0.07751104]
log likelihood =  -9012.52198421459
Edge derivatives =  [-0.18586902023581187, 0.32449978652144407, -0.294936742293867, 0.2561682233676258, 0.09115127609372342, 0.2407466995274662]
other derivatives: [-0.45908018  0.67592373 -1.42680619 -0.05959919 -0.13958772 -0.0543971
  0.10502584]
Current x array =  [-0.64394155 -0.80419893 -0.54633185  0.35571249 -2.2343612  -1.0299908
 -1.59796143 -0.64049421 -1.55619868 -0.06100209 -0.67559304 -0.63168091
 -0.07736211]
log likelihood =  -9012.52119767261
Edge derivatives =  [-0.22646137365199237, 0.3091112939071642, -0.27758463586941284, 0.24161662923282556, 0.0806494258549535, 0.14332513968006866]
other derivatives: [ 0.01875196  0.04696813 -0.44320586 -0.03895366 -0.17109371 -0.02711294
  0.13624837]
Current x array =  [-0.64406964 -0.80380431 -0.54668699  0.3554656  -2.23419654 -1.03002277
 -1.59852696 -0.6406852  -1.55559429 -0.06135093 -0.6756941  -0.63178735
 -0.07701017]
log likelihood =  -9012.520619356204
Edge derivatives =  [-0.23993971136533082, 0.2967355090710653, -0.213376029034972, 0.23367263362263235, 0.0827524647847726, 0.036964744748933964]
other derivatives: [ 0.34322511 -0.13169665  0.15320074  0.01127228 -0.18771301  0.01412137
  0.16902322]
Current x array =  [-0.64415107 -0.80368871 -0.54690292  0.35515709 -2.23421731 -1.03048893
 -1.59911328 -0.64113907 -1.55427143 -0.06168359 -0.67561472 -0.6319473
 -0.07644349]
log likelihood =  -9012.519615912071
Edge derivatives =  [-0.23467124508875487, 0.2692239576176513, -0.10845462385371885, 0.23553566838646756, 0.09700297329577667, -0.13222860428663608]
other derivatives: [ 0.62181425 -0.1092867   0.82215411  0.08456482 -0.1832797   0.08159074
  0.21507324]
Current x array =  [-0.64421324 -0.80370847 -0.547137    0.35474504 -2.23443884 -1.03168029
 -1.60007254 -0.6424183  -1.55050588 -0.0619788  -0.67551737 -0.6322093
 -0.07537449]
log likelihood =  -9012.518097234282
Edge derivatives =  [-0.19530769866688288, 0.2130266631528328, 0.01226918952212186, 0.23102589149105585, 0.07023354837146378, -0.35882519871645513]
other derivatives: [ 0.47333197 -0.01389708  1.20240111  0.14949364 -0.19533796  0.1077575
  0.22420945]
Current x array =  [-0.64416649 -0.80378272 -0.54727656  0.35443579 -2.23457556 -1.03286083
 -1.60100017 -0.64496483 -1.54351974 -0.0623133  -0.67547718 -0.63224031
 -0.07415265]
log likelihood =  -9012.516000313326
Edge derivatives =  [-0.045887803861506496, 0.1088772848246046, 0.18363050780699652, 0.26350304822520343, 0.15087247912035928, -0.2544736822216408]
other derivatives: [1.2008386  0.02676097 0.94154166 0.021093   0.36135445 0.15187931
 0.23777909]
Current x array =  [-0.64432675 -0.80389062 -0.54709297  0.35464639 -2.23608859 -1.03581547
 -1.6022284  -0.64975159 -1.52952973 -0.06169183 -0.67490856 -0.63215688
 -0.07338873]
log likelihood =  -9012.518588994664
Edge derivatives =  [-0.059543903739683685, -0.14376680473183504, 0.13100985855388692, 0.14374972626995774, -0.294006238348822, -0.5834339891796528]
other derivatives: [-3.93029586e+00  5.32394552e-01  1.25163388e+00  1.49098923e-01
 -4.45410451e-01 -1.34690866e-01 -7.38080158e-04]
Current x array =  [-0.64300066 -0.80416356 -0.5474182   0.35482364 -2.23291025 -1.03308588
 -1.60191695 -0.65722143 -1.51006655 -0.06335913 -0.67692428 -0.62990936
 -0.07450041]
log likelihood =  -9012.515136078973
Edge derivatives =  [-0.04993121047204424, 0.02617181596399132, 0.16602903146805992, 0.22381936487525922, 0.0028943276374258087, -0.36430546095542626]
other derivatives: [-0.50848939  0.19623803  1.04413994  0.06354821  0.09311725  0.05625677
  0.15828066]
Current x array =  [-0.6438843  -0.80398169 -0.54720148  0.35470553 -2.23502813 -1.03490474
 -1.60212448 -0.6522439  -1.52303585 -0.06224813 -0.6755811  -0.631407
 -0.07375964]
log likelihood =  -9012.514446240872
Edge derivatives =  [-0.003665621834138419, 0.015610131270614655, 0.18909415113645245, 0.19569988392562565, -0.02981360801827404, -0.21291790703997204]
other derivatives: [-0.27069655  0.13588215  0.17890125  0.00392902  0.20076168 -0.00324939
  0.09967825]
Current x array =  [-0.64395296 -0.80393729 -0.54689048  0.35496294 -2.23506594 -1.03449944
 -1.60133364 -0.65275993 -1.52202946 -0.06227268 -0.67512522 -0.63094967
 -0.07455545]
log likelihood =  -9012.51415805989
Edge derivatives =  [0.007397873209931252, 0.007297592048301979, 0.1080311375911891, 0.1607490758248803, -0.059265827373679913, -0.0421241939233834]
other derivatives: [ 0.00435102  0.20970219 -0.24768269 -0.06091977  0.19787862 -0.05787898
  0.04308994]
Current x array =  [-0.6440291  -0.80396997 -0.54673318  0.35529554 -2.23483175 -1.03393196
 -1.60040904 -0.65288678 -1.52195614 -0.06199723 -0.67485568 -0.63058103
 -0.07557565]
log likelihood =  -9012.514031890456
Edge derivatives =  [-0.004213556505787253, 0.004077016424131788, 0.07915562430458578, 0.09300036025581138, -0.07272689980955627, -2.1685379321900733e-05]
other derivatives: [-0.1422668  -0.14723992 -0.37302561 -0.04503272  0.17155181 -0.05376941
  0.02968416]
Current x array =  [-0.64400414 -0.80376508 -0.54668925  0.35522234 -2.23483632 -1.03409848
 -1.5999104  -0.65286003 -1.52237326 -0.06198265 -0.67406068 -0.63057042
 -0.07583394]
log likelihood =  -9012.513891341327
Edge derivatives =  [-0.030194599532562316, -0.010267857465988864, -0.008250426631522423, 0.003798376053263275, -0.08587459879322235, 0.030438388444506526]
other derivatives: [ 0.13452518 -0.04273534 -0.12989585 -0.00264117  0.01488182 -0.03348421
  0.01547535]
Current x array =  [-0.64408183 -0.80382678 -0.5467702   0.35511411 -2.23458967 -1.03448812
 -1.59938114 -0.65317142 -1.5218618  -0.06175284 -0.67315653 -0.63066734
 -0.07608819]
log likelihood =  -9012.513860486477
Edge derivatives =  [-0.03387646780594972, -0.009301880165571708, -0.0232462825353269, -0.0181112577488024, -0.058756102784753406, 0.03514265914553749]
other derivatives: [-0.0146083  -0.03103742  0.0793334   0.00631917  0.0226933  -0.00782645
  0.02749268]
Current x array =  [-0.64404004 -0.80384846 -0.5468375   0.35505328 -2.23473109 -1.0349464
 -1.59935037 -0.65321616 -1.52186066 -0.06162865 -0.67277374 -0.63091376
 -0.07596791]
log likelihood =  -9012.513849533669
Edge derivatives =  [-0.033590593462055854, -0.008489965318172712, -0.017407952926251746, -0.022620070088101074, -0.05069564546334826, 0.008510042931766937]
other derivatives: [-0.00877299 -0.00539148  0.05304719  0.02571869 -0.009294    0.00236539
  0.03146491]
Current x array =  [-0.6440425  -0.80386171 -0.54683155  0.35499695 -2.23469039 -1.03507605
 -1.59937417 -0.65329061 -1.52178762 -0.06166525 -0.67270195 -0.63104516
 -0.07583359]
      fun: 9012.513849533669
 hess_inv: <13x13 LbfgsInvHessProduct with dtype=float64>
      jac: array([ 0.00877299,  0.00539148, -0.05304719, -0.02571869,  0.009294  ,
       -0.00236539, -0.03146491,  0.03359059,  0.00848997,  0.01740795,
        0.02262007,  0.05069565, -0.00851004])
  message: 'CONVERGENCE: REL_REDUCTION_OF_F_<=_FACTR*EPSMCH'
     nfev: 48
      nit: 43
     njev: 48
   status: 0
  success: True
        x: array([-0.6440425 , -0.80386171, -0.54683155,  0.35499695, -2.23469039,
       -1.03507605, -1.59937417, -0.65329061, -1.52178762, -0.06166525,
       -0.67270195, -0.63104516, -0.07583359])
