number of sites to be analyzed:  304
log likelihood =  -4856.616753780354
Lr derivatives =  [-455.04679765390347, -448.66322012582896, -412.3493094146178]
other derivatives =  [-33.72431092 -55.34732645  -9.66061725 -94.06058052 275.35309164
 -33.19286407  -0.        ]
Current x_clock array =  [-0.66759914 -0.6970024  -0.59094338  0.18232156 -0.10536052 -0.10536052
  0.33647224 -0.51082562 -0.51082562 -0.51082562]
log likelihood =  -4513.635700294415
Lr derivatives =  [25.996843041150157, -189.84765069099691, -249.6279260647848]
other derivatives =  [-12.06025081 -28.72070945 -46.3201095  -59.61828356 253.59783922
 -41.17600747  -0.        ]
Current x_clock array =  [-0.66645785 -0.69580678 -0.58994375  0.35613933 -0.61419493 -0.04402229
  0.33647224  0.33007094 -0.50988165 -0.50988165]
log likelihood =  -4340.835142533201
Lr derivatives =  [131.67700863775562, -47.64171602135431, -80.61869954751796]
other derivatives =  [ 12.77844694  23.4242325   38.47070366 -33.04835991 195.00643644
 -34.53988575  -0.        ]
Current x_clock array =  [-0.65858706 -0.66839989 -0.51687357  0.47505316 -1.09253875  0.03110862
  0.33647224  0.38748557 -0.36126675 -0.24950055]
log likelihood =  -4241.413785436734
Lr derivatives =  [-60.2812691177733, -63.53068061790784, 62.139406509231776]
other derivatives =  [ -83.92635664  -38.35330062 -110.56814037   32.28995047  -22.50805685
   -5.86558781   -0.        ]
Current x_clock array =  [-0.6938173  -0.72882116 -0.60823217  0.66211584 -1.98479924  0.17835399
  0.33647224  0.22410606 -0.15513694  0.        ]
log likelihood =  -4236.673017694751
Lr derivatives =  [-20.150505052588077, -30.815665050351534, 12.613272936876477]
other derivatives =  [204.62058092  15.49158605 129.10384248  14.00460314  -9.518626
  -4.41311022  -0.        ]
Current x_clock array =  [-0.56612729 -0.68792931 -0.45642243  0.62233903 -2.03769445  0.20428351
  0.33647224  0.25912728 -0.07905766 -0.1198577 ]
log likelihood =  -4227.962749475935
Lr derivatives =  [-38.04948582309661, -45.99843959465062, 38.46519635950908]
other derivatives =  [ 50.45208673 -11.90149578  -5.46832052  22.52262129 -14.92288396
  -4.85506007  -0.        ]
Current x_clock array =  [-0.62841788 -0.70787744 -0.53047927  0.64174322 -2.01189076  0.1916344
  0.33647224  0.24204299 -0.11617116 -0.06138792]
log likelihood =  -4223.549217931055
Lr derivatives =  [-9.315827052326103, -32.70871216650846, 7.186900021542641]
other derivatives =  [ 9.72227099  3.22639335 23.30824736 15.39161622  4.59372755 -7.2383009
 -0.        ]
Current x_clock array =  [-0.65221139 -0.6965887  -0.51258302  0.61637255 -1.97910657  0.19292882
  0.33647224  0.28822629 -0.09773208 -0.12475346]
log likelihood =  -4221.177641177131
Lr derivatives =  [6.027233592706885, -15.933518644323254, 3.9653173472930128]
other derivatives =  [12.47405089  5.16311684  0.51332518 11.02547594  6.97075353 -6.78617289
 -0.        ]
Current x_clock array =  [-0.65319338 -0.69720191 -0.52699969  0.59084968 -2.01036097  0.21038538
  0.33647224  0.30663332 -0.042776   -0.16024977]
log likelihood =  -4220.158438757384
Lr derivatives =  [-10.580674879679911, -19.72099336181398, -7.421090123690923]
other derivatives =  [-23.56718687  -6.20265564  20.22681747   9.08568472  -9.88616348
  -3.93917981  -0.        ]
Current x_clock array =  [-0.67165734 -0.70746755 -0.51500097  0.54197305 -2.09374629  0.25169208
  0.33647224  0.29756687  0.         -0.20427232]
log likelihood =  -4219.586209828123
Lr derivatives =  [-0.9988117618569703, -14.673863087535171, -4.2094091927345385]
other derivatives =  [-3.90865989 -1.4014613  -0.83143095  6.64958588 -2.61863932 -4.9229975
 -0.        ]
Current x_clock array =  [-0.6621316  -0.70334079 -0.52831511  0.53162562 -2.06406942  0.2508042
  0.33647224  0.29807418  0.         -0.19896041]
log likelihood =  -4219.432504515093
Lr derivatives =  [1.4508934404601206, -13.427077257707671, -3.2684281357395943]
other derivatives =  [ 1.55157886  0.10856184 -3.71825081  4.58355134 -0.18838896 -5.19203695
 -0.        ]
Current x_clock array =  [-0.65959543 -0.70181629 -0.53061762  0.51513206 -2.05040799  0.25755734
  0.33647224  0.29303798  0.         -0.19686399]
log likelihood =  -4219.1873970788
Lr derivatives =  [2.3226380399649464, -13.036855145995952, -1.6440767841569994]
other derivatives =  [ 5.07728782  1.61571734 -4.74337594 -0.05893617  1.71523581 -5.02757757
 -0.        ]
Current x_clock array =  [-0.65812463 -0.69977436 -0.53243614  0.47113339 -2.03126565  0.28372012
  0.33647224  0.27809091  0.         -0.19197574]
log likelihood =  -4219.009495499402
Lr derivatives =  [2.2917867247348482, -12.745688873321658, 0.9822325623968808]
other derivatives =  [ 2.3791772  -0.10264557 -0.79377423 -2.32511684  0.90565766 -3.54786062
 -0.        ]
Current x_clock array =  [-0.65969574 -0.70106781 -0.53064108  0.44746395 -2.02592914  0.32668709
  0.33647224  0.27142261  0.         -0.18735791]
log likelihood =  -4218.898349702813
Lr derivatives =  [-0.6812835508384154, -15.165814643030567, 0.8063242831945061]
other derivatives =  [-0.81309736  5.17356148 -0.62044637 -3.03011166 -2.50004049 -1.30999706
 -0.        ]
Current x_clock array =  [-0.66123573 -0.69568221 -0.53113231  0.43398559 -2.02375919  0.38787748
  0.33647224  0.26187948  0.         -0.18897116]
log likelihood =  -4218.8451727818065
Lr derivatives =  [-0.2111968543007059, -15.099201213335496, 1.66059438042162]
other derivatives =  [-1.17076343 -7.91299772  3.29630166 -2.81528173 -1.86403198  0.23218308
 -0.        ]
Current x_clock array =  [-0.66120975 -0.70753421 -0.52913712  0.43725322 -2.00695592  0.44020038
  0.33647224  0.2568957   0.         -0.18905865]
log likelihood =  -4218.784853590679
Lr derivatives =  [0.2537327603117312, -14.949520046649242, 1.3571759199735256]
other derivatives =  [-1.81758605 -2.34654271  2.23606366 -1.6313752  -1.46916584 -0.00475302
 -0.        ]
Current x_clock array =  [-0.66149992 -0.70232256 -0.52967862  0.44934079 -2.00439167  0.43584384
  0.33647224  0.25758396  0.         -0.18961902]
log likelihood =  -4218.751620082532
Lr derivatives =  [0.2413922743702699, -15.54752547249061, 0.15361926124464187]
other derivatives =  [-0.74861873  0.75146727 -0.18441642 -0.21404321 -0.61018419 -0.05084348
 -0.        ]
Current x_clock array =  [-0.66074234 -0.69919952 -0.53128095  0.46378884 -1.99298375  0.44607645
  0.33647224  0.25428146  0.         -0.19199772]
log likelihood =  -4218.748200591424
Lr derivatives =  [0.4312116701609199, -15.582480876620043, 0.0510921244106628]
other derivatives =  [-0.25566533  0.49558639  0.43523323 -0.01739681  0.0903317   0.01922126
 -0.        ]
Current x_clock array =  [-0.6604212  -0.69927414 -0.53104965  0.46658956 -1.98559713  0.4547614
  0.33647224  0.25177445  0.         -0.1921337 ]
log likelihood =  -4218.750534687339
Lr derivatives =  [-0.7794741614777152, -16.433384688506067, -0.529891341258411]
other derivatives =  [ 0.75215576 -0.7094568  -2.23964071  0.14366015 -0.23986586 -0.04623507
 -0.        ]
Current x_clock array =  [-0.65972301 -0.7001748  -0.5328106   0.46689231 -1.98380727  0.45609597
  0.33647224  0.24864214  0.         -0.19237952]
log likelihood =  -4218.747863834692
Lr derivatives =  [0.11417528511530861, -15.805242924718382, -0.1009843157699839]
other derivatives =  [ 0.00829004  0.17955608 -0.26810267  0.02475736  0.00355894  0.00206819
 -0.        ]
Current x_clock array =  [-0.66023836 -0.69951    -0.5315108   0.46666884 -1.98512841  0.45511089
  0.33647224  0.25095417  0.         -0.19219808]
log likelihood =  -4218.747805226707
Lr derivatives =  [0.07866373827663509, -15.81046194640523, -0.07104788463467493]
other derivatives =  [ 0.10858821  0.00795262 -0.07082417 -0.00174805  0.01295365  0.00999717
 -0.        ]
Current x_clock array =  [-0.66018213 -0.69965748 -0.53139946  0.46643385 -1.98487772  0.45551335
  0.33647224  0.2507281   0.         -0.19209117]
log likelihood =  -4218.747788322566
Lr derivatives =  [0.03475426315119989, -15.821071699421616, -0.048962179961653085]
other derivatives =  [-0.00112414 -0.04790309 -0.01408353 -0.00861928  0.01425273  0.0051341
 -0.        ]
Current x_clock array =  [-0.66023164 -0.69969716 -0.53136999  0.46633817 -1.98474306  0.45550806
  0.33647224  0.25055995  0.         -0.19198223]
log likelihood =  -4218.74778145236
Lr derivatives =  [-0.00039430608873658457, -15.824862426671165, -0.02249032493221037]
other derivatives =  [ 0.01236913 -0.02436809  0.02341312 -0.00879845  0.00371867 -0.00011187
 -0.        ]
Current x_clock array =  [-0.66022039 -0.69966941 -0.53134934  0.46631163 -1.98472932  0.45535256
  0.33647224  0.25044363  0.         -0.19187048]
      fun: 4218.74778145236
 hess_inv: <10x10 LbfgsInvHessProduct with dtype=float64>
      jac: array([ 1.23691279e-02, -2.43680915e-02,  2.34131221e-02, -8.79845174e-03,
        3.71866804e-03, -1.11867848e-04, -0.00000000e+00, -3.94306089e-04,
       -1.58248624e+01, -2.24903249e-02])
  message: 'CONVERGENCE: REL_REDUCTION_OF_F_<=_FACTR*EPSMCH'
     nfev: 23
      nit: 20
     njev: 23
   status: 0
  success: True
        x: array([-0.66022039, -0.69966941, -0.53134934,  0.46631163, -1.98472932,
        0.45535256,  0.33647224,  0.25044363,  0.        , -0.19187048])
