number of sites to be analyzed:  211
log likelihood =  -2404.7473228228837
Lr derivatives =  [81.44335428003805, -79.9696051595416, 6.386851554712781]
other derivatives =  [ -0.20136213 -10.63526724  33.40546755 -44.92749213 173.31294657
  53.42294571]
Current x_clock array =  [-0.6684931  -0.71056056 -0.49560398  0.18232156 -0.10536052  0.33647224
 -0.51082562 -0.51082562 -0.51082562]
log likelihood =  -2282.6741186312465
Lr derivatives =  [-74.06954992913577, -164.08471774170647, -65.65844519860818]
other derivatives =  [-16.71760401  -4.74401531 -68.47703844 -19.3719643   95.30340321
  11.50401658]
Current x_clock array =  [-0.66751864 -0.70736389 -0.65726372  0.39974006 -0.94407728  0.07794152
 -0.90495606 -0.50835358 -0.54173364]
log likelihood =  -2140.9997166687667
Lr derivatives =  [-56.86973398559102, -105.8250309355715, 10.45983676290637]
other derivatives =  [ 49.19934327  24.14080882 -47.16398507  10.43354132  16.51324055
  14.82408152]
Current x_clock array =  [-0.60446785 -0.69492726 -0.54988812  0.66981365 -2.0624194  -0.20032364
 -0.98853609  0.         -0.32574074]
log likelihood =  -2163.290784510027
Lr derivatives =  [-61.133570977128244, -106.28694890115844, -16.39198994088123]
other derivatives =  [-190.89138732  -36.41380317  153.43885025    1.92826519   -2.20488801
   10.47692422]
Current x_clock array =  [-0.95318818 -0.85923098 -0.29452238  0.68513648 -2.51899271 -0.41208299
 -0.7632971   0.         -0.42127773]
log likelihood =  -2131.649984635099
Lr derivatives =  [-61.05108568556908, -107.7832874726462, -1.5284608341116055]
other derivatives =  [-68.91086741  -0.35493031  -8.27703843   8.79717845   8.35734681
  13.16720954]
Current x_clock array =  [-0.72740666 -0.75285133 -0.45986079  0.6752156  -2.22338099 -0.27497785
 -0.90912973  0.         -0.35942161]
log likelihood =  -2123.4330255258833
Lr derivatives =  [-40.85914967607803, -95.1936085393672, 1.9359426308650356]
other derivatives =  [-33.46162885  -3.36758603  37.42311492   4.67448444  10.65386641
  13.83364179]
Current x_clock array =  [-0.69669669 -0.77734761 -0.4060043   0.66181173 -2.28678594 -0.3189349
 -0.78926069  0.         -0.37209564]
log likelihood =  -2114.378219197937
Lr derivatives =  [0.1833088679934427, -69.94803622493211, 9.611229090601753]
other derivatives =  [12.92760317 -4.76507012 11.48587216  2.99401108  9.16998033 13.25588528]
Current x_clock array =  [-0.65279316 -0.81625377 -0.42073889  0.65016085 -2.47648376 -0.43433642
 -0.55398604  0.         -0.39753964]
log likelihood =  -2112.2209545945907
Lr derivatives =  [3.826838825100836, -67.21881370244841, 4.471138198140814]
other derivatives =  [ 5.80666892 -2.54431143  6.80129233  3.43788997  1.23027348 10.71830411]
Current x_clock array =  [-0.66108657 -0.8239979  -0.41585132  0.65264726 -2.64982598 -0.53669167
 -0.47250216  0.         -0.42801999]
log likelihood =  -2110.8127151171666
Lr derivatives =  [4.003728712586447, -67.3283947024346, 0.6442367438456316]
other derivatives =  [-0.6524715   1.20021468 -0.20145308  1.95400389 -2.2151653   7.62297532]
Current x_clock array =  [-0.66823676 -0.8183941  -0.42000781  0.61383329 -2.71584252 -0.68665237
 -0.44775337  0.         -0.43988498]
log likelihood =  -2109.5298707894262
Lr derivatives =  [-0.28551027850172517, -70.17176458186063, -4.531918750744989]
other derivatives =  [ 2.47691787 -4.17458068  3.44789441 -1.48611434 -4.99303496  3.89668458]
Current x_clock array =  [-0.6651059  -0.83215011 -0.41732103  0.5472701  -2.76048185 -0.9452956
 -0.44944801  0.         -0.44165322]
log likelihood =  -2109.5290282286583
Lr derivatives =  [10.452424228580792, -63.03735279836749, 4.536887274420511]
other derivatives =  [-22.37670742  21.70386324 -15.80979188  -3.88304215  -1.12700036
   1.42686076]
Current x_clock array =  [-0.69429491 -0.77007139 -0.43706863  0.47620242 -2.68952786 -1.29080875
 -0.45602778  0.         -0.3908604 ]
log likelihood =  -2108.9804089140434
Lr derivatives =  [4.834865820898024, -66.81273560909531, -0.3712774723166099]
other derivatives =  [-10.2399099    8.15407475  -6.39793143  -2.66354618  -3.11288204
   2.46413947]
Current x_clock array =  [-0.6796186  -0.80128474 -0.42713949  0.51193544 -2.72520371 -1.11708382
 -0.45271946  0.         -0.41639916]
log likelihood =  -2108.524526448109
Lr derivatives =  [0.9448321926345535, -69.25650663466311, -0.8069330509367028]
other derivatives =  [-4.91236278  3.329842   -3.14407771 -4.11168912 -2.37278073  1.67565304]
Current x_clock array =  [-0.67302995 -0.80870356 -0.4274434   0.48883985 -2.69401619 -1.24428682
 -0.48285668  0.         -0.40207034]
log likelihood =  -2108.2493401267175
Lr derivatives =  [-1.0595290097028105, -70.24807760446711, 0.6219137977004827]
other derivatives =  [ 0.28580871  0.21218511  0.3391051  -4.61150194 -0.79908204  1.0903932 ]
Current x_clock array =  [-0.66701555 -0.81354719 -0.42642895  0.4875244  -2.65329171 -1.3840558
 -0.50738368  0.         -0.3836304 ]
log likelihood =  -2108.0684210599343
Lr derivatives =  [-1.330027486127669, -70.21238935979525, 1.2333204121578518]
other derivatives =  [ 1.82112672 -1.42522367  0.68671397 -3.60769263  0.20786501  0.71081558]
Current x_clock array =  [-0.66484647 -0.81731868 -0.42590923  0.5117568  -2.62936089 -1.49130674
 -0.51518522  0.         -0.37551897]
log likelihood =  -2107.917141629039
Lr derivatives =  [-1.2033383335267125, -70.06789197616699, -0.8969438850853706]
other derivatives =  [ 5.21331458  2.85799615  7.20410753 -0.58707883  0.55065357  0.17976163]
Current x_clock array =  [-0.66175423 -0.8099554  -0.41715629  0.57681556 -2.61681525 -1.64411076
 -0.51272723  0.         -0.3794234 ]
log likelihood =  -2107.880635624021
Lr derivatives =  [0.3808636739233542, -68.71828695985269, 0.33525918301376123]
other derivatives =  [-3.22143023 -2.91056494 -1.57897375  0.55679266  0.77952791  0.04501999]
Current x_clock array =  [-0.66894314 -0.82457389 -0.42314276  0.59624195 -2.61790323 -1.70746561
 -0.50303949  0.         -0.37511686]
log likelihood =  -2107.859215082786
Lr derivatives =  [0.23383666652589952, -68.91273633302221, -0.04196397742177638]
other derivatives =  [ 0.10022632 -0.28790055  0.19167601  0.0300588   0.38103281  0.0635282 ]
Current x_clock array =  [-0.66609642 -0.81842826 -0.42214425  0.58565202 -2.6243052  -1.69113399
 -0.50381368  0.         -0.37687805]
log likelihood =  -2107.857921092672
Lr derivatives =  [0.2198533181629223, -68.89492165877209, -0.076064121616092]
other derivatives =  [ 0.19444997 -0.01145963  0.16025297 -0.00795808  0.20800144  0.03983587]
Current x_clock array =  [-0.66603887 -0.81790356 -0.42211831  0.58453824 -2.62726176 -1.69936092
 -0.50343029  0.         -0.37674679]
log likelihood =  -2107.857357442307
Lr derivatives =  [-0.2408390085698251, -69.12959862391817, -0.13549435555594513]
other derivatives =  [-0.32114258  0.09281393  0.17807906  0.02805791 -0.05939     0.00954969]
Current x_clock array =  [-0.66648275 -0.81748314 -0.422088    0.58431177 -2.6298716  -1.71304882
 -0.50520248  0.         -0.375793  ]
log likelihood =  -2107.857285923881
Lr derivatives =  [0.06475166155969347, -68.90897260126445, 0.08352252900989399]
other derivatives =  [ 2.41516318e-01  7.62156560e-02 -4.30281943e-01  4.19277058e-02
 -5.05679054e-02  9.09494702e-05]
Current x_clock array =  [-0.66589703 -0.81777613 -0.42261498  0.58453905 -2.6305426  -1.71861554
 -0.50416346  0.         -0.37515244]
log likelihood =  -2107.857131153131
Lr derivatives =  [0.0011506499352940125, -68.96007812377294, 0.026075984091068705]
other derivatives =  [ 0.00104592  0.04233698 -0.03533387  0.01468834 -0.00941327  0.00613909]
Current x_clock array =  [-0.66617138 -0.81776869 -0.4222555   0.58428504 -2.62987389 -1.71577163
 -0.5043515   0.         -0.37540101]
log likelihood =  -2107.857124789425
Lr derivatives =  [-0.0038462100597591586, -68.96176912697217, 0.022488197662330123]
other derivatives =  [-0.00227374  0.02082743 -0.00259206  0.01045919 -0.00750333  0.00445652]
Current x_clock array =  [-0.66617505 -0.81781817 -0.42222414  0.58424744 -2.62985363 -1.71653169
 -0.50436394  0.         -0.37538264]
log likelihood =  -2107.85711966091
Lr derivatives =  [-0.00586701983121074, -68.9630453877405, 0.007881201618356926]
other derivatives =  [-0.00013642 -0.00682121  0.01364242  0.00363798 -0.00263753  0.00109139]
Current x_clock array =  [-0.66617169 -0.81788165 -0.42221071  0.58416465 -2.62978656 -1.71786797
 -0.50436796  0.         -0.37539219]
log likelihood =  -2107.857119084618
Lr derivatives =  [0.000283091111711542, -68.96105633666943, -0.0015199209197191976]
other derivatives =  [-1.16415322e-02  5.45696821e-04  9.09494702e-05  1.13686838e-03
  9.09494702e-04 -9.09494702e-05]
Current x_clock array =  [-0.66618439 -0.81786208 -0.4222245   0.58411438 -2.62973332 -1.71819195
 -0.50434846  0.         -0.37542722]
      fun: 2107.857119084618
 hess_inv: <9x9 LbfgsInvHessProduct with dtype=float64>
      jac: array([-1.16415322e-02,  5.45696821e-04,  9.09494702e-05,  1.13686838e-03,
        9.09494702e-04, -9.09494702e-05,  2.83091112e-04, -6.89610563e+01,
       -1.51992092e-03])
  message: 'CONVERGENCE: REL_REDUCTION_OF_F_<=_FACTR*EPSMCH'
     nfev: 25
      nit: 22
     njev: 25
   status: 0
  success: True
        x: array([-0.66618439, -0.81786208, -0.4222245 ,  0.58411438, -2.62973332,
       -1.71819195, -0.50434846,  0.        , -0.37542722])
