number of sites to be analyzed:  709
log likelihood =  -9913.610153034242
Lr derivatives =  [-336.2222770435293, -532.7856467596063, -226.8815366216508]
other derivatives =  [  87.54660848  -75.53641262   82.43405136 -134.54184955  655.45516918
  203.31075575]
Current x_clock array =  [-0.62088119 -0.76006782 -0.58733952  0.18232156 -0.10536052  0.33647224
 -0.51082562 -0.51082562 -0.51082562]
log likelihood =  -9342.215689212215
Lr derivatives =  [17.35868264691163, -346.18881608425346, -227.30771267968908]
other derivatives =  [-336.2491716   -47.96683243 -186.68941448  -61.65777813  442.35227324
  165.99770242]
Current x_clock array =  [-0.73237482 -0.75916353 -0.69232214  0.35366526 -0.94010535  0.07754895
 -0.08263492 -0.51017507 -0.51017507]
log likelihood =  -9256.988019844544
Lr derivatives =  [24.30649219885433, -161.9620882676825, -173.20719797419278]
other derivatives =  [3475.03446392  235.22172341  165.71773267   11.41418761    9.24743917
   88.99342902]
Current x_clock array =  [-0.29030634 -0.73478819 -0.49574011  0.65224469 -2.63475115 -0.49677402
  0.37365037 -0.33492262 -0.29982576]
log likelihood =  -9011.227037934043
Lr derivatives =  [113.25181907018647, -209.39366492219892, -187.37357737509734]
other derivatives =  [552.17757472  54.85643669 -94.89658441   1.20957338 261.97392576
 130.02067681]
Current x_clock array =  [-0.53735731 -0.7484104  -0.60560042  0.4853829  -1.6876945  -0.17581232
  0.1186543  -0.43286285 -0.41737995]
log likelihood =  -8793.749363955441
Lr derivatives =  [-96.61875601209039, -220.1036317813276, -213.3388423236084]
other derivatives =  [-135.77542086   62.96386164  132.40487533   66.99349433  -53.58521615
   75.58973084]
Current x_clock array =  [-0.67572011 -0.78313994 -0.47882051  0.64757904 -2.74166132 -0.55300323
  0.32904247 -0.33245495 -0.25622398]
log likelihood =  -8725.066514158501
Lr derivatives =  [-22.74379319612015, -116.4078024856016, -80.2711444192513]
other derivatives =  [-49.22787775  -6.01603824 -62.22789852  45.45731099 -20.9592813
  63.2500105 ]
Current x_clock array =  [-0.65510342 -0.83845377 -0.52478136  0.62474086 -2.88498002 -0.67208945
  0.39604623 -0.16687501 -0.07522452]
log likelihood =  -8706.512320578386
Lr derivatives =  [26.173371225623356, -40.777945234192615, 7.310882210731506]
other derivatives =  [ 29.36870442 -14.76857506 142.49049855  17.00710345  21.71535451
  53.0445941 ]
Current x_clock array =  [-6.40630660e-01 -8.53074042e-01 -4.68100278e-01  5.83250047e-01
 -2.96515755e+00 -7.86942390e-01  4.37083322e-01 -2.56824201e-04
  0.00000000e+00]
log likelihood =  -8700.83480721555
Lr derivatives =  [-7.150784873388773, -59.650004898074705, 33.40046532684937]
other derivatives =  [ 10.73715794  -7.94617517 -18.42433085  22.67380114 -11.06506098
  45.05981997]
Current x_clock array =  [-0.64309533 -0.85037292 -0.50620583  0.58134842 -3.05064772 -0.84758949
  0.45346447  0.          0.        ]
log likelihood =  -8696.959967271223
Lr derivatives =  [-9.903336045058438, -62.25719683617204, 29.408711248866688]
other derivatives =  [ -0.23835491   6.63464743 -46.48597678  22.24485434 -16.03443775
  40.45981768]
Current x_clock array =  [-0.6458454  -0.8435638  -0.51323139  0.56796598 -3.07404753 -0.89196504
  0.46429484  0.         -0.02393342]
log likelihood =  -8699.649012987637
Lr derivatives =  [-28.020366442911275, -84.66225575635335, -133.06569316179667]
other derivatives =  [-30.15178845  21.08581066 -79.88824837  14.38215804 -42.1757801
  22.06257565]
Current x_clock array =  [-0.6524779  -0.83852195 -0.52097026  0.49023739 -3.15421075 -1.11290737
  0.51290506  0.         -0.1439032 ]
log likelihood =  -8695.003815119884
Lr derivatives =  [-15.088951004075604, -69.41407765379572, -61.925416833205]
other derivatives =  [-10.02312274  12.15345219 -58.70265886  19.33551903 -24.3044923
  33.33012683]
Current x_clock array =  [-0.64821021 -0.84176613 -0.51599068  0.54025189 -3.10262968 -0.9707419
  0.48162679  0.         -0.06670858]
log likelihood =  -8691.192727946123
Lr derivatives =  [-11.434428147867969, -66.56608518520905, -50.04836430529827]
other derivatives =  [-17.74331395   9.98473479 -23.43587039  12.04414184 -21.84027282
  27.63268371]
Current x_clock array =  [-0.6503545  -0.84467559 -0.50543142  0.5093035  -3.1295854  -1.05911335
  0.50541854  0.         -0.05769093]
log likelihood =  -8685.516665215056
Lr derivatives =  [13.88214902047892, -48.97840839355525, 14.21155777773119]
other derivatives =  [-3.03305569 -3.50198025 27.08921238 -8.41998917 -1.1511207  13.9477139 ]
Current x_clock array =  [-0.64785476 -0.85670591 -0.4904925   0.41616581 -3.16943604 -1.32496169
  0.5653911   0.         -0.02911213]
log likelihood =  -8684.620819913709
Lr derivatives =  [16.050738757744526, -47.65395404027742, -3.0256434975598356]
other derivatives =  [  4.13777707  -2.19116555  13.72171027 -11.07950993  -0.7481067
   9.99752628]
Current x_clock array =  [-0.64638703 -0.85716041 -0.49315652  0.39514764 -3.17536151 -1.41733753
  0.57076515  0.         -0.0353509 ]
log likelihood =  -8683.53362851235
Lr derivatives =  [14.362776761423241, -47.2141517394757, -4.969807034403525]
other derivatives =  [ 10.54154563  -0.048125    -3.64644075 -12.07529385  -4.58832628
   5.51634955]
Current x_clock array =  [-0.6449831  -0.857096   -0.49656959  0.38041377 -3.16970736 -1.55252614
  0.55748949  0.         -0.03582125]
log likelihood =  -8682.127064998896
Lr derivatives =  [30.92701410283439, -33.14306979067996, -9.629134652274178]
other derivatives =  [-66.27096445   1.03215461 -46.60924242 -12.87036321   4.11103674
   1.18845785]
Current x_clock array =  [-0.66336843 -0.85488045 -0.50727232  0.37094928 -3.06181852 -1.76568071
  0.48445085  0.         -0.04013865]
log likelihood =  -8678.989365640587
Lr derivatives =  [33.66393133736219, -23.913992881500455, -9.8636943855353]
other derivatives =  [-42.69403144   7.9546171  -69.31565804  -8.62151319   1.53712856
  -0.97455791]
Current x_clock array =  [-0.65806379 -0.84875317 -0.51451001  0.38079314 -2.93852628 -2.00102703
  0.3747715   0.         -0.04208811]
log likelihood =  -8680.186347139688
Lr derivatives =  [-65.35925840487037, -42.908225164805245, -15.153236815854392]
other derivatives =  [ 26.589345     1.68682709 -88.84181443  11.35197817  -0.55267998
  -0.10276654]
Current x_clock array =  [-0.6368452  -0.82424403 -0.54346075  0.4201686  -2.44535734 -2.9424123
 -0.06394589  0.         -0.04988594]
log likelihood =  -8674.367608240478
Lr derivatives =  [12.52155606042043, -16.625119660962877, -9.563743037594408]
other derivatives =  [ -2.58470027  11.18698856 -92.71434647   0.79493475  -3.16918668
  -1.15688188]
Current x_clock array =  [-0.64721396 -0.83622077 -0.52931356  0.40092723 -2.68635134 -2.48239102
  0.15043959  0.         -0.04607542]
log likelihood =  -8678.275398863774
Lr derivatives =  [-78.7900824924184, -53.177232388361006, -6.027496430448764]
other derivatives =  [-46.90581045  -9.85818588  -3.65073902   5.67575626 -10.54362641
   0.06821562]
Current x_clock array =  [-0.65478124 -0.83070479 -0.51398744  0.40422839 -2.48598501 -2.92830224
 -0.05342088  0.         -0.0437736 ]
log likelihood =  -8673.732961411377
Lr derivatives =  [-7.286602807514008, -23.316275703772092, -8.100226213584758]
other derivatives =  [-14.69737799   6.17185833 -68.74648898   2.28901445  -6.3387094
  -0.76520368]
Current x_clock array =  [-0.64931797 -0.83468711 -0.52505229  0.40184508 -2.63064155 -2.60637204
  0.09375829  0.         -0.04543542]
log likelihood =  -8673.09982945448
Lr derivatives =  [-5.845887799872287, -25.68000690120254, 6.675239537042003]
other derivatives =  [-10.36861249   6.99572956   5.8906935   -2.05498873  -9.32335816
  -0.77774437]
Current x_clock array =  [-0.64923477 -0.8370476  -0.50162985  0.39276836 -2.67969261 -2.56833106
  0.12602876  0.         -0.03786433]
log likelihood =  -8672.933141635318
Lr derivatives =  [-2.6758764106087725, -22.9073746590102, 2.3197031314654843]
other derivatives =  [-1.6086924   3.88228545 -4.77768663 -1.31561319 -3.87078591 -0.66817778]
Current x_clock array =  [-0.64716669 -0.83785909 -0.50537512  0.39746583 -2.65189489 -2.574628
  0.11421833  0.         -0.04038966]
log likelihood =  -8672.88560879672
Lr derivatives =  [0.72830885412219, -21.46177063857072, -1.390911039877814]
other derivatives =  [ 0.08140159 -0.71516115 -2.21345363 -0.85669672 -0.14563433 -0.55203762]
Current x_clock array =  [-0.64686524 -0.84030495 -0.5047414   0.4025976  -2.64223374 -2.5500922
  0.11461489  0.         -0.04234053]
log likelihood =  -8672.86902686362
Lr derivatives =  [1.8108585181132213, -21.11588054399397, 0.3242680671881022]
other derivatives =  [ 0.13319732 -0.32358366 -2.15495129  0.12384044  1.1160808  -0.43036211]
Current x_clock array =  [-0.64688806 -0.84010501 -0.50468196  0.40861038 -2.63951296 -2.51743415
  0.11538197  0.         -0.04166172]
log likelihood =  -8672.859117369997
Lr derivatives =  [1.061135899788333, -22.6043228407389, -1.9950229256561034]
other derivatives =  [-1.36220297 -2.77496838  0.09467658  1.34715629  0.46578694 -0.22871817]
Current x_clock array =  [-0.64717878 -0.84161799 -0.50386349  0.41500395 -2.64469263 -2.46170758
  0.11931691  0.         -0.04245137]
log likelihood =  -8672.853050092857
Lr derivatives =  [0.7970049514827622, -22.653906459999078, 0.03945394022997917]
other derivatives =  [-0.02673005  0.09675932  0.63508924  1.32923196  0.31210737 -0.18242014]
Current x_clock array =  [-0.6469001  -0.84001283 -0.5037795   0.41482562 -2.64485067 -2.45149568
  0.11879412  0.         -0.04156714]
log likelihood =  -8672.850140364488
Lr derivatives =  [0.24615601876626414, -22.956989481149513, 0.644747077824146]
other derivatives =  [-0.08966163  0.8313873   0.3493933   1.09281245 -0.15805335 -0.15610978]
Current x_clock array =  [-0.64690009 -0.83957072 -0.50390976  0.41326178 -2.64610459 -2.44523981
  0.11860783  0.         -0.04128649]
log likelihood =  -8672.846195374499
Lr derivatives =  [-0.30513526015883485, -23.365047523942206, 0.8049029018457325]
other derivatives =  [ 0.18087849  0.97930024  0.21506821  0.52822361 -0.50028992 -0.07611975]
Current x_clock array =  [-0.64681581 -0.83939061 -0.50408235  0.4101232  -2.64724464 -2.42868854
  0.11839152  0.         -0.04125133]
log likelihood =  -8672.845166026083
Lr derivatives =  [-0.11391462004076658, -23.332880704530513, 0.3455529103777799]
other derivatives =  [-2.28700628  0.63038169 -0.62626532  0.05636866 -0.07865948  0.00438322]
Current x_clock array =  [-0.64738426 -0.83940118 -0.50444876  0.40778608 -2.64580768 -2.41440898
  0.11787007  0.         -0.04158047]
log likelihood =  -8672.84453104281
Lr derivatives =  [-0.11275810122028673, -23.39896882852579, -0.12573254530505906]
other derivatives =  [ 0.92561459 -0.09081123  0.15511068 -0.11244992 -0.0439273   0.01997499]
Current x_clock array =  [-0.64663538 -0.83984071 -0.50427896  0.40709649 -2.64608236 -2.41163009
  0.11798707  0.         -0.04178872]
log likelihood =  -8672.844347260765
Lr derivatives =  [-0.04555448783386851, -23.325850528838398, -0.0078012156194908755]
other derivatives =  [ 0.0151631   0.02841261 -0.012491    0.00089494 -0.02862863 -0.00029897]
Current x_clock array =  [-0.6468497  -0.8397828  -0.50428928  0.40766215 -2.64595209 -2.41544377
  0.11802024  0.         -0.04172767]
log likelihood =  -8672.844345628755
Lr derivatives =  [-0.018808124877978116, -23.31472695205058, -0.0023830884322499912]
other derivatives =  [-0.00440741  0.00390173 -0.00154978  0.00303953 -0.00880436  0.00025681]
Current x_clock array =  [-0.64685503 -0.83979815 -0.50428448  0.40769393 -2.64593932 -2.41529772
  0.11805557  0.         -0.04172665]
      fun: 8672.844345628755
 hess_inv: <9x9 LbfgsInvHessProduct with dtype=float64>
      jac: array([-4.40741132e-03,  3.90173227e-03, -1.54977897e-03,  3.03953129e-03,
       -8.80435810e-03,  2.56811150e-04, -1.88081249e-02, -2.33147270e+01,
       -2.38308843e-03])
  message: 'CONVERGENCE: REL_REDUCTION_OF_F_<=_FACTR*EPSMCH'
     nfev: 33
      nit: 27
     njev: 33
   status: 0
  success: True
        x: array([-0.64685503, -0.83979815, -0.50428448,  0.40769393, -2.64593932,
       -2.41529772,  0.11805557,  0.        , -0.04172665])
