number of sites to be analyzed:  1314
log likelihood =  -19792.88662672516
Lr derivatives =  [-1069.6317640905697, -1513.8291349593849, -937.8943599063732]
other derivatives =  [  47.8639522  -164.64149303  151.78554168 -208.52358284 1072.64415419
  333.25904224]
Current x_clock array =  [-0.61359634 -0.74814154 -0.63355783  0.18232156 -0.10536052  0.33647224
 -0.51082562 -0.51082562 -0.51082562]
log likelihood =  -18801.03944670025
Lr derivatives =  [325.2776876465953, -762.1700315797498, -606.1727603186764]
other derivatives =  [-120.30929065  -96.64334357 -281.61240698 -110.07561989  812.42626402
  347.76689063]
Current x_clock array =  [-0.64402342 -0.74769773 -0.73004778  0.31487984 -0.7872396   0.12461971
  0.16913849 -0.51050089 -0.51050089]
log likelihood =  -18081.51308798592
Lr derivatives =  [434.4313955218281, -395.9191379328837, -422.8123307682234]
other derivatives =  [478.1026073  143.95560356  65.05116471 -21.89041697 487.85489642
 251.93978581]
Current x_clock array =  [-0.58865694 -0.71739468 -0.60833984  0.41562354 -1.43820853 -0.12904233
  0.20608707 -0.30200862 -0.30903157]
log likelihood =  -18202.795074619065
Lr derivatives =  [-646.8690647426645, -622.6104425670958, 634.739626548253]
other derivatives =  [-1979.93124114  -264.94678968  -147.12262418   227.77212871
  -564.2299709    101.38569633]
Current x_clock array =  [-1.01178096 -0.84074668 -0.60436776  0.57533662 -2.7336329  -0.67190968
  0.08920431  0.          0.        ]
log likelihood =  -17804.47793206526
Lr derivatives =  [-67.3012491255524, -474.21509022683335, -474.51324662641787]
other derivatives =  [-984.86396018  -54.05672709  -34.21910878   89.97423356   10.88783413
  164.40760737]
Current x_clock array =  [-0.78477874 -0.77456944 -0.60649875  0.48965199 -2.0386494  -0.38066624
  0.15191086 -0.1620249  -0.16579265]
log likelihood =  -17625.475427380814
Lr derivatives =  [-212.63725941497748, -359.8096807717799, 286.22307581827044]
other derivatives =  [ -84.89136962  -60.84619235  166.67561795  121.64211512 -202.73069329
  128.51665088]
Current x_clock array =  [-0.64693771 -0.7862222  -0.56507951  0.50256459 -2.33679075 -0.54846472
  0.05116961  0.          0.        ]
log likelihood =  -17615.880498822975
Lr derivatives =  [-23.34390705294588, -279.25211647426175, -300.92069249544966]
other derivatives =  [187.20290245   2.2277527  -11.37149957  80.03318726 -59.83501803
 128.91217921]
Current x_clock array =  [-0.61940705 -0.77133695 -0.60123844  0.4655353  -2.19472133 -0.53046603
  0.08310026  0.         -0.07462476]
log likelihood =  -17601.487275833744
Lr derivatives =  [11.20733315113084, -246.53077704928336, -225.01618126502692]
other derivatives =  [  5.75615559   7.2792318  -29.77622353  70.01868653 -32.19294295
 130.01705156]
Current x_clock array =  [-0.64111031 -0.76939323 -0.60404335  0.44973804 -2.17513187 -0.55075795
  0.08648     0.         -0.04572242]
log likelihood =  -17584.254603525213
Lr derivatives =  [44.8780626945133, -208.10725757389483, 81.6147803561762]
other derivatives =  [-62.50700972   7.48437014 -27.74944005  48.72027785  -7.48123921
 123.39731984]
Current x_clock array =  [-0.64980378 -0.76862464 -0.60358754  0.41187304 -2.15153282 -0.61570634
  0.08068386  0.          0.        ]
log likelihood =  -17572.450423611244
Lr derivatives =  [51.30978186105567, -203.8486950255625, 76.26949809491634]
other derivatives =  [-54.75215585   2.63372203 -16.60746784  26.1671812    0.83986374
 109.07621254]
Current x_clock array =  [-0.64925103 -0.76940141 -0.60224267  0.36906192 -2.13122683 -0.6977815
  0.06954422  0.          0.        ]
log likelihood =  -17572.371890651022
Lr derivatives =  [-212.59405143384947, -346.09800925217894, 279.346204479225]
other derivatives =  [-140.02632088  165.54480317 -378.80697346    7.32704575 -201.33720508
   21.00176824]
Current x_clock array =  [-0.65350246 -0.72098074 -0.69595965  0.2389906  -2.21568279 -1.44790816
 -0.06525816  0.          0.        ]
log likelihood =  -17552.11609432077
Lr derivatives =  [-79.62327218921753, -275.48627888013294, 177.55482986103743]
other derivatives =  [ -93.67375242   80.72065611 -210.38859268   17.74710836 -101.95342278
   54.74933312]
Current x_clock array =  [-0.65126627 -0.7464493  -0.64666589  0.3074062  -2.1712602  -1.05335255
  0.00564591  0.          0.        ]
log likelihood =  -17535.96601453608
Lr derivatives =  [-78.99698088534075, -283.78991122544994, -292.67548519713864]
other derivatives =  [-28.80614193  -4.34321555  60.53875768 -65.67442324 -28.72785555
  25.70312833]
Current x_clock array =  [-0.6451993  -0.76426711 -0.59385944  0.17991488 -2.03502856 -1.44995866
 -0.0445703   0.         -0.03284011]
log likelihood =  -17527.83258967755
Lr derivatives =  [-16.856357580303772, -235.14981748797567, -151.33989518187892]
other derivatives =  [  6.88351065  -8.06773824  43.77595542 -68.87007839  -1.39217574
  25.19007381]
Current x_clock array =  [-0.64207886 -0.7672952  -0.59570766  0.18110289 -2.02575607 -1.48527249
 -0.02695383  0.         -0.00621689]
log likelihood =  -17523.92288224137
Lr derivatives =  [-4.397450204012252, -223.8713599712341, 114.13430911488831]
other derivatives =  [ 12.81304503   9.00710802 -27.10297849 -55.37595644 -10.70225949
  20.72528631]
Current x_clock array =  [-0.64156227 -0.76414621 -0.60861239  0.20323057 -2.03994528 -1.55627196
 -0.01887425  0.          0.        ]
log likelihood =  -17524.759245288602
Lr derivatives =  [2.271037351655977, -219.26847090886127, -204.05866746601149]
other derivatives =  [  13.32958345   58.68946755 -191.4702807   -15.14764881  -40.91180582
    8.61736222]
Current x_clock array =  [-0.64173563 -0.7542204  -0.64063938  0.27102147 -2.06831059 -1.79017889
 -0.00803888  0.         -0.01247013]
log likelihood =  -17522.634399042312
Lr derivatives =  [-1.4824262764179963, -221.82508414281165, -150.08727603843346]
other derivatives =  [ 13.50349703  29.10150215 -95.47495938 -39.02787648 -22.964441
  15.22081192]
Current x_clock array =  [-0.64163263 -0.76011756 -0.6216114   0.23074533 -2.05145811 -1.65120938
 -0.01447642  0.         -0.00506134]
log likelihood =  -17517.64559180571
Lr derivatives =  [14.551082295079063, -206.83916278952722, -124.36753602439678]
other derivatives =  [  9.06515197  19.91870522 -85.58403351 -27.25258673 -19.39416631
   6.87657246]
Current x_clock array =  [-6.42609589e-01 -7.63737498e-01 -6.17570276e-01  2.59893146e-01
 -2.04039733e+00 -1.90230455e+00 -1.21361055e-02  0.00000000e+00
 -3.82888138e-04]
log likelihood =  -17514.6523601121
Lr derivatives =  [-24.318657361137994, -228.15576797895426, 126.23750080820173]
other derivatives =  [-23.93127943  41.35593917  26.47772271   1.08576205 -24.91969342
   3.59563115]
Current x_clock array =  [-0.64553773 -0.75686172 -0.59456022  0.32212173 -2.0077928  -2.10690833
 -0.03712143  0.          0.        ]
log likelihood =  -17514.23145671838
Lr derivatives =  [-12.430889318253087, -220.39633280673436, -153.858937757315]
other derivatives =  [-11.38431617  27.20009797  28.55621278   1.18517346 -14.42979012
   2.21823284]
Current x_clock array =  [-6.44244513e-01 -7.60721251e-01 -5.94034527e-01  3.26895091e-01
 -1.99344927e+00 -2.19464687e+00 -3.73223140e-02  0.00000000e+00
 -1.69272475e-03]
log likelihood =  -17514.41134548877
Lr derivatives =  [55.97349926174367, -174.64128996609304, 59.333979152143]
other derivatives =  [ 39.64682037 -31.84274465 -18.81552089  -9.8844539   22.5827224
  -1.06697119]
Current x_clock array =  [-0.63949726 -0.77800898 -0.60242709  0.31864039 -1.96470765 -2.47753728
 -0.0222167   0.          0.        ]
log likelihood =  -17513.718319083873
Lr derivatives =  [19.47960378369722, -198.98745742857596, -148.50084439348126]
other derivatives =  [12.52110087 -0.69154339  6.17983096 -4.03685408  2.79571919  0.4136943 ]
Current x_clock array =  [-6.42012513e-01 -7.68849370e-01 -5.97980431e-01  3.23014003e-01
 -1.97993591e+00 -2.32765259e+00 -3.02201520e-02  0.00000000e+00
 -8.96861510e-04]
log likelihood =  -17513.47709491969
Lr derivatives =  [7.728786678254558, -205.25937094153835, 98.76530384644866]
other derivatives =  [-4.6575733  -8.85448026  4.35062248 -0.80893369  0.40175836  0.19379817]
Current x_clock array =  [-0.64360281 -0.77040466 -0.59856909  0.32854768 -1.97432871 -2.36940151
 -0.03690711  0.          0.        ]
log likelihood =  -17513.52484169614
Lr derivatives =  [-2.0746788263116045, -211.10649866166617, -149.88961509034746]
other derivatives =  [-11.57002771  -6.09283961   5.74473233   1.90785067  -2.79380528
   0.12188934]
Current x_clock array =  [-6.44155516e-01 -7.69293283e-01 -5.98478446e-01  3.32768119e-01
 -1.97225008e+00 -2.38608408e+00 -4.16244806e-02  0.00000000e+00
 -4.57825473e-04]
log likelihood =  -17513.48219597916
Lr derivatives =  [5.599731489485592, -206.52881448405344, -145.30135955429103]
other derivatives =  [-6.16221587 -8.25373354  4.65418634 -0.21969026 -0.29592586  0.17784943]
Current x_clock array =  [-6.43723003e-01 -7.70162978e-01 -5.98549375e-01  3.29465464e-01
 -1.97387669e+00 -2.37302933e+00 -3.79329554e-02  0.00000000e+00
 -9.95593167e-05]
log likelihood =  -17513.478096554183
Lr derivatives =  [7.190769686755985, -205.5802075273828, -144.34757846467062]
other derivatives =  [-5.03786578 -8.70278018  4.42737291 -0.66014036  0.22522428  0.18976345]
Current x_clock array =  [-6.43633173e-01 -7.70343609e-01 -5.98564106e-01  3.28779521e-01
 -1.97421452e+00 -2.37031793e+00 -3.71662464e-02  0.00000000e+00
 -2.51494484e-05]
log likelihood =  -17513.477329314333
Lr derivatives =  [7.587132091805941, -205.34391164080375, -144.10983331115992]
other derivatives =  [-4.75759589 -8.81470987  4.37083145 -0.7698327   0.35522602  0.19274988]
Current x_clock array =  [-6.43610786e-01 -7.70388626e-01 -5.98567778e-01  3.28608570e-01
 -1.97429872e+00 -2.36964219e+00 -3.69751673e-02  0.00000000e+00
 -6.60503590e-06]
log likelihood =  -17513.477146037374
Lr derivatives =  [7.690416085057372, -205.2823392294247, -144.0478727373397]
other derivatives =  [-4.68455255 -8.84387555  4.35609763 -0.79841266  0.38911575  0.19352727]
Current x_clock array =  [-6.43604951e-01 -7.70400357e-01 -5.98568734e-01  3.28564020e-01
 -1.97432066e+00 -2.36946609e+00 -3.69253711e-02  0.00000000e+00
 -1.77226023e-06]
log likelihood =  -17513.4770989092
Lr derivatives =  [7.717620249310642, -205.2661216598249, -144.031552205525]
other derivatives =  [-4.66530764 -8.8515626   4.35221955 -0.80594327  0.39804406  0.1937322 ]
Current x_clock array =  [-6.43603415e-01 -7.70403447e-01 -5.98568986e-01  3.28552285e-01
 -1.97432644e+00 -2.36941971e+00 -3.69122548e-02  0.00000000e+00
 -4.99313480e-07]
log likelihood =  -17513.477086734005
Lr derivatives =  [7.724693393366309, -205.26190506219478, -144.02730878807694]
other derivatives =  [-4.66030542 -8.85355985  4.35120455 -0.80789687  0.40036548  0.19378539]
Current x_clock array =  [-6.43603015e-01 -7.70404251e-01 -5.98569052e-01  3.28549234e-01
 -1.97432794e+00 -2.36940765e+00 -3.69088445e-02  0.00000000e+00
 -1.68342205e-07]
      fun: 17513.477086734005
 hess_inv: <9x9 LbfgsInvHessProduct with dtype=float64>
      jac: array([-4.66030542e+00, -8.85355985e+00,  4.35120455e+00, -8.07896868e-01,
        4.00365482e-01,  1.93785388e-01,  7.72469339e+00, -2.05261905e+02,
       -1.44027309e+02])
  message: 'CONVERGENCE: REL_REDUCTION_OF_F_<=_FACTR*EPSMCH'
     nfev: 30
      nit: 19
     njev: 30
   status: 0
  success: True
        x: array([-6.43603015e-01, -7.70404251e-01, -5.98569052e-01,  3.28549234e-01,
       -1.97432794e+00, -2.36940765e+00, -3.69088445e-02,  0.00000000e+00,
       -1.68342205e-07])
