number of sites to be analyzed:  219
log likelihood =  -3140.825480034662
Lr derivatives =  [-183.89821184383638, -317.33433636905266, -225.16756740915025]
other derivatives =  [  4.20931337 -18.48846659  18.54317907 -28.5681781  187.79934589
  -0.        ]
Current x_clock array =  [-0.61895224 -0.82659782 -0.44344648  0.18232156 -0.10536052  0.33647224
 -0.51082562 -0.51082562 -0.51082562]
log likelihood =  -2977.6578421030044
Lr derivatives =  [76.2121861304717, -170.66030661235015, -138.97706000885535]
other derivatives =  [-13.38927586  12.66190884 -82.60889808 -15.6102351  158.5402224
  -0.        ]
Current x_clock array =  [-0.63483181 -0.82366812 -0.51340034  0.29009456 -0.81383061  0.33647224
  0.1829275  -0.50889854 -0.50889854]
log likelihood =  -2844.536126904216
Lr derivatives =  [121.32526116412879, -80.60869082419129, -23.35953376093415]
other derivatives =  [ 37.07421092  20.71712606 124.11870648  -9.15166675 125.32560299
  -0.        ]
Current x_clock array =  [-0.60653518 -0.86278493 -0.33112522  0.35774945 -1.39496674  0.33647224
  0.18748072 -0.25383848 -0.28407259]
log likelihood =  -2781.958069086042
Lr derivatives =  [-48.00216287036782, -132.23285252154278, 90.1172370504355]
other derivatives =  [ -79.04326094  -14.83129927 -103.4420975    28.54390505  -39.37667055
   -0.        ]
Current x_clock array =  [-0.67199392 -0.9660351  -0.44793214  0.47621491 -2.50736231  0.33647224
 -0.03682833  0.          0.        ]
log likelihood =  -2749.963116653553
Lr derivatives =  [-3.485075774538714, -107.53508271423735, 8.066283534640675]
other derivatives =  [65.78236389  1.49389416 -7.96016957 11.33684282  1.1780188  -0.        ]
Current x_clock array =  [-0.57827607 -0.93668306 -0.38255412  0.42216096 -2.32525287  0.33647224
  0.03432024  0.         -0.17902267]
log likelihood =  -2748.6417562124457
Lr derivatives =  [0.2985104903046718, -106.26140874821996, -2.5170503143355134]
other derivatives =  [-24.02458904  -0.20211746  13.93466755   8.68536608   4.68832546
  -0.        ]
Current x_clock array =  [-0.63930485 -0.93521529 -0.36546917  0.40694574 -2.30694378  0.33647224
  0.05139751  0.         -0.20121102]
log likelihood =  -2748.266178069509
Lr derivatives =  [-0.6842811387183758, -106.31981090651988, -0.3643683637762578]
other derivatives =  [-3.34057631  0.23222219 -0.37294012  9.34406125  2.38870472 -0.        ]
Current x_clock array =  [-0.62365896 -0.93633906 -0.37477987  0.40557481 -2.32899175  0.33647224
  0.05436422  0.         -0.19658027]
log likelihood =  -2748.1515833092094
Lr derivatives =  [-0.9249387616754348, -106.18986930460892, -0.6814936867631971]
other derivatives =  [ 2.54908491  0.34286995 -1.07193137  8.85090003  1.28431771 -0.        ]
Current x_clock array =  [-0.61934676 -0.9371079  -0.37517503  0.39685505 -2.34498394  0.33647224
  0.06012284  0.         -0.19734113]
log likelihood =  -2747.861824363047
Lr derivatives =  [-0.3890969577099739, -105.09581327702853, -1.3071716879131685]
other derivatives =  [ 8.78374158  0.06828259 -2.99010389  6.37352514 -1.02396285 -0.        ]
Current x_clock array =  [-0.61457707 -0.93949459 -0.37630525  0.3569785  -2.38755995  0.33647224
  0.0789757   0.         -0.19925162]
log likelihood =  -2747.6054543248365
Lr derivatives =  [2.609216229736191, -102.7925511293074, 2.073627514825901]
other derivatives =  [ 6.63751962  0.27210444 -3.22007963  2.50685434 -0.16382768 -0.        ]
Current x_clock array =  [-0.61600429 -0.93843612 -0.37757267  0.29628754 -2.39881172  0.33647224
  0.08778825  0.         -0.19284744]
log likelihood =  -2747.5509179700894
Lr derivatives =  [-0.6404033514831511, -105.06879428236155, -1.7398862223612568]
other derivatives =  [-2.09282689 -0.13722865  5.20992899  0.02976549 -1.7715843  -0.        ]
Current x_clock array =  [-0.62178857 -0.93731208 -0.37295444  0.25780358 -2.40822584  0.33647224
  0.08231051  0.         -0.1977973 ]
log likelihood =  -2747.5208837998707
Lr derivatives =  [1.0397298153366705, -104.18508295754084, 0.1022094035664054]
other derivatives =  [-1.03308957 -0.0553805   0.31227819  0.08570714 -0.25025254 -0.        ]
Current x_clock array =  [-0.62113314 -0.93660499 -0.37658268  0.25854796 -2.39276092  0.33647224
  0.07865464  0.         -0.19458787]
log likelihood =  -2747.5162469010893
Lr derivatives =  [0.9830399551343945, -104.36561097771065, 0.32913133580063203]
other derivatives =  [-0.62934896 -0.06609116 -0.15088381  0.10505028  0.15237136 -0.        ]
Current x_clock array =  [-0.62089388 -0.93613636 -0.37718556  0.25910919 -2.38522211  0.33647224
  0.07449965  0.         -0.19384708]
log likelihood =  -2747.5137168168258
Lr derivatives =  [0.05291924910689261, -105.13341960793396, -0.24065605875293983]
other derivatives =  [-0.01683065  0.10611802 -0.6148689   0.0812679  -0.00183429 -0.        ]
Current x_clock array =  [-0.62043991 -0.93516247 -0.37787017  0.25798965 -2.38022821  0.33647224
  0.06886864  0.         -0.19417554]
log likelihood =  -2747.513610461436
Lr derivatives =  [-0.01602221237688184, -105.14149145794964, 0.23054330602232653]
other derivatives =  [ 0.28952445  0.00211048  0.36387974  0.02166871  0.02600332 -0.        ]
Current x_clock array =  [-0.62025983 -0.93532347 -0.37727336  0.25733402 -2.37980911  0.33647224
  0.06817276  0.         -0.19311998]
log likelihood =  -2747.5134742318987
Lr derivatives =  [0.002575232461886401, -105.14146382081032, 0.02209919170196173]
other derivatives =  [-0.01662193  0.0161167  -0.02365778  0.00318732 -0.00090119 -0.        ]
Current x_clock array =  [-0.62045087 -0.93529558 -0.37751528  0.2569166  -2.38024615  0.33647224
  0.06853696  0.         -0.19356472]
log likelihood =  -2747.5134733734867
Lr derivatives =  [-0.00044377461090761017, -105.14401529155086, 0.006382333140514618]
other derivatives =  [-0.00437285  0.01013177 -0.00817317  0.00233877 -0.00199761 -0.        ]
Current x_clock array =  [-0.62044217 -0.93530929 -0.37750464  0.25691548 -2.38026511  0.33647224
  0.06855035  0.         -0.19359677]
      fun: 2747.5134733734867
 hess_inv: <9x9 LbfgsInvHessProduct with dtype=float64>
      jac: array([-4.37285053e-03,  1.01317710e-02, -8.17317414e-03,  2.33876563e-03,
       -1.99760870e-03, -0.00000000e+00, -4.43774611e-04, -1.05144015e+02,
        6.38233314e-03])
  message: 'CONVERGENCE: REL_REDUCTION_OF_F_<=_FACTR*EPSMCH'
     nfev: 17
      nit: 16
     njev: 17
   status: 0
  success: True
        x: array([-0.62044217, -0.93530929, -0.37750464,  0.25691548, -2.38026511,
        0.33647224,  0.06855035,  0.        , -0.19359677])
