number of sites to be analyzed:  589
log likelihood =  -7759.370468146719
Lr derivatives =  [-159.76135223798013, -421.25439361116753, -169.7049718344201]
other derivatives =  [  92.5422064   -48.07554978  132.78017377 -101.868005    539.42421619
  141.82361519]
Current x_clock array =  [-0.59398581 -0.77469437 -0.47451213  0.18232156 -0.10536052  0.33647224
 -0.51082562 -0.51082562 -0.51082562]
log likelihood =  -7350.2146268738325
Lr derivatives =  [-44.98479675007988, -360.89768071344827, -186.2431634104549]
other derivatives =  [-369.25406494  -28.45444487 -292.76387977  -40.5982546   337.03285862
   92.54909855]
Current x_clock array =  [-0.74547285 -0.77350808 -0.69186676  0.34907448 -0.98837147  0.10431394
 -0.24930414 -0.50998943 -0.50998943]
log likelihood =  -7008.866148914238
Lr derivatives =  [73.53835479554512, -112.49628489802099, -23.921715101815565]
other derivatives =  [ 978.34300686  104.23192725 -237.77593833   19.44665019   20.2820462
   54.09795995]
Current x_clock array =  [-0.44250492 -0.75666772 -0.57296249  0.61116395 -2.53882092 -0.30857074
  0.13684117 -0.2284955  -0.34139402]
log likelihood =  -6907.463544111162
Lr derivatives =  [-32.992310563900226, -133.37866262156527, -14.177585806809539]
other derivatives =  [-244.46824136   25.3832668   170.01240303   44.16224238  -57.45565297
   46.56002511]
Current x_clock array =  [-0.73124738 -0.79896658 -0.39539539  0.66270692 -2.91868557 -0.43093193
  0.19103255 -0.11697766 -0.28711512]
log likelihood =  -6887.221905100748
Lr derivatives =  [10.307085497667657, -111.97280048459109, -5.993834984395278]
other derivatives =  [-92.60319166  21.38953641  -1.90227183  37.68782699 -19.70901257
  49.72503848]
Current x_clock array =  [-0.675476   -0.80149556 -0.4491533   0.62929201 -2.75942552 -0.39984267
  0.16372313 -0.11102919 -0.29740447]
log likelihood =  -6877.260498767839
Lr derivatives =  [54.49785550669826, -73.15144254962766, 17.655988575545496]
other derivatives =  [60.58718282  7.12397286 37.68194438 25.84921549 11.02029767 49.55688837]
Current x_clock array =  [-0.63158885 -0.81377347 -0.44042523  0.59535156 -2.67919644 -0.41021195
  0.13851767 -0.04180344 -0.29308399]
log likelihood =  -6870.186814162487
Lr derivatives =  [52.85683723801988, -65.48790253372319, 20.657335061211036]
other derivatives =  [ 96.33589707 -14.57254803   8.9983605   22.31223425   6.99266054
  44.56985698]
Current x_clock array =  [-0.62152331 -0.82859021 -0.45023676  0.56605634 -2.68366468 -0.46020882
  0.10708828  0.         -0.29340175]
log likelihood =  -6862.0421774579445
Lr derivatives =  [17.432361575245622, -89.10131086070683, -0.5621322821066279]
other derivatives =  [ 46.93061237 -29.04925077 -34.35545113  19.3829128  -12.46029411
  36.56161243]
Current x_clock array =  [-0.63254411 -0.83445889 -0.46696631  0.50602436 -2.67054735 -0.55430842
  0.03699887  0.         -0.30509953]
log likelihood =  -6854.117003380779
Lr derivatives =  [-36.689657308047316, -125.99597173812391, -31.9206488155845]
other derivatives =  [-13.99460962 -25.18230303 -35.83484431   2.56196745 -19.50197252
  24.70659365]
Current x_clock array =  [-0.64646801 -0.8210164  -0.47619429  0.36896141 -2.55768981 -0.73544591
 -0.10412781  0.         -0.31477473]
log likelihood =  -6850.746366044375
Lr derivatives =  [-23.957583686164504, -113.36346552855852, -11.45086358858969]
other derivatives =  [-32.91333087   3.62216997 -21.68339688  -4.31480021 -11.41596405
  20.35609941]
Current x_clock array =  [-0.65417017 -0.80040547 -0.47103541  0.3287559  -2.53818161 -0.83568657
 -0.10662175  0.         -0.28129247]
log likelihood =  -6848.101461050853
Lr derivatives =  [-7.851906753627114, -97.20407439738766, 12.127610939156675]
other derivatives =  [-18.14069128  13.65505159  19.18932594 -12.27806479  -3.12249597
  13.79106744]
Current x_clock array =  [-0.65256421 -0.7952377  -0.45628902  0.28717762 -2.52875184 -1.00003871
 -0.0991342   0.         -0.24722196]
log likelihood =  -6846.94219116897
Lr derivatives =  [0.5513850578203154, -90.59836384635061, 14.694525747389157]
other derivatives =  [ -2.63348011  10.44244982  20.79482238 -14.23009871   0.02124012
   9.61499923]
Current x_clock array =  [-0.64901981 -0.79887889 -0.45533191  0.27615882 -2.52627389 -1.10822255
 -0.09036743  0.         -0.24331769]
log likelihood =  -6845.5641412939785
Lr derivatives =  [9.2585744554465, -84.97567955536633, 7.030966081403733]
other derivatives =  [  6.21370418   1.93794676   1.51018958 -12.32187424   1.20288539
   3.75704823]
Current x_clock array =  [-0.64726159 -0.80688356 -0.46046525  0.28567369 -2.52825812 -1.28145602
 -0.07544718  0.         -0.25117017]
log likelihood =  -6845.028377855612
Lr derivatives =  [2.4730170198556394, -88.8140277890518, -2.654910356161519]
other derivatives =  [16.2741062  -1.7810944   3.86684769 -7.89462865 -3.14327061  0.91013148]
Current x_clock array =  [-0.64398369 -0.80986478 -0.45905343  0.31262411 -2.52860178 -1.39021664
 -0.08263372  0.         -0.25732864]
log likelihood =  -6844.887760041322
Lr derivatives =  [5.92788006535606, -85.65259033589078, -0.8593785296496819]
other derivatives =  [-17.2610853  -12.74933038 -17.91545219  -2.04178014   2.68452847
  -0.84750304]
Current x_clock array =  [-0.65312313 -0.8171911  -0.46547635  0.35182397 -2.49286855 -1.49731373
 -0.09031834  0.         -0.25242748]
log likelihood =  -6844.707454109355
Lr derivatives =  [1.2728337051183694, -88.4979195064967, -2.6985110460794743]
other derivatives =  [-1.00672696 -3.8770977  -4.50066545 -1.62239758 -0.98104208 -0.56526474]
Current x_clock array =  [-0.64835152 -0.8110776  -0.46108109  0.35369236 -2.50344228 -1.47606054
 -0.09332762  0.         -0.25347035]
log likelihood =  -6844.680571214533
Lr derivatives =  [0.013670697448430857, -89.06212647263372, -1.741565179057794]
other derivatives =  [ 0.24357632 -0.73436513 -0.56174122 -0.81698818 -1.26462334 -0.34889214]
Current x_clock array =  [-0.64789917 -0.8087864  -0.45976423  0.35913756 -2.50169284 -1.46721303
 -0.09617302  0.         -0.251848  ]
log likelihood =  -6844.67002655003
Lr derivatives =  [-0.636883167708886, -89.27167821159087, -0.27214961186825093]
other derivatives =  [ 0.51588449  0.65150198 -0.45615252 -0.0324344  -0.72643663 -0.10300522]
Current x_clock array =  [-0.64763918 -0.8076276  -0.45982416  0.3646427  -2.49634065 -1.45846417
 -0.09968617  0.         -0.24979903]
log likelihood =  -6844.67708728947
Lr derivatives =  [0.0693197144138118, -89.01159832696862, -0.36164097844563514]
other derivatives =  [-1.75052992 -1.65404799  5.94326048  0.09518499  0.55364389  0.0283659 ]
Current x_clock array =  [-0.64835609 -0.80924388 -0.45755327  0.36772101 -2.49211199 -1.45334988
 -0.09910567  0.         -0.25048223]
log likelihood =  -6844.669275261496
Lr derivatives =  [-0.47094455405556346, -89.21081374608545, -0.2939148711043842]
other derivatives =  [-0.02138768  0.10477015  1.05239542 -0.00232285 -0.42383684 -0.07200797]
Current x_clock array =  [-0.6478089  -0.80801023 -0.45928655  0.36537145 -2.49533956 -1.45725342
 -0.09954874  0.         -0.24996077]
log likelihood =  -6844.668644289815
Lr derivatives =  [-0.10143685048368312, -89.00242428625442, 0.053439001146642795]
other derivatives =  [ 0.07113977  0.00608816  0.19683557  0.02701381 -0.07559088 -0.01034144]
Current x_clock array =  [-0.6477628  -0.80806805 -0.45959875  0.3657773  -2.49408478 -1.45446137
 -0.09960105  0.         -0.2497485 ]
log likelihood =  -6844.668616444233
Lr derivatives =  [0.009756893677208112, -88.95841006024176, 0.045526636842694757]
other derivatives =  [-0.01687204 -0.00164437  0.00769433  0.00512864 -0.00363624 -0.00124863]
Current x_clock array =  [-0.64779122 -0.80807554 -0.45966501  0.36567401 -2.49394184 -1.45387669
 -0.09947922  0.         -0.24982906]
log likelihood =  -6844.668615022136
Lr derivatives =  [0.007406768532264962, -88.96856680900059, 0.01504383098210127]
other derivatives =  [-0.00448563 -0.0096552  -0.00837008  0.00367072 -0.00152401  0.00026089]
Current x_clock array =  [-0.64778674 -0.80808066 -0.45967166  0.36566745 -2.49393204 -1.45373667
 -0.09947115  0.         -0.24987369]
      fun: 6844.668615022136
 hess_inv: <9x9 LbfgsInvHessProduct with dtype=float64>
      jac: array([-4.48562787e-03, -9.65519575e-03, -8.37007974e-03,  3.67072062e-03,
       -1.52401040e-03,  2.60885825e-04,  7.40676853e-03, -8.89685668e+01,
        1.50438310e-02])
  message: 'CONVERGENCE: REL_REDUCTION_OF_F_<=_FACTR*EPSMCH'
     nfev: 23
      nit: 21
     njev: 23
   status: 0
  success: True
        x: array([-0.64778674, -0.80808066, -0.45967166,  0.36566745, -2.49393204,
       -1.45373667, -0.09947115,  0.        , -0.24987369])
