number of sites to be analyzed:  2520
log likelihood =  -37326.6205986053
Lr derivatives =  [-2627.801236070451, -3223.625133355209, -2574.807482563943]
other derivatives =  [ 134.93484585 -523.96123647  477.047608   -758.25118984 2580.48134856
 -100.81871005   -0.        ]
Current x_clock array =  [-0.67656584 -0.71460813 -0.62774807  0.18232156 -0.10536052 -0.10536052
  0.33647224 -0.51082562 -0.51082562 -0.51082562]
log likelihood =  -34886.578314236365
Lr derivatives =  [535.5427575099438, -1546.5513605348465, -1539.8657686804008]
other derivatives =  [-291.94790113 -359.45865238 -670.3995823  -445.61451068 2029.69173552
 -104.11731637   -0.        ]
Current x_clock array =  [-0.71213032 -0.71443297 -0.75348248  0.38217219 -0.78549242 -0.07878795
  0.33647224  0.18177828 -0.51069099 -0.51069099]
log likelihood =  -33369.81517475792
Lr derivatives =  [1102.9486053610008, -571.0057110961036, -298.78564506816014]
other derivatives =  [ 693.54095467  283.27006294  155.2541944  -208.83789693 1248.16751621
  -27.36802708   -0.        ]
Current x_clock array =  [-0.65263583 -0.66145942 -0.62993811  0.54837099 -1.47422265 -0.0459251
  0.33647224  0.25875183 -0.34482846 -0.30511952]
log likelihood =  -33065.61640354713
Lr derivatives =  [-452.49464637955083, -791.0506000119174, 668.7232427352692]
other derivatives =  [-2399.79209437  -500.26159442  -350.13482557   273.39566441
  -447.12156257   153.85535517    -0.        ]
Current x_clock array =  [-0.90115905 -0.75320997 -0.67119043  0.77560365 -2.51319745 -0.01063364
  0.33647224  0.10419534 -0.10136333 -0.13536474]
log likelihood =  -32606.418438677872
Lr derivatives =  [17.433341310817923, -496.7549044145969, 215.07965470427536]
other derivatives =  [ 317.77708864 -147.09933748 -131.20920266  133.58032447 -128.55539253
  127.51390022   -0.        ]
Current x_clock array =  [-0.66053486 -0.71274024 -0.65323973  0.71142725 -2.34213487 -0.03436737
  0.33647224  0.07788362 -0.01340706 -0.22933951]
log likelihood =  -32576.30645101828
Lr derivatives =  [54.57123614547558, -494.18124282038764, 94.72359693448769]
other derivatives =  [ 56.23523975 -15.18418867  21.536227    98.46173998  -3.20426992
  98.4947801   -0.        ]
Current x_clock array =  [-0.67959663 -0.69450573 -0.63850359  0.67618403 -2.23992513 -0.05043028
  0.33647224  0.05455106  0.         -0.25603525]
log likelihood =  -32570.367901758134
Lr derivatives =  [25.416602735262586, -535.1111708652611, -7.468785058459531]
other derivatives =  [ -5.09386882  12.44072701 -29.87541302  74.21797636  40.47181746
  80.5805721   -0.        ]
Current x_clock array =  [-0.68359334 -0.68936437 -0.64503349  0.6433533  -2.19931544 -0.07509033
  0.33647224  0.03651569  0.         -0.27539885]
log likelihood =  -32565.162551885747
Lr derivatives =  [-23.067168236087724, -572.6493590307517, -63.30048302254511]
other derivatives =  [-29.48440306  -3.57459794  59.43821452  40.81540101  42.95228533
  68.04969598  -0.        ]
Current x_clock array =  [-0.68512117 -0.69001854 -0.63702283  0.59958317 -2.19682285 -0.11811901
  0.33647224  0.02322565  0.         -0.28344717]
log likelihood =  -32558.2736159224
Lr derivatives =  [-65.63816730583315, -594.5056547060803, -83.13317381083033]
other derivatives =  [-39.51244071  42.50172788  -0.05363108 -15.78233787  19.35995936
  53.27515464  -0.        ]
Current x_clock array =  [-0.68590601 -0.68334421 -0.64461006  0.52414044 -2.22533075 -0.20717983
  0.33647224  0.0121269   0.         -0.28219295]
log likelihood =  -32554.688606023767
Lr derivatives =  [-45.29870050356803, -563.4003515745302, -25.78536442571746]
other derivatives =  [ -14.56508471 -166.1735987    65.21668547  -64.23920786   12.03915411
   40.28106559   -0.        ]
Current x_clock array =  [-0.68485042 -0.7105469  -0.63764405  0.46960782 -2.26266664 -0.32582988
  0.33647224  0.02562615  0.         -0.2670399 ]
log likelihood =  -32550.87952603898
Lr derivatives =  [-26.06101218251615, -542.1451324779975, 7.696688491003272]
other derivatives =  [  6.54232281 -35.91063069  25.37519686 -58.77682634 -15.66498588
  39.89471588  -0.        ]
Current x_clock array =  [-0.68392606 -0.69507064 -0.64116044  0.47186892 -2.29682751 -0.36386614
  0.33647224  0.0374505   0.         -0.26129698]
log likelihood =  -32548.517112849517
Lr derivatives =  [8.87257522424727, -514.7498560220452, 32.314014202010355]
other derivatives =  [ 14.25856681  21.51032822 -15.59738303 -46.3961951  -23.29982583
  36.60827497  -0.        ]
Current x_clock array =  [-0.68388641 -0.68948136 -0.64434101  0.48795026 -2.31952205 -0.41140406
  0.33647224  0.05463622  0.         -0.25840212]
log likelihood =  -32545.80658104387
Lr derivatives =  [33.93669572857891, -495.39356757674045, 35.70466200831393]
other derivatives =  [ 22.31709368  46.33018034 -26.53749834 -27.08235115 -26.49812013
  26.90981637  -0.        ]
Current x_clock array =  [-0.68352909 -0.6880187  -0.64427908  0.51464979 -2.34206311 -0.49832383
  0.33647224  0.07398235  0.         -0.25869297]
log likelihood =  -32543.04101393951
Lr derivatives =  [24.048466597907094, -497.2345446944554, 25.34001954777267]
other derivatives =  [ 29.137409    33.49289909 -27.66098623  -3.89285196 -13.5870292
   9.81179619  -0.        ]
Current x_clock array =  [-0.68225981 -0.68977869 -0.64408575  0.545558   -2.3368717  -0.62142912
  0.33647224  0.07376699  0.         -0.25538582]
log likelihood =  -32542.624668426244
Lr derivatives =  [4.2852579652929705, -512.7943741009067, -12.291355273646701]
other derivatives =  [-23.92759052  12.71415749  51.50728975  -1.66391328  -4.04614288
  -0.07979543  -0.        ]
Current x_clock array =  [-0.68556762 -0.6918422  -0.63618626  0.54817318 -2.32979858 -0.6870978
  0.33647224  0.07112219  0.         -0.26034987]
log likelihood =  -32542.407992772332
Lr derivatives =  [5.559464677760587, -511.05106760126716, -5.3635275426173905]
other derivatives =  [-1.57057002 -0.88470188 -1.8646715  -0.08065399  0.042653    0.0730688
 -0.        ]
Current x_clock array =  [-0.68382793 -0.69338262 -0.64169327  0.55021191 -2.32387829 -0.68373893
  0.33647224  0.06772915  0.         -0.25821556]
log likelihood =  -32542.39715321579
Lr derivatives =  [2.8280361207409044, -512.1899445828784, -3.426113205949065]
other derivatives =  [ 1.14714567 -1.58997136 -2.31400918 -0.08784264 -0.06042159  0.06219125
 -0.        ]
Current x_clock array =  [-0.68357572 -0.69337467 -0.64181633  0.54989713 -2.32253714 -0.68346163
  0.33647224  0.06601851  0.         -0.25733051]
log likelihood =  -32542.39507356008
Lr derivatives =  [-0.3699361965044261, -512.8885723470513, 1.9903644374480791]
other derivatives =  [-8.36692561 -0.59222293 -2.70000965  0.22413587 -0.3891429   0.20453808
 -0.        ]
Current x_clock array =  [-0.68415609 -0.69311167 -0.64192412  0.54967528 -2.32090733 -0.68260876
  0.33647224  0.06391636  0.         -0.25552768]
log likelihood =  -32542.39223864868
Lr derivatives =  [-0.20964233530736465, -513.0382302002415, 0.6435459893429822]
other derivatives =  [ 2.93059202  0.14831312  1.57333488 -0.0230757   0.1387076  -0.01035005
 -0.        ]
Current x_clock array =  [-0.68338645 -0.69304899 -0.64150993  0.5496954  -2.32062531 -0.68397435
  0.33647224  0.06381573  0.         -0.25579885]
log likelihood =  -32542.39170453501
Lr derivatives =  [0.0896545132406743, -512.9868328619665, 0.09513242869124383]
other derivatives =  [ 0.02872912 -0.11883458  0.07978088  0.05538095  0.02348549  0.01683657
 -0.        ]
Current x_clock array =  [-0.68359182 -0.69308906 -0.64164576  0.54974962 -2.32091542 -0.68374666
  0.33647224  0.06413081  0.         -0.2560063 ]
log likelihood =  -32542.39170061346
Lr derivatives =  [0.01631803679597965, -513.0406164267016, 0.022708526674563245]
other derivatives =  [-0.00182263 -0.06997652  0.05036418  0.05108086  0.00692669  0.01084845
 -0.        ]
Current x_clock array =  [-0.68359282 -0.69308118 -0.64165016  0.5497326  -2.32090908 -0.68376931
  0.33647224  0.06410862  0.         -0.25601614]
      fun: 32542.39170061346
 hess_inv: <10x10 LbfgsInvHessProduct with dtype=float64>
      jac: array([-1.82262738e-03, -6.99765224e-02,  5.03641786e-02,  5.10808604e-02,
        6.92669459e-03,  1.08484528e-02, -0.00000000e+00,  1.63180368e-02,
       -5.13040616e+02,  2.27085267e-02])
  message: 'CONVERGENCE: REL_REDUCTION_OF_F_<=_FACTR*EPSMCH'
     nfev: 21
      nit: 20
     njev: 21
   status: 0
  success: True
        x: array([-0.68359282, -0.69308118, -0.64165016,  0.5497326 , -2.32090908,
       -0.68376931,  0.33647224,  0.06410862,  0.        , -0.25601614])
