number of sites to be analyzed:  244
log likelihood =  -4025.871030404751
Lr derivatives =  [-400.0689396708069, -417.81441192544355, -368.29620608230755]
other derivatives =  [ 29.56352455 -10.15123144   9.74246814 -35.9311357  214.71999708
  -7.466444    -0.        ]
Current x_clock array =  [-0.57524272 -0.76617232 -0.53037844  0.18232156 -0.10536052 -0.10536052
  0.33647224 -0.51082562 -0.51082562 -0.51082562]
log likelihood =  -3744.3492150976863
Lr derivatives =  [9.26321964128914, -192.41009195336807, -229.33314086914112]
other derivatives =  [-63.42639654  15.04402553 -35.31763332 -25.78624799 198.67103219
 -11.76646674  -0.        ]
Current x_clock array =  [-0.6399909  -0.7646038  -0.55171578  0.26101568 -0.57562681 -0.08900798
  0.33647224  0.36538033 -0.50970685 -0.50970685]
log likelihood =  -3611.125029777967
Lr derivatives =  [126.06828078991006, -43.749751208610775, -68.6846068067243]
other derivatives =  [198.63674743   3.58181705  33.49938379 -18.18801138 164.26822594
  -8.62250499  -0.        ]
Current x_clock array =  [-0.52513399 -0.79531248 -0.48741772  0.31015496 -0.95105657 -0.06704041
  0.33647224  0.36877509 -0.29578297 -0.21153685]
log likelihood =  -3509.4250137204613
Lr derivatives =  [3.5609426589307542, -23.716073946858558, 10.077610568259843]
other derivatives =  [-106.82922039  -27.12170908   66.81146033    2.60513161   53.70560753
    4.78821948   -0.        ]
Current x_clock array =  [-0.68281654 -0.83249351 -0.4655957   0.38077825 -1.53919378 -0.03300192
  0.33647224  0.10950493  0.          0.        ]
log likelihood =  -3497.551193237745
Lr derivatives =  [-24.872862121072075, -43.35790205809721, 34.11532816244289]
other derivatives =  [ 5.23498420e+00 -1.75341484e-02 -5.11911144e+01  1.37677239e+01
  8.30840538e+00  1.01661881e+01 -0.00000000e+00]
Current x_clock array =  [-0.61457853 -0.8030815  -0.56079942  0.3999832  -1.78447131 -0.03060385
  0.33647224  0.1225071   0.          0.        ]
log likelihood =  -3493.2001829358214
Lr derivatives =  [-11.269458705171221, -36.85718438041937, 16.490275619196115]
other derivatives =  [  5.82273924   7.70068709 -23.48419048  11.40301083   6.32863563
  11.60350439  -0.        ]
Current x_clock array =  [-0.61670157 -0.79911608 -0.53194441  0.39525253 -1.85793031 -0.03809495
  0.33647224  0.18506738  0.         -0.04515092]
log likelihood =  -3491.129576380196
Lr derivatives =  [-3.4534721468612055, -33.04896553632465, -6.285280142152402]
other derivatives =  [-1.60194759 -7.24849269  6.30804743  8.49162006  1.46902119 13.00357872
 -0.        ]
Current x_clock array =  [-0.62238077 -0.82397731 -0.50498767  0.37298859 -1.96503216 -0.07221707
  0.33647224  0.26170403  0.         -0.0964966 ]
log likelihood =  -3490.4143809023026
Lr derivatives =  [1.6512174965277886, -29.792180597003327, -6.336763208891055]
other derivatives =  [-4.28106478  1.60541094  6.44036754  6.40101598  1.22868143 12.96352548
 -0.        ]
Current x_clock array =  [-0.62470589 -0.81432152 -0.50476092  0.34899473 -2.00052442 -0.1086075
  0.33647224  0.2884881   0.         -0.10054883]
log likelihood =  -3488.4200904716863
Lr derivatives =  [8.273855826308033, -23.020599979870717, -4.567007415400013]
other derivatives =  [ 2.55444775  5.76299635  2.36499545 -0.37453856 -1.02677346 12.07735068
 -0.        ]
Current x_clock array =  [-0.62206516 -0.81387899 -0.50775266  0.25233633 -2.11643993 -0.27213651
  0.33647224  0.35492735  0.         -0.10130996]
log likelihood =  -3486.395541179878
Lr derivatives =  [6.5185033352140325, -19.944680088980796, -1.7554845263618564]
other derivatives =  [ 4.24500286  7.41614076  7.18354522 -5.24007601 -2.87970956  9.24030974
 -0.        ]
Current x_clock array =  [-0.6210283  -0.81484832 -0.50403663  0.17002463 -2.2108591  -0.52714737
  0.33647224  0.39378144  0.         -0.08860131]
log likelihood =  -3487.2372636626906
Lr derivatives =  [24.86423639176299, -4.761558521759557, -3.6309800521285034]
other derivatives =  [-42.37261874 -30.66289719 -55.63586637  -8.96201163  12.82714813
   3.13673089  -0.        ]
Current x_clock array =  [-0.64721794 -0.87037692 -0.55395156  0.11856471 -2.31831659 -1.06689866
  0.33647224  0.5092159   0.         -0.0897675 ]
log likelihood =  -3485.477998912361
Lr derivatives =  [13.955957200199212, -13.790912586895544, -2.6593368904247336]
other derivatives =  [-15.16327075  -8.59969077 -19.74000907  -6.76464379   3.62875099
   6.35406059  -0.        ]
Current x_clock array =  [-0.63179292 -0.83767202 -0.52455297  0.14887326 -2.25502692 -0.7489992
  0.33647224  0.441228    0.         -0.08908064]
log likelihood =  -3484.0146526799645
Lr derivatives =  [5.447759201617492, -14.381414240184528, 3.298752112771656]
other derivatives =  [-2.0350235  -5.03178444 -6.7191786  -8.17579394 -1.21473802  4.0829207
 -0.        ]
Current x_clock array =  [-0.62389534 -0.83433179 -0.51416233  0.11273645 -2.31739101 -1.03405085
  0.33647224  0.44579087  0.         -0.06649072]
log likelihood =  -3483.122369370065
Lr derivatives =  [1.5649291952207438, -14.718216235012234, 4.253792977591784]
other derivatives =  [ 2.67584028  0.21567121 -1.07229243 -6.71142425 -2.02522435  2.14330946
 -0.        ]
Current x_clock array =  [-0.62139638 -0.82801114 -0.50919259  0.13282533 -2.32631887 -1.26997774
  0.33647224  0.43685127  0.         -0.05824734]
log likelihood =  -3482.4875185231617
Lr derivatives =  [-0.6395728210463902, -15.246883248108094, -1.0251067162087084]
other derivatives =  [ 4.58438717 -0.50536391  2.4457031  -2.07604489 -1.3088306   0.52139854
 -0.        ]
Current x_clock array =  [-0.62075817 -0.82934168 -0.50515557  0.20301475 -2.31046278 -1.49809668
  0.33647224  0.42395878  0.         -0.06103573]
log likelihood =  -3482.7593768104716
Lr derivatives =  [-4.871105770458053, -15.941523930137947, 10.801768931310734]
other derivatives =  [-27.11003253   3.69757527   3.48584354   1.26631903  -4.29153884
   0.27133997  -0.        ]
Current x_clock array =  [-0.63827439 -0.82311656 -0.50406403  0.24692248 -2.31493171 -1.60413011
  0.33647224  0.41552394  0.         -0.04285292]
log likelihood =  -3482.4601217346817
Lr derivatives =  [-1.5857028060153873, -15.377518382093672, 1.391835475044278]
other derivatives =  [-2.98827263  0.47027424  2.69510565 -1.31215893 -1.98071466  0.46040565
 -0.        ]
Current x_clock array =  [-0.6248332  -0.82789345 -0.50490163  0.21322959 -2.31150245 -1.52276465
  0.33647224  0.42199647  0.         -0.05680562]
log likelihood =  -3482.4170363507883
Lr derivatives =  [-0.41718005209551645, -14.61878543431153, 0.5571349590021288]
other derivatives =  [ 0.94591678  0.03006789 -0.64364076  0.25550617 -0.46356309  0.09441327
 -0.        ]
Current x_clock array =  [-0.62300486 -0.82866575 -0.50698104  0.2370121  -2.29996583 -1.57636434
  0.33647224  0.41896681  0.         -0.05733297]
log likelihood =  -3482.415579479216
Lr derivatives =  [0.22029175047162752, -14.263469730384216, -0.15646024404374792]
other derivatives =  [-0.17755747 -0.04601952  0.47493995  0.10199892  0.10045567  0.0354586
 -0.        ]
Current x_clock array =  [-0.62363823 -0.82880198 -0.50611673  0.23629985 -2.2985422  -1.58293196
  0.33647224  0.42003512  0.         -0.05845832]
log likelihood =  -3482.4152502413203
Lr derivatives =  [0.09836400975821302, -14.296887539436902, -0.048840703790021145]
other derivatives =  [-0.03014065 -0.0055702   0.0742175   0.08099778 -0.00939809  0.02641004
 -0.        ]
Current x_clock array =  [-0.62355222 -0.82876544 -0.50642781  0.23563508 -2.29965142 -1.58708491
  0.33647224  0.42023205  0.         -0.05820952]
log likelihood =  -3482.4151368005637
Lr derivatives =  [0.04536016910819907, -14.287559787349313, -0.0011917397288971898]
other derivatives =  [ 0.03186642  0.01189846 -0.02913976  0.04166668 -0.04073961  0.00929211
 -0.        ]
Current x_clock array =  [-0.62351295 -0.82875483 -0.50651117  0.23494244 -2.3002688  -1.59198912
  0.33647224  0.42032706  0.         -0.05805175]
log likelihood =  -3482.4150921637774
Lr derivatives =  [-0.020904783676923167, -14.332175567923173, -0.0692588792355453]
other derivatives =  [-0.02951674 -0.03289733 -0.02017032  0.01589569 -0.04003865  0.00023235
 -0.        ]
Current x_clock array =  [-0.62353574 -0.82878514 -0.5065119   0.23460221 -2.29967498 -1.59312938
  0.33647224  0.41974635  0.         -0.0580906 ]
log likelihood =  -3482.415089732114
Lr derivatives =  [0.05602596852167885, -14.27102988899133, 0.07753577099991915]
other derivatives =  [ 0.03168361  0.02991101  0.03394507 -0.01941544  0.04359995 -0.00415508
 -0.        ]
Current x_clock array =  [-0.62350472 -0.82869174 -0.50647776  0.23427052 -2.29899047 -1.59338941
  0.33647224  0.4194196   0.         -0.05788022]
      fun: 3482.415089732114
 hess_inv: <10x10 LbfgsInvHessProduct with dtype=float64>
      jac: array([ 3.16836122e-02,  2.99110070e-02,  3.39450708e-02, -1.94154381e-02,
        4.35999483e-02, -4.15508390e-03, -0.00000000e+00,  5.60259685e-02,
       -1.42710299e+01,  7.75357710e-02])
  message: 'CONVERGENCE: REL_REDUCTION_OF_F_<=_FACTR*EPSMCH'
     nfev: 23
      nit: 20
     njev: 23
   status: 0
  success: True
        x: array([-0.62350472, -0.82869174, -0.50647776,  0.23427052, -2.29899047,
       -1.59338941,  0.33647224,  0.4194196 ,  0.        , -0.05788022])
