number of sites to be analyzed:  134
log likelihood =  -1758.3837471570914
Lr derivatives =  [-53.86908983120899, -130.14772953627715, -104.04516297153401]
other derivatives =  [ 20.84077278 -26.59357096  16.75592853 -23.05358271  86.91669973
  -0.        ]
Current x_clock array =  [-0.62210004 -0.67024192 -0.68779098  0.18232156 -0.10536052  0.33647224
 -0.51082562 -0.51082562 -0.51082562]
log likelihood =  -1702.773660169283
Lr derivatives =  [50.08470311259507, -71.16889984682894, -71.91619675670657]
other derivatives =  [-91.92873017 -11.78246703 -46.01206933  -7.26627468  62.95884577
  -0.        ]
Current x_clock array =  [-0.81474123 -0.66450873 -0.84267402  0.39541681 -0.90877301  0.33647224
 -0.01288794 -0.50610382 -0.50610382]
log likelihood =  -1649.6800691145957
Lr derivatives =  [90.25737753085978, -15.290160044219107, -11.944637748478641]
other derivatives =  [ 76.4388783   23.83555375 -28.53523938  -0.49853338  43.42622304
  -0.        ]
Current x_clock array =  [-0.57856745 -0.62585363 -0.74526098  0.49530385 -1.40324381  0.33647224
 -0.00176764 -0.28069947 -0.27577273]
log likelihood =  -1619.382152041724
Lr derivatives =  [39.7008269934083, -24.982860716547634, 21.996418913656818]
other derivatives =  [21.65576689  4.9245823  16.78546641  9.35692424 13.71678327 -0.        ]
Current x_clock array =  [-0.62965431 -0.66033584 -0.62690703  0.55517336 -1.79155085  0.33647224
 -0.19907943 -0.12088712 -0.12086633]
log likelihood =  -1609.7495479081217
Lr derivatives =  [-3.403248560119369, -42.26835630122169, 11.329179542678176]
other derivatives =  [ 0.83946543 -4.52621202  4.75996126 12.31767828 -5.8545445  -0.        ]
Current x_clock array =  [-0.64384166 -0.66793218 -0.66123724  0.52639137 -1.94733499  0.33647224
 -0.42070658  0.         -0.13354802]
log likelihood =  -1608.6526136088623
Lr derivatives =  [-3.968429028758546, -44.62103782866069, -1.6943768792544134]
other derivatives =  [-3.64757057 -0.43998489  2.10257076  8.54671953 -0.60719132 -0.        ]
Current x_clock array =  [-0.65157355 -0.65303302 -0.67301941  0.46740801 -1.84786591  0.33647224
 -0.44187153  0.         -0.17066939]
log likelihood =  -1608.2457315573297
Lr derivatives =  [-1.3491484865242214, -42.96186144493281, 0.36693807266834]
other derivatives =  [ 0.15307364 -1.75956325 -1.86338593  4.56086309  2.70536144 -0.        ]
Current x_clock array =  [-0.6482835  -0.65551578 -0.6860898   0.39894987 -1.80820488  0.33647224
 -0.44467279  0.         -0.16629812]
log likelihood =  -1607.975156216992
Lr derivatives =  [0.7592433420047087, -42.04066037573381, -2.6170797275136515]
other derivatives =  [ 1.9107456   4.1231765   0.81233338  0.79992583  1.93785099 -0.        ]
Current x_clock array =  [-0.64879387 -0.64242193 -0.67865651  0.32034696 -1.8421981   0.33647224
 -0.42992532  0.         -0.17614863]
log likelihood =  -1607.9054888349217
Lr derivatives =  [0.6222806252837287, -41.74976256103627, -1.50621580989624]
other derivatives =  [ 1.30182207 -2.50609833 -0.12845703 -0.33552874  0.59949121 -0.        ]
Current x_clock array =  [-0.64993878 -0.65965625 -0.68060419  0.29057828 -1.8761812   0.33647224
 -0.42196519  0.         -0.1716271 ]
log likelihood =  -1607.8889059441344
Lr derivatives =  [0.21500132725751442, -41.70918231200463, 0.23298016547332168]
other derivatives =  [-0.30745082  0.09748283 -0.20505922 -0.0672585   0.0871915  -0.        ]
Current x_clock array =  [-0.65193925 -0.6530272  -0.68070533  0.29285474 -1.8825454   0.33647224
 -0.42464462  0.         -0.16566474]
log likelihood =  -1607.888566402408
Lr derivatives =  [0.02614003262355169, -41.85054603279752, 0.016245127889355615]
other derivatives =  [ 0.0135135   0.01168223  0.00322507 -0.0066193   0.01270619 -0.        ]
Current x_clock array =  [-0.65144073 -0.65319764 -0.68019271  0.29417939 -1.88298948  0.33647224
 -0.42521266  0.         -0.1661914 ]
log likelihood =  -1607.888563947804
Lr derivatives =  [0.0019293528742885258, -41.86631312302352, -0.00027191702218587466]
other derivatives =  [ 0.00048408  0.00034879  0.00115642  0.00027399  0.000447   -0.        ]
Current x_clock array =  [-0.65144846 -0.65321849 -0.68020262  0.29428027 -1.88309883  0.33647224
 -0.42528058  0.         -0.16622407]
      fun: 1607.888563947804
 hess_inv: <9x9 LbfgsInvHessProduct with dtype=float64>
      jac: array([ 4.84078555e-04,  3.48791218e-04,  1.15642251e-03,  2.73985279e-04,
        4.46995843e-04, -0.00000000e+00,  1.92935287e-03, -4.18663131e+01,
       -2.71917022e-04])
  message: 'CONVERGENCE: REL_REDUCTION_OF_F_<=_FACTR*EPSMCH'
     nfev: 12
      nit: 11
     njev: 12
   status: 0
  success: True
        x: array([-0.65144846, -0.65321849, -0.68020262,  0.29428027, -1.88309883,
        0.33647224, -0.42528058,  0.        , -0.16622407])
