number of sites to be analyzed:  296
log likelihood =  -10674.346634836013
Edge derivatives =  [127.6256841097481, 45.3960437608463, 89.094933407802, 60.198660381589946, -44.39127131922447, -45.17683396877042, 121.01848497203062, 122.61441868920788, 26.694819780557825, 12.087305292876152, -33.466238552302954, -11.575882047818977, 1.728187561918038, 60.95070862652617, 53.46030722871211, 80.98471095718337]
other derivatives: [ -15.50138768   37.81342821  -37.88116373  117.64178453 -288.60434759
  -74.46015479 -150.30872601]
Current x array =  [-0.57354045 -0.62862335 -0.63521336  0.18232156 -0.10536052 -0.22314355
  0.33647224 -2.30258509 -2.30258509 -2.30258509 -2.30258509 -2.30258509
 -2.30258509 -2.30258509 -2.30258509 -2.30258509 -2.30258509 -2.30258509
 -2.30258509 -2.30258509 -2.30258509 -2.30258509 -2.30258509]
log likelihood =  -10163.485214975919
Edge derivatives =  [116.84394252961678, 53.43855521298453, 107.82455104879708, 77.2034111852005, -19.060145107319798, -17.79023639847833, 139.6848694051042, 141.84944939345866, 47.21514348851328, 31.051185431655412, -8.578280330875263, 12.11135536588283, 20.45927990373417, 84.40817577216224, 72.3654041311668, 100.51993005988271]
other derivatives: [  77.43103379   50.43702004   -9.04279841   94.1144117  -152.65085858
  -21.50921864  -42.97906526]
Current x array =  [-0.61811707 -0.62695943 -0.74414645  0.2105538  -0.93528654 -0.43726514
 -0.09576354 -2.28446104 -2.17204181 -2.28446104 -2.28446104 -2.430239
 -2.432498   -2.28446104 -2.28446104 -2.28446104 -2.28446104 -2.39882239
 -2.33587332 -2.29761542 -2.28446104 -2.28446104 -2.28446104]
log likelihood =  -11186.761721172265
Edge derivatives =  [91.85191349034324, 44.361247292438804, 97.13074107589111, 56.996608120208315, -7.913082911670136, -1.941845433762008, 109.39279793208173, 112.2737693740536, 38.64930913150274, 36.04770609597049, 2.6084079801190154, 34.59194148053886, 22.322453248757867, 69.13240885252677, 57.7639467200443, 86.32757001055963]
other derivatives: [-7.40085989e+03  3.61308339e+01  7.09774067e+01 -1.72122365e+02
  1.58536510e+02  4.90055027e+00  6.80127960e+00]
Current x array =  [-0.07419564 -0.39056176 -0.86984937  0.52671591 -2.50760156 -0.71175427
 -0.64662798 -1.85581857 -1.70878019 -1.78269244 -1.90291927 -2.63965018
 -2.63382099 -1.66431772 -1.65420384 -2.00184275 -2.06764226 -2.51420012
 -2.26513237 -2.14477333 -1.85276823 -1.91405833 -1.8069719 ]
log likelihood =  -9918.19308040825
Edge derivatives =  [106.9430441599094, 51.71784453198809, 105.6588419990121, 72.74769740748566, -15.490099273854458, -12.953336151309724, 131.67064187101343, 134.03807966753095, 45.45141750804264, 30.937404323954947, -4.541903970009472, 16.10835104164749, 20.243641409352218, 80.78481668076589, 68.41197138428562, 95.43085160848703]
other derivatives: [-190.2917611    41.21680286    0.22343193   43.80814789  -73.46375512
  -14.11688027  -34.05479401]
Current x array =  [-0.47006351 -0.56261279 -0.77836236  0.29661204 -1.36326532 -0.51198014
 -0.24570696 -2.16778603 -2.04594358 -2.14788134 -2.18060667 -2.48724001
 -2.48729743 -2.11566015 -2.11290718 -2.20753331 -2.22544371 -2.43022781
 -2.31661787 -2.25601233 -2.16695573 -2.18363869 -2.15449013]
log likelihood =  -9673.78453557788
Edge derivatives =  [61.51976197856174, 31.485503295279084, 75.64011275204754, 40.476120861353245, -10.163590861694665, -6.248707427165049, 69.08052963739917, 79.08663914879692, 28.42671115261237, 17.323751312419443, -0.49814160664228313, 17.51735514995268, 7.746957468637339, 49.68527784223751, 38.13454110960076, 56.73754923284304]
other derivatives: [  57.7631472  -464.93806803   68.58981214  -45.5801528   175.66713638
    3.48374306  -20.04039197]
Current x array =  [-0.5715129  -0.29409186 -0.8732071   0.57211962 -2.78011862 -0.76066069
 -0.76068206 -1.63886892 -1.54074041 -1.53096128 -1.72487423 -2.69131974
 -2.67784398 -1.36095162 -1.34502347 -1.87645674 -1.9738779  -2.53066436
 -2.21478766 -2.07919581 -1.64991941 -1.74285351 -1.57812028]
log likelihood =  -9496.69295642891
Edge derivatives =  [58.49173790078411, 28.455029799566134, 70.51192651146502, 35.553929665999256, -2.077174261150057, -0.31243780445757646, 43.42931797379547, 46.570589592524975, 31.823938083240563, 32.64055668061424, 5.119710343281121, 21.973615367569796, 9.161069803089768, 44.800060239234085, 33.32026787849963, 34.564385437719885]
other derivatives: [-97.06461424 130.27892419  63.07338845 -57.06762568 201.34734722
   4.58548129 -25.57461932]
Current x array =  [-0.52347435 -0.93926781 -0.79159036  0.70399427 -3.12852853 -0.86213019
 -1.01963203 -1.17634758 -1.23402193 -1.02239785 -1.38131372 -2.8025637
 -2.77487073 -0.77059754 -0.72924771 -1.64128426 -1.80940332 -2.57388797
 -2.12693468 -1.97311178 -1.25751728 -1.41561829 -1.12917898]
log likelihood =  -9300.19131980726
Edge derivatives =  [40.120474546735856, 18.478217374954085, 42.65502645942668, 17.400631968272116, -3.5859605158204824, -2.395745371446489, 3.7044838402435443, 3.870646022644567, 20.357134790012964, 25.59218945297456, 1.2975453387832547, 15.920409707429599, 1.3640292265792038, 17.522003599398914, 13.083891057079063, 0.22552025024046504]
other derivatives: [-181.01255591  147.25472101   17.22192064  -44.6413178   133.65399671
   -6.02316686  -46.53238623]
Current x array =  [-0.49893341 -0.96954702 -0.64948764  0.74605049 -2.77447653 -0.82746749
 -1.01174211 -0.86886935 -1.1197428  -0.70179905 -1.18103159 -2.80720683
 -2.7716184  -0.43537918 -0.37997011 -1.50406137 -1.70566483 -2.55350316
 -2.05478025 -1.92059272 -1.02633275 -1.22772614 -0.87991092]
log likelihood =  -9163.163407598873
Edge derivatives =  [-9.237078212663377, 0.5951712206401023, -20.32297067827637, -13.355136534027778, -6.03506609524586, -5.848291090851354, -50.76452772665052, -55.22977193653322, 3.0001194449656774, 9.16291249218871, -3.5659218594262905, 5.667874948882431, -5.962125096749103, -13.341463103367872, -9.166415959107397, -22.28471894141025]
other derivatives: [ 93.57862291 122.74618712 -23.71095979  -3.10223913 -52.36318591
  -9.21448373 -52.53871187]
Current x array =  [-0.69157624 -0.87844835 -0.58417142  0.71795298 -1.8998222  -0.77827475
 -1.09977158 -0.5209106  -1.04823816 -0.37972747 -1.02266664 -2.7844235
 -2.73952925 -0.3052863  -0.24242398 -1.3622094  -1.5609997  -2.51298951
 -1.94662715 -1.91020166 -0.88066185 -1.10707892 -0.81214527]
log likelihood =  -9100.594200302487
Edge derivatives =  [2.717330578528812, 5.655125747296653, -1.159713421767374, -3.1298006980601296, -5.869165481846428, -5.156522841402282, -19.805214126244053, -20.915706527224607, 8.107566531480986, 10.331715439554374, -1.7280620591166713, 8.744309010578725, -1.5850406029784798, 2.3789521029967173, 2.0922446830831993, -0.7014169434006954]
other derivatives: [ 22.01869211  40.06418749   8.09666562  -1.22622441 -18.6371403
  -3.7922764  -37.27830895]
Current x array =  [-0.6252747  -0.73867829 -0.6286027   0.64046121 -1.95370377 -0.79106909
 -1.16884686 -0.65598922 -1.09808554 -0.53002708 -1.12390334 -2.78604396
 -2.74288075 -0.51859245 -0.46553077 -1.41111962 -1.58632274 -2.52025166
 -1.96013351 -1.94189179 -0.98861049 -1.19518534 -0.94165517]
log likelihood =  -9083.232950367203
Edge derivatives =  [2.5195125763549715, 6.692314531206044, 3.2358986968100636, 0.8886319959393412, -5.0991818152704615, -4.189045861471059, -4.2886473832257765, -3.790930877251614, 7.797875305313671, 8.803038420553944, -0.6616354250735385, 9.26009375980199, -0.3283708456319627, 5.084441875827008, 4.324035872779683, 4.4135916730093]
other derivatives: [-22.70283039 -17.53250763 -14.63822264  -0.72674629   6.20326861
   1.92520929 -21.76904377]
Current x array =  [-0.5955238  -0.66791872 -0.60114978  0.60341789 -2.06760525 -0.8247229
 -1.35058066 -0.65295584 -1.05272484 -0.52722135 -1.13157143 -2.82178751
 -2.77510628 -0.59338147 -0.54300131 -1.3738663  -1.5400862  -2.53505499
 -1.92496622 -1.94288905 -0.97499599 -1.18385486 -0.94385616]
log likelihood =  -9076.211690278578
Edge derivatives =  [-2.6624025761361594, 5.286402418907422, 0.617815723238932, 0.9445204928097924, -4.6598038798494645, -3.5881134784916076, 0.8870392120685584, 2.1061105351014, 5.148385552450527, 5.520389487435014, -0.48517872064011097, 8.108517713457541, -0.4255768628721168, 2.852033204880276, 2.6248662562251286, 3.7149635783331725]
other derivatives: [ -5.40208202 -28.97444392  11.53043922  -0.85395004  14.31269284
   5.10686368 -13.04467689]
Current x array =  [-0.60630316 -0.6601414  -0.63036296  0.59038605 -2.12187043 -0.84580141
 -1.51766291 -0.61009715 -0.98991785 -0.47945975 -1.10800624 -2.85856529
 -2.80718054 -0.60837983 -0.55743478 -1.31751245 -1.47907447 -2.54643458
 -1.87718536 -1.93665058 -0.93134391 -1.14667667 -0.91365816]
log likelihood =  -9069.940383992145
Edge derivatives =  [-9.829646647415917, 3.338139474660841, -4.984055766628764, -0.4071838756690545, -4.0413728068185355, -3.0778044317121465, 4.596079658009653, 5.268448524389696, 0.25662753686522743, 0.8171031626034583, -0.41148315612324715, 4.928628587543638, -0.9085466482703793, -0.8008300433725573, -0.3622417357673072, 0.9216424196770405]
other derivatives: [ 11.39269625 -18.29489884 -15.94895184   2.68905751   9.01604691
   7.61777846  -5.0103051 ]
Current x array =  [-0.6195415  -0.67786789 -0.59417467  0.58082922 -2.12459762 -0.84946964
 -1.750927   -0.56059994 -0.89914452 -0.41548898 -1.07079985 -2.91504914
 -2.8542763  -0.61375784 -0.55874928 -1.23305369 -1.38802332 -2.55989542
 -1.79313933 -1.93090632 -0.87062662 -1.09296915 -0.86775396]
log likelihood =  -9066.978387835166
Edge derivatives =  [-13.315415211026243, 1.5885324185610623, -7.88889467365259, -2.122836294515689, -3.975820935127377, -2.9136537942482157, 2.1785931057461037, 1.8928407841698198, -3.307953136628633, -3.204488429801291, -0.8823516778073888, 1.7672918129387787, -1.217502100125368, -3.77299715286588, -3.1909102578774915, -2.3635217584197377]
other derivatives: [-4.02098522 -3.71612987 17.75389683  2.10451253 -1.35455376  7.93359504
 -2.29854056]
Current x array =  [-0.61075581 -0.69766077 -0.63210728  0.58842567 -2.08574814 -0.81680392
 -1.88745171 -0.58076521 -0.84313014 -0.40899676 -1.05613387 -2.95952174
 -2.88994883 -0.59768551 -0.53865727 -1.19276429 -1.34127821 -2.56774412
 -1.73112924 -1.93318873 -0.84659618 -1.07018115 -0.84350187]
log likelihood =  -9064.993244177302
Edge derivatives =  [-10.259152602082528, 2.31870503266322, -4.226793267592712, -0.9376253558381572, -3.6371250812496667, -2.62256183811224, 2.9471466525769223, 1.8316052285011026, -2.9936346054998837, -3.0644506965491813, -0.7470682171636074, 0.4576890305896756, -0.5010983593657691, -1.6517245556715863, -1.8988582409669368, -1.2620469229285274]
other derivatives: [-1.79327071 10.56928886 13.01221346  0.99437966 -3.43662564  7.77431706
 -1.46028166]
Current x array =  [-0.61159582 -0.7131276  -0.62759209  0.59736775 -2.06349539 -0.77792955
 -1.93965275 -0.64116161 -0.82649417 -0.44576142 -1.06721183 -2.98542257
 -2.90998939 -0.59917985 -0.53911416 -1.19261228 -1.3362447  -2.57208561
 -1.70302929 -1.94104031 -0.85806776 -1.0786268  -0.84954602]
log likelihood =  -9062.10694589986
Edge derivatives =  [-3.6603237082033595, 3.3937840938879176, 2.8172689398496717, 1.1062173878077097, -2.8843019701248074, -1.930919583666945, 2.327911621442192, -0.2479107511522463, -2.507046839609045, -2.9749356236254507, -0.525284038361, -2.9047591946004774, 0.7173107753409403, 0.9673383283834203, -0.04281772971698894, 0.013472577471158542]
other derivatives: [-19.6087185   15.28309622  -3.89300658  -1.33286085  -6.6811776
   7.27269617   0.14465248]
Current x array =  [-0.60044388 -0.71698498 -0.60958412  0.61457844 -2.02930957 -0.66801672
 -2.07581301 -0.79061704 -0.76867981 -0.51730086 -1.08459401 -3.05906866
 -2.96660208 -0.5844106  -0.52762679 -1.19268284 -1.32661946 -2.58520954
 -1.63709885 -1.95595769 -0.87321211 -1.09214099 -0.85622321]
log likelihood =  -9061.399974259468
Edge derivatives =  [3.008179429454602, 4.107025499582218, 10.30332770508467, 4.282811180520754, -1.7980867978169865, -0.8843824275063685, 2.6188444825656036, 0.17447931877256762, -0.5019666638207443, -1.2531536622509962, 0.05076973186692113, -4.885710841439867, 1.791507776408055, 3.2916253274546894, 2.1012459552218794, 0.9535233290990903]
other derivatives: [34.23129601 21.98003131  2.18907007 -4.63255128  6.95196348  7.25709833
  1.4296539 ]
Current x array =  [-0.63321827 -0.72477277 -0.61553161  0.62285068 -2.08256176 -0.56146184
 -2.21921954 -0.91910081 -0.69000986 -0.55401036 -1.08520784 -3.14128338
 -3.03046799 -0.55138495 -0.50504729 -1.1893109  -1.31916979 -2.60347051
 -1.58773094 -1.96082853 -0.86807765 -1.09046207 -0.84240101]
log likelihood =  -9059.626349229828
Edge derivatives =  [1.2550356249129282, 3.007217372641062, 7.095686199288849, 2.5983532084146725, -1.9773410559294915, -1.0376845974991373, 0.09507805915850204, -2.177351492105331, -1.448757140349612, -2.127188782170435, -0.1886610237761229, -5.0679512996653795, 1.3320281729516927, 1.2013803213649057, 0.7021501324397144, -0.373216173252264]
other derivatives: [ 8.50493961  6.37953417 -1.82735675 -3.17168087  0.71848621  6.99676093
  1.20205879]
Current x array =  [-0.61770226 -0.70594166 -0.61107558  0.61974568 -2.06003175 -0.55142655
 -2.21862877 -0.91178141 -0.68456652 -0.53930206 -1.07824243 -3.14314242
 -3.03101572 -0.54456709 -0.50069871 -1.18819108 -1.31886644 -2.60264759
 -1.5899416  -1.95923321 -0.86271365 -1.08677986 -0.84057029]
log likelihood =  -9058.94436385669
Edge derivatives =  [0.9803294807149721, 2.13773789876212, 5.154737953203445, 1.6838041467505573, -1.910020149663624, -0.9534469795205897, -1.9320326406854471, -3.622396730483516, -1.282317789004709, -1.8033746813274858, -0.22354720367883943, -4.645358882206591, 1.0962493711694616, -0.13967610780463735, 0.06671454071901017, -1.0315022084514505]
other derivatives: [-2.92467121 -5.90140007 -1.74858906 -2.08737947 -0.52360827  6.68593748
  0.95413068]
Current x array =  [-0.6110397  -0.69200066 -0.6112135   0.61441488 -2.05913922 -0.52060716
 -2.22517342 -0.92363202 -0.66870697 -0.52527426 -1.07053061 -3.15644019
 -3.03992706 -0.53290433 -0.49601214 -1.19310861 -1.3256574  -2.60472524
 -1.59688101 -1.95655745 -0.85815601 -1.08465715 -0.83856786]
log likelihood =  -9058.220895135506
Edge derivatives =  [1.3201501964935103, 1.0792469273526395, 3.1110735148681607, 0.9885877462794573, -1.6685064906755318, -0.7079331363109673, -3.575240719924324, -4.362503310302431, -0.5240730630636221, -0.7078021166083186, -0.12193927442728311, -3.6831574519386403, 0.9128873325757161, -1.2680631745782347, -0.27289139265339946, -1.3589065752307927]
other derivatives: [ -9.15511737 -12.57637814  -1.20814366  -0.70061651   0.03860566
   6.2494928    0.65015359]
Current x array =  [-0.6073055  -0.68509316 -0.61182831  0.60581402 -2.06801948 -0.467495
 -2.24030326 -0.94563883 -0.64145184 -0.5042307  -1.05911267 -3.18068961
 -3.0563691  -0.51935802 -0.49394693 -1.20093049 -1.3363718  -2.6090184
 -1.60922342 -1.9518779  -0.85265172 -1.08194536 -0.83630452]
log likelihood =  -9056.82110192545
Edge derivatives =  [2.051505984725427, -1.0359969913625924, -0.7383607256105779, -0.025631461326078298, -1.1512444802073472, -0.20035777185666334, -4.83983074511383, -4.101371628531278, 0.8406246986700112, 1.3283192097203047, 0.1596748227000624, -1.6566548014143272, 0.633489525133353, -2.379478564805348, -0.5152093978601917, -1.2668901104490229]
other derivatives: [-12.06326124 -11.92385389  -0.77509503   1.84297278  -0.04238629
   5.29554563   0.02573205]
Current x array =  [-0.60538809 -0.68652909 -0.61242494  0.5916515  -2.0769365  -0.35297108
 -2.27316687 -0.98517252 -0.58947685 -0.46409518 -1.03733515 -3.23048386
 -3.08910652 -0.50663687 -0.50215559 -1.2133158  -1.35287544 -2.61698122
 -1.63539236 -1.94192697 -0.8475127  -1.07792452 -0.83603245]
log likelihood =  -9055.016791721655
Edge derivatives =  [2.479829356930561, -3.882576826434424, -4.479418786104714, -1.3826913663017981, -0.6682480123673052, 0.27231886768395347, -2.862639090091952, -1.1211295233699548, 0.33413962152545573, 0.7851482094144417, 0.340089997643936, 0.37736966169912567, -0.119105420649251, -1.6145570783517391, -1.0710911197154622, -0.8654622790284934]
other derivatives: [ -4.11135807 -14.65808418   1.87198202   1.0251224   -4.18960189
   3.45482295  -1.24804768]
Current x array =  [-0.611006   -0.68235264 -0.61527462  0.60282895 -2.05405864 -0.15011351
 -2.32123912 -1.01558811 -0.54288823 -0.43836514 -1.01130083 -3.30389233
 -3.13069026 -0.52961913 -0.53738087 -1.2118915  -1.34696539 -2.62213665
 -1.66800496 -1.92505455 -0.86319938 -1.07596696 -0.84402645]
log likelihood =  -9055.578516695421
Edge derivatives =  [6.816030103346517, -4.050641980327586, -0.34266934417570627, 0.774457752474718, 0.09141063730475887, 1.04089162985831, 5.309534831168576, 6.8661244609621646, 1.0722215371758081, 1.5591554799642477, 1.032058156977407, 3.4007769523633, -0.6007936632171667, 1.8526414088404948, 0.3485665807659497, 0.8885486208461644]
other derivatives: [-36.19295421  19.69823097  -9.89321779  -4.13472117  10.48943323
   0.58776641  -3.22754911]
Current x array =  [-0.5888932  -0.72531207 -0.60174916  0.61845124 -2.12470639  0.15480988
 -2.42906488 -1.04786004 -0.49694132 -0.44108345 -0.98462222 -3.42266282
 -3.19657035 -0.56604948 -0.57903922 -1.20461681 -1.33087646 -2.63121398
 -1.70193384 -1.90095322 -0.8820353  -1.07483792 -0.84759379]
log likelihood =  -9054.130416974947
Edge derivatives =  [4.2164952626853935, -3.931973857321575, -2.78714748034682, -0.5055134383587433, -0.344972431598582, 0.5908846780607174, 0.43846212104104015, 2.1102266343240803, 0.6565136116599839, 1.1126748786471823, 0.6214593963034037, 1.5958719181699241, -0.28992874954311154, -0.17412184408827436, -0.47267438527324485, -0.12164273286149585]
other derivatives: [-16.22119089  -0.65145832  -2.70766213  -1.02753984   1.59562441
   2.45716728  -1.87975674]
Current x array =  [-0.60235286 -0.69916345 -0.60998186  0.60894224 -2.0817044  -0.03079142
 -2.36343331 -1.02821671 -0.52490837 -0.43942887 -1.000861   -3.35036939
 -3.15647034 -0.54387499 -0.55368255 -1.20904478 -1.3406695  -2.62568877
 -1.68128195 -1.91562326 -0.87057022 -1.07552514 -0.84542242]
log likelihood =  -9053.480026518555
Edge derivatives =  [3.8004072413940353, -4.115103587971591, -2.2940409810875435, -0.6885748114989481, -0.3054525365886928, 0.6193676211903888, 2.11598517664676, 3.3716506453830033, -0.5847087956920796, -0.5889875746113503, 0.5869381198168648, 1.3380442217921305, -0.5906692331260258, 0.5396764701207134, -0.6673338667997346, -0.18033845378794333]
other derivatives: [-1.78108894  2.58563159 -0.77200093 -2.08773781  0.37267688  2.06257573
 -2.01211729]
Current x array =  [-0.61156447 -0.70251536 -0.61168628  0.61760829 -2.0727516   0.0347368
 -2.39650179 -1.00989784 -0.52862233 -0.44741499 -0.99498247 -3.37311044
 -3.16611013 -0.56010738 -0.56166177 -1.19498305 -1.32098844 -2.62430277
 -1.67832616 -1.91061048 -0.87598587 -1.07302526 -0.84520441]
log likelihood =  -9053.081246294385
Edge derivatives =  [3.138186042042012, -3.62341089659118, -0.8936405188343276, -0.7247948724763094, -0.3205937084472276, 0.5839923733480195, 3.205358549950526, 3.7831427699490567, -1.7881947797766453, -2.290010543075035, 0.5201799964857537, 0.7316947760186758, -0.786668686185768, 1.058315043364317, -0.7191916860065968, -0.2807561052254297]
other derivatives: [ 6.72893839  5.7516063  -0.01882654 -2.69490192 -0.09512282  1.92928565
 -1.89153489]
Current x array =  [-0.61714622 -0.70623255 -0.6121693   0.62244164 -2.06938337  0.08628609
 -2.43083952 -0.977984   -0.54619413 -0.46340828 -0.9928989  -3.38991818
 -3.17054359 -0.57175221 -0.56037725 -1.18078262 -1.30132991 -2.62113619
 -1.66931303 -1.90797895 -0.87872238 -1.07153099 -0.84402275]
log likelihood =  -9052.49263065857
Edge derivatives =  [2.1560464064718574, -2.945929573945985, 0.6042134118152978, -0.9946133318498551, -0.26765961512321707, 0.6075151180766537, 3.377422192417808, 3.2245361401501733, -2.7137489496016904, -3.657244441948513, 0.4654502062304432, 0.20880350369734357, -1.0021319554397832, 1.2032195295453114, -0.6570874091607883, -0.31137443678872234]
other derivatives: [11.5938019   6.82055179  0.1207427  -2.26755583 -0.22576665  1.46181264
 -1.97898052]
Current x array =  [-0.62045037 -0.70774616 -0.61209246  0.62110851 -2.0709893   0.17726782
 -2.48335308 -0.9320855  -0.57285481 -0.48169906 -0.98936521 -3.41990752
 -3.1790784  -0.57833176 -0.55115856 -1.16922569 -1.28466762 -2.61662432
 -1.66086316 -1.90486228 -0.87979815 -1.07132809 -0.84350473]
log likelihood =  -9051.43430403638
Edge derivatives =  [0.15992832813141156, -1.7987432355196842, 2.076328456165888, -1.6417284012828555, -0.02765068825860567, 0.8122039781674927, 1.9957177318178216, 0.9812882182155679, -2.5694871217314517, -3.666690315389469, 0.4177829354043011, -0.14056916475449965, -1.0706873339282619, 0.8608707662913939, -0.2639344673694935, -0.005085539238283199]
other derivatives: [ 1.20549175e+01  5.57205749e+00  4.70799750e+00 -6.82764949e-01
  3.58730376e-05  1.58381226e-01 -2.52770575e+00]
Current x array =  [-0.62077546 -0.706741   -0.61752282  0.61278539 -2.07895876  0.37693929
 -2.59218102 -0.84578281 -0.63021537 -0.50329506 -0.98789513 -3.48528401
 -3.19596723 -0.57818839 -0.52809624 -1.16812431 -1.28092388 -2.60678761
 -1.65342711 -1.90320532 -0.88008274 -1.07532424 -0.84619744]
log likelihood =  -9056.127165465772
Edge derivatives =  [-2.08955704854322, 0.6318878222144533, 1.7832088743778267, -1.7816463667562474, 0.5778184291274322, 1.2034908382441691, 0.12630037612684047, -1.604176022427469, 0.04516190603006509, 0.5110226080241509, 0.5618697636654166, -0.3336583131314036, -0.42902243949827124, 0.8642736662395373, 1.0679907398460098, 0.3889764480477951]
other derivatives: [ 26.11393938  -6.54554606 -71.67069998   3.63773324  -2.30448868
  -1.22330312  -2.78559894]
Current x array =  [-0.6314487  -0.69151296 -0.53965778  0.60610357 -2.07719665  0.66111991
 -2.7771635  -0.73727064 -0.72294135 -0.50458423 -1.00761922 -3.57883923
 -3.20996545 -0.57100936 -0.50463796 -1.18775613 -1.30706165 -2.58822412
 -1.64617752 -1.91143471 -0.87834236 -1.08141588 -0.84799613]
log likelihood =  -9051.328503217916
Edge derivatives =  [0.04621578985375552, -1.6100231555138218, 2.0935342508237267, -1.6273481657999973, 0.015892909614553023, 0.8403449242238643, 1.9102694981235318, 0.8583099657923396, -2.38057910741746, -3.385395407795241, 0.43284502934578556, -0.13922185905114015, -1.019227846848791, 0.8925111413122344, -0.1549225662359024, 0.051133645151263646]
other derivatives: [12.91848821  4.8464608   0.50913877 -0.4090507  -0.12602429  0.07752897
 -2.52877253]
Current x array =  [-0.62144324 -0.70578824 -0.61265111  0.61236733 -2.07884851  0.39471938
 -2.60375466 -0.83899362 -0.63601688 -0.50337572 -0.98912919 -3.4911374
 -3.19684304 -0.57773923 -0.52662855 -1.1693526  -1.28255922 -2.60562616
 -1.65297353 -1.9037202  -0.87997385 -1.07570537 -0.84630997]
log likelihood =  -9050.768807359269
Edge derivatives =  [-1.408307314084919, -0.6358474595219173, 2.1010211000605654, -1.870037253837895, 0.23685256617459824, 1.0298062903971517, 0.13311376745365117, -1.1911071280079633, -0.9682060666280827, -1.4730364819234758, 0.4121362869653201, -0.1704001275046959, -0.6835955916342947, 0.340308150598285, 0.26064273254683723, 0.2904546810165709]
other derivatives: [ 4.76831156  0.94340976 -2.48242759  1.0148251  -0.33333737 -0.62277832
 -2.70629772]
Current x array =  [-0.61631191 -0.70146193 -0.6096613   0.60565621 -2.08369623  0.52609526
 -2.68621199 -0.78226299 -0.68462306 -0.50663712 -0.99863651 -3.5332441
 -3.20216234 -0.56940968 -0.50922853 -1.18253064 -1.29963141 -2.59650065
 -1.64994532 -1.9084982  -0.87781539 -1.08030702 -0.84860299]
log likelihood =  -9050.552089075645
Edge derivatives =  [-1.5260141996376935, -0.11603296964705576, 1.5286685976600864, -1.517482706412673, 0.3430208867534861, 1.1245082745246504, -0.13048977426366848, -1.0495036127449398, 0.13644130380651098, -0.0039300464354465325, 0.399908804947668, 0.00416506986291032, -0.32368252018592936, 0.17946250104615258, 0.3837732024492485, 0.3282531136339176]
other derivatives: [ 0.5551683  -1.35151458 -1.88297781  0.66405846  0.50351012 -0.51647112
 -2.38256261]
Current x array =  [-0.61356452 -0.69877637 -0.61057254  0.60685266 -2.08778216  0.56421375
 -2.72369881 -0.77414619 -0.70182552 -0.49728078 -1.01066438 -3.54569919
 -3.19943427 -0.5651089  -0.50931159 -1.19268906 -1.31382575 -2.59208039
 -1.65058644 -1.91335922 -0.87588076 -1.08114156 -0.84817204]
log likelihood =  -9050.318013498108
Edge derivatives =  [-1.6037897102416632, 0.4536262313490302, -0.028710917461671204, -0.9671900371654657, 0.44340262449491796, 1.1993459671301356, -0.14251873621592448, -0.37728768719000116, 1.1986629788005698, 1.501632701239461, 0.32631280219893716, 0.16878834957946875, 0.12554914555927854, -0.04019035867339871, 0.22772319452454204, 0.06219607314512232]
other derivatives: [-4.56681119 -0.92988375 -0.95848191 -0.02103843  0.03546175 -0.16575177
 -1.74714134]
Current x array =  [-0.61037609 -0.69926821 -0.61189946  0.61114263 -2.08506614  0.60932911
 -2.78115869 -0.7744641  -0.71898371 -0.47724855 -1.03079255 -3.56011386
 -3.19185526 -0.56080137 -0.51501295 -1.20209267 -1.32823638 -2.58525217
 -1.65104897 -1.91995418 -0.87271727 -1.07946108 -0.84563596]
log likelihood =  -9050.147302562815
Edge derivatives =  [-1.0209130621651419, 0.9572460273673064, -0.7196471770587143, -0.12789410904589843, 0.5000762567320959, 1.2346389687047736, 0.49313178013431996, 0.8903913517222113, 1.570262134957161, 1.975710523095688, 0.277424084659085, 0.3441786217390239, 0.3710959676639368, 0.05799005178962635, 0.1457229812694114, 0.004400707235499096]
other derivatives: [-2.55537452 -1.83104203  0.22695167 -0.916727    1.33615994  0.08356619
 -1.29336035]
Current x array =  [-0.61155298 -0.69811515 -0.61327112  0.61496399 -2.08924044  0.65424855
 -2.83678505 -0.78500788 -0.72577795 -0.46313907 -1.04839707 -3.57419347
 -3.1843793  -0.55942592 -0.52249178 -1.20319505 -1.33130531 -2.57954819
 -1.65193073 -1.92304033 -0.87080659 -1.07694687 -0.84341471]
log likelihood =  -9049.934602930953
Edge derivatives =  [-1.0643624675320904, 1.4306159239034506, -2.4042840301253743, 0.716596627472248, 0.4262768588773087, 1.0776620810508506, 0.8738991577310167, 1.597974478979009, 0.46302229242201814, 0.7542264687585913, 0.012964449641793191, 0.014642536731901412, 0.4099621381765248, -0.12181561379686401, -0.6086257353463758, -0.6559478633439326]
other derivatives: [-8.38704364  1.41628334  0.38249163 -1.24535836 -1.62665113  0.56124918
 -0.47216284]
Current x array =  [-0.60836256 -0.70227017 -0.61354929  0.61907    -2.07549941  0.74189132
 -2.95122089 -0.79697804 -0.73565092 -0.44545621 -1.07775241 -3.59774109
 -3.16317522 -0.55800184 -0.52930366 -1.18988447 -1.31746678 -2.56650653
 -1.64718315 -1.92564345 -0.86752918 -1.07026525 -0.83891058]
log likelihood =  -9049.796530964686
Edge derivatives =  [-0.6379317828200293, 1.8861763462691044, -2.1782106830375065, 1.4152138179876, 0.4199479921731317, 1.010224544275148, -0.03574331156159177, 0.8856732272843538, 0.3730970282928541, 0.5806060256305221, -0.04454903242865946, -0.08384554333824445, 0.5543596751383773, -0.17512243116605486, -0.32936269599704987, -0.29724191082883256]
other derivatives: [ 5.49948891  0.06138544  2.21258597 -0.11088196 -1.0129934   0.95793803
  0.0411814 ]
Current x array =  [-0.61704505 -0.70043402 -0.61559996  0.61225041 -2.07862821  0.7776692
 -3.01178714 -0.80873109 -0.73823955 -0.44316779 -1.09396473 -3.60359255
 -3.14356817 -0.54654769 -0.52107447 -1.18545342 -1.31367129 -2.55886035
 -1.64453369 -1.92744227 -0.86315193 -1.06964327 -0.838529  ]
log likelihood =  -9049.745914744131
Edge derivatives =  [-0.5620262423890875, 1.753167785742708, -1.4381733793336857, 1.392051475629725, 0.35689562444217204, 0.9341319351850084, 0.08154333383297235, 0.6823367499455324, -0.28717133764347735, -0.3078221330769076, -0.05264174952073708, -0.21028969927274765, 0.3694580627410219, -0.08277159571164527, -0.32572187397464936, -0.23256435617909754]
other derivatives: [ 3.70176349  0.25305599  1.45460399  0.00843102 -0.84806339  0.91799302
 -0.02634088]
Current x array =  [-0.615923   -0.70086033 -0.61466081  0.61108432 -2.07984818  0.7740725
 -3.00869049 -0.81112152 -0.73174795 -0.45123359 -1.08992361 -3.60082047
 -3.14135259 -0.54793916 -0.51876402 -1.17891413 -1.30474474 -2.55930064
 -1.64323251 -1.92483515 -0.86392727 -1.0696293  -0.83908405]
log likelihood =  -9049.640604558612
Edge derivatives =  [-0.08475478723029728, 1.6465438788107543, 0.0008474177921928838, 1.6000452422854898, 0.29114840970560085, 0.8178735726812851, 0.14252145872266153, 0.287791879439874, -0.8706087138226167, -1.11682823790616, -0.05784918751659757, -0.2536420475808123, 0.18498994377298783, 0.08331455182995584, -0.07065064301629687, 0.06537270982738588]
other derivatives: [ 0.79653     1.56488932 -0.06289338  0.09884752  0.54001977  0.86497676
 -0.0495545 ]
Current x array =  [-0.61394569 -0.70282598 -0.61284977  0.60876304 -2.08753393  0.80073401
 -3.03763803 -0.82070261 -0.71811824 -0.46358526 -1.08592313 -3.6027885
 -3.12777614 -0.54625229 -0.51247148 -1.17169229 -1.29529899 -2.55657654
 -1.64224658 -1.920853   -0.86367591 -1.07027963 -0.83993752]
log likelihood =  -9049.516613222595
Edge derivatives =  [0.0038555646165908675, 1.1971342405182583, 0.8208908542335721, 1.4911903246852936, 0.2146524190070437, 0.6472366807254442, -0.1984017423628679, -0.47320092220149784, -1.4824766982948745, -1.9208250170282366, -0.15931648506302867, -0.3568881284768982, -0.05857076879789602, -0.10221196026102275, -0.07994152925860909, 0.027451668883455932]
other derivatives: [-2.71362296 -1.63729419 -0.62870458  0.19671461  0.87755416  0.74684431
 -0.06452651]
Current x array =  [-0.61196051 -0.69949563 -0.61204845  0.60757397 -2.0906806   0.86264825
 -3.0998351  -0.83089657 -0.69949003 -0.47371717 -1.07998131 -3.61148249
 -3.10448807 -0.54363507 -0.50523503 -1.16547404 -1.28772926 -2.5505253
 -1.64127376 -1.91609965 -0.86238661 -1.0699725  -0.83948699]
log likelihood =  -9049.330751721642
Edge derivatives =  [0.0675501917669874, 0.6996623147264822, 1.770748207870255, 1.3431596214090065, 0.2166799425784794, 0.4935402915799047, -0.49705395552449466, -1.317234571724317, -1.3511646831657278, -1.676382565138674, -0.26415845603661864, -0.3323577555614603, -0.17373465208701466, -0.12975158095591666, 0.1858986596541038, 0.13211901085275127]
other derivatives: [-4.17622687  1.22512574 -2.71615863  0.26626549  1.2338222   0.39762563
 -0.21340983]
Current x array =  [-0.61107858 -0.70328786 -0.60954234  0.6074     -2.0950701   0.99819361
 -3.22190916 -0.83604264 -0.67942051 -0.48404512 -1.07117842 -3.63692175
 -3.06822262 -0.54013169 -0.49569719 -1.16497955 -1.28802812 -2.53918077
 -1.64117862 -1.91076605 -0.86076976 -1.07042961 -0.8389397 ]
log likelihood =  -9049.132477381168
Edge derivatives =  [0.17493511931984473, -0.6783342082564983, 1.293221593401156, 0.8871271989385372, 0.17425578458698032, 0.1308180401064596, -0.8805012864629347, -1.6059770402152655, -1.0061808642761363, -1.1969803125775424, -0.5658818988282337, -0.2193886161482541, -0.31091529554745834, -0.5664180302751771, -0.07629978857107866, -0.1843055714725002]
other derivatives: [-6.42092346 -3.39335384  3.33625212 -0.28975956  1.33346481  0.15665386
 -0.20207463]
Current x array =  [-0.60999841 -0.69836422 -0.61622248  0.60964236 -2.09701387  1.21273034
 -3.43539616 -0.86681864 -0.63510678 -0.48297874 -1.05868393 -3.67351447
 -2.99861443 -0.53531598 -0.49341495 -1.16864577 -1.29491523 -2.52098164
 -1.64416299 -1.90394691 -0.85770419 -1.06808641 -0.83636359]
log likelihood =  -9049.03682813402
Edge derivatives =  [0.1088895544666526, -0.8929387391580794, 0.22759787025726774, 0.6761663747568292, 0.2504841828377057, 0.03442369637408359, -0.4504472472037276, -0.8583227113279842, -0.06576489133431607, 0.16753453145152064, -0.6397929149140589, -0.09074723141260654, -0.11294755729721595, -0.32856852325522135, -0.03499657729098937, -0.2537321054172252]
other derivatives: [-1.76313915 -2.54221413 -5.99726991 -0.1975568   0.05641562  0.0597261
 -0.17183032]
Current x array =  [-0.61322314 -0.69894859 -0.60565363  0.61283422 -2.09080707  1.33803278
 -3.55480873 -0.87224493 -0.62685749 -0.47291222 -1.05472799 -3.69870014
 -2.96700592 -0.53697042 -0.49995188 -1.17691555 -1.3066103  -2.51228639
 -1.64618077 -1.90375069 -0.85794918 -1.06678859 -0.83512413]
log likelihood =  -9048.983642188043
Edge derivatives =  [0.012678498155128115, -0.9199625744844813, 0.004973783821111133, 0.5890824390232359, 0.2554977283653222, 0.05886941871024007, -0.23983528460909204, -0.5514880401140688, 0.02296504585420278, 0.23709451907631246, -0.6256944628724488, -0.06104278036477051, -0.06529551358434726, -0.20421760621958396, -0.05546052567021864, -0.2110112162811862]
other derivatives: [-0.29391958  0.92506889 -0.91833317 -0.33696597 -0.26232338  0.05976706
 -0.17030619]
Current x array =  [-0.61395648 -0.7029302  -0.61141486  0.61318988 -2.08884305  1.33675065
 -3.55243305 -0.87111151 -0.62880864 -0.47106578 -1.05299735 -3.6983266
 -2.96824715 -0.53882417 -0.50292087 -1.17793022 -1.30749378 -2.5137412
 -1.64657641 -1.90417552 -0.85891148 -1.06672795 -0.83549883]
log likelihood =  -9048.977682932775
Edge derivatives =  [-0.023031990343715614, -0.8690815428783172, -0.18139705376733517, 0.5352347915939591, 0.2610129938785221, 0.06752487179642278, -0.12924075349616987, -0.3237465372407097, 0.10222172739350999, 0.30580802748984426, -0.612329630172963, -0.036631498135733076, -0.02946585098790011, -0.14990731893170772, -0.06703456535068841, -0.1814239855421191]
other derivatives: [ 0.13145836  0.73107731  0.00742693 -0.33623655 -0.31555863  0.07431352
 -0.15015457]
Current x array =  [-0.61420578 -0.70263342 -0.61251075  0.61311301 -2.08824416  1.33863546
 -3.55408679 -0.87071328 -0.6311105  -0.46940771 -1.0522017  -3.69860421
 -2.96838103 -0.53976794 -0.50511124 -1.17888131 -1.30841327 -2.51479872
 -1.6469192  -1.90464971 -0.85944893 -1.0667049  -0.83576766]
log likelihood =  -9048.963215360282
Edge derivatives =  [-0.05902373556917995, -0.6822065441328496, -0.3802836420840747, 0.3947223666281563, 0.2679976301194453, 0.053851051927275996, 0.11590731716014319, 0.12690504981625256, 0.2067443972369497, 0.3465804031100689, -0.5743718151420907, 0.000629137514858269, 0.027760462512918194, 0.011430848188675347, -0.03467002172171463, -0.049610304649353204]
other derivatives: [ 0.8003426   0.29551666  0.93898598 -0.19985418 -0.28901345  0.07216478
 -0.13017565]
Current x array =  [-0.61459277 -0.70201511 -0.61368442  0.61216881 -2.08793272  1.35963973
 -3.5729426  -0.86948452 -0.6370491  -0.46781016 -1.04882957 -3.70205432
 -2.96475256 -0.5417198  -0.50913425 -1.18001778 -1.30896367 -2.51714327
 -1.6474161  -1.90514538 -0.86072989 -1.0667992  -0.83662359]
log likelihood =  -9048.940724582748
Edge derivatives =  [-0.04233878618622777, -0.29391561133620553, -0.4218927536871625, 0.19428082746619935, 0.26863234056421553, -0.014583490652830013, 0.23603375025786477, 0.4589542639283066, 0.2702539475107953, 0.2986479299997749, -0.5162911085102756, 0.026637200213239565, 0.08158107560688221, 0.16590369129460103, 0.056212473893230586, 0.14632308969123656]
other derivatives: [ 0.89033165 -0.11487282  1.29599175  0.16576632 -0.14290595  0.05412272
 -0.10816599]
Current x array =  [-0.61461695 -0.70150643 -0.6142623   0.60982456 -2.08878493  1.41119196
 -3.62168386 -0.86806044 -0.64702594 -0.4676765  -1.04341451 -3.71025651
 -2.95370249 -0.54239749 -0.51200108 -1.18040935 -1.30827729 -2.52048243
 -1.64766028 -1.90538323 -0.8616474  -1.06687602 -0.83760049]
log likelihood =  -9048.936483138474
Edge derivatives =  [0.13694493601827917, 0.10295378092081305, 0.1940633285262825, -0.0542844937720669, 0.24332748699118587, -0.17140832823469776, 0.2453397198821642, 0.42260839986531423, -0.08296699277500652, -0.25600007169965344, -0.4063281998600422, 0.0013050613858814897, -0.018642350560091003, 0.21766260367142132, 0.14197438189571954, 0.16609465871377607]
other derivatives: [ 5.92006472 -0.59104423  1.03622006 -0.00871114  0.33616144  0.00609341
 -0.12005563]
Current x array =  [-0.61790202 -0.70096357 -0.61379642  0.61091145 -2.09094687  1.4913929
 -3.70001915 -0.86917364 -0.65378725 -0.47358286 -1.03285021 -3.71937562
 -2.93396476 -0.54186824 -0.51017139 -1.17575482 -1.30174434 -2.52838673
 -1.64727999 -1.90316873 -0.86085201 -1.0653935  -0.83637097]
log likelihood =  -9048.908450669865
Edge derivatives =  [0.021675641564145698, 0.3070776835576376, -0.030313127410806717, -0.2647060579565939, 0.2385065538375441, -0.22066468783703486, 0.13133249581149795, 0.34760936234536544, -0.03287497577164289, -0.17336297594628097, -0.38417029930867913, 0.006712177545397546, -0.007503728886658179, 0.09655361426761311, 0.054031509808917466, 0.055852427217178896]
other derivatives: [-0.04218782 -0.24398651  0.35942139  0.04342473 -0.07871193 -0.03295732
 -0.13605977]
Current x array =  [-0.61419173 -0.70159113 -0.61318012  0.61079157 -2.09006486  1.52601098
 -3.73192923 -0.86627267 -0.66072783 -0.47248718 -1.03006256 -3.72495276
 -2.92788578 -0.54149418 -0.51054177 -1.17676503 -1.30286846 -2.53106322
 -1.64739687 -1.90351222 -0.86056392 -1.06495249 -0.83602392]
log likelihood =  -9048.907787639851
Edge derivatives =  [0.029351976068314634, 0.20723515673393972, 0.03616379236499878, -0.20465128025737833, 0.23708011183940528, -0.20838346221678394, 0.054591394395978377, 0.17888562883144205, -0.06867947085879389, -0.17103034437009368, -0.39199634310222853, -0.0005428443311014108, -0.031463713874284926, 0.030719731981316167, 0.03248320617897005, -0.01025050313761211]
other derivatives: [-0.05597758 -0.14207762  0.00341424 -0.07460767 -0.08484226 -0.02909962
 -0.13959128]
Current x array =  [-0.61420483 -0.70174205 -0.61271047  0.611564   -2.09010979  1.51590694
 -3.72282812 -0.86688821 -0.65764417 -0.47299525 -1.03140377 -3.72295834
 -2.92989744 -0.54089005 -0.50895479 -1.17636077 -1.30283128 -2.53064868
 -1.64726751 -1.9032781  -0.8600248  -1.06478547 -0.83554922]
log likelihood =  -9048.90420399111
Edge derivatives =  [0.04890915115372618, 0.15632092908902256, 0.09722481030031505, -0.16010279415644002, 0.23572892153856817, -0.2044162773972058, 0.0009673816352652187, 0.015664237277214443, -0.08891235860380109, -0.13131730926617313, -0.33470345160941, 0.021868283419453904, -0.039628877861882295, -0.007943580157905084, 0.02192128048904929, -0.019589478522964415]
other derivatives: [-0.0461514   0.12778582 -0.25653389 -0.12120836 -0.00946081  0.00674319
 -0.10396602]
Current x array =  [-0.61421412 -0.70210452 -0.61237949  0.6118041  -2.09069652  1.51762505
 -3.72705022 -0.867998   -0.65527354 -0.47327704 -1.03197598 -3.7205363
 -2.92998267 -0.54022128 -0.50717266 -1.17589434 -1.3029641  -2.53453421
 -1.64722483 -1.90311832 -0.85938693 -1.06410664 -0.83505639]
log likelihood =  -9048.896301867306
Edge derivatives =  [-0.011510271299630115, 0.027132768227435093, 0.08250601328422646, -0.06728649017866084, 0.23296438077289344, -0.17466198558203544, -0.19055299943061377, -0.4233270627652734, -0.1063672493443949, 0.008430839241668264, -0.1107782894119212, 0.07133497811250333, -0.03263953015934029, -0.13663289598491346, -0.041152636531329945, -0.04979624674993871]
other derivatives: [-0.17605998 -0.1699882  -0.54813609 -0.02040906  0.02647784  0.13148244
  0.02585337]
Current x array =  [-0.6141677  -0.7018454  -0.61201603  0.6112139  -2.09159666  1.52537439
 -3.7423376  -0.86949609 -0.65074506 -0.47284899 -1.03450961 -3.71102399
 -2.9327293  -0.53848861 -0.50287437 -1.17527461 -1.30395613 -2.5507998
 -1.64661848 -1.90332706 -0.85775681 -1.06185275 -0.83362605]
log likelihood =  -9048.899587592743
Edge derivatives =  [0.16677384337969448, 0.12641903040215696, 0.3301754096895416, 0.08849009800582874, 0.22456017760018013, -0.19146332874336947, 0.2936242809045687, 0.07023405898504914, -0.08610371956953622, -0.003564704626063092, 0.18126763051513062, 0.08608902615565656, 0.00859629207774426, 0.08507548395507492, 0.02600056455869293, -0.01817169304349725]
other derivatives: [ 0.42724423  2.87819967 -0.66987377 -0.4600879   0.47335893  0.21151252
  0.12656549]
Current x array =  [-0.61442739 -0.70545663 -0.61186019  0.61327788 -2.09319519  1.56940681
 -3.79006272 -0.87276733 -0.64956149 -0.47351314 -1.03350705 -3.70222474
 -2.92996307 -0.53989143 -0.50521453 -1.17449566 -1.30240299 -2.57199028
 -1.64515642 -1.90307567 -0.85782945 -1.05952974 -0.83192884]
log likelihood =  -9048.89335412473
Edge derivatives =  [0.046451139028074184, 0.05953517019410539, 0.16321074183473339, -0.01651636601687506, 0.23029633841613395, -0.18001704251752149, -0.032770040158168645, -0.26245789214768767, -0.09942356217542936, 0.0049074165221840715, -0.014494626268096278, 0.07641807710639797, -0.01901090870441069, -0.06416698335422133, -0.018763511174119785, -0.039089924057726794]
other derivatives: [ 0.02060733  0.82414408 -0.58798287 -0.16307058  0.17169283  0.1575634
  0.05893864]
Current x array =  [-0.61425206 -0.70301843 -0.61196541  0.61188434 -2.09211591  1.53967739
 -3.7578401  -0.87055868 -0.6503606  -0.47306473 -1.03418395 -3.70816574
 -2.93183075 -0.53894429 -0.50363452 -1.17502158 -1.30345162 -2.55768308
 -1.64614356 -1.9032454  -0.8577804  -1.06109817 -0.83307475]
log likelihood =  -9048.88867792167
Edge derivatives =  [0.0241832233746041, 0.04600828605840329, 0.11989896117677634, 0.01339488932287769, 0.22474886614195855, -0.17750739993265588, 0.02425286153597961, -0.1822765254035259, -0.086730660869486, 0.007573623234826188, 0.12454734219861034, 0.0697729919736984, 0.000431501858915051, -0.05412254048440057, -0.04079994558738975, -0.042349873089161605]
other derivatives: [-0.07173367  0.44555054 -0.18443097 -0.16058584  0.24027973  0.20051688
  0.11187467]
Current x array =  [-0.61419777 -0.70257712 -0.61244347  0.61169298 -2.09240037  1.55714156
 -3.7773631  -0.87133648 -0.64983922 -0.47260377 -1.03472281 -3.70279359
 -2.93233028 -0.53902681 -0.50412381 -1.17511917 -1.30343774 -2.5685779
 -1.64532523 -1.90343505 -0.85765822 -1.05996598 -0.83242382]
log likelihood =  -9048.886179040783
Edge derivatives =  [-0.07713485836027112, 0.005163205917593318, -0.22877391514005296, 0.025092898919430007, 0.23283262295680784, -0.13725036486497585, 0.04320636588148552, 0.017855495776341157, 0.11134763021572114, 0.20809148876384326, 0.24803406641880654, 0.03740687060372161, 0.07272085464067712, 0.003736490355803923, -0.03240555245906718, -0.005034331999445835]
other derivatives: [ 0.27745773  0.38195139 -0.74147829  0.20040716 -0.18159874  0.19806221
  0.12110207]
Current x array =  [-0.61442468 -0.7023767  -0.61192746  0.61014001 -2.0903899   1.5697907
 -3.78905098 -0.87091248 -0.65030131 -0.46972452 -1.03687184 -3.69530345
 -2.9370139  -0.53910106 -0.50675909 -1.17741546 -1.30543017 -2.57793759
 -1.64418478 -1.90432452 -0.85825236 -1.05950891 -0.83243869]
log likelihood =  -9048.882202075878
Edge derivatives =  [-0.05682152681383423, -0.04566303378611684, -0.14137972597215387, -0.005977089062260299, 0.2079813031207468, -0.1709785902754779, 0.007378090368884149, 0.12480434388824196, -0.008227012584959836, -0.080798057553539, 0.29569692942861103, -0.06603632069834398, 0.023883094143894557, -0.034330315414301316, -0.06780261366428753, -0.08080919001655537]
other derivatives: [-0.05408037 -0.33294964  1.06773587  0.00850559 -0.16619836  0.11693806
  0.04715522]
Current x array =  [-0.61424253 -0.70156849 -0.6139592   0.61090913 -2.0901073   1.59591208
 -3.81170137 -0.87256955 -0.64952826 -0.47128302 -1.03593919 -3.68982082
 -2.93661613 -0.5387813  -0.50816512 -1.1768     -1.30317561 -2.58354275
 -1.64271413 -1.90355058 -0.85853565 -1.05919753 -0.83200626]
log likelihood =  -9048.880336945473
Edge derivatives =  [-0.013772603654356397, -0.02028562284875298, -0.07953960750484834, -0.007568499872961654, 0.2088319037262701, -0.175386927201097, 0.025120036102341647, 0.1621484405969183, -0.011389388778488274, -0.10237844385468012, 0.24916538827398688, -0.07351863215780019, 0.014155800569430999, -0.007420296597589582, -0.037962270112895435, -0.06327476914715557]
other derivatives: [-0.02784873 -0.25872941  0.44511398 -0.01822991 -0.13570756  0.08068473
  0.00905103]
Current x array =  [-0.61426197 -0.70164226 -0.61324171  0.61115806 -2.09015307  1.59406989
 -3.80798835 -0.87255988 -0.64986537 -0.47179904 -1.03549348 -3.69097403
 -2.93646622 -0.53887411 -0.50848545 -1.17677114 -1.30289801 -2.57957591
 -1.64286155 -1.90334242 -0.858791   -1.05972869 -0.83234031]
log likelihood =  -9048.878657377518
Edge derivatives =  [0.049710498763093414, -0.05374382457148086, -0.013716557372544846, 0.025798184751910147, 0.20836796114403375, -0.16136217801229596, -0.0048166960570396045, 0.1929663173391456, 0.02080319382353968, -0.10188541137554122, 0.18312289798291054, -0.10931673367109851, -0.0010299578822332567, 0.02156744801344268, 0.00940673201367126, -0.03763468626067443]
other derivatives: [-0.06904338 -0.00753425 -0.14850229 -0.05277616 -0.16057647 -0.01375027
 -0.08895405]
Current x array =  [-0.6142295  -0.70190266 -0.6125591   0.61152206 -2.0898448   1.59141938
 -3.80076829 -0.87292496 -0.64895857 -0.47242723 -1.03610361 -3.68803152
 -2.93979648 -0.53858758 -0.50906681 -1.17730772 -1.3029613  -2.57405559
 -1.64266707 -1.90298119 -0.8593118  -1.06069069 -0.83296143]
log likelihood =  -9048.876307750677
Edge derivatives =  [0.12888652343407792, -0.06851816551018051, 0.07954237302531153, 0.06422979015348396, 0.20311188706579472, -0.14207506723494553, -0.04989264505446722, 0.2093887014480515, 0.05944063672311961, -0.09508861939209945, 0.17001908978380717, -0.1433835914933732, -0.016367627096339654, 0.055761560301655244, 0.06018720508860109, 0.012903744455312366]
other derivatives: [-0.07343988 -0.00083674 -0.541193   -0.06867594 -0.09314925 -0.12607708
 -0.19881023]
Current x array =  [-0.61421972 -0.7018814  -0.61211461  0.61166988 -2.09000923  1.60439214
 -3.80828101 -0.87357282 -0.6484147  -0.47328126 -1.03660976 -3.68001082
 -2.94454753 -0.53806452 -0.50943634 -1.17790544 -1.30309483 -2.57261939
 -1.64219595 -1.90249235 -0.85984394 -1.06127753 -0.83351448]
log likelihood =  -9048.872798443044
Edge derivatives =  [0.20093508505481505, -0.10959761243026206, 0.16336630616979309, 0.11569608550486393, 0.19565905495031036, -0.0764814048284165, -0.17852064117274385, 0.04028408779787929, 0.14116996448412955, 0.04209509521011917, 0.13711282112238843, -0.13308698826502707, -0.03617534564992975, 0.08652527819912925, 0.11917159683465739, 0.10145078162012514]
other derivatives: [ 0.477914    0.63480184 -0.56028148  0.04556568 -0.06418323 -0.29932242
 -0.3665746 ]
Current x array =  [-0.61453188 -0.70259389 -0.61209771  0.61114611 -2.09031556  1.62880033
 -3.82432057 -0.87348537 -0.64776059 -0.4739796  -1.03778363 -3.66056842
 -2.95673098 -0.53714019 -0.50821927 -1.17886198 -1.3044895  -2.56895925
 -1.6422277  -1.90175968 -0.86036643 -1.06195223 -0.83439443]
log likelihood =  -9048.879314814993
Edge derivatives =  [0.2511645023703698, -0.13877700034185061, 0.22427228887173478, 0.16220773669265126, 0.14907830195683416, -0.004657544791412196, -0.18087684027753176, -0.06481971431117689, 0.13735139282327102, 0.09736061131726617, 0.21662664434294038, -0.11297190549676617, -0.08691319184789636, 0.07325053485329502, 0.07790179290503407, 0.09502347223966415]
other derivatives: [-4.17373849  0.35028461 -1.13078204 -0.00717046  0.06419443 -0.50327759
 -0.54664225]
Current x array =  [-0.61165796 -0.70242907 -0.61150836  0.61121117 -2.09156602  1.70042059
 -3.88601744 -0.87375191 -0.64749421 -0.47482462 -1.03874265 -3.61968265
 -2.97715121 -0.53697065 -0.50747674 -1.17945578 -1.30553983 -2.57508836
 -1.64169974 -1.90057544 -0.86094875 -1.06128295 -0.83448635]
log likelihood =  -9048.870956501694
Edge derivatives =  [0.210932761601893, -0.11552888383173203, 0.17577568072660454, 0.12524721316581983, 0.18667128798522448, -0.061070874597198385, -0.17875386240680985, 0.018991585268492983, 0.1409040234321559, 0.054184934334147866, 0.1536219210439484, -0.12847178784173152, -0.046337514387058576, 0.08415284355940766, 0.11109119427718872, 0.10052962999697695]
other derivatives: [-0.47087451  0.57667785 -0.67726432  0.03467539 -0.03800648 -0.34077191
 -0.402806  ]
Current x array =  [-0.6139432  -0.70256013 -0.61197699  0.61115943 -2.0905717   1.64347069
 -3.83695826 -0.87353997 -0.64770603 -0.47415269 -1.03798007 -3.65219357
 -2.96091377 -0.53710547 -0.50806717 -1.17898361 -1.30470464 -2.57021471
 -1.64211955 -1.9015171  -0.86048571 -1.06181514 -0.83441326]
log likelihood =  -9048.86471279013
Edge derivatives =  [0.22350564298908127, -0.11546963568705162, 0.2325818647573068, 0.15468175053734273, 0.15743314178358636, 0.010805870168817858, -0.19151627899593626, -0.1553784634061356, 0.14061554295061796, 0.15159184078373328, 0.21597723145125938, -0.060757689124220415, -0.07500916266209645, 0.08807663931005827, 0.092732518883336, 0.13139165415838777]
other derivatives: [-0.60212005  0.31291347 -0.36146048  0.08344614  0.15431725 -0.45507422
 -0.49909775]
Current x array =  [-0.613877   -0.70229369 -0.61232158  0.61075134 -2.09188692  1.70034981
 -3.88803357 -0.8729112  -0.64820546 -0.47456375 -1.03828808 -3.61936987
 -2.97722594 -0.53703762 -0.50613962 -1.17898757 -1.30581546 -2.57445519
 -1.6423552  -1.90067459 -0.86055002 -1.06096858 -0.83434542]
log likelihood =  -9048.854371885194
Edge derivatives =  [0.005987338530759723, -0.11850368130275213, 0.020268773746446644, 0.05428374740248476, 0.0990295557088079, 0.0970346554011298, -0.004973637594840041, -0.08013123445922121, 0.06361378784834903, 0.09865719958462005, 0.06544323929112672, 0.02915253016784125, -0.10108142754625049, 0.06977455043202085, 0.032837206195775015, 0.03199363482451548]
other derivatives: [-0.27217902  0.3209243  -0.25992631 -0.01600893 -0.18023917 -0.46280436
 -0.48560847]
Current x array =  [-0.61420557 -0.70236267 -0.61232291  0.61183353 -2.09068686  1.76165183
 -3.9475015  -0.86904219 -0.65071608 -0.4730554  -1.03655195 -3.57201035
 -3.00277072 -0.53875602 -0.50658624 -1.17825924 -1.30565775 -2.56278355
 -1.64358924 -1.90020628 -0.86029105 -1.06088687 -0.83414343]
log likelihood =  -9048.876913735407
Edge derivatives =  [0.19390240603275144, 0.322857655705374, 0.9500491026931348, 0.27394470578786795, -0.04826266420469343, 0.08433828589377725, 0.5791497850708893, 0.5054300840375406, -0.192271412961163, -0.4586869209738046, 0.40005238650191105, 0.004425408910412099, -0.02794233081041253, 0.3475539873907534, 0.23963269317666214, 0.22656013132491498]
other derivatives: [ 2.48437209  3.24050416 -0.88295747 -0.55096098  1.29001026  0.01627872
  0.02701757]
Current x array =  [-0.61585551 -0.7061236  -0.61136818  0.61343754 -2.09792955  1.9229387
 -4.13194127 -0.87341161 -0.65271285 -0.47838944 -1.03037211 -3.4964782
 -3.02221257 -0.53738008 -0.50691632 -1.17288421 -1.29754241 -2.58656502
 -1.63955746 -1.90026464 -0.85756803 -1.0568131  -0.83130146]
log likelihood =  -9048.849530387515
Edge derivatives =  [0.0407474278123412, -0.032041529640935, 0.2016942174477021, 0.0974385224074687, 0.07283128779504211, 0.09578821836415251, 0.11104021425921429, 0.036068075790712584, 0.016529136849161463, -0.006425743951957219, 0.13270802412742586, 0.02648032941201195, -0.08535864792528236, 0.12625887519452883, 0.07593390030077884, 0.07256127857710587]
other derivatives: [ 0.26505404  0.89172499 -0.38210601 -0.1196513   0.10488792 -0.36796015
 -0.38258644]
Current x array =  [-0.61452662 -0.70309448 -0.61213714  0.61214565 -2.09209616  1.7930356
 -3.98339043 -0.8698924  -0.65110462 -0.47409332 -1.03534946 -3.55731304
 -3.00655379 -0.53848829 -0.50665047 -1.17721335 -1.30407864 -2.56741103
 -1.64280472 -1.90021764 -0.8597612  -1.06009418 -0.83359043]
log likelihood =  -9048.841574954487
Edge derivatives =  [-0.1481323243366599, 0.0674895851841583, 0.14146435698764415, 0.0068615302732982775, 0.02829155175576678, 0.10456134568350031, 0.14373277889868488, -0.011715882230327379, -0.08715935483269155, -0.11501525769418292, 0.09121184791415067, 0.08624308374621253, -0.05039716936135075, 0.04481834620059222, 0.023800411643951414, 0.03799744158006674]
other derivatives: [ 0.19514482 -0.34729601 -0.68006193 -0.09036376  0.18620501 -0.08280679
 -0.08638172]
Current x array =  [-0.61459008 -0.70179665 -0.61170911  0.61186551 -2.09316864  1.82362901
 -4.02751343 -0.86881239 -0.65292813 -0.4734235  -1.03273019 -3.53387543
 -3.01484355 -0.53809478 -0.50541099 -1.17547689 -1.30287027 -2.56426888
 -1.64305454 -1.90108366 -0.85795347 -1.05900236 -0.83272242]
log likelihood =  -9048.840879205814
Edge derivatives =  [-0.2213637301679794, 0.09458047579098984, 0.03322163841760217, -0.052484829340283146, 0.028557637495457887, 0.09205767620889614, 0.09659643143038743, -0.07464374142290636, -0.08440136817009358, -0.07873544532782889, 0.0555116569435706, 0.0925362540936629, -0.01759372219056321, -0.004388732783953131, -0.01888399794240181, -0.0054914342785330195]
other derivatives: [-0.72614421  0.66919711  0.1367589  -0.01715671 -0.00637293  0.04008832
  0.03637574]
Current x array =  [-0.61398389 -0.70307441 -0.61266376  0.61134423 -2.09273157  1.81552633
 -4.02584752 -0.86905442 -0.65345737 -0.47248906 -1.03182834 -3.53674099
 -3.01209551 -0.53758936 -0.50502106 -1.17526113 -1.303119   -2.56192229
 -1.64309943 -1.90178861 -0.85719585 -1.05872201 -0.83235685]
log likelihood =  -9048.839703763502
Edge derivatives =  [-0.1865168737884304, 0.08212823197633329, 0.05711861069528579, -0.03805546391514064, 0.038290266034392687, 0.08302256958870283, 0.05864447411347706, -0.04797015540790184, -0.06351609918283019, -0.08621723198595635, 0.050660705269900685, 0.06226179824730116, -0.01556615057002586, 0.0009718271260579225, 0.001492924402739737, 0.010867861876475565]
other derivatives: [-0.02919842  0.15666592 -0.01203261 -0.01547596  0.03781008  0.024149
  0.01756123]
Current x array =  [-0.61442535 -0.70242098 -0.61249067  0.61136515 -2.09267507  1.80558207
 -4.01527205 -0.86972525 -0.65291553 -0.47271757 -1.03216406 -3.54279839
 -3.00920747 -0.53728905 -0.50539484 -1.17553748 -1.3030909  -2.56158588
 -1.64280759 -1.90181985 -0.85735271 -1.05902707 -0.83253047]
log likelihood =  -9048.839428439875
Edge derivatives =  [-0.15611477331717216, 0.07594741599311959, 0.07183953269064536, -0.0297327807915323, 0.04005568828883016, 0.0757730650598223, 0.020060450960501963, -0.02939527986401952, -0.04539154385313493, -0.08951772821316734, 0.04234533869309673, 0.03005978157884681, -0.011231474188786228, -0.00011377386452049443, 0.01117407452045105, 0.015437404864956872]
other derivatives: [ 0.14516809 -0.02413071 -0.00233194 -0.0143591   0.05379184  0.0166607
  0.00880864]
Current x array =  [-0.61453294 -0.70219114 -0.61250448  0.61134276 -2.09262837  1.80231755
 -4.01189578 -0.87060101 -0.6524488  -0.47286232 -1.03230322 -3.5447037
 -3.00790058 -0.53686909 -0.50572259 -1.17578055 -1.30312041 -2.56108858
 -1.64241434 -1.90187801 -0.85739737 -1.05921099 -0.83261124]
log likelihood =  -9048.838966597654
Edge derivatives =  [-0.09470461589512136, 0.06845495120426348, 0.08024996046414845, -0.01700071480541776, 0.03619447398294848, 0.06394228770377533, -0.05170046048523497, 0.0019593293076222706, -0.007257119459274208, -0.07751994683097174, 0.024454624152316376, -0.0348011372939816, 0.0007901930820457537, -0.004946773858488296, 0.020075519910911388, 0.012549458139077319]
other derivatives: [ 0.23580287 -0.15957994 -0.0203363   0.00327054  0.04921193  0.00911524
  0.00059968]
Current x array =  [-0.61458796 -0.70201532 -0.61249407  0.61122881 -2.09247633  1.80317761
 -4.01301305 -0.87271784 -0.65147515 -0.47293584 -1.03243154 -3.54394005
 -3.00693185 -0.53596156 -0.50633805 -1.17626139 -1.30336555 -2.5600495
 -1.64154517 -1.9020206  -0.85738035 -1.05941538 -0.83265465]
log likelihood =  -9048.838379125928
Edge derivatives =  [-0.025913116243381107, 0.05246083517163057, 0.031447296201031594, -0.004138016524313171, 0.02527059091228362, 0.053510112198862494, -0.05851975273473109, 0.03542393136703437, 0.020481163478204167, -0.023561237955471936, 0.013973266545386095, -0.07182443791354176, 0.013197928245208934, -0.005391310545703298, 0.007173884305846978, -0.00345541466340632]
other derivatives: [ 0.20627158 -0.12477722 -0.0102973   0.00701584  0.01729148  0.01364161
  0.00657824]
Current x array =  [-0.61457293 -0.7020453  -0.61251709  0.61120722 -2.09223727  1.8117073
 -4.02248025 -0.87554609 -0.65008449 -0.47238929 -1.03247168 -3.53884892
 -3.00688104 -0.53555852 -0.50681619 -1.17659182 -1.3040758  -2.55957933
 -1.64102673 -1.902141   -0.85729833 -1.05929004 -0.8325353 ]
log likelihood =  -9048.838076238502
Edge derivatives =  [0.05082860307084558, -0.00795300232609416, 0.01102019495880413, 0.008665661197475027, 0.007051122037364929, 0.03050839009683963, -0.03542280864326919, -0.01671096396098315, -0.0203670184145196, -0.03984780522757009, 0.01951133977494475, -0.024759239611759076, -0.003934764457770412, -0.012546157566450278, 0.013338404983597507, 0.01472002199724598]
other derivatives: [-0.17789534 -0.26972339  0.10603799 -0.01535591  0.01506367 -0.00388064
 -0.00958657]
Current x array =  [-0.61434531 -0.70188333 -0.61265356  0.61127368 -2.09217322  1.82243908
 -4.03318644 -0.8786449  -0.64759893 -0.4722582  -1.03248977 -3.5338484
 -3.00496517 -0.53574776 -0.50638186 -1.1763215  -1.30424086 -2.55996334
 -1.64188501 -1.90182283 -0.85731762 -1.05927903 -0.83268967]
log likelihood =  -9048.83808343552
Edge derivatives =  [0.04632164739052991, -0.01300285534809388, -0.0349420015278733, 0.0008431169300358032, 0.00608015452429995, 0.029912764981293583, -0.012575934574686753, -0.04599151898204756, -0.008576575219105154, 0.015577038836783352, 0.008682970607563067, 0.012727914293102938, 0.005108625628679309, -0.0033699004800098464, 0.012018223946166251, 0.01564237697001758]
other derivatives: [ 0.40317173  0.14862962  0.01336775  0.04208414 -0.05532434  0.02137034
  0.01624265]
Current x array =  [-0.61470721 -0.70236055 -0.6125455   0.61106526 -2.09193693  1.82372697
 -4.03584115 -0.87902272 -0.647212   -0.47173341 -1.03226404 -3.53220137
 -3.0045193  -0.53591785 -0.50601392 -1.17626823 -1.30468791 -2.55885535
 -1.64245003 -1.90190539 -0.8571556  -1.05914316 -0.8326107 ]
log likelihood =  -9048.837946361706
Edge derivatives =  [0.04867582028312967, -0.010363747443171735, -0.010948583089684383, 0.004928232480537753, 0.006588135760191972, 0.03022499696677178, -0.024490567244543848, -0.030704621493835016, -0.014724510779756006, -0.013335413212484826, 0.01433734547930321, -0.006824958114591273, 0.000392122025192565, -0.008150948139333591, 0.012713037111349967, 0.015167157921894436]
other derivatives: [ 0.10006261 -0.06958362  0.06173104  0.01210719 -0.01859107  0.00820167
  0.00277191]
Current x array =  [-0.61451837 -0.70211153 -0.61260188  0.61117401 -2.09206023  1.82305494
 -4.0344559  -0.87882557 -0.6474139  -0.47200725 -1.03238183 -3.53306081
 -3.00475196 -0.5358291  -0.50620592 -1.17629602 -1.30445464 -2.55943351
 -1.6421552  -1.90186231 -0.85724014 -1.05921406 -0.83265191]
log likelihood =  -9048.837911270428
Edge derivatives =  [0.03662549534531867, -0.006731370231595507, -0.009914722126059483, 0.0032717871202585513, 0.006803755916103075, 0.033215064387663064, -0.008456399783359714, -0.028181697419208285, -0.016704743276759193, -0.011526271730468385, 0.015137664891108571, 0.0029154302513031416, -0.0009503101542897019, -0.004563443698342384, 0.010131922929489612, 0.012055855017212902]
other derivatives: [ 0.03824607 -0.01376793 -0.01574153  0.0094733  -0.01872815  0.00769083
  0.00255801]
Current x array =  [-0.61448037 -0.7021814  -0.61251231  0.61120444 -2.09209269  1.82352366
 -4.0347524  -0.87834333 -0.6476471  -0.47200942 -1.03234807 -3.53269081
 -3.00521812 -0.53598904 -0.50616481 -1.17625803 -1.30443773 -2.5594365
 -1.64228162 -1.9018356  -0.85725678 -1.05917462 -0.83262678]
log likelihood =  -9048.837891542396
Edge derivatives =  [0.02742895617563179, -0.006290905001732121, -0.007870683947986845, 0.0019607402924418094, 0.005839900090561394, 0.03389373350169443, 0.005519208178677848, -0.021933481173760816, -0.0168763571389432, -0.010110519126334316, 0.014466126630003837, 0.011096305639651138, -0.0012830824171061739, -0.0019518998241623287, 0.005414928746811376, 0.006866929803781036]
other derivatives: [ 0.00837827  0.02670822  0.00141881  0.0025575  -0.01040539  0.0095255
  0.00470471]
Current x array =  [-0.61446107 -0.70223373 -0.61252924  0.61123341 -2.09215177  1.82443129
 -4.03565735 -0.87804981 -0.64774472 -0.47201853 -1.03228888 -3.53211547
 -3.00540771 -0.5361041  -0.50615872 -1.17624387 -1.30444701 -2.55938613
 -1.64239731 -1.90181806 -0.85725814 -1.05911888 -0.83258379]
      fun: 9048.837891542396
 hess_inv: <23x23 LbfgsInvHessProduct with dtype=float64>
      jac: array([-0.00837827, -0.02670822, -0.00141881, -0.0025575 ,  0.01040539,
       -0.0095255 , -0.00470471, -0.02742896,  0.00629091,  0.00787068,
       -0.00196074, -0.0058399 , -0.03389373, -0.00551921,  0.02193348,
        0.01687636,  0.01011052, -0.01446613, -0.01109631,  0.00128308,
        0.0019519 , -0.00541493, -0.00686693])
  message: 'CONVERGENCE: REL_REDUCTION_OF_F_<=_FACTR*EPSMCH'
     nfev: 76
      nit: 68
     njev: 76
   status: 0
  success: True
        x: array([-0.61446107, -0.70223373, -0.61252924,  0.61123341, -2.09215177,
        1.82443129, -4.03565735, -0.87804981, -0.64774472, -0.47201853,
       -1.03228888, -3.53211547, -3.00540771, -0.5361041 , -0.50615872,
       -1.17624387, -1.30444701, -2.55938613, -1.64239731, -1.90181806,
       -0.85725814, -1.05911888, -0.83258379])
