number of sites to be analyzed:  552
log likelihood =  -15889.807124360159
Edge derivatives =  [145.19372160544225, 35.827873350531576, 53.6325806863089, 93.46204370494253, -72.32717329896263, -69.4550084947342, 150.86372370879081, 235.35086631988776, -7.30562936506449, 33.47303287166814, -66.8532352830183, 23.074048677068415, 3.8063289537675753, 31.167020826033518, 71.28481515151532, 72.25463032085057]
other derivatives: [  -64.11719369   184.76421246  -220.00858735   361.63037294
 -1108.86394395   -90.54383554  -204.22558009]
Current x array =  [-0.7788419  -0.79942186 -0.65549986  0.18232156 -0.10536052  0.
  0.33647224 -2.30258509 -2.30258509 -2.30258509 -2.30258509 -2.30258509
 -2.30258509 -2.30258509 -2.30258509 -2.30258509 -2.30258509 -2.30258509
 -2.30258509 -2.30258509 -2.30258509 -2.30258509 -2.30258509]
log likelihood =  -14983.114819859662
Edge derivatives =  [131.69855835215705, 41.46754507766474, 69.10010823076654, 109.81263297807375, -50.39258573234117, -42.80081752980972, 164.62938574980416, 239.6567688488118, 8.112789772768787, 43.53866759254291, -43.92594059135107, 41.64283850230524, 18.31170679116665, 36.20997558956683, 84.48967714458946, 85.21748733386765]
other derivatives: [ 205.65203158  188.53552319   59.21374395  259.22545319 -627.19718699
  -86.54569683 -123.7491233 ]
Current x array =  [-0.83405853 -0.79877647 -0.84496748  0.19077637 -1.06029512 -0.0779748
  0.16059667 -2.29715741 -2.27173074 -2.29715741 -2.29715741 -2.36487201
 -2.36239855 -2.29715741 -2.29715741 -2.30887658 -2.29715741 -2.36015795
 -2.29715741 -2.29930715 -2.29715741 -2.29715741 -2.29715741]
log likelihood =  -15392.572185196615
Edge derivatives =  [117.52535449303326, 42.99150408399346, 66.18637489706711, 101.15185875083719, -29.93064573286573, -25.34096095874237, 152.0110502842699, 232.24166849550951, 13.170139024915748, 57.87765132283566, -22.43461144349023, 51.66938490062222, 26.069981819484735, 40.555448178960276, 79.66469009925254, 88.9425879475415]
other derivatives: [-6888.66730343  -141.81678125  -268.49047572   -99.92527339
   189.38735593   -70.53422451   -23.58428901]
Current x array =  [-0.22968693 -0.53654718 -0.64316123  0.39782429 -2.72366001 -0.31611179
 -0.1696008  -2.13073178 -2.15658797 -2.17087728 -2.11437253 -2.50082772
 -2.47676587 -2.04410951 -1.9570685  -2.28437612 -2.21382557 -2.47814214
 -2.20328701 -2.24680453 -2.23149376 -2.15352024 -2.15290747]
log likelihood =  -14559.843334710116
Edge derivatives =  [122.23302053682146, 43.63469054531643, 71.72404994811852, 108.38164666456889, -37.78564118964604, -30.81905571933876, 160.60916079487941, 236.6755482245238, 13.406558840215244, 49.97253425160697, -30.726276608071213, 47.34039273551996, 23.068208796603624, 39.14210405230294, 83.29957185695521, 87.90300313535249]
other derivatives: [-842.7832654    44.32895366  -44.9235813   157.38442016 -224.27993827
  -81.37885743  -86.1211447 ]
Current x array =  [-0.55905295 -0.67945498 -0.75314013  0.28498883 -1.81717156 -0.18633363
  0.01034781 -2.22142921 -2.21933764 -2.23969651 -2.2139853  -2.42673557
 -2.41443881 -2.18201371 -2.14240767 -2.2977282  -2.25923915 -2.41384398
 -2.25444382 -2.27541702 -2.26727866 -2.23179858 -2.23151975]
log likelihood =  -14345.241012664414
Edge derivatives =  [116.57339098559326, 44.72596565706086, 75.95165053617315, 105.46732661518237, -23.861183256592117, -17.274750198053887, 156.72776500925224, 231.93180391604253, 25.093897302537783, 56.980188101237445, -16.52263928230243, 59.80910675323314, 32.328252890624434, 44.317785085196505, 86.41792296887408, 90.78892820714094]
other derivatives: [ 380.46055124 -137.42210285   -5.14355634    5.20249159  171.71514628
  -69.31441021  -65.28025551]
Current x array =  [-0.81344003 -0.58968052 -0.71826874  0.39394963 -2.57806969 -0.31887901
 -0.16273316 -2.11567225 -2.15329721 -2.16260281 -2.10270223 -2.49868476
 -2.4748662  -2.02569669 -1.92597858 -2.28216498 -2.20622555 -2.47535491
 -2.19769921 -2.24419384 -2.22606147 -2.14480522 -2.14192396]
log likelihood =  -14235.1027909521
Edge derivatives =  [112.26308881850822, 42.99137512022876, 72.38305090661747, 97.67888399613422, -22.58267240615593, -17.065158759819187, 145.8471637791843, 224.70057863362024, 24.368514858527412, 56.16271994384431, -15.750318290558988, 57.175111483701116, 30.8710575968534, 43.73159184532301, 80.53711489979561, 85.71283395297623]
other derivatives: [ 147.17297745 -116.12701201  -46.72274372    4.40031727  163.02001313
  -69.15470294  -65.88634278]
Current x array =  [-0.74265795 -0.60309023 -0.68098677  0.43906164 -2.57652905 -0.36510308
 -0.20331734 -2.04351794 -2.1256527  -2.11562311 -2.03505972 -2.51613518
 -2.48744373 -1.92651255 -1.78210768 -2.26872263 -2.17285265 -2.48832191
 -2.1628458  -2.22566336 -2.20012616 -2.09092799 -2.08587112]
log likelihood =  -13889.505760903143
Edge derivatives =  [76.8564323900417, 29.151713483577623, 41.0292152614882, 37.182887220530674, -14.445693214307845, -13.374448793456379, 54.0312436713404, 137.37476883616267, 20.904020229920423, 49.85293408726747, -10.718024407425068, 39.580872277492745, 22.93900979530771, 38.72070507845134, 37.44074399794287, 44.653924844144264]
other derivatives: [-1541.4569134   -113.35359886  -414.72376324   -67.07377906
    86.83200576   -68.38672562   -65.24969649]
Current x array =  [-0.48581755 -0.70321838 -0.51194164  0.74677684 -2.53381327 -0.70769395
 -0.51032543 -1.5143092  -1.92306379 -1.77293815 -1.54889228 -2.64258831
 -2.58032706 -1.21151087 -0.72509701 -2.1686369  -1.92466047 -2.58237505
 -1.90704357 -2.08957845 -2.00698906 -1.70179643 -1.678723  ]
log likelihood =  -13633.917996110711
Edge derivatives =  [56.2058573247166, 20.786908939933994, 26.968300409712576, 12.50274129809605, -13.132925657445508, -11.75175076497001, 13.789863897093026, 87.03201351380679, 20.34751286512982, 41.82282453866072, -9.788972678673504, 31.5934591731149, 19.221830917746956, 33.235757633150605, 18.545164990424635, 23.732425159827287]
other derivatives: [-609.44348661   -2.29265424 -196.72661438  -91.6839781    29.38395482
  -66.70052244  -71.21961971]
Current x array =  [-0.60263947 -0.79530436 -0.54068968  0.83290785 -2.45176252 -0.84220391
 -0.63126951 -1.30605186 -1.84453066 -1.64048622 -1.36482007 -2.68960882
 -2.6150631  -0.94049349 -0.31437018 -2.12763139 -1.82450452 -2.61691492
 -1.80583593 -2.03534782 -1.92904539 -1.55253491 -1.52163211]
log likelihood =  -13528.687842550928
Edge derivatives =  [21.788554524164255, 8.976450679254404, 3.736497000496051, -21.72492045267559, -10.687397939460963, -9.660474039246067, -46.7464705996382, 6.596017703986712, 18.223102121378727, 28.981365759480322, -8.97774882852523, 15.728066466238678, 12.800997566414166, 23.668994593125547, -14.314258758873452, -12.003448104320762]
other derivatives: [-214.88649509   87.41371857  -49.51252777 -125.06316125  -48.5792043
  -60.65529305  -63.48709576]
Current x array =  [-0.67935915 -0.88353598 -0.54377101  0.97051963 -2.47338266 -1.08272546
 -0.85937243 -0.96264667 -1.71046571 -1.42135806 -1.06436582 -2.77639333
 -2.6805089  -0.50109851  0.35982838 -2.05871246 -1.65639087 -2.68221506
 -1.63676393 -1.9441451  -1.79794993 -1.30816    -1.26445057]
log likelihood =  -13489.901507043485
Edge derivatives =  [15.711307645771699, 6.993838968488014, 1.542863702850612, -19.30425205014729, -9.678270948999659, -9.031994340574407, -41.59003661331126, 7.8559903696013045, 17.42977794553193, 24.557164514378137, -7.9968839541694985, 15.746286675558444, 12.215971375745506, 20.620075324757977, -13.393164469551742, -10.94273340434372]
other derivatives: [-40.15619197  -6.48524292  46.16376827 -98.28600014   8.82773747
 -53.31949069 -50.54334906]
Current x array =  [-0.72751763 -0.81910971 -0.56087985  0.86613959 -2.61339571 -1.17533861
 -0.96140683 -0.90416617 -1.68152784 -1.38997705 -1.04484401 -2.8038605
 -2.70352057 -0.48753109  0.44482046 -2.03405755 -1.60993479 -2.70470608
 -1.60052903 -1.92026721 -1.7608456  -1.28980439 -1.2428627 ]
log likelihood =  -13464.035796118824
Edge derivatives =  [6.527830298481917, 4.86848870339713, -1.9202645116990118, -18.605071160363064, -7.611107389533774, -8.18098401922012, -39.12773148547682, -2.4499166066305627, 16.143037972868083, 18.964364360933494, -6.6687850129005115, 13.019318260474918, 10.282814419798358, 17.817002474910232, -12.004658413591958, -10.039173072323974]
other derivatives: [101.82575352 -59.51151252 -71.38933142 -26.63382475  21.54774847
 -40.55527825 -36.00507625]
Current x array =  [-0.78264886 -0.78608206 -0.52565287  0.69598754 -2.71569108 -1.33031608
 -1.12052225 -0.80312011 -1.63658392 -1.33929087 -1.01593612 -2.84540734
 -2.73855209 -0.4710436   0.5950301  -1.98885245 -1.52911379 -2.73819199
 -1.53696194 -1.8786878  -1.69556439 -1.26224417 -1.20884393]
log likelihood =  -13454.498226195577
Edge derivatives =  [-6.030643664810537, 1.6343068658803932, -5.728084602132372, -15.938172372506138, -7.3867495399213166, -7.887362568068276, -31.515071157175708, -6.871438651796649, 11.651983548575524, 8.997787901445589, -6.082769760357532, 11.261886789644597, 6.885579430684877, 10.187383495617244, -8.084797128120567, -7.161447135265058]
other derivatives: [120.2140993  -18.98733899 176.98621377  21.06626198  31.07361408
 -29.21024134 -22.87688403]
Current x array =  [-0.78698861 -0.80880638 -0.59295921  0.54873147 -2.75996017 -1.45870561
 -1.24719049 -0.74982565 -1.60949658 -1.31991196 -1.03228606 -2.87499135
 -2.76562018 -0.52369802  0.6528659  -1.94714471 -1.4664764  -2.76278135
 -1.49194713 -1.84633678 -1.64235099 -1.26961942 -1.21065447]
log likelihood =  -13446.304459629398
Edge derivatives =  [-4.471541828509172, 2.663931866869443, -3.9473818363076068, -13.808150377502278, -6.680825214258575, -7.573842672105588, -27.047538885190583, -8.357834037854557, 11.651691654349793, 9.593234530264553, -5.504556344736617, 11.022426085333793, 6.625046172549951, 10.955449894069877, -4.494020067890652, -3.5308498579069387]
other derivatives: [ 76.55107765  -1.08630047  54.55167411  37.68800525  18.68174877
 -26.26547939 -21.12810762]
Current x array =  [-0.77746316 -0.81885851 -0.56145603  0.53020681 -2.73791157 -1.48569911
 -1.27008209 -0.75205783 -1.60880102 -1.32576481 -1.05207391 -2.87935009
 -2.77067683 -0.56122444  0.64028876 -1.93643534 -1.45589244 -2.76657233
 -1.48446715 -1.84047252 -1.63183119 -1.28239131 -1.22228282]
log likelihood =  -13440.425109159729
Edge derivatives =  [-4.533559093360801, 3.5674877934025533, -2.086200287726814, -10.367599436007435, -6.010522552448269, -7.297799470112327, -19.74876866354496, -10.265724547976783, 10.344253684921002, 8.21275808850492, -4.851227878101704, 9.650007384295977, 5.179453631890168, 9.776613295290316, 0.06299160665337644, 0.9707493486344475]
other derivatives: [-18.32704584  21.6285116  -48.44350769  51.66184565   2.45163392
 -21.34529495 -17.18617568]
Current x array =  [-0.75319046 -0.83427846 -0.53839932  0.52063276 -2.70369855 -1.53639896
 -1.3127617  -0.75599074 -1.6059644  -1.33504457 -1.08588551 -2.88854867
 -2.78130954 -0.62605673  0.61900041 -1.91566399 -1.43560574 -2.77448259
 -1.46876136 -1.82888839 -1.61121562 -1.30205137 -1.23977365]
log likelihood =  -13437.378748660807
Edge derivatives =  [-5.802367646233597, 3.7822127183171017, -1.1667140830492535, -7.820223924558919, -5.710257199726233, -7.137332754078843, -14.525822433590788, -10.470067131941958, 8.953887669181691, 5.994756046781249, -4.479216966317818, 8.167052698868083, 3.7692648051198754, 7.660764537125536, 2.2835867282969837, 3.0929774936844625]
other derivatives: [-62.90702004  25.05075827 -55.64415915  50.13189366  -1.62890501
 -17.85574568 -14.06697265]
Current x array =  [-0.74134763 -0.83811026 -0.53693989  0.52991662 -2.69088976 -1.57939022
 -1.34984969 -0.75591251 -1.60089557 -1.33870082 -1.10673465 -2.89808235
 -2.79180342 -0.66791535  0.61025288 -1.89836323 -1.41801683 -2.78246881
 -1.45353727 -1.81868604 -1.59345245 -1.31138448 -1.24729825]
log likelihood =  -13430.83195396119
Edge derivatives =  [-9.679453968421099, 4.065258916162662, 1.0278883661948073, -1.5638655049621804, -4.965611071196674, -6.6817452200890886, -2.4462555851739536, -10.075579860613056, 5.311800809434588, -0.5330314520142443, -3.587625178851405, 3.2731482318787872, -0.08554414635717644, 1.301565643658726, 5.849542299389997, 6.305670571120289]
other derivatives: [-98.13211364  14.06915544 -38.63842721  29.10055628  -3.99541022
  -9.62463673  -7.13243935]
Current x array =  [-0.73134194 -0.83531957 -0.53778608  0.58110696 -2.67436415 -1.70207037
 -1.4567733  -0.74856293 -1.5807652  -1.33950606 -1.14876767 -2.92879829
 -2.82483975 -0.75800455  0.60675283 -1.84952789 -1.36771944 -2.80764491
 -1.40645753 -1.7893385  -1.54299026 -1.32204327 -1.25281375]
log likelihood =  -13426.847329955022
Edge derivatives =  [-10.073665515866496, 4.89785156965206, 3.32100740077547, 3.1403815648389, -4.0904027482371035, -5.894657616130267, 5.854519242866106, -5.7343580498277005, 2.98503937307324, -3.6388683704489915, -2.80666244353229, -0.2456681962574363, -2.053491412634713, -2.3279797287560724, 6.310258390944399, 6.275114163624907]
other derivatives: [-27.98387868  12.92082743 -18.49912223   1.26365194   5.46206138
  -3.81241989  -3.18559614]
Current x array =  [-0.74769415 -0.835063   -0.53693163  0.63468191 -2.67906829 -1.80958925
 -1.55132109 -0.75940608 -1.55482435 -1.33144724 -1.17028332 -2.96319149
 -2.86369163 -0.80932533  0.59857094 -1.80557195 -1.3355758  -2.83460256
 -1.36771031 -1.76977492 -1.50790828 -1.31224962 -1.23879006]
log likelihood =  -13425.959077047095
Edge derivatives =  [-10.79040685559313, 4.908521554976266, 2.9185521627963804, 3.288159116977445, -3.876328839845541, -5.5847574694166875, 6.391589277744891, -5.139879415451953, 1.8558289132537322, -4.60580203796533, -2.7242562290778847, -1.6855533173119293, -2.53516887936126, -3.5403765514457692, 4.215456600258197, 4.024661047431245]
other derivatives: [ 3.27709131 -1.89193088  3.10519681 -8.22637958  5.76419552 -2.20170477
 -2.16714398]
Current x array =  [-0.75621716 -0.82616153 -0.54017259  0.65099239 -2.67618303 -1.84951695
 -1.58684181 -0.76978412 -1.53950207 -1.3219493  -1.16815495 -2.97971494
 -2.88321611 -0.81070271  0.59918775 -1.7882476  -1.32840755 -2.84703564
 -1.3541955  -1.76518067 -1.49882323 -1.29825103 -1.22345185]
log likelihood =  -13425.39230911653
Edge derivatives =  [-10.123454355462206, 5.187969538031629, 2.710640608216664, 3.2327540515390334, -3.6749730222857266, -5.246969812682081, 6.480318479245294, -3.7006251347007604, 1.211153623354783, -4.078857079791048, -2.666478450324647, -1.787495740025218, -2.259234555291875, -3.3978106954988823, 2.6670644673019375, 2.4164675967997638]
other derivatives: [ 28.69237505  -6.96454663  12.94702088 -10.9348548    4.79776645
  -1.3902536   -1.71912689]
Current x array =  [-0.76339616 -0.8217719  -0.54229681  0.65302213 -2.66727204 -1.87058259
 -1.60527268 -0.79201233 -1.52813146 -1.31691492 -1.16801173 -2.99160243
 -2.89889231 -0.81136439  0.58347173 -1.77748021 -1.33182293 -2.85571869
 -1.35064395 -1.76664187 -1.49932805 -1.28888191 -1.21366141]
log likelihood =  -13424.56757214367
Edge derivatives =  [-8.539522827141196, 5.697584465164329, 2.1100553387802514, 2.7105737628649798, -3.3554764251989595, -4.651317026956306, 5.928756597589618, -0.9903653665084791, 0.1621469321922323, -2.5425210393932463, -2.6145132168692435, -1.4374479603709547, -1.4679119672439105, -2.584366208162863, -0.06820217369491022, -0.3248925980670877]
other derivatives: [ 46.27763701 -14.92644515  23.10953278 -10.66709956   2.26991688
  -0.48803486  -1.17852323]
Current x array =  [-0.76876892 -0.81508772 -0.54569693  0.64808816 -2.65103684 -1.89786368
 -1.62924626 -0.83722803 -1.50856975 -1.30910971 -1.16691786 -3.01081561
 -2.92529851 -0.80878391  0.54993553 -1.76208392 -1.34310893 -2.86961515
 -1.34936716 -1.77232482 -1.50524873 -1.27400308 -1.19857146]
log likelihood =  -13423.501052862717
Edge derivatives =  [-6.143482698985866, 6.346503471670004, 1.1467515765124034, 1.8688955929419118, -2.7915347768366647, -3.694960176001165, 4.943972653156976, 2.842057427846354, -1.439421292284547, -0.39723642847751706, -2.4137044741050775, -1.0285264748310596, -0.4171707775712947, -1.4075491514591587, -3.4276643915306586, -3.7529059930890076]
other derivatives: [ 43.22155291 -10.66491677  32.84112609  -6.43176463  -0.31868694
   0.81181497  -0.33287506]
Current x array =  [-0.76791842 -0.81613471 -0.54997152  0.63660014 -2.63570708 -1.94140844
 -1.6688209  -0.90352412 -1.47420406 -1.29544761 -1.16335461 -3.04182549
 -2.96720183 -0.80114716  0.50756309 -1.73929663 -1.35650691 -2.89248281
 -1.34575821 -1.77926607 -1.51213319 -1.2540004  -1.17816578]
log likelihood =  -13422.418270843373
Edge derivatives =  [-2.5271029794212634, 6.779074183749576, -0.03499559051478973, 0.5351067920751972, -1.8901988230516715, -2.4381039447585917, 2.8960631711391986, 5.810710598975754, -2.439304195599945, 1.901906416047698, -1.6466757195353554, 0.20190795635048414, 0.7966943356365761, 0.43350361294654227, -3.3964855392885864, -3.295961064995173]
other derivatives: [ 23.13190635 -18.72067514  -0.57625584   4.41359589  -2.32685125
   1.83499651   0.64537744]
Current x array =  [-0.76388167 -0.80974158 -0.54424531  0.61538041 -2.62661031 -1.98596512
 -1.71372894 -0.9924252  -1.41247057 -1.27866789 -1.15809129 -3.08398292
 -3.02431371 -0.7832689   0.47314378 -1.72099264 -1.36619077 -2.92519644
 -1.34470855 -1.78607145 -1.52014915 -1.2508594  -1.17560982]
log likelihood =  -13421.767936636601
Edge derivatives =  [-0.8071731809066003, 6.376791621907062, -1.0560700146007096, -0.5511759124604212, -1.3283774833224786, -1.5968284380430249, 1.0593335646876731, 6.785980247477544, -2.912413989305086, 2.4492071485882034, -0.9857599998580591, 0.6406664655041782, 1.1641426964376296, 0.9047417267998596, -2.4381289714894, -2.1736532167591167]
other derivatives: [-12.65379979  -5.49789547   9.59207682   5.70016709   0.65683707
   2.31975719   1.29130058]
Current x array =  [-0.7528906  -0.81884661 -0.5477316   0.61536665 -2.63433524 -2.01549238
 -1.74546882 -1.04484695 -1.36217828 -1.2651413  -1.14995675 -3.11440729
 -3.06427074 -0.76210698  0.47093205 -1.71231868 -1.36549362 -2.94926553
 -1.34073512 -1.7871258  -1.52151018 -1.25165163 -1.17656487]
log likelihood =  -13421.43808097068
Edge derivatives =  [0.19929452706038975, 6.1197497905396645, -1.0702359095398308, -0.8912317746575129, -0.972460559866521, -1.2326506845546847, 0.2377309475988265, 5.786838294914127, -2.319860576569912, 2.457471233100794, -0.4784329880913194, 0.8126898271625457, 1.1567338458598573, 1.2212214174007439, -0.322978478166218, 0.0429453887642659]
other derivatives: [-18.3683369    4.58949216 -10.01044438   4.88489604   2.15604814
   2.35086191   1.41608325]
Current x array =  [-0.75106823 -0.82547087 -0.54232972  0.62107472 -2.64234288 -2.0243388
 -1.75733278 -1.06210834 -1.33315117 -1.25984451 -1.14571012 -3.12792291
 -3.0814491  -0.74958003  0.48615164 -1.71356256 -1.3589897  -2.96037933
 -1.33785904 -1.78475929 -1.51918167 -1.25890242 -1.18383106]
log likelihood =  -13421.157741278395
Edge derivatives =  [0.5524665767333368, 5.32914634695425, -1.4857636723111174, -1.6801890639002308, -0.7468711727649531, -0.9651788958652536, -1.4047729462732594, 3.5868061647996434, -1.508398814503263, 1.853840534733232, -0.045615531716488536, 1.0111572840546912, 1.0128513959379215, 1.1958568390984123, 1.6896786599529987, 2.163370323017987]
other derivatives: [-18.18370947   7.81328708 -11.10020094   2.77468644   3.16322257
   1.94741006   1.36315066]
Current x array =  [-0.75076475 -0.82802983 -0.54139252  0.62749064 -2.65031652 -2.02341057
 -1.76124746 -1.07454603 -1.30201726 -1.25549328 -1.13950604 -3.13904687
 -3.09559506 -0.73177045  0.510723   -1.72018411 -1.35152895 -2.96951549
 -1.33653376 -1.78216453 -1.5174993  -1.2674073  -1.19241416]
log likelihood =  -13420.77555751162
Edge derivatives =  [0.4531472249093078, 2.940081217506855, -1.7173577809618719, -1.6376388973425737, -0.28710780587303625, -0.5356259208619465, -1.6768926529524057, -1.4344007104020222, -1.0257047943267332, -0.30604199578113267, 0.2717509973461406, -0.8823768885887004, -0.16537420607077497, -0.19489850314518997, 0.9484740268918993, 0.7178820007475597]
other derivatives: [ -8.16507963   8.77407729 -17.57562131  -0.90713002  -5.29726094
   1.74277375   0.98443707]
Current x array =  [-0.75393073 -0.8293625  -0.53838404  0.6401986  -2.64084729 -2.03942518
 -1.78289647 -1.1040522  -1.22343333 -1.25515632 -1.14494911 -3.16968703
 -3.13407987 -0.72658621  0.54650547 -1.72331    -1.33243244 -2.99031498
 -1.32215095 -1.77219415 -1.50599668 -1.2607157  -1.18227713]
log likelihood =  -13420.959558073604
Edge derivatives =  [1.612738167151086, -0.3129698214034149, -2.145145318372087, -2.7955142698367585, 0.0031415644629544243, -0.06137028288161743, -4.6476895496580015, -3.9465240634937526, 1.1906764078308691, 0.011206137319540121, 0.5321754765484715, 1.7208836911290768, 0.6034895707604122, 1.0665402951820098, 2.035658586487341, 1.8106735250788775]
other derivatives: [13.51199899  7.46385922 21.32601367 10.71839506 -3.91846697 -0.54842531
 -0.19663275]
Current x array =  [-0.75992413 -0.82586265 -0.54986158  0.60773414 -2.64576861 -1.9914389
 -1.74969284 -1.14491618 -1.15381667 -1.26516627 -1.14664794 -3.18349382
 -3.15574992 -0.70229186  0.56234845 -1.75284074 -1.3385596  -2.99770547
 -1.33751739 -1.77756889 -1.52018151 -1.26902071 -1.19123942]
log likelihood =  -13420.650097634043
Edge derivatives =  [0.901255237364511, 1.727961067098498, -1.8845822089817261, -2.085794292503996, -0.17384467312594354, -0.34941670638259836, -2.8182221239582175, -2.411681810210017, -0.15408125531441863, -0.18078917163189012, 0.3736181343433139, 0.1385656070229962, 0.13707193544065793, 0.2989226690253025, 1.3762923005094725, 1.1492532493693997]
other derivatives: [ 0.30704541  8.28877091 -2.1973392   3.6216079  -4.71864041  0.86365617
  0.52714313]
Current x array =  [-0.75626271 -0.82800074 -0.54284985  0.62756694 -2.64276213 -2.02075411
 -1.76997721 -1.11995204 -1.19634606 -1.25905111 -1.14561011 -3.17505914
 -3.14251151 -0.71713348  0.55266984 -1.73480017 -1.33481647 -2.99319056
 -1.32812991 -1.77428541 -1.51151588 -1.26394711 -1.18576428]
log likelihood =  -13420.572089734838
Edge derivatives =  [0.412669046620721, 1.3118194285462534, -1.6422135663027702, -1.5992893949637923, -0.24085246614844025, -0.4522372411035248, -2.0157089578254284, -2.643419382026126, -0.0676542126756361, -0.7052511489700324, 0.21355944740032579, -0.2692069383687156, -0.1637357561307497, -0.19263373116496235, 0.4952731675858313, 0.1920483173861509]
other derivatives: [-3.08082235 -2.44908733  2.25718395  2.02344381 -3.55812517  0.6346454
  0.3265086 ]
Current x array =  [-0.75554393 -0.82202315 -0.54369253  0.62996035 -2.6447671  -2.01472439
 -1.76495492 -1.11342782 -1.19197133 -1.26412479 -1.15025625 -3.17368023
 -3.14063765 -0.7230762   0.55577174 -1.73792336 -1.33307814 -2.99086123
 -1.32730338 -1.77282169 -1.50995129 -1.26062614 -1.18209145]
log likelihood =  -13420.529536091726
Edge derivatives =  [0.44198891543757, 1.1741464362764342, -1.1401208232737305, -0.9589302754933888, -0.22601138867944626, -0.47459044769472725, -0.9794314585433574, -1.9032887927076367, 0.03906931453725865, -0.5529784452880981, 0.10121177522411495, -0.352305408718555, -0.18463980520349016, -0.21404460804107595, -0.32139909327793686, -0.710861831237136]
other derivatives: [ 3.01224645 -3.55048542  3.05735739  0.98279997 -1.74877641  0.58098522
  0.13496901]
Current x array =  [-0.7571087  -0.82117117 -0.54362633  0.63073768 -2.64641279 -2.01141428
 -1.76209503 -1.11131541 -1.18847384 -1.26874702 -1.15510083 -3.17342639
 -3.14052618 -0.72968608  0.55176272 -1.73885979 -1.33392329 -2.98935064
 -1.3271669  -1.77263592 -1.50979161 -1.25628265 -1.17765268]
log likelihood =  -13420.498408278028
Edge derivatives =  [0.5847448302576043, 0.8185615163949582, -0.6105781106321031, -0.37243706880346594, -0.15738454862399448, -0.4379327784536492, -0.1118778940378046, -1.2633795470923845, 0.3031511803289466, -0.3164047257945547, 0.05998041536907117, -0.26807033617809783, -0.16971215519100386, -0.1222902412635109, -0.7830680432293335, -1.1801771088757114]
other derivatives: [ 2.87873263 -2.65608833  2.07255653  0.35870471  0.33214747  0.40399755
 -0.0680302 ]
Current x array =  [-0.75685156 -0.82172506 -0.54325636  0.63151029 -2.64938896 -2.00580597
 -1.75835757 -1.11172422 -1.17851898 -1.27405113 -1.16000777 -3.17493477
 -3.1430136  -0.73418006  0.54908634 -1.74136769 -1.33473436 -2.98894945
 -1.32783739 -1.77261181 -1.51020524 -1.25357777 -1.17524505]
log likelihood =  -13420.47312595628
Edge derivatives =  [0.5430259600407826, 0.3318224125605522, -0.2391123183211475, 0.006188565377860639, -0.06806995076393854, -0.36440477458285436, 0.41504790214208453, -0.5588954720190221, 0.3839369829319776, -0.02702060711593135, 0.10251293041479051, -0.04556046737053754, -0.12032808179454857, -0.016888529311847478, -0.6525133540711261, -0.8266456995074072]
other derivatives: [ 0.87238732 -0.52586984  1.85209501 -0.15861588  0.91458787  0.28285285
 -0.09040377]
Current x array =  [-0.75604953 -0.82290924 -0.54325672  0.63262773 -2.64846462 -2.00084544
 -1.75637082 -1.11249466 -1.16698462 -1.27929031 -1.16457608 -3.17738317
 -3.14751791 -0.73709924  0.5426978  -1.74192932 -1.33619965 -2.98913634
 -1.32915143 -1.77326897 -1.5109616  -1.25422689 -1.17730219]
log likelihood =  -13420.46243191116
Edge derivatives =  [0.3505868145440705, -0.00911540039102332, -0.0210002375476932, 0.10275551830100829, -0.024903393225504916, -0.33809321666494685, 0.46553861958093123, -0.21430751894429034, 0.44136400360407785, 0.18588724332622042, 0.13810578387930902, 0.19288859447962498, -0.047672026128691425, 0.12044602892538692, -0.21458578759841024, -0.14595787073353728]
other derivatives: [-0.72486728  0.52314135 -1.24018698  0.09858923  0.43601176  0.08276402
 -0.10550139]
Current x array =  [-0.75559002 -0.82338021 -0.54263184  0.63255905 -2.64627794 -1.99356007
 -1.75224903 -1.10948091 -1.16096765 -1.2838714  -1.16730307 -3.17734286
 -3.14922222 -0.73739674  0.53766774 -1.74258026 -1.33755437 -2.98759854
 -1.33099083 -1.77430271 -1.51201007 -1.25696069 -1.18139831]
log likelihood =  -13420.460343911416
Edge derivatives =  [0.21318490692337866, -0.1048185011523659, -0.04996598955529641, 0.061902006815470534, -0.01383602539247783, -0.31726180219027417, 0.38970699076497906, 0.054675656658048744, 0.27231385535701536, 0.17027689460783135, 0.16910757349750075, 0.17972714115801225, -0.04115503067112175, 0.07253871275891077, 0.022610717339541564, 0.17483447791489515]
other derivatives: [-0.29995135  1.27274689  0.8756615  -0.4123649   0.14006218  0.13351382
 -0.01364242]
Current x array =  [-0.75560479 -0.8237935  -0.54312736  0.6335838  -2.64480523 -1.99417565
 -1.75372032 -1.10894321 -1.15962216 -1.28439525 -1.16760648 -3.17814659
 -3.15117346 -0.73679921  0.53468141 -1.74062399 -1.33760357 -2.98769813
 -1.33071089 -1.7746387  -1.51181958 -1.2582556  -1.18309405]
log likelihood =  -13420.458968169194
Edge derivatives =  [0.16345799005969464, -0.11819056332988201, -0.08738867818190738, -0.0156995765265672, -0.016122785211857865, -0.31803804120778395, 0.24502371703456202, 0.054950301513554844, 0.22240038487640773, 0.15124247223599774, 0.17052597681825976, 0.1664473778405901, -0.027402822805450366, 0.07799701553765825, 0.10701981145177697, 0.2705338292256476]
other derivatives: [ 0.0176442   0.30267984 -0.1895387  -0.21027518 -0.11496013  0.11532393
 -0.00491127]
Current x array =  [-0.75579093 -0.82317465 -0.54287527  0.63321566 -2.64432131 -1.99366522
 -1.7536309  -1.10840188 -1.15976945 -1.28452016 -1.1673808  -3.1780993
 -3.15165657 -0.73584413  0.53414063 -1.74007679 -1.33756492 -2.98739899
 -1.33068291 -1.77486239 -1.51186728 -1.25885031 -1.18367383]
log likelihood =  -13420.458284660665
Edge derivatives =  [0.11151696127118849, -0.12232603976453177, -0.11966346868703331, -0.06453067195124482, -0.022901245672715967, -0.3211833839312804, 0.15611402110064598, 0.04178117292862782, 0.1543507860539492, 0.08624623110185436, 0.16015277093260727, 0.10083839413648632, -0.03534195693491077, 0.04112860497847326, 0.096127836769068, 0.2294909574259255]
other derivatives: [-0.03601599 -0.42200554 -0.15570549 -0.12223609 -0.25247573  0.11095835
 -0.00218279]
Current x array =  [-0.7558348  -0.82276182 -0.54287443  0.63302718 -2.6441559  -1.9937033
 -1.75389477 -1.10788279 -1.16012419 -1.28455035 -1.16724316 -3.17812898
 -3.15221153 -0.73520551  0.53403543 -1.73941485 -1.33727344 -2.98713291
 -1.33032789 -1.77492333 -1.51168104 -1.25890628 -1.18351526]
log likelihood =  -13420.457413433045
Edge derivatives =  [0.0556636979499906, -0.12437445560830163, -0.12371678097955469, -0.101266098299709, -0.02775636514158436, -0.32133987583369006, 0.07239277753950654, 0.06989508823166435, 0.06292513737811106, 0.007497585924067129, 0.1423766192876623, 0.008517255413255542, -0.03920413364273856, -0.000845380502742854, 0.07049384358099986, 0.14273361595627432]
other derivatives: [ 0.25102054 -0.80344762 -0.11805241 -0.02728484 -0.2910383   0.09767973
 -0.00945874]
Current x array =  [-0.75596115 -0.82255779 -0.54284946  0.63279295 -2.64422614 -1.99348467
 -1.75416547 -1.10695104 -1.16048795 -1.28489652 -1.16728778 -3.1782097
 -3.15332832 -0.73436227  0.53381003 -1.73841592 -1.33682482 -2.98657629
 -1.3297776  -1.7750377  -1.51138801 -1.25885208 -1.18308234]
log likelihood =  -13420.456057239331
Edge derivatives =  [-0.04156288710633982, -0.13092676449184992, -0.09594726901539957, -0.14923773371686422, -0.032317143902896875, -0.3140075071562978, -0.06698619387118543, 0.113929428372195, -0.09413295855595177, -0.11902032309590704, 0.1047202658656681, -0.13334336699774785, -0.03632188876510717, -0.0647378036004036, 0.01959361554291672, -0.027539422746033937]
other derivatives: [-0.47712092 -0.85092324  0.14497346  0.25302143 -0.27284841  0.04438334
 -0.02983143]
Current x array =  [-0.75580807 -0.8226194  -0.54288736  0.63224109 -2.64465093 -1.99229653
 -1.75423347 -1.10494422 -1.16111941 -1.28598658 -1.1676947  -3.17830744
 -3.15591221 -0.73271421  0.53356832 -1.73674821 -1.33609269 -2.98515712
 -1.32896229 -1.77535731 -1.51095224 -1.2587384  -1.18225465]
log likelihood =  -13420.455334007278
Edge derivatives =  [-0.059254923130233506, -0.1486965064997432, 0.00550350088399254, -0.1468059562448753, -0.01411100671858928, -0.28431628576078716, -0.15504891572046936, 0.16003723091896727, -0.17272418969840858, -0.17913633161038744, 0.08254927929984304, -0.19757249953384104, -0.006090878740414918, -0.0750131516557151, 0.027495789050316466, -0.1263142133626015]
other derivatives: [ 1.70912244 -0.26157068  0.0509317   0.18571882  0.05675247 -0.02419256
 -0.06366463]
Current x array =  [-0.75640084 -0.82295441 -0.54273647  0.63222893 -2.64561386 -1.99066238
 -1.75429848 -1.10341731 -1.16060887 -1.28740431 -1.16847915 -3.17888058
 -3.15981749 -0.73082065  0.53404724 -1.73547456 -1.33539316 -2.98371541
 -1.32837962 -1.77569819 -1.51060245 -1.25869809 -1.18159713]
log likelihood =  -13420.454627195779
Edge derivatives =  [-0.0563021291449628, -0.14473766948456934, 0.02460358544785257, -0.1282677983345398, -0.009727617833028349, -0.2772009722092336, -0.13027813843686228, 0.15425005515539758, -0.17074624669177807, -0.16344082534959703, 0.08097035169503858, -0.18280034230182252, -0.004868659566341693, -0.07356335399512492, 0.016044785581513454, -0.1307404166437518]
other derivatives: [ 0.44437911 -0.00527507  0.10859367  0.154796    0.10095391 -0.03019522
 -0.05657057]
Current x array =  [-0.75602446 -0.82316347 -0.54277271  0.63241725 -2.6457517  -1.99049888
 -1.75430911 -1.10334726 -1.16062473 -1.28759746 -1.16872867 -3.17894167
 -3.16033814 -0.73088343  0.53416005 -1.73551785 -1.33546794 -2.98352691
 -1.32848061 -1.77573211 -1.51062752 -1.25863604 -1.18157853]
log likelihood =  -13420.454167367514
Edge derivatives =  [-0.02985126374079128, -0.13487655345434146, 0.0591584198516093, -0.10096558108551715, 0.0023281579134132036, -0.26077428958157656, -0.10042670890818275, 0.12283531884108212, -0.1455312842802528, -0.12358810932535425, 0.08417867386542688, -0.13709276778533447, 0.00493963483508425, -0.055662775958083444, 0.021394875631676857, -0.10774471211550773]
other derivatives: [-0.28903742  0.37343852  0.02892193  0.02892193  0.19736035 -0.03874447
 -0.04638423]
Current x array =  [-0.75578153 -0.82342614 -0.54275581  0.63279235 -2.646012   -1.99029033
 -1.75442136 -1.10344897 -1.1605066  -1.28781342 -1.16908828 -3.17915394
 -3.16145937 -0.73081048  0.53464667 -1.73568777 -1.33558592 -2.98327499
 -1.32869832 -1.77577965 -1.51069285 -1.25860195 -1.18164708]
log likelihood =  -13420.453767426126
Edge derivatives =  [-0.013627563093717265, -0.13175434544130385, 0.09116987349747196, -0.0797656158568327, 0.016511689320410625, -0.24038442685334777, -0.08780725197531761, 0.07452440551559747, -0.12365110404920537, -0.08662719296419519, 0.08588966776489337, -0.0878040702906886, 0.01658774848764899, -0.039913743089946774, 0.025412784395726917, -0.08094347952699033]
other derivatives: [-0.53441909  0.4802132   0.02637535 -0.10586518  0.26357156 -0.0512955
 -0.0338332 ]
Current x array =  [-0.75568871 -0.82350424 -0.54274827  0.63313054 -2.64620008 -1.98998051
 -1.75458645 -1.10346952 -1.16034328 -1.28809051 -1.16953687 -3.17943999
 -3.16308188 -0.73057064  0.53521582 -1.73580552 -1.33569829 -2.9828829
 -1.32892568 -1.77585461 -1.51075702 -1.2585849  -1.18175161]
log likelihood =  -13420.452802336527
Edge derivatives =  [-0.004448552618639745, -0.10606608153518032, 0.13102725950258376, -0.05646333794107766, 0.050414858423344214, -0.18873716819246847, -0.0985816559906128, -0.08411199976091577, -0.09841143476081543, -0.008860748784884631, 0.08513294253996403, 0.006970877011710397, 0.037782233624062356, -0.01317663432406968, 0.018019042465271973, -0.023700917933984877]
other derivatives: [-0.70613169  0.54533302 -0.19208528 -0.24228939  0.12987584 -0.05966285
  0.01382432]
Current x array =  [-0.75563282 -0.82354065 -0.54269565  0.63356311 -2.64609308 -1.98977901
 -1.75544163 -1.10336676 -1.16059594 -1.28841426 -1.17059283 -3.18011824
 -3.16759369 -0.72991462  0.53643667 -1.7358     -1.33593826 -2.98174986
 -1.3293132  -1.77599941 -1.51083524 -1.25849606 -1.18199833]
log likelihood =  -13420.453877588177
Edge derivatives =  [-0.0012048970866964659, -0.06386520695171738, 0.15311926900869854, 0.04948474049200122, 0.08818993395372367, -0.11229386539592177, 0.026371057806304943, -0.2856325095823734, 0.01922325792785612, 0.07473884249518548, 0.05788927911526082, 0.19184657184274456, 0.045496754962569996, -0.01052569438284301, -0.13571806839874923, -0.06325271507154073]
other derivatives: [-0.39181032 -0.48421498  3.66853783 -0.38053258  0.5496986  -0.07130438
  0.07712515]
Current x array =  [-0.75565426 -0.82287462 -0.54369924  0.63325672 -2.64686727 -1.98932869
 -1.7559532  -1.10343668 -1.16216906 -1.28837007 -1.17268751 -3.18050948
 -3.17463868 -0.73011698  0.53859327 -1.73720356 -1.33658688 -2.97945545
 -1.33022655 -1.77597438 -1.51122654 -1.25780938 -1.18194293]
log likelihood =  -13420.452410748294
Edge derivatives =  [-0.0033070961483160355, -0.09167220861625397, 0.13858844967967932, -0.02031812114781878, 0.06329105453301527, -0.16259618583473057, -0.055997125702315215, -0.15272310588173543, -0.05830902842020763, 0.019647543757779884, 0.07588879623120934, 0.0699615798752633, 0.04043185575104019, -0.01225077776377348, -0.0342784193972544, -0.037123532803380876]
other derivatives: [-0.59881131  0.19499566  1.12449925 -0.28921932  0.27321221 -0.06366463
  0.03547029]
Current x array =  [-0.75564012 -0.82331385 -0.5430374   0.63345877 -2.64635671 -1.98962567
 -1.75561583 -1.10339057 -1.16113163 -1.28839921 -1.17130613 -3.18025147
 -3.1699927  -0.72998353  0.53717105 -1.73627795 -1.33615913 -2.98096855
 -1.32962423 -1.77599089 -1.51096849 -1.25826223 -1.18197946]
log likelihood =  -13420.451696144857
Edge derivatives =  [-0.007686155945015094, -0.049394304041934955, 0.15675715036463067, -0.013588288810430338, 0.09196645961116481, -0.11791697167013111, -0.0907592473355737, -0.2856006430098743, -0.0477452605529769, 0.07315439329024298, 0.06576964546157774, 0.11915844248338103, 0.05604536475744032, 0.011149501986844057, -0.057391279219237035, -0.014809824119687343]
other derivatives: [-0.35470293 -0.08185452  0.21063897 -0.16098056  0.06530172 -0.06639311
  0.07348717]
Current x array =  [-0.75576323 -0.82311548 -0.54282152  0.63329737 -2.64615009 -1.98952975
 -1.75639338 -1.10299022 -1.161927   -1.28849589 -1.1722686  -3.18069112
 -3.17446306 -0.72931152  0.53800047 -1.73613238 -1.33626563 -2.97963193
 -1.3297696  -1.77609189 -1.51098999 -1.25814108 -1.18207157]
log likelihood =  -13420.451345801892
Edge derivatives =  [-0.01946500370140991, -0.02135010111567215, 0.13919775797443013, -0.015752767321323496, 0.09914004235479108, -0.10372472676310097, -0.10210532918944015, -0.3127357485446062, -0.04562926220994651, 0.07951063596739838, 0.05782461052895105, 0.11436807979099795, 0.053059596539685006, 0.013923007485626027, -0.07150226515436808, -0.013873256335553585]
other derivatives: [-0.02146407 -0.19335857 -0.03765308  0.00109139 -0.08094503 -0.05384209
  0.08913048]
Current x array =  [-0.7558913  -0.8230127  -0.54277736  0.63294425 -2.64587364 -1.98976452
 -1.75668589 -1.10278466 -1.16267767 -1.28820337 -1.17259902 -3.18065578
 -3.17616662 -0.72925469  0.53794738 -1.73611288 -1.33626915 -2.97901592
 -1.32969456 -1.77605009 -1.51098514 -1.25810083 -1.18209908]
log likelihood =  -13420.450898414196
Edge derivatives =  [-0.028952459549637655, 0.023905842471838967, 0.10667759904267038, -0.007005761230970936, 0.10396398103754491, -0.08989218572353147, -0.08664519500660106, -0.27634766704593183, -0.03589361382606754, 0.07347157793349557, 0.04551020113596044, 0.08345817151317331, 0.0399994050345136, 0.013210142316616214, -0.08343727538383072, -0.017972222522146586]
other derivatives: [ 0.29631337 -0.22573658 -0.18535502  0.19590516 -0.16570993 -0.02673914
  0.10422809]
Current x array =  [-0.75601012 -0.8229518  -0.54276382  0.63247176 -2.64561446 -1.99022964
 -1.75689268 -1.10254344 -1.16387717 -1.28755747 -1.17299012 -3.18036573
 -3.17813075 -0.72948519  0.53740664 -1.73621097 -1.33620682 -2.97818929
 -1.32946524 -1.77590376 -1.51097259 -1.25809267 -1.1821129 ]
log likelihood =  -13420.450339367355
Edge derivatives =  [-0.02998948313956007, 0.079936971585721, 0.07154461266318735, 0.01871536439027735, 0.1104617844978841, -0.06928066900637894, -0.044662073812512554, -0.15823810634019808, -0.017355284720006414, 0.051323659956735934, 0.029545491349935005, 0.027495779811600674, 0.018088799821369517, 0.00889364214324495, -0.07298340502955647, -0.014945240014783367]
other derivatives: [ 0.44819899 -0.17735147 -0.24301698  0.24410838 -0.10822987  0.00545697
  0.11677912]
Current x array =  [-0.7560567  -0.82295807 -0.54275529  0.63229515 -2.64550953 -1.99072851
 -1.75696689 -1.10224191 -1.1652632  -1.28665656 -1.17358912 -3.17986569
 -3.18116751 -0.72981598  0.53640991 -1.73638259 -1.33600001 -2.97695017
 -1.32907281 -1.77567806 -1.51093623 -1.25822226 -1.18215737]
log likelihood =  -13420.449749386145
Edge derivatives =  [-0.05390239786243467, 0.09306963770137189, 0.010261447013676595, 0.018970484543251148, 0.11650156989151798, -0.03569238309424669, -0.05713648900292401, -0.03874385021404425, -0.019272674095973497, -0.02968218939823919, 0.008341684041694108, -0.04869025981333891, -0.01674554408953638, -0.01843408248487899, -0.014007481400955313, -0.01362899034178311]
other derivatives: [ 0.30759111  0.1724402   0.24738256  0.06020855 -0.19972504  0.01891749
  0.11277734]
Current x array =  [-0.75598441 -0.8231837  -0.54285537  0.63272931 -2.64505022 -1.99087144
 -1.75651678 -1.10185834 -1.16592    -1.28555242 -1.17431392 -3.17891196
 -3.18645511 -0.72973226  0.53522056 -1.73638655 -1.33546122 -2.97504343
 -1.32860575 -1.77547013 -1.51082379 -1.25872358 -1.18226209]
log likelihood =  -13420.449650347999
Edge derivatives =  [-0.02275871951379904, 0.10076049466541509, -0.03216413294872755, 0.0584912183380977, 0.11248180208769853, -0.023624812464242334, 0.021499191193978612, 0.13226670626911052, 0.03988294723812735, -0.07631326585958342, -0.010763757583867814, -0.09054025861553677, -0.04847836950974649, -0.020718525904869667, 0.003653529072612738, -0.04125993272634876]
other derivatives: [-0.79853635 -0.60881575 -0.32869139 -0.0351065   0.13587851  0.02273737
  0.07657945]
Current x array =  [-0.7556883  -0.82276668 -0.54271048  0.63291943 -2.64547681 -1.99079221
 -1.75522177 -1.10202534 -1.16611675 -1.2844468  -1.17472887 -3.17752246
 -3.18933723 -0.73048001  0.53416186 -1.73715983 -1.3351795  -2.97378916
 -1.32848559 -1.77520896 -1.51090273 -1.25901699 -1.18222568]
log likelihood =  -13420.449356328227
Edge derivatives =  [-0.011631508410150482, 0.07767694614064785, -0.0066050161663849805, 0.05560550254970606, 0.11357839867060034, -0.02462801212080562, 0.010092373304515984, 0.09905382057594436, 0.03827061106675422, -0.06156331736143961, -0.002803272061397799, -0.05620220040746127, -0.034663848602638325, -0.011968270515324786, 0.023754118073639696, -0.026953005150768927]
other derivatives: [-0.00836735 -0.01346052  0.06202754 -0.16643753  0.13278623  0.00945874
  0.06748451]
Current x array =  [-0.75586322 -0.82310151 -0.54277828  0.63317709 -2.64549014 -1.99051712
 -1.75511851 -1.10213027 -1.16544375 -1.28479531 -1.17457961 -3.17763897
 -3.18881668 -0.73026531  0.53454899 -1.73705482 -1.3352272  -2.97408664
 -1.32864994 -1.77531651 -1.51091202 -1.25904335 -1.18225161]
log likelihood =  -13420.449268683395
Edge derivatives =  [-0.011625791004420294, 0.057853215261936375, -0.004230233554852525, 0.046937061503331684, 0.11258836111062803, -0.02495611461157314, -0.0057997114149615225, 0.06016936325111977, 0.03633322006352224, -0.05820858138928242, -0.0011872062887246793, -0.036807860602172615, -0.030176823406307618, -0.010303454166523784, 0.02475592830702822, -0.027879134537916572]
other derivatives: [-0.0516593   0.07221388  0.11787051 -0.16480044  0.07839844 -0.00181899
  0.05929905]
Current x array =  [-0.75584743 -0.82315626 -0.54279289  0.6332106  -2.64544031 -1.99032846
 -1.75491167 -1.10221683 -1.16500621 -1.28491486 -1.17448689 -3.17754356
 -3.18874722 -0.73017313  0.53480963 -1.73704821 -1.33526647 -2.97416609
 -1.32878804 -1.77537907 -1.51093307 -1.25905428 -1.18226028]
log likelihood =  -13420.44910795035
Edge derivatives =  [0.025051726245524875, -0.039562978510352176, -0.02637997654126134, 0.03757729960632886, 0.09556808166656809, -0.029744933859249922, -0.00238309544851778, 0.060379887790219744, 0.07315044106185603, -0.07121593910190183, -0.004819901417957517, 0.019893306343632622, -0.027581116415696216, 0.0015699049216210126, 0.054521346474617594, -0.03945497458167124]
other derivatives: [ 0.65665517  0.06584742  0.22155291 -0.27175702  0.15206751 -0.04147296
 -0.02746674]
Current x array =  [-0.75601996 -0.82313059 -0.54278534  0.63339766 -2.64551329 -1.98949694
 -1.75256445 -1.10288292 -1.16286587 -1.28451829 -1.17399624 -3.17554457
 -3.1894968  -0.73060745  0.53491447 -1.737573   -1.3353124  -2.97390635
 -1.32932104 -1.77548769 -1.51110011 -1.25934983 -1.18233259]
log likelihood =  -13420.448898327508
Edge derivatives =  [0.01329444327366347, -0.03899327710940115, -0.04184671051402855, 0.02606573598477016, 0.10015609853400596, -0.014120844364233054, -0.027392257803080522, -0.026610910036808155, 0.06626800432900098, -0.045448548022490765, -0.012713101603848503, 0.04213044623109308, -0.023448742098597652, 0.006125420629402356, 0.028577738860717683, -0.03179391296641709]
other derivatives: [-0.11368684  0.16952981  0.05347829 -0.01982698 -0.06129994 -0.04311005
 -0.02110028]
Current x array =  [-0.75583389 -0.82319811 -0.54279256  0.6329912  -2.64524417 -1.9894926
 -1.75245814 -1.10282088 -1.16303268 -1.28439032 -1.17420744 -3.17509895
 -3.19141521 -0.73053836  0.53524639 -1.73753521 -1.33549434 -2.97330349
 -1.32946667 -1.77557259 -1.51114895 -1.25927337 -1.18244172]
log likelihood =  -13420.448842173817
Edge derivatives =  [0.011542918209805242, -0.027054248917252, -0.05246815788081216, 0.030516216248792583, 0.10018589939586714, -0.009365487418026147, -0.017592682863180137, -0.010212359022960138, 0.0672185172260697, -0.041893883680143684, -0.017901152768714026, 0.03203643784545268, -0.026214759084470574, 0.005354457071823249, 0.019660210138289225, -0.028314458149726995]
other derivatives: [-0.08876668  0.04329195  0.03929017  0.03528839 -0.05584297 -0.0345608
 -0.01909939]
Current x array =  [-0.75585212 -0.82311243 -0.54279728  0.63284091 -2.64521639 -1.98963476
 -1.75241309 -1.10276381 -1.16337474 -1.2841795  -1.1743155  -3.17479862
 -3.19223318 -0.73066919  0.53507155 -1.73755586 -1.33553044 -2.97298386
 -1.32940384 -1.77555147 -1.51115575 -1.25925852 -1.18248605]
log likelihood =  -13420.448789953472
Edge derivatives =  [0.02488116365682691, -0.011334680858512691, -0.056235645950331536, 0.03592519663438634, 0.0980480623692483, -0.0021556519460035756, -0.002201723430245439, 0.019418272512566337, 0.0636040916697373, -0.01564769633669083, -0.02468249705077709, 0.013743324686178227, -0.021946239204835127, 0.015706865809398063, 0.016101089723147166, -0.003957873079340812]
other derivatives: [ 0.04001777  0.03274181 -0.5671609   0.09804353 -0.06002665 -0.02273737
 -0.02910383]
Current x array =  [-0.75590558 -0.82308912 -0.54264881  0.63273454 -2.64517009 -1.98981161
 -1.7520661  -1.10271743 -1.16362324 -1.28391254 -1.17433041 -3.17382321
 -3.19373033 -0.73090583  0.53479468 -1.73745348 -1.33566018 -2.9724714
 -1.32929873 -1.77559954 -1.51116475 -1.259267   -1.18263751]
log likelihood =  -13420.44872013747
Edge derivatives =  [0.021614364849318557, -0.014146837639071042, -0.06368128253825217, 0.03617230113137318, 0.09373298294564311, -5.375321057682347e-06, 0.004367471729563033, 0.027506347193802516, 0.054346332077100934, -0.009161204810555823, -0.028975570525870048, 0.008288914639798362, -0.02057595457679795, 0.010843966927714055, 0.0037859248678581148, 0.0032044370255002175]
other derivatives: [ 0.05893526 -0.08385541 -0.24465407  0.10895747 -0.03255991 -0.01837179
 -0.03328751]
Current x array =  [-0.7559097  -0.82301451 -0.54273321  0.63265466 -2.64518286 -1.98988325
 -1.75184947 -1.10271908 -1.16368234 -1.28382431 -1.17429299 -3.17325641
 -3.19437425 -0.73104656  0.53473099 -1.73739686 -1.33576983 -2.97226479
 -1.32928209 -1.77564699 -1.5111774  -1.25924222 -1.18271854]
log likelihood =  -13420.448621901329
Edge derivatives =  [0.021597552311908075, -0.018147747047916385, -0.060079455795073955, 0.03391661841826921, 0.08549536055578127, 0.001163418876248476, 0.011089161273692055, 0.03133589015836835, 0.027984908494894434, 0.016570172484018486, -0.032587357483547796, -0.0008274186412647322, -0.010317129099898292, 0.007504271427966724, -0.013741829000632255, 0.02670320681115823]
other derivatives: [ 0.08858478 -0.13315002  0.07403287  0.09476935  0.00400178 -0.01218723
 -0.04056346]
Current x array =  [-0.75591131 -0.82298213 -0.5428132   0.63263661 -2.64522325 -1.99000402
 -1.75156783 -1.10271225 -1.16365171 -1.28389457 -1.1740973  -3.17224813
 -3.19509152 -0.73121477  0.53474028 -1.73713065 -1.33601525 -2.972117
 -1.32924208 -1.77579717 -1.51118101 -1.25917609 -1.18288452]
log likelihood =  -13420.448515877353
Edge derivatives =  [0.02512925991303472, -0.019222365603095593, -0.040680167623061536, 0.028156665055892843, 0.07336314349338703, 0.0006607807372843028, 0.015824600783409387, 0.028641360846842545, -0.018038294118510212, 0.061311490169087324, -0.03443185589566765, -0.015477162178402115, 0.009824907747112144, 0.0066564230103894895, -0.03371075568833615, 0.06522867972353275]
other derivatives: [ 0.09567884 -0.09276846  0.25338522  0.04729372  0.03674359 -0.00236469
 -0.04838512]
Current x array =  [-0.75590285 -0.8230086  -0.54285306  0.63272234 -2.64528081 -1.99020173
 -1.75132399 -1.10266389 -1.16357231 -1.28418682 -1.17371895 -3.17082634
 -3.19577308 -0.73137687  0.53483834 -1.73660872 -1.33637691 -2.97209014
 -1.32916047 -1.77605457 -1.5111614  -1.2590705  -1.18311371]
log likelihood =  -13420.448423884367
Edge derivatives =  [0.024769127015805026, -0.014883079922228482, -0.021164187845016946, 0.01952364019747943, 0.061861860765335064, -0.0013709229872204132, 0.01308115055337744, 0.018798911224042536, -0.05147375440801133, 0.07305590374825954, -0.03451483896011294, -0.02346513085617785, 0.0225122605376204, 0.004649568209987298, -0.03582414684957602, 0.06917672597303226]
other derivatives: [ 0.03929017 -0.0689397   0.19626896 -0.00436557  0.02091838  0.00563887
 -0.0511136 ]
Current x array =  [-0.75588479 -0.82303277 -0.5428298   0.63286229 -2.64527354 -1.99038403
 -1.75129987 -1.10254571 -1.16357874 -1.28449704 -1.17335926 -3.16960953
 -3.19621568 -0.73145995  0.53494296 -1.73623121 -1.3364941  -2.97217425
 -1.32911496 -1.77622046 -1.51111527 -1.25905702 -1.18313183]
log likelihood =  -13420.448270247038
Edge derivatives =  [0.023778812439612773, -0.003938092449526975, 0.009213733330350138, 0.0057780027635486175, 0.03542701354316585, -0.006338847681782098, 0.016648469053145487, 0.02709798129907115, -0.08259889132940296, 0.045358656068971714, -0.033891038051100095, -0.02175301013844999, 0.0336667353122565, 0.0007809771379579944, -0.009269171600359116, 0.03187525585744333]
other derivatives: [-0.02928573  0.13424142  0.12805685 -0.01928129  0.03747118  0.02182787
 -0.05638867]
Current x array =  [-0.75585933 -0.82317151 -0.54279485  0.63292403 -2.6453649  -1.99071266
 -1.75128411 -1.10224696 -1.1636742  -1.28494174 -1.17261153 -3.16682448
 -3.19718428 -0.7317352   0.53498542 -1.73592706 -1.33638041 -2.97239047
 -1.32911548 -1.77636573 -1.51101943 -1.25919022 -1.18289796]
log likelihood =  -13420.448245938833
Edge derivatives =  [0.0001375222124183617, -0.014633527493532195, 0.03736190687090235, -0.028491093431406572, 0.008456413703489526, -0.0178733407545979, -0.020079754785538584, -0.0448318862857211, -0.09466783461509981, -0.011201852301244708, -0.02612972086320238, 0.010835694435082532, 0.03735276177603486, -0.010087485126406448, 0.01283965037432011, -0.03458324718839756]
other derivatives: [-0.15279511 -0.34924597 -0.15588739 -0.07148628 -0.05366019  0.02000888
 -0.05002221]
Current x array =  [-0.75585618 -0.82291283 -0.54269889  0.63310071 -2.64535826 -1.99075172
 -1.75167279 -1.101916   -1.16338663 -1.2856961  -1.17175409 -3.16448562
 -3.19711943 -0.73169879  0.53554741 -1.73589502 -1.336113   -2.97316105
 -1.32933118 -1.7764317  -1.51091918 -1.25930919 -1.18250476]
      fun: 13420.448245938833
 hess_inv: <23x23 LbfgsInvHessProduct with dtype=float64>
      jac: array([ 1.52795110e-01,  3.49245965e-01,  1.55887392e-01,  7.14862836e-02,
        5.36601874e-02, -2.00088834e-02,  5.00222086e-02, -1.37522212e-04,
        1.46335275e-02, -3.73619069e-02,  2.84910934e-02, -8.45641370e-03,
        1.78733408e-02,  2.00797548e-02,  4.48318863e-02,  9.46678346e-02,
        1.12018523e-02,  2.61297209e-02, -1.08356944e-02, -3.73527618e-02,
        1.00874851e-02, -1.28396504e-02,  3.45832472e-02])
  message: 'CONVERGENCE: REL_REDUCTION_OF_F_<=_FACTR*EPSMCH'
     nfev: 63
      nit: 59
     njev: 63
   status: 0
  success: True
        x: array([-0.75585618, -0.82291283, -0.54269889,  0.63310071, -2.64535826,
       -1.99075172, -1.75167279, -1.101916  , -1.16338663, -1.2856961 ,
       -1.17175409, -3.16448562, -3.19711943, -0.73169879,  0.53554741,
       -1.73589502, -1.336113  , -2.97316105, -1.32933118, -1.7764317 ,
       -1.51091918, -1.25930919, -1.18250476])
