number of sites to be analyzed:  230
log likelihood =  -2991.617142030701
Lr derivatives =  [-103.69067337515379, -202.08830471718375, -194.38938318876328]
other derivatives =  [ 19.66425907 -20.26177754  27.56330287 -43.61636229 216.10565545
  -8.60510181  -0.        ]
Current x_clock array =  [-0.61726025 -0.64848517 -0.56292522  0.18232156 -0.10536052 -0.10536052
  0.33647224 -0.51082562 -0.51082562 -0.51082562]
log likelihood =  -2814.5063729460912
Lr derivatives =  [33.83401820796164, -130.48952499009238, -147.01243963035458]
other derivatives =  [-80.61710741   5.62659989 -72.18534438 -14.44540749 150.49236663
  -9.29303678  -0.        ]
Current x_clock array =  [-0.69715591 -0.64605354 -0.67491461  0.35953434 -0.98339533 -0.07039809
  0.33647224 -0.0895316  -0.50875015 -0.50875015]
log likelihood =  -2706.0862328353633
Lr derivatives =  [51.33039645024764, -42.869927619389934, -31.63726403765751]
other derivatives =  [539.55424846  37.55197213  99.73019314   3.01306181  19.56441078
   2.34323579  -0.        ]
Current x_clock array =  [-0.38655155 -0.71084129 -0.43297411  0.58648965 -2.48190663  0.00491325
  0.33647224  0.12691863 -0.30157898 -0.20749565]
log likelihood =  -2650.654521954908
Lr derivatives =  [22.305782908662295, -48.38912367581081, -10.00987019829452]
other derivatives =  [-98.50629112  -3.7583759   41.91678272  24.72200231 -17.71039428
   4.5380898   -0.        ]
Current x_clock array =  [-0.72303542 -0.7553384  -0.45967932  0.64019854 -2.85366405  0.02075305
  0.33647224  0.15269404 -0.25516243 -0.14811455]
log likelihood =  -2640.085753282698
Lr derivatives =  [31.969491619802287, -46.8988212962245, -15.611003302370058]
other derivatives =  [-48.7332677   -2.34493518  20.54356264  21.08276931   1.02709612
   1.97235249  -0.        ]
Current x_clock array =  [-0.67544067 -0.74559023 -0.48304738  0.58649807 -2.60306497  0.0077097
  0.33647224  0.07191967 -0.23834181 -0.15772616]
log likelihood =  -2626.329917887397
Lr derivatives =  [31.023526744588168, -34.577513494460604, 13.977280801104865]
other derivatives =  [45.99769409 -2.18887453 10.72827445 12.38876166 16.43687767  0.16696958
 -0.        ]
Current x_clock array =  [-0.60295183 -0.73694169 -0.50092994  0.47676294 -2.3491834  -0.00670764
  0.33647224 -0.14686644 -0.08693116 -0.09287627]
log likelihood =  -2620.902819097322
Lr derivatives =  [0.2711901986380898, -40.23989838580549, 27.3603004833151]
other derivatives =  [ 50.65167716  -5.36726156 -12.33047442   8.7047747   12.20168529
  -0.52646283  -0.        ]
Current x_clock array =  [-0.59736042 -0.72873902 -0.53258638  0.39745283 -2.30059391 -0.01308205
  0.33647224 -0.31770832  0.         -0.07144102]
log likelihood =  -2618.4098525456284
Lr derivatives =  [-5.277512276075932, -47.878357286686736, -3.7779031715736835]
other derivatives =  [ 13.17468559   5.45967214 -11.7496329    8.69746555   3.1004917
  -0.52673977  -0.        ]
Current x_clock array =  [-0.62330861 -0.71116325 -0.52989042  0.36884415 -2.39835832 -0.01172879
  0.33647224 -0.30169498  0.         -0.12845919]
log likelihood =  -2617.9297773919034
Lr derivatives =  [-3.3973077883267333, -47.190250519107614, -2.5660105418539025]
other derivatives =  [-1.4022753   2.28786212  1.39895201  7.72417206 -0.08280056 -0.08521147
 -0.        ]
Current x_clock array =  [-0.63486222 -0.71841652 -0.51325488  0.35469909 -2.45033577 -0.009627
  0.33647224 -0.27837471  0.         -0.12818442]
log likelihood =  -2617.776538025192
Lr derivatives =  [-2.1133045160336437, -46.48151283709631, -2.009719830906409]
other derivatives =  [-5.94940411 -0.12639248  2.21650043  6.29455189 -0.57431009  0.02340494
 -0.        ]
Current x_clock array =  [-0.63846221 -0.72262745 -0.51216631  0.33394158 -2.46471189 -0.00906213
  0.33647224 -0.26997306  0.         -0.12816205]
log likelihood =  -2617.5353819907486
Lr derivatives =  [-0.2920528733037173, -45.29839826392175, -1.0076940249397843]
other derivatives =  [-7.6071783  -0.98197506  4.56238195  2.00382965 -0.28994683  0.08070265
 -0.        ]
Current x_clock array =  [-0.64024048 -0.72372299 -0.51090819  0.27266895 -2.4773172  -0.00871105
  0.33647224 -0.26222649  0.         -0.12763974]
log likelihood =  -2617.5307455957345
Lr derivatives =  [1.9888048543199304, -43.357535288580976, 0.8706229714652807]
other derivatives =  [-3.151079   -3.07194841 -8.69993664  0.43641285 -0.69199952  0.22567383
 -0.        ]
Current x_clock array =  [-0.63658767 -0.72770726 -0.52547109  0.2429674  -2.49030272 -0.00771928
  0.33647224 -0.25549596  0.         -0.12535613]
log likelihood =  -2617.4968734002823
Lr derivatives =  [0.8748580010854372, -44.302981063487074, -0.04307016250626461]
other derivatives =  [-5.33172442 -2.06224104 -2.35016432  1.19190645 -0.49988376  0.15503838
 -0.        ]
Current x_clock array =  [-0.63836163 -0.72577233 -0.51839873  0.25739172 -2.48399641 -0.00820093
  0.33647224 -0.25876459  0.         -0.12646515]
log likelihood =  -2617.4693493764926
Lr derivatives =  [0.256566639039864, -44.62853007244475, -0.26413714804075994]
other derivatives =  [-1.47445962 -1.06737207  0.10367739 -0.07376457  0.04100754  0.08277766
 -0.        ]
Current x_clock array =  [-0.63562021 -0.72353231 -0.51679817  0.2409209  -2.47851629 -0.00859134
  0.33647224 -0.26294794  0.         -0.12653344]
log likelihood =  -2617.467340600585
Lr derivatives =  [0.1848689870337612, -44.581025516144365, 0.023320126071084246]
other derivatives =  [-0.27081569  0.08868528  0.05665288 -0.05699167  0.0653499   0.07923381
 -0.        ]
Current x_clock array =  [-0.63476217 -0.7216868  -0.51697312  0.24106828 -2.47723914 -0.00878055
  0.33647224 -0.26430282  0.         -0.12582284]
log likelihood =  -2617.4672155127937
Lr derivatives =  [0.016968677718587344, -44.67160271113685, -0.005730771803300172]
other derivatives =  [-0.00666842  0.02316028  0.01121771 -0.00686441  0.00648996  0.07969993
 -0.        ]
Current x_clock array =  [-0.63453581 -0.72175536 -0.51704288  0.24172965 -2.4773741  -0.00888509
  0.33647224 -0.264833    0.         -0.12578877]
log likelihood =  -2617.467202517917
Lr derivatives =  [-0.009067200865480629, -44.68442294084753, -0.002429167209612615]
other derivatives =  [ 0.0113364   0.00211503 -0.00150067  0.00171531  0.00144647  0.07827202
 -0.        ]
Current x_clock array =  [-0.63451638 -0.7217814  -0.51705846  0.24185515 -2.47735622 -0.00903598
  0.33647224 -0.26492186  0.         -0.12576068]
log likelihood =  -2617.467152460901
Lr derivatives =  [-0.05763476551459412, -44.70852369532231, -0.007420600450075199]
other derivatives =  [ 0.07506878 -0.04305411 -0.02537263  0.02566003 -0.01788925  0.07151266
 -0.        ]
Current x_clock array =  [-0.63445515 -0.72185127 -0.51708043  0.24218523 -2.47749875 -0.00988583
  0.33647224 -0.2650333   0.         -0.12572294]
log likelihood =  -2617.467060197077
Lr derivatives =  [-0.1230539295344002, -44.73358183692177, 0.018599968636429765]
other derivatives =  [ 0.08474353 -0.09255518 -0.06163191  0.04134563 -0.02138951  0.0519467
 -0.        ]
Current x_clock array =  [-0.6344266  -0.7219152  -0.51712025  0.2424366  -2.47752644 -0.01197317
  0.33647224 -0.26523703  0.         -0.12556971]
log likelihood =  -2617.4669855545235
Lr derivatives =  [-0.042916387367803566, -44.68338092967811, -0.0012661225203487447]
other derivatives =  [ 0.34253981 -0.14133411  0.00504269  0.07546714 -0.05325202  0.02290926
 -0.        ]
Current x_clock array =  [-0.63423145 -0.72210055 -0.51699347  0.24290327 -2.47859073 -0.01605231
  0.33647224 -0.26465019  0.         -0.12557738]
log likelihood =  -2617.4668924341004
Lr derivatives =  [-0.12826552917842093, -44.73046198070483, -0.047423753765048815]
other derivatives =  [ 0.04162985 -0.02254183 -0.06293385  0.03221612 -0.04914003 -0.00074715
 -0.        ]
Current x_clock array =  [-0.63444011 -0.72184856 -0.51709558  0.24220783 -2.47852891 -0.01798025
  0.33647224 -0.26495729  0.         -0.12559085]
log likelihood =  -2617.466859817994
Lr derivatives =  [-0.05181022235426802, -44.68602129646288, -0.012020338622679816]
other derivatives =  [ 0.00497039 -0.0175437  -0.02065281  0.01041371 -0.02019927  0.00219234
 -0.        ]
Current x_clock array =  [-0.63448197 -0.72185953 -0.5170439   0.24195189 -2.47841783 -0.01767198
  0.33647224 -0.26473854  0.         -0.12555985]
log likelihood =  -2617.4668540469547
Lr derivatives =  [-0.0010516208602524557, -44.65665997606569, 0.001640019429242301]
other derivatives =  [-0.00240289  0.00011414  0.00173532 -0.00027285 -0.00232402  0.00057844
 -0.        ]
Current x_clock array =  [-0.63449598 -0.72184834 -0.5170137   0.24182923 -2.47838837 -0.0178545
  0.33647224 -0.2645824   0.         -0.12555284]
      fun: 2617.4668540469547
 hess_inv: <10x10 LbfgsInvHessProduct with dtype=float64>
      jac: array([-2.40288500e-03,  1.14141585e-04,  1.73531589e-03, -2.72848411e-04,
       -2.32402235e-03,  5.78438630e-04, -0.00000000e+00, -1.05162086e-03,
       -4.46566600e+01,  1.64001943e-03])
  message: 'CONVERGENCE: REL_REDUCTION_OF_F_<=_FACTR*EPSMCH'
     nfev: 23
      nit: 21
     njev: 23
   status: 0
  success: True
        x: array([-0.63449598, -0.72184834, -0.5170137 ,  0.24182923, -2.47838837,
       -0.0178545 ,  0.33647224, -0.2645824 ,  0.        , -0.12555284])
