number of sites to be analyzed:  320
log likelihood =  -3917.1793940742546
Lr derivatives =  [-52.40061224718639, -242.85205549861135, -231.78939047652008]
other derivatives =  [  6.8742529  -28.56489118  31.04164534 -79.86352284 322.16071713
  -7.26700046  -0.        ]
Current x_clock array =  [-0.66399299 -0.68147938 -0.61671106  0.18232156 -0.10536052 -0.10536052
  0.33647224 -0.51082562 -0.51082562 -0.51082562]
log likelihood =  -3639.9210969657847
Lr derivatives =  [-24.038428837031546, -222.51037130755435, -213.4716810424311]
other derivatives =  [-35.79238501  -8.6378268  -61.35439526 -32.41890636 214.99719302
  -3.72171235  -0.        ]
Current x_clock array =  [-0.68435491 -0.6796089  -0.70865812  0.41888169 -1.05961823 -0.08383526
  0.33647224 -0.35561214 -0.50931253 -0.50931253]
log likelihood =  -4260.91016458097
Lr derivatives =  [25.742149976164455, -26.472988276573034, 0.365253072232008]
other derivatives =  [ 2.36985781e+03  1.31787419e+00  6.34281438e+03 -4.00265799e+01
 -4.39765246e+01  1.57217346e+01 -0.00000000e+00]
Current x_clock array =  [-0.20585397 -0.79685207 -0.05        0.73719883 -3.4480091  -0.04475048
  0.33647224 -0.11046795  0.          0.        ]
log likelihood =  -3461.7808537791284
Lr derivatives =  [22.878758465832206, -123.11293210270627, -108.18456903877134]
other derivatives =  [ 3.97963805e+02 -3.45939179e+00  2.33343383e+02 -6.76071113e+00
  9.95914505e+01  4.19163371e-02 -0.00000000e+00]
Current x_clock array =  [-0.48917667 -0.72743183 -0.43999464  0.54872172 -2.03383138 -0.06789277
  0.33647224 -0.255619   -0.3015664  -0.3015664 ]
log likelihood =  -3369.6644961027546
Lr derivatives =  [19.37668251280015, -64.94490816055134, -20.670224332109704]
other derivatives =  [-186.32825049  -16.86576479   40.06620702   30.19164706  -20.94800859
    9.98175074   -0.        ]
Current x_clock array =  [-0.80260262 -0.76191282 -0.55182143  0.73165568 -3.11464938 -0.04949905
  0.33647224 -0.15568725 -0.10872955 -0.12237779]
log likelihood =  -3347.956466555875
Lr derivatives =  [46.9024629030148, -44.95651323732499, -3.725433694770607]
other derivatives =  [-5.83600868e+01  2.19274625e-02 -1.55689954e+01  2.34653098e+01
 -3.32777625e+00  8.94119876e+00 -0.00000000e+00]
Current x_clock array =  [-0.70086109 -0.74648134 -0.60095783  0.67323388 -2.94143722 -0.06038324
  0.33647224 -0.19642107 -0.05675896 -0.10433061]
log likelihood =  -3339.6362262075418
Lr derivatives =  [48.20093047469875, -39.10111156192646, 10.325301777027807]
other derivatives =  [51.0878308   0.73336923  6.92527328 15.19287161  9.6334668   7.5369062
 -0.        ]
Current x_clock array =  [-0.63286877 -0.74409921 -0.58798045  0.60095727 -2.79288121 -0.07693808
  0.33647224 -0.28938242  0.         -0.08343866]
log likelihood =  -3336.975953050991
Lr derivatives =  [28.80270704176342, -52.19424052509397, 2.7370161604971734]
other derivatives =  [37.79833787 -3.21587595  7.06559513 14.46566239  8.63291057  6.94753498
 -0.        ]
Current x_clock array =  [-0.638762   -0.7419035  -0.59093809  0.57381669 -2.76459139 -0.0866152
  0.33647224 -0.34476624  0.         -0.08686785]
log likelihood =  -3334.495503080594
Lr derivatives =  [-7.139606028258328, -74.62663258747642, 2.3928700893745543]
other derivatives =  [-3.29053819  0.79100801  1.74373099 11.22572075  3.4798365   6.45344335
 -0.        ]
Current x_clock array =  [-0.6598404  -0.7242293  -0.60189713  0.50607679 -2.75502117 -0.11400269
  0.33647224 -0.44265169  0.         -0.07467848]
log likelihood =  -3334.173523484354
Lr derivatives =  [-7.496280107786234, -74.95337388356378, 0.3982936257079075]
other derivatives =  [-3.60096601  0.03502373 -1.11004147  9.93934736  1.93827432  6.45572254
 -0.        ]
Current x_clock array =  [-0.65998849 -0.72517459 -0.60479536  0.48873877 -2.77447233 -0.12445861
  0.33647224 -0.44074367  0.         -0.07727094]
log likelihood =  -3333.121384169585
Lr derivatives =  [0.20391875225968903, -69.20393041224236, 7.113069836974656]
other derivatives =  [-17.95074422   7.83900441   9.3973681   -4.28166277  -1.11523508
   6.08063147  -0.        ]
Current x_clock array =  [-0.67180901 -0.71642036 -0.59529445  0.32328435 -2.85710175 -0.23467933
  0.33647224 -0.41189641  0.         -0.07202514]
log likelihood =  -3332.8123242453244
Lr derivatives =  [-1.7805862642920758, -71.504021717206, -5.131952623326342]
other derivatives =  [  3.77728747 -11.02112037  -4.75661682  -4.40758049  -1.94647459
   5.60091621  -0.        ]
Current x_clock array =  [-0.65743013 -0.74022729 -0.60936236  0.32151539 -2.87162182 -0.2742865
  0.33647224 -0.41042714  0.         -0.08682456]
log likelihood =  -3332.669552777551
Lr derivatives =  [0.14451376480833744, -70.13841314506526, -2.677469019475094]
other derivatives =  [ 2.39873725 -4.1836247  -2.48483502 -3.35322693 -0.88128443  5.60065337
 -0.        ]
Current x_clock array =  [-0.65863941 -0.7320148  -0.60674304  0.33516653 -2.85879422 -0.27129386
  0.33647224 -0.40959859  0.         -0.0837649 ]
log likelihood =  -3332.4588467518615
Lr derivatives =  [1.7538590769258917, -68.89769468431467, -0.15621294078793113]
other derivatives =  [ 2.41307771  2.36129199 -0.72768125 -2.36796541  0.19662773  5.35418076
 -0.        ]
Current x_clock array =  [-0.6589751  -0.72438161 -0.60472127  0.34809398 -2.84776246 -0.29934719
  0.33647224 -0.40943418  0.         -0.08001399]
log likelihood =  -3331.928030884794
Lr derivatives =  [4.091183042445877, -66.77790859241728, 4.413767414911433]
other derivatives =  [ 2.29046009 11.98124482  2.58906084 -0.4479507   1.69653009  4.46489094
 -0.        ]
Current x_clock array =  [-0.65951432 -0.713835   -0.60084293  0.37231685 -2.83726382 -0.42276867
  0.33647224 -0.40808396  0.         -0.07224382]
log likelihood =  -3331.115191768817
Lr derivatives =  [5.227677303027249, -65.18488298755915, 6.5223887310308974]
other derivatives =  [ 1.67407825 17.85843688  5.36663265  1.44057231  2.32464781  2.99745352
 -0.        ]
Current x_clock array =  [-0.6600698  -0.70808219 -0.59741289  0.39440714 -2.84238753 -0.68277353
  0.33647224 -0.40544668  0.         -0.06563187]
log likelihood =  -3330.1700421230853
Lr derivatives =  [5.424930244562532, -63.52905823114993, 14.571975364335636]
other derivatives =  [-2.61421837 11.612241   -2.68633266  1.5970154   2.12883534  1.49296394
 -0.        ]
Current x_clock array =  [-0.66232021 -0.7159694  -0.60452781  0.39552323 -2.86229654 -1.10941662
  0.33647224 -0.40282463  0.         -0.05216845]
log likelihood =  -3330.9702525205516
Lr derivatives =  [-10.437182904536108, -74.1803521427417, -30.199422214635]
other derivatives =  [23.6300466   9.5244709  34.3163174  -0.48576521 -3.39464178 -0.38909585
 -0.        ]
Current x_clock array =  [-0.64590999 -0.71636797 -0.57247835  0.36885027 -2.91805785 -1.89261649
  0.33647224 -0.4218244   0.         -0.09212037]
log likelihood =  -3329.8114311854083
Lr derivatives =  [-0.02407944912831539, -67.20667979002502, -3.816028734709608]
other derivatives =  [ 6.26409201 10.92617822  9.69270695  0.88699016  0.45673054  0.64098413
 -0.        ]
Current x_clock array =  [-0.65666918 -0.71610665 -0.59349124  0.38633812 -2.88149853 -1.3791197
  0.33647224 -0.4093674   0.         -0.06592631]
log likelihood =  -3329.569739865632
Lr derivatives =  [0.5540640930426548, -66.25582212091963, -2.1546500825868264]
other derivatives =  [-1.12469888  2.15852424  1.58144212  0.58317164 -0.1343524   0.26384596
 -0.        ]
Current x_clock array =  [-0.66073246 -0.72683793 -0.60068375  0.38132428 -2.89637238 -1.61015605
  0.33647224 -0.4041664   0.         -0.06141696]
log likelihood =  -3329.5435482031926
Lr derivatives =  [0.8779250285200817, -65.49963488068106, 1.5360078664631622]
other derivatives =  [ 3.14091812 -0.65859967 -0.05425545 -0.14753778 -0.57587244  0.10488522
 -0.        ]
Current x_clock array =  [-0.65822404 -0.73062533 -0.60230941  0.37343029 -2.90658586 -1.75167008
  0.33647224 -0.40280488  0.         -0.05646042]
log likelihood =  -3329.536982992095
Lr derivatives =  [-0.17698696580104212, -66.21727851383989, -0.42715933238466164]
other derivatives =  [-1.91572963 -1.15170269 -0.37909103  0.20880043 -0.66832581  0.02975392
 -0.        ]
Current x_clock array =  [-0.66104373 -0.73078744 -0.60260814  0.37657232 -2.90534232 -1.79755155
  0.33647224 -0.40476048  0.         -0.05760008]
log likelihood =  -3329.5348359720574
Lr derivatives =  [-0.009961692477482131, -66.10086152298109, -0.17450413471976134]
other derivatives =  [-0.48838183 -0.39043152  0.0009818   0.2105694  -0.5718652   0.03456587
 -0.        ]
Current x_clock array =  [-0.66024545 -0.72992484 -0.60226949  0.37692084 -2.9043735  -1.79415801
  0.33647224 -0.40488289  0.         -0.05743136]
log likelihood =  -3329.5338205573153
Lr derivatives =  [0.042437595042336795, -66.04653879247846, 0.0071868986341705465]
other derivatives =  [ 0.14217449  0.14894658  0.1010967   0.24646533 -0.44486908  0.02223498
 -0.        ]
Current x_clock array =  [-0.65989465 -0.72926658 -0.60219756  0.37760869 -2.90293002 -1.80379559
  0.33647224 -0.4053068   0.         -0.05717226]
log likelihood =  -3329.5331104988395
Lr derivatives =  [0.04369316689698621, -66.03523301079795, 0.08216331573155955]
other derivatives =  [ 0.2990846   0.28369823  0.08319512  0.24208111 -0.27505895  0.00740973
 -0.        ]
Current x_clock array =  [-0.65980905 -0.72905595 -0.60224386  0.37790177 -2.90106309 -1.81439132
  0.33647224 -0.40578933  0.         -0.05699659]
log likelihood =  -3329.532475470586
Lr derivatives =  [0.11025052954705217, -65.99490921102026, 0.20924838208667396]
other derivatives =  [ 0.07984681 -0.0205232   0.31495074  0.02178422  0.00367993 -0.0014118
 -0.        ]
Current x_clock array =  [-0.65997514 -0.72933416 -0.60207398  0.37602836 -2.89857548 -1.81925325
  0.33647224 -0.40607122  0.         -0.05685714]
log likelihood =  -3329.5327898182854
Lr derivatives =  [0.03652593092279233, -66.1103869836358, -0.4804856681076579]
other derivatives =  [ 0.14177476  0.03215609 -0.73545107 -0.01218132  0.06870384 -0.00862067
 -0.        ]
Current x_clock array =  [-0.65990735 -0.72919287 -0.60313281  0.37548844 -2.89755826 -1.81874229
  0.33647224 -0.40656161  0.         -0.05749733]
log likelihood =  -3329.532392910287
Lr derivatives =  [0.08715753071309251, -66.0310587283009, -0.007658782168942224]
other derivatives =  [ 0.09924679 -0.0040427  -0.01428862  0.01115041  0.02403561 -0.00367004
 -0.        ]
Current x_clock array =  [-0.65995392 -0.72928994 -0.60240539  0.37585937 -2.8982571  -1.81909332
  0.33647224 -0.40622471  0.         -0.05705751]
log likelihood =  -3329.5323797084216
Lr derivatives =  [0.044658642089096645, -66.06143470743072, -0.022126468901053187]
other derivatives =  [ 0.00948012 -0.00924501 -0.00375348  0.01105991  0.01103648 -0.00167936
 -0.        ]
Current x_clock array =  [-0.66000211 -0.72928147 -0.60240064  0.37582093 -2.89829051 -1.81751196
  0.33647224 -0.40630865  0.         -0.05707717]
log likelihood =  -3329.532375336027
Lr derivatives =  [0.007518786328908789, -66.08604180872464, -0.009290034080169818]
other derivatives =  [-0.02157731 -0.01136777 -0.00212367  0.004904    0.00129035 -0.00015847
 -0.        ]
Current x_clock array =  [-0.66001676 -0.72927097 -0.60240668  0.37572821 -2.89831543 -1.81647584
  0.33647224 -0.40639958  0.         -0.05706748]
      fun: 3329.532375336027
 hess_inv: <10x10 LbfgsInvHessProduct with dtype=float64>
      jac: array([-2.15773071e-02, -1.13677743e-02, -2.12367013e-03,  4.90399543e-03,
        1.29035031e-03, -1.58468980e-04, -0.00000000e+00,  7.51878633e-03,
       -6.60860418e+01, -9.29003408e-03])
  message: 'CONVERGENCE: REL_REDUCTION_OF_F_<=_FACTR*EPSMCH'
     nfev: 30
      nit: 26
     njev: 30
   status: 0
  success: True
        x: array([-0.66001676, -0.72927097, -0.60240668,  0.37572821, -2.89831543,
       -1.81647584,  0.33647224, -0.40639958,  0.        , -0.05706748])
