number of sites to be analyzed:  180
log likelihood =  -1907.5861094355191
Lr derivatives =  [76.38935212276557, -49.1506868790764, -15.670701760820299]
other derivatives =  [ 34.44623053  -4.8898587   11.40702784 -22.1411583   83.77243284
  10.09737798]
Current x_clock array =  [-0.57388376 -0.73957328 -0.60472317  0.18232156 -0.10536052  0.33647224
 -0.51082562 -0.51082562 -0.51082562]
log likelihood =  -1810.9327058026306
Lr derivatives =  [-78.99989578927942, -120.92424304843021, -71.19510503906133]
other derivatives =  [-7.08399848e+01 -3.41076793e+00 -9.41848748e+00 -1.54470497e+01
  6.79796326e+01  3.15676516e-02]
Current x_clock array =  [-0.85738461 -0.73389792 -0.69860579  0.36454867 -0.794828    0.25336836
 -1.13952856 -0.5066214  -0.5066214 ]
log likelihood =  -1698.1040421652738
Lr derivatives =  [-54.08834781684571, -72.95643924624213, -19.80056230762562]
other derivatives =  [-58.52941013   1.23736891 -14.36753018  -8.91309492  54.386767
   7.09777578]
Current x_clock array =  [-0.79870032 -0.71988768 -0.71777688  0.49449704 -1.31271172  0.21338835
 -1.22411933 -0.15002601 -0.30196473]
log likelihood =  -1599.7596584099363
Lr derivatives =  [-55.344916230854196, -52.93753745476714, 0.3911921597404344]
other derivatives =  [74.00386653  6.84301949 -3.39683606  1.31710249 31.19648132  8.29773921]
Current x_clock array =  [-0.50228193 -0.73095671 -0.64968083  0.69321728 -2.26534105  0.07991088
 -1.23365476  0.         -0.19365076]
log likelihood =  -1545.2139494972407
Lr derivatives =  [-43.74923288449749, -40.76269383970275, 5.337836572639517]
other derivatives =  [ 5.51048652  6.32135448 -3.0694523   5.49463107 17.32665051  9.22566642]
Current x_clock array =  [-0.61262715 -0.76473905 -0.59767945  0.81831333 -3.00266809 -0.03734972
 -1.04354915  0.         -0.12657787]
log likelihood =  -1504.549249530479
Lr derivatives =  [-7.809664516303137, -14.718509393363506, 6.921042448919705]
other derivatives =  [7.80487085 6.44034185 9.33685146 6.77889102 6.16718154 9.18070236]
Current x_clock array =  [-0.60675716 -0.84810758 -0.49568481  0.96691234 -4.19096415 -0.27799861
 -0.57769715  0.         -0.09536586]
log likelihood =  -1500.0295126074593
Lr derivatives =  [8.62746769049367, -6.64692999274023, 5.604323602612193]
other derivatives =  [ -0.59324566  -8.99161319 -36.38834937   6.06538515   2.94008341
   6.52878998]
Current x_clock array =  [-0.60513312 -0.97027864 -0.63754705  0.94075036 -4.76515998 -0.5027934
 -0.38520953  0.         -0.12063169]
log likelihood =  -1492.7984884746343
Lr derivatives =  [2.133891747469285, -8.15185419283882, 3.7883491652668333]
other derivatives =  [ 2.40986265 -5.77411402 -3.88247554  4.55085683  1.95584478  6.09672225]
Current x_clock array =  [-0.60888086 -0.95671618 -0.51343212  0.94131651 -4.97509019 -0.56949116
 -0.35296783  0.         -0.12430701]
log likelihood =  -1490.8329530870228
Lr derivatives =  [2.8391816182220033, -6.923315333517076, 2.6531028957074483]
other derivatives =  [ 2.07148742 -3.82139933  9.63290449  3.39829148  0.84566457  4.92882828]
Current x_clock array =  [-0.61287841 -0.95299944 -0.47281562  0.92333873 -5.2600179  -0.68681863
 -0.2951816   0.         -0.13842838]
log likelihood =  -1489.0372192881623
Lr derivatives =  [4.778034527475938, -6.388902815750475, 1.2863812150928382]
other derivatives =  [ 1.14827571 -0.11187967  3.94609106  2.79505502 -0.0369206   3.56300234]
Current x_clock array =  [-0.61568641 -0.93289434 -0.4858976   0.8800427  -5.50418812 -0.8204958
 -0.26820465  0.         -0.16083716]
log likelihood =  -1487.6955926436763
Lr derivatives =  [3.339153095113887, -8.10748494905237, -1.4280813833016608]
other derivatives =  [-0.63748439 -1.56516535 -2.17968022  1.91956178 -0.73041082  2.19087542]
Current x_clock array =  [-0.6200178  -0.93783153 -0.50500381  0.79089251 -5.70797157 -0.99080575
 -0.29024775  0.         -0.18093624]
log likelihood =  -1486.966606584565
Lr derivatives =  [1.1556463681700784, -10.211012989819158, -3.6406404819963147]
other derivatives =  [-0.83220539  1.74248453 -3.78030927  1.20742789 -0.97795412  1.42217861]
Current x_clock array =  [-0.6234884  -0.90882644 -0.51631753  0.69790774 -5.75925387 -1.11883856
 -0.34623532  0.         -0.17416559]
log likelihood =  -1486.388883816791
Lr derivatives =  [-3.3530240991837363, -12.281030833434869, -4.727741355537363]
other derivatives =  [-1.62785796 -1.42051385 -1.80473194 -0.28426803 -1.08650334  0.91816331]
Current x_clock array =  [-0.62780635 -0.91625229 -0.51929731  0.57357707 -5.7761808  -1.28254997
 -0.41359507  0.         -0.12474574]
log likelihood =  -1486.00560362251
Lr derivatives =  [-1.3409921901068351, -9.684434247289145, -1.5141222339029694]
other derivatives =  [-0.53362055  1.11587224 -0.05572383 -1.16509341 -0.89490871  0.77893673]
Current x_clock array =  [-0.6295393  -0.89835688 -0.51709103  0.49870366 -5.72100699 -1.38142275
 -0.42686863  0.         -0.0483006 ]
log likelihood =  -1485.8104259853467
Lr derivatives =  [-0.5242574610849573, -8.520998116048855, 0.4572184653060214]
other derivatives =  [-0.89998957  0.37244399  0.19089293 -1.10656538 -0.55460513  0.84309231]
Current x_clock array =  [-0.63078024 -0.90318824 -0.51586426  0.50157712 -5.60877453 -1.38262363
 -0.42659088  0.         -0.01466199]
log likelihood =  -1485.804006301264
Lr derivatives =  [0.6988431921906173, -7.448522975222728, 1.466067525669736]
other derivatives =  [ 7.43609553  0.02462775  0.27603573 -0.92150322 -0.20451818  0.85144166]
Current x_clock array =  [-0.61173967 -0.91067787 -0.51540972  0.53343912 -5.50416183 -1.37471719
 -0.41762283  0.         -0.01078151]
log likelihood =  -1485.7543754959406
Lr derivatives =  [0.09029680237427762, -7.9830376229743685, 0.9595325624589401]
other derivatives =  [ 3.20679374  0.20094603  0.22890686 -1.00856414 -0.38457242  0.84707102]
Current x_clock array =  [-0.6212636  -0.90693162 -0.51563708  0.51750201 -5.55648825 -1.37867192
 -0.42210857  0.         -0.0127225 ]
log likelihood =  -1485.6871033103796
Lr derivatives =  [0.45192816760135024, -7.704281972201262, 1.2821038752075156]
other derivatives =  [ 1.13235387 -0.23686289  0.05806646 -0.66084021 -0.16698237  0.90106942]
Current x_clock array =  [-0.62525659 -0.91001662 -0.51462888  0.54163304 -5.48726681 -1.36322627
 -0.41843997  0.         -0.01248666]
log likelihood =  -1485.6216082331011
Lr derivatives =  [0.342344353928544, -7.740652490205555, 1.0906530132435766]
other derivatives =  [ 0.29748207 -0.44603121  0.01915396 -0.45134084 -0.0372743   0.84584863]
Current x_clock array =  [-0.62672418 -0.91131077 -0.51416004  0.55693461 -5.44273624 -1.3809998
 -0.41957287  0.         -0.01810346]
log likelihood =  -1485.443714462675
Lr derivatives =  [0.044627178925130906, -7.761512028556058, -0.10384963060082875]
other derivatives =  [-1.2843916  -0.73526735 -0.18400146 -0.05615743  0.17963009  0.49176119]
Current x_clock array =  [-0.629615   -0.91340752 -0.51354455  0.58594912 -5.36507291 -1.50864076
 -0.42279862  0.         -0.03681259]
log likelihood =  -1485.3549464765983
Lr derivatives =  [-0.15353598448166395, -7.378491619495604, -0.516229654157967]
other derivatives =  [-1.03126922 -0.20024527  1.68102088 -0.07793028  0.16030365  0.23449831]
Current x_clock array =  [-0.62984889 -0.91060038 -0.50805845  0.5868784  -5.36747099 -1.63962326
 -0.42581003  0.         -0.03508871]
log likelihood =  -1485.3377802054847
Lr derivatives =  [0.3807959713351803, -6.570973909469371, -0.2260365602706762]
other derivatives =  [-0.37022369  0.4747219  -3.41446867 -0.01880016  0.10866883 -0.02988625]
Current x_clock array =  [-0.6284181  -0.90521836 -0.52445056  0.56976044 -5.37416113 -1.84803654
 -0.44046241  0.         -0.01812778]
log likelihood =  -1485.297373077903
Lr derivatives =  [-0.19017871905835548, -6.736059251992343, -0.22971646756217545]
other derivatives =  [ 0.08617758  0.17836055 -0.15308797 -0.17058665  0.06044608 -0.00266413]
Current x_clock array =  [-0.62793116 -0.90749628 -0.51461325  0.56943309 -5.39200959 -1.82752066
 -0.43794398  0.         -0.01774203]
log likelihood =  -1485.2953598188792
Lr derivatives =  [-0.06093785020866349, -6.658783343657474, -0.23687529896291393]
other derivatives =  [ 0.12248233  0.19728327  0.24580595 -0.14758916  0.04118998  0.0031647 ]
Current x_clock array =  [-0.62783279 -0.9079555  -0.51307994  0.57297231 -5.39952867 -1.81865638
 -0.43490175  0.         -0.0188781 ]
log likelihood =  -1485.2937307271388
Lr derivatives =  [-0.009954352075400408, -6.56741236887225, -0.1426395424877125]
other derivatives =  [ 9.21065748e-02  5.10051450e-02  2.45965339e-01 -1.12495172e-01
  2.04088428e-02 -1.64068921e-04]
Current x_clock array =  [-0.62781002 -0.90918779 -0.51282681  0.5756292  -5.40693172 -1.82238282
 -0.43357959  0.         -0.01757209]
log likelihood =  -1485.2927288755832
Lr derivatives =  [0.09824465714715025, -6.432552555893351, 0.04931575980920666]
other derivatives =  [ 0.00469618  0.07498011  0.06794289 -0.01717331  0.00311659 -0.00160474]
Current x_clock array =  [-0.62789093 -0.90945318 -0.51298195  0.58115044 -5.41304197 -1.82495574
 -0.43242967  0.         -0.01525744]
log likelihood =  -1485.2926418139764
Lr derivatives =  [-0.012407171930945537, -6.505174435477946, 0.011777352097927185]
other derivatives =  [-0.00987461 -0.0531345  -0.00600494 -0.00863929  0.00167122 -0.00010245]
Current x_clock array =  [-0.6278339  -0.91012568 -0.51324452  0.58167439 -5.41271611 -1.82423883
 -0.43312969  0.         -0.01567286]
log likelihood =  -1485.2926223653449
Lr derivatives =  [0.008408193794185337, -6.4976921264047265, 0.008866268140237388]
other derivatives =  [-0.00676027 -0.01724447 -0.001025   -0.00403952  0.00165129  0.00019901]
Current x_clock array =  [-0.62783084 -0.90994345 -0.51320604  0.58200419 -5.41276208 -1.82348047
 -0.43294656  0.         -0.01583259]
log likelihood =  -1485.2926185011286
Lr derivatives =  [0.005928826125250808, -6.501500417726104, 0.0028119828835437843]
other derivatives =  [ 0.003982    0.00035311  0.00062505 -0.00112868  0.00092817  0.00011859]
Current x_clock array =  [-0.62780632 -0.90984085 -0.51320113  0.58218423 -5.41287987 -1.82337249
 -0.43297655  0.         -0.01594063]
log likelihood =  -1485.2926182798315
Lr derivatives =  [0.00010134174004150509, -6.5054393686057805, -0.0005157965024622513]
other derivatives =  [-7.79482434e-03  2.30056685e-03  8.33097147e-04  2.67846190e-04
  2.80803886e-04  5.77336776e-05]
Current x_clock array =  [-0.62783167 -0.90982018 -0.51319997  0.58224132 -5.41300565 -1.82344198
 -0.43302011  0.         -0.01597041]
      fun: 1485.2926182798315
 hess_inv: <9x9 LbfgsInvHessProduct with dtype=float64>
      jac: array([-7.79482434e-03,  2.30056685e-03,  8.33097147e-04,  2.67846190e-04,
        2.80803886e-04,  5.77336776e-05,  1.01341740e-04, -6.50543937e+00,
       -5.15796502e-04])
  message: 'CONVERGENCE: REL_REDUCTION_OF_F_<=_FACTR*EPSMCH'
     nfev: 30
      nit: 28
     njev: 30
   status: 0
  success: True
        x: array([-0.62783167, -0.90982018, -0.51319997,  0.58224132, -5.41300565,
       -1.82344198, -0.43302011,  0.        , -0.01597041])
