number of sites to be analyzed:  197
log likelihood =  -1823.7233872243355
Lr derivatives =  [139.3881250208941, -14.627179160132386, 1.004177982836481]
other derivatives =  [ 41.3781072  -14.44713303  -3.64163088 -62.49681132  64.60601844
   3.15583952]
Current x_clock array =  [-0.6687435  -0.60591566 -0.88621328  0.18232156 -0.10536052  0.33647224
 -0.51082562 -0.51082562 -0.51082562]
log likelihood =  -1761.3267521213143
Lr derivatives =  [-45.84528880164075, -94.6632421643523, -60.22627007931517]
other derivatives =  [-116.56083279  -18.52252262    7.13607324  -46.01952219   50.13913255
  -10.68586653]
Current x_clock array =  [-0.91075292 -0.60266426 -0.88132249  0.5478486  -0.48322374  0.31801458
 -1.32606928 -0.50783794 -0.51669879]
log likelihood =  -1706.983106268586
Lr derivatives =  [-38.97667371490393, -72.87760897896686, -35.11758831280197]
other derivatives =  [  8.60188993   1.751024     4.79146775 -35.59494439  39.28563046
  -6.1927542 ]
Current x_clock array =  [-0.69960145 -0.55060957 -0.89603608  0.76999404 -0.71911952  0.33849453
 -1.45975235 -0.27025317 -0.37172826]
log likelihood =  -1673.6235877010477
Lr derivatives =  [-19.160359386923542, -34.68662589403833, 14.953744492152556]
other derivatives =  [ 37.85448416  12.28175279   0.89909236 -21.77119492  26.15837707
   0.40392183]
Current x_clock array =  [-0.66801195 -0.52956189 -0.91937717  1.07334313 -1.04465727  0.36735847
 -1.53580008  0.         -0.17577131]
log likelihood =  -1662.9725316392776
Lr derivatives =  [-15.020862547213053, -32.841385410198924, 6.987883366584676]
other derivatives =  [ -4.98341365  -7.39975621  -0.97596785 -11.20557384  14.210764
   0.2003826 ]
Current x_clock array =  [-0.7194694  -0.57062839 -0.93224445  1.28776921 -1.28974458  0.37552018
 -1.47151235  0.         -0.19242139]
log likelihood =  -1658.234872780352
Lr derivatives =  [-4.66884505167381, -28.862948828932304, -0.4321536228904215]
other derivatives =  [-6.7684623   5.08155995 -1.36280323 -0.82607374  0.9758492  -0.3773107 ]
Current x_clock array =  [-0.72014246 -0.5493381  -0.93696218  1.53728675 -1.57992645  0.38229784
 -1.37101949  0.         -0.22463254]
log likelihood =  -1659.407902395365
Lr derivatives =  [-1.0397785778075344, -26.485948645390177, -0.6151432169237196]
other derivatives =  [ 17.07796673 -31.11194815   3.41174587   0.9792526   -1.51708909
  -0.40568784]
Current x_clock array =  [-0.69024326 -0.62747004 -0.91694969  1.594643   -1.64466132  0.38606115
 -1.33617873  0.         -0.23186406]
log likelihood =  -1658.1419212683145
Lr derivatives =  [-3.9686027315341175, -28.393423615931503, -0.49698113657685106]
other derivatives =  [-1.93542132 -3.30147486 -0.38146322 -0.43768209  0.44225093 -0.37799555]
Current x_clock array =  [-0.71389448 -0.56566519 -0.93278021  1.54927238 -1.59345398  0.38308425
 -1.36373888  0.         -0.22614369]
log likelihood =  -1658.0742352665957
Lr derivatives =  [-0.44259912135628454, -26.628309611684276, -0.16604875548425468]
other derivatives =  [-0.39977772 -0.4539304  -0.35474386 -0.00767617 -0.0366567  -0.27372471]
Current x_clock array =  [-0.71253664 -0.56097183 -0.93186873  1.564062   -1.61098748  0.38434176
 -1.34080608  0.         -0.22896326]
log likelihood =  -1658.0728790232665
Lr derivatives =  [-0.004137617711747588, -26.389109530982836, -0.031809985791873885]
other derivatives =  [-0.04849448  0.00388991  0.05192351 -0.00495199 -0.02587974 -0.23458779]
Current x_clock array =  [-0.71216051 -0.56019946 -0.93024188  1.5646653  -1.61157542  0.38550758
 -1.33824898  0.         -0.22898093]
log likelihood =  -1658.0726809573362
Lr derivatives =  [0.04883436436595989, -26.35727875263514, 0.012257961332752032]
other derivatives =  [ 0.02488991  0.03997479  0.05211155 -0.01016666 -0.01268272 -0.2150673 ]
Current x_clock array =  [-0.71207633 -0.56013689 -0.93022198  1.56465253 -1.61144318  0.38640012
 -1.33804849  0.         -0.22889523]
log likelihood =  -1658.0718106717327
Lr derivatives =  [0.17994225521001184, -26.280627695384396, 0.19693086644185698]
other derivatives =  [ 0.24328119  0.12416695  0.01987678 -0.01818916  0.03224305 -0.09579253]
Current x_clock array =  [-0.71180215 -0.55997562 -0.93029614  1.56495078 -1.61099883  0.39265926
 -1.3378061   0.         -0.22862809]
log likelihood =  -1658.071359737061
Lr derivatives =  [0.12519341300957443, -26.34024322194169, 0.17857246878728894]
other derivatives =  [ 0.20679886  0.09508858  0.0453997  -0.01190843  0.03576065 -0.02477782]
Current x_clock array =  [-0.71180997 -0.56000987 -0.93021701  1.56520971 -1.6108396   0.39739338
 -1.33822104  0.         -0.22916414]
log likelihood =  -1658.0712336486579
Lr derivatives =  [0.06539095175893905, -26.444789340130157, -0.0014874607894075353]
other derivatives =  [ 0.13427371  0.04038748 -0.19223307  0.00374047  0.0043832   0.00910813]
Current x_clock array =  [-0.71187054 -0.56009869 -0.93110678  1.56558221 -1.61135863  0.40088223
 -1.33836698  0.         -0.2305422 ]
log likelihood =  -1658.0711493818817
Lr derivatives =  [0.011207209725522915, -26.46309607246086, 0.009493397270109227]
other derivatives =  [-0.06412051 -0.01036369  0.02302158  0.00669921  0.00120696  0.00821001]
Current x_clock array =  [-0.71211221 -0.56019522 -0.93033825  1.56549938 -1.61125846  0.40077234
 -1.33859761  0.         -0.23038374]
log likelihood =  -1658.0711430720892
Lr derivatives =  [0.000291455864088519, -26.468205152404245, 0.0035235666992292636]
other derivatives =  [ 2.75258571e-03 -9.68157110e-04 -3.77440301e-05  2.31485905e-03
  3.66819432e-03  6.86213752e-04]
Current x_clock array =  [-0.71202474 -0.56017255 -0.9304224   1.56538873 -1.61118071  0.4003613
 -1.33868705  0.         -0.23036512]
log likelihood =  -1658.0711429631074
Lr derivatives =  [0.00012417248978824347, -26.469013079459465, 0.000403435737803548]
other derivatives =  [-0.00012619 -0.00029831 -0.00103273  0.00266099  0.00241033 -0.00010164]
Current x_clock array =  [-0.7120284  -0.5601716  -0.93042644  1.56539206 -1.61120634  0.40033394
 -1.33867936  0.         -0.23038026]
      fun: 1658.0711429631074
 hess_inv: <9x9 LbfgsInvHessProduct with dtype=float64>
      jac: array([-1.26192390e-04, -2.98314262e-04, -1.03273123e-03,  2.66098560e-03,
        2.41033211e-03, -1.01636033e-04,  1.24172490e-04, -2.64690131e+01,
        4.03435738e-04])
  message: 'CONVERGENCE: REL_REDUCTION_OF_F_<=_FACTR*EPSMCH'
     nfev: 17
      nit: 15
     njev: 17
   status: 0
  success: True
        x: array([-0.7120284 , -0.5601716 , -0.93042644,  1.56539206, -1.61120634,
        0.40033394, -1.33867936,  0.        , -0.23038026])
