number of sites to be analyzed:  307
log likelihood =  -3938.029490176911
Lr derivatives =  [-56.71853708513364, -228.55645679901085, -144.5629873781015]
other derivatives =  [  9.8293981    0.8441184   32.7684761  -56.84022108 254.98931291
  14.19606269  65.08242177]
Current x_clock array =  [-0.68859729 -0.76995259 -0.42196169  0.18232156 -0.10536052 -0.10536052
  0.33647224 -0.51082562 -0.51082562 -0.51082562]
log likelihood =  -3722.4903360999515
Lr derivatives =  [-26.00371925112384, -207.12979531155204, -140.15241917560965]
other derivatives =  [ -63.38118328   18.50412445 -136.02983563  -15.14551286  155.98015692
   18.65076229   58.90111606]
Current x_clock array =  [-0.72400246 -0.77299308 -0.53999267  0.38705818 -1.0238237  -0.15649427
  0.10204748 -0.3065273  -0.50898565 -0.50898565]
log likelihood =  -3938.72622311481
Lr derivatives =  [55.46931737746023, -27.2007691278435, -14.134275261312723]
other derivatives =  [ 799.00095761   68.76913358 4938.38699003   12.06562501  -70.79339192
   67.07496868   78.92212216]
Current x_clock array =  [-0.38936933 -0.88925641 -0.05        0.76293849 -3.24311276 -0.34039878
 -0.57998163  0.13449148  0.          0.        ]
log likelihood =  -3545.9610162265785
Lr derivatives =  [42.29137820361196, -94.43235935053517, -42.316460791481674]
other derivatives =  [229.21884647  42.87342517 188.80050629   5.56028681  47.12721981
  40.19210064  74.77167628]
Current x_clock array =  [-0.56794802 -0.82721189 -0.31148711  0.56234803 -2.05877774 -0.24225719
 -0.21601329 -0.10086046 -0.27162281 -0.27162281]
log likelihood =  -3492.57445796331
Lr derivatives =  [20.8672156689904, -64.15835633611228, 2.405592953724792]
other derivatives =  [-1.40148744e+02  9.04065018e-02 -6.42446989e+01  2.49308646e+01
 -3.88949741e+01  4.96280777e+01  6.48146711e+01]
Current x_clock array =  [-0.77482534 -0.92083635 -0.39357307  0.66118346 -2.76316574 -0.3509076
 -0.51629364 -0.03187282 -0.07991348 -0.13110161]
log likelihood =  -3472.3177244930957
Lr derivatives =  [32.06314795320462, -50.724045157002394, 14.707016175375053]
other derivatives =  [-58.81214111  -2.32219054  -9.47865738  19.28248867 -27.43624124
  46.44502314  61.08434854]
Current x_clock array =  [-0.71437308 -0.93295311 -0.36985101  0.62989412 -2.70317954 -0.39307105
 -0.56925945 -0.06645527  0.         -0.10037102]
log likelihood =  -3459.0819729336595
Lr derivatives =  [23.928187739891786, -60.155796889479845, 0.6219657504416283]
other derivatives =  [54.56585313 -4.00831323 -5.1709635  13.37509184 -8.19575287 34.41738136
 50.66258291]
Current x_clock array =  [-0.64413313 -0.92977204 -0.37641744  0.57033603 -2.52137783 -0.46043072
 -0.63290521 -0.15030237  0.         -0.11573406]
log likelihood =  -3448.559150855802
Lr derivatives =  [1.262765205019324, -75.06299639472643, -9.839337118294814]
other derivatives =  [64.37639468 -8.81431606 64.52917296  6.60232809  0.73875771 23.32169333
 38.12801833]
Current x_clock array =  [-0.64177606 -0.92962991 -0.34729649  0.51096899 -2.42027156 -0.56861934
 -0.77565683 -0.2357713   0.         -0.10285583]
log likelihood =  -3434.674829278673
Lr derivatives =  [-28.28923708498371, -86.75067558566761, 4.7487304495375255]
other derivatives =  [59.66584558 -8.94414779  0.8348311   0.43555883 -0.7534046  12.39576432
 22.18688532]
Current x_clock array =  [-0.64234658 -0.92113124 -0.38035225  0.42688152 -2.38475441 -0.78767499
 -1.10244755 -0.32651248  0.         -0.04248178]
log likelihood =  -3425.0022662414176
Lr derivatives =  [-19.795170244764336, -79.97372693802032, 12.920674534101657]
other derivatives =  [-27.59735071   6.69083829  24.63346482  -5.20523008   1.65008911
   6.57319276  12.43915345]
Current x_clock array =  [-0.6981866  -0.89403912 -0.36430047  0.36718002 -2.41084958 -1.02358427
 -1.47230018 -0.29160731  0.         -0.02691639]
log likelihood =  -3420.154615055007
Lr derivatives =  [-12.093313726876488, -75.22493934736355, -0.3881977037388893]
other derivatives =  [-30.49833458  10.90712931 -10.16131273  -4.93717289  -4.02247093
   3.75756198   7.11477489]
Current x_clock array =  [-0.69851103 -0.89572196 -0.37903348  0.3414546  -2.50533765 -1.2214057
 -1.79719883 -0.24036015  0.         -0.03521105]
log likelihood =  -3417.4429963091884
Lr derivatives =  [1.2501474416809053, -64.0658001765832, 32.557123543369016]
other derivatives =  [-17.34668467  -2.05029664 -14.66336334  -8.04601495  -3.44717378
   1.98439439   3.89058407]
Current x_clock array =  [-0.68845044 -0.92878203 -0.37874404  0.31541339 -2.5667504  -1.46030824
 -2.18563008 -0.18359462  0.         -0.01134328]
log likelihood =  -3416.99788185211
Lr derivatives =  [8.364781653169768, -64.06669271559782, -35.02558029229303]
other derivatives =  [ 1.57810882 -7.73101874 -1.22623442 -7.18368392 -0.51162996 -0.43596434
  1.64978146]
Current x_clock array =  [-0.67705568 -0.94633962 -0.37100933  0.3081215  -2.60645457 -1.68737791
 -2.5565093  -0.13590659  0.         -0.06446425]
log likelihood =  -3416.173902272167
Lr derivatives =  [5.74390610562455, -63.09158837663004, -14.37685434001304]
other derivatives =  [ 2.5629306  -3.56639339  0.83169198 -7.70057841 -1.64038584  0.08064395
  1.9458375 ]
Current x_clock array =  [-0.67663483 -0.93731189 -0.37054353  0.30988592 -2.59572245 -1.67270487
 -2.5316081  -0.15558911  0.         -0.03889309]
log likelihood =  -3415.8376339281754
Lr derivatives =  [2.9867516156500002, -62.13474709489804, 15.773692192858405]
other derivatives =  [ 4.51796677 -0.12526789  2.51844449 -8.21340518 -2.59518411  0.19018854
  1.87142214]
Current x_clock array =  [-0.67535963 -0.93021712 -0.37001668  0.31574381 -2.58381765 -1.72097093
 -2.60899446 -0.17355657  0.         -0.01572914]
log likelihood =  -3415.615709330239
Lr derivatives =  [2.1677776726623605, -62.665369203706724, 8.27435162179134]
other derivatives =  [ 4.8105785   0.38991811  3.1895479  -7.72132535 -2.33872575 -0.09450778
  1.65129319]
Current x_clock array =  [-0.67525515 -0.92908889 -0.36973115  0.32102356 -2.57940855 -1.76333614
 -2.67824299 -0.17728092  0.         -0.01882485]
log likelihood =  -3414.9938767000413
Lr derivatives =  [-2.402850529953785, -64.2374983791932, -1.3975524451993273]
other derivatives =  [ 1.13493343  1.92715925 -0.21995038 -4.85591227 -1.31015265 -1.06201152
  0.93033709]
Current x_clock array =  [-0.67732672 -0.92449895 -0.37123577  0.35945267 -2.54761228 -1.98417477
 -3.04148105 -0.20215191  0.         -0.01912438]
log likelihood =  -3414.831758839306
Lr derivatives =  [-0.5119900931743118, -62.680828354065895, -0.8860751710758272]
other derivatives =  [-5.76710863 -1.68289216 -1.7610455  -2.11840779  0.39780191 -1.27728281
  0.76615731]
Current x_clock array =  [-0.68122979 -0.93161853 -0.3708778   0.39680149 -2.53365991 -2.05747339
 -3.17702944 -0.20078347  0.         -0.0169245 ]
log likelihood =  -3414.823196536925
Lr derivatives =  [0.8769785778736789, -61.40544368648757, -0.42086589769316163]
other derivatives =  [ 5.87881095  2.22310882  8.30674753 -0.13973477  1.61377369 -1.4152861
  0.65339099]
Current x_clock array =  [-0.67442749 -0.92664494 -0.36592982  0.42545327 -2.52392275 -2.11362719
 -3.28712818 -0.20133646  0.         -0.0150989 ]
log likelihood =  -3414.78308794618
Lr derivatives =  [0.6242354162100092, -61.68833929208243, -0.09871347671409936]
other derivatives =  [ 0.57268335 -0.03050764 -1.0048384  -0.19821437  0.90261753 -1.33899429
  0.69584678]
Current x_clock array =  [-0.67726084 -0.93017318 -0.37012799  0.42142968 -2.5291714  -2.08636665
 -3.24220581 -0.19971586  0.         -0.01547685]
log likelihood =  -3414.7769386369455
Lr derivatives =  [0.6044829852937568, -61.775217859994456, 0.027493654904738207]
other derivatives =  [-0.4562653  -0.12732744 -0.74828313 -0.15088744  0.63896556 -1.2940109
  0.71832814]
Current x_clock array =  [-0.67787879 -0.93043462 -0.36991939  0.4215229  -2.53160037 -2.07114729
 -3.22049487 -0.19870655  0.         -0.01561745]
log likelihood =  -3414.764009308772
Lr derivatives =  [0.33385564480209595, -62.090138058658596, 0.3767325016552121]
other derivatives =  [ 0.52868836  0.3229452  -3.02719673  0.7733488  -0.41478011 -1.12754076
  0.78670763]
Current x_clock array =  [-0.67707818 -0.93035612 -0.37069974  0.4301502  -2.5386732  -2.01884392
 -3.15920274 -0.19653882  0.         -0.01585697]
log likelihood =  -3414.7549140584624
Lr derivatives =  [-0.86266457375784, -62.91807594767338, 0.19726072505904924]
other derivatives =  [-1.99212172 -0.67945302  3.121389    0.83151281 -0.84371829 -1.07690453
  0.80554523]
Current x_clock array =  [-0.67871671 -0.93188846 -0.36767222  0.43196509 -2.53994364 -2.0012169
 -3.15160551 -0.19831395  0.         -0.01597671]
log likelihood =  -3414.7464719966974
Lr derivatives =  [-0.9148762684630896, -62.90259505029075, -0.1569453704305026]
other derivatives =  [-0.74717627 -0.46150581  2.41782209  0.89610694 -0.72310288 -1.10194741
  0.78607203]
Current x_clock array =  [-0.6779415  -0.93148833 -0.36806364  0.43272216 -2.53833226 -2.00754498
 -3.16811035 -0.19919292  0.         -0.01601761]
log likelihood =  -3414.706047022085
Lr derivatives =  [-1.546439376372991, -63.14476620876404, -1.6854524106602398]
other derivatives =  [ 3.5913572   0.29372222  0.59594822  1.23411974 -0.37336247 -1.14845029
  0.71326195]
Current x_clock array =  [-0.67526881 -0.92995932 -0.36915964  0.43662152 -2.53129003 -2.01184304
 -3.23962512 -0.20383299  0.         -0.01633315]
log likelihood =  -3414.6435189225767
Lr derivatives =  [-2.2558876486751984, -63.4391044497523, -2.4964992665731778]
other derivatives =  [ 7.22002824  1.0935255  -1.0308122   1.50107326  0.11284668 -1.12848507
  0.63523366]
Current x_clock array =  [-0.67308924 -0.92813573 -0.37022334  0.43989289 -2.52167547 -1.98847106
 -3.33403279 -0.20964296  0.         -0.01639318]
log likelihood =  -3414.497800802534
Lr derivatives =  [-2.872874963227538, -63.71814578059948, -3.103943007113564]
other derivatives =  [11.13161625  2.30841943 -3.15278021  1.67924009  1.43790854 -0.93040036
  0.51137803]
Current x_clock array =  [-0.67090287 -0.92499347 -0.37180425  0.44265492 -2.50103706 -1.88332291
 -3.53015152 -0.21937175  0.         -0.01660518]
log likelihood =  -3414.320522918022
Lr derivatives =  [-1.4212803643335548, -63.02516600258817, -2.4306185673531076]
other derivatives =  [11.83332233  2.30056457 -3.19054652  1.25376164  3.44173841 -0.46383944
  0.40614614]
Current x_clock array =  [-0.67082301 -0.92422397 -0.37229411  0.43973902 -2.48001259 -1.69818694
 -3.76813521 -0.2234711   0.         -0.01713128]
log likelihood =  -3414.3968430131918
Lr derivatives =  [-7.103120122705359, -66.08218061363853, -4.073261235866386]
other derivatives =  [-8.94128561 13.72987708 -2.00351587  4.230988    0.3441064  -0.07623487
  0.18931087]
Current x_clock array =  [-0.68423478 -0.90280591 -0.37099364  0.4633593  -2.47312676 -1.56252962
 -4.45739478 -0.24224088  0.         -0.01751253]
log likelihood =  -3414.244859339194
Lr derivatives =  [-3.718815595177542, -64.23344752660525, -3.2047127371271316]
other derivatives =  [ 3.21118205  6.9436237  -2.71323916  2.4617284   2.16523435 -0.31685829
  0.29422999]
Current x_clock array =  [-0.67630028 -0.91547698 -0.37176301  0.44938538 -2.47720047 -1.64278545
 -4.04962398 -0.23113655  0.         -0.01728698]
log likelihood =  -3414.1079636410745
Lr derivatives =  [-2.8303696980216735, -63.82232867590716, 1.174606847253095]
other derivatives =  [ 0.42689771  2.69368502 -0.38030339  1.01769228  2.55571933  0.11986622
  0.24703033]
Current x_clock array =  [-0.67800339 -0.92251015 -0.37075753  0.43580414 -2.47566788 -1.52210676
 -4.26302941 -0.22898785  0.         -0.01599323]
log likelihood =  -3414.0263093154945
Lr derivatives =  [-0.8526844836801146, -63.37747785885486, -5.5037912914077936]
other derivatives =  [-3.15896159  0.04418416  4.59613511 -0.08785446  2.09707754  0.30452738
  0.19449182]
Current x_clock array =  [-0.68035832 -0.92818656 -0.36811323  0.42087067 -2.49106571 -1.46454159
 -4.4610955  -0.2174177   0.         -0.02156412]
log likelihood =  -3413.9662552243994
Lr derivatives =  [0.8664076281035697, -61.633389422392, 5.9917644670236285]
other derivatives =  [-7.24356232 -0.85344482  3.34059223 -1.13874376  1.00066465  0.26041085
  0.14997851]
Current x_clock array =  [-0.6826055  -0.93096565 -0.36823554  0.41045381 -2.50808728 -1.50906963
 -4.69550852 -0.20849056  0.         -0.01496814]
log likelihood =  -3413.928950202924
Lr derivatives =  [0.3282114752136174, -62.03055764038719, 2.4724398382648687]
other derivatives =  [-5.93907271 -0.39075167  2.64942537 -0.81818916  0.40221099  0.15652826
  0.13113444]
Current x_clock array =  [-0.68172941 -0.93049698 -0.3684791   0.4121008  -2.51330705 -1.53117314
 -4.79228446 -0.20797421  0.         -0.0167117 ]
log likelihood =  -3413.86944805435
Lr derivatives =  [-0.8986940771482956, -62.67882647697337, -0.9517669354785809]
other derivatives =  [-0.65014365  0.79108759  1.14102295 -0.22319182 -0.98860852  0.01421195
  0.07928498]
Current x_clock array =  [-0.6782668  -0.92932634 -0.36908439  0.41599125 -2.52373404 -1.56570373
 -5.22146536 -0.20788328  0.         -0.01818373]
log likelihood =  -3413.8488831382574
Lr derivatives =  [-0.9078929773762177, -62.63382611166047, -1.4274156769702522]
other derivatives =  [ 0.30403407  0.52376754 -2.276548    0.01571971 -1.24002597  0.02332427
  0.0552162 ]
Current x_clock array =  [-0.67751887 -0.93001352 -0.37065209  0.41758349 -2.52524863 -1.56092882
 -5.55945053 -0.20757715  0.         -0.01840085]
log likelihood =  -3413.824036275266
Lr derivatives =  [-1.0898027161520538, -62.595956330547594, -0.15107216169656468]
other derivatives =  [ 3.26154122  0.69437783  1.68835913  0.27039414 -1.34945902  0.04866477
  0.02652188]
Current x_clock array =  [-0.67575363 -0.93021381 -0.36871216  0.42232161 -2.52549816 -1.55555826
 -6.27870334 -0.2080266   0.         -0.01737474]
log likelihood =  -3413.8060798707866
Lr derivatives =  [-0.3720378947579306, -62.14557579308265, 0.11074141776587254]
other derivatives =  [ 0.87237913 -0.1673543  -1.25431643  0.50087328 -0.87283306  0.0711319
  0.01474615]
Current x_clock array =  [-0.67712554 -0.93162857 -0.36998641  0.42511554 -2.52190264 -1.5454923
 -6.85885612 -0.20731326  0.         -0.01719542]
log likelihood =  -3413.7991262266573
Lr derivatives =  [0.1872738751967553, -61.79415111513727, 0.3082094615775084]
other derivatives =  [-0.16829244 -0.42570264 -0.59147123  0.60420734 -0.3774148   0.06064988
  0.00895261]
Current x_clock array =  [-0.67780964 -0.93207429 -0.36961538  0.427337   -2.51868098 -1.54519185
 -7.35337822 -0.20686308  0.         -0.01697507]
log likelihood =  -3413.7946472946446
Lr derivatives =  [0.463923623472013, -61.61246208087285, 0.5141458757142132]
other derivatives =  [-0.25092095 -0.40498708 -0.06039863  0.46321566  0.00473906  0.05171366
  0.00558541]
Current x_clock array =  [-0.67792514 -0.93190279 -0.3694322   0.42641977 -2.51590248 -1.54455428
 -7.8236822  -0.20718761  0.         -0.01682563]
log likelihood =  -3413.7932196909087
Lr derivatives =  [-0.6326345436576304, -62.251795841046636, -0.44484481508017737]
other derivatives =  [-2.64883693e+00  3.10210908e-01  1.04917444e+00  3.59177648e-01
 -1.64297351e-01 -2.52801760e-02  2.47179337e-03]
Current x_clock array =  [-0.67949991 -0.93000339 -0.36899274  0.42470834 -2.5141734  -1.56003518
 -8.62933155 -0.21064788  0.         -0.01715548]
log likelihood =  -3413.78912094504
Lr derivatives =  [0.056914044360937055, -61.82911554457202, 0.3840898479727386]
other derivatives =  [-0.64724327  0.01417766  0.47684898  0.01751505  0.19336169  0.00800054
  0.00185698]
Current x_clock array =  [-0.67827206 -0.93065325 -0.36938704  0.42141574 -2.51322383 -1.55126563
 -8.91995809 -0.20942562  0.         -0.01685988]
log likelihood =  -3413.788484665508
Lr derivatives =  [0.0670971305260899, -61.82711967390175, 0.2501067644635988]
other derivatives =  [-0.10017129 -0.01019043  0.17261664 -0.06647952  0.1868839   0.00323497
  0.00147108]
Current x_clock array =  [-0.67792799 -0.93070662 -0.36956856  0.42032407 -2.51354607 -1.55219851
 -9.15073547 -0.20934036  0.         -0.01696038]
log likelihood =  -3413.7880136183685
Lr derivatives =  [-0.03027971879192748, -61.88623485855679, 0.012286013528228779]
other derivatives =  [ 2.71816589e-01 -9.18589649e-05 -1.33606591e-01 -1.03588718e-01
  9.89421370e-02 -1.04861263e-02  1.03552154e-03]
Current x_clock array =  [-0.67768253 -0.93070424 -0.369731    0.41963808 -2.51433452 -1.55581913
 -9.49789586 -0.20934794  0.         -0.01708953]
log likelihood =  -3413.787759761795
Lr derivatives =  [-0.07472871365691347, -61.906528521045374, -0.012914546761322754]
other derivatives =  [ 0.31337777 -0.00136151 -0.21523692 -0.0964892   0.02962769 -0.01961888
  0.00076395]
Current x_clock array =  [-0.67764423 -0.93073886 -0.36975819  0.41961347 -2.5149815  -1.55876876
 -9.79973815 -0.20924097  0.         -0.01708892]
log likelihood =  -3413.788132988505
Lr derivatives =  [0.1408563396807807, -61.87486554041677, -1.4791035689644936]
other derivatives =  [ 0.33844208 -0.10679923  0.23520397  0.00561931 -0.00075282 -0.02368181
  0.00046105]
Current x_clock array =  [ -0.67763741  -0.93112938  -0.36947842   0.42036033  -2.51649858
  -1.55789015 -10.29532223  -0.20793485   0.          -0.01799026]
log likelihood =  -3413.787656599307
Lr derivatives =  [-0.006380098598913975, -61.89626669767868, -0.4805287240617879]
other derivatives =  [ 0.32143907 -0.03458354 -0.07323251 -0.06415212  0.02017009 -0.02090098
  0.00065142]
Current x_clock array =  [-0.67764208 -0.93086209 -0.36966991  0.41984914 -2.51546022 -1.55849151
 -9.95612094 -0.20882882  0.         -0.01737334]
log likelihood =  -3413.7873808873424
Lr derivatives =  [0.018932448088371245, -61.859645680709775, -0.17087364085433165]
other derivatives =  [ 0.13973295 -0.02827892 -0.06730079 -0.04443837 -0.03111718 -0.0254783
  0.00041367]
Current x_clock array =  [ -0.67774269  -0.93090001  -0.36963743   0.42011435  -2.51602448
  -1.56100453 -10.40927424  -0.20858571   0.          -0.0171811 ]
log likelihood =  -3413.7872353655775
Lr derivatives =  [0.05214789054718594, -61.829126382391465, -0.006287942405329261]
other derivatives =  [-0.03231708 -0.02736306 -0.01349918 -0.00762111 -0.02751499 -0.0260443
  0.00027927]
Current x_clock array =  [ -0.6778459   -0.93091892  -0.36959078   0.42062256  -2.51601053
  -1.56163531 -10.80246268  -0.20849871   0.          -0.01707037]
log likelihood =  -3413.7871345849135
Lr derivatives =  [0.10211383580949374, -61.795522557872616, 0.10162140771481987]
other derivatives =  [-0.08570123 -0.03885543  0.09317     0.01138142  0.00456285 -0.02288959
  0.00018488]
Current x_clock array =  [ -0.67788205  -0.93095157  -0.36953135   0.42095736  -2.51579178
  -1.5609098  -11.21592915  -0.20843732   0.          -0.01700433]
log likelihood =  -3413.787056601167
Lr derivatives =  [0.12697882885488454, -61.78299251843944, 0.048670362800024236]
other derivatives =  [-2.42841452e-01 -3.10756150e-02 -2.25704753e-01  5.96210157e-02
  4.05443306e-02 -1.81372011e-02  1.05102980e-04]
Current x_clock array =  [ -0.67797373  -0.9309135   -0.36967708   0.4214591   -2.51528956
  -1.55914156 -11.78155973  -0.20854605   0.          -0.01702965]
log likelihood =  -3413.7869629636343
Lr derivatives =  [0.1013214449150901, -61.79945294792485, 0.08428381301918364]
other derivatives =  [-5.48880053e-04 -9.05629349e-03  1.29011823e-01  5.16929504e-02
  7.67231530e-02 -1.21953621e-02  5.70498402e-05]
Current x_clock array =  [ -0.67783975  -0.9308611   -0.36952655   0.42153639  -2.51484154
  -1.55728165 -12.39498881  -0.20876283   0.          -0.01700545]
log likelihood =  -3413.7869208905877
Lr derivatives =  [0.0786258870502401, -61.817946815417926, 0.025344468422940025]
other derivatives =  [ 6.67873792e-02 -1.88310878e-02  6.92089088e-02  3.47004061e-02
  7.69743561e-02 -9.63471680e-03  4.28135627e-05]
Current x_clock array =  [ -0.67779867  -0.9308601   -0.3695665    0.42130126  -2.51476946
  -1.55633419 -12.68215731  -0.20884996   0.          -0.01704975]
log likelihood =  -3413.7868702350306
Lr derivatives =  [-0.0029676179314286344, -61.876184159306476, -0.07745756797851655]
other derivatives =  [ 3.64957486e-02 -2.17874003e-02  7.23366611e-03 -3.65980668e-03
  4.60745710e-02 -4.93140802e-03  2.45277711e-05]
Current x_clock array =  [ -0.67781888  -0.9308194   -0.36961379   0.4207371   -2.51481821
  -1.55473656 -13.23763205  -0.20904842   0.          -0.01713291]
log likelihood =  -3413.7868564565642
Lr derivatives =  [-0.003691651699075038, -61.87718015005498, -0.050871774308546946]
other derivatives =  [ 8.38263077e-02  4.56975613e-03 -5.24846655e-02 -7.25958671e-03
  1.79946184e-02 -7.85763311e-04  1.79539022e-05]
Current x_clock array =  [ -0.67778749  -0.93078752  -0.36964137   0.42063015  -2.51505005
  -1.55389876 -13.55080531  -0.20898671   0.          -0.01713347]
log likelihood =  -3413.7868492171215
Lr derivatives =  [-0.022034686208012744, -61.89061199605847, -0.024873659795552783]
other derivatives =  [-2.73089427e-02  6.84940460e-03  1.63904588e-02 -5.62158675e-03
 -8.18422765e-03  3.93731824e-03  1.27299171e-05]
Current x_clock array =  [ -0.67785664  -0.93078433  -0.36960242   0.42062067  -2.51520965
  -1.55285343 -13.89614069  -0.20897172   0.          -0.01713128]
      fun: 3413.7868492171215
 hess_inv: <10x10 LbfgsInvHessProduct with dtype=float64>
      jac: array([-2.73089427e-02,  6.84940460e-03,  1.63904588e-02, -5.62158675e-03,
       -8.18422765e-03,  3.93731824e-03,  1.27299171e-05, -2.20346862e-02,
       -6.18906120e+01, -2.48736598e-02])
  message: 'CONVERGENCE: REL_REDUCTION_OF_F_<=_FACTR*EPSMCH'
     nfev: 56
      nit: 52
     njev: 56
   status: 0
  success: True
        x: array([ -0.67785664,  -0.93078433,  -0.36960242,   0.42062067,
        -2.51520965,  -1.55285343, -13.89614069,  -0.20897172,
         0.        ,  -0.01713128])
