number of sites to be analyzed:  635
log likelihood =  -23395.080970892217
Edge derivatives =  [196.86270029057275, 159.18776565641033, 213.04566552121258, 169.5053632416876, 54.10550925703587, 11.325766274062484, 362.78555904433637, 370.90518769161395, 161.9941566631016, 300.37775417493384, 81.89653799027127, 168.711299855027, 90.53714765937902, 134.9839112222908, 185.26977296135163, 137.34649952013464]
other derivatives: [ -527.63061831   140.01489035  -453.62467063   405.46801756
 -1658.87722687     0.        ]
Current x array =  [-0.50466572 -0.9451528  -0.47589894  0.18232156 -0.10536052  0.33647224
 -2.30258509 -2.30258509 -2.30258509 -2.30258509 -2.30258509 -2.30258509
 -2.30258509 -2.30258509 -2.30258509 -2.30258509 -2.30258509 -2.30258509
 -2.30258509 -2.30258509 -2.30258509 -2.30258509]
log likelihood =  -22343.832307589633
Edge derivatives =  [201.91607537384212, 156.51399114597956, 213.95836898566495, 177.21087379586413, 57.891243989414704, 19.42239280899288, 368.3331988919189, 367.8251746568069, 167.16207307060566, 296.76861344689655, 83.48648012988001, 173.03359285251486, 96.77139528392068, 131.0488707612685, 186.37076119163072, 137.246514868575]
other derivatives: [1185.65949379  382.33629311   -1.44500518  309.72842069 -752.32601375
    0.        ]
Current x array =  [-0.79680025 -0.94465718 -0.72705842  0.18775733 -1.02383512  0.33647224
 -2.29909553 -2.21444721 -2.29909553 -2.29909553 -2.29909553 -2.29909553
 -2.29909553 -2.29909553 -2.29909553 -2.29909553 -2.29909553 -2.29909553
 -2.29909553 -2.29909553 -2.29909553 -2.29909553]
log likelihood =  -21632.918937055663
Edge derivatives =  [197.36613895222857, 139.30989670683104, 201.84338180515286, 171.33921822951345, 43.628840236523395, 17.695302671388, 352.9492117075858, 340.21553153831496, 154.33356931045273, 268.5051191829733, 73.58779886231763, 158.69320249197332, 86.15239614844907, 112.03469410837778, 174.1883351862575, 128.21945647069535]
other derivatives: [-1037.48279798   368.48177842   121.1068593    -59.3943696
   169.11508283     0.        ]
Current x array =  [-0.46572892 -0.78467519 -0.90274149  0.29488751 -2.00316614  0.33647224
 -2.22310819 -2.08244649 -2.21916369 -2.23173691 -2.27494731 -2.28836658
 -2.16329848 -2.16427306 -2.23557866 -2.18983974 -2.26595705 -2.2335477
 -2.26075972 -2.24938354 -2.22905376 -2.24680571]
log likelihood =  -21383.063303849558
Edge derivatives =  [194.95185549021548, 137.43158295137152, 201.197083391232, 167.28305706277496, 42.36420573217119, 18.028495166762482, 344.07020126381997, 327.71887166759024, 151.93117563542583, 260.1078927808533, 72.09221711090143, 155.61082817765944, 84.21989538925311, 110.00122292864526, 173.16858410777, 126.65002298085865]
other derivatives: [ 3.16881415e+02  1.28859392e+02  2.67435098e+01 -4.36557457e-02
  1.84323289e+02  0.00000000e+00]
Current x array =  [-0.59252541 -0.65747288 -0.87032973  0.29737029 -2.0334168   0.33647224
 -2.16006407 -2.0317769  -2.15436715 -2.17671219 -2.25983719 -2.2821096
 -2.05038876 -2.05491477 -2.18555897 -2.10309807 -2.24177192 -2.18208468
 -2.23236961 -2.21267425 -2.17297567 -2.20550108]
log likelihood =  -21085.480085501982
Edge derivatives =  [169.96902622467647, 120.3321931259156, 177.23003534172804, 137.60863139557304, 22.119613579397797, 7.963519363186711, 294.35482192070464, 265.9436667598528, 126.06314339612295, 212.8962036986349, 53.420364908794596, 133.41429139208216, 64.6003248386498, 86.99553053541543, 151.90687071319834, 113.27297351135884]
other derivatives: [  911.39991127 -1508.04371515    -9.58279998    25.29559424
   131.456909       0.        ]
Current x array =  [-0.63503069 -0.35021757 -0.77711832  0.3335857  -2.03468158  0.33647224
 -1.98141458 -1.90208155 -1.96990495 -2.0213014  -2.21719696 -2.26509708
 -1.73037575 -1.74484515 -2.04371825 -1.85668923 -2.17337764 -2.03615987
 -2.1522444  -2.10806795 -2.01344729 -2.08827053]
log likelihood =  -20688.173433560136
Edge derivatives =  [157.82384208014975, 113.09439724902529, 165.82409284852244, 119.90639542915793, 17.710763067787074, 1.1766788021726842, 251.2222118951076, 232.21953795801693, 113.10104731831807, 197.22087343224516, 45.603861127477906, 121.17709799394306, 58.49941353482739, 84.02363265508824, 143.69438980533997, 108.42414763895385]
other derivatives: [ 5.52454003e+02 -9.02792090e+02 -1.00506441e+02  3.04036803e+01
  6.29370334e-01  0.00000000e+00]
Current x array =  [-0.6170707  -0.43317874 -0.68804238  0.35136561 -1.87210772  0.33647224
 -1.85514675 -1.82544994 -1.83930942 -1.91326579 -2.19084613 -2.25528518
 -1.50510183 -1.52953905 -1.94520492 -1.68558403 -2.12744888 -1.93408129
 -2.09806975 -2.03648123 -1.90080849 -2.00528169]
log likelihood =  -20252.634451570684
Edge derivatives =  [-1.7267275724526694, 30.10388147746526, -12.791398681080304, -54.89988697768977, -37.96369248514733, -43.93993860139395, -288.06685724275246, -249.613744332044, -18.91531603507647, -106.19892421178847, -26.18516398852031, -19.078464595685173, -13.927727678262567, 11.21735589097904, 11.031146795741323, 48.69854183844904]
other derivatives: [ -249.04111342  -871.93657237 -2008.36366275    66.92935131
  -372.78987293     0.        ]
Current x array =  [-0.58574907 -0.56267723 -0.3545221   0.4865558  -1.63392882  0.33647224
 -1.0528499  -1.26713543 -1.00855125 -1.23300308 -2.02301619 -2.19491291
 -0.09539052 -0.17744978 -1.32156144 -0.60037743 -1.83719645 -1.2866276
 -1.75275806 -1.57781926 -1.18239868 -1.47412126]
log likelihood =  -20060.741232976827
Edge derivatives =  [13.256398950756191, 21.40201909333071, -7.572274699487919, -29.69591309798626, -37.92826659722302, -35.61622074361283, -194.1839656010503, -187.07919456665604, -24.578089058035854, -120.45554905370803, -27.37600019878985, -8.363443013332446, -10.752762561353721, -11.52342855065798, 2.7410592474061346, 45.20332328427184]
other derivatives: [-414.48292905  140.06363926  909.68314908   75.52698662 -218.04917196
    0.        ]
Current x array =  [-0.58620748 -0.73976049 -1.08934443  0.45943954 -1.87192404  0.33647224
 -1.03326164 -1.21024576 -0.9931512  -1.23660743 -2.03294555 -2.20738866
 -0.16790851 -0.24034689 -1.31429862 -0.61621161 -1.84029645 -1.27911121
 -1.74915563 -1.56468628 -1.16125179 -1.44430713]
log likelihood =  -19851.401722579805
Edge derivatives =  [71.73614605474036, 53.88593689875667, 64.64635081448935, 26.125195902531704, -17.16541063260551, -22.817884376285985, -14.36587283625204, -15.458403866239413, 29.52608034742155, 19.77748529669397, -2.0655292406643113, 41.62024473258408, 15.925623432166432, 27.51838786285169, 61.03279068000262, 67.83763182520558]
other derivatives: [-62.83735274 -40.18693289 390.38313844  21.91045496   5.45442163
   0.        ]
Current x array =  [-0.61088871 -0.67360201 -0.87810579  0.44623187 -1.96453421  0.33647224
 -1.24841478 -1.36323641 -1.21866851 -1.42292782 -2.08290989 -2.22765692
 -0.56503283 -0.62308471 -1.48659589 -0.92454505 -1.92225004 -1.45472464
 -1.84401372 -1.69167927 -1.35615035 -1.58333361]
log likelihood =  -19780.494671529254
Edge derivatives =  [57.28298760322133, 46.4221124208909, 51.669349463306325, 15.970101553131615, -17.473657183144915, -24.931310359921106, -38.29834503931738, -33.74657559220133, 23.35601947256685, 5.095034405069155, -6.110849782835328, 27.671481979885847, 11.20300554988747, 25.755639462207128, 48.305153868303904, 60.604407808160666]
other derivatives: [ 41.27359716 -37.92592906 110.88122847  18.63918442  -0.21427695
   0.        ]
Current x array =  [-0.62878208 -0.67909547 -0.73410864  0.47889978 -1.95802609  0.33647224
 -1.14413505 -1.28690279 -1.1177372  -1.35997573 -2.08330913 -2.2403936
 -0.49144575 -0.5507907  -1.42303169 -0.83911713 -1.90375407 -1.38196707
 -1.80895358 -1.63929554 -1.26402862 -1.49799611]
log likelihood =  -19754.41218897869
Edge derivatives =  [31.689546710835465, 32.43546925296769, 26.566500080885636, 1.7997599702257308, -20.04228985698431, -27.786430548904992, -61.29751188241181, -53.48488364436725, 10.139561180474105, -20.150971326394263, -13.770706375937518, 5.79714166219942, 2.1350090799722268, 16.349408605565284, 23.12476809610506, 46.775496389878704]
other derivatives: [  25.59754648   12.36403477 -177.52608983    9.34160198    0.97206794
    0.        ]
Current x array =  [-0.63356353 -0.69621803 -0.63595643  0.51898656 -1.97051562  0.33647224
 -1.00076563 -1.17530331 -0.98052577 -1.2824305  -2.09208863 -2.26818285
 -0.43407834 -0.49020803 -1.33966241 -0.74412385 -1.88661151 -1.28991762
 -1.76439733 -1.56604483 -1.1388827  -1.37166363]
log likelihood =  -19740.70415582119
Edge derivatives =  [23.52851883806579, 27.04745827609774, 18.957085851388708, 0.4743396416901712, -20.01075800502434, -27.249472586595928, -51.758547684372836, -46.33916686523647, 6.537283216419906, -23.485049801329136, -15.68122498033784, 0.9636123255294436, -0.23955157991417073, 11.30469472195149, 14.039363352249538, 40.846512352336646]
other derivatives: [ -4.68171493  38.28718036 -87.28020475   2.61170499   1.15796865
   0.        ]
Current x array =  [-0.63202498 -0.70291463 -0.66135846  0.53084301 -1.9773966   0.33647224
 -0.95328906 -1.13294471 -0.93774128 -1.26601269 -2.10613007 -2.28986204
 -0.45898678 -0.51093149 -1.3178107  -0.73860517 -1.89146773 -1.26777792
 -1.75445416 -1.54294629 -1.10034612 -1.31908663]
log likelihood =  -19717.52837968829
Edge derivatives =  [-4.657164343713596, 10.17256439966939, -4.073960146531638, -2.359746366623991, -17.73714186033539, -24.465426449573336, -2.6377341537318206, -4.214889070893949, -1.4846593651903728, -17.835528153776767, -19.76458901430055, -11.638288518309043, -6.498478328505732, -2.5908682392101507, -13.889342109398179, 18.836628155500733]
other derivatives: [-41.12116585  40.80829967  24.04303814 -16.48149919  -9.41763574
   0.        ]
Current x array =  [-0.63148391 -0.70385798 -0.69341921  0.56253942 -1.97385752  0.33647224
 -0.80752404 -0.99695629 -0.81068903 -1.2309161  -2.17093273 -2.38095193
 -0.60476985 -0.64042565 -1.26097472 -0.76597962 -1.92756705 -1.2139924
 -1.73296152 -1.47579181 -0.98870004 -1.13702365]
log likelihood =  -19712.551848040835
Edge derivatives =  [-8.419487212211303, 6.808675617397394, -5.434672928402151, -1.7580174503815216, -14.626505900515225, -21.560708315640003, 8.575344117651207, 6.435859807572754, -0.23785308319971749, -5.8839479889338095, -17.274032398049485, -7.2516697643497, -5.392369006999413, -3.288130249735334, -11.583887026205675, 11.948013675043622]
other derivatives: [-10.56687324  15.06086846  24.47995939   1.38134055  -3.78568075
   0.        ]
Current x array =  [-0.63434282 -0.69672806 -0.69475396  0.53706592 -1.97910722  0.33647224
 -0.7954022  -0.95979701 -0.79993447 -1.23359769 -2.21378322 -2.43901922
 -0.63938939 -0.67505617 -1.25728349 -0.80397582 -1.96975897 -1.22832222
 -1.74272493 -1.47136847 -0.99695239 -1.07757364]
log likelihood =  -19708.40053403568
Edge derivatives =  [-10.707605309240526, 1.6131316839364274, -5.038719434174831, -1.0779728931805843, -9.24443834481631, -16.257094710357638, 14.892484398398786, 12.858684040869784, 1.6453408535648661, 9.541379100693177, -11.789464344431028, 1.3808815848503442, -2.975585273768114, -3.0892815531609314, -2.9164135149008015, -0.24206349875937072]
other derivatives: [-83.91580195 -51.40936992  -3.69436748   9.96478775   7.73470674
   0.        ]
Current x array =  [-0.62213689 -0.67788012 -0.68686955  0.52026312 -1.99178484  0.33647224
 -0.79812778 -0.89984632 -0.7966982  -1.23970856 -2.29550553 -2.55447558
 -0.65910423 -0.69889182 -1.2513042  -0.85475492 -2.05618518 -1.25757582
 -1.76479091 -1.47163839 -1.02785001 -0.98142651]
log likelihood =  -19710.60642669705
Edge derivatives =  [-12.535198428689744, -3.206645378155385, -4.184644384557119, -0.8410062442470617, -2.4738089939323573, -10.226256477780518, 12.609173641240808, 12.567897471319867, 4.824639481813199, 25.638933412951182, -5.3337046498867515, 12.183797455511668, 1.3456334423777885, -0.3093435765521156, 9.31162191568436, -15.465391679878879]
other derivatives: [248.31606424 -13.95019353 -14.10480763  27.90184226   9.30485839
   0.        ]
Current x array =  [-0.67026513 -0.68906888 -0.68707143  0.50552726 -1.99062004  0.33647224
 -0.79635809 -0.81887118 -0.78310641 -1.23544731 -2.39569941 -2.70176306
 -0.64371218 -0.69094928 -1.23210889 -0.88927825 -2.16209104 -1.28130905
 -1.78727636 -1.46637435 -1.05620031 -0.85881874]
log likelihood =  -19706.588113484344
Edge derivatives =  [-11.38580927976943, -0.23869078726757786, -4.6474328891506875, -0.960060611567377, -6.460578925062195, -13.729983232458599, 13.99132230526995, 12.756156636536007, 2.9431086494108425, 15.945964479677048, -9.115493765090491, 5.686304861443097, -1.2400251937158178, -1.970894782420629, 1.9011963393816735, -6.037130227591096]
other derivatives: [ 54.21534297 -36.01890057  -7.95771484  16.73179213   8.53942765
   0.        ]
Current x array =  [-0.64126785 -0.68232765 -0.68694979  0.51440562 -1.99132183  0.33647224
 -0.79742433 -0.86765873 -0.79129547 -1.23801472 -2.33533257 -2.61302231
 -0.65298589 -0.69573466 -1.24367407 -0.86847793 -2.09828272 -1.26700977
 -1.77372887 -1.46954593 -1.03911925 -0.93268995]
log likelihood =  -19705.295967744176
Edge derivatives =  [-10.29064091404952, -0.723272155553745, -3.9805027185752184, -1.4539307756094395, -5.571863410402471, -12.761851823286399, 6.893941652728378, 6.660486692432783, 2.877930211340042, 15.634188914902193, -7.79867035599888, 7.367231291821389, -0.5251578479819177, -1.2185229161545474, 5.03086153747899, -7.665635355915098]
other derivatives: [ 33.58436516 -23.26960384 -11.48146112  14.70107236   7.77072273
   0.        ]
Current x array =  [-0.63853978 -0.68567266 -0.68555829  0.517006   -1.99038375  0.33647224
 -0.8073337  -0.85886709 -0.79585772 -1.23750544 -2.3518666  -2.63930298
 -0.63165033 -0.67740992 -1.24092163 -0.86599602 -2.11820033 -1.2719763
 -1.77883697 -1.47207055 -1.04988239 -0.92001701]
log likelihood =  -19703.5007048808
Edge derivatives =  [-7.22406571046918, -1.7088136297219698, -2.4243116978601122, -2.37172769406074, -3.795672638216444, -10.593465983291237, -7.904213613713343, -6.3352799407005795, 1.8086571733559436, 10.464903255620616, -5.283431133753566, 9.100047321348546, 0.7590363159591313, 0.055490157926237516, 9.799209956964203, -10.65027352683395]
other derivatives: [-0.32159733 -8.78753781 -3.31165211  2.34977051 -0.33978722  0.        ]
Current x array =  [-0.63482835 -0.69002717 -0.68702067  0.53438545 -1.98285848  0.33647224
 -0.83306559 -0.83827011 -0.80543713 -1.236495   -2.39197024 -2.70705516
 -0.58706167 -0.63829995 -1.23083535 -0.84643479 -2.16645768 -1.27281488
 -1.78865676 -1.47614329 -1.06292698 -0.89739729]
log likelihood =  -19702.745050685095
Edge derivatives =  [-4.3967788017650395, -1.8300750545480406, -0.11805248084498249, -1.0589995810291908, -2.20795907096852, -9.070002202580541, -5.609261430288259, -3.442542089325332, 1.7976597224937754, 9.883488434553584, -3.919569125473003, 9.180297747908899, 1.8299908723781078, 1.2397451510142243, 11.074465213741385, -11.572184691408047]
other derivatives: [-24.34862836  45.23644748  -1.53268047  -4.99385351   4.80868039
   0.        ]
Current x array =  [-0.6313879  -0.70454886 -0.68695822  0.53933852 -1.98047517  0.33647224
 -0.85402471 -0.82635161 -0.81411893 -1.24337341 -2.42427815 -2.76231916
 -0.5944151  -0.64568293 -1.22689077 -0.83979217 -2.20447302 -1.26822479
 -1.7958379  -1.47919153 -1.0613557  -0.89040507]
log likelihood =  -19701.792443167906
Edge derivatives =  [-1.5517062175975058, -1.6474431850287519, 1.799446239547302, -0.2543746321225007, -1.2635541075260754, -7.946859264117694, -5.841152471551724, -3.697536191200964, 1.0773811068925538, 5.1465845882596035, -3.081691958334387, 7.876797768027831, 2.356692033088432, 1.8433091958970254, 10.82973118414095, -11.258174189215985]
other derivatives: [-20.32466     36.27501428  -0.69339876 -11.66554284   1.96523615
   0.        ]
Current x array =  [-0.63206819 -0.70259922 -0.68661086  0.54737765 -1.97596149  0.33647224
 -0.87420668 -0.81817798 -0.82112831 -1.24773217 -2.44992722 -2.81015567
 -0.59325194 -0.64417796 -1.22116816 -0.82251033 -2.23579255 -1.25776464
 -1.79994947 -1.48092053 -1.05395    -0.89227547]
log likelihood =  -19699.77258205869
Edge derivatives =  [3.2146160810449316, -2.852262430074016, 3.0547437885643167, 0.7372762647036986, 1.1254671827056368, -5.260550917502249, -2.7450224973012793, -1.6094263681515049, -2.692446934545408, -8.715015133816726, -2.0050387625071693, -0.2538696564160156, 2.4812325691376476, 1.1371451187964767, 2.8750634496719143, -9.190458489662793]
other derivatives: [-12.72819645  13.61950126   7.80164555   0.57771103 -10.33004082
   0.        ]
Current x array =  [-0.63325489 -0.69873939 -0.68713761  0.53193211 -1.96248613  0.33647224
 -0.92190245 -0.7898886  -0.825852   -1.25723236 -2.53021237 -2.97140521
 -0.60700222 -0.65264058 -1.20144994 -0.77642019 -2.3359012  -1.21203422
 -1.80510728 -1.47768239 -1.0054166  -0.91074337]
log likelihood =  -19699.254014400278
Edge derivatives =  [6.7578056004853915, -1.4066993030889587, 5.013524252566575, 2.443748370541967, 2.29386355878831, -4.164227448673711, 1.764888111276298, 1.6767203652514113, -1.279614185467881, -6.693770070494339, -1.2399684597002145, -2.5144361765104564, 2.0514371133110734, 0.9292171739051147, -0.1228233021756685, -3.4670583955865966]
other derivatives: [  9.13059921  -5.22995833 -10.76550689  -9.32486728  10.85136319
   0.        ]
Current x array =  [-0.63583194 -0.6919999  -0.68261397  0.5417135  -1.98422315  0.33647224
 -0.93455642 -0.79095058 -0.82270827 -1.25978489 -2.5529466  -3.03801345
 -0.61512768 -0.65636443 -1.20187691 -0.77689966 -2.37398999 -1.19545602
 -1.80058697 -1.47512091 -0.98147224 -0.94647706]
log likelihood =  -19698.980915084696
Edge derivatives =  [5.588051320358786, -2.103163170261388, 3.521612337184491, 1.9711038872270037, 2.6531967644351164, -3.848269192792869, 2.436792125413862, 1.9574682391164147, -1.2086566730093065, -4.172636918637114, -1.091983276272098, -2.314334977582167, 1.7103926071974842, 0.11752708967940706, -1.0326704254444996, -2.9209730827943226]
other derivatives: [ 6.19511411 -7.08823791  7.15444912 -2.00307113  6.80629455  0.        ]
Current x array =  [-0.63534406 -0.69168966 -0.68824977  0.53256912 -1.98158307  0.33647224
 -0.93028488 -0.78903927 -0.81698449 -1.25862118 -2.55909729 -3.05842124
 -0.61885017 -0.65918395 -1.20284881 -0.78637073 -2.38553962 -1.19547758
 -1.79886802 -1.47332633 -0.97734763 -0.95103977]
log likelihood =  -19698.723622633042
Edge derivatives =  [3.502138335447671, -2.692614943973162, 0.9673820152924719, 0.7341729817755056, 3.086149026028999, -3.5061778621076445, 1.0319960966852477, 0.5639038429352294, -0.6875246775088129, 0.19399881297367272, -0.8364484212727228, -1.931504739232306, 1.0564193278989311, -0.6135482582244072, -1.926094915692127, -1.030332363100936]
other derivatives: [ 1.66983227 -2.96422513  1.9743311   6.60293153  0.79526217  0.        ]
Current x array =  [-0.63446977 -0.69319538 -0.68641341  0.52225946 -1.97573967  0.33647224
 -0.92127093 -0.79119258 -0.80740109 -1.2550817  -2.56223235 -3.08566093
 -0.61777645 -0.65732339 -1.2056628  -0.800235   -2.39945001 -1.19655119
 -1.79432157 -1.47116734 -0.97235974 -0.96483712]
log likelihood =  -19698.563582566392
Edge derivatives =  [2.2453216156842624, -2.6050909783567704, -0.5690463266891383, 0.15634797837619163, 3.5001511636243423, -3.011268517816347, 0.5733503866736362, -0.1029965612351067, 0.2356166084454684, 3.2982498914846166, -0.3111626633908713, -0.9811490560936346, 0.4216680329043821, -1.0563882066797377, -1.863553944585186, 1.4126646278816533]
other derivatives: [ 0.21864253 -1.83863449  7.6215656   3.42697604 -0.5842594   0.        ]
Current x array =  [-0.63431018 -0.69330909 -0.68835365  0.52636612 -1.97491497  0.33647224
 -0.9112719  -0.79711682 -0.79898157 -1.25180625 -2.56248975 -3.11944703
 -0.61644796 -0.65548031 -1.2087167  -0.80961346 -2.41570728 -1.19834192
 -1.78887386 -1.47022115 -0.96898229 -0.98067843]
log likelihood =  -19698.398516787718
Edge derivatives =  [0.1920944819967918, -2.566400491782897, -2.061588057906757, -0.6572906995929089, 3.8976697133962155, -2.353217445440612, -0.448303840477969, -0.660364526197983, 0.7175861370053224, 4.005402368823777, 0.5611681404265247, 0.5169749767933809, -0.11768426973511009, -0.8190429906841568, -0.28631738698792997, 2.334394713090311]
other derivatives: [-6.52507879 -2.32139428 -9.24228516  0.50349627 -2.5920599   0.        ]
Current x array =  [-0.63328288 -0.69328521 -0.68282068  0.53035519 -1.97248545  0.33647224
 -0.89668392 -0.80446646 -0.79163744 -1.24820675 -2.56111933 -3.17486526
 -0.61396113 -0.65437797 -1.20894516 -0.81028745 -2.44171848 -1.2024516
 -1.78383983 -1.47152464 -0.97032622 -0.98557489]
log likelihood =  -19698.318299267004
Edge derivatives =  [-0.564081217701675, -2.082424229569575, -2.1687783986553835, -0.7438985100551185, 4.1215531103745215, -1.8828315609141757, -0.916279735957413, -0.7932639808810111, 1.016143742865299, 3.0737660569032794, 1.2067431648440137, 1.7420903894293267, -0.20453056709204367, -0.30504127402624126, 1.3175469026174484, 2.579407587730283]
other derivatives: [18.39543984  4.32337401 -7.278868   -2.50147423 -2.14422471  0.        ]
Current x array =  [-0.63697138 -0.69515508 -0.68363301  0.53476978 -1.97283499  0.33647224
 -0.88779076 -0.81051268 -0.78911826 -1.24641891 -2.55836452 -3.21579371
 -0.61116835 -0.65301738 -1.20782088 -0.80553595 -2.46012144 -1.20475421
 -1.78115294 -1.4733855  -0.97227762 -0.98478492]
log likelihood =  -19698.222619276778
Edge derivatives =  [-1.0431764183713907, -1.8277931705543016, -2.065955307140068, -0.6488453007805999, 4.0395265601273955, -1.6513087662059303, -0.17585214746755168, 0.032877131003978155, 0.6601326551908245, 0.6254672832592204, 1.4871234765578911, 1.968777567269978, -0.38881073999875504, -0.13612441473514314, 1.8497764058733113, 2.176212991498186]
other derivatives: [ 5.28525561  1.39662006 -4.26553015 -5.39330358 -1.03354978  0.        ]
Current x array =  [-0.63520711 -0.69424291 -0.68443562  0.53801427 -1.97451632  0.33647224
 -0.8821189  -0.81560706 -0.78910071 -1.2462156  -2.5542502  -3.24280963
 -0.61281218 -0.65552951 -1.20614063 -0.79824433 -2.47109845 -1.20496049
 -1.77965053 -1.47508186 -0.97281699 -0.98171697]
log likelihood =  -19698.14049049371
Edge derivatives =  [-1.852030093129604, -1.4858684944722054, -1.965574372712291, -0.6200001928091718, 3.717844675960286, -1.5397751042366978, 0.5312964142273789, 0.8945868404788482, 0.010883047075183283, -2.3675467068998706, 1.5813086969761043, 2.0056149904010487, -0.5707324714925806, 0.032945815882471585, 2.1376570033448754, 1.1028819761368092]
other derivatives: [-1.69347913 -1.54359441 -0.76506694 -4.18622221 -0.22955646  0.        ]
Current x array =  [-0.63428551 -0.69346717 -0.68543289  0.53645756 -1.97637345  0.33647224
 -0.874349   -0.82265933 -0.78999369 -1.24593316 -2.54397137 -3.26504032
 -0.61466808 -0.65848038 -1.20394028 -0.78987188 -2.47709028 -1.2050403
 -1.77817428 -1.47696235 -0.97360945 -0.9745345 ]
log likelihood =  -19698.06139353041
Edge derivatives =  [-2.5895233986798907, -0.9080962409312416, -1.7968049560208137, -0.6240464715517692, 3.3431103347100297, -1.4588421156232163, 0.8083564946863939, 1.289541038001628, -0.4432368316723273, -3.718159644284692, 1.557781525570243, 1.797981954034007, -0.7775247959028937, 0.13889718443273258, 1.8688962315943258, 0.2954952906041224]
other derivatives: [-4.29245119 -1.11103873  1.81717041 -1.27874955  1.22527126  0.        ]
Current x array =  [-0.63391876 -0.69353944 -0.68629912  0.53273373 -1.97879295  0.33647224
 -0.86644861 -0.83223165 -0.79126476 -1.24553257 -2.52879217 -3.28741848
 -0.61537974 -0.65981773 -1.20281396 -0.78657744 -2.48061268 -1.20414512
 -1.77629636 -1.47849147 -0.97250248 -0.96939088]
log likelihood =  -19697.932853606144
Edge derivatives =  [-3.5175840420226665, 0.49531324407712474, -1.0707441281880665, -0.6392197133918598, 2.506080911615378, -1.3403846398071109, 0.34788823659653323, 0.8507441102350404, -0.858947869981034, -3.7236742948081103, 1.3827090124995365, 1.2111433257881412, -1.0428817294726422, 0.3331754029598123, 0.9897216738395651, -0.9965937550739232]
other derivatives: [ -0.73960109 -11.30247256   3.91955837   2.13767635   0.47220965
   0.        ]
Current x array =  [-0.63434205 -0.69088945 -0.6871127   0.52888576 -1.97961197  0.33647224
 -0.85448698 -0.85281648 -0.79573975 -1.24516669 -2.4918148  -3.32731436
 -0.61392654 -0.65876357 -1.20282691 -0.78884707 -2.48170538 -1.20174188
 -1.77357518 -1.48110259 -0.96967466 -0.96145655]
log likelihood =  -19697.903172723396
Edge derivatives =  [-3.19988645354233, 3.019332945758585, 0.9686813554948749, -0.09590967061166522, 1.2133506751407472, -1.1541928122331502, -0.1321414220811917, 0.5843122297977956, -1.1607974611255134, -1.675120201969177, 1.0120047320258425, -0.8828512877362805, -1.1833979473783762, 0.8236435584899227, -1.5019971150321196, -2.0667428440607223]
other derivatives: [-14.13791324  19.64872354   4.15602699   3.06717993   8.11087375
   0.        ]
Current x array =  [-0.63246537 -0.69866756 -0.68747111  0.52589429 -1.98588116  0.33647224
 -0.84536721 -0.88361087 -0.80529036 -1.24651823 -2.43465757 -3.39722854
 -0.6121162  -0.65602541 -1.20364196 -0.7961014  -2.48537339 -1.19277535
 -1.77081612 -1.48425464 -0.95982168 -0.95517087]
log likelihood =  -19697.779007804813
Edge derivatives =  [-2.858952657412936, 2.5212921446817815, 0.6077553343053106, -0.2522896313955447, 1.5568261853374223, -1.2006875407342323, -0.45720623111398223, -0.018595681635869443, -0.7156008090160468, -0.4258436639049571, 1.0384451736661835, -0.4888930520568472, -1.044671293521326, 0.6245078599344067, -1.1632818576822181, -1.3996548514448763]
other derivatives: [-1.08339009  0.62354957  1.14632712  2.11039151  3.18614184  0.        ]
Current x array =  [-0.63418512 -0.69384986 -0.68647837  0.52808057 -1.98115826  0.33647224
 -0.8511702  -0.87565582 -0.80354532 -1.24655269 -2.44549726 -3.37841268
 -0.61148253 -0.65479564 -1.20503742 -0.80011379 -2.48144072 -1.19435318
 -1.77235852 -1.48277743 -0.96146994 -0.95954272]
log likelihood =  -19697.751344910797
Edge derivatives =  [-2.357348540900541, 2.5281981081223632, 0.7151656433345188, -0.22975216058384096, 1.6127353848002426, -1.1993285117481094, -0.743729450248316, -0.43798216490823283, -0.4287511286888692, 0.7502419490978718, 1.0108402841580868, -0.5976293304374105, -0.915167039159277, 0.5773355064303236, -1.285056637663393, -1.0065371600851414]
other derivatives: [ 1.94086169 -2.02962838 -0.53114491  0.60281309  1.47883839  0.        ]
Current x array =  [-0.63457508 -0.69323364 -0.68590463  0.53007307 -1.97882976  0.33647224
 -0.85546503 -0.87376545 -0.80393402 -1.24704688 -2.44495787 -3.37674791
 -0.61087234 -0.65348119 -1.20618624 -0.80375138 -2.47960968 -1.19382289
 -1.77345021 -1.48208326 -0.96112231 -0.96221087]
log likelihood =  -19697.71401142554
Edge derivatives =  [-1.6390863532798345, 2.6758009244636494, 0.9522258250463602, -0.14903743732598917, 1.4591372086286192, -1.168528024082333, -0.9450418703943132, -0.7957642190422595, -0.18157071558204507, 1.6603635962086236, 0.9704996693371947, -0.8388190579378428, -0.7002562333936979, 0.5447443524801485, -1.374660365469064, -0.7081822737848649]
other derivatives: [ 2.83835107 -2.00998329 -1.42063072 -1.22963684 -0.62973413  0.        ]
Current x array =  [-0.6346802  -0.69339768 -0.68547259  0.53227251 -1.97563394  0.33647224
 -0.86122702 -0.87291503 -0.80508716 -1.24804759 -2.4363355  -3.38520839
 -0.61077904 -0.65233949 -1.20764417 -0.8068831  -2.47764312 -1.19280092
 -1.7752801  -1.48134163 -0.96106129 -0.96439843]
log likelihood =  -19697.633836122746
Edge derivatives =  [-0.1404378779004932, 2.882154391735513, 1.3148304537585584, 0.14158094010148392, 0.8678800548393202, -1.0724515078793473, -0.37334152346681104, -0.5537004906610961, 0.2127405807138013, 2.1276833634678964, 0.9557636206130646, -1.0528206836725538, -0.2341053985844647, 0.4299802221388619, -1.0344651494027999, -0.13873127539832203]
other derivatives: [ 5.46351657 -2.09329301 -4.88689693 -2.63171387 -1.34386937  0.        ]
Current x array =  [-0.63492088 -0.6935496  -0.68417439  0.53337926 -1.97317656  0.33647224
 -0.87286376 -0.86955586 -0.80604095 -1.2503203  -2.41049729 -3.41540219
 -0.61319296 -0.65258523 -1.21052501 -0.80895487 -2.47397997 -1.19184238
 -1.77945548 -1.47944182 -0.96265554 -0.96854192]
log likelihood =  -19697.663737043462
Edge derivatives =  [1.4820762591481467, 1.7482917132547466, -0.16000530136603364, -0.1695020378376348, -0.3476759561102516, -0.8329250657268978, -1.231782692819579, -2.09655224673063, 0.7698189238027847, 2.2255967052322543, 1.0694020869794583, -0.026691319483874543, 0.5283908026659455, -0.6070183378575156, 0.6272717137697886, 1.3335476090621543]
other derivatives: [ -0.59044396   2.88928277  22.30081009  -1.55851012 -10.14086592
   0.        ]
Current x array =  [-0.63429175 -0.69558676 -0.69205123  0.53172047 -1.96343109  0.33647224
 -0.89405382 -0.85163593 -0.80059957 -1.25242195 -2.36247204 -3.47945175
 -0.61344889 -0.64960702 -1.21690399 -0.8132696  -2.46709181 -1.19625187
 -1.78783818 -1.4740148  -0.97103169 -0.97954731]
log likelihood =  -19697.584699862437
Edge derivatives =  [0.5795346285186871, 2.3917062619153824, 0.6697373761372333, 0.005293552545557412, 0.35122982972483546, -0.9609525326970547, -0.7495490158817403, -1.230083601941331, 0.4637461789112478, 2.176117805835312, 1.00700465653343, -0.5941483391209817, 0.10368592316235581, -0.024025882166064827, -0.2965176034495481, 0.5122479817873725]
other derivatives: [ 2.80306267  0.11277734  7.17700459 -2.1627784  -5.21285983  0.        ]
Current x array =  [-0.63464353 -0.69444769 -0.68764692  0.53264798 -1.96888024  0.33647224
 -0.88220546 -0.8616558  -0.8036421  -1.25124681 -2.38932522 -3.44363863
 -0.61330579 -0.65127228 -1.2133372  -0.81085703 -2.4709433  -1.19378632
 -1.78315102 -1.47704931 -0.96634819 -0.97339368]
log likelihood =  -19697.516840736447
Edge derivatives =  [1.3690051996290007, 2.155571110656866, 0.4383121671679833, 0.15123583596704737, -0.4738383082355359, -0.8135499824310557, 0.2260534904074201, -0.3341127428529078, 0.5717444678657747, 0.6325467465481598, 1.1674873103468222, -0.21856975777975496, 0.45389101109812763, -0.11067251293888525, 0.8390715868068742, 0.8479228034925553]
other derivatives: [-0.44456101  0.64028427 -0.95133146 -1.70839485 -3.28218448  0.        ]
Current x array =  [-0.63405347 -0.69466348 -0.6848336   0.53127202 -1.96977376  0.33647224
 -0.88977222 -0.85545745 -0.8015783  -1.25275299 -2.35973899 -3.49056464
 -0.61675916 -0.65360114 -1.21512911 -0.80648581 -2.47130361 -1.19537592
 -1.78668807 -1.47535443 -0.97032606 -0.97579406]
log likelihood =  -19697.500859807013
Edge derivatives =  [1.3894249122172913, 1.8612856953988253, 0.31937849739407237, 0.30798816858447203, -0.7573126142066553, -0.7151718265518742, 0.9864155422956934, 0.5254243693245164, 0.5467832650657204, -0.6686281571915144, 1.2747655559339832, 0.2686087410370031, 0.562075644196827, -0.04250445918127865, 1.3932804508475445, 0.8405975853387928]
other derivatives: [11.88236638  3.36767698 -0.04074536 -0.40818122  0.1538865   0.        ]
Current x array =  [-0.63582858 -0.69529945 -0.68530519  0.52957686 -1.97362534  0.33647224
 -0.88963131 -0.85053078 -0.79952952 -1.25289155 -2.34935923 -3.51472661
 -0.61813597 -0.65547788 -1.21470584 -0.80198098 -2.47269495 -1.19674195
 -1.78720713 -1.47504208 -0.97146168 -0.97507481]
log likelihood =  -19697.48206451274
Edge derivatives =  [0.9698833498279654, 1.3212682516312406, -0.15865226117363807, 0.15629611959780582, -0.8022644382777046, -0.6909488375098743, 0.9772335703834526, 0.5925986235641818, 0.3289949120491359, -1.5803982060562105, 1.2982403757114134, 0.5124893500096903, 0.44469866565459903, -0.1958701636604696, 1.5139153537413519, 0.6995293135059089]
other derivatives: [-1.4766556  -0.39799488  0.34524419  0.24156179  0.90512913  0.        ]
Current x array =  [-0.6339744  -0.69416817 -0.68533557  0.52863412 -1.97532769  0.33647224
 -0.88824359 -0.84637708 -0.79765752 -1.25247879 -2.34962204 -3.52039976
 -0.61820008 -0.65620289 -1.21413716 -0.79970686 -2.47313498 -1.19813628
 -1.78698276 -1.47490614 -0.97217271 -0.97453337]
log likelihood =  -19697.47649034701
Edge derivatives =  [0.7899700807740397, 1.211462469447449, -0.21379823889325378, 0.10609265771429183, -0.7014523066876824, -0.6940706718692099, 0.7585420413738565, 0.4211004111542027, 0.3075278119331515, -1.3481480551041485, 1.2680628689877624, 0.5048430333113969, 0.39043887808722316, -0.1970764254049847, 1.311376221393541, 0.6498145322108708]
other derivatives: [-1.43190846 -0.49694791  1.27984094  0.30340743  0.77925506  0.        ]
Current x array =  [-0.63401463 -0.69412023 -0.68566368  0.5287029  -1.97546616  0.33647224
 -0.88711283 -0.84573069 -0.7975195  -1.25220512 -2.3527122  -3.5173856
 -0.61743755 -0.65577071 -1.21382073 -0.80037804 -2.47286815 -1.19809276
 -1.78648702 -1.47506649 -0.97142545 -0.97420882]
log likelihood =  -19697.44997992675
Edge derivatives =  [-0.04376506472205016, 0.30353482486121747, -0.6071662955202093, -0.15145458227414593, -0.5706801548135924, -0.639125611836245, -0.2904836737931358, -0.2972047207692351, 0.16209911828091605, -0.3464395376186341, 1.0638777830895516, 0.42181986138150457, 0.21601216199758894, -0.19647116958944566, 0.21298891141588117, 0.3647873642928632]
other derivatives: [-0.67484507  0.55224518  1.82990334  1.09430403  0.30377123  0.        ]
Current x array =  [-0.63429695 -0.69437842 -0.68589256  0.52838856 -1.9759301   0.33647224
 -0.88362293 -0.83751122 -0.796214   -1.25137616 -2.35457444 -3.52764751
 -0.61398833 -0.65400614 -1.21244506 -0.80340443 -2.46968249 -1.19777774
 -1.7849406  -1.47538675 -0.96746159 -0.97257736]
log likelihood =  -19697.438898542594
Edge derivatives =  [-0.1816831254850445, -0.28448010529473194, -0.06830413800988655, 0.07987043650116188, -0.732478084338942, -0.510721364545, -0.10897506270724902, -0.030872697791714088, -0.01836055654049007, 0.28037251827113374, 0.7918546147028818, -0.0723029087321993, 0.08938232443864835, -0.11083612420931166, -0.9741420451959247, -0.0744481835711871]
other derivatives: [ 1.69566192 -3.46444722  4.30627551 -0.98880264  1.50284905  0.        ]
Current x array =  [-0.63478781 -0.69314485 -0.68680308  0.53122924 -1.97785565  0.33647224
 -0.88268405 -0.83024696 -0.79800483 -1.25205172 -2.34615242 -3.55763775
 -0.61342989 -0.6544038  -1.21096893 -0.80563183 -2.46374214 -1.1952988
 -1.7835972  -1.47616719 -0.96321477 -0.96988777]
log likelihood =  -19697.430124220708
Edge derivatives =  [-0.4070357792441945, -0.6546453093928225, -0.19451601874734514, -0.01561119990060661, -0.7946913562070175, -0.4686963043813176, -0.3335081047592426, -0.07006329466756256, -0.08441378861004689, 0.5094214751314682, 0.7090444514069678, -0.1562783335967209, 0.056520667879080055, -0.047967350416434185, -1.0872227744245941, -0.18119467858296484]
other derivatives: [-1.99433998  3.46262823  0.74069249 -0.83600753  1.13104761  0.        ]
Current x array =  [-0.63430766 -0.69508156 -0.6855334   0.53093669 -1.9767707   0.33647224
 -0.88288938 -0.82646972 -0.79794548 -1.25212826 -2.34263893 -3.57089699
 -0.61320591 -0.65443835 -1.21066421 -0.80610277 -2.46082546 -1.19514701
 -1.78329431 -1.47624848 -0.96318541 -0.96943631]
log likelihood =  -19697.42554295407
Edge derivatives =  [-0.30242176842654345, -0.5950653745383192, -0.20786023553971494, -0.025598882305501947, -0.8535971154519711, -0.4635384264341275, -0.22652561769226057, -0.02912954226861264, -0.06281211736616366, 0.3036054104017819, 0.7377127649182139, -0.10941688091679852, 0.08716830573540912, -0.06475314501648488, -0.8036110809577564, -0.12231043198020936]
other derivatives: [-0.995351    1.09575922 -0.56425051 -0.5151378   0.30158844  0.        ]
Current x array =  [-0.63439702 -0.69454173 -0.68505851  0.53054669 -1.97576111  0.33647224
 -0.88401427 -0.82684371 -0.79800983 -1.25229831 -2.34078174 -3.57335067
 -0.61381491 -0.65468437 -1.21099867 -0.80561516 -2.4604242  -1.19537976
 -1.78365334 -1.47609702 -0.96441632 -0.96989845]
log likelihood =  -19697.42139360381
Edge derivatives =  [-0.252486796712674, -0.6003421048554645, -0.11095438204051827, 0.005915060428247909, -0.8975057789909622, -0.4315014244304732, -0.010089375750282903, 0.14372489207359884, -0.09075218384848066, 0.04029343480415626, 0.731694030848977, -0.10622906396677129, 0.07123306773491672, -0.043274655050807964, -0.5522985288358804, -0.16280374943487827]
other derivatives: [ 0.03019522 -0.46456989 -1.36969902 -0.35179255 -0.20008883  0.        ]
Current x array =  [-0.63450904 -0.69419738 -0.68475185  0.53031534 -1.97508664  0.33647224
 -0.88467945 -0.82650897 -0.79852147 -1.25253987 -2.33886984 -3.58098773
 -0.61463033 -0.65525286 -1.21096168 -0.80488652 -2.45861569 -1.1953309
 -1.78352213 -1.4762424  -0.96564774 -0.96971458]
log likelihood =  -19697.414679238624
Edge derivatives =  [-0.24023447054058544, -0.6138375089559377, 0.1361450526842618, 0.06631540054885321, -0.861173842361029, -0.367074561596001, 0.29427952002286983, 0.39572710934199307, -0.15778374462544453, -0.2536683189352339, 0.6836434881825261, -0.14435223813268194, -0.017124370408501594, 0.02219045600577968, -0.20767177038372486, -0.29948678743919377]
other derivatives: [ 0.92950359 -1.78115442 -1.78806658 -0.15643309 -0.82509359  0.        ]
Current x array =  [-0.63459829 -0.69393226 -0.68455653  0.52999854 -1.97421954  0.33647224
 -0.88506331 -0.82616304 -0.79982131 -1.25284263 -2.33868595 -3.59323991
 -0.61574786 -0.65606128 -1.21058607 -0.80400191 -2.45422995 -1.19500011
 -1.78268315 -1.47681584 -0.96759294 -0.96897481]
log likelihood =  -19697.40432684209
Edge derivatives =  [-0.22841292571839478, -0.584311845553547, 0.5317618686996319, 0.13981807384489386, -0.6418936034373932, -0.26197938318030145, 0.5297807952285175, 0.5637116475575957, -0.20775872887608948, -0.37596779799127367, 0.5720193609674457, -0.18534841424940057, -0.19550535785084575, 0.13661675865911843, 0.23300334817392787, -0.49364856152847253]
other derivatives: [ 1.39516487 -2.34394975 -1.57560862  0.16407284 -1.19362085  0.        ]
Current x array =  [-0.63461486 -0.69383519 -0.68458968  0.52945177 -1.97363734  0.33647224
 -0.88512921 -0.82635878 -0.80179102 -1.25303153 -2.34282696 -3.60925786
 -0.61664872 -0.65654485 -1.20992159 -0.80344641 -2.4459424  -1.19447862
 -1.7809396  -1.47788793 -0.97037896 -0.96794753]
log likelihood =  -19697.38864628326
Edge derivatives =  [0.20067397858170258, -0.24945624228254315, 0.656133006020704, 0.14112588707064083, -0.24900223531266463, -0.1011553184533353, 0.36905173747420267, 0.242837506482795, 0.012098043022753635, -0.30662402535314737, 0.3671829831858475, -0.003353859322933417, -0.28391395784798457, 0.214602653153177, 0.7344725894563272, -0.33452544396789086]
other derivatives: [ 1.43991201 -2.38869688 -1.28566171  0.1891749  -0.47111826  0.        ]
Current x array =  [-0.63455488 -0.69375813 -0.68471066  0.52918045 -1.97434204  0.33647224
 -0.88710771 -0.82903729 -0.80156018 -1.25267093 -2.3502255  -3.63341153
 -0.61629319 -0.65521901 -1.21000343 -0.80311957 -2.43137268 -1.19468149
 -1.77998516 -1.47845448 -0.97383054 -0.96942434]
log likelihood =  -19697.41762987049
Edge derivatives =  [-0.33778125138790976, -0.5022453847849131, -0.6653058387641383, -0.3789653733842206, -0.039324216278777815, 0.06647801631063985, -0.37622618201201885, -0.4095896513701347, -0.35872525199015476, -0.7400359105380786, -0.27558152737183583, -0.2936972055614029, -0.24899549789281, -0.1153940199868887, -0.6156816716684596, -0.1756572830660982]
other derivatives: [-2.32867023  1.81680662  9.49112291  2.66300049 -6.00557541  0.        ]
Current x array =  [-0.6342538  -0.69529159 -0.68769503  0.52683515 -1.96928382  0.33647224
 -0.88665824 -0.8291797  -0.79642731 -1.25156094 -2.35406461 -3.67729335
 -0.61544831 -0.65474106 -1.20833265 -0.80259713 -2.40991757 -1.19378157
 -1.78123947 -1.47718663 -0.97187271 -0.97239758]
log likelihood =  -19697.385686305013
Edge derivatives =  [0.07547787265474173, -0.3082945306464253, 0.3495012423248333, 0.020124991407224624, -0.1993372709420945, -0.06049724086739579, 0.1955676070460452, 0.09104794227328905, -0.07356969557243487, -0.4072282139510135, 0.21961311403957418, -0.07043879184877438, -0.2756399489260044, 0.13784148677831565, 0.4206463640861393, -0.2971813005791361]
other derivatives: [ 0.56134013 -1.40607881  1.23436621  0.76579454 -1.76150934  0.        ]
Current x array =  [-0.63448464 -0.69411591 -0.68540696  0.52863325 -1.97316187  0.33647224
 -0.88700284 -0.82907052 -0.80036259 -1.25241195 -2.35112123 -3.64364993
 -0.61609606 -0.6551075  -1.2096136  -0.80299768 -2.42636683 -1.19447152
 -1.78027782 -1.47815866 -0.97337374 -0.97011805]
log likelihood =  -19697.380704933137
Edge derivatives =  [0.24446363617395295, -0.15725302670580427, 0.2390409534703415, -0.013824046526615119, 0.034630415150277954, 0.012740840536633435, -0.09653439571963812, -0.1866117238604108, 0.085539542526886, 0.0097429997120696, 0.045205642330671814, -0.0224849813359681, -0.25926819586348004, 0.17596816580928326, 0.18135160881252665, -0.1359285249379864]
other derivatives: [ 1.53668225 -0.04147296  0.05929905  0.29322109 -0.50240487  0.        ]
Current x array =  [-0.63462901 -0.69435622 -0.68512551  0.52921795 -1.97456845  0.33647224
 -0.88726178 -0.83022861 -0.79897379 -1.25193408 -2.35566274 -3.65538515
 -0.61495071 -0.65389937 -1.20947598 -0.80369851 -2.41850661 -1.19440151
 -1.78027756 -1.47806168 -0.97298027 -0.97137974]
log likelihood =  -19697.387101364464
Edge derivatives =  [0.3041697625978162, -0.09940682183698302, 0.03538472664506748, -0.06292800860188585, 0.06327444123133402, 0.02768921678362473, -0.21439367137228432, -0.33690361674859926, 0.05645118118389969, -0.020312980162493055, -0.03987093557098159, -0.08100315372943029, -0.24715644866224556, 0.046101405991972155, -0.09642667694702789, -0.054716907644463464]
other derivatives: [-9.3383278  -2.40652298  0.29904186 -0.40781742  0.20991138  0.        ]
Current x array =  [-0.63310243 -0.69357036 -0.68516394  0.52988662 -1.97572981  0.33647224
 -0.88731384 -0.8315657  -0.79785579 -1.25175938 -2.3569872  -3.65852412
 -0.61460944 -0.65357022 -1.20946653 -0.80392301 -2.41586378 -1.19442096
 -1.78094971 -1.47762009 -0.97236114 -0.97239525]
log likelihood =  -19697.380320847547
Edge derivatives =  [0.2559925412886768, -0.1461096213359961, 0.19992745778702325, -0.023251840987937256, 0.04014476056824359, 0.015619605372243883, -0.11919429160958561, -0.21549709453584354, 0.07997048352523506, 0.003982590062650115, 0.028880715087308884, -0.03374821761230529, -0.25692977753660323, 0.15102037597817775, 0.12796066695154928, -0.12029364609511078]
other derivatives: [-0.55042619 -0.49549271  0.10550139  0.15825208 -0.36561687  0.        ]
Current x array =  [-0.63433549 -0.69420512 -0.68513289  0.52934652 -1.97479174  0.33647224
 -0.88727179 -0.8304857  -0.79875882 -1.25190049 -2.3559174  -3.65598869
 -0.61488509 -0.65383609 -1.20947417 -0.80374167 -2.41799846 -1.19440525
 -1.7804068  -1.47797677 -0.97286123 -0.971575  ]
log likelihood =  -19697.379863248832
Edge derivatives =  [0.25675328448425827, -0.10731819132517983, 0.08515023319326259, -0.04506467345995907, 0.045901888822193954, 0.004519892846328179, -0.1850338096638262, -0.26193824985759273, 0.10385294991024485, 0.064653660220509, 0.027774427659685158, -0.015619064630801316, -0.21253958199252904, 0.12616435342739052, -0.004198230629505528, -0.050886925357844615]
other derivatives: [-0.27102942 -0.09822543  0.16661943  0.07785275 -0.12332748  0.        ]
Current x array =  [-0.63438654 -0.694283   -0.68517569  0.52948593 -1.97511929  0.33647224
 -0.88705873 -0.83096784 -0.7980615  -1.25176134 -2.35635519 -3.65341641
 -0.61459725 -0.65365999 -1.20952051 -0.8038658  -2.41858157 -1.1945089
 -1.78082092 -1.4777005  -0.97219424 -0.972007  ]
log likelihood =  -19697.37938461076
Edge derivatives =  [0.19703564014187994, -0.07494704496492494, -0.007060858701587958, -0.047135022375992985, 0.03894126486625413, -0.0032279969906099243, -0.09367093507716318, -0.13847093826591883, 0.0722203171532182, 0.024662576847685247, 0.020248092531653827, -0.02548543344037002, -0.1582827399093778, 0.08997735017121722, -0.10195615973388139, -0.008027739657411714]
other derivatives: [-0.12441888  0.10040822  0.09022187  0.01236913 -0.00982254  0.        ]
Current x array =  [-0.63441264 -0.69432488 -0.68515553  0.52959054 -1.97525922  0.33647224
 -0.88646298 -0.83154983 -0.79751438 -1.25174657 -2.35652859 -3.65227362
 -0.61479972 -0.65404729 -1.20932166 -0.80371217 -2.41875199 -1.19451775
 -1.78138704 -1.47734218 -0.97174584 -0.97229689]
log likelihood =  -19697.379028678246
Edge derivatives =  [0.09873281981824295, -0.03612077714480011, -0.05408289164611779, -0.024513751149888685, 0.03128163642323872, -0.0029740852167886855, 0.05585097227537164, 0.045932159098381886, 0.016508733902503292, -0.026572938363562004, 0.01584751305630233, -0.015594220322906138, -0.0739137149617401, 0.031306342243018814, -0.08872135813081483, 0.029680122518844776]
other derivatives: [ 0.15170372 -0.1033186   0.28230716 -0.05675247  0.09385985  0.        ]
Current x array =  [-0.63444997 -0.69425731 -0.68522219  0.5296861  -1.97540673  0.33647224
 -0.88549934 -0.83231975 -0.79716844 -1.25188311 -2.35650176 -3.65268708
 -0.61514568 -0.65462444 -1.20896808 -0.80356116 -2.41832464 -1.19458099
 -1.78227424 -1.47682011 -0.97180562 -0.97254455]
log likelihood =  -19697.3795127919
Edge derivatives =  [-0.04045169118588549, -0.031036573461368122, -0.11214360031825105, -0.03490837313210321, 0.007486043714994395, -0.0017688336741039923, 0.1009818443194197, 0.16027691591897486, -0.04812116248386755, -0.07613842197050169, 0.010439660667254658, -0.022098119080600664, 0.007080842500698958, -0.0025862244791122757, -0.008738673735083968, 0.03790514532972755]
other derivatives: [-0.81272447  1.36824383 -1.12122507  0.07676135 -0.068394    0.        ]
Current x array =  [-0.63430376 -0.69468188 -0.68473239  0.52948705 -1.97502686  0.33647224
 -0.88467777 -0.83282551 -0.79703026 -1.25207345 -2.35581136 -3.65470209
 -0.61540826 -0.65505185 -1.20865921 -0.80335053 -2.4176654  -1.19466893
 -1.78313264 -1.47634984 -0.97222486 -0.97265693]
log likelihood =  -19697.378971798134
Edge derivatives =  [0.06467743965846773, -0.03486924125872515, -0.06828747387794792, -0.027053346469829986, 0.025462982246895277, -0.0026772353891651307, 0.06690559701198875, 0.07393475631248192, 0.0006931217700840708, -0.038696722381485915, 0.014526268239096751, -0.017180671606982056, -0.0540679272970733, 0.02301710850829153, -0.06912735761607602, 0.03169575445711886]
other derivatives: [-0.08403731  0.2575689  -0.06075425 -0.02401066  0.05456968  0.        ]
Current x array =  [-0.63441417 -0.69436126 -0.68510227  0.52963736 -1.97531372  0.33647224
 -0.88529819 -0.83244358 -0.79713461 -1.25192972 -2.35633273 -3.65318043
 -0.61520997 -0.65472908 -1.20889246 -0.80350959 -2.41816323 -1.19460252
 -1.78248441 -1.47670497 -0.97190827 -0.97257207]
log likelihood =  -19697.378923406133
Edge derivatives =  [0.04000389733845852, -0.02866863521458929, -0.061360567508499886, -0.021104936513440142, 0.02649144259406014, 0.0009678147655498778, 0.07933815941352998, 0.0908277321604557, -0.010697366634363825, -0.04163790059864125, 0.012417214595129067, -0.009332228332451176, -0.03476630625021487, 0.010154573097578445, -0.03176361161402441, 0.03351337001628102]
other derivatives: [-0.00509317  0.04583853 -0.06184564 -0.00654836  0.02146407  0.        ]
Current x array =  [-0.6344218  -0.69430636 -0.68510086  0.52961953 -1.97529127  0.33647224
 -0.88508816 -0.83259523 -0.797164   -1.25199154 -2.35628394 -3.65396813
 -0.61524186 -0.65478943 -1.20881367 -0.8035117  -2.41779828 -1.19463116
 -1.78268952 -1.4765953  -0.9720976  -0.97259115]
log likelihood =  -19697.378883415942
Edge derivatives =  [0.017114674889818902, -0.02432475934211681, -0.033623924413942574, -0.01113676023096083, 0.024598009133234205, 0.003867466537218457, 0.06565217837656567, 0.07936599182815784, -0.016828867227905997, -0.02797000063409316, 0.01632155811716779, 0.003962478213356824, -0.014013384339310847, -0.0007045125287902243, 0.02723240964943907, 0.027818976466712997]
other derivatives: [-0.00545697 -0.03747118  0.01018634  0.0003638   0.00436557  0.        ]
Current x array =  [-0.63441889 -0.69428381 -0.68512426  0.52960724 -1.97528026  0.33647224
 -0.88487903 -0.83271665 -0.79731356 -1.25208441 -2.35612228 -3.65449705
 -0.61519596 -0.65475214 -1.20876976 -0.80356982 -2.41759647 -1.19467896
 -1.78289656 -1.47649952 -0.97235653 -0.97254379]
      fun: 19697.378883415942
 hess_inv: <22x22 LbfgsInvHessProduct with dtype=float64>
      jac: array([ 0.00545697,  0.03747118, -0.01018634, -0.0003638 , -0.00436557,
       -0.        , -0.01711467,  0.02432476,  0.03362392,  0.01113676,
       -0.02459801, -0.00386747, -0.06565218, -0.07936599,  0.01682887,
        0.02797   , -0.01632156, -0.00396248,  0.01401338,  0.00070451,
       -0.02723241, -0.02781898])
  message: 'CONVERGENCE: REL_REDUCTION_OF_F_<=_FACTR*EPSMCH'
     nfev: 63
      nit: 57
     njev: 63
   status: 0
  success: True
        x: array([-0.63441889, -0.69428381, -0.68512426,  0.52960724, -1.97528026,
        0.33647224, -0.88487903, -0.83271665, -0.79731356, -1.25208441,
       -2.35612228, -3.65449705, -0.61519596, -0.65475214, -1.20876976,
       -0.80356982, -2.41759647, -1.19467896, -1.78289656, -1.47649952,
       -0.97235653, -0.97254379])
