number of sites to be analyzed:  491
log likelihood =  -15657.339274787973
Edge derivatives =  [49.470760820704356, 67.51593875155245, 171.02709767299385, 49.465426121307296, -7.104544666927364, 22.12347504743924, 246.33963164840836, 182.8133201167692, 77.69175484803863, 82.39635178406914, -3.285958397039126, 97.77180109983466, 41.14376351281099, 75.37438484169918, 143.56560789778348, 179.4384661511832]
other derivatives: [ -111.76045336   179.32124683  -198.288315     417.95626748
 -1301.35980726     0.        ]
Current x array =  [-0.78409804 -0.92348943 -0.66082917  0.18232156 -0.10536052  0.33647224
 -2.30258509 -2.30258509 -2.30258509 -2.30258509 -2.30258509 -2.30258509
 -2.30258509 -2.30258509 -2.30258509 -2.30258509 -2.30258509 -2.30258509
 -2.30258509 -2.30258509 -2.30258509 -2.30258509]
Forced parameter: {5: 0}
log likelihood =  -14660.530606532433
Edge derivatives =  [53.11204754860532, 67.68219448000295, 170.65670300339076, 53.978183672926335, -5.440619182810376, 25.28874084831259, 249.72057739553523, 182.71829794405193, 78.11323197276751, 81.42471325466835, 2.5427014897403866, 99.94811323949152, 42.69809022100766, 74.16871318399996, 143.3364334040894, 182.17322369786277]
other derivatives: [ 283.41793586  197.86029952   11.28012082  278.25245161 -662.61707525
    0.        ]
Current x array =  [-0.86856702 -0.92282924 -0.81069625  0.1897418  -1.0889333   0.33647224
 -2.29782157 -2.25155628 -2.29782157 -2.29782157 -2.30795474 -2.29782157
 -2.29782157 -2.29782157 -2.29782157 -2.29782157 -2.30506863 -2.29782157
 -2.29782157 -2.29782157 -2.29782157 -2.29782157]
Forced parameter: {5: 0}
log likelihood =  -14856.480430684966
Edge derivatives =  [39.83400648303175, 61.57438320631481, 157.5748436327629, 44.64415579175146, -7.287304119851121, 20.933979160365187, 226.64237890039857, 161.27311075133835, 69.99989263099717, 73.52533823583728, 2.6357046563135142, 102.04320124805803, 37.87265182998906, 62.21185132461241, 123.319160341152, 166.39627995744928]
other derivatives: [-5748.52160207  -164.89954578   -26.94744035   -71.57644905
   106.85784622     0.        ]
Current x array =  [-0.26300072 -0.68448848 -0.77930607  0.36476693 -2.44596118  0.33647224
 -2.22925884 -2.11048494 -2.10345202 -2.22741562 -2.31923166 -2.26048743
 -2.0122725  -2.08984404 -2.20490671 -2.20266412 -2.29954991 -2.17899494
 -2.24288828 -2.21091992 -2.13349714 -2.08756892]
Forced parameter: {5: 0}
log likelihood =  -14239.140839007496
Edge derivatives =  [49.335453560543144, 64.06825926794562, 166.4454096392027, 49.99344531722388, -5.977980530247662, 23.564583169931577, 239.36550249451355, 172.06843211463186, 74.3627984965745, 76.8662376698522, 3.5935534702089202, 98.35514847060342, 40.62748876461456, 68.49486582567084, 134.3901521552945, 174.1920149806074]
other derivatives: [-7.77249419e+02  4.85383862e+01  2.32572347e-01  1.84572982e+02
 -2.59255998e+02  0.00000000e+00]
Current x array =  [-0.57147477 -0.8058987  -0.79529615  0.27560954 -1.75469439  0.33647224
 -2.26418453 -2.18234635 -2.20246341 -2.26328025 -2.31348722 -2.27950536
 -2.15773052 -2.1957873  -2.25223732 -2.2511371  -2.30236113 -2.23952495
 -2.27087117 -2.25518742 -2.21720362 -2.19467113]
Forced parameter: {5: 0}
log likelihood =  -13981.313943778758
Edge derivatives =  [49.65215923918486, 61.81393880641826, 164.44657179181047, 47.78858207631235, -5.863870641169183, 21.06790802185121, 224.58824644227496, 159.01865275006008, 71.06951789712758, 72.5314620151482, 5.0716059551857775, 94.16231773743353, 38.47313284704749, 64.89979414948871, 125.22253497875985, 164.78942398166322]
other derivatives: [210.83702995 -67.49345994  66.05109775  28.13981882 127.15275984
   0.        ]
Current x array =  [-0.76073035 -0.71637653 -0.78251086  0.38365014 -2.38182815  0.33647224
 -2.21864667 -2.09708877 -2.06480111 -2.21671748 -2.3207464  -2.25546009
 -1.95794861 -2.0517132  -2.18823638 -2.18560845 -2.29841516 -2.15596358
 -2.23384404 -2.19619388 -2.10391506 -2.04819265]
Forced parameter: {5: 0}
log likelihood =  -13833.54223292903
Edge derivatives =  [46.38489473657672, 58.63544926873395, 159.46764127843883, 42.08987122132935, -6.3987805536843405, 17.2094540750354, 202.87681525513813, 142.51914079821236, 67.30704328679556, 68.08113101498608, 3.5627293334827654, 88.34147054141806, 35.47978254324783, 60.679116231079604, 113.24487658369796, 150.22989542987102]
other derivatives: [  69.30815289 -147.39706421   55.70981557  -18.96485446  189.48794055
    0.        ]
Current x array =  [-0.72012877 -0.68457365 -0.72299703  0.47239242 -2.5283329   0.33647224
 -2.17138999 -2.03188716 -1.91320096 -2.16969967 -2.32636439 -2.23335897
 -1.74347765 -1.89827965 -2.12061181 -2.11631271 -2.29372436 -2.06703761
 -2.19642654 -2.13397605 -1.98338533 -1.89118529]
Forced parameter: {5: 0}
log likelihood =  -13359.852262626879
Edge derivatives =  [32.64892026813027, 39.111849152935626, 105.14049531074073, 11.450164778459452, -3.5326017652765773, -0.7364450705823302, -16.46268136341278, 26.13537528198022, 50.18599140375891, 49.729484807191085, -6.520071142607157, 34.311183851326476, 20.614541816161037, 41.13942974163732, 28.916869897935857, 11.067511922333795]
other derivatives: [-623.2380747  -127.40049715 -847.86154912  -72.71072718  230.37413397
    0.        ]
Current x array =  [-0.61033011 -0.89113374 -0.36977217  0.86001455 -2.89325781  0.33647224
 -1.87459182 -1.64114949 -0.92447947 -1.88796333 -2.36417729 -2.10946627
 -0.4217794  -0.9572473  -1.68965723 -1.67703698 -2.27099744 -1.50531397
 -1.96457249 -1.74026836 -1.23924553 -0.91725694]
Forced parameter: {5: 0}
log likelihood =  -13408.324562307203
Edge derivatives =  [5.022206897923821, 16.662372103734967, 12.13741958068145, -12.245917211517078, -22.207210995789044, -17.443325100718944, -126.38595431755343, -63.063055337696284, 9.079692361279212, -1.8645191663943963, -21.1753567549451, 1.4244534191279346, -2.1479052857426018, 2.4719579153556466, -46.90825477357445, -71.29498172192801]
other derivatives: [ -58.34939475   19.63409687  940.23364727 -165.41126934  154.79906755
    0.        ]
Current x array =  [-0.65809697 -1.00293656 -0.82253705  0.94633902 -2.76427407  0.33647224
 -1.76049745 -1.50089195 -0.54907911 -1.79219128 -2.37709641 -2.07131749
 -0.02144991 -0.64564813 -1.52278759 -1.5075579  -2.2676824  -1.3089889
 -1.87913456 -1.59042787 -0.98762418 -0.60697756]
Forced parameter: {5: 0}
log likelihood =  -13255.438013338893
Edge derivatives =  [23.177404778164277, 30.746685838493775, 75.26453898296474, 3.5048205295587866, -11.145160806380785, -5.321964887574847, -51.95541306891044, -6.133464411354436, 36.39036482566505, 29.69554902928873, -11.346661123532483, 25.672991702857452, 13.444852645085435, 27.63311837825573, 1.9384303555336573, -14.432630715664159]
other derivatives: [-351.6179695   -67.955958    164.31190488 -119.3012813   204.49415275
    0.        ]
Current x array =  [-0.63070777 -0.93882957 -0.56292467  0.89684114 -2.83823249  0.33647224
 -1.8259184  -1.58131469 -0.76433118 -1.84710633 -2.36968867 -2.09319175
 -0.25099618 -0.82431702 -1.61846954 -1.60473608 -2.26958322 -1.42156039
 -1.9281241  -1.67634541 -1.13190219 -0.7848897 ]
Forced parameter: {5: 0}
log likelihood =  -13196.087227936845
Edge derivatives =  [22.25991437217489, 30.64232086227143, 68.12326657932881, 1.8361620738606688, -11.063110872968961, -6.160467149476072, -62.639800517267275, -10.021540112446253, 35.32340348916777, 29.230023644977134, -12.254994052583907, 21.855186840536255, 12.795892148233914, 27.24449531418677, 0.5537000784798614, -19.268013754896625]
other derivatives: [-101.91582987   12.02095882   80.8450568  -101.21024025  101.14791116
    0.        ]
Current x array =  [-0.69375025 -0.97588806 -0.53744566  0.86960607 -2.61008718  0.33647224
 -1.82151446 -1.58511837 -0.74582988 -1.84785416 -2.37121752 -2.09606217
 -0.26428644 -0.82669111 -1.61055211 -1.59818224 -2.27223006 -1.41645882
 -1.92606435 -1.6704247  -1.13219874 -0.7892131 ]
Forced parameter: {5: 0}
log likelihood =  -13167.92052281087
Edge derivatives =  [19.168747038966497, 30.28433468261962, 56.68718886852757, -0.04784118956546968, -11.914933054429202, -7.372203967864494, -54.71625507476146, -8.203856470929903, 32.018678166733245, 26.8235206772287, -12.985734304949004, 20.4046921716298, 11.296410060352864, 25.216375360358494, 2.8864090766512556, -13.933159837697007]
other derivatives: [ 15.27526911  30.1642267  -13.9856329  -53.55168832 -17.89650928
   0.        ]
Current x array =  [-0.73679936 -0.96513131 -0.52438761  0.78344431 -2.35709376  0.33647224
 -1.82049944 -1.592508   -0.74276647 -1.86174363 -2.37643865 -2.10825893
 -0.37477657 -0.87966417 -1.60576724 -1.59789908 -2.28247784 -1.42838086
 -1.92884484 -1.66961578 -1.16757624 -0.85056066]
Forced parameter: {5: 0}
log likelihood =  -13152.232160773605
Edge derivatives =  [15.359390589723137, 26.615320426321396, 37.99314035053404, -1.952292408282954, -12.745964877740002, -8.995675579805487, -48.05866691040398, -10.411269849475374, 25.214116837858175, 19.99411560020378, -13.637452267493254, 15.02962039590304, 7.980528747479984, 19.207746350090176, -1.5261521963231868, -15.830362252209103]
other derivatives: [ 27.53532681   7.69463077  -6.59321995 -14.471143   -30.23425468
   0.        ]
Current x array =  [-0.74654158 -0.94654004 -0.52576963  0.71364659 -2.34823038  0.33647224
 -1.78871722 -1.54513843 -0.64543302 -1.85542193 -2.39260157 -2.11508069
 -0.41701742 -0.8697709  -1.55430685 -1.55313968 -2.29867681 -1.38912359
 -1.9089541  -1.62803054 -1.14781566 -0.84764246]
Forced parameter: {5: 0}
log likelihood =  -13129.558738968242
Edge derivatives =  [8.533137931299825, 16.860715170789668, -5.510027284160828, -2.6459714558774, -11.986261291777303, -10.288059074063511, -2.4936163200482437, 1.1201792834275637, 7.224106504366361, 4.183436706937206, -12.162285831350424, 1.3634598919226555, 0.05336262029784836, 3.890986246040377, -2.959539982898239, -4.571638759694867]
other derivatives: [ 46.46060916  43.54012344  23.88897155  36.24086276 -16.34458661
   0.        ]
Current x array =  [-0.75488733 -0.9825913  -0.52341322  0.62996546 -2.40673108  0.33647224
 -1.68941165 -1.37928323 -0.39224952 -1.85235941 -2.46483589 -2.15903005
 -0.62155531 -0.8861091  -1.39644502 -1.42450194 -2.37257622 -1.28190081
 -1.85483734 -1.50597223 -1.1267233  -0.89540715]
Forced parameter: {5: 0}
log likelihood =  -13129.808228570568
Edge derivatives =  [2.0748898766822017, 8.718063374578017, -26.306372924932123, -4.862429786612782, -11.714512890782986, -10.60778119637336, 0.000907551607315038, -4.247635315131755, -6.1431124307037, -7.1668294791836225, -10.7295163898934, -6.350103119159697, -5.366717563954947, -7.1343425914648355, -6.941520310924083, -4.735241202623407]
other derivatives: [ -14.70392817 -129.70823809   29.63040424   -7.34756759  -18.14114349
    0.        ]
Current x array =  [-0.74604638 -0.87724053 -0.5146576   0.72060705 -2.41737999  0.33647224
 -1.61395731 -1.25126786 -0.28984138 -1.85068285 -2.53182094 -2.20667336
 -0.64890298 -0.85288607 -1.30282782 -1.35057306 -2.43950351 -1.22344816
 -1.82889723 -1.43800475 -1.10497068 -0.89438594]
Forced parameter: {5: 0}
log likelihood =  -13125.91443297442
Edge derivatives =  [5.377247822534016, 12.923787063397207, -15.629299186031552, -3.7237688235587454, -11.826683107614345, -10.41260992399603, -1.100200220045854, -1.4766581502294929, 0.8017696742600647, -1.2971200871332476, -11.410652174047726, -2.3238466581991504, -2.570970521104412, -1.4183993264619374, -4.8607031544401975, -4.568944502128721]
other derivatives: [ 17.45897862 -36.21912583  27.24105616  14.43077963 -16.98152904
   0.        ]
Current x array =  [-0.75050618 -0.93038451 -0.51907436  0.67488309 -2.41200817  0.33647224
 -1.65202009 -1.31584495 -0.34150096 -1.85152858 -2.49803047 -2.18263979
 -0.6351075  -0.86964536 -1.35005282 -1.38786633 -2.40574218 -1.25293448
 -1.84198266 -1.47229081 -1.11594374 -0.89490108]
Forced parameter: {5: 0}
log likelihood =  -13123.610690245689
Edge derivatives =  [5.215711665714233, 11.5885411100262, -12.739014745683573, -2.9334893142413647, -10.72639172858679, -9.3691277684401, 4.167392760777792, 1.3676135779798961, -0.13619681124601596, -1.3023234144784694, -10.235027642716165, -2.612707246999573, -2.7087091140016035, -1.975581060613996, -2.6533405605710985, -1.253394631109714]
other derivatives: [  2.58957698 -20.0062459    9.02668944   3.4818986   -0.61512162
   0.        ]
Current x array =  [-0.74405361 -0.94627783 -0.51158744  0.70003259 -2.44608364  0.33647224
 -1.63236173 -1.2777883  -0.33379728 -1.85529629 -2.52192382 -2.20148885
 -0.65303838 -0.86963069 -1.32999168 -1.37392569 -2.42947946 -1.24384211
 -1.83885101 -1.45954937 -1.11877667 -0.90446319]
Forced parameter: {5: 0}
log likelihood =  -13121.731327556925
Edge derivatives =  [3.8248692174147547, 8.865621777660445, -8.433692621334922, -2.411797609223721, -9.14101611390903, -7.669020309846449, 7.579599786795626, 2.7761868420289986, -1.706165328119874, -1.3980882536093628, -8.500751916111668, -2.3560670598405973, -2.741798117129565, -2.6123183166740205, -0.05682037288443373, 2.341770252627434]
other derivatives: [-12.21296407  -2.5810823  -11.54996971  -9.96241033   7.19779511
   0.        ]
Current x array =  [-0.73785596 -0.96293391 -0.50424641  0.73113449 -2.46286854  0.33647224
 -1.60020922 -1.21530011 -0.34013938 -1.86409295 -2.56662605 -2.23841039
 -0.66637866 -0.86580861 -1.30561312 -1.35819497 -2.4735325  -1.23698017
 -1.83913348 -1.44680205 -1.12495438 -0.91652693]
Forced parameter: {5: 0}
log likelihood =  -13120.20730279951
Edge derivatives =  [1.7030042951344482, 5.531037925349313, -3.3905080755848043, -2.1973034822044437, -7.581264820773114, -5.78462736185041, 8.094051217407529, 2.4316886306400036, -2.9339257741130598, -1.344265630252197, -6.818088874802241, -1.1293634793961322, -2.408177202583946, -2.767424155309709, 2.0142749533676554, 4.960706752284747]
other derivatives: [-11.86128793   6.50421862 -18.04903332 -15.89902786   9.79556431
   0.        ]
Current x array =  [-0.7370447  -0.97052131 -0.50189823  0.74327441 -2.46618656  0.33647224
 -1.56802679 -1.14957149 -0.36273887 -1.87665008 -2.6197582  -2.28287604
 -0.66860964 -0.8609868  -1.28945411 -1.34873789 -2.52518994 -1.23655426
 -1.84471964 -1.44165698 -1.13230397 -0.92522332]
Forced parameter: {5: 0}
log likelihood =  -13118.311957576565
Edge derivatives =  [-3.4372801128597383, -1.954670697408757, 1.8500242339341508, -2.4031239747000153, -5.142214657414929, -2.5617932520205704, 4.290833795668924, -0.7224084965032899, -4.376699563477264, -1.586148066884847, -4.31123866044261, 1.151414313683147, -1.3977543757679054, -2.5024374665819282, 2.5511766021223163, 5.135464998084372]
other derivatives: [-62.00739517  10.99237488  -6.24088352  -4.1182393    1.16736008
   0.        ]
Current x array =  [-0.72423602 -0.97407884 -0.5084017   0.72309757 -2.44931544  0.33647224
 -1.5192583  -1.03518116 -0.40813871 -1.90753927 -2.73063076 -2.37251359
 -0.65501449 -0.85588914 -1.27946639 -1.34168443 -2.63076263 -1.23766554
 -1.86263986 -1.44560858 -1.13843944 -0.92302569]
Forced parameter: {5: 0}
log likelihood =  -13118.242503527927
Edge derivatives =  [-5.450776565049494, -6.431054485189235, 12.616828014682955, -1.1018168628900031, -2.8638635406194752, 0.5619012365808834, 5.006220436059132, 0.8133666744593246, -2.422021744925353, 0.794629208614042, -2.123017590121228, 5.314156371524509, 0.7846042895334789, -0.00978017099725087, 5.915725580346248, 8.175951851738741]
other derivatives: [48.64845687 -3.94469134 -2.16587068 -3.48858521 16.93144788  0.        ]
Current x array =  [-0.75595877 -0.95316204 -0.50830258  0.70307486 -2.46342771  0.33647224
 -1.49098639 -0.95412357 -0.46496214 -1.93934015 -2.82397455 -2.44835535
 -0.65163117 -0.86529499 -1.28706439 -1.34780551 -2.71951776 -1.24793468
 -1.88344076 -1.46064004 -1.15123973 -0.92715373]
Forced parameter: {5: 0}
log likelihood =  -13117.527514977406
Edge derivatives =  [-4.451918225632455, -4.181305391167209, 7.399538223735858, -1.7503568454281349, -3.949489117167026, -0.9390938134640825, 4.648514106635945, 0.04816101984839566, -3.3822976212992146, -0.3754937082299209, -3.1642367778875276, 3.275834304410374, -0.2831242611796593, -1.2301834327046777, 4.266026938607446, 6.684527849013261]
other derivatives: [-4.40709118  3.39321377 -4.19176649 -3.91450521  9.32974026  0.        ]
Current x array =  [-0.74037931 -0.96343455 -0.50835126  0.71290828 -2.45649699  0.33647224
 -1.50487109 -0.99393201 -0.43705541 -1.92372232 -2.77813219 -2.41110847
 -0.65329276 -0.86067565 -1.28333292 -1.34479937 -2.67592895 -1.24289137
 -1.87322516 -1.45325789 -1.14495334 -0.9251264 ]
Forced parameter: {5: 0}
log likelihood =  -13117.226669643354
Edge derivatives =  [-4.482036429268364, -3.939173827733068, 6.0972614524857045, -1.950312910070196, -4.00788296965929, -0.9573453040765045, 2.4541370961269706, -0.9001845959588015, -2.7644329286284264, -0.2699872028790936, -3.322896802583656, 3.2198187195877903, -0.06715051920147486, -0.8407554522882769, 3.0993896924979643, 4.737088496880052]
other derivatives: [-4.16066905 -1.44597834 -2.65477502  1.48904655  3.23511276  0.        ]
Current x array =  [-0.74142672 -0.95823826 -0.51017514  0.70194624 -2.44470739  0.33647224
 -1.5117746  -1.00199159 -0.43765498 -1.92611819 -2.78040559 -2.41149308
 -0.64485434 -0.86173823 -1.29212559 -1.34949478 -2.67730125 -1.24346298
 -1.87574443 -1.45878678 -1.14165108 -0.91736711]
Forced parameter: {5: 0}
log likelihood =  -13116.983809619785
Edge derivatives =  [-4.406144093866587, -4.069262706949855, 1.6099534498538355, -2.1363950531773437, -3.9631952095763006, -0.8892349668473606, -1.1763718020462273, -2.665714608175531, -2.326726993772328, -0.9952344229839174, -3.4197469156611917, 1.662753970749709, -0.0356269064264525, -0.9298134366584546, -0.025800016011760574, 0.3766320390072524]
other derivatives: [10.6890293   0.73786214 36.79614201  0.06300797 -2.79838709  0.        ]
Current x array =  [-0.74487764 -0.95883639 -0.51980763  0.70195571 -2.43389757  0.33647224
 -1.52170488 -1.00530869 -0.4198487  -1.9333495  -2.80017402 -2.4199363
 -0.62775195 -0.86015576 -1.30032449 -1.34941839 -2.69419033 -1.23220127
 -1.87706752 -1.46158182 -1.12877168 -0.89657556]
Forced parameter: {5: 0}
log likelihood =  -13116.751514253287
Edge derivatives =  [-4.072731622739987, -3.9106801665318227, 0.9059138623619514, -2.017978901801872, -3.6471646215600044, -0.6384208811031743, -2.9349390029295144, -2.6604642460135723, -1.3325613741917417, -0.2781644517625143, -3.300901922090571, 1.1771439867613005, 0.32128918538922935, -0.29383000201032133, -0.7009748901093384, -1.51765767519335]
other derivatives: [ 8.40077337 -1.7399052   4.26890256  4.19794196 -7.3839592   0.        ]
Current x array =  [-0.74571205 -0.95644007 -0.51261729  0.69751364 -2.42872098  0.33647224
 -1.52674176 -1.00599522 -0.41611945 -1.93842786 -2.81275793 -2.42652139
 -0.6204807  -0.86111726 -1.30613891 -1.35105498 -2.70524199 -1.22860495
 -1.8790257  -1.46475518 -1.12438774 -0.88810294]
Forced parameter: {5: 0}
log likelihood =  -13116.617746793352
Edge derivatives =  [-3.789665962054654, -3.9971272782459044, 0.7892257330661088, -1.77091470792044, -3.3597446279391794, -0.36285385314940494, -3.012775750920681, -2.1868961777818057, -0.8377454694348302, 0.035710654337914594, -3.0812796093027073, 0.8032302136198257, 0.5017889018748448, -0.036159293101436535, -0.9248468556213225, -2.139556817382262]
other derivatives: [ 6.89860099 -0.47601497 -3.96246469  3.29599061 -5.52058583  0.        ]
Current x array =  [-0.74523346 -0.95779746 -0.51039611  0.70023239 -2.43358514  0.33647224
 -1.52855914 -1.00182559 -0.41189409 -1.94312425 -2.82637356 -2.43412987
 -0.6184918  -0.86226984 -1.30751806 -1.35006662 -2.7176401  -1.22426034
 -1.87976236 -1.46507252 -1.12178035 -0.88389011]
Forced parameter: {5: 0}
log likelihood =  -13116.362258785517
Edge derivatives =  [-2.724585508172976, -3.8489806599931313, 0.21419279593618978, -0.9939147120158888, -2.6109256694948044, 0.4265946893394992, -3.082507844197707, -0.7509860479857484, 0.8335352529450171, 0.840448576351779, -2.4706150455420177, -0.12872794190511533, 1.057914237501757, 0.7863213281977869, -1.785773707810453, -3.9175853775612843]
other derivatives: [ 1.72092768  1.53740984 -9.07883077  0.60976708  1.64600291  0.        ]
Current x array =  [-0.74311593 -0.96010652 -0.50885205  0.70558224 -2.44856096  0.33647224
 -1.53980526 -0.99697684 -0.40039131 -1.95879717 -2.86830259 -2.45582971
 -0.61251985 -0.86800443 -1.31573892 -1.34936499 -2.75556056 -1.21210037
 -1.88245976 -1.46840076 -1.11447139 -0.8715173 ]
Forced parameter: {5: 0}
log likelihood =  -13116.160753195552
Edge derivatives =  [-1.8810336867338318, -3.1956978370094653, -0.2493435180936706, -0.46667985474369206, -2.198388149500451, 0.9021864124214689, -2.13232251004399, 0.2959994866537659, 1.4624594512794513, 0.9662755019933366, -1.9527370950881693, -0.3259069835286961, 1.133368877686757, 0.9462576583736433, -1.5005665784530466, -3.113887578384082]
other derivatives: [-4.15328941 -4.48367246 -7.09874621 -0.62884646  3.7273272   0.        ]
Current x array =  [-0.74138967 -0.95526049 -0.50994897  0.70621756 -2.4497699   0.33647224
 -1.5537963  -1.00455459 -0.39757757 -1.97096732 -2.89909812 -2.46793881
 -0.6154092  -0.87418134 -1.32105649 -1.34923996 -2.78359169 -1.20730061
 -1.88275718 -1.47065151 -1.1156423  -0.87378095]
Forced parameter: {5: 0}
log likelihood =  -13115.890602988002
Edge derivatives =  [0.4045749632721479, -1.214413128647028, -1.4998676046325363, 0.8490028810435766, -1.1718519735671042, 2.0467568814160795, 0.5041152191195466, 2.780913146796423, 2.579673360588884, 1.1967326502864106, -0.6922658693569917, -1.0787709509198682, 1.0863365799300058, 1.1195187322250268, -0.24502650238154328, -0.24182696688613045]
other derivatives: [-0.54413613  5.85352063 -1.94641325 -1.35252958  3.12122215  0.        ]
Current x array =  [-0.74114874 -0.96097183 -0.51256621  0.70498344 -2.44321727  0.33647224
 -1.58951748 -1.02720452 -0.3899365  -2.00030175 -2.97751869 -2.49481466
 -0.62548678 -0.88667236 -1.32893057 -1.34586973 -2.85470964 -1.19540836
 -1.88055167 -1.47291836 -1.12058368 -0.88421291]
Forced parameter: {5: 0}
log likelihood =  -13115.80469408465
Edge derivatives =  [0.612161176590749, -0.5240463989390095, -1.4220294241179614, 0.8567558707188317, -1.1540059692655402, 2.0157370771105594, 0.5690701690261448, 1.717127882787482, 1.3292649672357824, 0.27912230509389824, -0.44816139272312805, -0.7543544216670108, 0.4346155274445743, 0.2591429859351328, 0.2448284422919995, 0.8727844156736602]
other derivatives: [-3.98856537 -6.69638212  2.28637509 -1.74480738  0.24835798  0.        ]
Current x array =  [-0.74087592 -0.95109688 -0.5141873   0.70399699 -2.43496522  0.33647224
 -1.5976182  -1.04010606 -0.39541067 -2.00319126 -2.99412321 -2.49132539
 -0.62892453 -0.88200759 -1.32286186 -1.34232555 -2.86859006 -1.19755686
 -1.87629529 -1.47010821 -1.12435083 -0.8902271 ]
Forced parameter: {5: 0}
log likelihood =  -13115.762062306736
Edge derivatives =  [0.50406490704759, -0.4723923128325449, -0.8992023189837113, 0.7601957608731126, -1.1811143160761446, 1.9249419707481976, 0.43154041873159443, 1.1388615446278436, 0.7717312368833842, 0.07581887156001177, -0.45381563283882165, -0.5482064099384231, 0.23304009827142733, 0.01478619075461124, 0.4155302012488272, 1.0059752644454263]
other derivatives: [-1.35761366 -3.15641046  1.53343535 -0.8559764  -0.90479941  0.        ]
Current x array =  [-0.74157403 -0.95364244 -0.51391844  0.7027294  -2.43322359  0.33647224
 -1.59561927 -1.0411779  -0.39845647 -2.00074339 -2.99368152 -2.4867222
 -0.62938577 -0.87803418 -1.31838079 -1.34071097 -2.86744515 -1.19959842
 -1.87463848 -1.46825577 -1.12507062 -0.89118521]
Forced parameter: {5: 0}
log likelihood =  -13115.717073534717
Edge derivatives =  [0.5237798432090344, -0.14583315101280128, -0.09542354927768815, 0.6635525232060544, -1.153721281536861, 1.7944929115900285, 0.03175110156658889, -0.041741236012300564, -0.26538211873181566, -0.35920394808735007, -0.38024898721259826, -0.29396826845268387, -0.19093434766689182, -0.4580876422627167, 0.49560426637215893, 0.8159548786436066]
other derivatives: [ 1.46762432  0.77388904  0.04158574  0.26130874 -1.99422509  0.        ]
Current x array =  [-0.74235393 -0.95664196 -0.51335415  0.70122274 -2.43215671  0.33647224
 -1.59503537 -1.04614293 -0.40244431 -1.99801149 -3.00259386 -2.47799316
 -0.62917434 -0.86978633 -1.3099554  -1.33694907 -2.87314631 -1.20188774
 -1.87090857 -1.46485955 -1.12482214 -0.89036084]
Forced parameter: {5: 0}
log likelihood =  -13115.690620546551
Edge derivatives =  [0.6316902311983879, 0.13369114754027503, 0.4052347180533267, 0.6610925459152612, -1.0618452749164886, 1.7567602376699158, -0.19698069114229477, -0.6813799761483874, -0.7454571108757366, -0.5384560688727862, -0.2647222168034487, -0.13308562478737562, -0.38831661648812743, -0.6142942117634865, 0.38209933927990425, 0.39488921713833197]
other derivatives: [ 2.09261998  1.70236126 -0.41106796  0.68748341 -1.34359392  0.        ]
Current x array =  [-0.74251031 -0.95746611 -0.51311455  0.70046076 -2.43393553  0.33647224
 -1.59577684 -1.05000661 -0.40418946 -1.99727803 -3.01624306 -2.4718723
 -0.62849358 -0.86505934 -1.305732   -1.33490149 -2.88284444 -1.20266417
 -1.86891878 -1.46373413 -1.12347494 -0.88787051]
Forced parameter: {5: 0}
log likelihood =  -13115.646518757389
Edge derivatives =  [0.5626701826846592, 0.4818760186644617, 0.48742857772305115, 0.4916282298708397, -0.8947537653319607, 1.5245656367576683, -0.608939361664533, -1.6647651603301528, -1.3484347700618864, -0.7147404306694736, -0.046413205100616556, 0.09005019073981452, -0.6042872433069543, -0.6324264548138191, -0.20935223630459981, -0.7124752964562665]
other derivatives: [-7.30715692  3.38438258  0.43141335  1.21382618 -1.608213    0.        ]
Current x array =  [-0.73980005 -0.95953257 -0.51346036  0.70061316 -2.43501806  0.33647224
 -1.59451213 -1.05713105 -0.40445764 -1.99283024 -3.04911187 -2.45150214
 -0.62743962 -0.85895262 -1.30093221 -1.333121   -2.90392062 -1.20421885
 -1.86665195 -1.46404408 -1.11943915 -0.88225047]
Forced parameter: {5: 0}
log likelihood =  -13115.600610744132
Edge derivatives =  [0.7243425107965011, 1.016493993331566, 0.649917103575199, 0.4467213751333644, -0.6012407722783056, 1.3419418872291717, -0.8843470900079202, -2.230112747555034, -1.4866681995956053, -0.6133077154025621, 0.27398672797568424, 0.29702164870384073, -0.6182421433154561, -0.3065446127868756, -0.9121844274327332, -2.1304206063911315]
other derivatives: [ 3.21029074  1.49006701  1.63313416 -0.4055164   0.74171642  0.        ]
Current x array =  [-0.7426923  -0.95782717 -0.51318235  0.70236054 -2.43967995  0.33647224
 -1.59421708 -1.06489298 -0.40285459 -1.98926196 -3.09658964 -2.42812383
 -0.62549863 -0.8544395  -1.29858621 -1.33219923 -2.93538878 -1.20450655
 -1.86531419 -1.46626994 -1.11345317 -0.87377234]
Forced parameter: {5: 0}
log likelihood =  -13115.564281241215
Edge derivatives =  [0.6598116147613651, 1.0843494157569447, 0.2225775484748932, 0.38390873458925445, -0.5296467213830423, 1.2206204411303805, -0.5780832973164186, -1.652209580584993, -0.9719017861296368, -0.25001690860533304, 0.3559168312442842, 0.327438870975525, -0.4012713403783713, 0.0973885318466283, -0.9710584615448037, -2.05205692042059]
other derivatives: [-0.86691944  0.01629451 -3.01319596 -0.23028588  0.41968774  0.        ]
Current x array =  [-0.74173203 -0.95672771 -0.51236934  0.7024741  -2.43906861  0.33647224
 -1.59314779 -1.06686061 -0.40094182 -1.986807   -3.10925155 -2.41758447
 -0.62664412 -0.85829776 -1.30255507 -1.33461274 -2.94201076 -1.20482594
 -1.86680666 -1.46914511 -1.11280268 -0.87421027]
Forced parameter: {5: 0}
log likelihood =  -13115.515044714211
Edge derivatives =  [0.10561288367505073, 0.9228949506841999, -1.0608439381411143, 0.022465201090334674, -0.5100006573631564, 0.702949184469793, 0.2804936629751509, -0.3728401766981711, 0.13060678659051006, 0.4100773845269094, 0.4263892341901575, 0.5076021968829362, 0.1295560919581472, 0.9690815714333483, -1.208253926778124, -1.5872378831630998]
other derivatives: [-4.72138345 -1.84385499  3.31462434 -0.84653766  0.08721478  0.        ]
Current x array =  [-0.74052783 -0.9551018  -0.51442582  0.70286533 -2.43707443  0.33647224
 -1.58584033 -1.06886624 -0.39680118 -1.97661587 -3.13114271 -2.38634244
 -0.62967399 -0.86859806 -1.31278476 -1.34159673 -2.94897842 -1.20703237
 -1.87122557 -1.47622704 -1.11185693 -0.87680113]
Forced parameter: {5: 0}
log likelihood =  -13115.497555041158
Edge derivatives =  [-0.05621341565566579, 0.944828676392794, -0.8758600820355507, -0.11164146422553858, -0.4669147604855199, 0.43822709765189444, 0.5090297603756584, 0.05171238887880919, 0.36027187107025516, 0.6729402494022804, 0.49473009534360735, 0.5481655892711388, 0.2193250669614278, 1.1117352451917377, -0.791289016965931, -0.894219532218828]
other derivatives: [-2.43998147 -1.71412466 -5.8789301  -0.12870441 -0.56194141  0.        ]
Current x array =  [-0.74147264 -0.95491401 -0.51227189  0.70207663 -2.43605232  0.33647224
 -1.58224198 -1.06950835 -0.39772907 -1.971508   -3.14212608 -2.37032048
 -0.63081983 -0.87098444 -1.31412994 -1.34266248 -2.95199112 -1.20799439
 -1.87172597 -1.4765939  -1.11326686 -0.88026964]
Forced parameter: {5: 0}
log likelihood =  -13115.485715204719
Edge derivatives =  [-0.20807040148490477, 0.8702481573830291, -0.6798350954171735, -0.2084952857985742, -0.4955050604172672, 0.29417352902572785, 0.4977277473845231, -0.07545742987697851, 0.17174967717638687, 0.5547596061362223, 0.48822057304633615, 0.5802356944393756, 0.14582033667269775, 0.9570324461626294, -0.6175463642814789, -0.557901253109131]
other derivatives: [-2.15384716e-01 -4.27113264e-01 -3.26089139e+00  3.16140358e-03
 -6.63926265e-01  0.00000000e+00]
Current x array =  [-0.74199187 -0.95578798 -0.51283205  0.70156109 -2.43568635  0.33647224
 -1.5800384  -1.06893237 -0.39921281 -1.96895831 -3.14357018 -2.36404422
 -0.63091353 -0.87048259 -1.31299864 -1.34221984 -2.95076356 -1.20861997
 -1.87134629 -1.47551249 -1.11425144 -0.88195584]
Forced parameter: {5: 0}
log likelihood =  -13115.477095886983
Edge derivatives =  [-0.3877071008594687, 0.766258265099512, -0.2858591383187055, -0.31985307214570236, -0.5269158222886167, 0.09963786906804714, 0.42625920197417844, -0.26912469235625236, -0.11901436950309933, 0.3455157939819107, 0.4883104713888124, 0.5749758428216185, 0.012545781308390458, 0.6633226697826795, -0.3214953617778178, -0.0616223014096946]
other derivatives: [ 1.7168386   0.84979001 -0.2000088   0.2289853  -0.48448729  0.        ]
Current x array =  [-0.74241582 -0.95671209 -0.51348431  0.70080796 -2.435839    0.33647224
 -1.57751886 -1.06785141 -0.40175452 -1.96590345 -3.14686608 -2.35554626
 -0.63065768 -0.86963681 -1.3111831  -1.34114417 -2.94966648 -1.2090268
 -1.87063309 -1.47339282 -1.11589555 -0.88434192]
Forced parameter: {5: 0}
log likelihood =  -13115.473110537972
Edge derivatives =  [-0.42992645098481314, 0.7043050120844905, -0.07308970235978157, -0.3382530906840252, -0.5298038992592502, 0.02979270294180114, 0.35465824498199705, -0.28577607898595714, -0.1887855266682657, 0.2484605225134821, 0.4935158019282906, 0.4976451155376765, -0.04178088852150541, 0.49919970016781656, -0.16665153909970012, 0.1460620891319137]
other derivatives: [ 1.63375807  0.74544005  0.53066105  0.25159898 -0.10034838  0.        ]
Current x array =  [-0.74236757 -0.95667986 -0.51363902  0.70063433 -2.43648818  0.33647224
 -1.57707701 -1.06680873 -0.40292196 -1.96522469 -3.14958749 -2.35231919
 -0.63011892 -0.86971281 -1.31080747 -1.34049515 -2.94964459 -1.2085485
 -1.87042121 -1.4721334  -1.11676616 -0.88523826]
Forced parameter: {5: 0}
log likelihood =  -13115.463434674179
Edge derivatives =  [-0.43329192227779634, 0.5123033993103071, 0.30761374816704923, -0.31205563891408217, -0.5041077483027643, -0.09177509808478865, 0.07326981119795517, -0.14801456116644646, -0.15824345147458627, 0.05096007341577974, 0.506688877771657, 0.12240881427785599, -0.12247912378182624, 0.10081579746576075, 0.12856524436217928, 0.3908568484184584]
other derivatives: [0.63347215 0.47505091 1.10130713 0.09399628 0.6837385  0.        ]
Current x array =  [-0.74203246 -0.95660713 -0.51377432  0.70080723 -2.43790979  0.33647224
 -1.57795341 -1.06294985 -0.40490267 -1.96539533 -3.15962048 -2.34600287
 -0.62793551 -0.87115247 -1.31133442 -1.33882264 -2.95066117 -1.20594871
 -1.87042017 -1.46886269 -1.11857004 -0.88608972]
Forced parameter: {5: 0}
log likelihood =  -13115.455352495304
Edge derivatives =  [-0.38214592544072024, 0.2726246343984833, 0.3099406241861165, -0.2579827893193546, -0.4583366256915212, -0.17764820438879053, -0.29124189092484076, -0.03244705383619639, -0.08923113239450664, -0.16075358289658842, 0.5062121222126903, -0.29282904625202183, -0.17510529413370945, -0.27618690707039306, 0.22281327010156632, 0.27922804359114817]
other derivatives: [-0.09057112 -0.12523014  1.09939356  0.12154669  0.36329436  0.        ]
Current x array =  [-0.7418795  -0.9561569  -0.51386564  0.70079098 -2.43735849  0.33647224
 -1.58081369 -1.05832369 -0.40555936 -1.96717763 -3.17269668 -2.34116914
 -0.62574605 -0.87280249 -1.31239014 -1.33714858 -2.9520449  -1.20321429
 -1.87081825 -1.46591714 -1.11958204 -0.8854721 ]
Forced parameter: {5: 0}
log likelihood =  -13115.449014133967
Edge derivatives =  [-0.1085495025936398, 0.029585374615161142, 0.3385849651863193, -0.05532305209762123, -0.34554218788950447, -0.14409205655941482, -0.2519662677942338, 0.42811380281228617, 0.2692267388398389, -0.1136476941017055, 0.5115935443535764, -0.5309013655865285, -0.056218706875136915, -0.3760398541969464, 0.2608737238154271, 0.06486559128805292]
other derivatives: [-0.52747055  1.6577178   0.20268089 -0.22231325  0.74618853  0.        ]
Current x array =  [-0.74158808 -0.95746005 -0.513723    0.70156279 -2.43798055  0.33647224
 -1.58676656 -1.05202211 -0.4051512  -1.97147864 -3.19044993 -2.33851391
 -0.62488051 -0.87547761 -1.31474266 -1.33632954 -2.9523659  -1.20132912
 -1.87233803 -1.46439984 -1.11994995 -0.88412386]
Forced parameter: {5: 0}
log likelihood =  -13115.443369890043
Edge derivatives =  [0.030641942378128034, -0.23132443699573735, 0.00046040365701538466, 0.05249147959863498, -0.28791444547885603, -0.09870846836412558, -0.25288573755779964, 0.4475040393395398, 0.2799115188438537, -0.201284020105641, 0.478340816630209, -0.5121184360523139, -0.01045774097759078, -0.4691441860959068, 0.15179453697543208, -0.12310455189975197]
other derivatives: [-0.39126462 -1.36105518 -0.4866888  -0.26906127  0.1205145   0.        ]
Current x array =  [-0.74185371 -0.95502881 -0.51365958  0.70145134 -2.43645826  0.33647224
 -1.59183644 -1.04698559 -0.40427767 -1.97533282 -3.20182158 -2.33896553
 -0.62518037 -0.87595012 -1.31523954 -1.33577507 -2.94953609 -1.20151996
 -1.87344377 -1.46393131 -1.11987359 -0.88344561]
Forced parameter: {5: 0}
log likelihood =  -13115.439665844666
Edge derivatives =  [0.04795553994806753, -0.2824301311580756, -0.12100975887915055, 0.06038325191411903, -0.2760338723989861, -0.06697782042235591, -0.10031299768099067, 0.34521769152314896, 0.21448627202394477, -0.12886409180053626, 0.45050333110371255, -0.2788744320388737, 0.03716959615983273, -0.3276768362999558, 0.06306958094992271, -0.14499475755400865]
other derivatives: [-1.40302291 -0.65195491 -1.01159821  0.06020855 -0.40103102  0.        ]
Current x array =  [-0.7415823  -0.95556058 -0.51360255  0.70109858 -2.4355609   0.33647224
 -1.59272199 -1.04618981 -0.40385138 -1.97590883 -3.20259772 -2.33975384
 -0.62640734 -0.87500611 -1.31457721 -1.33625894 -2.94628357 -1.20331434
 -1.87380131 -1.46502408 -1.11944076 -0.88363577]
Forced parameter: {5: 0}
log likelihood =  -13115.436625635892
Edge derivatives =  [0.15535390920666703, -0.3716708547254811, -0.20536022018096098, 0.12096814845948217, -0.2292869528377443, 0.007484081085235433, 0.34855848216365193, 0.2109695827716932, 0.14216924081749988, 0.07786702846283322, 0.38876990906817127, 0.2723570373106387, 0.18516107397092005, 0.041264876910433096, -0.06824387368329893, -0.05865922287540942]
other derivatives: [ 2.85795977  0.88649358  0.54954035 -0.00880573 -0.43979058  0.        ]
Current x array =  [-0.74265222 -0.95638661 -0.51388792  0.70083639 -2.43497915  0.33647224
 -1.59513258 -1.04396214 -0.40319671 -1.97734976 -3.20747144 -2.34032155
 -0.62907998 -0.87316186 -1.313425   -1.33752177 -2.93842783 -1.20728123
 -1.87481569 -1.46770264 -1.1186071  -0.88430696]
Forced parameter: {5: 0}
log likelihood =  -13115.434639909101
Edge derivatives =  [0.11476542506991266, -0.4299971173586633, -0.15397274780063702, 0.09888057724591617, -0.23104502933770016, -0.03970526122536319, 0.28575386720384277, 0.152388054802164, 0.07485848621126495, 0.024097277306022125, 0.3823894904309068, 0.24696262553590986, 0.15415069475613533, -0.035773898973752105, -0.01800851567456424, 0.025068707606586804]
other derivatives: [ 0.44086119  0.41411295  0.0137079   0.20610605 -0.52736605  0.        ]
Current x array =  [-0.74202713 -0.95617673 -0.51383128  0.70065813 -2.43495718  0.33647224
 -1.59500027 -1.04327469 -0.40373112 -1.97699051 -3.20963632 -2.33835086
 -0.62888869 -0.87299436 -1.31307934 -1.33723044 -2.93765808 -1.20726327
 -1.87473326 -1.46720003 -1.11899994 -0.88481805]
Forced parameter: {5: 0}
log likelihood =  -13115.433655172987
Edge derivatives =  [0.09784158153515074, -0.4810791404013936, -0.0427095507935793, 0.09037313848256229, -0.22516337771912626, -0.08039374957239445, 0.2677641046356233, 0.10103852377847666, 0.016814108143787615, -0.0020689553001911887, 0.3711175612340366, 0.25960299050370156, 0.13944830507316036, -0.07531004735501698, 0.04524863774523524, 0.14837837719069774]
other derivatives: [-0.4499434   0.11660813 -0.03946116  0.25262125 -0.34005397  0.        ]
Current x array =  [-0.74178741 -0.95602289 -0.51382987  0.70059744 -2.43530445  0.33647224
 -1.59505402 -1.0424387  -0.40435101 -1.97671462 -3.21267112 -2.33621004
 -0.62880703 -0.87269791 -1.31267038 -1.33704569 -2.93610076 -1.20746368
 -1.8747147  -1.4669126  -1.11938713 -0.88544463]
Forced parameter: {5: 0}
log likelihood =  -13115.432441468685
Edge derivatives =  [0.10120450587270685, -0.5148233219273515, 0.09738235536807677, 0.08958454369169233, -0.2113507131173845, -0.114083650864658, 0.2579154060695358, 0.02349527438170468, -0.042557286553570106, 0.0026136274753991162, 0.3465622613724506, 0.29668394476803245, 0.13720454089540346, -0.06296024124202376, 0.09024595726017795, 0.2645104390869183]
other derivatives: [-0.74497439 -0.10519943  0.01457011  0.18608625 -0.01390002  0.        ]
Current x array =  [-0.74169249 -0.95590374 -0.51382279  0.70068867 -2.43587124  0.33647224
 -1.59529361 -1.04173252 -0.40495059 -1.97650362 -3.21677606 -2.33404237
 -0.62874095 -0.87211564 -1.31213332 -1.3370045  -2.93323322 -1.20784904
 -1.87469176 -1.46699006 -1.1196572  -0.88603335]
Forced parameter: {5: 0}
log likelihood =  -13115.42957957505
Edge derivatives =  [0.12604568282249262, -0.4952776431864545, 0.2306748561522523, 0.08591152087077417, -0.1837055021278431, -0.15172083224104882, 0.13940724333739285, -0.14821386269610382, -0.12799592075904132, 0.021879949321387593, 0.27697210891537377, 0.2679301245374543, 0.12361329184076794, 0.002176110074113835, 0.06595155816269016, 0.2806373225522683]
other derivatives: [-0.90482717 -0.27976239  0.27509486  0.00190084  0.30858954  0.        ]
Current x array =  [-0.74161476 -0.95583462 -0.51384911  0.70103364 -2.43650865  0.33647224
 -1.59574099 -1.04187643 -0.40539643 -1.97623291 -3.22420057 -2.33149016
 -0.62816705 -0.87099753 -1.31134089 -1.33702226 -2.92695402 -1.20795394
 -1.87435706 -1.46754078 -1.11972593 -0.88623538]
Forced parameter: {5: 0}
log likelihood =  -13115.433730297857
Edge derivatives =  [0.1902853701748301, -0.23339440101822242, 0.5958885219606992, 0.05763817179215944, -0.10745766965042991, -0.20997877693127642, -0.15792344695068994, -0.3338367276080169, -0.2023809886872683, 0.20607558658003844, 0.10779764511501162, 0.09198714003441516, 0.06645877537138761, 0.19682137288493678, 0.15500264187305648, 0.29801175305469907]
other derivatives: [ 0.26428097 -0.25806548 -8.3022569   0.48675611  0.38480912  0.        ]
Current x array =  [-0.74217539 -0.9558538  -0.51169185  0.7009625  -2.43751092  0.33647224
 -1.59470259 -1.04538938 -0.40595923 -1.97430135 -3.23805738 -2.32689008
 -0.62690151 -0.86908654 -1.30969486 -1.33695896 -2.91158078 -1.20762636
 -1.87270742 -1.46860755 -1.12020066 -0.88673463]
Forced parameter: {5: 0}
log likelihood =  -13115.428124153139
Edge derivatives =  [0.14776932942565635, -0.406625011109918, 0.3542176244483043, 0.07642343943622035, -0.15768783531077515, -0.17115199368487444, 0.03925022913724485, -0.21075622116644627, -0.15297973785661984, 0.0842196763149109, 0.22049103962075708, 0.2088224686357127, 0.10439689956008202, 0.06801153983144212, 0.0961772974144898, 0.2867704409130634]
other derivatives: [-0.50967355 -0.27205897 -2.61191781  0.16538252  0.33480314  0.        ]
Current x array =  [-0.74180404 -0.9558411  -0.51312077  0.70100962 -2.43684704  0.33647224
 -1.5953904  -1.04306248 -0.40558645 -1.97558077 -3.22887896 -2.32993707
 -0.62773977 -0.87035233 -1.31078515 -1.33700089 -2.92176365 -1.20784334
 -1.87380011 -1.46790095 -1.11988621 -0.88640394]
Forced parameter: {5: 0}
log likelihood =  -13115.424704642493
Edge derivatives =  [0.19556194148147418, -0.29897511971951823, 0.3401311477160051, 0.07062129344165533, -0.12003904742249712, -0.19429377866743436, -0.20381017850641348, -0.42955161673614, -0.23163765951749446, 0.0815310114110872, 0.09728928664756598, 0.0392986797767893, 0.0637674038603866, 0.155574328318137, -0.05447105385339121, 0.08972683157089523]
other derivatives: [ 0.05446418 -0.1933804  -0.66350185 -0.18331775  0.50736462  0.        ]
Current x array =  [-0.74186452 -0.95592144 -0.51354787  0.70155736 -2.43720707  0.33647224
 -1.59606086 -1.04483027 -0.40532103 -1.97546883 -3.23926521 -2.32820177
 -0.62650321 -0.86922209 -1.31018737 -1.33699946 -2.91238186 -1.20711302
 -1.87301081 -1.46884085 -1.11963151 -0.88566359]
Forced parameter: {5: 0}
log likelihood =  -13115.423136080142
Edge derivatives =  [0.20886334611747365, -0.19846403802788493, 0.1944371354670052, 0.06308586280666331, -0.10609597766359438, -0.1795126942394109, -0.2831304529863127, -0.4378036396655678, -0.2190986753078326, 0.07197127658047908, 0.042095363310128094, -0.07796113227630508, 0.031684676358662234, 0.17526835349023537, -0.14606368248598314, -0.08456598045770283]
other derivatives: [ 0.32466778  0.00441651 -0.08165262 -0.18365245  0.2801046   0.        ]
Current x array =  [-0.74191903 -0.95604076 -0.51370482  0.7015857  -2.4368603   0.33647224
 -1.59598817 -1.04670329 -0.40459358 -1.97540785 -3.2424533  -2.32887091
 -0.62611009 -0.86936287 -1.31036942 -1.3369579  -2.90865738 -1.20648251
 -1.87247247 -1.46917468 -1.11947096 -0.88495762]
Forced parameter: {5: 0}
log likelihood =  -13115.421335788898
Edge derivatives =  [0.18795533449287483, -0.04984083691997643, -0.029597826903842883, 0.042477730205796094, -0.09224720319963939, -0.15004448860869607, -0.233925605111026, -0.2988492137080278, -0.16438196475982583, 0.040738814148901736, -0.011882795841932667, -0.1763962355272486, -0.026936190872977578, 0.13702624141943687, -0.17526154332624327, -0.20107645522103917]
other derivatives: [ 0.34063123  0.10257099  0.22246604 -0.00785985 -0.03855552  0.        ]
Current x array =  [-0.74192808 -0.95606125 -0.51383392  0.7012999  -2.436295    0.33647224
 -1.59502369 -1.04968937 -0.40355968 -1.97493184 -3.24514715 -2.33021944
 -0.62629169 -0.8704423  -1.31098628 -1.33676583 -2.90461115 -1.20595423
 -1.87168329 -1.46914552 -1.11972069 -0.88455082]
Forced parameter: {5: 0}
log likelihood =  -13115.420095769972
Edge derivatives =  [0.143140376819353, 0.0740648241101223, -0.0684314035047432, 0.0298199204229872, -0.06768515278835238, -0.10307300558013768, 0.010386301186838032, -0.03641832390102062, -0.04899181402552506, 0.0460880126830418, -0.040745087006994085, -0.08954215732310933, -0.057169464169673584, 0.08592826567513775, -0.05661724306696014, -0.0807991393348853]
other derivatives: [-0.00844193  0.3657442   0.23129178 -0.09592986  0.04490927  0.        ]
Current x array =  [-0.74178043 -0.95624575 -0.51387046  0.70147473 -2.43625401  0.33647224
 -1.59333698 -1.05213925 -0.40320755 -1.97413151 -3.24821321 -2.33125061
 -0.62722388 -0.871987   -1.31187226 -1.33656367 -2.90059692 -1.20653254
 -1.87122611 -1.46881582 -1.12055449 -0.88516942]
Forced parameter: {5: 0}
log likelihood =  -13115.421599247924
Edge derivatives =  [-0.008700688660987776, 0.11436385277367148, -0.08065223081755796, -0.038088273214958335, -0.07120519050213159, -0.11581792290665012, -0.06838591441977449, 0.10665579712159079, 0.002393672457433202, -0.12003993928382262, -0.0329373325354287, -0.1653794362846009, -0.14260280179514948, -0.18829854249552186, 0.11398105438461739, 0.07079017165628793]
other derivatives: [ 1.22822894 -1.64298945  0.55264172 -0.09093492 -0.02801994  0.        ]
Current x array =  [-0.74225794 -0.95462565 -0.51395415  0.70112841 -2.4358409   0.33647224
 -1.59054497 -1.05376478 -0.40369845 -1.97266894 -3.24951836 -2.33104796
 -0.62670743 -0.87361442 -1.31284367 -1.33562061 -2.90077465 -1.20594579
 -1.87082473 -1.46701517 -1.12172951 -0.88584882]
Forced parameter: {5: 0}
log likelihood =  -13115.419923896618
Edge derivatives =  [0.10636191604220474, 0.08386976271540353, -0.07136231952549688, 0.01336205246458555, -0.06853864633922546, -0.1061594460310649, -0.00870102451688981, -0.0016531856616082141, -0.03650123259764211, 0.005819697408207092, -0.03884648516040007, -0.10791638291065764, -0.07789150069573497, 0.019466200739785777, -0.01519720560707416, -0.044000495735387446]
other derivatives: [ 0.29192961 -0.12093187  0.30919    -0.0947457   0.02728312  0.        ]
Current x array =  [-0.74189628 -0.9558527  -0.51389076  0.70139071 -2.43615379  0.33647224
 -1.59265962 -1.05253361 -0.40332664 -1.97377668 -3.24852984 -2.33120145
 -0.62709859 -0.87238182 -1.31210792 -1.33633488 -2.90064004 -1.20639019
 -1.87112874 -1.46837897 -1.12083955 -0.88533424]
Forced parameter: {5: 0}
log likelihood =  -13115.419774912805
Edge derivatives =  [0.08057865378663429, 0.07459356638547282, -0.038888915854137285, 0.007665854924972987, -0.06439183488514223, -0.09746911815693789, 0.03405604946324414, 0.046087945365336835, -0.008480544784338018, 0.003677101265357696, -0.03083511286272336, -0.057512625486179414, -0.07254666328895967, -0.006403658169937931, 0.03193903317094157, 0.019219871847285297]
other derivatives: [-0.00495857 -0.0362852   0.11057818 -0.05577385  0.03206433  0.        ]
Current x array =  [-0.74181186 -0.95592312 -0.51385908  0.70134712 -2.43612955  0.33647224
 -1.59216839 -1.05248142 -0.40351496 -1.97358244 -3.24876087 -2.33126444
 -0.6272761  -0.8726781  -1.31231423 -1.3362431  -2.90072334 -1.20669358
 -1.87124672 -1.46813522 -1.12106885 -0.88562932]
Forced parameter: {5: 0}
log likelihood =  -13115.419685854824
Edge derivatives =  [0.05948103938163979, 0.05380844754729097, -0.0053893768958723776, 0.0035615013535290896, -0.0596223224303446, -0.08911052619214281, 0.03922523084533713, 0.057529711332828415, 0.010910735270213842, 0.0025935685537618047, -0.02439628653367424, -0.016175655528392452, -0.059819717188591, -0.02039935563616735, 0.0541711371079765, 0.051977089776473584]
other derivatives: [-1.04373612e-01  1.86155376e-02  7.45785655e-05 -2.47600838e-02
  2.76376099e-02  0.00000000e+00]
Current x array =  [-0.74178529 -0.9559629  -0.51384099  0.70130097 -2.43610334  0.33647224
 -1.59184799 -1.05219881 -0.40371794 -1.97350211 -3.24917649 -2.33132078
 -0.62729762 -0.87277096 -1.31244409 -1.33616977 -2.90089132 -1.20693936
 -1.87144672 -1.46797454 -1.12116125 -0.88577847]
Forced parameter: {5: 0}
log likelihood =  -13115.41955026074
Edge derivatives =  [0.029350027723222344, 0.019631128688619187, 0.02379585378771465, -0.001673800779189688, -0.04788531526451739, -0.06882592596004726, 0.01239269739580573, 0.047276181094111136, 0.04020341369031499, 0.0027070612580653575, -0.022203240714755747, 0.032389879378248276, -0.03150439628366403, -0.02578774730216707, 0.048333037484039554, 0.04527985908909338]
other derivatives: [-0.31117452 -0.00350155 -0.11652264  0.00561886 -0.01132373  0.        ]
Current x array =  [-0.74173525 -0.9559485  -0.51382705  0.70127236 -2.43603335  0.33647224
 -1.5914545  -1.0517446  -0.40392406 -1.9735101  -3.25056814 -2.3316729
 -0.62718643 -0.87277987 -1.31263186 -1.33606516 -2.90077395 -1.20722377
 -1.87183712 -1.46785855 -1.12112716 -0.88575276]
Forced parameter: {5: 0}
log likelihood =  -13115.419593793204
Edge derivatives =  [-0.005818670523914521, -0.02253609358524916, 0.07019494713017405, -0.0007402365589361526, -0.026003345282791742, -0.021695392214270366, 0.024414816905348746, 0.06643928272187494, 0.10150693853965055, 0.01891338229896211, -0.014610790786748741, 0.12298745012241136, 0.02572138022979839, -0.01572868377066622, 0.04349428591324392, 0.04241926820725733]
other derivatives: [ 0.78885023  0.34630466 -0.00323234 -0.00852378 -0.00702741  0.        ]
Current x array =  [-0.74202392 -0.95613052 -0.51383376  0.70121771 -2.43596402  0.33647224
 -1.59081026 -1.05107053 -0.4041181  -1.97360526 -3.25244524 -2.33269723
 -0.62721494 -0.87288149 -1.3129424  -1.33593577 -2.90082186 -1.20770928
 -1.87252112 -1.4677471  -1.12102372 -0.88568823]
Forced parameter: {5: 0}
log likelihood =  -13115.419491439348
Edge derivatives =  [0.014189743414197431, 0.0014527509900962021, 0.0438028976690672, -0.0012718424662777061, -0.03844340088403003, -0.04849775304373824, 0.017575731358186353, 0.05553800115922514, 0.06663470224037513, 0.009695992170914713, -0.018929043474621897, 0.07145592137009332, -0.00682537406801853, -0.02144931978616782, 0.046246809837516445, 0.04404669812837092]
other derivatives: [ 0.16323247  0.14735269 -0.06768278 -0.00048931 -0.00946381  0.        ]
Current x array =  [-0.74185972 -0.95602698 -0.51382995  0.7012488  -2.43600346  0.33647224
 -1.59117672 -1.05145396 -0.40400772 -1.97355113 -3.25137748 -2.33211456
 -0.62719872 -0.87282368 -1.31276575 -1.33600937 -2.90079461 -1.2074331
 -1.87213204 -1.4678105  -1.12108256 -0.88572493]
Forced parameter: {5: 0}
log likelihood =  -13115.419417989455
Edge derivatives =  [0.0008606002003932745, -0.01683808338916923, 0.040016762773521064, -0.0036007223425402746, -0.028467671946283527, -0.03328680150137092, -0.03140637999373064, 0.02001227965359892, 0.07434911061735958, 0.008882316961838277, -0.026208708622038546, 0.07439183636425983, 0.01294560968516198, -0.010864680264107973, 0.007870220227427144, -0.007289508523757482]
other derivatives: [-0.02599336  0.0323671  -0.05023139  0.00765795 -0.04520568  0.        ]
Current x array =  [-0.74181581 -0.95594988 -0.51384201  0.70125703 -2.43597279  0.33647224
 -1.59106414 -1.05122804 -0.40402131 -1.97365877 -3.25289941 -2.3324767
 -0.62699253 -0.87267707 -1.31280089 -1.33595128 -2.90030167 -1.20744337
 -1.87237996 -1.46786764 -1.12091743 -0.88549936]
Forced parameter: {5: 0}
log likelihood =  -13115.419381413518
Edge derivatives =  [0.0013092535583084097, -0.01517119440879272, 0.02926242901221282, -0.0027138158124513367, -0.023371943996534826, -0.026311715825580763, -0.04452235379294878, 0.004981159216709108, 0.06524413723985523, 0.009294451733141196, -0.03226082826733252, 0.052773042593315056, 0.01790840696968468, -0.00039187690837205746, -0.012208744547975076, -0.03146584779112943]
other derivatives: [-0.0073378  -0.01234002 -0.05806214  0.00852197 -0.03317828  0.        ]
Current x array =  [-0.74182406 -0.95591987 -0.51383544  0.70126268 -2.43602617  0.33647224
 -1.59105241 -1.05125985 -0.40393123 -1.97372168 -3.25371545 -2.33270538
 -0.62693538 -0.87257635 -1.31269619 -1.33592209 -2.89993079 -1.20729612
 -1.87242341 -1.46794221 -1.12082943 -0.88538629]
Forced parameter: {5: 0}
log likelihood =  -13115.419767458523
Edge derivatives =  [-0.035478921893399934, -0.060578696435430346, -0.01028082279143433, -0.00826424035059875, -0.014895491098314763, -0.0052521279311907865, -0.010416543468359407, -0.04327305223984307, -0.008422712560715001, -0.0378820739125062, -0.029400568764334577, 0.021991994237857915, 0.030730814358937264, -0.016179130731690305, -0.044412568496326715, -0.0015642648008927784]
other derivatives: [-0.17096681 -0.06637674  1.88141348 -0.07572999  0.13097488  0.        ]
Current x array =  [-0.7417223  -0.95590973 -0.51429168  0.70125613 -2.43624669  0.33647224
 -1.59070909 -1.05077503 -0.40382174 -1.97386457 -3.25558857 -2.33352731
 -0.62709613 -0.87235405 -1.31218868 -1.33572334 -2.90023863 -1.20697884
 -1.8727578  -1.46790671 -1.1207456  -0.8854687 ]
Forced parameter: {5: 0}
log likelihood =  -13115.419369643098
Edge derivatives =  [-0.004086042410483132, -0.02183140009252124, 0.023467076741719328, -0.003526769198505919, -0.022125901814065017, -0.023217620012523185, -0.03951028457792227, -0.0020952084603331755, 0.05444055708674832, 0.0023745768758674513, -0.031840362781959425, 0.04826234910221, 0.019792106718124647, -0.0027064930359634587, -0.016931084542292474, -0.02707258260469636]
other derivatives: [-0.03134301 -0.02026354  0.22673703 -0.00384534 -0.00908129  0.        ]
Current x array =  [-0.74180913 -0.95591838 -0.51390239  0.70126172 -2.43605853  0.33647224
 -1.59100203 -1.05118871 -0.40391516 -1.97374265 -3.2539903  -2.33282598
 -0.62695897 -0.87254373 -1.31262172 -1.33589293 -2.89997597 -1.20724956
 -1.87247248 -1.467937   -1.12081713 -0.88539838]
Forced parameter: {5: 0}
      fun: 13115.419369643098
 hess_inv: <22x22 LbfgsInvHessProduct with dtype=float64>
      jac: array([ 0.03134301,  0.02026354, -0.22673703,  0.00384534,  0.00908129,
       -0.        ,  0.00408604,  0.0218314 , -0.02346708,  0.00352677,
        0.0221259 ,  0.02321762,  0.03951028,  0.00209521, -0.05444056,
       -0.00237458,  0.03184036, -0.04826235, -0.01979211,  0.00270649,
        0.01693108,  0.02707258])
  message: 'CONVERGENCE: REL_REDUCTION_OF_F_<=_FACTR*EPSMCH'
     nfev: 67
      nit: 58
     njev: 67
   status: 0
  success: True
        x: array([-0.74180913, -0.95591838, -0.51390239,  0.70126172, -2.43605853,
        0.33647224, -1.59100203, -1.05118871, -0.40391516, -1.97374265,
       -3.2539903 , -2.33282598, -0.62695897, -0.87254373, -1.31262172,
       -1.33589293, -2.89997597, -1.20724956, -1.87247248, -1.467937  ,
       -1.12081713, -0.88539838])
