number of sites to be analyzed:  358
log likelihood =  -4886.983584753657
Lr derivatives =  [-240.49971284172233, -375.4803761177702, -294.0071759580155]
other derivatives =  [ 52.97947519 -30.11902027  29.92577629 -84.59652963 297.62419217
  -0.        ]
Current x_clock array =  [-0.60582549 -0.68228489 -0.55267273  0.18232156 -0.10536052  0.33647224
 -0.51082562 -0.51082562 -0.51082562]
log likelihood =  -4652.047887202758
Lr derivatives =  [122.84490632700994, -181.2241761635675, -183.4948671990155]
other derivatives =  [-185.86075203   22.04822977 -104.05421381  -40.24694226  226.76496883
   -0.        ]
Current x_clock array =  [-0.73941449 -0.68069057 -0.62813129  0.39563371 -0.85582697  0.33647224
  0.0956001  -0.50953756 -0.50953756]
log likelihood =  -4499.257975441635
Lr derivatives =  [203.74022818824048, -43.57668930786741, -25.691688600618427]
other derivatives =  [320.08700691  46.05266167  22.02173982  -3.9766428  152.28652609
  -0.        ]
Current x_clock array =  [-0.5226104  -0.72079982 -0.50705495  0.55180533 -1.53221523  0.33647224
  0.18592383 -0.3401005  -0.31471179]
log likelihood =  -4413.1436295788335
Lr derivatives =  [72.95095408788129, -63.71561316807367, 46.95424137503953]
other derivatives =  [ -6.7553774   -9.66300468 109.37864681  33.26799015  30.54229396
  -0.        ]
Current x_clock array =  [-0.64479423 -0.78760331 -0.44756015  0.67383247 -2.16029308  0.33647224
  0.11788981 -0.21739242 -0.18336367]
log likelihood =  -4395.58741611715
Lr derivatives =  [30.72304471732164, -71.91258183166869, 38.30314055321777]
other derivatives =  [ -4.22165976 -13.01084467 -58.98629024  39.90122877  -4.51447233
  -0.        ]
Current x_clock array =  [-6.38188403e-01 -7.87236146e-01 -5.41299919e-01  6.50629940e-01
 -2.26208020e+00  3.36472237e-01  1.52272598e-03 -1.08230715e-01
 -1.89165483e-01]
log likelihood =  -4382.566356645191
Lr derivatives =  [-27.009928541598537, -90.32415781689686, 12.102590737755293]
other derivatives =  [  3.62244646 -13.62102012 -54.35765888  35.78735596 -21.65102297
  -0.        ]
Current x_clock array =  [-0.63047116 -0.77286436 -0.5491898   0.56827623 -2.23590522  0.33647224
 -0.18877945  0.         -0.21007596]
log likelihood =  -4378.097706095601
Lr derivatives =  [-13.582027643059222, -85.76577043109751, -3.1345764893592616]
other derivatives =  [ -6.17559272   7.30117335 -17.75220608  21.91190742  -2.79643982
  -0.        ]
Current x_clock array =  [-0.63801114 -0.74683868 -0.52661513  0.48782417 -2.1380552   0.33647224
 -0.1913977   0.         -0.23413783]
log likelihood =  -4376.811667391567
Lr derivatives =  [-1.7606371443954814, -78.82582167962386, -1.7873523372961095]
other derivatives =  [-2.45207866 -5.90224226  9.77948093 10.39192011  7.71423269 -0.        ]
Current x_clock array =  [-0.63718174 -0.75973503 -0.50996344  0.41535555 -2.11095901  0.33647224
 -0.17699322  0.         -0.23730329]
log likelihood =  -4376.333923895604
Lr derivatives =  [2.190550701258916, -76.41646812216929, -1.2953772328373496]
other derivatives =  [ 0.27280203  1.51080894 13.12883887  5.89706087  6.5843531  -0.        ]
Current x_clock array =  [-0.63622802 -0.75336128 -0.5081169   0.37497178 -2.13326096  0.33647224
 -0.1662439   0.         -0.23825481]
log likelihood =  -4375.9351013611395
Lr derivatives =  [0.26623196908855284, -77.03521497690262, -0.7600757527234663]
other derivatives =  [ 2.39163455 -4.92653544  1.74990237 -1.01325077  1.63603426 -0.        ]
Current x_clock array =  [-0.63425229 -0.76049164 -0.51624614  0.30484214 -2.18022996  0.33647224
 -0.15823321  0.         -0.23655707]
log likelihood =  -4375.91590672152
Lr derivatives =  [0.5436952689308363, -76.63835485593405, 0.8941653998635317]
other derivatives =  [-0.1949129   2.52518748  0.15973183 -0.09063569 -0.1376183  -0.        ]
Current x_clock array =  [-0.63565851 -0.75338627 -0.51696624  0.3084902  -2.1895685   0.33647224
 -0.15697496  0.         -0.23420414]
log likelihood =  -4375.912023943962
Lr derivatives =  [0.08179469876402834, -77.00908967690343, 0.08230776311228283]
other derivatives =  [ 0.06581467  0.0776754   0.13370936 -0.05724451  0.06138646 -0.        ]
Current x_clock array =  [-0.63543341 -0.75574336 -0.51700735  0.30959125 -2.18790602  0.33647224
 -0.15746599  0.         -0.23522797]
log likelihood =  -4375.911993714298
Lr derivatives =  [0.008073198041769203, -77.05811066467311, 0.02387011185336263]
other derivatives =  [ 0.0207765  -0.00526597  0.02575598 -0.01005174  0.01360728 -0.        ]
Current x_clock array =  [-0.63544466 -0.75582705 -0.51706993  0.30993367 -2.18803565  0.33647224
 -0.15751777  0.         -0.23528474]
log likelihood =  -4375.911992435
Lr derivatives =  [-0.0023179918878017958, -77.06700143751053, 0.0033330621342848588]
other derivatives =  [-0.01032367 -0.0021555  -0.00323325 -0.00073305  0.00137957 -0.        ]
Current x_clock array =  [-0.63545776 -0.75582517 -0.51708608  0.30999275 -2.18808466  0.33647224
 -0.15751179  0.         -0.23531073]
      fun: 4375.911992435
 hess_inv: <9x9 LbfgsInvHessProduct with dtype=float64>
      jac: array([-1.03236744e-02, -2.15550244e-03, -3.23325366e-03, -7.33052730e-04,
        1.37956861e-03, -0.00000000e+00, -2.31799189e-03, -7.70670014e+01,
        3.33306213e-03])
  message: 'CONVERGENCE: REL_REDUCTION_OF_F_<=_FACTR*EPSMCH'
     nfev: 14
      nit: 13
     njev: 14
   status: 0
  success: True
        x: array([-0.63545776, -0.75582517, -0.51708608,  0.30999275, -2.18808466,
        0.33647224, -0.15751179,  0.        , -0.23531073])
