number of sites to be analyzed:  190
log likelihood =  -2185.0476463325604
Lr derivatives =  [51.31022473173152, -73.13514744922777, -24.853178083002042]
other derivatives =  [ 2.51573993e+01 -6.39570317e-02  2.15185682e+01 -2.50660032e+01
  1.67799691e+02  4.53239741e+01]
Current x_clock array =  [-0.60970943 -0.71336306 -0.49380502  0.18232156 -0.10536052  0.33647224
 -0.51082562 -0.51082562 -0.51082562]
log likelihood =  -2058.2919583604144
Lr derivatives =  [-56.779258511272374, -126.18686034002573, -76.39953008004053]
other derivatives =  [-99.50589083   5.08299809 -57.13921882  -8.38148162 105.71744415
  19.28323491]
Current x_clock array =  [-0.74501803 -0.71301907 -0.60954223  0.31713858 -1.007868    0.09269809
 -0.7867967  -0.50807816 -0.50807816]
log likelihood =  -1915.3874987723525
Lr derivatives =  [-77.192261142463, -85.88439612795881, -28.276591257710763]
other derivatives =  [140.79152606  15.35185697 -33.0224625   24.19667362  -5.0596812
  18.02037332]
Current x_clock array =  [-0.51399947 -0.73417625 -0.53107249  0.54488479 -2.74374551 -0.33668917
 -0.93811871 -0.07648319 -0.2155731 ]
log likelihood =  -1907.1981616833164
Lr derivatives =  [-44.26439666448784, -54.79972393702523, 76.61721896816002]
other derivatives =  [-161.1051207    -3.36203902   32.37385886   10.92436105  -10.83198486
   20.85764072]
Current x_clock array =  [-0.8746693  -0.79124258 -0.37268263  0.50643914 -3.06736064 -0.47549325
 -0.67071588  0.         -0.02833179]
log likelihood =  -1884.300920052596
Lr derivatives =  [-29.49642317245512, -49.00488181362207, -1.0586131570098019]
other derivatives =  [-65.72152779   5.85644739  -1.98142607  12.22372862   0.89517637
  21.71142705]
Current x_clock array =  [-0.7149441  -0.77771369 -0.43127873  0.47998228 -2.83088004 -0.42721413
 -0.66030655  0.         -0.14518434]
log likelihood =  -1879.2496925434812
Lr derivatives =  [-15.732300633255575, -39.887799521958364, 4.350846132932485]
other derivatives =  [25.35091949  6.2559393   5.9905758  10.36045842  4.59509307 20.9818204 ]
Current x_clock array =  [-0.61706354 -0.79275572 -0.43017581  0.44982072 -2.82569114 -0.4771299
 -0.59982913  0.         -0.13896711]
log likelihood =  -1876.6535383567693
Lr derivatives =  [-9.009985246739594, -35.70381845987764, 6.4104396355697055]
other derivatives =  [17.07320121  2.67883001  3.62731703  9.12245332  3.50212925 19.9152762 ]
Current x_clock array =  [-0.62578275 -0.80838199 -0.42806609  0.43033343 -2.89048421 -0.53741825
 -0.54328484  0.         -0.13320836]
log likelihood =  -1870.7868033861735
Lr derivatives =  [5.812420068740476, -26.31291718388969, 5.595519256993393]
other derivatives =  [ 3.00506099  0.15906153 34.26793091  4.07639436 -3.73544346 13.54756023]
Current x_clock array =  [-0.64611149 -0.83935713 -0.38340312  0.32638993 -3.19254205 -0.87122718
 -0.35190769  0.         -0.13995883]
log likelihood =  -1874.1908385129223
Lr derivatives =  [26.507554407585303, -14.615474591838272, 18.71678360025398]
other derivatives =  [ -3.09782672  -2.52527934 -85.26260081   5.38298855  -6.33086728
   8.28498998]
Current x_clock array =  [-0.64716541 -0.86119487 -0.51378138  0.22488702 -3.34351613 -1.16727765
 -0.23416219  0.         -0.10107482]
log likelihood =  -1869.6196803822531
Lr derivatives =  [12.179343441665361, -22.762359495689417, 9.230715502194073]
other derivatives =  [  0.64916708  -0.8349748  -11.06298078   4.38747611  -4.73602142
  11.75794114]
Current x_clock array =  [-0.64645251 -0.84642321 -0.42558989  0.29354642 -3.24139306 -0.96702086
 -0.31380853  0.         -0.12737705]
log likelihood =  -1868.7735434324554
Lr derivatives =  [12.125098303193313, -22.958720892457272, 5.907294671275123]
other derivatives =  [-1.36825133 -0.87511467 -7.25870245  3.44889577 -5.65115606 10.53495069]
Current x_clock array =  [-0.64907028 -0.84782968 -0.42072001  0.26411139 -3.26951427 -1.04751674
 -0.300424    0.         -0.14072969]
log likelihood =  -1865.2907080245968
Lr derivatives =  [7.1462342021818195, -26.655940354048862, -3.4266238008670094]
other derivatives =  [-4.10763823 -4.44805846  5.18499087 -1.71052216 -5.81287009  6.40158085]
Current x_clock array =  [-0.6520348  -0.85197949 -0.41217488  0.12526577 -3.25600466 -1.41610326
 -0.31874379  0.         -0.17965504]
log likelihood =  -1863.1987526416056
Lr derivatives =  [4.721537977029612, -28.95328924238359, -6.500381338831555]
other derivatives =  [-3.78118193 11.72986572  6.90152729 -5.62925811 -2.76555155  3.83571336]
Current x_clock array =  [-0.65270377 -0.80292946 -0.41747908  0.02476411 -3.15419676 -1.78875594
 -0.37264702  0.         -0.18520792]
log likelihood =  -1862.8064394033293
Lr derivatives =  [-12.992767536778882, -38.608274599871045, -8.647800584833407]
other derivatives =  [ -0.25271606 -23.33513589   3.58044508 -10.76265835  -0.05733364
   2.22174221]
Current x_clock array =  [-0.6419518  -0.87685055 -0.43340023 -0.03507553 -3.02367545 -2.25396737
 -0.48327276  0.         -0.16825805]
log likelihood =  -1861.522711476269
Lr derivatives =  [-2.63475284816343, -31.955734940363165, -1.3237518276378406]
other derivatives =  [ 0.93042763 -4.48292008 -1.1203831  -8.18471062  0.0390298   2.28998979]
Current x_clock array =  [-0.64459816 -0.83308965 -0.4334448  -0.00307193 -3.05183292 -2.2331211
 -0.44390225  0.         -0.14791427]
log likelihood =  -1861.0814452580407
Lr derivatives =  [0.2241738097622914, -29.667450235875094, 3.7948396604428023]
other derivatives =  [ 0.22381778  3.05217327 -2.23686425 -6.68351299  0.3283937   2.05735145]
Current x_clock array =  [-0.64674263 -0.81619139 -0.432848    0.02933548 -3.0466275  -2.32731368
 -0.44157728  0.         -0.13021569]
log likelihood =  -1860.4421131286886
Lr derivatives =  [1.93938781608008, -27.868581217896434, 7.743110139236487]
other derivatives =  [ 0.0994105   7.97409848 -2.93399171 -3.80436222  0.43990465  1.58652338]
Current x_clock array =  [-0.64788053 -0.80689886 -0.43090056  0.10055121 -3.0327916  -2.54419998
 -0.44513286  0.         -0.11627163]
log likelihood =  -1859.6970928609726
Lr derivatives =  [2.655438249122126, -27.066725205917024, 2.4523866481478933]
other derivatives =  [ 5.86685064  8.33311469 -3.36451012  0.74455011  0.70219523  0.96361132]
Current x_clock array =  [-0.64211415 -0.81034513 -0.42783036  0.21319262 -3.00552219 -2.94145145
 -0.44743572  0.         -0.12919577]
log likelihood =  -1860.7318832279734
Lr derivatives =  [-2.524071251038544, -29.350415931604275, 5.205014317333399]
other derivatives =  [-46.912465    -4.42643773  -1.42405179   3.50743449   1.73811941
   0.54486658]
Current x_clock array =  [-0.69858148 -0.83542713 -0.41993358  0.30095931 -2.95709028 -3.50679202
 -0.46907318  0.         -0.11261471]
log likelihood =  -1859.5748599051628
Lr derivatives =  [1.3858523990350147, -27.615633096762252, 2.974303968607394]
other derivatives =  [-7.78519075  5.16406544 -2.8996235   1.41381679  0.93592019  0.83792452]
Current x_clock array =  [-0.65566675 -0.816365   -0.42593507  0.23425732 -2.99389815 -3.07713762
 -0.45262888  0.         -0.12521619]
log likelihood =  -1859.3414446875727
Lr derivatives =  [0.6463082749358211, -27.942977069132922, 0.6735274930179447]
other derivatives =  [-2.6746502   1.20260415 -2.61494256  1.80069674  1.33430258  0.61524345]
Current x_clock array =  [-0.64981793 -0.8265525  -0.42586898  0.24761948 -2.98091187 -3.34337914
 -0.45631845  0.         -0.13120361]
log likelihood =  -1859.129144777689
Lr derivatives =  [0.050640029153113275, -28.173014141391057, -0.9161798250131934]
other derivatives =  [ 1.38716018 -2.39864153 -0.11868678  1.09637722  1.58625848  0.38981191]
Current x_clock array =  [-0.64544318 -0.83566683 -0.42380529  0.23603661 -2.97723943 -3.75072743
 -0.45701899  0.         -0.13539353]
log likelihood =  -1858.9760048953772
Lr derivatives =  [-0.130055473475581, -28.351718344535882, -2.4012298633400224]
other derivatives =  [ 1.57535601 -3.56682222 -4.14657848  0.44747367  1.19290289  0.22000992]
Current x_clock array =  [-0.64475651 -0.83828797 -0.42873272  0.21644149 -2.98502887 -4.26734387
 -0.45653663  0.         -0.13931429]
log likelihood =  -1859.242069376323
Lr derivatives =  [-2.9472694618050195, -29.382366233888845, -1.1227032061531101]
other derivatives =  [ 4.06750041 -1.61516755 30.77916654 -1.7987154   0.23558068  0.06066502]
Current x_clock array =  [-0.6450761  -0.8333637  -0.39337316  0.18570229 -3.01701544 -5.54284439
 -0.45479834  0.         -0.1332176 ]
log likelihood =  -1858.8931175565249
Lr derivatives =  [-1.0534419113523406, -28.669872812729764, -2.0566514522215122]
other derivatives =  [ 2.39735346 -2.91801871  6.61186095 -0.28734394  0.87001453  0.14330881]
Current x_clock array =  [-0.64486121 -0.83667477 -0.41714888  0.20637128 -2.99550772 -4.6851996
 -0.45596717  0.         -0.13731701]
log likelihood =  -1858.799798856105
Lr derivatives =  [-0.6879637402829317, -28.382158384694318, -1.2411143116312058]
other derivatives =  [ 0.91690708 -1.7699017   2.41380712 -0.30427736  0.41068259  0.08632665]
Current x_clock array =  [-0.64624055 -0.83372501 -0.42149746  0.20036167 -3.00445332 -5.17346949
 -0.45527552  0.         -0.13421728]
log likelihood =  -1858.7461360140587
Lr derivatives =  [-0.16065668484278284, -27.91612486774401, 0.22397958671433393]
other derivatives =  [-0.24100063  0.03187984 -0.20321886 -0.14727084 -0.10436839  0.04328312]
Current x_clock array =  [-0.64755615 -0.82953083 -0.42394101  0.19912627 -3.01536958 -5.85204389
 -0.45366964  0.         -0.12932342]
log likelihood =  -1858.732148992487
Lr derivatives =  [0.08055649855350033, -27.733329866690177, 0.4387703223744275]
other derivatives =  [-0.58167802  0.67085534 -0.43741193 -0.05820175 -0.28108104  0.02748612]
Current x_clock array =  [-0.64801666 -0.82822594 -0.42393923  0.19988597 -3.01966869 -6.29919791
 -0.4521604   0.         -0.12863545]
log likelihood =  -1858.7204414422226
Lr derivatives =  [0.2459885933239434, -27.52795142170857, 1.0974134517172782]
other derivatives =  [-0.31361765  0.08920529 -0.40457803 -0.05390461 -0.26845421  0.01470142]
Current x_clock array =  [-0.64776433 -0.82991281 -0.42378463  0.20059277 -3.0206812  -6.92454407
 -0.4512486   0.         -0.12667981]
log likelihood =  -1858.718947307591
Lr derivatives =  [-0.28007188087098456, -28.20655211011595, -2.1396107074332775]
other derivatives =  [-1.58213174  1.50186725 -0.20151015  0.06206324 -0.38735875  0.00409067]
Current x_clock array =  [-0.64896121 -0.8259603  -0.42361357  0.20141788 -3.01889538 -8.1786668
 -0.45250533  0.         -0.13633008]
log likelihood =  -1858.7073343276659
Lr derivatives =  [0.041815660088657225, -27.786681583511317, -0.39238170899599645]
other derivatives =  [-0.31793616  0.2978793  -0.02953766  0.03639479 -0.18271104  0.00393125]
Current x_clock array =  [-0.64771146 -0.82927297 -0.42341626  0.20293801 -3.01705767 -8.23178777
 -0.45200668  0.         -0.13106026]
log likelihood =  -1858.705666745187
Lr derivatives =  [0.09151043717046825, -27.70595127890185, -0.03133165882313094]
other derivatives =  [ 0.12174405 -0.07907147  0.02465868  0.04011235 -0.09500042  0.00283736]
Current x_clock array =  [-0.64725568 -0.83026789 -0.42338525  0.20377243 -3.01558635 -8.56073442
 -0.45217405  0.         -0.12999085]
log likelihood =  -1858.7045475025957
Lr derivatives =  [0.06228490718175017, -27.70754271754185, 0.08298489794294817]
other derivatives =  [ 0.05369066 -0.28145541  0.08154871  0.04662797 -0.018566    0.00174143]
Current x_clock array =  [-0.64730527 -0.83070803 -0.42335067  0.2044886  -3.01382132 -9.05054665
 -0.45265598  0.         -0.12960798]
log likelihood =  -1858.7091497453919
Lr derivatives =  [0.20862598995285708, -27.649510017585527, -0.07694241472035479]
other derivatives =  [3.26542340e+00 7.59192744e-01 3.10342330e-03 7.45205853e-02
 1.04744983e-01 5.63530465e-04]
Current x_clock array =  [ -0.64414667  -0.82826476  -0.42382188   0.20473927  -3.01033286
 -10.17578366  -0.45400246   0.          -0.13029041]
log likelihood =  -1858.7043042571609
Lr derivatives =  [0.08874345695546282, -27.69694016598704, 0.05362187891238257]
other derivatives =  [ 0.63333619 -0.09334872  0.06712548  0.05174707  0.00373743  0.0014194 ]
Current x_clock array =  [-0.64673284 -0.83026524 -0.42343607  0.20453403 -3.0131891  -9.25447337
 -0.4529      0.         -0.12973165]
log likelihood =  -1858.7035562786964
Lr derivatives =  [0.02256912760240226, -27.745513595322837, 0.01309185768074883]
other derivatives =  [ 0.24214296 -0.09649625  0.07514814  0.05819902  0.04813838  0.00082598]
Current x_clock array =  [-0.64711115 -0.83014494 -0.42344738  0.2049196  -3.01179663 -9.79654014
 -0.45346847  0.         -0.12978257]
log likelihood =  -1858.7032140164638
Lr derivatives =  [-0.036776716021222455, -27.79241789332607, -0.03312141932821966]
other derivatives =  [-0.00580349 -0.01621765  0.04016056  0.05667107  0.06431867  0.00048686]
Current x_clock array =  [ -0.64735076  -0.82983694  -0.42351684   0.20490201  -3.01102441
 -10.32535308  -0.45395906   0.          -0.12986085]
log likelihood =  -1858.703049782413
Lr derivatives =  [-0.056593944854681055, -27.809347053989292, -0.044215274140171346]
other derivatives =  [-0.07953804  0.03371042 -0.01407147  0.04927256  0.06348785  0.00031505]
Current x_clock array =  [ -0.64742029  -0.82966953  -0.42359497   0.20465747  -3.01089247
 -10.76062067  -0.45413518   0.          -0.12987304]
log likelihood =  -1858.702917299487
Lr derivatives =  [-0.09315281629027794, -27.832764653382615, -0.0869559773134565]
other derivatives =  [-7.94289008e-02  4.21177901e-02  3.91303729e-01  8.15998646e-03
  5.20271240e-02  1.45453750e-04]
Current x_clock array =  [ -0.64745067  -0.82964116  -0.42316462   0.20393389  -3.0113578
 -11.53330856  -0.45402262   0.          -0.130003  ]
log likelihood =  -1858.702708231519
Lr derivatives =  [-0.03082854119787548, -27.796426226366314, -0.0386576277418893]
other derivatives =  [-8.13922725e-02  4.23167421e-02 -4.84965312e-03 -2.40606823e-03
  3.42740446e-02  7.02489718e-05]
Current x_clock array =  [ -0.64743256  -0.82966372  -0.42359246   0.20326253  -3.01191779
 -12.26055642  -0.45376544   0.          -0.12989422]
log likelihood =  -1858.7026620779147
Lr derivatives =  [-0.0051965151708674995, -27.777903355770853, -0.00767624083851004]
other derivatives =  [-3.28980150e-02  1.83506472e-02 -4.09831955e-02 -1.81694304e-02
  2.22950807e-02  4.29515941e-05]
Current x_clock array =  [ -0.64738581  -0.82975069  -0.42362809   0.20280725  -3.01239709
 -12.7525694   -0.45354839   0.          -0.12982596]
log likelihood =  -1858.7026422866156
Lr derivatives =  [-0.0017105944375508386, -27.772852178748604, 0.0016802888826994433]
other derivatives =  [ 3.53202267e-03 -1.23795871e-02 -1.79986728e-02 -2.45381671e-02
  6.60526371e-03  2.81678301e-05]
Current x_clock array =  [ -0.64735092  -0.82985046  -0.42359492   0.20262848  -3.0128477
 -13.17367497  -0.45340673   0.          -0.12980513]
log likelihood =  -1858.7026333978224
Lr derivatives =  [0.012999354488846038, -27.76090594063428, 0.020407682550015238]
other derivatives =  [ 1.11049303e-02  1.96587280e-03  4.36057235e-03 -2.02312549e-02
 -2.21116555e-03  2.06000458e-05]
Current x_clock array =  [ -0.64735125  -0.82983933  -0.42355454   0.2026997   -3.01311833
 -13.48786472  -0.45328314   0.          -0.12975657]
log likelihood =  -1858.702625618349
Lr derivatives =  [0.0005213574554598921, -27.7682614415287, -0.006184922032938189]
other derivatives =  [ 2.33424089e-02 -2.63871698e-02  8.82914719e-03 -8.93624019e-03
 -1.50455269e-02  1.34500612e-05]
Current x_clock array =  [ -0.64733412  -0.82992465  -0.42353722   0.20294823  -3.01333242
 -13.91283896  -0.45325744   0.          -0.12982717]
log likelihood =  -1858.7026201585966
Lr derivatives =  [0.005574890704657776, -27.763450424179794, 0.0067868356009697095]
other derivatives =  [ 1.49179868e-02 -1.06419975e-02  9.43850864e-03  8.48785930e-04
 -1.32710168e-02  1.06397860e-05]
Current x_clock array =  [ -0.64734548  -0.82989127  -0.4235285    0.20318426  -3.01326707
 -14.14703017  -0.45326662   0.          -0.1297855 ]
log likelihood =  -1858.702615884587
Lr derivatives =  [0.006843132067606561, -27.7635664069363, 0.0008107191841197903]
other derivatives =  [ 2.25998065e-02  7.78618414e-03 -1.38697942e-03  8.88326213e-03
 -6.62954490e-03  7.83330774e-06]
Current x_clock array =  [ -0.64733756  -0.82984278  -0.42354086   0.20338252  -3.01306235
 -14.45520769  -0.45332253   0.          -0.12980143]
log likelihood =  -1858.7026207544304
Lr derivatives =  [3.999580220082066e-05, -27.767779938405983, 0.005353082149156307]
other derivatives =  [-1.22254733e-01 -1.66317022e-02 -1.78838491e-02  1.28377451e-02
  4.68651765e-05  4.58084620e-06]
Current x_clock array =  [ -0.64747952  -0.82988363  -0.42354889   0.20351637  -3.01287785
 -14.98999244  -0.45336616   0.          -0.12977503]
log likelihood =  -1858.7026146505036
Lr derivatives =  [0.004740965433040145, -27.764868187918086, 0.0022134444591959124]
other derivatives =  [-2.21646133e-02  2.41016096e-04 -6.48378773e-03  1.01053956e-02
 -4.56678425e-03  6.65615405e-06]
Current x_clock array =  [ -0.64738142  -0.8298554   -0.42354334   0.20342387  -3.01300535
 -14.62044484  -0.45333601   0.          -0.12979328]
      fun: 1858.7026146505036
 hess_inv: <9x9 LbfgsInvHessProduct with dtype=float64>
      jac: array([-2.21646133e-02,  2.41016096e-04, -6.48378773e-03,  1.01053956e-02,
       -4.56678425e-03,  6.65615405e-06,  4.74096543e-03, -2.77648682e+01,
        2.21344446e-03])
  message: 'CONVERGENCE: REL_REDUCTION_OF_F_<=_FACTR*EPSMCH'
     nfev: 48
      nit: 42
     njev: 48
   status: 0
  success: True
        x: array([ -0.64738142,  -0.8298554 ,  -0.42354334,   0.20342387,
        -3.01300535, -14.62044484,  -0.45333601,   0.        ,
        -0.12979328])
