number of sites to be analyzed:  215
log likelihood =  -2567.44881955483
Lr derivatives =  [-20.542553782178445, -137.51058190219726, -152.86996301453195]
other derivatives =  [ -0.91461334  -9.23775451  21.71060714 -45.3842872  167.86564356
  -4.94109827  -0.        ]
Current x_clock array =  [-0.60960434 -0.7537005  -0.51218524  0.18232156 -0.10536052 -0.10536052
  0.33647224 -0.51082562 -0.51082562 -0.51082562]
log likelihood =  -2433.023637916088
Lr derivatives =  [-16.16839439849859, -132.38707076768844, -140.92294865363715]
other derivatives =  [ -8.3666996   15.69078813 -90.17738739 -11.57270344  97.12721337
  -2.65935478  -0.        ]
Current x_clock array =  [-0.60643406 -0.74971388 -0.63518076  0.43943384 -1.05635747 -0.07736807
  0.33647224 -0.3944474  -0.50793168 -0.50793168]
log likelihood =  -2549.640426606938
Lr derivatives =  [10.934378459515381, 6.33126187439392, -8.63342393131461]
other derivatives =  [ 124.89191295   13.43235999 3440.31858913    7.44548652  -24.2007141
   11.90218518   -0.        ]
Current x_clock array =  [-0.52739459 -0.92934271 -0.05        0.82832997 -2.995983   -0.02211678
  0.33647224 -0.11757492  0.          0.        ]
log likelihood =  -2313.546322549373
Lr derivatives =  [7.284231557157881, -62.12207827727029, -49.690386583963296]
other derivatives =  [60.03755607 13.24874165 85.53807857  2.53012013 36.86164192  1.79805693
 -0.        ]
Current x_clock array =  [-0.56802832 -0.83699657 -0.35083803  0.62840073 -1.99883279 -0.05052115
  0.33647224 -0.25991345 -0.26112473 -0.26112473]
log likelihood =  -2314.3139423619023
Lr derivatives =  [32.365388045901945, -5.004731969036385, 77.808187447319]
other derivatives =  [-155.91841884  -25.02894949 -112.94420528   15.09502408   -7.4909363
    6.42976738   -0.        ]
Current x_clock array =  [-0.76163516 -0.94354349 -0.4673639   0.68987478 -2.53381235 -0.04562913
  0.33647224 -0.22553222 -0.01248118 -0.07028002]
log likelihood =  -2297.5722711008725
Lr derivatives =  [22.185722649254032, -32.05817579879599, -2.8130267477840896]
other derivatives =  [-63.15063411  -5.81449331 -20.92458362   9.20907451  14.77742979
   3.85043222  -0.        ]
Current x_clock array =  [-0.66259647 -0.8890399  -0.40775562  0.65842801 -2.260146   -0.04813162
  0.33647224 -0.24311978 -0.13967365 -0.16790576]
log likelihood =  -2292.502375795014
Lr derivatives =  [21.22083482133867, -20.181628929217418, 23.543612548207257]
other derivatives =  [-12.00581528  -4.18355739   5.97140524  10.08473964   2.30098448
   5.65108076  -0.        ]
Current x_clock array =  [-0.61579495 -0.90374531 -0.38063723  0.67765312 -2.44231904 -0.04877099
  0.33647224 -0.24868729 -0.06119879 -0.12867651]
log likelihood =  -2289.730361828873
Lr derivatives =  [16.09025924611232, -19.173064862840544, 11.766133041380991]
other derivatives =  [12.53880691 -2.07951052 -2.86199929 10.29819168 -2.41235572  5.62547484
 -0.        ]
Current x_clock array =  [-0.59384321 -0.90138706 -0.39076313  0.66024143 -2.48294367 -0.06014661
  0.33647224 -0.29108503  0.         -0.15838878]
log likelihood =  -2288.487331602555
Lr derivatives =  [4.839029473266592, -28.58157091688831, -4.993206321502924]
other derivatives =  [ 4.49006302 -1.36900189  3.69010331  8.88708928 -1.42904841  4.57962278
 -0.        ]
Current x_clock array =  [-0.60051166 -0.89018387 -0.39218208  0.62330881 -2.42977058 -0.07537867
  0.33647224 -0.34192762  0.         -0.18765706]
log likelihood =  -2287.8566132834862
Lr derivatives =  [0.6650750451731504, -32.43020879993966, -9.038045996424291]
other derivatives =  [ 2.47415664 -0.31511809 -2.80318181  6.07564471  2.37444834  3.63015261
 -0.        ]
Current x_clock array =  [-0.60122309 -0.8773995  -0.40663957  0.56666451 -2.34941535 -0.09753695
  0.33647224 -0.38872651  0.         -0.18739584]
log likelihood =  -2287.540278274655
Lr derivatives =  [-10.466934121378396, -37.63490640253956, -3.3553174491669324]
other derivatives =  [-8.33318973  1.13552096 11.55129485  2.19933736 -1.28130665  3.34239076
 -0.        ]
Current x_clock array =  [-0.61049542 -0.86658416 -0.39903307  0.49677501 -2.36896267 -0.13891254
  0.33647224 -0.43504185  0.         -0.16195413]
log likelihood =  -2287.283926734257
Lr derivatives =  [-4.220899503769967, -33.71497443627916, 1.5708681394874766]
other derivatives =  [-1.30102126  1.17466561  1.04702031  1.62455899  0.48259028  3.31579349
 -0.        ]
Current x_clock array =  [-0.6041249  -0.86812583 -0.4086996   0.48556722 -2.3586183  -0.14829178
  0.33647224 -0.42150131  0.         -0.15449677]
log likelihood =  -2287.1972594597332
Lr derivatives =  [-1.3749380131877391, -31.862716068150306, 3.77146673384272]
other derivatives =  [ 1.56136275  0.90621415 -2.0967077   1.03169259  0.50877677  3.32422496
 -0.        ]
Current x_clock array =  [-0.60175248 -0.87041825 -0.41093384  0.47534571 -2.36901383 -0.16112938
  0.33647224 -0.41036069  0.         -0.15197007]
log likelihood =  -2287.0814141488845
Lr derivatives =  [1.2152368494109016, -30.404652310052583, 4.103615975478608]
other derivatives =  [ 3.38233667  0.28447676 -3.91561753 -0.33707829  0.26923385  3.21823654
 -0.        ]
Current x_clock array =  [-0.60045598 -0.87369261 -0.41183478  0.45258733 -2.38839695 -0.1907398
  0.33647224 -0.39579596  0.         -0.153616  ]
log likelihood =  -2286.9472702760713
Lr derivatives =  [2.4877582885698732, -29.9548844575813, 1.9476857200184519]
other derivatives =  [ 2.28204999 -0.14677971 -2.63362881 -1.98721636  0.01280136  2.90496973
 -0.        ]
Current x_clock array =  [-0.60180479 -0.87597935 -0.40988848  0.42608192 -2.40944249 -0.24224311
  0.33647224 -0.38235939  0.         -0.15992226]
log likelihood =  -2286.7667460817383
Lr derivatives =  [2.1175505257341545, -30.248092756337755, 0.01820461401816509]
other derivatives =  [ 1.30416083 -0.71890463 -2.06245795 -2.84642374 -0.87948925  2.33871924
 -0.        ]
Current x_clock array =  [-0.6026532  -0.87839484 -0.40842919  0.41094769 -2.43435101 -0.33371797
  0.33647224 -0.37379327  0.         -0.1641772 ]
log likelihood =  -2286.7836388840155
Lr derivatives =  [5.3020888154182035, -28.012010487164503, -2.973351501096637]
other derivatives =  [16.01223266  4.75756906 21.98216453 -4.39638916  2.74152934  0.91045422
 -0.        ]
Current x_clock array =  [-0.59380576 -0.86945392 -0.38777942  0.40955429 -2.42874702 -0.56685576
  0.33647224 -0.35428644  0.         -0.17156244]
log likelihood =  -2286.6357182496504
Lr derivatives =  [3.6109160607631186, -29.21242456417641, -1.4780850827353582]
other derivatives =  [ 8.35886703  1.90892024  9.22043091 -3.5981202   0.88743679  1.59881529
 -0.        ]
Current x_clock array =  [-0.59837052 -0.87406691 -0.39843348  0.4102732  -2.43163834 -0.44657042
  0.33647224 -0.36435081  0.         -0.16775209]
log likelihood =  -2286.3780055474745
Lr derivatives =  [1.6897810990971998, -30.037821736519653, -3.245215964151072]
other derivatives =  [-1.86767647  1.38048927  3.8382891  -2.77301751 -0.64087991  0.7264116
 -0.        ]
Current x_clock array =  [-0.6057423  -0.87504997 -0.40102286  0.41814325 -2.45474127 -0.61659914
  0.33647224 -0.36256077  0.         -0.16912547]
log likelihood =  -2286.2510707851197
Lr derivatives =  [-0.8614541067001511, -31.099572520569158, -3.1990059912469935]
other derivatives =  [-1.08093809  0.20251264  1.24030385 -1.36193376 -1.15667778  0.23024768
 -0.        ]
Current x_clock array =  [-0.60413712 -0.87680439 -0.40339992  0.44010585 -2.45243308 -0.72577177
  0.33647224 -0.37343075  0.         -0.16490968]
log likelihood =  -2286.2800042247436
Lr derivatives =  [2.710619004169301, -27.790786547215816, 2.1035523159023253]
other derivatives =  [-10.08385516  -0.51227289   0.63345942   0.54237034   1.6458882
  -0.14646776  -0.        ]
Current x_clock array =  [-0.61154683 -0.87840201 -0.40167917  0.47861255 -2.42462587 -0.82198617
  0.33647224 -0.3683558   0.         -0.15380344]
log likelihood =  -2286.222856626801
Lr derivatives =  [0.6034742033336258, -29.7430613137296, -1.060334494534919]
other derivatives =  [-4.83417216 -0.0876239   0.97405791 -0.57621219 -0.00623969  0.06813434
 -0.        ]
Current x_clock array =  [-0.60719382 -0.87746345 -0.40269006  0.45599087 -2.44096188 -0.76546272
  0.33647224 -0.3713372   0.         -0.16032806]
log likelihood =  -2286.2051463874022
Lr derivatives =  [-0.36229683365213106, -30.059793422456206, 0.06635195422556528]
other derivatives =  [-0.3027103  -0.00141017  0.19038816  0.004512   -0.13616545 -0.02410115
 -0.        ]
Current x_clock array =  [-0.60312105 -0.87695914 -0.40413057  0.46484489 -2.436508   -0.79218239
  0.33647224 -0.37833982  0.         -0.15616999]
log likelihood =  -2286.204784633009
Lr derivatives =  [-0.1088415041475379, -29.943611960226708, 0.013088252088589769]
other derivatives =  [-0.14561647  0.04334061  0.10700478 -0.02849765 -0.01923623 -0.00910222
 -0.        ]
Current x_clock array =  [-0.60302587 -0.87693436 -0.40419585  0.46451103 -2.43566787 -0.78744353
  0.33647224 -0.37758795  0.         -0.15652577]
log likelihood =  -2286.204735106688
Lr derivatives =  [-0.015302603025752148, -29.900787144203782, -0.002103073114302134]
other derivatives =  [-0.0176633  -0.01098942  0.00111686 -0.02441584  0.02200233 -0.00289674
 -0.        ]
Current x_clock array =  [-0.60291843 -0.87710253 -0.4042785   0.46465259 -2.4353692  -0.78557186
  0.33647224 -0.37729298  0.         -0.15665179]
log likelihood =  -2286.2047308477468
Lr derivatives =  [-0.0036609007427550466, -29.89368525552457, 0.002636873358476066]
other derivatives =  [-0.00631644 -0.00666023 -0.01798662 -0.01904209  0.01873574 -0.00182445
 -0.        ]
Current x_clock array =  [-0.60290893 -0.87710712 -0.40428496  0.46473135 -2.43544182 -0.78538488
  0.33647224 -0.37722898  0.         -0.15665669]
      fun: 2286.2047308477468
 hess_inv: <10x10 LbfgsInvHessProduct with dtype=float64>
      jac: array([-6.31644070e-03, -6.66022970e-03, -1.79866220e-02, -1.90420906e-02,
        1.87357396e-02, -1.82444637e-03, -0.00000000e+00, -3.66090074e-03,
       -2.98936853e+01,  2.63687336e-03])
  message: 'CONVERGENCE: REL_REDUCTION_OF_F_<=_FACTR*EPSMCH'
     nfev: 26
      nit: 21
     njev: 26
   status: 0
  success: True
        x: array([-0.60290893, -0.87710712, -0.40428496,  0.46473135, -2.43544182,
       -0.78538488,  0.33647224, -0.37722898,  0.        , -0.15665669])
