number of sites to be analyzed:  305
log likelihood =  -3888.4831620166233
Lr derivatives =  [-18.301661270511453, -169.62986213492118, -36.23928319754672]
other derivatives =  [ 21.86686106 -42.08385781  28.94076351 -89.17890727 311.13818841
  83.41086732]
Current x_clock array =  [-0.71726073 -0.6336032  -0.67202261  0.18232156 -0.10536052  0.33647224
 -0.51082562 -0.51082562 -0.51082562]
log likelihood =  -3616.865305009187
Lr derivatives =  [-62.25116311609231, -189.2324456044054, -77.60967668769348]
other derivatives =  [-89.60349123 -34.09423925 -43.53622353 -44.42770569 198.99854877
  46.40348925]
Current x_clock array =  [-0.78220483 -0.63186991 -0.75797605  0.44718099 -1.02943422  0.08874376
 -0.45647008 -0.50930848 -0.50930848]
log likelihood =  -4774.044183961938
Lr derivatives =  [-97.2394981561179, -95.8405374840137, 96.53804227127694]
other derivatives =  [ 1.49385167e+04  1.27630063e+02  2.71943282e+02 -1.29815062e+01
 -8.04986851e+01  6.33367572e+01]
Current x_clock array =  [-0.05       -0.54698579 -0.45829648  1.11928019 -3.76739893 -0.58321102
  0.15618363  0.          0.        ]
log likelihood =  -3447.1933905992187
Lr derivatives =  [27.368053985072354, -76.93875392140671, 17.268936821720505]
other derivatives =  [441.9708107   32.06288011  22.44960297  -8.91464333  88.84909444
  50.39456937]
Current x_clock array =  [-0.49838591 -0.59896693 -0.64181356  0.70770163 -2.09073042 -0.1717209
 -0.21899184 -0.31188915 -0.31188915]
log likelihood =  -3372.0102414127655
Lr derivatives =  [-27.442612471857153, -69.53680749539207, 35.634919727654356]
other derivatives =  [-147.99444216   15.68175276    1.74680781   34.76821666  -22.18101493
   34.67495117]
Current x_clock array =  [-0.80275456 -0.62778365 -0.62641929  0.94193317 -3.04983506 -0.44208849
 -0.09837031 -0.15627592 -0.23348807]
log likelihood =  -3357.8801886178917
Lr derivatives =  [-4.25591770216978, -54.16872606373069, 32.55437993107797]
other derivatives =  [-63.12378355   8.94905179   5.41782947  25.85655602  -7.03968006
  35.07119573]
Current x_clock array =  [-0.73548122 -0.63979385 -0.62660105  0.89429784 -2.94856435 -0.44422195
 -0.09229603 -0.11267013 -0.26263983]
log likelihood =  -3346.9671929659894
Lr derivatives =  [21.81867824525063, -31.783737777752464, 25.48077342275129]
other derivatives =  [52.93413187 -2.42450233 -0.10336362 14.57672533  4.42325262 31.72621973]
Current x_clock array =  [-0.6596099  -0.66110933 -0.63299953  0.83236153 -2.91395278 -0.51396673
 -0.08756753  0.         -0.32750387]
log likelihood =  -3344.2289569994264
Lr derivatives =  [14.1350150491626, -38.14247382837024, 15.095604250171755]
other derivatives =  [34.40133241 -5.08193398 -2.92230197 14.3376551   1.1215153  29.21645   ]
Current x_clock array =  [-0.67038466 -0.66225758 -0.63609823  0.81395376 -2.91678799 -0.54989678
 -0.10218594  0.         -0.35936199]
log likelihood =  -3338.636920288336
Lr derivatives =  [-10.269527086861158, -60.18426105855131, -18.22121873192833]
other derivatives =  [-9.21804394  1.06613243  4.18098261  8.95764788 -5.02514609 18.89725354]
Current x_clock array =  [-0.69850034 -0.64891145 -0.63240726  0.71464571 -2.8941566  -0.71899115
 -0.15360746  0.         -0.46686851]
log likelihood =  -3336.710680495794
Lr derivatives =  [-9.200063174125379, -59.82795946998499, -19.99286092336812]
other derivatives =  [-16.20496596  -0.43466025  -7.49211176   5.10843847  -4.50072153
  15.00263443]
Current x_clock array =  [-0.70413006 -0.65123099 -0.64324469  0.66737255 -2.89329903 -0.81868776
 -0.15084237  0.         -0.46861583]
log likelihood =  -3333.4773194604422
Lr derivatives =  [-0.30893022695495986, -51.46341104688521, -13.820613777794883]
other derivatives =  [ -8.77949606  -1.67585404  54.65792447 -10.0686816   -1.46250634
   5.19833693]
Current x_clock array =  [-0.70524979 -0.6577317  -0.58724845  0.50096545 -2.91014375 -1.23903571
 -0.13419261  0.         -0.4164618 ]
log likelihood =  -3331.668751007691
Lr derivatives =  [10.989300255529827, -40.00252782117718, 1.2778990588526842]
other derivatives =  [  2.57851161   4.51140932 -16.83631126 -10.31589409  -1.30360453
   3.43849517]
Current x_clock array =  [-0.69760608 -0.65425548 -0.64813026  0.48548103 -2.93144696 -1.3689196
 -0.12680266  0.         -0.35951197]
log likelihood =  -3331.360795474665
Lr derivatives =  [6.435835447791847, -43.20081852102469, -0.921206516312342]
other derivatives =  [ 1.82077702  0.55043438 -5.10311429 -9.10846893 -2.69659413  3.66645637]
Current x_clock array =  [-0.69741618 -0.65776059 -0.63747728  0.50122567 -2.93256321 -1.35595206
 -0.13567029  0.         -0.36262942]
log likelihood =  -3330.9908133743816
Lr derivatives =  [0.9373815352768524, -46.39756196745705, -1.3029338010124967]
other derivatives =  [ 1.35764549 -2.49813093  5.52102983 -7.05669709 -4.00158426  3.58408176]
Current x_clock array =  [-0.69676683 -0.65998812 -0.62806471  0.52684569 -2.92475177 -1.37328918
 -0.15452308  0.         -0.35457309]
log likelihood =  -3330.550098785161
Lr derivatives =  [-4.820740091541259, -49.21511849486041, 0.11547025453072024]
other derivatives =  [ 0.44704802 -3.64421157 11.03850263 -4.2109009  -3.93700341  3.0095044 ]
Current x_clock array =  [-0.69630167 -0.65959697 -0.6234103   0.56167307 -2.89482626 -1.43673313
 -0.18455803  0.         -0.33656497]
log likelihood =  -3330.1387459992675
Lr derivatives =  [-5.292998710568613, -48.911620312521585, 1.4845162648120471]
other derivatives =  [-2.06239474 -1.7405464   8.41179417 -1.28555985 -1.51648267  1.99162415]
Current x_clock array =  [-0.69758318 -0.65689266 -0.62527196  0.59996158 -2.85387556 -1.53841086
 -0.19924152  0.         -0.32528242]
log likelihood =  -3329.921263316997
Lr derivatives =  [-2.7910134562849347, -47.451308698637064, -0.7046862636780631]
other derivatives =  [ 2.95513973 -6.01013835 -1.89505772  0.28942486  0.3001448   0.67647913]
Current x_clock array =  [-0.69395143 -0.66286921 -0.63379211  0.62334148 -2.83557121 -1.66753974
 -0.19402465  0.         -0.33001644]
log likelihood =  -3329.8865968625737
Lr derivatives =  [1.9600118121610528, -43.962813509726146, 1.1683758840254814]
other derivatives =  [-4.7702365   4.08395272 -1.41711416  0.36445681  1.46970362  0.18758993]
Current x_clock array =  [-0.70016015 -0.65242161 -0.63215862  0.62683903 -2.83229053 -1.73201615
 -0.18305914  0.         -0.32655131]
log likelihood =  -3329.8595405447604
Lr derivatives =  [0.6093092080179723, -44.94399040862319, 0.244117095271708]
other derivatives =  [ 0.57531179  0.59870945 -0.73999126 -0.12517921  0.94203673  0.18611245]
Current x_clock array =  [-0.69633107 -0.65624469 -0.63194435  0.62074101 -2.83648413 -1.73008182
 -0.18563291  0.         -0.32810326]
log likelihood =  -3329.855981584108
Lr derivatives =  [0.2896865383151326, -45.08669890333183, 0.06959529813165943]
other derivatives =  [ 0.22424183 -0.30724732 -0.49122673 -0.23663461  0.6630434   0.11977408]
Current x_clock array =  [-0.6965285  -0.65727469 -0.63170451  0.6188222  -2.83906318 -1.73943187
 -0.18576783  0.         -0.3279145 ]
log likelihood =  -3329.8534636362283
Lr derivatives =  [-0.016634702344351382, -45.141395137550305, -0.09090949513712587]
other derivatives =  [ 1.02930608  0.10218901  0.28009163 -0.24504243  0.1651841  -0.01794529]
Current x_clock array =  [-0.69596924 -0.65693933 -0.63093368  0.61811289 -2.84374946 -1.75890239
 -0.18573056  0.         -0.32728196]
log likelihood =  -3329.853222389321
Lr derivatives =  [-0.30860444387964137, -45.298023520350995, -0.20967286660830098]
other derivatives =  [-0.96422809 -0.28362001 -0.24209839 -0.06554455 -0.07796097 -0.02817474]
Current x_clock array =  [-0.6972189  -0.65730875 -0.63133548  0.6193128  -2.84539047 -1.75993272
 -0.18568848  0.         -0.32737227]
log likelihood =  -3329.8527744254243
Lr derivatives =  [-0.10303211004255175, -45.179105258546514, -0.09730521834600836]
other derivatives =  [-0.15462501  0.04377989 -0.02441448 -0.09648966  0.05539875 -0.01619161]
Current x_clock array =  [-0.69671776 -0.65698281 -0.63114955  0.61943952 -2.84450882 -1.75845256
 -0.18551171  0.         -0.32727949]
log likelihood =  -3329.8527129391023
Lr derivatives =  [-0.05769266643699922, -45.14673760591875, -0.05427363046337064]
other derivatives =  [-0.06838218  0.09240739 -0.01245462 -0.07691733  0.05589154 -0.01200291]
Current x_clock array =  [-0.69666093 -0.65694629 -0.63112802  0.61973152 -2.84463533 -1.75789232
 -0.18535314  0.         -0.32722352]
log likelihood =  -3329.852624579691
Lr derivatives =  [0.020912068307319842, -45.08596100150501, 0.0376764736121693]
other derivatives =  [ 0.01639592  0.07319022 -0.00063847 -0.01699846  0.02409954 -0.00183324]
Current x_clock array =  [-0.69659508 -0.65701325 -0.63108391  0.62051481 -2.8452629  -1.75648966
 -0.18490272  0.         -0.32710846]
log likelihood =  -3329.8526156207718
Lr derivatives =  [0.006101335673381669, -45.102307815500325, 0.009452712920353434]
other derivatives =  [ 9.70976544e-03  3.16194928e-02  1.27847670e-02  1.18961907e-03
  5.95504737e-03 -8.44231717e-05]
Current x_clock array =  [-0.69659196 -0.65706401 -0.63106682  0.62072155 -2.84545105 -1.75600648
 -0.18481372  0.         -0.32722392]
log likelihood =  -3329.8526148463775
Lr derivatives =  [0.00013037233274459936, -45.106596776038344, 0.0041460973246501]
other derivatives =  [ 0.00630553 -0.00382215 -0.01480885 -0.00041837 -0.00251685  0.00024655]
Current x_clock array =  [-0.69659154 -0.6571048  -0.63109209  0.62068387 -2.84554717 -1.75590668
 -0.18479471  0.         -0.32724214]
      fun: 3329.8526148463775
 hess_inv: <9x9 LbfgsInvHessProduct with dtype=float64>
      jac: array([ 6.30552677e-03, -3.82215148e-03, -1.48088475e-02, -4.18367563e-04,
       -2.51685023e-03,  2.46550390e-04,  1.30372333e-04, -4.51065968e+01,
        4.14609732e-03])
  message: 'CONVERGENCE: REL_REDUCTION_OF_F_<=_FACTR*EPSMCH'
     nfev: 27
      nit: 25
     njev: 27
   status: 0
  success: True
        x: array([-0.69659154, -0.6571048 , -0.63109209,  0.62068387, -2.84554717,
       -1.75590668, -0.18479471,  0.        , -0.32724214])
