number of sites to be analyzed:  1886
log likelihood =  -26368.28220869956
Lr derivatives =  [-1449.0823941332267, -2074.477801915192, -1919.6718059922039]
other derivatives =  [ 207.74187942 -228.73254784  274.70472924 -689.24049992 1986.71425096
  -62.10618085   -0.        ]
Current x_clock array =  [-0.65752212 -0.60717104 -0.72625983  0.18232156 -0.10536052 -0.10536052
  0.33647224 -0.51082562 -0.51082562 -0.51082562]
log likelihood =  -24550.224070347915
Lr derivatives =  [262.8188010858568, -1171.2699273055423, -1347.6323171585836]
other derivatives =  [-560.64196906  -57.14005238 -334.75200325 -387.50153544 1517.45570474
  -65.82753485   -0.        ]
Current x_clock array =  [-0.73811489 -0.60695489 -0.83283061  0.4497101  -0.87609966 -0.08126663
  0.33647224  0.05134104 -0.51062745 -0.51062745]
log likelihood =  -23148.39918538221
Lr derivatives =  [598.4930407119103, -372.26643550101437, -372.8802684953497]
other derivatives =  [2206.5336525   187.16542036  -42.01387492  -79.15669994  544.4045294
   29.91573274   -0.        ]
Current x_clock array =  [-0.51518472 -0.62384876 -0.73305736  0.78806146 -2.04347153 -0.03595317
  0.33647224  0.24590616 -0.35252421 -0.23779897]
log likelihood =  -23129.799324810738
Lr derivatives =  [-360.25733426770546, -574.0473514329698, 952.3414375481451]
other derivatives =  [-1738.00807534  -277.34896139   479.52675231   258.07938545
  -433.99805191   134.60851551    -0.        ]
Current x_clock array =  [-0.89429576 -0.68685212 -0.64859172  1.0236725  -2.93084879 -0.01358361
  0.33647224  0.20188728 -0.20807574 -0.01068201]
log likelihood =  -22783.77287885356
Lr derivatives =  [105.45602045772587, -403.9239307052686, -193.85115196062492]
other derivatives =  [-605.1683049   -35.89831977   14.80668652  123.42273112   10.05585145
   81.38763587   -0.        ]
Current x_clock array =  [-0.73907173 -0.64964541 -0.71704022  0.89219692 -2.50253552 -0.03704742
  0.33647224  0.18748368 -0.20168202 -0.15891084]
log likelihood =  -22716.081536636597
Lr derivatives =  [284.07482828073853, -219.05596380988703, 10.790906215907409]
other derivatives =  [301.81608599  48.16895307  38.70277214  50.25623977 119.95705147
  76.69344632  -0.        ]
Current x_clock array =  [-0.64645661 -0.64193707 -0.71408523  0.82836172 -2.38662083 -0.05799563
  0.33647224  0.09929432 -0.10502609 -0.10963562]
log likelihood =  -22676.425754778436
Lr derivatives =  [221.87539745898937, -163.9809268072736, 132.95755370238683]
other derivatives =  [285.34641388  19.02048825  49.62098319  45.97637235  89.58781005
  75.4400462   -0.        ]
Current x_clock array =  [-0.64647713 -0.64475134 -0.71340287  0.80088593 -2.38244565 -0.07618716
  0.33647224  0.01071676 -0.01806644 -0.08229458]
log likelihood =  -22653.287664481686
Lr derivatives =  [-31.776570437590202, -298.0240792718852, 16.955299534352918]
other derivatives =  [ 101.82335245   49.48582136 -109.07421165   73.60310337  -35.77078012
   68.92927922   -0.        ]
Current x_clock array =  [-0.65765608 -0.63388963 -0.7463654   0.76177446 -2.44955891 -0.13066501
  0.33647224 -0.08253937  0.         -0.10118897]
log likelihood =  -22647.995893286134
Lr derivatives =  [-55.67317772140055, -318.4506929225813, -13.026309595503193]
other derivatives =  [-25.60968642 -11.13274993   3.79153789  55.93741298 -10.99115028
  60.74071644  -0.        ]
Current x_clock array =  [-0.6699007  -0.64112977 -0.72763694  0.73056887 -2.41720212 -0.15391257
  0.33647224 -0.09624324  0.         -0.1059047 ]
log likelihood =  -22645.326428136286
Lr derivatives =  [-51.63454964343515, -319.0336435390005, -25.668551008257822]
other derivatives =  [-49.75813499 -12.74774331  26.33289478  33.54353612   9.91508789
  54.5091716   -0.        ]
Current x_clock array =  [-0.6727612  -0.64083885 -0.7244013   0.69769459 -2.39828848 -0.1837251
  0.33647224 -0.1024219   0.         -0.10825417]
log likelihood =  -22639.84720506028
Lr derivatives =  [-29.245791019613335, -308.69847909419013, -42.41913043617768]
other derivatives =  [-48.67495227 -60.28994176  18.91976717 -11.33739715  23.54437611
  44.27083331  -0.        ]
Current x_clock array =  [-0.67363686 -0.64918831 -0.72582287  0.62980104 -2.41098589 -0.27863778
  0.33647224 -0.0947314   0.         -0.11276567]
log likelihood =  -22641.427935707437
Lr derivatives =  [27.45853242520397, -268.72046619159937, -24.290884266772096]
other derivatives =  [-68.65559408 293.30381585 100.18244575 -67.97114838  18.42795644
  29.97040428  -0.        ]
Current x_clock array =  [-0.67890305 -0.60060676 -0.71131795  0.5411178  -2.4644668  -0.47590823
  0.33647224 -0.07352519  0.         -0.10814656]
log likelihood =  -22637.115165345953
Lr derivatives =  [-4.423853101574245, -291.2055140605408, -34.44546227431299]
other derivatives =  [-58.58416989  89.78656842  54.49644959 -37.19917731  21.22431631
  37.58937237  -0.        ]
Current x_clock array =  [-0.67597645 -0.62760517 -0.71937883  0.59040207 -2.43474565 -0.36627838
  0.33647224 -0.0853102   0.         -0.11071355]
log likelihood =  -22633.591359794525
Lr derivatives =  [8.711067160201374, -279.6097446397121, -24.499296326703046]
other derivatives =  [-11.80088293  26.38276783  15.91576074 -55.01935448   5.57610698
  32.93553527  -0.        ]
Current x_clock array =  [-0.67170653 -0.63887134 -0.72534676  0.55892213 -2.47921933 -0.46050985
  0.33647224 -0.06940069  0.         -0.10784411]
log likelihood =  -22630.862422946426
Lr derivatives =  [17.851984346597447, -267.43906523804765, 0.030101713961158794]
other derivatives =  [ 17.54330515   0.636599   -10.43665907 -54.61270848 -12.4883281
  29.14903598  -0.        ]
Current x_clock array =  [-0.66882436 -0.64441199 -0.72891186  0.55808975 -2.51989861 -0.55563903
  0.33647224 -0.05410458  0.         -0.10028695]
log likelihood =  -22626.956183856935
Lr derivatives =  [14.675258718785983, -261.03604173937066, 21.37318515033337]
other derivatives =  [ 59.27373059 -17.87049405 -20.51925549 -41.31544483 -28.0831389
  20.77895988  -0.        ]
Current x_clock array =  [-0.66410915 -0.64849111 -0.72975804  0.58119697 -2.55482266 -0.71754367
  0.33647224 -0.04257089  0.         -0.09060599]
log likelihood =  -22623.40984149357
Lr derivatives =  [35.96222414573876, -238.25565708477072, 51.79815723819246]
other derivatives =  [-15.33114119 -11.9750548  -82.66760415 -14.0421289  -14.17917739
   9.08729635  -0.        ]
Current x_clock array =  [-0.67040037 -0.64829464 -0.73854652  0.63548185 -2.55614294 -0.93442012
  0.33647224 -0.02822523  0.         -0.07853513]
log likelihood =  -22623.507852808223
Lr derivatives =  [-24.077899658504606, -274.1340730227414, -12.356430392837837]
other derivatives =  [177.2095311   -0.86254295  43.87828085  14.83726373 -15.79482159
  -2.35520554  -0.        ]
Current x_clock array =  [-0.65022543 -0.64526844 -0.71880607  0.68352294 -2.54091724 -1.15352171
  0.33647224 -0.05186825  0.         -0.08226768]
log likelihood =  -22621.965810614696
Lr derivatives =  [6.593357580551533, -255.8244350408932, 20.04248447742694]
other derivatives =  [ 77.61290908  -6.45448745 -21.02363578  -0.10493022 -14.7483135
   3.06215353  -0.        ]
Current x_clock array =  [-0.6605021  -0.64680992 -0.72886142  0.65905187 -2.54867288 -1.04191621
  0.33647224 -0.03982502  0.         -0.0803664 ]
log likelihood =  -22621.435262164603
Lr derivatives =  [1.0509260265329416, -260.0166945738406, 5.675644426201373]
other derivatives =  [17.0746207  -0.95892028 -6.44847751  1.82147414 -6.89220892  0.88387406
 -0.        ]
Current x_clock array =  [-0.6660741  -0.64528368 -0.72656465  0.6610496  -2.53573635 -1.06889498
  0.33647224 -0.04428677  0.         -0.08205974]
log likelihood =  -22621.37593416139
Lr derivatives =  [-0.40514428107139366, -261.58781590488604, -0.9201213371378572]
other derivatives =  [-2.18155037  0.24455221  1.59840056  0.97897282 -1.59054329  0.09819646
 -0.        ]
Current x_clock array =  [-0.66791624 -0.64476724 -0.72535599  0.65960975 -2.5276117  -1.07453908
  0.33647224 -0.04709811  0.         -0.08304649]
log likelihood =  -22621.373547572002
Lr derivatives =  [0.6200877092483736, -260.9608841189692, -0.3682151197032084]
other derivatives =  [-0.3760797   1.00613397  0.22731547  0.41141902  0.09329124  0.04065677
 -0.        ]
Current x_clock array =  [-0.66777386 -0.64461902 -0.72561474  0.65904702 -2.52549362 -1.07394223
  0.33647224 -0.04766798  0.         -0.08294699]
log likelihood =  -22621.37317612797
Lr derivatives =  [-0.0695806386052098, -261.3312007523844, -0.11812977919109358]
other derivatives =  [-0.40465602 -0.23704342  0.48148286 -0.02422894  0.07827541  0.01919073
 -0.        ]
Current x_clock array =  [-0.6677675  -0.64477704 -0.72560977  0.65817854 -2.52526226 -1.07429061
  0.33647224 -0.04813288  0.         -0.08285156]
log likelihood =  -22621.373132506484
Lr derivatives =  [-0.0644900477442647, -261.3069187468401, -0.10691316458736821]
other derivatives =  [-0.00760338  0.04011235 -0.06696791  0.01061926 -0.00378148  0.00857796
 -0.        ]
Current x_clock array =  [-0.66772745 -0.64473899 -0.7257016   0.65822618 -2.52538494 -1.07468871
  0.33647224 -0.04811681  0.         -0.08284188]
      fun: 22621.373132506484
 hess_inv: <10x10 LbfgsInvHessProduct with dtype=float64>
      jac: array([-7.60337571e-03,  4.01123543e-02, -6.69679139e-02,  1.06192601e-02,
       -3.78148068e-03,  8.57796139e-03, -0.00000000e+00, -6.44900477e-02,
       -2.61306919e+02, -1.06913165e-01])
  message: 'CONVERGENCE: REL_REDUCTION_OF_F_<=_FACTR*EPSMCH'
     nfev: 24
      nit: 21
     njev: 24
   status: 0
  success: True
        x: array([-0.66772745, -0.64473899, -0.7257016 ,  0.65822618, -2.52538494,
       -1.07468871,  0.33647224, -0.04811681,  0.        , -0.08284188])
