number of sites to be analyzed:  246
log likelihood =  -3138.1723987623136
Lr derivatives =  [-88.87138465058264, -213.8337574656974, -208.00057898775606]
other derivatives =  [ -5.1295774  -21.75211284  30.13103924 -70.14403172 212.86828223
  -4.03851072  -0.        ]
Current x_clock array =  [-0.66852067 -0.77178069 -0.49374061  0.18232156 -0.10536052 -0.10536052
  0.33647224 -0.51082562 -0.51082562 -0.51082562]
log likelihood =  -2958.5848561803286
Lr derivatives =  [21.176933477827347, -154.38194069647483, -158.31324008983879]
other derivatives =  [  -4.71666726    4.2052734  -115.94677972  -29.35685052  144.72152952
   -1.85546196   -0.        ]
Current x_clock array =  [-0.66597548 -0.7688106  -0.61772844  0.47096099 -0.98130362 -0.08874223
  0.33647224 -0.145124   -0.5087236  -0.5087236 ]
log likelihood =  -2966.122525356667
Lr derivatives =  [113.74874808037264, 37.78293479625799, -75.76600182801485]
other derivatives =  [ -13.40892368   42.20326309 1902.9190621     5.22772325   32.50497243
   17.39469189   -0.        ]
Current x_clock array =  [-0.65021933 -0.84023796 -0.10673694  0.85563795 -2.44132528 -0.06572536
  0.33647224  0.03521114  0.          0.        ]
log likelihood =  -2812.6586516701736
Lr derivatives =  [73.02596233794492, -48.74780704747549, -11.878358820276933]
other derivatives =  [ 29.61851033  21.08628723 151.20384842 -11.46472505  85.41420426
   5.79288826  -0.        ]
Current x_clock array =  [-0.65757101 -0.80691061 -0.3451609   0.6761512  -1.76009252 -0.07646482
  0.33647224 -0.04893159 -0.23736578 -0.23736578]
log likelihood =  -2783.0225786640076
Lr derivatives =  [-0.09949736691848443, -52.13346334510307, 48.439105821205835]
other derivatives =  [ -62.25583547  -10.29404939 -129.88155049   23.05103817  -23.01320283
   16.42387178   -0.        ]
Current x_clock array =  [-0.71570201 -0.88976203 -0.48642739  0.88565497 -2.61102921 -0.07752051
  0.33647224 -0.08098208 -0.09290383 -0.16294711]
log likelihood =  -2767.363725399706
Lr derivatives =  [12.118070380216702, -42.44934479728025, 30.025679561572886]
other derivatives =  [ 15.24035542  -2.40422742 -16.15010797  12.02071371  -5.09073116
  14.88727594  -0.        ]
Current x_clock array =  [-0.65956987 -0.87676105 -0.40916664  0.82922412 -2.47877291 -0.09706575
  0.33647224 -0.12140996 -0.01927866 -0.19976075]
log likelihood =  -2764.5009743840137
Lr derivatives =  [10.19302428155774, -46.69482477300014, 8.754145313975396]
other derivatives =  [ 7.18925457 -1.92674634 14.30403108  8.32450405  4.87082771 12.41186783
 -0.        ]
Current x_clock array =  [-0.66782967 -0.86880859 -0.39455448  0.78651507 -2.3781226  -0.11682826
  0.33647224 -0.15774024  0.         -0.23921309]
log likelihood =  -2763.774301849276
Lr derivatives =  [2.568228323541341, -54.036023330301155, -4.484474805255466]
other derivatives =  [ 4.27420309 -0.37680411  3.82867711  7.52924734  4.48407841 11.07743537
 -0.        ]
Current x_clock array =  [-0.66915353 -0.86183109 -0.40302357  0.76087751 -2.36241225 -0.14331194
  0.33647224 -0.18078939  0.         -0.26152372]
log likelihood =  -2763.0870217301617
Lr derivatives =  [-5.546676299883853, -59.98895409111725, -10.659638202530505]
other derivatives =  [-5.82591292  0.66065331 -0.5817592   5.98697352  2.07086051  9.87715748
 -0.        ]
Current x_clock array =  [-0.67640216 -0.85630826 -0.40717684  0.72474801 -2.36989637 -0.19044275
  0.33647224 -0.20389527  0.         -0.26695624]
log likelihood =  -2762.098490579967
Lr derivatives =  [-12.30942692362505, -64.32122969725567, -12.757171851860882]
other derivatives =  [-4.74360195  2.15548471 -8.66666051  1.73410672 -0.72670295  8.18637091
 -0.        ]
Current x_clock array =  [-0.67446494 -0.85018571 -0.41606754  0.6535012  -2.38552097 -0.28963817
  0.33647224 -0.23044573  0.         -0.25964587]
log likelihood =  -2761.030364003479
Lr derivatives =  [-11.224999463160412, -61.6251630715893, -3.3857625186226024]
other derivatives =  [-22.65199146  -0.86684713 -10.04522483  -3.77276092  -2.4568019
   6.55083568  -0.        ]
Current x_clock array =  [-0.68942003 -0.85577323 -0.41717454  0.57507433 -2.42531764 -0.44791529
  0.33647224 -0.22517778  0.         -0.23502299]
log likelihood =  -2760.146476435133
Lr derivatives =  [-7.008912203104934, -57.670334713931254, 1.990204345128138]
other derivatives =  [ 4.19585467 -0.30889714 -7.91052071 -8.35687388 -4.33886319  5.30388115
 -0.        ]
Current x_clock array =  [-0.66907436 -0.86009489 -0.41675823  0.52213737 -2.47766263 -0.61672644
  0.33647224 -0.20486657  0.         -0.22407138]
log likelihood =  -2759.6367092728633
Lr derivatives =  [-0.3387348638730394, -52.71141835988563, 5.735599208393289]
other derivatives =  [ 5.0031781  -0.36697384 -1.05685967 -9.14921156 -2.97702502  4.83249869
 -0.        ]
Current x_clock array =  [-0.67001535 -0.86478578 -0.40963223  0.524665   -2.49953531 -0.70017794
  0.33647224 -0.17315776  0.         -0.22251887]
log likelihood =  -2758.9459896932794
Lr derivatives =  [7.734111586080388, -47.09171995152272, 5.7422570126445684]
other derivatives =  [ 5.04223999 -0.91307038  9.12820133 -8.50648757 -0.78597575  3.93083565
 -0.        ]
Current x_clock array =  [-0.67173749 -0.87301104 -0.39862638  0.5584124  -2.53217386 -0.8441969
  0.33647224 -0.12246241  0.         -0.23205627]
log likelihood =  -2758.3469625327643
Lr derivatives =  [10.729203291438562, -44.922958043268125, 2.911448653379354]
other derivatives =  [ 3.47268406 -0.28668637  7.83855739 -6.45593263  0.184166    2.87975672
 -0.        ]
Current x_clock array =  [-0.67292233 -0.87613698 -0.3962402   0.60254441 -2.55283829 -0.99907657
  0.33647224 -0.09244898  0.         -0.24244489]
log likelihood =  -2757.7992471144607
Lr derivatives =  [-0.8999284304802373, -49.036007507805856, 4.0137329564395365]
other derivatives =  [ 2.44969306 -6.53314464 33.27529248  0.13722729 -3.71934871  1.15963116
 -0.        ]
Current x_clock array =  [-0.67012504 -0.89131431 -0.37783213  0.708003   -2.58095348 -1.34660029
  0.33647224 -0.10675823  0.         -0.2260968 ]
log likelihood =  -2757.3195325877114
Lr derivatives =  [3.506970871211383, -46.243359002556204, 3.8543195350341932]
other derivatives =  [-1.0100548  -2.48003516 -9.1711313   2.23617735 -1.64105868  0.59554979
 -0.        ]
Current x_clock array =  [-0.67054056 -0.88253166 -0.40320143  0.72488267 -2.55578188 -1.46691598
  0.33647224 -0.10383025  0.         -0.22543655]
log likelihood =  -2757.2131419944667
Lr derivatives =  [1.1079249018013293, -48.41725622777871, 0.6464500535009918]
other derivatives =  [ 0.14422403 -0.92462369 -3.86832289  0.97170687 -1.9039456   0.5031559
 -0.        ]
Current x_clock array =  [-0.66992229 -0.87766867 -0.40137035  0.70282934 -2.54753855 -1.46217973
  0.33647224 -0.11687875  0.         -0.22909204]
log likelihood =  -2757.163585363267
Lr derivatives =  [-1.0182157989162128, -50.069715258678684, -1.5795175514163091]
other derivatives =  [-0.59074     0.78141875 -1.11209192  0.27371198 -1.68434316  0.2824633
 -0.        ]
Current x_clock array =  [-0.67037721 -0.8723689  -0.40101353  0.68843281 -2.53369347 -1.49815332
  0.33647224 -0.13099431  0.         -0.22961861]
log likelihood =  -2757.1430613241737
Lr derivatives =  [-0.9041332245788212, -49.88629601267118, -1.3178829063870197]
other derivatives =  [ 0.10868007  0.81129247  0.08205097  0.11453994 -0.76466605  0.15800552
 -0.        ]
Current x_clock array =  [-0.66964317 -0.87165878 -0.40088712  0.68651501 -2.52161138 -1.5313111
  0.33647224 -0.13624859  0.         -0.2272388 ]
log likelihood =  -2757.1342344100103
Lr derivatives =  [-0.6112275330522685, -49.350242889112835, -0.3375500470597892]
other derivatives =  [-0.20981042 -0.4754238   0.01012631 -0.06689743 -0.1595662   0.01631326
 -0.        ]
Current x_clock array =  [-0.66961388 -0.8739128  -0.40122053  0.68455592 -2.51554486 -1.58184742
  0.33647224 -0.13858287  0.         -0.22361694]
log likelihood =  -2757.1347478775006
Lr derivatives =  [0.4469863600591104, -48.57108350788161, 0.3158504018642425]
other derivatives =  [ 0.23558277  0.86261844  0.10300209  0.14641     0.32004566 -0.00333301
 -0.        ]
Current x_clock array =  [-0.66938423 -0.87169433 -0.40100629  0.68920123 -2.51341227 -1.59195363
  0.33647224 -0.13599778  0.         -0.22290148]
log likelihood =  -2757.133412447428
Lr derivatives =  [-0.14601294571088275, -49.00772228054478, -0.050337098691151994]
other derivatives =  [-0.01397666  0.11178327  0.05046013  0.02710431  0.05104563  0.00764443
 -0.        ]
Current x_clock array =  [-0.66951291 -0.87293742 -0.40112634  0.68659828 -2.51460724 -1.58629072
  0.33647224 -0.13744631  0.         -0.22330238]
log likelihood =  -2757.1332761654817
Lr derivatives =  [-0.03992415694039053, -48.92066383119055, 0.0010580324451332501]
other derivatives =  [ 0.09542828 -0.01878379  0.02952038  0.02192655  0.03418059  0.00598335
 -0.        ]
Current x_clock array =  [-0.66944038 -0.87331596 -0.40107433  0.68688715 -2.51560858 -1.58798929
  0.33647224 -0.13660971  0.         -0.22335129]
log likelihood =  -2757.1332758133663
Lr derivatives =  [0.022185123326725176, -48.867567992104824, 0.03577130806954898]
other derivatives =  [-0.26025418 -0.04881304  0.01538319  0.01697936  0.01666661  0.00328003
 -0.        ]
Current x_clock array =  [-0.6697425  -0.87342658 -0.40101798  0.68691842 -2.51635314 -1.58924651
  0.33647224 -0.13601089  0.         -0.22339566]
log likelihood =  -2757.1332557488468
Lr derivatives =  [-0.008720457424164607, -48.89399425237255, 0.01849305860465833]
other derivatives =  [-0.08321376 -0.0338614   0.02240722  0.01944591  0.02538343  0.00462528
 -0.        ]
Current x_clock array =  [-0.66959208 -0.8733715  -0.40104604  0.68690285 -2.51598244 -1.58862057
  0.33647224 -0.13630903  0.         -0.22337357]
log likelihood =  -2757.133243785907
Lr derivatives =  [0.011033852051827608, -48.87987673389404, 0.00426279534888252]
other derivatives =  [-0.00833188 -0.033996    0.00574255  0.00838145  0.01386262  0.0023637
 -0.        ]
Current x_clock array =  [-0.66953899 -0.87340233 -0.40104823  0.68682321 -2.51628547 -1.5895086
  0.33647224 -0.13612109  0.         -0.22342698]
log likelihood =  -2757.1332405323283
Lr derivatives =  [0.0056387059409388485, -48.88061653449553, 0.0027678174119145638]
other derivatives =  [ 0.00618911 -0.01302988  0.00021191  0.00256023  0.00279238  0.00066719
 -0.        ]
Current x_clock array =  [-0.66952877 -0.87336541 -0.4010531   0.686728   -2.51639989 -1.59013236
  0.33647224 -0.1361184   0.         -0.22341653]
      fun: 2757.1332405323283
 hess_inv: <10x10 LbfgsInvHessProduct with dtype=float64>
      jac: array([ 6.18911145e-03, -1.30298758e-02,  2.11912266e-04,  2.56022759e-03,
        2.79238451e-03,  6.67193247e-04, -0.00000000e+00,  5.63870594e-03,
       -4.88806165e+01,  2.76781741e-03])
  message: 'CONVERGENCE: REL_REDUCTION_OF_F_<=_FACTR*EPSMCH'
     nfev: 28
      nit: 24
     njev: 28
   status: 0
  success: True
        x: array([-0.66952877, -0.87336541, -0.4010531 ,  0.686728  , -2.51639989,
       -1.59013236,  0.33647224, -0.1361184 ,  0.        , -0.22341653])
