number of sites to be analyzed:  724
log likelihood =  -12053.46018791774
Lr derivatives =  [-1223.7983863371778, -1168.6848924710982, -1157.363723326]
other derivatives =  [ -12.29924965  -95.5140822    87.57045725 -123.9716039   490.67673353
  -27.48597763   -0.        ]
Current x_clock array =  [-0.62241243 -0.78773696 -0.53808844  0.18232156 -0.10536052 -0.10536052
  0.33647224 -0.51082562 -0.51082562 -0.51082562]
log likelihood =  -11308.032834552545
Lr derivatives =  [119.01864834108912, -434.78952104651364, -708.3627360891921]
other derivatives =  [  29.09274917  -42.91039659 -144.89259229  -85.05722508  473.63167687
  -47.94433698   -0.        ]
Current x_clock array =  [-0.62198123 -0.78718122 -0.60405518  0.27570924 -0.47498682 -0.08465536
  0.33647224  0.4110605  -0.51044082 -0.51044082]
log likelihood =  -10955.731497138595
Lr derivatives =  [214.56231265692116, -158.0982134361593, -324.28433879181637]
other derivatives =  [-32.45118205  11.82835331  93.93529581 -64.37719094 381.60887198
 -25.5121231   -0.        ]
Current x_clock array =  [-0.63716116 -0.76772136 -0.52322683  0.30931268 -0.67786537 -0.0623672
  0.33647224  0.25372875 -0.317916   -0.17807323]
log likelihood =  -10763.407507110562
Lr derivatives =  [-34.24616605502077, -73.66894610724958, 55.640339269302785]
other derivatives =  [ 126.40507521    6.05368768 -201.05248041    9.40376776  139.26646067
    4.63382275   -0.        ]
Current x_clock array =  [-0.60279805 -0.77557411 -0.61870564  0.38207119 -1.10888814 -0.03286043
  0.33647224  0.01136727 -0.08923206  0.        ]
log likelihood =  -10741.508484428081
Lr derivatives =  [-121.78556325437822, -54.03884334320031, -70.6726137829658]
other derivatives =  [-304.5276917    -5.41173722   84.59502533   31.71904063  -25.28378941
   21.53874448   -0.        ]
Current x_clock array =  [-0.69060911 -0.78992312 -0.51010687  0.41662769 -1.45901151 -0.02172456
  0.33647224  0.01596615  0.         -0.04136541]
log likelihood =  -10726.912166608563
Lr derivatives =  [-17.431907503203092, 10.110027571567908, -39.190994930174355]
other derivatives =  [98.25989946 16.24770812 36.05827624 28.37775173  0.48660995 21.65459955
 -0.        ]
Current x_clock array =  [-0.60897919 -0.7896273  -0.52530278  0.41083189 -1.4703384  -0.02662118
  0.33647224  0.07487236  0.         -0.03699452]
log likelihood =  -10725.115152547362
Lr derivatives =  [-1.3083265369469999, 15.876324456026822, -20.62396508091647]
other derivatives =  [-3.01808359  8.95576159  1.62271135 24.92221938  9.40941433 21.27403241
 -0.        ]
Current x_clock array =  [-0.62790127 -0.79183312 -0.53483244  0.40507974 -1.45654561 -0.03061978
  0.33647224  0.0843448  -0.00798153 -0.02579796]
log likelihood =  -10724.580967678523
Lr derivatives =  [4.719055088588835, 18.66088013460609, -2.6495619579373866]
other derivatives =  [-11.21955211   3.32582204  -0.35077028  22.05479905  10.70451952
  21.80295814  -0.        ]
Current x_clock array =  [-0.62946437 -0.79445951 -0.53545187  0.3974393  -1.45836855 -0.03697316
  0.33647224  0.08943023 -0.01303465 -0.0159645 ]
log likelihood =  -10723.246407528226
Lr derivatives =  [9.036106814952515, 9.800080160942887, -9.430914360564202]
other derivatives =  [-15.37379103  -6.0244729   -7.30659303  12.96902701   8.05066958
  22.583592    -0.        ]
Current x_clock array =  [-0.62986694 -0.79927589 -0.53769079  0.36751915 -1.47555784 -0.06629055
  0.33647224  0.10491876 -0.03392038  0.        ]
log likelihood =  -10721.643161075184
Lr derivatives =  [5.630604734806692, 2.2238994074508325, -3.8571670302189887]
other derivatives =  [-17.49766125   2.20820948   1.32327841   2.44963303   2.55477749
  21.33235103  -0.        ]
Current x_clock array =  [-0.62990102 -0.79605468 -0.53538209  0.33064348 -1.50079411 -0.11992649
  0.33647224  0.11214358 -0.0420271   0.        ]
log likelihood =  -10719.633083542987
Lr derivatives =  [4.4292043995801365, -2.449309629908578, -0.8138158591464162]
other derivatives =  [ 2.69738557e+01 -4.23216406e+01 -2.90753251e+01 -2.42219430e+01
 -3.59926738e-03  1.48639683e+01 -0.00000000e+00]
Current x_clock array =  [-0.62000231 -0.81791597 -0.54516264  0.23874959 -1.55656326 -0.32312504
  0.33647224  0.12885297 -0.05264717  0.        ]
log likelihood =  -10718.333366328432
Lr derivatives =  [-0.18707286671296686, -8.516414736126956, 4.58512658951804]
other derivatives =  [-4.56169982e+00  2.53749931e+00 -1.67674443e-02 -2.54506685e+01
 -5.48910255e+00  1.31742454e+01 -0.00000000e+00]
Current x_clock array =  [-0.62613886 -0.79770321 -0.53610373  0.23233568 -1.57376593 -0.38993688
  0.33647224  0.13287337 -0.0577012   0.        ]
log likelihood =  -10717.5073113646
Lr derivatives =  [-2.13276407545915, -5.869867813743357, -21.475118501909257]
other derivatives =  [ -7.19020682  19.39507274  10.47206206 -22.86304516  -6.15812099
  10.61335206  -0.        ]
Current x_clock array =  [-0.6268038  -0.79072501 -0.53248616  0.2412243  -1.58111676 -0.45639433
  0.33647224  0.13050825 -0.05081077 -0.00904375]
log likelihood =  -10715.473828599814
Lr derivatives =  [-3.0327462567673678, 3.9817161552873754, -0.6351910997182131]
other derivatives =  [-22.53208368  59.22515811  37.51046825  -2.12545274  -5.25026373
   4.35778929  -0.        ]
Current x_clock array =  [-0.63056767 -0.77599184 -0.52247881  0.3139427  -1.59073893 -0.71619437
  0.33647224  0.12981947 -0.04684379  0.        ]
log likelihood =  -10714.273976741846
Lr derivatives =  [-12.528210796336626, -6.089593173908669, 9.134964784607291]
other derivatives =  [-18.62347381  21.03628685  19.0976898   -0.79349229  -4.64276924
   2.04753087  -0.        ]
Current x_clock array =  [-0.62902738 -0.79266383 -0.52724566  0.320086   -1.59526208 -0.83468736
  0.33647224  0.13156268 -0.05551917  0.        ]
log likelihood =  -10714.184350642616
Lr derivatives =  [-0.19073573273961486, 2.248758275952295, -42.97904394099544]
other derivatives =  [ 4.49092295 -2.8299437  -4.83396434 -0.78818084  2.3598109  -0.44770968
 -0.        ]
Current x_clock array =  [-0.62445985 -0.80481787 -0.5333877   0.32448448 -1.60125365 -0.94527616
  0.33647224  0.14163555 -0.05452957 -0.00831593]
log likelihood =  -10713.919750029796
Lr derivatives =  [3.5785527001285047, 3.101739636551707, -3.3263859222643077]
other derivatives =  [ 4.88788828 -1.96456858 -4.7355079  -0.84756903  3.08352581 -0.26581802
 -0.        ]
Current x_clock array =  [-0.62446358 -0.8047465  -0.53330172  0.32477969 -1.60285161 -0.95823483
  0.33647224  0.14636303 -0.0596348   0.        ]
log likelihood =  -10713.907581197596
Lr derivatives =  [-0.785213728413872, 0.16483560056006608, 0.2826709533110261]
other derivatives =  [-1.41750388  1.0641379   0.4194444  -0.55643613  0.89742608 -0.09143878
 -0.        ]
Current x_clock array =  [-0.62561473 -0.80315493 -0.53185746  0.32472197 -1.60399637 -0.9533268
  0.33647224  0.14426386 -0.05981574  0.        ]
log likelihood =  -10713.906412896888
Lr derivatives =  [-0.4210979123267151, 0.16568358668304006, 0.11041265679523349]
other derivatives =  [ 0.0619948   0.3330897  -0.00376349 -0.48959373  1.00493088 -0.1449589
 -0.        ]
Current x_clock array =  [-0.62532918 -0.80356771 -0.53194757  0.32504674 -1.60452054 -0.95727775
  0.33647224  0.14492418 -0.06022744  0.        ]
log likelihood =  -10713.90628839849
Lr derivatives =  [-0.26429418664195836, 0.03107517607217819, -19.252456622488268]
other derivatives =  [ 0.32049866 -0.05101901 -0.23255416 -0.36759775  0.84215158 -0.15516707
 -0.        ]
Current x_clock array =  [-6.25274586e-01 -8.03821639e-01 -5.31970079e-01  3.25428935e-01
 -1.60542713e+00 -9.59434554e-01  3.36472237e-01  1.45616074e-01
 -6.06013998e-02 -4.46652497e-05]
log likelihood =  -10713.9080256561
Lr derivatives =  [0.7717733819742953, -0.6174720515678986, -0.034924596548080444]
other derivatives =  [ 1.24274811 -1.81635369 -1.38043833  0.32223761 -0.12381953 -0.15232217
 -0.        ]
Current x_clock array =  [-0.62507851 -0.80506948 -0.53205984  0.32755336 -1.61052129 -0.96873819
  0.33647224  0.14961857 -0.06273618  0.        ]
log likelihood =  -10713.905253755407
Lr derivatives =  [0.1418045795734919, -0.22040239655644267, -19.323610059647823]
other derivatives =  [ 0.67921246 -0.73691263 -0.67890687 -0.09916039  0.46613181 -0.15404476
 -0.        ]
Current x_clock array =  [-6.25198379e-01 -8.04306631e-01 -5.32004965e-01  3.26254622e-01
 -1.60740705e+00 -9.63050540e-01  3.36472237e-01  1.47171700e-01
 -6.14311131e-02 -2.73054920e-05]
log likelihood =  -10713.904653529033
Lr derivatives =  [-0.24112639919028211, -0.22512893704776066, 0.23283064365386963]
other derivatives =  [ 2.64742994  0.25664121  1.12447378 -0.03108289 -0.09639627 -0.03819332
 -0.        ]
Current x_clock array =  [-0.62483891 -0.80389331 -0.53149884  0.32619625 -1.60824507 -0.9581207
  0.33647224  0.14701542 -0.06108585  0.        ]
log likelihood =  -10713.904159629272
Lr derivatives =  [-0.028158626459582337, -0.23552914160379573, 0.1380612957291305]
other derivatives =  [ 0.88592424 -0.37349309 -0.13314093 -0.11450902  0.23955102 -0.09772702
 -0.        ]
Current x_clock array =  [-0.62516239 -0.80414028 -0.53185694  0.32608289 -1.60766695 -0.9603753
  0.33647224  0.14706727 -0.06127952  0.        ]
log likelihood =  -10713.905040695485
Lr derivatives =  [-0.007659982391288622, -0.06528413736699827, -18.99204388184604]
other derivatives =  [-0.47234244  0.26608541  0.14863326 -0.1064036  -0.06190443  0.00805267
 -0.        ]
Current x_clock array =  [-6.25430008e-01 -8.03844675e-01 -5.31771579e-01  3.25949472e-01
 -1.60803029e+00 -9.54664277e-01  3.36472237e-01  1.47071950e-01
 -6.09393020e-02 -6.73335690e-05]
log likelihood =  -10713.904218232688
Lr derivatives =  [-0.02455732217389084, -0.20385171851134787, -19.07454007504246]
other derivatives =  [ 0.63176776 -0.2539382  -0.08044117 -0.11298653  0.18315198 -0.0780019
 -0.        ]
Current x_clock array =  [-6.25212443e-01 -8.04084995e-01 -5.31840973e-01  3.26057940e-01
 -1.60773491e+00 -9.59307188e-01  3.36472237e-01  1.47068149e-01
 -6.12158893e-02 -1.25931071e-05]
log likelihood =  -10713.904165833344
Lr derivatives =  [-0.027485455331888176, -0.2278187683710826, -19.08863639196784]
other derivatives =  [ 0.82268161 -0.34378718 -0.12000601 -0.1141143   0.22543272 -0.09281212
 -0.        ]
Current x_clock array =  [-6.25174839e-01 -8.04126531e-01 -5.31852967e-01  3.26076688e-01
 -1.60768385e+00 -9.60109652e-01  3.36472237e-01  1.47067492e-01
 -6.12636936e-02 -3.13197175e-06]
log likelihood =  -10713.904157459052
Lr derivatives =  [-0.028164501527790264, -0.23337489612373036, -19.0918969989677]
other derivatives =  [ 0.86693763 -0.36461461 -0.12917735 -0.1143726   0.23523268 -0.09624091
 -0.        ]
Current x_clock array =  [-6.25166123e-01 -8.04136159e-01 -5.31855747e-01  3.26081033e-01
 -1.60767202e+00 -9.60295657e-01  3.36472237e-01  1.47067340e-01
 -6.12747742e-02 -9.38950310e-07]
      fun: 10713.904157459052
 hess_inv: <10x10 LbfgsInvHessProduct with dtype=float64>
      jac: array([  0.86693763,  -0.36461461,  -0.12917735,  -0.1143726 ,
         0.23523268,  -0.09624091,  -0.        ,  -0.0281645 ,
        -0.2333749 , -19.091897  ])
  message: 'CONVERGENCE: REL_REDUCTION_OF_F_<=_FACTR*EPSMCH'
     nfev: 28
      nit: 23
     njev: 28
   status: 0
  success: True
        x: array([-6.25166123e-01, -8.04136159e-01, -5.31855747e-01,  3.26081033e-01,
       -1.60767202e+00, -9.60295657e-01,  3.36472237e-01,  1.47067340e-01,
       -6.12747742e-02, -9.38950310e-07])
