number of sites to be analyzed:  304
log likelihood =  -4834.907969635495
Lr derivatives =  [-335.1428373209534, -370.99431101425796, -188.8048798610505]
other derivatives =  [-39.70595117 -51.09674748 -12.25179949 -80.3052144  224.33591948
  32.93288864  84.78377458]
Current x_clock array =  [-0.66759914 -0.6970024  -0.59094338  0.18232156 -0.10536052 -0.10536052
  0.33647224 -0.51082562 -0.51082562 -0.51082562]
log likelihood =  -4582.0230143277895
Lr derivatives =  [91.28785693897277, -123.428417224523, -51.63125074803668]
other derivatives =  [-20.1463381  -29.31783365 -49.82415157 -49.16336729 194.84150926
  67.55792492 152.38001197]
Current x_clock array =  [-0.66613269 -0.69546614 -0.58965894  0.37300051 -0.63803002 -0.18355729
  0.13515926  0.28494694 -0.50961271 -0.50961271]
log likelihood =  -4447.8708906007505
Lr derivatives =  [118.10024091359651, -83.44352207096645, -32.32479075630398]
other derivatives =  [ 29.30062328  20.80503236  23.46581095 -23.2726934  146.31534564
  52.11949519 112.70796858]
Current x_clock array =  [-0.64538637 -0.66366835 -0.5151674   0.51676319 -1.12890257 -0.3160918
 -0.17259825  0.42468894 -0.42228306 -0.48224886]
log likelihood =  -4467.099067152925
Lr derivatives =  [-130.90439918221634, -96.63324605126131, -11.9754723403545]
other derivatives =  [-406.42470958 -157.19493058 -317.02038177   74.53563649 -139.71203333
   34.6064553    31.37317405]
Current x_clock array =  [-0.94953734 -0.9077588  -0.82488922  0.85294183 -2.69822727 -0.75024109
 -1.13627425  0.44090509  0.         -0.28145067]
log likelihood =  -4350.369417821688
Lr derivatives =  [10.945310154791112, -81.32374787355731, -25.432977876984012]
other derivatives =  [-213.37761063  -74.95014142 -177.06701328   23.90115424   16.96876509
   40.27474461   65.53234925]
Current x_clock array =  [-0.78572161 -0.77629167 -0.65807303  0.671876   -1.85298891 -0.51640826
 -0.61723831  0.43217107 -0.22744168 -0.38960058]
log likelihood =  -4295.119567433969
Lr derivatives =  [-35.28459092740439, -45.573855285059665, 3.3886939888836274]
other derivatives =  [162.79928241 -42.44151478  15.56617553  31.59289463 -50.70561527
  33.11860019  38.73333844]
Current x_clock array =  [-0.57830942 -0.7467725  -0.50499991  0.71973804 -2.28506219 -0.68966999
 -0.96614072  0.37308328  0.         -0.30437672]
log likelihood =  -4283.56293209292
Lr derivatives =  [-17.904118150225912, -37.43437845262564, 4.0297472604758084]
other derivatives =  [-24.16028838  -5.27575321  30.2094013   26.86929292 -32.31410864
  30.05027975  37.06028474]
Current x_clock array =  [-0.66784802 -0.70743354 -0.4960207   0.69185395 -2.21965759 -0.70452911
 -0.97539746  0.39727302  0.         -0.31248164]
log likelihood =  -4280.137794093568
Lr derivatives =  [-1.9463460532128867, -30.08438138747924, 4.813363608905387]
other derivatives =  [-24.22833768   8.93984998   9.28394184  21.19464079 -18.20283988
  26.60213158  34.51801695]
Current x_clock array =  [-0.66980432 -0.69462284 -0.50950536  0.6649779  -2.17718684 -0.72537478
 -0.99674502  0.4111578   0.         -0.3162311 ]
log likelihood =  -4272.699798537144
Lr derivatives =  [28.207544024909627, -13.771253169320037, 2.1421772920688906]
other derivatives =  [-16.77590535  12.51993126   7.28801297   5.94896665  10.56169887
  13.90666785  21.73522571]
Current x_clock array =  [-0.67034749 -0.69464814 -0.51260646  0.58214466 -2.13205862 -0.84098904
 -1.15277614  0.45359493  0.         -0.31813867]
log likelihood =  -4267.862685329431
Lr derivatives =  [21.32434789197031, -12.863805656575519, -5.477030617538563]
other derivatives =  [ 4.48883111e+00  2.66483785e+01 -3.23494160e+01 -3.02252374e-02
  5.45017245e+00  5.93827190e+00  1.09968198e+01]
Current x_clock array =  [-0.66011684 -0.68366124 -0.53692588  0.52134852 -2.20172973 -0.98155454
 -1.36606656  0.46366699  0.         -0.29362747]
log likelihood =  -4264.802593456392
Lr derivatives =  [14.99754977134023, -6.338312974261919, -4.490379638420335]
other derivatives =  [  1.63903496 -10.00345492  12.86479164  -6.45093587   2.0054244
   1.3126826    4.3731879 ]
Current x_clock array =  [-0.66159145 -0.7182402  -0.50975911  0.4562009  -2.25446635 -1.1322746
 -1.59523924  0.46169242  0.         -0.24299882]
log likelihood =  -4264.11119087257
Lr derivatives =  [5.989761639764183, -7.146067380483846, -2.315832095132815]
other derivatives =  [ 2.52909558 -2.15954788  3.34697688 -6.28244561 -5.38057578  0.84109709
  3.24055219]
Current x_clock array =  [-0.66048335 -0.70968778 -0.51573545  0.44452315 -2.27026102 -1.18036731
 -1.67109417  0.4374712   0.         -0.21376908]
log likelihood =  -4263.611082400832
Lr derivatives =  [2.1167232517864605, -5.077076701209927, 2.4847031710975447]
other derivatives =  [ 1.37324787 -0.06107075 -3.99391502 -5.98764018 -6.83466929  0.21962741
  2.62955674]
Current x_clock array =  [-0.6604792  -0.7060716  -0.52108466  0.44252839 -2.24463162 -1.22002848
 -1.73367636  0.40078944  0.         -0.18309659]
log likelihood =  -4263.093537537827
Lr derivatives =  [-6.8034007049505085, -7.880492574881677, -0.5926550752573903]
other derivatives =  [-2.9316343   8.58702879  1.59214687 -3.140648   -6.45695502 -1.47086821
  1.90179702]
Current x_clock array =  [-0.66099749 -0.69434374 -0.51934811  0.46329452 -2.16758155 -1.25690445
 -1.79975214  0.33076256  0.         -0.16732111]
log likelihood =  -4262.965969034211
Lr derivatives =  [-3.4088560424442917, -4.4794086645735565, 2.4762071787333158]
other derivatives =  [ -1.3485369   -7.91439652 -12.22645642  -0.97208795  -0.79393505
  -1.95113099   1.78397764]
Current x_clock array =  [-0.65965667 -0.70909873 -0.52863198  0.4895432  -2.12115984 -1.26223889
 -1.83056813  0.31311789  0.         -0.1563447 ]
log likelihood =  -4262.855987662523
Lr derivatives =  [-0.8127339120951973, -4.004027815225322, 0.5654857683469805]
other derivatives =  [ 0.85160264 -1.42359931 -2.00395425 -1.30664375  0.35107297 -2.00665843
  1.72425457]
Current x_clock array =  [-0.65902702 -0.70359438 -0.52190911  0.49043023 -2.12712503 -1.25325772
 -1.82054643  0.32415424  0.         -0.16489682]
log likelihood =  -4262.833887975516
Lr derivatives =  [0.20275674030654756, -3.720407064110124, 0.004234069788175088]
other derivatives =  [ 1.16036699 -0.29492458  1.01907517 -0.93518429  0.93192487 -2.03418293
  1.66521034]
Current x_clock array =  [-0.65898397 -0.70276917 -0.51992889  0.49547079 -2.12749229 -1.24827742
 -1.82205798  0.32797416  0.         -0.16764735]
log likelihood =  -4262.800850167825
Lr derivatives =  [1.2010314409787561, -3.3412625351955407, -0.40073286152584986]
other derivatives =  [-0.17868388  0.61608989  3.42334533 -0.02733213  1.2692419  -2.02828411
  1.5194341 ]
Current x_clock array =  [-0.65977114 -0.70222457 -0.51827503  0.50529554 -2.12984058 -1.24065592
 -1.83337303  0.33354553  0.         -0.17004166]
log likelihood =  -4262.759299450643
Lr derivatives =  [1.8512716161392966, -2.7174144999469396, -0.092094028378923]
other derivatives =  [ 4.92865911  1.25009956  5.17049466  1.51617951  1.02402954 -1.95737915
  1.22098326]
Current x_clock array =  [-0.65714621 -0.70204139 -0.51705713  0.52103368 -2.13379066 -1.22902833
 -1.86593926  0.33838866  0.         -0.16985653]
log likelihood =  -4262.720296998507
Lr derivatives =  [1.1970959523262117, -3.0349976942113663, -0.6252805280764819]
other derivatives =  [-5.86928309  1.49977132  2.99192652  3.24837765 -0.33090323 -1.86421617
  0.80792454]
Current x_clock array =  [-0.66270071 -0.70201768 -0.51810586  0.53542139 -2.14326151 -1.21270226
 -1.91418785  0.34565227  0.         -0.17093019]
log likelihood =  -4262.683751590419
Lr derivatives =  [0.653122628148612, -2.8902957774446536, 0.0477017246579039]
other derivatives =  [-1.84094642  0.86488581  0.83400664  3.00160627 -0.80406709 -1.86115912
  0.71755712]
Current x_clock array =  [-0.66052733 -0.70251586 -0.51954039  0.53230421 -2.14287803 -1.21343683
 -1.93007171  0.34218593  0.         -0.16775464]
log likelihood =  -4262.633231606952
Lr derivatives =  [-0.6825598901039385, -2.941555702110298, 0.8076325170153291]
other derivatives =  [ 2.07489666 -0.30652609 -3.27356247  2.43251361 -1.75972564 -1.88973978
  0.47542574]
Current x_clock array =  [-0.65833903 -0.70331245 -0.52235162  0.52475608 -2.14064861 -1.20899752
 -1.971312    0.33455901  0.         -0.16277406]
log likelihood =  -4262.587638572701
Lr derivatives =  [-1.247035989743214, -2.878950248630913, 1.0099126418324182]
other derivatives =  [ 3.1526979  -1.39173699 -4.30817181  1.78167284 -2.1076972  -1.93102647
  0.21506175]
Current x_clock array =  [-0.65773084 -0.70413423 -0.52325649  0.51762136 -2.13761227 -1.19731758
 -2.0152676   0.32948201  0.         -0.16046587]
log likelihood =  -4262.495568726308
Lr derivatives =  [0.9447430532928784, -1.8726101015169019, 0.28162964208737606]
other derivatives =  [ 4.47616912  4.12459667 -8.42536429 -0.18442461 -0.92711298 -2.02443214
 -0.39771783]
Current x_clock array =  [-0.65741941 -0.69887504 -0.5264207   0.50043437 -2.12672219 -1.14571017
 -2.12903693  0.32421679  0.         -0.16177273]
log likelihood =  -4262.44568893626
Lr derivatives =  [-0.6436507343582356, -1.9234047907848901, 0.46193892201278186]
other derivatives =  [ 0.62950403 -5.25835549  5.97234703 -1.63826462 -0.40238117 -1.95036792
 -0.87799877]
Current x_clock array =  [-0.6590961  -0.70686488 -0.51848283  0.4859576  -2.10481702 -1.07687781
 -2.28183114  0.30671365  0.         -0.15843053]
log likelihood =  -4262.392857208379
Lr derivatives =  [1.0970368414551501, -1.8815491782879938, -0.6549262335177839]
other derivatives =  [ 0.0134296   0.09109954  1.85430872 -0.87323315  0.01162939 -1.9316109
 -0.84339908]
Current x_clock array =  [-0.6596496  -0.7022598  -0.52065507  0.49442143 -2.11009192 -1.07631941
 -2.25376032  0.31561073  0.         -0.16387479]
log likelihood =  -4262.36499945711
Lr derivatives =  [1.8347254098647952, -2.2469078427490716, -1.5527241041485187]
other derivatives =  [-0.96358599  1.54413101  0.64817868 -0.55366672  0.52070661 -1.86839301
 -0.81051917]
Current x_clock array =  [-0.66020335 -0.70098806 -0.52132238  0.49805931 -2.1077006  -1.06209411
 -2.24530697  0.31769858  0.         -0.16802628]
log likelihood =  -4262.296289208493
Lr derivatives =  [2.2053888781319344, -3.728083659331661, -2.5257850544930003]
other derivatives =  [-3.31387855  3.44864657 -1.23865266  0.1500357   1.22875007 -1.43699037
 -0.59897616]
Current x_clock array =  [-0.66130151 -0.69900565 -0.52256402  0.50437214 -2.09547271 -1.01092058
 -2.2306663   0.31518966  0.         -0.17504183]
log likelihood =  -4262.239146496523
Lr derivatives =  [1.294955772547631, -5.382141880719127, -1.717671373783386]
other derivatives =  [-4.26521638  3.01736691 -2.34151139  0.68031477  1.12118601 -0.65262975
 -0.26201906]
Current x_clock array =  [-0.66148408 -0.69890342 -0.52355571  0.50728835 -2.08071492 -0.94740294
 -2.22706557  0.30673212  0.         -0.17720822]
log likelihood =  -4262.233075588346
Lr derivatives =  [0.27290183290737247, -6.315614857248659, -0.6497351091709458]
other derivatives =  [ 2.54353199  3.70305588  2.85367878  1.37581264 -0.23445037  0.10046006
 -0.10258875]
Current x_clock array =  [-0.65780233 -0.69831195 -0.5204284   0.5124769  -2.08063505 -0.90193485
 -2.2419906   0.30455622  0.         -0.17778099]
log likelihood =  -4262.215971902044
Lr derivatives =  [-0.14892635594801007, -6.238908820217617, -0.29651905755841046]
other derivatives =  [-1.27089334  0.22162749 -0.54548946  0.88364959 -0.03085009 -0.01648004
 -0.11519232]
Current x_clock array =  [-0.65968214 -0.7012921  -0.52266082  0.50709337 -2.0773271  -0.90721008
 -2.24777012  0.30120046  0.         -0.17529277]
log likelihood =  -4262.214066189073
Lr derivatives =  [0.08647878232455497, -5.948597505313636, -0.114034456755995]
other derivatives =  [-0.40486611 -0.10715394 -0.58535716  0.64903088  0.14919082 -0.09114683
 -0.12081465]
Current x_clock array =  [-0.65927456 -0.7016333  -0.5226903   0.50538145 -2.07782339 -0.91413205
 -2.24412435  0.30145276  0.         -0.17453887]
log likelihood =  -4262.21204991544
Lr derivatives =  [0.02262557406750787, -5.844220959245919, 0.24386974106155757]
other derivatives =  [-0.10717304 -0.24941801  0.08082498  0.30544925  0.17310447 -0.0947266
 -0.07551964]
Current x_clock array =  [-0.65913912 -0.70173201 -0.52230991  0.50225299 -2.0780077  -0.91901486
 -2.23535405  0.30074998  0.         -0.17352616]
log likelihood =  -4262.21110592016
Lr derivatives =  [-0.06760910309700208, -6.139201987632071, 0.036925046485597246]
other derivatives =  [ 0.91864604 -0.25365716 -0.26969428  0.07700601  0.13045281 -0.05563379
 -0.01444522]
Current x_clock array =  [-0.65861346 -0.70173805 -0.52252391  0.50006368 -2.07817676 -0.91814723
 -2.22374143  0.30067846  0.         -0.17457402]
log likelihood =  -4262.210721542178
Lr derivatives =  [-0.1098688711724094, -6.214820043430287, 0.04169532183739877]
other derivatives =  [ 0.10962594  0.01205717  0.17274579  0.03157948  0.08494284 -0.02695015
  0.01094288]
Current x_clock array =  [-0.65904025 -0.70148363 -0.52223678  0.49952808 -2.07855523 -0.91781245
 -2.21952968  0.3009019   0.         -0.17481199]
log likelihood =  -4262.2106502977385
Lr derivatives =  [-0.10061139482035486, -6.246695228548578, 0.00035002504050174466]
other derivatives =  [ 0.01505668  0.03598143  0.08695315  0.05698712  0.05150783 -0.01532044
  0.01188295]
Current x_clock array =  [-0.65909176 -0.70147556 -0.52227753  0.49973038 -2.07887718 -0.91709229
 -2.21944323  0.30119652  0.         -0.17503512]
log likelihood =  -4262.210584417148
Lr derivatives =  [-0.03752806739591463, -6.234927265405493, 0.0051563911861092215]
other derivatives =  [-0.02686465 -0.00815726 -0.00913678  0.05969741  0.01069338  0.00107957
  0.0123828 ]
Current x_clock array =  [-0.65912671 -0.70155063 -0.52231714  0.49977088 -2.07960984 -0.91661466
 -2.21931194  0.3017872   0.         -0.17520999]
log likelihood =  -4262.2105653602075
Lr derivatives =  [-0.0056305350170866575, -6.2109147453461, 0.000314680273723944]
other derivatives =  [-0.03665355  0.04833873 -0.10735221  0.02925935 -0.00147228 -0.00339514
  0.00604778]
Current x_clock array =  [-0.65914175 -0.70150929 -0.52237445  0.49949906 -2.07994587 -0.91691438
 -2.21998065  0.30198381  0.         -0.17521262]
log likelihood =  -4262.210556139437
Lr derivatives =  [0.007049806092865651, -6.204744634916236, -0.01286337662411885]
other derivatives =  [-0.00543514 -0.04262165 -0.00538239  0.00876662 -0.00715922 -0.00327327
  0.0015883 ]
Current x_clock array =  [-0.65913006 -0.70160377 -0.52230942  0.49933135 -2.08012329 -0.91673665
 -2.22062297  0.30210703  0.         -0.17526699]
      fun: 4262.210556139437
 hess_inv: <10x10 LbfgsInvHessProduct with dtype=float64>
      jac: array([-5.43514034e-03, -4.26216502e-02, -5.38238965e-03,  8.76661943e-03,
       -7.15922289e-03, -3.27327143e-03,  1.58830225e-03,  7.04980609e-03,
       -6.20474463e+00, -1.28633766e-02])
  message: 'CONVERGENCE: REL_REDUCTION_OF_F_<=_FACTR*EPSMCH'
     nfev: 39
      nit: 37
     njev: 39
   status: 0
  success: True
        x: array([-0.65913006, -0.70160377, -0.52230942,  0.49933135, -2.08012329,
       -0.91673665, -2.22062297,  0.30210703,  0.        , -0.17526699])
