number of sites to be analyzed:  561
log likelihood =  -6830.869718045789
Lr derivatives =  [44.20922050049562, -296.9534590513909, -121.96023619848285]
other derivatives =  [  76.85025412  -41.85113721   55.83451821 -130.01407115  456.29194938
  129.55414513]
Current x_clock array =  [-0.60113742 -0.71928241 -0.5626451   0.18232156 -0.10536052  0.33647224
 -0.51082562 -0.51082562 -0.51082562]
log likelihood =  -6480.225853734565
Lr derivatives =  [-152.15518407891406, -391.1693907166939, -247.2325265269326]
other derivatives =  [-345.49863904  -12.35142554 -150.62708735  -51.38354663  269.07501082
   60.89281669]
Current x_clock array =  [-0.75396347 -0.71795146 -0.6736788   0.4408703  -1.01275237  0.07883811
 -0.59874102 -0.50980979 -0.50980979]
log likelihood =  -6129.170129958212
Lr derivatives =  [-120.82668210650446, -195.07106727480686, -130.52120319905222]
other derivatives =  [ 595.66273376  137.11513293 -173.59792491   93.13604551  -86.35061474
   50.02519265]
Current x_clock array =  [-0.4705453  -0.72081195 -0.62044768  0.92851038 -2.85911955 -0.42181593
 -0.50657087 -0.08426301 -0.20223934]
log likelihood =  -6061.1384338764765
Lr derivatives =  [-53.304853528246355, -97.29687388642769, -19.92857408206509]
other derivatives =  [-391.16546031  -19.28905931  106.62648401   58.39067398  -49.58089299
   57.09520701]
Current x_clock array =  [-0.78662921 -0.82400978 -0.42915779  0.8691029  -2.86578571 -0.4742694
 -0.35535321  0.         -0.02294533]
log likelihood =  -6021.51269298999
Lr derivatives =  [-0.5232481959440562, -74.68851683138035, -34.37377541971242]
other derivatives =  [-132.12350405    9.0366957    17.67046342   46.25892598   -8.08309902
   60.63171986]
Current x_clock array =  [-0.67102124 -0.80648552 -0.47756075  0.80900842 -2.66403251 -0.43324513
 -0.36102698  0.         -0.05535561]
log likelihood =  -6014.1773103356445
Lr derivatives =  [10.34546711942276, -66.3286754877128, -19.577334239596]
other derivatives =  [41.33183484  5.99741179 13.88655073 37.98606213  0.73741718 58.40021458]
Current x_clock array =  [-0.61132524 -0.81390905 -0.48605487  0.77257423 -2.63687996 -0.46783665
 -0.36857699  0.         -0.03602198]
log likelihood =  -6010.609581499716
Lr derivatives =  [9.086655763415392, -63.90412180648062, 4.860151511871344]
other derivatives =  [58.4304953  -2.93639005  2.3124976  34.29134722 -1.82341695 54.99294184]
Current x_clock array =  [-0.60546354 -0.82217751 -0.49157943  0.74874605 -2.65731292 -0.51600573
 -0.36931509  0.         -0.01191358]
log likelihood =  -5995.769320489653
Lr derivatives =  [2.8168428809345682, -65.52219305909436, 31.352738005807623]
other derivatives =  [ 72.4901256  -16.98915821   9.79387642  11.47898729 -10.69491831
  38.32472976]
Current x_clock array =  [-0.60227919 -0.83347357 -0.4913967   0.59987474 -2.71014747 -0.78115734
 -0.37218646  0.          0.        ]
log likelihood =  -5990.863348221803
Lr derivatives =  [73.12399806686952, -29.931099289684866, -2.116759195303743]
other derivatives =  [ -17.72997712   46.58015405 -160.40208811  -16.05181114   11.4217772
   17.43426088]
Current x_clock array =  [-0.63545452 -0.78351309 -0.57671044  0.36437239 -2.64370965 -1.29080032
 -0.32524282  0.         -0.02494907]
log likelihood =  -5980.772782040089
Lr derivatives =  [12.948954805972743, -61.2886024167899, -19.263432906275607]
other derivatives =  [  1.41379587   0.82453153  -2.54483439 -25.76267252  -7.13559654
  15.22195733]
Current x_clock array =  [-0.6289657  -0.81180025 -0.50195365  0.32340678 -2.70644576 -1.41180394
 -0.36925554  0.         -0.03074525]
log likelihood =  -5979.746091370034
Lr derivatives =  [6.778699783199734, -63.1258120215272, -7.144391803448531]
other derivatives =  [ -5.20855156   1.14497561   5.03035062 -25.22522391 -10.34000944
  14.02246698]
Current x_clock array =  [-0.63089336 -0.81114848 -0.49852772  0.32680994 -2.71712024 -1.46751896
 -0.37649073  0.         -0.01930069]
log likelihood =  -5976.167690660734
Lr derivatives =  [-11.726804279971855, -70.50025252590775, 41.113526094704866]
other derivatives =  [-12.94649701  -4.92011895   7.87779481 -20.61721807 -16.32391935
   9.48432663]
Current x_clock array =  [-0.63167708 -0.81414702 -0.49764921  0.35965175 -2.71313806 -1.72976444
 -0.40725032  0.          0.        ]
log likelihood =  -5971.988017565334
Lr derivatives =  [-29.741841724107285, -80.44311003199715, -4.910065786829421]
other derivatives =  [ -9.89145792  -8.74696343  12.58399243 -11.66136826 -15.70559581
   4.99957222]
Current x_clock array =  [-0.62910018 -0.81337504 -0.49672151  0.41978262 -2.66121205 -2.16177865
 -0.44762743  0.         -0.01261639]
log likelihood =  -5969.346081019874
Lr derivatives =  [2.912737832333731, -56.973023840440376, 27.03009158722125]
other derivatives =  [-11.7910231   20.30874839  37.76572521  -1.14293016   7.38143508
   2.07108641]
Current x_clock array =  [-0.63254022 -0.7953696  -0.48305285  0.51150885 -2.5505472  -2.75608476
 -0.43192227  0.          0.        ]
log likelihood =  -5968.474835102303
Lr derivatives =  [-2.838839021665436, -60.803760071029146, 0.7003011296081993]
other derivatives =  [-14.1276405  -10.88898716  -8.86582256   3.89917295   5.06946439
   1.52541823]
Current x_clock array =  [-0.63040958 -0.81880686 -0.50259174  0.53464886 -2.55015207 -2.96613658
 -0.437325    0.         -0.00953487]
log likelihood =  -5968.219634091227
Lr derivatives =  [-1.8941869836594702, -60.23715780548668, -1.7407110068123401]
other derivatives =  [-1.37621464 -6.22304469 -3.19349783  1.35009395  5.07078316  1.32576914]
Current x_clock array =  [-0.62676979 -0.81530522 -0.50084922  0.519346   -2.55230695 -3.06198417
 -0.43742463  0.         -0.011035  ]
log likelihood =  -5967.872985648857
Lr derivatives =  [-1.5252003537880974, -59.62800938032039, -3.8757613930097357]
other derivatives =  [ 7.77957212  0.17280945  2.55410214 -2.31622107  4.61612148  0.84777799]
Current x_clock array =  [-0.62444146 -0.81006642 -0.49931194  0.49568777 -2.55563394 -3.38010496
 -0.43912499  0.         -0.01233024]
log likelihood =  -5967.603388390722
Lr derivatives =  [-2.035363344194065, -59.36265980236422, -6.040762431600466]
other derivatives =  [ 2.34976687  3.62690389  4.31485296 -2.45500814  2.16913111  0.51442888]
Current x_clock array =  [-0.6263407  -0.80770039 -0.498172    0.4915396  -2.56717939 -3.74174179
 -0.43793348  0.         -0.01310079]
log likelihood =  -5967.638710875015
Lr derivatives =  [1.0111596268557967, -55.3575234733803, 11.164755554845215]
other derivatives =  [44.34998664 -3.26009558 -4.56012822 -0.23718803 -0.73086465  0.17770834]
Current x_clock array =  [-6.12554931e-01 -8.17108112e-01 -5.01641661e-01  5.07366111e-01
 -2.58671984e+00 -4.58115604e+00 -4.31920211e-01  0.00000000e+00
 -4.19494291e-03]
log likelihood =  -5967.4687661136395
Lr derivatives =  [-0.5164674649138159, -57.34565453504794, 1.100008849515536]
other derivatives =  [21.57681683  0.44971603  0.16928516 -1.40119573  0.82414963  0.31049409]
Current x_clock array =  [-0.61996249 -0.81205302 -0.4997773   0.49886199 -2.57622009 -4.13011016
 -0.43515134  0.         -0.00898036]
log likelihood =  -5967.29249515233
Lr derivatives =  [0.2822712969387644, -56.28561174204769, 0.86615474969242]
other derivatives =  [ 4.8773054   0.90632329  1.30874287 -0.12471355 -0.53068511  0.18273911]
Current x_clock array =  [-0.62530107 -0.81204302 -0.4981908   0.5048198  -2.58368355 -4.55048189
 -0.43131235  0.         -0.00881414]
log likelihood =  -5967.2347056549825
Lr derivatives =  [0.8470155006434736, -55.584886035270095, 0.6162301678590367]
other derivatives =  [-1.25247607  0.26614634  1.14810064  0.742255   -1.05993418  0.11225662]
Current x_clock array =  [-0.62722771 -0.81284172 -0.49772491  0.50955253 -2.58658852 -4.96132699
 -0.42939088  0.         -0.00875485]
log likelihood =  -5967.19602425166
Lr derivatives =  [0.9462898468900951, -55.33516833479692, 1.009462799431983]
other derivatives =  [-2.92099867  0.08214192  0.33760443  0.94663028 -1.00717016  0.06820842]
Current x_clock array =  [-0.62772853 -0.81295619 -0.49801451  0.51064769 -2.58577673 -5.40975897
 -0.42961172  0.         -0.00850383]
log likelihood =  -5967.169865004938
Lr derivatives =  [-0.47291429428652565, -56.077257540777275, -2.503272840842392]
other derivatives =  [-1.27918247 -4.6190371   5.90020318  0.07608287  0.21356664  0.03193069]
Current x_clock array =  [-0.62715326 -0.81605072 -0.49601393  0.50775908 -2.57910977 -6.13885671
 -0.43204986  0.         -0.01017035]
log likelihood =  -5967.138304575501
Lr derivatives =  [0.834411028067328, -55.42354125548714, 0.2832574814919866]
other derivatives =  [-0.67476049 -0.22675886 -1.31452271 -0.26177895  0.62907942  0.01658406]
Current x_clock array =  [-0.62700881 -0.81240208 -0.49944513  0.5040058  -2.57603321 -6.7741875
 -0.43307657  0.         -0.00899281]
log likelihood =  -5967.133363148845
Lr derivatives =  [0.3384163465285719, -55.72349491841264, 0.2141610852215372]
other derivatives =  [ 0.04707545  0.03446439 -0.95522319 -0.22321365  0.54792831  0.01213428]
Current x_clock array =  [-0.62676325 -0.81211507 -0.49936867  0.50419876 -2.57568736 -7.08346325
 -0.43393108  0.         -0.0089961 ]
log likelihood =  -5967.126744542607
Lr derivatives =  [-0.19549632704598086, -56.00740461830135, 0.08342887215196981]
other derivatives =  [ 0.80936388  0.22934182  0.0339478  -0.04941921  0.33739208  0.00586875]
Current x_clock array =  [-0.62650859 -0.81196327 -0.4989526   0.50527918 -2.57606538 -7.80224516
 -0.43454385  0.         -0.00899892]
log likelihood =  -5967.1239790196105
Lr derivatives =  [-0.35565476553853204, -56.111028769656016, -0.615363112824447]
other derivatives =  [ 0.41454314 -0.73077354 -0.96248186 -0.03763671  0.19001176  0.00284321]
Current x_clock array =  [-0.62656628 -0.81269668 -0.49937146  0.50509195 -2.57675018 -8.5213761
 -0.43448529  0.         -0.00930333]
log likelihood =  -5967.121892460034
Lr derivatives =  [0.21035702043237015, -55.63649467523834, 0.895949590954416]
other derivatives =  [ 1.17911441e-01  4.37001290e-01  1.15616513e+00 -8.47348929e-02
  5.92816775e-02  1.00485326e-03]
Current x_clock array =  [-6.26793701e-01 -8.12022393e-01 -4.98306628e-01  5.05075057e-01
 -2.57850101e+00 -9.55335165e+00 -4.33321381e-01  0.00000000e+00
 -8.60346871e-03]
log likelihood =  -5967.121146527717
Lr derivatives =  [0.11583958888112078, -55.7484694256949, -0.014390074496756]
other derivatives =  [ 0.00168893  0.17963066  0.25734789 -0.03802234 -0.03601445  0.00078652]
Current x_clock array =  [-6.26791164e-01 -8.12195500e-01 -4.98702606e-01  5.05047093e-01
 -2.57874650e+00 -9.79664366e+00 -4.33388282e-01  0.00000000e+00
 -9.02195435e-03]
log likelihood =  -5967.120900584262
Lr derivatives =  [0.05217703472586055, -55.79238428630911, -0.12742878223939158]
other derivatives =  [-0.08824918 -0.02922116 -0.0896398  -0.04116828 -0.08469184  0.00054747]
Current x_clock array =  [-6.26800325e-01 -8.12346972e-01 -4.98856242e-01  5.04930303e-01
 -2.57893976e+00 -1.01586614e+01 -4.33421729e-01  0.00000000e+00
 -9.06904455e-03]
log likelihood =  -5967.120705249171
Lr derivatives =  [0.020903695304119063, -55.8108366030667, -0.1426979323787414]
other derivatives =  [-0.05737365 -0.09682572 -0.17416733 -0.05278071 -0.1108562   0.00032769]
Current x_clock array =  [-6.26784657e-01 -8.12397797e-01 -4.98896707e-01  5.04826719e-01
 -2.57906302e+00 -1.06716464e+01 -4.33437938e-01  0.00000000e+00
 -9.07367996e-03]
log likelihood =  -5967.120849751372
Lr derivatives =  [-0.06956828943785087, -55.878365176638574, -0.17951967227770638]
other derivatives =  [-1.53132714e+00 -1.00400939e-01 -1.53399014e-01 -1.14359864e-02
  5.96978793e-02  1.41054364e-04]
Current x_clock array =  [-6.27255342e-01 -8.12273607e-01 -4.98886384e-01  5.05132075e-01
 -2.57787683e+00 -1.15158262e+01 -4.33759871e-01  0.00000000e+00
 -9.09724121e-03]
log likelihood =  -5967.120630550993
Lr derivatives =  [-0.011949700347276826, -55.83527944392637, -0.15618883815673357]
other derivatives =  [-5.94569428e-01 -9.80999175e-02 -1.66626705e-01 -3.77003744e-02
 -4.87518727e-02  2.41225036e-04]
Current x_clock array =  [-6.26956117e-01 -8.12352558e-01 -4.98892947e-01  5.04937953e-01
 -2.57863092e+00 -1.09791613e+01 -4.33555211e-01  0.00000000e+00
 -9.08226277e-03]
log likelihood =  -5967.120443592906
Lr derivatives =  [0.004093085749712788, -55.821458838242116, -0.06940773461330352]
other derivatives =  [-1.68610313e-01 -6.46077751e-02 -6.71861926e-02 -3.79168341e-02
 -1.39920191e-02  1.22581169e-04]
Current x_clock array =  [-6.26822561e-01 -8.12338426e-01 -4.98863237e-01  5.05018491e-01
 -2.57845816e+00 -1.16560822e+01 -4.33598372e-01  0.00000000e+00
 -9.04263796e-03]
log likelihood =  -5967.120372441278
Lr derivatives =  [0.0007920828002103697, -55.82157558049982, -0.006336299486587649]
other derivatives =  [ 3.08655217e-02 -6.50106813e-03  2.29529178e-02 -2.35622792e-02
  1.45479139e-02  6.35220724e-05]
Current x_clock array =  [-6.26761128e-01 -8.12294464e-01 -4.98831643e-01  5.05161124e-01
 -2.57827145e+00 -1.23132860e+01 -4.33660281e-01  0.00000000e+00
 -9.01288155e-03]
log likelihood =  -5967.120346405861
Lr derivatives =  [-0.007390992690500697, -55.826213002812516, 0.02516224772443465]
other derivatives =  [ 6.19456841e-02  3.48791218e-02  2.86672730e-02 -7.72979547e-03
  1.80112954e-02  3.69296117e-05]
Current x_clock array =  [-6.26751133e-01 -8.12261830e-01 -4.98829885e-01  5.05262761e-01
 -2.57821436e+00 -1.28557061e+01 -4.33692494e-01  0.00000000e+00
 -8.99678289e-03]
log likelihood =  -5967.120356644371
Lr derivatives =  [-0.03597229380999778, -55.8382703552783, -0.1526996582498512]
other derivatives =  [ 5.48279786e-02 -1.39762960e-01  3.16763362e-01 -5.47242962e-03
  7.92689405e-03  1.45081999e-05]
Current x_clock array =  [-6.26753529e-01 -8.12408111e-01 -4.98693029e-01  5.05342114e-01
 -2.57833205e+00 -1.37914308e+01 -4.33624336e-01  0.00000000e+00
 -9.07586421e-03]
log likelihood =  -5967.120338523508
Lr derivatives =  [-0.018528359775916492, -55.830895952675995, -0.044288579514429216]
other derivatives =  [ 5.91708158e-02 -3.32502168e-02  1.41026248e-01 -6.84849510e-03
  1.40766960e-02  2.55910440e-05]
Current x_clock array =  [-6.26752067e-01 -8.12318892e-01 -4.98776499e-01  5.05293716e-01
 -2.57826026e+00 -1.32207201e+01 -4.33665907e-01  0.00000000e+00
 -9.02763148e-03]
      fun: 5967.120338523508
 hess_inv: <9x9 LbfgsInvHessProduct with dtype=float64>
      jac: array([ 5.91708158e-02, -3.32502168e-02,  1.41026248e-01, -6.84849510e-03,
        1.40766960e-02,  2.55910440e-05, -1.85283598e-02, -5.58308960e+01,
       -4.42885795e-02])
  message: 'CONVERGENCE: REL_REDUCTION_OF_F_<=_FACTR*EPSMCH'
     nfev: 39
      nit: 35
     njev: 39
   status: 0
  success: True
        x: array([-6.26752067e-01, -8.12318892e-01, -4.98776499e-01,  5.05293716e-01,
       -2.57826026e+00, -1.32207201e+01, -4.33665907e-01,  0.00000000e+00,
       -9.02763148e-03])
