number of sites to be analyzed:  115
log likelihood =  -3247.4955770872507
Edge derivatives =  [13.319252942179668, 19.600642823546547, 10.546014768827165, 9.605240849102138, -1.923626304508527, -4.334672558172945, 42.89284487837056, 104.51469174462642, 11.475404283798577, 10.246283214693243, -9.898729753081684, 4.510314916626852, 0.9543521637706563, -0.2004975555563964, 7.211342977074054, 19.785995914888286]
other derivatives: [ -70.29343578   50.76763046  -34.84597073  106.82533684 -289.2437351
    0.        ]
Current x array =  [-0.63116948 -0.7290401  -0.70967648  0.18232156 -0.10536052  0.33647224
 -2.30258509 -2.30258509 -2.30258509 -2.30258509 -2.30258509 -2.30258509
 -2.30258509 -2.30258509 -2.30258509 -2.30258509 -2.30258509 -2.30258509
 -2.30258509 -2.30258509 -2.30258509 -2.30258509]
log likelihood =  -3019.8366888376468
Edge derivatives =  [14.878523570296535, 19.149738287299076, 12.230176613317909, 10.650442368487093, -1.0151562459262171, -2.397809923042237, 43.40002622007234, 106.61815512368455, 11.659824320046901, 11.963807421063795, -7.1725729792921715, 6.63203029166052, 2.1847428106463864, 1.0409185240215857, 8.15646951200852, 20.53973271205559]
other derivatives: [ 120.31982806   47.61604941   -5.60353328   75.93121154 -169.19693735
    0.        ]
Current x array =  [-0.86444946 -0.7267866  -0.82531839  0.21490309 -1.06526198  0.33647224
 -2.28166896 -2.23753723 -2.28166896 -2.28166896 -2.30896895 -2.3169704
 -2.28166896 -2.28166896 -2.28166896 -2.28166896 -2.33543561 -2.28761689
 -2.29941792 -2.30325048 -2.28166896 -2.28166896]
log likelihood =  -2882.7354709145065
Edge derivatives =  [14.01904749541306, 22.56941912743591, 12.193759130463741, 9.525592478554726, -1.530084119064995, -1.4106297346776158, 35.389196192847464, 104.5445617541365, 12.076289616173304, 8.817988866559734, -6.645087114729626, 8.048300234444119, 2.015904283841905, 0.7941284442428715, 6.61267941599528, 18.90493264389472]
other derivatives: [-494.38594942   -1.96664587   31.34823601  -12.77749107   38.71032277
    0.        ]
Current x array =  [-0.37829659 -0.58299584 -0.96665847  0.42442001 -2.95736425  0.33647224
 -2.19409932 -2.06429236 -2.20201381 -2.20869103 -2.32090733 -2.34451833
 -2.10806061 -1.90658423 -2.2079042  -2.20275281 -2.40828778 -2.23471085
 -2.28364431 -2.29777534 -2.21674106 -2.17865768]
log likelihood =  -2832.9373570814837
Edge derivatives =  [14.93872065031754, 20.018518886537652, 13.269372057256042, 10.150819763657594, -0.626556955826097, -0.47217565691264607, 36.59854185117363, 102.76961573782599, 11.181301122719848, 11.580226917775727, -4.805376779818225, 8.681106068744233, 3.061805564562859, 1.5527089077481868, 7.840892405360627, 19.33699910165218]
other derivatives: [150.76652744 -16.0237505   16.46039891  -2.55831765  46.71619536
   0.        ]
Current x array =  [-0.80480295 -0.5824797  -0.92856909  0.40249014 -2.9623267   0.33647224
 -2.17462437 -2.03177461 -2.1846471  -2.19469593 -2.32276985 -2.34661968
 -2.06387836 -1.78203991 -2.19161817 -2.18898896 -2.41791204 -2.22264303
 -2.28021594 -2.29615851 -2.20613557 -2.15395164]
log likelihood =  -2806.374342641619
Edge derivatives =  [14.795841439365233, 19.95645662265007, 13.199586465652342, 9.85284517487133, -0.5896861538949599, -0.6295115353884448, 35.539277486173404, 101.19411199344633, 11.302689069324673, 11.228040503972629, -5.118897186142323, 8.201340075153025, 2.9937934221612954, 1.4924758576960755, 7.593043703277792, 19.160496766132074]
other derivatives: [ 99.85683391 -10.3075763   12.24962034   6.16619218  24.26977517
   0.        ]
Current x array =  [-0.73430569 -0.58987026 -0.88993624  0.39895803 -2.69514649  0.33647224
 -2.17058664 -2.0357943  -2.18181733 -2.19378006 -2.32169532 -2.34347061
 -2.04469474 -1.71789834 -2.18970429 -2.18742721 -2.41286029 -2.22136629
 -2.27935207 -2.29522642 -2.20683936 -2.1466866 ]
log likelihood =  -2731.605023539933
Edge derivatives =  [12.182540193073223, 18.921184460848842, 12.185825083650451, 7.235537353340161, -0.8493024478965178, -1.191037778706153, 25.465951076375497, 80.21847930586901, 10.660702550470406, 8.76947242159559, -6.071004008203022, 6.393885866179803, 2.2634385768472907, 0.9745914206237293, 5.6187455396573, 16.69111660426662]
other derivatives: [-160.8581897   -20.29505595   -7.2920102     9.10013114  -24.53407433
    0.        ]
Current x array =  [-0.52072023 -0.59050972 -0.76180791  0.47927314 -2.27949811  0.33647224
 -2.08328111 -1.93246598 -2.10535602 -2.13891155 -2.32310294 -2.34280752
 -1.82146595 -1.06718364 -2.1234512  -2.12499087 -2.4346215  -2.17636987
 -2.26202023 -2.28558591 -2.16714686 -2.03032256]
log likelihood =  -2671.3422404785697
Edge derivatives =  [10.136487189718565, 16.80586615844539, 12.275796588225017, 5.301232342532722, -0.5589411136759197, -0.9023108129430907, 16.690530176603865, 43.40044944524514, 10.106115996834314, 7.48000787567363, -5.443279060295886, 5.555539903128413, 2.3876525942435998, 1.1784620346321006, 4.438516830482903, 14.400606117358624]
other derivatives: [-189.40795599  -32.36450539  -18.55978553    5.26356416  -31.68775038
    0.        ]
Current x array =  [-0.51162955 -0.62149884 -0.68923939  0.56072796 -2.29971143  0.33647224
 -1.97619101 -1.7826344  -2.00811453 -2.06838554 -2.32812661 -2.34936301
 -1.57013769 -0.34798647 -2.0385702  -2.04487439 -2.47624076 -2.11805979
 -2.24103057 -2.27505446 -2.11286572 -1.89035997]
log likelihood =  -2640.549001946194
Edge derivatives =  [3.4765885706594144, 9.34110306794385, 9.717234143135864, -0.5283881831359841, -1.7151676953244719, -1.456313365854288, 1.6709460002297722, -26.62435192721009, 7.967881165347935, 1.813234672524669, -3.0669401235864564, 4.027874372378708, 2.60409862985746, 1.4359019305709286, 1.065759856749339, 5.750197681513412]
other derivatives: [ -9.41145117 118.19161045  94.0605787    7.24417077 -52.77115633
   0.        ]
Current x array =  [-0.64454791 -1.21622097 -0.83273795  0.63828295 -2.69333302  0.33647224
 -1.66837874 -1.31673853 -1.66982387 -1.88018722 -2.33909096 -2.36678193
 -0.97635296  1.01146274 -1.76400098 -1.80304538 -2.60751583 -1.93792544
 -2.16493659 -2.23402704 -1.95637661 -1.47921589]
log likelihood =  -2593.5925679253514
Edge derivatives =  [7.088754314562756, 10.511539778169304, 11.92269201557742, 2.071987794620801, 0.312670566453897, -0.1875154746738527, 7.543599090804687, 5.892636682002134, 9.124753372596908, 5.174841843884572, -2.5638820349691196, 4.404804183948661, 3.805796339460177, 2.37635447808557, 2.257693276299839, 8.07587147729717]
other derivatives: [ 8.0684913  43.56852514 -3.87085493  1.81335054 -2.65799827  0.        ]
Current x array =  [-0.66321182 -0.89903913 -0.62026779  0.64497394 -3.04341375  0.33647224
 -1.67016592 -1.30138573 -1.66395892 -1.88247373 -2.34464959 -2.37354194
 -0.98812437  0.93408234 -1.75695357 -1.80503789 -2.61670626 -1.9332725
 -2.16320403 -2.23377693 -1.95464015 -1.4826848 ]
log likelihood =  -2584.347517575378
Edge derivatives =  [5.280450865003631, 8.959235315383435, 9.16504121293338, 0.93084650434889, -0.19093103747320256, -0.9454909841547513, 4.397879316151074, 0.639376872755984, 6.416531563272755, 3.9351867250181556, -3.013705680651361, 3.228874847265357, 2.815089861327262, 1.5258607492304561, 0.7335322416386209, 4.052581074787457]
other derivatives: [ -0.4809408  -31.51872079 -15.63716978  -2.20870788  -2.4761448
   0.        ]
Current x array =  [-0.66798562 -0.71876844 -0.58733656  0.67797447 -3.22921743  0.33647224
 -1.58105208 -1.16410466 -1.55153423 -1.8358668  -2.34730613 -2.37993002
 -0.83482241  1.25019426 -1.66603797 -1.73728314 -2.65522029 -1.87918863
 -2.1333808  -2.21669068 -1.91357462 -1.37074402]
log likelihood =  -2578.455154786148
Edge derivatives =  [4.282890022887612, 7.19270451864427, 7.7402449370156035, 0.2501533966537179, -0.35138474567057715, -1.2032348835138849, 2.0440866080173548, -3.484001063802585, 5.2602490824804145, 2.648399452857116, -2.708447094524461, 2.62018052670184, 2.653144163065605, 1.4850449582019694, -0.056839552372625314, 1.1879287357340047]
other derivatives: [  8.78094397 -10.52417247  -5.72281351  -2.67900759  -0.25625013
   0.        ]
Current x array =  [-0.67477518 -0.77472537 -0.59180091  0.6916086  -3.44427514  0.33647224
 -1.48539457 -1.01078482 -1.42817221 -1.78739969 -2.35178536 -2.38913408
 -0.67844     1.54159081 -1.56895157 -1.663402   -2.70067488 -1.82023934
 -2.10159536 -2.19922731 -1.8713804  -1.25429263]
log likelihood =  -2575.749681921564
Edge derivatives =  [2.853596631129888, 5.116347230093469, 5.541570970386411, -0.32735168350159527, -0.6523669664686143, -1.575947269300921, -0.3495839465848624, -5.698987203131312, 3.2467429223723836, 1.0080500307654467, -2.525869302825435, 1.737547393115939, 2.021761626041786, 1.1278541496254757, -0.7400580666459062, -1.3930596168539955]
other derivatives: [ 5.32877493 -0.72800503  7.25140126 -1.70916792  2.52548489  0.        ]
Current x array =  [-0.66899066 -0.80901693 -0.60135213  0.68296614 -3.63205731  0.33647224
 -1.37824805 -0.83692695 -1.27530878 -1.74775708 -2.35898901 -2.40721842
 -0.54261014  1.75203278 -1.4545629  -1.58815899 -2.75796992 -1.75472847
 -2.05662918 -2.17419471 -1.84008931 -1.16132359]
log likelihood =  -2575.122572197611
Edge derivatives =  [1.8978077844164205, 3.0547204410768773, 4.05484051404534, -0.5611295150337661, -0.5050459639034253, -1.5981967025879042, -1.485415729445535, -8.114334426699296, 1.8852388258460495, 0.6315261269018946, -2.260760271640787, 0.9183347379991135, 1.6177979832559701, 0.9703928366802426, -0.7386529511543051, -1.6126551357259367]
other derivatives: [  2.9691364   10.440408   -36.35104804   2.21102709  -1.18061507
   0.        ]
Current x array =  [-0.6681876  -0.84090265 -0.54410687  0.66899764 -3.65551654  0.33647224
 -1.29546958 -0.69936329 -1.14090745 -1.73342225 -2.36925083 -2.43352853
 -0.48390441  1.8021183  -1.36509439 -1.54251271 -2.81322821 -1.70553448
 -2.01252518 -2.14948757 -1.8349098  -1.13464014]
log likelihood =  -2573.412251503315
Edge derivatives =  [1.0431691523904478, 2.3360986450016985, 2.838492094814286, -0.6711652666149415, -0.7497430860968399, -1.7200909319423785, -1.9209531548845604, -2.4938389139632466, 0.6675270110277357, -0.1662327230575643, -2.2193279198527214, 0.6908721638135322, 1.0050000480251595, 0.5653990117482216, -0.6769282079283327, -1.4515213000537854]
other derivatives: [ 0.5658876   9.57602424 -5.47088348  2.09483915  3.97903932  0.        ]
Current x array =  [-0.66364994 -0.84189212 -0.57951206  0.65146817 -3.66185506  0.33647224
 -1.26342143 -0.64316918 -1.07777919 -1.73637881 -2.37443186 -2.44853968
 -0.48794267  1.72770751 -1.32638037 -1.5282001  -2.83950294 -1.68632256
 -1.98959249 -2.13641657 -1.84105904 -1.14292999]
log likelihood =  -2572.4550395657952
Edge derivatives =  [0.056962489755533155, 1.379575269220358, 1.4626689441009881, -0.8509879295996149, -0.9042094729365633, -1.7872457329098577, -2.391967872967227, -0.17362985309487156, -0.5676384334764649, -0.6590098813105902, -2.1782123791752808, 0.3758285907231389, 0.3173547436011951, 0.11263320113455931, -0.4837696121397009, -0.730207954032789]
other derivatives: [-1.9959316   2.32003003  4.61955096  3.04785317  2.50320227  0.        ]
Current x array =  [-0.66225544 -0.82627638 -0.59261187  0.63806683 -3.58157787  0.33647224
 -1.23724155 -0.59541096 -1.01596848 -1.74822656 -2.38159625 -2.46845262
 -0.51666132  1.61335086 -1.29460924 -1.52330634 -2.86809973 -1.67111807
 -1.96552916 -2.12263875 -1.85623593 -1.1721085 ]
log likelihood =  -2572.037668241352
Edge derivatives =  [-0.5997493737486996, 0.5355164520493765, 0.513938210380199, -0.9238962942383604, -0.9099536501722513, -1.7275914957466163, -2.3975957987310736, 1.0307458773754292, -1.2152096237076562, -0.7531927762132391, -2.082001905837776, 0.16099623371355815, -0.15407396362965448, -0.18498703664120492, -0.23238506461071348, 0.10741169234386438]
other derivatives: [-0.96129043 -0.17148523  3.39568942  2.68000804  0.06421033  0.        ]
Current x array =  [-0.66420689 -0.82069129 -0.59115101  0.64702821 -3.50070709  0.33647224
 -1.22066517 -0.55740239 -0.96595375 -1.76346535 -2.39173446 -2.49282409
 -0.55566428  1.51775678 -1.27739729 -1.5252692  -2.90004413 -1.65962513
 -1.94711273 -2.11250398 -1.87132802 -1.19998965]
log likelihood =  -2571.6093208400575
Edge derivatives =  [-0.7409272258918943, -0.048170669239952224, 0.10668347377253251, -0.6918524443826182, -0.6960677107389, -1.4463666083525135, -1.279218668512767, 1.6404215926309251, -0.8910488627583317, -0.4646491751863801, -1.8632597684446008, 0.03370058310396756, -0.4222438728486393, -0.3078803115109249, -0.07167755038749844, 0.20907863780741065]
other derivatives: [-3.84238774 -0.60308594  2.01848707 -2.07492121  0.51641109  0.        ]
Current x array =  [-0.66020608 -0.82099349 -0.58835831  0.70512064 -3.4876261   0.33647224
 -1.21566024 -0.50914642 -0.91237709 -1.78956021 -2.41875713 -2.54813693
 -0.61840244  1.50576986 -1.28466024 -1.53494612 -2.97200892 -1.64342197
 -1.93661966 -2.1090246  -1.88118925 -1.20129246]
log likelihood =  -2572.1901560905294
Edge derivatives =  [-0.8279084285157492, -1.1937572755734212, -0.4466439382692557, -0.38986047939268115, -0.34691819454951534, -0.9535946036049544, -0.03968180902237034, 0.19368114918879786, -0.48642427288053514, 0.14428888378482962, -1.406730941102515, -0.029990160808542776, -0.564377641358637, -0.2928170821704525, 0.15267607715586545, -0.11337209028889217]
other derivatives: [39.4601102   0.94401003  3.02879926 -3.98508746 -0.19963409  0.        ]
Current x array =  [-0.7077978  -0.81881975 -0.58692792  0.72876764 -3.49104971  0.33647224
 -1.20687927 -0.43083802 -0.82697647 -1.82507851 -2.46193447 -2.63796865
 -0.68940974  1.54862362 -1.29013685 -1.54175211 -3.09380293 -1.61488274
 -1.92533217 -2.10655161 -1.88861203 -1.18429217]
log likelihood =  -2571.5143955740155
Edge derivatives =  [-0.7733584874168334, -0.36211680476539143, -0.04022739689067542, -0.6090016759802376, -0.6034050284793454, -1.3087872782011547, -0.9332496521771485, 1.2665693662853426, -0.7857754050435265, -0.30400913339260943, -1.733913808240609, 0.01931037463389218, -0.4623256588584299, -0.3056563308648677, -0.013893959748313874, 0.11938068267645918]
other derivatives: [ 8.44056558 -0.16698323  2.30302248 -2.62530193  0.33996912  0.        ]
Current x array =  [-0.67297493 -0.82041028 -0.58797454  0.71146512 -3.48854465  0.33647224
 -1.21330431 -0.48813629 -0.88946412 -1.79908977 -2.4303416  -2.57223877
 -0.63745369  1.51726752 -1.28612961 -1.53677217 -3.00468623 -1.6357649
 -1.93359123 -2.1083611  -1.88318078 -1.19673128]
log likelihood =  -2571.389496391472
Edge derivatives =  [-0.6948044890186251, -0.4663384494142902, -0.018079447605011456, -0.45694510128870347, -0.43942424185663503, -1.1367833638258629, -0.30568087602159827, 0.5466122675794294, -0.3553305770027544, -0.0501558163284222, -1.618164624664998, 0.020480998155174623, -0.45099996401350045, -0.2539651043212644, 0.04976386282476743, 0.020805748142798453]
other derivatives: [ 5.03532647  0.7035851   0.24160727 -3.97139956  0.01487024  0.        ]
Current x array =  [-0.66898301 -0.82260892 -0.58552478  0.73008755 -3.49190159  0.33647224
 -1.21830943 -0.47307059 -0.87262659 -1.81306816 -2.44522931 -2.60221131
 -0.668803    1.53430751 -1.29814609 -1.54389518 -3.04327033 -1.63015382
 -1.93406841 -2.11011155 -1.88593638 -1.19197634]
log likelihood =  -2571.2007488095755
Edge derivatives =  [-0.7030195594249463, -0.6699930750602322, -0.1939634463992421, -0.28588985656927296, -0.1980412643619444, -0.8837940326129892, 0.3808972154269283, -0.7014437516466356, 0.09740556859819141, 0.26635389470455834, -1.4311134410984208, 0.02836083572474879, -0.4255445289203733, -0.15667560606844427, 0.17536162361881208, -0.06754703984083998]
other derivatives: [ 1.19885044  0.63755579 -1.10421752 -2.95167411 -1.2149485   0.        ]
Current x array =  [-0.6651471  -0.82181536 -0.58519361  0.72203441 -3.48830453  0.33647224
 -1.22824685 -0.45444875 -0.84727171 -1.83515253 -2.46749904 -2.64943915
 -0.71334438  1.54733168 -1.31347861 -1.55317625 -3.1053333  -1.62215982
 -1.93630388 -2.11319573 -1.89036686 -1.1881115 ]
log likelihood =  -2571.0356030279063
Edge derivatives =  [-0.562351981520096, -0.7011028541183887, -0.2362585974473681, -0.03847807235843458, 0.11673248038385527, -0.5629856397879237, 1.2394974972896753, -0.7210446065908092, 0.6942665933479163, 0.6619803431592308, -1.1934665368695054, 0.10883365151705177, -0.2813303836964399, 0.03288143306842381, 0.3437461495764802, -0.12800236833749967]
other derivatives: [-1.11431291  0.07789822 -1.51271706 -0.7674771  -0.50345079  0.        ]
Current x array =  [-0.66257342 -0.81896593 -0.58684436  0.69523072 -3.49911072  0.33647224
 -1.24966043 -0.44414018 -0.82553148 -1.86385038 -2.49445344 -2.71042365
 -0.7647398   1.55242884 -1.33424746 -1.56350294 -3.18705554 -1.61455412
 -1.94437691 -2.1190842  -1.89385894 -1.18434611]
log likelihood =  -2570.936522746163
Edge derivatives =  [-0.47775517250827065, -0.7148615155015999, -0.4732313123709411, -0.024351253318635427, 0.23391656543288997, -0.4455050671735273, 1.1998662789168943, -0.9162566978910796, 0.5519762020841207, 0.5701848935746456, -1.0476833583495073, 0.03403064767850361, -0.20262462870630782, 0.09042297461608605, 0.35375718567810194, -0.15693755278973454]
other derivatives: [-1.25874067  0.49867594 -0.44442459  0.73046067 -0.62495928  0.        ]
Current x array =  [-0.6624601  -0.81958345 -0.58875921  0.67824219 -3.50360781  0.33647224
 -1.2629609  -0.44103073 -0.8106     -1.87658975 -2.50582173 -2.74953807
 -0.76473528  1.55656843 -1.32754981 -1.55501587 -3.24776406 -1.60582167
 -1.94957949 -2.11953695 -1.88935374 -1.18250965]
log likelihood =  -2570.8332300442066
Edge derivatives =  [0.3063889447923305, 0.026818351663496942, -0.29977535639780717, 0.13332580196558744, 0.5980567184688024, -0.1248309674409283, 1.3502864234873133, 1.3562020952341491, 0.42883818524615724, 0.3787422030532089, -0.6896996008300106, -0.04266630112252934, 0.23948010823674198, 0.3181468643493675, 0.26970345111929356, -0.010869337083370012]
other derivatives: [ 0.44528861 -7.39983079 -3.45035005  1.82958502  3.0731826   0.        ]
Current x array =  [-0.66438563 -0.79988653 -0.58626889  0.65627513 -3.52748962  0.33647224
 -1.33337868 -0.48072917 -0.81177642 -1.91938369 -2.53226854 -2.87059036
 -0.75581153  1.54187781 -1.32109577 -1.53049722 -3.43951754 -1.59166578
 -1.9802495  -2.12505185 -1.86933567 -1.18671374]
log likelihood =  -2570.667557553768
Edge derivatives =  [0.41939415329131985, 0.10494892172822534, -0.5005065026183272, 0.045859686869583735, 0.6287040599160226, -0.07993504943576267, 0.8922103562972212, 0.7664379300771562, 0.03615126100551635, 0.0018092787022969126, -0.5720706370105703, -0.12198279193211226, 0.33425382495186634, 0.3244302275882561, 0.2452803487705085, 0.23708011736560997]
other derivatives: [0.90585672 1.49625521 2.81388566 2.07960511 1.58288458 0.        ]
Current x array =  [-0.66370762 -0.8198648  -0.59436545  0.65669474 -3.50985965  0.33647224
 -1.34995714 -0.48825923 -0.80489887 -1.93016479 -2.53591209 -2.91132516
 -0.73192838  1.53360013 -1.30249125 -1.51241745 -3.51017036 -1.58325259
 -1.98580932 -2.12198019 -1.86008377 -1.19159636]
log likelihood =  -2570.605104747728
Edge derivatives =  [0.46324535144216566, 0.13500297597439198, -0.5512050817058148, -0.038285896421613, 0.5955019799603971, -0.11507625709182608, 0.5041043692683986, 0.3492943436085584, -0.2550307369043565, -0.19406017556268124, -0.5592089632203037, -0.20385096040089767, 0.32379409851374363, 0.2695147811917239, 0.15813430954333446, 0.29607506232107966]
other derivatives: [1.02804734 1.56655915 1.14982868 1.31585693 0.58726073 0.        ]
Current x array =  [-0.66412486 -0.82052792 -0.59137583  0.66854847 -3.49865931  0.33647224
 -1.35294627 -0.49370813 -0.80752228 -1.92968805 -2.5313552  -2.91856119
 -0.71036011  1.5315705  -1.29095454 -1.50273536 -3.52789716 -1.5812824
 -1.98631798 -2.11898097 -1.85466277 -1.19358639]
log likelihood =  -2570.600087250497
Edge derivatives =  [0.6071214858478703, 0.3177585387496117, -0.6676289723277453, -0.11793196487667296, 0.5768812186442251, -0.11564059180129271, 0.01451457954133778, -0.09789117465665553, -0.6290329838322641, -0.5923541830438723, -0.4892381943281404, -0.3328289114693793, 0.24480043465740153, 0.10978164706483869, -0.048348600622631424, 0.124842825009986]
other derivatives: [-0.36093297 -2.43467184  7.45121724 -1.63809091 -0.16066224  0.        ]
Current x array =  [-0.6627151  -0.81256746 -0.59841593  0.7018749  -3.48751123  0.33647224
 -1.3700522  -0.50478291 -0.81285758 -1.94359088 -2.5291545  -2.96715077
 -0.6827195   1.53422565 -1.28048465 -1.4879129  -3.61486796 -1.57607235
 -1.99100121 -2.1138443  -1.84169681 -1.19284042]
log likelihood =  -2570.574755555102
Edge derivatives =  [0.5383127165726129, 0.23004598628416406, -0.6130349223114463, -0.08017164409797883, 0.5864783293841367, -0.11472490115603448, 0.25033436699046274, 0.11534782608370919, -0.45037424129744524, -0.40134947487354955, -0.521092510554339, -0.27002408805389566, 0.2824345684425204, 0.18602222376252808, 0.05136567541083732, 0.2062491578102943]
other derivatives: [ 0.30299816 -0.51090865  4.45547812 -0.22846507  0.19749677  0.        ]
Current x array =  [-0.66338831 -0.81636891 -0.595054    0.68596018 -3.49283489  0.33647224
 -1.36188343 -0.49949425 -0.81030976 -1.93695171 -2.53020542 -2.94394727
 -0.69591902  1.53295771 -1.28548445 -1.49499123 -3.57333586 -1.57856036
 -1.98876478 -2.11629727 -1.84788858 -1.19319665]
log likelihood =  -2570.5457587204855
Edge derivatives =  [0.728242247438035, 0.367412206879499, -0.4717583855253833, -0.09774844640231978, 0.6592992146712391, -0.07769057175469396, 0.013629354188915421, -0.15438300461416177, -0.517716018853346, -0.4689181096147438, -0.45734619314619873, -0.30780488532939587, 0.36310549997640734, 0.19648094937864063, -0.037136408928246475, 0.2512263775294258]
other derivatives: [ 0.02974048 -0.02028173 -1.02922968 -0.60385901 -0.34542609  0.        ]
Current x array =  [-0.663331   -0.81748165 -0.58752401  0.69391509 -3.48761274  0.33647224
 -1.37411963 -0.50891292 -0.81591091 -1.94602675 -2.52825558 -2.97569079
 -0.67633869  1.5335775  -1.27908222 -1.48543593 -3.63060643 -1.57586535
 -1.99297568 -2.11359513 -1.83918003 -1.19276646]
log likelihood =  -2570.5355587255176
Edge derivatives =  [0.7365953058963852, 0.3599990118564578, -0.4631718338404286, -0.07645698914729895, 0.6906102914636064, -0.05281278638304346, 0.07844994480199048, -0.18364516401745, -0.4422959991800551, -0.42829261140102476, -0.4384862084725986, -0.29193989367377293, 0.3589701040134655, 0.19526795108603373, -0.03438749020191269, 0.2028966425029226]
other derivatives: [-0.03033165 -0.14492798 -0.76220203 -0.54137672 -0.28453542  0.        ]
Current x array =  [-0.66321366 -0.81708076 -0.58799409  0.69301044 -3.48904421  0.33647224
 -1.37540022 -0.50727576 -0.81523234 -1.95019478 -2.52902611 -2.98600131
 -0.67890148  1.53525135 -1.28167143 -1.4864867  -3.64722163 -1.575381
 -1.99306254 -2.11317904 -1.83844548 -1.19120559]
log likelihood =  -2570.5394770828407
Edge derivatives =  [0.5629567859439675, 0.3347509544274625, -0.3432087800622932, -0.049688954925171114, 0.8372873764073443, 0.03915480386150072, -0.15169249355103157, -0.054976234537158164, -0.08952504739109068, -0.28018188314675874, -0.3201853270181131, -0.06854103778096454, 0.13352700419727997, -0.002541023034620185, -0.12377967717323884, -0.29229845774455476]
other derivatives: [-1.42038971e+01 -2.01330295e+00  8.14361556e-01  1.06392690e+00
  1.15505827e-02  0.00000000e+00]
Current x array =  [-0.64879112 -0.814057   -0.59146462  0.67486327 -3.49900788  0.33647224
 -1.3655318  -0.49776026 -0.83549747 -1.97862429 -2.50204032 -3.06420604
 -0.65818901  1.53589694 -1.29693228 -1.49323145 -3.79519622 -1.58027703
 -1.98466902 -2.1009501  -1.82604113 -1.17744235]
log likelihood =  -2570.500263406491
Edge derivatives =  [0.6521979162404499, 0.3477212820105233, -0.4033658972422161, -0.06338822743032059, 0.7631673097560356, -0.0049098304136405806, -0.03331274587566996, -0.11973160457400411, -0.2690091200730755, -0.3543383226817808, -0.3761377501612752, -0.18035123072323278, 0.24904808101659975, 0.0993598510502135, -0.07644666335299319, -0.03715903025249334]
other derivatives: [-6.83639882 -1.04541868  0.00832188  0.23737812 -0.13783392  0.        ]
Current x array =  [-0.65618801 -0.8156078  -0.58968469  0.68417041 -3.49389781  0.33647224
 -1.37059302 -0.50264048 -0.82510409 -1.96404364 -2.51588052 -3.02409717
 -0.66881182  1.53556583 -1.28910544 -1.48977227 -3.71930447 -1.577766
 -1.9889738  -2.10722196 -1.83240295 -1.18450111]
log likelihood =  -2570.433536642267
Edge derivatives =  [0.6362630130231927, 0.22409192073811632, -0.18295444882393047, 0.03806784090448257, 0.9413903313264833, 0.1241530040177576, 0.17222585868125645, -0.40874503197840784, 0.26953909287716465, -0.03560031402646996, -0.2638032136391064, 0.024180790766064053, 0.1332056140922086, -0.00543701398359378, -0.09853760720277743, -0.42924362294850327]
other derivatives: [-3.06349648 -0.90885806  0.73587216  0.28412614 -0.08421921  0.        ]
Current x array =  [-0.65957217 -0.81474215 -0.59090557  0.68329257 -3.49860675  0.33647224
 -1.36784536 -0.48998416 -0.83316786 -1.99238667 -2.50439731 -3.09701145
 -0.66961356  1.54549657 -1.30772344 -1.49867761 -3.84758033 -1.57904341
 -1.98358925 -2.0990975  -1.82428349 -1.17171084]
log likelihood =  -2570.386186101942
Edge derivatives =  [0.5195841090133916, 0.10940170950119467, 0.02618544412392257, 0.0415965598819173, 0.9879882832577458, 0.15404193150673878, -0.041770805773350184, -0.3383347136537944, 0.4902081809255685, 0.10668655901570856, -0.20268000744037595, 0.20786024280755655, -0.03561593569326699, -0.171606619678754, -0.16039186800009114, -0.6724972150335237]
other derivatives: [-0.79462552 -0.55551936  1.02604645  0.27011993 -0.03428795  0.        ]
Current x array =  [-0.66154874 -0.81512234 -0.59105987  0.6833953  -3.49982676  0.33647224
 -1.35373149 -0.48155454 -0.85055438 -2.00910174 -2.47737058 -3.14436097
 -0.64946685  1.54629371 -1.31605951 -1.50349629 -3.94347062 -1.58338105
 -1.97480197 -2.08911445 -1.8158278  -1.16389438]
log likelihood =  -2570.3432332657558
Edge derivatives =  [0.2942022094296988, -0.056326311720899386, 0.2393409120877149, 0.006230681697067066, 0.945574020595008, 0.13098930051993532, -0.4729701080022629, -0.11987145626474205, 0.5555343107759121, 0.18171014360192989, -0.15717712766266606, 0.3790402395271278, -0.26328635571784154, -0.3890348723681897, -0.2332436089296717, -0.785269203211623]
other derivatives: [ 0.75906428  0.01773515  0.65961103  0.17785169 -0.05470611  0.        ]
Current x array =  [-0.66281546 -0.81642832 -0.58998136  0.68508123 -3.49942189  0.33647224
 -1.32713684 -0.47121104 -0.87439302 -2.02294568 -2.43236291 -3.18642142
 -0.61767511  1.54333892 -1.31931442 -1.50760174 -4.04095484 -1.58874722
 -1.96228    -2.07734491 -1.80704433 -1.15974824]
log likelihood =  -2570.3023401632636
Edge derivatives =  [0.0921920610873895, -0.19746811873634815, 0.37642008986433484, 0.024283880689754362, 0.8598429447891659, 0.09559756787241712, -0.5432147207527582, 0.033905887471679996, 0.5222068492330774, 0.2048439985157639, -0.12907524675351384, 0.3872208230814478, -0.3608823759380744, -0.46658270037343214, -0.21790740761699245, -0.5653089402669876]
other derivatives: [ 0.94355528  0.49944902  0.10159056 -0.09445102  0.03346941  0.        ]
Current x array =  [-0.66269376 -0.8176288  -0.58881054  0.68894754 -3.50046027  0.33647224
 -1.30369296 -0.4614331  -0.88674976 -2.03536166 -2.38894808 -3.21973203
 -0.60723255  1.54275686 -1.3184746  -1.51088915 -4.11963779 -1.58762828
 -1.95616096 -2.07403154 -1.80444685 -1.16484887]
log likelihood =  -2570.239343819789
Edge derivatives =  [-0.44838600312880345, -0.45877575582462937, 0.36756704948556407, 0.038008955146489665, 0.3893515659871331, -0.05347175824269523, -0.9191501659078638, 0.06503503644944297, -0.24485465487125785, -0.18607008117007623, -0.07160944887671489, 0.05101477164221524, -0.3774606148806021, -0.48083669989728717, -0.21537093453171194, 0.24909890659231415]
other derivatives: [ 2.65581548 -1.92053449  0.37271093  1.06042535 -0.50190465  0.        ]
Current x array =  [-0.66468759 -0.81223797 -0.58821108  0.67701877 -3.49715218  0.33647224
 -1.25454721 -0.44935055 -0.90476467 -2.07353396 -2.25640672 -3.33042495
 -0.58036177  1.53751484 -1.29538882 -1.50511948 -4.3719667  -1.57178953
 -1.95498883 -2.07733747 -1.79717138 -1.18777447]
log likelihood =  -2570.248326835538
Edge derivatives =  [-0.5118445338246662, -0.4953745581135054, 0.5922422962589837, 0.20776521145354215, 0.10817389387773518, -0.08582618225377278, -0.2634290717642537, -0.21088716089842163, -0.2689935152126916, -0.3152996423738813, -0.04121502942984205, -0.27590766433821834, -0.1157834240631123, -0.2488128134408316, -0.12155333652745175, 0.8439709235048243]
other derivatives: [-0.79676283  6.9606358   2.30766091 -0.58898877 -0.58375917  0.        ]
Current x array =  [-0.65917394 -0.83315232 -0.5900305   0.69972124 -3.49945693  0.33647224
 -1.23896824 -0.4400721  -0.89739815 -2.11609191 -2.17238543 -3.44618408
 -0.59990011  1.54676432 -1.28918102 -1.50535761 -4.60181672 -1.55243238
 -1.9640942  -2.08908692 -1.79545832 -1.19996823]
log likelihood =  -2570.2045448730637
Edge derivatives =  [-0.477321587457612, -0.4751860373438974, 0.4741594650526575, 0.11959050617799534, 0.2691334185459281, -0.06732878508334468, -0.6074504615658229, -0.06174197202148568, -0.25256381121188487, -0.2424391030684921, -0.05441511848934095, -0.09730759963479363, -0.2537158357536687, -0.3703295759077163, -0.16581880303208746, 0.5343913698507796]
other derivatives: [ 1.05610525  2.31957529  1.27515705  0.28785507 -0.53410076  0.        ]
Current x array =  [-0.66209442 -0.82207435 -0.58906678  0.68769613 -3.49823615  0.33647224
 -1.24722015 -0.44498673 -0.90130007 -2.0935497  -2.21689006 -3.38486847
 -0.58955099  1.54186503 -1.29246918 -1.50523147 -4.48006913 -1.56268553
 -1.95927124 -2.08286344 -1.7963657  -1.1935094 ]
log likelihood =  -2570.1728504761554
Edge derivatives =  [-0.35615109290421326, -0.4262530270625967, 0.4548957024473167, 0.20058957213640125, 0.34080853609313677, -0.04077968181045855, -0.1590891082120543, -0.1099096621896215, -0.1305147825250665, -0.17394365028858355, -0.051141916897868005, -0.21177808195821002, -0.12423027166415514, -0.2418693817326064, -0.12447123902966209, 0.5218105259081963]
other derivatives: [-0.17712409  1.05833351 -0.25638656 -0.11132215 -0.21877895  0.        ]
Current x array =  [-0.66090061 -0.81916884 -0.58729159  0.69225002 -3.50220071  0.33647224
 -1.25821847 -0.44536192 -0.88783006 -2.10241054 -2.22064662 -3.40664783
 -0.61187156  1.5470984  -1.29566795 -1.50658068 -4.51071026 -1.55691141
 -1.96619214 -2.08959674 -1.79884494 -1.19274683]
log likelihood =  -2570.1550218925795
Edge derivatives =  [-0.2562250357233354, -0.3464789101191068, 0.3730118512305437, 0.2682196165378018, 0.31174326833163263, -0.036771988621882135, 0.13319551196793072, -0.13259952458006163, -0.16232878785835284, -0.22566961579956474, -0.04230598796109735, -0.37063522981418406, 0.03794199734630624, -0.09777897218094798, -0.11121991658183006, 0.49626042350820104]
other derivatives: [-0.79012352 -0.11173142 -0.14574653 -0.19472282  0.01336957  0.        ]
Current x array =  [-0.66029666 -0.81648752 -0.58749137  0.69271686 -3.50538627  0.33647224
 -1.26860633 -0.44897025 -0.87449834 -2.11824058 -2.20451567 -3.45379331
 -0.62658779  1.55063111 -1.2943877  -1.50521459 -4.59338952 -1.54916907
 -1.97519932 -2.09770457 -1.79874202 -1.19190971]
log likelihood =  -2570.142023564676
Edge derivatives =  [-0.1723447491692399, -0.2699808410836395, 0.30866112635635856, 0.31267665838520964, 0.23739369906750343, -0.043728349974762, 0.24643998945994267, -0.11786238372834634, -0.15351425091148344, -0.23058341699239915, -0.030765110821963954, -0.4256531787655874, 0.17765653868661044, 0.02443916757460607, -0.10831866316125038, 0.3559024486019998]
other derivatives: [-0.78480298 -0.18571882 -1.92071639  0.14788384  0.11236807  0.        ]
Current x array =  [-0.66031345 -0.81623145 -0.5851467   0.68938946 -3.50760942  0.33647224
 -1.27518319 -0.45397788 -0.86433909 -2.13538457 -2.17392595 -3.51303851
 -0.63033124  1.55202178 -1.29395329 -1.50567916 -4.7034745  -1.54558362
 -1.9812481  -2.10374497 -1.79694339 -1.18681151]
log likelihood =  -2570.1285392860955
Edge derivatives =  [-0.055594279630552974, -0.12183390958363435, 0.10335509667665486, 0.34926596917779923, 0.07538238864755618, -0.05904623593507695, 0.2916071453283676, 0.015935141099961636, -0.11255293253446214, -0.2680152308923676, -0.01972507024522563, -0.39935097035480127, 0.3014337399211622, 0.1319514586660619, -0.12540407008060428, -0.1317910509411624]
other derivatives: [ 0.0424734  -0.75733624  1.37179086  0.06598384  0.44883564  0.        ]
Current x array =  [-0.66088815 -0.81498187 -0.58911161  0.68840746 -3.51099633  0.33647224
 -1.28795019 -0.46369922 -0.848245   -2.15832042 -2.13100982 -3.6011093
 -0.63258859  1.55354364 -1.29715089 -1.50910398 -4.86510762 -1.54509968
 -1.98800082 -2.11110552 -1.79419425 -1.17330199]
log likelihood =  -2570.120192264875
Edge derivatives =  [-0.07439497913559365, -0.1252471143303072, 0.11536888547369363, 0.3241358044798006, 0.04500455251504995, -0.06588387152147523, 0.1253632824487137, 0.004427435502966759, -0.06301139946173112, -0.2148670823994681, -0.017709342442908133, -0.2870435681279955, 0.25257516103885025, 0.09028858261400477, -0.130469362247934, -0.23080412819582574]
other derivatives: [ 0.08863026 -0.16875674  0.13596946  0.20445441  0.28353497  0.        ]
Current x array =  [-0.66093842 -0.81636035 -0.58738785  0.68772987 -3.50943214  0.33647224
 -1.28474637 -0.46474225 -0.851407   -2.15759042 -2.12148574 -3.60759498
 -0.62309347  1.55205354 -1.29872933 -1.51147019 -4.88067298 -1.54976163
 -1.98432519 -2.10854969 -1.79313171 -1.16997967]
log likelihood =  -2570.1153809936927
Edge derivatives =  [-0.08026810833162867, -0.1133796090497304, 0.09252398096137618, 0.28997940333795325, 0.030271628556167905, -0.07020705823845381, -0.0560163312345634, -0.010914028400481945, -0.0023824207428802396, -0.14084239408770477, -0.015249766301360195, -0.1301868568650687, 0.18102409501496883, 0.03516698688428499, -0.11369414166068267, -0.32891918720909474]
other derivatives: [ 0.41986823  0.29481271 -0.23360371  0.15556907  0.11937118  0.        ]
Current x array =  [-0.66125117 -0.81744278 -0.58676007  0.68883419 -3.50719577  0.33647224
 -1.28332915 -0.46705448 -0.85295316 -2.15321714 -2.11593283 -3.60822509
 -0.61444212  1.5503856  -1.30102185 -1.5149942  -4.88376884 -1.55624876
 -1.97972493 -2.10592517 -1.79331763 -1.166918  ]
log likelihood =  -2570.114777088553
Edge derivatives =  [-0.09139422030477773, -0.07050745224440605, -0.004228117694712791, 0.2592663226611699, -0.03072336021933934, -0.0828773573207718, -0.22632205182468598, -0.10394965046558946, -0.005930207645667634, -0.10970948276914083, -0.013297541996528661, -0.02159394729376496, 0.10815205838156008, -0.01315240052040266, -0.09766690059923516, -0.35659956488078437]
other derivatives: [-2.33167157 -0.21550477 -0.10604708  0.1594799  -0.1459739   0.        ]
Current x array =  [-0.65853241 -0.81675175 -0.5868981   0.68956319 -3.50475172  0.33647224
 -1.28378771 -0.47088403 -0.85157729 -2.15214509 -2.10174077 -3.62625668
 -0.60772479  1.54890653 -1.30211548 -1.51869004 -4.91849498 -1.56125463
 -1.97587092 -2.10479022 -1.79353205 -1.1665226 ]
log likelihood =  -2570.11111700035
Edge derivatives =  [-0.062443231531482894, -0.06630349186173798, 0.007145076839124909, 0.26025023682786846, 0.007420200037920648, -0.07484667226010815, -0.1919980920264284, -0.08637817341642517, 0.03213056814738899, -0.06852521096206365, -0.011748316627129256, 0.012847007211779227, 0.1062126164228975, -0.011689550984353855, -0.07489784074850363, -0.33243429787635215]
other derivatives: [-0.57607394  0.10813892 -0.06980372  0.00213731 -0.08717507  0.        ]
Current x array =  [-0.66025612 -0.81720191 -0.58689045  0.69109385 -3.50451414  0.33647224
 -1.28563209 -0.47141012 -0.85038414 -2.14918501 -2.10757357 -3.6196558
 -0.6097732   1.54912514 -1.30297479 -1.51943096 -4.90414426 -1.56220511
 -1.97543978 -2.10477166 -1.79455293 -1.1668703 ]
log likelihood =  -2570.1090101456293
Edge derivatives =  [-0.04118983578026349, -0.05276897979822967, -0.009424986473335756, 0.2631941007595013, 0.009668715163381789, -0.07262413014771069, -0.15408927986134272, -0.093958283627812, 0.036431837997341954, -0.04128719339340581, -0.009800652361835752, 0.03022339717859812, 0.10202209344586682, -0.007093537230689617, -0.04679960737650271, -0.2473628312529672]
other derivatives: [ 0.21282176  0.08426468 -0.02746674 -0.13728823 -0.07298695  0.        ]
Current x array =  [-0.66103948 -0.81700624 -0.58689777  0.69259295 -3.50403728  0.33647224
 -1.28738173 -0.47255314 -0.84797362 -2.14794384 -2.10640704 -3.62341383
 -0.61235438  1.54926635 -1.30305077 -1.52059901 -4.90951966 -1.56256269
 -1.97495883 -2.10549191 -1.79570874 -1.16909268]
log likelihood =  -2570.1065664627226
Edge derivatives =  [-0.010768129932963624, -0.02044029080690707, -0.05737241441001248, 0.2636588386664061, -0.0005635493792318855, -0.0718388045502456, -0.11350386430451054, -0.11117521147214082, 0.02981525171427479, 0.004887778804412324, -0.006286497260792889, 0.06715606313411426, 0.08067825269225157, -0.006605081023896953, 0.005092720079198802, -0.07570796651011225]
other derivatives: [ 0.60781531 -0.13815225 -0.0298769  -0.29422154 -0.08344614  0.        ]
Current x array =  [-0.66144065 -0.81638485 -0.58685905  0.69438323 -3.50300151  0.33647224
 -1.29036399 -0.47519264 -0.8436744  -2.14545987 -2.10116197 -3.63430432
 -0.61598287  1.54896924 -1.30297186 -1.52312242 -4.92709881 -1.56361084
 -1.97338445 -2.10665192 -1.79773705 -1.17373106]
log likelihood =  -2570.104369700472
Edge derivatives =  [0.022439182625114414, 0.018958536695742212, -0.0802910880708653, 0.26769904090622426, -0.0004554226489942789, -0.06814488004040457, -0.04182432311254225, -0.04373245663753311, 0.04162769832256861, 0.05887836177827538, -0.0025605550168903216, 0.10114780296976283, 0.05723665526395308, -0.0007801704433838264, 0.06343411744806438, 0.10913413867812516]
other derivatives: [ 0.37575774  0.45943125  0.1162789  -0.28812792  0.02328306  0.        ]
Current x array =  [-0.66106055 -0.81763731 -0.58713379  0.69420548 -3.5030662   0.33647224
 -1.29334662 -0.47773045 -0.84004369 -2.14082901 -2.0963391  -3.64551975
 -0.62093602  1.54781399 -1.30313808 -1.52584036 -4.94409637 -1.56419157
 -1.971125   -2.10783969 -1.79971444 -1.17837526]
log likelihood =  -2570.102197375833
Edge derivatives =  [0.02102573855376013, 0.049901932791408615, -0.12887404017324197, 0.25010031853804227, -0.03334502133213875, -0.07155937238183423, -0.0747818949841988, 0.03807176552196612, 0.01954703780322182, 0.11333639764922343, 0.0007019376864881473, 0.15748171737174055, -0.027790008147624015, -0.03798415432014815, 0.10528346255610986, 0.2531974716125528]
other derivatives: [ 0.02560228 -0.25024747 -0.05275069 -0.08808456  0.05593392  0.        ]
Current x array =  [-0.66079863 -0.81599397 -0.58698021  0.69164736 -3.50215536  0.33647224
 -1.2944152  -0.48084963 -0.83874893 -2.13259903 -2.08633047 -3.66060146
 -0.6216625   1.54509101 -1.30330412 -1.52951694 -4.96891813 -1.56638534
 -1.96591815 -2.10762913 -1.8010392  -1.18253237]
log likelihood =  -2570.1003780679616
Edge derivatives =  [0.01984021547252767, 0.050700575328326974, -0.10905423024673386, 0.2501819202113944, -0.026094310510285334, -0.06905654400811984, -0.03482638721578388, 0.05428144000679169, 0.01647007145837294, 0.1095326981102574, 0.00031838732008280385, 0.12460637099816901, -0.03837871011930574, -0.034751998833515235, 0.0992882112330607, 0.2446078847914186]
other derivatives: [-0.17857928 -0.09740688 -0.00618456  0.08553798  0.07903509  0.        ]
Current x array =  [-0.66058366 -0.81630908 -0.587146    0.68952556 -3.50239968  0.33647224
 -1.29471382 -0.48071317 -0.83957278 -2.12790415 -2.08709382 -3.66163529
 -0.62426588  1.54456449 -1.30318403 -1.5292855  -4.96818133 -1.56496798
 -1.96501926 -2.10798743 -1.80075338 -1.18228232]
log likelihood =  -2570.095610918112
Edge derivatives =  [0.022332616871286882, 0.058992037019831606, -0.04847410847776701, 0.23476838884780735, -0.017430226672050023, -0.06386569181854694, 0.04349342466464608, 0.07379007848450037, 0.01922790301946463, 0.10326252632480892, -0.0013754969153317968, 0.03891629271276542, -0.09442605166495066, -0.037598385125736086, 0.06512891731508638, 0.12309952532815649]
other derivatives: [-0.45870365  0.19117579 -0.04833964  0.45424713  0.05893526  0.        ]
Current x array =  [-0.66031536 -0.81691702 -0.58728407  0.6850454  -3.50184479  0.33647224
 -1.29582092 -0.48113836 -0.84280945 -2.10826517 -2.08702234 -3.66830944
 -0.63076189  1.54262294 -1.30338303 -1.52901993 -4.97064574 -1.56158226
 -1.96085423 -2.10889362 -1.79926291 -1.17898451]
log likelihood =  -2570.0903280834495
Edge derivatives =  [0.03490252174926733, 0.0790272762915477, 0.0027146976027346836, 0.20323769140924797, -0.03220536555126129, -0.06164188976954227, 0.12156696789978398, 0.11947591893917586, 0.012205043069861029, 0.08516795821396533, -0.0033372066766905496, -0.05530767330925079, -0.1692885585234646, -0.04294013713287183, 0.02407566225025975, -0.006940580242038474]
other derivatives: [-0.54010343  0.2195975   0.39881343  0.49162736  0.05702532  0.        ]
Current x array =  [-0.66020955 -0.81701159 -0.58790256  0.68410271 -3.50054537  0.33647224
 -1.29776116 -0.48223963 -0.84571126 -2.07970645 -2.08321352 -3.68374759
 -0.63892222  1.54027058 -1.30351461 -1.52895873 -4.98467579 -1.55803406
 -1.95569797 -2.11076391 -1.79755713 -1.17573514]
log likelihood =  -2570.1120110896754
Edge derivatives =  [0.1615227276612549, 0.11667635501691319, 0.23302197671078284, 0.14017064454725078, 0.03235725559125479, -0.04488112114280673, 0.45960524323900576, 0.12743602073968974, 0.08526990428056935, 0.12689349664080612, -0.007066285154014192, -0.3412078957580962, -0.21383490011700632, 0.05232614940026993, -0.058803937124625526, -0.13291931445281513]
other derivatives: [-0.86897671  0.55933924 -6.2440904   0.49321898 -0.05029506  0.        ]
Current x array =  [-0.66011985 -0.81771585 -0.57946117  0.68616869 -3.49782876  0.33647224
 -1.30476356 -0.48328341 -0.85032826 -2.00361626 -2.07999229 -3.72217684
 -0.66503003  1.53726683 -1.30296351 -1.52643583 -5.01360997 -1.54711852
 -1.94793281 -2.11824268 -1.79396419 -1.1709691 ]
log likelihood =  -2570.0884577825273
Edge derivatives =  [0.06301146234078188, 0.08753877357973787, 0.054740667520356764, 0.19054546644058615, -0.017727695062210627, -0.05772361050492418, 0.19924800220717837, 0.12136340762678988, 0.02850412099642081, 0.09452658948549264, -0.00417027608215011, -0.11760238180946381, -0.1789187944828912, -0.021757049866925504, 0.006002318014249889, -0.034346546835979486]
other derivatives: [-0.61204446  0.29563125 -1.0479198   0.49153641  0.03506102  0.        ]
Current x array =  [-0.66018982 -0.81716648 -0.58604605  0.68455708 -3.49994791  0.33647224
 -1.2993012  -0.48246919 -0.84672668 -2.06297193 -2.08250507 -3.69219934
 -0.64466411  1.53960996 -1.30339341 -1.52840387 -4.99103929 -1.5556334
 -1.95399018 -2.11240871 -1.79676694 -1.17468694]
log likelihood =  -2570.083989789775
Edge derivatives =  [0.0781816122248949, 0.11019075103337725, 0.07475316780634268, 0.1395059849605088, -0.05805476380052091, -0.0603269035972336, 0.2174965142799677, 0.1351186280372043, 0.015679529241606514, 0.0648217617705909, -0.005832388834321325, -0.18160432915834213, -0.2523166779332709, -0.03047502862749145, -0.03794037608322479, -0.17481633650463657]
other derivatives: [-0.35392986  0.04220055 -0.19481377  0.18958417 -0.03074092  0.        ]
Current x array =  [-0.6604178  -0.81669949 -0.58698625  0.68752541 -3.49771873  0.33647224
 -1.30132026 -0.48396771 -0.84891241 -2.031609   -2.07531123 -3.71340392
 -0.65080638  1.53772934 -1.30358833 -1.52844069 -5.01450869 -1.55354037
 -1.94930147 -2.11459575 -1.79495114 -1.17138805]
log likelihood =  -2570.0817274764804
Edge derivatives =  [0.0807517478259499, 0.11035019879948502, 0.06413985138745981, 0.1100555391699284, -0.08676494854984755, -0.06381414112409035, 0.1822752914203466, 0.10507499926865083, 0.005716235725015582, 0.04567048803230178, -0.00547003652201138, -0.17336503580541252, -0.25179151951361023, -0.022190759733271212, -0.04738030465712933, -0.1807286548711564]
other derivatives: [ 0.01755325 -0.04815774  0.01978151 -0.03442437 -0.10381882  0.        ]
Current x array =  [-0.66077373 -0.81652443 -0.58710257  0.6901631  -3.49676614  0.33647224
 -1.30143051 -0.4841028  -0.84910771 -2.01888334 -2.07008986 -3.72586629
 -0.65107893  1.53783215 -1.30335987 -1.52810436 -5.03107419 -1.55398259
 -1.94913388 -2.11579812 -1.79432757 -1.17133903]
log likelihood =  -2570.0786748965966
Edge derivatives =  [0.07267986058723774, 0.09342086666643709, 0.03674901120328583, 0.06605670668001622, -0.1172770842805429, -0.06863729620241125, 0.10200186100699637, 0.05573050868787022, -0.00815690953660584, 0.008149733861454567, -0.004369228539112209, -0.13052032450449458, -0.20123225313317683, 0.008379050445775735, -0.05132365871607205, -0.13321366996465156]
other derivatives: [ 0.16066224 -0.17912498  0.11732482 -0.31204763 -0.1810804   0.        ]
Current x array =  [-0.66088525 -0.81629706 -0.58701722  0.69367145 -3.4966905   0.33647224
 -1.30033993 -0.48278426 -0.84913644 -2.00278666 -2.06426519 -3.74199484
 -0.64928576  1.53919896 -1.30278059 -1.52668151 -5.05218473 -1.55573964
 -1.95193344 -2.1175667  -1.79365597 -1.17264557]
log likelihood =  -2570.0815979364006
Edge derivatives =  [0.06099441697299625, 0.04530558866783732, 0.04120012997537528, 9.085358732767446e-05, -0.11853309104488494, -0.06406276976398553, 0.016436755929640334, 0.2309323591429534, -8.088102979505671e-05, 0.012301914387335744, 0.002227328501459208, -0.006086129193066503, -0.10150847736471734, 0.06745635457111492, -0.008640701822529056, 0.07213820488126144]
other derivatives: [ 3.81696736  0.3526111   0.06275513 -0.1589342   0.11132215  0.        ]
Current x array =  [-0.66446947 -0.81686631 -0.58675428  0.69129023 -3.50028501  0.33647224
 -1.29775542 -0.47968174 -0.84992607 -1.97315696 -2.05838715 -3.76651043
 -0.64793039  1.54039898 -1.3021578  -1.5253159  -5.08048411 -1.55927444
 -1.95641909 -2.11951487 -1.79359918 -1.1772673 ]
log likelihood =  -2570.077522107843
Edge derivatives =  [0.06858947481811015, 0.07666586631674052, 0.03840292348214544, 0.04353111132012749, -0.11761147143031067, -0.06700488604580546, 0.07235840800275442, 0.11658850418744848, -0.005341927820719197, 0.009633377653414432, -0.0020424278526705794, -0.08726290561229821, -0.16658056247386424, 0.028878531181108516, -0.03650649054693659, -0.06187388478092315]
other derivatives: [ 1.43409125  0.00572982  0.09840733 -0.25916052 -0.07939889  0.        ]
Current x array =  [-0.66212918 -0.81649462 -0.58692596  0.69284503 -3.49793799  0.33647224
 -1.29944296 -0.48170752 -0.84941049 -1.9925035  -2.06222518 -3.75050312
 -0.64881537  1.53961544 -1.30256445 -1.52620757 -5.0620062  -1.55696641
 -1.95349021 -2.11824282 -1.79363626 -1.17424957]
log likelihood =  -2570.074938595361
Edge derivatives =  [0.04558113036635902, 0.04440289618231452, 0.01581751277968292, 0.0050932208832587915, -0.12294319748334265, -0.06937656349739552, -0.010158452014585928, 0.07747594019309978, -0.014315848355653735, -0.033261866237337456, -0.0011858025633528606, -0.03913441875324297, -0.08491475730027775, 0.0687633620292131, -0.038362482009925966, -0.007304180276782368]
other derivatives: [ 0.85069587 -0.05734364  0.04461072 -0.32305252 -0.10436452  0.        ]
Current x array =  [-0.66150675 -0.81645854 -0.58677401  0.69399191 -3.49945638  0.33647224
 -1.29717818 -0.47886606 -0.85007305 -1.97966924 -2.06057431 -3.76060112
 -0.64600978  1.5417379  -1.30195235 -1.5239532  -5.07309735 -1.55885027
 -1.95833638 -2.11947579 -1.79301552 -1.17562758]
log likelihood =  -2570.0730773462756
Edge derivatives =  [0.019722006182609178, 0.00972577308257866, 0.009556690679777047, -0.022549281873647416, -0.0996526537254463, -0.06700010147201947, -0.05218220738925183, 0.06045898191423604, -0.014054114875014633, -0.05950917505743314, -0.00022886443367536868, -0.004229659022871202, -0.0071109901324919456, 0.10384383135367006, -0.034034507398980694, 0.037872483443585625]
other derivatives: [ 0.18130777 -0.02187335 -0.01118678 -0.15493242 -0.06089067  0.        ]
Current x array =  [-0.66080279 -0.81657328 -0.58676207  0.69228368 -3.50205607  0.33647224
 -1.29494487 -0.47563141 -0.85112191 -1.96837472 -2.06288309 -3.76594504
 -0.64490747  1.54399057 -1.30155972 -1.52193538 -5.0752325  -1.55996899
 -1.96307318 -2.11992998 -1.79270821 -1.17662654]
log likelihood =  -2570.072578915758
Edge derivatives =  [0.009508668175862448, -0.002369999044302934, 0.013653617414947083, -0.026843421039142022, -0.07712409984288922, -0.06365700064501993, -0.04549765725685562, 0.05813281241864421, -0.009927846058571319, -0.05504082672530003, 0.0002660764128741, 0.003102400260910798, 0.013307128782224592, 0.10858000661668095, -0.027238312386922144, 0.049223576193606844]
other derivatives: [-0.06270966 -0.02464731 -0.03610694  0.00723048 -0.01864464  0.        ]
Current x array =  [-0.66055861 -0.81654274 -0.58681541  0.69039985 -3.50345684  0.33647224
 -1.2942154  -0.47442793 -0.85154814 -1.9650469  -2.06547529 -3.76620229
 -0.64551371  1.54495067 -1.30154883 -1.52160823 -5.07251772 -1.56003968
 -1.96449035 -2.11942139 -1.79287483 -1.17680479]
log likelihood =  -2570.072287127721
Edge derivatives =  [0.007871428243195616, -0.0047671105181366635, 0.020100868553099407, -0.02576467864614615, -0.05981858160080944, -0.06061945542232501, -0.028330413946987487, 0.041108927485769664, -0.002979670140775357, -0.03971185226014545, 0.0006637585229087098, 0.005745285611575501, 0.014931401200210026, 0.10103111872508165, -0.01921818729328882, 0.046560458451978315]
other derivatives: [-0.11118573  0.08126335 -0.01714398  0.07025847 -0.00654836  0.        ]
Current x array =  [-0.6604956  -0.81676108 -0.58688163  0.68968728 -3.50413614  0.33647224
 -1.29400746 -0.47403986 -0.85154036 -1.96381026 -2.06725507 -3.7666446
 -0.64644201  1.54570888 -1.30163191 -1.52193866 -5.07107485 -1.55993364
 -1.96483577 -2.11845603 -1.79319309 -1.17658625]
log likelihood =  -2570.07186841635
Edge derivatives =  [-0.00027663926500798297, -0.012416269877113223, 0.021715993816585413, -0.022047088091722712, -0.01559008237027162, -0.053327632382829934, 0.008169660278551455, -0.0009176976087621469, 0.005425614029624003, 0.007770116446231989, 0.001595759102243792, 0.015720942016952066, 0.010283974668315876, 0.06350976861568766, 0.002269287697111863, 0.026356966474401444]
other derivatives: [-0.0644377  -0.30659066 -0.06489245  0.15747901  0.0426553   0.        ]
Current x array =  [-0.66059471 -0.81585676 -0.58687381  0.68856568 -3.50610297  0.33647224
 -1.29322429 -0.4730788  -0.85100415 -1.96206289 -2.07192129 -3.76889123
 -0.64841816  1.54808895 -1.30180731 -1.52319514 -5.06874338 -1.55994549
 -1.96592801 -2.1148647  -1.79429076 -1.17586821]
log likelihood =  -2570.0714277951756
Edge derivatives =  [0.005909771017706081, -0.006451593000389444, 0.03155475074884598, -0.026879619043460853, 0.0013520864513243483, -0.04943679196669917, 0.031184633608498852, -0.03713176557939246, 0.018941824463181666, 0.03743079587122411, 0.0022844799061845014, 0.02022607011738453, -0.0027816106858754575, 0.03720007198337867, 0.014710807957541991, 0.0033297954712683264]
other derivatives: [-0.0295131   0.15711521  0.0943146   0.08344614  0.02692104  0.        ]
Current x array =  [-0.66054452 -0.81692651 -0.58704796  0.68954284 -3.50646308  0.33647224
 -1.29316399 -0.47314901 -0.85053173 -1.95746935 -2.07251982 -3.77497593
 -0.65009707  1.5491369  -1.30188912 -1.52416502 -5.07372907 -1.5597554
 -1.96562787 -2.11262107 -1.79473529 -1.17489908]
log likelihood =  -2570.0712256068314
Edge derivatives =  [0.00793313785510076, -0.004547980008319158, 0.026270028207709142, -0.030222258017625077, -0.002847058717967095, -0.050127440927834555, 0.023829223651291725, -0.04251828014549963, 0.016921084224554333, 0.03924354382270645, 0.002299457168993768, 0.021663693570241005, -0.006940138766701381, 0.029290016445280065, 0.014266279117920447, -0.002208994993300184]
other derivatives: [0.02851266 0.09481482 0.009004   0.00040927 0.01118678 0.        ]
Current x array =  [-0.66060858 -0.81681757 -0.58688224  0.69056651 -3.50621622  0.33647224
 -1.2931189  -0.47333963 -0.85016937 -1.95662685 -2.07156663 -3.77773259
 -0.64988054  1.54919466 -1.30179783 -1.52426739 -5.07733157 -1.55985387
 -1.96556878 -2.11210715 -1.79473564 -1.1747393 ]
log likelihood =  -2570.071096989741
Edge derivatives =  [0.005422204136220292, -0.0015698787657884017, 0.0062121550573469575, -0.0379860078402918, -0.011704604801704037, -0.05127926121721249, 0.006535190985643341, -0.0347293257962632, 0.005079422501783025, 0.03549537881649506, 0.0024016643919785377, 0.023093357133571413, -0.01898078323384543, 0.008371320967153623, 0.014157388927215598, -0.011346167982797972]
other derivatives: [ 0.12014425 -0.0865839   0.2834895  -0.1164608   0.00813998  0.        ]
Current x array =  [-0.66070149 -0.8164683  -0.58715083  0.69180843 -3.50596807  0.33647224
 -1.29295575 -0.47367304 -0.84934377 -1.95478067 -2.07006469 -3.7834869
 -0.64961757  1.54911109 -1.30156584 -1.52437354 -5.08408076 -1.5599463
 -1.96550058 -2.11082679 -1.79477195 -1.17459236]
log likelihood =  -2570.0709724381923
Edge derivatives =  [0.008562439762131419, 0.00044474416124401506, 0.003938119300062992, -0.04033791692476977, -0.008183707465336462, -0.05072340864158891, 0.006578220249880001, -0.03215328737719736, 0.006673040353989218, 0.0445799776146909, 0.0026337378106926664, 0.02253725319796962, -0.023340724751778036, -0.0022983519251739137, 0.016762114929980546, -0.010017277056550866]
other derivatives: [ 0.11004886 -0.09231371 -0.07930794 -0.13187673  0.00172804  0.        ]
Current x array =  [-0.66070655 -0.81647659 -0.58665465  0.69214694 -3.50590512  0.33647224
 -1.29288287 -0.47387481 -0.84883682 -1.95354457 -2.06954975 -3.78699106
 -0.64977001  1.54906604 -1.30145421 -1.52450287 -5.08766355 -1.55989117
 -1.96540777 -2.10985846 -1.794849   -1.17449612]
log likelihood =  -2570.0708730026718
Edge derivatives =  [0.007389674976419611, 0.0005933481227997084, -0.0008771603556627927, -0.04281984253200528, -0.007667594966060072, -0.050561004261140116, 0.003060709699426678, -0.022925909982423165, 0.0043731771697393985, 0.0432539603318331, 0.002774487206062333, 0.021563680930775986, -0.024431342619123123, -0.006906575690475522, 0.01739546027546432, -0.005908573987003729]
other derivatives: [ 0.06739356 -0.08017196 -0.11823431 -0.11236807  0.00545697  0.        ]
Current x array =  [-0.66066436 -0.81651472 -0.58660163  0.69194104 -3.50592239  0.33647224
 -1.29279257 -0.4739304  -0.84858027 -1.95262802 -2.06927917 -3.78905699
 -0.64980559  1.54888632 -1.30135339 -1.52438481 -5.08956743 -1.55982273
 -1.96545899 -2.10942274 -1.79482708 -1.17457546]
log likelihood =  -2570.0704485281194
Edge derivatives =  [-0.002875656288351784, 0.002020840603660451, -0.04087096419694264, -0.06083105160509695, -0.010862771057884121, -0.050051849968223955, -0.027538152045665343, 0.03449074698745702, -0.016937630396729426, 0.026048274610454114, 0.0037740376492973217, 0.01407609892794126, -0.03395047937690765, -0.04239141950560377, 0.019575501884149485, 0.019134199547541142]
other derivatives: [-0.00077307 -0.02773959 -0.12387318  0.00068212  0.01573426  0.        ]
Current x array =  [-0.66060115 -0.81669006 -0.58655163  0.69066293 -3.50574332  0.33647224
 -1.2921653  -0.47451325 -0.84662411 -1.94673669 -2.06676365 -3.80492431
 -0.64985522  1.54754716 -1.30061983 -1.52342399 -5.10466777 -1.55932034
 -1.96585312 -2.1062819  -1.7945755  -1.17512037]
log likelihood =  -2570.070710313965
Edge derivatives =  [-0.002314530383004852, 0.026966199992963125, -0.05911598060435275, -0.049172940127259784, -0.019906507357738728, -0.05054253846694402, -0.006841415328160294, -0.018479577216083176, -0.024504100564984373, 0.020326897183032155, 0.0029644098725689766, -0.018185617343213556, -0.07217960362252146, -0.07964238855104075, 0.01172681699188059, -0.013497994662483581]
other derivatives: [-1.06128937 -0.16816557 -0.04242793  0.02632987 -0.10181793  0.        ]
Current x array =  [-0.65957247 -0.81654346 -0.58670046  0.69059082 -3.50421031  0.33647224
 -1.29289717 -0.47656456 -0.84539491 -1.95165746 -2.06466201 -3.81338541
 -0.65102637  1.54659098 -1.3007752  -1.52375763 -5.11310026 -1.55825647
 -1.96445045 -2.10417774 -1.79444202 -1.17446647]
log likelihood =  -2570.0703575367766
Edge derivatives =  [-0.002692542524710982, 0.010419488926288079, -0.04700368563417476, -0.05689675638302621, -0.013891147134168585, -0.05021554867753435, -0.020571115071873425, 0.01665862480545155, -0.01948186982178744, 0.0241268819388476, 0.003500584201595512, 0.0032184406044226677, -0.04682432829833326, -0.05492889455954532, 0.016935472747714772, 0.008148983110747743]
other derivatives: [-0.35761332 -0.07489689 -0.09645191  0.00932232 -0.02378329  0.        ]
Current x array =  [-0.66025466 -0.81664068 -0.58660176  0.69063864 -3.50522696  0.33647224
 -1.29241181 -0.47520419 -0.84621008 -1.94839413 -2.06605576 -3.80777423
 -0.6502497   1.54722509 -1.30067216 -1.52353637 -5.10750806 -1.558962
 -1.96538067 -2.10557316 -1.79453054 -1.17490012]
log likelihood =  -2570.07019529833
Edge derivatives =  [-0.0034537695748660877, 0.015130767555507518, -0.054737234926716394, -0.05612157686620682, -0.018334611095172586, -0.050123331847935916, -0.020615014550643324, 0.02266809724580987, -0.024132074714104217, 0.017434654041896536, 0.003646581739658372, -0.004376879213787155, -0.05370518347682299, -0.06599375712550837, 0.014738130272738691, 0.007483637533692411]
other derivatives: [-0.25133886 -0.0649834  -0.03319656  0.03515197 -0.03788045  0.        ]
Current x array =  [-0.6603685  -0.81665585 -0.58667281  0.69031307 -3.50480991  0.33647224
 -1.29247652 -0.47579322 -0.84567133 -1.94896858 -2.06499221 -3.81247223
 -0.65041585  1.54669379 -1.30060099 -1.52330716 -5.11211125 -1.55862448
 -1.96522988 -2.10476698 -1.79437332 -1.17489805]
log likelihood =  -2570.069848169913
Edge derivatives =  [-2.1612051001033972e-05, 0.03144973671270862, -0.05914467729753578, -0.043923010655455536, -0.02797963077502972, -0.04943542677037806, -0.0020786186281668007, 0.0314040728702325, -0.02614998906803196, 0.005552522789099568, 0.0037581081210469394, -0.024573087247347303, -0.06815115049907738, -0.08673486145919365, 0.007586661290987482, -0.003680768450848748]
other derivatives: [ 0.04133653 -0.04934009  0.08044481  0.06230039 -0.06198206  0.        ]
Current x array =  [-0.66067527 -0.81665173 -0.58680514  0.68990927 -3.50380315  0.33647224
 -1.2929037  -0.4774505  -0.84473068 -1.9536662  -2.06268687 -3.82233918
 -0.65101858  1.54559239 -1.30074014 -1.52295636 -5.12161154 -1.55775853
 -1.96484262 -2.10331    -1.79397834 -1.17465171]
log likelihood =  -2570.0696015649114
Edge derivatives =  [0.0034945262541724517, 0.042453053676254404, -0.05624604907813238, -0.0330966114530816, -0.03232689934368256, -0.04865963346436265, 0.014227055952437784, 0.044196404883530604, -0.022491907098508103, -0.0017294126228077356, 0.003829246673655213, -0.033598328800391375, -0.06917728164491818, -0.0945305167169177, 0.003004406165836618, -0.009553744566836886]
other derivatives: [ 0.18326318 -0.03774403  0.12564669  0.05488801 -0.05466063  0.        ]
Current x array =  [-0.66081352 -0.81665305 -0.58685466  0.68992569 -3.50343687  0.33647224
 -1.29311841 -0.47839701 -0.84429416 -1.95763149 -2.06130609 -3.82923029
 -0.651269    1.5450922  -1.3009416  -1.52268034 -5.12803668 -1.55734057
 -1.96503961 -2.10261029 -1.79369922 -1.1745054 ]
log likelihood =  -2570.068988824537
Edge derivatives =  [0.00964547773212214, 0.0632338174784004, -0.0492882850826806, -0.011627451364019534, -0.042430858540437724, -0.04709187675753717, 0.03980558358298608, 0.08367623626575205, -0.011504696209572264, -0.025627346293736697, 0.004136622930480498, -0.04288613577020439, -0.0511208098390557, -0.09905098673836435, -0.007818693413447491, -0.009096881607877916]
other derivatives: [ 0.35456651  0.02382876  0.18144419  0.01136868 -0.01587068  0.        ]
Current x array =  [-0.66095202 -0.81675282 -0.58689452  0.69033526 -3.5030306   0.33647224
 -1.29324903 -0.48004027 -0.84347739 -1.96599752 -2.05775453 -3.84778212
 -0.65107502  1.54424076 -1.3013675  -1.52162172 -5.14539916 -1.55680985
 -1.96658752 -2.10157247 -1.79290734 -1.17449469]
log likelihood =  -2570.068133963384
Edge derivatives =  [0.0080997055643433, 0.07661848338281782, -0.04667625096059477, 0.008692569910231325, -0.05249506743103478, -0.04479828639557666, 0.05101512264132045, 0.09217588703228585, -0.0004301214116655197, -0.06417301806142178, 0.004796127812875316, -0.041438438867865135, -0.0013810991019481134, -0.086758761404396, -0.022890652258495424, 0.005253576279370398]
other derivatives: [ 0.42741704 -0.1076387   0.13860699  0.00695763 -0.00763976  0.        ]
Current x array =  [-0.66101738 -0.81639834 -0.58681252  0.69044246 -3.50285019  0.33647224
 -1.2928165  -0.48113758 -0.84278314 -1.97513731 -2.05292613 -3.87711376
 -0.6498451   1.5440247  -1.30180493 -1.51976245 -5.17222479 -1.55666159
 -1.97011969 -2.10107112 -1.79170005 -1.17488852]
log likelihood =  -2570.0707131661156
Edge derivatives =  [0.019454274005831475, 0.10422902388615132, -0.02255513780591961, 0.03556613420415007, -0.05744180900526145, -0.03608932722437981, 0.05398784176396587, 0.016298865766045334, 0.05513686613173102, -0.0925412065050355, 0.00785196446570035, 0.013853832321074289, 0.12136615929881925, -0.07474947651061101, -0.022757724728574708, 0.04571274880940168]
other derivatives: [ 0.21786946  1.70375642  0.29817784 -0.29326657 -0.08826646  0.        ]
Current x array =  [-0.66041523 -0.8205199  -0.58680966  0.69498863 -3.50295088  0.33647224
 -1.29090662 -0.48227923 -0.84027549 -1.9880466  -2.03965663 -3.96569275
 -0.64588582  1.54603549 -1.30220865 -1.51750002 -5.25510967 -1.55742814
 -1.97849119 -2.09752759 -1.78969045 -1.17476518]
log likelihood =  -2570.0676862265673
Edge derivatives =  [0.01130527728629288, 0.08434910033319735, -0.039692892912723765, 0.016283348940466635, -0.0527579957191663, -0.042045904405487514, 0.052140809664320345, 0.0712645731129048, 0.015285821197311093, -0.07146098609033807, 0.00574758782715756, -0.025720077199073876, 0.032763574592497624, -0.08334588730972801, -0.0225205717406231, 0.0167446360568434]
other derivatives: [ 0.37057362  0.39649422  0.18208084 -0.07594281 -0.02978595  0.        ]
Current x array =  [-0.66085065 -0.81753958 -0.58681173  0.69170128 -3.50287807  0.33647224
 -1.29228766 -0.4814537  -0.84208878 -1.97871185 -2.04925185 -3.90164097
 -0.64874879  1.54458148 -1.30191672 -1.51913599 -5.19517531 -1.55687385
 -1.97243773 -2.10008993 -1.7911436  -1.17485437]
log likelihood =  -2570.0668323740388
Edge derivatives =  [0.0014160720033750268, 0.07734458677298495, -0.044927014868575754, 0.01789177164335602, -0.052387457600781534, -0.03989183471591645, 0.03157987340081618, 0.05322831373454784, 0.01939846974957758, -0.09264150503863833, 0.0065630189260151486, -0.003802507811374589, 0.09007985617923839, -0.06196479400689159, -0.028543497848063742, 0.03684124267710687]
other derivatives: [ 0.19476829  0.13542376  0.03301466 -0.08735697 -0.02842171  0.        ]
Current x array =  [-0.6606737  -0.81694448 -0.58658422  0.69204163 -3.50364495  0.33647224
 -1.29117343 -0.48070817 -0.84190067 -1.98104911 -2.04566075 -3.92998364
 -0.64674103  1.54566593 -1.30192948 -1.51784938 -5.2207586  -1.55753224
 -1.97631006 -2.10020019 -1.79034819 -1.17532799]
log likelihood =  -2570.0661623442656
Edge derivatives =  [-0.012507885371530539, 0.057415407466125695, -0.05047975623684381, 0.008225555515245484, -0.04121295498041694, -0.03713771133800528, -0.002102448279104857, 0.01834434829385645, 0.017838082578222187, -0.08939041453070895, 0.0075050545343590905, 0.027732514991647195, 0.13421062566388767, -0.04056322568987272, -0.023972091122040927, 0.04838285878380022]
other derivatives: [-0.07485141 -0.04124558  0.06853043 -0.08521965 -0.0257387   0.        ]
Current x array =  [-0.66037728 -0.8165648  -0.58661115  0.69221712 -3.50505779  0.33647224
 -1.28987885 -0.47870307 -0.84226128 -1.97861556 -2.04366331 -3.95365745
 -0.64470628  1.54755933 -1.30162514 -1.51763442 -5.24168248 -1.55848793
 -1.97917479 -2.10073816 -1.7900915  -1.17549069]
log likelihood =  -2570.065773881657
Edge derivatives =  [-0.019583440626476177, 0.037460789124526106, -0.050552028893800255, -0.0031545583967505855, -0.019669808043640886, -0.032949844652463305, -0.028982881733140398, -0.029978285207554967, 0.017528285356236233, -0.05445411442684772, 0.008684990198180339, 0.04818133006999736, 0.15305623487652348, -0.03699788384716081, -0.012594237081314982, 0.050941544585893284]
other derivatives: [-0.32832759 -0.06334631 -0.64233063 -0.00545697 -0.06521077  0.        ]
Current x array =  [-0.66012728 -0.81653956 -0.58567934  0.69186028 -3.50618024  0.33647224
 -1.28874441 -0.47681981 -0.84218367 -1.9744135  -2.04105486 -3.9826846
 -0.64317607  1.54924858 -1.30098953 -1.51832189 -5.26768782 -1.55889454
 -1.98035728 -2.10007727 -1.79009315 -1.17509293]
log likelihood =  -2570.065265641559
Edge derivatives =  [-0.02680592689569538, 0.02628700837876874, -0.052510918595539, -0.009080954722086428, -0.011120365829125685, -0.0310091345738076, -0.04219584932858145, -0.04842621116448509, 0.011162121989560004, -0.037260670763376025, 0.009134074077282735, 0.059632790648630474, 0.15196934778315072, -0.03722922602137001, -0.005300836906207614, 0.03806400241016539]
other derivatives: [-0.36702659 -0.08108145 -0.27057467 -0.00891305 -0.05607035  0.        ]
Current x array =  [-0.66004957 -0.81651108 -0.58615283  0.69184153 -3.50699269  0.33647224
 -1.28829648 -0.47561104 -0.84251167 -1.97239248 -2.04050524 -3.99378705
 -0.64255397  1.55031168 -1.30070549 -1.51910895 -5.2773351  -1.55911937
 -1.98041646 -2.10016369 -1.79027681 -1.17467846]
log likelihood =  -2570.064486788788
Edge derivatives =  [-0.03372762258531695, 0.012477027468195262, -0.04921366341332456, -0.012756721731585242, 0.005678270940903597, -0.02632921075276606, -0.04987405420706967, -0.06938666853219488, 0.00045278737464288926, 0.007773577485906902, 0.010053787008740666, 0.06529975278619538, 0.1296998525172639, -0.053705060375012714, 0.008464941558645692, 0.0011770893794179615]
other derivatives: [-0.20395419 -0.03374225  0.14829311  0.01641638 -0.03974492  0.        ]
Current x array =  [-0.66014859 -0.81661314 -0.58667435  0.69148081 -3.50815965  0.33647224
 -1.28778064 -0.4740206  -0.84269545 -1.97071026 -2.03810004 -4.02288943
 -0.64188451  1.55174444 -1.30010918 -1.52100048 -5.30312451 -1.55880633
 -1.97934632 -2.09932982 -1.79057584 -1.17341937]
log likelihood =  -2570.0638831000156
Edge derivatives =  [-0.035305531732581254, 0.011842628231340802, -0.04428283097678917, -0.005648205712508722, 0.015303964100780602, -0.021775757099287488, -0.0391124327417601, -0.0709446750508288, -0.01021832452229958, 0.048204216305961056, 0.010674377991721527, 0.04833545322148636, 0.09194868996593222, -0.08645669467334413, 0.015666842905885388, -0.045033733091144446]
other derivatives: [-0.18630999  0.00204636  0.30590854  0.0649834  -0.02773959  0.        ]
Current x array =  [-0.6601158  -0.81671756 -0.58685542  0.6909264  -3.50876468  0.33647224
 -1.28761806 -0.47353973 -0.84222936 -1.97289537 -2.03338192 -4.06428218
 -0.64164375  1.55226665 -1.29955468 -1.52273452 -5.34039198 -1.55761016
 -1.97758123 -2.09739537 -1.79054585 -1.17188829]
log likelihood =  -2570.0660702346695
Edge derivatives =  [-0.03141550087333637, -0.02903659389288918, -0.0007681032549534395, -0.006932992287467868, 0.03300956463214571, -0.013730772641552463, -0.05447072399644107, 0.03499490826288554, -0.011948070044586943, 0.10122980819042432, 0.013001525101165229, 0.06465070515038174, 0.10093080218721781, -0.07521602497783587, 0.03144230513623338, -0.03531035745935529]
other derivatives: [ 2.32384991  0.13860699  0.05079528 -0.03929017  0.1925855   0.        ]
Current x array =  [-0.6625096  -0.8167091  -0.58628642  0.69185093 -3.51177885  0.33647224
 -1.28608563 -0.46955291 -0.84284621 -1.97084632 -2.02416865 -4.14893432
 -0.63852866  1.55442944 -1.29836474 -1.52374272 -5.41601851 -1.55688244
 -1.97755079 -2.09766218 -1.78993989 -1.17122264]
log likelihood =  -2570.0637064683733
Edge derivatives =  [-0.03446547577518099, 0.0031132571283871424, -0.03483762572457837, -0.005892830473259995, 0.01973877857973544, -0.019847137182019792, -0.04228387852199861, -0.04824374421111699, -0.010408581287373424, 0.05989326043807042, 0.011231032862870947, 0.05204875447379609, 0.09384663106471156, -0.08402074135092248, 0.0192217521653089, -0.0428113026596848]
other derivatives: [0.35233825 0.03165042 0.25111149 0.04260983 0.01937224 0.        ]
Current x array =  [-0.66062761 -0.81671576 -0.58673376  0.69112408 -3.50940914  0.33647224
 -1.28729042 -0.47268732 -0.84236125 -1.97245727 -2.03141205 -4.08238145
 -0.64097772  1.55272907 -1.29930026 -1.52295008 -5.3565615  -1.55745457
 -1.97757472 -2.09745241 -1.79041629 -1.17174597]
log likelihood =  -2570.063374540496
Edge derivatives =  [-0.03140092192564685, 0.009257729601483466, -0.028359299454601472, 0.004403547036360499, 0.019375688379955784, -0.017695340568183057, -0.026120763481357223, -0.026364172074312964, -0.014760627309889848, 0.0754342937653747, 0.01133674235484694, 0.029841706459842632, 0.06811863057789713, -0.10644898240831817, 0.018240451259547354, -0.06693519748865584]
other derivatives: [0.25579538 0.04115464 0.12842065 0.06275513 0.04051799 0.        ]
Current x array =  [-0.66050406 -0.81677221 -0.58655314  0.69093503 -3.5095641   0.33647224
 -1.28736451 -0.47288363 -0.84184714 -1.97590438 -2.02722035 -4.11424257
 -0.64092975  1.55249534 -1.2990303  -1.52360266 -5.3854353  -1.55630402
 -1.97633528 -2.09607197 -1.7901296  -1.1709178 ]
log likelihood =  -2570.062774226163
Edge derivatives =  [-0.02567939511091155, 0.0037877744750303977, -0.009407354334622656, 0.009607051269704403, 0.02019955404201347, -0.015661353593204752, -0.01182033961071155, 0.013036974224882814, -0.018562497111454468, 0.080387637933934, 0.011309396903407407, 0.0014843846502005098, 0.029350318993124958, -0.10791518778150141, 0.017299764164950625, -0.060911622806201327]
other derivatives: [0.11805241 0.05557013 0.0377895  0.00927685 0.09003998 0.        ]
Current x array =  [-0.66031163 -0.81684364 -0.58640537  0.69154859 -3.50990395  0.33647224
 -1.28771742 -0.47180881 -0.84236464 -1.9766305  -2.02350587 -4.14517198
 -0.64086691  1.55230549 -1.29871202 -1.52377161 -5.41270368 -1.55494233
 -1.97349504 -2.09704673 -1.78985356 -1.17096352]
log likelihood =  -2570.0619262244386
Edge derivatives =  [-0.023360196228170926, -0.017194049373836257, 0.014958391172377433, 0.015241518993688447, 0.007351457341433956, -0.013246665195334899, -0.003308990656707117, -0.022185930506776863, -0.02644344762623578, 0.04594498759089943, 0.011253640219546746, -0.04939539942060145, -0.019789482954647428, -0.08566680873679466, 0.005505436001420179, -0.019181274065798504]
other derivatives: [-0.03983587  0.01514309 -0.15420483 -0.00600267  0.01441549  0.        ]
Current x array =  [-0.66011325 -0.81675937 -0.58611311  0.69205596 -3.50934947  0.33647224
 -1.28827568 -0.46950652 -0.8433756  -1.97810609 -2.01504409 -4.21206072
 -0.64016029  1.5523731  -1.29831385 -1.522262   -5.47144987 -1.55258311
 -1.96927142 -2.1004346  -1.78872022 -1.17204799]
log likelihood =  -2570.0616328713945
Edge derivatives =  [-0.01923636005463887, -0.02914322640873085, 0.030244658177045497, 0.013742033511783824, 0.0009152352480181619, -0.01260866262893919, -0.005452323434647965, 0.022238695069468406, -0.01482952391268963, 0.00659874410230038, 0.011416806004867275, -0.04535276820811429, -0.014523312058589893, -0.03982268054754068, 0.0010623060976421503, 0.025759877541680742]
other derivatives: [-0.08722054  0.1756689  -0.07617018 -0.04047251  0.06630216  0.        ]
Current x array =  [-0.65999025 -0.8170855  -0.5862043   0.69243106 -3.50962905  0.33647224
 -1.288704   -0.46807622 -0.84426901 -1.97683789 -2.01221301 -4.23558697
 -0.63959297  1.55201083 -1.29857136 -1.52044916 -5.49127301 -1.55257336
 -1.96825454 -2.10435265 -1.7880702  -1.1732281 ]
log likelihood =  -2570.061698464246
Edge derivatives =  [-0.02033273136119549, -0.03660283161723302, 0.020424026519323027, 0.009754790519056367, -0.01024549770798347, -0.01313222928793441, -0.011779864075006613, 0.020613223897775423, -0.01575110700015723, -0.03520769039434701, 0.011227308676201255, -0.0442197675985011, -0.025761350147449208, -0.0071961938827622834, -0.009238623581427534, 0.03468546433597597]
other derivatives: [-0.02705747 -0.44351509  0.02669367 -0.04120011  0.04088179  0.        ]
Current x array =  [-0.66013315 -0.8156499  -0.58634124  0.69227468 -3.50890776  0.33647224
 -1.28962748 -0.46769983 -0.84466027 -1.97564087 -2.01077395 -4.24662761
 -0.63981195  1.55136452 -1.29904807 -1.51892319 -5.49984603 -1.55287148
 -1.96680359 -2.10799945 -1.78762169 -1.17389169]
log likelihood =  -2570.0615202606705
Edge derivatives =  [-0.019715396083487643, -0.032439440364927574, 0.02590845927196675, 0.011980241403253614, -0.00400630552607719, -0.012839767090059576, -0.008243062405435542, 0.021528025291552844, -0.015233034786060057, -0.01189630404438291, 0.011333108068361701, -0.04484128460738335, -0.019490239636477932, -0.025344512628629717, -0.003493089663617218, 0.02972433504062333]
other derivatives: [-0.0604814  -0.0982709  -0.03055902 -0.04074536  0.0550699   0.        ]
Current x array =  [-0.66005354 -0.81644965 -0.58626495  0.6923618  -3.50930958  0.33647224
 -1.28911302 -0.46790951 -0.8444423  -1.97630771 -2.01157563 -4.24047703
 -0.63968996  1.55172457 -1.2987825  -1.51977329 -5.49507012 -1.5527054
 -1.96761189 -2.10596787 -1.78787155 -1.17352201]
log likelihood =  -2570.0614449847685
Edge derivatives =  [-0.019525290169480986, -0.0313537556870539, 0.021512899391471996, 0.010329552385514404, -0.004500073150691626, -0.012964599898971727, -0.01165181627948636, 0.005517350617401551, -0.009757435808035515, -0.02033335842197126, 0.011454911073156998, -0.03282242177849026, -0.008821075908430648, -0.014917324947024205, -0.003595721672097079, 0.031247514767795526]
other derivatives: [-0.02082743 -0.05229595 -0.00513865 -0.01282388  0.02655725  0.        ]
Current x array =  [-0.66010082 -0.8165239  -0.58631277  0.69208767 -3.50900125  0.33647224
 -1.28927593 -0.46818044 -0.84430328 -1.97592455 -2.0119321  -4.23724644
 -0.63975144  1.55162255 -1.29900914 -1.51939128 -5.49194051 -1.55320508
 -1.96807098 -2.1065762  -1.7878175  -1.17358023]
log likelihood =  -2570.0613635251602
Edge derivatives =  [-0.017291031310209627, -0.026957383258548684, 0.013941803235139966, 0.008466909794468284, -0.003474341190768733, -0.012752580744179778, -0.014513241461752507, -0.01483477031014624, -0.0012912266852102353, -0.023438503109617315, 0.011668979480899276, -0.012104570537205706, 0.002587986646308188, -0.0023889685484193013, -0.0023326360743639377, 0.01950434192735806]
other derivatives: [ 0.01523404 -0.00704858  0.02378329  0.02346496 -0.0093678   0.        ]
Current x array =  [-0.66014511 -0.81659132 -0.58636815  0.69173437 -3.50860274  0.33647224
 -1.28966313 -0.4687463  -0.84389329 -1.97543937 -2.01199011 -4.23725748
 -0.63993321  1.55148268 -1.29933464 -1.51925008 -5.49143114 -1.55403074
 -1.96852263 -2.10735004 -1.78778423 -1.17325263]
log likelihood =  -2570.0613026175915
Edge derivatives =  [-0.0117647367581592, -0.019696101829721258, 0.009437372446662998, 0.008432650783913854, -0.0018582781167217413, -0.012217528865921848, -0.011607930229658253, -0.01741393295768734, 0.005586617380320409, -0.018900254404080608, 0.011826150136701536, 0.002623757302013474, 0.00408637803303713, 0.0056389463873527945, -0.0009818325876746227, 0.0027535562271002734]
other derivatives: [ 0.03083187  0.01487024  0.01905391  0.03064997 -0.02073648  0.        ]
Current x array =  [-0.66015906 -0.8166233  -0.58636822  0.69167802 -3.50831487  0.33647224
 -1.29022513 -0.46938712 -0.84341634 -1.97526153 -2.01142361 -4.24271838
 -0.64025625  1.5512321  -1.29956248 -1.51945628 -5.4956209  -1.55459413
 -1.96837957 -2.10802813 -1.78775516 -1.17276394]
log likelihood =  -2570.061247719683
Edge derivatives =  [-0.0038162996744847966, -0.007301134306542639, 0.0011840661409063952, 0.008283207965891722, -0.0005960337737940108, -0.011324306876433626, -0.00882494983841331, -0.006428240472871716, 0.005645917990933079, -0.004419136371605459, 0.012019236133455489, 0.014844616995947968, 0.002144452224542459, 0.009005507856746864, 0.0009640969789987252, -0.013743611605823935]
other derivatives: [ 0.02150955  0.01623448  0.1290573   0.00204636 -0.00736691  0.        ]
Current x array =  [-0.66012695 -0.81662928 -0.58649724  0.6919674  -3.50825625  0.33647224
 -1.2909415  -0.47025493 -0.8425635  -1.97501592 -2.00972564 -4.25849079
 -0.64055125  1.55106128 -1.29951877 -1.52018647 -5.50842915 -1.55498548
 -1.96817847 -2.10845357 -1.78768203 -1.17225944]
log likelihood =  -2570.0612928622977
Edge derivatives =  [0.008963593928520808, 0.004516677224836674, -0.001799394949190361, 0.006170593090738294, 0.007535850418804765, -0.0103992167561841, -0.005412632839082887, 0.0025592647387363554, 0.012844730834107435, 0.015262376500106645, 0.01227331544062328, 0.03267926747855332, 0.010226259575746105, 0.024098057269454437, 0.0040782463046154455, -0.014382898310804082]
other derivatives: [-0.04465619 -0.01045919 -0.275395   -0.01923581  0.00177351  0.        ]
Current x array =  [-0.66006845 -0.81656102 -0.58597408  0.69237052 -3.50819955  0.33647224
 -1.29176129 -0.47110412 -0.84182484 -1.97350275 -2.00902788 -4.26735965
 -0.64092023  1.55092133 -1.29951887 -1.52078023 -5.51458449 -1.55567744
 -1.96822291 -2.10949744 -1.78766998 -1.17209691]
log likelihood =  -2570.0612295967044
Edge derivatives =  [0.0006406818869487962, -0.003180036402608305, 0.00014874245533440245, 0.007548423071259039, 0.002246075465153284, -0.010998941925787386, -0.007631553448651934, -0.00329287730375305, 0.008158459497597956, 0.002447313077842128, 0.012108428186575301, 0.02106563895615099, 0.004961805392160595, 0.014269349440948945, 0.00205141076348791, -0.013963308693617615]
other derivatives: [-0.00154614  0.00691216 -0.01177796 -0.00536602 -0.00422915  0.        ]
Current x array =  [-0.66010656 -0.81660549 -0.58631489  0.69210791 -3.50823649  0.33647224
 -1.29122725 -0.47055092 -0.84230603 -1.97448849 -2.00948243 -4.26158211
 -0.64067986  1.5510125  -1.2995188  -1.52039343 -5.51057465 -1.55522667
 -1.96819396 -2.10881742 -1.78767783 -1.17220279]
log likelihood =  -2570.0612197676764
Edge derivatives =  [0.001606822940367937, -0.002204302165077443, 0.0006128787358817139, 0.008228005971763385, 0.0014512400052013735, -0.010800506792642092, -0.006325677910812066, -0.00010809621520091461, 0.00455472330719129, 0.006132750146825017, 0.012101536632125633, 0.015421219677522635, 0.00047228148016417726, 0.010935168836259362, 0.0017134569608101878, -0.012043066836170402]
other derivatives: [ 0.0136879  -0.00081855 -0.0093678  -0.01555236  0.00150067  0.        ]
Current x array =  [-0.66011553 -0.81659379 -0.5863076   0.69222036 -3.50830273  0.33647224
 -1.29126664 -0.47055096 -0.84220674 -1.97466935 -2.00872165 -4.26794067
 -0.64065799  1.55105601 -1.29936682 -1.52057277 -5.51604826 -1.55495957
 -1.96797105 -2.10865675 -1.78762514 -1.17223529]
log likelihood =  -2570.0612839339638
Edge derivatives =  [0.0009974844751575451, 0.003703599458881296, -0.006742495257580805, 0.008063136788851382, -0.0008290112499923577, -0.010803873447779316, -0.006518635485850549, -0.009395321026728354, -0.006625530928083288, 0.009578726650872282, 0.011939453290424739, 0.000981565950805785, -0.005434280202663289, 0.0025973500254583004, -0.0004097367252085659, -0.004315266640837145]
other derivatives: [-0.40026862 -0.06052687  0.02200977 -0.00600267 -0.01132321  0.        ]
Current x array =  [-0.6596975  -0.81652795 -0.58635704  0.69217829 -3.50836843  0.33647224
 -1.29136399 -0.47082695 -0.84181158 -1.97472502 -2.00733605 -4.27974197
 -0.64074003  1.55115067 -1.2990104  -1.52087711 -5.52563716 -1.55438695
 -1.967891   -2.10811636 -1.78749893 -1.17247647]
log likelihood =  -2570.0612161555023
Edge derivatives =  [0.001492828719580945, -0.0010954260636413526, -0.0007637641240933468, 0.008197592309890846, 0.0010345702565672174, -0.010799827412418094, -0.006360000094430218, -0.0018494677101756896, 0.0024607851864803104, 0.006784384128982246, 0.012071310933635091, 0.012716484612404377, -0.0006361994911243674, 0.00937222788088607, 0.0013180376593562382, -0.01059116709775798]
other derivatives: [-0.06393748 -0.0120508  -0.00354703 -0.01386979 -0.00090949  0.        ]
Current x array =  [-0.66003712 -0.81658144 -0.58631687  0.69221247 -3.50831505  0.33647224
 -1.2912849  -0.47060273 -0.84213261 -1.9746798  -2.00846175 -4.27015432
 -0.64067338  1.55107377 -1.29929997 -1.52062986 -5.51784692 -1.55485216
 -1.96795603 -2.10855539 -1.78760147 -1.17228053]
      fun: 2570.0612161555023
 hess_inv: <22x22 LbfgsInvHessProduct with dtype=float64>
      jac: array([ 0.06393748,  0.0120508 ,  0.00354703,  0.01386979,  0.00090949,
       -0.        , -0.00149283,  0.00109543,  0.00076376, -0.00819759,
       -0.00103457,  0.01079983,  0.00636   ,  0.00184947, -0.00246079,
       -0.00678438, -0.01207131, -0.01271648,  0.0006362 , -0.00937223,
       -0.00131804,  0.01059117])
  message: 'CONVERGENCE: REL_REDUCTION_OF_F_<=_FACTR*EPSMCH'
     nfev: 104
      nit: 91
     njev: 104
   status: 0
  success: True
        x: array([-0.66003712, -0.81658144, -0.58631687,  0.69221247, -3.50831505,
        0.33647224, -1.2912849 , -0.47060273, -0.84213261, -1.9746798 ,
       -2.00846175, -4.27015432, -0.64067338,  1.55107377, -1.29929997,
       -1.52062986, -5.51784692, -1.55485216, -1.96795603, -2.10855539,
       -1.78760147, -1.17228053])
