number of sites to be analyzed:  1601
log likelihood =  -19994.078093860007
Lr derivatives =  [-436.28254907655565, -1221.6259155415082, -1355.133959783514]
other derivatives =  [ 182.96676717 -101.00325017  296.80142688 -299.88380993 1390.41971124
  -67.35245552   -0.        ]
Current x_clock array =  [-0.65407062 -0.74037681 -0.47440222  0.18232156 -0.10536052 -0.10536052
  0.33647224 -0.51082562 -0.51082562 -0.51082562]
log likelihood =  -18969.01769449898
Lr derivatives =  [77.1011704970922, -947.5624259647502, -1140.565899635324]
other derivatives =  [-748.44068513   33.39541581 -956.18830892  -84.29734589  877.01186521
  -62.98108565   -0.        ]
Current x_clock array =  [-0.77368881 -0.73992547 -0.6684421   0.37837661 -1.01437527 -0.0613275
  0.33647224 -0.22559716 -0.51049166 -0.51049166]
log likelihood =  -17909.649357610288
Lr derivatives =  [515.336672992306, -93.95583224919267, -201.07077458974254]
other derivatives =  [1571.94428539  352.6808141    13.53188418    2.53264807  125.99161929
   -1.63618097   -0.        ]
Current x_clock array =  [-0.53972144 -0.77222252 -0.41420252  0.631805   -2.42558953  0.01699064
  0.33647224  0.04606337 -0.25140191 -0.17968073]
log likelihood =  -17892.789845003666
Lr derivatives =  [158.92098511694883, -158.46378022178152, 97.28842292341764]
other derivatives =  [-940.99561466 -126.73691162 1599.93160196   78.67405657  -99.14422849
   30.60987365   -0.        ]
Current x_clock array =  [-0.84291762 -0.87746201 -0.29020158  0.67505849 -2.74183319  0.03452144
  0.33647224 -0.05664178 -0.17203972 -0.05181175]
log likelihood =  -17756.91567573708
Lr derivatives =  [176.22737453927115, -242.8642890091983, -177.40266924422792]
other derivatives =  [-593.81520987  -73.42146637 -432.96031436  102.56634414  -26.854624
    5.07797449   -0.        ]
Current x_clock array =  [-0.7698742  -0.85044288 -0.45340432  0.63542653 -2.52999385  0.02091283
  0.33647224 -0.08218369 -0.20790541 -0.12128695]
log likelihood =  -17704.603358478285
Lr derivatives =  [276.6480351791279, -171.62204579698306, -105.00068391264855]
other derivatives =  [ 1.73316959e+02  1.58652256e+00 -3.53993746e+01  5.88964867e+01
  6.64341930e+01  1.70541171e-01 -0.00000000e+00]
Current x_clock array =  [-0.66748072 -0.83298537 -0.41990594  0.59839087 -2.39047622  0.0134054
  0.33647224 -0.12559258 -0.17483329 -0.09855282]
log likelihood =  -17677.09719166362
Lr derivatives =  [213.2046875639533, -162.52066935846585, 12.805468236137978]
other derivatives =  [ 80.4549818  -38.09669215  97.44834097  57.8782201   43.32823463
   3.19261744  -0.        ]
Current x_clock array =  [-0.67773444 -0.83979409 -0.40771326  0.58321961 -2.39208943  0.01294118
  0.33647224 -0.19134099 -0.12892844 -0.06064561]
log likelihood =  -17639.082780376553
Lr derivatives =  [-37.35531734048581, -188.28184869199418, 353.1219820093595]
other derivatives =  [-66.57958147 -61.37318996 256.13202888  43.71450268   7.88503636
   0.63113475  -0.        ]
Current x_clock array =  [-0.6914314  -0.82631234 -0.40087846  0.51152735 -2.32512281  0.00615891
  0.33647224 -0.4126973   0.         -0.01280205]
log likelihood =  -17629.33032538026
Lr derivatives =  [-64.88527881377962, -240.60314700214823, -44.447872044099455]
other derivatives =  [-82.67950398 -23.24503293 161.11302102  44.06879452  -0.51022679
  -5.34177161  -0.        ]
Current x_clock array =  [-0.69262214 -0.81349852 -0.41122836  0.49996181 -2.33854426  0.00672871
  0.33647224 -0.41630222  0.         -0.07201078]
log likelihood =  -17626.61678145029
Lr derivatives =  [-16.002153418524017, -210.93285759650166, -20.672378913031437]
other derivatives =  [-0.59304875 -3.7135942  50.11106259 43.89832975 -2.67751682 -3.99135024
 -0.        ]
Current x_clock array =  [-0.68242981 -0.81111123 -0.42331433  0.4976069  -2.35228126  0.00849948
  0.33647224 -0.3965638   0.         -0.06917188]
log likelihood =  -17625.931261108504
Lr derivatives =  [-0.40450693165908547, -201.83791682005588, -9.246701540971927]
other derivatives =  [10.83911775  1.19732431 -5.59834734 38.86754348  4.55392637 -4.31827721
 -0.        ]
Current x_clock array =  [-0.68087546 -0.80950431 -0.43052888  0.48573004 -2.3415102   0.008888
  0.33647224 -0.39510909  0.         -0.06670561]
log likelihood =  -17625.44663210771
Lr derivatives =  [3.7625885379574413, -199.41255782255632, -1.1706645758536354]
other derivatives =  [  9.2838236    3.88596891 -34.25974501  31.23451097   8.94940463
  -4.59940566  -0.        ]
Current x_clock array =  [-0.68101777 -0.80794136 -0.43489773  0.46840056 -2.33369915  0.00991323
  0.33647224 -0.39757676  0.         -0.06458687]
log likelihood =  -17624.759852705152
Lr derivatives =  [2.6179201621210666, -200.03320554472603, 6.374157123887116]
other derivatives =  [  4.4790213    4.11135989 -44.7477687   16.16823283   9.66320745
  -4.54831752  -0.        ]
Current x_clock array =  [-0.68183507 -0.80675978 -0.43754022  0.43566292 -2.33292854  0.01324641
  0.33647224 -0.40117672  0.         -0.06261752]
log likelihood =  -17624.256904443646
Lr derivatives =  [1.909806058978404, -200.61312257728264, 3.4196896811871937]
other derivatives =  [ -3.82290455  -2.36723645 -10.19252159   0.69597445   3.66799475
  -3.68010296  -0.        ]
Current x_clock array =  [-0.6836452  -0.80852853 -0.43380897  0.40446586 -2.34863904  0.02089122
  0.33647224 -0.39804183  0.         -0.06398593]
log likelihood =  -17624.22597658066
Lr derivatives =  [-0.22336310893192035, -202.08000384226548, 0.9166851644420575]
other derivatives =  [ 0.33621109  1.14034992  0.2834131  -0.88956585 -0.04268796 -3.28775786
 -0.        ]
Current x_clock array =  [-0.6833057  -0.80767851 -0.43254836  0.40092948 -2.35504148  0.02403526
  0.33647224 -0.39762938  0.         -0.06476973]
log likelihood =  -17624.220978926
Lr derivatives =  [-0.3227455981744356, -202.20621291119372, 0.05377019959863105]
other derivatives =  [ 0.17489947  0.27532951  1.59992123 -0.69471207 -0.82928948 -3.14936915
 -0.        ]
Current x_clock array =  [-0.68333814 -0.8080031  -0.43231664  0.40131891 -2.35648209  0.02559764
  0.33647224 -0.39717914  0.         -0.06507048]
log likelihood =  -17624.206379527815
Lr derivatives =  [0.6919308160626088, -201.87144511103105, -1.462105777105748]
other derivatives =  [ 4.1449639   0.28196519  4.42951568 -0.07330527 -1.8932615  -2.71929821
 -0.        ]
Current x_clock array =  [-0.68290168 -0.80822075 -0.43186138  0.40278462 -2.3583548   0.03225056
  0.33647224 -0.39609784  0.         -0.06575774]
log likelihood =  -17624.18415878663
Lr derivatives =  [-0.9543803595668123, -203.37294596313416, -3.872980313591114]
other derivatives =  [-4.40876829 -1.58843613  2.92894038  1.12359339 -4.61041223 -1.73739318
 -0.        ]
Current x_clock array =  [-0.68390472 -0.80875501 -0.43183551  0.40430832 -2.3613311   0.04841253
  0.33647224 -0.39571798  0.         -0.06681228]
log likelihood =  -17624.154163517174
Lr derivatives =  [0.023481109816231083, -203.30177697386765, -4.047841415797578]
other derivatives =  [ 4.17466435 -2.82242036  3.24167559  1.20074765 -3.91995632 -0.91909897
 -0.        ]
Current x_clock array =  [-0.68283679 -0.80910816 -0.43194043  0.40480632 -2.35885091  0.0652156
  0.33647224 -0.39594616  0.         -0.06729449]
log likelihood =  -17624.12279679724
Lr derivatives =  [1.2326042633684438, -202.92118646939298, -1.1421422910087955]
other derivatives =  [ 4.03276135 -0.8046336   1.16031879  0.74283525 -1.64381661 -0.04771209
 -0.        ]
Current x_clock array =  [-0.68284619 -0.80824708 -0.43244664  0.40386132 -2.35287963  0.08480132
  0.33647224 -0.3971845   0.         -0.06696312]
log likelihood =  -17624.118970723597
Lr derivatives =  [-1.288886912836233, -205.09877831189468, -3.7678984450561757]
other derivatives =  [ 0.87427543 -1.6279082  -1.72726504 -0.12334567  0.31217903 -0.08973075
 -0.        ]
Current x_clock array =  [-0.68312671 -0.80801869 -0.43309474  0.4018445  -2.34794751  0.09036028
  0.33647224 -0.39946981  0.         -0.06744664]
log likelihood =  -17624.117056812764
Lr derivatives =  [0.021323182966540344, -203.51300873982836, 1.665277503238599]
other derivatives =  [-1.06621883  0.18997525  2.18114656  0.02090383  0.29963997  0.08522693
 -0.        ]
Current x_clock array =  [-0.68344725 -0.80759475 -0.43254425  0.40241189 -2.34827159  0.09036116
  0.33647224 -0.39900083  0.         -0.06618022]
log likelihood =  -17624.116218897994
Lr derivatives =  [0.0020230544084540725, -203.74252348734512, 0.06960241606994089]
other derivatives =  [ 0.08922871 -0.0415821  -0.05357288 -0.06944174 -0.0481037   0.00712316
 -0.        ]
Current x_clock array =  [-0.68328877 -0.80768583 -0.43281237  0.40203691 -2.3490004   0.08917731
  0.33647224 -0.39884476  0.         -0.06656456]
log likelihood =  -17624.11621013085
Lr derivatives =  [-0.029412441991439664, -203.7708229383664, -0.02365368363571463]
other derivatives =  [ 0.01601074 -0.01987064  0.05920447 -0.00737055 -0.00472847 -0.00065484
 -0.        ]
Current x_clock array =  [-0.6832962  -0.8076778  -0.43279624  0.40218098 -2.34891102  0.08914545
  0.33647224 -0.39886252  0.         -0.06658288]
      fun: 17624.11621013085
 hess_inv: <10x10 LbfgsInvHessProduct with dtype=float64>
      jac: array([ 1.60107447e-02, -1.98706402e-02,  5.92044671e-02, -7.37054506e-03,
       -4.72846745e-03, -6.54836185e-04, -0.00000000e+00, -2.94124420e-02,
       -2.03770823e+02, -2.36536836e-02])
  message: 'CONVERGENCE: REL_REDUCTION_OF_F_<=_FACTR*EPSMCH'
     nfev: 24
      nit: 23
     njev: 24
   status: 0
  success: True
        x: array([-0.6832962 , -0.8076778 , -0.43279624,  0.40218098, -2.34891102,
        0.08914545,  0.33647224, -0.39886252,  0.        , -0.06658288])
