number of sites to be analyzed:  197
log likelihood =  -5531.98130783872
Edge derivatives =  [21.75438493751454, 0.12267793240893665, 24.06581395067147, 12.430324206781174, -23.933681878717742, -15.698270796903874, 54.23541981162055, 28.86278329923612, 6.246579936755354, -5.850358196531262, -26.25760734615089, -8.638268222742598, 137.3142987226891, 16.86752155305582, 11.206116747436516, 25.52440081549689]
other derivatives: [ -40.04986386   80.10405509  -91.57833665  106.75295107 -404.37842563
    3.99704186  -58.46902695]
Current x array =  [-0.6496176  -0.94030462 -0.54257432  0.18232156 -0.10536052 -0.10536052
  0.33647224 -2.30258509 -2.30258509 -2.30258509 -2.30258509 -2.30258509
 -2.30258509 -2.30258509 -2.30258509 -2.30258509 -2.30258509 -2.30258509
 -2.30258509 -2.30258509 -2.30258509 -2.30258509 -2.30258509]
log likelihood =  -5205.041456120329
Edge derivatives =  [16.9700585245672, 3.3959980389046036, 29.479975568764104, 17.961552823913845, -17.816929706476994, -8.186405183382623, 60.12118050147325, 31.53873218922588, 9.890791583285344, -1.819096560105809, -18.25047470327704, -0.530651613731628, 143.94100671277587, 17.206773076052286, 14.439280496930055, 30.071320867921038]
other derivatives: [ 116.41342098   76.32710185   55.13640735   71.13336687 -236.87754895
   -4.77874073  -40.18013533]
Current x array =  [-0.74426391 -0.93820064 -0.75899334  0.20552281 -1.06099244 -0.09591466
  0.19829753 -2.28769075 -2.30229518 -2.28769075 -2.28769075 -2.35914546
 -2.33968343 -2.28769075 -2.28769075 -2.2878231  -2.31641073 -2.36463738
 -2.32299915 -2.28769075 -2.28769075 -2.28769075 -2.28769075]
log likelihood =  -5461.434531668265
Edge derivatives =  [17.14235924434596, 7.820214493060673, 30.05521105967497, 19.98116469645143, -11.063858246686296, -0.27620795482278915, 62.767441451225885, 31.357670921372403, 3.8761867873294906, 4.437498344978329, -8.795498863907312, 8.791179590553767, 140.6407163875294, 12.922876589341863, 17.6672503587874, 33.921762741739926]
other derivatives: [-3752.11896608  -150.08618084   -74.64302143   -98.64637195
    83.62218432   -20.18343548    -9.03193086]
Current x array =  [-0.15025631 -0.73388409 -0.59049548  0.34357498 -3.02474848 -0.11664181
 -0.11907061 -2.22657817 -2.28296056 -2.16269077 -2.19422935 -2.49677758
 -2.41022794 -2.07654491 -2.16485217 -2.22235906 -2.33575715 -2.508325
 -2.3394149  -1.84246657 -2.21121872 -2.21057174 -2.1635433 ]
log likelihood =  -5029.288729305459
Edge derivatives =  [14.919639136565856, 5.881480722498388, 31.32187862454223, 20.07485963264441, -13.77991100944755, -3.753600864274646, 61.9383511475558, 31.0122809647875, 7.916774246351525, 0.4535867800043468, -12.907611610848695, 3.793549081118961, 144.5897050140656, 14.354999011707868, 16.32266080399325, 31.262474319796887]
other derivatives: [-333.37981768    7.31287582   16.90231693   26.52112289  -78.50932289
  -14.50611762  -31.76883547]
Current x array =  [-0.4846922  -0.84891761 -0.6853625   0.26584938 -1.91912208 -0.10497209
  0.05961279 -2.26098554 -2.29384626 -2.23306778 -2.24684963 -2.41928847
 -2.37051024 -2.19542343 -2.23401227 -2.25921637 -2.3248648  -2.42742655
 -2.33017257 -2.09313498 -2.25427371 -2.25399099 -2.23344032]
log likelihood =  -4933.4525303027485
Edge derivatives =  [14.134125319136267, 7.694356689850126, 34.95820973548658, 22.04747135791108, -9.12606700810164, 1.0664775259017052, 62.60834379489986, 31.60693535041866, 6.926545690036121, 3.898401804104938, -7.129326327866397, 9.157638823157694, 143.9216276924029, 11.356020032986045, 19.777510485189357, 33.004359103958514]
other derivatives: [110.5307083   -3.67724533  25.85480252   5.42048656  48.85142873
 -20.59621693 -30.14692447]
Current x array =  [-0.71211133 -0.79854595 -0.61663902  0.31331833 -2.70784549 -0.12979213
 -0.09130028 -2.22649737 -2.27999182 -2.15744678 -2.19196462 -2.48460529
 -2.40013131 -2.06274996 -2.16112049 -2.22690829 -2.33126028 -2.4938692
 -2.331639   -1.80649134 -2.21374849 -2.20885401 -2.15867017]
log likelihood =  -4881.43710024112
Edge derivatives =  [13.455240682729428, 8.173945938805105, 35.02293464700857, 21.38220845892459, -7.781834899693757, 2.191048821882065, 60.19207033656339, 29.20801518507296, 4.209703751192036, 4.533439927947957, -5.750982674615299, 10.016824422139312, 133.96248898218795, 8.043476019089855, 19.924791649099177, 31.789292423946108]
other derivatives: [ 44.99584702 -27.44409176 -20.01513622   3.77254219  64.22213104
 -24.91030409 -33.73110758]
Current x array =  [-0.67842967 -0.77061651 -0.530407    0.3472697  -2.86116101 -0.1614413
 -0.1648691  -2.19851646 -2.26674807 -2.09164415 -2.14879488 -2.513123
 -2.40642701 -1.94252552 -2.09913221 -2.20856154 -2.32825587 -2.52016702
 -2.32054032 -1.53270203 -2.18642923 -2.1721567  -2.0949434 ]
log likelihood =  -4722.7203486147155
Edge derivatives =  [7.357966736092646, 9.243246184472609, 29.788526728664742, 13.249321812582496, -1.6287128139899332, 5.576384472711242, 31.95050003292893, 11.185338078914132, 0.15925178508185747, 7.7307587744329895, -1.1771983054586461, 12.93058874142125, 7.32129588050999, 0.9626229468023138, 16.639826559172015, 20.417968645344697]
other derivatives: [-302.29780532 -150.9474705  -377.15136386  -11.29617158   81.52058606
  -58.18560567  -52.20293042]
Current x array =  [-0.56454696 -0.77129136 -0.2920746   0.56158964 -3.33891959 -0.41409246
 -0.64015996 -2.01789025 -2.17374013 -1.6510121  -1.86949538 -2.66999213
 -2.42385548 -1.15452335 -1.70466937 -2.1153642  -2.29596899 -2.65940782
 -2.22946184  0.23852641 -2.03657518 -1.92746005 -1.67966415]
log likelihood =  -4648.253447183584
Edge derivatives =  [1.5149715320346988, 7.709511232256559, 23.724031078365186, 8.424076907940947, -3.3184600267277538, 3.8475726525089478, 17.757242928933763, 4.906618138228779, -1.8256740812818129, 6.961071570498377, -1.5564191250703459, 15.286026630180844, -13.62235468322358, -2.4794813191622245, 11.113206845754332, 16.465631927012453]
other derivatives: [-143.88975978  -86.01271384  139.02091177  -33.03310132   61.57803712
  -64.84511505  -48.69580607]
Current x array =  [-0.58969308 -0.90173064 -0.56119218  0.60350152 -3.29252735 -0.54494994
 -0.812747   -1.9597077  -2.13807568 -1.49603813 -1.77711927 -2.71159844
 -2.42010035 -0.89800138 -1.57988201 -2.08561243 -2.27726364 -2.69501967
 -2.18807966  0.74954513 -1.98965447 -1.8416149  -1.54054264]
log likelihood =  -4610.729347114413
Edge derivatives =  [1.2936801637899922, 7.9225115209415335, 22.917525071913147, 7.284133660603361, -2.1646686120261354, 4.514191128519619, 8.767437930895436, 2.1418705546939267, -0.6026023286287787, 7.968680486560875, -0.8797250307063331, 15.683469025063983, -28.27413658525082, -1.045557315406446, 10.695105430232177, 13.743145468024334]
other derivatives: [-27.03104747 -32.5728015  111.1639167  -19.83806305  15.60668673
 -64.80002594 -47.02255137]
Current x array =  [-0.65837228 -0.98514314 -0.5063526   0.61980486 -3.10543837 -0.64572133
 -0.91023714 -1.9260429  -2.11469643 -1.39743742 -1.72175221 -2.72978625
 -2.41167151 -0.73811462 -1.50462172 -2.07234612 -2.26224056 -2.70777645
 -2.15505802  1.06536867 -1.96531983 -1.78968043 -1.45291251]
log likelihood =  -4588.047970811575
Edge derivatives =  [0.5648190794079778, 8.344843389305717, 21.134774114321726, 5.718945413943533, -0.6764533955236537, 5.384518426832802, -2.1246438729648323, -0.9121180317188791, 1.037363303722751, 9.321385400795025, -0.062416051660352356, 15.724287228479652, -46.0880938439857, 0.9307850392567522, 10.064083871680957, 9.875918468703969]
other derivatives: [ 31.23229726   8.61462962  -5.51430094  -2.0050793  -30.01984968
 -55.02755266 -35.22929784]
Current x array =  [-0.70642734 -1.06867108 -0.41549288  0.63130141 -3.05223333 -0.84592472
 -1.10200238 -1.88326424 -2.07615618 -1.25022871 -1.6455693  -2.76008953
 -2.39965086 -0.54720374 -1.414595   -2.05358878 -2.23475017 -2.73145297
 -2.09823754  1.38397996 -1.9342791  -1.71252478 -1.33328305]
log likelihood =  -4570.633327338518
Edge derivatives =  [0.07930618006889617, 8.692565752792435, 20.138468166488696, 5.45922718829102, -0.07063267836248094, 5.745114299003096, -3.1527989834286, -1.030450185479732, 1.9848784365055978, 9.927936459881604, 0.3047771126308649, 15.601814732100674, -29.78904954878367, 2.1643276171196764, 9.834849119866155, 8.790143498826385]
other derivatives: [ 50.64351262  22.49283813 -54.89350224   4.87941179 -18.87264937
 -42.41223507 -23.00165844]
Current x array =  [-0.71965268 -1.10807497 -0.38467662  0.61548356 -3.16343705 -1.01680747
 -1.24419991 -1.8701447  -2.04854725 -1.1657411  -1.6112671  -2.7757113
 -2.38908657 -0.49641051 -1.39082991 -2.04560591 -2.20996798 -2.74421643
 -2.05229217  1.37426939 -1.92426716 -1.66942181 -1.27858829]
log likelihood =  -4539.974663324554
Edge derivatives =  [-3.086849759530149, 7.9662419108859615, 11.125909484898227, 2.044279477038592, 0.0005187805590511976, 4.648238496875506, -11.532076113766843, -3.92446230333541, 2.158249098628656, 9.618391621744275, 0.048985933649673234, 13.512874082273811, -2.3150665125166188, 2.578493521726309, 5.03061677571263, 1.50795825024368]
other derivatives: [ 38.60737706  24.04985977  -9.80207824   8.77872935  -1.59046103
 -18.13416083  -2.75198442]
Current x array =  [-0.70636697 -1.15164184 -0.39273317  0.6043528  -3.42579965 -1.53696305
 -1.6593676  -1.82525143 -1.95032956 -0.87312996 -1.49054412 -2.82643306
 -2.34951243 -0.30908173 -1.30114376 -2.01220051 -2.120456   -2.78528572
 -1.89168904  1.48257236 -1.88022054 -1.5198615  -1.08778493]
log likelihood =  -4529.575428622012
Edge derivatives =  [-5.036453415653409, 6.313608055619321, 0.5989319655586451, -0.9831991892028178, -0.5539660493692374, 2.358410358992486, -13.997002447614657, -5.653495969338717, 1.1331126366703443, 7.174297180612808, -0.8966284249908244, 7.562272642367883, -2.424122996353502, 1.3471524800963386, -0.8368457997607128, -5.528615303143346]
other derivatives: [ 30.15056882 -28.53289185 -19.53088395   2.06191726 -11.18908082
  -7.13362324   3.06511041]
Current x array =  [-0.71195721 -1.07635177 -0.37910261  0.67131425 -3.50879725 -1.95493475
 -1.90958344 -1.82214898 -1.8307756  -0.62090371 -1.40193704 -2.85982636
 -2.29299213 -0.27029332 -1.26958145 -1.97540211 -1.99492303 -2.81240518
 -1.6960054   1.64207907 -1.83086545 -1.39679484 -0.96469156]
log likelihood =  -4524.106373697172
Edge derivatives =  [-4.495500119827506, 6.153351586817704, -3.7865765130699125, -0.9764631517868196, -0.78406237796126, 1.1346860976783884, -5.945044948669743, -3.8466432400563977, 0.9699922601032429, 4.617765621094492, -1.1777046368642674, 1.9281300283250835, 10.121607131630409, 1.2005008648959614, -4.2074201192163265, -6.724003556463291]
other derivatives: [-17.32860892  11.01922434  22.45162068   0.10453095   5.73054254
  -2.13166953   4.88263535]
Current x array =  [-0.67048848 -1.18285694 -0.38731454  0.71341065 -3.6777385  -2.29347789
 -2.07232808 -1.85398193 -1.71133364 -0.44604184 -1.3504324  -2.88811198
 -2.24166795 -0.34338132 -1.29018406 -1.94427383 -1.86590472 -2.83865357
 -1.51454346  1.69515541 -1.79185632 -1.31837699 -0.91665321]
log likelihood =  -4522.6096215196
Edge derivatives =  [-4.371136029587562, 6.018926349027787, -3.8860154590790366, -0.7994297945765756, -0.8521102248036885, 0.8703337277646674, -3.436652860389455, -3.0950396661373234, 0.8031158781165315, 3.9619452335668566, -1.2204428188898415, 0.7846971723774554, 7.435318483151419, 0.9916822995965644, -3.9541140856516575, -5.601662347060049]
other derivatives: [-8.47060528  1.84528509  0.74222953 -1.19091328  1.67388945 -1.69048886
  4.85113528]
Current x array =  [-0.67864752 -1.16195257 -0.37826594  0.72598399 -3.65415911 -2.31665025
 -2.0530017  -1.87286549 -1.6856461  -0.44658288 -1.35423895 -2.88793103
 -2.23173559 -0.38835296 -1.31103902 -1.93998017 -1.83994422 -2.83971678
 -1.49021537  1.70369975 -1.78662971 -1.32524508 -0.93852897]
log likelihood =  -4521.027587278946
Edge derivatives =  [-4.042722138775404, 5.774017032462135, -3.57621311706583, -0.23965517047436344, -1.0457608887277166, 0.30276501898117025, 2.7599201525616546, -1.1266532496243915, 0.33355342170929525, 2.3529750635817086, -1.2794212874338395, -1.4473830228557516, 1.9841182100982446, 0.3914420332071565, -3.1227820730393714, -2.4768762428963482]
other derivatives: [  2.67398173  -5.2702066  -10.42958502  -4.44926809  -4.71002823
  -1.28286899   4.65245409]
Current x array =  [-0.68751543 -1.14322488 -0.37378767  0.74857078 -3.62030673 -2.35213818
 -1.99504856 -1.9203643  -1.62541084 -0.46043017 -1.36604597 -2.88909878
 -2.21164254 -0.49100974 -1.36063532 -1.93027116 -1.78229981 -2.84428229
 -1.44243837  1.73122435 -1.77494196 -1.34829927 -0.99587179]
log likelihood =  -4520.046871601902
Edge derivatives =  [-3.7449060858089473, 5.508922883473329, -2.695507994471914, 0.18692414504302005, -1.0973083972386888, 0.10416747523268359, 5.247192756442003, -0.13702980918503477, 0.1042399093621457, 1.2690533476768913, -1.1840964905685978, -2.2455601910526632, 1.3976321428317116, 0.08392042188571108, -2.0388338585650017, -0.3030509923102669]
other derivatives: [16.43017458 -3.07602777 -7.21239576 -4.14256465 -1.91233617 -1.45199576
  4.27958742]
Current x array =  [-0.69530155 -1.14425523 -0.3743909   0.74190673 -3.65579565 -2.38571054
 -1.9552791  -1.9616274  -1.56485205 -0.47432279 -1.36852722 -2.89819433
 -2.20009015 -0.52203881 -1.38653718 -1.92201564 -1.73995947 -2.85592817
 -1.42032408  1.77357992 -1.7648455  -1.3691396  -1.02909157]
log likelihood =  -4519.062416145866
Edge derivatives =  [-3.2415749026548837, 4.434164546536915, -0.8200464434288475, 0.756184204348479, -1.2342967915725536, -0.36641129581205745, 7.178864457782337, 0.9010013343530813, -0.7022221986386582, -1.809837904432786, -0.9375921843145429, -3.5393024867603193, -13.545949854281874, -0.9634403896509278, 0.7428918430327477, 4.374712828739904]
other derivatives: [-13.8305968    3.70298201 -12.79625576   1.58630155 -11.20738492
  -2.51543322   2.60577249]
Current x array =  [-0.6758237  -1.15744189 -0.37673121  0.70723406 -3.71356103 -2.45631663
 -1.83304662 -2.07625521 -1.39051184 -0.52559956 -1.36909121 -2.92897181
 -2.17492492 -0.54030508 -1.43735064 -1.90020399 -1.63611317 -2.89314518
 -1.38852486  1.95890478 -1.73688965 -1.43274508 -1.10746307]
log likelihood =  -4517.9999584258185
Edge derivatives =  [-3.1453591640554732, 4.04832094374132, -0.007012389737250269, 0.8857039018945588, -1.1928623476498725, -0.26343342216292787, 5.8843145098079255, 0.7206299562804106, -0.660776590202626, -1.838191094104707, -0.8100932456198852, -2.609084442093224, -2.8463754302838447, -0.918810682256211, 1.2976369501058653, 4.450381203590616]
other derivatives: [10.59774149  1.29649084  7.0693286   1.24209691  4.6040207  -2.84700281
  2.17444721]
Current x array =  [-0.68881681 -1.1503418  -0.38262198  0.68997966 -3.78564267 -2.47112789
 -1.8142687  -2.1016363  -1.35448538 -0.53987169 -1.36692801 -2.93935893
 -2.17621483 -0.50812148 -1.43900508 -1.90040294 -1.63248821 -2.90360458
 -1.40410794  1.93552973 -1.73813178 -1.44147323 -1.10276661]
log likelihood =  -4517.645747349218
Edge derivatives =  [-3.188208932552051, 3.9829584440671084, -0.1930319262152975, 0.6604824341098254, -1.1347255739176836, -0.1634025530896413, 3.664898000169917, 0.09664794363397258, -0.5518813647437689, -1.4892862951575367, -0.7825522642396624, -2.0699914554246166, -1.4048601019671132, -0.7721149631830275, 1.0065536671084023, 3.330866735834923]
other derivatives: [ 3.56104192 -0.45868685  1.35747814  1.82939766  5.84233832 -2.65092199
  2.18573142]
Current x array =  [-0.68485861 -1.14958706 -0.38031865  0.68765572 -3.79486343 -2.48113476
 -1.82345511 -2.10256594 -1.34915422 -0.53495763 -1.36071076 -2.94384853
 -2.17924269 -0.47205454 -1.42798213 -1.90226925 -1.64235232 -2.90675507
 -1.41591162  1.93006421 -1.74048362 -1.43465507 -1.08220182]
log likelihood =  -4517.141239346076
Edge derivatives =  [-3.318386402408521, 3.0830926247473256, -0.9177055466902378, -0.06424088294450017, -1.1027801235201524, -0.24927294921784526, -2.4389265379008234, -1.3836249905891282, -0.6356058356321264, -1.451964229987181, -0.7339984210936368, -0.9779553564129417, -2.78177021019448, -0.8924904225591559, 0.39728363717911924, 0.7370547790122134]
other derivatives: [ 2.24503219 -2.87120211 19.65926458  1.82285112  3.56885708 -1.94617021
  1.80573432]
Current x array =  [-0.68362751 -1.14755232 -0.38780757  0.68371509 -3.80781156 -2.5338685
 -1.81603052 -2.13844665 -1.28462805 -0.53055779 -1.34195861 -2.96514275
 -2.18061162 -0.3752466  -1.41036484 -1.90302561 -1.64643675 -2.92498595
 -1.44119103  1.95956695 -1.74124589 -1.42695451 -1.0371854 ]
log likelihood =  -4516.954667622927
Edge derivatives =  [-2.8302197796282447, 2.333620667291837, 0.349202235801569, 0.160523643142586, -0.8197082179195428, 0.02175729156471784, -5.037811037409468, -1.5398987591288031, -0.17219423139602996, -1.4680234059994417, -0.5181341492931144, -0.37078968478524216, -1.0559281128489693, -0.28526239840291534, 0.8926731534694341, -0.44940011196082874]
other derivatives: [ -4.88216392   0.6296499  -39.20266045   4.45291425   5.25440301
  -1.24686939   0.85060573]
Current x array =  [-0.68037589 -1.15986341 -0.36390975  0.68659771 -3.83834309 -2.608599
 -1.77545193 -2.20927749 -1.18045832 -0.53984026 -1.32962093 -2.99194244
 -2.17522679 -0.32625858 -1.41992598 -1.90209685 -1.63041238 -2.9493255
 -1.45348955  1.96624763 -1.74100137 -1.43051929 -1.01488321]
log likelihood =  -4516.457126320688
Edge derivatives =  [-2.9154114209382427, 2.2273574965926204, 0.10187895109863018, 0.16429613287052428, -0.9386022765143295, -0.1843546907685168, -3.6609175058957675, -1.2562339871948782, -0.4198877170108569, -1.7546311153367504, -0.5961531673435383, -0.6645548359517532, -2.2852351621256544, -0.6117348930536969, 0.8107621363222137, 0.11829302641905026]
other derivatives: [ -0.11986776  -1.97077995 -12.99311225   2.04798653   3.32750603
  -1.26920988   0.86078529]
Current x array =  [-0.68278322 -1.15196696 -0.37406642  0.69371692 -3.8134739  -2.59399169
 -1.76387932 -2.20875736 -1.18781526 -0.54646013 -1.33560833 -2.98742317
 -2.17417267 -0.35358539 -1.42829128 -1.90248829 -1.62925863 -2.94539915
 -1.44990438  1.95848242 -1.74160154 -1.4348524  -1.02804861]
log likelihood =  -4516.024156477901
Edge derivatives =  [-2.812284673696543, 1.555766217702499, 0.11901516497181738, 0.2584072051913936, -1.0055519061884668, -0.4532724424131594, -2.259778618845589, -0.7692373369582253, -0.6070449717218581, -2.3169034859079614, -0.6451088113645431, -1.084454544168793, -2.8783127673996587, -0.8587009873532193, 0.7282145759695041, 0.3093493629349633]
other derivatives: [ 3.89471825 -4.5556956   1.91221807 -1.24060716  1.20208962 -0.72900078
  0.4752519 ]
Current x array =  [-0.6847749  -1.14585822 -0.37960971  0.71149574 -3.78574291 -2.61809433
 -1.72773065 -2.24643602 -1.1434623  -0.5567264  -1.3382074  -2.99426037
 -2.16817209 -0.38107849 -1.4492203  -1.90245951 -1.61734667 -2.95159524
 -1.44497972  1.94285294 -1.7423441  -1.44032401 -1.03658521]
log likelihood =  -4515.684384792059
Edge derivatives =  [-2.5690501487598203, 0.4956285567197781, 0.3517269075020408, 0.4134640536903339, -0.9933767162318047, -0.6546157147502077, -1.2236368922992595, -0.25671273610732304, -0.6516538586221423, -2.7973741755674104, -0.6447646052938178, -1.3133318374440455, -1.938649580697252, -0.9151648079845571, 0.5948658047572735, -0.01673000654217116]
other derivatives: [ 3.46249908 -4.91892026  6.72877468 -4.1844869   0.15044358  0.13778035
 -0.18382643]
Current x array =  [-0.68365895 -1.14626461 -0.38094651  0.7314212  -3.76130346 -2.66780685
 -1.68001279 -2.30991066 -1.06644143 -0.56787675 -1.33688325 -3.01025257
 -2.16105297 -0.4011293  -1.47521159 -1.90362556 -1.60560829 -2.96541116
 -1.44468045  1.91495753 -1.74516973 -1.44381459 -1.03650164]
log likelihood =  -4515.500407230716
Edge derivatives =  [-2.3415879736419276, 0.06859244929849595, 0.07314749162302558, 0.5115703804733993, -0.8517860142552159, -0.38857622093937977, -0.0827495472081192, 0.10817295095816909, -0.3192841961314138, -1.8688971423108318, -0.5630394323477181, -0.596192025604861, 0.9505435197569689, -0.4716166788172367, 0.06256308487226442, -0.8338630257674124]
other derivatives: [-0.1069975  11.95987644 15.89303429 -1.88622289 -0.04480038  0.99454692
 -0.17786473]
Current x array =  [-0.6775397  -1.17986719 -0.3857199   0.71876238 -3.72753658 -2.69608242
 -1.66354967 -2.3665789  -1.02620224 -0.56640164 -1.33132346 -3.02780125
 -2.16518339 -0.4217107  -1.48968432 -1.91313099 -1.63738043 -2.97721221
 -1.46293084  1.85338096 -1.75916907 -1.43217115 -1.0251071 ]
log likelihood =  -4515.2580747000075
Edge derivatives =  [-2.2497266437135193, -0.6838776271865739, 0.04472983632476035, 0.4806147325320885, -0.8246874965466088, -0.4327001031785549, -0.1332339649647511, 0.17585659345504145, -0.34979320417487353, -1.9869030119880178, -0.5335655484586224, -0.6163670001150874, 0.909747464899102, -0.5093271936847575, 0.16976210369733774, -0.8550513583616753]
other derivatives: [ 2.19998492  3.36295469  5.23504059 -1.60420677 -0.16873409  1.23105155
 -0.48076885]
Current x array =  [-0.68096213 -1.16153585 -0.38148757  0.71520506 -3.72782455 -2.71839168
 -1.64304203 -2.40260246 -0.98666875 -0.57107047 -1.32779977 -3.03895448
 -2.16307937 -0.42283252 -1.4992227  -1.9134311  -1.63482658 -2.98693089
 -1.46569236  1.85554521 -1.76021789 -1.43505719 -1.02735792]
log likelihood =  -4515.161548483556
Edge derivatives =  [-2.213679250570868, -0.9165994819438256, -0.18077242754508882, 0.40840694051432314, -0.7815285138631703, -0.3292189638119086, -0.13208129113894848, 0.14940036221469633, -0.30229705961219877, -1.6646224575036368, -0.4951188947731201, -0.41093942020178587, 1.0339192693544326, -0.44269953537864243, 0.17927642861043885, -0.7974349137859871]
other derivatives: [-0.21697906 -0.80778839 -2.20024322  0.10425174  0.00792771  1.26653304
 -0.40993591]
Current x array =  [-0.68065544 -1.15236594 -0.37935677  0.70213448 -3.72874218 -2.72046287
 -1.64076308 -2.422375   -0.97746984 -0.57100568 -1.32437414 -3.04617709
 -2.16537743 -0.42416363 -1.50091878 -1.91573525 -1.6463101  -2.99228059
 -1.47211625  1.8543289  -1.76367983 -1.43372599 -1.02932909]
log likelihood =  -4515.09897317327
Edge derivatives =  [-2.172292395008479, -1.034331096422902, -0.4601933331894602, 0.3370595334434534, -0.7248146598777947, -0.17046520307421492, 0.003443404971648578, 0.14196050083817197, -0.21000937732265654, -1.1337141775332564, -0.45031074108081387, -0.08678282316247299, 1.1453106112789284, -0.32147400401920084, 0.11431303988030156, -0.7447478226427402]
other derivatives: [-0.15241039 -2.06625999 -5.08093581  1.89947423 -0.15557219  1.30980031
 -0.24875696]
Current x array =  [-0.68119442 -1.148141   -0.37915773  0.68790985 -3.72377787 -2.71713943
 -1.64138083 -2.44323483 -0.9748098  -0.57033115 -1.3207074  -3.05374094
 -2.16926549 -0.42797555 -1.50176738 -1.91958102 -1.6649746  -2.99724255
 -1.48103775  1.84760006 -1.76923891 -1.43040997 -1.03110667]
log likelihood =  -4515.012626744908
Edge derivatives =  [-2.0818479683270077, -1.037531916255955, -0.6449109964178851, 0.28110920743833745, -0.6485798836876626, 0.04082406670156157, 0.19695180917000474, 0.15337828933566652, -0.09314297188218029, -0.4328181160798408, -0.390535192224985, 0.2635075495208535, 0.5436484926047411, -0.17281227229805932, 0.044743586038431704, -0.4482112323787789]
other derivatives: [-5.75163085 -2.84825642 -5.36343123  2.89008676 -0.87441645  1.22194991
 -0.11303722]
Current x array =  [-0.67795768 -1.14568805 -0.38030699  0.67926394 -3.71757701 -2.70664587
 -1.6415721  -2.4754218  -0.97613481 -0.57235539 -1.31562619 -3.06483873
 -2.17409038 -0.43281481 -1.50245368 -1.92462017 -1.68956895 -3.00440231
 -1.49083907  1.84609908 -1.77659396 -1.42708997 -1.0372192 ]
log likelihood =  -4514.889943458154
Edge derivatives =  [-1.7656183759994284, -1.1234238091955466, -0.5447044347142537, 0.27156523023925594, -0.3990676743947037, 0.6361076328265295, 0.3156653298080495, 0.2029970635150075, 0.3345699244372191, 1.3248696505094464, -0.18984858776939348, 1.2563151014731218, -0.23973777030216725, 0.34215939765641534, 0.08737490650744678, 0.35135308848003277]
other derivatives: [ 5.88578951 -0.41177328 -5.4297916   4.312089   -1.18877931  0.99134721
 -0.02027626]
Current x array =  [-0.68471325 -1.14487589 -0.38153531  0.66484366 -3.71291455 -2.68724766
 -1.63730296 -2.56911034 -0.96843988 -0.58044725 -1.30050615 -3.09746627
 -2.18487848 -0.43541556 -1.50430932 -1.93668775 -1.74744909 -3.02646454
 -1.515069    1.84833663 -1.79449232 -1.4200194  -1.0509722 ]
log likelihood =  -4514.780219889814
Edge derivatives =  [-1.642085474341122, -1.0510951644703228, -0.2842198795820067, 0.29275593749993895, -0.35396708993135434, 0.7244203960718075, 0.1863911183200446, 0.20499206045311885, 0.3833095584233093, 1.6180793617688198, -0.1504036794047355, 1.3269827205553228, -0.7195160140092514, 0.39514537566964864, 0.08123847081346275, 0.688917885807725]
other derivatives: [-2.39498513 -0.48150959  0.02542129  2.38270331 -0.96213945  0.75117249
 -0.1899484 ]
Current x array =  [-0.67902199 -1.14643537 -0.38400576  0.67674991 -3.71714272 -2.67885541
 -1.63289069 -2.60384321 -0.96708203 -0.58683281 -1.29546215 -3.10866868
 -2.18554784 -0.43281805 -1.50473604 -1.9387263  -1.75731089 -3.03418846
 -1.51697804  1.85705518 -1.79796427 -1.41996951 -1.0569265 ]
log likelihood =  -4514.717148885124
Edge derivatives =  [-1.5143478736254377, -0.9871326034244063, 0.17459186282381917, 0.3823040485567607, -0.320705056081116, 0.7445560260101548, 0.004272569296673384, 0.2353967465358456, 0.4177840817205132, 1.669419429583821, -0.12133890946105294, 1.2552466345950268, -0.907766383362032, 0.4268456147139808, 0.1559960295114562, 0.9296656838399432]
other derivatives: [-2.6396101   0.28896369  3.37282836 -0.09825362 -0.31939771  0.54223105
 -0.48260207]
Current x array =  [-0.67822464 -1.14910997 -0.38472605  0.69352863 -3.72456977 -2.67526922
 -1.6267447  -2.63288791 -0.96277885 -0.5933558  -1.29145401 -3.11759745
 -2.18360592 -0.42810842 -1.50551457 -1.9386363  -1.75670294 -3.04063158
 -1.51433781  1.86691849 -1.79855882 -1.42138019 -1.06049674]
log likelihood =  -4514.668761470879
Edge derivatives =  [-1.3616039221196268, -0.7714890618120044, 0.5904966678345678, 0.5057814103508285, -0.27639554714244235, 0.7896385817614169, 0.18047759728871376, 0.3327827788116051, 0.49407664707978527, 1.736660217511528, -0.09334857682236275, 1.0995617195461247, -1.0523963400709198, 0.5207189188997086, 0.1870026784638249, 1.0276928880880454]
other derivatives: [-2.66166171  2.23138278 -2.48356173 -1.28686679 -0.2856744   0.38689458
 -0.72009577]
Current x array =  [-0.67798524 -1.15364347 -0.38186357  0.70471145 -3.72455062 -2.66762131
 -1.62332686 -2.66549935 -0.96470514 -0.59794358 -1.28685642 -3.12678205
 -2.18042234 -0.42988796 -1.50651984 -1.93831418 -1.75569029 -3.04650709
 -1.50955512  1.86748301 -1.7992625  -1.42091611 -1.06173627]
log likelihood =  -4514.587854215203
Edge derivatives =  [-1.1467015500706144, -0.597655704515103, 0.9453987653454671, 0.5463942476008332, -0.274762054929094, 0.700406127977785, 0.27981960711783804, 0.38909703029729226, 0.42034595708469524, 1.5862898872734683, -0.08020018985392335, 0.6651920091315133, -0.9981600005351356, 0.42309474927096774, 0.15111655381809985, 1.1675316144793468]
other derivatives: [ 3.12954398  0.22576076  1.29365526 -3.85705061  0.80543298  0.02820557
 -1.10028998]
Current x array =  [-0.68155187 -1.1491517  -0.38264342  0.71881006 -3.73095042 -2.65081487
 -1.61877974 -2.73261778 -0.96953763 -0.60556454 -1.27604714 -3.14593809
 -2.17234749 -0.43034454 -1.50678253 -1.93578622 -1.7483208  -3.05897398
 -1.49744752  1.87478368 -1.7984142  -1.42090795 -1.06362299]
log likelihood =  -4514.4776322339985
Edge derivatives =  [-0.9595231208262436, -0.26852153600780754, 0.9953236000863207, 0.5282756876383627, -0.26691252541092875, 0.6649377503289403, 0.6137081424596862, 0.43236598517816127, 0.3903516241913725, 1.5535420535158986, -0.06961917975533262, 0.28266492551236605, -0.6612299908336341, 0.397758930471786, -0.019792068528545648, 1.0226348378885914]
other derivatives: [ 4.04248931  0.04833355 -2.67413725 -3.85790736  1.17465655 -0.20880841
 -1.25075163]
Current x array =  [-0.68243157 -1.14815973 -0.38114706  0.71840562 -3.72720178 -2.62930072
 -1.62171911 -2.79883896 -0.98374531 -0.60838702 -1.26441527 -3.16456921
 -2.16464963 -0.43626857 -1.50558284 -1.93411712 -1.7457815  -3.0699485
 -1.48691524  1.8669291  -1.7990395  -1.41729082 -1.06084426]
log likelihood =  -4514.222187804956
Edge derivatives =  [-0.5246672457342731, 0.3303258375845869, 0.545983334537779, 0.17731835544580454, -0.305487350141865, 0.4008604220378146, 1.526884670746971, 0.4495152063320539, 0.13446784024103955, 1.2081369890874047, -0.06572626137235664, -0.8982449879891667, 0.5256369281019206, 0.13226158993400872, -0.7250486719421176, 0.22165796769304247]
other derivatives: [ 3.6909305  -1.82108603 -4.04660386 -2.13186286  1.52352081 -0.66580486
 -1.52812345]
Current x array =  [-0.68308414 -1.14197273 -0.38195721  0.70115796 -3.70634774 -2.57081732
 -1.6307845  -3.01543383 -1.01756687 -0.61395846 -1.22617824 -3.22581105
 -2.13875346 -0.45549841 -1.50355724 -1.92870686 -1.73516304 -3.10619352
 -1.4566324   1.83293977 -1.80122605 -1.40590405 -1.04774797]
log likelihood =  -4514.262266084477
Edge derivatives =  [-0.11167845213137133, 0.516650347258564, 0.6250211579130112, -0.3804009982257971, -0.3296545767349178, -0.031869256512879446, -0.20722393817124735, -0.038705930721639775, -0.18951018024538946, -0.05701325737606394, 0.08188411662468115, -1.367807969603949, -1.6522262951935642, -0.22896766660123893, -0.3261400463815901, -0.013294905084943132]
other derivatives: [ 5.09353777 12.1975106  16.10276195 -1.01366732 -1.47760054 -1.02623511
 -1.98946249]
Current x array =  [-0.68074234 -1.16981243 -0.39114868  0.6933899  -3.69548257 -2.53704803
 -1.64564546 -3.30743734 -1.01201652 -0.62863885 -1.17800467 -3.31408646
 -2.09919611 -0.42717872 -1.49869426 -1.91895052 -1.68751025 -3.16073723
 -1.43659177  1.84056917 -1.79967903 -1.41739277 -1.03914735]
log likelihood =  -4514.124145514939
Edge derivatives =  [-0.3160458529905249, 0.42730196250049096, 0.5810812606923492, -0.04878607501833773, -0.31647551100660504, 0.21143441591352893, 0.7462542511728845, 0.23676801184617458, -0.011821563788165027, 0.6454925677326402, 0.004525178447119756, -1.105858378274258, -0.4575987172800955, -0.0314818928092319, -0.5400181746472794, 0.12117356918945454]
other derivatives: [ 4.37882318  4.655209    5.17786248 -1.62669585  0.18022651 -0.82860432
 -1.74857423]
Current x array =  [-0.68201812 -1.15464576 -0.3861413   0.69762183 -3.70140176 -2.55544506
 -1.63754942 -3.148358   -1.01504027 -0.62064118 -1.20424894 -3.26599527
 -2.12074639 -0.44260688 -1.50134354 -1.92426563 -1.71347081 -3.1310226
 -1.44750962  1.83641278 -1.80052182 -1.41113388 -1.04383285]
log likelihood =  -4514.047217993058
Edge derivatives =  [-0.2232402480865271, 0.3785470074939469, 0.23322062859019224, -0.3693804741091943, -0.32006021606168383, 0.12348800411156244, 0.1544239342267443, -0.0004865330565622661, -0.11723929488485292, 0.4184188329593086, 0.050745130232537204, -1.1459508190863081, -0.9243915068812174, -0.13689157851493852, -0.4581883175905501, -0.0636472052554885]
other derivatives: [-1.01770001  1.78239372  0.2900606   0.5408192  -0.77770007 -0.87811486
 -1.65138493]
Current x array =  [-0.67974586 -1.14857686 -0.38528183  0.682196   -3.69637113 -2.54311793
 -1.6471747  -3.23788405 -1.01566508 -0.62200493 -1.18864391 -3.29383617
 -2.11046161 -0.43541774 -1.49869794 -1.92252689 -1.70596047 -3.14781161
 -1.44589871  1.83412374 -1.80174417 -1.41297944 -1.04055952]
log likelihood =  -4514.021470589145
Edge derivatives =  [-0.21191713922248248, 0.23939218299061776, 0.06561794992665798, -0.4824829150549127, -0.3274946564618261, 0.06831855360355285, -0.3614406904690428, -0.13316227751799106, -0.16929447545803605, 0.20114037274690716, 0.07733842586885166, -0.971850938095103, -0.9718526510348271, -0.19527797623561502, -0.25507571042701077, -0.09029856489845245]
other derivatives: [-1.26801024  0.39910824  0.15091791  1.25558108 -0.87731783 -0.78975631
 -1.52361184]
Current x array =  [-0.6799139  -1.14577559 -0.38541773  0.67670862 -3.69844367 -2.54682625
 -1.65395901 -3.26102328 -1.00978649 -0.62158759 -1.18525999 -3.30211514
 -2.10657275 -0.42725556 -1.49740369 -1.92156187 -1.69822427 -3.15257107
 -1.44921847  1.83668981 -1.80129306 -1.41691667 -1.0394796 ]
log likelihood =  -4513.971850803757
Edge derivatives =  [-0.1723865220800548, 0.0939816464811854, -0.08463478927324167, -0.5527946484208789, -0.3091999558176235, 0.05273119922923973, -0.6976435383798582, -0.19104583297873073, -0.15727124523845076, 0.005391644329068801, 0.14307327548689436, -0.4480760511044642, -0.03520157989031092, -0.17339474552241108, 0.12077805822044257, -0.07556823660892265]
other derivatives: [-0.84383191 -0.36854208  0.90030881  1.45811282  0.05481022 -0.55078076
 -1.13209303]
Current x array =  [-0.68011721 -1.14457388 -0.38559989  0.67476153 -3.70226438 -2.55498007
 -1.67237591 -3.30558668 -1.00030253 -0.62097629 -1.18174016 -3.31898889
 -2.10042356 -0.42046412 -1.4969793  -1.92181379 -1.6890115  -3.16068745
 -1.45964409  1.83231628 -1.80298976 -1.42243945 -1.03812016]
log likelihood =  -4513.923200308296
Edge derivatives =  [-0.08388756400149919, -0.08297408227204295, -0.0994000794937838, -0.5435156195551938, -0.26056026912878905, 0.02222792104509087, -0.939985730263901, -0.154737422128158, -0.09682185258719662, -0.30264248087970574, 0.2405397275091621, 0.28433138023915894, -0.3734931820893399, -0.09756785142085825, 0.628114130852895, -0.002147779810995676]
other derivatives: [-1.35338814 -1.60021438 -0.40371742  0.08305597 -0.62121348 -0.15534493
 -0.51227724]
Current x array =  [-0.67984499 -1.14333347 -0.38450367  0.68644264 -3.70144451 -2.56947803
 -1.70670012 -3.38902173 -0.98363759 -0.62281912 -1.1791062  -3.35148156
 -2.08852979 -0.41450895 -1.49802311 -1.92259653 -1.67266983 -3.17421898
 -1.47460185  1.83666789 -1.80625797 -1.42875634 -1.03753417]
log likelihood =  -4514.091154533215
Edge derivatives =  [-0.0008096393957509919, 0.028236285637847303, -0.397247131456294, -0.3935260237927499, -0.17855496635784646, 0.1910918958328858, 0.37964859626656156, 0.183267243630089, 0.15100981325394575, 0.08012827468380584, 0.3121868752487984, 0.9831088727612188, 1.0230802326870232, 0.2126028032371347, 0.5724740309371795, -0.23369008213036424]
other derivatives: [21.07175624  3.28941131 -3.89995603  2.37090171 -0.55374312  0.42184317
  0.43897268]
Current x array =  [-0.69346754 -1.14747815 -0.38264686  0.67133418 -3.68528709 -2.57129536
 -1.75243397 -3.46356699 -0.9873212  -0.61776214 -1.18132928 -3.38237651
 -2.08080199 -0.43392249 -1.49903575 -1.92741399 -1.67939164 -3.18095644
 -1.48852216  1.80884142 -1.81478387 -1.41877014 -1.03169737]
log likelihood =  -4513.91611769674
Edge derivatives =  [-0.06954877666619423, -0.06418718572398624, -0.14905373152647233, -0.5182596335031837, -0.24655319944203374, 0.050332236756280305, -0.7203966420248225, -0.09914397444647319, -0.05542264976765153, -0.23847232205469632, 0.25258344110203657, 0.40198666499312236, -0.13675758542811534, -0.04567036116267803, 0.6191859901077127, -0.04036076648311804]
other derivatives: [ 2.44311377 -0.78053006 -0.98061719  0.45851357 -0.6090315  -0.0563365
 -0.34770318]
Current x array =  [-0.68211635 -1.14402453 -0.38419408  0.68392353 -3.6987505  -2.56978104
 -1.71432558 -3.40145106 -0.98425178 -0.62197594 -1.17947687 -3.35663285
 -2.08724129 -0.41774587 -1.49819196 -1.92339977 -1.6737906  -3.17534235
 -1.47692285  1.83202823 -1.80767954 -1.42709129 -1.03656097]
log likelihood =  -4513.904979355675
Edge derivatives =  [-0.042294305051405454, 0.014215554049495871, -0.11700026193909002, -0.4740239580744976, -0.23203204150558174, 0.0677405810842854, -0.322934518092868, 0.0035073739284839367, -0.020013040144163205, -0.16676835917670746, 0.2586111066322955, 0.43830325218298527, 0.18575314588847158, -7.538636990517267e-06, 0.5429498952765376, -0.05981395111354204]
other derivatives: [ 1.29575528 -0.36899774 -0.27089391 -0.09358973 -0.35851858 -0.01829859
 -0.22601928]
Current x array =  [-0.68118852 -1.14516681 -0.38440855  0.68777017 -3.69658597 -2.5677558
 -1.72140586 -3.42184403 -0.98614033 -0.62266342 -1.17935997 -3.36409879
 -2.08523303 -0.42361572 -1.4990986  -1.9242852  -1.67522226 -3.17763333
 -1.4776185   1.82708229 -1.80944439 -1.42463379 -1.03618294]
log likelihood =  -4513.89803309444
Edge derivatives =  [-0.018500185009328818, 0.07865010529139538, -0.07460737219821997, -0.40007327695223005, -0.2195131865904717, 0.08372669624407536, 0.01766361772024519, 0.09671719489895028, 0.009603542511424229, -0.09628263405494236, 0.2546768292640729, 0.3916940635821866, 0.3301145190118844, 0.038424851434812377, 0.40543162148016515, -0.05386054995800815]
other derivatives: [ 0.17347975  0.06420907 -0.19321396 -0.26418547 -0.19507501 -0.00209119
 -0.13278073]
Current x array =  [-0.68035896 -1.14619808 -0.38447325  0.68901575 -3.69595884 -2.56600943
 -1.72783866 -3.43904787 -0.98734617 -0.62364662 -1.18090137 -3.37123378
 -2.08324834 -0.4284533  -1.49951461 -1.92496666 -1.6767786  -3.17861721
 -1.47642569  1.82501192 -1.81074255 -1.42080282 -1.03625953]
log likelihood =  -4513.891993897141
Edge derivatives =  [0.001240419473969594, 0.10458392098713742, -0.07069590984650748, -0.30474472459827584, -0.21120057247937424, 0.08364949287986383, 0.2982151318656533, 0.17978505297468078, 0.021202462651368437, -0.03318682054736771, 0.2388465458007335, 0.2965966807193009, 0.3353758730258063, 0.053326838361536094, 0.19297407213311624, -0.025361700689275013]
other derivatives: [-0.30278261 -0.06154509  1.60323725 -0.36670463 -0.0524845   0.01794364
 -0.01377873]
Current x array =  [-0.67997746 -1.14587745 -0.38530436  0.68878457 -3.69679255 -2.56512608
 -1.73625193 -3.45586544 -0.98758953 -0.624828   -1.18469659 -3.37965408
 -2.0808624  -0.43226592 -1.49921434 -1.92563983 -1.67848185 -3.17829798
 -1.4742326   1.82601115 -1.81184763 -1.41539769 -1.03679917]
log likelihood =  -4513.887141931458
Edge derivatives =  [0.037498189383992186, 0.16040621229213786, 0.09088705463562388, -0.10042879293715043, -0.1871726877266749, 0.10918764823887105, 0.48010731050427713, 0.27322492247899216, 0.07439476170075901, 0.022509642451422673, 0.22488784981693472, 0.13934217761249362, -0.002214499999377395, 0.1196729188316812, -0.027722362262965816, 0.06875330236576904]
other derivatives: [-1.69304622  0.84371122 -1.5809228  -0.05304537 -0.16635441  0.0279998
  0.08720624]
Current x array =  [-0.67911597 -1.14794017 -0.38406476  0.6881144  -3.70035064 -2.56602742
 -1.74753374 -3.47885064 -0.98503301 -0.62722285 -1.19115271 -3.39210684
 -2.07672499 -0.43355586 -1.49805328 -1.92602648 -1.67813527 -3.17728581
 -1.47007653  1.83193327 -1.81252445 -1.40847013 -1.03798418]
log likelihood =  -4513.882985547593
Edge derivatives =  [0.029497783505361357, 0.10385629992610995, 0.05479921993123857, -0.08006430140016854, -0.19227275493234539, 0.09233560732469556, 0.35382802167391536, 0.24879362356758603, 0.054889635907416315, 0.0012210543930301077, 0.21375387921316247, 0.11053977993155883, -0.09976031830482501, 0.09381794748526971, -0.06868057532335231, 0.09381348776828924]
other derivatives: [-0.86715863  0.31134732  0.09930409  0.0173186  -0.12530042  0.03767327
  0.09985487]
Current x array =  [-0.67966067 -1.14668302 -0.38477231  0.68669294 -3.70247316 -2.56804329
 -1.74851272 -3.47413336 -0.98316123 -0.62719623 -1.19364212 -3.39200945
 -2.07668993 -0.43142915 -1.49720677 -1.92590568 -1.67783573 -3.17538961
 -1.46950769  1.83527777 -1.81202824 -1.40769053 -1.03842655]
log likelihood =  -4513.881043376263
Edge derivatives =  [0.02120968868456609, 0.04858377389068741, 0.058911061475846405, -0.04508926742425118, -0.1947286196288183, 0.0821447873841222, 0.1568200529464559, 0.21277518280518604, 0.04385611103525658, -0.027027989713182765, 0.20419797661774736, 0.08129606267657163, -0.2001991145558002, 0.07820086943159082, -0.07553152327892548, 0.12772471997047163]
other derivatives: [-0.12829787 -0.08376278  0.28462637  0.14603211 -0.05853936  0.04080162
  0.08687751]
Current x array =  [-0.68019576 -1.14583188 -0.38481331  0.68551702 -3.70552477 -2.5707811
 -1.74859756 -3.46670117 -0.98052517 -0.62717935 -1.19642472 -3.39121624
 -2.07673606 -0.42802501 -1.49605978 -1.9256013  -1.67694551 -3.17295467
 -1.4688217   1.83932631 -1.81117064 -1.40746908 -1.03889398]
log likelihood =  -4513.880042670814
Edge derivatives =  [0.024131404523664204, 0.04036196088527488, 0.09416486037174712, -0.01438667778117067, -0.19233612188080626, 0.07531960485761063, 0.08086156952577173, 0.19851772561830516, 0.04358322477327696, -0.032238111515777435, 0.1978079678179856, 0.04180807040362505, -0.1804533747148389, 0.0771590192806934, -0.08877459788482989, 0.1287826207525843]
other derivatives: [0.22879067 0.01157692 0.26164707 0.04345748 0.04985993 0.033328
 0.06768371]
Current x array =  [-0.68038183 -1.14612708 -0.38470757  0.68631537 -3.70702598 -2.57137987
 -1.74897475 -3.46713401 -0.97931599 -0.62736547 -1.1977914  -3.39285056
 -2.07601282 -0.4265995  -1.49497919 -1.92533731 -1.67652194 -3.17164295
 -1.46775289  1.84064029 -1.81066068 -1.40712886 -1.0387808 ]
log likelihood =  -4513.878056751132
Edge derivatives =  [0.025702819175590922, 0.007666131152951672, 0.08308362189473995, 0.020824423621032456, -0.1875611640569344, 0.05555754674517791, -0.117511128204278, 0.131037489950887, 0.034688396783949874, -0.02129596169726239, 0.1784496720499404, -0.03211322167201325, 0.07506879275118106, 0.06794002258995316, -0.113698847185039, 0.04585734121752705]
other derivatives: [ 0.3365567  -0.35212086 -0.83350278  0.06976552  0.3597624   0.04074698
  0.04739258]
Current x array =  [-0.6805474  -1.14570429 -0.38412802  0.6863839  -3.70909618 -2.57228657
 -1.75011122 -3.46679048 -0.97709693 -0.6263683  -1.20075397 -3.3973545
 -2.07424122 -0.42362547 -1.49116573 -1.9246585  -1.67681977 -3.16720558
 -1.46593392  1.84016893 -1.80927413 -1.40677781 -1.03722888]
log likelihood =  -4513.876452938421
Edge derivatives =  [0.03395283242675625, -0.0022310750585918804, 0.07185109169591841, 0.0448692511337665, -0.18278236379392293, 0.03436533498701441, -0.20497542206735442, 0.09096568826820092, 0.026493261318635858, -0.018180688235201747, 0.16535752101238868, -0.08156365190026638, 0.16417739504563578, 0.05947543772993706, -0.14119019862995325, -0.02170771972060448]
other derivatives: [ 0.28372142  0.13491923 -0.2712668  -0.00598448  0.40864338  0.05283216
  0.0480744 ]
Current x array =  [-0.68038166 -1.14691223 -0.38427769  0.68714071 -3.70925608 -2.5722171
 -1.75230541 -3.47328464 -0.97562426 -0.62583373 -1.20250006 -3.40340599
 -2.07202797 -0.42237088 -1.48820244 -1.92416003 -1.67682072 -3.16451535
 -1.46453066  1.83947408 -1.80842613 -1.40639761 -1.03590828]
log likelihood =  -4513.874580672251
Edge derivatives =  [0.04205651130745402, -0.013787502814862296, 0.007096300311231346, 0.037334858286105, -0.17688146210841726, 0.007969601506943369, -0.22983793025586594, 0.041976003742966506, 0.011721447014168024, 0.0030650945643779237, 0.15098646880196423, -0.10824459419018623, 0.24433451882340296, 0.044160740500136145, -0.15051419478949213, -0.13617796409511296]
other derivatives: [ 0.04256981  0.13277861 -0.08325242 -0.16146805  0.29160236  0.0804799
  0.07113607]
Current x array =  [-0.68021867 -1.14713427 -0.38429119  0.688465   -3.70699993 -2.57107723
 -1.75485655 -3.48200715 -0.97498342 -0.62461547 -1.20351409 -3.41114586
 -2.06948807 -0.42277511 -1.4845767  -1.92367332 -1.67770886 -3.16125948
 -1.4639024   1.83661908 -1.80757854 -1.40669349 -1.03401254]
log likelihood =  -4513.87210698651
Edge derivatives =  [0.03971743812927039, -0.07276935805371482, -0.09960678950316298, 0.016377865536887193, -0.17274192575445113, -0.030743255183021262, -0.33339828575177555, -0.0638990293616217, -0.03392484182415771, -0.004687075566105869, 0.12672305572214748, -0.12570078521140032, 0.010095474422637363, -0.009588755160226878, -0.07708976617472069, -0.1952660121171711]
other derivatives: [-0.5877755   0.24313412  0.42256943 -0.017807   -0.14456549  0.0891643
  0.06661636]
Current x array =  [-0.67983449 -1.14750825 -0.38456626  0.68782676 -3.70483585 -2.57033073
 -1.75515304 -3.48346349 -0.97281756 -0.62289881 -1.20581874 -3.42069209
 -2.06671198 -0.42248864 -1.47847007 -1.92257757 -1.678272   -3.15342133
 -1.46366039  1.83663083 -1.80515532 -1.40934856 -1.03308467]
log likelihood =  -4513.871988859359
Edge derivatives =  [0.05410095383302908, -0.08126403936559551, -0.18771191929785602, 0.022796796269994923, -0.15239576415942213, -0.04519467745415216, -0.05083113518038901, -0.10897725880799033, -0.05143102811471108, 0.08106780997958435, 0.1023513997049671, -0.11078989864491667, -0.003293539051594463, -0.028715880286647108, -0.0021670831219837705, -0.2515974933107695]
other derivatives: [ 2.17423349  0.71017071 -0.16561444  0.09481028 -0.46680055  0.11254738
  0.13241771]
Current x array =  [-0.68154336 -1.14780353 -0.38424397  0.68738662 -3.69983491 -2.56622472
 -1.7588813  -3.49721826 -0.97293889 -0.62105141 -1.20807152 -3.43806592
 -2.06233509 -0.42858574 -1.47129228 -1.92191733 -1.68124727 -3.143947
 -1.46409939  1.83196369 -1.8032593  -1.4112318  -1.03217495]
log likelihood =  -4513.870751619923
Edge derivatives =  [0.04710191254887694, -0.07709539505965068, -0.14465174448744555, 0.019637767522984767, -0.1622401228890869, -0.03803657944883345, -0.1887720712931467, -0.08678186393339393, -0.04285863561924866, 0.03926409788324203, 0.11432076679690267, -0.11801236013882865, 0.003350937991398739, -0.019345603371496572, -0.03873493833750308, -0.22402803537855331]
other derivatives: [ 0.82637234  0.482188    0.12172313  0.03953937 -0.30902998  0.1011233
  0.10031642]
Current x array =  [-0.68070818 -1.14765922 -0.38440148  0.68760173 -3.70227903 -2.56823145
 -1.75705918 -3.49049586 -0.97287959 -0.62195429 -1.20697051 -3.42957477
 -2.06447422 -0.42560589 -1.47480029 -1.92224001 -1.67979316 -3.14857741
 -1.46388483  1.83424467 -1.80418595 -1.4103114  -1.03261956]
log likelihood =  -4513.8691641541345
Edge derivatives =  [0.04450240083119583, -0.09570677834759772, -0.17153155467356046, 0.018904088943359515, -0.15941157764109176, -0.04223741623027374, -0.10650868119717513, -0.10304492715703364, -0.06127135425290428, 0.04735267677454719, 0.104247674535482, -0.11374909220055657, -0.1020284900729973, -0.04192813060803763, -0.0005464439101158791, -0.1779863993555838]
other derivatives: [ 0.33443939  0.07988945  0.10086205  0.10634358 -0.39365412  0.08424472
  0.10619392]
Current x array =  [-0.68049163 -1.14682045 -0.38447856  0.68694964 -3.70198017 -2.56731099
 -1.75671002 -3.48953137 -0.97266799 -0.62182785 -1.20808194 -3.43358002
 -2.06381833 -0.42741803 -1.47286044 -1.92204367 -1.68044808 -3.1447378
 -1.4642989   1.83490195 -1.80333731 -1.41142033 -1.03355312]
log likelihood =  -4513.867269220268
Edge derivatives =  [0.04221752260787679, -0.1065761825793376, -0.15412842239001354, 0.03334312890165411, -0.15249489481721093, -0.03739311604020431, 0.05156436358592342, -0.11299809845032832, -0.08090219811477802, 0.059887643852776395, 0.0905755862363997, -0.09833385354082985, -0.15913864125800226, -0.06733650881191787, 0.07601481115409103, -0.06048619147840495]
other derivatives: [-0.07964081 -0.29919255  0.04692447  0.1260496  -0.29935336  0.0340856
  0.09225098]
Current x array =  [-0.68029668 -1.14599184 -0.38453072  0.68646916 -3.70278521 -2.5655384
 -1.75508426 -3.4871056  -0.97263414 -0.62231431 -1.20960706 -3.43979113
 -2.06305615 -0.43036577 -1.47028345 -1.92187408 -1.68116049 -3.13853202
 -1.46508323  1.83611211 -1.80206817 -1.41330564 -1.03568759]
log likelihood =  -4513.8658964212555
Edge derivatives =  [0.04391166856632924, -0.10033669619486241, -0.10376749497493326, 0.056927993428527585, -0.14327320321698678, -0.029036771110350017, 0.14528131468844757, -0.12402554533191432, -0.08798234086764925, 0.06795991117342465, 0.07651014277529038, -0.07896281331647531, -0.08580857961699895, -0.07782809625815768, 0.12737639873026813, 0.024861552148421118]
other derivatives: [-0.21350024 -0.27234761  0.11538577  0.07859217 -0.07153051 -0.01157305
  0.06739248]
Current x array =  [-0.68017358 -1.1460335  -0.38456526  0.68656157 -3.70398048 -2.56390955
 -1.7537393  -3.48667836 -0.97273332 -0.62309833 -1.21084424 -3.44696505
 -2.06204193 -0.4320274  -1.46798358 -1.9219494  -1.68137542 -3.13252916
 -1.46586283  1.83646036 -1.8011103  -1.41446865 -1.03721111]
log likelihood =  -4513.865221031401
Edge derivatives =  [0.05017265809336136, -0.053749317983449896, 0.03550145789923084, 0.10309815609112821, -0.12311854563143437, 0.006484752738360647, 0.19000656067707047, -0.12818349302802276, -0.06489030198573353, 0.07246561345655483, 0.057247447407491804, -0.03168768005474493, -0.2013247418803632, -0.05366925590073275, 0.16548835484813412, 0.11917101172989286]
other derivatives: [-0.82035604  0.16843375 -2.15687487  0.14528632 -0.08526927 -0.06837335
  0.01326421]
Current x array =  [-0.67981624 -1.14694326 -0.38367057  0.68688769 -3.7046732  -2.5619969
 -1.75149021 -3.48648157 -0.97358767 -0.62499382 -1.21174089 -3.45839263
 -2.06078919 -0.43281697 -1.4662131  -1.92285547 -1.68064851 -3.1238322
 -1.46767186  1.83767575 -1.80052081 -1.4148259  -1.03910152]
log likelihood =  -4513.863694886424
Edge derivatives =  [0.04945792441651889, -0.0564033030649958, 0.050550536203324975, 0.10507472142879615, -0.1209863424818087, 0.003000273718492305, 0.17123342542579817, -0.14006834085417494, -0.0711273717334286, 0.0636277838120009, 0.04645787184258246, -0.018353036027592196, -0.035754620720919617, -0.0635037460101346, 0.15697126996106597, 0.1286026830706778]
other derivatives: [-0.20262542  0.14966304 -0.59721424 -0.01541684  0.17565862 -0.08331786
 -0.00411872]
Current x array =  [-0.68009348 -1.14682361 -0.38426136  0.68723812 -3.70551847 -2.56145266
 -1.75065744 -3.48593867 -0.97387235 -0.62548226 -1.21205725 -3.46202024
 -2.06038199 -0.43252714 -1.46548534 -1.92315682 -1.68047787 -3.12084241
 -1.46821014  1.83717092 -1.80031678 -1.41481931 -1.03936624]
log likelihood =  -4513.862723968615
Edge derivatives =  [0.050080790123863364, -0.04602920813227135, 0.07178708909475459, 0.10196577949298266, -0.11720638299672864, 0.00493774979931038, 0.1002674534194958, -0.1498727593767778, -0.06475516488242555, 0.05179555632381205, 0.03659809341284346, 0.0020905429597489755, 0.042815651430169854, -0.05804426645806239, 0.12206482121237894, 0.09661345223335138]
other derivatives: [ 0.17057573  0.1952645   0.09067935 -0.14270245  0.24537233 -0.08292294
 -0.02113865]
Current x array =  [-0.68026871 -1.146875   -0.38450888  0.68779927 -3.70533007 -2.56117001
 -1.75004996 -3.48629768 -0.97456666 -0.62602234 -1.21171987 -3.4657361
 -2.06005042 -0.43144332 -1.46555437 -1.92380905 -1.67996745 -3.11843233
 -1.46902383  1.83638931 -1.80058663 -1.41410716 -1.03904549]
log likelihood =  -4513.861427022141
Edge derivatives =  [0.05095985800146509, -0.015453094416559787, 0.1205471758167847, 0.09243539786380073, -0.10741987521005908, 0.018152412064600734, -0.009061068975242698, -0.1596980739657627, -0.04565517412012471, 0.029265782577137855, 0.016959419281495018, 0.05780604403010964, 0.05217125318279159, -0.039730433766199474, 0.05698379574613649, 0.04629368048923577]
other derivatives: [ 0.47760568  0.25620718  0.57022226 -0.3015557   0.18309614 -0.08360815
 -0.0535103 ]
Current x array =  [-0.68042008 -1.14688965 -0.38470419  0.68859743 -3.70410079 -2.56035872
 -1.74847729 -3.4865754  -0.97646635 -0.62729009 -1.21064065 -3.47388845
 -2.0595498  -0.42992058 -1.46619902 -1.92539726 -1.67888833 -3.11310344
 -1.47120293  1.83523332 -1.80131713 -1.41268647 -1.03877696]
log likelihood =  -4513.8603065370335
Edge derivatives =  [0.05115577136619174, 0.011122376654699673, 0.1369973425796451, 0.07757811420937996, -0.09838367519396128, 0.030834704423086917, -0.05797267966709832, -0.15691594656301347, -0.027162212231167493, 0.010655846609748165, -0.0021170877864998133, 0.10122150321147749, 0.02743565062000486, -0.02117616412144986, -0.008083963279611972, 0.0024828236444596197]
other derivatives: [ 0.3842124   0.18050374  0.54686825 -0.29711282  0.05928656 -0.0784067
 -0.06725654]
Current x array =  [-0.68039299 -1.14660972 -0.38476494  0.6883668  -3.70255949 -2.55955628
 -1.74739879 -3.4873181  -0.97845721 -0.62811135 -1.20938931 -3.482109
 -2.05898531 -0.42940189 -1.4672817  -1.92701209 -1.67805177 -3.10807467
 -1.47309694  1.83397178 -1.80213105 -1.41126729 -1.0386276 ]
log likelihood =  -4513.858471232397
Edge derivatives =  [0.044561568185936554, 0.02149726132398594, 0.10220164904684903, 0.04912356631667847, -0.08418146672532242, 0.04091588368912896, -0.1292125588648687, -0.1350081610587911, 0.0008893950832556952, -0.042446479513328805, -0.040211152159270486, 0.11311015811628677, 0.05242287785791877, 0.00510397727104718, -0.06416907194442145, 0.009212089895878739]
other derivatives: [ 0.52249197  0.01458186  0.35451558  0.08023198  0.06048574 -0.07663754
 -0.0866065 ]
Current x array =  [-0.68056375 -1.14595454 -0.38485188  0.68526304 -3.70245571 -2.55962636
 -1.74494354 -3.48349777 -0.98071207 -0.62801327 -1.2071006  -3.49784693
 -2.05755052 -0.4281641  -1.47055274 -1.92982949 -1.6760733  -3.09764662
 -1.47452788  1.83346628 -1.8030148  -1.41022369 -1.03942298]
log likelihood =  -4513.86023596068
Edge derivatives =  [0.049863525781666265, 0.04337026458167903, -0.0577620629092267, 0.010969033525573796, -0.062077745145127025, 0.014671822280792932, 0.08898992753702709, -0.10680260272867062, 0.010279157755545928, -0.036962279543979015, -0.09840035140758094, 0.07328584005258226, 0.04608128009008494, 0.013070061947235742, -0.09379626561315837, -0.06354948909856517]
other derivatives: [-1.87547994  0.58839364  1.17830223  0.24684141 -0.26172202 -0.04123096
 -0.02805011]
Current x array =  [-0.67896016 -1.1473885  -0.38541126  0.68435595 -3.6982427  -2.55766568
 -1.74700135 -3.49266878 -0.98286606 -0.62549453 -1.20539877 -3.52695302
 -2.05217518 -0.43235216 -1.47068363 -1.93215431 -1.67650917 -3.08250952
 -1.47451438  1.82911633 -1.80277902 -1.41073957 -1.03876385]
log likelihood =  -4513.8579629707965
Edge derivatives =  [0.04627315049784474, 0.028522473628288303, 0.05089276233660461, 0.03693201020558867, -0.07691146767151999, 0.03271832293908437, -0.05914886327275373, -0.1259755257214251, 0.003935569969745839, -0.04055606438233311, -0.05870866479673693, 0.10042599684352421, 0.05048512304141095, 0.0076929350674370955, -0.07364467557611651, -0.014060936383965772]
other derivatives: [-0.2457964   0.19918182  0.61887386  0.13355202 -0.04271656 -0.06526548
 -0.06777845]
Current x array =  [-0.68004888 -1.14641494 -0.38503148  0.6849718  -3.70110303 -2.55899684
 -1.74560424 -3.48644232 -0.98140366 -0.62720457 -1.20655419 -3.50719208
 -2.05582465 -0.42950877 -1.47059477 -1.93057593 -1.67621325 -3.09278653
 -1.47452355  1.83206963 -1.8029391  -1.41038932 -1.03921135]
log likelihood =  -4513.857421999754
Edge derivatives =  [0.04521360651952963, 0.019357945209481087, -0.005769141640613762, 0.024965723700060893, -0.07458329105257237, 0.02419606817758145, -0.025798402307802615, -0.10626360377476035, 0.01003204977912836, -0.03859833773103044, -0.06372887079348165, 0.06506287560227153, 0.07653898524923441, 0.014715262770985796, -0.0652156385521353, -0.025724294383431934]
other derivatives: [-0.02520937  0.08005921  0.10192343  0.25207555 -0.06487022 -0.04574832
 -0.04508907]
Current x array =  [-0.6802488  -1.14613815 -0.38481713  0.68428597 -3.70086121 -2.55962076
 -1.74633025 -3.48659122 -0.98137002 -0.62593725 -1.20579389 -3.51036601
 -2.05504501 -0.42991707 -1.47185434 -1.93090359 -1.67624708 -3.09170438
 -1.47358161  1.83156982 -1.80299784 -1.41071091 -1.03894096]
log likelihood =  -4513.857028904296
Edge derivatives =  [0.044566563120284224, 0.009420028047079199, -0.0404712260087603, 0.022556663978022945, -0.07222004841054187, 0.015268127789644724, 0.012423125892975811, -0.0888743649042022, 0.011783931679951329, -0.03427834147724362, -0.06756009805003035, 0.026555545383605383, 0.0989312636131181, 0.01646736932923587, -0.03766506574975376, -0.010483308657185497]
other derivatives: [-0.00271484 -0.02400113 -0.26919042  0.27987699 -0.02753129 -0.03894846
 -0.03084287]
Current x array =  [-0.68029801 -1.14598532 -0.38463877  0.68422466 -3.70130121 -2.56020599
 -1.74686914 -3.48626641 -0.98095249 -0.6249422  -1.20547899 -3.51318647
 -2.05425415 -0.43032319 -1.47266023 -1.93096088 -1.67633776 -3.09062547
 -1.47247819  1.83177402 -1.8027475  -1.41146322 -1.03904097]
log likelihood =  -4513.856504858882
Edge derivatives =  [0.04355295112706253, 0.0004396144362580068, -0.07111317014424312, 0.020621293988677014, -0.06776124067474779, 0.004266587972758737, 0.040635204633586997, -0.06142995672529403, 0.016834079284873696, -0.031787887917889, -0.07402874481230667, -0.022645979812340344, 0.10145973401944408, 0.021105454093676174, -0.0029896503118354567, 0.013961361983799492]
other derivatives: [ 0.02840989 -0.098035   -0.53462645  0.23481789  0.00847504 -0.03168336
 -0.01840106]
Current x array =  [-0.68033328 -1.14594381 -0.38447606  0.68469324 -3.70203042 -2.56118434
 -1.74736444 -3.48526271 -0.98046965 -0.62385659 -1.2048482  -3.51785005
 -2.05314929 -0.43038963 -1.47422245 -1.9312035  -1.676253   -3.08881985
 -1.47108176  1.83249414 -1.8024593  -1.41243981 -1.03925748]
log likelihood =  -4513.855846266017
Edge derivatives =  [0.04062065028245926, -0.004671383726593925, -0.08412900985614627, 0.016080092769241078, -0.060844243577307555, -0.005022626873261438, 0.03109090521819982, -0.021420149344938605, 0.02613878990360262, -0.036644840697703185, -0.08353892516394343, -0.06930719439632843, 0.05540823754163848, 0.02903604220172759, 0.027504305071769597, 0.04611071566592628]
other derivatives: [-0.01205717 -0.15296648 -0.48477705  0.10978329  0.0258653  -0.02532347
 -0.01387315]
Current x array =  [-0.68029731 -1.14597661 -0.38443484  0.68562916 -3.70316417 -2.5627571
 -1.74738079 -3.48235081 -0.98016584 -0.62310338 -1.20359254 -3.52458155
 -2.05196506 -0.42960367 -1.47716226 -1.93182602 -1.67579739 -3.08623076
 -1.46981411  1.83413355 -1.80225301 -1.41337617 -1.03963987]
log likelihood =  -4513.856618121961
Edge derivatives =  [0.03783384094086098, 0.004977409259541099, -0.08034958431570818, 0.004253298117612103, -0.04978610424491643, -0.0009240334843710896, 0.09271065347461657, 0.062181819892925705, 0.04360235164191319, -0.013320616645583316, -0.0789449116539114, -0.07331334576230791, -0.21500134589519648, 0.04710391179681833, 0.05137549003698938, 0.03339788068859617]
other derivatives: [ 1.41481905  0.75249645 -0.19305753  0.119172   -0.31171179  0.01698369
  0.02408194]
Current x array =  [-0.68102537 -1.14753754 -0.38448511  0.68601205 -3.70269965 -2.56547165
 -1.74867275 -3.47944675 -0.9801906  -0.62261864 -1.20084555 -3.53190466
 -2.0508785  -0.4295699  -1.4824923  -1.93231159 -1.6759616  -3.08671954
 -1.46913554  1.83637916 -1.80210598 -1.413819   -1.0390467 ]
log likelihood =  -4513.855659468222
Edge derivatives =  [0.03977019730379265, -0.001709238031904703, -0.08296207972506922, 0.012490185464529874, -0.057440621302211836, -0.0037575582417557554, 0.04992939607173988, 0.004269615034959678, 0.031492190325885336, -0.029491233393312, -0.08213044990851191, -0.0705246833627432, -0.02728467676201074, 0.03457282857429621, 0.03481855519754906, 0.04222807612080637]
other derivatives: [ 0.42519514  0.12454027 -0.39545466  0.11265092 -0.07738862 -0.01237204
 -0.00225634]
Current x array =  [-0.68052021 -1.1464545  -0.38445023  0.68574638 -3.70302196 -2.56358817
 -1.74777634 -3.48146171 -0.98017342 -0.62295498 -1.20275153 -3.52682356
 -2.0516324  -0.42959333 -1.47879408 -1.93197468 -1.67584767 -3.0863804
 -1.46960636  1.83482106 -1.802208   -1.41351175 -1.03945827]
log likelihood =  -4513.855301031808
Edge derivatives =  [0.03665594232040742, 0.0008124275917146817, -0.059867037953296204, 0.008031004853610219, -0.054108394354376955, -0.0024957316454727457, -0.002643018369705541, 0.025904927233631636, 0.03575494214929949, -0.036165259621133594, -0.08358311109146846, -0.07195354280916066, -0.07076390401351818, 0.03777731793546653, 0.03284809225577773, 0.04603068982993874]
other derivatives: [ 0.13202589  0.07131683 -0.13784575 -0.00304135 -0.06581417 -0.00995449
 -0.00855684]
Current x array =  [-0.68031821 -1.14647077 -0.38453756  0.68648101 -3.70391444 -2.5648058
 -1.74738578 -3.47852242 -0.98018089 -0.62332909 -1.20176275 -3.52934697
 -2.05149605 -0.42830263 -1.48102904 -1.93233042 -1.67543393 -3.08609492
 -1.46956024  1.83618078 -1.80220563 -1.41353081 -1.03949797]
log likelihood =  -4513.855135651224
Edge derivatives =  [0.03466206345249965, 0.0027906814725621176, -0.04478011507566651, 0.0011510520891297449, -0.05326899720799183, 0.0009124266563226291, -0.02476048969461883, 0.03511004895334341, 0.03424634069583973, -0.03675572908295821, -0.08118742198395215, -0.05332193353208248, -0.07066765298690902, 0.03558390247236547, 0.017470108817257524, 0.027711229003722138]
other derivatives: [ 0.06123173  0.03625337  0.23163193 -0.0448299  -0.05141949 -0.00418058
 -0.00738037]
Current x array =  [-0.68025571 -1.14640874 -0.38469643  0.6865945  -3.7041317  -2.56537445
 -1.74729988 -3.47726192 -0.98036674 -0.62383116 -1.20114943 -3.52981933
 -2.05167398 -0.42778081 -1.48211372 -1.93239807 -1.67539676 -3.08690808
 -1.47003277  1.83646531 -1.80223678 -1.41316235 -1.0392193 ]
log likelihood =  -4513.854980518725
Edge derivatives =  [0.03341664589103272, 0.012679368818654335, -0.0028220918109990445, -0.002147747592126631, -0.051549699052793586, 0.01244990250451869, -0.04168685238868655, 0.04594565500790193, 0.033255140136630515, -0.02694677323362854, -0.07272534192230969, -0.014645417112142955, -0.08690323110363196, 0.035076476839451795, 2.916481874337684e-06, -0.003378805881496083]
other derivatives: [-0.15989644  0.06778542  0.14529724 -0.0789214  -0.06231203  0.00285714
 -0.00563022]
Current x array =  [-0.68010843 -1.14650499 -0.384671    0.68685184 -3.70425658 -2.56600261
 -1.74735552 -3.47604421 -0.98058389 -0.62480314 -1.20048698 -3.52928002
 -2.05210817 -0.42731943 -1.48317884 -1.93222629 -1.67559007 -3.0890346
 -1.47094008  1.83674319 -1.80218909 -1.41256064 -1.03870373]
log likelihood =  -4513.8548727520365
Edge derivatives =  [0.03074184438661525, 0.009732512698122975, -0.0018467172447073077, -0.019187828157959275, -0.049997468235788566, 0.01559445129592519, -0.01882672853128492, 0.059838748458044794, 0.023510649246621454, -0.01528833111852429, -0.06662309539276853, 0.018498827420224795, -0.0010031473589755535, 0.0242183922422686, -0.02155620028439209, -0.04944606447656208]
other derivatives: [ 0.01515764 -0.01643373  0.74368563 -0.07086783  0.02121366  0.02146019
  0.01452537]
Current x array =  [-0.68019527 -1.14626759 -0.38493087  0.68642493 -3.70427643 -2.56669368
 -1.74793878 -3.47544737 -0.98082213 -0.62527604 -1.19953747 -3.53081849
 -2.05205039 -0.42754103 -1.48431112 -1.93199609 -1.67608343 -3.09091751
 -1.47169881  1.83607724 -1.80195476 -1.41200203 -1.03792646]
log likelihood =  -4513.854720132673
Edge derivatives =  [0.03130707804682413, 0.012561934675670738, 0.006953936068045424, -0.01685797531406008, -0.04816925640596047, 0.018752812328594458, -0.0016010561443743354, 0.06347567133743726, 0.02410574577284061, -0.007100885881091756, -0.06472304584059799, 0.020897377745748846, -0.0008314990224813634, 0.02548458457789919, -0.013188861455078082, -0.04897367079935111]
other derivatives: [-0.04565209  0.01337567  0.30019146 -0.04893445  0.01930698  0.02254604
  0.01766258]
Current x array =  [-0.68017272 -1.14634832 -0.38474368  0.6864473  -3.70430862 -2.56675809
 -1.74812699 -3.47552925 -0.98074827 -0.62530755 -1.19948107 -3.53156712
 -2.05188057 -0.4277794  -1.48431116 -1.93186271 -1.67626005 -3.09111496
 -1.47170452  1.83604237 -1.80177565 -1.41209323 -1.03789016]
log likelihood =  -4513.854606808875
Edge derivatives =  [0.03150491949833448, 0.012320227744840151, 0.010578095804038012, -0.01743781474253775, -0.04496339565445882, 0.020959352257893193, 0.03702194524706051, 0.07141963132026963, 0.021528439339316266, 0.006922346059841711, -0.0622153250301397, 0.022078014244835853, 0.030445872097584648, 0.02321529203351376, 0.0014431252118037308, -0.04946101454855989]
other derivatives: [-0.01406625  0.01531292 -0.15914338 -0.01429999  0.05421396  0.02738652
  0.02806181]
Current x array =  [-0.68021046 -1.14636238 -0.3845434   0.68634846 -3.70444836 -2.566967
 -1.74857399 -3.47560234 -0.98058501 -0.62523285 -1.19926543 -3.53369867
 -2.0514062  -0.42831831 -1.48442688 -1.93160486 -1.67663941 -3.09137944
 -1.47163005  1.83582957 -1.80136735 -1.41230945 -1.03779533]
log likelihood =  -4513.854570248267
Edge derivatives =  [0.031164181016712346, 0.010433820959239115, 0.008300539995024031, -0.019640699258174688, -0.043678166007567104, 0.02060086118710039, 0.049242211457077995, 0.07429711278378318, 0.01918408064952125, 0.011323487658598475, -0.06154309302089778, 0.020522701982697178, 0.04188607066407579, 0.020605255953862783, 0.006834150102835279, -0.048118614055215225]
other derivatives: [ 0.00481486  0.0003483  -0.22647419 -0.00419095  0.06765936  0.02995836
  0.03269884]
Current x array =  [-0.68022683 -1.14633484 -0.38451256  0.6862888  -3.7045123  -2.56709526
 -1.74873922 -3.47548662 -0.98050807 -0.62517198 -1.19912947 -3.53487442
 -2.05115512 -0.42848277 -1.48453453 -1.93150444 -1.6767797  -3.09146447
 -1.47155753  1.8357807  -1.80117385 -1.41241033 -1.03778888]
log likelihood =  -4513.854399381331
Edge derivatives =  [0.030020786138602918, 0.0025862664969300564, 0.0033783582239999277, -0.02699069056516168, -0.039928935691427594, 0.019013182290165076, 0.078560934669656, 0.0740392952551899, 0.006801363171496835, 0.02569675628493856, -0.05747978196642499, 0.015233435602198642, 0.054688490777039744, 0.006730555714848166, 0.02560312464918224, -0.034242481663031454]
other derivatives: [ 0.01236549 -0.02543943 -0.34741697  0.02217712  0.08016061  0.03528791
  0.04431889]
Current x array =  [-0.68024011 -1.14629662 -0.3844579   0.68614524 -3.70457414 -2.56730323
 -1.74917925 -3.47515691 -0.98016134 -0.62508338 -1.1989211  -3.53848234
 -2.05031155 -0.42896413 -1.48431795 -1.93097855 -1.6772993  -3.09224307
 -1.47132604  1.83570574 -1.80038773 -1.41274223 -1.03794611]
log likelihood =  -4513.854082701277
Edge derivatives =  [0.02655285893733635, -0.012510631475916911, 0.025479226693943674, -0.03956193979189254, -0.03173417167743945, 0.019643684211894483, 0.061350983317703195, 0.05995416325324476, -0.019433595262133854, 0.04746949880429363, -0.04632861099329289, 0.011597972368093012, 0.0652985989994781, -0.023537898635993856, 0.054350319890475174, 0.005260332532494361]
other derivatives: [ 0.31861782 -0.15639533 -0.5109523  -0.00171349  0.12112507  0.03806776
  0.04767833]
Current x array =  [-0.68045277 -1.14603828 -0.38434839  0.68628655 -3.7050748  -2.56775977
 -1.74929366 -3.47284122 -0.97946502 -0.62551341 -1.19859884 -3.54566876
 -2.04876507 -0.4287208  -1.48373209 -1.92987141 -1.6780205  -3.09470053
 -1.47111713  1.83613411 -1.79873801 -1.41306024 -1.03853238]
log likelihood =  -4513.853794607713
Edge derivatives =  [0.023495141683168158, -0.03230155622857017, 0.016374880119552848, -0.05730367574067449, -0.025200867562178268, 0.014844933859509565, 0.08180595330923601, 0.024803654415203213, -0.061105399092080015, 0.07406817135965482, -0.030457637543413, 0.00231711941824847, 0.014087029289046704, -0.07016885428177332, 0.08227500029633428, 0.05050300456680912]
other derivatives: [-1.23079190e-01 -1.50732759e-04 -3.01832188e-01  8.37735570e-02
  2.47445541e-02  4.09310674e-02  5.92510616e-02]
Current x array =  [-0.68014908 -1.14642626 -0.38447212  0.68582454 -3.70453479 -2.56745014
 -1.7498211  -3.47206742 -0.97855424 -0.62563146 -1.19892406 -3.553322
 -2.04674296 -0.42948426 -1.48135843 -1.9281764  -1.6792415  -3.09860005
 -1.47074147  1.83598462 -1.79664183 -1.41340885 -1.03923274]
log likelihood =  -4513.853546225009
Edge derivatives =  [0.021186407345125887, -0.03276220178433453, 0.029243333046243297, -0.060337334386693725, -0.02370849964888308, 0.015525035308700919, 0.015909657257144855, 0.02221146636048063, -0.05985812832475615, 0.06349239161325348, -0.028811398295168624, 0.002659207584804535, -0.019628446639418762, -0.06989890336030179, 0.06570348930172665, 0.04919082100654337]
other derivatives: [ 0.08522238 -0.01804125 -0.04656977  0.03798323  0.00242916  0.04036445
  0.04605084]
Current x array =  [-0.68026996 -1.14636789 -0.38456152  0.68603171 -3.70476475 -2.56782241
 -1.74919987 -3.46997013 -0.97866339 -0.6259072  -1.1986402  -3.55482672
 -2.04660731 -0.42834284 -1.4820025  -1.92836591 -1.67881394 -3.09941464
 -1.47082592  1.83660059 -1.7966997  -1.41296911 -1.03928492]
log likelihood =  -4513.8533713322895
Edge derivatives =  [0.01880817900070995, -0.03389941941965713, 0.028073743599303758, -0.06167171866108101, -0.023221148885360157, 0.012473528254444068, -0.06159740930560065, 0.013658974010285402, -0.0562848133248242, 0.043015398947213845, -0.029368811437421764, -0.008169282233106867, -0.052539126936621106, -0.06710725519105633, 0.04047738683583468, 0.046601644880914894]
other derivatives: [-0.00721138 -0.07182699  0.24827204  0.00126238 -0.02522622  0.03554721
  0.02676156]
Current x array =  [-0.68021179 -1.14629238 -0.38468489  0.68618069 -3.70493387 -2.56794432
 -1.74832999 -3.46785011 -0.9788381  -0.6259143  -1.19864298 -3.55643846
 -2.04636843 -0.4271068  -1.48233809 -1.92876002 -1.6781153  -3.09998913
 -1.47072443  1.83711408 -1.79696831 -1.41241349 -1.03937739]
log likelihood =  -4513.853250858892
Edge derivatives =  [0.01784511720989697, -0.03280715877468232, 0.028136049891984677, -0.0588812909066794, -0.02175202767528752, 0.011377860671121488, -0.09102492386023, 0.007892142661754281, -0.05357936181997228, 0.03398627370464269, -0.027401958396387413, -0.013474329018967612, -0.06387164781390786, -0.06446838890029896, 0.025508752662906142, 0.041507663460527144]
other derivatives: [ 0.08136885  0.02847435  0.35705852  0.00220916 -0.04206294  0.0326078
  0.01544798]
Current x array =  [-0.6802471  -1.14648437 -0.38472347  0.68618772 -3.70492666 -2.567871
 -1.74787082 -3.46661881 -0.97893161 -0.62582193 -1.19882231 -3.55836495
 -2.04594179 -0.42666359 -1.48219695 -1.92892678 -1.67776481 -3.10087838
 -1.47064732  1.83720493 -1.79704972 -1.41199557 -1.03934962]
log likelihood =  -4513.852964545155
Edge derivatives =  [0.014081344784231595, -0.02975772287159484, 0.026531239104249288, -0.055088534898929814, -0.016183088262822335, 0.00935709510857239, -0.14999938987401462, -0.0016278361746019931, -0.04807005664626028, 0.01319245155570098, -0.01921116396181107, -0.017937425726408884, -0.03266318231766063, -0.05880946621290016, -0.02609831714651828, 0.000159021200831444]
other derivatives: [-0.14989837  0.05212749  0.3551022   0.00859291 -0.01886684  0.02915964
 -0.00817743]
Current x array =  [-0.68010189 -1.1465978  -0.38472556  0.68614115 -3.70506374 -2.56785705
 -1.74682256 -3.46279255 -0.97931861 -0.62564972 -1.19911203 -3.56527236
 -2.04449168 -0.42578258 -1.48212705 -1.92937078 -1.67694915 -3.10430849
 -1.47073716  1.83699131 -1.79722255 -1.41055842 -1.03885653]
log likelihood =  -4513.852683152289
Edge derivatives =  [0.012418186522143156, -0.0289795916955381, 0.004647949216168595, -0.044551687071307605, -0.011254374433079683, 0.004609053856495501, -0.12068849811548216, -0.012194145504348608, -0.04318573564751453, 0.001541461425237478, -0.007438559477307934, -0.018212872030181626, -0.017180846488473955, -0.053220276394471605, -0.06446325966595828, -0.04038329191933254]
other derivatives: [ 0.27706847  0.20009171  0.39560564  0.05305992 -0.05266437  0.02748379
 -0.01794947]
Current x array =  [-0.68035304 -1.14677895 -0.38473519  0.68584437 -3.70433796 -2.56708228
 -1.74633176 -3.46073125 -0.97972787 -0.6250529  -1.2001447  -3.57197131
 -2.0427553  -0.42657013 -1.48076607 -1.92965646 -1.67651075 -3.10848438
 -1.47083124  1.83611877 -1.7974432  -1.40934113 -1.03833788]
log likelihood =  -4513.852470127998
Edge derivatives =  [0.012043324231321428, -0.02498157888243968, -0.004670330317363636, -0.035066203339192, -0.008414584644579556, 0.003795524978419104, -0.08618847697697204, -0.012515258385363742, -0.0357256743273643, -0.0030417787773389104, -0.001214186284725978, -0.016526135641131146, -0.0050653822038913, -0.04422527248998111, -0.07762851814979443, -0.06052624384990746]
other derivatives: [ 0.0834716   0.07436372 -0.11980865  0.06300434 -0.05874301  0.02429972
 -0.02037227]
Current x array =  [-0.68028401 -1.1465468  -0.38453214  0.68589162 -3.7040113  -2.56660127
 -1.74615131 -3.45978091 -0.98005291 -0.62472711 -1.20079395 -3.57524544
 -2.04189666 -0.42730037 -1.48013532 -1.92996377 -1.67626615 -3.11055233
 -1.47096726  1.83562297 -1.79776164 -1.40884621 -1.03810549]
log likelihood =  -4513.852364870467
Edge derivatives =  [0.012198458375408058, -0.02586721017934207, -0.02645668033056972, -0.03034439041750625, -0.007824875933323048, -0.0008210630535000069, -0.02260154707646847, -0.006086745047406361, -0.03266240147555104, -0.0034733994267655555, 0.00047626353418802475, -0.017008100247772995, 0.030899102552992108, -0.04060056014644223, -0.07490709132589435, -0.0679812788032732]
other derivatives: [-0.00806995 -0.05093295 -0.07661947  0.0471382  -0.0234247   0.02379438
 -0.01090251]
Current x array =  [-0.68024417 -1.14629336 -0.38455778  0.68591302 -3.70379662 -2.56622166
 -1.74641216 -3.46006498 -0.98024615 -0.62431468 -1.2012472  -3.57695861
 -2.0413693  -0.42842253 -1.47974453 -1.93019162 -1.6762956  -3.11117088
 -1.47096521  1.83509631 -1.79801896 -1.40891387 -1.03800241]
log likelihood =  -4513.852265773312
Edge derivatives =  [0.01268080269636701, -0.019481025033612986, -0.020625643113465625, -0.020293030567616444, -0.006050834093477089, 0.000799883348117654, 0.008851204978938765, 0.002251271323873427, -0.02389513576779495, -0.0010729128772197782, 0.0031717586242292414, -0.01241700746166402, 0.027511116455983364, -0.030615320533160517, -0.05389649222555981, -0.0451411400785926]
other derivatives: [-0.01557873 -0.04852175 -0.24404471  0.00992623 -0.00518949  0.01854425
 -0.00796566]
Current x array =  [-0.68023873 -1.14629313 -0.38448397  0.68621477 -3.70388173 -2.56601229
 -1.74644997 -3.45967196 -0.98045307 -0.62427264 -1.20157466 -3.57820736
 -2.04107372 -0.42888465 -1.47972219 -1.93050565 -1.67623002 -3.11143467
 -1.47101607  1.83520286 -1.79833306 -1.40930216 -1.03834565]
log likelihood =  -4513.852166314103
Edge derivatives =  [0.012009392649273178, -0.011284266623695471, -0.015732726373276634, -0.004820728493947157, -0.0030634217548804153, -0.00023021727893902943, 0.033687666689330376, 0.008901755644451698, -0.011607268790321784, -0.005824893054068303, 0.008556249534846606, -0.0063474667571742915, 0.03134153799570405, -0.01733163663679127, -0.028294962898591458, -0.005594129061859299]
other derivatives: [-0.05293259  0.00260301  0.07369999 -0.07403014  0.04597443  0.00660784
 -0.00971427]
Current x array =  [-0.68017412 -1.14638733 -0.38461481  0.6866725  -3.70413715 -2.56558455
 -1.74619331 -3.4580845  -0.98086998 -0.62424488 -1.2022801  -3.58166695
 -2.04028661 -0.42924498 -1.47951656 -1.93113794 -1.67591189 -3.11247401
 -1.47109551  1.83544839 -1.79890862 -1.40977345 -1.03898197]
log likelihood =  -4513.852141052699
Edge derivatives =  [0.011600772275354655, -0.009889891213956614, -0.010068006217784503, -0.0027045700942081585, -0.002241170873132095, 0.0008146705187160319, 0.0190164422457898, 0.0077011138570925175, -0.00872611509399654, -0.0068354475955093585, 0.009781959698629092, -0.005577665301272516, 0.004381355058979297, -0.014231054875423949, -0.020165959083798424, 0.007613749207653342]
other derivatives: [ 0.01720855  0.00381613 -0.02747402 -0.07010112  0.02306072  0.0044465
 -0.01208557]
Current x array =  [-0.68022432 -1.1463642  -0.38457624  0.68666932 -3.70416279 -2.56556798
 -1.74605683 -3.4574975  -0.98093699 -0.6243362  -1.20234845 -3.58224816
 -2.04018711 -0.42900567 -1.47955148 -1.93125762 -1.67581494 -3.11262429
 -1.47110237  1.83572111 -1.79900569 -1.40991128 -1.0391995 ]
log likelihood =  -4513.852121808764
Edge derivatives =  [0.010913311707887894, -0.009933447579105137, -0.010141079686353416, -0.0022766863697853967, -0.0017604264662611675, 0.00045155695613242203, 0.004825148966509429, 0.004485281595262097, -0.007439830927973984, -0.008724864594297332, 0.010878168658519594, -0.0051421500938709785, -0.01920626478846943, -0.012895465938062775, -0.015174348050802033, 0.01538363352920169]
other derivatives: [ 0.02016805  0.00795448 -0.02741308 -0.04855156 -0.00266554  0.003181
 -0.01329217]
Current x array =  [-0.68022949 -1.14634753 -0.38459133  0.68650903 -3.70411901 -2.56551293
 -1.74595786 -3.45697089 -0.98101019 -0.62439557 -1.20244677 -3.58296394
 -2.04003637 -0.4288094  -1.47948631 -1.93136236 -1.67574392 -3.11285571
 -1.47110705  1.83588929 -1.79909725 -1.41001143 -1.03933323]
log likelihood =  -4513.852095115502
Edge derivatives =  [0.00992420993694995, -0.008317787237366536, -0.010186816258282466, 4.3290474474960705e-05, -0.0010357523702237345, -0.0002648688733150467, -0.0038716015520954827, 0.0036318144643045225, -0.0021399318575749116, -0.00887732901632321, 0.011940087202187609, -0.0003398848357367146, -0.010988375731874278, -0.006820114322299675, -0.001648541304499207, 0.021370060000275193]
other derivatives: [ 0.07967628 -0.02358827 -0.02213073 -0.00729142  0.01588314  0.00205375
 -0.01046085]
Current x array =  [-0.6802728  -1.14622465 -0.38462002  0.68612435 -3.70419818 -2.56540349
 -1.74598396 -3.45625318 -0.98125244 -0.62452761 -1.20261869 -3.58407934
 -2.03981129 -0.42867415 -1.47948598 -1.93166817 -1.67570808 -3.11293029
 -1.47116545  1.83587834 -1.7994267  -1.41033351 -1.03939626]
log likelihood =  -4513.852091835221
Edge derivatives =  [0.009625633244347337, -0.004672524693554725, -0.01324021887915347, 0.0021804864386404943, -0.0009427858857195583, -0.0010796912436932676, 0.005796977290835448, 0.0028800642464098525, 0.0019568839781424346, -0.005606782948659683, 0.012196916582093799, 0.0033950209591045444, -0.02277180180227667, -0.0015974875324627213, 0.009649434815070523, 0.018975834802962166]
other derivatives: [-0.12002783  0.04003299 -0.06230948  0.04838603 -0.00924109  0.00256836
 -0.00472507]
Current x array =  [-0.68014311 -1.14633664 -0.38464479  0.68575912 -3.70398098 -2.56520444
 -1.74620545 -3.4561664  -0.98146186 -0.62460763 -1.20282781 -3.58453882
 -2.03967415 -0.42888255 -1.47928822 -1.93186402 -1.67582699 -3.11280376
 -1.47118442  1.835718   -1.79970833 -1.41066182 -1.03931013]
      fun: 4513.852091835221
 hess_inv: <23x23 LbfgsInvHessProduct with dtype=float64>
      jac: array([ 0.12002783, -0.04003299,  0.06230948, -0.04838603,  0.00924109,
       -0.00256836,  0.00472507, -0.00962563,  0.00467252,  0.01324022,
       -0.00218049,  0.00094279,  0.00107969, -0.00579698, -0.00288006,
       -0.00195688,  0.00560678, -0.01219692, -0.00339502,  0.0227718 ,
        0.00159749, -0.00964943, -0.01897583])
  message: 'CONVERGENCE: REL_REDUCTION_OF_F_<=_FACTR*EPSMCH'
     nfev: 98
      nit: 91
     njev: 98
   status: 0
  success: True
        x: array([-0.68014311, -1.14633664, -0.38464479,  0.68575912, -3.70398098,
       -2.56520444, -1.74620545, -3.4561664 , -0.98146186, -0.62460763,
       -1.20282781, -3.58453882, -2.03967415, -0.42888255, -1.47928822,
       -1.93186402, -1.67582699, -3.11280376, -1.47118442,  1.835718  ,
       -1.79970833, -1.41066182, -1.03931013])
