number of sites to be analyzed:  454
log likelihood =  -9547.321477359943
Edge derivatives =  [26.711250902166906, 125.75268737060486, 75.9937998204455, 85.04092848087822, 52.41210838625583, -25.538559273150305, 150.96745922868223, 135.8157564170746, 137.26067744222468, 62.26842593439578]
other derivatives: [-211.79514079   73.2099852  -194.09893503  261.4774985  -902.9810044
   11.22257891    0.        ]
Current x array =  [-0.6715651  -0.74410557 -0.58530209  0.18232156 -0.10536052 -0.10536052
  0.33647224 -2.30258509 -2.30258509 -2.30258509 -2.30258509 -2.30258509
 -2.30258509 -2.30258509 -2.30258509 -2.30258509 -2.30258509]
Forced parameter: {6: 0}
log likelihood =  -8843.703752084899
Edge derivatives =  [29.40198325635217, 128.39331282632708, 76.70771536034752, 94.38514397444868, 52.03100632910817, -18.267556582304266, 156.0567204604046, 137.7490512823635, 136.81795351202746, 68.08291710620418]
other derivatives: [ 3.64536270e+02  8.47744486e+01  4.86374429e+01  1.67713388e+02
 -5.45949313e+02 -4.56322596e-01  0.00000000e+00]
Current x array =  [-0.89299272 -0.7433799  -0.78822867  0.19258574 -1.04940925 -0.09479556
  0.33647224 -2.29599587 -2.17111315 -2.29599587 -2.29599587 -2.29599587
 -2.32928515 -2.29599587 -2.29599587 -2.29599587 -2.29599587]
Forced parameter: {6: 0}
log likelihood =  -8314.273395193452
Edge derivatives =  [24.698590768132615, 125.53889165316578, 67.82516619343474, 94.11479137335648, 42.09373970569147, -11.917048632193167, 144.42651948840611, 125.90000575813184, 120.63270879174408, 63.67328039663885]
other derivatives: [-1118.00662489    51.22363109   125.37443945    -8.59094507
    14.65681355     2.76299397     0.        ]
Current x array =  [-0.43985362 -0.64959441 -0.89404697  0.2945723  -2.95144521 -0.08644682
  0.33647224 -2.25335805 -1.81063637 -2.20891131 -2.18433408 -2.23390495
 -2.38823995 -2.12781667 -2.14835263 -2.15128131 -2.21298344]
Forced parameter: {6: 0}
log likelihood =  -8190.852730849365
Edge derivatives =  [27.089281678340097, 121.15981752633124, 70.45347599620085, 96.64313242965434, 47.291346542611365, -8.264199588828294, 140.9522966735289, 125.69349931707468, 122.97375364006727, 62.92268034609145]
other derivatives: [420.38208539 -86.04784489  73.23334466  -1.61258504  80.36678853
   5.25062023   0.        ]
Current x array =  [-0.82020799 -0.60207476 -0.79200076  0.28664064 -3.22588874 -0.08603621
  0.33647224 -2.23150837 -1.67399696 -2.15624289 -2.11099772 -2.199885
 -2.40422714 -2.01812891 -2.05312656 -2.0599814  -2.16207215]
Forced parameter: {6: 0}
log likelihood =  -8132.918954547062
Edge derivatives =  [26.964956054384764, 119.32815634125248, 70.53350727494433, 95.0115747576236, 46.60719396685933, -7.782201928694413, 136.81142712089158, 123.03592734114949, 121.78213456418173, 60.65477818538736]
other derivatives: [282.59337705 -61.49853834  45.91002107  11.68959898  65.05181092
   3.97704025   0.        ]
Current x array =  [-0.75365668 -0.61384219 -0.74973249  0.29304536 -3.14755967 -0.0857335
  0.33647224 -2.22371213 -1.64787383 -2.13477285 -2.08179839 -2.18582411
 -2.40501534 -1.97400286 -2.01405092 -2.02179336 -2.14283825]
Forced parameter: {6: 0}
log likelihood =  -7996.263747292017
Edge derivatives =  [17.81802215745546, 100.41531969788733, 61.496685927724954, 75.91596606832755, 39.659619519788265, -8.09760928790077, 94.92688499874498, 91.34071324638127, 99.07839255354196, 40.334590726778856]
other derivatives: [-9.21658089e+02 -4.60378060e+01 -2.84167065e+02  1.80595571e+01
  3.05977568e+00 -2.91589458e-01  0.00000000e+00]
Current x array =  [-0.47962372 -0.64983825 -0.51849944  0.37195375 -2.92860751 -0.08367762
  0.33647224 -2.15098612 -1.35038545 -1.94141008 -1.8234134  -2.06018833
 -2.4231472  -1.59337093 -1.67388427 -1.68537967 -1.97537566]
Forced parameter: {6: 0}
log likelihood =  -7885.891317935064
Edge derivatives =  [17.087883004982576, 96.57307048324783, 59.119807308676044, 75.2307602697584, 38.8950023372717, -7.301639609676097, 88.00369013390822, 85.78305752975277, 95.17949205847525, 37.868941340445694]
other derivatives: [-294.33155942  -43.42300599 -204.79762406   25.49004057   23.43264679
   -0.7708195     0.        ]
Current x array =  [-0.59760553 -0.66679167 -0.5303614   0.37351583 -3.01245724 -0.0826899
  0.33647224 -2.13515166 -1.26264126 -1.89890606 -1.76648293 -2.03210353
 -2.43159678 -1.51289756 -1.60155709 -1.61316652 -1.93906427]
Forced parameter: {6: 0}
log likelihood =  -7728.392870872512
Edge derivatives =  [7.281109428449705, 67.68987716620111, 41.64280060567944, 55.400387802469865, 30.387196248274737, -7.55358305370927, 31.63717391792622, 40.282556956351684, 57.24157612858969, 17.843379683039725]
other derivatives: [  14.63008994  -44.131908   -279.15513601   13.24615914   34.47865278
   -5.35710933    0.        ]
Current x array =  [-0.70517642 -0.72797247 -0.46028726  0.43428435 -3.1494843  -0.07923681
  0.33647224 -2.04999815 -0.84669951 -1.66969783 -1.46058895 -1.88180951
 -2.46590915 -1.07633936 -1.20880654 -1.22056853 -1.74463016]
Forced parameter: {6: 0}
log likelihood =  -7702.054391785991
Edge derivatives =  [-12.92806105137471, 25.825763745937618, -7.469910489849604, 13.324057973741104, -4.02172527963163, -14.562485803245412, -52.55077604686048, -39.82160648817126, -44.00527972888689, -14.1968945810557]
other derivatives: [160.86601318   7.79450238 402.34018252 -42.1274035    4.48084288
 -14.78399736   0.        ]
Current x array =  [-0.74602958 -0.8361254  -0.72680298  0.49469406 -3.13125629 -0.08723719
  0.33647224 -1.95465131 -0.33907334 -1.37998046 -1.07055879 -1.68666392
 -2.51025866 -0.59530975 -0.75905952 -0.74647504 -1.52206561]
Forced parameter: {6: 0}
log likelihood =  -7653.248356987919
Edge derivatives =  [-5.191748495485774, 35.007744908890324, 11.50740225813942, 27.74288258492317, 10.615834206715862, -10.584954442671863, -26.23675812770572, -13.1962949823989, -3.646433369676301, -2.957005788530334]
other derivatives: [ 74.06354871   3.97522217  25.2803793   -9.64821811   2.26812785
 -11.54844176   0.        ]
Current x array =  [-0.72555136 -0.8179515  -0.5510372   0.47169947 -3.10700362 -0.09204435
  0.33647224 -1.98055763 -0.4390462  -1.44208294 -1.14542305 -1.72790149
 -2.50648301 -0.71970062 -0.87001516 -0.86243944 -1.57555719]
Forced parameter: {6: 0}
log likelihood =  -7650.14405210563
Edge derivatives =  [-5.650375462343705, 30.494659051634816, 9.931307357436173, 25.58832620441175, 9.881760221148838, -10.355064797836407, -27.754860076351257, -14.761469850199111, -5.504971347633415, -3.898461071411485]
other derivatives: [ 38.70512683  -0.16407103 -18.82053857  -5.86340138   0.32590215
 -11.79300853   0.        ]
Current x array =  [-0.7146385  -0.8189273  -0.53266031  0.46913782 -3.11614721 -0.09917292
  0.33647224 -1.97918218 -0.39392152 -1.42212577 -1.1110666  -1.71292122
 -2.51521186 -0.71205916 -0.8565709  -0.84318017 -1.56667295]
Forced parameter: {6: 0}
log likelihood =  -7644.253435218479
Edge derivatives =  [-7.377411406600086, 20.040084236764365, 4.2378488328992745, 19.749406678788006, 6.313293108725386, -10.11447575374426, -25.229143612387777, -15.171045699970588, -9.59206290270232, -5.167319256001851]
other derivatives: [-61.22495506 -10.23252662 -39.92499387  -0.25332429   2.07205807
 -12.04655928   0.        ]
Current x array =  [-0.68081602 -0.82041971 -0.52571134  0.45579093 -3.15677027 -0.12523503
  0.33647224 -1.98374413 -0.27797461 -1.37706713 -1.02310417 -1.67619363
 -2.5431363  -0.73342535 -0.85251353 -0.81852664 -1.5567383 ]
Forced parameter: {6: 0}
log likelihood =  -7640.413987921604
Edge derivatives =  [-8.591874714540042, 11.933251333222374, -0.14701912426613206, 14.961327583049354, 3.6139900305377375, -9.840431254972854, -19.398690288365103, -12.51152298007553, -10.41954547814769, -5.066001566360052]
other derivatives: [-97.92166566  -5.51246376 -27.30414599   3.46791603   2.40507648
 -11.63278466   0.        ]
Current x array =  [-0.6682999  -0.82800686 -0.5312386   0.44289315 -3.17584126 -0.15250634
  0.33647224 -1.99397236 -0.18792612 -1.34625064 -0.95165691 -1.64842411
 -2.56966601 -0.77468083 -0.86772219 -0.81517936 -1.55700202]
Forced parameter: {6: 0}
log likelihood =  -7634.731166799615
Edge derivatives =  [-9.862675149686646, -1.069949733277005, -6.348969538457364, 6.6944125816471365, -0.05482331066751661, -9.136723463922527, -5.76353840869416, -3.9037987288838267, -7.4360536353991336, -3.3296611800507847]
other derivatives: [-80.89773382   0.0973323   -3.40853239   6.36931873   3.14946942
 -10.06615912   0.        ]
Current x array =  [-0.6726461  -0.83324087 -0.54048175  0.42836165 -3.19821235 -0.21061809
  0.33647224 -2.0248113  -0.04576289 -1.30700641 -0.8299355  -1.60533044
 -2.62368518 -0.87049095 -0.91482194 -0.83261498 -1.56854249]
Forced parameter: {6: 0}
log likelihood =  -7631.639289978668
Edge derivatives =  [-9.483441778242923, -6.210181603803939, -7.800374261728406, 1.1258515320932538, -1.0507728221484853, -8.217115683805382, 2.106437040257429, 1.6384949033173881, -2.4054604758509317, -1.01224384244249]
other derivatives: [-23.91472754  -4.14343685   2.96596227   2.08277379   0.38689408
  -7.90114973   0.        ]
Current x array =  [-0.69117593 -0.82611782 -0.54228371  0.44318518 -3.18364689 -0.27421694
  0.33647224 -2.07671382  0.00911796 -1.31402811 -0.75215353 -1.58529669
 -2.68241954 -0.93039047 -0.94489109 -0.86183548 -1.5850024 ]
Forced parameter: {6: 0}
log likelihood =  -7630.512752399864
Edge derivatives =  [-8.476724270166295, -5.417477606196849, -6.2239615009857205, -0.4364947437641101, -0.2323642164055595, -7.427234938970992, 5.833902785532367, 4.597166530065438, 2.3616663083941933, 1.0355138081532238]
other derivatives: [17.13957317 -1.09023495  1.29102773 -1.87959995 -1.13423225 -6.35864217
  0.        ]
Current x array =  [-0.70492095 -0.82400267 -0.54199326  0.45842145 -3.16490908 -0.31771811
  0.33647224 -2.12099182  0.00352529 -1.34094669 -0.72570678 -1.58364156
 -2.7230326  -0.95840609 -0.96122217 -0.88842728 -1.59902552]
Forced parameter: {6: 0}
log likelihood =  -7629.931768468614
Edge derivatives =  [-7.600566227154842, -3.622583327462147, -4.643905863228749, -1.0567002215014494, 0.452107049573927, -6.877455053621516, 6.201951950759058, 4.722436808482303, 4.29450187020685, 1.9963199240196425]
other derivatives: [33.20890482 -0.29016974  0.10889289 -4.61162381 -2.1592133  -5.44926843
  0.        ]
Current x array =  [-0.71046463 -0.82235783 -0.54186865  0.46876847 -3.15273142 -0.34778384
  0.33647224 -2.15455641 -0.01144431 -1.36487978 -0.71460025 -1.58455999
 -2.75257938 -0.96206024 -0.96189538 -0.89986786 -1.60517459]
Forced parameter: {6: 0}
log likelihood =  -7628.775634046295
Edge derivatives =  [-5.776103756022837, -0.541429430014976, -1.9236477632921316, -3.5903110654234953, 1.020201606516297, -5.711743962264223, 5.098279753366917, 3.0196006875165806, 5.695347218216359, 3.2444341056060333]
other derivatives: [42.13715329  1.36031031  7.75008812 -9.3448034  -4.22333447 -3.72355771
  0.        ]
Current x array =  [-0.71306065 -0.82146186 -0.54571962  0.4852379  -3.13600422 -0.41972048
  0.33647224 -2.23342498 -0.03133194 -1.41369769 -0.68134367 -1.58083455
 -2.82587053 -0.95720551 -0.95205634 -0.91123826 -1.61171614]
Forced parameter: {6: 0}
log likelihood =  -7627.501215793549
Edge derivatives =  [-2.7355543425479274, 1.985319249215002, 2.6671929164808796, -5.691644740908491, 2.0408459065945963, -3.8136690519132337, 0.5614441951329427, -1.4266482186229952, 3.6905071173127486, 3.2319325633216507]
other derivatives: [ 50.44071622   2.36301457 -28.93638975  -5.16500677  -3.38624969
  -1.78137452   0.        ]
Current x array =  [-0.71785211 -0.82126977 -0.53209299  0.47216758 -3.15049718 -0.53194361
  0.33647224 -2.35790619 -0.03537848 -1.4732877  -0.63971973 -1.56459794
 -2.94966041 -0.92086024 -0.91855666 -0.89156168 -1.59968897]
Forced parameter: {6: 0}
log likelihood =  -7626.53219306396
Edge derivatives =  [-0.7368231477659475, 4.9630267306397595, 5.3437686009466905, -8.773848191140889, 0.6163025144013983, -2.4991023113618995, 1.0983918988465284, -2.2676018578967114, 1.6745390915633882, 3.7745050090581804]
other derivatives: [ 3.95908501 -2.09024256 19.57492987 -3.53050109 -1.1071875   0.11781322
  0.        ]
Current x array =  [-0.69886685 -0.81707724 -0.55615345  0.45331151 -3.15991698 -0.64801002
  0.33647224 -2.48735001 -0.04255209 -1.53494367 -0.61080462 -1.55122072
 -3.07595689 -0.92506514 -0.92082904 -0.89808109 -1.59794044]
Forced parameter: {6: 0}
log likelihood =  -7626.160219655449
Edge derivatives =  [-1.1391821859968074, 3.4364392345770813, 4.520266793958692, -6.657297449563868, 0.7200309874108811, -2.7363227060992767, 0.4021004988761535, -2.258980744964564, 0.2718760633287014, 2.7201387996038426]
other derivatives: [-1.12217367 -0.24206929  2.16279659  0.37075824  0.4115193  -0.44276385
  0.        ]
Current x array =  [-0.69790647 -0.8198954  -0.54858806  0.44109718 -3.1738219  -0.62292491
  0.33647224 -2.46077777 -0.02967065 -1.51258243 -0.62866526 -1.55025461
 -3.05378557 -0.9158963  -0.91814285 -0.88406676 -1.58852623]
Forced parameter: {6: 0}
log likelihood =  -7625.990078871751
Edge derivatives =  [-1.2910660937323535, 2.1641402815282267, 3.9637771810643763, -4.9681488570714665, 0.4818327832861261, -2.7862394649259046, -0.03267679254357503, -2.2035718987629775, -1.1970915401610092, 1.7366617670534008]
other derivatives: [-4.96041139 -0.21825508 -2.74235026  2.80582481  1.87889053 -0.66061239
  0.        ]
Current x array =  [-0.69688055 -0.82073158 -0.54656664  0.43126763 -3.18480859 -0.61742837
  0.33647224 -2.45627835 -0.01731045 -1.49800468 -0.644648   -1.54714392
 -3.05392971 -0.90889146 -0.91823548 -0.87398036 -1.57866211]
Forced parameter: {6: 0}
log likelihood =  -7625.724366167609
Edge derivatives =  [-1.1941097752730945, 0.10594502195821304, 3.5155640660242162, -3.0050243186606305, 0.043407989639532074, -2.5655207519633714, 0.4399370608902982, -1.1433212001675672, -1.5339794033738583, 0.7325450828111562]
other derivatives: [-10.62862975   0.51205461  -7.74413456   3.65073265   2.27182961
  -0.42456031   0.        ]
Current x array =  [-6.94929217e-01 -8.21622484e-01 -5.45080685e-01  4.28550979e-01
 -3.18804444e+00 -6.34350625e-01  3.36472237e-01 -2.47732372e+00
  1.95968958e-03 -1.48231283e+00 -6.64576734e-01 -1.54025269e+00
 -3.08342098e+00 -9.07443084e-01 -9.27204349e-01 -8.72051774e-01
 -1.56601889e+00]
Forced parameter: {6: 0}
log likelihood =  -7625.763071496282
Edge derivatives =  [-0.5860112454021225, -0.6786594532410285, 3.2078026789702303, 5.196149980186073, -0.5668092808194608, -2.0247229624171252, -4.146251868591744, -2.763099785424225, -5.604898300544456, -3.184500113534262]
other derivatives: [17.02897407  3.64628977 16.24513152  1.7947059   4.78291136  0.05349193
  0.        ]
Current x array =  [-0.70378612 -0.8230872  -0.55416053  0.42451694 -3.19272879 -0.67445704
  0.33647224 -2.54162463  0.00959686 -1.44808037 -0.75859962 -1.53244757
 -3.16758246 -0.85953827 -0.92834373 -0.85453065 -1.52212035]
Forced parameter: {6: 0}
log likelihood =  -7625.5146435216575
Edge derivatives =  [-0.9065517581994571, -0.26553117927251685, 3.3819512293568765, 0.9910701467527673, -0.23527081826946578, -2.297805178223036, -1.707221841119091, -1.9605491973153901, -3.477863882231154, -1.1122365003280086]
other derivatives: [ 2.73073238  2.06253026  3.76298703  2.75127513  3.52359455 -0.19665549
  0.        ]
Current x array =  [-0.69916065 -0.82232226 -0.54941863  0.42662369 -3.19028242 -0.65351169
  0.33647224 -2.50804383  0.00560839 -1.46595808 -0.70949669 -1.53652375
 -3.12362959 -0.88455629 -0.92774869 -0.86368096 -1.54504612]
Forced parameter: {6: 0}
log likelihood =  -7625.270345304494
Edge derivatives =  [-0.5126824334594589, -3.1057283497900463, 2.8547945993651482, 2.393644380336018, -0.947874191947861, -1.7461248074150235, 0.1956213100870598, 0.4545034487325343, -1.4094749393164023, -1.7733912154672233]
other derivatives: [-7.07416893 -3.32609488 -4.44710622  0.53751592  1.17834389  0.70565602
  0.        ]
Current x array =  [-0.69579269 -0.81740929 -0.5474569   0.43819369 -3.17525476 -0.70325568
  0.33647224 -2.56711407  0.02818942 -1.44901613 -0.72741588 -1.52613937
 -3.19657486 -0.89463705 -0.95024476 -0.87922367 -1.53375588]
Forced parameter: {6: 0}
log likelihood =  -7625.18785874098
Edge derivatives =  [-0.29584668631934696, -2.711259322388117, 2.9017819233967863, 1.7892451182968863, -0.7374253431560118, -1.4946928008668043, 0.522969128569871, 0.7667127982016225, -0.09080125486904422, -1.2516269954810084]
other derivatives: [-2.02019328  4.63876222 -1.3787394  -0.13683984 -0.05458219  0.9722371
  0.        ]
Current x array =  [-0.69703456 -0.82310837 -0.54884683  0.44196493 -3.16757414 -0.71823959
  0.33647224 -2.58660854  0.02453431 -1.44609982 -0.72138519 -1.52579508
 -3.22004924 -0.89688144 -0.95297433 -0.88625327 -1.53644752]
Forced parameter: {6: 0}
log likelihood =  -7625.121710192796
Edge derivatives =  [-0.1692040072853651, -1.9347571959948622, 2.6602835803250446, 1.0061119646048096, -0.601186105132296, -1.313496438086067, 0.23613037867729997, 0.4576318262776383, 0.5900846797786361, -0.8344275426920986]
other derivatives: [ 2.84679936  2.91930155  1.5360738  -1.07813867 -0.94602321  1.15677994
  0.        ]
Current x array =  [-0.69877002 -0.82116889 -0.54993115  0.44523463 -3.1609626  -0.72854337
  0.33647224 -2.60249184  0.0159404  -1.44137253 -0.71605052 -1.52703906
 -3.24009775 -0.89589081 -0.95287779 -0.89134039 -1.53978801]
Forced parameter: {6: 0}
log likelihood =  -7625.053462677672
Edge derivatives =  [-0.0887744650847897, -0.7558685734332034, 1.925015304439739, 0.3648806135966014, -0.3294287067598323, -1.1044759480137742, -0.5313485536502764, -0.100868296373683, 1.1044109554819652, -0.46995005049493943]
other derivatives: [ 3.10334235  0.96767326  3.55088196 -1.56751048 -1.73689075  1.25782935
  0.        ]
Current x array =  [-6.98991785e-01 -8.19429037e-01 -5.50624585e-01  4.47218527e-01
 -3.15518268e+00 -7.34636027e-01  3.36472237e-01 -2.61835972e+00
  2.65792227e-03 -1.42614569e+00 -7.14431668e-01 -1.52998524e+00
 -3.26418759e+00 -8.91360459e-01 -9.51793327e-01 -8.94988550e-01
 -1.54307156e+00]
Forced parameter: {6: 0}
log likelihood =  -7624.988682781508
Edge derivatives =  [-0.06556786548813998, -0.1753588286804334, 0.16509254009936825, -0.5811077247042836, 0.00415804758192867, -0.7986787897731161, -0.03710917062620028, 0.4656980082254529, 1.3757569456748366, 0.07756234865502365]
other derivatives: [11.14425777 -2.10190683  1.89757429 -0.18887113 -0.74271026  1.23867449
  0.        ]
Current x array =  [-0.7022671  -0.81680985 -0.54926423  0.44157473 -3.15991959 -0.73665619
  0.33647224 -2.637286   -0.00464372 -1.39152075 -0.70826781 -1.53146112
 -3.30096328 -0.89417496 -0.95552925 -0.89432615 -1.54772905]
Forced parameter: {6: 0}
log likelihood =  -7624.946243612247
Edge derivatives =  [-0.01221817083425858, 0.6912024394025276, -0.5172874275894283, -0.3439805262051464, 0.25216532134415365, -0.6655108224651611, -0.7909021897621139, 0.05597155032489315, 0.9156186588910818, 0.035266688940291946]
other derivatives: [ 0.43325599 -0.4926851   1.45424838  0.18461924 -0.43277441  1.16411411
  0.        ]
Current x array =  [-0.69845803 -0.81891296 -0.54907035  0.44117664 -3.16172335 -0.7335743
  0.33647224 -2.64534668 -0.01346188 -1.37519122 -0.71387073 -1.53363299
 -3.31807306 -0.88885881 -0.95353553 -0.89065247 -1.54774426]
Forced parameter: {6: 0}
log likelihood =  -7624.938091002237
Edge derivatives =  [-0.040212798949714745, 0.42937966778668224, -0.5290795952548839, -0.11502451768068078, 0.23832930750869386, -0.6926095596753488, -0.5840359440506917, 0.24216521403830038, 0.5636736380736816, -0.06664109600788143]
other derivatives: [-0.64740289 -0.11991688 -0.31161835  0.56568024  0.09324141  1.07842789
  0.        ]
Current x array =  [-0.69811376 -0.81945134 -0.54826804  0.43992964 -3.16510883 -0.72885976
  0.33647224 -2.64126311 -0.010556   -1.3742561  -0.71520077 -1.53308303
 -3.31473327 -0.89006403 -0.95359017 -0.88773218 -1.54701767]
Forced parameter: {6: 0}
log likelihood =  -7624.931646607015
Edge derivatives =  [-0.07097182976180716, 0.14375100211405284, -0.6240604155289053, -0.07373223647329397, 0.15519486150975503, -0.7057123926090337, -0.2668222217530731, 0.4267049635456647, 0.13588714724581386, -0.10903570024641973]
other derivatives: [-1.31301113 -0.07676772  0.20521657  0.59441936  0.49309821  0.99130375
  0.        ]
Current x array =  [-0.69784502 -0.8197311  -0.54832538  0.43972097 -3.16754123 -0.72370136
  0.33647224 -2.63879137 -0.00756182 -1.37308817 -0.7151682  -1.53223766
 -3.31453641 -0.89271853 -0.95362956 -0.88493761 -1.54709675]
Forced parameter: {6: 0}
log likelihood =  -7624.939432971787
Edge derivatives =  [0.0547352371311316, -0.08371113886647641, -0.16431080771313344, 0.7027139375158289, 0.4733718915614846, -0.6208478219126625, -0.09720709338447031, 0.46154005502554846, -0.7188860422922758, -0.12871387525139927]
other derivatives: [  0.85834108   2.45287447 -10.77310026   0.39096722   0.82013276
   0.71156046   0.        ]
Current x array =  [-0.69886192 -0.82214429 -0.54324152  0.44350767 -3.16957167 -0.70471263
  0.33647224 -2.6370381  -0.00580803 -1.37234207 -0.72044798 -1.53078473
 -3.32396144 -0.89588684 -0.94857373 -0.87563596 -1.54725224]
Forced parameter: {6: 0}
log likelihood =  -7624.924749186048
Edge derivatives =  [-0.01973269511163711, 0.05222686550616473, -0.43665945359274916, 0.24387841152713086, 0.28472424857805406, -0.6708617915072533, -0.19649620487436192, 0.4420228437677907, -0.2110442910883974, -0.11655391890083894]
other derivatives: [-0.42682223  0.95630276 -4.23500751  0.51140432  0.62726589  0.87826356
  0.        ]
Current x array =  [-0.69825874 -0.82071288 -0.54625706  0.44126155 -3.1683673  -0.71597599
  0.33647224 -2.63807807 -0.00684831 -1.37278463 -0.71731622 -1.53164655
 -3.31837089 -0.89400752 -0.95157264 -0.88115333 -1.54716001]
Forced parameter: {6: 0}
log likelihood =  -7624.913412914799
Edge derivatives =  [-0.01781411491281515, -0.10767498206013182, -0.5381153798287882, 0.16117496509009677, 0.19900086193868838, -0.6423099727301347, 0.06994082783379069, 0.47044256950736546, -0.7025721220455545, -0.06717414343651684]
other derivatives: [-0.59905233  0.6624432  -2.50944595  0.00718956  0.70339618  0.77139975
  0.        ]
Current x array =  [-0.69813586 -0.82070416 -0.54669287  0.44319987 -3.16852399 -0.70869081
  0.33647224 -2.63877694 -0.00553367 -1.37151895 -0.71683264 -1.53067542
 -3.32478786 -0.89751306 -0.95032959 -0.87833629 -1.54832664]
Forced parameter: {6: 0}
log likelihood =  -7624.895618260199
Edge derivatives =  [0.04591305767164833, -0.17381907281305792, -0.5931213620810307, -0.10958363741839616, 0.10122814846830663, -0.5372375379086518, 0.3870868665804414, 0.2940074892502821, -1.2566814627091325, 0.1652445022919889]
other derivatives: [-0.35755511  0.27177884 -0.02444631 -0.968108    0.29656687  0.57716989
  0.        ]
Current x array =  [-0.69814149 -0.82057491 -0.54733373  0.44740848 -3.16559758 -0.69448945
  0.33647224 -2.6439767  -0.00576987 -1.37080965 -0.71530152 -1.52886529
 -3.34347568 -0.90371469 -0.94643647 -0.87537084 -1.55141006]
Forced parameter: {6: 0}
log likelihood =  -7624.883071057637
Edge derivatives =  [0.11393574700769038, -0.07951333821694562, -0.5067559893791425, -0.15480436895012373, 0.055033845627219635, -0.4529998379146249, 0.3710924286922029, -0.034629339218964605, -1.3087205874709058, 0.3211565521866884]
other derivatives: [ 0.27530496  0.08573625  1.12356702 -1.15850435 -0.07392751  0.40328177
  0.        ]
Current x array =  [-0.69835037 -0.82030965 -0.54777045  0.44835075 -3.16301488 -0.68233588
  0.33647224 -2.64770901 -0.00726013 -1.37209426 -0.71587976 -1.527545
 -3.35840402 -0.90635706 -0.94244995 -0.87548935 -1.55284115]
Forced parameter: {6: 0}
log likelihood =  -7624.869845858866
Edge derivatives =  [0.23242429235304252, -0.13320690082906245, -0.25157150707913395, -0.4043511493675195, -0.10375431145384789, -0.3095913115040391, 0.6211078751667666, -0.3332849837268913, -0.6168048785015778, 0.6106443809105995]
other derivatives: [-2.15884938 -2.218394   -0.82750375 -0.57582656 -0.650765    0.11526026
  0.        ]
Current x array =  [-0.69766662 -0.81807098 -0.54747946  0.44688754 -3.15956836 -0.66232453
  0.33647224 -2.65392266 -0.00743769 -1.37765344 -0.71419966 -1.52429518
 -3.38501621 -0.9123831  -0.93775719 -0.88062392 -1.55441473]
Forced parameter: {6: 0}
log likelihood =  -7624.867150555885
Edge derivatives =  [0.3654901723877304, 0.4339732368947207, 0.03794110072521317, 0.10417392338124387, -0.010383823322269892, -0.18540964605863902, 0.183231623275252, -0.8284162853031214, 0.027688673783462292, 0.6505323550105186]
other derivatives: [ 2.31017657  2.75001457  2.46695527  0.13819772 -0.41821801 -0.16061313
  0.        ]
Current x array =  [-0.69891846 -0.82143222 -0.54908075  0.4435129  -3.15938376 -0.64574859
  0.33647224 -2.65780926 -0.01185028 -1.3795938  -0.7196064  -1.52327451
 -3.40564514 -0.91003649 -0.93298691 -0.88442021 -1.55247041]
Forced parameter: {6: 0}
log likelihood =  -7624.859164253547
Edge derivatives =  [0.29221545244439207, 0.19408467874995122, -0.06505278323734676, -0.0002958809248787553, -0.03855627378580534, -0.25883309619754374, 0.2871207468577313, -0.541558207878323, -0.060308062139478036, 0.5239567591471516]
other derivatives: [ 0.23407119  0.3953719   0.28786963  0.14047782 -0.26938359 -0.01239459
  0.        ]
Current x array =  [-0.69835589 -0.8197352  -0.54821387  0.44352213 -3.16088583 -0.65522755
  0.33647224 -2.65445113 -0.00960685 -1.37923473 -0.71797993 -1.52403145
 -3.39325615 -0.90917285 -0.93634735 -0.88394551 -1.55176405]
Forced parameter: {6: 0}
log likelihood =  -7624.857691951363
Edge derivatives =  [0.2778539006997378, 0.15109405862798514, -0.06544667046150843, 0.04902545034881722, -0.048534760149622824, -0.27137231931014905, 0.27777180891482045, -0.45950694425063865, 0.018707876933181877, 0.44058123147840234]
other derivatives: [-0.11546399 -0.01820899 -0.22605309  0.27936949 -0.09164763 -0.00435739
  0.        ]
Current x array =  [-0.69826088 -0.81939193 -0.54807403  0.4428412  -3.16190808 -0.65604201
  0.33647224 -2.65321017 -0.00897092 -1.3795369  -0.71815606 -1.524108
 -3.39165242 -0.90835551 -0.93740398 -0.88449997 -1.55068402]
Forced parameter: {6: 0}
log likelihood =  -7624.855375355375
Edge derivatives =  [0.2650587689544942, 0.10404001602716684, -0.04716144773131237, 0.1544108693512286, -0.06697363138775614, -0.27298868017124167, 0.23491366762817922, -0.33159326252145316, 0.16087806959214945, 0.2662860122106331]
other derivatives: [-0.39927181 -0.32556909 -0.58756905  0.40275609  0.2054662  -0.03203604
  0.        ]
Current x array =  [-0.69816636 -0.8191022  -0.548031    0.4421009  -3.16341092 -0.65473402
  0.33647224 -2.65147826 -0.00808049 -1.38028409 -0.71868934 -1.52407368
 -3.39292619 -0.90681925 -0.93916957 -0.8855971  -1.54825053]
Forced parameter: {6: 0}
log likelihood =  -7624.851996917509
Edge derivatives =  [0.2491498335467316, 0.00021554503075055242, -0.01963866032938144, 0.17555189634235113, -0.0865046928804522, -0.2531704004562442, 0.18756560965589797, -0.12750249677807007, 0.270777666387799, 0.020711064882268926]
other derivatives: [-0.11737757 -0.47627964 -0.60741149  0.2708839   0.30385376 -0.0824748
  0.        ]
Current x array =  [-0.69825031 -0.81891736 -0.54808531  0.44247001 -3.16381412 -0.65154924
  0.33647224 -2.64953072 -0.00680179 -1.38166877 -0.71832213 -1.52401848
 -3.39889185 -0.90495053 -0.94211459 -0.88674425 -1.54479122]
Forced parameter: {6: 0}
log likelihood =  -7624.881555533138
Edge derivatives =  [0.21615794273863975, 0.07136655192029168, -0.008316357078171521, 0.30029638466215847, -0.011862157515092564, -0.1673451537336307, -0.39871381279852564, 0.005452681979367435, -0.22990885243925474, -0.5536707074501206]
other derivatives: [-12.34978754   2.59726858  -0.33774813   0.15022761   0.05707856
  -0.24709061   0.        ]
Current x array =  [-0.69377041 -0.82210906 -0.54854455  0.44426861 -3.16371267 -0.64181127
  0.33647224 -2.64423955 -0.0068678  -1.38240092 -0.7196992  -1.52515328
 -3.41782818 -0.89792346 -0.94696038 -0.88450759 -1.53779386]
Forced parameter: {6: 0}
log likelihood =  -7624.851400747766
Edge derivatives =  [0.24511277343947657, 0.009040618808153822, -0.018219116811253683, 0.1908765373835437, -0.07720315353350721, -0.24238864798447904, 0.11568528540695489, -0.11092358450684647, 0.20898618989351947, -0.049805833247998255]
other derivatives: [-1.61612661 -0.09609266 -0.57414763  0.2554707   0.27367388 -0.10264648
  0.        ]
Current x array =  [-0.697698   -0.81931085 -0.54814193  0.44269175 -3.16380161 -0.65034869
  0.33647224 -2.64887839 -0.00680992 -1.38175903 -0.71849191 -1.52415838
 -3.40122644 -0.90408419 -0.94271201 -0.8864685  -1.54392854]
Forced parameter: {6: 0}
log likelihood =  -7624.849127833862
Edge derivatives =  [0.2365608142619563, -0.0863783310863615, 0.012902482782859659, 0.1330518244085379, -0.0783527305893918, -0.20378867743043907, 0.0648278119826054, 0.0569588238159387, 0.21292413590249404, -0.2504452045739469]
other derivatives: [-0.51168536 -0.00336513 -0.19699291 -0.06759637  0.14170362 -0.16564991
  0.        ]
Current x array =  [-0.69805925 -0.81931127 -0.54826929  0.44395915 -3.16293256 -0.64596572
  0.33647224 -2.64756815 -0.00590534 -1.3831426  -0.71755192 -1.52411478
 -3.41034179 -0.90262006 -0.94531989 -0.88697197 -1.54103284]
Forced parameter: {6: 0}
log likelihood =  -7624.8482571463555
Edge derivatives =  [0.23163322953028231, -0.08696350039053635, 0.01528423752993352, 0.07333175214748477, -0.047893796269436684, -0.180451135500218, 0.013439917384456768, 0.06554224335696551, 0.09639361379888811, -0.2571966332854986]
other derivatives: [-0.10421991  0.07717972  0.00369437 -0.1532544  -0.00804402 -0.18351147
  0.        ]
Current x array =  [-0.69820508 -0.81937123 -0.54830845  0.44438938 -3.16219212 -0.64460679
  0.33647224 -2.64695502 -0.00607028 -1.38336299 -0.71703402 -1.52430414
 -3.41447902 -0.90209837 -0.94580062 -0.88634505 -1.54086202]
Forced parameter: {6: 0}
log likelihood =  -7624.847112762421
Edge derivatives =  [0.21413829110150984, -0.0637173824206777, 0.005148773608223967, -0.04251860272990693, 0.017198585767072838, -0.1426200594394355, -0.06417604794348836, 0.05817377318990036, -0.11582233195864333, -0.19108611352934524]
other derivatives: [ 0.23850316  0.08457482  0.33197466 -0.16117156 -0.20831796 -0.19220079
  0.        ]
Current x array =  [-0.69834064 -0.81938102 -0.54839269  0.44453452 -3.161324   -0.64372678
  0.33647224 -2.64530173 -0.00655396 -1.3835323  -0.716071   -1.52473994
 -3.42027372 -0.90138155 -0.94628682 -0.88509287 -1.54153229]
Forced parameter: {6: 0}
log likelihood =  -7624.846382398817
Edge derivatives =  [0.19985210332562686, -0.011451918236578207, 0.0474520295973217, -0.08539934547720851, 0.1421189830480375, -0.0941205982357006, -0.12009166055230214, 0.09618278037969236, -0.17200653561241497, -0.06811383869555632]
other derivatives: [ 0.59498325  0.55022883 -0.88589422 -0.01362787 -0.28162239 -0.18870469
  0.        ]
Current x array =  [-0.69850289 -0.81972853 -0.54787713  0.44436044 -3.16116966 -0.64350461
  0.33647224 -2.64258922 -0.00716853 -1.38368794 -0.71536829 -1.52514989
 -3.42637365 -0.9005909  -0.94674577 -0.88418578 -1.54253583]
Forced parameter: {6: 0}
log likelihood =  -7624.845360295854
Edge derivatives =  [0.15358519386196978, 0.010445852691666868, -0.008484327781046241, -0.1839588305134766, 0.1748374815967676, -0.0732495797544071, -0.15543749214699448, 0.1147925485341671, -0.33431010477093825, 0.03239459805518252]
other derivatives: [ 0.38998769  0.10252279  0.04698268  0.01427725 -0.21949105 -0.15369187
  0.        ]
Current x array =  [-0.69842708 -0.81940599 -0.54823742  0.44397856 -3.16162778 -0.64550991
  0.33647224 -2.639297   -0.00738052 -1.38364317 -0.71452074 -1.52555501
 -3.42905663 -0.89994651 -0.94745044 -0.88333026 -1.54371834]
Forced parameter: {6: 0}
log likelihood =  -7624.844611107159
Edge derivatives =  [0.12677189852962256, 0.028359831270998115, -0.021549093719622048, -0.1765110647056375, 0.18126167751542765, -0.06303396024378333, -0.1435887552116354, 0.1390758384304165, -0.2650033375925944, 0.09552750905940954]
other derivatives: [ 0.10233362 -0.11211978  0.10576696  0.09211817 -0.03980803 -0.12819601
  0.        ]
Current x array =  [-0.69832238 -0.8192304  -0.54829396  0.44350419 -3.16255246 -0.64697554
  0.33647224 -2.63694722 -0.0073943  -1.38372677 -0.71447247 -1.52547573
 -3.43019999 -0.89978702 -0.94767712 -0.88367229 -1.54428464]
Forced parameter: {6: 0}
log likelihood =  -7624.843641775193
Edge derivatives =  [0.08544108102496939, 0.03991391710756936, -0.02099142031894502, -0.13497547619618888, 0.15975788974081834, -0.04221833047989671, -0.10339367054093168, 0.16574568517287952, -0.05376477927763923, 0.1670413636479927]
other derivatives: [-0.07938888 -0.07225844  0.12055989  0.13000135  0.1802608  -0.08863663
  0.        ]
Current x array =  [-0.69823321 -0.81923718 -0.54834254  0.44318636 -3.16360069 -0.64888658
  0.33647224 -2.63305955 -0.0073196  -1.38408186 -0.71467999 -1.52481511
 -3.43351612 -0.89991717 -0.94768435 -0.88478238 -1.54473475]
Forced parameter: {6: 0}
log likelihood =  -7624.843800572063
Edge derivatives =  [0.020294585340138727, -0.054260327823716925, -0.028817978381319054, -0.14503749468257565, 0.044594170043815495, -0.010881277612805412, -0.06689373551516736, 0.12179274117319061, 0.10553271565504052, 0.13593311723420487]
other derivatives: [-1.22372512 -1.48073832 -1.14607064 -0.02199158  0.03782038 -0.03431887
  0.        ]
Current x array =  [-0.69793548 -0.81816394 -0.54783716  0.44400887 -3.16295122 -0.65060201
  0.33647224 -2.62783149 -0.0069944  -1.38494029 -0.7148567  -1.52309889
 -3.4414972  -0.90079003 -0.94710238 -0.88588055 -1.54427664]
Forced parameter: {6: 0}
log likelihood =  -7624.84323538595
Edge derivatives =  [0.055618994896002416, -0.0032618255450331257, -0.024560758300358948, -0.1395756748183845, 0.10699997203773481, -0.027776215057552123, -0.08661709467713963, 0.1456107305893607, 0.019372897093952846, 0.1528198465077411]
other derivatives: [-0.60428738 -0.7179824  -0.46050172  0.06028586  0.11494045 -0.06370465
  0.        ]
Current x array =  [-0.69809658 -0.81874468 -0.54811062  0.44356381 -3.16330265 -0.64967378
  0.33647224 -2.63066042 -0.00717037 -1.38447579 -0.71476108 -1.52402754
 -3.4371786  -0.90031772 -0.94741729 -0.88528633 -1.54452453]
Forced parameter: {6: 0}
log likelihood =  -7624.842564528814
Edge derivatives =  [0.026215493740705753, 0.005292616934539196, -0.015704847602664718, -0.08497316225655327, 0.056002157281759724, -0.012223709353629077, -0.05050421444182668, 0.09972780802195552, 0.15758018382881334, 0.18377192333786224]
other derivatives: [-0.43478394 -0.26490852 -0.22107815  0.0134105   0.14169958 -0.02807519
  0.        ]
Current x array =  [-0.69811958 -0.81910068 -0.54819509  0.44371767 -3.16336291 -0.65115358
  0.33647224 -2.62788836 -0.00729466 -1.38466923 -0.71536123 -1.52304751
 -3.44030307 -0.90097358 -0.94650659 -0.88597317 -1.54472369]
Forced parameter: {6: 0}
log likelihood =  -7624.842167256318
Edge derivatives =  [0.009469158461112293, 0.0004257364062236757, -0.007445608491308375, -0.036336713605108706, 0.0018862994038892356, -0.0039291868656748455, -0.037718823083545405, 0.03713388410210833, 0.14900606327558763, 0.13682080660914514]
other derivatives: [-0.18623996  0.01116314 -0.03786499 -0.04501726  0.04979398 -0.00931868
  0.        ]
Current x array =  [-0.69819721 -0.81933746 -0.54822714  0.4439887  -3.16288561 -0.65172707
  0.33647224 -2.62634795 -0.00743769 -1.38478053 -0.71604118 -1.52223481
 -3.44291325 -0.9015439  -0.94557929 -0.88591987 -1.54425067]
Forced parameter: {6: 0}
log likelihood =  -7624.842029776559
Edge derivatives =  [0.0031169725729871534, -0.006095853645056881, -0.0030498725736082255, -0.003991959109050369, -0.02980386225686421, -0.003552929596203555, -0.021810835147504426, -0.0023408783172203518, 0.07738900689881123, 0.07690617888434598]
other derivatives: [ 2.42705937e-01  6.24186214e-03  2.67418727e-02 -5.15847205e-02
 -1.97854337e-02  1.60980562e-04  0.00000000e+00]
Current x array =  [-0.69836057 -0.81933761 -0.54821124  0.44401573 -3.16254508 -0.65203745
  0.33647224 -2.62580756 -0.00753123 -1.38479767 -0.71650522 -1.5218348
 -3.44389029 -0.90198658 -0.94496528 -0.88553228 -1.54370759]
Forced parameter: {6: 0}
log likelihood =  -7624.842005811948
Edge derivatives =  [0.002506833029284783, -0.004297971106928811, 0.00020247002554196758, 0.004828188300714187, -0.038821440329960544, -0.001994317346860751, -0.023805176544362705, -0.019574635296003173, 0.0027883293846422408, 0.030297820730029623]
other derivatives: [-0.16273952  0.12009787  0.03797959 -0.0330474  -0.08445819 -0.00146429
  0.        ]
Current x array =  [-0.69821937 -0.81946514 -0.54821465  0.44402775 -3.16230086 -0.65184767
  0.33647224 -2.62570775 -0.00761267 -1.38481577 -0.71669205 -1.52175166
 -3.4446738  -0.90211635 -0.94475511 -0.88513557 -1.54327269]
Forced parameter: {6: 0}
log likelihood =  -7624.841978418352
Edge derivatives =  [0.002657702167095932, -0.0039228240496462785, -0.0011813641641860717, 0.003318784014358034, -0.03182308135969519, -0.0031413312322075074, -0.019015671737040385, -0.008324923007814844, 0.0013742442109052622, 0.03214864644033366]
other derivatives: [ 0.00932141  0.02341858  0.02715024 -0.02209799 -0.05226581 -0.00131331
  0.        ]
Current x array =  [-0.69828436 -0.81937601 -0.54820861  0.44393915 -3.16244842 -0.65191968
  0.33647224 -2.62573409 -0.00758444 -1.38480948 -0.71663018 -1.52185024
 -3.44435458 -0.9020745  -0.94487329 -0.88512781 -1.54328263]
Forced parameter: {6: 0}
log likelihood =  -7624.841966896582
Edge derivatives =  [0.0021005566421512523, -0.001277173786203678, -0.0009352311642951694, 0.005903326561092825, -0.02537315824223285, -0.0032942869473991734, -0.012910677888897382, 0.0012362532671577608, -0.006281195043729815, 0.025649742273276988]
other derivatives: [ 0.03945934 -0.02243632  0.00921227 -0.00338241 -0.02308909 -0.00103864
  0.        ]
Current x array =  [-0.69829723 -0.81933604 -0.54820387  0.44383904 -3.16259797 -0.65197415
  0.33647224 -2.62565542 -0.00757314 -1.38481784 -0.71661402 -1.52193203
 -3.44428103 -0.90206273 -0.94495227 -0.88508398 -1.54319861]
Forced parameter: {6: 0}
      fun: 7624.841966896582
 hess_inv: <17x17 LbfgsInvHessProduct with dtype=float64>
      jac: array([-0.03945934,  0.02243632, -0.00921227,  0.00338241,  0.02308909,
        0.00103864, -0.        , -0.00210056,  0.00127717,  0.00093523,
       -0.00590333,  0.02537316,  0.00329429,  0.01291068, -0.00123625,
        0.0062812 , -0.02564974])
  message: 'CONVERGENCE: REL_REDUCTION_OF_F_<=_FACTR*EPSMCH'
     nfev: 61
      nit: 56
     njev: 61
   status: 0
  success: True
        x: array([-0.69829723, -0.81933604, -0.54820387,  0.44383904, -3.16259797,
       -0.65197415,  0.33647224, -2.62565542, -0.00757314, -1.38481784,
       -0.71661402, -1.52193203, -3.44428103, -0.90206273, -0.94495227,
       -0.88508398, -1.54319861])
