number of sites to be analyzed:  524
log likelihood =  -15845.990808255785
Edge derivatives =  [86.93969996962568, 68.39854416408501, 176.15700021640953, 95.36400441221203, -31.38879718937415, -28.063040774208677, 245.5580786698004, 145.24958438246057, 57.298066078279824, 78.86395234415116, -17.986569182396924, 90.59247821779668, 73.09615260062516, 57.90307363231531, 112.36567394058054, 243.25373878083875]
other derivatives: [ -246.36210583   202.21323211  -538.83159126   413.94469008
 -1296.14400066     0.        ]
Current x array =  [-0.57282285 -0.8623571  -0.42661164  0.18232156 -0.10536052  0.33647224
 -2.30258509 -2.30258509 -2.30258509 -2.30258509 -2.30258509 -2.30258509
 -2.30258509 -2.30258509 -2.30258509 -2.30258509 -2.30258509 -2.30258509
 -2.30258509 -2.30258509 -2.30258509 -2.30258509]
log likelihood =  -14921.240515199726
Edge derivatives =  [87.3369254833576, 63.55392898355083, 176.56081403195893, 104.81609247855162, -30.743558739562296, -22.67386610424413, 251.53875787034158, 146.79723356811994, 61.2987480675355, 76.53532425973545, -16.34926984742275, 102.40887629210752, 76.03000091103594, 56.80169858803763, 107.56108638245189, 251.21071862328108]
other derivatives: [ 633.98892962  252.7865945   205.14962671  283.00855774 -722.92532423
    0.        ]
Current x array =  [-0.74537971 -0.86178811 -0.80401989  0.18919805 -1.01320528  0.33647224
 -2.29817064 -2.25467741 -2.29817064 -2.29817064 -2.32457042 -2.322241
 -2.29817064 -2.29817064 -2.29817064 -2.29817064 -2.31518324 -2.29817064
 -2.29817064 -2.29817064 -2.29817064 -2.29817064]
log likelihood =  -14548.713438644412
Edge derivatives =  [72.52346290748895, 56.47451186220381, 158.25391173858966, 100.10531732918054, -30.8706452091435, -21.836588587467112, 238.811034163533, 133.26594093997988, 53.96245202640706, 67.38705075294375, -21.418139496905745, 105.29393782556053, 69.58351094227847, 50.009113177810974, 92.83711292322018, 235.93911705578182]
other derivatives: [-2584.28626694   -41.65431164   284.85628718   -83.38392945
    92.34026948     0.        ]
Current x array =  [-0.33449559 -0.70275983 -0.91741093  0.32062046 -2.32793909  0.33647224
 -2.24317597 -2.16353628 -2.19241531 -2.23062705 -2.36774775 -2.35672131
 -2.14815644 -2.20901848 -2.25695213 -2.25010516 -2.33883914 -2.23131626
 -2.24887858 -2.26097838 -2.23316721 -2.14777446]
log likelihood =  -14304.644703413564
Edge derivatives =  [83.12967412605389, 58.367933855538524, 170.21244920167194, 102.01091371932996, -27.588032850808748, -18.978278143469957, 241.42903120677326, 138.12562445279804, 60.14547292513951, 69.65690127617819, -13.679906548031923, 101.60874616428224, 72.95224639580569, 53.70605545844814, 96.09947334939118, 240.71771631161468]
other derivatives: [505.94753702  24.10688467 268.06337701  29.52365321 100.89243005
   0.        ]
Current x array =  [-0.66520859 -0.71412714 -0.88299315  0.29958704 -2.3103855   0.33647224
 -2.23637419 -2.15692695 -2.17733657 -2.22065774 -2.37139306 -2.35929142
 -2.12493426 -2.19622208 -2.25167758 -2.24370052 -2.34140796 -2.22057592
 -2.24207451 -2.25617951 -2.22448516 -2.12486442]
log likelihood =  -14229.002373947427
Edge derivatives =  [84.54359519136466, 59.33266917419079, 171.51525654368845, 101.4022634407363, -25.977560199283076, -17.743677024143377, 239.13551856283337, 137.30866067426751, 60.670461576944305, 70.97862444347655, -12.114589212959242, 99.9900895959966, 73.35026410669434, 54.56764909924254, 97.05171498338248, 238.65155598806945]
other derivatives: [289.57492759  13.45324563 210.83069441  51.0866812   26.68821253
   0.        ]
Current x array =  [-0.62177439 -0.7068256  -0.79513272  0.30824151 -2.17689296  0.33647224
 -2.22611944 -2.15675237 -2.15550142 -2.20789078 -2.37164568 -2.35882983
 -2.0934762  -2.17848919 -2.24451475 -2.2350155  -2.34139142 -2.20785109
 -2.23311351 -2.24973643 -2.21217129 -2.09354241]
log likelihood =  -14045.14133353838
Edge derivatives =  [83.77438916470268, 62.756712384957545, 167.482030821731, 86.43732321241296, -19.263940549414983, -16.066286721890407, 207.74706847496643, 121.5551934297491, 57.179309807227455, 71.85015504749946, -6.074684997163299, 82.51917046022405, 67.91436770675448, 55.70415707822952, 91.50698153569508, 209.02862251211607]
other derivatives: [-1060.48646558  -138.50567484  -617.31025198    45.042907
   -57.58647603     0.        ]
Current x array =  [-0.47202021 -0.64031368 -0.39240013  0.41197348 -2.06603362  0.33647224
 -2.12392643 -2.09643471 -1.94714442 -2.08440796 -2.39786433 -2.37536466
 -1.8016664  -2.01110241 -2.17159322 -2.14819788 -2.35346597 -2.08611874
 -2.14418576 -2.18395843 -2.0930129  -1.80215268]
log likelihood =  -13900.964515255893
Edge derivatives =  [82.06575466436905, 59.39574807005324, 166.0475525157572, 86.38020786558296, -20.510362150239356, -16.207547819642304, 204.46167956871238, 116.52083188554755, 56.84702469867247, 68.6122787917273, -7.168610636373861, 84.24873057439359, 67.23160596985171, 54.68328631208086, 85.77608641391467, 205.20342712955681]
other derivatives: [-423.67282731 -132.46899471 -193.79731384   28.12139428   29.8694431
    0.        ]
Current x array =  [-0.53723959 -0.65206835 -0.48980656  0.42108052 -2.21016378  0.33647224
 -2.09948929 -2.07068805 -1.89855674 -2.0566997  -2.40850071 -2.3837716
 -1.73728658 -1.97355805 -2.15406756 -2.12742894 -2.35849524 -2.05894971
 -2.12338355 -2.16769618 -2.065843   -1.73757236]
log likelihood =  -13576.869411868149
Edge derivatives =  [74.361367632814, 53.77960090679025, 150.90105829699633, 68.54733120937706, -18.286556388193187, -16.512343008511085, 148.65738719593026, 82.74704606399366, 51.435948757613225, 60.476639920444846, -5.7909699340995076, 69.97182570103993, 58.22235289944465, 52.31265677412533, 63.367923705229636, 150.08664579204634]
other derivatives: [ 173.39789338 -207.65146473  -62.56123015  -26.75478754  169.84740796
    0.        ]
Current x array =  [-0.65719167 -0.6653192  -0.45869143  0.53324374 -2.50851212  0.33647224
 -1.92988901 -1.93628538 -1.55643637 -1.85994487 -2.46418737 -2.42438713
 -1.27574661 -1.70751685 -2.03314353 -1.98375489 -2.38393118 -1.86548527
 -1.97809775 -2.05656718 -1.87467936 -1.27561231]
log likelihood =  -13252.264852416021
Edge derivatives =  [54.30079903394429, 40.452631188272555, 91.97917066119723, 27.695744751989633, -15.964739660352784, -17.1469350483634, -24.61554761825682, 6.261009157857712, 35.916408548672514, 40.81220825676923, -7.672612408347679, 30.482006415507502, 35.2805482103392, 45.66769849706502, 21.924726031562752, -19.154728374964087]
other derivatives: [517.17415772 -41.82365956  23.52935553 -56.39449228  98.19596016
   0.        ]
Current x array =  [-0.78326862 -0.84052301 -0.40855124  0.70766908 -2.57582519  0.33647224
 -1.59674257 -1.69292124 -0.88339613 -1.48834527 -2.56022551 -2.49578989
 -0.41357016 -1.21208707 -1.79753664 -1.70307584 -2.42476412 -1.49842265
 -1.69760682 -1.8358461  -1.51460563 -0.41149677]
log likelihood =  -13187.63496791372
Edge derivatives =  [28.3497000863663, 25.700620593429676, 26.24442773136719, 5.853124957003539, -20.654237946735563, -21.737544222637748, -53.04815796994404, -16.82805775409094, 17.869601718286944, 16.522849956286787, -13.839533921023953, 12.325040752034077, 16.210089730783363, 34.889925037516704, 0.3542577082337229, -58.00213045653723]
other derivatives: [261.72656362 -51.15180102 335.22446756  -8.6856744  -59.46640158
   0.        ]
Current x array =  [-0.70605682 -0.85764245 -0.50591573  0.62223048 -2.3463259   0.33647224
 -1.44662012 -1.58793667 -0.62279222 -1.3893122  -2.6009838  -2.53617083
 -0.38526957 -1.14363351 -1.69738715 -1.58524261 -2.44490336 -1.39605606
 -1.59319461 -1.71557216 -1.42431546 -0.3704781 ]
log likelihood =  -13150.198911389945
Edge derivatives =  [26.792507226283625, 24.06054823263276, 15.510807004384368, 4.04888283248632, -19.141938205045818, -20.43558141436559, -40.78716567617667, -14.656965402929433, 14.944222137572563, 13.944396867846976, -12.639361793536624, 6.895213661638797, 11.741468769066147, 32.922793666153815, 2.5304546548608062, -40.62291502350768]
other derivatives: [ 35.62472557 -18.89548003  97.23607945  32.8727765  -55.995406
   0.        ]
Current x array =  [-0.6600804  -0.88785322 -0.4474713   0.58558135 -2.38662044  0.33647224
 -1.38718541 -1.53905088 -0.53720682 -1.36242041 -2.62675506 -2.5632453
 -0.43217946 -1.1436544  -1.65879951 -1.542183   -2.46032875 -1.36398359
 -1.55535862 -1.65880414 -1.40239737 -0.41621381]
log likelihood =  -13136.573153525223
Edge derivatives =  [25.600501716284604, 22.09178738156073, 5.791094173597689, 2.18548324879813, -17.426322812876776, -18.875829146244293, -30.524173082189773, -12.529237825111258, 12.030152374095898, 10.824767673321585, -11.33429903016903, 1.1353683007558597, 6.9349388085695995, 30.411883896250778, 3.708061958783575, -26.095778747733718]
other derivatives: [-150.43424355    5.84441295  -82.74928405   54.0385372   -14.74945748
    0.        ]
Current x array =  [-0.62668172 -0.9183722  -0.40738126  0.57262032 -2.49423446  0.33647224
 -1.3153496  -1.47733801 -0.43617478 -1.325317   -2.66015087 -2.59721215
 -0.45753652 -1.13213589 -1.61242718 -1.49079097 -2.48012172 -1.321947
 -1.50949764 -1.59102231 -1.37031268 -0.43954438]
log likelihood =  -13131.279682980357
Edge derivatives =  [23.916315424812733, 20.556263271899716, 0.517887258059563, 0.9665393188903633, -16.967174647218055, -18.40889437660888, -25.10768673601053, -11.503198004759145, 10.219255329534581, 8.349825615723176, -11.045152172349011, -1.0291714978493691, 4.375519219502574, 28.605992739799667, 3.1000807198348523, -20.15681834560566]
other derivatives: [-155.18544387   16.21028787  -49.44140528   50.80928531    0.58225851
    0.        ]
Current x array =  [-0.62527351 -0.92874322 -0.41072981  0.57917001 -2.5289209   0.33647224
 -1.27978309 -1.44696675 -0.39340114 -1.3093757  -2.67771315 -2.61528329
 -0.47322781 -1.12980507 -1.59064552 -1.46735644 -2.49066824 -1.30459442
 -1.48928923 -1.55637942 -1.35611341 -0.4528922 ]
log likelihood =  -13114.526869208277
Edge derivatives =  [15.345182343841968, 13.996451062304585, -20.805288129062227, -5.722017271133019, -14.732914570993744, -16.17353982852213, -9.681568332998344, -8.23674005923465, 1.8884160211358807, -2.192846365107275, -9.605477887688288, -11.902357795816432, -8.00043579244536, 19.41360310860926, -0.6804904357357541, -2.308748032189743]
other derivatives: [-50.05404091  -5.79984771 -23.76964403  18.45928637  29.09018804
   0.        ]
Current x array =  [-0.65126912 -0.93337778 -0.39788567  0.65807408 -2.62084221  0.33647224
 -1.10516128 -1.29981598 -0.21387747 -1.23738956 -2.76751779 -2.70822753
 -0.52846937 -1.11743937 -1.48955825 -1.36211214 -2.54463919 -1.23173185
 -1.40169596 -1.38417925 -1.28751571 -0.49179014]
log likelihood =  -13109.334055770903
Edge derivatives =  [8.281372717795035, 10.721496305559603, -26.4065130898972, -8.19752779363145, -13.538005808466671, -14.89539064972114, 6.563044831011101, -1.2650149067932825, -1.6123019625162451, -4.912190437791122, -8.40349327449568, -12.196588586059919, -12.320255923170258, 13.994764632177196, 0.641699826957112, 14.269849364847458]
other derivatives: [ 20.51583579  45.10820872 -38.13802323  12.32019713  -7.23139237
   0.        ]
Current x array =  [-0.6657762  -0.95989032 -0.39193072  0.68816014 -2.55360589  0.33647224
 -1.02613807 -1.23327631 -0.19769344 -1.23478679 -2.81951769 -2.76521415
 -0.61894637 -1.1516877  -1.45561674 -1.33403578 -2.57785068 -1.23671119
 -1.38996085 -1.29487328 -1.27912149 -0.56521121]
log likelihood =  -13107.09180943692
Edge derivatives =  [4.057029895926496, 8.050281701890302, -15.141783864479791, -6.35182797938443, -12.784796902046129, -13.762348198101225, 20.77092815870955, 5.768850389462091, -2.0049657736614783, -5.1205941972709965, -7.610139731278314, -6.2317047229657465, -11.708018394344192, 9.599105185500438, 1.454737842474305, 23.78369112623544]
other derivatives: [ 22.07034413  -5.03732736 117.99638742 -26.03519533  16.41510607
   0.        ]
Current x array =  [-0.6621139  -0.93201997 -0.4185466   0.73628791 -2.55991213  0.33647224
 -0.98717485 -1.19217549 -0.25651653 -1.25778508 -2.8631357  -2.81385491
 -0.6778414  -1.18783697 -1.45009951 -1.33908297 -2.60620682 -1.26971035
 -1.41156219 -1.23803511 -1.28752778 -0.60661501]
log likelihood =  -13104.078941276262
Edge derivatives =  [3.8008754390720583, 8.092303104634992, -12.462476268002984, -6.477653473342389, -12.348445926999792, -13.341794218265314, 14.178210752729578, 3.3648904492647143, -1.416606053576734, -3.6476695302811493, -7.42572401316754, -6.0789285324396625, -11.152092698584857, 9.511958272843174, 1.2287433791515245, 16.487694318970412]
other derivatives: [ 31.83085937  -5.16574801  37.54448699 -23.57610356   6.07124093
   0.        ]
Current x array =  [-0.6672062  -0.93226943 -0.40250395  0.74262441 -2.54958707  0.33647224
 -0.97978282 -1.18438434 -0.26810056 -1.2583931  -2.87303712 -2.82412339
 -0.6503751  -1.1782113  -1.44996989 -1.34118311 -2.61213191 -1.27336753
 -1.41828981 -1.22847392 -1.28210985 -0.57506722]
log likelihood =  -13101.109010368144
Edge derivatives =  [0.13475553357275252, 6.2922788647122845, -6.608332255467282, -6.782972052815798, -11.386727544998049, -12.275448692736314, 5.260639613090425, 0.37739948688120006, -1.2469706337082003, -2.064132437134691, -7.030591945387843, -4.161023219270534, -10.47925332957371, 6.85739754791022, 0.11671568047515224, 3.8394824087329638]
other derivatives: [ 13.73646228 -11.12002792 -39.42059266 -24.81338015 -11.52548066
   0.        ]
Current x array =  [-0.66599638 -0.9309033  -0.38891286  0.75685543 -2.52668818  0.33647224
 -0.94697555 -1.15010552 -0.30426233 -1.26627977 -2.91128679 -2.86506178
 -0.61636632 -1.1700134  -1.44498733 -1.34382532 -2.63572375 -1.29000169
 -1.43821391 -1.18473056 -1.27182933 -0.52676546]
log likelihood =  -13099.060306228184
Edge derivatives =  [-3.2882849712253215, 4.274162231459673, 0.800082486388218, -5.996660227951688, -10.401471618520823, -11.148078769566048, 1.915791680192893, -0.13905623016066582, -0.7578528308771462, -0.5415795685307754, -6.4860240505920395, -0.8394387146553747, -9.20006688726981, 3.740934066923007, -0.1827472041453459, -3.2342652207267464]
other derivatives: [ -3.9137376   -7.68886821 -48.25105862 -24.13216862 -14.74363671
   0.        ]
Current x array =  [-0.66221621 -0.9334966  -0.38771695  0.75741252 -2.52164156  0.33647224
 -0.91602077 -1.11385416 -0.34580003 -1.28064029 -2.95381837 -2.91104336
 -0.60195267 -1.17141775 -1.44121677 -1.34818678 -2.66228483 -1.31092804
 -1.4628294  -1.13850652 -1.26656309 -0.49967135]
log likelihood =  -13095.784459477592
Edge derivatives =  [-9.49676123112038, -0.26513965595600564, 9.344351243955884, -4.391178152429969, -8.468559727845182, -9.04574988819882, -0.07441821705325213, -0.10330484508322452, 0.24276649488617427, 1.1094019169084604, -5.303138499753076, 4.764630839900044, -6.389060931724728, -3.1992747998063247, -0.8147918382275519, -8.971047360817478]
other derivatives: [ 25.55243555  -5.21504262 -23.67596608   1.72276486  -8.49395292
   0.        ]
Current x array =  [-0.66931691 -0.9309472  -0.39274993  0.70109806 -2.53672029  0.33647224
 -0.8618613  -1.03507343 -0.39320705 -1.31295746 -3.05325484 -3.01835875
 -0.58727791 -1.17579179 -1.42862503 -1.3481333  -2.72421619 -1.33994817
 -1.51666892 -1.04370367 -1.25523767 -0.47720978]
log likelihood =  -13094.788115784391
Edge derivatives =  [-13.355983566430334, -3.8449265452533217, 3.7478643892546506, -5.169547360115328, -7.560351920700307, -8.040267399574327, -2.5600200731473617, -1.4858327429181917, -0.9844297073810245, -1.2397427041194962, -4.792262107472061, 3.5654719633678287, -6.379588121691765, -8.07942345608997, -2.604182659593389, -8.757611150347083]
other derivatives: [-47.06816981   3.76057869  18.83454388   8.34679668  -9.9396857
   0.        ]
Current x array =  [-0.65275853 -0.94090593 -0.40099692  0.69096139 -2.54669754  0.33647224
 -0.83246565 -0.98064397 -0.36104449 -1.32211362 -3.1260085  -3.09585444
 -0.57615305 -1.16972561 -1.40682394 -1.32915236 -2.76897437 -1.3280814
 -1.53854751 -0.98606239 -1.23901674 -0.47882326]
log likelihood =  -13093.976642678084
Edge derivatives =  [-11.842258600113205, -3.575493875076785, 4.5968998740266365, -4.243094529416682, -7.2842152773043525, -7.749942104437368, -0.4438915310783033, -0.4689368198340157, -0.14856375529947075, -0.6943278248966552, -4.464981491266072, 4.042821530542284, -5.228941872175893, -7.804489603519807, -1.7794575010551639, -4.570076850495406]
other derivatives: [-19.49174475   0.14224497  27.36087481   8.36589606  -0.88803063
   0.        ]
Current x array =  [-0.65843826 -0.93703718 -0.40209946  0.68595616 -2.55769482  0.33647224
 -0.84198657 -0.97772074 -0.35989246 -1.33164064 -3.14103954 -3.11218054
 -0.58145693 -1.17374308 -1.40758657 -1.33051976 -2.7784507  -1.3276974
 -1.55082452 -0.98569414 -1.24201511 -0.49232874]
log likelihood =  -13092.567625359392
Edge derivatives =  [-7.904934167513254, -3.135173575276517, 3.3503948242254764, -2.3718813721759244, -6.475919377409025, -6.896702095406746, 0.455092410479761, 0.16516390471433495, 1.8107500025354397, 0.20951440178648595, -3.6515144576258276, 3.813176782089292, -2.1137673151430882, -6.921554886477939, -0.3075140133904989, 3.152156140713129]
other derivatives: [18.28302629  0.91313268 42.38645488  6.85431587 11.1240297   0.        ]
Current x array =  [-0.66587585 -0.93444897 -0.40443996  0.68210312 -2.57142491  0.33647224
 -0.87525927 -0.96829479 -0.34278886 -1.35876631 -3.19408838 -3.16923238
 -0.57900342 -1.17696211 -1.40693992 -1.33135452 -2.81142417 -1.31820438
 -1.589868   -0.98719413 -1.24629888 -0.51836054]
log likelihood =  -13091.2479635597
Edge derivatives =  [-4.242306290846696, -3.2971363118443993, 1.32333509626918, -0.3699027968182951, -5.365683351378084, -5.715843097296778, 0.005286322474198912, 0.5116858098093994, 3.845957795944526, 1.1476789745326033, -2.6009914112185717, 3.090101726763016, 1.290993456299015, -6.654838532901378, 1.1624875170253133, 10.098306005073768]
other derivatives: [27.64572855 -3.37477104 32.07478585  2.05091055 16.61774149  0.        ]
Current x array =  [-0.66783832 -0.93062788 -0.40245121  0.68925883 -2.57482866  0.33647224
 -0.91156495 -0.94772368 -0.32362079 -1.39558017 -3.27637723 -3.25764107
 -0.57373434 -1.18097963 -1.40140931 -1.33037916 -2.86232084 -1.30645718
 -1.64352315 -0.97987272 -1.24874383 -0.54353583]
log likelihood =  -13092.008434439476
Edge derivatives =  [3.006138299893168, -2.930787628692873, -10.592609913435336, 1.252305129621579, -3.8534446027493963, -4.155409726092392, -17.846918097374772, -6.45087805714696, 5.570926271164939, 0.5178106635212506, -1.8105486062617095, -2.884362204181496, 5.873858396497178, -3.27479442712185, -0.7031321819094116, -1.5453176915427218]
other derivatives: [95.87347449 34.27867341 78.96542229  0.16370905  0.32268872  0.        ]
Current x array =  [-0.68213636 -0.94931752 -0.41006808  0.69595577 -2.55864871  0.33647224
 -0.99586234 -0.92952285 -0.25531561 -1.44374905 -3.42805483 -3.41844899
 -0.49393409 -1.14989818 -1.37836824 -1.31841045 -2.95282362 -1.25705225
 -1.72562815 -1.00188215 -1.23238805 -0.49433694]
log likelihood =  -13090.673444164458
Edge derivatives =  [-1.3152648592120364, -3.1420191829496837, -3.269953234969954, 0.27385613534737885, -4.726505052813095, -5.053298736507891, -6.933999689450267, -2.2948712083124923, 4.540725298241341, 0.9193121376672626, -2.270979388082604, 0.8025854931022902, 3.18036412119505, -5.320123787358081, 0.41599578009841676, 5.54597953052899]
other derivatives: [55.24125299 11.74939825 50.67595339  1.22854544 10.42317308  0.        ]
Current x array =  [-0.67349412 -0.93802084 -0.40546418  0.6919079  -2.56842844  0.33647224
 -0.94491003 -0.94052407 -0.29660166 -1.41463408 -3.33637555 -3.32125102
 -0.54216817 -1.16868491 -1.39229507 -1.32564476 -2.89812055 -1.28691433
 -1.676001   -0.98857888 -1.24227406 -0.52407449]
log likelihood =  -13089.484891333155
Edge derivatives =  [2.1681753335172327, -3.5599244992280727, -4.278053592649609, 2.530970255663733, -3.5706492399586054, -3.8120841280826756, -7.625153337013952, -1.762166514678705, 5.7817469335828875, 1.621377259295929, -1.2899127123501393, -0.3425455713308453, 6.0118282204560884, -4.6905788593687054, 1.2907653976541242, 6.595969040917507]
other derivatives: [14.83749656 -9.13823897  6.77391654 -5.74473233 10.62908268  0.        ]
Current x array =  [-0.66558891 -0.92742094 -0.3984418   0.70674858 -2.56314493  0.33647224
 -0.98771242 -0.91876359 -0.28884732 -1.45916902 -3.44724742 -3.44023776
 -0.53980211 -1.17506115 -1.37739367 -1.32391888 -2.96531629 -1.27500903
 -1.73722998 -0.98601168 -1.24206187 -0.52894703]
log likelihood =  -13089.117019819372
Edge derivatives =  [2.140986061399963, -3.912689936969252, -3.862301895197959, 2.8282062903008973, -3.2857522627564824, -3.509971489620889, -7.920142637878762, -1.7094226424205123, 5.306957966519993, 1.551822814195308, -1.1517168958266815, -0.5408125020112341, 6.087316568269964, -4.741171445792426, 1.022451037301206, 3.265580030129116]
other derivatives: [ -3.42861313  -5.48679964 -10.28711267  -4.05707397   5.66160452
   0.        ]
Current x array =  [-0.66182555 -0.93008604 -0.3959802   0.70677194 -2.55589308  0.33647224
 -0.99093517 -0.91234856 -0.29319369 -1.46693609 -3.47833108 -3.47348859
 -0.54078335 -1.17617325 -1.36836209 -1.32170568 -2.98347783 -1.27363969
 -1.74699146 -0.98387391 -1.23892219 -0.51703336]
log likelihood =  -13088.742368394262
Edge derivatives =  [1.9685723441966305, -4.081586992301979, -2.8783909682311912, 3.150218977281615, -3.0222193585942447, -3.2168354126731464, -6.663444969062503, -1.1739998485113647, 4.075001183129816, 1.1616434441482357, -1.0860252707365863, -0.6086229356040862, 5.7992129199922795, -4.280986168026429, 0.4598423711058709, -1.849162620245499]
other derivatives: [-22.26042852  -0.41982275 -17.96906872  -2.35504558  -1.49248081
   0.        ]
Current x array =  [-0.65760972 -0.93309498 -0.39552304  0.7059104  -2.54294361  0.33647224
 -0.9957953  -0.91212505 -0.30396521 -1.47341767 -3.51168879 -3.50920032
 -0.54950742 -1.17959923 -1.35531182 -1.31938615 -3.00220793 -1.27321917
 -1.75205132 -0.98984799 -1.23577583 -0.49991333]
log likelihood =  -13088.423048481778
Edge derivatives =  [2.159806650134072, -3.912163239110505, -1.7550597659694664, 3.619442743181193, -2.8068115252517702, -2.9636019356649137, -3.3737292977699935, 0.0400091058541191, 2.731389073580969, 0.6644946123427381, -0.9860279583673542, -0.44683193976240554, 5.513334706374656, -3.3740618113462943, 0.13308001620661725, -4.320160116022879]
other derivatives: [-27.02981874   1.3042154   -7.34489731  -2.49692675  -5.37038432
   0.        ]
Current x array =  [-0.65598313 -0.93315486 -0.39816551  0.70484776 -2.53165787  0.33647224
 -1.004305   -0.91795088 -0.31544862 -1.47930933 -3.54219663 -3.5419929
 -0.56572193 -1.18578765 -1.34286014 -1.31804924 -3.0189764  -1.27326068
 -1.75445855 -1.00232765 -1.2352653  -0.49321284]
log likelihood =  -13088.131102777179
Edge derivatives =  [1.6501802817401194, -3.505896430868446, 0.46434612367962647, 3.7618926976146434, -2.3972100796113693, -2.5326946003599824, 2.1058304393435323, 1.9290525840955224, -0.264304219856274, -0.06759453683143801, -0.7467051612667596, -0.16910003616771674, 4.0768452160827, -2.205298459081938, -0.23562542271985382, -7.14925007640331]
other derivatives: [ -7.35144567  13.72809493 -29.29136826   9.3550625  -10.92521416
   0.        ]
Current x array =  [-0.66056135 -0.93750891 -0.39491631  0.68436695 -2.52226741  0.33647224
 -1.00060339 -0.92494023 -0.33124684 -1.47785373 -3.59627213 -3.59990966
 -0.59278605 -1.19221943 -1.3149924  -1.31077105 -3.04764326 -1.27317939
 -1.7443367  -1.01571956 -1.2299598  -0.48379024]
log likelihood =  -13087.821333511749
Edge derivatives =  [1.9489596803869274, -3.6817661269037654, 0.6391218385039319, 4.233686200250657, -2.162926432811924, -2.2494917248470716, 4.465526507270044, 2.6792052622322324, -1.141066505851183, -0.7022238463950382, -0.502395555679379, -0.01476324403326501, 4.148811832385948, -1.9416029949021865, -0.4447547784019525, -5.04240241718]
other derivatives: [-1.6820195   1.87246769  7.52606866  4.33992682 -7.23466655  0.        ]
Current x array =  [-0.66106688 -0.93002444 -0.40159069  0.68743456 -2.5221651   0.33647224
 -1.0080648  -0.92525267 -0.33389108 -1.48500799 -3.63692546 -3.64358344
 -0.60179067 -1.19575835 -1.30454889 -1.30887112 -3.07069292 -1.27127248
 -1.7520555  -1.02063999 -1.22990903 -0.49292515]
log likelihood =  -13087.691229571008
Edge derivatives =  [2.0491111386191654, -3.5955745096692113, 0.4309850755874396, 4.158540388078344, -2.0894997423582353, -2.1701427323724616, 4.1978918743174365, 2.4567499566842588, -1.266891200452945, -0.7730319474025141, -0.3955525377008462, -0.06721448772007077, 4.056005754755625, -1.8852205645767506, -0.3715256737544177, -3.0838526529950854]
other derivatives: [ 7.30960892 -2.1462256  11.82070264  3.56358214 -3.8453436   0.        ]
Current x array =  [-0.66314493 -0.92758171 -0.401988    0.6873266  -2.52795027  0.33647224
 -1.00667359 -0.92567339 -0.3304733  -1.48309907 -3.6480666  -3.65545273
 -0.59939273 -1.19366028 -1.30203575 -1.30758031 -3.07663351 -1.26967395
 -1.75074858 -1.02063458 -1.22917002 -0.49908167]
log likelihood =  -13087.440761150367
Edge derivatives =  [2.135026399703673, -3.0974595325852614, 0.10305318314430878, 3.7698489012902634, -1.9035337535262449, -1.969170119727826, 3.2950119933961015, 1.7126644514908451, -2.2134927471830768, -1.0678046127081966, -0.19029614595333788, -0.29729636107111657, 3.3876271969170544, -1.2618358396213005, -0.37488883393505307, -0.07323148664861624]
other derivatives: [15.83503035 -4.8585207  15.21948434  3.92246875  2.46072887  0.        ]
Current x array =  [-0.66514252 -0.92616203 -0.40215258  0.68483945 -2.54070874  0.33647224
 -1.00165189 -0.93279063 -0.32426095 -1.47327477 -3.67776166 -3.68695943
 -0.59363693 -1.18674259 -1.29267326 -1.30366761 -3.09139962 -1.26531046
 -1.74007757 -1.02716005 -1.22600326 -0.50768655]
log likelihood =  -13087.103614560774
Edge derivatives =  [1.9600212323083108, -1.9245915853637547, -0.18870742632211202, 2.8232553463056638, -1.6891291497822774, -1.7240787068490282, 1.344252437328131, 0.2872239338216822, -4.018794122789099, -1.4516323997018243, -0.024998018646960177, -0.696529789053256, 1.9110072620171823, 0.3063694019918768, -0.6027903190198245, 1.4819123809834023]
other derivatives: [14.03222996 -6.1290848  13.13801476  1.79552444  6.00211933  0.        ]
Current x array =  [-0.66483444 -0.92637483 -0.40147994  0.68887395 -2.54962187  0.33647224
 -0.99377718 -0.95488273 -0.3201707  -1.45104623 -3.71513977 -3.72639654
 -0.58528385 -1.17529961 -1.28099315 -1.29984706 -3.10763054 -1.26001149
 -1.71378979 -1.04763928 -1.22170496 -0.51116758]
log likelihood =  -13086.70930226877
Edge derivatives =  [1.11755265638865, -0.6264016592468732, 1.5238672896086185, 1.7946527465345636, -1.002539653338753, -0.9878319851511541, 0.8564286254078843, -0.1470478382021813, -3.997071443286148, -0.059578892504277, 0.6401789293498121, 0.29773120700842404, 0.9606100739747938, 1.3939726590573878, 0.45556820295595535, 4.939375449639402]
other derivatives: [15.93562047  2.03253876  0.61172614 -4.94910637  6.02412911  0.        ]
Current x array =  [-0.66477063 -0.93112742 -0.39885687  0.70383941 -2.54823688  0.33647224
 -0.97843315 -0.98084126 -0.32713396 -1.42382081 -3.81636131 -3.83384246
 -0.58519781 -1.17013371 -1.28319738 -1.30259294 -3.15502905 -1.26072248
 -1.69008443 -1.06148057 -1.22066791 -0.52137186]
log likelihood =  -13086.649288445951
Edge derivatives =  [-3.097952251529955, -0.31764457174077954, 1.1908895584657806, -1.0453036916559557, -0.7228752334465961, -0.6788747688852695, 1.417607927815311, -1.0011764682324735, -5.445178226357303, -0.4338483467079436, 0.729575647029507, 1.5195742102818048, -2.028055691174513, 1.1198421635619082, -0.3878635119610639, 3.8144181792110077]
other derivatives: [-21.71727829  -4.68971848   4.57039278   1.97978807   2.03071977
   0.        ]
Current x array =  [-0.65666686 -0.92838305 -0.40149274  0.69019367 -2.54506509  0.33647224
 -0.94022353 -1.01382702 -0.33717795 -1.37608281 -3.87633267 -3.89693742
 -0.59232921 -1.16477936 -1.29116295 -1.30288088 -3.17547931 -1.2660691
 -1.6375613  -1.07205485 -1.21694947 -0.52020673]
log likelihood =  -13086.462309659717
Edge derivatives =  [-2.00979659335231, -0.5461361877163871, 1.4852139318608901, -0.22299502910918598, -0.6789828038503389, -0.648060656182273, -0.021012571268184232, -1.0087625794756065, -3.7003123990775135, 0.38274383938606127, 0.7921851888588145, 1.3621201895060078, -0.4999781163967888, 0.661415370109836, 0.124263219407035, 2.8672155356643665]
other derivatives: [ 0.53751137  1.89465936 -0.15934347 -1.8531864   0.31614036  0.        ]
Current x array =  [-0.66146356 -0.93144737 -0.39965183  0.69918888 -2.54139773  0.33647224
 -0.94957222 -1.00025808 -0.33457274 -1.39067215 -3.87399058 -3.89455442
 -0.58477567 -1.1667108  -1.29850138 -1.30512753 -3.17662367 -1.26535463
 -1.65882729 -1.06049281 -1.21817427 -0.51500506]
log likelihood =  -13086.426912219751
Edge derivatives =  [-1.8989076323227634, -0.7212235797509223, 1.5028889935361003, -0.023893047029095282, -0.6321943072610644, -0.604890712304793, -0.08803915384933148, -0.8254549729570003, -2.804945804632051, 0.6757470330393691, 0.8225542192377722, 1.4000843514710166, 0.09358936478848337, 0.26121404194812525, 0.2500216713938337, 2.0876754808684805]
other derivatives: [ 1.36024028  0.43291948 -2.38724169 -2.81143002 -0.88584784  0.        ]
Current x array =  [-0.66173022 -0.93048419 -0.39924441  0.70120267 -2.5384712   0.33647224
 -0.95223393 -0.9961959  -0.33506598 -1.39509565 -3.87971    -3.90065983
 -0.58440966 -1.16929578 -1.30501172 -1.30653039 -3.17942632 -1.26567493
 -1.66629405 -1.05481412 -1.21901624 -0.51237867]
log likelihood =  -13086.446561744342
Edge derivatives =  [-2.5772855378021404, -0.6365114069491415, 0.8596835923955135, -0.7346801449944853, -0.46281872278960723, -0.45401930524333484, -1.2078106498027865, -1.1043798874199129, -0.23488292027630714, 1.2004117876652414, 0.8111481160171635, 1.5155688584716631, 0.6189171177739617, -0.7340482936522923, 0.1418946627122133, -1.512306597785016]
other derivatives: [17.89121598 11.26245479 15.14308678 -0.56352292 -3.44934961  0.        ]
Current x array =  [-0.66469851 -0.93561846 -0.40242815  0.69649962 -2.53597689  0.33647224
 -0.94615186 -1.00251567 -0.33319182 -1.38279418 -3.90424993 -3.92613786
 -0.57810275 -1.17131736 -1.33368361 -1.30879503 -3.18394056 -1.26435463
 -1.6590579  -1.04475413 -1.21858107 -0.49809928]
log likelihood =  -13086.393795434817
Edge derivatives =  [-2.1974849598250454, -0.6834998259917088, 1.2200848976457808, -0.33598057069559595, -0.5567189838523455, -0.5375720440619094, -0.580825662726878, -0.9483302398870905, -1.6566285677243384, 0.9076785915377371, 0.8175258022498545, 1.4515032618095138, 0.3241482349122966, -0.17770253603348518, 0.20171117949580653, 0.5034847583367337]
other derivatives: [ 8.68367351  5.23286872  5.37838787 -1.8198989  -2.01016519  0.        ]
Current x array =  [-0.66304067 -0.93275089 -0.40064998  0.69912635 -2.53737     0.33647224
 -0.9495488  -0.99898597 -0.33423857 -1.38966475 -3.89054398 -3.91190796
 -0.58162526 -1.17018827 -1.31766989 -1.30753019 -3.18141929 -1.26509204
 -1.66309941 -1.0503728  -1.21882412 -0.50607455]
log likelihood =  -13086.344657628744
Edge derivatives =  [-2.0480505721311384, -0.6660018859077709, 0.9203475260621221, -0.3176564162372184, -0.4562205511827019, -0.44118016705203245, -0.39515024287673894, -0.7284497090394835, -0.6180798489089283, 1.0402020513110664, 0.8785060901125467, 1.2910292176514575, 0.7966078274176538, -0.5183066676314114, 0.24805082687432833, -0.18569140924275812]
other derivatives: [ 3.96739779  1.0470103   2.59078661 -1.72822183 -1.77551556  0.        ]
Current x array =  [-0.6621569  -0.93038767 -0.40041329  0.69844229 -2.53720288  0.33647224
 -0.95246358 -0.99969819 -0.33330578 -1.39002113 -3.90977025 -3.93226113
 -0.58189281 -1.17317576 -1.32736472 -1.3078479  -3.18880961 -1.26334212
 -1.66603445 -1.04653741 -1.21910393 -0.50371914]
log likelihood =  -13086.299859075527
Edge derivatives =  [-1.6349127769308167, -0.3240224029033487, 0.42209854012819203, -0.4163436528093882, -0.3140749414582829, -0.3024666542083438, -0.039382379399511835, -0.5185641909531116, 0.20439789755790563, 0.924532140314624, 0.9713240917984007, 0.8264289109853297, 0.9932580824716652, -0.5071478335116462, 0.21713218732990813, -0.5433272558920563]
other derivatives: [-0.20299922 -2.15495675  0.20954758 -0.69903763 -0.19535946  0.        ]
Current x array =  [-0.6613294  -0.92850901 -0.40032309  0.69556919 -2.53981651  0.33647224
 -0.95680743 -1.00603656 -0.33072178 -1.38651446 -3.94193317 -3.96627086
 -0.58237093 -1.1756437  -1.33629459 -1.30614106 -3.20065688 -1.25879322
 -1.66323193 -1.04735275 -1.21830266 -0.50204326]
log likelihood =  -13086.278365924962
Edge derivatives =  [-1.0696715975428828, 0.032847097998415675, -0.014074740383839157, -0.4231531307933689, -0.24107310494171508, -0.23059213954634228, 0.10092104930821089, -0.4180440329118072, 0.417886144253782, 0.6072436109806023, 1.0149685724460216, 0.2893021814505654, 0.936003551900169, -0.26109873705138353, 0.1274078299389808, -0.4196555137444621]
other derivatives: [-2.00452632 -1.90120772  0.10641088 -0.02673914  1.10812834  0.        ]
Current x array =  [-0.66085779 -0.92859324 -0.40048914  0.69374804 -2.54215117  0.33647224
 -0.96213917 -1.01149718 -0.32792841 -1.38440444 -3.96213954 -3.98759944
 -0.58203265 -1.17684184 -1.33939    -1.30348117 -3.20688503 -1.2543547
 -1.65921172 -1.05070842 -1.2172346  -0.50207405]
log likelihood =  -13086.270620939733
Edge derivatives =  [-0.713673929830414, 0.42862569047121907, -0.4586569157710293, -0.6108430138324832, -0.19395688520534254, -0.18287043407146147, 0.23516917842218654, -0.3192549994926518, 0.13057982415633118, 0.06138829974373017, 1.006363979012461, -0.24620179166676304, 0.33322937198328284, 0.024378215423616734, -0.1221151974384897, -0.40698555423721494]
other derivatives: [ 2.27573764 -1.84336386 -7.1930117   2.02053343 -0.25975169  0.        ]
Current x array =  [-0.66203379 -0.92809419 -0.39935973  0.69018554 -2.54023928  0.33647224
 -0.96652566 -1.0185185  -0.32683705 -1.38019354 -3.97943895 -4.00573164
 -0.58262385 -1.17866685 -1.34054203 -1.29952196 -3.20804214 -1.25073808
 -1.64830406 -1.05572816 -1.2156918  -0.50253851]
log likelihood =  -13086.256883972297
Edge derivatives =  [-0.17563413657098925, 0.47775969822581843, -0.6504512516381913, -0.3349137266177036, -0.1932809904876584, -0.177560921952757, 0.30923209466743184, -0.1947754725509434, 0.028407681440023952, -0.2617129488245034, 1.0041973142972023, -0.545817396281717, 0.40145749708637535, 0.14475634862136255, -0.2130566681108042, -0.019676486453108405]
other derivatives: [ 0.54315024 -0.98061719  1.03846105  0.54405973  0.38653525  0.        ]
Current x array =  [-0.66130893 -0.92863171 -0.40088306  0.69210461 -2.54020338  0.33647224
 -0.97302828 -1.01798642 -0.32561516 -1.38406048 -3.98398578 -4.01056019
 -0.5822248  -1.17996197 -1.33910676 -1.29789562 -3.20839337 -1.24864696
 -1.64996648 -1.05732801 -1.21554363 -0.50413909]
log likelihood =  -13086.25305186593
Edge derivatives =  [-0.09182612101910499, 0.39693253634738457, -0.576510388587461, -0.21314146540251003, -0.2199292091489122, -0.20405625124134527, 0.19662664341769476, -0.1738266979602222, -0.044073450480476895, -0.26926177593698397, 0.9753564274344497, -0.5156863708472356, 0.4327256705781971, 0.10357440319415945, -0.20411946648572604, -0.048454277585906744]
other derivatives: [ 0.27939677  0.20263542  0.71377144  0.28194336 -0.1722583   0.        ]
Current x array =  [-0.66121201 -0.92932085 -0.40079795  0.69293807 -2.53911513  0.33647224
 -0.97426533 -1.01569871 -0.32600222 -1.38647702 -3.97751047 -4.00368864
 -0.58182495 -1.18030574 -1.33802114 -1.29797256 -3.2048143  -1.24926246
 -1.65147305 -1.05656238 -1.21581761 -0.50420358]
log likelihood =  -13086.247584727014
Edge derivatives =  [0.06328713204445559, 0.3034265283505485, -0.33306138075102376, -0.04027999546508074, -0.2475574181153925, -0.227058687733022, 0.16903461545810905, -0.045991921608466324, -0.2823017437440999, -0.40385474643211494, 0.9158105529938695, -0.40101678641514943, 0.24170167726448075, 0.03048008890197007, -0.27554516058907663, -0.0703220485870012]
other derivatives: [ 2.77213985 -0.12714736  1.96323526 -0.27648639 -0.96661097  0.        ]
Current x array =  [-0.6617425  -0.92893608 -0.40098893  0.69382391 -2.53695262  0.33647224
 -0.97719361 -1.01320774 -0.32785374 -1.38944583 -3.97280581 -3.99858694
 -0.58158989 -1.18196563 -1.33677247 -1.29753255 -3.19774774 -1.25048718
 -1.6498498  -1.05628267 -1.21623492 -0.50469463]
log likelihood =  -13086.240286561437
Edge derivatives =  [0.2811836270020928, 0.3026062001129979, -0.022613763585329294, 0.07906092084562849, -0.23988557025311752, -0.21663306984296776, -0.08405923067896814, 0.054882507671657144, -0.2863018395839976, -0.4169716134785723, 0.8658288657730479, -0.2755957227336286, 0.020593890108041385, -0.04114532385210179, -0.26765593870050086, -0.2742309740747754]
other derivatives: [ 1.24837243  1.28366082 -0.3945388  -0.36234269 -1.46847015  0.        ]
Current x array =  [-0.66137321 -0.92971459 -0.40063947  0.69432605 -2.53586728  0.33647224
 -0.98012807 -1.01210547 -0.32961734 -1.39057938 -3.97445016 -4.00009849
 -0.58016182 -1.18379139 -1.33841727 -1.29724419 -3.1909279  -1.25142781
 -1.64573413 -1.05600983 -1.21666647 -0.50414387]
log likelihood =  -13086.232561998564
Edge derivatives =  [0.4367627767945534, 0.3089965931379921, 0.42681504151567784, 0.1521680411809202, -0.21006647416503355, -0.18248098905343393, -0.2760967695279728, 0.17784607085257464, -0.2026862237499034, -0.3408727273593463, 0.820940551106282, -0.007351996355528745, -0.25920619743191997, -0.13974799064431576, -0.23294579213589733, -0.44249723604391344]
other derivatives: [ 0.57189027  1.11303962 -1.30057742 -0.5660695  -1.15214789  0.        ]
Current x array =  [-0.66120404 -0.92955375 -0.40054648  0.69448327 -2.53598116  0.33647224
 -0.98225615 -1.01161983 -0.33197847 -1.3903566  -3.98075168 -4.00646224
 -0.57866525 -1.18580707 -1.34153041 -1.29748276 -3.18385922 -1.25287493
 -1.63968065 -1.05581423 -1.21737679 -0.50360406]
log likelihood =  -13086.222706435503
Edge derivatives =  [0.4003381477292316, 0.1878487477428721, 0.6601042657969578, 0.13130850485807422, -0.184920773882174, -0.15355481379353567, -0.38940495735829384, 0.26648879228616684, -0.22604926225127497, -0.22780118353445877, 0.7303899343687352, 0.3527034435751848, -0.6715928008605094, -0.23003224169369307, -0.20694987414769828, -0.35402952123003684]
other derivatives: [-1.26747182  0.56097633 -0.13915269  0.14606485 -0.7388735   0.        ]
Current x array =  [-0.6607617  -0.92911427 -0.40096172  0.69255313 -2.5364282   0.33647224
 -0.98312297 -1.01000075 -0.33376871 -1.38935625 -3.98691244 -4.01244718
 -0.57757094 -1.18760232 -1.34470996 -1.2984395  -3.17063121 -1.25484644
 -1.63154258 -1.05646102 -1.21882877 -0.50439413]
log likelihood =  -13086.219117971072
Edge derivatives =  [0.6790196911078519, 0.0055285727866997425, 1.1877307457342283, 0.35338653075318877, -0.10655062760636576, -0.07710436754734157, -0.43507695523357953, 0.5311201896347459, 0.6170441324906283, 0.5185294645259589, 0.6689867444670857, 0.8637185683977474, -0.46738536699341715, -0.375904825865375, 0.24720044537162666, 0.08628593892098899]
other derivatives: [ 3.47208697  0.80344762 -0.17971615 -0.38853614  1.68020051  0.        ]
Current x array =  [-0.66172269 -0.9289647  -0.40080776  0.69283869 -2.53986616  0.33647224
 -0.98505091 -1.00397483 -0.33435671 -1.39126899 -3.99844818 -4.0238998
 -0.5757443  -1.19008188 -1.35309739 -1.30200981 -3.15368294 -1.25700077
 -1.62917338 -1.05429981 -1.22221539 -0.505319  ]
log likelihood =  -13086.210552767647
Edge derivatives =  [0.4911907955933984, -0.09661991551386961, 0.6254788407177853, 0.23039275429246642, -0.1330330065194121, -0.10357183866736605, -0.3237597160964516, 0.42132388413067157, 0.2880611205530277, 0.3050281106195496, 0.6258001441002096, 0.6258196203998293, -0.5810322826504127, -0.26557686255877844, 0.1120944166922081, 0.3489306157159635]
other derivatives: [-2.30138539 -1.65910023 -0.61463652  0.08440111  1.09539542  0.        ]
Current x array =  [-0.66057938 -0.92782007 -0.4009194   0.69197062 -2.5391263   0.33647224
 -0.98434026 -1.00371161 -0.33253481 -1.39102644 -3.99644514 -4.02167913
 -0.57694581 -1.18911154 -1.35051486 -1.30150242 -3.15032958 -1.25594859
 -1.62912865 -1.05633424 -1.22225447 -0.50706104]
log likelihood =  -13086.205666665575
Edge derivatives =  [0.39277403266867905, -0.1269350121628541, 0.18338814573517115, 0.13453761746067916, -0.14552420658750462, -0.1186037363071631, -0.2192442587478185, 0.3516532732235401, 0.18005740811661655, 0.19442806155885184, 0.6028182793963415, 0.4020456169007477, -0.5799637832627718, -0.16620880744542887, 0.0514375858082905, 0.4794325353281249]
other derivatives: [-1.48829713 -1.01190381  0.1540684   0.7030394   0.45856723  0.        ]
Current x array =  [-0.66076056 -0.92812059 -0.40108117  0.69095933 -2.53841231  0.33647224
 -0.98362154 -1.00377477 -0.33064039 -1.39054845 -3.9954329  -4.02052786
 -0.57782642 -1.18828174 -1.34941734 -1.30106396 -3.14836762 -1.25470169
 -1.62964135 -1.05757851 -1.22220025 -0.50779633]
log likelihood =  -13086.198570784454
Edge derivatives =  [0.34207139346218635, -0.30173251617981767, -0.4729576969336471, 0.10135840875349589, -0.1525139900847893, -0.1307541261446764, -0.0563867757524521, 0.3071931885608874, 0.2856911173741639, 0.22857656580064656, 0.5128778363351087, 0.05477181280501642, -0.3821762530940913, -0.02399248949666566, 0.09186344703816429, 0.7354049566073566]
other derivatives: [-0.70067472 -0.80781319 -0.170985    0.9091309  -0.11259544  0.        ]
Current x array =  [-0.66098678 -0.92824606 -0.40096853  0.69093266 -2.53780517  0.33647224
 -0.98341056 -1.00036001 -0.32711319 -1.39195013 -3.99560017 -4.02023769
 -0.57904583 -1.18735949 -1.34956879 -1.30137653 -3.13647626 -1.25280233
 -1.63236292 -1.05881324 -1.22346416 -0.50908638]
log likelihood =  -13086.191506686228
Edge derivatives =  [-0.31967520482619033, -0.5330897103368168, -0.730970709377998, -0.22263626258742725, -0.1529533388931086, -0.13361243553729443, -0.031522551846783875, 0.05445358087841645, 0.3673667318639374, 0.3026183599791883, 0.31740354697997536, -0.07568649560899288, -0.39215815492784634, 0.04182640776179003, 0.022578068586706967, -0.085729290063172]
other derivatives: [ 0.25411282  1.10394467  3.44552973  0.88039087 -1.20580808  0.        ]
Current x array =  [-0.66114392 -0.92956289 -0.40146561  0.69162373 -2.53709735  0.33647224
 -0.97625857 -0.99844927 -0.32602153 -1.38835715 -3.99735026 -4.02116707
 -0.58026871 -1.1842667  -1.35102701 -1.30190804 -3.11550199 -1.25229246
 -1.63120367 -1.05973434 -1.22481298 -0.50628153]
log likelihood =  -13086.189461197146
Edge derivatives =  [-0.41945714495576003, -0.54089938754664, -0.6035393826929758, -0.2823242011997907, -0.13999065048994727, -0.12219553340553119, 0.04884294442663506, 0.040708510105379236, 0.4343017639675031, 0.4245813097049077, 0.2531422801610592, -0.11743260154852003, -0.39535413684921666, 0.13018481596450915, 0.10289895349374745, -0.12569458168880537]
other derivatives: [ 1.16469892 -0.25302143 -3.95793904  1.00662874 -1.24746293  0.        ]
Current x array =  [-0.66162568 -0.92887328 -0.40000195  0.69209399 -2.53749897  0.33647224
 -0.97424012 -0.99767482 -0.32611365 -1.38749636 -4.00011799 -4.02368779
 -0.58107033 -1.18344834 -1.3513767  -1.30198404 -3.10652308 -1.25223901
 -1.63071481 -1.06022108 -1.22553832 -0.50602736]
log likelihood =  -13086.186498431598
Edge derivatives =  [-0.3147318792771062, -0.5673134201510435, -0.47984279358445436, -0.1816277184549112, -0.14048989551859387, -0.12082283382046721, 0.026004304515861665, 0.09188121741350408, 0.48983622107395897, 0.431523947157494, 0.25960827712746876, -0.04456600615282724, -0.33602649948723995, 0.06805286523463394, 0.1130262004094138, -0.09929909930086311]
other derivatives: [ 0.20954758 -0.43237378 -0.98480086  0.32850949 -0.78835001  0.        ]
Current x array =  [-0.66130454 -0.92882793 -0.40054021  0.69298638 -2.53780857  0.33647224
 -0.97555788 -0.99692543 -0.32660503 -1.38879074 -3.99977048 -4.02336775
 -0.58061686 -1.18404847 -1.35173043 -1.30218105 -3.10714904 -1.25260589
 -1.63155922 -1.0595223  -1.22568233 -0.50610431]
log likelihood =  -13086.185116624194
Edge derivatives =  [-0.2555934547062463, -0.5702345373298138, -0.3392806113368656, -0.1221630112226566, -0.1403789915524204, -0.11922173827359298, 0.0342468925593058, 0.11920850790349691, 0.5051423332523017, 0.41054668282416473, 0.239141144320296, -0.03118034967077743, -0.31409078575560206, 0.05831041864753628, 0.11419482031448347, -0.12299662677644016]
other derivatives: [-0.18662831 -0.53587428 -0.17807906 -0.18699211 -0.52732503  0.        ]
Current x array =  [-0.66118088 -0.92883926 -0.40064704  0.69387683 -2.53803524  0.33647224
 -0.97605025 -0.99652197 -0.32709728 -1.3894475  -4.00015687 -4.02368019
 -0.58054292 -1.18415909 -1.35169513 -1.30198599 -3.10475991 -1.25271647
 -1.63194277 -1.05929899 -1.22584982 -0.50598336]
log likelihood =  -13086.1825632558
Edge derivatives =  [-0.15491787404084922, -0.5338344832703206, -0.12741765316427445, -0.04273957209853818, -0.14352361243444478, -0.11997390761741981, 0.10715655381739175, 0.14694637836903823, 0.43850171579851593, 0.29034302103875065, 0.18483689687643512, -0.07834515703565825, -0.3172236662303981, 0.10315334377929242, 0.08859627111127588, -0.0821420778375323]
other derivatives: [-0.31741365 -0.48985385  0.22682798 -0.73014235 -0.12878445  0.        ]
Current x array =  [-0.66112244 -0.92895343 -0.40064697  0.69487245 -2.53851379  0.33647224
 -0.97664179 -0.9965286  -0.32777004 -1.39020165 -4.00118985 -4.02450584
 -0.58081605 -1.18391045 -1.35066831 -1.30102234 -3.09870966 -1.25254
 -1.63237843 -1.05956036 -1.22603048 -0.50610193]
log likelihood =  -13086.178472122381
Edge derivatives =  [-0.00976891309410663, -0.42358537631162385, 0.11553460822594375, 0.05341423739169865, -0.1479844405489646, -0.12209774462446227, 0.1920359539664247, 0.11908040567350364, 0.31166982248730746, 0.06562453339611041, 0.08730428001767676, -0.1625912572758909, -0.26744127730319256, 0.19425055078846176, 0.04389669993215961, 0.0251466791506074]
other derivatives: [-0.721775    0.19117579 -0.01273293 -0.75924618  0.51768438  0.        ]
Current x array =  [-0.66100373 -0.92942011 -0.40054862  0.69495969 -2.53963332  0.33647224
 -0.97718752 -0.99765389 -0.3283965  -1.39107365 -4.00349491 -4.0263986
 -0.58123188 -1.18279512 -1.34830206 -1.29916152 -3.08797401 -1.25219121
 -1.63424624 -1.05994325 -1.22629289 -0.50645834]
log likelihood =  -13086.1840687349
Edge derivatives =  [0.04912859754243673, -0.23404456014460673, 0.3099204118409601, 0.09914670365144512, -0.16848251888228089, -0.13530578386781872, 0.28550732080388386, -0.06743455601678544, -0.11186786068606558, -0.4512860446572764, -0.0922606416465688, -0.25344685008801937, -0.2505287604835423, 0.2842504932632508, -0.20303977445448568, 0.04021502157690114]
other derivatives: [ 5.38020686 -3.62997525  2.7981514  -1.07811502  1.05937943  0.        ]
Current x array =  [-0.66250656 -0.9270742  -0.40085356  0.69469124 -2.54014906  0.33647224
 -0.97718194 -1.00126743 -0.32945093 -1.39178766 -4.00732907 -4.02948949
 -0.58195373 -1.18027379 -1.34253225 -1.29585147 -3.07088692 -1.25210774
 -1.63795434 -1.06047706 -1.2264449  -0.50699848]
log likelihood =  -13086.177228939316
Edge derivatives =  [0.007894112004398268, -0.366824057767286, 0.17379655985370168, 0.067129147792867, -0.1541139202380426, -0.12603745204899575, 0.2200601978103447, 0.06345421228206483, 0.18560448075244418, -0.08868939795403313, 0.03424025541726482, -0.1896204017374447, -0.2622539895526525, 0.22111554013989876, -0.029728513205930507, 0.029744775038465218]
other derivatives: [ 1.10649125 -0.94860297  0.82800398 -0.85474312  0.68012014  0.        ]
Current x array =  [-0.66145297 -0.92871885 -0.40063978  0.69487944 -2.53978749  0.33647224
 -0.97718585 -0.99873409 -0.3287117  -1.39128709 -4.00464105 -4.02732256
 -0.58144766 -1.18204141 -1.3465773  -1.29817205 -3.08286617 -1.25216626
 -1.6353547  -1.06010282 -1.22633833 -0.5066198 ]
log likelihood =  -13086.175012802814
Edge derivatives =  [0.05088672780644529, -0.24672099591245242, 0.25475065901358673, 0.0798907336143192, -0.15726240735916122, -0.128171499806432, 0.17135513324539975, -0.0252655182199768, 0.0631591415529125, -0.253972925060987, -0.01568646262331304, -0.20393551670100263, -0.22856939824818412, 0.24793605882856307, -0.08320949432741642, -0.0021030770473384475]
other derivatives: [ 0.53696567 -0.07621566  0.24156179 -0.29795046  0.73123374  0.        ]
Current x array =  [-0.66131769 -0.92920967 -0.40056954  0.6939422  -2.54010706  0.33647224
 -0.97714612 -1.00087198 -0.32909907 -1.39124565 -4.00611924 -4.0285556
 -0.5814094  -1.1809937  -1.34458212 -1.29688313 -3.07803202 -1.25221121
 -1.63701132 -1.05998763 -1.22623567 -0.50655932]
log likelihood =  -13086.173682401699
Edge derivatives =  [0.025517899352700213, -0.17873822605845135, 0.16037105507325167, 0.05349094357663109, -0.1586404804801984, -0.12867353881454616, 0.061810457202090996, -0.12317737521723787, -0.0370174728480297, -0.33205638050960024, -0.04678852792465877, -0.17479432907062642, -0.19794647174161303, 0.2156907432689108, -0.12779517104511806, -0.058013304879965186]
other derivatives: [-0.85638021 -0.36652636 -0.48712536  0.13496901  0.34560799  0.        ]
Current x array =  [-0.66105132 -0.92904877 -0.4005237   0.69320675 -2.53956997  0.33647224
 -0.97710271 -1.00264965 -0.32906847 -1.39119346 -4.00747632 -4.02972951
 -0.58120595 -1.18037739 -1.34314124 -1.29643259 -3.07522763 -1.25256721
 -1.63862896 -1.05950687 -1.22629756 -0.50664834]
log likelihood =  -13086.172695511359
Edge derivatives =  [0.06024537936773233, -0.07074182109280339, 0.1488416011983379, 0.05375036502484026, -0.15359280577716636, -0.12287160552229273, -0.09137783686564294, -0.17875628497372847, -0.07807033201265343, -0.3089512715146245, -0.026608565106730042, -0.032198888597957165, -0.1540993893223566, 0.1376297060655176, -0.11773824551168055, -0.06857114955650562]
other derivatives: [ 0.07021299  0.36961865 -0.41691237  0.5667971  -0.02874003  0.        ]
Current x array =  [-0.66122715 -0.92930623 -0.4005951   0.69238728 -2.53889524  0.33647224
 -0.97753922 -1.00486374 -0.32933802 -1.39116072 -4.00847236 -4.03069687
 -0.58054714 -1.18035496 -1.34216608 -1.29651877 -3.07709113 -1.25343143
 -1.64014985 -1.05840408 -1.22621035 -0.50670622]
log likelihood =  -13086.17194124643
Edge derivatives =  [0.03313283483687379, -0.05095298033820522, 0.10045655027222522, 0.03722352858643174, -0.14782242859592581, -0.11659772809864882, -0.1374046750412664, -0.18661265393249554, -0.06766195968903982, -0.22555300234484066, -0.02480151033874184, 0.05391444476080032, -0.127567400170478, 0.07806816206595135, -0.09252213189544667, -0.08077035494833079]
other derivatives: [-0.24665496 -0.02164597 -0.51131792  0.4802132  -0.23646862  0.        ]
Current x array =  [-0.66116985 -0.92907259 -0.40060323  0.69254603 -2.53844351  0.33647224
 -0.97743605 -1.00554951 -0.32929871 -1.39105631 -4.00952346 -4.0316829
 -0.58038451 -1.18055808 -1.34208492 -1.29709435 -3.07684304 -1.25396883
 -1.64084012 -1.05771436 -1.22647208 -0.50678364]
log likelihood =  -13086.170782739197
Edge derivatives =  [-0.032141475948900294, -0.020822329696874642, 0.03978163424953107, 0.004888250898911262, -0.12977384917187518, -0.0984193231307108, -0.10833673925929932, -0.15386241982079107, 0.023757642939548268, 0.019776821788003995, -0.04742781011757314, 0.19950601506327226, -0.03580077710210702, -0.013746251175557056, 0.007251867520615907, -0.057483577192594504]
other derivatives: [ 0.16534614 -0.04547474 -0.23192115  0.11732482 -0.37343852  0.        ]
Current x array =  [-0.6612432  -0.92904279 -0.40062932  0.69327954 -2.53806168  0.33647224
 -0.97657853 -1.00644486 -0.32893815 -1.39063198 -4.01281198 -4.03468885
 -0.58050742 -1.18095022 -1.34231306 -1.29853531 -3.07267585 -1.25478017
 -1.64233978 -1.05640124 -1.22741579 -0.50694178]
log likelihood =  -13086.170295613209
Edge derivatives =  [-0.03929441180370119, 0.02883435865050543, -0.0050730394884095364, -0.011592188693784478, -0.12088536915267989, -0.09042312775252254, -0.02463951126605246, -0.09539077374134752, 0.052677295024074644, 0.11889946606674329, -0.05104603927928704, 0.20220352112328777, 0.013146016862231241, -0.056600044574824704, 0.04774557322502371, 0.005995294457899827]
other derivatives: [-0.1033186  -0.23628672 -0.40981831  0.13242243 -0.13424142  0.        ]
Current x array =  [-0.66118803 -0.92894466 -0.40060306  0.69320572 -2.53847554  0.33647224
 -0.97617431 -1.00748369 -0.32854015 -1.39017426 -4.01486326 -4.03652203
 -0.58069406 -1.1814597  -1.34211527 -1.2990873  -3.071586   -1.25467507
 -1.64322782 -1.05571515 -1.2277245  -0.50713003]
log likelihood =  -13086.170486259052
Edge derivatives =  [-0.08468802677240839, 0.05215757327860665, -0.14087775812624903, -0.04757875413386997, -0.1158817018228363, -0.08624912811302701, 0.09977730938183715, -0.028211685538353848, 0.033189959780471595, 0.12747420549467503, -0.06516235427009878, 0.10717764203394109, 0.03828565601834466, -0.09168876665743309, 0.03160369091283166, 0.0499709395332298]
other derivatives: [-0.48657967  0.03637979  2.3523171   0.04401954  0.05056791  0.        ]
Current x array =  [-0.66101659 -0.92912172 -0.40112035  0.69313221 -2.53876057  0.33647224
 -0.97565512 -1.00848922 -0.32784962 -1.3895117  -4.0173005  -4.03864247
 -0.58098951 -1.18210875 -1.34169135 -1.29930229 -3.07028748 -1.25392284
 -1.64386226 -1.0553601  -1.22789517 -0.50732932]
log likelihood =  -13086.170133136726
Edge derivatives =  [-0.05762274338121566, 0.03826858726873619, -0.05992023434775973, -0.026119507940972064, -0.11886004449968199, -0.08873312309276074, 0.025659654525977627, -0.06822892668120978, 0.044815192492441175, 0.12237222845175977, -0.056743874143270125, 0.1638342741314337, 0.023317036617468895, -0.07077298685360489, 0.0412273372155022, 0.02378681573369789]
other derivatives: [-0.2581146  -0.12605597  0.70722308  0.09677024 -0.05929905  0.        ]
Current x array =  [-0.66111875 -0.9290162  -0.40081209  0.69317602 -2.53859071  0.33647224
 -0.97596451 -1.00789001 -0.32826112 -1.38990653 -4.0158481  -4.03737886
 -0.58081344 -1.18172197 -1.34194397 -1.29917417 -3.07106129 -1.25437111
 -1.64348419 -1.05557168 -1.22779346 -0.50721056]
log likelihood =  -13086.169914549118
Edge derivatives =  [-0.03347642476752534, 0.07552503444243977, -0.05540587767234162, -0.02422678863553862, -0.11482523360107746, -0.0855270902750189, 0.09219523592613244, -0.012386290274590372, 0.051887153795890845, 0.14998999653144884, -0.05437509078335969, 0.1167007745165971, 0.038537441402503606, -0.07614738474182703, 0.05855189899363478, 0.07714881584795005]
other derivatives: [-0.10131771 -0.0338332   0.31686795  0.10859367  0.14315447  0.        ]
Current x array =  [-0.6611558  -0.92907033 -0.40072797  0.69316051 -2.53896627  0.33647224
 -0.97589011 -1.00842738 -0.32806606 -1.38966662 -4.01690954 -4.03830403
 -0.58093498 -1.18215666 -1.34174591 -1.29924316 -3.07099871 -1.25399759
 -1.64375753 -1.05535423 -1.22782435 -0.50730919]
log likelihood =  -13086.169703570027
Edge derivatives =  [-0.01739005070035765, 0.09925265606509262, -0.06250928074684381, -0.025342578704602603, -0.11246757549374531, -0.08383812044144853, 0.12175302650108022, 0.03059227872517134, 0.0416649616045528, 0.14165618335174912, -0.05135192034235297, 0.04538722404382045, 0.038951501494594365, -0.07517305319813383, 0.05678165295301407, 0.0972405072842266]
other derivatives: [0.03856258 0.05566108 0.07639755 0.07385097 0.1884473  0.        ]
Current x array =  [-0.66118892 -0.92912585 -0.40067237  0.69325626 -2.53907038  0.33647224
 -0.97589829 -1.00878202 -0.32792174 -1.3894829  -4.01787242 -4.03912633
 -0.58093765 -1.18258906 -1.34150769 -1.29912815 -3.07132523 -1.25351382
 -1.64386489 -1.05528452 -1.22775194 -0.50733176]
log likelihood =  -13086.169346477458
Edge derivatives =  [0.005241866115211435, 0.1358399679314256, -0.0771052454953779, -0.029516741769765154, -0.10843077854338484, -0.08075870623127931, 0.11793423651630719, 0.09439015595728695, 0.004306155667258005, 0.09329157122276177, -0.041819570526650494, -0.09088717194929197, 0.029653896929945897, -0.07632592273184668, 0.035122570085875826, 0.09013061179188808]
other derivatives: [ 0.13533281  0.1198714  -0.21209416 -0.02764864  0.12441888  0.        ]
Current x array =  [-0.66121618 -0.92917375 -0.40060914  0.69349757 -2.53899313  0.33647224
 -0.97603423 -1.00941824 -0.32778977 -1.38918834 -4.01988704 -4.04084048
 -0.58070353 -1.18344351 -1.34096951 -1.29874922 -3.07265736 -1.25261958
 -1.64403643 -1.05519241 -1.2275054  -0.50726458]
log likelihood =  -13086.169010508214
Edge derivatives =  [0.012947772338133476, 0.15023893516634482, -0.061670536045064006, -0.031748752802395364, -0.10240905643262989, -0.07527141919611628, 0.05916085859381859, 0.12845376056674696, -0.016412198881189638, 0.05706200014001517, -0.027768206888937053, -0.14634117261888452, 0.02656484003948445, -0.08119785687232328, 0.01907927171158763, 0.04484847542276606]
other derivatives: [ 0.07112249  0.04256435 -0.24720066 -0.10004442  0.05984475  0.        ]
Current x array =  [-0.66120568 -0.92913263 -0.40060766  0.69362529 -2.53888133  0.33647224
 -0.97617804 -1.00974062 -0.32790123 -1.38899635 -4.0220507  -4.04268556
 -0.58025645 -1.18412382 -1.34065326 -1.29846215 -3.0743952  -1.25221443
 -1.64420203 -1.05511331 -1.22729117 -0.50707914]
log likelihood =  -13086.168253354488
Edge derivatives =  [-0.039409637792509555, 0.11690318041717596, -0.08258719173550155, -0.06589723694505681, -0.08141869730335588, -0.05610286744306237, -0.02582600793777945, 0.1748211645506762, -0.03313672952642335, 0.015844373029697323, -0.012863615944040604, -0.19896780174335515, 0.033700235897863626, -0.05060445371179689, 0.004493128655733369, -0.02782575057163146]
other derivatives: [ 0.4973117  -0.01600711 -0.18226274 -0.14861143 -0.18226274  0.        ]
Current x array =  [-0.66131234 -0.92907697 -0.40061431  0.69373989 -2.5385279   0.33647224
 -0.9758896  -1.00936919 -0.32788206 -1.38846512 -4.0286812  -4.04827318
 -0.57966181 -1.18513323 -1.34022579 -1.2979829  -3.07589109 -1.25173707
 -1.64451177 -1.05541063 -1.22709402 -0.50681991]
log likelihood =  -13086.16927634389
Edge derivatives =  [-0.10654201702612554, 0.07325109166395222, -0.04334499451317353, -0.10143671885623112, -0.03917424019105478, -0.016571042400663788, -0.243792286550904, 0.1995401594817926, -0.06017047601163744, -0.032775314885332696, 0.013469914200070127, -0.14516172845637038, 0.06702993182603531, -0.004764142762632595, 0.01487314301033782, -0.13726861615888483]
other derivatives: [-3.32820491  0.8234565  -1.66819518  0.13296813 -0.51968527  0.        ]
Current x array =  [-0.66045839 -0.92967618 -0.40047014  0.69352889 -2.53820728  0.33647224
 -0.97563579 -1.008938   -0.32827949 -1.38781226 -4.04126307 -4.05887911
 -0.57853787 -1.18625986 -1.33933344 -1.2971351  -3.07799621 -1.25183583
 -1.64551614 -1.0557216  -1.22682181 -0.50645804]
log likelihood =  -13086.167964790882
Edge derivatives =  [-0.060836184171691204, 0.10296857890036323, -0.0700414325618467, -0.07724116377882459, -0.06782264906352659, -0.04339461898761776, -0.09536470473512537, 0.18272190182446146, -0.04174650782713693, 0.0003730521483827909, -0.004439446121082061, -0.1817441190563383, 0.044344681563206784, -0.035964847861068794, 0.007815963685753657, -0.0627534717625236]
other derivatives: [-0.72250259  0.25229383 -0.65647328 -0.05857146 -0.28994691  0.        ]
Current x array =  [-0.66103974 -0.92926825 -0.40056829  0.69367253 -2.53842555  0.33647224
 -0.97580857 -1.00923154 -0.32800893 -1.38825671 -4.03269768 -4.05165889
 -0.57930301 -1.18549288 -1.33994093 -1.29771226 -3.0765631  -1.2517686
 -1.64483239 -1.0555099  -1.22700712 -0.50670439]
log likelihood =  -13086.167412533288
Edge derivatives =  [-0.11394797422809042, 0.03562043268201423, -0.04895687265213766, -0.09647612307636988, -0.05140093329217082, -0.027886029212754203, -0.1530816001036892, 0.1690642457383308, -0.03232883075744006, -0.024910360803277354, 0.0026787714563503567, -0.1145709281327908, 0.05275596878244511, 0.014077684157238757, 0.0050512256514945175, -0.10250820756788319]
other derivatives: [-0.16152626  0.15788828 -0.2568413   0.01400622 -0.3428795   0.        ]
Current x array =  [-0.66116828 -0.92917676 -0.40063533  0.69347557 -2.53836496  0.33647224
 -0.97552237 -1.00812038 -0.32817045 -1.38808663 -4.03748266 -4.05563358
 -0.57901803 -1.18555979 -1.33993206 -1.2973631  -3.07697906 -1.25206501
 -1.6448346  -1.05608619 -1.22693359 -0.50655952]
log likelihood =  -13086.167025414032
Edge derivatives =  [-0.1416129449295802, -0.029111259384003996, 0.005705313375928611, -0.09745980239364124, -0.03754005301573412, -0.014454532206286695, -0.1553878579003739, 0.14276201759377727, -0.011250903266062345, -0.03400050633889318, 0.00593496000753703, -0.006053684441420959, 0.06087014248316265, 0.06251058763521122, 0.010551269064653757, -0.09201892501924314]
other derivatives: [-0.06039045 -0.15152182  0.05620677  0.06166374 -0.14388206  0.        ]
Current x array =  [-0.66119704 -0.92899459 -0.40068669  0.69327462 -2.53868881  0.33647224
 -0.97537118 -1.00689832 -0.32838963 -1.3881339  -4.04129001 -4.05875829
 -0.57903944 -1.18519308 -1.34007144 -1.29712448 -3.0768084  -1.25262489
 -1.64470971 -1.05664239 -1.22691783 -0.50656704]
log likelihood =  -13086.16684402131
Edge derivatives =  [-0.11151245906305611, -0.044894562731389254, 0.07747763262152352, -0.0743319453061323, -0.027525475986263426, -0.004605719037142748, -0.13396919613929703, 0.1141142495591243, 0.010241701065985681, -0.012723896410763658, 0.010648251005190151, 0.093052546534512, 0.06668529346695677, 0.08391524134014139, 0.03102321002482522, -0.03528607062426482]
other derivatives: [0.35161065 0.29704097 0.21736923 0.07221388 0.01364242 0.        ]
Current x array =  [-0.66126009 -0.92922481 -0.4006977   0.69325077 -2.5389176   0.33647224
 -0.97558048 -1.0062802  -0.32858433 -1.38840496 -4.04356543 -4.06059927
 -0.57923119 -1.18459394 -1.3401395  -1.29704744 -3.0766062  -1.25314961
 -1.64462367 -1.05678286 -1.22689905 -0.50668954]
log likelihood =  -13086.166680014414
Edge derivatives =  [-0.0932094697284626, -0.04720875722400092, 0.07286726632463336, -0.06569625094707271, -0.023493896012398627, -0.0007854039211799904, -0.0696619141917485, 0.10236211335766143, 0.015140388757214351, 0.004109227486302269, 0.00752547822696803, 0.1129037426982995, 0.06437365312785258, 0.08071002855093612, 0.033067341176818976, 0.015159116027358976]
other derivatives: [0.08130883 0.06511982 0.10386429 0.02819434 0.15770638 0.        ]
Current x array =  [-0.66120749 -0.92911648 -0.40067228  0.69330961 -2.53912896  0.33647224
 -0.97571238 -1.00611057 -0.3284787  -1.38855337 -4.04471741 -4.06151717
 -0.57961411 -1.18418529 -1.34015228 -1.29710256 -3.07601298 -1.25324556
 -1.64456078 -1.05673324 -1.2269178  -0.50686795]
log likelihood =  -13086.166514119024
Edge derivatives =  [-0.057468659803978445, -0.03678715361612486, 0.04534745919506766, -0.052823151721461375, -0.019759594831146827, 0.002540631928272273, 0.001776691063435698, 0.08044574384030667, 0.009950514857759024, 0.019712338323360723, 0.003590262955118481, 0.10367212819649252, 0.052049380401541334, 0.06415414847937262, 0.0279145560392422, 0.06597010474681489]
other derivatives: [-0.08039933 -0.01873559 -0.18189894 -0.02692104  0.18553692  0.        ]
Current x array =  [-0.66117844 -0.92908674 -0.40061296  0.69344857 -2.53914461  0.33647224
 -0.9760343  -1.00610343 -0.32828295 -1.3888169  -4.04593057 -4.0624612
 -0.58011372 -1.18361939 -1.34008908 -1.29714938 -3.07541819 -1.25318337
 -1.64444056 -1.05653004 -1.22688548 -0.50706779]
log likelihood =  -13086.166440569712
Edge derivatives =  [-0.013777584833914502, -0.016165603826350905, -0.023105241271130672, -0.038756012046238686, -0.014680740109003006, 0.006937932407361881, 0.0957542688992562, 0.06296732852586984, -0.017571309014358993, 0.010865616256668265, -0.0021045825053080947, 0.03946009689009489, 0.030380432257065437, 0.023673517804812416, -0.002009368912190057, 0.10256930844747228]
other derivatives: [-0.32086973  0.02619345  0.60208549 -0.14952093  0.18226274  0.        ]
Current x array =  [-0.66109778 -0.9291325  -0.40075472  0.69363496 -2.53906436  0.33647224
 -0.97653376 -1.00641054 -0.32794639 -1.38910187 -4.0482198  -4.06428227
 -0.58069072 -1.18310458 -1.33983036 -1.29711646 -3.07499394 -1.2527399
 -1.64435087 -1.05612383 -1.22676854 -0.5072521 ]
log likelihood =  -13086.16634549906
Edge derivatives =  [0.003330192103855323, -0.010722626535414892, -0.030918998882572546, -0.03489501525474403, -0.010902579744677683, 0.010092679405817942, 0.08420036743845771, 0.045037814969950185, -0.019308547571716905, 0.016791994222789985, 0.00011719635056660349, 0.025118336046191958, 0.021658601171849617, 0.019275770010406035, -0.0029080194543501525, 0.09066461216403654]
other derivatives: [-0.05875336  0.01055014 -0.25320332 -0.09131327  0.05529728  0.        ]
Current x array =  [-0.66118318 -0.92910718 -0.40059483  0.69362074 -2.53888645  0.33647224
 -0.97671798 -1.00635767 -0.32791309 -1.38923504 -4.04931405 -4.0651541
 -0.58074714 -1.1828924  -1.33979167 -1.2970651  -3.07514511 -1.25265844
 -1.64426779 -1.05603351 -1.22670337 -0.50721326]
log likelihood =  -13086.166319305405
Edge derivatives =  [-0.003121264995238987, -0.013845055455733779, -0.024395616084531224, -0.03653648238910567, -0.011120397357877815, 0.009883526659428842, 0.05578719983210523, 0.04366541675702451, -0.02105817978670957, 0.006951402248419503, 0.0019952624592656787, 0.02418229132973848, 0.021561482777347513, 0.02050373765516955, -0.0060965396890992896, 0.06506180672349003]
other derivatives: [ 0.02000888  0.02946763 -0.15079422 -0.06548362  0.02019078  0.        ]
Current x array =  [-0.6611993  -0.92910822 -0.40061763  0.69355893 -2.5388346   0.33647224
 -0.97670102 -1.00635247 -0.32798535 -1.389213   -4.04929746 -4.06514353
 -0.58058931 -1.18299004 -1.33979323 -1.29701513 -3.07545314 -1.25265005
 -1.64427094 -1.05606411 -1.22668063 -0.50712354]
      fun: 13086.166319305405
 hess_inv: <22x22 LbfgsInvHessProduct with dtype=float64>
      jac: array([-0.02000888, -0.02946763,  0.15079422,  0.06548362, -0.02019078,
       -0.        ,  0.00312126,  0.01384506,  0.02439562,  0.03653648,
        0.0111204 , -0.00988353, -0.0557872 , -0.04366542,  0.02105818,
       -0.0069514 , -0.00199526, -0.02418229, -0.02156148, -0.02050374,
        0.00609654, -0.06506181])
  message: 'CONVERGENCE: REL_REDUCTION_OF_F_<=_FACTR*EPSMCH'
     nfev: 86
      nit: 80
     njev: 86
   status: 0
  success: True
        x: array([-0.6611993 , -0.92910822, -0.40061763,  0.69355893, -2.5388346 ,
        0.33647224, -0.97670102, -1.00635247, -0.32798535, -1.389213  ,
       -4.04929746, -4.06514353, -0.58058931, -1.18299004, -1.33979323,
       -1.29701513, -3.07545314, -1.25265005, -1.64427094, -1.05606411,
       -1.22668063, -0.50712354])
