number of sites to be analyzed:  641
log likelihood =  -8730.492155460859
Lr derivatives =  [-207.4785637356636, -496.7992046951446, -175.18021799465487]
other derivatives =  [   6.84485713  -55.7720341    93.49478205 -146.02628653  480.57754611
   66.72180461  176.09054339]
Current x_clock array =  [-0.67940942 -0.81149459 -0.50437806  0.18232156 -0.10536052 -0.22314355
  0.33647224 -0.51082562 -0.51082562 -0.51082562]
log likelihood =  -8310.581711048602
Lr derivatives =  [50.13271543908881, -359.2975765306733, -123.96117485955031]
other derivatives =  [ -58.56854841  -22.74809958 -298.28534025  -51.42483133  303.68100852
   59.6177415   161.47205315]
Current x_clock array =  [-0.69115561 -0.81018782 -0.66482066  0.43291134 -0.93006015 -0.33764213
  0.0342904  -0.15478008 -0.50994902 -0.50994902]
log likelihood =  -8081.022478116303
Lr derivatives =  [36.95016749143814, -180.87083473389146, 3.7179296237863184]
other derivatives =  [ 408.76984713   96.95149856 1588.89697559   33.42565833  -39.47243385
   46.86917237   94.73587852]
Current x_clock array =  [-0.58481577 -0.81103851 -0.23122088  0.80627088 -2.43183016 -0.5815932
 -0.61792753  0.12549948 -0.21643566 -0.41110216]
log likelihood =  -7964.206584502839
Lr derivatives =  [-2.5429830657611667, -195.11688782021906, -13.605299811823244]
other derivatives =  [ -20.87926987   43.06612027 -414.00398914   77.26976037  -93.55744623
   44.07602319   81.64388419]
Current x_clock array =  [-0.67366531 -0.83591195 -0.59700684  0.84024495 -2.5561031  -0.60953731
 -0.68552167  0.17814063 -0.22364319 -0.42765234]
log likelihood =  -7920.208441092192
Lr derivatives =  [28.81060198651822, -182.8128495094519, -5.6434785592107986]
other derivatives =  [   6.08724804   27.293936   -215.83928174   53.34613888  -41.28633009
   45.4900146    91.6244062 ]
Current x_clock array =  [-0.67250763 -0.84098792 -0.52296201  0.77264836 -2.35020058 -0.58855301
 -0.62472998  0.10532137 -0.18645584 -0.42285017]
log likelihood =  -7873.054671980178
Lr derivatives =  [53.72522349287861, -127.31268427321682, 25.9197450999138]
other derivatives =  [-26.36579666  -4.68426151 259.49248084  23.60156941  -8.13261067
  39.5510142   85.29159459]
Current x_clock array =  [-0.69139927 -0.86185603 -0.39325615  0.6989793  -2.24769407 -0.62194288
 -0.6912928  -0.01913258  0.         -0.40720935]
log likelihood =  -7862.8741307550445
Lr derivatives =  [44.13193733027144, -135.10672430080058, 16.17584460186554]
other derivatives =  [ -2.85690476  -7.17636794  99.41231838  25.78663043 -14.85896064
  36.34204404  79.06128303]
Current x_clock array =  [-0.68194713 -0.86294792 -0.43024766  0.69298062 -2.25384719 -0.63587641
 -0.72143896 -0.0253275   0.         -0.41308892]
log likelihood =  -7853.778307900993
Lr derivatives =  [20.287557648949864, -155.09526348768708, -6.818296113107486]
other derivatives =  [  9.64610081 -12.37185643 -31.5681973   24.90141924 -19.08711056
  28.90155884  66.06842362]
Current x_clock array =  [-0.67513387 -0.86313173 -0.46881309  0.66392855 -2.22563631 -0.66526528
 -0.7831749  -0.06323157  0.         -0.42279585]
log likelihood =  -7846.5152092384815
Lr derivatives =  [-11.757667488554647, -179.53821312755485, -32.52074581540166]
other derivatives =  [ 10.0680154  -12.55721145 -86.90003597  19.86263669 -20.44907887
  20.51665433  50.66694939]
Current x_clock array =  [-0.67285237 -0.85827035 -0.49088343  0.61952803 -2.18235238 -0.70848194
 -0.87669962 -0.1169547   0.         -0.42450911]
log likelihood =  -7836.88913663855
Lr derivatives =  [-26.361952801526144, -185.9499589313574, -34.66391869832463]
other derivatives =  [  17.13751772    0.72268449 -105.57396308    7.14226189  -14.0937118
   12.540022     33.64266377]
Current x_clock array =  [-0.67112627 -0.84431722 -0.50238537  0.5530475  -2.13497286 -0.78580258
 -1.0530493  -0.16395765  0.         -0.38752741]
log likelihood =  -7831.47377311898
Lr derivatives =  [-7.060262521615582, -153.98046766093702, 16.58917316816057]
other derivatives =  [-174.05491235  -78.15215213 -103.00627764   -2.89674063   -9.90894478
    5.19139576   14.36110324]
Current x_clock array =  [-0.73308932 -0.90597898 -0.49421118  0.50852707 -2.16306536 -0.95778889
 -1.46410922 -0.14242273  0.         -0.29436001]
log likelihood =  -7822.891229009667
Lr derivatives =  [1.3984601732082442, -143.46443303508843, 36.480528259784016]
other derivatives =  [ 42.25385055 -34.39490683 -23.45650501 -15.76427167  -3.80296115
   3.38832251   9.49276   ]
Current x_clock array =  [-0.66916019 -0.87406187 -0.47435723  0.47467654 -2.14951098 -1.0224847
 -1.61718731 -0.16097027  0.         -0.26593306]
log likelihood =  -7821.742421374526
Lr derivatives =  [-4.2399888946632895, -148.70255833686596, 23.430054975365856]
other derivatives =  [ 16.12452252 -17.66775313  -9.93914    -13.6471499   -6.70952431
   2.99332896   8.66111804]
Current x_clock array =  [-0.67680167 -0.86106892 -0.46956176  0.48060079 -2.15460038 -1.02700267
 -1.62870271 -0.16038054  0.         -0.27687132]
log likelihood =  -7820.685754447284
Lr derivatives =  [-4.500361214876436, -150.1652623689073, 9.336451785714765]
other derivatives =  [ -7.6825927    6.72334863  14.12499842 -12.01260602  -7.30924512
   1.83526936   5.83331712]
Current x_clock array =  [-0.68466075 -0.84354668 -0.4614964   0.48737791 -2.15739241 -1.06083149
 -1.71119086 -0.1546966   0.         -0.28754765]
log likelihood =  -7820.174287717634
Lr derivatives =  [-0.7132388803508736, -148.35894401095385, 2.0154868424186674]
other derivatives =  [-12.61423677   8.84519977  17.27121344 -10.69292921  -5.63568392
   1.03227649   3.78231562]
Current x_clock array =  [-0.68641104 -0.84269046 -0.46000585  0.4955904  -2.15569602 -1.09180294
 -1.78693059 -0.14802185  0.         -0.29310215]
log likelihood =  -7819.4448784291835
Lr derivatives =  [1.9732293240996093, -146.23294083697922, -3.389214627153194]
other derivatives =  [-8.01355782  4.47871571  8.97125574 -4.37148628 -2.54767656  0.0520231
  1.13332135]
Current x_clock array =  [-0.6845285  -0.8466428  -0.4617321   0.52816455 -2.14213958 -1.14766469
 -1.92587023 -0.14700249  0.         -0.29311892]
log likelihood =  -7819.282877917871
Lr derivatives =  [0.16396206324800655, -145.64980874561277, 1.2465272147861555]
other derivatives =  [-2.67464202  5.3812073  -0.38171493  0.59471859 -0.94605639 -0.21955202
  0.28740033]
Current x_clock array =  [-0.68227932 -0.84585968 -0.46453015  0.55068422 -2.12712931 -1.17834424
 -2.00522942 -0.1561036   0.         -0.28364631]
log likelihood =  -7819.291509991003
Lr derivatives =  [-3.091002672267818, -148.03209414082554, -2.6827239923282704]
other derivatives =  [ 1.23982318 -5.36238076  6.62075763  0.69094312 -0.33132892 -0.33114702
  0.06402843]
Current x_clock array =  [-0.68088236 -0.85340829 -0.4626116   0.55301656 -2.12290711 -1.18288078
 -2.01830617 -0.15890767  0.         -0.28604426]
log likelihood =  -7819.271291280503
Lr derivatives =  [-1.2399710985764996, -146.6764574785237, -0.44726101910848115]
other derivatives =  [-0.99598765  0.73123374  2.6268026   0.63610059 -0.68257577 -0.26793714
  0.19081199]
Current x_clock array =  [-0.68167821 -0.84910785 -0.4637046   0.55168783 -2.12531249 -1.18029632
 -2.01085636 -0.1573102   0.         -0.28467815]
log likelihood =  -7819.26851803996
Lr derivatives =  [-0.4076836276235234, -146.14016574856433, -0.014099158662766342]
other derivatives =  [-0.34906407 -0.02219167  0.30422598  0.39262886 -0.28830982 -0.26866473
  0.18208084]
Current x_clock array =  [-0.6814908  -0.84965565 -0.46442585  0.5507275  -2.12456962 -1.18060545
 -2.01211652 -0.15690615  0.         -0.28443179]
log likelihood =  -7819.267971140012
Lr derivatives =  [0.04728122030304949, -145.84053916362117, 0.1521141315769512]
other derivatives =  [ 0.19099389 -0.15279511 -0.14870238  0.14842954 -0.03446985 -0.27557689
  0.15934347]
Current x_clock array =  [-0.68136181 -0.84974758 -0.46459681  0.54978296 -2.12408056 -1.18122568
 -2.01413207 -0.15674177  0.         -0.28431392]
log likelihood =  -7819.267774795853
Lr derivatives =  [0.14935516980331975, -145.77664526476875, 0.08721533682839322]
other derivatives =  [ 0.25474947 -0.11068551 -0.19717845  0.04120011  0.04747562 -0.2834895
  0.13515091]
Current x_clock array =  [-0.6813574  -0.84970711 -0.46462835  0.54932893 -2.12386588 -1.1816531
 -2.0159821  -0.15674327  0.         -0.28433554]
log likelihood =  -7819.267359692472
Lr derivatives =  [0.11322745937824674, -145.76611003067907, 0.04832240208089189]
other derivatives =  [ 0.02874003 -0.0345608  -0.04711183 -0.08421921  0.0862201  -0.29376679
  0.09813448]
Current x_clock array =  [-0.68143865 -0.8496246  -0.46460529  0.54872987 -2.12364444 -1.18163435
 -2.01940741 -0.15692977  0.         -0.28423363]
log likelihood =  -7819.266978237074
Lr derivatives =  [-0.279564052844238, -146.04762845937003, -0.540264884269881]
other derivatives =  [ 1.23936843  0.59189915  0.27757778 -0.27757778 -0.05675247 -0.31122909
  0.02955858]
Current x_clock array =  [-0.68109981 -0.84914394 -0.46457471  0.54774665 -2.12366292 -1.17938358
 -2.0248314  -0.15742631  0.         -0.28453684]
log likelihood =  -7819.266107054425
Lr derivatives =  [-0.44559345538882145, -146.09363709743604, -0.43616559467681526]
other derivatives =  [-0.15998012  0.32723619  0.1285116  -0.30759111 -0.0948603  -0.31195668
  0.01173248]
Current x_clock array =  [-0.68150292 -0.84928904 -0.46460898  0.54743144 -2.12358908 -1.1775398
 -2.02765216 -0.1576482   0.         -0.2843033 ]
log likelihood =  -7819.264874670038
Lr derivatives =  [-0.6740584168856856, -146.17009785132873, -0.2052889878311035]
other derivatives =  [-1.09594112  0.10932126  0.17589628 -0.27766873 -0.21645974 -0.3009518
  0.01409717]
Current x_clock array =  [-0.6817651  -0.84942204 -0.46457923  0.54740855 -2.12377026 -1.17293085
 -2.02970424 -0.15787971  0.         -0.28399778]
log likelihood =  -7819.261315810455
Lr derivatives =  [-1.236697637077218, -146.37453163111792, 0.3692850348884704]
other derivatives =  [-2.5747795  -0.30304363  0.4384674  -0.19617801 -0.61418177 -0.25884219
  0.02182787]
Current x_clock array =  [-0.68217269 -0.84969577 -0.46446056  0.54743743 -2.12458354 -1.15471214
 -2.03623634 -0.1583614   0.         -0.28331585]
log likelihood =  -7819.2563446013755
Lr derivatives =  [-1.5924894975177981, -146.5150544964273, 0.8379767672183647]
other derivatives =  [-3.29237082 -0.60799721  0.68048394 -0.09758878 -1.00626494 -0.19654181
  0.02237357]
Current x_clock array =  [-0.68236798 -0.84994206 -0.46433611  0.54766803 -2.12555408 -1.12507348
 -2.04612674 -0.15853522  0.         -0.28290633]
log likelihood =  -7819.247922233345
Lr derivatives =  [-1.3195459548868511, -146.53718793636568, 0.5299627646624288]
other derivatives =  [-4.15229806 -0.5837137   1.20771801  0.1373337  -1.11022018 -0.0943146
 -0.02155502]
Current x_clock array =  [-0.68264327 -0.8500328  -0.46406712  0.54885634 -2.12595271 -1.06614295
 -2.06638426 -0.15779828  0.         -0.28368904]
log likelihood =  -7819.247115884932
Lr derivatives =  [-0.9539839153542706, -146.11722195428348, 2.4018713949629458]
other derivatives =  [ 0.90876711 -1.2439159  -1.39034455  0.41118255 -0.86429282  0.0349246
 -0.01700755]
Current x_clock array =  [-0.68107974 -0.85059016 -0.46492157  0.55041453 -2.12409529 -1.0092587
 -2.0900264  -0.15894226  0.         -0.28198789]
log likelihood =  -7819.241814109315
Lr derivatives =  [-0.4942069118603687, -146.20530777569192, 0.5933401763183284]
other derivatives =  [-0.77579898 -0.30722731  0.38207872  0.29149305 -0.58917067 -0.0176442
 -0.0604814 ]
Current x_clock array =  [-0.6816613  -0.84993694 -0.46434469  0.55014591 -2.12411821 -1.02171273
 -2.08363629 -0.15762354  0.         -0.284046  ]
log likelihood =  -7819.241053204169
Lr derivatives =  [-0.09831030073180091, -146.12791741052135, 0.008406713472453475]
other derivatives =  [-0.53778422 -0.01446097 -0.06448317  0.27184797 -0.32850949 -0.03237801
 -0.07294148]
Current x_clock array =  [-0.68160794 -0.8497381  -0.46448179  0.55020859 -2.1235543  -1.02458148
 -2.08153415 -0.15716333  0.         -0.28479883]
log likelihood =  -7819.240894654481
Lr derivatives =  [0.196462940278483, -146.02267935010784, -0.07117363905228302]
other derivatives =  [ 0.33451215 -0.03246896  0.73214323  0.22964741 -0.04574758 -0.02701199
 -0.05720722]
Current x_clock array =  [-0.68137593 -0.84977052 -0.46426522  0.55037479 -2.12287056 -1.02331389
 -2.07998668 -0.15698461  0.         -0.28504876]
log likelihood =  -7819.240757633217
Lr derivatives =  [0.171025370973803, -146.04204146256797, -0.08295907217937781]
other derivatives =  [ 0.248383    0.00782165  0.0941327   0.21791493 -0.05702532 -0.02755769
 -0.05875336]
Current x_clock array =  [-0.68139115 -0.84972486 -0.46446346  0.55020952 -2.12279088 -1.02348064
 -2.08007445 -0.15708089  0.         -0.28503529]
log likelihood =  -7819.240658289712
Lr derivatives =  [0.12898167340122413, -146.07037646253664, -0.052429995796892115]
other derivatives =  [ 0.17398634  0.01446097 -0.20636435  0.18471837 -0.04993126 -0.02419256
 -0.05229595]
Current x_clock array =  [-0.681408   -0.84970062 -0.46456516  0.54999387 -2.12266013 -1.02289116
 -2.07981801 -0.15720929  0.         -0.28499763]
log likelihood =  -7819.240500367792
Lr derivatives =  [0.04443212870102364, -146.14075367206885, -0.0022667213007636633]
other derivatives =  [ 0.01837179  0.01036824 -0.40563464  0.09013092 -0.00081855 -0.01300577
 -0.03064997]
Current x_clock array =  [-0.68145174 -0.84966248 -0.46465306  0.54949353 -2.12231791 -1.02078344
 -2.07882579 -0.15746552  0.         -0.28496703]
log likelihood =  -7819.240433247016
Lr derivatives =  [-0.032097957241997044, -146.20801441152776, -0.020157466034561367]
other derivatives =  [ 0.02091838  0.02064553 -0.18608262  0.00591172  0.01646185 -0.00627551
 -0.01418812]
Current x_clock array =  [-0.68145648 -0.8496332  -0.46460705  0.54910759 -2.12219726 -1.01980453
 -2.0776407  -0.157596    0.         -0.28500911]
log likelihood =  -7819.240421740782
Lr derivatives =  [0.02881639045701867, -146.1786911668165, 0.0092356000152094]
other derivatives =  [-0.04747562 -0.00500222 -0.00300133 -0.01964509  0.0507498  -0.00181899
 -0.00600267]
Current x_clock array =  [-0.68148378 -0.84965403 -0.46455124  0.54903724 -2.1221724  -1.0189453
 -2.07720558 -0.15752528  0.         -0.28503222]
      fun: 7819.240421740782
 hess_inv: <10x10 LbfgsInvHessProduct with dtype=float64>
      jac: array([-4.74756234e-02, -5.00222086e-03, -3.00133252e-03, -1.96450856e-02,
        5.07498044e-02, -1.81898940e-03, -6.00266503e-03,  2.88163905e-02,
       -1.46178691e+02,  9.23560002e-03])
  message: 'CONVERGENCE: REL_REDUCTION_OF_F_<=_FACTR*EPSMCH'
     nfev: 38
      nit: 36
     njev: 38
   status: 0
  success: True
        x: array([-0.68148378, -0.84965403, -0.46455124,  0.54903724, -2.1221724 ,
       -1.0189453 , -2.07720558, -0.15752528,  0.        , -0.28503222])
