number of sites to be analyzed:  701
log likelihood =  -10409.270209907834
Lr derivatives =  [-761.30003631061, -914.4035308912466, -667.3548540123007]
other derivatives =  [  52.96254494  -70.95054389  147.46214765 -167.74113283  570.97460012
  -19.30554572   -0.        ]
Current x_clock array =  [-0.61796649 -0.70307634 -0.49689383  0.18232156 -0.10536052 -0.10536052
  0.33647224 -0.51082562 -0.51082562 -0.51082562]
log likelihood =  -9881.143040646695
Lr derivatives =  [262.70614937315275, -362.487242087109, -340.42215172793004]
other derivatives =  [-1.47435510e+02 -2.71224053e-01 -2.76648118e+02 -9.48701527e+01
  4.68579341e+02 -2.00463073e+01 -0.00000000e+00]
Current x_clock array =  [-0.67205919 -0.70240933 -0.64750264  0.35364208 -0.68851902 -0.08564301
  0.33647224  0.26671963 -0.5103039  -0.5103039 ]
log likelihood =  -9616.519966831334
Lr derivatives =  [313.787807841976, -183.36665361534773, -72.36757530141094]
other derivatives =  [257.64001111  51.68119969  95.00185297 -59.35117588 358.37719758
  -7.69596591  -0.        ]
Current x_clock array =  [-0.59172935 -0.70369908 -0.50096176  0.42291909 -1.00824797 -0.07241097
  0.33647224  0.18170305 -0.32095056 -0.32838159]
log likelihood =  -9446.406387439243
Lr derivatives =  [-32.8809255998579, -132.90236329776243, 497.3662704052624]
other derivatives =  [-351.75556332  -10.74747706  279.43873283   29.96748663   17.72722253
   26.71025322   -0.        ]
Current x_clock array =  [-0.73059206 -0.74924139 -0.43834219  0.55722654 -1.68641442 -0.05071135
  0.33647224 -0.12349735  0.         -0.07840109]
log likelihood =  -9381.981610878844
Lr derivatives =  [-37.95041609648191, -180.33899763479693, 30.177635275052623]
other derivatives =  [ 164.93308249    5.89273623 -142.71714463   49.67248969  -22.42651079
   27.93708882   -0.        ]
Current x_clock array =  [-0.60129088 -0.75106942 -0.5661969   0.57586074 -1.82415979 -0.05781886
  0.33647224 -0.06348525  0.         -0.27930042]
log likelihood =  -9372.960061077312
Lr derivatives =  [-15.513663040861836, -173.64408594569156, 16.341818286448387]
other derivatives =  [-20.52747732   2.68390977 -29.5925056   35.19926213   5.02431988
  24.281062    -0.        ]
Current x_clock array =  [-0.64306816 -0.75020829 -0.5246007   0.5530541  -1.77368342 -0.06665027
  0.33647224 -0.04643583  0.         -0.29357027]
log likelihood =  -9371.915417955352
Lr derivatives =  [-3.421016789694992, -169.88434915282528, 7.0485844905549015]
other derivatives =  [-8.29281271  2.32788625  7.67976053 29.05903057 11.46430531 23.4097879
 -0.        ]
Current x_clock array =  [-0.64088624 -0.75111145 -0.51292152  0.53914626 -1.77124152 -0.07584067
  0.33647224 -0.03468544  0.         -0.30421907]
log likelihood =  -9370.610955329874
Lr derivatives =  [7.660728047177173, -167.23104366636076, -6.3442751704128995]
other derivatives =  [ 2.85310853 -0.07095514 24.68814637 20.33305464 12.29021503 22.5625954
 -0.        ]
Current x_clock array =  [-0.63864378 -0.75357306 -0.5079197   0.51166392 -1.78888232 -0.09851029
  0.33647224 -0.01777563  0.         -0.31960024]
log likelihood =  -9368.473176387713
Lr derivatives =  [16.343769350715093, -164.42187565424373, -17.447140176463336]
other derivatives =  [ 8.62357047  1.03847196 22.1476439   3.53219548  8.53819686 20.64423279
 -0.        ]
Current x_clock array =  [-6.37187716e-01 -7.54506719e-01 -5.09365183e-01  4.48295102e-01
 -1.82663442e+00 -1.59987654e-01  3.36472237e-01 -4.33241090e-04
  0.00000000e+00 -3.32292596e-01]
log likelihood =  -9366.087014121767
Lr derivatives =  [10.043684478048213, -163.21017639883624, -8.680331796838054]
other derivatives =  [  8.83792382 -20.74842996  18.57588177 -12.36727803   2.50455182
  16.75911517  -0.        ]
Current x_clock array =  [-6.36056779e-01 -7.65401722e-01 -5.11294845e-01  3.82127701e-01
 -1.86438162e+00 -2.86070165e-01  3.36472237e-01 -1.48657227e-03
  0.00000000e+00 -3.18376952e-01]
log likelihood =  -9367.01139562642
Lr derivatives =  [3.20818686251458, -158.84780174879398, -0.48668727866182593]
other derivatives =  [ -2.39140354 112.57996084   7.58165697 -25.44773997 -12.77668273
   9.4305251   -0.        ]
Current x_clock array =  [-0.63877681 -0.70602896 -0.51608523  0.31098401 -1.91945804 -0.52860173
  0.33647224 -0.00904162  0.         -0.30193657]
log likelihood =  -9365.049086647186
Lr derivatives =  [6.598096703148656, -161.71635770720354, -5.54518081460008]
other derivatives =  [  3.71993701  33.04325946  13.88934652 -18.04112617  -3.82159197
  13.41914503  -0.        ]
Current x_clock array =  [-0.63720456 -0.74034797 -0.51331626  0.35210693 -1.88762243 -0.38841213
  0.33647224 -0.0046746   0.         -0.31143954]
log likelihood =  -9363.804162431607
Lr derivatives =  [-4.293511282904145, -162.81503613330776, 6.871858525525113]
other derivatives =  [ -2.01870353   9.05811066  -1.64683843 -19.5992634   -6.79136178
  10.55962821  -0.        ]
Current x_clock array =  [-0.63743827 -0.75102841 -0.51838912  0.34213564 -1.89826034 -0.49142799
  0.33647224 -0.01459166  0.         -0.29410558]
log likelihood =  -9362.630801493491
Lr derivatives =  [-9.532977258170007, -161.77398054155887, 14.979148099819838]
other derivatives =  [ -5.91289609  -3.47931746 -15.39467485 -14.94328171  -6.07711328
   7.06346327  -0.        ]
Current x_clock array =  [-0.63771554 -0.75711204 -0.52243775  0.35871298 -1.8995343  -0.6146364
  0.33647224 -0.01998419  0.         -0.28227146]
log likelihood =  -9361.442712681817
Lr derivatives =  [-18.61237115907781, -165.83444827985392, 4.134331916634224]
other derivatives =  [ -0.07750714 -10.68117672  -8.99519728  -4.0050254   -7.68305958
   2.46816489  -0.        ]
Current x_clock array =  [-0.63605913 -0.76155306 -0.5194937   0.39919439 -1.90772368 -0.79219202
  0.33647224 -0.01991236  0.         -0.28416143]
log likelihood =  -9362.812474214978
Lr derivatives =  [54.9932190256799, -117.07999410435536, 35.010592214423816]
other derivatives =  [-13.56807115   2.01942021 -44.61667595  -0.3794612   23.29232104
  -1.35997652  -0.        ]
Current x_clock array =  [-0.64126053 -0.76023354 -0.52842004  0.43438157 -1.88772004 -0.97499321
  0.33647224  0.03077007  0.         -0.27403027]
log likelihood =  -9361.231318001941
Lr derivatives =  [0.891095856493493, -152.93975169478819, 12.302250849264837]
other derivatives =  [ -3.773348    -7.24694473 -18.5548015   -2.91953438   0.40545409
   1.3720437   -0.        ]
Current x_clock array =  [-0.63745084 -0.7612     -0.52188207  0.40860924 -1.90237141 -0.8411032
  0.33647224 -0.00635152  0.         -0.28145069]
log likelihood =  -9361.065226169525
Lr derivatives =  [-1.189372605727705, -155.13175244469213, 2.7191097757495584]
other derivatives =  [-0.83534178 -2.20018592 -4.76216519  0.08530697 -0.37046596  0.1233293
 -0.        ]
Current x_clock array =  [-0.63690861 -0.75925379 -0.5172311   0.42044924 -1.9065448  -0.89298917
  0.33647224 -0.00361168  0.         -0.28752805]
log likelihood =  -9361.056231260754
Lr derivatives =  [-0.3836178495080844, -155.13123782557827, 0.27535632220723727]
other derivatives =  [-0.88746674 -0.23986286 -0.24617839  0.11107113 -0.12962874 -0.05354741
 -0.        ]
Current x_clock array =  [-0.63700791 -0.75846112 -0.51576929  0.42115216 -1.90735437 -0.8985803
  0.33647224 -0.00191465  0.         -0.2896618 ]
log likelihood =  -9361.056022886058
Lr derivatives =  [0.010281699469736338, -155.0039797148482, 0.05169963793616006]
other derivatives =  [ 0.98471355  0.09547512 -0.01981061  0.01979788  0.0092607  -0.02400884
 -0.        ]
Current x_clock array =  [-6.36612050e-01 -7.58336795e-01 -5.15712017e-01  4.20917062e-01
 -1.90724135e+00 -8.96576345e-01  3.36472237e-01 -1.61725832e-03
  0.00000000e+00 -2.90001427e-01]
log likelihood =  -9361.055897532719
Lr derivatives =  [-0.015869374223431265, -155.04808393518775, -0.005266349623454403]
other derivatives =  [ 0.04191679  0.0222808   0.03546666 -0.00211185  0.01332788 -0.01026092
 -0.        ]
Current x_clock array =  [-6.36822011e-01 -7.58355028e-01 -5.15690264e-01  4.20863489e-01
 -1.90717179e+00 -8.95675264e-01  3.36472237e-01 -1.60690420e-03
  0.00000000e+00 -2.90067182e-01]
log likelihood =  -9361.05589505653
Lr derivatives =  [-0.010157201229187507, -155.052144261078, -0.005671047495837911]
other derivatives =  [-0.00438376  0.00168984  0.00901491 -0.00738146  0.01785281 -0.00332147
 -0.        ]
Current x_clock array =  [-6.36832580e-01 -7.58362403e-01 -5.15698839e-01  4.20847844e-01
 -1.90714211e+00 -8.95291260e-01  3.36472237e-01 -1.60755197e-03
  0.00000000e+00 -2.90078925e-01]
      fun: 9361.05589505653
 hess_inv: <10x10 LbfgsInvHessProduct with dtype=float64>
      jac: array([-4.38376446e-03,  1.68984116e-03,  9.01491148e-03, -7.38145900e-03,
        1.78528089e-02, -3.32147465e-03, -0.00000000e+00, -1.01572012e-02,
       -1.55052144e+02, -5.67104750e-03])
  message: 'CONVERGENCE: REL_REDUCTION_OF_F_<=_FACTR*EPSMCH'
     nfev: 22
      nit: 19
     njev: 22
   status: 0
  success: True
        x: array([-6.36832580e-01, -7.58362403e-01, -5.15698839e-01,  4.20847844e-01,
       -1.90714211e+00, -8.95291260e-01,  3.36472237e-01, -1.60755197e-03,
        0.00000000e+00, -2.90078925e-01])
