number of sites to be analyzed:  641
log likelihood =  -8905.385395209552
Lr derivatives =  [-464.58622211381305, -710.5618502067515, -726.6506726960271]
other derivatives =  [  36.16909453  -50.32590889  112.77493832 -158.78248996  564.97228434
  -52.29392445   -0.        ]
Current x_clock array =  [-0.67940942 -0.81149459 -0.50437806  0.18232156 -0.10536052 -0.10536052
  0.33647224 -0.51082562 -0.51082562 -0.51082562]
log likelihood =  -8434.456277564852
Lr derivatives =  [178.78362353837903, -375.9030614002655, -505.1070221527277]
other derivatives =  [-126.29125195   -3.89322122 -332.37722891  -73.19023098  429.16544953
  -62.69410369   -0.        ]
Current x_clock array =  [-0.72702474 -0.81049211 -0.65284223  0.39135302 -0.84912631 -0.03651744
  0.33647224  0.10078551 -0.51015314 -0.51015314]
log likelihood =  -8029.436266677185
Lr derivatives =  [345.0648660388005, -87.68134503187662, -164.3030634112833]
other derivatives =  [261.24326087  62.35800538 286.5393808  -40.0426452  283.06620094
 -51.86759245  -0.        ]
Current x_clock array =  [-0.63066028 -0.81696204 -0.40880849  0.54513906 -1.55141004  0.04959789
  0.33647224  0.18961358 -0.31427982 -0.19892674]
log likelihood =  -7868.792771984212
Lr derivatives =  [5.9691463681288575, -156.21427689959359, 86.45947673358023]
other derivatives =  [-266.54246358  -12.4292892   -87.55313866   47.954205    -57.74496245
  -16.6358368    -0.        ]
Current x_clock array =  [-0.77200375 -0.87467774 -0.47065341  0.7068634  -2.35215317  0.15957975
  0.33647224  0.03086691 -0.1505958   0.        ]
log likelihood =  -7832.803420044194
Lr derivatives =  [52.12545096420469, -107.13017860836989, 27.181597908535032]
other derivatives =  [ 68.16724635  -7.47018839 -69.27942013  26.57803998 -16.87666109
 -21.69710842  -0.        ]
Current x_clock array =  [-0.66547672 -0.87180757 -0.47710154  0.65387949 -2.22169303  0.15975159
  0.33647224 -0.05809093 -0.04575979 -0.02587482]
log likelihood =  -7822.069192898853
Lr derivatives =  [27.60573642077599, -108.10483272482969, 8.380724600066557]
other derivatives =  [ 54.06119271 -10.58491398  39.52213137  17.38001083   4.56990894
 -26.2574149   -0.        ]
Current x_clock array =  [-0.6697932  -0.8672436  -0.45242049  0.61368895 -2.11806948  0.16146711
  0.33647224 -0.1427987   0.         -0.03275361]
log likelihood =  -7820.311904108491
Lr derivatives =  [4.911368617336764, -124.09757977268055, -13.693642950035873]
other derivatives =  [ -0.89170044  -3.95344432   8.78724586  16.20159674   7.34920424
 -27.68784634  -0.        ]
Current x_clock array =  [-0.68421252 -0.85791051 -0.46274502  0.59044761 -2.08023923  0.17500236
  0.33647224 -0.17654849  0.         -0.04117045]
log likelihood =  -7819.429408001753
Lr derivatives =  [-11.02210662177067, -132.0561036591991, -1.7949723855021915]
other derivatives =  [-15.61509271   1.43333182  -3.46008983  14.84728728   1.39992915
 -26.87101914  -0.        ]
Current x_clock array =  [-0.68775427 -0.85204373 -0.46719629  0.57334064 -2.08004235  0.198089
  0.33647224 -0.19590882  0.         -0.03397453]
log likelihood =  -7817.865581138278
Lr derivatives =  [-24.756546085557602, -139.58885027348438, 4.251285132166132]
other derivatives =  [-26.24199533   7.64196011 -18.35110106   8.93225751  -6.50380833
 -24.68931234  -0.        ]
Current x_clock array =  [-0.69063075 -0.84545575 -0.47315319  0.53517033 -2.08679137  0.25960186
  0.33647224 -0.21269536  0.         -0.03110598]
log likelihood =  -7815.054025395613
Lr derivatives =  [-30.000908961116064, -142.52560891328014, 9.57225983614427]
other derivatives =  [-34.61731467   7.13013105 -27.71417985  -6.40214694 -14.75998151
 -18.83384448  -0.        ]
Current x_clock array =  [-0.69410077 -0.84315209 -0.47879321  0.45590488 -2.09586273  0.41275323
  0.33647224 -0.22281375  0.         -0.03044021]
log likelihood =  -7811.933496615182
Lr derivatives =  [-17.089391481744183, -136.2098072109215, 13.287632400658552]
other derivatives =  [-16.93136983  26.22901775 -20.64979981 -13.86105941 -14.41641313
  -9.07759295  -0.        ]
Current x_clock array =  [-0.69070287 -0.8288065  -0.47911846  0.42046594 -2.06905579  0.64326342
  0.33647224 -0.2234122   0.         -0.03080926]
log likelihood =  -7811.6373543784875
Lr derivatives =  [-11.663707113868355, -135.3447893666307, 2.8377912637509155]
other derivatives =  [-15.01792121 -58.48059027  -8.80572316 -15.49604531  -7.54250461
   5.63251433  -0.        ]
Current x_clock array =  [-0.68971389 -0.88748196 -0.47775675  0.42134963 -2.00560769  0.93489434
  0.33647224 -0.22979551  0.         -0.03822474]
log likelihood =  -7809.58869517761
Lr derivatives =  [4.037664579723869, -127.40031990433266, 1.6996083969011835]
other derivatives =  [ 0.92335449 -0.3473051  -0.87505578 -7.80443315 -1.62478759  0.27452279
 -0.        ]
Current x_clock array =  [-0.68599155 -0.8470836  -0.47372218  0.46215427 -2.00441613  0.84853642
  0.33647224 -0.21481742  0.         -0.03884745]
log likelihood =  -7809.469886109078
Lr derivatives =  [2.784010940040911, -128.64661792326413, -0.831173986812054]
other derivatives =  [ 4.75138404  0.61203536  3.96115502 -3.84828672  0.24369374 -0.64582946
 -0.        ]
Current x_clock array =  [-0.6845729  -0.84664771 -0.47195076  0.48254551 -1.99786452  0.83783857
  0.33647224 -0.21591797  0.         -0.03985922]
log likelihood =  -7809.430225941143
Lr derivatives =  [2.5059789164459145, -129.0746636439798, -0.9462099244491426]
other derivatives =  [ 0.3900177   0.32185017  1.81837913 -0.37524842  0.66212053 -0.17510229
 -0.        ]
Current x_clock array =  [-0.68549322 -0.84685049 -0.47226042  0.49820943 -1.9923896   0.84823544
  0.33647224 -0.2164604   0.         -0.03988683]
log likelihood =  -7809.433531279928
Lr derivatives =  [-1.3587524859280435, -131.42526184592785, -1.5581119368653091]
other derivatives =  [ 5.76787988 -0.48285983 -1.41897544  0.21217147  0.36733385 -0.11181692
 -0.        ]
Current x_clock array =  [-0.68366308 -0.84704555 -0.47357346  0.49997943 -1.98882937  0.85355442
  0.33647224 -0.22142064  0.         -0.03976259]
log likelihood =  -7809.42750787504
Lr derivatives =  [0.9541582100825163, -130.0186657728239, -1.1927035368027177]
other derivatives =  [ 2.54755741e+00 -1.94177119e-03  5.11707185e-01 -1.39311851e-01
  5.42244081e-01 -1.49675543e-01 -0.00000000e+00]
Current x_clock array =  [-0.68475776 -0.84692888 -0.47278808  0.49892072 -1.99095889  0.85037293
  0.33647224 -0.21845372  0.         -0.0398369 ]
log likelihood =  -7809.425597892029
Lr derivatives =  [-0.019177228231709975, -130.43962093242342, -0.2655296031892149]
other derivatives =  [ 0.22294262 -0.15489968  0.7003473   0.04556568  0.1482164  -0.03450168
 -0.        ]
Current x_clock array =  [-0.68536801 -0.84693554 -0.47271851  0.49922989 -1.99110672  0.85208912
  0.33647224 -0.21937233  0.         -0.03921417]
log likelihood =  -7809.425457677252
Lr derivatives =  [0.021900127453774232, -130.38701050699416, -0.02129495601916176]
other derivatives =  [-0.10442    -0.00212003 -0.1431099   0.00133332  0.04276089 -0.00813361
 -0.        ]
Current x_clock array =  [-0.6854566  -0.84681903 -0.47297068  0.49883142 -1.9913391   0.85234383
  0.33647224 -0.21936503  0.         -0.03908433]
log likelihood =  -7809.425452151912
Lr derivatives =  [0.002952882178686167, -130.39258765881016, 0.0010487005895072343]
other derivatives =  [-0.03686273  0.00358705 -0.00290856 -0.00999626  0.03269379 -0.00370528
 -0.        ]
Current x_clock array =  [-0.68543951 -0.84681523 -0.47293097  0.49879255 -1.99136502  0.85238653
  0.33647224 -0.2193817   0.         -0.03906932]
      fun: 7809.425452151912
 hess_inv: <10x10 LbfgsInvHessProduct with dtype=float64>
      jac: array([-3.68627298e-02,  3.58704710e-03, -2.90856406e-03, -9.99625627e-03,
        3.26937894e-02, -3.70528142e-03, -0.00000000e+00,  2.95288218e-03,
       -1.30392588e+02,  1.04870059e-03])
  message: 'CONVERGENCE: REL_REDUCTION_OF_F_<=_FACTR*EPSMCH'
     nfev: 20
      nit: 18
     njev: 20
   status: 0
  success: True
        x: array([-0.68543951, -0.84681523, -0.47293097,  0.49879255, -1.99136502,
        0.85238653,  0.33647224, -0.2193817 ,  0.        , -0.03906932])
