number of sites to be analyzed:  175
log likelihood =  -2579.5069013839993
Lr derivatives =  [-122.95349050783084, -172.32502921967648, -81.59850604010222]
other derivatives =  [ 46.75943819 -47.75537309  23.68009973 -17.60587838 141.85777491
  12.4698654   51.65982839]
Current x_clock array =  [-0.52232    -0.64243209 -0.70824181  0.18232156 -0.10536052 -0.10536052
  0.33647224 -0.51082562 -0.51082562 -0.51082562]
log likelihood =  -2466.5966740565927
Lr derivatives =  [42.79676733416568, -81.26341243451115, -30.185370729451563]
other derivatives =  [-175.89505023  -25.5246614   -26.24328317  -12.66170875  109.19214037
   20.10177832   69.03540543]
Current x_clock array =  [-0.75290151 -0.63951067 -0.82501381  0.26914018 -0.80489373 -0.16685228
  0.08172578  0.09548623 -0.50830663 -0.50830663]
log likelihood =  -2386.1960417047394
Lr derivatives =  [114.51855943619137, -13.304210348260284, 12.817896619045841]
other derivatives =  [112.9989023   47.56694852 -50.41013537   3.35685127  78.06093148
  22.42962364  59.85323651]
Current x_clock array =  [-0.51181543 -0.59526127 -0.8413176   0.3521252  -1.48933376 -0.25015148
 -0.23199582  0.38600251 -0.37808182 -0.46399089]
log likelihood =  -2335.4410492287475
Lr derivatives =  [60.867916233328216, -25.68085988063686, 2.7490058029720066]
other derivatives =  [ 44.92098924  20.67686    -37.54672707  14.35795912  34.57362909
  21.34349825  42.76279105]
Current x_clock array =  [-0.55715776 -0.64318709 -0.79207908  0.40214671 -2.0467372  -0.33356405
 -0.51432754  0.44862571 -0.31224106 -0.46876085]
log likelihood =  -2305.067004237811
Lr derivatives =  [5.561671920720622, -31.557186277243133, -1.3698983665281794]
other derivatives =  [  8.65805487   1.55791395  29.94830174  21.16924225 -17.57046719
  18.80529726  25.53781724]
Current x_clock array =  [-0.58335982 -0.68690117 -0.64843616  0.38163835 -2.67490306 -0.49525648
 -0.92817921  0.46775383 -0.09438465 -0.44403351]
log likelihood =  -2294.7606371780475
Lr derivatives =  [3.9998737187948095, -26.869804542168062, -1.5092996256588602]
other derivatives =  [-12.51875165  -5.15304782 -16.89093824  18.66897219 -16.85327909
  12.50390596  17.53538389]
Current x_clock array =  [-0.60039709 -0.69826422 -0.73485681  0.29028235 -2.68675661 -0.59724939
 -1.0958435   0.40477072  0.         -0.42750789]
log likelihood =  -2288.2752433278756
Lr derivatives =  [11.277051824951405, -24.6778736366537, -4.305553775163325]
other derivatives =  [-13.47348098   2.94190295 -17.05585964  12.03503871  -4.80034722
   6.24691575  13.02121529]
Current x_clock array =  [-0.60123554 -0.68078063 -0.73864983  0.16872379 -2.5210206  -0.67722626
 -1.18811117  0.31798228  0.         -0.40083931]
log likelihood =  -2283.094907563289
Lr derivatives =  [4.567556200694355, -23.128762480688724, 0.5596457632302325]
other derivatives =  [ 11.02720307 -46.87137971  -5.04440322  -7.34067498   9.03013915
   0.44401531   8.37638501]
Current x_clock array =  [-0.57426768 -0.74455466 -0.7286322  -0.14628274 -2.2745553  -0.85646072
 -1.48484136  0.09880352  0.         -0.23742181]
log likelihood =  -2281.2076941086043
Lr derivatives =  [-4.244481330187064, -25.18035350379033, 1.5233996360370838]
other derivatives =  [-1.29487898e+01  3.66355157e+01  2.33840365e+00 -8.65911716e+00
  1.79598343e-03 -2.04388471e-01  5.77599913e+00]
Current x_clock array =  [-0.59359592 -0.60728526 -0.71669012 -0.22181059 -2.31680214 -0.93886884
 -1.66967373  0.03240644  0.         -0.19479396]
log likelihood =  -2279.739800195955
Lr derivatives =  [-2.0876124046842577, -24.801941501470818, -0.3499502591171826]
other derivatives =  [ 0.93520975  1.39781741 -0.40628765 -4.69943279 -1.98418857  0.37945301
  6.17599829]
Current x_clock array =  [-0.58364957 -0.6650246  -0.7182666  -0.15944731 -2.38585597 -0.90928033
 -1.63097796  0.09842598  0.         -0.22070994]
log likelihood =  -2279.477845149151
Lr derivatives =  [-2.543755866277124, -24.18281339068027, 0.6650420137723696]
other derivatives =  [ 0.78647463 -0.60439834 -0.01768512 -4.70980467 -2.83838359  0.27936312
  5.67017355]
Current x_clock array =  [-0.58379782 -0.66900085 -0.71703057 -0.16583672 -2.40354558 -0.92856431
 -1.68437426  0.10347658  0.         -0.21141853]
log likelihood =  -2278.2768759608575
Lr derivatives =  [-0.21938505394473395, -20.43298144888347, -0.8512096659484731]
other derivatives =  [-0.63301422 -0.49747359  1.8535784  -2.67054338 -4.15221509 -0.88449973
  2.88568442]
Current x_clock array =  [-0.58656324 -0.67598898 -0.70834441 -0.14935387 -2.46248453 -1.02577975
 -2.00592461  0.14333551  0.         -0.20146349]
log likelihood =  -2277.843089879263
Lr derivatives =  [1.875666187609843, -12.788741554027407, 20.60615733848628]
other derivatives =  [  5.81610266 -10.79926187  -5.81606355  -2.12545592   0.71582594
  -1.00045581   2.07057992]
Current x_clock array =  [-0.58040539 -0.68680681 -0.72516743 -0.0839588  -2.32738223 -1.07445523
 -2.37285542  0.05141321  0.         -0.10774864]
log likelihood =  -2277.014707995053
Lr derivatives =  [0.15656431783743407, -16.805193502317934, 1.6117633263525795]
other derivatives =  [-0.81942653 -5.09853317 -3.02393619  0.13357158 -0.83193523 -1.83107062
  1.37879644]
Current x_clock array =  [-0.5858824  -0.67958177 -0.71746873 -0.04518023 -2.33890943 -1.08387372
 -2.45730826  0.06450257  0.         -0.16131536]
log likelihood =  -2276.8483298772912
Lr derivatives =  [-0.43361835439962526, -16.851450838926972, -0.5280855232997226]
other derivatives =  [ 3.20866866  0.64532469 -0.83291297  1.29701266 -0.59843736 -2.11556904
  1.02411806]
Current x_clock array =  [-0.58283814 -0.67005888 -0.71272607 -0.01601849 -2.31142522 -1.10199389
 -2.60730953  0.04517492  0.         -0.16140127]
log likelihood =  -2276.85596038167
Lr derivatives =  [-2.206715725616583, -17.132288804270438, -0.897208679274347]
other derivatives =  [-13.51653009  -1.25141287   3.15489297   1.60898253   0.59950607
  -2.28888563   0.78933331]
Current x_clock array =  [-0.59511028 -0.66991502 -0.70480576  0.00797821 -2.27204876 -1.12067902
 -2.79076172  0.02265739  0.         -0.15391858]
log likelihood =  -2276.8052373686983
Lr derivatives =  [-1.2418228051112532, -16.96028481979843, -0.7403710282608218]
other derivatives =  [-4.88412206 -0.24870405  1.05860636  1.4428374  -0.03243573 -2.20726989
  0.90102055]
Current x_clock array =  [-0.58870576 -0.6699901  -0.70893917 -0.00454506 -2.29259834 -1.11092772
 -2.69502268  0.03440872  0.         -0.15782361]
log likelihood =  -2276.764718895791
Lr derivatives =  [-0.7439013849063816, -16.157029055893265, 0.016414856477545925]
other derivatives =  [-1.40741031  0.70894794  1.72856562  1.72461932  0.23870056 -2.25452532
  0.78217516]
Current x_clock array =  [-5.86135116e-01 -6.68807051e-01 -7.07282408e-01  2.24432304e-03
 -2.28615647e+00 -1.12253602e+00 -2.78361308e+00  3.05152090e-02
  0.00000000e+00 -1.52982955e-01]
log likelihood =  -2276.7092103457903
Lr derivatives =  [-0.020002304122263226, -15.108459224222402, 0.7987543800283685]
other derivatives =  [ 1.3051399   1.08208178  1.4620091   1.65040774  0.52281093 -2.31911569
  0.62348367]
Current x_clock array =  [-5.84171616e-01 -6.68671412e-01 -7.07546218e-01  1.07944757e-03
 -2.28398431e+00 -1.13855840e+00 -2.91687185e+00  2.90829167e-02
  0.00000000e+00 -1.47838488e-01]
log likelihood =  -2276.621521285502
Lr derivatives =  [0.4440040324944068, -14.224314639963396, 0.9842056633624718]
other derivatives =  [ 2.66338839  0.80246627  0.25859708  1.07879123  0.68162395 -2.4088514
  0.43034372]
Current x_clock array =  [-0.58312129 -0.66934848 -0.70995641 -0.01063468 -2.28562491 -1.15338499
 -3.1251833   0.02842987  0.         -0.14391693]
log likelihood =  -2276.464849040687
Lr derivatives =  [1.259798907249282, -13.31541336015088, 1.6397147997324826]
other derivatives =  [ 2.65437393  0.43435648  2.41490716  0.22937456  0.4892843  -2.42152614
  0.26069233]
Current x_clock array =  [-0.58329651 -0.67089094 -0.70509168 -0.03034954 -2.2988518  -1.1314683
 -3.41831095  0.0365071   0.         -0.14078007]
log likelihood =  -2276.1990432066546
Lr derivatives =  [-2.707899735615583, -15.951147181217149, -2.5675421461105303]
other derivatives =  [ -4.42670807  -4.88072783 -12.88473686  -0.49332994  -1.65701359
  -2.42934493   0.04383987]
Current x_clock array =  [-0.58704086 -0.67679127 -0.73980835 -0.05186592 -2.30033282 -0.98533982
 -4.53317213  0.0193132   0.         -0.14782223]
log likelihood =  -2275.7472313537414
Lr derivatives =  [-2.2273039819652887, -16.18907213876683, -1.1069621195851438]
other derivatives =  [-4.35087577 -3.18431012 -5.23023709 -1.71098418 -1.47595234 -2.20544098
  0.02971236]
Current x_clock array =  [-0.58703889 -0.6741     -0.72301    -0.07336599 -2.30053331 -0.8649501
 -5.05246708  0.024425    0.         -0.14721518]
log likelihood =  -2275.0964825364945
Lr derivatives =  [-1.175293828197006, -18.35663739436098, 0.6900835659043825]
other derivatives =  [-5.16369073  0.15259957  6.94899882 -3.58647594 -1.773377   -0.75478511
  0.01036379]
Current x_clock array =  [-0.58752258 -0.66830065 -0.69816464 -0.10650407 -2.28472915 -0.43740225
 -6.89260685  0.03242484  0.         -0.15844941]
log likelihood =  -2274.8769352173613
Lr derivatives =  [0.5017127507224686, -18.738820737193393, -0.6655101399480845]
other derivatives =  [-3.55537031 -2.62883577  5.83448036 -2.64497157 -0.29638353 -0.27265651
  0.00686522]
Current x_clock array =  [-0.58628127 -0.67239548 -0.69983247 -0.0766078  -2.24833507 -0.29665397
 -7.52061135  0.02924057  0.         -0.16903378]
log likelihood =  -2274.946585163971
Lr derivatives =  [3.4816563828035303, -17.086875300603808, 3.48098045359491]
other derivatives =  [-7.78569392e+00  1.35151981e+01 -4.54101610e+00  1.03778075e+00
 -3.07645509e-01  7.31674845e-01  4.36497149e-03]
Current x_clock array =  [-5.90530041e-01 -6.48366015e-01 -7.20325963e-01 -4.95392246e-03
 -2.19882756e+00 -1.28121327e-01 -8.38845049e+00  9.17600937e-03
  0.00000000e+00 -1.61719221e-01]
log likelihood =  -2274.781548858058
Lr derivatives =  [1.8330183956908854, -18.001253470317952, 1.1301463483888439]
other derivatives =  [-5.3833337   4.21653976  1.26523128 -1.06579591 -0.26426794  0.13988893
  0.00570478]
Current x_clock array =  [-0.58811913 -0.66200124 -0.70869718 -0.04561304 -2.22691999 -0.22375312
 -7.89600576  0.0205614   0.         -0.16586978]
log likelihood =  -2274.7303046220923
Lr derivatives =  [-0.3094336463685128, -19.500755472885686, -0.8497340305042806]
other derivatives =  [-0.94142615 -1.31031538 -0.58962314  0.37212931  0.38995109 -0.12214696
  0.00524076]
Current x_clock array =  [-5.83925799e-01 -6.68825874e-01 -7.13054638e-01 -7.16856075e-03
 -2.19710169e+00 -2.20096696e-01 -7.98807891e+00  2.65417928e-03
  0.00000000e+00 -1.68379626e-01]
log likelihood =  -2274.7254741812794
Lr derivatives =  [0.16939113523358884, -19.2421060687914, -0.19204957479941775]
other derivatives =  [ 1.6938734   0.1469607  -0.35440689 -0.06584332 -0.10728453  0.07959579
  0.00522177]
Current x_clock array =  [-5.82136157e-01 -6.67157798e-01 -7.12551890e-01 -1.97067126e-02
 -2.20677949e+00 -2.05388168e-01 -8.02652576e+00  6.90024039e-03
  0.00000000e+00 -1.68002499e-01]
log likelihood =  -2274.72382557987
Lr derivatives =  [0.04194405566797954, -19.217146284415456, 0.0055261135151205565]
other derivatives =  [-0.66478697 -0.06346181 -0.04986032 -0.04264575 -0.02156178  0.04008825
  0.00527648]
Current x_clock array =  [-5.83877065e-01 -6.67277499e-01 -7.11914888e-01 -1.82615153e-02
 -2.20563765e+00 -2.11383415e-01 -8.01458778e+00  6.26258169e-03
  0.00000000e+00 -1.66863400e-01]
log likelihood =  -2274.7235806322387
Lr derivatives =  [0.015520044507040254, -19.223646715288098, -0.02868579865369192]
other derivatives =  [-0.08044344 -0.05587663 -0.10094254  0.00392174  0.0105323   0.01978788
  0.00527269]
Current x_clock array =  [-5.83426039e-01 -6.67254887e-01 -7.12032727e-01 -1.71911167e-02
 -2.20480481e+00 -2.13161718e-01 -8.01232178e+00  5.66998794e-03
  0.00000000e+00 -1.66796512e-01]
log likelihood =  -2274.723548015425
Lr derivatives =  [-0.01125035604007607, -19.236625014993994, -0.011211899868404984]
other derivatives =  [ 0.00263299 -0.06314303 -0.07745348  0.0088844   0.00430734  0.02234265
  0.00524881]
Current x_clock array =  [-5.83356009e-01 -6.67248094e-01 -7.11995701e-01 -1.70397841e-02
 -2.20461738e+00 -2.12778104e-01 -8.01888024e+00  5.46070916e-03
  0.00000000e+00 -1.66712506e-01]
log likelihood =  -2274.7234850231475
Lr derivatives =  [-0.06851037128925697, -19.255785504209026, 0.04038272714788249]
other derivatives =  [ 0.11016073 -0.03075002 -0.00074988  0.01004082 -0.01005268  0.02392972
  0.00518549]
Current x_clock array =  [-5.83262047e-01 -6.67159332e-01 -7.11862478e-01 -1.69356821e-02
 -2.20437059e+00 -2.12771510e-01 -8.03418648e+00  5.04038355e-03
  0.00000000e+00 -1.66455214e-01]
log likelihood =  -2274.7234323654684
Lr derivatives =  [-0.08558029746994933, -19.260363643034516, 0.06687654478006522]
other derivatives =  [ 0.14963325  0.02059551  0.07666631  0.00459477 -0.00686487  0.02399793
  0.00510978]
Current x_clock array =  [-5.83228554e-01 -6.67059883e-01 -7.11713111e-01 -1.69613680e-02
 -2.20415924e+00 -2.12717317e-01 -8.05035833e+00  4.84409070e-03
  0.00000000e+00 -1.66331656e-01]
log likelihood =  -2274.723316705782
Lr derivatives =  [-0.09952804446142416, -19.263561296231714, 0.10295885687861706]
other derivatives =  [ 0.19300523  0.09903079  0.18307765 -0.01417129  0.00885279  0.02399975
  0.00491656]
Current x_clock array =  [-5.83190535e-01 -6.66905359e-01 -7.11511278e-01 -1.71775442e-02
 -2.20377568e+00 -2.12467260e-01 -8.09090918e+00  4.57792661e-03
  0.00000000e+00 -1.66171660e-01]
log likelihood =  -2274.723070910893
Lr derivatives =  [-0.12336400623069999, -19.268619450533443, 0.1505846674454041]
other derivatives =  [ 0.24992823  0.18441142  0.2651218  -0.05394259  0.04140108  0.0209302
  0.00449422]
Current x_clock array =  [-5.83134496e-01 -6.66711042e-01 -7.11380212e-01 -1.77157661e-02
 -2.20314962e+00 -2.12361955e-01 -8.18281985e+00  4.13231485e-03
  0.00000000e+00 -1.65927157e-01]
log likelihood =  -2274.7225574506383
Lr derivatives =  [-0.13709276643215063, -19.278529232168754, 0.16020794525682724]
other derivatives =  [ 0.2671477   0.26261432  0.33623883 -0.10272834  0.09925386  0.01492208
  0.00369974]
Current x_clock array =  [-5.83105662e-01 -6.66513998e-01 -7.11274944e-01 -1.83124904e-02
 -2.20221566e+00 -2.11897154e-01 -8.37827231e+00  3.65840807e-03
  0.00000000e+00 -1.65803670e-01]
log likelihood =  -2274.72151720462
Lr derivatives =  [-0.18726313314011733, -19.272727858393612, 0.31535405374884284]
other derivatives =  [ 0.46479181  0.08856841  0.34488039 -0.137813    0.0842371   0.02571687
  0.00236867]
Current x_clock array =  [-5.82931704e-01 -6.66734271e-01 -7.11297959e-01 -1.88803945e-02
 -2.20212408e+00 -2.11035688e-01 -8.83107311e+00  3.27087283e-03
  0.00000000e+00 -1.65225437e-01]
log likelihood =  -2274.720789202021
Lr derivatives =  [0.005389732946131431, -19.25175642983864, -0.13956486401302826]
other derivatives =  [ 1.21656285e-01  1.31088655e+00  2.96585768e-01 -3.42884050e-02
  1.06011471e-01 -5.63477442e-03  8.30451127e-04]
Current x_clock array =  [-5.83291977e-01 -6.65017522e-01 -7.11284754e-01 -1.75051536e-02
 -2.20209454e+00 -2.11663154e-01 -9.85553822e+00  3.99372221e-03
  0.00000000e+00 -1.66810611e-01]
log likelihood =  -2274.7192252944287
Lr derivatives =  [-0.09314487998807763, -19.267045373780682, -0.007946072557656336]
other derivatives =  [ 0.05365519  0.31509717  0.32645539 -0.0391201   0.0563783   0.00534828
  0.00062402]
Current x_clock array =  [-5.83295490e-01 -6.66539950e-01 -7.11217477e-01 -1.74134962e-02
 -2.20312291e+00 -2.12416254e-01 -1.01469856e+01  4.35714989e-03
  0.00000000e+00 -1.66347838e-01]
log likelihood =  -2274.718724229309
Lr derivatives =  [-0.03991787878283937, -19.212829458166418, 0.053717409329431476]
other derivatives =  [ 0.06931486 -0.05535367  0.13960926 -0.00290629  0.01197516  0.01219723
  0.00039043]
Current x_clock array =  [-5.83295184e-01 -6.67211315e-01 -7.11549125e-01 -1.70408919e-02
 -2.20432782e+00 -2.13133222e-01 -1.06153464e+01  5.11013585e-03
  0.00000000e+00 -1.66258973e-01]
log likelihood =  -2274.7185549720352
Lr derivatives =  [-0.012022154445084254, -19.197050329844853, 0.015972588653463404]
other derivatives =  [-0.03214063 -0.10473514  0.01846774  0.02271054 -0.01713807  0.01149283
  0.00024865]
Current x_clock array =  [-5.83385097e-01 -6.67345711e-01 -7.11767430e-01 -1.68125377e-02
 -2.20502955e+00 -2.13739977e-01 -1.10630214e+01  5.54565155e-03
  0.00000000e+00 -1.66432046e-01]
log likelihood =  -2274.718495837743
Lr derivatives =  [0.06780832962605388, -19.161935160935453, -0.03617284303249413]
other derivatives =  [ 2.24155883e-01 -4.10145731e-02 -7.64471224e-02  3.10947144e-02
 -7.45230080e-03  6.87987267e-03  1.56462575e-04]
Current x_clock array =  [-5.83214145e-01 -6.67319980e-01 -7.11933405e-01 -1.68636194e-02
 -2.20536240e+00 -2.14176858e-01 -1.15210842e+01  5.95416458e-03
  0.00000000e+00 -1.66686778e-01]
log likelihood =  -2274.71842034228
Lr derivatives =  [0.05127862741461264, -19.171483964066887, -0.05050038629488718]
other derivatives =  [-0.09299492 -0.01234775 -0.0795485   0.02235856 -0.01081237  0.00545197
  0.0001003 ]
Current x_clock array =  [-5.83451293e-01 -6.67255280e-01 -7.11943995e-01 -1.70267198e-02
 -2.20544054e+00 -2.14401208e-01 -1.19654145e+01  5.97325016e-03
  0.00000000e+00 -1.66709290e-01]
log likelihood =  -2274.7183760838716
Lr derivatives =  [0.037402474156570165, -19.176516692013315, -0.03526924283568533]
other derivatives =  [-1.06567313e-01 -3.00587999e-04 -5.14928615e-02  5.44332579e-03
 -6.16749539e-03  5.16774890e-03  7.17139105e-05]
Current x_clock array =  [-5.83456288e-01 -6.67215537e-01 -7.11900005e-01 -1.73023542e-02
 -2.20535119e+00 -2.14441192e-01 -1.23017955e+01  5.86288937e-03
  0.00000000e+00 -1.66633013e-01]
log likelihood =  -2274.718331131442
Lr derivatives =  [-0.045850758019071236, -19.218233079198615, -0.029196937681549073]
other derivatives =  [-6.16000762e-03 -1.53736437e-02  6.30207069e-02 -3.63252184e-03
 -3.72259730e-02  5.49562174e-03  3.36368400e-05]
Current x_clock array =  [-5.83363724e-01 -6.67200867e-01 -7.11692014e-01 -1.74513227e-02
 -2.20542730e+00 -2.14756730e-01 -1.30596673e+01  5.54326082e-03
  0.00000000e+00 -1.66512467e-01]
log likelihood =  -2274.7183122818897
Lr derivatives =  [-0.00714221703118767, -19.18898517442232, 0.008816669186034076]
other derivatives =  [ 9.36051947e-03  2.34158506e-02  1.48711479e-02 -1.64859557e-02
 -1.25880468e-02  3.97130862e-03  2.22791777e-05]
Current x_clock array =  [-5.83357209e-01 -6.67143537e-01 -7.11792002e-01 -1.76764959e-02
 -2.20527081e+00 -2.14896675e-01 -1.34714690e+01  5.56015198e-03
  0.00000000e+00 -1.66404944e-01]
log likelihood =  -2274.718304142616
Lr derivatives =  [0.003501634549245125, -19.182715743729236, 0.0038431321332961232]
other derivatives =  [ 7.65294317e-03  1.83758857e-02  4.33283276e-03 -1.89756975e-02
 -3.81036549e-03  1.49111656e-03  1.49481480e-05]
Current x_clock array =  [-5.83359973e-01 -6.67154558e-01 -7.11811329e-01 -1.77137169e-02
 -2.20525342e+00 -2.15151992e-01 -1.38722732e+01  5.59854830e-03
  0.00000000e+00 -1.66419418e-01]
log likelihood =  -2274.7182943466123
Lr derivatives =  [0.01085801496893346, -19.16828973177728, 0.02772855778830241]
other derivatives =  [ 6.74572220e-03  1.48152139e-02 -6.88214641e-03 -5.58156898e-03
 -4.10396128e-03 -9.12223186e-04  6.86266412e-06]
Current x_clock array =  [-5.83363783e-01 -6.67170159e-01 -7.11826035e-01 -1.74698110e-02
 -2.20527953e+00 -2.15690265e-01 -1.46443368e+01  5.60226911e-03
  0.00000000e+00 -1.66323338e-01]
log likelihood =  -2274.7182944640103
Lr derivatives =  [-0.023571730731640983, -19.19922747928812, -0.04157266660065595]
other derivatives =  [-1.55359885e-02 -1.07602318e-02 -2.23458301e-02 -3.53975338e-03
  3.62386890e-03 -7.74980435e-03  3.38037268e-06]
Current x_clock array =  [-5.83370494e-01 -6.67183636e-01 -7.11870566e-01 -1.73423815e-02
 -2.20505230e+00 -2.16013792e-01 -1.53359416e+01  5.44325520e-03
  0.00000000e+00 -1.66485805e-01]
log likelihood =  -2274.7182913413144
Lr derivatives =  [-0.006114991275188331, -19.18354129466568, -0.0064479048133385675]
other derivatives =  [-4.24097379e-03  2.20461516e-03 -1.45082595e-02 -4.57566784e-03
 -2.93243364e-04 -4.28462954e-03  4.85538175e-06]
Current x_clock array =  [-5.83367092e-01 -6.67176804e-01 -7.11847992e-01 -1.74069793e-02
 -2.20516749e+00 -2.15849787e-01 -1.49853461e+01  5.52386417e-03
  0.00000000e+00 -1.66403446e-01]
      fun: 2274.7182913413144
 hess_inv: <10x10 LbfgsInvHessProduct with dtype=float64>
      jac: array([-4.24097379e-03,  2.20461516e-03, -1.45082595e-02, -4.57566784e-03,
       -2.93243364e-04, -4.28462954e-03,  4.85538175e-06, -6.11499128e-03,
       -1.91835413e+01, -6.44790481e-03])
  message: 'CONVERGENCE: REL_REDUCTION_OF_F_<=_FACTR*EPSMCH'
     nfev: 51
      nit: 47
     njev: 51
   status: 0
  success: True
        x: array([-5.83367092e-01, -6.67176804e-01, -7.11847992e-01, -1.74069793e-02,
       -2.20516749e+00, -2.15849787e-01, -1.49853461e+01,  5.52386417e-03,
        0.00000000e+00, -1.66403446e-01])
