number of sites to be analyzed:  524
log likelihood =  -7033.452982894411
Lr derivatives =  [-306.66257084944505, -572.0723925576978, -407.016228979148]
other derivatives =  [ 101.25913377  -59.01184431  131.05079233 -114.27286609  470.82480887
   -0.        ]
Current x_clock array =  [-0.57429036 -0.83673478 -0.42769642  0.18232156 -0.10536052  0.33647224
 -0.51082562 -0.51082562 -0.51082562]
log likelihood =  -6689.905558050376
Lr derivatives =  [104.2208812368477, -345.63690988078247, -273.7653935027815]
other derivatives =  [-363.75578657  -20.38726961 -366.64621257  -59.2543156   357.23600195
   -0.        ]
Current x_clock array =  [-0.7439522  -0.83541659 -0.64727481  0.37378817 -0.89423749  0.33647224
  0.00299403 -0.50996972 -0.50996972]
log likelihood =  -6368.256968162019
Lr derivatives =  [335.66278582989906, -56.67879881058707, 7.8099272759776]
other derivatives =  [ 318.28579995   95.66691642 -219.31908304  -30.19407723  257.66918795
   -0.        ]
Current x_clock array =  [-0.54979579 -0.82556146 -0.48253878  0.54509767 -1.69405922  0.33647224
  0.24394405 -0.30000006 -0.33725517]
log likelihood =  -6242.733430236165
Lr derivatives =  [102.35795286768695, -85.97452313162839, 94.9272396624302]
other derivatives =  [-101.11406664   45.58795172  736.38138747   14.9684538    50.14281167
   -0.        ]
Current x_clock array =  [-0.67412267 -0.88999601 -0.25123012  0.72284492 -2.58784245  0.33647224
  0.26879944 -0.14115863 -0.24238184]
log likelihood =  -6204.458879714006
Lr derivatives =  [20.820476929626835, -136.80431525351983, 32.984213877302906]
other derivatives =  [-122.64000179    5.56320265 -204.99787843   32.6544714   -20.43968736
   -0.        ]
Current x_clock array =  [-0.67730746 -0.91634231 -0.43193979  0.75046934 -2.7556401   0.33647224
  0.26015202 -0.13147806 -0.28207002]
log likelihood =  -6189.181950813254
Lr derivatives =  [43.35171368025753, -123.51435228153044, 38.46312073541861]
other derivatives =  [  9.44020485   8.51812001 -79.0824115   24.35232727   0.72333373
  -0.        ]
Current x_clock array =  [-0.63275923 -0.91427426 -0.39719858  0.72307813 -2.65857059  0.33647224
  0.21014548 -0.09754826 -0.28081118]
log likelihood =  -6174.0073152382465
Lr derivatives =  [43.07749977672233, -111.12803697590698, 35.36918613857058]
other derivatives =  [92.4234273  -3.60616195 92.72481657 17.49666899  5.49810967 -0.        ]
Current x_clock array =  [-0.60662054 -0.92239822 -0.3555085   0.69135591 -2.60067999  0.33647224
  0.11006378  0.         -0.28981068]
log likelihood =  -6170.707821925904
Lr derivatives =  [33.14559783659648, -121.9050134526894, 16.412555395869983]
other derivatives =  [43.1659264  -8.49371736 62.31942552 17.19339161  8.67019268 -0.        ]
Current x_clock array =  [-0.62032036 -0.92140725 -0.36415124  0.67200208 -2.54648221  0.33647224
  0.07470791  0.         -0.3049888 ]
log likelihood =  -6168.377619088743
Lr derivatives =  [6.253239950875383, -146.21318392451334, -13.201637852161916]
other derivatives =  [ -8.76715967 -10.38526261   8.6023756   16.18500937   7.45935861
  -0.        ]
Current x_clock array =  [-0.6340095  -0.91414939 -0.38126447  0.63477075 -2.4744381   0.33647224
  0.00716343  0.         -0.32358012]
log likelihood =  -6168.018661344826
Lr derivatives =  [0.7397446101630107, -149.808174261223, -12.189273328946236]
other derivatives =  [-8.57939904 -5.433154   -0.98801411 15.38565448  4.26024132 -0.        ]
Current x_clock array =  [-0.63351562 -0.90872596 -0.38466025  0.62268    -2.47515359  0.33647224
 -0.00503287  0.         -0.31875632]
log likelihood =  -6167.423804239792
Lr derivatives =  [-5.437896082856259, -152.98600583023216, 0.19182646185608832]
other derivatives =  [ -2.43365866   4.1572157  -11.62092121  10.25987513   0.49214517
  -0.        ]
Current x_clock array =  [-0.63099003 -0.89780846 -0.38989066  0.57961901 -2.47157125  0.33647224
 -0.03030948  0.         -0.29878541]
log likelihood =  -6167.187173112086
Lr derivatives =  [-5.424165338519406, -152.60811547364193, 2.2685081158667586]
other derivatives =  [  2.10002781   0.88691286 -10.0103689    5.68659743  -0.71721003
  -0.        ]
Current x_clock array =  [-0.62976852 -0.90004772 -0.39000442  0.55019017 -2.48054617  0.33647224
 -0.03005521  0.         -0.29649176]
log likelihood =  -6167.090137298639
Lr derivatives =  [3.780994949353983, -146.57546355260217, 2.910426855914139]
other derivatives =  [-2.72642137  9.92590321  1.61411299 -0.97469729  2.07027785 -0.        ]
Current x_clock array =  [-0.63285615 -0.89282212 -0.3867115   0.50993744 -2.49012719  0.33647224
 -0.01412459  0.         -0.30043872]
log likelihood =  -6167.034078084385
Lr derivatives =  [-0.37510672971257186, -149.12115822900074, -0.3702741004434458]
other derivatives =  [ 1.93305095 -0.85445117 -0.25817462 -0.31364561 -0.52954257 -0.        ]
Current x_clock array =  [-0.63094268 -0.90208465 -0.38701603  0.51431373 -2.49917124  0.33647224
 -0.01424079  0.         -0.30303755]
log likelihood =  -6167.032129248424
Lr derivatives =  [-0.09183006027978102, -148.96512865297646, 0.06532222542502097]
other derivatives =  [-0.34830919 -0.06360551 -0.04795766 -0.00398359 -0.03562555 -0.        ]
Current x_clock array =  [-0.6316509  -0.90132661 -0.38694386  0.51644364 -2.49643189  0.33647224
 -0.01492344  0.         -0.30254049]
log likelihood =  -6167.0321018463965
Lr derivatives =  [0.042907024314585485, -148.8907792326591, 0.029856533902766103]
other derivatives =  [ 6.17546903e-02  3.16204023e-02 -8.76989361e-02  9.27684596e-05
  1.48526111e-02 -0.00000000e+00]
Current x_clock array =  [-0.63153112 -0.90127691 -0.3869543   0.51653928 -2.49641492  0.33647224
 -0.01471902  0.         -0.30264111]
log likelihood =  -6167.032098624648
Lr derivatives =  [0.0030521537280283617, -148.91592492075264, 0.004272975981727711]
other derivatives =  [-0.00127147 -0.00217369 -0.01627541 -0.00106957 -0.00016722 -0.        ]
Current x_clock array =  [-0.63154994 -0.90130102 -0.3869326   0.51652765 -2.49644393  0.33647224
 -0.01474929  0.         -0.30265675]
      fun: 6167.032098624648
 hess_inv: <9x9 LbfgsInvHessProduct with dtype=float64>
      jac: array([-1.27147359e-03, -2.17369234e-03, -1.62754077e-02, -1.06956577e-03,
       -1.67221087e-04, -0.00000000e+00,  3.05215373e-03, -1.48915925e+02,
        4.27297598e-03])
  message: 'CONVERGENCE: REL_REDUCTION_OF_F_<=_FACTR*EPSMCH'
     nfev: 17
      nit: 16
     njev: 17
   status: 0
  success: True
        x: array([-0.63154994, -0.90130102, -0.3869326 ,  0.51652765, -2.49644393,
        0.33647224, -0.01474929,  0.        , -0.30265675])
