number of sites to be analyzed:  358
log likelihood =  -5034.451409493661
Lr derivatives =  [-290.5863698311807, -406.651668269138, -353.57861853303854]
other derivatives =  [  31.56236926  -33.18372092   72.70554852 -105.54684741  310.42784212
   -0.        ]
Current x_clock array =  [-0.6037798  -0.67291723 -0.6006047   0.18232156 -0.10536052  0.33647224
 -0.51082562 -0.51082562 -0.51082562]
log likelihood =  -4771.145049315144
Lr derivatives =  [130.77562968320868, -179.72892408266816, -225.09715465213205]
other derivatives =  [ -89.73275635   19.47033161 -136.42976865  -51.90429874  244.16586712
   -0.        ]
Current x_clock array =  [-0.67466993 -0.67151813 -0.76390378  0.41938328 -0.80259176  0.33647224
  0.14184101 -0.50967829 -0.50967829]
log likelihood =  -4586.500573695727
Lr derivatives =  [182.2083223685775, -62.169067668837016, -64.27918892426274]
other derivatives =  [182.00667728  36.91376241 -29.91628116 -17.67363665 174.31843517
  -0.        ]
Current x_clock array =  [-0.5677417  -0.70592658 -0.61742597  0.56185263 -1.35161712  0.33647224
  0.14527597 -0.34323162 -0.26711885]
log likelihood =  -4548.7202475414615
Lr derivatives =  [-82.87882110576162, -116.32392001563083, 100.79747880809009]
other derivatives =  [-309.4133408   -47.19385379  200.75348584   50.04490504  -60.17641981
   -0.        ]
Current x_clock array =  [-0.81751581 -0.81460338 -0.44015355  0.79659267 -2.41316115  0.33647224
 -0.06048641 -0.07422835  0.        ]
log likelihood =  -4467.867961518609
Lr derivatives =  [3.914862753827677, -69.52377630639322, 50.21590415635069]
other derivatives =  [-42.73263403  -3.69017744 -62.57855875  34.93777513  -0.61566364
  -0.        ]
Current x_clock array =  [-0.65074414 -0.77602125 -0.60979     0.70810051 -2.18401676  0.33647224
 -0.05680825 -0.04765277 -0.12021456]
log likelihood =  -4460.853822413269
Lr derivatives =  [9.26178267048644, -61.88630202886752, 12.349783021671513]
other derivatives =  [ 42.68384146   3.52672669 -10.64829212  25.38383796  11.88401355
  -0.        ]
Current x_clock array =  [-0.61289166 -0.76877883 -0.57569493  0.65950225 -2.12200163  0.33647224
 -0.09314647  0.         -0.16117453]
log likelihood =  -4459.771041777216
Lr derivatives =  [2.496230725331827, -67.33285011004412, -0.03945634211285309]
other derivatives =  [ 5.60647277  0.89787227  2.7541937  23.25546848 10.01181876 -0.        ]
Current x_clock array =  [-0.62965461 -0.7694449  -0.5658071   0.63975807 -2.1282564   0.33647224
 -0.09570596  0.         -0.17358823]
log likelihood =  -4459.009113938375
Lr derivatives =  [-4.085810629701719, -72.04786814439515, -8.497807802229723]
other derivatives =  [-13.6494491   -0.92041319   7.5653079   20.07882995   5.65557899
  -0.        ]
Current x_clock array =  [-0.63841056 -0.77044436 -0.56243393  0.60886474 -2.15160847  0.33647224
 -0.09676208  0.         -0.18213806]
log likelihood =  -4457.937957921114
Lr derivatives =  [-10.154418324338408, -75.77595092106283, -13.584748799647627]
other derivatives =  [-24.15861218  -2.45123556   9.81801168  12.49396701  -0.32209156
  -0.        ]
Current x_clock array =  [-0.64314194 -0.77146608 -0.56162758  0.54069793 -2.19277828  0.33647224
 -0.09587299  0.         -0.18717089]
log likelihood =  -4457.125302989965
Lr derivatives =  [-3.7156077249673345, -69.788766979603, -0.1848294527625498]
other derivatives =  [-18.56821655  -1.52744815   9.21092487   0.82183487   1.76149914
  -0.        ]
Current x_clock array =  [-0.64121859 -0.77003051 -0.56388458  0.44870447 -2.20672126  0.33647224
 -0.0911931   0.         -0.17324068]
log likelihood =  -4457.080688063031
Lr derivatives =  [-6.078971677427141, -71.40411477525973, -4.639583618200618]
other derivatives =  [ 8.00553789 -0.47417689 -5.83443034  0.1653716  -4.98443432 -0.        ]
Current x_clock array =  [-0.62855534 -0.77145898 -0.57478488  0.4299692  -2.25032372  0.33647224
 -0.0842454   0.         -0.17845218]
log likelihood =  -4456.9777328819355
Lr derivatives =  [-1.6242051732744613, -68.42968702519808, -0.23714359902669813]
other derivatives =  [-0.89773948  0.08105417 -0.21926826 -0.08131155 -0.39434705 -0.        ]
Current x_clock array =  [-0.63308885 -0.77021882 -0.57053457  0.43592407 -2.22726507  0.33647224
 -0.08371849  0.         -0.17440932]
log likelihood =  -4456.975583035728
Lr derivatives =  [-0.6083273458915741, -67.80703067492931, 0.17583354873715606]
other derivatives =  [-0.26705675  0.08475763 -0.31770287 -0.04108551 -0.00090099 -0.        ]
Current x_clock array =  [-0.63289064 -0.7704273  -0.57047243  0.43684771 -2.22681437  0.33647224
 -0.08205971  0.         -0.17430609]
log likelihood =  -4456.974933525327
Lr derivatives =  [-0.04995940419220801, -67.4905463095399, 0.19291427458217925]
other derivatives =  [ 0.15863134  0.0288419  -0.17185539  0.00996533  0.0843774  -0.        ]
Current x_clock array =  [-0.63275659 -0.77068671 -0.57023935  0.43743498 -2.22771618  0.33647224
 -0.08059748  0.         -0.17453676]
log likelihood =  -4456.974834285613
Lr derivatives =  [0.02500140079798996, -67.46323614156724, 0.06152962200300749]
other derivatives =  [ 0.08322331  0.0173095  -0.04858612  0.00978162  0.02656394 -0.        ]
Current x_clock array =  [-0.63280688 -0.7707638  -0.57010427  0.43735475 -2.22847923  0.33647224
 -0.08008839  0.         -0.17474923]
log likelihood =  -4456.974827219762
Lr derivatives =  [-0.00081534268364436, -67.48583959433722, -0.0008631322665806351]
other derivatives =  [ 0.00200089 -0.02556953 -0.00328964 -0.00014006  0.00160215 -0.        ]
Current x_clock array =  [-0.63284338 -0.77081056 -0.5700664   0.43724143 -2.22867386  0.33647224
 -0.08002528  0.         -0.17482168]
      fun: 4456.974827219762
 hess_inv: <9x9 LbfgsInvHessProduct with dtype=float64>
      jac: array([ 2.00088834e-03, -2.55695340e-02, -3.28964234e-03, -1.40062184e-04,
        1.60215286e-03, -0.00000000e+00, -8.15342684e-04, -6.74858396e+01,
       -8.63132267e-04])
  message: 'CONVERGENCE: REL_REDUCTION_OF_F_<=_FACTR*EPSMCH'
     nfev: 16
      nit: 15
     njev: 16
   status: 0
  success: True
        x: array([-0.63284338, -0.77081056, -0.5700664 ,  0.43724143, -2.22867386,
        0.33647224, -0.08002528,  0.        , -0.17482168])
