number of sites to be analyzed:  190
log likelihood =  -2167.384663894198
Lr derivatives =  [12.111317097432075, -103.16432795433786, -103.63342775176592]
other derivatives =  [ 27.89836071  -0.48436095  20.47457883 -26.9853017  177.3024369
  -2.13712156  -0.        ]
Current x_clock array =  [-0.60970943 -0.71336306 -0.49380502  0.18232156 -0.10536052 -0.10536052
  0.33647224 -0.51082562 -0.51082562 -0.51082562]
log likelihood =  -2032.8225527485197
Lr derivatives =  [-35.41413312625764, -122.28424322979299, -111.5980098549543]
other derivatives =  [-109.78448813   12.34330102  -66.62051965   -8.22239417  110.59984625
   -0.48057836   -0.        ]
Current x_clock array =  [-0.76210286 -0.71071727 -0.6056464   0.32972744 -1.07386637 -0.09368659
  0.33647224 -0.5769831  -0.50803526 -0.50803526]
log likelihood =  -1902.9342688233382
Lr derivatives =  [-23.377172029485884, -44.3197033904286, -9.548189181809335]
other derivatives =  [303.10633542  38.46516893  -3.09129337  22.31436156 -22.84320745
   5.65361756  -0.        ]
Current x_clock array =  [-0.43578429 -0.77242986 -0.44107288  0.62848076 -3.3405833  -0.07094271
  0.33647224 -0.50107973 -0.09399081 -0.15250562]
log likelihood =  -1884.856909982229
Lr derivatives =  [-6.554882957309438, -25.52295371813476, 37.74735262465087]
other derivatives =  [-125.82465638   -9.55202904   82.4849742    13.75000079  -18.7964508
    6.69477868   -0.        ]
Current x_clock array =  [-0.82714641 -0.86258102 -0.32699315  0.58389913 -3.36144593 -0.08198703
  0.33647224 -0.39913327  0.         -0.05961485]
log likelihood =  -1866.0198209155096
Lr derivatives =  [4.07448486591244, -22.850210386643873, 4.4991656471331325]
other derivatives =  [-59.65398486   1.0433414  -11.69541383  15.57140695  -6.66491054
   5.00575607  -0.        ]
Current x_clock array =  [-0.71891768 -0.83578932 -0.41586626  0.54282422 -3.05855165 -0.08781863
  0.33647224 -0.41687246  0.         -0.1285361 ]
log likelihood =  -1863.2459306020273
Lr derivatives =  [8.763710387649816, -21.23953907198182, -0.5984818668388723]
other derivatives =  [30.76815506  6.16603688 16.86774567 11.7214322   5.03460498  4.02716114
 -0.        ]
Current x_clock array =  [-0.62037438 -0.82579701 -0.40161229  0.49056269 -2.83720955 -0.09768622
  0.33647224 -0.44349466  0.         -0.15413162]
log likelihood =  -1862.382476855187
Lr derivatives =  [5.673041987531777, -23.024341869118203, -0.5752545722000661]
other derivatives =  [ 0.73254751  1.29874479  1.49612947 12.25311439  1.74776817  4.18097579
 -0.        ]
Current x_clock array =  [-0.64844419 -0.83465481 -0.41423353  0.48540007 -2.89019619 -0.10113033
  0.33647224 -0.44648671  0.         -0.14954349]
log likelihood =  -1862.0617067721678
Lr derivatives =  [3.4651751937196895, -24.479690368525958, -1.1399086586390972]
other derivatives =  [-3.49521611 -1.19200172 -2.6114144  11.53710537  1.14850971  4.12657892
 -0.        ]
Current x_clock array =  [-0.65189469 -0.83856723 -0.41947026  0.46479955 -2.89602146 -0.1082234
  0.33647224 -0.45636909  0.         -0.14929999]
log likelihood =  -1860.9948632198384
Lr derivatives =  [-5.306153368499894, -30.344768691995498, -2.3510760830767357]
other derivatives =  [-11.3417168   -6.98017061  -8.96082588   6.56063207   0.07872442
   3.78488267  -0.        ]
Current x_clock array =  [-0.65714831 -0.84302378 -0.4335066   0.34655366 -2.90049209 -0.14958529
  0.33647224 -0.50132227  0.         -0.14565644]
log likelihood =  -1860.4062932551765
Lr derivatives =  [-5.489946084812864, -30.686091125481024, 0.7148955710653908]
other derivatives =  [-10.84804103  -1.27377507  -9.77998843   2.42885449  -0.02518089
   3.61184266  -0.        ]
Current x_clock array =  [-0.65680796 -0.82455805 -0.43879249  0.24969412 -2.91204084 -0.19146527
  0.33647224 -0.50870575  0.         -0.13639421]
log likelihood =  -1860.077385377992
Lr derivatives =  [-6.351071809232122, -31.89368411516088, -5.121281079095397]
other derivatives =  [ 1.77523088 -7.36783113  4.48975516 -2.84765633 -0.44872094  3.26952568
 -0.        ]
Current x_clock array =  [-0.64401195 -0.84051451 -0.4257541   0.13710216 -2.95713256 -0.27191598
  0.33647224 -0.48912644  0.         -0.15929197]
log likelihood =  -1859.866444155688
Lr derivatives =  [-0.7824275125028457, -28.209053233371066, -0.6338261089020705]
other derivatives =  [ 1.80060033 -0.35908579  0.57625743 -2.02567071 -0.011871    3.34510696
 -0.        ]
Current x_clock array =  [-0.64556067 -0.82600055 -0.42802037  0.1470508  -2.96060749 -0.27911397
  0.33647224 -0.47040552  0.         -0.1482334 ]
log likelihood =  -1859.8073151585736
Lr derivatives =  [1.2916626358261887, -26.84409603046569, 0.300281411843315]
other derivatives =  [ 1.29707041  1.17388572  0.84693374 -1.67082044 -0.07990699  3.33361822
 -0.        ]
Current x_clock array =  [-0.64672135 -0.82410441 -0.42637045  0.15271687 -2.97023914 -0.29465632
  0.33647224 -0.45912405  0.         -0.14684018]
log likelihood =  -1859.6732405092782
Lr derivatives =  [4.191058174496064, -24.957027485253846, 1.2064223522337745]
other derivatives =  [ 1.25760903  2.4617982   0.20912898 -1.11505256 -0.28259736  3.17960439
 -0.        ]
Current x_clock array =  [-0.64749934 -0.82399645 -0.4249969   0.16112329 -2.98902944 -0.34840946
  0.33647224 -0.4414109   0.         -0.14592491]
log likelihood =  -1859.3732011381778
Lr derivatives =  [7.326631853220919, -23.022129063197823, 1.3141463296188372]
other derivatives =  [-0.20674543  4.34121625 -0.38427834 -0.25196096 -0.5419749   2.65060976
 -0.        ]
Current x_clock array =  [-0.64979684 -0.82317038 -0.42272105  0.17578668 -3.01640462 -0.49625102
  0.33647224 -0.41914009  0.         -0.14667661]
log likelihood =  -1858.870496599639
Lr derivatives =  [9.217862744623982, -21.360198384610353, 4.842908909197131]
other derivatives =  [ 2.39772612  3.0661854  -2.33268156  0.60303114 -0.72764064  1.71636111
 -0.        ]
Current x_clock array =  [-0.64742343 -0.82970306 -0.42252818  0.19548108 -3.04474471 -0.80177766
  0.33647224 -0.40518551  0.         -0.13274635]
log likelihood =  -1859.2747088288484
Lr derivatives =  [3.2960689680068374, -26.231074107124556, -5.179092601136596]
other derivatives =  [-24.77350608  15.43276016  26.041193     1.62620904  -0.77912212
   0.31999903  -0.        ]
Current x_clock array =  [-0.6781907  -0.79584373 -0.39189234  0.23626528 -3.04355232 -1.40904675
  0.33647224 -0.42060637  0.         -0.15520127]
log likelihood =  -1858.6300315789717
Lr derivatives =  [6.881072048632809, -23.276835275710614, 0.8486905039486183]
other derivatives =  [-8.15795784  7.53814174  7.72398062  0.98565965 -0.67626961  1.0781947
 -0.        ]
Current x_clock array =  [-0.65888597 -0.81708855 -0.4111146   0.21067549 -3.04430048 -1.0280196
  0.33647224 -0.41093065  0.         -0.14111207]
log likelihood =  -1858.2058011553158
Lr derivatives =  [4.368287061597869, -24.8560261810914, 0.46799722326623794]
other derivatives =  [-1.24453209  4.51047572  0.3721691   0.96265694 -0.91664019  0.48456968
 -0.        ]
Current x_clock array =  [-0.6502296  -0.823038   -0.42039298  0.20876657 -3.04515285 -1.32624017
  0.33647224 -0.42578607  0.         -0.13764838]
log likelihood =  -1858.0546389399954
Lr derivatives =  [0.3771728097989797, -27.1838267139318, 1.2754110269906178]
other derivatives =  [-0.85794818 -0.64118331 -0.06540813  0.15556429 -0.72873599  0.12370493
 -0.        ]
Current x_clock array =  [-0.64849033 -0.8322937  -0.42308394  0.19777303 -3.03316044 -1.56484931
  0.33647224 -0.44720295  0.         -0.13038862]
log likelihood =  -1858.0479369370582
Lr derivatives =  [-0.6808415663620728, -28.105175273936922, -1.0466546372884338]
other derivatives =  [ 2.86813179  0.5868344   0.32711796  0.24871633 -0.48923634  0.01180679
 -0.        ]
Current x_clock array =  [-0.64449566 -0.82845388 -0.42361022  0.20072876 -3.02237294 -1.64048168
  0.33647224 -0.45476701  0.         -0.13651899]
log likelihood =  -1858.0411310956179
Lr derivatives =  [-0.5595504095257908, -28.000309978420603, -0.4789676877436122]
other derivatives =  [-0.25885015 -0.21327378 -0.40923101  0.06668279 -0.43069629  0.01379205
 -0.        ]
Current x_clock array =  [-0.64757532 -0.83014565 -0.42422265  0.19661722 -3.02283526 -1.64014462
  0.33647224 -0.45360477  0.         -0.13474679]
log likelihood =  -1858.040190052409
Lr derivatives =  [-0.40118923576153165, -27.870282569591783, -0.14969971602885046]
other derivatives =  [-0.1375181  -0.16143827 -0.01134549  0.03255627 -0.35385432  0.01292842
 -0.        ]
Current x_clock array =  [-0.64753526 -0.8301043  -0.42376298  0.19636891 -3.02218176 -1.64186309
  0.33647224 -0.45307967  0.         -0.13384129]
log likelihood =  -1858.0391917124612
Lr derivatives =  [-0.1318461986092121, -27.69845097946056, 0.13716784558335782]
other derivatives =  [-0.0573018   0.08263191  0.0960099  -0.00083901 -0.14641203  0.00167517
 -0.        ]
Current x_clock array =  [-0.64753592 -0.82952092 -0.42366808  0.19620311 -3.01887356 -1.65035969
  0.33647224 -0.45277014  0.         -0.1331093 ]
log likelihood =  -1858.0389437539775
Lr derivatives =  [-0.00024119567267888442, -27.636089647236183, 0.03343016971665591]
other derivatives =  [ 0.00043292  0.00449836  0.11233192 -0.0142029  -0.01879791 -0.00269294
 -0.        ]
Current x_clock array =  [-0.64748505 -0.82975014 -0.42365179  0.196283   -3.01676098 -1.65210429
  0.33647224 -0.45238023  0.         -0.13355758]
log likelihood =  -1858.038937270246
Lr derivatives =  [0.01621799099936183, -27.636111922257506, -0.009210715330224772]
other derivatives =  [-1.26169653e-02  5.73993475e-02 -1.11265535e-01  1.02363629e-03
  8.97081581e-06 -2.88636660e-03 -0.00000000e+00]
Current x_clock array =  [-0.64748172 -0.82959603 -0.42390838  0.19648589 -3.01616575 -1.65159771
  0.33647224 -0.45252139  0.         -0.13369242]
log likelihood =  -1858.0389250606427
Lr derivatives =  [0.011136233992122158, -27.63615631326985, -0.007404404316146085]
other derivatives =  [ 0.0066234   0.01106127 -0.0087864  -0.00705677 -0.00202264 -0.00150588
 -0.        ]
Current x_clock array =  [-0.64746718 -0.82972206 -0.42379364  0.1963925  -3.01629397 -1.6504777
  0.33647224 -0.45244582  0.         -0.13369854]
log likelihood =  -1858.0389240365466
Lr derivatives =  [0.00808847897942222, -27.63761896118863, -0.007506376779724988]
other derivatives =  [ 0.00779664  0.00367481 -0.00204318 -0.00709338 -0.0021009  -0.00089658
 -0.        ]
Current x_clock array =  [-0.64746538 -0.82973905 -0.42378725  0.19640272 -3.01627852 -1.64992279
  0.33647224 -0.45245764  0.         -0.13369949]
      fun: 1858.0389240365466
 hess_inv: <10x10 LbfgsInvHessProduct with dtype=float64>
      jac: array([ 7.79664333e-03,  3.67481334e-03, -2.04317985e-03, -7.09337655e-03,
       -2.10090159e-03, -8.96583249e-04, -0.00000000e+00,  8.08847898e-03,
       -2.76376190e+01, -7.50637678e-03])
  message: 'CONVERGENCE: REL_REDUCTION_OF_F_<=_FACTR*EPSMCH'
     nfev: 28
      nit: 26
     njev: 28
   status: 0
  success: True
        x: array([-0.64746538, -0.82973905, -0.42378725,  0.19640272, -3.01627852,
       -1.64992279,  0.33647224, -0.45245764,  0.        , -0.13369949])
