number of sites to be analyzed:  229
log likelihood =  -6890.079433047862
Edge derivatives =  [58.39575249001476, 9.614443331848856, 29.61808148493067, 13.945104077538916, -40.95040169941632, -25.74393953672887, 86.7068724823955, 81.86812186940682, -3.023436619554844, 15.719693496561773, -21.99515204856087, 17.680041837468355, -13.201465702369092, -13.284449332471915, 31.045434465496317, 52.96736289893223]
other derivatives: [ -37.42420813   72.81010949 -182.06799086  164.83241234 -553.56624125
 -165.84874174]
Current x array =  [-0.69015483 -0.67035946 -0.42375222  0.18232156 -0.10536052  0.33647224
 -2.30258509 -2.30258509 -2.30258509 -2.30258509 -2.30258509 -2.30258509
 -2.30258509 -2.30258509 -2.30258509 -2.30258509 -2.30258509 -2.30258509
 -2.30258509 -2.30258509 -2.30258509 -2.30258509]
log likelihood =  -6481.943624853303
Edge derivatives =  [48.823927133439284, 13.26322772463208, 41.6639207900926, 23.005559595003113, -23.537131434941987, -9.027051791977296, 98.44803870158069, 92.02096857749099, 12.149729688895198, 28.656115154857016, -5.834274357379582, 36.87848076906983, 5.596440275957038, -0.2513063618508938, 46.04710984477516, 68.0450875369736]
other derivatives: [ 123.52452814   74.87965559   87.61291065  116.07671149 -272.27999828
  -25.10034847]
Current x array =  [-0.75149604 -0.66934264 -0.7221759   0.1984135  -1.01269889  0.06463317
 -2.29225466 -2.28682627 -2.29225466 -2.29225466 -2.36970601 -2.34478142
 -2.29225466 -2.29225466 -2.30754074 -2.29225466 -2.33863687 -2.29225466
 -2.32422333 -2.32435934 -2.29225466 -2.29225466]
log likelihood =  -6329.0093256003665
Edge derivatives =  [40.45580031199076, 13.072332877002609, 44.53893325720875, 25.807456939584362, -16.747044402148276, -3.4028994370770524, 94.92449494398701, 86.2471659498242, 17.868811818994054, 29.130227730248006, -0.4846895434865266, 40.61341122252725, 9.343353307067815, 6.32970445832991, 44.73055751412974, 67.91238105116871]
other derivatives: [-8.70119455e+02  8.99101906e-01 -4.89054564e+01  2.22134486e+01
  1.91913229e+01  2.32327693e-01]
Current x array =  [-0.39601088 -0.52338588 -0.54986611  0.38055137 -2.12275544 -0.09663178
 -2.1997297  -2.24165925 -2.18896006 -2.22786358 -2.46212153 -2.38537752
 -2.08116376 -2.09519667 -2.27223812 -2.21272684 -2.36762395 -2.18999858
 -2.31402335 -2.33194027 -2.17727568 -2.13529665]
log likelihood =  -6233.770988670409
Edge derivatives =  [43.34696515833942, 15.855201705907568, 49.22717973750467, 28.080514065807943, -12.166510410506904, 0.3563598190791024, 96.77187421359754, 86.65536256336475, 21.38708727535437, 33.12194035312383, 3.52530504528957, 43.116753518174136, 13.926720898278127, 9.248915133092204, 47.1678334557633, 70.88024972501107]
other derivatives: [147.16984515 -58.39470487  51.65932453  22.88657197  77.15903172
   0.82529186]
Current x array =  [-0.72272307 -0.50578859 -0.56568937  0.40988204 -2.32298641 -0.13551152
 -2.17118821 -2.22891051 -2.15606626 -2.20768106 -2.48610275 -2.39501321
 -2.01423454 -2.03370488 -2.26007915 -2.18912174 -2.37404143 -2.15845334
 -2.3099803  -2.33162832 -2.14275574 -2.08598967]
log likelihood =  -6206.886937402523
Edge derivatives =  [43.81401882423929, 15.662811363078836, 48.61259644937807, 27.45304935494406, -12.743098278783256, -0.5828798713654955, 93.88409225491154, 84.02701601022578, 20.624128578392583, 31.912510546882157, 2.6003373131308125, 40.8274918477469, 12.597408496452967, 9.049307096138914, 45.025499763372316, 68.78499485515857]
other derivatives: [ 78.76082054 -46.81727751   2.33537867  31.81721422  51.33182634
  -6.78057404]
Current x array =  [-0.69527989 -0.51330286 -0.50177258  0.42947722 -2.2198786  -0.10336632
 -2.15200758 -2.22389852 -2.13557143 -2.19657232 -2.48497198 -2.39084091
 -1.97048818 -1.99412322 -2.25069998 -2.17562966 -2.36916716 -2.14040476
 -2.30190612 -2.32585457 -2.12225137 -2.05477252]
log likelihood =  -6123.645150820841
Edge derivatives =  [41.89337505413418, 13.88853140026743, 43.29817083955078, 21.720035115461542, -14.405167528498241, -4.920666825033945, 71.55395701150685, 62.67474772320636, 15.995522560039094, 25.327239146570665, -1.8591504835395016, 29.466592817782317, 6.504515444121313, 8.02145163341951, 31.4554737598983, 53.20458418160665]
other derivatives: [-192.27022949  -29.96022522 -319.17855267   29.03588756  -11.26713581
  -46.3318529 ]
Current x array =  [-0.61797024 -0.54642951 -0.3088902   0.60385675 -2.02624065 -0.02687487
 -1.99594496 -2.17246262 -1.96501926 -2.10102146 -2.51889902 -2.38512527
 -1.62789432 -1.68417692 -2.1775925  -2.06228246 -2.35368169 -1.99351579
 -2.25186568 -2.2915019  -1.95741535 -1.80562471]
log likelihood =  -6037.519268181016
Edge derivatives =  [36.147347308194725, 11.082346367149993, 36.96058470442787, 15.70824793355833, -13.857120485573018, -6.348656781665728, 48.249632159204005, 41.119394748924044, 12.27863733359669, 19.867132775787734, -4.284580887973889, 22.59721571373357, 4.905986662810423, 5.657861047359203, 20.7371466437976, 37.24936392337443]
other derivatives: [-209.18503287   -2.93733774 -143.67647236   -7.49815081  -40.65345711
  -76.14247806]
Current x array =  [-0.602881   -0.6173836  -0.37893761  0.74366169 -1.94459264 -0.02313579
 -1.84380021 -2.11912344 -1.79678127 -2.00749133 -2.56297801 -2.38763678
 -1.30435193 -1.39325647 -2.10700686 -1.95148166 -2.34546958 -1.85214727
 -2.20801118 -2.2600466  -1.80156129 -1.56811143]
log likelihood =  -5927.173808858516
Edge derivatives =  [20.420955170952993, 6.748635520831632, 24.173366272668392, 4.43102343244575, -8.927384758425376, -6.230387666530742, -16.27181469761214, -13.727879539548438, 8.348494778133391, 10.766223878661124, -5.487716924720353, 4.944221881651827, 4.392177005823352, 6.4809379841447905, -2.3527399772250943, -6.082157097004419]
other derivatives: [-95.70718612  19.84322262 -44.18766548 -62.16008446 -24.57815973
 -99.73521082]
Current x array =  [-0.65794952 -0.74085005 -0.37946696  1.03597975 -2.23210648 -0.23942288
 -1.41318441 -1.96425107 -1.3198841  -1.74954503 -2.72154408 -2.42019994
 -0.43521186 -0.61408561 -1.91487365 -1.6403271  -2.34679474 -1.45782991
 -2.09576475 -2.18458167 -1.37885136 -0.92372495]
log likelihood =  -5875.768043395763
Edge derivatives =  [10.271885440255929, 5.0372489062096335, 16.132699469629543, 2.2064615055414913, -6.687338819398563, -4.404253416183524, -22.13624044973503, -18.522940080209654, 8.884932891326661, 9.763664142186473, -3.4472477978955824, 5.776441371602831, 7.2460603090392235, 8.188370306992176, 0.20734282698992385, -8.23390397648176]
other derivatives: [-42.80280882   7.9188103   32.51799262 -16.04741556 -17.28887745
 -39.08472263]
Current x array =  [-0.6945532  -0.73900844 -0.41408001  0.80116512 -2.32745516 -0.6925885
 -1.23708665 -1.89684138 -1.10585574 -1.66858714 -2.79599672 -2.4515507
 -0.3276299  -0.50904312 -1.82880789 -1.51746218 -2.36710209 -1.34344186
 -2.04464362 -2.13536001 -1.28971581 -0.81436131]
log likelihood =  -5857.584542549199
Edge derivatives =  [6.116587399339878, 4.8905146767846395, 11.783300337043967, 3.451371058556185, -4.994868879675231, -3.2257629709365854, -11.060408928390704, -9.657368957636507, 8.77548214030256, 8.534129105449734, -1.8263472093279434, 5.26322954028172, 7.393904034720901, 9.075592494367376, 3.39668343887069, -2.9772735907225707]
other derivatives: [  2.40585905  10.52762127 -22.05041528   9.79866491   9.52902751
 -11.63534364]
Current x array =  [-0.73438591 -0.748621   -0.38105002  0.67374872 -2.46887432 -1.0180551
 -1.12093151 -1.84282032 -0.94266597 -1.62053363 -2.86148963 -2.48514337
 -0.37510472 -0.54044429 -1.74854612 -1.41656065 -2.39021697 -1.26278333
 -1.98780337 -2.07553607 -1.2415419  -0.79835708]
log likelihood =  -5852.0652533597695
Edge derivatives =  [-1.1671256677503228, 3.4064931943144194, 2.539389496994109, 1.8328467733281606, -4.584843822746564, -3.4119500531760014, -8.921051857536638, -8.888779486727957, 5.537766742872592, 3.363311395663071, -1.8164560987542009, 1.4718418409617833, 5.180913130351963, 6.756937584780812, 1.3413963316579511, -4.509755346965194]
other derivatives: [  8.80114021 -30.23625595   6.89506123  16.09290575  -0.78031541
  -0.84020644]
Current x array =  [-0.74673799 -0.71201979 -0.39107311  0.64302514 -2.45463495 -1.23547555
 -1.01885945 -1.79112086 -0.79414241 -1.5720944  -2.9163858  -2.51330072
 -0.40141967 -0.55766496 -1.6664951  -1.32060105 -2.40697612 -1.18603384
 -1.92547293 -2.00705666 -1.18723487 -0.77359935]
log likelihood =  -5850.026721795212
Edge derivatives =  [-2.824615938103174, 3.2571605374012496, -1.393964166488444, 2.2093186711271433, -3.76020920673503, -3.054789455574278, -1.6487291224699252, -2.61822298225513, 3.765257734998662, 0.7598529041211668, -1.2898122649288024, -0.5927472878237325, 3.4413852348242306, 5.194087673565672, 1.4661683040243307, -1.3996023415742371]
other derivatives: [35.89083644 28.14957952 15.10342372 14.22874811 -3.48484751  4.24936803]
Current x array =  [-0.76069916 -0.78194858 -0.38866755  0.66448421 -2.45695752 -1.38487759
 -0.96224716 -1.7487476  -0.69625656 -1.5384699  -2.96533642 -2.54272525
 -0.45963747 -0.60879006 -1.5986775  -1.25229037 -2.42433922 -1.13746432
 -1.87083347 -1.94270018 -1.15445332 -0.78139538]
log likelihood =  -5848.493455153521
Edge derivatives =  [-2.7404053914113544, 3.218018244381591, -1.3416630838036585, 2.454797971666545, -3.788055889334219, -3.0921427812388784, 0.6712836416520827, -0.9541875771180133, 3.0778658089159117, 0.1436911882345732, -1.2644359991748493, -0.8032327900917883, 2.492807874674714, 4.437818099635403, 1.2327504351838015, -0.44065677332076686]
other derivatives: [16.31648684  3.87759701  2.32980528  6.50449601  2.70935276  4.04404719]
Current x array =  [-0.74884702 -0.75614818 -0.38222833  0.70319441 -2.47132287 -1.38126929
 -0.96765624 -1.74085873 -0.69457758 -1.53477344 -2.97561311 -2.55109478
 -0.48097022 -0.62987095 -1.58696175 -1.24700602 -2.42871913 -1.13739342
 -1.85985446 -1.92717129 -1.15287976 -0.79304496]
log likelihood =  -5847.9233849631655
Edge derivatives =  [-2.6800113038755122, 3.1112574463381564, -1.5703417776868058, 2.4038750173650096, -3.7802188662047516, -3.120756713010901, 1.4278476792133679, -0.3620892999904696, 2.1772305784912183, -0.6108489447809313, -1.303858593607914, -1.2460210645346486, 1.4109934205565238, 3.4312091127726574, 0.5758624793404387, -0.22750045042572095]
other derivatives: [-0.88217803 -4.32721754 -2.77327308 -1.21390076  2.21852144  3.16244985]
Current x array =  [-0.73713772 -0.74965551 -0.37944581  0.74621207 -2.4632728  -1.36813065
 -0.97423884 -1.72970801 -0.69337109 -1.52724455 -2.98885883 -2.56172154
 -0.49122047 -0.64333532 -1.57260348 -1.24167459 -2.43349556 -1.13690308
 -1.84706052 -1.90796339 -1.14796361 -0.79935061]
log likelihood =  -5847.699825756632
Edge derivatives =  [-2.3445627885681235, 3.086837506241427, -1.3752365504439878, 2.3121641896172536, -3.7396535173941134, -3.055935664824912, 1.6386532957532698, -0.012800411450301252, 1.659766578553391, -0.8053495028086116, -1.2954202275558884, -1.1577562696042687, 0.7896159744563633, 2.740970498789602, 0.3094002097778831, 0.03490445641654624]
other derivatives: [-3.37817164 -3.32902346 -3.7702921  -4.20473589 -0.07172943  2.33054047]
Current x array =  [-0.73465993 -0.75062195 -0.37893605  0.76306477 -2.44974664 -1.35082223
 -0.98515871 -1.7212142  -0.69999644 -1.52191514 -2.99899306 -2.57076514
 -0.49692114 -0.65317684 -1.56476148 -1.24330161 -2.43729533 -1.14179559
 -1.84039098 -1.89501866 -1.14763189 -0.80582829]
log likelihood =  -5847.321077838791
Edge derivatives =  [-1.797580244413822, 2.792814297004522, -0.9022208697228614, 1.8237319692231682, -3.417573427259688, -2.595387445859406, 1.6518229514639788, 0.7628076169473879, 0.08393106541644306, -1.2305680929871088, -1.0883764979163613, -0.42916855072344745, -0.7709685627278505, 0.610693487290412, -0.2661922371130822, 0.5845246518360514]
other derivatives: [-25.8689015    4.02930164  15.79471063  -4.75948673   1.230148
   0.69413563]
Current x array =  [-0.71833502 -0.76058704 -0.38821337  0.76572186 -2.45189421 -1.32250592
 -1.01251121 -1.6813764  -0.70989907 -1.49355098 -3.0470793  -2.60962333
 -0.49672809 -0.67012328 -1.53479075 -1.24427499 -2.4542762  -1.15090737
 -1.81998232 -1.85072606 -1.14029549 -0.81348322]
log likelihood =  -5846.835194751537
Edge derivatives =  [-1.1583786967482097, 2.7318026417099235, -0.3649580001727695, 1.5185158315973468, -3.2132594621166537, -2.3235293720872163, 1.3574533350801428, 0.9826660969079692, -0.7930565564186101, -1.2782610604160816, -0.9888348507802729, -0.18507736370639394, -1.762898340826504, -0.5998197140006829, -0.7430299207426125, 0.6937206775818054]
other derivatives: [-13.09457821   3.27512225   6.82862719  -5.28716373  -1.15559566
  -0.77238872]
Current x array =  [-0.72682288 -0.75808334 -0.38367613  0.76856594 -2.4421811  -1.29823668
 -1.03121274 -1.65643335 -0.71806697 -1.47586919 -3.07680232 -2.63375789
 -0.49477006 -0.67901563 -1.51750279 -1.24659006 -2.46450364 -1.15739983
 -1.8086053  -1.82423723 -1.1362891  -0.81760911]
log likelihood =  -5846.382062826814
Edge derivatives =  [-0.750657462007555, 2.4492414112880962, -0.03539883454468812, 0.7836832437898735, -2.811262487119028, -1.8234020987729456, -0.09880742736193221, 0.5433931653064203, -2.105461219997872, -1.3407204350975819, -0.7852935826465308, 0.010134575455051281, -3.025066765682122, -2.302050350041442, -1.539691648326304, 0.19591468286523495]
other derivatives: [-1.37764255  2.5587342  -5.44314389 -0.9064006  -2.37054413 -2.26700775]
Current x array =  [-0.73661398 -0.75649146 -0.37821056  0.74774481 -2.44734502 -1.28298413
 -1.05139892 -1.6082708  -0.71867344 -1.44000175 -3.13387778 -2.67734396
 -0.47637564 -0.67894414 -1.48804659 -1.24535923 -2.48321836 -1.15975377
 -1.79267801 -1.78314278 -1.12450682 -0.81195259]
log likelihood =  -5846.260599967782
Edge derivatives =  [-0.44723137992524886, 2.273758321504368, 0.5035330378376067, 0.4936627524936411, -2.572602784368385, -1.4791737806037801, -0.4281604281504982, 0.4835218136961572, -2.35804950984992, -0.9484341022369891, -0.5831429978835593, 0.5702325657809718, -3.1223416713017014, -2.8877018809793578, -1.4689364678292258, 0.23897670425183817]
other derivatives: [10.02391764 -1.35673963  8.77426282 -0.47905996  1.40738538 -2.69614891]
Current x array =  [-0.74380286 -0.75102506 -0.38309855  0.73731724 -2.46214548 -1.2754058
 -1.064968   -1.58100021 -0.72219246 -1.42196297 -3.1665532  -2.70179052
 -0.46713443 -0.67740569 -1.47954418 -1.24922598 -2.49369746 -1.16217768
 -1.79221117 -1.76929114 -1.12261207 -0.80915399]
log likelihood =  -5846.145013970978
Edge derivatives =  [-0.596161755215324, 2.1195189805847887, 0.2838743919684394, 0.2656915374667518, -2.4179843274754105, -1.3091763989832181, -0.6371233629343279, 0.42863762467146715, -2.5024262872093046, -0.8811907367683289, -0.4765614920703175, 0.4790209178399597, -3.172220562441845, -3.0171513988174206, -1.4533083804705367, 0.11426037981278803]
other derivatives: [ 5.27618067 -0.14292527  0.53319036  2.49354343  2.09638639 -2.28070648]
Current x array =  [-0.74193995 -0.75330714 -0.38000684  0.72549556 -2.47084469 -1.28770438
 -1.06617084 -1.56254057 -0.71528604 -1.40954961 -3.18831991 -2.71690696
 -0.46230279 -0.67551292 -1.47306053 -1.24688341 -2.50042481 -1.15857887
 -1.79166925 -1.76155568 -1.1197055  -0.80512973]
log likelihood =  -5845.998461327234
Edge derivatives =  [-0.7575748516128149, 1.9308517844132502, 0.0931402536545562, 0.03968352030182801, -2.2577489913076105, -1.1162377865868307, -0.7414501740846959, 0.3019300478795924, -2.3155700013124294, -0.5906602339496041, -0.3437926709338293, 0.4651707632456188, -2.8280748631579242, -2.808650606778042, -1.1725664495767327, 0.04194169673946538]
other derivatives: [ 0.00556793 -0.11156681 -3.08240033  3.98547309  2.95852888 -1.65406208]
Current x array =  [-0.73907394 -0.75402378 -0.37874811  0.72001085 -2.47697703 -1.30064078
 -1.06978453 -1.54226687 -0.71043449 -1.3984377  -3.2121949  -2.73293885
 -0.45949972 -0.67319431 -1.47335671 -1.24798149 -2.50735013 -1.15548613
 -1.7984902  -1.76150212 -1.12096298 -0.80189243]
log likelihood =  -5845.636435130308
Edge derivatives =  [-1.086417866952462, 1.3036773414844376, -0.35448838034240315, -0.6900202871291897, -1.8040055156659687, -0.5392358516282484, -0.9423461433980743, -0.10382030088602945, -1.6083843932706356, 0.39731242051794163, 0.053855694097966186, 0.5028535870803295, -1.6339863454584795, -2.1253603878492693, -0.24641700094669874, -0.0866757710804405]
other derivatives: [-8.5209831  -0.68092777 -6.71672296  5.16944783  3.66353251 -0.15654067]
Current x array =  [-0.73397707 -0.75419877 -0.37734355  0.71812801 -2.48212171 -1.3302189
 -1.08751334 -1.47868487 -0.7017538  -1.36652861 -3.28706419 -2.78312336
 -0.45555305 -0.66935762 -1.47928705 -1.25517894 -2.52851656 -1.14882144
 -1.82402303 -1.76573429 -1.12873015 -0.79559922]
log likelihood =  -5845.324756208989
Edge derivatives =  [-1.110488836406101, 0.5864397834212632, -0.5135966260459017, -1.4275198508516782, -1.3658362974303535, 0.046531552392195176, -0.9699227656292413, -0.44270594700843074, -0.7277752276595713, 1.4140504202455562, 0.44794464053707606, 0.5607374281865054, -0.28101689639638994, -1.3199192368344088, 0.6681180360493926, -0.13081345529304758]
other derivatives: [-8.37857169  0.15370188 -5.73282523  3.46947672  2.4293469   0.81736936]
Current x array =  [-0.73317889 -0.75455504 -0.37722756  0.72920803 -2.47442326 -1.34837477
 -1.11507396 -1.40926637 -0.70035809 -1.3368067  -3.36985378 -2.83731547
 -0.45634649 -0.66915654 -1.49040143 -1.26423673 -2.55021899 -1.14412065
 -1.85468207 -1.77504861 -1.1389797  -0.79246558]
log likelihood =  -5845.095601476511
Edge derivatives =  [-0.5365400464546739, -0.1771967563285909, -0.16285973562329253, -1.5396094057155563, -1.0532530266085114, 0.4311932450139711, -0.07886015494523624, -0.0666084373695795, -0.2041407459563308, 0.31041616621578993, 0.49737691766667824, -0.10142009713879588, 0.6586899697116658, -0.37797091984396075, -0.01246068477583559, -0.4261028111555656]
other derivatives: [-7.40281666 -7.79856146 -4.59800322  1.52795474 -0.23281952  0.22466911]
Current x array =  [-0.73326813 -0.7432933  -0.37833981  0.73785716 -2.45392586 -1.33505623
 -1.16406131 -1.34177783 -0.71530951 -1.3389732  -3.46521192 -2.88373057
 -0.47295463 -0.68173189 -1.50696321 -1.24862022 -2.56062295 -1.13613855
 -1.87833728 -1.79845396 -1.13552105 -0.79534108]
log likelihood =  -5845.555382220341
Edge derivatives =  [0.6378765038864361, -0.5553641328715505, 0.6057027253793997, -0.7790910080984754, -0.6200382943400626, 0.8717868384752103, 1.9735914896741467, 1.4424574784761854, 1.189556403932432, -0.7708237150912791, 0.6371082790580188, -0.8566670192960932, 2.2795648859195348, 1.5379295744445654, -0.12786173644441462, 0.16809286616487978]
other derivatives: [15.99887582 25.50699173 10.77126126  0.69284397 -2.56828432  0.45699268]
Current x array =  [-0.74360232 -0.77812647 -0.38373452  0.74032599 -2.43872704 -1.34563589
 -1.20482225 -1.27972574 -0.71946875 -1.35757651 -3.56302546 -2.92048237
 -0.49333881 -0.69238237 -1.52889659 -1.22045476 -2.56423843 -1.11945405
 -1.90063967 -1.83509007 -1.12867375 -0.79670774]
log likelihood =  -5845.029981438398
Edge derivatives =  [-0.21949755245176747, -0.26532923514197315, 0.04617023219355382, -1.336141806147135, -0.9343381782259088, 0.5491209297986189, 0.4626393538724361, 0.3320862984570175, 0.16418085897862067, 0.04204861247890304, 0.5352108897278346, -0.28789109441086747, 1.084177735211068, 0.12879801290090248, -0.034502324083777014, -0.2636523764038632]
other derivatives: [-1.23100926  1.18330172 -0.56916087  1.31515299 -0.82280666  0.28222198]
Current x array =  [-0.7359393  -0.75229695 -0.37973423  0.7384953  -2.44999729 -1.33779085
 -1.17459716 -1.32573867 -0.71638459 -1.34378176 -3.49049467 -2.89323014
 -0.47822351 -0.68448481 -1.51263253 -1.24134004 -2.56155748 -1.13182596
 -1.88410198 -1.80792363 -1.13375117 -0.79569433]
log likelihood =  -5845.011671789529
Edge derivatives =  [-0.019960145474911983, -0.1405721201014456, 0.26800223814753504, -1.0797941783849612, -0.9688541993094989, 0.4843583576786411, 0.6649059081698756, 0.5137175817431348, 0.09790713787916783, -0.3193818796071492, 0.4524206913298191, -0.3290483772100496, 0.9295511918945956, 0.12362926205991268, -0.2991166323951189, -0.1987469125967164]
other derivatives: [ 0.3186924   0.34724326  0.43224645  0.7260187  -0.59573964 -0.10106338]
Current x array =  [-0.73673537 -0.75092731 -0.38019298  0.73995841 -2.44886184 -1.32948638
 -1.17683431 -1.33265472 -0.72025011 -1.3536568  -3.486089   -2.88644825
 -0.48078347 -0.68646527 -1.51367636 -1.23746167 -2.55711608 -1.13256271
 -1.8802597  -1.81057702 -1.13160229 -0.79776553]
log likelihood =  -5844.9911872716275
Edge derivatives =  [0.16809174768061708, -0.04841922811811439, 0.4388194213376986, -0.8020518403528556, -0.9653196612481104, 0.4543936697086652, 0.6778583100817626, 0.5472618990817959, 0.09218181884729014, -0.481490575480293, 0.4021146551200466, -0.28027091345996447, 0.7469829609757461, 0.12963210952448612, -0.38784160376389654, -0.05752953182773088]
other derivatives: [ 1.35819664  0.07713516  0.20201151  0.02212346 -0.07548406 -0.34994682]
Current x array =  [-0.73725195 -0.7504474  -0.38000054  0.74255552 -2.44970801 -1.3247634
 -1.17942476 -1.33560535 -0.72184552 -1.36388303 -3.48946744 -2.88159643
 -0.48025907 -0.68597655 -1.51448312 -1.23542762 -2.55290046 -1.13370884
 -1.87519803 -1.81266935 -1.13100978 -0.79957501]
log likelihood =  -5844.960098078771
Edge derivatives =  [0.3685032082110148, -0.056173765525405095, 0.33441848842054644, -0.24962177042451233, -0.9059240148875212, 0.4068090659363017, 0.15861366569127328, 0.23108756509296807, -0.18090226444853572, -1.0710557298206402, 0.255657648343795, -0.16645333247225327, -0.006914974299331203, -0.16110356482201021, -0.7270759677327676, 0.12280926730209002]
other derivatives: [-1.11331337 -0.13847148  7.20527714 -1.22233632 -0.38819483 -0.91484883]
Current x array =  [-0.7350544  -0.75027436 -0.38320289  0.74698254 -2.44667407 -1.31711524
 -1.18810373 -1.33337093 -0.72101158 -1.39165719 -3.51776183 -2.87351367
 -0.4747852  -0.68246476 -1.51270363 -1.22912959 -2.54179081 -1.13594734
 -1.8562818  -1.81406597 -1.1287599  -0.80318166]
log likelihood =  -5844.925012017127
Edge derivatives =  [0.5968667583799412, -0.08500023169755755, 0.37099038807344814, 0.10069230308429442, -0.7819643492884852, 0.48216247901500464, -0.2757269169969172, -0.040500570627421406, -0.1318115175839613, -0.9536726135227721, 0.2560512422404096, -0.046414508935823745, -0.3924019078926918, -0.1629166720227478, -0.6072643527097582, 0.3242144831830181]
other derivatives: [ 2.89341551 -0.09084488 -1.31552497 -1.30452827 -0.10882762 -0.98478592]
Current x array =  [-0.73825922 -0.75017314 -0.37923014  0.7483927  -2.44958869 -1.31982978
 -1.19560339 -1.3205283  -0.71712216 -1.4049583  -3.55268276 -2.87631641
 -0.46748265 -0.67728613 -1.5113481  -1.22838038 -2.53761958 -1.13695859
 -1.84588796 -1.81402541 -1.1296667  -0.80387921]
log likelihood =  -5844.906724071958
Edge derivatives =  [0.47730152699210693, -0.24641881216461736, 0.1524993538310846, 0.02236792979390756, -0.7133868815774155, 0.5619374973951448, -0.5189095645140498, -0.24230476756757718, -0.09286200632385223, -0.7284008813976719, 0.31310789784737597, 0.02047175500544529, -0.382426993334841, -0.1757882884246146, -0.41225999317826467, 0.30826094829541856]
other derivatives: [ 1.85081717  0.22712447 -0.89566674 -0.8567913  -0.089541   -0.6892146 ]
Current x array =  [-0.73771852 -0.75082044 -0.37937289  0.74676462 -2.45115943 -1.32725482
 -1.19745139 -1.30930924 -0.71294952 -1.40264641 -3.57133845 -2.88308814
 -0.46400074 -0.67471644 -1.51018622 -1.23021416 -2.53938272 -1.1362373
 -1.84544573 -1.81253201 -1.1311653  -0.80237412]
log likelihood =  -5844.880954213582
Edge derivatives =  [0.322070011669928, -0.442515236688654, -0.18614463594764125, 0.10202326901089942, -0.6009273416396905, 0.644599951207667, -0.5522334077403775, -0.32322035897880186, -0.037320741871094396, -0.39890718442066886, 0.3279752517325306, 0.07099747976915435, -0.4376482314690597, -0.13976374711318146, -0.16088946345863123, 0.18233300339282024]
other derivatives: [-0.30401316  0.48193669 -0.46283731 -0.14074612 -0.12386572 -0.2483841 ]
Current x array =  [-0.73645727 -0.7513075  -0.37973669  0.74386701 -2.45193917 -1.33791792
 -1.20059501 -1.29560273 -0.70755239 -1.40798471 -3.60868698 -2.88635882
 -0.46290226 -0.6731667  -1.50911905 -1.23356655 -2.53647323 -1.13500888
 -1.84242623 -1.81300028 -1.13389723 -0.79973508]
log likelihood =  -5844.866073467758
Edge derivatives =  [0.15129906360630568, -0.5265592030117315, -0.4379864049021397, 0.27792045586234193, -0.5035662857828677, 0.6867241947972996, -0.32600309541582284, -0.23441911723733772, 0.034536087028694235, 0.09733899214365943, 0.31234208469458474, 0.20024595760088745, -0.4608202825730481, -0.09947260977888983, 0.17423179130384173, 0.05396796915675839]
other derivatives: [ 1.76725371 -0.52486121  3.3833503   0.2372808   0.73565576  0.28987736]
Current x array =  [-0.73773834 -0.74996275 -0.38122398  0.7402019  -2.45499709 -1.34909716
 -1.19980106 -1.28977278 -0.70297355 -1.416151   -3.64403449 -2.88138095
 -0.46361561 -0.67234405 -1.50787957 -1.23935426 -2.52966017 -1.13423587
 -1.8390438  -1.81396714 -1.13759242 -0.79658129]
log likelihood =  -5844.85158345714
Edge derivatives =  [0.15555185744971362, -0.5597001732825034, -0.5202600301855802, 0.574402080234754, -0.43528348130303596, 0.6734599813721989, 0.17313824364312935, 0.07878489236513975, 0.09454909468238257, 0.10491251533320803, 0.20539353640748742, 0.02490062863483583, -0.47504175843411767, 0.11495384049971512, 0.13926065918560507, -0.15814879725195302]
other derivatives: [-2.44016246 -0.0115806   0.03961213  0.93493418  0.3764399   0.43812196]
Current x array =  [-0.73512096 -0.75041438 -0.38048266  0.7380857  -2.45239884 -1.35257566
 -1.20343191 -1.28612395 -0.70342879 -1.42999927 -3.67844836 -2.87392894
 -0.46997502 -0.67557735 -1.50942101 -1.23976339 -2.52062069 -1.13235803
 -1.83727868 -1.81986573 -1.13859212 -0.79510486]
log likelihood =  -5844.842452284374
Edge derivatives =  [0.17659215470787976, -0.4372717008877539, -0.41806940797771613, 0.6602036521258728, -0.45525895242317893, 0.6140962812880757, 0.3737351607207211, 0.2272967283490458, 0.07612162691861943, 0.10126680345055297, 0.1504743657069742, -0.005451977407707614, -0.47386486466799205, 0.13441981773678985, 0.08993965033070606, -0.1888621896631251]
other derivatives: [-1.33323465 -0.18937317  0.01810895  0.75796743  0.46015417  0.38882579]
Current x array =  [-0.73574662 -0.74999203 -0.38048285  0.73841414 -2.45180669 -1.35040246
 -1.20056603 -1.29453062 -0.70546723 -1.43305306 -3.67397354 -2.86576527
 -0.47242738 -0.67698094 -1.50961923 -1.24039798 -2.516898   -1.13265529
 -1.83720913 -1.82086959 -1.13855964 -0.79528524]
log likelihood =  -5844.825085970738
Edge derivatives =  [0.1243180939462559, -0.19176267915285028, -0.2626384876917195, 0.7844872628485154, -0.48125388464868973, 0.46915551881940587, 0.6310027697339229, 0.4055500988641438, 0.0046240851091561425, 0.2093290282696876, 0.012707628581963476, -0.0865448612646556, -0.4456293826821202, 0.1497899239753308, 0.030546328026376135, -0.29375663421301257]
other derivatives: [ 0.51380721 -0.35234825 -0.17821912  0.33942251  0.16475476  0.36542416]
Current x array =  [-0.73676579 -0.74944681 -0.38043359  0.73992972 -2.44913366 -1.34776013
 -1.19237099 -1.31336728 -0.70962856 -1.43804119 -3.67349962 -2.84426038
 -0.4762681  -0.67878965 -1.5090272  -1.24358081 -2.50680044 -1.13323403
 -1.83802701 -1.82202332 -1.13940494 -0.79529012]
log likelihood =  -5844.808708898049
Edge derivatives =  [0.037368429753795535, -0.055826826111394, -0.13342467827829113, 0.807483770105355, -0.4643695920396575, 0.36943941054772944, 0.6295052439426922, 0.38639821032471, -0.020176706627447236, 0.3668735217142885, -0.0862527037173752, -0.13826145404303214, -0.32103816341761704, 0.19353194947055055, 0.06472713394968574, -0.295024070281264]
other derivatives: [ 1.42554836  0.3184341  -0.19473737 -0.08269126 -0.10165972  0.42907485]
Current x array =  [-0.73715399 -0.75008796 -0.38036717  0.74206508 -2.44752806 -1.34804513
 -1.18609466 -1.32454307 -0.7127287  -1.43850566 -3.6883568  -2.82630221
 -0.47676653 -0.67833706 -1.50824758 -1.24642786 -2.49812409 -1.13338451
 -1.84110623 -1.82242055 -1.14083027 -0.79552544]
log likelihood =  -5844.795635691745
Edge derivatives =  [-0.36511991743239114, 0.14182322840547057, 0.04714172688578416, 0.6253151200029906, -0.4257087703417442, 0.09069373684247019, 0.12920308309962203, -0.07661505672813163, -0.1919675906503326, 0.5496936107946342, -0.3341033868546969, -0.2552407812377201, -0.043163755479114455, 0.18200353682483975, 0.06381006662165709, -0.26839802542495717]
other derivatives: [-0.76620472 -5.19336118 -2.53107828 -0.94920688 -0.32443431  0.55096289]
Current x array =  [-0.73621081 -0.74429229 -0.37941733  0.74669916 -2.44651187 -1.34838451
 -1.17103479 -1.34851271 -0.71991578 -1.43189276 -3.73597222 -2.78201497
 -0.47299182 -0.67424604 -1.50548249 -1.25141858 -2.47829871 -1.13441589
 -1.85077239 -1.82061429 -1.14400661 -0.79714285]
log likelihood =  -5844.76475746909
Edge derivatives =  [-0.3287403759674429, 0.09037484166475651, 0.18626827981436428, 0.5869801377324676, -0.32493721263956604, 0.10948791666003388, -0.06646121368494629, -0.19923025602309075, -0.08667968744715158, 0.6081251081741772, -0.35982738948529347, -0.269121556688249, 0.21543267579825648, 0.3293425868422114, 0.17302254673615114, -0.08228218355710212]
other derivatives: [ 1.07626602  0.46432888 -0.65453423 -0.98038618 -0.82711914  0.61896542]
Current x array =  [-0.7367492  -0.75042443 -0.38001341  0.7475097  -2.44519431 -1.35144358
 -1.17313587 -1.34160862 -0.72116296 -1.42858613 -3.7817467  -2.77421059
 -0.47035889 -0.67210958 -1.50554905 -1.2503617  -2.47281844 -1.13337886
 -1.85585897 -1.82147494 -1.14501887 -0.79780241]
log likelihood =  -5844.751862471395
Edge derivatives =  [-0.2974933773348331, -0.05204792878788811, 0.16145732382252304, 0.499637390967999, -0.2716937608670467, 0.17747678244172943, -0.3006048110661982, -0.3618472572766044, -0.041426459316098535, 0.4834295349860158, -0.32048934515063926, -0.2279205290457931, 0.27422826262032457, 0.3521944193536067, 0.19309238896218595, 0.04117884221092169]
other derivatives: [ 0.3079922   1.13229635 -0.09914584 -0.71812246 -0.6902946   0.6037309 ]
Current x array =  [-0.73626655 -0.75130748 -0.38021788  0.74647242 -2.44668241 -1.35279849
 -1.17851593 -1.32988737 -0.71996217 -1.42469067 -3.806922   -2.77895935
 -0.46717414 -0.67034613 -1.50582667 -1.24731496 -2.47444051 -1.13300341
 -1.85730746 -1.82096111 -1.14471968 -0.79836157]
log likelihood =  -5844.730063070159
Edge derivatives =  [-0.2565172964486159, -0.21010277060912075, 0.2283141450445733, 0.30724424665220074, -0.17099430083727196, 0.17649111472699602, -0.5531222906391993, -0.5244325658559792, -0.022061719760776075, 0.08762837934088014, -0.3535586810086244, -0.17983003933555855, 0.42279716552923996, 0.3564984001345044, 0.09586989366994297, 0.22560574047354284]
other derivatives: [-0.67142173  0.92455593  0.54629527 -0.12775308 -0.31128711  0.41635365]
Current x array =  [-0.73578021 -0.7511167  -0.38052796  0.74342361 -2.44933005 -1.35078058
 -1.18571192 -1.31799939 -0.72084266 -1.41511309 -3.87333446 -2.76953213
 -0.46384321 -0.6691009  -1.50631456 -1.24033679 -2.47072441 -1.13333197
 -1.86229825 -1.81918166 -1.14383451 -0.799795  ]
log likelihood =  -5844.731333096654
Edge derivatives =  [-0.12149035537874106, -0.30322583280879156, 0.16470381359128794, 0.13989611498723262, -0.059737023035122225, 0.2036032736973588, -0.48897484920134116, -0.42388589551431854, 0.0617126427115048, 0.04841083676162247, -0.3200877504355012, -0.019840234865527134, 0.3477511532631424, 0.24120886904824498, 0.17632658079080116, 0.23465363158620753]
other derivatives: [ 2.42604892  0.73235151 -7.25021346  0.81966209  0.22864813  0.30195072]
Current x array =  [-0.73854728 -0.75078009 -0.37698888  0.73978993 -2.45406077 -1.35122368
 -1.19343912 -1.30489525 -0.71643289 -1.40264664 -3.94607997 -2.76061094
 -0.46242392 -0.66998014 -1.50595486 -1.23697055 -2.4705504  -1.13524224
 -1.86231864 -1.81304142 -1.14449318 -0.79813818]
log likelihood =  -5844.723708619676
Edge derivatives =  [-0.19172911978476972, -0.2541408952697064, 0.19812009158685706, 0.22803856973982906, -0.11596526257733074, 0.19010210310791392, -0.5221592904077792, -0.47603780355712055, 0.018310707101139218, 0.06958623372385936, -0.3373442199220519, -0.10269498821579678, 0.38708880530371703, 0.30179628905480926, 0.1345690776327499, 0.2303994718785536]
other derivatives: [ 0.80989594  0.83497616 -3.14872341  0.32361186 -0.05199464  0.36183296]
Current x array =  [-0.73709976 -0.75095618 -0.37884025  0.74169079 -2.45158602 -1.35099189
 -1.18939685 -1.31175032 -0.71873974 -1.40916812 -3.90802517 -2.76527781
 -0.46316638 -0.66952019 -1.50614303 -1.2387315  -2.47064143 -1.13424293
 -1.86230797 -1.81625352 -1.14414862 -0.7990049 ]
log likelihood =  -5844.71332281264
Edge derivatives =  [-0.14714508877547428, -0.26309610209204426, 0.23846580130623518, 0.12043063477106827, -0.07675251577491102, 0.11211112584387688, -0.3746853192434716, -0.34743163627612217, -0.024918165828540256, -0.26643954919522217, -0.4018365738514916, -0.059992026093534906, 0.3975137985833934, 0.20549821465859092, -0.02717798005023278, 0.2232033356849666]
other derivatives: [ 0.08540428 -0.09597534 -1.04429455  0.45845627  0.30911941  0.10597824]
Current x array =  [-0.73658785 -0.74983036 -0.37980387  0.74012265 -2.45256875 -1.34566771
 -1.19255881 -1.3122947  -0.72018354 -1.40311155 -3.94857349 -2.75093905
 -0.46489166 -0.67182815 -1.50672562 -1.23431403 -2.46678944 -1.13550599
 -1.8641935  -1.81419331 -1.14315553 -0.79935462]
log likelihood =  -5844.707980444442
Edge derivatives =  [-0.11589492002258167, -0.21835730678642185, 0.18523173453988567, 0.09365076201790878, -0.06302628192879979, 0.060801892200946527, -0.11572437280625592, -0.1432046618009825, -0.0492139013627471, -0.3092916584884522, -0.423748106505073, -0.006506828821715521, 0.30693551888737525, 0.0884608024175942, -0.07318969064063274, 0.1097934443895246]
other derivatives: [ 0.32310982 -0.37976952 -0.05837683  0.37912923  0.44767062 -0.00568861]
Current x array =  [-0.73665551 -0.74941667 -0.38021618  0.73999239 -2.45253812 -1.34299179
 -1.19331844 -1.31573526 -0.71958847 -1.40060762 -3.96468771 -2.74225255
 -0.46774463 -0.67457512 -1.50691739 -1.23413404 -2.4658351  -1.13669614
 -1.8628009  -1.81213767 -1.14317239 -0.79834268]
log likelihood =  -5844.703862483352
Edge derivatives =  [-0.06489971913926218, -0.1442920900958553, 0.050577749256107085, 0.07819355102268369, -0.05223207091415769, 0.002084623888501773, 0.23335929341268474, 0.1394747781157435, -0.07492139293606277, -0.28052337433138824, -0.43165483616722733, 0.028359880112210023, 0.11680118545324898, -0.07215769275526504, -0.11670982576638775, -0.09803686061209724]
other derivatives: [-1.01473142 -0.08409188 -0.80671543  0.29833336  0.24809112 -0.13462232]
Current x array =  [-0.73572429 -0.74976397 -0.38004252  0.74081442 -2.45115949 -1.34005945
 -1.19450973 -1.32096577 -0.71794095 -1.39843615 -3.97922753 -2.73301036
 -0.47200549 -0.67862132 -1.5073467  -1.23534891 -2.46673591 -1.13809195
 -1.85928021 -1.80960624 -1.1434531  -0.7965926 ]
log likelihood =  -5844.706405855739
Edge derivatives =  [-0.06641992135139163, -0.12022798094530951, -0.20090727151436055, -0.0020854404133224536, -0.028346481033278477, 0.012013537065834447, 0.4091661852603573, 0.27182691685695115, -0.0483328690112419, 0.048372231586069375, -0.3500807400769513, 0.19256362674018812, -0.0790489789754453, -0.29914653952684406, 0.04908617645015784, -0.25266760524921617]
other derivatives: [ 3.13939381 -0.48473339  2.91704509 -0.47534559  0.25162952 -0.04576574]
Current x array =  [-0.73809354 -0.74904652 -0.38115517  0.7431989  -2.45044288 -1.34171395
 -1.19574664 -1.32221398 -0.71326158 -1.39380107 -3.99381644 -2.72928836
 -0.47318835 -0.68057548 -1.50713394 -1.2398626  -2.47184115 -1.13941287
 -1.85438384 -1.8055884  -1.14525347 -0.79414649]
log likelihood =  -5844.702085177651
Edge derivatives =  [-0.06551988647842744, -0.13489568206232483, -0.04754068443363471, 0.04689316078164335, -0.04282643139382748, 0.0059682727048461365, 0.3019728224570372, 0.19113638079600925, -0.06451163176796748, -0.15189565442823041, -0.39973716907896306, 0.09248017877288056, 0.04038724359732353, -0.16077459025013657, -0.05197650197940268, -0.15841667095751016]
other derivatives: [ 0.61131959 -0.24035671  0.64959841 -0.0040236   0.24961457 -0.09993952]
Current x array =  [-0.73664971 -0.74948374 -0.38047712  0.74174579 -2.45087958 -1.34070569
 -1.19499286 -1.32145332 -0.7161132  -1.3966257  -3.98492592 -2.73155655
 -0.47246751 -0.67938461 -1.5072636  -1.23711195 -2.46873    -1.1386079
 -1.8573677  -1.80803688 -1.14415632 -0.79563716]
log likelihood =  -5844.701042991087
Edge derivatives =  [-0.07148554944630317, -0.14323406721805532, -0.0891660313519487, 0.03631129260540228, -0.041207098236433926, 0.021051416135544843, 0.2489936856097556, 0.15309069178686363, -0.053949093360907016, -0.08335980044967731, -0.3774606306663143, 0.09408926615061655, 0.017484902000852037, -0.16848656212357582, -0.014978121199358457, -0.16132753960246907]
other derivatives: [ 0.40167288 -0.07330163  0.32951084 -0.0547725   0.12084338 -0.06140739]
Current x array =  [-0.73651526 -0.74971877 -0.38033721  0.74228216 -2.45051701 -1.34168379
 -1.19530324 -1.32069889 -0.71538354 -1.3963945  -3.98423377 -2.7331229
 -0.47189839 -0.67905106 -1.50725176 -1.23801697 -2.47025654 -1.13848023
 -1.856692   -1.80791406 -1.14447823 -0.79549592]
log likelihood =  -5844.6993145334545
Edge derivatives =  [-0.07223111014774028, -0.15748377725930507, -0.1555073579343937, -0.010371566266505733, -0.03203430993340436, 0.04435523874227641, 0.090383532443927, 0.04691268546466265, -0.030515401222821273, 0.028024409878799644, -0.3252668835518091, 0.08851401678989429, -0.020264548897134804, -0.1813314356850569, 0.04985626301794277, -0.12520821461390455]
other derivatives: [-0.0558457   0.12171131 -0.09449468 -0.15188289 -0.13742971 -0.00515134]
Current x array =  [-0.73621517 -0.75000417 -0.38016522  0.74324614 -2.44976426 -1.34323114
 -1.19667989 -1.31939145 -0.71434341 -1.39483454 -3.98885511 -2.73454005
 -0.47022538 -0.67823731 -1.50742609 -1.2395027  -2.47409704 -1.13809382
 -1.85556363 -1.80782116 -1.14502159 -0.79569338]
log likelihood =  -5844.697821208223
Edge derivatives =  [-0.04409113547725754, -0.14227309608575212, -0.16010306911059946, -0.04452750527470703, -0.02497405729212314, 0.050755821863962894, -0.012637578318549447, -0.00827658829109873, -0.011343978448846812, 0.0787255595655143, -0.27853112836023813, 0.07207902132455252, -0.045488333966022795, -0.17839266607336063, 0.07650084857204101, -0.06140201402903647]
other derivatives: [-0.26243742  0.18676474 -0.24300425 -0.18801256 -0.23538765  0.00417828]
Current x array =  [-0.73605829 -0.75005103 -0.38013754  0.74355768 -2.44937383 -1.34347081
 -1.19813016 -1.32002153 -0.71434535 -1.39338925 -3.99394461 -2.73385047
 -0.46914262 -0.6779424  -1.50782648 -1.24026042 -2.47802691 -1.13766908
 -1.85468019 -1.80826431 -1.14511609 -0.79631126]
log likelihood =  -5844.694620353668
Edge derivatives =  [0.05249939344503274, -0.05354870212495788, -0.0876121204330697, -0.08740807046696841, -0.014818040854644643, 0.045010795025943275, -0.14152185389273897, -0.05028882969468812, 0.030688291455422248, 0.15091057600851682, -0.16550218733692273, 0.015348780941522921, -0.08090670504168115, -0.1239306695663938, 0.0978135672564748, 0.08278074982668537]
other derivatives: [-0.3599107   0.21518099 -0.3797868  -0.15271507 -0.24034127  0.0008669 ]
Current x array =  [-0.73591884 -0.74988549 -0.3802147   0.74323915 -2.44893985 -1.34289611
 -1.20092893 -1.3250534  -0.71575017 -1.39103576 -4.00290988 -2.72980364
 -0.467827   -0.67797706 -1.50899485 -1.24155569 -2.48843987 -1.13649049
 -1.85279325 -1.8106628  -1.14472597 -0.79781984]
log likelihood =  -5844.692563672712
Edge derivatives =  [0.0510464730945798, 0.010792832377110817, -0.07425786216743391, -0.0826349368235959, -0.01298516563207055, 0.03052628605611784, -0.09608672911118638, -0.05261294748089945, 0.024700864689497615, 0.11183885834137869, -0.05353311775980471, -0.013052270226024926, -0.057398459222113715, 0.002237235001262189, 0.05189819525214662, -0.06806322332716658]
other derivatives: [-0.41970543 -0.49235859 -0.51352617  0.04228968 -0.23732002  0.05927917]
Current x array =  [-0.73594668 -0.74897949 -0.38029559  0.74205143 -2.44873346 -1.34359476
 -1.20038139 -1.33004568 -0.71655144 -1.39143937 -4.00640991 -2.72629458
 -0.46871519 -0.67781118 -1.50917746 -1.24118442 -2.50021689 -1.13577391
 -1.85214942 -1.81440413 -1.1433838  -0.79620549]
log likelihood =  -5844.696189452363
Edge derivatives =  [0.15534532013748215, 0.0923831271344342, 0.1050922538306539, -0.03346195009230435, 0.0080041273607008, 0.01959176161688661, 0.046323989049572634, 0.0580307724986206, 0.05973188861806124, -0.019241324336149, 0.05109887985075662, -0.003200844468148084, 0.049450095520679124, 0.1720114241883288, 0.0065194382667788375, -0.051277967328579005]
other derivatives: [0.88126035 2.46338823 0.76239849 0.31526997 0.04791553 0.02462785]
Current x array =  [-0.73642839 -0.75207098 -0.38083349  0.74026518 -2.44975295 -1.34275751
 -1.20062316 -1.33348918 -0.71843342 -1.39136679 -4.01954067 -2.72051195
 -0.46982865 -0.67788172 -1.50945004 -1.23846274 -2.51034677 -1.13521422
 -1.85295984 -1.81803483 -1.14143558 -0.79557489]
log likelihood =  -5844.692099850892
Edge derivatives =  [0.07733780522254749, 0.031380638503073155, -0.02900904061953624, -0.07022235175326194, -0.007654063323120176, 0.027828226075186605, -0.06015715594099036, -0.024698783247383893, 0.033575436504811276, 0.0789269109404323, -0.02700632683142258, -0.010509608062502201, -0.03048532265422642, 0.04507104972726171, 0.04057087786045338, -0.06378614416976774]
other derivatives: [-0.09172527  0.25429836 -0.19172967  0.11100747 -0.16543438  0.05055832]
Current x array =  [-0.7360679  -0.74975744 -0.38043095  0.74160193 -2.44899001 -1.34338407
 -1.20044223 -1.33091221 -0.71702503 -1.39142111 -4.0097142  -2.72483941
 -0.46899539 -0.67782893 -1.50924606 -1.24049952 -2.50276602 -1.13563306
 -1.85235336 -1.81531778 -1.14289355 -0.7960468 ]
log likelihood =  -5844.691893657557
Edge derivatives =  [0.06892632336170723, 0.030318894080852754, -0.015300739378833195, -0.06011947406644974, -0.007547789776139215, 0.020139964370354445, -0.014247338604186588, -0.0034802246977957974, 0.023874467056061624, 0.03307335464654795, -0.032049532160476187, -0.0040872470495449675, -0.012875518592814397, 0.055768083265338025, 0.018666539881636357, -0.08629493656154705]
other derivatives: [ 0.00865384  0.08880488 -0.10061376  0.11949487 -0.07160064  0.04027557]
Current x array =  [-0.736148   -0.74957398 -0.38045501  0.74142684 -2.44932601 -1.34311991
 -1.1999097  -1.33103222 -0.71722462 -1.39171525 -4.0106427  -2.72401886
 -0.46946346 -0.67790915 -1.50909946 -1.23980884 -2.50257318 -1.13576956
 -1.85283585 -1.81544293 -1.14261583 -0.79580096]
log likelihood =  -5844.691776557191
Edge derivatives =  [0.05956781981529169, 0.025334961775707487, -0.00026193070907559735, -0.05037281614197886, -0.007129854206085785, 0.013453743376613356, 0.014290936438748014, 0.008362155614001776, 0.013334456261443473, -0.008397044045956259, -0.03365269284183448, 0.00018751698470600986, -0.00036782201618348886, 0.05555705600993699, 0.0013785223963949378, -0.06768609717811377]
other derivatives: [-0.10190433 -0.03332025  0.32322714  0.04567028  0.04168498  0.02751982]
Current x array =  [-0.73604993 -0.74946417 -0.38061285  0.74162869 -2.44964769 -1.34276913
 -1.19942471 -1.33101505 -0.71747255 -1.39205117 -4.01163666 -2.72333115
 -0.46972428 -0.67793087 -1.50896733 -1.23922125 -2.50258315 -1.13583993
 -1.85323758 -1.81540535 -1.14236752 -0.79598935]
log likelihood =  -5844.69170320959
Edge derivatives =  [0.0596747749466473, 0.025863337958751287, 0.014602439425029257, -0.04159807365129606, -0.005484951196659137, 0.008745216494101586, 0.03753707721568417, 0.02116375155039585, 0.009556696494730427, -0.03007543069091481, -0.03310390445468175, 0.0013016690698243183, 0.004808737420779474, 0.05594306608324369, -0.007935485843096085, -0.05106010915146192]
other derivatives: [ 0.08027746 -0.07127346  0.05229776  0.00582895  0.09578993  0.01492641]
Current x array =  [-0.73618238 -0.74942259 -0.38046726  0.74181579 -2.44985521 -1.3425129
 -1.19909216 -1.33093571 -0.71757724 -1.39218633 -4.0130367  -2.72269443
 -0.46990524 -0.67796665 -1.50885855 -1.23883213 -2.50268816 -1.13591754
 -1.85347878 -1.81525859 -1.14220965 -0.79613121]
log likelihood =  -5844.691647987456
Edge derivatives =  [0.05579720127217827, 0.02337977351266496, 0.014236370178341451, -0.03969577076344252, -0.0043302144895459894, 0.008335442509985552, 0.03264469013111587, 0.016237789118667745, 0.0074795502611244985, -0.03205782075072111, -0.02714279876907951, 5.666530843745354e-06, 0.003187078304849128, 0.05236331864442306, -0.00817437429755366, -0.03351518519988761]
other derivatives: [ 0.07070503 -0.05407946  0.01319768 -0.03085461  0.09050068  0.0136957 ]
Current x array =  [-0.73617175 -0.74945218 -0.38043956  0.74202272 -2.4498288  -1.34249012
 -1.19893081 -1.33081101 -0.71755915 -1.39227693 -4.01374015 -2.72256426
 -0.46984883 -0.67790341 -1.5088017  -1.23878593 -2.50322458 -1.13590243
 -1.85348673 -1.81515842 -1.14215458 -0.79630239]
log likelihood =  -5844.691497104077
Edge derivatives =  [0.021643008610597397, 0.005490620682281455, -0.0018756544943707154, -0.03261432740665246, -0.000760757577097898, 0.004441257731899136, 0.010149118934162538, -0.005803121441549097, -0.008489156352038105, -0.04673876969985152, -0.009670222948070115, -0.004386162961984824, -0.0005470560704111394, 0.029931781442765912, -0.01708921014310047, 0.01179434434465157]
other derivatives: [ 0.0334403  -0.01852095 -0.03232981 -0.05355287 -0.00108232  0.00787737]
Current x array =  [-0.7361561  -0.74951495 -0.38040763  0.74222795 -2.44952114 -1.34229863
 -1.19785361 -1.33023562 -0.71747351 -1.3929929  -4.01600904 -2.7219788
 -0.46972966 -0.67768267 -1.50850311 -1.23859013 -2.50498071 -1.13591826
 -1.85368366 -1.81456641 -1.14192173 -0.79682148]
log likelihood =  -5844.6914628602335
Edge derivatives =  [0.003147027169166816, -0.0019940215126317273, 0.0005799756629759067, -0.0167691843519448, 0.0008314391206006265, 0.0032890438469001457, 0.009577884317053642, -0.001168159074548647, -0.00910539887388255, -0.02554825638247965, -0.0002837605101185109, -0.0020515738544127637, -0.002550026949695375, 0.014012502702275415, -0.009530377896317332, 0.024113515296543098]
other derivatives: [-0.24511792  0.03111018 -0.23586108  0.00478121  0.02889304  0.00710938]
Current x array =  [-0.73599454 -0.74959506 -0.38034168  0.74201418 -2.44967961 -1.34210061
 -1.19706445 -1.3300633  -0.71754574 -1.39379057 -4.01652894 -2.72165311
 -0.46970875 -0.67768793 -1.50844716 -1.23890975 -2.50583843 -1.13598115
 -1.85382402 -1.8140781  -1.14195746 -0.79693555]
log likelihood =  -5844.691426086889
Edge derivatives =  [-0.007619433403206366, -0.0077458526138382, -0.008087600819454477, -0.014980482914930204, 0.0016590898804286127, 0.004969349763744461, -0.0036097378827776305, -0.007951113366183926, -0.008469056019726584, -0.005186003423690494, 0.0047178687506121975, 0.0017109450468877907, -0.0065717606241843946, -0.0007846987184682158, -0.0006569946344355815, 0.03128798111424003]
other derivatives: [-0.011255    0.01254739  0.00412911 -0.00438013  0.00375744  0.01151146]
Current x array =  [-0.73613424 -0.74955161 -0.3804262   0.7419775  -2.44955986 -1.34210446
 -1.1967895  -1.32987103 -0.71745875 -1.39405322 -4.01660396 -2.72172648
 -0.46956844 -0.67764533 -1.50842769 -1.23921598 -2.50619759 -1.13599565
 -1.8537747  -1.81376029 -1.14204822 -0.79700725]
log likelihood =  -5844.691420466239
Edge derivatives =  [-0.005725717147149506, -0.005717217926020535, -0.0062437332887402275, -0.014048991526840166, 0.001158801702674567, 0.004952349890968558, 0.0018646224183593851, -0.003730333949718223, -0.006966391063428973, -0.0034907394089058186, 0.0030264615537768033, 0.0025254849118263034, -0.004996759911750651, 0.002218931925304632, -0.0006029473799941398, 0.018948357157923562]
other derivatives: [-0.00141699 -0.00351611  0.00553155  0.009828    0.01453945  0.01235712]
Current x array =  [-0.73614319 -0.74952881 -0.38043098  0.74189074 -2.44959878 -1.34211143
 -1.19682529 -1.32997892 -0.71748341 -1.39406639 -4.0162844  -2.7217397
 -0.46962099 -0.67768164 -1.50845874 -1.23924425 -2.50606045 -1.13600359
 -1.85378378 -1.81383169 -1.14206464 -0.79687604]
      fun: 5844.691420466239
 hess_inv: <22x22 LbfgsInvHessProduct with dtype=float64>
      jac: array([ 0.00141699,  0.00351611, -0.00553155, -0.009828  , -0.01453945,
       -0.01235712,  0.00572572,  0.00571722,  0.00624373,  0.01404899,
       -0.0011588 , -0.00495235, -0.00186462,  0.00373033,  0.00696639,
        0.00349074, -0.00302646, -0.00252548,  0.00499676, -0.00221893,
        0.00060295, -0.01894836])
  message: 'CONVERGENCE: REL_REDUCTION_OF_F_<=_FACTR*EPSMCH'
     nfev: 63
      nit: 58
     njev: 63
   status: 0
  success: True
        x: array([-0.73614319, -0.74952881, -0.38043098,  0.74189074, -2.44959878,
       -1.34211143, -1.19682529, -1.32997892, -0.71748341, -1.39406639,
       -4.0162844 , -2.7217397 , -0.46962099, -0.67768164, -1.50845874,
       -1.23924425, -2.50606045, -1.13600359, -1.85378378, -1.81383169,
       -1.14206464, -0.79687604])
