number of sites to be analyzed:  227
log likelihood =  -3135.2348578629203
Lr derivatives =  [-149.1267550491182, -257.6177564534829, -247.12078784635492]
other derivatives =  [ 10.92175899 -34.02163748  43.2305892  -65.85456231 246.67714979
  -4.26678434  -0.        ]
Current x_clock array =  [-0.67021106 -0.7583748  -0.59200481  0.18232156 -0.10536052 -0.10536052
  0.33647224 -0.51082562 -0.51082562 -0.51082562]
log likelihood =  -2917.8528240754176
Lr derivatives =  [26.34290381884611, -166.53168226285817, -182.66624539623282]
other derivatives =  [-25.07151385 -18.09820697 -66.96570426 -32.84154491 182.22021254
  -6.35955212  -0.        ]
Current x_clock array =  [-0.70673222 -0.75600607 -0.73656315  0.40253198 -0.93022182 -0.09109286
  0.33647224 -0.01216213 -0.50911748 -0.50911748]
log likelihood =  -2704.3245409083356
Lr derivatives =  [118.80158015031651, 4.458453870853049, -61.62999852676876]
other derivatives =  [148.70023824  35.16914649 155.14834104 -13.41988809  73.24017909
   3.66896757  -0.        ]
Current x_clock array =  [-0.59800403 -0.74003508 -0.46203198  0.63550539 -2.08876876 -0.05556418
  0.33647224  0.02908457  0.          0.        ]
log likelihood =  -2713.1413273113817
Lr derivatives =  [-51.421350659509166, -87.99418634953274, 69.70772119530011]
other derivatives =  [-212.20876715  -36.20692178 -114.20265218   33.2366626   -47.70003406
   12.67894186   -0.        ]
Current x_clock array =  [-0.90897921 -0.82478412 -0.72768057  0.81853875 -2.96708418 -0.0447637
  0.33647224 -0.1485367   0.          0.        ]
log likelihood =  -2666.6505333300584
Lr derivatives =  [28.389536596634642, -44.209878767760245, 7.910148269729689]
other derivatives =  [-45.21643723  -1.9770564    0.6454693    7.92075116  11.75580577
   9.3238823   -0.        ]
Current x_clock array =  [-0.73651612 -0.77778332 -0.58035506  0.71703065 -2.47998101 -0.05075352
  0.33647224 -0.05003008  0.          0.        ]
log likelihood =  -2664.408292962313
Lr derivatives =  [18.039590000709723, -50.03279833317167, 15.99660208739806]
other derivatives =  [-12.05069839  -2.18323885  -4.59531111   9.11382585   5.28120368
   9.57844804  -0.        ]
Current x_clock array =  [-0.70235127 -0.77772794 -0.58764201  0.71272866 -2.50987659 -0.05954143
  0.33647224 -0.0885983   0.          0.        ]
log likelihood =  -2662.6208199441216
Lr derivatives =  [-1.958838918918019, -63.625058788713964, -1.8604244732929764]
other derivatives =  [11.52398499 -2.84374437 -6.03823082  9.96662766 -0.96860573  8.94350114
 -0.        ]
Current x_clock array =  [-0.67785352 -0.7746705  -0.59412778  0.68912847 -2.52809533 -0.0848075
  0.33647224 -0.15983396  0.         -0.03847599]
log likelihood =  -2662.183086668108
Lr derivatives =  [-4.1422453398082055, -64.63038138953101, 0.9732035239594481]
other derivatives =  [ 5.05607977  0.02060369  3.35668847  8.39182758 -0.12633177  8.55201961
 -0.        ]
Current x_clock array =  [-0.68329604 -0.76830861 -0.58449653  0.66458699 -2.51481885 -0.1046571
  0.33647224 -0.17236931  0.         -0.03324852]
log likelihood =  -2661.401033183506
Lr derivatives =  [-6.33200592123238, -65.9911138562764, -3.8786402824510766]
other derivatives =  [-6.02353384  4.73464752  7.78712638  3.3728752   2.64323562  7.30559987
 -0.        ]
Current x_clock array =  [-0.69322875 -0.75755063 -0.58180867  0.59041197 -2.48988436 -0.17076682
  0.33647224 -0.19103329  0.         -0.03654105]
log likelihood =  -2660.724331175811
Lr derivatives =  [-4.185995641676321, -63.65183421954186, 4.517629487638729]
other derivatives =  [-7.37088021 -1.06564676  7.02802299 -2.18954256  4.48475825  6.45081082
 -0.        ]
Current x_clock array =  [-0.69542095 -0.76645682 -0.58373817  0.51421967 -2.49183396 -0.25846288
  0.33647224 -0.1893737   0.         -0.0258576 ]
log likelihood =  -2659.990331646053
Lr derivatives =  [-1.0595489306649135, -61.761095994352516, -8.101753094096065]
other derivatives =  [-12.52173115   4.64111781  -1.13153146  -6.89010358   1.83197589
   5.29517592  -0.        ]
Current x_clock array =  [-0.70245043 -0.75872316 -0.59286701  0.43262342 -2.56484108 -0.41105732
  0.33647224 -0.16130557  0.         -0.04103336]
log likelihood =  -2659.4170584018484
Lr derivatives =  [0.6108318080066262, -59.70574529406687, -0.27966634729514084]
other derivatives =  [-2.95386326 -0.21601863 -0.92880055 -7.64794095 -0.84283813  4.9787127
 -0.        ]
Current x_clock array =  [-0.69516593 -0.76905361 -0.5916467   0.41794228 -2.61640984 -0.5138362
  0.33647224 -0.14292437  0.         -0.03124522]
log likelihood =  -2658.88268387481
Lr derivatives =  [2.2297960049693017, -58.07026355789689, 4.916538881475489]
other derivatives =  [ 6.7400706  -2.86362729 -1.58204602 -6.50320817 -3.84873908  4.46183049
 -0.        ]
Current x_clock array =  [-0.68769083 -0.77643136 -0.59059592  0.43329814 -2.67215796 -0.64656491
  0.33647224 -0.12019017  0.         -0.02576522]
log likelihood =  -2658.281870898283
Lr derivatives =  [3.016291423905688, -57.414334699475816, 3.9598250799225525]
other derivatives =  [11.17731836 -4.55110967 -0.59257036 -4.35741049 -5.58799562  3.55186057
 -0.        ]
Current x_clock array =  [-0.68400442 -0.78156717 -0.58756393  0.4689458  -2.71157334 -0.82049743
  0.33647224 -0.10089528  0.         -0.02533148]
log likelihood =  -2657.749558768288
Lr derivatives =  [8.585916708196219, -53.23455028802509, 32.97774797945396]
other derivatives =  [ 21.29808627  12.38858704 -16.50494278  -0.9055434   -2.60416487
   1.7578333   -0.        ]
Current x_clock array =  [-0.67529865 -0.75604742 -0.60306013  0.53497816 -2.6941254  -1.20600474
  0.33647224 -0.09340696  0.         -0.00640978]
log likelihood =  -2657.0034703918072
Lr derivatives =  [3.178418175913393, -57.5628676473081, -9.043825137924149]
other derivatives =  [16.17320959  3.52437928 -7.10129052  0.8426432  -2.89365224  0.75704553
 -0.        ]
Current x_clock array =  [-0.67776026 -0.76894903 -0.59263926  0.56260064 -2.6964755  -1.39805077
  0.33647224 -0.10081656  0.         -0.02863926]
log likelihood =  -2656.7306532500415
Lr derivatives =  [1.1292071159188382, -58.51976031878929, -4.525655708779553]
other derivatives =  [ 4.60465481 -3.17239574  1.24500502  0.45085244 -1.44040433  0.51763134
 -0.        ]
Current x_clock array =  [-0.68631554 -0.77817393 -0.58370646  0.55773524 -2.67499874 -1.47268077
  0.33647224 -0.11103392  0.         -0.02321998]
log likelihood =  -2656.641560656498
Lr derivatives =  [0.8996681924509176, -58.424562415724985, -1.0318061459623884]
other derivatives =  [-0.78985659 -1.03413913  1.63935783  0.14106672  0.09250389  0.21687726
 -0.        ]
Current x_clock array =  [-0.69048797 -0.7734451  -0.58354233  0.55338088 -2.65556868 -1.57691636
  0.33647224 -0.11918565  0.         -0.01940051]
log likelihood =  -2656.6266351137397
Lr derivatives =  [0.23841922095792967, -58.71444557820763, 0.012330873218431293]
other derivatives =  [-0.6506607  -0.15153637  0.22105996  0.05194033  0.28521637  0.06301468
 -0.        ]
Current x_clock array =  [-0.69006377 -0.77149347 -0.58533732  0.55108776 -2.6508431  -1.64040396
  0.33647224 -0.12438927  0.         -0.01808281]
log likelihood =  -2656.6253466059843
Lr derivatives =  [-0.14854233957461815, -58.88488120964057, 0.2472890932867493]
other derivatives =  [-0.34427467  0.54630209  0.46490459  0.01830313 -0.12394144  0.01136942
 -0.        ]
Current x_clock array =  [-0.68979209 -0.77033484 -0.58508447  0.54965661 -2.65543101 -1.66949192
  0.33647224 -0.12467911  0.         -0.01774525]
log likelihood =  -2656.625144648753
Lr derivatives =  [-0.10663511812681747, -58.85712046692277, 0.022215992024481324]
other derivatives =  [ 0.01176932 -0.2603897  -0.62078925  0.03724836 -0.02481187 -0.0118988
 -0.        ]
Current x_clock array =  [-0.68940505 -0.77166032 -0.58627827  0.55004301 -2.65452702 -1.67791881
  0.33647224 -0.12485367  0.         -0.0178203 ]
log likelihood =  -2656.6248282117285
Lr derivatives =  [-0.040501837823363473, -58.827698670708855, 0.00659814838576267]
other derivatives =  [ 0.03357309  0.01081207  0.00296768  0.02112438  0.00179991  0.00120491
 -0.        ]
Current x_clock array =  [-0.68944473 -0.77123838 -0.58559183  0.55005319 -2.65433901 -1.67193058
  0.33647224 -0.12463504  0.         -0.0178698 ]
log likelihood =  -2656.6248224630626
Lr derivatives =  [-0.02892936881012531, -58.818831014136855, 0.01675250756355595]
other derivatives =  [-0.01027593  0.01014178 -0.00496857  0.01725039 -0.0067758   0.00116615
 -0.        ]
Current x_clock array =  [-0.68948764 -0.77124624 -0.58559432  0.54997651 -2.65453701 -1.67213881
  0.33647224 -0.12452048  0.         -0.01786691]
      fun: 2656.6248224630626
 hess_inv: <10x10 LbfgsInvHessProduct with dtype=float64>
      jac: array([-1.02759259e-02,  1.01417754e-02, -4.96856956e-03,  1.72503860e-02,
       -6.77580382e-03,  1.16614520e-03, -0.00000000e+00, -2.89293688e-02,
       -5.88188310e+01,  1.67525076e-02])
  message: 'CONVERGENCE: REL_REDUCTION_OF_F_<=_FACTR*EPSMCH'
     nfev: 23
      nit: 21
     njev: 23
   status: 0
  success: True
        x: array([-0.68948764, -0.77124624, -0.58559432,  0.54997651, -2.65453701,
       -1.67213881,  0.33647224, -0.12452048,  0.        , -0.01786691])
