number of sites to be analyzed:  932
log likelihood =  -11856.432435952192
Lr derivatives =  [-356.81856446353106, -681.781020702318, -599.3445822481033]
other derivatives =  [ 113.56127106 -142.51895118  183.28161059 -267.22484472  882.24940373
   -0.        ]
Current x_clock array =  [-0.66925743 -0.72335153 -0.60655127  0.18232156 -0.10536052  0.33647224
 -0.51082562 -0.51082562 -0.51082562]
log likelihood =  -11143.331239730072
Lr derivatives =  [115.06291281026563, -420.9110734619609, -444.9010819247043]
other derivatives =  [-393.0033854   -92.59105354 -335.61241617 -122.10426758  600.34516719
   -0.        ]
Current x_clock array =  [-0.78150293 -0.72268598 -0.78770931  0.44645022 -0.9773878   0.33647224
 -0.15814131 -0.51032072 -0.51032072]
log likelihood =  -10666.478073688977
Lr derivatives =  [168.78280523257075, -119.15807740882155, -72.7705483531144]
other derivatives =  [1429.25614091  235.81250025  -19.31457155   31.57036372   70.68417554
   -0.        ]
Current x_clock array =  [-0.4704052  -0.68442529 -0.60613266  0.83785788 -2.48126878  0.33647224
  0.06604949 -0.35474662 -0.29310985]
log likelihood =  -10568.486772582743
Lr derivatives =  [-30.283244580328656, -198.68046129568205, -28.41880302861678]
other derivatives =  [-495.39314023  -10.79445246  246.42127755  106.87338545  -94.30070485
   -0.        ]
Current x_clock array =  [-0.80668145 -0.75311281 -0.51973117  0.91488498 -2.8562033   0.33647224
  0.03640584 -0.30085257 -0.23073746]
log likelihood =  -10509.753495876888
Lr derivatives =  [66.28832928213524, -150.54337628972954, -33.57914814757369]
other derivatives =  [-193.34841636    8.7520275    29.9408548    77.0743718     2.92322597
   -0.        ]
Current x_clock array =  [-0.72540922 -0.74489555 -0.5782571   0.83344043 -2.58247158  0.33647224
  0.00343969 -0.28842536 -0.25120877]
log likelihood =  -10488.540210851414
Lr derivatives =  [114.85147476846811, -97.39831034492084, 12.697771207604521]
other derivatives =  [53.5708532   3.83456063 43.89472087 51.1601902  45.51281546 -0.        ]
Current x_clock array =  [-0.6714721  -0.74978526 -0.57784132  0.76520878 -2.46820833  0.33647224
 -0.06399433 -0.21375453 -0.23369773]
log likelihood =  -10469.80574987749
Lr derivatives =  [106.24198722394402, -51.46604172099981, 55.266467605451226]
other derivatives =  [155.54195488 -13.35876914  -2.43226168  31.74694211  51.37368006
  -0.        ]
Current x_clock array =  [-0.65107472 -0.75738389 -0.59230569  0.69267025 -2.4234604   0.33647224
 -0.17097087 -0.10180195 -0.21674583]
log likelihood =  -10453.710347135708
Lr derivatives =  [-58.44566436484865, -95.39592228033959, 3.0607299272169755]
other derivatives =  [102.9222276  -13.30690066  -0.75024218   9.47753688  16.37477777
  -0.        ]
Current x_clock array =  [-0.65787865 -0.74558323 -0.6011445   0.56900794 -2.41048138  0.33647224
 -0.36595082  0.         -0.23177484]
log likelihood =  -10450.180943939624
Lr derivatives =  [-1.8624288994187808, -61.90442787378575, 26.519574319104848]
other derivatives =  [-13.27258542   8.04046613 -11.54113852  12.54782183   8.36020773
  -0.        ]
Current x_clock array =  [-0.6833294  -0.74157281 -0.5979848   0.58025001 -2.47158313  0.33647224
 -0.30556027  0.         -0.22867372]
log likelihood =  -10449.782650113895
Lr derivatives =  [-5.265783765143459, -66.78921049728835, 10.987256869870293]
other derivatives =  [-10.50703577   3.49664151  -3.70565795  11.81363223   2.16356294
  -0.        ]
Current x_clock array =  [-0.68264119 -0.74388797 -0.59544084  0.5763892  -2.49090972  0.33647224
 -0.29995492  0.         -0.2387745 ]
log likelihood =  -10449.548968961079
Lr derivatives =  [-3.042529842506469, -68.39525619602755, -2.9829725849811695]
other derivatives =  [-4.10737994  1.11102418  4.17404954  7.37957089 -0.03188324 -0.        ]
Current x_clock array =  [-0.68155752 -0.74530076 -0.59310341  0.56204365 -2.5027959   0.33647224
 -0.29252884  0.         -0.24946382]
log likelihood =  -10449.477203787737
Lr derivatives =  [-1.8913667033227943, -68.01836949007435, -5.02192997417243]
other derivatives =  [-2.54750194 -2.20551556  1.04389983  3.61720777 -0.64627948 -0.        ]
Current x_clock array =  [-0.68130629 -0.74670306 -0.59421112  0.54874197 -2.5074677   0.33647224
 -0.2909086   0.         -0.25113831]
log likelihood =  -10449.462220744916
Lr derivatives =  [0.8203243136156235, -65.51054091006698, -1.6017064251902156]
other derivatives =  [ 1.76568028  6.0829534   7.00680539 -0.99970021  0.41497265 -0.        ]
Current x_clock array =  [-0.68080377 -0.74313048 -0.59273717  0.53313149 -2.50760931  0.33647224
 -0.29106312  0.         -0.24892712]
log likelihood =  -10449.444738683766
Lr derivatives =  [-0.0701322314627788, -65.83917215197481, -0.5225031974325418]
other derivatives =  [-0.50499511 -0.66187386 -0.37587051 -0.27951137 -0.00572943 -0.        ]
Current x_clock array =  [-0.68106027 -0.74593908 -0.59489156  0.53504409 -2.5081048   0.33647224
 -0.29165078  0.         -0.24794588]
log likelihood =  -10449.444384210025
Lr derivatives =  [0.017416371114047813, -65.72545620407645, -0.1498034710393341]
other derivatives =  [-0.05391848 -0.1045737   0.05068978 -0.00926775  0.02253342 -0.        ]
Current x_clock array =  [-0.68097092 -0.74572722 -0.59474428  0.53603406 -2.50793502  0.33647224
 -0.29166789  0.         -0.24769814]
log likelihood =  -10449.444372451093
Lr derivatives =  [0.008822352953319346, -65.69658093793834, -0.024759023578660333]
other derivatives =  [ 0.01135049  0.04200774 -0.04911817  0.00314867  0.00311147 -0.        ]
Current x_clock array =  [-0.68095668 -0.74566484 -0.59477531  0.53604755 -2.50796434  0.33647224
 -0.29171803  0.         -0.24760185]
      fun: 10449.444372451093
 hess_inv: <9x9 LbfgsInvHessProduct with dtype=float64>
      jac: array([ 1.13504939e-02,  4.20077413e-02, -4.91181709e-02,  3.14867066e-03,
        3.11147349e-03, -0.00000000e+00,  8.82235295e-03, -6.56965809e+01,
       -2.47590236e-02])
  message: 'CONVERGENCE: REL_REDUCTION_OF_F_<=_FACTR*EPSMCH'
     nfev: 16
      nit: 15
     njev: 16
   status: 0
  success: True
        x: array([-0.68095668, -0.74566484, -0.59477531,  0.53604755, -2.50796434,
        0.33647224, -0.29171803,  0.        , -0.24760185])
