number of sites to be analyzed:  566
log likelihood =  -19173.631776866892
Edge derivatives =  [210.7819934468431, 77.05533407991948, 164.64760939950284, 146.13429870784034, -77.88870387728579, -88.20351639522137, 242.0422026964326, 218.20380817234476, 65.49354505365066, 62.47587705727259, -47.565018900988214, 26.264430705910872, -39.47628703153924, -25.863556424614348, 99.22311084371108, 82.03533146895298]
other derivatives: [  -71.40624803   129.41709429  -237.57274903   404.15216063
 -1068.0527339   -302.59652704  -167.62205632]
Current x array =  [-0.65755187 -0.79128296 -0.58195182  0.18232156 -0.10536052  0.
  0.33647224 -2.30258509 -2.30258509 -2.30258509 -2.30258509 -2.30258509
 -2.30258509 -2.30258509 -2.30258509 -2.30258509 -2.30258509 -2.30258509
 -2.30258509 -2.30258509 -2.30258509 -2.30258509 -2.30258509]
log likelihood =  -18319.46267150984
Edge derivatives =  [198.22024906417263, 87.52553739082636, 182.8490311730211, 164.80581316600052, -50.887688340143995, -56.0153798358348, 261.9871952861444, 230.63219273153052, 84.67787449851399, 78.97048307627196, -25.140228355818685, 47.0621109902994, -16.15881831729873, -4.82202420342172, 114.55720564114287, 99.58276277221373]
other derivatives: [ 317.76107789  157.6532668    66.91079761  289.88870326 -495.24605856
 -205.72369976 -108.84723451]
Current x array =  [-0.7190837  -0.79064418 -0.78667179  0.1907816  -1.02571745 -0.26075193
  0.19202982 -2.29715406 -2.23618536 -2.29715406 -2.29715406 -2.36970295
 -2.37859138 -2.29715406 -2.29715406 -2.29715406 -2.29715406 -2.34357258
 -2.29715406 -2.3366024  -2.3248721  -2.29715406 -2.29715406]
log likelihood =  -19794.506884956667
Edge derivatives =  [183.70499461483706, 75.58163405687733, 184.41777450972594, 155.23188361817327, -25.664826916916972, -32.54790344303949, 242.10482797630138, 208.57197325914152, 91.1646736270636, 95.58004208692769, -9.83106836198456, 68.66419234661174, 11.466215559195883, 16.190659346427204, 112.55357794400025, 103.41522532139346]
other derivatives: [-1.60551703e+04 -1.90916035e+02 -1.21850462e+01 -4.82395262e+02
  3.79052290e+02 -9.38729499e+01 -2.99412932e+01]
Current x array =  [-0.12285891 -0.59557812 -0.71823006  0.41676689 -2.25759324 -0.73626965
 -0.06149359 -2.08702075 -2.04713829 -2.07730121 -2.09636682 -2.48810646
 -2.50955869 -1.99042497 -2.03068227 -2.18238165 -2.19083945 -2.40439928
 -2.22158733 -2.37798346 -2.34083471 -2.15343578 -2.16769979]
log likelihood =  -18012.7519983037
Edge derivatives =  [186.65399561290832, 84.99251289131347, 184.70084228298774, 162.93068397859503, -41.17331269237104, -46.05545942272836, 255.24051087236705, 220.8749471315009, 86.68099028783273, 81.52321284053258, -18.435988626079727, 51.24951657048063, -7.432062158568965, 2.4259556135658324, 112.39863521991225, 100.4929449594797]
other derivatives: [-880.98313427   51.93578545   27.53804438  141.93137758 -192.8256097
 -163.05893951  -91.62395145]
Current x array =  [-0.50105934 -0.71931345 -0.76164438  0.27341872 -1.47618334 -0.43463676
  0.09932271 -2.22031361 -2.16705562 -2.21675942 -2.22373124 -2.41300012
 -2.42648282 -2.18499097 -2.19971205 -2.25518469 -2.25827749 -2.36581537
 -2.26952122 -2.35173441 -2.33070923 -2.24459991 -2.2498159 ]
log likelihood =  -17762.30641731419
Edge derivatives =  [176.8572176086634, 85.4466574792221, 186.92592282846445, 162.6338583175338, -28.67640014296926, -30.720278207230567, 249.38734078911153, 211.03961668608778, 93.10579318278252, 86.76974970495897, -6.1534429974695035, 61.478346293050116, 5.193538551204108, 15.23951649493434, 115.06572535730466, 104.02794385701878]
other derivatives: [   2.08929123  -60.28130883   42.93724487   33.89213816  218.6097845
 -112.51322576  -77.05129974]
Current x array =  [-0.61759073 -0.65624182 -0.76586207  0.35351635 -2.04641213 -0.6677744
 -0.02734509 -2.11536692 -2.07394745 -2.10577556 -2.12373513 -2.47158691
 -2.49173487 -2.03250401 -2.06798744 -2.19799232 -2.20495414 -2.39609618
 -2.23185008 -2.37169408 -2.33819863 -2.17353014 -2.18529301]
log likelihood =  -17550.406613955347
Edge derivatives =  [164.66669844097748, 78.38073193914003, 177.24592634885812, 149.18039213538725, -24.957273989255626, -26.158383392042335, 221.75362935755936, 184.9298579606124, 89.81159914209745, 82.61241548681797, -2.4997742941781462, 61.839884805978244, 9.87829620709681, 20.369720506957744, 107.13933617775811, 97.39998973934718]
other derivatives: [ -75.02967492 -161.73289623   13.46925274  -38.77430572  298.0199497
  -95.3910785   -77.85965863]
Current x array =  [-0.60875541 -0.62707046 -0.70457495  0.45049111 -2.1721214  -0.82898536
 -0.1211626  -1.95361185 -1.98440749 -1.93830758 -1.97547589 -2.51188696
 -2.53575658 -1.8039036  -1.87200965 -2.11480757 -2.12748684 -2.41182031
 -2.17844794 -2.37671226 -2.3323697  -2.06896993 -2.09125259]
log likelihood =  -16735.099064720598
Edge derivatives =  [44.53576940106262, 16.823591803397292, 42.105806074324136, 29.069739201579456, -8.70193451741642, -5.84556921878729, -98.4718091595042, -46.27152831845539, 45.26002517130954, 31.397234429518043, 5.316134959227394, 42.88574452347306, 27.026667235787418, 46.91386326249683, 28.407169446947748, 31.019708769508718]
other derivatives: [-206.03401936  230.41284294 -777.91155491 -137.75315892  230.3851943
  -46.90446076  -78.31440598]
Current x array =  [-0.62741477 -1.07592111 -0.38819265  0.87912693 -2.49510161 -1.94858625
 -0.85329011 -0.67349228 -1.33619106 -0.61659222 -0.84126041 -2.79532377
 -2.84080406 -0.09719727 -0.42211676 -1.45531604 -1.52145233 -2.50382099
 -1.74474475 -2.37772899 -2.24528573 -1.25942296 -1.36360129]
log likelihood =  -18092.054110752717
Edge derivatives =  [-130.20526706371462, -30.426072705135482, -151.1845278528898, -93.20669037979506, -26.07676681352884, -19.9672777526954, -313.11954076587966, -232.4997052302941, -92.49045776401212, -103.27833202554052, -31.597767522759113, -34.94874170236478, 4.133487685590029, -0.7207855433428498, -175.0589426314999, -135.54786801721002]
other derivatives: [ 289.82831282 -647.06764533 2033.17395062 -175.09919417 -239.81046979
   -4.94947017   24.47195584]
Current x array =  [-6.30263375e-01 -7.60675648e-01 -1.49311537e+00  8.97947818e-01
 -2.31151226e+00 -2.49604726e+00 -1.27993322e+00 -6.65741049e-02
 -1.03597702e+00  2.26341980e-03 -3.17045868e-01 -2.92743868e+00
 -2.97695541e+00  4.56722275e-01  1.13974825e-01 -1.10563939e+00
 -1.21686987e+00 -2.53401811e+00 -1.49418774e+00 -2.33525358e+00
 -2.13358919e+00 -8.73153284e-01 -1.00766991e+00]
log likelihood =  -16661.48754442946
Edge derivatives =  [25.1021454031609, 10.258686099553554, 21.852575576645197, 16.48249180155032, -9.850004323468866, -6.153845112568298, -117.59420478373511, -68.07154285255709, 35.32987826394854, 18.105227268767628, 1.8122528844823322, 39.409150030471466, 28.027629156848285, 42.98577473180069, 8.222976661120772, 15.399999470104106]
other derivatives: [-160.06561054  151.28280211  264.49233701 -164.6902092   184.21196728
  -41.98664101  -66.72999007]
Current x array =  [-0.62795661 -1.01595758 -0.59836242  0.8827069  -2.46018067 -2.05272
 -0.93444283 -0.55804905 -1.27908669 -0.49887834 -0.74154841 -2.82045364
 -2.8667017   0.00816498 -0.3201456  -1.38880328 -1.46351704 -2.50956485
 -1.69708575 -2.36964965 -2.22403969 -1.18594976 -1.2958988 ]
log likelihood =  -16602.90739973055
Edge derivatives =  [28.56269328391347, 12.613435759449722, 26.02455797882724, 16.527229384052664, -11.687981135834665, -8.595522136891358, -100.38922078555181, -59.50756302581123, 38.65640618849719, 23.17462075634766, 1.6877112048583138, 40.54474390180599, 25.68896901759292, 39.968353468440874, 16.78721050463805, 22.123699734674247]
other derivatives: [ -78.52249837   51.41591828  117.13018466 -136.5559001   116.98830349
  -49.03558875  -74.30535334]
Current x array =  [-0.64890504 -0.93506713 -0.5701016   0.81827804 -2.2607724  -1.91207206
 -0.85401983 -0.67714329 -1.35207461 -0.62460791 -0.84978651 -2.78458264
 -2.82677315 -0.18158314 -0.47458624 -1.44782007 -1.52046128 -2.49441304
 -1.73366674 -2.35958624 -2.22152206 -1.2643126  -1.36511013]
log likelihood =  -16547.62642826584
Edge derivatives =  [15.339339157075747, 10.864654919110052, 14.576411394936907, 8.085158606081801, -13.442791141450124, -11.0024895247829, -71.42153673583721, -46.82983091173409, 31.431100371214352, 19.948164357180875, -0.09494955898718188, 35.14325767571878, 21.543721391536035, 33.605583601460076, 15.009697765859094, 19.05422136259614]
other derivatives: [ -8.72569217 -38.33483788  -9.83054633 -40.9414497  -18.78543117
 -45.78578228 -64.30091162]
Current x array =  [-0.67368355 -0.85927355 -0.54866564  0.66849939 -2.02161351 -1.87348718
 -0.88462946 -0.7113326  -1.38501641 -0.66751332 -0.89470376 -2.7735792
 -2.80988633 -0.39424353 -0.6245761  -1.43825968 -1.52560448 -2.4817116
 -1.71091434 -2.32536197 -2.1769081  -1.28622739 -1.37722961]
log likelihood =  -16514.146945207587
Edge derivatives =  [-1.5123305286461297, 7.058913301611685, 0.318383632051206, 1.1861156942826296, -12.401172689403896, -10.063805272192395, -42.81848831387184, -30.606450823869597, 19.98923282052312, 12.776294700276926, -0.8568884947999966, 27.04661778996893, 18.78912281323924, 28.65650492478132, 7.833182764564121, 11.24561062050093]
other derivatives: [ 17.01882866 -40.78938218 -22.32300176  21.85515768 -44.23491191
 -31.138552   -42.8986823 ]
Current x array =  [-0.68350074 -0.85629527 -0.54594994  0.56725261 -2.01455293 -1.9999332
 -1.03335071 -0.63950865 -1.34262185 -0.59673909 -0.84136422 -2.80774598
 -2.83990549 -0.49415599 -0.67566764 -1.35658415 -1.46903018 -2.48473154
 -1.62944376 -2.28343356 -2.10782161 -1.23396489 -1.3190041 ]
log likelihood =  -16483.685846530345
Edge derivatives =  [-16.539985418925102, 4.2517410085074205, -10.94748944754923, -2.658015219337652, -10.023728381782824, -7.6750437566188765, 3.5342422568706224, 2.9296370636173554, -0.6397531657169593, -0.010656726181201337, -2.088132373984817, 7.782325370898537, 10.281319832151507, 15.389241891579566, -2.7264540690641876, -1.230417973445225]
other derivatives: [ 46.95612006  12.28545443  -1.91139407  17.88903319 -25.15589586
 -10.54941094 -17.14033715]
Current x array =  [-0.6912384  -0.89461441 -0.54260983  0.57656749 -2.07351136 -2.24131016
 -1.30639598 -0.55654521 -1.25741634 -0.50046082 -0.75143749 -2.88899778
 -2.91030348 -0.63175085 -0.74718315 -1.20897591 -1.36507841 -2.49491479
 -1.46073858 -2.18546641 -1.95046886 -1.1454825  -1.21638252]
log likelihood =  -16481.032336276843
Edge derivatives =  [-22.01755844873764, 2.648739535166918, -14.811838896685392, -7.710325387282035, -8.073021055546869, -5.563361442145646, -7.238698494213956, -8.230574723529747, -9.45550993189894, -6.578620418754444, -2.442350565305403, -4.122642118189658, 3.832485123106703, 4.290886936152108, -9.3890909243585, -8.10942335975196]
other derivatives: [ -28.58541848 -106.06054275   20.96530807    4.38449206   11.11220627
   -2.68446456   -6.39229256]
Current x array =  [-0.6812562  -0.85302726 -0.54206776  0.58709492 -2.16029969 -2.41438991
 -1.49505006 -0.5375841  -1.17894976 -0.44926764 -0.67796977 -2.96939988
 -2.97927539 -0.5611094  -0.67332966 -1.14303495 -1.30934802 -2.5124821
 -1.36547742 -2.11907319 -1.84212012 -1.09518429 -1.16033789]
log likelihood =  -16476.440021822684
Edge derivatives =  [-13.654113080792806, 5.860793496914467, -4.234550786439091, -0.24771645534254494, -7.398589951085064, -5.113070534276476, 10.154271994800535, 7.481364819117976, -6.077912285437716, -2.8026852999453515, -1.516312581542893, -3.8453665505937518, 2.163846698391042, 1.7593628759948574, -2.5103425681877494, -3.0393259583124976]
other derivatives: [-2.46218406 -6.74845069 -3.10101314  1.51703716 24.89650797 -1.84736564
 -4.86688805]
Current x array =  [-0.68171825 -0.89607779 -0.53738141  0.5927123  -2.1564221  -2.40838899
 -1.50991691 -0.59160552 -1.1870868  -0.49567429 -0.70981208 -2.97850894
 -2.98389869 -0.62464243 -0.72499133 -1.15519718 -1.32177526 -2.51306075
 -1.36051862 -2.1013149  -1.81827541 -1.11845081 -1.1782036 ]
log likelihood =  -16475.209771857593
Edge derivatives =  [-12.42106238752558, 6.424696458195571, -2.9113831304381166, -0.5236048826435292, -7.054677847169507, -4.854118081642902, 6.419168575427781, 4.5050332249890435, -4.781033219936114, -1.9072287166611606, -1.263094049572005, -3.7860101247035236, 1.163637624036751, 0.07004042114436837, -1.231178116076625, -1.9935430160160457]
other derivatives: [12.47863111  8.76862032 -5.58466127 -1.5450496  13.3382855  -2.18897185
 -4.23679012]
Current x array =  [-0.68447165 -0.90279216 -0.53700262  0.60146798 -2.1364421  -2.4127284
 -1.5231661  -0.61648578 -1.18072543 -0.50875621 -0.71292288 -2.99094912
 -2.99262836 -0.61233835 -0.71595761 -1.16274492 -1.32559686 -2.51551724
 -1.35972035 -2.09206745 -1.80602789 -1.12422826 -1.18326416]
log likelihood =  -16474.0629791721
Edge derivatives =  [-7.889088257544402, 8.487463170398922, 2.9294646537222766, -0.22428099839711868, -5.905327381711256, -4.068353370572176, 0.46331352663597947, -0.547160152763404, -1.1451853584886358, 0.833032023231862, -0.5924908847630421, -4.530284044400679, -2.939294623592252, -7.084274028379535, 2.7025797077410383, 1.100747629934253]
other derivatives: [-73.89098755  18.11349648 -11.60660759  -1.44609658 -14.60975909
  -2.780871    -0.68248482]
Current x array =  [-0.66663446 -0.9060217  -0.53922131  0.60816401 -2.08201338 -2.43076176
 -1.57769341 -0.71588175 -1.15714701 -0.56256767 -0.73273725 -3.03797413
 -3.02520229 -0.60023909 -0.70855454 -1.18881697 -1.33978105 -2.52383953
 -1.35498785 -2.05657467 -1.75979285 -1.14740855 -1.20299869]
log likelihood =  -16473.208227432206
Edge derivatives =  [-5.111098223877923, 9.467032343945933, 6.0755005459597875, 0.16968942215344401, -4.990865222506724, -3.1186023234360607, -4.996804924189723, -5.399563572412182, 0.447115613310893, 1.7651598280024892, 0.004102284814156865, -4.936645571270799, -4.617063472668422, -10.30554478337981, 4.092933545427483, 2.395549722951983]
other derivatives: [36.50675353  9.63627826  6.98346412 -9.10331437 -5.69161784 -1.7684215
  0.85492502]
Current x array =  [-0.68923159 -0.90012711 -0.54145393  0.61428044 -2.0917141  -2.46939892
 -1.62796453 -0.75122016 -1.12936845 -0.56994254 -0.72501741 -3.0723125
 -3.05168953 -0.56910949 -0.68312447 -1.18957765 -1.33558887 -2.53097069
 -1.34188942 -2.03609685 -1.73108175 -1.14533656 -1.20014207]
log likelihood =  -16472.86129956225
Edge derivatives =  [-6.149902090402102, 8.958514895674119, 4.681171391608848, 0.044176806086335424, -5.190864017539975, -3.3040796625922892, -2.780659879581922, -3.5980427214981954, -0.2972146013411379, 1.2202702710645539, -0.16767961630037492, -4.732339196717667, -3.8274998043314783, -8.85176975217072, 3.1551388116485137, 1.645562172487963]
other derivatives: [ 8.85302143  2.00634531  1.19944161 -4.31355147 -1.97942427 -1.70548446
  0.59189915]
Current x array =  [-0.68375815 -0.89704853 -0.54043227  0.60575505 -2.09971971 -2.46460417
 -1.6176111  -0.73747357 -1.13253705 -0.56158581 -0.72392127 -3.06474456
 -3.04610013 -0.57787779 -0.68995527 -1.18618715 -1.33392789 -2.52927912
 -1.34484219 -2.04333202 -1.74171333 -1.14197278 -1.19760333]
log likelihood =  -16472.59344626808
Edge derivatives =  [-6.130241261473594, 8.779254672531001, 4.276925096869562, 0.029327669927954183, -5.0510650216188, -3.18567437629042, -2.109983594827091, -3.040227049052682, -0.19130846641467303, 1.169513838384291, -0.12667468726929473, -4.223575906364609, -3.49732911350716, -8.211817220640334, 2.7341675591548134, 1.4152316908763516]
other derivatives: [-6.04050001 -3.23270797 -1.79279596  0.01818989  0.53332769 -1.51449058
  0.91167749]
Current x array =  [-0.68088684 -0.89462195 -0.54009645  0.59754657 -2.10426442 -2.46945319
 -1.62179753 -0.74333985 -1.12448522 -0.55848593 -0.72344158 -3.07058406
 -3.05019745 -0.57973364 -0.6920014  -1.18627535 -1.33277968 -2.52993338
 -1.34727683 -2.04482411 -1.74605181 -1.13961819 -1.19622129]
log likelihood =  -16471.982796543227
Edge derivatives =  [-5.116774757683745, 8.480999808297588, 3.84933848527648, 0.11492716548665499, -4.391955610282979, -2.608469763309818, -1.2113144425219182, -2.2003962780567923, 0.7956596223849646, 1.3714197089991664, 0.14963886570614537, -2.4373308138176633, -2.864931869020282, -6.877919733843489, 1.9245246012367998, 1.170143789431635]
other derivatives: [-24.79064278 -10.68110578  -3.97194526   9.20990715   5.14846761
  -0.92477421   2.13149178]
Current x array =  [-0.67730303 -0.89068385 -0.54043639  0.57954725 -2.11097346 -2.4900192
 -1.64395643 -0.77724756 -1.09136608 -0.55366456 -0.72296864 -3.09847909
 -3.06979161 -0.58042128 -0.69510852 -1.18927069 -1.32980698 -2.53349242
 -1.3542915  -2.04490743 -1.75464181 -1.13361219 -1.19320347]
log likelihood =  -16471.176196244327
Edge derivatives =  [-3.4136159827462556, 7.7281841162570615, 2.9209937690517975, 0.08321087175214736, -3.385539893211609, -1.7100858561940107, -0.40771229986985363, -1.2360838566977543, 2.147944030701605, 1.4582555021182997, 0.5423292337831742, 0.14876247683909413, -1.975511655603588, -4.782997015409969, 0.6081935672596546, 0.721234916921002]
other derivatives: [-28.88591553 -14.09098331  -7.66303856  15.43958206   7.18027877
  -0.17280399   3.61687853]
Current x array =  [-0.67660481 -0.88830316 -0.54014173  0.56722518 -2.11206583 -2.52192426
 -1.67748538 -0.83450491 -1.0350096  -0.54574232 -0.72210806 -3.14498736
 -3.10204986 -0.57975573 -0.69926435 -1.19294741 -1.32426388 -2.53885238
 -1.36424573 -2.04448547 -1.76853455 -1.12399069 -1.18810995]
log likelihood =  -16471.431350194405
Edge derivatives =  [-0.9419653420649704, 3.3195307528470788, -2.0489316630588155, 0.24522468163142772, -2.0053793790991508, -0.43940085968909737, 2.9024658716316623, 2.042572933283121, 2.183052184166234, -0.87170082450275, 0.48044433668706304, 4.771173651776332, 1.5186734029342142, 2.3382576864616222, -4.061998330014154, -2.0661581703790812]
other derivatives: [-50.57518138  -9.26811481  98.46335161   0.46929927  15.35845513
   0.60754246   4.61150194]
Current x array =  [-0.66984628 -0.89159709 -0.56795289  0.58383826 -2.11216227 -2.56588318
 -1.70111915 -0.94148071 -0.90657807 -0.51661824 -0.72364525 -3.23295178
 -3.15892601 -0.58664107 -0.71766038 -1.19037638 -1.31025851 -2.54355915
 -1.38714228 -2.06183763 -1.82784017 -1.10536041 -1.17738579]
log likelihood =  -16470.621327647306
Edge derivatives =  [-2.236661586541554, 5.983622126358369, 0.7660031044617229, 0.18955054311247088, -2.737063952419704, -1.1220183326807611, 1.1209864178203177, 0.2838598419690081, 2.181713323797302, 0.43118928829559566, 0.5224909550537382, 2.2671487289360734, -0.38624752358365383, -1.497953874521293, -1.4699202345457485, -0.5153340457179495]
other derivatives: [-38.60186553 -11.83943823  41.65267455   8.65657057  11.06018317
   0.17535058   4.07308107]
Current x array =  [-0.67355139 -0.88979132 -0.55270645  0.57473076 -2.1121094  -2.54178433
 -1.68816281 -0.8828352  -0.97698589 -0.53258443 -0.72280255 -3.18472855
 -3.12774577 -0.58286644 -0.70757544 -1.19178585 -1.31793644 -2.54097884
 -1.3745901  -2.05232496 -1.79532806 -1.11557377 -1.18326491]
log likelihood =  -16469.717755081627
Edge derivatives =  [0.46333934658400744, 3.421711368331274, -0.641402964679534, 0.1515524337091923, -1.4152494052996292, 0.10204447530599856, 0.5234557760270352, 0.6485988634558788, 3.6751254830578692, 0.3928844206555994, 1.0797081088605973, 5.199309954531262, 0.7932150794366921, 1.7100115992271254, -2.635996119523835, -0.7762753441829535]
other derivatives: [-19.17796908  -9.64864739   3.6041456    5.47188392   6.70443114
   0.82654878   5.10954123]
Current x array =  [-0.67790254 -0.89007814 -0.54262334  0.58255189 -2.10248101 -2.58516974
 -1.72840383 -0.97143213 -0.88599722 -0.52134742 -0.72197464 -3.25634425
 -3.17604217 -0.57571703 -0.70989915 -1.19399621 -1.30911727 -2.54763058
 -1.38521365 -2.05198112 -1.8173349  -1.10410488 -1.17682278]
log likelihood =  -16469.5027874272
Edge derivatives =  [0.7535544617690879, 3.0589943045900054, -0.6109677235088532, 0.14619207947336021, -1.3745988408198397, 0.11419647322868316, 0.09709078401971047, 0.4669528235091385, 3.129040598360041, 0.2298353492598315, 1.0451938023236256, 4.554853432635506, 0.7036233782358529, 1.7641704573702097, -2.1339733247836037, -0.5954186158133767]
other derivatives: [-5.22231858 -2.20934453 -0.5326001   0.43073669  1.7847924   0.58498699
  4.69699444]
Current x array =  [-0.68057435 -0.89341835 -0.54127051  0.59294358 -2.09369488 -2.58358457
 -1.72254224 -0.97876438 -0.8773448  -0.5227896  -0.72336841 -3.26160743
 -3.17822103 -0.57517696 -0.71026702 -1.19153229 -1.30893609 -2.54662706
 -1.38191998 -2.05174681 -1.81840659 -1.1068618  -1.17810803]
log likelihood =  -16469.400784521502
Edge derivatives =  [0.6225253427880674, 2.7299474421800074, -0.7366717862917227, 0.0969583054280542, -1.4685429796080283, -0.0045513755623309005, -0.06564817594318687, 0.381240084607792, 2.003323984818013, -0.12814243767608302, 0.9007622042294763, 3.312179601327389, 0.617700491431642, 1.7019343279053019, -1.5977378800503939, -0.5332157899637388]
other derivatives: [ 5.34273568  2.81288521  0.33032848 -3.57977115 -1.26528903  0.28594513
  4.01196303]
Current x array =  [-0.68261052 -0.89579144 -0.54117746  0.60082058 -2.08858651 -2.5780965
 -1.70939105 -0.97536638 -0.87449172 -0.52320247 -0.72399685 -3.26064359
 -3.17563551 -0.57576469 -0.71061415 -1.1864775  -1.30879323 -2.54430268
 -1.37594856 -2.05266406 -1.81887875 -1.11051824 -1.17937308]
log likelihood =  -16469.331317101572
Edge derivatives =  [0.46034891846951, 2.232985647867902, -0.8958442422851034, 0.02605469971400526, -1.5072527676022898, -0.07212202282452526, -0.07529776946426703, 0.35370562941807276, 0.9648514854542836, -0.4349398190931471, 0.7748452099996233, 2.159175542173099, 0.5443307842502947, 1.62613563725374, -1.1652173327813988, -0.5110794101338425]
other derivatives: [ 8.11232894  3.96867108  0.84692147 -4.59585863 -2.64917617  0.08185452
  3.43461579]
Current x array =  [-0.68319935 -0.89629629 -0.54125221  0.602933   -2.08659166 -2.57544817
 -1.69862184 -0.9743775  -0.86828056 -0.5232573  -0.72428058 -3.26267658
 -3.17502094 -0.57657734 -0.71105767 -1.18172095 -1.30850998 -2.54225673
 -1.37022991 -2.05323772 -1.81916341 -1.11357659 -1.18030876]
log likelihood =  -16469.17807486781
Edge derivatives =  [0.3463647603101651, 0.6259816819955795, -0.7323174551067057, 0.03411681515506979, -1.4285432337898982, -0.08576603744536188, -0.28760697580795946, 0.08358154024086561, -1.2330041844127215, -0.8473236491936094, 0.5212422587996797, -0.7067091844941531, 0.17992754136078237, 1.065849915020181, 0.06737556176017256, -0.26131266059947944]
other derivatives: [ 7.16390787  3.96285031  0.91495167 -3.83042789 -2.56077328 -0.26338967
  1.96814653]
Current x array =  [-0.6831335  -0.89628483 -0.5413635   0.60143395 -2.08743613 -2.57532808
 -1.67453829 -0.97939907 -0.84307027 -0.52501416 -0.7244942  -3.27721931
 -3.17873841 -0.57669098 -0.71040177 -1.17115373 -1.30840051 -2.53720757
 -1.35516862 -2.0524275  -1.81658481 -1.12116849 -1.18282424]
log likelihood =  -16469.147594936236
Edge derivatives =  [-0.14044524685101714, -0.6914101170351332, -0.7734147385835717, -0.011376674066656139, -1.2667108196502688, -0.024157962831004326, 1.2708005951264236, 0.9437582824449277, -1.1011876296575023, -0.2869199209259477, 0.26357621614595295, -0.8674761921927695, 0.30808253208906256, 0.84152324639604, -0.11350763581586487, -0.26195231736083424]
other derivatives: [21.5262844  -4.83596523  3.92101356  0.25611371  1.47738319 -0.19754225
  0.56897989]
Current x array =  [-0.68633036 -0.89097292 -0.54220801  0.59209207 -2.0928857  -2.57496059
 -1.64357396 -0.97395554 -0.8266876  -0.52464085 -0.72335672 -3.2919868
 -3.1789273  -0.58317818 -0.71355872 -1.17225286 -1.31220294 -2.53001717
 -1.35533045 -2.05545396 -1.81571618 -1.12198656 -1.18401514]
log likelihood =  -16469.083484209234
Edge derivatives =  [-0.2134851692020198, -1.3925443225795981, -0.6502621362227697, -0.15949397621305708, -1.146755678260937, 0.02167432898552135, 0.6436211585288967, 0.5335445948526609, -1.1981057643695214, -0.1416686047966671, 0.1698280512733918, -1.418045164610629, 0.0023508718510278914, 0.3130656889432166, 0.015952970290245894, -0.2568008389589154]
other derivatives: [-5.49043762 -1.17033778 -3.22906999  0.99280442 -0.56352292 -0.27575879
  0.04110916]
Current x array =  [-0.68075552 -0.89354966 -0.54087513  0.59258492 -2.09115318 -2.57697287
 -1.63505213 -0.97842771 -0.81662209 -0.52694909 -0.72336043 -3.30183625
 -3.18183094 -0.58240587 -0.71254252 -1.17266335 -1.31359974 -2.52780916
 -1.35343635 -2.05422506 -1.81259038 -1.12372956 -1.18523777]
log likelihood =  -16469.072532809187
Edge derivatives =  [-0.18497757007926924, -0.8560822138391792, -0.5718165812667324, -0.1152595128132977, -1.1833457983824665, 0.01014842550434325, 0.6839997023895723, 0.5682995327152538, -0.6544878012440719, -0.021731192486733164, 0.2354199973531713, -0.742629794329929, 0.06618038922251046, 0.37526669147082675, -0.19486999850350262, -0.2596700182054641]
other derivatives: [-2.14822649 -0.87784429 -1.36424205  0.78398443 -0.16552804 -0.19717845
  0.42127795]
Current x array =  [-0.68136734 -0.89362198 -0.54127383  0.5927228  -2.09142967 -2.57629386
 -1.64062804 -0.975681   -0.82485138 -0.52695786 -0.72336851 -3.29696764
 -3.18004387 -0.58219002 -0.71240322 -1.17521406 -1.31374322 -2.52899302
 -1.3568366  -2.05427014 -1.81256776 -1.12223052 -1.18481992]
log likelihood =  -16469.064712706237
Edge derivatives =  [-0.12206507529983646, -0.7378092907318954, -0.3679721641426742, -0.07794804274271878, -1.1450278146270079, 0.037904626864973395, 0.5560328503774553, 0.45290812388575896, -0.2551871376020231, 0.13742871380664778, 0.2472553845366052, -0.37403124846790536, 0.03928427271194063, 0.25216206675857417, -0.2305021252497349, -0.1877178437625791]
other derivatives: [-0.77816367 -0.21645974 -0.54169504  0.73341653  0.10732037 -0.14952093
  0.40781742]
Current x array =  [-0.68158396 -0.8938922  -0.54147652  0.59268599 -2.09158019 -2.57673816
 -1.63978638 -0.97546492 -0.82633835 -0.52788771 -0.72337831 -3.29877011
 -3.17997461 -0.58167349 -0.71180622 -1.17722326 -1.31430669 -2.52854715
 -1.35881036 -2.05408629 -1.81151524 -1.12198841 -1.18511537]
log likelihood =  -16469.05126202166
Edge derivatives =  [0.06382535212905104, -0.6655965431192676, 0.18758941480088537, -0.03292740450280336, -0.9973185044780544, 0.13173577065494196, 0.01709986099613195, -0.04486190988787292, 0.6305158028791134, 0.49045315295108927, 0.23150727039607819, 0.38708952963188314, -0.09466347724719926, -0.18732701280558262, -0.2379044949415834, 0.02008347239495134]
other derivatives: [ 1.06010702 -0.28594513  0.26520866  0.05529728  0.35906851 -0.05311449
  0.13242243]
Current x array =  [-0.68186786 -0.89371009 -0.54169892  0.59360211 -2.09107662 -2.57862453
 -1.6336179  -0.97686744 -0.8265216  -0.53088646 -0.72348526 -3.30854486
 -3.18088374 -0.57994698 -0.70988476 -1.18198159 -1.31571671 -2.52622299
 -1.36316805 -2.05350842 -1.80828577 -1.12225105 -1.18635727]
log likelihood =  -16469.045280680006
Edge derivatives =  [0.1375937907909504, -0.5986936811217412, 0.4243644010665452, 0.012887445621524777, -0.9193023067738728, 0.1595389029052238, -0.21091874912379188, -0.22431532249484037, 0.5948627789399881, 0.41485359600592175, 0.18033496522600914, 0.3458987687846454, -0.16774740539842892, -0.4106365644234139, -0.019448787397769896, 0.13370846043028728]
other derivatives: [ 1.05465006  2.33194442  1.36788003  0.41291059  0.32268872 -0.02874003
 -0.16625563]
Current x array =  [-0.68176201 -0.89498138 -0.5420288   0.59305122 -2.0911035  -2.57940052
 -1.62835631 -0.97661725 -0.82748087 -0.53204589 -0.7236003  -3.31606545
 -3.18076516 -0.57928024 -0.70906696 -1.18194668 -1.31529716 -2.52411855
 -1.36309873 -2.05342111 -1.80673764 -1.12356954 -1.18711383]
log likelihood =  -16469.03662969953
Edge derivatives =  [0.2056982083058746, -0.38154897028825696, 0.6202332950329762, 0.02340607100856478, -0.8210944695851912, 0.1848225456828374, -0.42375922674762356, -0.4220386754140496, 0.5505347939666856, 0.2519901727705607, 0.10157993061723225, 0.40586280982525524, -0.21548710072186258, -0.607682689170438, 0.17290404566151552, 0.2385955961358725]
other derivatives: [ 1.26819941  1.60944182 -1.50284905  0.32705429  0.0509317   0.0163709
 -0.50713425]
Current x array =  [-0.68184313 -0.89451305 -0.54135258  0.59333645 -2.09048607 -2.57997589
 -1.62163384 -0.97531477 -0.83131103 -0.53308926 -0.72383068 -3.32639115
 -3.17984454 -0.57890862 -0.70847    -1.18206707 -1.31442822 -2.5211168
 -1.36385668 -2.05380269 -1.80546563 -1.124984   -1.18794673]
log likelihood =  -16469.030997696394
Edge derivatives =  [0.15955900170116039, -0.07246022327781547, 0.5546204731613676, -0.05677350596810635, -0.7158234160592231, 0.17510511433024833, -0.600275637385963, -0.6642996660693015, -0.03343698092474767, -0.3376555333045296, -0.09197893449073297, 0.11479059786923203, -0.2452568760477369, -0.8153711915398336, 0.3264612754275342, 0.1781259919410787]
other derivatives: [-2.66336428 -1.26419764  3.65507731 -0.42382453 -0.3263267   0.06293703
 -0.95424184]
Current x array =  [-0.6810308  -0.8930582  -0.54275397  0.59422252 -2.08938994 -2.58033606
 -1.61244819 -0.9724443  -0.83844909 -0.53335488 -0.72421416 -3.34232893
 -3.17772939 -0.5790876  -0.70838033 -1.1800005  -1.31210907 -2.51649543
 -1.36314784 -2.05483961 -1.80489188 -1.12733106 -1.18879332]
log likelihood =  -16469.024352504654
Edge derivatives =  [0.17904943398249776, 0.11700761260919579, 0.44967955705797263, -0.014318096886295956, -0.7326284364709976, 0.15954496916937633, -0.4034282409938575, -0.43865407526930666, -0.2102320379666605, -0.4205770673389423, -0.0663051494353151, 0.007553106243473846, -0.1722155354281535, -0.6124882080804874, 0.3895214874485031, 0.17473138526399956]
other derivatives: [-1.15323928 -0.41582098 -0.58207661 -0.09749783 -0.46638888  0.068394
 -0.79489837]
Current x array =  [-0.68139163 -0.89347143 -0.54164943  0.59402426 -2.08952483 -2.57996416
 -1.61555954 -0.97155271 -0.84114717 -0.53231946 -0.72427425 -3.34104379
 -3.17696676 -0.57952568 -0.70900474 -1.17877851 -1.31137652 -2.51701688
 -1.3623295  -2.05509426 -1.80603632 -1.12712969 -1.18834642]
log likelihood =  -16469.021558480694
Edge derivatives =  [0.1621172708115583, 0.26990440542471883, 0.32060366223066333, 0.006451700817814834, -0.7394429138752123, 0.14895939543088757, -0.185585095942491, -0.2326453555067341, -0.26641776835887615, -0.45387235521979213, -0.05875080760543917, 0.012203354308805633, -0.09196904783106599, -0.44008620736155113, 0.3369452477565705, 0.12774752741851542]
other derivatives: [-0.42127795 -0.20881998 -1.33331923  0.07894414 -0.34197001  0.09131327
 -0.64319465]
Current x array =  [-0.68154942 -0.89357084 -0.54143984  0.59376535 -2.08982484 -2.57967468
 -1.61795717 -0.97045095 -0.84369769 -0.53132645 -0.72428648 -3.34070341
 -3.17617185 -0.58011439 -0.7096847  -1.17828983 -1.31103086 -2.5172917
 -1.36220995 -2.05546216 -1.8071379  -1.12665211 -1.18791291]
log likelihood =  -16469.016490299495
Edge derivatives =  [0.14620880440167705, 0.4598811842431709, 0.1329051444363949, 0.040150307196380325, -0.687832552793272, 0.15573865306651302, 0.09271471578522256, 0.037219284531649965, -0.2958557249220882, -0.4231039528262703, -0.08766744125270703, -0.014258216415734062, 0.030018051210808028, -0.2016552404580235, 0.2484858926917648, 0.06283867748351196]
other derivatives: [ 0.47512003  0.3255991  -1.25619408 -0.07785275 -0.2059096   0.14078978
 -0.514774  ]
Current x array =  [-0.68170554 -0.89383081 -0.54143043  0.5940619  -2.0899882  -2.57957045
 -1.61954285 -0.96898525 -0.84703881 -0.52991501 -0.72439562 -3.34621037
 -3.17488791 -0.5809048  -0.71067939 -1.17787168 -1.31094379 -2.51657353
 -1.36192428 -2.05613124 -1.80883593 -1.12615927 -1.18748659]
log likelihood =  -16469.00762001714
Edge derivatives =  [0.08659449428542053, 0.5962144303325492, -0.1472882414763573, 0.07210725178092209, -0.5281290675431547, 0.20520710803616465, 0.4164305146684105, 0.3590802374207361, -0.07778473224065252, -0.08835322752698455, -0.14736167465476013, 0.018073292565395103, 0.22310253100503347, 0.1642638946253751, 0.026773864737353104, -0.018788331299243843]
other derivatives: [ 1.29330147  0.48421498 -0.59662852  0.01055014  0.22046152  0.2230081
 -0.33141987]
Current x array =  [-0.68184129 -0.89387076 -0.54159623  0.59382275 -2.09055466 -2.57969255
 -1.62125799 -0.96725404 -0.84979877 -0.52788796 -0.72453667 -3.36139684
 -3.17291595 -0.58170497 -0.71195482 -1.17846135 -1.31211483 -2.51480155
 -1.36180541 -2.0570083  -1.81157015 -1.12510161 -1.18699786]
log likelihood =  -16469.001191499887
Edge derivatives =  [-0.03966005934689859, 0.33662856098146954, -0.42998781049899515, 0.023822684396661877, -0.30241891039910673, 0.2726105956291534, 0.45696455695898963, 0.42207999064153806, -0.16033533848184822, 0.15949904741231102, -0.24842442075069932, -0.27371906982429206, 0.329354478439057, 0.42652497043888743, -0.0474959154928406, -0.0586802244667039]
other derivatives: [ 5.17720764  0.45220077  0.88803063 -0.21282176 -0.0512955   0.21500455
 -0.40417945]
Current x array =  [-0.68264943 -0.89370871 -0.5419338   0.59415987 -2.09011191 -2.57960097
 -1.61948638 -0.96688119 -0.84644074 -0.52641524 -0.72461945 -3.38547766
 -3.17095412 -0.58172068 -0.71255075 -1.17765554 -1.31302038 -2.51205208
 -1.35997337 -2.05733063 -1.81398604 -1.12511601 -1.18694766]
log likelihood =  -16468.997866031747
Edge derivatives =  [-0.21538477177987375, 0.12600645853393155, -0.7252389113596356, -0.02674356057757925, -0.057271988085487766, 0.3549711654206418, 0.43784992725215066, 0.5130695612258507, 0.26907455883920905, 0.7260491041968271, -0.30212260749220665, -0.1787729034729078, 0.45012154433144835, 0.7526624615958071, -0.3854835826075853, -0.15376240450154705]
other derivatives: [-3.0726369   0.70831447 -1.46137609  0.15752448 -0.15170372  0.23464963
 -0.17862476]
Current x array =  [-0.68097863 -0.89408858 -0.54147346  0.59402407 -2.09049872 -2.57944265
 -1.62208357 -0.96618684 -0.84411372 -0.52491419 -0.72463542 -3.40964142
 -3.16843868 -0.58152368 -0.71313193 -1.17934333 -1.31518301 -2.51031973
 -1.36029575 -2.05736934 -1.81669859 -1.12361702 -1.18655064]
log likelihood =  -16468.993888192595
Edge derivatives =  [-0.14432473621193884, 0.027042439480104367, -0.4773630046225103, -0.026821440299149957, -0.13033137511681417, 0.3376257656495707, 0.22061603186594336, 0.27374236353155684, 0.19294303219282632, 0.5541757685706936, -0.26797277647595463, -0.1559117910508617, 0.3222282580222071, 0.48701880482328336, -0.21948267887166029, -0.06544869756537303]
other derivatives: [-0.11896191  0.31868694 -0.39908628 -0.02510205 -0.17789716  0.19135769
 -0.33724064]
Current x array =  [-0.68158638 -0.89379807 -0.54169926  0.59411953 -2.09022847 -2.57954471
 -1.62018791 -0.96756624 -0.84189916 -0.5264691  -0.72457437 -3.40187373
 -3.1697656  -0.58087151 -0.71216582 -1.17923139 -1.31457709 -2.51112346
 -1.36050631 -2.05674319 -1.81471689 -1.12441717 -1.18700416]
log likelihood =  -16468.992540894316
Edge derivatives =  [-0.12617447550254446, -0.061055523992065305, -0.35069741454040343, -0.02694315899405957, -0.13163205433067038, 0.33817770974030015, 0.07424926274998753, 0.13387858196476576, 0.17874528396894473, 0.4949959225566575, -0.24962605548242528, -0.12713983246298274, 0.2517595576431869, 0.36866919162704553, -0.1496052516942964, -0.02036001300742568]
other derivatives: [ 0.23937901  0.10477379 -0.17025741 -0.02364686 -0.14988473  0.15934347
 -0.37980499]
Current x array =  [-0.68166883 -0.89368428 -0.54175171  0.59405316 -2.09025423 -2.57943829
 -1.6199127  -0.96824844 -0.84023144 -0.5272755  -0.72455174 -3.40176551
 -3.16984975 -0.58036458 -0.71160273 -1.17923025 -1.3142683  -2.51145446
 -1.36064618 -2.05622272 -1.81387611 -1.12473213 -1.18720097]
log likelihood =  -16468.988737542204
Edge derivatives =  [-0.08884423082430747, -0.15450329368238402, -0.09899348976950094, 0.006175516525548749, -0.08745270662479057, 0.34049194022291773, -0.13197893260493343, -0.055258894488540544, 0.1400291917055041, 0.3107451617885101, -0.19116152436263395, 0.006217635967464689, 0.1177100436202575, 0.20222121551884098, -0.03299907337253849, 0.052061426684477885]
other derivatives: [ 0.53914846 -0.13824319  0.08185452  0.03346941  0.11023076  0.08731149
 -0.28448994]
Current x array =  [-0.68174659 -0.89359439 -0.54179376  0.59383778 -2.09068755 -2.57866624
 -1.62259067 -0.9691413  -0.8380875  -0.5286917  -0.72456569 -3.40716047
 -3.16815397 -0.57944406 -0.71069752 -1.17896854 -1.31292961 -2.5125336
 -1.36110388 -2.05480851 -1.81265316 -1.12502516 -1.1872634 ]
log likelihood =  -16468.98541712778
Edge derivatives =  [-0.08960589896533858, -0.08783572841810555, 0.06797180684329589, -0.035939878439850054, -0.012969059410986639, 0.30391217715075564, -0.2731775249512284, -0.20991805597593866, -0.19118689375372588, -0.24090926153088937, -0.13370356277076179, 0.031303317062652325, -0.07878595886265691, -0.04702890451581526, 0.12121817110603039, 0.04824022684797291]
other derivatives: [ 0.5664333   0.08913048 -0.79962774  0.18371793 -0.63155312 -0.02510205
 -0.11386874]
Current x array =  [-0.6818118  -0.89371659 -0.54156665  0.59383607 -2.08985014 -2.57708919
 -1.6269898  -0.96918547 -0.83900344 -0.53006365 -0.72450936 -3.41939027
 -3.16298294 -0.57910095 -0.71007771 -1.17740885 -1.30959607 -2.51391412
 -1.36103587 -2.0529361  -1.81088544 -1.12559382 -1.18694961]
log likelihood =  -16468.984645848363
Edge derivatives =  [0.02564484839228269, 0.03993947980939237, 0.25959041928426774, 0.11827327901067303, 0.08387667636509884, 0.3089423798854004, -0.02695586467376848, -0.012293249730823741, 0.1006029900531627, -0.10026588594583002, -0.08031518074551516, 0.23129743316105858, -0.09698048206161186, -0.044478961825832886, 0.04579379156122021, 0.05809015185310751]
other derivatives: [-0.23937901 -0.05493348  0.92404662 -0.26848284  0.81672624 -0.02000888
  0.15934347]
Current x array =  [-0.68157081 -0.89377045 -0.54195162  0.59416921 -2.09162223 -2.57634052
 -1.63178979 -0.9692507  -0.84005808 -0.5303279  -0.72460815 -3.43015973
 -3.15878462 -0.57941022 -0.71035427 -1.17843043 -1.30961034 -2.51505184
 -1.36161904 -2.05211254 -1.81073266 -1.12481229 -1.18653407]
log likelihood =  -16468.983724223115
Edge derivatives =  [-0.03238315975739159, 0.04458261272204156, 0.10175307385376026, 0.04074678985240701, 0.04820832932929495, 0.29504455801428586, -0.0331968928603123, -0.01945459345076228, -0.024334438904634104, -0.13762400013182002, -0.10519629664136719, 0.10461736926860887, -0.06315139845255524, -0.007476008494044617, 0.03371112884248517, 0.018469892282591105]
other derivatives: [-0.07530616 -0.20008883 -0.01236913 -0.06293703  0.15643309 -0.01382432
  0.08731149]
Current x array =  [-0.68164677 -0.89364223 -0.54174086  0.59402714 -2.09080422 -2.57656807
 -1.63031758 -0.96889594 -0.84070563 -0.52977611 -0.72452543 -3.42671712
 -3.15950717 -0.57965379 -0.71055736 -1.17796519 -1.30970789 -2.51472056
 -1.36113696 -2.0526487  -1.81105336 -1.1249424  -1.18653044]
log likelihood =  -16468.98346146837
Edge derivatives =  [-0.043144324979630694, 0.05838832471921444, 0.04830132619872552, 0.01722389982128303, 0.03920373821061417, 0.2834007708584838, -0.00938095266616143, -0.0011227320220997261, -0.03713117659176046, -0.12351403717112092, -0.10647647326809567, 0.057673931534716616, -0.05239670139285063, -0.005556450550076364, 0.01948624307998259, 0.0003259326212517455]
other derivatives: [-0.05275069  0.16225385 -0.03274181  0.01891749 -0.06439222 -0.01309672
  0.07639755]
Current x array =  [-0.68164801 -0.89380979 -0.54174524  0.59397019 -2.09053731 -2.5765921
 -1.63006539 -0.96883401 -0.84106233 -0.5295623  -0.72446369 -3.42603807
 -3.15905334 -0.57982751 -0.71066565 -1.17793564 -1.30985967 -2.51486308
 -1.3609255  -2.05281472 -1.8110519  -1.12490813 -1.18648209]
log likelihood =  -16468.982956084856
Edge derivatives =  [-0.03898026097107876, 0.09955704457140299, -0.033639943899981775, -0.013361772028191495, 0.032650870282880606, 0.25158005187229304, 0.08327305148440894, 0.06068227048495983, -0.014341412939804343, -0.046964248925769336, -0.0949359650508981, -0.037117480502284826, -0.03430497201854288, -0.012496916512897471, -0.016290662302439585, -0.03005122686305456]
other derivatives: [ 0.05966285  0.20336302 -0.70504029  0.09858923 -0.26266207 -0.01382432
  0.08258212]
Current x array =  [-0.68168527 -0.89380927 -0.54158543  0.59392657 -2.09028153 -2.57654097
 -1.63006712 -0.96886036 -0.84180306 -0.52913954 -0.72431217 -3.42618088
 -3.15693252 -0.58026903 -0.71091874 -1.1780594  -1.31032641 -2.5155498
 -1.36043688 -2.05307835 -1.81091515 -1.12472843 -1.18632495]
log likelihood =  -16468.982383909814
Edge derivatives =  [-0.03731893830698475, 0.11863348108470445, -0.13090412136550858, -0.07487623111028192, 0.014841708758036629, 0.19059039433530478, 0.1488409989233184, 0.07210682276747848, -0.030380851285282562, -0.0008390720031590249, -0.07255749143656998, -0.19135631091005187, -0.03976353578995295, -0.09159303648033956, -0.059206234313733064, -0.0810872965590117]
other derivatives: [-0.343789    0.15897967  0.22082531  0.13096724 -0.55042619 -0.03237801
  0.07603376]
Current x array =  [-0.68160314 -0.89377566 -0.54183868  0.59388351 -2.08986386 -2.57639677
 -1.62993211 -0.96922317 -0.84230113 -0.52881589 -0.72405503 -3.42626933
 -3.15321554 -0.58072469 -0.71105182 -1.17810208 -1.31079997 -2.51692906
 -1.35967616 -2.05329134 -1.81031026 -1.12463024 -1.18615626]
log likelihood =  -16468.981778290192
Edge derivatives =  [0.030360384716216993, 0.11611106930113999, -0.07333359833033054, -0.053558597447154604, 0.022301451857618407, 0.14695188739295087, 0.20064093492416826, 0.09573250465676852, 0.07683138038287896, 0.13030269292623714, -0.02328754348860535, -0.22967561976906578, -0.05292314202602788, -0.16031411840697085, -0.048133484635195734, -0.05635786970310647]
other derivatives: [ 0.2914021   0.36197889 -0.2237357   0.0858563  -0.28921932 -0.04984031
  0.0854925 ]
Current x array =  [-0.6817249  -0.89387743 -0.54171139  0.59391629 -2.09019095 -2.57623268
 -1.63032957 -0.96995993 -0.84175269 -0.5289131  -0.72388515 -3.42804325
 -3.14936407 -0.58083839 -0.71096126 -1.17854286 -1.31140688 -2.5184674
 -1.35935748 -2.0532335  -1.80963009 -1.12448356 -1.18608991]
log likelihood =  -16468.981381669502
Edge derivatives =  [0.06901483464317675, 0.06641762712846691, 0.003576535057559293, -0.04192806706826678, 0.014857025987748143, 0.11458480724679329, 0.1286242285343037, 0.024349833686936107, 0.10050150425923898, 0.14849028307437145, 0.012944545326654809, -0.21622044062888898, -0.07727563552875208, -0.22658326725982203, -0.01600875620326192, -0.024887220737303872]
other derivatives: [-0.50313247 -0.05238689 -0.34524419  0.00945874 -0.05638867 -0.0687578
  0.06366463]
Current x array =  [-0.68156862 -0.89371114 -0.54168268  0.59397425 -2.09050372 -2.57621467
 -1.6301765  -0.97065953 -0.84066788 -0.52928662 -0.72381591 -3.42800855
 -3.14710731 -0.58054538 -0.71063144 -1.17868657 -1.31154188 -2.51956358
 -1.35943556 -2.05313969 -1.80910631 -1.12456876 -1.18618204]
log likelihood =  -16468.981212465755
Edge derivatives =  [0.09549963267153927, 0.03523883910642344, 0.066290087548648, -0.022099663078097888, 0.0070788739588291405, 0.09354102982055616, 0.06296231769550303, -0.03375011867761346, 0.0784323382544515, 0.10707333142895059, 0.03933411841625123, -0.1572123090874566, -0.07781584325619892, -0.2360502009300402, 0.02400072162337874, 0.010261679554019576]
other derivatives: [ 0.75415301 -0.29540388  0.43255568 -0.11532393  0.1717126  -0.07603376
  0.04838512]
Current x array =  [-0.68181959 -0.89356794 -0.54184997  0.59403082 -2.09074501 -2.57624942
 -1.63008236 -0.97101826 -0.83991763 -0.52954277 -0.72382421 -3.4278828
 -3.14561598 -0.58018603 -0.71037265 -1.17855839 -1.31133684 -2.52024786
 -1.35971337 -2.0531375  -1.80902234 -1.12468033 -1.18626932]
log likelihood =  -16468.981046793044
Edge derivatives =  [0.0856648696776775, 0.0331352206271191, 0.05565547519931216, -0.02366069060851467, 0.003535853121496832, 0.09531419006505737, 0.04626674173615755, -0.03666636331800033, 0.06161673585801192, 0.08899006459024816, 0.03557094557809913, -0.14280059204144296, -0.06926965220859116, -0.21488394491147594, 0.023942737007553117, 0.009076675693825753]
other derivatives: [ 0.22810127 -0.21609594  0.2055458  -0.08039933  0.1193257  -0.07275958
  0.04147296]
Current x array =  [-0.68171304 -0.89362227 -0.54180146  0.59401718 -2.09071541 -2.57631894
 -1.62992545 -0.97091919 -0.83996341 -0.52950785 -0.72385458 -3.42741888
 -3.14591386 -0.58013631 -0.710386   -1.17849015 -1.31126175 -2.520114
 -1.35982836 -2.05321429 -1.80919462 -1.12469565 -1.18628755]
log likelihood =  -16468.9807928206
Edge derivatives =  [0.06953765636436222, 0.029210436076061393, 0.02759206627359366, -0.026253169735103818, -0.009660439894575268, 0.08318107241704148, 0.0056143886071367, -0.04529969433191672, 0.010784120982237022, 0.03897924665519298, 0.03888468368099318, -0.09879736809271783, -0.03760633638440891, -0.15442029868036056, 0.028973428376969035, 0.011312733568768218]
other derivatives: [-0.32159733 -0.04038156 -0.102591   -0.01818989  0.02473826 -0.06257324
  0.02473826]
Current x array =  [-0.68160152 -0.89372507 -0.54173293  0.59398527 -2.09066185 -2.57650724
 -1.62953795 -0.97075772 -0.84003389 -0.52937806 -0.72390804 -3.42634106
 -3.14549506 -0.57997932 -0.710408   -1.17826215 -1.31106381 -2.52019592
 -1.36014273 -2.05349891 -1.80965595 -1.12471982 -1.18631697]
log likelihood =  -16468.980612940846
Edge derivatives =  [0.05982772575912891, 0.02890898423580883, 0.0007143836594524031, -0.025716079564164603, -0.021692727451010835, 0.058782929253391375, -0.0227706535518217, -0.046388191903187825, -0.03394895161938488, -0.0072471453009272935, 0.052365115996889054, -0.04610471211834054, -0.00045656798036181057, -0.08937852382576972, 0.030631923017269802, 0.014101224262447198]
other derivatives: [-0.37252903  0.08039933 -0.21245796  0.0178261  -0.02219167 -0.05384209
  0.01818989]
Current x array =  [-0.68159121 -0.89378826 -0.54170589  0.59395662 -2.09065054 -2.57667963
 -1.62934712 -0.97064939 -0.84010441 -0.52922178 -0.72394695 -3.42582995
 -3.14403903 -0.57983076 -0.7104476  -1.17804459 -1.310871   -2.52061085
 -1.36047784 -2.05380601 -1.81013213 -1.12469196 -1.18630769]
log likelihood =  -16468.98044674402
Edge derivatives =  [0.037944446928953934, 0.014524170110675402, -0.020881809237244447, -0.016686613710859402, -0.023401666613070665, 0.03234512293325184, -0.012736820434231133, -0.01610434074769429, -0.02012941554546177, -0.00992194923621914, 0.06308343598369728, 0.01768735587980655, 0.035080191293466845, -0.012854211261061899, -0.00295947107928507, 0.0022641630329343077]
other derivatives: [-0.21100277  0.0178261  -0.01346052  0.02291927  0.01527951 -0.03565219
  0.034197  ]
Current x array =  [-0.68162345 -0.89375066 -0.54175293  0.59392465 -2.09070072 -2.57692973
 -1.62945786 -0.97045533 -0.83997527 -0.52909517 -0.72403159 -3.42653546
 -3.14197988 -0.57978008 -0.71061631 -1.17809837 -1.31085486 -2.52099451
 -1.36084318 -2.05398258 -1.81072297 -1.12449955 -1.18621703]
log likelihood =  -16468.980388940512
Edge derivatives =  [0.019363544282033393, 0.0028995765631477863, -0.026044643150523353, -0.013690686213170305, -0.020938004402925828, 0.01796235645658717, -0.002730976626711512, 0.0008954094590093997, -0.00343282291475977, -0.0032364594541840486, 0.0630781404283309, 0.027828670281107047, 0.038946420698866446, 0.013693378517931176, -0.020623849386071536, -0.007950408143616028]
other derivatives: [ 0.09058567 -0.04474714 -0.05311449  0.01164153 -0.02510205 -0.02473826
  0.04256435]
Current x array =  [-0.68169047 -0.89370596 -0.54173928  0.59394895 -2.09062907 -2.57709451
 -1.62953681 -0.97029607 -0.83986702 -0.52909819 -0.72409403 -3.42735698
 -3.14077923 -0.57978965 -0.71071567 -1.17818357 -1.31087704 -2.52105246
 -1.36090695 -2.0539207  -1.81095289 -1.12441199 -1.18615495]
log likelihood =  -16468.980359529818
Edge derivatives =  [0.007958097527000677, -0.007463774201780599, -0.016546064151393754, -0.006083526394294738, -0.01650097432001474, 0.013548647206283904, 0.006685933764607854, 0.01367993666493117, 0.016299133334504057, 0.006845447545310246, 0.05841528903120441, 0.028341291294122432, 0.032463518985873796, 0.02163291804330525, -0.02956311737414452, -0.013498752364474176]
other derivatives: [ 0.19790605 -0.0163709   0.03674359 -0.00836735 -0.02073648 -0.0163709
  0.04765752]
Current x array =  [-0.68171053 -0.89371662 -0.54175973  0.59397729 -2.09061759 -2.57720842
 -1.62959501 -0.97018253 -0.83973592 -0.52916288 -0.72415196 -3.4280529
 -3.14027513 -0.57980239 -0.71077099 -1.17828086 -1.31090837 -2.52093252
 -1.36090779 -2.05378587 -1.81104686 -1.12437581 -1.18612682]
      fun: 16468.980359529818
 hess_inv: <23x23 LbfgsInvHessProduct with dtype=float64>
      jac: array([-0.19790605,  0.0163709 , -0.03674359,  0.00836735,  0.02073648,
        0.0163709 , -0.04765752, -0.0079581 ,  0.00746377,  0.01654606,
        0.00608353,  0.01650097, -0.01354865, -0.00668593, -0.01367994,
       -0.01629913, -0.00684545, -0.05841529, -0.02834129, -0.03246352,
       -0.02163292,  0.02956312,  0.01349875])
  message: 'CONVERGENCE: REL_REDUCTION_OF_F_<=_FACTR*EPSMCH'
     nfev: 61
      nit: 57
     njev: 61
   status: 0
  success: True
        x: array([-0.68171053, -0.89371662, -0.54175973,  0.59397729, -2.09061759,
       -2.57720842, -1.62959501, -0.97018253, -0.83973592, -0.52916288,
       -0.72415196, -3.4280529 , -3.14027513, -0.57980239, -0.71077099,
       -1.17828086, -1.31090837, -2.52093252, -1.36090779, -2.05378587,
       -1.81104686, -1.12437581, -1.18612682])
