number of sites to be analyzed:  231
log likelihood =  -2837.2278755524894
Lr derivatives =  [-12.187587072676159, -149.19652548655907, -75.64322095043167]
other derivatives =  [ 27.44529411 -19.34901547  59.60671751 -66.96780292 211.05701035
  36.19078598]
Current x_clock array =  [-0.63730437 -0.78095284 -0.46280365  0.18232156 -0.10536052  0.33647224
 -0.51082562 -0.51082562 -0.51082562]
log likelihood =  -2674.197123177356
Lr derivatives =  [-32.86317240381013, -154.26767797100769, -98.64561345354944]
other derivatives =  [-109.91759154  -10.25672827 -124.96772979  -30.73188191  136.94577662
   21.29173845]
Current x_clock array =  [-0.75454986 -0.77783023 -0.7174418   0.46840605 -1.00698988  0.18186626
 -0.45876061 -0.50864339 -0.50864339]
log likelihood =  -2490.124462142488
Lr derivatives =  [-21.38264112261705, -70.80245092700437, -33.03409595047762]
other derivatives =  [ 224.66011023   42.54364558 -115.05614611   19.82781375   -9.74514711
   23.65292357]
Current x_clock array =  [-0.50250639 -0.7622707  -0.60738726  1.0026943  -2.84499484 -0.12488066
 -0.25668174 -0.1393023  -0.2408868 ]
log likelihood =  -2534.7527030266383
Lr derivatives =  [-14.759506567826055, -37.68650007211916, 49.751439736447395]
other derivatives =  [-225.60209982   -9.6749327   493.0730106    16.53981432  -26.56257879
   19.59153678]
Current x_clock array =  [-0.95761043 -0.86239002 -0.22867464  1.09775387 -3.3352552  -0.27003814
 -0.13728598  0.         -0.04827707]
log likelihood =  -2458.4200272474
Lr derivatives =  [-30.408807396962075, -62.46946713772697, -17.21678036917103]
other derivatives =  [-41.53347072  17.67932736 -18.55442997  22.48486762 -19.7585662
  23.70003767]
Current x_clock array =  [-0.6899876  -0.8035151  -0.45137569  1.04185432 -3.04695877 -0.18467863
 -0.20749637 -0.08191638 -0.16154076]
log likelihood =  -2451.9161152317074
Lr derivatives =  [-6.524556140125169, -40.56131859060511, 1.0062416352026773]
other derivatives =  [-2.2712984  11.86376676 61.35737567 13.76728596 -6.12773142 24.61854456]
Current x_clock array =  [-0.66344656 -0.82114698 -0.3940846   0.99911584 -2.96355408 -0.19578532
 -0.18181474 -0.00654841 -0.13113637]
log likelihood =  -2449.1313535245636
Lr derivatives =  [4.6974788632104705, -35.03564085803957, 2.290575619645775]
other derivatives =  [10.15116459  3.1451118  -0.09297491 10.53888127  2.68810712 24.52966373]
Current x_clock array =  [-0.6513319  -0.83607801 -0.44275792  0.95416087 -2.86151343 -0.20778441
 -0.17746835  0.         -0.13848999]
log likelihood =  -2448.065925481808
Lr derivatives =  [4.196980660859499, -35.38050793505121, 1.9363839279771469]
other derivatives =  [ 2.49902132 -1.44065871 -7.76588467  9.75386865  1.94125489 22.98876007]
Current x_clock array =  [-0.6574259  -0.84478213 -0.44894026  0.93921019 -2.86998746 -0.24487018
 -0.17600511  0.         -0.13766976]
log likelihood =  -2443.1881988902587
Lr derivatives =  [2.960277982591755, -36.40595604164338, -0.6092690560580394]
other derivatives =  [-19.62667056 -16.55515644 -26.42688742   2.81337452  -1.38926538
  13.15223562]
Current x_clock array =  [-0.67770022 -0.87467972 -0.46572288  0.8238008  -2.90944281 -0.51970232
 -0.17273423  0.         -0.13441384]
log likelihood =  -2440.497987870578
Lr derivatives =  [4.0278756201743064, -36.410618271336595, -2.8036160538441948]
other derivatives =  [-16.33228203  -1.87081423 -24.34369708  -2.6654061   -1.72842621
   6.81170468]
Current x_clock array =  [-0.67813913 -0.84255261 -0.46666778  0.72895389 -2.89981575 -0.75910963
 -0.18828238  0.         -0.13374628]
log likelihood =  -2439.7733307446724
Lr derivatives =  [-8.052666259914547, -41.80775665305152, -2.052457610344092]
other derivatives =  [ 12.72037798 -22.67456193   8.78368428  -6.48107198  -4.0163928
   2.20458591]
Current x_clock array =  [-0.652852   -0.88430212 -0.44177537  0.67936915 -2.88087254 -1.04592972
 -0.25435187  0.         -0.11262134]
log likelihood =  -2439.0205939884645
Lr derivatives =  [-2.228242534463675, -38.72132794446766, -0.29250986307294013]
other derivatives =  [ 2.2320919  -3.00253851  2.02931506 -5.94958146 -2.45187061  2.23186936]
Current x_clock array =  [-0.66333613 -0.84292364 -0.44683485  0.6811267  -2.872459   -1.03925184
 -0.23787186  0.         -0.11230371]
log likelihood =  -2438.8823439534035
Lr derivatives =  [-1.13995150010604, -37.92709196790217, 0.7045209818621601]
other derivatives =  [ 1.29739783  1.64232415  2.15733053 -5.37622327 -1.81037439  1.89635136]
Current x_clock array =  [-0.66444993 -0.83395133 -0.44658075  0.69055342 -2.8633058  -1.06725063
 -0.23759141  0.         -0.10989671]
log likelihood =  -2438.60465410655
Lr derivatives =  [0.1283960422617838, -36.70896063300003, 1.7238750016504945]
other derivatives =  [-4.30554792e-03  6.19672483e+00  2.25564781e+00 -3.07836672e+00
 -4.25505830e-01  1.02721735e+00]
Current x_clock array =  [-0.6654052  -0.82610274 -0.44575688  0.73065051 -2.83971883 -1.14836066
 -0.23828187  0.         -0.10679314]
log likelihood =  -2438.438346204719
Lr derivatives =  [0.49938467471528725, -36.201766097580204, -0.20117423074130514]
other derivatives =  [-0.87618082  3.30321109  1.63357163 -0.55248165  0.4697079   0.28986193]
Current x_clock array =  [-0.66528726 -0.83311416 -0.4451104   0.77682986 -2.8246916  -1.2233573
 -0.2342668   0.         -0.11086249]
log likelihood =  -2438.45473288004
Lr derivatives =  [0.41715455985176675, -35.32083673599363, 4.473168103419148]
other derivatives =  [ 4.00598947  0.54013799 -2.43547356  0.62048684 -0.40658981  0.06206259]
Current x_clock array =  [-0.66030293 -0.83997326 -0.44800533  0.79744039 -2.8387985  -1.25730262
 -0.23150444  0.         -0.09880541]
log likelihood =  -2438.4262840680867
Lr derivatives =  [0.4719206108307894, -35.85009052727027, 1.5550039660153718]
other derivatives =  [ 1.04844366  2.20929496  0.02148681 -0.08820462  0.12280772  0.19807597]
Current x_clock array =  [-0.66331797 -0.83582417 -0.44625418  0.78497301 -2.83026519 -1.23676898
 -0.2331754   0.         -0.10609878]
log likelihood =  -2438.4172991791047
Lr derivatives =  [-0.1568132299595284, -36.24946502062504, 0.291820387689274]
other derivatives =  [-0.62544359  0.17994716  0.36355323  0.15405976 -0.0098364   0.04047696]
Current x_clock array =  [-0.66452677 -0.83973123 -0.44576939  0.78888017 -2.82971069 -1.25339039
 -0.23391961  0.         -0.10851878]
log likelihood =  -2438.4168243235013
Lr derivatives =  [-0.08114531797372493, -36.2788677242378, -0.15771921885028206]
other derivatives =  [ 0.14596844  0.02128172 -0.40207942  0.04578578  0.0107413   0.01200419]
Current x_clock array =  [-0.66385424 -0.84004638 -0.44648027  0.78730871 -2.82942116 -1.25515712
 -0.23376463  0.         -0.10963032]
log likelihood =  -2438.416695369609
Lr derivatives =  [-0.07356660160467854, -36.2466490685547, -0.016144299851063693]
other derivatives =  [ 0.01763738 -0.01497665 -0.05180027  0.02615661  0.00688739  0.01132998]
Current x_clock array =  [-0.66398683 -0.84012439 -0.44617899  0.78710951 -2.82968074 -1.25555451
 -0.23371008  0.         -0.10927202]
log likelihood =  -2438.4166794012526
Lr derivatives =  [-0.045956861483993805, -36.22344269583192, 0.014829589829805201]
other derivatives =  [ 0.00880163 -0.02144316  0.01371791  0.00896671  0.01147988  0.00662741]
Current x_clock array =  [-0.66400663 -0.84014483 -0.44612397  0.78691096 -2.82976212 -1.25608652
 -0.23361014  0.         -0.10920002]
log likelihood =  -2438.416671260834
Lr derivatives =  [-0.010318264587599657, -36.199541100276434, 0.02111912082758849]
other derivatives =  [ 0.00714954 -0.01901071  0.02151091 -0.00197815  0.01544988  0.00198833]
Current x_clock array =  [-0.66401753 -0.84015409 -0.44611342  0.78681284 -2.82987424 -1.25652023
 -0.23344197  0.         -0.10919857]
log likelihood =  -2438.416667848403
Lr derivatives =  [0.0002686831653591071, -36.1930707620963, 0.012497648882661139]
other derivatives =  [-0.00431783 -0.00522914  0.00650834 -0.00330601  0.00668786 -0.00045449]
Current x_clock array =  [-0.66403043 -0.84013632 -0.44612078  0.78680211 -2.83005935 -1.2566981
 -0.23333778  0.         -0.10922208]
      fun: 2438.416667848403
 hess_inv: <9x9 LbfgsInvHessProduct with dtype=float64>
      jac: array([-4.31782610e-03, -5.22913979e-03,  6.50834409e-03, -3.30601324e-03,
        6.68785956e-03, -4.54494737e-04,  2.68683165e-04, -3.61930708e+01,
        1.24976489e-02])
  message: 'CONVERGENCE: REL_REDUCTION_OF_F_<=_FACTR*EPSMCH'
     nfev: 23
      nit: 20
     njev: 23
   status: 0
  success: True
        x: array([-0.66403043, -0.84013632, -0.44612078,  0.78680211, -2.83005935,
       -1.2566981 , -0.23333778,  0.        , -0.10922208])
