number of sites to be analyzed:  239
log likelihood =  -3452.0374679514625
Lr derivatives =  [-117.50830313096202, -235.94290302931748, -88.4081567435883]
other derivatives =  [ -9.7351035  -16.76343273 -29.86088384 -27.42795004 163.67966919
  43.02764728  84.76200992]
Current x_clock array =  [-0.80738004 -1.01410561 -0.57726816  0.18232156 -0.10536052 -0.10536052
  0.33647224 -0.51082562 -0.51082562 -0.51082562]
log likelihood =  -3288.728365908333
Lr derivatives =  [44.30944990761269, -145.99348050195857, -42.48171445371186]
other derivatives =  [-1.85712770e+01  1.00220786e-01 -8.01822753e+01 -1.03445695e+01
  1.16599019e+02  4.13979569e+01  8.10613292e+01]
Current x_clock array =  [-0.80400606 -1.00981071 -0.57491928  0.30450771 -0.83452144 -0.29704027
 -0.04112595  0.01265089 -0.50855    -0.50855   ]
log likelihood =  -3186.866159840042
Lr derivatives =  [-1.483022771116854, -108.12277723552137, -26.840375465118868]
other derivatives =  [ 76.19932012  27.90997099 715.97756141   2.19084541  17.68513604
  25.52840078  31.60113874]
Current x_clock array =  [-0.72288564 -1.04523769 -0.21235869  0.46782304 -2.1049256  -0.68893899
 -0.81050081  0.23451736 -0.29564934 -0.49263503]
log likelihood =  -3118.6611466141394
Lr derivatives =  [-2.3476574167358955, -96.04937593026088, -15.297782298760474]
other derivatives =  [  21.99520759   25.86282521 -103.18246404   18.12546452  -20.11683309
   26.4919272    27.64288183]
Current x_clock array =  [-0.74744067 -1.06035728 -0.48408027  0.50890445 -2.39096877 -0.7784635
 -0.97865678  0.37025041 -0.24179188 -0.48394651]
log likelihood =  -3109.330980891395
Lr derivatives =  [-9.16542153836335, -92.1253301910526, -11.92291120792596]
other derivatives =  [ 18.51024035  22.88515512 -65.59323583  17.77354009 -28.54376475
  26.01774395  25.23306705]
Current x_clock array =  [-0.75015782 -1.07443884 -0.45256344  0.5142097  -2.48491672 -0.82084478
 -1.05295892  0.36671985 -0.18351048 -0.47656928]
log likelihood =  -3091.347878397287
Lr derivatives =  [-9.953563268712681, -72.18876328358076, 2.002891999941866]
other derivatives =  [ -8.99652787  -3.13772639 167.98626939   9.3504359  -27.24323499
  21.01336986  17.71426635]
Current x_clock array =  [-0.77647436 -1.15391695 -0.33669303  0.47108444 -2.55216734 -0.97537112
 -1.26650747  0.2890096   0.         -0.43432918]
log likelihood =  -3085.4906442782058
Lr derivatives =  [-2.9397844315141164, -70.18550260374296, 2.9461519048504314]
other derivatives =  [ -6.61360809  -2.89584887  62.03681369  10.12422899 -23.0534006
  20.88405381  18.47550062]
Current x_clock array =  [-0.77359543 -1.14942763 -0.38168254  0.46316137 -2.50281182 -0.96742667
 -1.24432101  0.28841264  0.         -0.43551252]
log likelihood =  -3082.3190549807664
Lr derivatives =  [7.914172820661662, -67.15226750038053, 3.453891068131977]
other derivatives =  [ -5.33119373  -6.80094868  10.09962352   8.49496564 -11.99502415
  18.94711068  18.35501639]
Current x_clock array =  [-0.77313396 -1.15343935 -0.41189478  0.43506839 -2.39009002 -0.97453353
 -1.22714356  0.25961315  0.         -0.43197389]
log likelihood =  -3079.5465121971506
Lr derivatives =  [11.723725559303645, -68.46409304575833, -0.17913602821588626]
other derivatives =  [ -0.59467129 -10.99294577 -18.64247315   6.13693874  -3.9151714
  15.12435975  15.89396854]
Current x_clock array =  [-0.76945452 -1.15856901 -0.43322436  0.39635134 -2.29246665 -1.02295593
 -1.26280891  0.21627939  0.         -0.42568782]
log likelihood =  -3075.44172500478
Lr derivatives =  [6.754751210027688, -75.01786150507817, -8.141935856230546]
other derivatives =  [  1.74016714 -12.26688795 -38.27117598   2.40643612   0.79220372
   9.02313754  10.52971405]
Current x_clock array =  [-0.76767682 -1.15184675 -0.45311901  0.32992305 -2.19695553 -1.15721765
 -1.40154905  0.14321523  0.         -0.4035564 ]
log likelihood =  -3071.3497991356116
Lr derivatives =  [7.499288720992855, -71.86253865716574, 3.633577206362798]
other derivatives =  [ 13.1360739    1.17745581 -30.53159935  -2.08857091   4.08744697
   4.94063248   6.25804237]
Current x_clock array =  [-0.76006335 -1.10465927 -0.45516094  0.25779226 -2.14161413 -1.36763451
 -1.64324786  0.08244758  0.         -0.32049769]
log likelihood =  -3071.8351551249707
Lr derivatives =  [-14.282970059398092, -82.70481224837637, -6.565703252723615]
other derivatives =  [-76.05121391  -3.01794293 -19.24288199  -3.08128938  -7.23469418
   1.21589977   2.1505636 ]
Current x_clock array =  [-0.842839   -1.10665071 -0.44520017  0.21762764 -2.18355872 -1.66821586
 -2.00982975  0.04291096  0.         -0.30365314]
log likelihood =  -3070.1629682330768
Lr derivatives =  [-2.6640135177838253, -76.9961675739404, -1.4613415742707048]
other derivatives =  [-29.00817344  -0.62507492 -25.61561223  -2.39121891  -0.92114947
   2.96559014   4.00234384]
Current x_clock array =  [-0.79680016 -1.10554309 -0.45074023  0.23996673 -2.16022963 -1.50103605
 -1.80594121  0.06490076  0.         -0.31302188]
log likelihood =  -3068.9924874143544
Lr derivatives =  [-7.247558481208106, -77.06695304606897, 3.869355013501931]
other derivatives =  [-7.88443822  3.91687363 -6.61392733 -3.76689331 -4.24117289  1.95580985
  2.64563119]
Current x_clock array =  [-0.77800032 -1.0953471  -0.43934559  0.2220098  -2.18992829 -1.63338878
 -1.97252383  0.05421387  0.         -0.28415062]
log likelihood =  -3068.5857765344863
Lr derivatives =  [-7.455514855932421, -76.10355981800278, 3.0563940583408282]
other derivatives =  [-0.92853179  2.90050276  4.91111859 -4.20283322 -4.36453517  1.31235235
  1.85936367]
Current x_clock array =  [-0.77209045 -1.10145598 -0.43138972  0.22155695 -2.20807718 -1.71541163
 -2.07736141  0.06396154  0.         -0.28209941]
log likelihood =  -3068.225977461646
Lr derivatives =  [-3.928369574835056, -73.0349691964972, 0.9729937468604497]
other derivatives =  [ 2.03532363  0.63504047 13.54438791 -4.26406996 -2.12576271  0.53723646
  1.03134647]
Current x_clock array =  [-0.76979655 -1.11216523 -0.42478588  0.22831314 -2.2203783  -1.82010601
 -2.21022608  0.08533023  0.         -0.28589528]
log likelihood =  -3068.042539285905
Lr derivatives =  [-0.09112527461962117, -70.2611543745509, 0.16660507484003162]
other derivatives =  [ 1.22141591 -0.41490041 11.61433738 -3.40624138  0.08446809  0.04956776
  0.59092502]
Current x_clock array =  [-0.77048387 -1.11764711 -0.42487685  0.24271732 -2.22053294 -1.89415357
 -2.30379152  0.09924847  0.         -0.28778164]
log likelihood =  -3067.9315935458458
Lr derivatives =  [-0.5049903191970095, -70.276068046057, -1.8659666448245638]
other derivatives =  [ 1.89736011 -0.83046725  2.16668741 -1.19105107 -0.87572474 -0.35498546
  0.24407403]
Current x_clock array =  [-0.76911133 -1.12089977 -0.42926313  0.26909191 -2.22822087 -1.96610192
 -2.39834601  0.10313494  0.         -0.28927141]
log likelihood =  -3067.913110554651
Lr derivatives =  [1.0419586519603783, -69.16575677436245, -0.15371624444048138]
other derivatives =  [-0.23627535 -0.42373417 -0.40728537 -0.6108794   0.17333094 -0.42790246
  0.23182971]
Current x_clock array =  [-0.77096987 -1.11931161 -0.4309004   0.27681956 -2.21797605 -1.98175824
 -2.41840446  0.10089656  0.         -0.28462159]
log likelihood =  -3067.9085290014364
Lr derivatives =  [0.6932639497298183, -69.45160717242857, -0.09101850615565255]
other derivatives =  [-0.41640897 -0.17229805 -1.0728063  -0.31869286  0.07177048 -0.41810127
  0.25283208]
Current x_clock array =  [-0.77107835 -1.11823456 -0.43140828  0.28026073 -2.21473863 -1.97769469
 -2.41472578  0.09794049  0.         -0.28400576]
log likelihood =  -3067.9044700956874
Lr derivatives =  [0.02113240595945598, -70.01517329538203, -0.3524856587754748]
other derivatives =  [-0.57655234 -0.04654808  0.07458129  0.17542516  0.08559799 -0.39253975
  0.29226832]
Current x_clock array =  [-0.77120373 -1.11733727 -0.4308789   0.28743094 -2.20834425 -1.96608558
 -2.40493914  0.09312447  0.         -0.28410158]
log likelihood =  -3067.904100944236
Lr derivatives =  [-0.34726017163551504, -70.20503088449036, 0.5088810382079032]
other derivatives =  [ 0.52972155  0.21941409 -0.87087983  0.10833401 -0.2222396  -0.33589948
  0.33480753]
Current x_clock array =  [-0.77019773 -1.11624188 -0.43170214  0.28554596 -2.20748072 -1.95834222
 -2.39953156  0.09011815  0.         -0.28159684]
log likelihood =  -3067.9026748089996
Lr derivatives =  [-0.17625513673743143, -70.09633497271241, 0.1674528870611205]
other derivatives =  [ 0.22153654  0.07333266 -0.08552706  0.10234135 -0.08267412 -0.35613256
  0.3134274 ]
Current x_clock array =  [-0.77049922 -1.11685326 -0.43111641  0.28608619 -2.20815681 -1.96088643
 -2.40337483  0.09160418  0.         -0.28262903]
log likelihood =  -3067.901387815934
Lr derivatives =  [-0.10119872999157309, -70.03329454916172, 0.00789187636972244]
other derivatives =  [ 0.07040398 -0.03903905  0.52728728  0.09161749 -0.01661406 -0.36464593
  0.29704293]
Current x_clock array =  [-0.77065257 -1.11729153 -0.43068869  0.28635414 -2.20858464 -1.96148635
 -2.40819296  0.09236075  0.         -0.28307833]
log likelihood =  -3067.897584161711
Lr derivatives =  [-0.00018461146420989394, -69.92570886511703, -0.24333918894886253]
other derivatives =  [-0.22691029 -0.29813941  1.76167305  0.06856135  0.08363503 -0.37239425
  0.25671103]
Current x_clock array =  [-0.77095459 -1.11822403 -0.42986206  0.28683179 -2.20912467 -1.95972512
 -2.42379134  0.09340944  0.         -0.28366462]
log likelihood =  -3067.8901972402514
Lr derivatives =  [0.054434038378900595, -69.85239868456597, -0.5281178002166449]
other derivatives =  [-0.71103841 -0.65753577  3.05302456  0.03212017  0.16663465 -0.3591381
  0.19601331]
Current x_clock array =  [-0.77143421 -1.11935694 -0.42905467  0.28716719 -2.20886482 -1.94980323
 -2.45345756  0.09381269  0.         -0.28412579]
log likelihood =  -3067.875260638618
Lr derivatives =  [0.14694813599723489, -69.80116484244603, -0.8462572551115528]
other derivatives =  [-1.05509389 -1.02787943  4.11622932 -0.02029174  0.29642426 -0.29379431
  0.09856344]
Current x_clock array =  [-0.77185083 -1.12029975 -0.42854911  0.28734095 -2.2059578  -1.92030151
 -2.5145968   0.09260368  0.         -0.2842782 ]
log likelihood =  -3067.856941910677
Lr derivatives =  [0.1748064901952091, -69.92648972791095, -1.0715404506910424]
other derivatives =  [-1.57933118 -0.65121413  3.54801978 -0.10969552  0.28112838 -0.1433324
  0.00980696]
Current x_clock array =  [-0.77249739 -1.11855085 -0.42926617  0.28581245 -2.20026813 -1.8669171
 -2.59360544  0.08892057  0.         -0.28401546]
log likelihood =  -3067.9476109574807
Lr derivatives =  [3.3609538332219557, -67.65485023378456, 2.324950572749213]
other derivatives =  [12.0603072  -1.15575783  4.99788666  0.08778852  2.80907964 -0.01896426
 -0.08941227]
Current x_clock array =  [-0.76121237 -1.12046431 -0.42960768  0.29462567 -2.1780207  -1.82208152
 -2.74424732  0.08253167  0.         -0.27460101]
log likelihood =  -3067.8549012373105
Lr derivatives =  [0.5856489876078825, -69.63362909413728, -0.6476033304347837]
other derivatives =  [ 0.1598828  -0.714574    3.73247985 -0.08310371  0.60677685 -0.1278933
 -0.00616738]
Current x_clock array =  [-0.77103916 -1.11879811 -0.4293103   0.28695128 -2.19739336 -1.86112353
 -2.61307111  0.08809501  0.         -0.28279894]
log likelihood =  -3067.847284471953
Lr derivatives =  [0.40097528909426927, -69.86655461772273, -0.37687581533076653]
other derivatives =  [-0.35140783 -0.2736015   1.44692558 -0.09685527  0.38644577 -0.01841496
 -0.01924845]
Current x_clock array =  [-0.77151381 -1.11682411 -0.43101202  0.28527345 -2.19338304 -1.82946364
 -2.64748085  0.08425527  0.         -0.28152612]
log likelihood =  -3067.8458992802252
Lr derivatives =  [0.10519424646542319, -70.07286994282666, -0.11699990594945575]
other derivatives =  [-0.12752662 -0.04156125  0.42663714 -0.11421889  0.14559557  0.0113331
 -0.00494134]
Current x_clock array =  [-0.77128378 -1.11589202 -0.43176594  0.28413281 -2.19287343 -1.82426992
 -2.64602177  0.08241929  0.         -0.28058496]
log likelihood =  -3067.845732196947
Lr derivatives =  [0.07182879274854415, -70.09365458248921, -0.07490305160541055]
other derivatives =  [-0.01022545 -0.03733757 -0.12914597 -0.07756262  0.09100868  0.00085201
  0.00111744]
Current x_clock array =  [-0.77114158 -1.11590873 -0.4320822   0.28433135 -2.19330707 -1.82803487
 -2.64032672  0.08246405  0.         -0.28047349]
log likelihood =  -3067.8456983875203
Lr derivatives =  [0.020164998795099365, -70.1128572245473, -0.02924647409817993]
other derivatives =  [ 0.02601428 -0.02349668 -0.03612922 -0.06852815  0.05835    -0.00078065
  0.00402688]
Current x_clock array =  [-0.77110325 -1.11587523 -0.43202183  0.28442964 -2.19349533 -1.82912779
 -2.63845208  0.08236801  0.         -0.28033467]
log likelihood =  -3067.8456676504948
Lr derivatives =  [0.0012822335305067156, -70.10770985214164, -0.0012283347304311576]
other derivatives =  [ 0.01970102 -0.0253862   0.01451281 -0.0422001   0.0338971  -0.00321022
  0.00348612]
Current x_clock array =  [-0.7711     -1.11591889 -0.43196771  0.2847764  -2.19377341 -1.8300545
 -2.63864568  0.08244986  0.         -0.28025138]
log likelihood =  -3067.845647302509
Lr derivatives =  [-0.018748216433408516, -70.10865177524715, -0.014333183046250753]
other derivatives =  [ 2.13335625e-02  1.02371621e-02  3.48090907e-02 -6.44240572e-03
 -1.81000764e-03 -3.16325183e-03 -7.71427765e-05]
Current x_clock array =  [-0.77109375 -1.11586134 -0.43192804  0.28522275 -2.1940839  -1.82991407
 -2.64090589  0.08255861  0.         -0.2802597 ]
log likelihood =  -3067.8456540792795
Lr derivatives =  [0.03602437379533896, -70.0595875684806, 0.06781922190115353]
other derivatives =  [-0.07307426 -0.01114274 -0.01814988  0.00441014  0.01456483 -0.000432
 -0.00047003]
Current x_clock array =  [-0.77117365 -1.11593829 -0.4319477   0.28537329 -2.19408332 -1.82951842
 -2.64221372  0.08266956  0.         -0.28009581]
log likelihood =  -3067.8456458691735
Lr derivatives =  [-0.0026063655947865527, -70.09419223541352, 0.009871955586945091]
other derivatives =  [-0.00649015  0.00393666  0.01920125 -0.00324326  0.00301544 -0.00235849
 -0.00019317]
Current x_clock array =  [-0.7711173  -1.11588402 -0.43193384  0.28526711 -2.19408373 -1.82979747
 -2.6412913   0.08259131  0.         -0.2802114 ]
      fun: 3067.8456458691735
 hess_inv: <10x10 LbfgsInvHessProduct with dtype=float64>
      jac: array([-6.49015419e-03,  3.93666307e-03,  1.92012521e-02, -3.24325811e-03,
        3.01543607e-03, -2.35848635e-03, -1.93173137e-04, -2.60636559e-03,
       -7.00941922e+01,  9.87195559e-03])
  message: 'CONVERGENCE: REL_REDUCTION_OF_F_<=_FACTR*EPSMCH'
     nfev: 38
      nit: 34
     njev: 38
   status: 0
  success: True
        x: array([-0.7711173 , -1.11588402, -0.43193384,  0.28526711, -2.19408373,
       -1.82979747, -2.6412913 ,  0.08259131,  0.        , -0.2802114 ])
