number of sites to be analyzed:  404
log likelihood =  -5572.596153695156
Lr derivatives =  [-288.758300251739, -452.5076759373633, -342.512467921324]
other derivatives =  [  37.05370182  -11.5666171   135.39832435 -101.36870787  397.02245977
  -11.34925697   -0.        ]
Current x_clock array =  [-0.6875523  -0.755784   -0.43510689  0.18232156 -0.10536052 -0.10536052
  0.33647224 -0.51082562 -0.51082562 -0.51082562]
log likelihood =  -5260.584263676727
Lr derivatives =  [71.62461250808136, -260.41339049592364, -221.8732303895729]
other derivatives =  [-121.65704811   19.45747044 -315.99344857  -41.40140118  295.42083576
   -8.62184515   -0.        ]
Current x_clock array =  [-0.75871483 -0.75442852 -0.69514264  0.37700261 -0.86785174 -0.08356399
  0.33647224  0.04374166 -0.50984457 -0.50984457]
log likelihood =  -4984.723190245555
Lr derivatives =  [213.8161638392797, -63.10195522085925, 0.7370569854821056]
other derivatives =  [182.84159705  58.91805904 -61.59238546 -29.87703374 206.45422475
   2.48513516  -0.        ]
Current x_clock array =  [-0.64891589 -0.78018475 -0.45160472  0.53562609 -1.65257895 -0.06091478
  0.33647224  0.26308942 -0.29981914 -0.32033904]
log likelihood =  -4916.215896546699
Lr derivatives =  [6.818543673139397, -94.09246780205739, 75.1741415817456]
other derivatives =  [-235.51009235  -18.04467865  555.17363944   16.45166594  -21.2569988
   36.25882709   -0.        ]
Current x_clock array =  [-0.86786531 -0.8863105  -0.273779    0.74852887 -2.73119465 -0.04241075
  0.33647224  0.26596061 -0.11574217 -0.23221154]
log likelihood =  -4882.514368550989
Lr derivatives =  [-20.99146297784243, -115.3220167756408, 27.124565781424536]
other derivatives =  [-113.84796562  -21.11936919 -255.5715746    32.54564308  -45.93637151
   31.37191197   -0.        ]
Current x_clock array =  [-0.77338847 -0.88659992 -0.49471394  0.74596327 -2.75769724 -0.05840089
  0.33647224  0.23460996 -0.10054919 -0.2894024 ]
log likelihood =  -4859.608740662743
Lr derivatives =  [25.046234630731455, -93.69751744503529, 30.399874241648916]
other derivatives =  [ 69.64340537  -2.18405694 -93.75994887  13.23960441   4.77635693
  24.92085787  -0.        ]
Current x_clock array =  [-0.68755495 -0.8640738  -0.43570195  0.68408576 -2.50124323 -0.07126062
  0.33647224  0.17703797 -0.07483358 -0.28889074]
log likelihood =  -4848.27850695985
Lr derivatives =  [20.25309005898483, -86.75894618763587, 30.320379756448624]
other derivatives =  [27.15975825 -3.31525189 22.51532624 10.04572823  7.34273636 23.97970002
 -0.        ]
Current x_clock array =  [-0.7092828  -0.86378235 -0.39425733  0.66830314 -2.4837982  -0.08917537
  0.33647224  0.12552104  0.         -0.29808478]
log likelihood =  -4847.090300749154
Lr derivatives =  [7.963836842945, -96.63276457418412, 16.035053781279068]
other derivatives =  [-4.24029531 -4.29257125  7.78311551 11.39267442  4.91118975 22.45591531
 -0.        ]
Current x_clock array =  [-0.7228973  -0.86217317 -0.39901216  0.66029569 -2.47652135 -0.10191463
  0.33647224  0.10800016  0.         -0.31409042]
log likelihood =  -4846.176723751054
Lr derivatives =  [-5.560146989074685, -108.28289323118216, -2.3673078964410266]
other derivatives =  [-13.52309118  -2.29815214  -1.27339445  11.24625578   3.11412118
  20.09330456  -0.        ]
Current x_clock array =  [-0.72591696 -0.85726108 -0.40290368  0.64261696 -2.46470424 -0.12935728
  0.33647224  0.08536531  0.         -0.33573128]
log likelihood =  -4845.251153461855
Lr derivatives =  [-13.603934396352532, -114.93416992542424, -13.208565672317043]
other derivatives =  [-10.11538643   0.4371459   -5.89123283   9.395083     0.77252201
  18.11562379  -0.        ]
Current x_clock array =  [-0.72377348 -0.85321914 -0.40522354  0.61891535 -2.47173721 -0.17336842
  0.33647224  0.07597059  0.         -0.34907356]
log likelihood =  -4842.895775122281
Lr derivatives =  [-21.284019138289935, -121.24607621305123, -25.81119806792719]
other derivatives =  [ -3.3838769    3.54290842 -15.78378306   1.52738539  -1.78048704
  13.35385241  -0.        ]
Current x_clock array =  [-0.72118974 -0.84879882 -0.41024185  0.54457726 -2.50072152 -0.3228416
  0.33647224  0.07441723  0.         -0.36475026]
log likelihood =  -4840.164115316118
Lr derivatives =  [-19.696526452357585, -117.75584471930006, -22.397436899520393]
other derivatives =  [  3.10526048   2.61122477 -16.36841444  -6.97313044  -4.70921892
   8.70159602  -0.        ]
Current x_clock array =  [-0.7205858  -0.85176097 -0.41042555  0.47066056 -2.56322338 -0.54795402
  0.33647224  0.09875167  0.         -0.3577128 ]
log likelihood =  -4839.030458278583
Lr derivatives =  [15.674926283361856, -93.26594292659695, -5.8368553643758325]
other derivatives =  [-40.23495967  32.77990982 -43.41874956  -9.02817192  15.80853564
   1.88220929  -0.        ]
Current x_clock array =  [-0.74739203 -0.82562398 -0.41679218  0.46952848 -2.56262541 -0.93821376
  0.33647224  0.17547102  0.         -0.34652986]
log likelihood =  -4836.697376127283
Lr derivatives =  [1.9197373571566576, -96.9031422385399, 0.0775267072987944]
other derivatives =  [-2.12600389  4.76517471 -8.09714038 -8.68342613 -0.086759    1.48052416
 -0.        ]
Current x_clock array =  [-0.72863041 -0.85920434 -0.40254948  0.47413682 -2.6664353  -1.05595495
  0.33647224  0.19394062  0.         -0.33079928]
log likelihood =  -4836.43536605056
Lr derivatives =  [2.5569346887648727, -95.57185119749657, 2.9263083597671056]
other derivatives =  [ 1.35060782  0.21570486  1.99223632 -6.31599596 -0.36597486  1.25043815
 -0.        ]
Current x_clock array =  [-0.72699621 -0.86572331 -0.39822227  0.5031114  -2.67716724 -1.08843498
  0.33647224  0.20345889  0.         -0.32683705]
log likelihood =  -4836.245466369914
Lr derivatives =  [3.0349986442038723, -94.79426982588048, 3.9642860902942445]
other derivatives =  [ 0.23463144 -2.06301866  6.21240997 -2.05391098  0.01423524  0.84592828
 -0.        ]
Current x_clock array =  [-0.72720321 -0.86979439 -0.39560672  0.55002281 -2.6823096  -1.12692507
  0.33647224  0.21367538  0.         -0.32603543]
log likelihood =  -4836.193079372823
Lr derivatives =  [1.9057066358567347, -95.84277012349125, 1.6855087360564767]
other derivatives =  [ 2.14807187  1.84688906  2.52390601 -0.16042122  0.05711318  0.3008294
 -0.        ]
Current x_clock array =  [-0.72587944 -0.86571297 -0.39660611  0.56738326 -2.67850472 -1.15958313
  0.33647224  0.21199881  0.         -0.32858944]
log likelihood =  -4836.184528217547
Lr derivatives =  [0.3566862983871175, -97.080676659336, -0.06811782261880239]
other derivatives =  [-2.06689219 -0.8133693  -2.09786594  0.35153698 -0.06171885  0.0499731
 -0.        ]
Current x_clock array =  [-0.7274885  -0.86819238 -0.3980694   0.56999256 -2.67517545 -1.17273321
  0.33647224  0.20884334  0.         -0.33016648]
log likelihood =  -4836.182060935129
Lr derivatives =  [0.27583622046731904, -97.194526169997, -0.370404975402181]
other derivatives =  [-0.73309275  0.2372708  -0.09560426  0.10192889 -0.0762644   0.03350194
 -0.        ]
Current x_clock array =  [-0.72691091 -0.86700918 -0.39751472  0.56770734 -2.6747809  -1.17277316
  0.33647224  0.20805929  0.         -0.33055955]
log likelihood =  -4836.181695162117
Lr derivatives =  [0.19699618529906715, -97.25140082336117, -0.3906269782747245]
other derivatives =  [-0.01458102  0.20958032 -0.29709554  0.00973978 -0.12431001  0.0306103
 -0.        ]
Current x_clock array =  [-0.72654843 -0.86700406 -0.3976267   0.56668603 -2.67455511 -1.17264553
  0.33647224  0.20747193  0.         -0.33045728]
log likelihood =  -4836.181376037823
Lr derivatives =  [0.09366967137212079, -97.3359002971119, -0.4149430207487228]
other derivatives =  [ 0.17270941  0.09751966 -0.06293703 -0.04259346 -0.07652337  0.01179254
 -0.        ]
Current x_clock array =  [-0.72642722 -0.86705356 -0.39759558  0.56607682 -2.67356129 -1.17321893
  0.33647224  0.20655281  0.         -0.33025882]
log likelihood =  -4836.181026138877
Lr derivatives =  [0.008728123611367877, -97.35682076830615, -0.08203649048534345]
other derivatives =  [ 0.25958707 -0.00347973 -0.07809831 -0.03408059 -0.02296389  0.00321053
 -0.        ]
Current x_clock array =  [-0.72632644 -0.86707116 -0.39764692  0.56594001 -2.67209913 -1.17336464
  0.33647224  0.20514547  0.         -0.3293188 ]
log likelihood =  -4836.181004785201
Lr derivatives =  [-0.03175447905089257, -97.37826649804711, -0.03215340934833222]
other derivatives =  [-0.10289659  0.0430673   0.19179333 -0.00487034  0.00392367 -0.00354905
 -0.        ]
Current x_clock array =  [-0.72649068 -0.86699398 -0.39755862  0.56616368 -2.67169058 -1.17368891
  0.33647224  0.20484637  0.         -0.32913863]
log likelihood =  -4836.180992554198
Lr derivatives =  [-0.00596749752813075, -97.35608572072485, -0.00321087577566459]
other derivatives =  [ 2.91947799e-03 -4.59294824e-04  3.27145244e-03 -8.84028850e-04
 -1.98591775e-03 -9.60971408e-05 -0.00000000e+00]
Current x_clock array =  [-0.72643934 -0.86705252 -0.39761705  0.56621874 -2.67180859 -1.17357647
  0.33647224  0.20494693  0.         -0.32911915]
log likelihood =  -4836.180992498119
Lr derivatives =  [-0.002428000978293099, -97.35333858267234, -0.0010656997744007413]
other derivatives =  [ 0.00055388 -0.00048385  0.00010004  0.00029377 -0.00150356  0.00018057
 -0.        ]
Current x_clock array =  [-0.72644107 -0.86705405 -0.39761721  0.56623481 -2.67182221 -1.17357207
  0.33647224  0.20496484  0.         -0.32912029]
      fun: 4836.180992498119
 hess_inv: <10x10 LbfgsInvHessProduct with dtype=float64>
      jac: array([ 5.53882273e-04, -4.83851181e-04,  1.00044417e-04,  2.93766789e-04,
       -1.50355741e-03,  1.80570305e-04, -0.00000000e+00, -2.42800098e-03,
       -9.73533386e+01, -1.06569977e-03])
  message: 'CONVERGENCE: REL_REDUCTION_OF_F_<=_FACTR*EPSMCH'
     nfev: 25
      nit: 24
     njev: 25
   status: 0
  success: True
        x: array([-0.72644107, -0.86705405, -0.39761721,  0.56623481, -2.67182221,
       -1.17357207,  0.33647224,  0.20496484,  0.        , -0.32912029])
