number of sites to be analyzed:  138
log likelihood =  -1840.240113524963
Lr derivatives =  [-35.44992806549952, -84.09928980902254, -15.854497147433563]
other derivatives =  [  8.93935476 -16.00548785  16.27608594 -20.01081543 130.74984417
  40.37736949]
Current x_clock array =  [-0.58952731 -0.71783979 -0.59606378  0.18232156 -0.10536052  0.33647224
 -0.51082562 -0.51082562 -0.51082562]
log likelihood =  -1728.9979793391008
Lr derivatives =  [-12.618208243455873, -71.09274665208038, -21.382655340122543]
other derivatives =  [-39.18874359  -6.69345968 -33.04684469  -7.18319507  80.74690839
  25.29581752]
Current x_clock array =  [-0.65161698 -0.71320121 -0.70911185  0.32130977 -1.01350377  0.05602497
 -0.26460267 -0.50727761 -0.50727761]
log likelihood =  -2471.2793122987423
Lr derivatives =  [7.206730986332753, 19.768038812060077, -13.489443517755717]
other derivatives =  [6234.82100536   39.55341754 2742.85163459  -31.72420475  -44.33386539
   19.63166414]
Current x_clock array =  [-0.05       -0.73436063 -0.05        0.57141677 -3.21376507 -0.62947413
  0.1766785   0.          0.        ]
log likelihood =  -1682.580767557189
Lr derivatives =  [16.636449150483738, -24.020657191189994, 21.124714090721167]
other derivatives =  [200.79539581   8.50174661  54.46057912   1.43377451  45.2089841
  24.25847697]
Current x_clock array =  [-0.44791026 -0.72036576 -0.48593745  0.40599567 -1.75850934 -0.17608412
 -0.11518545 -0.33551408 -0.33551408]
log likelihood =  -1644.5308779237303
Lr derivatives =  [-14.255618299460515, -25.774333389375993, 15.904438235247323]
other derivatives =  [-41.07058567   6.68075063   8.39693303  14.92772753  -7.25764461
  15.02600026]
Current x_clock array =  [-0.66545242 -0.74251012 -0.5403786   0.51763317 -2.65341255 -0.46771776
  0.06269581 -0.27824323 -0.32269136]
log likelihood =  -1641.3701586639515
Lr derivatives =  [-7.343639255304515, -20.1051049221912, 14.905339159414222]
other derivatives =  [-15.95302547   3.87322211  -0.43838077  13.08542733  -4.04834861
  14.52400465]
Current x_clock array =  [-0.63389647 -0.75366123 -0.55832992  0.49404255 -2.63430748 -0.48784222
  0.07720182 -0.24150112 -0.34793018]
log likelihood =  -1637.1134466589624
Lr derivatives =  [6.17772021720485, -5.455977156398474, 12.93849715521674]
other derivatives =  [29.78698649 -2.45923866 -2.43459408  8.34786783  0.33790533 12.04061755]
Current x_clock array =  [-0.58627255 -0.78079266 -0.56041512  0.42666054 -2.66316719 -0.58516303
  0.12166856 -0.12046484 -0.42177911]
log likelihood =  -1634.973982472213
Lr derivatives =  [9.42883292765574, 0.30589621165784386, 9.246559900382014]
other derivatives =  [27.01751737 -3.90553168 -3.41805207  6.08080381  0.69284556  9.7927666 ]
Current x_clock array =  [-0.59127274 -0.78814821 -0.56026571  0.37770413 -2.70151359 -0.66801003
  0.14277371 -0.04579727 -0.48716602]
log likelihood =  -1633.3841532168167
Lr derivatives =  [-9.621159936082575, -13.18451169111163, -13.048698476941702]
other derivatives =  [22.54287506  9.20813409 19.08392073  1.4595048  -7.96689385  3.7329014 ]
Current x_clock array =  [-0.59505417 -0.74690648 -0.52349332  0.23658615 -2.74415157 -0.89822339
  0.06763008  0.         -0.65063562]
log likelihood =  -1631.914155377829
Lr derivatives =  [-0.2484129676108866, -6.6033084844226275, -6.410458927625916]
other derivatives =  [-2.15950513  1.25410747 -2.88426918  1.28795295 -2.61346479  4.57012015]
Current x_clock array =  [-0.62348318 -0.76843311 -0.56183778  0.23600113 -2.6969888  -0.89124355
  0.09610977  0.         -0.60889414]
log likelihood =  -1631.6895291909982
Lr derivatives =  [1.8826814857537926, -4.98624966905752, -4.5404828207117305]
other derivatives =  [-4.1942435  -0.28196723 -0.6658363   0.69557177 -0.81686084  4.62960452]
Current x_clock array =  [-0.6263882  -0.77233881 -0.55758306  0.225637   -2.67174846 -0.9053182
  0.09213969  0.         -0.59013714]
log likelihood =  -1631.0084657638931
Lr derivatives =  [4.828012417454493, -1.9838115518625914, -0.39215145540900553]
other derivatives =  [-5.20031494 -2.77962499 -1.84606256 -1.49168136  2.10468135  3.72271381]
Current x_clock array =  [-0.62846364 -0.77757862 -0.56158184  0.16980669 -2.61448186 -1.02256758
  0.0572361   0.         -0.527477  ]
log likelihood =  -1630.4774277435909
Lr derivatives =  [2.8612770969974246, -1.6368431429893135, 1.8631663178832185]
other derivatives =  [-2.52173822 -2.89132549 -0.24975361 -2.82129122  1.59795225  2.42779002]
Current x_clock array =  [-0.62531007 -0.77575561 -0.56109195  0.12836064 -2.58991564 -1.1865171
  0.00848152  0.         -0.47111254]
log likelihood =  -1630.1981075370313
Lr derivatives =  [3.4319011486479765, -0.5623665912526645, 2.5351907387513037]
other derivatives =  [ 0.36011852  7.90164222 -3.3070578  -1.8297842   1.2166566   1.04417206]
Current x_clock array =  [-0.62287702 -0.74840242 -0.56756145  0.15011816 -2.57128676 -1.37078203
 -0.01368765  0.         -0.44774458]
log likelihood =  -1629.990039360705
Lr derivatives =  [-1.8023227818427712, -3.397955655781301, -0.1820345974234534]
other derivatives =  [ 1.1482407  -0.12119517 -0.39252473 -1.25319889 -1.07635525  0.26899784]
Current x_clock array =  [-0.62023335 -0.767314   -0.56314004  0.16483178 -2.5758444  -1.51104797
 -0.04053466  0.         -0.44340781]
log likelihood =  -1629.9592257824452
Lr derivatives =  [-1.0923034696803313, -2.9255984101447465, -0.05594585165754662]
other derivatives =  [ 0.96328495  0.50153199  0.00428645 -0.64814094 -0.82667413  0.13589394]
Current x_clock array =  [-0.6206172  -0.76637475 -0.56179148  0.18222516 -2.57203129 -1.53666958
 -0.03705659  0.         -0.44379099]
log likelihood =  -1629.9424339788247
Lr derivatives =  [-0.03567875968749057, -2.390876347054287, -0.14014849153929665]
other derivatives =  [-0.07735116  0.19178333 -0.63638208  0.01226522 -0.1220128  -0.02957128]
Current x_clock array =  [-0.62190747 -0.76780062 -0.56243489  0.20338306 -2.56030562 -1.56921041
 -0.03319257  0.         -0.44634258]
log likelihood =  -1629.9421275048855
Lr derivatives =  [0.017909796304150127, -2.285419783502991, 0.10226115220797316]
other derivatives =  [-0.39218457  0.07442873  0.41387716  0.01815192 -0.04286386 -0.00604028]
Current x_clock array =  [-0.62231187 -0.76808891 -0.56035828  0.2039743  -2.55919296 -1.56831634
 -0.03347686  0.         -0.44453118]
log likelihood =  -1629.941823408378
Lr derivatives =  [0.06414662726912912, -2.28414777425766, 0.055865942492395626]
other derivatives =  [ 0.10622125 -0.00384034 -0.00274963  0.00445675 -0.02950632 -0.00841741]
Current x_clock array =  [-0.6217252  -0.76834464 -0.56118147  0.20370096 -2.55926283 -1.56744252
 -0.03318807  0.         -0.44512535]
log likelihood =  -1629.9417987633806
Lr derivatives =  [0.04303864713224659, -2.307748002051359, 0.02540993160813476]
other derivatives =  [-0.01347917 -0.00171349 -0.01732315 -0.00144382 -0.02941748 -0.0076366 ]
Current x_clock array =  [-0.62185669 -0.76831201 -0.56121653  0.20355595 -2.55915463 -1.56698586
 -0.03324997  0.         -0.44533257]
log likelihood =  -1629.941783592244
Lr derivatives =  [0.03283236934616873, -2.324077299109002, 0.0036202696501652643]
other derivatives =  [-0.04916251 -0.00534828 -0.00228579 -0.0086643  -0.01793255 -0.00635921]
Current x_clock array =  [-0.62189294 -0.76829857 -0.56119796  0.20345396 -2.55885152 -1.56653467
 -0.03335504  0.         -0.44548919]
log likelihood =  -1629.9417687357584
Lr derivatives =  [0.019813859957970692, -2.341822789055113, -0.013773501558220547]
other derivatives =  [-0.03168589 -0.00389832  0.01680951 -0.01319177 -0.00226312 -0.00474299]
Current x_clock array =  [-0.62186438 -0.76826495 -0.56118114  0.20346337 -2.55834094 -1.56616251
 -0.03361166  0.         -0.44557029]
log likelihood =  -1629.9417601586974
Lr derivatives =  [0.0028391732652668367, -2.354094177186191, -0.007868984613881413]
other derivatives =  [-0.03021728 -0.01105332 -0.00917862 -0.00981709  0.00426764 -0.00160949]
Current x_clock array =  [-0.62184967 -0.76825141 -0.5612549   0.20360106 -2.55790221 -1.56584496
 -0.03396749  0.         -0.4454266 ]
log likelihood =  -1629.9417603796842
Lr derivatives =  [-0.005408591489144854, -2.358979098250584, -0.005570287265637464]
other derivatives =  [ 0.03488481  0.02181787  0.03005175  0.00364935  0.00013316 -0.00086029]
Current x_clock array =  [-0.62177133 -0.76816559 -0.56118179  0.20398088 -2.55780732 -1.5657083
 -0.0340818   0.         -0.44539655]
log likelihood =  -1629.9417581894802
Lr derivatives =  [-0.001174540269300195, -2.356471364523659, -0.006750087805525884]
other derivatives =  [ 0.0014677   0.00494447  0.00991395 -0.00326349  0.00225502 -0.00124492]
Current x_clock array =  [-0.62181154 -0.76820964 -0.56121932  0.20378592 -2.55785603 -1.56577844
 -0.03402313  0.         -0.44541197]
      fun: 1629.9417581894802
 hess_inv: <9x9 LbfgsInvHessProduct with dtype=float64>
      jac: array([ 1.46769707e-03,  4.94446795e-03,  9.91394700e-03, -3.26349436e-03,
        2.25501957e-03, -1.24492359e-03, -1.17454027e-03, -2.35647136e+00,
       -6.75008781e-03])
  message: 'CONVERGENCE: REL_REDUCTION_OF_F_<=_FACTR*EPSMCH'
     nfev: 25
      nit: 22
     njev: 25
   status: 0
  success: True
        x: array([-0.62181154, -0.76820964, -0.56121932,  0.20378592, -2.55785603,
       -1.56577844, -0.03402313,  0.        , -0.44541197])
