number of sites to be analyzed:  1892
log likelihood =  -24567.18863923772
Lr derivatives =  [-818.7142013668854, -1634.247032704905, -1291.1791527044616]
other derivatives =  [ 462.78450827 -276.60523847  374.35852573 -565.88912412 1986.16704438
  -25.05582233   -0.        ]
Current x_clock array =  [-0.61522088 -0.72817331 -0.6191159   0.18232156 -0.10536052 -0.10536052
  0.33647224 -0.51082562 -0.51082562 -0.51082562]
log likelihood =  -22974.598879930265
Lr derivatives =  [70.9497209620269, -1135.0386635873633, -960.0689891012955]
other derivatives =  [-1318.76164596  -196.42729967  -510.8852165   -308.47398739
  1399.79223968    -9.24506458    -0.        ]
Current x_clock array =  [-0.81642534 -0.72787846 -0.78187547  0.42835274 -0.96888483 -0.09446702
  0.33647224 -0.15487388 -0.51060353 -0.51060353]
log likelihood =  -21664.848485538256
Lr derivatives =  [724.3300610135941, -101.31275377402415, 117.66522046975852]
other derivatives =  [2224.32725059  414.61553701 -728.79434811  -49.45263936  300.49432244
   99.8018586    -0.        ]
Current x_clock array =  [-0.49364461 -0.69126846 -0.75227712  0.83369453 -2.5236213  -0.07835765
  0.33647224  0.21615459 -0.30720971 -0.32347403]
log likelihood =  -21417.486021753266
Lr derivatives =  [37.70949488822005, -417.3002769568862, 10.490147962576657]
other derivatives =  [-825.35143883 -131.48403377  364.16050352  161.38176215 -114.05173708
  113.78970885   -0.        ]
Current x_clock array =  [-0.7522037  -0.76286548 -0.57439222  0.93589626 -2.95216635 -0.09336792
  0.33647224  0.14104077 -0.26205722 -0.31515338]
log likelihood =  -21337.350818918418
Lr derivatives =  [195.3319395125842, -339.2450546039021, 29.420610818327503]
other derivatives =  [-257.96797127  -39.36456778   63.98295591  112.43578774   14.06202849
  103.68836593   -0.        ]
Current x_clock array =  [-0.68552445 -0.74712054 -0.61528701  0.87799528 -2.76974635 -0.10282179
  0.33647224  0.10646602 -0.23283059 -0.31918837]
log likelihood =  -21284.66196284891
Lr derivatives =  [275.2458217205611, -271.40520448043077, 52.88242748941755]
other derivatives =  [217.84275305  17.44041583  51.44468014  68.15517554  90.1367315
  92.08682241  -0.        ]
Current x_clock array =  [-0.63758101 -0.73765328 -0.61912521  0.81450989 -2.63839564 -0.12954442
  0.33647224  0.01525308 -0.14159777 -0.32054915]
log likelihood =  -21222.467183197154
Lr derivatives =  [114.78931763923771, -303.7585918050395, -14.04256752186464]
other derivatives =  [635.07195955  25.60001303  14.52424476  25.44425661 133.24825701
  66.38729974  -0.        ]
Current x_clock array =  [-0.59845072 -0.72827387 -0.6319184   0.70239697 -2.47875161 -0.19579137
  0.33647224 -0.2042064   0.         -0.32965911]
log likelihood =  -21198.609439975433
Lr derivatives =  [34.516426052941085, -339.8306393990443, -20.925922990533806]
other derivatives =  [219.18483981  39.69783575 -81.95169357  44.91681102  67.14142852
  66.76551129  -0.        ]
Current x_clock array =  [-0.63256857 -0.72287933 -0.64709109  0.69745569 -2.55213462 -0.21818033
  0.33647224 -0.21772111  0.         -0.32442881]
log likelihood =  -21191.17931844294
Lr derivatives =  [-27.461543812909387, -366.97019688237305, -13.219728201614828]
other derivatives =  [-18.26744847  21.22868682 -41.26503336  54.89769319  10.09468952
  67.71320477  -0.        ]
Current x_clock array =  [-0.65382488 -0.72499279 -0.6398066   0.69206745 -2.62452656 -0.24159991
  0.33647224 -0.2242505   0.         -0.3152262 ]
log likelihood =  -21189.207807143663
Lr derivatives =  [-40.05787039800441, -371.6581373258293, -5.7188354940772115]
other derivatives =  [-64.96212154   3.01361433  -5.03659248  50.10675522  -3.30488772
  66.85888002  -0.        ]
Current x_clock array =  [-0.65835837 -0.72827861 -0.63387629  0.68016544 -2.64535067 -0.26047688
  0.33647224 -0.22501133  0.         -0.31068146]
log likelihood =  -21184.52750292241
Lr derivatives =  [-52.2113119423714, -374.1795615790692, 10.587563131543618]
other derivatives =  [-117.90043936  -27.29376502   51.05304081   26.55099524  -22.74589306
   62.19887291   -0.        ]
Current x_clock array =  [-0.66397552 -0.73405105 -0.62522069  0.63517532 -2.68389926 -0.32629517
  0.33647224 -0.22463611  0.         -0.3019061 ]
log likelihood =  -21178.564064225226
Lr derivatives =  [-48.94432455780011, -370.4737157864814, 15.163619354971814]
other derivatives =  [-120.4766013   -29.92763621   70.24735169  -11.60529064  -33.77490694
   52.96156087   -0.        ]
Current x_clock array =  [-0.66515118 -0.73486605 -0.62286779  0.56663517 -2.7208575  -0.44086609
  0.33647224 -0.21938956  0.         -0.29856786]
log likelihood =  -21169.64104574567
Lr derivatives =  [-13.80415899197384, -347.3844978812879, 17.272583023456974]
other derivatives =  [ -85.98785644 -123.07336146   -5.46862793  -33.82241266  -30.49308224
   35.35073483   -0.        ]
Current x_clock array =  [-0.66203409 -0.75568108 -0.63382852  0.53250188 -2.75535808 -0.68934555
  0.33647224 -0.19277749  0.         -0.29911906]
log likelihood =  -21162.019133161986
Lr derivatives =  [41.00563585951833, -315.06927083482356, 2.5996273832585217]
other derivatives =  [ 41.08107896 103.26274423  69.02827954 -57.1408018  -18.67363379
  12.64978279  -0.        ]
Current x_clock array =  [-0.6524316  -0.71532275 -0.62163471  0.50175981 -2.78334001 -1.10667634
  0.33647224 -0.16356731  0.         -0.30634532]
log likelihood =  -21157.636512383942
Lr derivatives =  [29.287469421071055, -323.5242277831297, -14.349542811033757]
other derivatives =  [ 43.17609273   9.8145465  -16.65615127 -38.13915464  -4.96356401
   8.57014057  -0.        ]
Current x_clock array =  [-0.65050131 -0.73211212 -0.6347856   0.53994014 -2.75539754 -1.18578717
  0.33647224 -0.16954037  0.         -0.30929486]
log likelihood =  -21155.729223221137
Lr derivatives =  [18.125910872127893, -328.98354909461614, -18.57802628171757]
other derivatives =  [ 37.65967267 -14.01788177 -37.85721492 -15.33792238   5.31026799
   4.37774258  -0.        ]
Current x_clock array =  [-0.64973155 -0.73634721 -0.63785442  0.58374823 -2.73227468 -1.28994541
  0.33647224 -0.1759125   0.         -0.30684594]
log likelihood =  -21154.932496673628
Lr derivatives =  [-0.18484367369765664, -332.62576149699305, 7.1638921117447865]
other derivatives =  [ 15.84997881  -7.8207413  -12.9644468   -1.40480915   4.05699353
   1.56865525  -0.        ]
Current x_clock array =  [-0.65097761 -0.73464423 -0.63389769  0.60649942 -2.72480115 -1.38907174
  0.33647224 -0.18777472  0.         -0.29163074]
log likelihood =  -21154.843624639005
Lr derivatives =  [-4.224265607742485, -336.3327477237971, -4.366541141481747]
other derivatives =  [-2.98714076 -1.45762533  1.87383921 -0.22035601  2.25979848  0.20253203
 -0.        ]
Current x_clock array =  [-0.65277156 -0.73338532 -0.63147612  0.60815029 -2.72828954 -1.43116108
  0.33647224 -0.18607946  0.         -0.29518382]
log likelihood =  -21154.82882539253
Lr derivatives =  [-1.760681907826406, -333.87870808346, -0.864764717358355]
other derivatives =  [-0.63603875  1.29325417 -0.48398942 -0.4771573   0.64036085 -0.02437751
 -0.        ]
Current x_clock array =  [-0.65259483 -0.73304423 -0.63174081  0.60780145 -2.73232094 -1.44355061
  0.33647224 -0.18449489  0.         -0.29415054]
log likelihood =  -21154.827326682862
Lr derivatives =  [-0.03587291257616343, -332.65602492462483, 0.13610000144501555]
other derivatives =  [ 3.02495755 -0.17204002  1.76793037 -0.43711407  0.34976052 -0.09216032
 -0.        ]
Current x_clock array =  [-0.6522734  -0.7334546  -0.63131253  0.60837691 -2.73383675 -1.4477258
  0.33647224 -0.18325359  0.         -0.29403339]
log likelihood =  -21154.826593309463
Lr derivatives =  [0.4699776235912978, -332.2524540372585, 0.5051769722730342]
other derivatives =  [-0.55537748  0.0256623  -0.346874   -0.39327279  0.20401636 -0.05489646
 -0.        ]
Current x_clock array =  [-0.65262395 -0.73342281 -0.63161329  0.60832464 -2.73423897 -1.44673656
  0.33647224 -0.18292684  0.         -0.29401205]
log likelihood =  -21154.826420534922
Lr derivatives =  [0.21312746849453745, -332.47193190685005, 0.229757798920474]
other derivatives =  [-0.05484981  0.07385825 -0.08085408 -0.23928442  0.23037668 -0.04058659
 -0.        ]
Current x_clock array =  [-0.65256726 -0.73340561 -0.63157799  0.60859916 -2.73405039 -1.44599185
  0.33647224 -0.18304212  0.         -0.2940882 ]
log likelihood =  -21154.826321945933
Lr derivatives =  [0.01823573020063307, -332.6358387312027, 0.005184285899886731]
other derivatives =  [ 0.14042598  0.04121102  0.01362423 -0.05611219  0.10491805 -0.0147782
 -0.        ]
Current x_clock array =  [-0.65254021 -0.73341141 -0.63156148  0.60890489 -2.73415221 -1.44502926
  0.33647224 -0.1830416   0.         -0.2941737 ]
log likelihood =  -21154.82630755857
Lr derivatives =  [-0.02553878631903217, -332.6640154051677, -0.00912374626184942]
other derivatives =  [ 0.02734669 -0.00937871  0.03220703 -0.00703221 -0.00244944 -0.00018636
 -0.        ]
Current x_clock array =  [-0.65254928 -0.73342322 -0.63155535  0.60897276 -2.73430953 -1.44459254
  0.33647224 -0.18300359  0.         -0.29418923]
      fun: 21154.82630755857
 hess_inv: <10x10 LbfgsInvHessProduct with dtype=float64>
      jac: array([ 2.73466867e-02, -9.37870936e-03,  3.22070264e-02, -7.03221303e-03,
       -2.44943702e-03, -1.86357346e-04, -0.00000000e+00, -2.55387863e-02,
       -3.32664015e+02, -9.12374626e-03])
  message: 'CONVERGENCE: REL_REDUCTION_OF_F_<=_FACTR*EPSMCH'
     nfev: 24
      nit: 23
     njev: 24
   status: 0
  success: True
        x: array([-0.65254928, -0.73342322, -0.63155535,  0.60897276, -2.73430953,
       -1.44459254,  0.33647224, -0.18300359,  0.        , -0.29418923])
