number of sites to be analyzed:  709
log likelihood =  -9799.569052875759
Lr derivatives =  [-551.0354707626332, -673.499054247628, -563.9970479514614]
other derivatives =  [ 126.18478286  -76.42310084   87.99842544 -165.22696387  696.48679346
   -0.        ]
Current x_clock array =  [-0.62088119 -0.76006782 -0.58733952  0.18232156 -0.10536052  0.33647224
 -0.51082562 -0.51082562 -0.51082562]
log likelihood =  -9210.428458043507
Lr derivatives =  [173.07868782252416, -289.97336131695494, -343.17206315281567]
other derivatives =  [-379.06571561  -31.8050952  -219.11708245  -90.73975889  545.2152709
   -0.        ]
Current x_clock array =  [-0.75858456 -0.75929294 -0.68337075  0.36263102 -0.86542509  0.33647224
  0.09051031 -0.51026817 -0.51026817]
log likelihood =  -8809.00267034494
Lr derivatives =  [350.80165169456825, -35.90037546763779, -61.49640016855959]
other derivatives =  [654.26432775 140.07908612 -88.40940245 -20.39082574 335.93526575
  -0.        ]
Current x_clock array =  [-0.53221843 -0.74974403 -0.56321417  0.55560271 -1.8144999   0.33647224
  0.33755108 -0.42345181 -0.35384539]
log likelihood =  -8636.69248129455
Lr derivatives =  [-46.44461539271796, -176.68591962817254, -3.859224593623665]
other derivatives =  [-206.28733      31.65936505  268.3004368    60.88990813  -30.56340032
   -0.        ]
Current x_clock array =  [-0.7026868  -0.81908444 -0.43383309  0.73919813 -2.82342559  0.33647224
  0.42211144 -0.38489595 -0.2392172 ]
log likelihood =  -8612.664150859466
Lr derivatives =  [3.223852660565873, -131.17328936754276, 9.60119461113971]
other derivatives =  [ -68.96934428   -1.94220593 -128.7535415    56.17073657   -2.62095119
   -0.        ]
Current x_clock array =  [-0.66281268 -0.83814448 -0.53510858  0.69664759 -2.731717    0.33647224
  0.38199929 -0.32403042 -0.24683469]
log likelihood =  -8602.1407537977
Lr derivatives =  [25.795534467117378, -104.48307957415203, 25.87799000492742]
other derivatives =  [ 61.36605407  -6.39151585 -72.12127457  44.64079029  15.35241717
  -0.        ]
Current x_clock array =  [-0.63294346 -0.8436517  -0.52009034  0.66454209 -2.6884934   0.33647224
  0.34289089 -0.26445846 -0.24396302]
log likelihood =  -8587.153710089482
Lr derivatives =  [46.65976360360011, -51.85196237444357, 49.93185023866346]
other derivatives =  [153.35839453 -16.48669422  17.42764471  25.00849587  31.57589691
  -0.        ]
Current x_clock array =  [-0.61493168 -0.85353122 -0.49557325  0.59670615 -2.65057105  0.33647224
  0.25510092 -0.1175348  -0.24643298]
log likelihood =  -8575.266219710353
Lr derivatives =  [3.5193602367270387, -39.67872573634549, 25.10768758175947]
other derivatives =  [109.75699661 -15.72134715  66.3761457   12.59990677   9.96959955
  -0.        ]
Current x_clock array =  [-0.6245456  -0.85100403 -0.48433909  0.51225772 -2.6546146   0.33647224
  0.14141683  0.         -0.27440253]
log likelihood =  -8572.70758103119
Lr derivatives =  [1.528981688324798, -42.42661156018518, 6.921902450175466]
other derivatives =  [ 1.06445077 16.48790021 15.92283297  8.69810719  6.82485773 -0.        ]
Current x_clock array =  [-0.64944657 -0.83007265 -0.4980451   0.47854181 -2.65114663  0.33647224
  0.13880048  0.         -0.29353272]
log likelihood =  -8572.504692327819
Lr derivatives =  [-4.271052281767041, -46.21456546339438, 2.5480151393103334]
other derivatives =  [-4.82604628  8.87139322 -0.4222893   8.74808393  1.23134566 -0.        ]
Current x_clock array =  [-0.65030828 -0.83409411 -0.50239829  0.47359574 -2.66608046  0.33647224
  0.13997128  0.         -0.29671904]
log likelihood =  -8572.406141774458
Lr derivatives =  [-5.693017376543828, -47.78985642569677, -0.7493492470376104]
other derivatives =  [-7.21692959  0.69492853 -6.43951716  7.44939462 -0.57542011 -0.        ]
Current x_clock array =  [-0.65063339 -0.83862552 -0.50403015  0.46604288 -2.67444374  0.33647224
  0.14347412  0.         -0.3002098 ]
log likelihood =  -8572.31811562624
Lr derivatives =  [-4.612539747740904, -47.96984155764798, -3.2303697031054064]
other derivatives =  [-6.2116269  -4.05349601 -7.22690311  4.89398735 -1.06142735 -0.        ]
Current x_clock array =  [-0.65037932 -0.84152509 -0.50424467  0.45382327 -2.68302078  0.33647224
  0.14961196  0.         -0.30386183]
log likelihood =  -8572.24520263885
Lr derivatives =  [-1.0068409889620362, -45.804732416794835, -1.1214343582210056]
other derivatives =  [-2.99217027 -2.25824806 -5.38413224  1.20100594 -0.94766299 -0.        ]
Current x_clock array =  [-0.6498395  -0.8411047  -0.50368282  0.43627439 -2.69396     0.33647224
  0.15750602  0.         -0.30333473]
log likelihood =  -8572.2374356558
Lr derivatives =  [0.24909979797538995, -45.14004005852843, -1.045205581884515]
other derivatives =  [-0.27727583 -1.62956167  1.32795321 -0.31369018  0.64245209 -0.        ]
Current x_clock array =  [-0.64935565 -0.84062591 -0.50209936  0.43012865 -2.68990413  0.33647224
  0.15658332  0.         -0.30348996]
log likelihood =  -8572.23531775924
Lr derivatives =  [0.039469265939349185, -45.081353704867325, -0.4361556520142429]
other derivatives =  [-0.11909469 -0.30306546 -0.20206244 -0.03097739  0.07246322 -0.        ]
Current x_clock array =  [-0.64930848 -0.83997563 -0.50245099  0.43101427 -2.69173885  0.33647224
  0.15688161  0.         -0.30279229]
log likelihood =  -8572.235168863901
Lr derivatives =  [0.023961577599990846, -45.009894586571264, -0.0734605872241616]
other derivatives =  [-0.07390008  0.00249202 -0.06004484  0.015365   -0.00645433 -0.        ]
Current x_clock array =  [-0.64930195 -0.83982466 -0.50239755  0.43120756 -2.69199087  0.33647224
  0.15683051  0.         -0.30237195]
log likelihood =  -8572.235162615581
Lr derivatives =  [0.022883648375906063, -44.99364197544881, -0.008458752349930876]
other derivatives =  [ 0.05690526  0.02589513  0.00629734  0.00479486  0.00311508 -0.        ]
Current x_clock array =  [-0.64927225 -0.83980973 -0.50238442  0.43115846 -2.69191825  0.33647224
  0.15675064  0.         -0.30228973]
      fun: 8572.235162615581
 hess_inv: <9x9 LbfgsInvHessProduct with dtype=float64>
      jac: array([ 5.69052645e-02,  2.58951331e-02,  6.29734132e-03,  4.79485607e-03,
        3.11508017e-03, -0.00000000e+00,  2.28836484e-02, -4.49936420e+01,
       -8.45875235e-03])
  message: 'CONVERGENCE: REL_REDUCTION_OF_F_<=_FACTR*EPSMCH'
     nfev: 17
      nit: 16
     njev: 17
   status: 0
  success: True
        x: array([-0.64927225, -0.83980973, -0.50238442,  0.43115846, -2.69191825,
        0.33647224,  0.15675064,  0.        , -0.30228973])
