number of sites to be analyzed:  495
log likelihood =  -23450.954266932575
Edge derivatives =  [329.27875733412185, 154.76544007754484, 239.0953611350054, 158.28733459485093, -55.46371093768913, -47.393858875782, 330.03269156780965, 359.01154134661243, 105.20370325766855, 127.78788974636743, -0.6430976646273742, 65.72735850212901, 82.72924602376713, 94.68476279581031, 178.6677630637783, 222.93056255282417]
other derivatives: [ -42.97236228  225.03318905 -164.76413657  329.93146306 -863.85175018
 -407.93362859 -567.36993793]
Current x array =  [-0.60751657 -0.71186538 -0.63912575  0.18232156 -0.10536052 -0.10536052
  0.33647224 -2.30258509 -2.30258509 -2.30258509 -2.30258509 -2.30258509
 -2.30258509 -2.30258509 -2.30258509 -2.30258509 -2.30258509 -2.30258509
 -2.30258509 -2.30258509 -2.30258509 -2.30258509 -2.30258509]
log likelihood =  -22752.939590707843
Edge derivatives =  [310.25124578898937, 181.03168018500412, 276.04205045404416, 189.07509415918332, -7.893608231909443, 1.0357988177463582, 372.9726593297602, 399.59608650306615, 150.31591253595866, 172.7273032878775, 45.623854647063304, 112.01742905038824, 134.57944288153476, 136.42502539628586, 225.8240687283683, 268.19308576398487]
other derivatives: [ 322.58598367  329.82540506  -59.86286851  231.09993344 -281.5099142
  -16.41234849  -52.5369469 ]
Current x array =  [-0.64530185 -0.71128341 -0.78400164  0.19095417 -0.86493899 -0.46405355
 -0.16241197 -2.29704328 -2.16650098 -2.29704328 -2.29704328 -2.35135393
 -2.34425816 -2.29704328 -2.29704328 -2.29704328 -2.29704328 -2.30315056
 -2.29704328 -2.29704328 -2.29704328 -2.29704328 -2.29704328]
log likelihood =  -22430.52556843187
Edge derivatives =  [268.68064599794786, 175.08290716414035, 240.6045800944691, 156.27703960906453, -17.00801610729225, -9.548049720224276, 336.8791481986406, 345.44128163643194, 124.82902140415784, 153.3287144642446, 26.044194441873852, 109.38553845258136, 120.06873107032, 103.38669508220869, 197.57004279350582, 224.2184753187346]
other derivatives: [-5110.40037236   581.60388289   176.66556232  -442.10244596
   200.39918988     7.09924643   -21.2674131 ]
Current x array =  [-0.26765671 -0.37869686 -0.90687044  0.37808432 -1.46994829 -0.60859885
 -0.3994416  -2.01596106 -1.89990509 -2.03040641 -2.11156838 -2.37786574
 -2.35748686 -1.94020665 -1.91662978 -2.14263091 -2.12224229 -2.24807882
 -2.17720854 -2.15496645 -2.15630948 -2.07315169 -2.03507583]
log likelihood =  -22311.688888787656
Edge derivatives =  [295.488749354401, 181.0563548227523, 265.1312322839921, 178.15394296818934, -8.679590422440254, -0.9957727619471515, 361.30103185829404, 379.89482343833316, 142.99161706606014, 166.76842100675225, 40.80888996480977, 112.55751320292616, 131.44632082822108, 125.70628182346363, 216.46746021422194, 253.30853798268086]
other derivatives: [-959.99756377  297.35809221   17.40531661  -13.95971776  -71.89595763
   -3.04997957  -40.45003152]
Current x array =  [-0.46174088 -0.54962395 -0.84372415  0.28191202 -1.15901425 -0.5343123
 -0.27762433 -2.16041839 -2.03691743 -2.1674398  -2.20688999 -2.36424045
 -2.3506882  -2.12359665 -2.1121367  -2.22198847 -2.21207823 -2.27638199
 -2.23879552 -2.22798437 -2.22863717 -2.18821689 -2.16970946]
log likelihood =  -21873.42796234553
Edge derivatives =  [211.77080734231012, 154.0758128863182, 186.0476580227457, 105.76214772818284, -42.77239108059629, -31.21517092635958, 271.17423660130737, 263.39994358910104, 83.6634902436508, 106.92459746005, -2.907275373492065, 78.40750237434463, 83.01641774068077, 59.97044832047467, 147.96977797399495, 160.69931791127104]
other derivatives: [ -347.69342528 -3702.45534577   264.63164613  -112.71595577
   417.91247696    -9.35486605   -51.01016359]
Current x array =  [-0.43887321 -0.15278655 -0.94828892  0.43512685 -1.72646374 -0.66195251
 -0.50052668 -1.81601219 -1.73274283 -1.84264777 -1.9826804  -2.39070461
 -2.36245551 -1.68723842 -1.64906215 -2.03593633 -2.00020623 -2.21188412
 -2.09313009 -2.05620484 -2.06056253 -1.91658126 -1.85250857]
log likelihood =  -21902.06664139044
Edge derivatives =  [271.5784136183529, 175.63187956866224, 245.2219967932334, 157.01042861640025, -16.32545945611325, -7.304369214156915, 335.56554089963595, 344.9328750321197, 127.49380493352302, 150.70629112164178, 29.916285241972567, 105.9262884026916, 119.76230560608562, 107.29803599907905, 197.37034754355642, 226.32494746930018]
other derivatives: [-820.17380919  -74.86332106   87.42919454  -98.85418694  150.24779084
   -1.25157749  -47.29491775]
Current x array =  [-0.45090662 -0.36161    -0.89326494  0.35450227 -1.42786095 -0.59478579
 -0.38323119 -1.99724533 -1.89280533 -2.01355956 -2.10066378 -2.37677866
 -2.35626333 -1.91685848 -1.89274085 -2.13384053 -2.11169733 -2.24582413
 -2.16978203 -2.14659852 -2.14900663 -2.05952113 -2.01942576]
log likelihood =  -20816.440778497446
Edge derivatives =  [177.97678558320217, 113.48913137729497, 148.28064651992426, 65.51965706915557, -27.522544814553587, -21.697975139678107, 142.91859135630426, 136.20374230467195, 72.63699727889248, 84.04761223772381, 3.5948450143954225, 69.07519976924067, 67.23365949450502, 54.21722225010437, 96.51610086883669, 101.69701160119097]
other derivatives: [-1149.05765804 -1809.6118838    325.43306588  -292.05173632
   576.44403065   -32.56157652   -91.20085087]
Current x array =  [-0.44725635 -0.27345603 -0.90639832  0.53721114 -1.90164741 -0.77606558
 -0.75029239 -1.22645047 -1.30841936 -1.30716233 -1.63349342 -2.43779362
 -2.38604952 -0.96031143 -0.89258753 -1.75170072 -1.66897841 -2.13820906
 -1.86403847 -1.79280483 -1.81486899 -1.48262416 -1.35096857]
log likelihood =  -20092.230414929087
Edge derivatives =  [82.75747116617616, 34.728229530114675, 57.04417858134765, 3.5069799980116425, -8.146539757213333, -7.266085256493052, -123.48959078595931, -141.07217800464403, 38.25098780503047, 17.14718670479899, 1.1785300367248, 24.60348912161253, 9.172891738528563, 32.50722092747002, -54.26238470682205, -76.77253050840399]
other derivatives: [ 410.29818021  769.2800682   611.59572215 -248.5805926   377.75899434
 -111.36544586 -140.46345682]
Current x array =  [-0.70382716 -0.99164871 -0.77101805  0.79049177 -2.39299219 -1.08114594
 -1.3915272   0.21193955 -0.27265331 -0.00571671 -0.78910887 -2.55273839
 -2.44519334  0.77638503  0.91919806 -1.05616086 -0.86220048 -1.95510231
 -1.30566032 -1.15138954 -1.21088938 -0.43440039 -0.13859286]
log likelihood =  -19744.346868700606
Edge derivatives =  [68.1902385233454, 32.34156031355129, 49.14553888949423, 0.5952761466532028, -8.933648439434682, -9.282899147036435, -114.5933125474878, -125.06720852801004, 50.02066305387482, 36.41471062095457, 3.882982952307947, 33.7796931042991, 26.392613430563056, 45.87603384148872, -20.053586657978354, -35.715859788934274]
other derivatives: [  40.915922    297.98827745 -289.45447775 -150.69332585  220.51323631
  -73.52082636 -146.21516403]
Current x array =  [-0.63465816 -0.77918157 -0.55668286  0.65911186 -2.00916619 -1.01014848
 -1.24600892 -0.02330291 -0.49300847 -0.23226821 -0.9502013  -2.52757296
 -2.43215232  0.40802484  0.53118711 -1.17893658 -1.01212343 -1.99483502
 -1.40716416 -1.27432156 -1.31865035 -0.65235532 -0.39418647]
log likelihood =  -19654.483819256664
Edge derivatives =  [74.68823389005358, 44.12789018305616, 62.47032595572519, 9.584499051582995, -12.439493574533987, -12.228674589853485, -54.381800820368035, -58.71725234899933, 54.76779626074877, 48.247713347803625, 6.955049117615355, 45.95572867752892, 39.907176435808665, 48.21762197027921, 21.694865840678176, 14.97727620134148]
other derivatives: [-213.14922196 -270.7913045     1.0430158   -75.63111649  125.00580846
  -17.78244041 -110.8865    ]
Current x array =  [-0.59183458 -0.5855714  -0.64610759  0.50574766 -1.67575247 -0.96399359
 -1.15146221 -0.3102465  -0.7284561  -0.50330623 -1.14545351 -2.50456542
 -2.42274606 -0.05203885  0.04744769 -1.31492492 -1.18092156 -2.03851228
 -1.51970358 -1.41112536 -1.43650358 -0.90713068 -0.69542397]
log likelihood =  -19602.024667085807
Edge derivatives =  [37.645335188542106, 28.910842353505025, 33.92311173345268, -2.4466368247740164, -12.252546283787668, -12.6891691524356, -88.1168203192647, -93.73605918131993, 43.385103395638616, 33.61373438829833, 3.953537748052896, 36.73191440452166, 28.690787234299357, 38.9358587965676, 1.6041448689810647, -9.962364646927323]
other derivatives: [ -81.65215331 -140.66211952   -3.56604505  -29.65727981   12.17187236
    5.27891428  -87.22846381]
Current x array =  [-0.6165333  -0.63142996 -0.63591083  0.48791707 -1.65657246 -1.01316495
 -1.27973703 -0.13544947 -0.61045872 -0.34940596 -1.06256252 -2.52123902
 -2.43422098  0.06817838  0.17158095 -1.22065173 -1.08167025 -2.01782505
 -1.44465697 -1.33216566 -1.35374883 -0.80560785 -0.58374448]
log likelihood =  -19553.510125283436
Edge derivatives =  [6.900243907386359, 18.49487420673093, 16.85987332394191, -4.511710381418226, -11.712229744101084, -12.704948912905255, -66.45435984900233, -65.27712248838455, 29.971094355880272, 20.719626925744436, 3.344345048023843, 28.113381829206173, 17.67942094541354, 27.511443697149996, -2.906228818010447, -10.742817705936186]
other derivatives: [ 63.99657286  11.42416659 -45.83661939  23.11755816 -32.89288112
  39.52662677 -46.32778225]
Current x array =  [-0.64038603 -0.67597755 -0.6209642   0.42967043 -1.64999951 -1.03470361
 -1.46107642 -0.01162355 -0.51119108 -0.23645282 -1.02940732 -2.54473587
 -2.45562005 -0.00720016  0.08927164 -1.11873249 -0.99245033 -2.00075395
 -1.36076446 -1.25783514 -1.26266409 -0.76324158 -0.55423354]
log likelihood =  -19525.815689846946
Edge derivatives =  [-14.622826510568299, 10.672663742239186, 4.630503157062887, -3.7448777501398074, -11.783980617418122, -13.13108964967203, -21.740820796035727, -13.78196068123704, 13.44075013236732, 6.447377553286056, 2.515799819370845, 17.965271602972894, 5.522092144868871, 12.304409215700423, -2.4855398588041764, -4.818159437966262]
other derivatives: [ 66.79095168  82.7690892  -11.6885858   53.39759082 -41.01578312
  60.46991982 -16.03851282]
Current x array =  [-0.64055957 -0.69855657 -0.62838414  0.38580685 -1.64732607 -1.00692907
 -1.64129159  0.06493367 -0.43018001 -0.15398493 -1.0239965  -2.57348066
 -2.48472651 -0.16271074 -0.07129798 -1.02165938 -0.9167454  -1.9866805
 -1.27598004 -1.19349912 -1.17512495 -0.75200422 -0.56358584]
log likelihood =  -19510.65442226673
Edge derivatives =  [-13.429727178380933, 7.23954386584261, 0.5340409579478054, -2.1675168077088465, -11.627018562297764, -12.990988587702539, 4.668038249022918, 13.109632661697322, 1.0866492056872892, -2.7422040017168783, 1.2784850638445497, 7.283676810264165, -3.166119917440938, 0.7412564473297605, -1.7711991982333262, -1.2921170015780556]
other derivatives: [ 78.11974137  65.44587814 -27.33416477   8.61560693 -12.79700226
  44.43667058 -14.82217051]
Current x array =  [-0.644006   -0.69510963 -0.62104143  0.44984987 -1.65194542 -0.875416
 -1.76518189  0.06941302 -0.37340105 -0.10777303 -1.03094454 -2.61355872
 -2.52793078 -0.25628196 -0.14871672 -0.95743203 -0.87526673 -1.97748796
 -1.20407586 -1.158634   -1.11807553 -0.75180058 -0.57535105]
log likelihood =  -19502.768996682185
Edge derivatives =  [-12.974840042895115, -0.15690615041946798, -12.28972193418205, -4.653442123332508, -11.404787826402035, -12.855039206615464, 11.134591687923765, 14.191631283802893, -14.64658629398386, -13.666663176364647, -2.210771368680341, -8.361658312843302, -12.54154186512529, -14.285557049220435, -6.422039525998319, -6.378933761896674]
other derivatives: [-160.01545737   20.6310724    40.82722808    3.11391705   -9.8112647
    2.16344051  -23.27814641]
Current x array =  [-0.60972578 -0.68633608 -0.63773056  0.45844265 -1.64993554 -0.65231387
 -1.93869278  0.05577063 -0.29083255 -0.05298216 -1.03670826 -2.68562912
 -2.60631714 -0.30292615 -0.15826315 -0.89683093 -0.84303819 -1.96530807
 -1.11862139 -1.13460206 -1.06611886 -0.74676366 -0.57812757]
log likelihood =  -19499.368670070857
Edge derivatives =  [-3.9944348025606837, 1.9615180366366567, -7.154042225611427, -2.489140935790935, -10.844863461546154, -12.16549188394244, 14.56419978525912, 16.35798315061494, -12.782693983956932, -10.183319482132012, -1.692297471979074, -8.719174045716903, -10.103295030611777, -12.606471735807744, -1.6899798871663352, -1.369011519056336]
other derivatives: [ 20.78105172 -40.74661047  24.88629252  -9.80585901  16.29466663
 -14.11212725 -29.02103444]
Current x array =  [-0.63728194 -0.66663752 -0.63378319  0.47445447 -1.64679187 -0.57997524
 -1.95959513  0.01339443 -0.29382864 -0.07200918 -1.05392814 -2.70462597
 -2.62839947 -0.32031044 -0.16395377 -0.90628253 -0.85965224 -1.96720119
 -1.11488955 -1.14915758 -1.07540399 -0.76474165 -0.5982166 ]
log likelihood =  -19498.04555477738
Edge derivatives =  [-3.7588400428928157, 2.2672034198175957, -6.441484612637998, -2.8916701434691983, -10.570239750142688, -11.904599045533036, 7.55505871658876, 7.979982452547231, -10.017764972285814, -7.709138474257307, -1.496549616954515, -6.912014964178715, -8.047692479697709, -9.896692593697047, -2.036537628187618, -2.272177391577119]
other derivatives: [  7.61866977 -27.38176408   9.23108018  -3.60920239  11.7994685
 -13.83764175 -29.37963537]
Current x array =  [-0.63505636 -0.67030291 -0.62998993  0.46683568 -1.64740249 -0.58635295
 -1.95408185  0.00962661 -0.29698481 -0.07778551 -1.05234066 -2.70592743
 -2.62992831 -0.29501854 -0.1372227  -0.91753459 -0.86786583 -1.96828238
 -1.12393993 -1.15677362 -1.08593341 -0.76308578 -0.59395333]
log likelihood =  -19495.01764905709
Edge derivatives =  [-2.009576146040878, 2.4280934760324424, -3.724583058958752, -2.6868279324153095, -9.194182394449763, -10.50014380047865, 0.982447170614325, -1.988811477421535, -4.803746299969218, -0.9520643915803366, -0.8245236053598859, -4.757951270541868, -2.670935734113374, -4.553480897926104, 1.1082510399689052, 0.9912263174325313]
other derivatives: [-14.69200288  11.73406417  -7.75969238   7.92484207   4.47468377
 -16.60380076 -24.89936549]
Current x array =  [-0.63104483 -0.6798665  -0.62709922  0.45260023 -1.63495492 -0.54058252
 -2.02119711 -0.02421017 -0.28720807 -0.09488538 -1.06470242 -2.74096644
 -2.66953298 -0.27682371 -0.10622055 -0.93862915 -0.8906906  -1.97030179
 -1.12843904 -1.17959163 -1.1070517  -0.77342569 -0.60409197]
log likelihood =  -19492.25738181128
Edge derivatives =  [-4.565765734887585, 0.5116548929057871, -4.0808176380266525, -3.328199785376582, -7.363312865477984, -8.605215942876011, -7.931469797318453, -15.248938269718858, -1.1654188031417716, 3.47089086140886, -0.507768473455002, -4.43412388414209, 1.6195055514031296, -0.7989338550115662, 1.150782122056783, 0.19919652040848834]
other derivatives: [ -8.42395821  15.38509605   0.99201498  12.79632488  -1.83205908
 -13.95924119 -13.8713993 ]
Current x array =  [-0.63243227 -0.68130784 -0.62919076  0.44879632 -1.63584821 -0.49329669
 -2.16603183 -0.04079    -0.24377339 -0.0894263  -1.06975129 -2.80193635
 -2.73695298 -0.24327318 -0.05785459 -0.94606886 -0.89728137 -1.96843404
 -1.11784386 -1.19211051 -1.11685471 -0.76590475 -0.59593813]
log likelihood =  -19510.504468208415
Edge derivatives =  [-0.7858317776750099, 1.0985921686165545, 11.843779390542352, 2.964771120640706, -2.643267786983206, -3.9913700253441284, 20.070122062201996, 16.66152931591301, 9.054474070506588, 18.324423285913944, 2.3250580205579765, -0.5236081834287807, 12.423656644965973, 10.461016340540493, 16.825464616798644, 21.422484105680244]
other derivatives: [ -73.73727567   14.17064777 -365.12162478   -9.72767157  -33.89455256
   -3.08858944    8.76017671]
Current x array =  [-0.62256796 -0.67186187 -0.54605502  0.49335594 -1.53280852 -0.33177029
 -2.51010823 -0.20106487 -0.20302421 -0.16155907 -1.15735629 -2.9695763
 -2.92870269 -0.35831942 -0.16729455 -0.98356895 -0.93319776 -1.97556889
 -1.11767068 -1.23839255 -1.15534994 -0.81845752 -0.66676659]
log likelihood =  -19491.41358572754
Edge derivatives =  [-3.846945048362792, 0.7338376639929033, -1.2830195751566622, -2.2075419748720315, -6.458775103909089, -7.698343645219439, -3.052583354704924, -9.720795556213192, 0.759289203038769, 6.206692546115474, 0.04428389383679547, -3.597457645757885, 3.6676392437296803, 1.3052160549116176, 4.074181984050502, 4.118655744324978]
other derivatives: [-19.41945811  15.08284549 -57.82187145   9.09187293  -6.59391126
 -11.39018423  -8.93574447]
Current x array =  [-0.63071451 -0.67966292 -0.61471359  0.45655588 -1.61790499 -0.46516865
 -2.22594894 -0.0687001  -0.23667737 -0.10198743 -1.08500673 -2.831129
 -2.77034407 -0.26330721 -0.07691235 -0.95259909 -0.90353581 -1.9696765
 -1.1178137  -1.20017002 -1.12355823 -0.77505624 -0.60827213]
log likelihood =  -19489.89747230071
Edge derivatives =  [-4.710170743003101, 0.08137529204390193, 0.16271464567470062, -1.3888062085636745, -5.331532628225202, -6.449746153071495, -0.17375518472179802, -7.145175072441071, 2.025623346144931, 7.487519862704611, 0.40320727101207554, -3.1389948656631312, 5.445544208113052, 2.5001986950784163, 5.03829189079035, 5.290178331319308]
other derivatives: [ -4.36260234  19.21795774 -13.53687185   3.18330422  -5.12702264
  -5.95099118  -0.76307025]
Current x array =  [-0.6329868  -0.68027308 -0.62609667  0.46376745 -1.61371285 -0.43735688
 -2.33725534 -0.08876851 -0.20864976 -0.10290865 -1.09638535 -2.87869938
 -2.82366066 -0.26995919 -0.08126362 -0.95379498 -0.9019266  -1.96870985
 -1.11105818 -1.20406288 -1.1261122  -0.773408   -0.60930709]
log likelihood =  -19489.327833500683
Edge derivatives =  [-6.663810713551685, -0.9359771207432948, -0.6483260425871472, -1.2609592679950294, -4.749617480752257, -5.8012119719336805, 1.6971376212724105, -4.293281137450511, 1.2593442968865243, 5.690407097028295, 0.25144215059050046, -3.379762969143973, 4.807133927137681, 1.6050483030832274, 3.450394637244069, 3.3907222360779574]
other derivatives: [-4.34498361 -9.1874208   2.75496495  1.30430271 -5.43729037 -1.26021405
  4.2184534 ]
Current x array =  [-0.63333691 -0.67268074 -0.62978931  0.46573403 -1.61492074 -0.42984309
 -2.41303845 -0.09540107 -0.18554423 -0.0957179  -1.10079744 -2.91216902
 -2.86116947 -0.27249752 -0.0884776  -0.94752059 -0.88963497 -1.9667042
 -1.10549873 -1.19750755 -1.12091546 -0.76409794 -0.6015697 ]
log likelihood =  -19489.07481717524
Edge derivatives =  [-5.925081267083045, -0.876120877985304, 0.03161394448944932, -0.6613249623679693, -4.366592131098401, -5.335861969371379, 3.94620963002731, -0.3359483432336729, 0.6515644321409655, 3.9837755680283085, 0.250027574598021, -3.1225272984004793, 3.6979669469752077, 0.9258202037318621, 2.260367803103785, 2.382812629258213]
other derivatives: [ 6.90216984  3.5824778   6.61412196 -3.86050306 -0.34639026 -0.69412636
  5.7659994 ]
Current x array =  [-0.6351207  -0.67638666 -0.63023122  0.47209463 -1.61837897 -0.42250043
 -2.45112665 -0.10512314 -0.17354723 -0.09195016 -1.1047429  -2.93428197
 -2.88633253 -0.27541879 -0.09813879 -0.94180701 -0.8778867  -1.96533589
 -1.1035586  -1.18957368 -1.11562897 -0.75688528 -0.59550718]
log likelihood =  -19488.757396684367
Edge derivatives =  [-3.914129163078802, 0.576700960244015, 1.942784927295845, 0.11581214044971777, -3.937727000468126, -4.785794348997319, 3.6697831726891095, 1.675334770471872, 1.4553649085748153, 2.516034585495379, 0.3823822668554576, -0.5753739122553019, 2.959833603347482, 1.3090032481256118, 0.6984291846250545, 0.5574995221434909]
other derivatives: [ 3.53558062 -4.7144058   5.32930426 -6.76522905  4.66077042  2.25099939
  7.12992468]
Current x array =  [-0.63447225 -0.67402174 -0.62959149  0.47392012 -1.6220752  -0.43357716
 -2.46460718 -0.12412383 -0.17222296 -0.09645633 -1.11005924 -2.95509858
 -2.91088343 -0.26743029 -0.10444224 -0.94402554 -0.86758926 -1.96528586
 -1.11494784 -1.18242601 -1.11689821 -0.74902271 -0.58757434]
log likelihood =  -19488.360848116456
Edge derivatives =  [-1.836651442086645, 0.9595175754149635, 0.5517335769597194, 0.10338835727047396, -3.3826753167011097, -4.030567968532842, 0.8922791266313633, 3.1941189686750717, -0.5960102589831099, -3.5431237283298125, -0.09743922209380342, 1.2943151009095575, -1.5501265610054302, -1.0947885600202492, -3.8217537333301888, -4.354105515863116]
other derivatives: [12.00272163 -0.1342778  -5.47242234  2.11082806 -2.70696333  0.06646223
  5.98693864]
Current x array =  [-0.63615977 -0.67556838 -0.62630587  0.46377345 -1.615521   -0.42920346
 -2.48211806 -0.15961681 -0.16001416 -0.09051376 -1.11713613 -3.00196136
 -2.9659365  -0.25310392 -0.11563625 -0.9350058  -0.83864341 -1.9627385
 -1.12440615 -1.15888381 -1.10770673 -0.73237646 -0.57186535]
log likelihood =  -19488.25579764757
Edge derivatives =  [3.624450938971809, 2.6435174009256825, 2.292729159169877, 0.8743966648953438, -3.0630671204909166, -3.57407937121277, -0.6286073357274222, 2.2221510766836694, -0.5135288305047013, -3.876513845531507, -0.10885298949107221, 2.3576378295620346, -2.4918900474973187, -1.393622441139727, -3.0804047778190107, -3.4909480735491116]
other derivatives: [-32.88955486  -8.80930747   3.52823554  -4.73251566   7.69900973
  -8.11030986   2.17241562]
Current x array =  [-0.62907831 -0.67293039 -0.62908345  0.46989102 -1.61622734 -0.41055751
 -2.46128831 -0.19474845 -0.16283271 -0.09799995 -1.12580579 -3.02729205
 -2.99646671 -0.24768015 -0.11630653 -0.93897063 -0.83951481 -1.9632925
 -1.1308409  -1.15714269 -1.11165171 -0.73816881 -0.57881002]
log likelihood =  -19488.066971488643
Edge derivatives =  [3.3212760463014774, 3.0451795848814673, 2.5540243749881295, 0.7311229553543308, -3.161388245635544, -3.6866234511805205, -1.851310378167277, 0.6772051558167098, 0.47980458976744583, -2.477902775936815, 0.13774273262191733, 2.9612837159137797, -1.5703496786676352, -0.3327997946959037, -2.116658223888001, -2.5382399183799556]
other derivatives: [ 7.98318069 -7.38593008 -1.39993062 -1.16063893  4.83735562 -6.03742228
  1.85556056]
Current x array =  [-0.63525198 -0.67282112 -0.6279925   0.46609372 -1.6142519  -0.42380667
 -2.43420187 -0.18904163 -0.17123983 -0.1008874  -1.12331204 -3.01461676
 -2.98223231 -0.24440834 -0.11147709 -0.94325722 -0.84572605 -1.96428045
 -1.13455602 -1.16115469 -1.11554816 -0.74149402 -0.5812851 ]
log likelihood =  -19488.013167053323
Edge derivatives =  [2.6064999547415804, 2.7154735181417227, 1.8866748059703145, 0.4987858246409773, -3.202360464827452, -3.737119548389349, -1.9865607804508727, 0.4267686720420787, 0.23940381602122018, -2.5103237670946967, 0.10437506328507251, 2.6781976657846625, -1.6753819584943423, -0.48520291297999674, -2.086948341512325, -2.4656846226881353]
other derivatives: [ 6.18985359 -3.57159661 -0.42145257  0.52619362  1.57579553 -5.27083102
  1.92853634]
Current x array =  [-0.63498183 -0.6739185  -0.62830719  0.46448168 -1.61231625 -0.42724335
 -2.42962605 -0.18573393 -0.17090531 -0.09912211 -1.12212373 -3.01304416
 -2.98044595 -0.24492123 -0.11123813 -0.94234472 -0.84600086 -1.96415608
 -1.13333135 -1.16099099 -1.11488725 -0.74189413 -0.58172376]
log likelihood =  -19487.82465533836
Edge derivatives =  [1.882122908381123, 2.182106600968131, 0.33179096162096994, 0.08968301285931635, -3.0894639529017693, -3.5997877985517976, -2.4945948286271893, -0.11628570295330032, -0.23192164176237962, -2.2827788833038936, 0.12621271190080147, 2.194665996414053, -2.1090080614326756, -0.763047329861395, -1.2469806872832627, -1.326394456776141]
other derivatives: [ 1.07498636  3.1359923   3.69906047  3.26704321 -5.3686122  -3.53568248
  1.50735406]
Current x array =  [-0.6341248  -0.67565145 -0.62967509  0.46192268 -1.60667568 -0.4395271
 -2.40627026 -0.18734674 -0.16813289 -0.09473974 -1.1214765  -3.02278809
 -2.99238239 -0.24552233 -0.11164305 -0.9406816  -0.8477814  -1.96381288
 -1.13081896 -1.16007839 -1.11457637 -0.74596403 -0.58666175]
log likelihood =  -19487.556291535388
Edge derivatives =  [1.6864815458297966, 1.5080638963575903, -1.3785266310273736, -0.14021502526473878, -2.636723000468227, -3.082300887432746, -2.6771561197880316, -0.12890356829977928, -0.6116690505494679, -1.6373690845288174, 0.2554854532307021, 1.564394087478726, -2.624645589946689, -0.9025184932686158, 0.234564108916515, 0.6524240583908324]
other derivatives: [ -4.29061038   8.00433918   7.41378972   4.2554384  -10.0154731
  -0.73935007   1.19739807]
Current x array =  [-0.63314103 -0.67681086 -0.63090827  0.46096174 -1.60331066 -0.45990659
 -2.37718934 -0.19647773 -0.15716883 -0.08701788 -1.12259583 -3.05431827
 -3.03000672 -0.24605645 -0.112639   -0.9377152  -0.84940373 -1.96270695
 -1.12566076 -1.15822154 -1.1144897  -0.75152843 -0.59397017]
log likelihood =  -19487.257224466506
Edge derivatives =  [1.7480532987430208, -0.005945036894139388, -2.6269694556975725, -0.03551232846934707, -1.7076997916449257, -2.1031980000540513, -1.5569965113163993, 0.5446125709653855, -0.40620020345090735, 0.4485513217262538, 0.47536159858646, 0.16780664296981485, -2.147539342556101, -0.24756160488181644, 2.43335432987879, 3.423354862343921]
other derivatives: [ -8.70267831   9.51854236 -10.88315184   4.04231832 -10.99688798
   2.04273965   1.37986028]
Current x array =  [-0.63229526 -0.67687002 -0.62629643  0.46134916 -1.60330803 -0.47879834
 -2.35847156 -0.2123083  -0.13146156 -0.07722161 -1.12683463 -3.1169597
 -3.10384224 -0.25081593 -0.11269957 -0.93381451 -0.85303758 -1.96010665
 -1.11353603 -1.16023015 -1.11568699 -0.75811195 -0.60285784]
log likelihood =  -19487.18029784734
Edge derivatives =  [4.310908550226732, -0.6879816123861173, -2.4430112891024716, 0.7450605240217556, -0.6694554236618563, -0.9081261456851906, -0.5949833202071356, 1.6412622570428965, -0.26848029665936995, 0.8795476992383569, 0.5458624805112364, -0.14088374379339175, -2.240097882002751, -0.01389313496255129, 3.12001418514335, 4.017089874989551]
other derivatives: [ 4.52510358  7.99205372 25.57646803  0.08133793 -2.33622035  3.14035424
  0.78370185]
Current x array =  [-0.63394039 -0.67612298 -0.6360828   0.46304566 -1.60977213 -0.49680061
 -2.33915867 -0.24394174 -0.10183401 -0.07095085 -1.13532939 -3.20429701
 -3.20700216 -0.25109046 -0.11376191 -0.93044332 -0.8500967  -1.95648121
 -1.10608606 -1.15956478 -1.11745691 -0.75912143 -0.60554804]
log likelihood =  -19487.022428062177
Edge derivatives =  [3.422565882765728, -0.8669910127795338, -1.97698376164012, 0.6615224457983557, -0.8408874535924035, -1.1389982405526387, -0.15855135671429477, 1.5673782885495402, -0.09981181001534589, 1.0358431071392362, 0.4484532613455249, -0.42791020428556, -1.634883511798236, 0.1754585751958725, 2.486447433123139, 3.176585955028902]
other derivatives: [ 0.0758082   1.93961387  2.82185647  0.52176983 -2.02727481  2.29934085
  1.21220173]
Current x array =  [-0.63345214 -0.6746233  -0.62980149  0.46327048 -1.61124464 -0.48770421
 -2.35435896 -0.23247201 -0.10555266 -0.07307684 -1.1331231  -3.18681703
 -3.18608733 -0.25318509 -0.11223697 -0.93081665 -0.85048971 -1.95670132
 -1.10549806 -1.16216544 -1.11677748 -0.75648157 -0.60195837]
log likelihood =  -19486.98203625903
Edge derivatives =  [3.1698326720977215, -1.067032134207316, -1.4952398624747512, 0.7131057742973432, -0.8418724548265873, -1.154046575870324, 0.18766305211385897, 1.4451227866090302, 0.010830185028063155, 1.0373182586336864, 0.34034670608976497, -0.6279243822153375, -1.175993076733259, 0.2950064942216439, 1.8420500804100755, 2.253552203087403]
other derivatives: [ 0.84099156 -1.59777119 -2.71209137  0.3070345  -0.11951106  1.53140354
  1.26518712]
Current x array =  [-0.63364277 -0.67377504 -0.62821002  0.46342271 -1.61374324 -0.48315524
 -2.36137478 -0.22754462 -0.10472276 -0.07442033 -1.13241998 -3.18619824
 -3.18523645 -0.25439181 -0.11054244 -0.93071842 -0.84995521 -1.95623058
 -1.10445156 -1.16436967 -1.11650345 -0.75384493 -0.59859725]
log likelihood =  -19486.934779168816
Edge derivatives =  [2.791155152918392, -1.4391777907480554, -0.8330758344301341, 0.7711977604699399, -0.7642618086504585, -1.0758543066598596, 0.495343305983905, 0.9804634844962015, 0.1829531214829369, 1.0146547038195217, 0.16974788181893477, -0.8398249486144125, -0.4767038883353978, 0.49829218977169376, 0.8245347334868167, 0.8042577140799873]
other derivatives: [ 2.15444743 -2.91446486 -4.76947389  0.10030271  2.04030296  0.83908162
  1.14258016]
Current x array =  [-0.63388995 -0.67360397 -0.62752864  0.46340327 -1.61715884 -0.48110242
 -2.3635683  -0.22076964 -0.10242302 -0.07629607 -1.1312806  -3.1925924
 -3.19284101 -0.25556603 -0.10725357 -0.93046345 -0.84889543 -1.9551639
 -1.10307656 -1.16804079 -1.11633321 -0.74984606 -0.59355615]
log likelihood =  -19486.869792698348
Edge derivatives =  [1.761297805781521, -2.1367460875402937, -0.48639841473998546, 0.5977983594578131, -0.5925090862895923, -0.8700864778731014, 0.16817770722206127, -0.4714546865035273, 0.13333301588807028, 0.5056840626397683, -0.11731637562255078, -0.9480752792052316, 0.22664219824552356, 0.46202467344307363, -0.6724467974591167, -1.2107380710213551]
other derivatives: [ 1.60775744 -7.14855923 -2.69922748  0.41407475  0.98043429  0.60923776
  0.5538355 ]
Current x array =  [-0.6339124  -0.67268486 -0.62796774  0.46326699 -1.6184061  -0.48487926
 -2.35192276 -0.20966541 -0.10053819 -0.07883968 -1.12860248 -3.2108533
 -3.21504776 -0.2558052  -0.10197398 -0.92951676 -0.846103   -1.95329906
 -1.10262962 -1.17301699 -1.1155526  -0.74487074 -0.58774319]
log likelihood =  -19486.95224467246
Edge derivatives =  [1.4564101368449864, -2.279068841916867, 1.9826450321256965, 0.8541493754953353, -0.25934694439772904, -0.4601831570438724, 0.4054802384944869, -1.2094252891169908, 0.6876899542681021, -0.06468962209010731, -0.25217153656948904, 0.02679617543644952, 1.4265110124443452, 0.8798033444182334, -2.4488333700992206, -2.9938366722319394]
other derivatives: [ 3.46764136 26.55331264 -5.80173219 -2.22605377  4.65321084 -1.21729681
 -0.67244972]
Current x array =  [-0.63402558 -0.68244221 -0.62694501  0.466873   -1.62388325 -0.48398599
 -2.33685528 -0.19106243 -0.10487821 -0.0869056  -1.12416742 -3.23881478
 -3.24944249 -0.25580746 -0.09612488 -0.92886395 -0.83993354 -1.95091567
 -1.10608176 -1.18027272 -1.11380081 -0.73769874 -0.58026262]
log likelihood =  -19486.844483207366
Edge derivatives =  [1.6656208221033906, -2.1801498079086126, 0.3271351097607178, 0.6820243804421006, -0.48162332828673576, -0.7337201937683424, 0.24802679214204437, -0.7078774970769939, 0.3158313607658061, 0.3236767691531838, -0.15976967580982215, -0.6279516161165798, 0.6208231486282654, 0.6001982414682279, -1.2475399212516658, -1.787959889588015]
other derivatives: [ 2.23332245  3.93816299 -3.7114296  -0.44477201  2.18240172  0.02005982
  0.15926236]
Current x array =  [-0.63394925 -0.67586196 -0.62763473  0.46444115 -1.62018952 -0.4845884
 -2.34701662 -0.20360807 -0.10195135 -0.08146604 -1.12715837 -3.21995787
 -3.22624707 -0.25580594 -0.10006945 -0.92930419 -0.84409416 -1.952523
 -1.10375368 -1.17537954 -1.1149822  -0.74253545 -0.58530744]
log likelihood =  -19486.817921527043
Edge derivatives =  [1.1068455234535217, -2.378767235188261, 0.16622858416998565, 0.491276509112211, -0.40538681258832404, -0.626265630727349, -0.2094141264398134, -1.4377977430628253, 0.10618407623551268, -0.15128360328122747, -0.2497275217990759, -0.46296739996242386, 0.6187129002205989, 0.3324830445997753, -1.6083767407930964, -2.156858783066707]
other derivatives: [-1.8531282   2.08735582  0.06037953 -0.22567838 -0.03079479  0.22062522
 -0.28992461]
Current x array =  [-0.63335167 -0.67541517 -0.62865881  0.46449348 -1.61882011 -0.48871735
 -2.33521101 -0.19831791 -0.10381084 -0.082504   -1.12539514 -3.23016209
 -3.23890812 -0.25519558 -0.09871542 -0.92866614 -0.84239202 -1.95187498
 -1.10495104 -1.17659616 -1.11419059 -0.74192047 -0.5850315 ]
log likelihood =  -19486.80072105898
Edge derivatives =  [0.4687357621877894, -2.369044407880886, -0.05209500258546185, 0.266577582955513, -0.3506435229342528, -0.5362500958045344, -0.6231762333315933, -1.8523192056543931, -0.10172266889272424, -0.5557949552881971, -0.22688638605962225, -0.12308207603060595, 0.5057987679713714, 0.02429632516986202, -1.4353796778208483, -1.7448165979141466]
other derivatives: [ 7.35598951  1.45081503  1.89298589  0.44826447 -2.66176847  0.63088373
 -0.75515777]
Current x array =  [-0.63480495 -0.67514736 -0.62919194  0.46432523 -1.61658123 -0.49306917
 -2.32092134 -0.19086782 -0.10926694 -0.08355275 -1.1227482  -3.23773295
 -3.24868017 -0.25472726 -0.09863819 -0.92798804 -0.84102769 -1.9515922
 -1.10697469 -1.17720914 -1.11300612 -0.74307368 -0.58705218]
log likelihood =  -19486.777563817144
Edge derivatives =  [0.3199298732920922, -2.1342476303548468, -0.07949095780132609, 0.1776765395228183, -0.31712016118896946, -0.4780206908703559, -0.6813842252758635, -1.6792443161246637, -0.27770041907899656, -0.8207276455016455, -0.16864470846036042, 0.21690154317948024, 0.2787210175207613, -0.2993327024605634, -1.008866174419922, -0.9886583484921876]
other derivatives: [-1.98585985  1.39861368  3.08504241 -0.01329681 -3.0071728   0.58409933
 -1.00956871]
Current x array =  [-0.63330858 -0.67512964 -0.62958863  0.46481324 -1.61606016 -0.49414505
 -2.31370515 -0.18643596 -0.11490151 -0.08452949 -1.12107381 -3.24264035
 -3.25508824 -0.25469342 -0.10020784 -0.92765696 -0.84023957 -1.95168766
 -1.10887709 -1.17693552 -1.11209957 -0.74511272 -0.59011167]
log likelihood =  -19486.755957482477
Edge derivatives =  [0.33846227732678535, -1.730447558873986, 0.1360144184232045, 0.1851159963078891, -0.3085420380842313, -0.45415660162215865, -0.4117191677547959, -1.0602117621429064, -0.31787313155066793, -0.8723591582159009, -0.05553655789876803, 0.5573758795396855, 0.13986854424755535, -0.4994885352472487, -0.3983477510141877, -0.03917224166830702]
other derivatives: [-4.22433004  1.21431367  1.51736822 -0.57453508 -1.68737219  0.32228854
 -1.07072706]
Current x array =  [-0.63290319 -0.67502128 -0.6292153   0.4652681  -1.6168079  -0.49250587
 -2.31168734 -0.1814749  -0.12168587 -0.085689   -1.1194036  -3.2434563
 -3.25655515 -0.25524106 -0.10252434 -0.92759717 -0.84003805 -1.9520236
 -1.11052606 -1.17658687 -1.11131105 -0.74737883 -0.59325971]
log likelihood =  -19486.732048856677
Edge derivatives =  [0.11591940375737958, -1.1343585062386083, 0.5102915716707447, 0.17707767857270013, -0.3036103173427677, -0.43554104213424977, 0.12460305753615802, -0.1360654596280771, -0.2437434070165841, -0.7284382297733147, 0.05003576487919975, 0.8554471214840382, 0.17387106110504602, -0.609199585543146, 0.1897583303391699, 0.7316706261971446]
other derivatives: [-2.8062459   0.34076584 -1.19598189 -0.58234946  0.47242979 -0.10475924
 -0.92122   ]
Current x array =  [-0.63305439 -0.67471404 -0.62853765  0.46487569 -1.61856747 -0.48791452
 -2.31358503 -0.17098537 -0.1332654  -0.08762224 -1.11623253 -3.24293863
 -3.25670601 -0.25656457 -0.10556528 -0.9278811  -0.84049697 -1.95234567
 -1.11179458 -1.1769509  -1.11068178 -0.74943852 -0.59564178]
log likelihood =  -19486.71972181235
Edge derivatives =  [-0.12728944815143256, -0.7682803305492064, 0.5780921709566204, 0.13058449226351915, -0.2827746646656414, -0.40981137432929793, 0.3534176181978249, 0.2634112077748352, -0.112076658268977, -0.43211581272188465, 0.041479799053649805, 0.7650341884550622, 0.2816627751198113, -0.48449117527888585, 0.24853304193214049, 0.5886403012022464]
other derivatives: [-0.97239536 -0.06187474 -1.41709825 -0.24896872  1.12468093 -0.17732964
 -0.6660482 ]
Current x array =  [-0.63331761 -0.67458611 -0.62850344  0.46431981 -1.6192434  -0.48486563
 -2.31721388 -0.16456986 -0.1407119  -0.08820527 -1.1142196  -3.24400014
 -3.25846596 -0.25717614 -0.10689903 -0.92836184 -0.84156686 -1.95230729
 -1.11102143 -1.17731028 -1.11123111 -0.74961957 -0.59511972]
log likelihood =  -19486.70776113704
Edge derivatives =  [-0.3962494834049866, -0.3145359578362045, 0.39609884977568943, 0.02289139222171077, -0.234405880348374, -0.3565226346858736, 0.3378886065953535, 0.40231540067193955, 0.07149718971732355, 0.03630703026993082, -0.02657680536733896, 0.38323997090292844, 0.35967274068823674, -0.17418880970321915, 0.08941528798518181, 0.015355209777117573]
other derivatives: [ 0.4020003  -0.07534254 -0.81385588  0.07934796  0.78937876 -0.05239781
 -0.28826626]
Current x array =  [-0.63353904 -0.67458745 -0.62868817  0.4640164  -1.6190409  -0.48173062
 -2.32273581 -0.15894237 -0.14931666 -0.08786069 -1.11213293 -3.24774672
 -3.26357593 -0.25713963 -0.1075936  -0.92904505 -0.84326118 -1.95210748
 -1.10855215 -1.17719369 -1.11284607 -0.7490518  -0.59329499]
log likelihood =  -19486.701336033337
Edge derivatives =  [-0.20942139917532276, 0.020001618865243043, 0.25152873827501854, -0.0020109407340694885, -0.16638844589809176, -0.2788701764628005, 0.08071680787201252, 0.11905301273747354, 0.14671281806343894, 0.17809755146885153, -0.08611575300837519, 0.029447793800577826, 0.2784734717569539, 0.07787957321842598, -0.17300515701603955, -0.41741411147766594]
other derivatives: [ 1.3359313  -0.59580634  0.72337934 -0.37219434  0.96436449 -0.10136864
 -0.19474347]
Current x array =  [-0.63370574 -0.67447549 -0.62906199  0.46461795 -1.61914504 -0.48054904
 -2.32578788 -0.1593121  -0.1527839  -0.08691903 -1.1116866  -3.25473749
 -3.27242966 -0.25621286 -0.10655428 -0.92912607 -0.84343347 -1.95191553
 -1.10614334 -1.1762552  -1.11431143 -0.74796946 -0.5919573 ]
log likelihood =  -19486.701236214576
Edge derivatives =  [-0.3155366407056004, 0.23223448394943047, -0.2149012557111759, -0.1513954544478736, -0.07425157744474828, -0.18200895372340734, -0.4371653231038471, -0.43917978674317065, 0.1572549742569328, 0.28360584648960535, -0.14276594349329358, -0.3818396141737561, 0.09712137765453122, 0.32825962115236423, -0.3999610368255488, -0.6933343886752376]
other derivatives: [-0.67987276 -0.17206185 -4.03716331  0.50411836 -1.29630719  0.15777914
 -0.08155049]
Current x array =  [-0.63344908 -0.67460261 -0.62782828  0.46406879 -1.61735788 -0.4804559
 -2.3274894  -0.1597176  -0.15645323 -0.08539832 -1.11105907 -3.26427286
 -3.28457006 -0.25511551 -0.10521303 -0.92887202 -0.8432572  -1.95177749
 -1.10348616 -1.17488113 -1.11572616 -0.74714797 -0.59126895]
log likelihood =  -19486.699022888948
Edge derivatives =  [-0.26306060794332925, 0.1273960969086375, 0.01596576563938734, -0.07748405175048917, -0.1195889454281357, -0.2296187556794502, -0.1809484540777363, -0.16297969403405427, 0.15209120060331122, 0.23154910444616572, -0.1147604446118518, -0.17813075213504614, 0.1868951448477243, 0.20453073603350058, -0.2876545555572678, -0.5568542413188807]
other derivatives: [ 0.31698073 -0.38142753 -1.68062252  0.07080962 -0.17797806  0.02966772
 -0.13749012]
Current x array =  [-0.633576   -0.67453975 -0.62843835  0.46434035 -1.61824162 -0.48050196
 -2.32664801 -0.15951708 -0.15463876 -0.08615031 -1.11136938 -3.25955765
 -3.27856667 -0.25565815 -0.10587628 -0.92899765 -0.84334436 -1.95184575
 -1.10480013 -1.17556061 -1.11502658 -0.74755419 -0.59160934]
log likelihood =  -19486.696823632054
Edge derivatives =  [-0.05177963112113887, 0.25884539270197776, -0.12231019564986334, -0.07921888796485063, -0.08655543244098625, -0.18869905107565765, -0.3413005998601187, -0.3153342118301225, 0.09133750617146347, 0.14728407007446864, -0.10295005548289209, -0.2611439973279725, 0.004278903982898097, 0.2169836544109296, -0.2419664887119412, -0.3866860858182355]
other derivatives: [-0.47673893  0.2700981   0.52934774 -0.12860255 -0.29709581  0.06471237
 -0.13784511]
Current x array =  [-0.63344494 -0.67471619 -0.62902499  0.46455238 -1.61792542 -0.48071996
 -2.32704306 -0.16186653 -0.15492814 -0.08539125 -1.11171285 -3.26362774
 -3.2837113  -0.25514145 -0.10546043 -0.92871284 -0.84286937 -1.95194898
 -1.10405576 -1.17448241 -1.11540685 -0.74766525 -0.59227373]
log likelihood =  -19486.69593486222
Edge derivatives =  [0.06093824192572167, 0.25909875859287296, -0.13871711496207284, -0.06133025910150794, -0.07328204756868913, -0.1728191693369725, -0.3608017939260769, -0.34888892540809796, 0.04415807228812235, 0.049414128639977406, -0.08356429064003489, -0.23288427929620337, -0.07821026287301569, 0.17575356575041734, -0.1839395084445981, -0.21851619990882154]
other derivatives: [-0.68973532 -0.18535138  0.55978671 -0.18921128 -0.20859355  0.05904803
 -0.1700373 ]
Current x array =  [-0.63341052 -0.67457971 -0.62902933  0.46458194 -1.61790416 -0.48107456
 -2.32676866 -0.16340276 -0.15403777 -0.08517734 -1.11209674 -3.26532046
 -3.2858439  -0.25509046 -0.10532161 -0.92846549 -0.84237941 -1.9520473
 -1.10410028 -1.17406078 -1.11529731 -0.74782399 -0.59285372]
log likelihood =  -19486.69615095204
Edge derivatives =  [0.3575304451572823, 0.27247888600926445, -0.011310951659812885, 0.033773693188531295, -0.019141943901670247, -0.11154180359108729, -0.16902030678253405, -0.12540400074699415, 0.005057761706985131, -0.08771997834863954, 0.010337619442426588, -0.05809172260666745, -0.22019191003415672, 0.12971241448107929, 0.07164247615053498, 0.34617056220563314]
other derivatives: [ 0.5760121   3.3315082  -0.2909801  -0.16283593  0.32800842  0.06653136
 -0.16161265]
Current x array =  [-0.63355776 -0.67549939 -0.62880778  0.46441512 -1.61810481 -0.48135401
 -2.32726884 -0.1667274  -0.15195586 -0.08491366 -1.11303302 -3.27025711
 -3.29223201 -0.25558457 -0.10561336 -0.92783415 -0.84116659 -1.95240987
 -1.10442472 -1.17318124 -1.11484577 -0.74839408 -0.59439258]
log likelihood =  -19486.69516428619
Edge derivatives =  [0.20016815122174791, 0.26550894592689667, -0.07891101303916725, -0.01671074294797356, -0.04781908100657805, -0.14398410700135364, -0.2708297633636479, -0.2440318558961757, 0.025830332031003156, -0.014838335187568608, -0.03950925099807488, -0.1508449371185812, -0.14477842856141843, 0.15418135447739145, -0.06402357564635237, 0.04643470956671969]
other derivatives: [-0.0957516   1.4657453   0.1607259  -0.17690763  0.04327356  0.06255868
 -0.16608046]
Current x array =  [-0.63347957 -0.67501104 -0.62892542  0.4645037  -1.61799827 -0.48120562
 -2.32700325 -0.16496203 -0.15306135 -0.08505368 -1.11253585 -3.26763576
 -3.28883994 -0.2553222  -0.10545844 -0.92816939 -0.84181059 -1.95221735
 -1.10425244 -1.17364828 -1.11508554 -0.74809136 -0.59357545]
log likelihood =  -19486.694330460436
Edge derivatives =  [0.2419096542307354, 0.256199013432943, -0.06787349366868711, 2.4826547943723742e-05, -0.02915537364545895, -0.12251260531098518, -0.192002015883037, -0.17098302385433, -0.015501281394561028, -0.09734946728602539, -0.015881689307354604, -0.09276017923393437, -0.19691792264474728, 0.09255949834546606, 0.012843491458885248, 0.19793777181454586]
other derivatives: [ 0.05743641  0.23998291 -0.23950997 -0.09002179  0.18935762  0.06436312
 -0.15409137]
Current x array =  [-0.63350273 -0.67464984 -0.6288212   0.46432037 -1.61803335 -0.48119326
 -2.3272327  -0.16566057 -0.15255567 -0.08504245 -1.11275135 -3.26970145
 -3.29155845 -0.25563639 -0.10567462 -0.92791992 -0.84135181 -1.95235541
 -1.10443289 -1.1734267  -1.11484325 -0.7483192  -0.59411129]
log likelihood =  -19486.693816313193
Edge derivatives =  [0.2146468324912872, 0.24402629600803277, -0.03976344307836499, 0.009754575492501139, -0.012209651316900588, -0.10375737229025543, -0.06844737470839318, -0.048766073015825084, -0.02658730025635231, -0.11104596396546146, -0.002906379663232886, -0.05182861139238781, -0.195609967902171, 0.056751108116537274, 0.05029137736394665, 0.232603838944067]
other derivatives: [-0.43119508 -0.19765139 -0.39333099  0.03907189  0.29716777  0.06837945
 -0.09891161]
Current x array =  [-0.63342159 -0.67451743 -0.62878856  0.46408751 -1.61809677 -0.48079542
 -2.32806989 -0.16545814 -0.1525401  -0.08515604 -1.1127596  -3.2712789
 -3.2937225  -0.25609507 -0.10604266 -0.92779807 -0.84117948 -1.95246077
 -1.10453046 -1.17347362 -1.11466156 -0.74842685 -0.59423509]
log likelihood =  -19486.693639738707
Edge derivatives =  [0.09915342432765095, 0.1531035466875902, -0.03637982363644565, 0.014350437058703924, 0.024891182277151022, -0.06388600756982313, 0.11130233058309835, 0.09603053790888566, -0.026356300178427328, -0.09693645296669418, 0.010569851579095721, -0.010464259798705466, -0.1504191081468682, 0.02660749392051165, 0.04848984130002741, 0.1402130165074711]
other derivatives: [ 2.22290691 -0.96034273 -0.39950828  0.40112354  0.03668202  0.17179627
  0.02434715]
Current x array =  [-0.63384063 -0.67426638 -0.62879384  0.46367584 -1.6177602  -0.48025049
 -2.32977426 -0.16540964 -0.15168649 -0.08522167 -1.1129096  -3.27456732
 -3.29823338 -0.25688435 -0.10648003 -0.92759304 -0.84098782 -1.95261318
 -1.10450971 -1.17374177 -1.11439749 -0.7483412  -0.59392333]
log likelihood =  -19486.693051628965
Edge derivatives =  [0.08435708921218804, 0.15545510454407468, -0.011686483710113826, 0.015022486361552068, 0.022072026569041905, -0.06709071212419995, 0.1365312433847548, 0.12358631681729881, -0.017288192007878622, -0.07232343257825052, 0.0047812913688558, -0.010810041785586422, -0.12876443641797675, 0.027772872142568295, 0.03205748420452334, 0.09936014339164279]
other derivatives: [ 0.25128975 -0.37305654 -0.22589302  0.307562    0.13099177  0.13178214
  0.03076678]
Current x array =  [-0.63352816 -0.67444734 -0.62884433  0.46375413 -1.61789135 -0.48001348
 -2.32999275 -0.16496203 -0.15194044 -0.08532936 -1.11280927 -3.27417923
 -3.29777635 -0.25693551 -0.10656197 -0.92765772 -0.84110998 -1.95260099
 -1.10453344 -1.17388053 -1.11439838 -0.74831582 -0.59378878]
log likelihood =  -19486.692898766276
Edge derivatives =  [0.0699412942144289, 0.1345835180976543, -0.0026276363451834817, 0.015289832136637038, 0.02411429141070038, -0.06514647866387352, 0.13696041976539725, 0.10924007804876257, -0.007501610563926953, -0.05378078294449895, -0.0015705541662747041, -0.01892029711165044, -0.10431389978773487, 0.036685385496782574, -0.003520921738415353, 0.028320796127774717]
other derivatives: [-0.09710857 -0.06990012 -0.08108327  0.2393499   0.10760024  0.11839438
  0.03368065]
Current x array =  [-0.63347581 -0.67453929 -0.6288806   0.46385882 -1.61788272 -0.47991069
 -2.33018428 -0.16490212 -0.15173274 -0.08535516 -1.11282343 -3.27427761
 -3.297943   -0.25693919 -0.10649663 -0.92768221 -0.84117053 -1.95258476
 -1.10448933 -1.1740149  -1.11440761 -0.74819355 -0.59354773]
log likelihood =  -19486.692734715274
Edge derivatives =  [0.04497849150495181, 0.0777356672573995, 0.007474174294812119, 0.0169618855515819, 0.032869551625268056, -0.05591628849010752, 0.13835085022531568, 0.07789229371985573, 0.0009322089425028435, -0.036324722723860725, -0.007457808039731867, -0.020759613276151556, -0.06605860609636682, 0.038086200037828255, -0.052910326429632004, -0.07336765661697897]
other derivatives: [-0.22388122  0.16501872  0.09716314  0.1227163   0.02551857  0.09988798
  0.0391822 ]
Current x array =  [-0.63346277 -0.67461126 -0.62892268  0.46405743 -1.61779367 -0.47973729
 -2.33057123 -0.1650505  -0.15102327 -0.08537441 -1.11293411 -3.27498314
 -3.29897067 -0.25697286 -0.10636973 -0.92766157 -0.84118516 -1.95258905
 -1.10444869 -1.17424623 -1.11435072 -0.74801271 -0.59320816]
log likelihood =  -19486.69261951446
Edge derivatives =  [0.03277163223882129, 0.02911901707841902, 0.010778146696724389, 0.015868128086375055, 0.03978429207537483, -0.04815223884847469, 0.10900213975486917, 0.03605611189371749, 0.000690336047220963, -0.028600397737144734, -0.0038965621449590093, -0.006757048523431564, -0.04109038284765987, 0.022961353249166927, -0.05050428789300146, -0.07922348520146072]
other derivatives: [-0.14443867  0.08695133  0.02369779 -0.00439468 -0.0072322   0.05715265
  0.02683618]
Current x array =  [-0.63348202 -0.67459078 -0.62889903  0.46426839 -1.61772973 -0.47954822
 -2.33072536 -0.16519691 -0.15041275 -0.0853813  -1.11301641 -3.27553883
 -3.29987931 -0.2568749  -0.10624936 -0.92761676 -0.84117866 -1.95261876
 -1.10449645 -1.17443283 -1.11423072 -0.74801613 -0.59319186]
log likelihood =  -19486.69254879547
Edge derivatives =  [0.024028294129021965, -0.009839248142446189, 0.0075026876225601224, 0.008973486191097835, 0.04203250223486827, -0.044656435890650416, 0.03277077666135836, -0.023660034988642165, -0.0005728184903989741, -0.013524597212237088, 0.0034716135807232595, 0.011349401773893542, -0.010961192480893, 0.00044546063537975744, -0.014822205613934686, -0.025007420026213367]
other derivatives: [ 0.04164394  0.02687375  0.19937579 -0.05368202  0.03368871 -0.02039815
 -0.00197766]
Current x array =  [-0.63351275 -0.67457432 -0.62894642  0.4643465  -1.61776937 -0.47929692
 -2.3306885  -0.16514109 -0.15000447 -0.08539671 -1.11301563 -3.27559363
 -3.30033658 -0.2565548  -0.10612362 -0.92759817 -0.84125059 -1.95264026
 -1.10457875 -1.17466906 -1.11408991 -0.74814754 -0.59338275]
log likelihood =  -19486.69257352299
Edge derivatives =  [-0.01729938887085114, -0.04377877089820226, -0.004703152305168712, -0.0027036156087335006, 0.045721398593426735, -0.04098045929087971, -0.014769217263036705, -0.04693534912554215, 0.00687880501009086, 0.017448024063740075, 0.00747389951647795, 0.01630645513378559, 0.020353789749331774, -0.004275511977820279, 0.006812724820662405, -0.0015656891304414167]
other derivatives: [-0.06829941 -0.0311411  -0.54292468  0.03453169 -0.08291309 -0.04546746
 -0.00192604]
Current x array =  [-0.63349983 -0.67455579 -0.62875504  0.46428299 -1.61770158 -0.47909742
 -2.33082988 -0.16490642 -0.14984623 -0.08541258 -1.11296659 -3.27566528
 -3.30082155 -0.25637712 -0.10612561 -0.92759496 -0.84134488 -1.95265059
 -1.10459501 -1.17487256 -1.11400253 -0.74822698 -0.59345771]
log likelihood =  -19486.692534366528
Edge derivatives =  [0.00841918986991691, -0.022658642031895104, 0.0028935624596180265, 0.00456291339168946, 0.04342602056640322, -0.043267379650816166, 0.014815035750325944, -0.03245082613300854, 0.002242562591253494, -0.001824071433722707, 0.004983785641419727, 0.013222584199877041, 0.0008693798157817234, -0.0013369826207564328, -0.006648739378215793, -0.016151452716972603]
other derivatives: [ 0.00010914  0.00496584 -0.08095958 -0.02036177 -0.01035571 -0.02986781
 -0.00195733]
Current x array =  [-0.63350787 -0.67456732 -0.62887413  0.46432251 -1.61774376 -0.47922156
 -2.33074191 -0.16505245 -0.1499447  -0.08540271 -1.11299711 -3.27562069
 -3.30051977 -0.25648768 -0.10612437 -0.92759696 -0.84128621 -1.95264416
 -1.10458489 -1.17474593 -1.1140569  -0.74817755 -0.59341107]
      fun: 19486.692534366528
 hess_inv: <23x23 LbfgsInvHessProduct with dtype=float64>
      jac: array([-0.00010914, -0.00496584,  0.08095958,  0.02036177,  0.01035571,
        0.02986781,  0.00195733, -0.00841919,  0.02265864, -0.00289356,
       -0.00456291, -0.04342602,  0.04326738, -0.01481504,  0.03245083,
       -0.00224256,  0.00182407, -0.00498379, -0.01322258, -0.00086938,
        0.00133698,  0.00664874,  0.01615145])
  message: 'CONVERGENCE: REL_REDUCTION_OF_F_<=_FACTR*EPSMCH'
     nfev: 63
      nit: 55
     njev: 63
   status: 0
  success: True
        x: array([-0.63350787, -0.67456732, -0.62887413,  0.46432251, -1.61774376,
       -0.47922156, -2.33074191, -0.16505245, -0.1499447 , -0.08540271,
       -1.11299711, -3.27562069, -3.30051977, -0.25648768, -0.10612437,
       -0.92759696, -0.84128621, -1.95264416, -1.10458489, -1.17474593,
       -1.1140569 , -0.74817755, -0.59341107])
