number of sites to be analyzed:  786
log likelihood =  -10374.034616857472
Lr derivatives =  [-320.5213853933484, -502.2085097385676, -252.8853542215594]
other derivatives =  [  67.36092837  -64.97502909   42.7579198  -164.03788868  580.99201306
  -39.8186985   122.91144412]
Current x_clock array =  [-0.70269217 -0.71688974 -0.64188749  0.18232156 -0.10536052 -0.10536052
  0.33647224 -0.51082562 -0.51082562 -0.51082562]
log likelihood =  -9889.095695126734
Lr derivatives =  [124.19029984975464, -254.93879230370538, -112.82026785531593]
other derivatives =  [-282.25129427   18.53106187 -234.71089662  -55.33738295  391.85318383
   -5.48834578  183.42839394]
Current x_clock array =  [-0.79889717 -0.71593729 -0.70295444  0.41660079 -0.93513444 -0.04849137
  0.16092987 -0.05305636 -0.51009606 -0.51009606]
log likelihood =  -9614.407928870723
Lr derivatives =  [-2.141503887707131, -148.21558535567993, -46.03939936201416]
other derivatives =  [980.51241184 104.71547648 302.85509274  65.04989869  -4.19527179
  59.91204307 154.69077334]
Current x_clock array =  [-0.53191824 -0.77173991 -0.46101469  0.73538585 -2.31973893  0.01852627
 -0.2631459   0.26674114 -0.43127326 -0.49018679]
log likelihood =  -9528.572259387242
Lr derivatives =  [-101.07882746762779, -162.41138793382493, -57.517472900635006]
other derivatives =  [-335.63684337  -16.09987157   25.68467062  103.64382979  -98.93347656
   59.19019168  130.89960157]
Current x_clock array =  [-0.80820246 -0.82669425 -0.50433009  0.75784249 -2.54141208  0.00565741
 -0.39717871  0.28484802 -0.38991556 -0.48437738]
log likelihood =  -9497.501432311543
Lr derivatives =  [-30.444983778149933, -133.64943529711212, -39.537727943991904]
other derivatives =  [-141.04539878   -2.00241266    0.42835381   79.54983812  -30.2364398
   49.92419235  132.66411952]
Current x_clock array =  [-0.75075405 -0.81545726 -0.52170759  0.70079025 -2.35730565 -0.01217531
 -0.36908193  0.25033073 -0.36196301 -0.47209193]
log likelihood =  -9466.352914488001
Lr derivatives =  [43.84873764956487, -66.74601908977745, 1.2835009410381986]
other derivatives =  [ 65.11651736  -0.47871617  21.70703374  51.90098091  14.06021956
  36.92808241 116.52491412]
Current x_clock array =  [-0.69943565 -0.81930739 -0.52167694  0.62789289 -2.2858857  -0.05281198
 -0.45764694  0.22665484 -0.26105574 -0.44275246]
log likelihood =  -9437.21394353933
Lr derivatives =  [95.4504299166941, 19.066892799507073, 45.86873952897014]
other derivatives =  [146.63832735  -7.91125422  -7.58413807  25.20184717  35.95181253
  13.77715671  78.56809862]
Current x_clock array =  [-0.68229436 -0.82919594 -0.53172924  0.52789453 -2.28241264 -0.11940563
 -0.65534794  0.18341606 -0.10242111 -0.41064219]
log likelihood =  -9416.90588241358
Lr derivatives =  [53.09336301100045, 36.050603173478024, 29.386353792889643]
other derivatives =  [ 94.14023953  27.99421236  48.1177085    9.48787419  14.98706489
 -12.9707696   34.55143087]
Current x_clock array =  [-0.69568543 -0.80936178 -0.51802479  0.42892265 -2.33757465 -0.17904158
 -0.89422888  0.11768769  0.         -0.42863116]
log likelihood =  -9424.02930371317
Lr derivatives =  [-31.642622107353972, -22.351163495083153, -38.063871928626234]
other derivatives =  [  22.74618782  -65.55310756 -251.82766694   12.27177017  -39.02964228
  -27.81755938    4.29373887]
Current x_clock array =  [-0.70362227 -0.85975654 -0.61429039  0.35189742 -2.41980127 -0.1830994
 -1.11744044  0.06100664  0.         -0.46449215]
log likelihood =  -9413.35685615826
Lr derivatives =  [21.209882393474537, 14.486930442527925, 5.341843996304094]
other derivatives =  [ 69.26012247  -6.75643605 -73.06391853  10.3576167   -4.9434503
 -18.71178392  22.74495637]
Current x_clock array =  [-0.69849686 -0.82721287 -0.5521245   0.40163837 -2.3667014  -0.18047896
 -0.97329605  0.09760983  0.         -0.44133403]
log likelihood =  -9410.473369137497
Lr derivatives =  [-14.698266243286579, -6.974552903472698, -20.837665896985552]
other derivatives =  [ -2.05773904  -9.96212839 -10.26142309   2.60757224 -10.69328565
 -26.22274042  12.42739184]
Current x_clock array =  [-0.71616648 -0.82398925 -0.53586512  0.36112273 -2.36073648 -0.18681858
 -1.05224334  0.0661464   0.         -0.45004186]
log likelihood =  -9409.769264980128
Lr derivatives =  [-12.083894963280226, -3.7021263611164343, -19.095086557616092]
other derivatives =  [-13.21500531  -5.22931805  -0.36485653   0.15114347  -8.16034494
 -26.40786261  11.17832304]
Current x_clock array =  [-0.71949767 -0.82073284 -0.53336932  0.35075122 -2.35428266 -0.17776186
 -1.07525805  0.06363757  0.         -0.44302578]
log likelihood =  -9406.58761397195
Lr derivatives =  [5.894693608384589, 20.130216641867257, -2.3631760908047017]
other derivatives =  [-38.33022674  10.53321648  26.4683822  -11.97501297   0.61526573
 -24.12206049   5.45934357]
Current x_clock array =  [-0.72783762 -0.81086006 -0.52743227  0.29444754 -2.33317233 -0.09996086
 -1.23182247  0.05181063  0.         -0.3927016 ]
log likelihood =  -9403.541538688674
Lr derivatives =  [5.525485055238082, 13.525396857801848, 0.13892702109896327]
other derivatives =  [-34.09528654  13.55209133  46.86779903 -20.45841575   3.06683544
 -18.20147372   3.85405249]
Current x_clock array =  [-0.72717909 -0.80676825 -0.5241745   0.25639309 -2.30412665  0.01211761
 -1.38171791  0.03798847 -0.03918604 -0.34074677]
log likelihood =  -9400.069721286467
Lr derivatives =  [23.61077716989203, 17.966542385543505, 27.07970248084658]
other derivatives =  [-52.22034815  24.98483445  -7.12669862 -14.74356395  -5.37998814
  -1.02310878   5.34481993]
Current x_clock array =  [-0.73172324 -0.80072563 -0.53851349  0.26781229 -2.28493906  0.25031778
 -1.6621243   0.04062318 -0.10201754 -0.24783651]
log likelihood =  -9398.647971333008
Lr derivatives =  [-8.31758187215871, -13.902342465912406, 10.438978616491074]
other derivatives =  [ 26.48807094 -15.91239925  35.17380355 -13.74300518  -8.3863871
   1.68296174   4.40284843]
Current x_clock array =  [-0.70957688 -0.82076282 -0.53012032  0.2870694  -2.25016194  0.35663812
 -1.79751384  0.00960795 -0.13427005 -0.23220274]
log likelihood =  -9398.01279294611
Lr derivatives =  [-2.1142192847637604, -9.218836198523173, 7.441448314960413]
other derivatives =  [ 1.23253794e+01 -7.53318818e+00  3.48678805e+00 -8.43412818e+00
 -9.22108947e+00  1.12049747e-03  3.41622848e+00]
Current x_clock array =  [-0.71297183 -0.81708043 -0.53760233  0.30559341 -2.25652649  0.33485382
 -1.76960497  0.01619394 -0.12218879 -0.24905356]
log likelihood =  -9397.621082113572
Lr derivatives =  [1.201791626371219, -7.165097696387847, 4.400555907757012]
other derivatives =  [  5.74971818  -3.75405762 -12.82254379  -2.75666389  -8.12558509
  -0.88720299   2.18184564]
Current x_clock array =  [-0.71434887 -0.81514301 -0.54157402  0.33064041 -2.24801029  0.3452435
 -1.78351357  0.01534143 -0.114047   -0.2597458 ]
log likelihood =  -9397.259274362961
Lr derivatives =  [2.879674968768497, -5.112846034759606, 0.8318087164524313]
other derivatives =  [  1.5900896   -0.23308166 -15.00441613   2.26766133  -4.26678483
  -1.96215478   0.38073696]
Current x_clock array =  [-0.7151479  -0.81227769 -0.54239705  0.3566112  -2.22464244  0.37773823
 -1.83232374  0.00578346 -0.10364818 -0.26792954]
log likelihood =  -9397.030367929241
Lr derivatives =  [1.8036768593138435, -1.1340502193961566, 0.7464492571766398]
other derivatives =  [-0.95058749 -2.13813291 -5.90898708  2.53086728  0.23782242 -2.19133108
 -0.73066404]
Current x_clock array =  [-0.71554507 -0.81125991 -0.54133565  0.3626852  -2.19610408  0.42281711
 -1.88944468 -0.01311181 -0.08950992 -0.26931608]
log likelihood =  -9397.015453243246
Lr derivatives =  [-0.5754637678080057, -0.9315978360725585, 0.03403071921088119]
other derivatives =  [ 8.29553574e+00  9.42118277e+00  3.12492921e+00  1.33268441e+00
 -5.14155073e-04 -1.55809539e+00 -9.92527944e-01]
Current x_clock array =  [-0.71338257 -0.80377588 -0.53989023  0.35824824 -2.18637433  0.4507698
 -1.9176905  -0.02383257 -0.08411332 -0.26998444]
log likelihood =  -9396.981988920312
Lr derivatives =  [-1.962937019512986, -1.34600835975656, 0.3064166624439779]
other derivatives =  [-2.25309122  0.51526695  2.43704562  0.76178367  0.24189593 -1.40083648
 -0.85406431]
Current x_clock array =  [-0.71584349 -0.80835071 -0.54009398  0.35582769 -2.18567402  0.45247469
 -1.91857411 -0.02455277 -0.08431905 -0.26873948]
log likelihood =  -9396.97608058656
Lr derivatives =  [-0.7199559220030869, -0.336289615957385, 1.0288136328622735]
other derivatives =  [-0.20268271 -0.09583164  1.01443584  0.50784001  0.33817683 -1.35201481
 -0.784147  ]
Current x_clock array =  [-0.71535561 -0.8089319  -0.54043146  0.35467775 -2.18715379  0.4500998
 -1.91372614 -0.02319526 -0.08358634 -0.26919861]
log likelihood =  -9396.968330761147
Lr derivatives =  [0.13919569881821037, 0.6498632119915695, 1.4394154795192469]
other derivatives =  [ 1.26665145 -0.30993215 -0.10119766 -0.04477079  0.14846986 -1.18235403
 -0.71836737]
Current x_clock array =  [-0.71502603 -0.80920735 -0.54075106  0.35205171 -2.1888171   0.45015003
 -1.90789864 -0.02250256 -0.0814542  -0.271237  ]
log likelihood =  -9396.958428550111
Lr derivatives =  [0.4619066097549407, 1.0720253004766946, 1.0009715538916573]
other derivatives =  [ 1.43682882 -0.05019683 -1.21421544 -0.68217923 -0.40570152 -0.8558618
 -0.67187965]
Current x_clock array =  [-0.71503115 -0.80914167 -0.54108407  0.34884269 -2.1906881   0.45347031
 -1.90017188 -0.0220237  -0.07813774 -0.27596129]
log likelihood =  -9396.949423866587
Lr derivatives =  [1.6688228161963496, 1.4181330423014002, 0.7334374114042226]
other derivatives =  [-0.04313551  0.47866888  0.34962432 -0.82845509 -0.26461865 -0.34952791
 -0.5234646 ]
Current x_clock array =  [-0.71552589 -0.8089558  -0.54052169  0.3486742  -2.190731    0.45904446
 -1.89063289 -0.0203218  -0.07559259 -0.28117805]
log likelihood =  -9396.951467895238
Lr derivatives =  [-0.5875428106924634, -1.4473853907869423, -2.301620435006376]
other derivatives =  [ 3.45402805 -2.13337262 -3.01008185 -0.27042915 -0.71860055  0.19818253
 -0.50603026]
Current x_clock array =  [-0.71441868 -0.81008356 -0.54175337  0.35152825 -2.18694199  0.47288343
 -1.88527698 -0.0227909  -0.07278664 -0.28906996]
log likelihood =  -9396.94539545014
Lr derivatives =  [0.6589521079318947, 0.1349617900883543, -0.6337133543062256]
other derivatives =  [ 1.52551729 -0.69433736 -1.16243245 -0.57836951 -0.46730507 -0.10624171
 -0.51626344]
Current x_clock array =  [-0.71502898 -0.80946193 -0.54107446  0.34995507 -2.18903052  0.46525528
 -1.8882292  -0.02142991 -0.0743333  -0.28471987]
log likelihood =  -9396.942712404132
Lr derivatives =  [0.675531080576194, -0.15843757725737762, -0.6443231077481008]
other derivatives =  [ 0.05685797 -0.09200812 -0.27541319 -0.27589704 -0.44613701  0.08213465
 -0.3966629 ]
Current x_clock array =  [-0.71542076 -0.8090776  -0.54077669  0.35146948 -2.18834285  0.4668165
 -1.88477677 -0.02126187 -0.07441937 -0.28540071]
log likelihood =  -9396.940804134492
Lr derivatives =  [0.48321217279262463, -0.3872456591522523, -0.4331111706201576]
other derivatives =  [-0.44664921  0.03744208  0.59313606  0.02616798 -0.40241598  0.21265441
 -0.25054709]
Current x_clock array =  [-0.71553819 -0.80893726 -0.54053145  0.35304649 -2.18747842  0.46717768
 -1.88098252 -0.02160139 -0.07460763 -0.28524807]
log likelihood =  -9396.939127222468
Lr derivatives =  [0.421184327453485, -0.23791497719780796, 0.05237915184226495]
other derivatives =  [-1.14952491  0.44739136 -0.43230284  0.33376637 -0.32830556  0.30067895
 -0.09099222]
Current x_clock array =  [-0.71567911 -0.80857321 -0.54088838  0.35442966 -2.18608019  0.46709558
 -1.87583818 -0.02262851 -0.0740214  -0.28504372]
log likelihood =  -9396.938070147458
Lr derivatives =  [0.1097769832643154, -0.10734513796332046, 0.508645464004061]
other derivatives =  [ 0.74310265 -0.3655332   1.54393456  0.34761979 -0.17889152  0.30610317
  0.13199477]
Current x_clock array =  [-0.71518174 -0.80900857 -0.54038772  0.35511243 -2.18572772  0.46366772
 -1.86468956 -0.02328    -0.07290342 -0.28567551]
log likelihood =  -9396.937100058
Lr derivatives =  [0.1512179751207956, 0.0006231431627455042, 0.3984398385924973]
other derivatives =  [ 0.28172144 -0.09896758  0.12220153  0.23452958 -0.22090483  0.21803135
  0.06882095]
Current x_clock array =  [-0.71529154 -0.80883743 -0.54081353  0.35433308 -2.18588501  0.46321427
 -1.86532386 -0.02341433 -0.07255534 -0.28590792]
log likelihood =  -9396.93673279905
Lr derivatives =  [0.0908416918023498, 0.060901646657407466, 0.25943209619972973]
other derivatives =  [ 0.16358172 -0.06980918 -0.42873216  0.07391645 -0.21160329  0.12286546
  0.03431642]
Current x_clock array =  [-0.71531945 -0.80880065 -0.54099823  0.35353796 -2.18603714  0.46219599
 -1.86391672 -0.02357037 -0.07197985 -0.28649884]
log likelihood =  -9396.936558953887
Lr derivatives =  [-0.07669065086602522, -0.05251737120514341, 0.05014490317970276]
other derivatives =  [-0.02662819 -0.02787419 -0.20297921 -0.01382614 -0.11838248  0.03639798
  0.01317908]
Current x_clock array =  [-0.7153693  -0.8087334  -0.54096208  0.35324042 -2.18578397  0.46148081
 -1.86245496 -0.02378829 -0.07163707 -0.28703307]
log likelihood =  -9396.936536721554
Lr derivatives =  [0.09427521398585625, 0.03404115317798621, 0.02020508221926575]
other derivatives =  [ 0.18003448  0.09705582 -0.09120413 -0.04611502  0.03239828  0.00530417
  0.00487803]
Current x_clock array =  [-0.71532937 -0.80866468 -0.54093772  0.35323166 -2.18548563  0.46134064
 -1.86148683 -0.02373362 -0.07134371 -0.28746306]
log likelihood =  -9396.936525917929
Lr derivatives =  [-0.013445835975135267, -0.02666628528380715, -0.005169542672208094]
other derivatives =  [-0.07930612 -0.07002745  0.03419336 -0.02356501  0.02724706 -0.00069122
  0.00523048]
Current x_clock array =  [-0.71538799 -0.80874296 -0.54090206  0.35334544 -2.18542588  0.46132062
 -1.86159951 -0.0238171  -0.07139585 -0.28738502]
      fun: 9396.936525917929
 hess_inv: <10x10 LbfgsInvHessProduct with dtype=float64>
      jac: array([-0.07930612, -0.07002745,  0.03419336, -0.02356501,  0.02724706,
       -0.00069122,  0.00523048, -0.01344584, -0.02666629, -0.00516954])
  message: 'CONVERGENCE: REL_REDUCTION_OF_F_<=_FACTR*EPSMCH'
     nfev: 37
      nit: 34
     njev: 37
   status: 0
  success: True
        x: array([-0.71538799, -0.80874296, -0.54090206,  0.35334544, -2.18542588,
        0.46132062, -1.86159951, -0.0238171 , -0.07139585, -0.28738502])
