number of sites to be analyzed:  204
log likelihood =  -5414.0506457375295
Edge derivatives =  [23.420954657271995, 28.408083963800898, 25.962571364068413, 26.220956343669773, -24.00337636670541, -17.30249537792591, 93.60917392144366, 95.75232250733498, 7.608837875763444, 13.743518428665963, -10.424670468529664, 25.133306694245043, -1.2001426351606277, -2.8679050325751994, 35.61813850661588, 27.231130068392577]
other derivatives: [ -38.07125813   69.6990428  -134.72615319  132.43081321 -526.90711254
    0.        ]
Current x array =  [-0.67090503 -0.78339406 -0.4919939   0.18232156 -0.10536052  0.33647224
 -2.30258509 -2.30258509 -2.30258509 -2.30258509 -2.30258509 -2.30258509
 -2.30258509 -2.30258509 -2.30258509 -2.30258509 -2.30258509 -2.30258509
 -2.30258509 -2.30258509 -2.30258509 -2.30258509]
log likelihood =  -4988.272152905625
Edge derivatives =  [23.74861872319578, 27.937122280285152, 27.000289306327485, 29.0096316296622, -21.215716736505613, -14.237986371222147, 95.50169294432118, 96.57877251157485, 8.99257766604273, 13.900086296782824, -7.71225693264481, 27.29626686116044, 0.33965292174232015, -1.5046713338228626, 36.580578765640695, 28.181202642945326]
other derivatives: [ 114.30227732   60.99760867   67.98017785   84.95025031 -324.34812356
    0.        ]
Current x array =  [-0.74046822 -0.78205401 -0.73816334  0.20026026 -1.06811663  0.33647224
 -2.29106911 -2.2506783  -2.29106911 -2.29106911 -2.34644367 -2.33419993
 -2.29106911 -2.29106911 -2.29106911 -2.29106911 -2.32163288 -2.29106911
 -2.30477797 -2.30782528 -2.29106911 -2.29106911]
log likelihood =  -5068.994317957806
Edge derivatives =  [26.694913613711737, 27.5723630417563, 28.421714833887666, 31.611618134023534, -14.025137967616349, -11.679013153943867, 90.21141000836484, 93.45010823969338, 9.109500481551095, 17.142696713274727, -2.5843602726275763, 26.843842140309807, 5.849294164938167, -1.415499783783162, 34.49572741758813, 26.83379502380316]
other derivatives: [-3050.38791248   -97.1991476   -169.90283802   -47.7679414
    47.10668662     0.        ]
Current x array =  [-0.18453268 -0.65812724 -0.49891308  0.30686755 -3.16335461  0.33647224
 -2.21111324 -2.08405027 -2.20141384 -2.19180678 -2.47496388 -2.42142384
 -2.03591849 -2.036289   -2.24334777 -2.23503944 -2.36973738 -2.19761034
 -2.30401229 -2.31789056 -2.17880492 -2.19884275]
log likelihood =  -4745.8303588935405
Edge derivatives =  [26.766228492098193, 27.256169160682933, 28.810644182020187, 30.827186824409477, -17.168532536532386, -12.374369159878489, 93.00156068871308, 94.74131029815828, 9.809512157025836, 14.582045900330986, -4.329921113995181, 26.418915931444637, 2.6424232636375415, -0.8205709589836465, 35.58498579741395, 27.779955611979336]
other derivatives: [-4.25364990e+02  2.28736099e-01 -7.12815654e+00  3.82933686e+01
 -1.08829788e+02  0.00000000e+00]
Current x array =  [-0.46321479 -0.72024986 -0.61884563  0.25342692 -2.11304337  0.33647224
 -2.25119391 -2.16757839 -2.24635668 -2.24156549 -2.41053864 -2.37769981
 -2.16382165 -2.16400643 -2.26726976 -2.26312627 -2.34562332 -2.24445981
 -2.30439611 -2.31284499 -2.23508127 -2.24507444]
log likelihood =  -4647.9530888094905
Edge derivatives =  [30.12906243596357, 28.630532154580788, 33.1843086565855, 31.76180148099544, -11.72447579467663, -6.929284622800338, 90.55232687538656, 93.79633815280067, 14.255406513473087, 16.78361293953924, 0.5747635733640326, 28.46806706686613, 4.723849530555521, 4.7777899937947605, 37.115968299705536, 30.784111962670785]
other derivatives: [189.59521549  -6.10135248  24.93111606  18.61450164  33.45245206
   0.        ]
Current x array =  [-0.77512137 -0.69626414 -0.53588906  0.30011409 -3.00103498  0.33647224
 -2.19484596 -2.07396872 -2.18476179 -2.17406911 -2.47799551 -2.42433218
 -1.98474243 -1.98362579 -2.23838712 -2.22732719 -2.36828352 -2.18411315
 -2.30086842 -2.31746368 -2.15999354 -2.18418934]
log likelihood =  -4612.613081286088
Edge derivatives =  [30.21865847186904, 28.2389607806324, 32.85308479584754, 30.741197340544723, -11.255702948175323, -7.153697204760077, 86.73486455084088, 90.53544948195142, 14.012807824950727, 16.51568014600261, 0.7305147645323765, 27.406565699189077, 4.818309241580637, 4.684150424051068, 35.67389120039435, 29.787477672315745]
other derivatives: [ 91.62192327 -15.10993297 -21.79038165  21.69078834  37.46633699
   0.        ]
Current x array =  [-0.70496298 -0.69325308 -0.48574265  0.32696019 -3.06096615  0.33647224
 -2.16316259 -2.04078674 -2.14984219 -2.13905251 -2.4950823  -2.43523818
 -1.88397047 -1.88019237 -2.22389343 -2.20941667 -2.37047982 -2.15283927
 -2.29669032 -2.31453543 -2.11930682 -2.15105149]
log likelihood =  -4533.075921552196
Edge derivatives =  [27.584329616625624, 25.214347183916566, 28.544363645789524, 23.83607431492477, -10.223819186818055, -8.478680629704805, 62.74545980596987, 68.99616819851836, 11.786620684847303, 14.603985668294262, 0.31812521396469223, 22.18885697815899, 4.941757148974566, 3.4246630804174334, 27.542650315847276, 23.652894384621465]
other derivatives: [-413.7162432   -61.73689962 -177.69547776    3.1038453    45.57784275
    0.        ]
Current x array =  [-0.49182721 -0.71573131 -0.39125174  0.47072947 -3.22210133  0.33647224
 -1.99748905 -1.87386111 -1.96859364 -1.96139497 -2.57599753 -2.48779465
 -1.37548654 -1.3550865  -2.14872106 -2.11729117 -2.3776441  -1.99449143
 -2.27359395 -2.2969487  -1.91329803 -1.98211454]
log likelihood =  -4466.159011727136
Edge derivatives =  [25.83380504434087, 23.639746865073455, 26.140914814509223, 19.793850502123785, -9.74608001610151, -8.080456884996554, 48.40018653598996, 55.31115979682503, 11.288393810101303, 13.583470969736632, 0.28935164923247303, 20.08696684627051, 4.868509369973541, 3.714050255837207, 23.87615322019452, 20.899109127499113]
other derivatives: [-288.74534928  -58.26102279 -115.31683322   -3.26536338   44.75762858
    0.        ]
Current x array =  [-0.53296746 -0.75302609 -0.40425079  0.53332061 -3.24724111  0.33647224
 -1.9084744  -1.78609676 -1.87174513 -1.86824073 -2.61708611 -2.51496537
 -1.1109409  -1.08011324 -2.10856243 -2.06805893 -2.38024684 -1.91089331
 -2.26051692 -2.28688215 -1.80514494 -1.89298157]
log likelihood =  -4355.2300874704615
Edge derivatives =  [16.925057346545902, 15.412692325422805, 10.610683119085897, -1.3364755888093223, -7.963347545918945, -7.178015205205063, -31.954843106039363, -22.287015917985705, 7.693655515301832, 7.02994222869796, -1.0348759431542431, 4.914313818329265, 4.119627706662676, 3.8211688399982764, 0.4744751728820168, 3.9857069531534703]
other derivatives: [-80.04570191  -5.52639358  20.71150448 -12.55023744 -23.42218918
   0.        ]
Current x array =  [-0.627567   -0.96969531 -0.38825638  0.82525086 -3.19943424  0.33647224
 -1.46378985 -1.35634233 -1.39103092 -1.41594744 -2.81472843 -2.64664136
  0.16405107  0.25326773 -1.90891192 -1.82390784 -2.38963987 -1.49885491
 -2.19338942 -2.23355941 -1.27549188 -1.45505813]
log likelihood =  -4346.6650144641335
Edge derivatives =  [18.566500412250612, 16.445498605747474, 12.924273686435425, 1.6806438694100765, -7.04167573241328, -6.422268479107605, -15.898299858240508, -7.792614905800576, 8.650821853318016, 7.932853211932286, -0.20415676894376653, 6.417416023002974, 4.03874108869326, 4.664199878786978, 4.1103083112428465, 6.586773377837854]
other derivatives: [  -5.49863944    8.5861102  -134.37115285   -1.12235648    1.27498081
    0.        ]
Current x array =  [-0.68098632 -0.97866842 -0.32435063  0.75472995 -3.29519241  0.33647224
 -1.44477993 -1.33871617 -1.39469922 -1.45690676 -2.82500281 -2.65916689
 -0.04429087  0.07147287 -1.89869029 -1.82019132 -2.39180328 -1.51598255
 -2.18525467 -2.22435621 -1.31663907 -1.47702648]
log likelihood =  -4341.8281851496795
Edge derivatives =  [17.123467422776844, 15.799451471862564, 12.792911260895497, 3.6925395291472514, -7.417915900451692, -6.620222949214692, -5.811884190838229, 0.543033587303976, 7.64459245589901, 7.581563991405118, -0.46301825427977916, 7.737706469059862, 3.6476189882448953, 4.043231144269509, 5.948192521298708, 7.363037176033994]
other derivatives: [34.05391635 16.75933163 22.16623488 -6.16851048 15.03603767  0.        ]
Current x array =  [-0.69147603 -0.97507287 -0.39121921  0.69923412 -3.30036334  0.33647224
 -1.44585935 -1.34229204 -1.41220221 -1.49900701 -2.82283376 -2.661524
 -0.22173007 -0.09042134 -1.89803836 -1.82558506 -2.39144408 -1.54125838
 -2.18170927 -2.2188631  -1.36111987 -1.50572957]
log likelihood =  -4338.837649255498
Edge derivatives =  [15.978674146959523, 14.877655129159239, 11.422929381927585, 2.8290847410031676, -7.256454082007153, -6.603492384226843, -8.375957196007214, -2.6034504038454798, 7.03605325333287, 6.762655274998077, -0.6342596982688832, 6.380523540789706, 3.3757189714176215, 3.827438265995443, 4.275463310835059, 6.007110947140048]
other derivatives: [32.23507429 17.51738637 16.743591   -3.74438514  9.74875031  0.        ]
Current x array =  [-0.69234083 -0.98241392 -0.38585631  0.7009373  -3.28818258  0.33647224
 -1.39930065 -1.29927281 -1.37150056 -1.47526641 -2.84248235 -2.67695295
 -0.18731591 -0.04129096 -1.87687453 -1.80301158 -2.39229348 -1.51212659
 -2.17263238 -2.21007317 -1.33057984 -1.47596382]
log likelihood =  -4328.3665176707655
Edge derivatives =  [3.954224186344168, 6.104474691973312, 1.476043040769734, -0.45703992858003056, -6.095045352242916, -6.511344919517879, -10.332851033519992, -10.61094067706309, 1.0108852278345037, -1.2592603221368452, -1.895374297265913, -3.3357676730563313, 0.18600509576460328, 0.9966716679790706, -5.801989939454751, -3.310625401249225]
other derivatives: [ 25.56002437 -70.88040093 -21.67039383   6.28476937  -5.90934314
   0.        ]
Current x array =  [-0.7123607  -0.86966716 -0.35708317  0.68861099 -3.26060127  0.33647224
 -1.01693865 -0.9412921  -1.07901851 -1.35962066 -3.01738151 -2.82876413
 -0.23351573  0.04375578 -1.707239   -1.63586671 -2.40777726 -1.33592527
 -2.09457242 -2.12800649 -1.18545624 -1.30236018]
log likelihood =  -4322.0962095221885
Edge derivatives =  [2.025554429911206, 4.487256128508031, 0.06949569788265055, -0.011641442040923662, -5.1757825739995305, -5.852843023855872, -7.318008901425932, -7.651978350244634, -0.5860024693558095, -2.2911655674231675, -1.6407208182920974, -5.63347890687156, -0.3754258288328222, 0.7268020053203237, -6.6989306403275535, -4.952959288969559]
other derivatives: [ 23.53288619  10.8433368  -17.44361725  14.17042404 -10.7392489
   0.        ]
Current x array =  [-0.69954627 -1.0105464  -0.35385592  0.68096875 -3.27241381  0.33647224
 -0.8656188  -0.79455677 -0.96744448 -1.32202671 -3.09590509 -2.89971722
 -0.29371249  0.03559329 -1.64133132 -1.57617354 -2.41760474 -1.27859982
 -2.06444814 -2.09492158 -1.146992   -1.24655459]
log likelihood =  -4320.024074650139
Edge derivatives =  [1.4691594848421585, 4.028025937977286, 0.5026249896360654, 0.8991998956382534, -4.9917884209673575, -5.69410720718035, -2.888224073949684, -2.588900417700312, -0.8947388418747363, -2.3674402226817928, -1.4072174222541594, -4.870721428602506, -0.5538064945545745, 0.4233463998768735, -5.2807554659153055, -4.1810880343694725]
other derivatives: [ 8.57055602  7.22399278  2.22763447 11.29566226 -2.63020932  0.        ]
Current x array =  [-0.68697203 -1.00586626 -0.36160033  0.68871678 -3.30120234  0.33647224
 -0.84051776 -0.76440011 -0.95799379 -1.33089897 -3.11901354 -2.92496623
 -0.37465378 -0.03517931 -1.6335822  -1.57475424 -2.423326   -1.29097016
 -2.06006498 -2.08726534 -1.17139496 -1.25947575]
log likelihood =  -4318.564922747506
Edge derivatives =  [0.05114226972424085, 2.805532265354613, 0.521108405811849, 1.5973718770377685, -4.531715328548814, -5.309452846144144, 1.4815694003790214, 2.563957397438588, -1.5677916666746627, -2.86418209623948, -1.0285389789246666, -4.535648587905811, -0.996840340252029, -0.1150441078740767, -3.962991772701304, -3.6714647745118536]
other derivatives: [-8.51605     0.29103204  4.50121843  6.75038791  2.74382645  0.        ]
Current x array =  [-0.67490213 -1.00007776 -0.35996347  0.72351403 -3.32823391  0.33647224
 -0.7666609  -0.68084435 -0.91255587 -1.32339912 -3.17715243 -2.98461497
 -0.46699141 -0.10097095 -1.60850815 -1.56060874 -2.43493996 -1.29579658
 -2.04823946 -2.06906732 -1.19311741 -1.26340125]
log likelihood =  -4317.641233032611
Edge derivatives =  [-0.6898978045088467, 1.9608789682260261, 0.38128494141322994, 1.6850814032164205, -4.125633384793763, -4.891125197756763, 2.4559964494148248, 3.8145146826597354, -1.6224451637980664, -2.7280444764942633, -0.6152002434339938, -3.739890255329166, -1.1499301776278692, -0.35981876201386787, -2.7298353661554158, -2.8676918858542333]
other derivatives: [-10.17721115  -1.67759375   4.2478232    0.80045083   2.70556076
   0.        ]
Current x array =  [-0.67291571 -1.00118738 -0.35626171  0.77301828 -3.33284286  0.33647224
 -0.71682517 -0.61564644 -0.87647948 -1.3057709  -3.23064601 -3.04076519
 -0.49416682 -0.10737129 -1.59668299 -1.55935908 -2.44536867 -1.30884542
 -2.04421864 -2.05815999 -1.21150475 -1.27206518]
log likelihood =  -4316.09900689179
Edge derivatives =  [-1.7686070872690123, 0.18795809829765536, -0.3507269285585274, 1.1457415671975568, -3.2329968373920503, -3.8515982178749715, 2.300647072189635, 3.0269749656828204, -1.035196033721083, -1.2817520113742624, 0.34328405077074786, -0.593673855551412, -0.9659771000725089, -0.5522764534708938, 0.4068774706640128, -0.35093280185141296]
other derivatives: [-2.08245001 -1.55061414  1.91731033 -3.51302151  1.59661722  0.        ]
Current x array =  [-0.67748739 -1.0057092  -0.35073355  0.82065162 -3.34674433  0.33647224
 -0.64129201 -0.48751806 -0.81090558 -1.25583885 -3.3639635  -3.18583632
 -0.50785274 -0.07262781 -1.59126214 -1.58206028 -2.46628545 -1.36108645
 -2.04998225 -2.04424816 -1.25909743 -1.30744388]
log likelihood =  -4315.549939892926
Edge derivatives =  [-2.440179732732722, -1.5411731172305796, -1.6075190902086056, 0.0009456317338135348, -2.4581152909021147, -2.9542023719146204, 0.12922175603591224, -0.6808143025591042, -0.46092054337331834, 0.11606996480383658, 0.9283219122003289, 1.3989109245037539, -0.4797325793180397, -0.6359504271436496, 1.565226522583885, 0.8100500673545314]
other derivatives: [-31.43847243  -3.89627182 -15.24275649  -0.93548078  -1.43252111
   0.        ]
Current x array =  [-6.60188046e-01 -1.00998410e+00 -3.44241215e-01  8.34440894e-01
 -3.36517795e+00  3.36472237e-01 -5.91168415e-01 -3.72738582e-01
 -7.53212641e-01 -1.19469459e+00 -3.51780111e+00 -3.35484949e+00
 -4.81734161e-01  1.71530617e-03 -1.59143429e+00 -1.60492618e+00
 -2.47692129e+00 -1.39292271e+00 -2.06317727e+00 -2.03759034e+00
 -1.27520453e+00 -1.32460006e+00]
log likelihood =  -4315.085488797182
Edge derivatives =  [-2.201657852657478, -1.8503270210790244, -1.6767799321923142, -0.20177449906306427, -2.229199317604878, -2.630340478440823, -0.23354182151398983, -1.5523050429519383, 0.06526876291360156, 0.9024545562710808, 1.139325830730917, 2.6100603287067825, -0.21018583509692054, -0.45593046960447237, 2.3750845290471223, 1.6820888527099844]
other derivatives: [-0.83929899 -0.77167195 -1.20018103 -0.88467095 -0.28126228  0.        ]
Current x array =  [-0.67886104 -1.01134607 -0.34758959  0.82808996 -3.37694139  0.33647224
 -0.59238784 -0.34887231 -0.74698706 -1.17800202 -3.56732137 -3.41135269
 -0.47047648  0.02378822 -1.59953677 -1.62066443 -2.47917957 -1.41134627
 -2.07199469 -2.03951049 -1.28616349 -1.33794144]
log likelihood =  -4314.971711758155
Edge derivatives =  [-1.9692228704704873, -1.7855330204127182, -1.6779809397202523, -0.2730139432033948, -2.2029872761360085, -2.5790261596695285, -0.4889552108360268, -1.9862810328695162, 0.20479693358400625, 1.0457706780219858, 1.06807311906167, 2.5843429100939965, -0.07314289783664021, -0.34558814294239193, 2.0860081685593657, 1.571516291222976]
other derivatives: [1.51421682 0.15188153 0.54010616 0.61119499 0.34107476 0.        ]
Current x array =  [-0.68041889 -1.01191346 -0.3488027   0.81556421 -3.38124538  0.33647224
 -0.60541225 -0.35561072 -0.75372804 -1.1759355  -3.57731733 -3.42367661
 -0.46264022  0.03021336 -1.60394205 -1.62402069 -2.47584757 -1.40920089
 -2.07591505 -2.04283859 -1.28064899 -1.33652243]
log likelihood =  -4314.6097681612355
Edge derivatives =  [-1.1288696207823066, -1.6132497886658763, -1.4497226985535012, -0.3896293096525185, -2.0181129108515448, -2.3132600434071677, -0.7126124620561982, -2.448170236203425, 0.6773984356898877, 1.4928101291522529, 0.8409148869544208, 2.279606303027262, 0.3852907271012757, 0.018198432909990014, 1.0233515323598197, 1.1332264985933862]
other derivatives: [ 4.55258942  1.51477738 -5.34885658  4.29551164  2.55447465  0.        ]
Current x array =  [-0.68300088 -1.01208074 -0.34820698  0.78645081 -3.39524774  0.33647224
 -0.64568644 -0.3675494  -0.77469291 -1.16574946 -3.63862437 -3.49593635
 -0.45142313  0.03771266 -1.61555128 -1.63206791 -2.46279951 -1.39653519
 -2.08901252 -2.05267374 -1.26042438 -1.32936158]
log likelihood =  -4315.783050851162
Edge derivatives =  [-1.4155659835408545, -3.3719227001956993, -2.864341897242744, -1.64273547850272, -1.6073720668157268, -1.745511212555043, -2.6034367227902364, -5.628329881142412, 0.09601275601293785, 1.065854909660459, -0.15498417309323315, -0.2038912205016558, 1.0253289716920182, -0.030676209428302403, -3.6035298159543565, -1.9115457434977863]
other derivatives: [-8.1179378  -1.81326816 80.94919303  6.33383934  3.40523311  0.        ]
Current x array =  [-0.67078289 -1.00775016 -0.38590365  0.74789889 -3.41007839  0.33647224
 -0.68917135 -0.32616874 -0.77973608 -1.10787538 -3.87184845 -3.75978487
 -0.41919501  0.08294994 -1.619523   -1.62976383 -2.43078601 -1.3390929
 -2.11377162 -2.06485352 -1.18977453 -1.28777113]
log likelihood =  -4314.45520060355
Edge derivatives =  [-1.1837887447473416, -2.036049980188955, -1.7829477735518358, -0.6812322832809952, -1.9005254569366559, -2.1478295323719307, -1.1550292542274545, -3.2155752713142296, 0.5469345790755131, 1.4016704988768807, 0.6007197408034776, 1.7060517300667275, 0.5551847066501846, 0.011654358353834104, -0.0932891563633913, 0.3936288114180879]
other derivatives: [ 1.56257374  0.75175001 17.9434137   4.78576567  2.82871084  0.        ]
Current x array =  [-0.67993808 -1.01099515 -0.35765677  0.77678663 -3.39896548  0.33647224
 -0.65658723 -0.3571761  -0.77595713 -1.1512416  -3.69708893 -3.56207783
 -0.44334419  0.04905273 -1.61654691 -1.63149032 -2.45477438 -1.38213557
 -2.09521913 -2.05572696 -1.24271389 -1.31893569]
log likelihood =  -4314.092970516011
Edge derivatives =  [-0.4479504187988226, -1.954816187059561, -1.3940825135134498, -0.6704791272945526, -1.6932201942414349, -1.8860377859327444, -0.7733282770418239, -2.6796703866636356, 0.8600443828098965, 1.59554858304771, 0.35081350454263593, 0.9518453104015202, 0.9134903617617613, 0.2976782905658205, -1.3576953815134196, -0.2526642987334081]
other derivatives: [2.1726255  0.12715883 8.05175841 6.08453593 4.73360157 0.        ]
Current x array =  [-0.6810449  -1.00903627 -0.35461854  0.76626432 -3.40891302  0.33647224
 -0.68872604 -0.35841026 -0.79306475 -1.139026   -3.77984743 -3.65753117
 -0.44735962  0.04157385 -1.62216683 -1.63259438 -2.44035358 -1.36119087
 -2.10586781 -2.06292627 -1.21993867 -1.30716419]
log likelihood =  -4313.559339725886
Edge derivatives =  [0.41470007474919063, -2.131914053628415, -0.8224816483699245, -0.6367314224159395, -1.3377871788550757, -1.4680129265627249, 0.11343879457453654, -1.2956823768224626, 1.149870042621104, 1.6950143549036192, 0.03013698604561274, -0.4134534237175429, 1.3420041159098859, 0.605333030601042, -3.074184831353694, -1.1968895436566256]
other derivatives: [ 1.92818425  0.43407145 -3.18109687  4.75829438  6.12828127  0.        ]
Current x array =  [-0.6810762  -1.00994075 -0.35014589  0.77655998 -3.41394008  0.33647224
 -0.72298323 -0.33905598 -0.80967162 -1.11239566 -3.94604917 -3.84664386
 -0.46560156  0.02178092 -1.62345146 -1.62812903 -2.4185354  -1.32605967
 -2.11942563 -2.06972785 -1.18963788 -1.28896757]
log likelihood =  -4313.119518296743
Edge derivatives =  [0.8778207887481027, -2.41918388031019, -0.46306341047564153, -0.6909570262535929, -1.0751259179880857, -1.1592687013818666, 0.6457448170138563, -0.29616055316169376, 1.1784442283964027, 1.5066556420382464, -0.2030800919753936, -1.575033453588921, 1.5522350962614855, 0.7319426193021783, -4.00930372386751, -1.7814957385931716]
other derivatives: [ 2.28242516  0.28466161 -6.83087364  1.30783883  5.05052837  0.        ]
Current x array =  [-6.80897841e-01 -1.00988616e+00 -3.48189349e-01  8.00649060e-01
 -3.39964365e+00  3.36472237e-01 -7.48993739e-01 -3.23434133e-01
 -8.24523592e-01 -1.08797326e+00 -4.10847668e+00 -4.03093730e+00
 -4.80983274e-01  2.01595602e-03 -1.62044927e+00 -1.61923365e+00
 -2.39963546e+00 -1.29859273e+00 -2.12726986e+00 -2.07327307e+00
 -1.17537538e+00 -1.27851647e+00]
log likelihood =  -4312.4359670909
Edge derivatives =  [1.6704733829414251, -2.007217239056826, 0.3547354589270999, -0.556521825527696, -0.8208778764351657, -0.8243145783346318, 1.6312022584840813, 1.6398566011984603, 0.9940893977243523, 0.9967586453934555, -0.4432331754130503, -1.9575464212036164, 1.6127660334631209, 0.7990834406255457, -3.126600990230124, -1.3497323666375356]
other derivatives: [ 1.49596235  1.90920177 -4.19104617 -1.41955206  4.02825891  0.        ]
Current x array =  [-0.67887358 -1.00735924 -0.35170498  0.80396921 -3.36129849  0.33647224
 -0.82064523 -0.37034582 -0.88460921 -1.07718688 -4.33014191 -4.28658031
 -0.5032932  -0.05173038 -1.62067575 -1.60474199 -2.36973627 -1.2842188
 -2.13025551 -2.08068694 -1.19839827 -1.29062743]
log likelihood =  -4313.729646043962
Edge derivatives =  [0.08780763860686272, -3.1357727419286614, -1.290318857464172, -3.3329369735082066, -0.4975038424922517, -0.4255932939457647, -2.9427691064216877, -4.402383424662325, -1.4492216227889474, -2.739783265024706, -1.3854891165085075, -4.551696365141443, 0.3821749307355343, -0.20852689561041304, -3.059902713356512, -2.622953478774722]
other derivatives: [ 11.68429571 -31.07394696 -23.86242249   1.18664866 -15.85055497
   0.        ]
Current x array =  [-0.693599   -0.94411322 -0.34892474  0.78334409 -3.21888921  0.33647224
 -0.87253123 -0.4228283  -0.9368889  -1.01824091 -4.87691142 -4.90331593
 -0.46129346 -0.03847214 -1.58068877 -1.53696961 -2.31511368 -1.24235182
 -2.10157327 -2.07191842 -1.23032759 -1.28454998]
log likelihood =  -4312.159330705766
Edge derivatives =  [1.2083066546449104, -2.338743675036391, -0.12460362160378738, -1.313176706237959, -0.6980180447502989, -0.668282182260463, 0.36075887054754585, -0.06728174703406126, 0.31427768842495485, -0.034704536863161106, -0.6908065032541391, -2.6388338064616383, 1.2649180695909967, 0.5097928408222449, -3.0876724118016208, -1.7009521850518974]
other derivatives: [ 4.72978354 -7.32001718 -9.89542423 -0.68595909 -1.62694187  0.        ]
Current x array =  [-0.68323912 -0.98860914 -0.35088074  0.79785463 -3.3190794   0.33647224
 -0.83602751 -0.38590493 -0.90010821 -1.05971158 -4.49223884 -4.4694196
 -0.49084184 -0.0477998  -1.60882109 -1.58464998 -2.35354269 -1.27180679
 -2.12175229 -2.0780874  -1.20786413 -1.28882569]
log likelihood =  -4311.748949902796
Edge derivatives =  [1.6994719499718303, -1.7727220374841766, 0.35379383814852283, -1.407151965573663, -0.5355060543296276, -0.466857884287648, 0.3352601284431771, 0.41915433084187237, 0.0555048009409958, -0.29130400951550384, -0.6194683037279195, -1.4385895272785651, 1.072358372250588, 0.38642591087689176, -0.5687111122828177, -0.28044993653052314]
other derivatives: [ 0.37400787  1.85555382 -3.70215366 -0.74297168 -3.7111943   0.        ]
Current x array =  [-0.67790557 -0.99990713 -0.35626621  0.78944855 -3.28591859  0.33647224
 -0.88029499 -0.43231846 -0.9443121  -1.05176889 -4.69681951 -4.70371304
 -0.49389221 -0.07378499 -1.60658156 -1.57508581 -2.33582565 -1.28767696
 -2.11473058 -2.07901205 -1.25706495 -1.31675675]
log likelihood =  -4311.614167091546
Edge derivatives =  [1.8075461056086923, -1.5221477036006057, 0.5305847449132827, -1.3881396056335353, -0.4675782985574401, -0.38400675147956614, 0.35739088191300794, 0.512606498892535, 0.07464822991837511, -0.15649302290212846, -0.45827719927886246, -0.16407881620095593, 0.939225949400859, 0.250642540255006, 0.8770782102757289, 0.6661678114873648]
other derivatives: [-2.18870082 -1.62346169  1.02139984 -0.76345896 -1.91215232  0.        ]
Current x array =  [-0.67592643 -0.99227594 -0.35928966  0.78342329 -3.29137321  0.33647224
 -0.88931043 -0.45087352 -0.95788465 -1.05048272 -4.79067726 -4.81053934
 -0.49114928 -0.07648265 -1.60790392 -1.57769627 -2.33317163 -1.30758144
 -2.10952683 -2.07789977 -1.28453933 -1.33452233]
log likelihood =  -4311.531176479804
Edge derivatives =  [1.6680882131909591, -1.3904994053872668, 0.48700557915837805, -1.4486420309483814, -0.4096513320955147, -0.32014805158437465, 0.06596546695445116, 0.07540074495925292, 0.02653416200086306, -0.09331849310457563, -0.3312312056397624, 0.6134909825126146, 0.7090938425614932, 0.11956544048066708, 1.6140206017176506, 1.0799253208855686]
other derivatives: [ 6.55195436 -0.13238332  6.91321657 -0.3752566  -1.29460095  0.        ]
Current x array =  [-0.68117655 -0.99359527 -0.36114283  0.77875553 -3.29763455  0.33647224
 -0.87934855 -0.45758407 -0.95697896 -1.04752361 -4.88122289 -4.91158853
 -0.48316677 -0.06667942 -1.60458123 -1.57695875 -2.33277863 -1.31853334
 -2.10089984 -2.07409634 -1.29674282 -1.3403795 ]
log likelihood =  -4311.419155733294
Edge derivatives =  [1.4030933364991225, -1.3936374683936532, 0.2941842232344534, -1.6132872379699952, -0.34026754052772173, -0.2564799472178442, -0.46164416926239904, -0.699432750235126, -0.05312922595869374, -0.019109017664598382, -0.21548268838131002, 1.2014838216763, 0.44977150593598775, -0.07099632232710795, 2.0132263725055837, 1.2357883173733002]
other derivatives: [ 2.323638   -0.70201168  5.58968441  0.78087942 -0.77881255  0.        ]
Current x array =  [-0.67866362 -0.99430741 -0.36050853  0.77553951 -3.30988377  0.33647224
 -0.8596652  -0.45535396 -0.94889545 -1.03960656 -5.00846382 -5.05285972
 -0.47208055 -0.04879961 -1.59903923 -1.57565945 -2.3321674  -1.32665677
 -2.09056049 -2.06869854 -1.30278986 -1.34156742]
log likelihood =  -4311.236823120498
Edge derivatives =  [1.0960449234834384, -1.227470439161801, 0.2450138155349172, -1.6397344121523911, -0.24201972826485735, -0.17404634361175023, -0.7078825717601795, -1.051178770723884, -0.1986404843868223, -0.07287428358072517, -0.18346122921908373, 1.274262042021654, -0.010345555932085193, -0.3122661749983785, 1.7732191373759814, 0.87708226531789]
other derivatives: [ 3.14761292 -1.01683054  2.08611709  1.12555153  0.62967729  0.        ]
Current x array =  [-0.67965909 -0.99639049 -0.35763126  0.77973655 -3.33223031  0.33647224
 -0.82495108 -0.4529194  -0.93650198 -1.0281811  -5.26539173 -5.33831287
 -0.46327015 -0.02988696 -1.58767196 -1.56908148 -2.32651271 -1.32345146
 -2.0725078  -2.06048177 -1.29517058 -1.33128113]
log likelihood =  -4311.284740810536
Edge derivatives =  [0.35387407491036726, -1.2455526234097276, -0.11843849018019267, -1.8478373903721037, -0.15947046078644844, -0.11139570453513706, -1.09558752410014, -1.645858507691632, -0.90946324792704, -0.8384798298441221, -0.7694100227252721, -0.7261630746651663, -0.5341176036208681, -0.6348247158670423, -0.8563328802723753, -1.209860656718954]
other derivatives: [-5.72440695 -2.97046154 28.60374934  0.89773675  1.55128964  0.        ]
Current x array =  [-0.67273682 -0.99706734 -0.36781214  0.77850743 -3.34907699  0.33647224
 -0.79304963 -0.46323139 -0.93061837 -1.0128533  -5.71846206 -5.84376361
 -0.45523724 -0.0133306  -1.57373931 -1.55440685 -2.30511511 -1.28550723
 -2.05412076 -2.05681961 -1.24946053 -1.29670285]
log likelihood =  -4311.163194200799
Edge derivatives =  [0.7744753578574942, -1.2352163174428523, 0.08739946127792089, -1.7278398942524162, -0.2002963248606641, -0.14171745601631283, -0.8739783936764031, -1.3077816937068933, -0.4975588099552552, -0.39212732183162696, -0.4302843805866775, 0.4327238897771832, -0.23473339899893905, -0.45273193285661795, 0.639427864276931, -0.024847324031656015]
other derivatives: [-0.67025394 -1.85089539 13.74673411  1.01124806  1.04354504  0.        ]
Current x array =  [-0.6766371  -0.99668598 -0.36207583  0.77919996 -3.3395849   0.33647224
 -0.81102418 -0.45742121 -0.93393343 -1.02148959 -5.46318421 -5.55897255
 -0.4597633  -0.02265911 -1.58158952 -1.56267512 -2.31717137 -1.30688652
 -2.06448075 -2.05888302 -1.27521539 -1.31618563]
log likelihood =  -4311.023376557922
Edge derivatives =  [0.8222395098753584, -0.6041405013928787, 0.4637543134699319, -1.548747797741487, -0.1364624701347169, -0.09266180192914376, -0.6721891334942246, -0.7821533020236229, -0.6488246228333885, -0.6589603342195343, -0.5707290223896895, -0.14553486699487295, -0.6876883171034098, -0.5573360861493782, 0.21549376119812452, -0.4867374504179399]
other derivatives: [-2.28139015  0.22690804 -1.76634603  1.16828778  1.51418942  0.        ]
Current x array =  [-0.67629783 -1.00184367 -0.35533263  0.78492721 -3.34756753  0.33647224
 -0.79364879 -0.47930949 -0.93989969 -1.01587847 -5.80019562 -5.93599491
 -0.46045355 -0.02458988 -1.57142296 -1.55177512 -2.30260581 -1.29325269
 -2.04679288 -2.05476154 -1.26556441 -1.3051406 ]
log likelihood =  -4310.9935066264115
Edge derivatives =  [0.8793061713342909, -0.3331066154306051, 0.6534918821010085, -1.4535083158358137, -0.12147488310691355, -0.08035803918149323, -0.4760345135310152, -0.3969300808398333, -0.7303828521716487, -0.8298133407424509, -0.6719015150034137, -0.40504566223126276, -0.8106619832738875, -0.5667616896583938, 0.12631687784917123, -0.5862890405554202]
other derivatives: [-0.32837124  0.69865036 -1.99901115  0.68118152  1.5296096   0.        ]
Current x array =  [-0.67741858 -1.00189905 -0.35531693  0.78609939 -3.34394831  0.33647224
 -0.79642659 -0.49517086 -0.94899195 -1.01672741 -5.92120985 -6.07225019
 -0.46360146 -0.03250815 -1.56972352 -1.54796324 -2.29566564 -1.28786044
 -2.04252501 -2.05538087 -1.26460618 -1.3037589 ]
log likelihood =  -4310.933371171839
Edge derivatives =  [0.7290113924748639, 0.018971376683271923, 0.8078603534593212, -1.2468211052612643, -0.10195624673459572, -0.06476433862629101, -0.1997759034016987, 0.03566903978820654, -0.693059953994202, -0.8278749560836177, -0.7107942075926542, -0.43439226368703865, -0.9013475102744262, -0.5362301565411376, 0.1217543766840331, -0.5168926224511238]
other derivatives: [ 0.34891582  0.85752482 -1.17640138 -0.23746361  1.16775459  0.        ]
Current x array =  [-0.67755152 -1.001164   -0.35591187  0.78931369 -3.33568945  0.33647224
 -0.7922424  -0.51874754 -0.95641698 -1.02630067 -6.08175171 -6.25254577
 -0.46890836 -0.04282335 -1.57109948 -1.54826932 -2.29141474 -1.28660772
 -2.03910989 -2.05804505 -1.26520936 -1.30625392]
log likelihood =  -4310.815567501828
Edge derivatives =  [-0.02883931855910918, 0.4391730678488453, 0.7296981554738671, -0.805736159382591, -0.0704086324129778, -0.04188422382880064, 0.27250212999831447, 0.41780875931897477, -0.25931710148541703, -0.27265860371987377, -0.6083899546628394, -0.1839525424853256, -0.7139068284945889, -0.2645085085200165, -0.15487599809131664, -0.24321585753056818]
other derivatives: [ 1.28022384  0.8657953  -0.36030451 -0.38040616  0.24606623  0.        ]
Current x array =  [-0.6780082  -0.99934653 -0.35695858  0.78650266 -3.32257661  0.33647224
 -0.76609924 -0.55334101 -0.95120001 -1.05992783 -6.37712295 -6.5825962
 -0.47912682 -0.05440524 -1.58156753 -1.56090148 -2.29587039 -1.28931212
 -2.04376553 -2.06851923 -1.25971932 -1.31378338]
log likelihood =  -4310.751123561387
Edge derivatives =  [-0.6061542729913022, 0.4789975835607543, 0.3145239835289612, -0.4693752768636526, -0.05198820069922328, -0.02990454998608039, 0.14480362911762157, -0.018461943884099857, 0.058577168580943084, 0.08556541652709282, -0.2750305402843616, -0.005971861676725587, -0.2978511938970724, 0.0042082910550983454, -0.0011876505244552416, 0.10429713123496731]
other derivatives: [ 1.14897375 -1.03568709  0.75918797 -1.4268353  -0.3865982   0.        ]
Current x array =  [-0.67804861 -0.99635344 -0.35692976  0.7943115  -3.32017458  0.33647224
 -0.74126436 -0.55644192 -0.92292505 -1.09776908 -6.59861971 -6.82776246
 -0.47477542 -0.04605055 -1.58660919 -1.56784848 -2.31443881 -1.29140189
 -2.05699745 -2.07641649 -1.26084308 -1.31954963]
log likelihood =  -4310.738385422344
Edge derivatives =  [-0.7248319685979967, 0.6356847221310284, 0.0526906834174546, -0.1239148888380743, -0.03880545468381877, -0.02180982639398089, 0.2444202815720541, 0.0492644083576913, 0.3082676294967173, 0.3956145159842064, -0.04017321371613003, 0.04572815603242847, 0.2149950648149601, 0.3425799200945566, 0.12536885012932047, 0.37508056238639154]
other derivatives: [-2.91851211  4.08245132  1.45228842  0.18299306 -0.37960221  0.        ]
Current x array =  [-0.67474414 -1.00481215 -0.35825278  0.78311479 -3.31925781  0.33647224
 -0.73864936 -0.56422039 -0.90529128 -1.13699598 -6.82181206 -7.07606569
 -0.47367848 -0.04887176 -1.59211763 -1.57236192 -2.32879456 -1.29027999
 -2.07308511 -2.08551612 -1.26132855 -1.32412377]
log likelihood =  -4310.710252447656
Edge derivatives =  [-0.7056060579668456, 0.5165972982403364, -0.04848406922937193, -0.1996041255833335, -0.03939177668925075, -0.022381104763132455, 0.071883543344194, -0.21331268569305645, 0.21405800084678306, 0.21439774105789133, -0.06627825526039219, -0.20137814033621915, 0.21838030882471338, 0.3108157780152958, -0.07560824526899484, 0.17528116893659262]
other derivatives: [-0.89456626  0.40655686 -0.0768614   0.10472559 -0.26754768  0.        ]
Current x array =  [-0.67683241 -0.99849081 -0.35726192  0.7838581  -3.32189233  0.33647224
 -0.74017006 -0.55721811 -0.90103671 -1.13631835 -6.82926341 -7.08394575
 -0.46982264 -0.04405653 -1.5897425  -1.56931296 -2.32966021 -1.2863125
 -2.07394758 -2.08451712 -1.25829428 -1.32017519]
log likelihood =  -4310.701113555649
Edge derivatives =  [-0.5649997103836539, 0.47346730936448417, -0.08938165397578175, -0.20035931614992325, -0.03859727994101889, -0.021887783965166767, -0.024241013333119454, -0.29166899672772884, 0.1223510892741424, 0.06938316402161171, -0.04331254418576111, -0.26940451606660515, 0.23822742137850977, 0.2916357907548829, 0.012278055316077063, 0.13417931917736758]
other derivatives: [ 0.57704801 -0.22926997 -0.0314476   0.1614917   0.07756807  0.        ]
Current x array =  [-0.67794932 -0.99732951 -0.35709307  0.78319893 -3.32500866  0.33647224
 -0.74555483 -0.55228661 -0.89787307 -1.13926399 -6.85805019 -7.11581356
 -0.46618054 -0.04190845 -1.58720724 -1.56584546 -2.3315106  -1.28492335
 -2.07508513 -2.08339707 -1.2598697  -1.31865731]
log likelihood =  -4310.6925902747535
Edge derivatives =  [-0.23770764833873648, 0.4711291917941691, -0.11966916413869783, -0.1454344658067857, -0.03555141176331601, -0.020079342771155632, -0.1439755467715611, -0.2752238918831837, -0.07882188745528879, -0.26749313765999444, -0.02667287847713043, -0.5134125025379801, 0.29455671599942257, 0.26393070855650236, 0.14019668014788889, 0.02083140978556386]
other derivatives: [-1.69689429 -1.65702841 -2.30136538  0.34291861  0.48614226  0.        ]
Current x array =  [-0.67683503 -0.99491614 -0.35648916  0.78146075 -3.32691779  0.33647224
 -0.7617231  -0.54892476 -0.89544641 -1.14981688 -6.96162025 -7.23142789
 -0.46079115 -0.04320714 -1.58275221 -1.5582717  -2.33388404 -1.28066932
 -2.07794273 -2.08226321 -1.26308061 -1.31599403]
log likelihood =  -4310.68562837671
Edge derivatives =  [-0.09962329798775318, 0.4907269647173938, -0.13445718841812798, -0.06273894704832354, -0.03309780702788764, -0.018388246547802047, -0.14797537247316117, -0.20320506600283228, -0.1311119511045335, -0.34532568156281696, 0.022560401007908626, -0.476230689521504, 0.337299203446675, 0.2712344872397301, 0.30043976573985287, 0.05865337152406658]
other derivatives: [ 0.88450633 -0.46285368 -0.02573324  0.21090182  0.68049579  0.        ]
Current x array =  [-0.67821753 -0.99640432 -0.35728201  0.78074648 -3.32704309  0.33647224
 -0.76833364 -0.54791274 -0.89277284 -1.1590074  -7.0303683  -7.30803616
 -0.45850495 -0.04453656 -1.58139348 -1.55596357 -2.33678186 -1.28080896
 -2.07978945 -2.0819404  -1.265732   -1.31605828]
log likelihood =  -4310.682231022725
Edge derivatives =  [-0.07093322541633881, 0.5393534457695813, -0.11321985503210202, -0.002795075396549074, -0.031371922958298624, -0.017253384627235177, -0.10509940435184306, -0.10164729871448952, -0.14141942749216369, -0.3573922210342977, 0.030538620031393876, -0.45478775211851885, 0.3326191973395729, 0.2692820987392207, 0.3286091528571083, 0.06830363600558031]
other derivatives: [0.7882345  0.09111227 0.35936864 0.08182997 0.59051002 0.        ]
Current x array =  [-0.67801    -0.99712788 -0.35754411  0.78092611 -3.32505619  0.33647224
 -0.77063993 -0.55069201 -0.89322343 -1.16415978 -7.08087002 -7.36452985
 -0.45879698 -0.04713854 -1.58133279 -1.55558023 -2.33715716 -1.28110935
 -2.07971233 -2.08199845 -1.26634074 -1.31635652]
log likelihood =  -4310.674784560266
Edge derivatives =  [-0.014885860569436832, 0.5530010620632586, -0.09060564122141337, 0.08247904970129458, -0.028311810292796398, -0.015270762826670493, -0.07132077752367616, 0.022645061316605902, -0.16793493948275112, -0.36018461448916134, 0.03698910241787806, -0.35144362892502345, 0.2766801655094967, 0.21374205782814215, 0.2940357957653179, 0.02547666651649616]
other derivatives: [ 0.35688026  0.57340731  0.57665602 -0.15604201  0.20464902  0.        ]
Current x array =  [-0.67759525 -0.99757263 -0.35784273  0.78151518 -3.32002484  0.33647224
 -0.77649438 -0.55205017 -0.89401022 -1.17359769 -7.17589552 -7.47068675
 -0.45890928 -0.0516707  -1.58115189 -1.55548161 -2.3378827  -1.28300304
 -2.07823368 -2.08059622 -1.26609946 -1.31598702]
log likelihood =  -4310.66513220125
Edge derivatives =  [0.047778098879477704, 0.4268118691160566, -0.08261697543443888, 0.14417466289696093, -0.025182108686696413, -0.013285720109078376, -0.0666547179100806, 0.07938797048385421, -0.15449662121534874, -0.24661804781168944, 0.05495276012946945, -0.06196012484964769, 0.15269397333827495, 0.0823584056564467, 0.17021204087314806, -0.042256094752622264]
other derivatives: [-0.00110413  0.59984995  0.3454843  -0.25337249 -0.22153732  0.        ]
Current x array =  [-0.67736662 -0.99730733 -0.35792042  0.78157782 -3.31539747  0.33647224
 -0.78350359 -0.5453625  -0.89384759 -1.18319186 -7.27143994 -7.57702486
 -0.45858741 -0.05509546 -1.5817034  -1.55781836 -2.33945285 -1.28813324
 -2.074597   -2.07671067 -1.26404927 -1.3151702 ]
log likelihood =  -4310.666046411239
Edge derivatives =  [0.06493626592798812, 0.134324171443167, -0.08432461801449798, 0.16389770103311804, -0.02308454262594095, -0.012038983780235652, -0.02380655536884968, 0.11708181293087175, -0.16778303463142064, -0.1299651345180885, 0.026255643933134676, 0.10696487004267863, -0.02860705875533548, -0.11410183562019904, -0.07310290508760142, -0.15164323537229685]
other derivatives: [-1.4060679  -0.73371575  5.75066861 -0.4566391   0.01693635  0.        ]
Current x array =  [-0.67623275 -0.99501485 -0.36025703  0.78046117 -3.31548519  0.33647224
 -0.79058977 -0.53195944 -0.89508489 -1.18835672 -7.35225318 -7.66666138
 -0.4587269  -0.05695049 -1.58313709 -1.56135608 -2.33956978 -1.29124889
 -2.06910754 -2.0718624  -1.26031848 -1.31431711]
log likelihood =  -4310.662392979515
Edge derivatives =  [0.055696722724122266, 0.2917561632267616, -0.08336947082729004, 0.15346587376801543, -0.024185625793645943, -0.012691212232872513, -0.046561989949048366, 0.09711956816289036, -0.16053033538683947, -0.1923988623675046, 0.04172580068610873, 0.016638989451203012, 0.06878243421092067, -0.008639933304190328, 0.057601136299790856, -0.09288999980011714]
other derivatives: [-0.65176846 -0.01746503  2.86286195 -0.34801724 -0.1103218   0.        ]
Current x array =  [-0.67684063 -0.99624387 -0.35900436  0.78105982 -3.31543816  0.33647224
 -0.78679081 -0.53914493 -0.89442156 -1.18558779 -7.30892852 -7.61860648
 -0.45865212 -0.055956   -1.58236848 -1.55945948 -2.33950709 -1.28957856
 -2.07205049 -2.0744616  -1.26231859 -1.31477446]
log likelihood =  -4310.657949678461
Edge derivatives =  [0.11289409767108474, 0.13677004549644295, -0.07548356108803589, 0.18935560917377284, -0.022088744274114402, -0.011467203554975052, -0.045573329343539415, 0.08822283213392487, -0.07467949616239128, -0.008656775470953337, 0.08177633046141733, 0.2659832299209756, -0.011670490388377752, -0.09496200750034467, -0.03697653912728299, -0.08909843533478212]
other derivatives: [-0.32898606 -0.1062399   0.37460995 -0.08807092 -0.23239364  0.        ]
Current x array =  [-0.67729407 -0.99600633 -0.35801143  0.78007604 -3.31492101  0.33647224
 -0.79022291 -0.52889163 -0.89241629 -1.19204846 -7.36941476 -7.68551272
 -0.45804597 -0.05621716 -1.58370222 -1.56283227 -2.34170549 -1.29363112
 -2.06941957 -2.07127984 -1.26009783 -1.31461715]
log likelihood =  -4310.657080212708
Edge derivatives =  [0.1156278749752413, 0.10726253747441583, -0.06969775122807564, 0.18093629894733604, -0.022190184806433217, -0.011566006213318462, -0.041008044593574766, 0.07267837244117342, -0.055813969544874, 0.013333419983750705, 0.08249366867496383, 0.24194922360869925, -0.013333444093540092, -0.09362087884986403, -0.04468364611527387, -0.07532656510724145]
other derivatives: [-0.12515284 -0.21806045  0.15058777 -0.00116961 -0.09321246  0.        ]
Current x array =  [-0.67747627 -0.99589445 -0.3578651   0.77971466 -3.31644086  0.33647224
 -0.78960545 -0.52672766 -0.89218689 -1.1909063  -7.36347804 -7.67875381
 -0.45799035 -0.05527197 -1.58399816 -1.56323417 -2.3416402  -1.29307896
 -2.06923375 -2.07119486 -1.25978669 -1.31473387]
log likelihood =  -4310.655585191854
Edge derivatives =  [0.11935859906295349, 0.058142494014368995, -0.037319362713360255, 0.17426791761261368, -0.022137831002240205, -0.01163841620419416, -0.012763780603015973, 0.07123025622216178, -0.02091107769714512, 0.043381582454771084, 0.07118801905500027, 0.13040585059743487, -0.02673741230176982, -0.08681948608106471, -0.06855720353970884, -0.048517281033845006]
other derivatives: [ 0.13471708 -0.18808441 -0.01332501  0.10105941  0.13100966  0.        ]
Current x array =  [-0.67767118 -0.99610387 -0.35770765  0.77933533 -3.31880685  0.33647224
 -0.78852454 -0.52316032 -0.89274982 -1.18867452 -7.36615103 -7.68150675
 -0.45831547 -0.05404357 -1.58472193 -1.56378357 -2.34072916 -1.29087325
 -2.06845352 -2.07130082 -1.25910375 -1.31508021]
log likelihood =  -4310.65389924581
Edge derivatives =  [0.12340577880099263, -0.002465301462452829, 0.005664707375880124, 0.17337518102131966, -0.02147122289993437, -0.011358527385839793, 0.010793707835996091, 0.0697281925757299, 0.007171971326043192, 0.04877742319186773, 0.049220531873577916, -0.030009062414540044, -0.05144499982691941, -0.07814462698812552, -0.08293124708912702, -0.018942898228612837]
other derivatives: [ 0.30155843 -0.05097809 -0.08650841  0.11994507  0.18460556  0.        ]
Current x array =  [-0.6777726  -0.99643686 -0.35762351  0.7793886  -3.31959022  0.33647224
 -0.7884592  -0.51944519 -0.89419279 -1.18726601 -7.39905864 -7.71795829
 -0.45875225 -0.05346307 -1.58554176 -1.56385943 -2.33911674 -1.28787725
 -2.06730852 -2.07167589 -1.25881788 -1.31564322]
log likelihood =  -4310.651340212848
Edge derivatives =  [0.09924783803658016, -0.07879264241484452, 0.06362182777849518, 0.18024213265702366, -0.019580841292466077, -0.010337104394452654, 0.047136245711908664, 0.0713822219051376, 0.054914237002778754, 0.03968440543766705, 0.017943066945346003, -0.20584723318046083, -0.07050217559917996, -0.03674513813026714, -0.03891183225807321, 0.05498467848468691]
other derivatives: [ 0.87899116 -0.08821735  0.02743491  0.03543664  0.14586763  0.        ]
Current x array =  [-0.67813709 -0.99632004 -0.35761372  0.77983033 -3.31927009  0.33647224
 -0.788028   -0.51558386 -0.89655448 -1.18646813 -7.49208986 -7.82125748
 -0.45961721 -0.0533362  -1.58701382 -1.56365782 -2.33631808 -1.28458306
 -2.06618846 -2.07339621 -1.25981992 -1.3171662 ]
log likelihood =  -4310.649650212301
Edge derivatives =  [0.09332901075895753, -0.20513196526516048, 0.11078949987922215, 0.17558111184246858, -0.01657079146682133, -0.008720565264762791, 0.029460997336521855, 0.007763856163306493, 0.10693393000596069, 0.0050996966232693675, -0.012981660989632549, -0.40275593871690796, -0.057954079636953815, 0.042960647817617104, 0.10294176548181105, 0.1645760307878158]
other derivatives: [-1.08719541  0.41022304 -0.60954062  0.17035381  0.03107846  0.        ]
Current x array =  [-0.6767898  -0.9975516  -0.35749301  0.77982877 -3.31923453  0.33647224
 -0.78841413 -0.50846199 -0.89859229 -1.18581375 -7.65588674 -8.00300576
 -0.45963835 -0.05210439 -1.58860512 -1.56242461 -2.33277063 -1.2809438
 -2.0657826  -2.07640884 -1.26271227 -1.31929201]
log likelihood =  -4310.647727411721
Edge derivatives =  [0.07780600345884778, -0.19773726023413185, 0.10770411386477832, 0.19622641547252975, -0.015388206070436629, -0.007956585462977792, 0.03333631803087167, 0.024542051673144244, 0.10732426218067165, -0.018106743500664213, -0.011093841551293865, -0.3159107906739967, -0.04564978623121704, 0.06972266688590845, 0.17473118664065695, 0.19042688094846294]
other derivatives: [ 0.51449024  0.52491305  0.47720823 -0.03076366 -0.1349589   0.        ]
Current x array =  [-0.67773805 -0.99733018 -0.35787449  0.78028207 -3.31704108  0.33647224
 -0.78916867 -0.50968084 -0.89871242 -1.18855169 -7.72694317 -8.08209497
 -0.45964273 -0.05327303 -1.58874766 -1.56191817 -2.33242506 -1.28243387
 -2.06627551 -2.07745906 -1.26422281 -1.31984307]
log likelihood =  -4310.646541919213
Edge derivatives =  [0.06474765684290157, -0.1685146327705399, 0.08759908856270149, 0.1991201522558557, -0.014957326550115786, -0.007656335458671867, 0.020937764029085204, 0.026037607366516696, 0.09611254832804172, -0.0398203931288178, -0.004364220386913642, -0.21510796727323522, -0.022543090187000597, 0.08599582063392275, 0.21912242875584464, 0.189626233959848]
other derivatives: [ 0.4338126   0.19477193  0.41966268 -0.08759434 -0.19956608  0.        ]
Current x array =  [-0.67771961 -0.99664307 -0.35790019  0.78043556 -3.31610008  0.33647224
 -0.78923649 -0.51186251 -0.89826153 -1.18975315 -7.75323128 -8.11138653
 -0.45947721 -0.05386919 -1.588456   -1.56148327 -2.33262306 -1.28430717
 -2.06715461 -2.07810525 -1.2652264  -1.31988843]
log likelihood =  -4310.644120281663
Edge derivatives =  [0.05104621396856898, -0.14055027365257072, 0.06032591095715309, 0.19741724286369974, -0.013171169608049935, -0.006572020179225291, -0.00479299055822846, 0.020909804671348203, 0.08941954348480474, -0.07127952271383237, -0.0039603454952901185, -0.014251052554936028, 0.03142491336773262, 0.14317781383226647, 0.3089703742253006, 0.18587712118172484]
other derivatives: [ 0.17177808  0.06774917  0.47091089 -0.08512961 -0.23241174  0.        ]
Current x array =  [-0.6775392  -0.99633739 -0.35798606  0.78032115 -3.31553951  0.33647224
 -0.78899528 -0.51378778 -0.89746089 -1.19075614 -7.87284786 -8.24425921
 -0.45900186 -0.05421637 -1.58802969 -1.56051917 -2.33173682 -1.28786616
 -2.06886733 -2.08006746 -1.26708309 -1.31979252]
log likelihood =  -4310.642324458455
Edge derivatives =  [0.027648374166312772, -0.041728257443760575, 0.11183685887414188, 0.16218041964638044, -0.01005868743123469, -0.004836543568298387, 0.04251546616030677, 0.12350541534121645, 0.035733173340193713, -0.2081072635666812, -0.11156496411552702, -0.02303719855357944, 0.05469157430027516, 0.22266253423100463, 0.20336902721341857, 0.04146181292760098]
other derivatives: [-0.47791218 -2.06587356 -1.26442592 -0.25530244  0.0026405   0.        ]
Current x array =  [-0.67748398 -0.99273979 -0.35730288  0.7813845  -3.31661194  0.33647224
 -0.78717825 -0.5204272  -0.90100182 -1.18409888 -8.15694636 -8.5599967
 -0.46029417 -0.05577109 -1.58652106 -1.55803599 -2.32459785 -1.28805153
 -2.06937657 -2.08337636 -1.2660716  -1.31759386]
log likelihood =  -4310.637817384497
Edge derivatives =  [0.0492355776956884, -0.11218763196720183, 0.08861700313404577, 0.16408506175368098, -0.00884808993763991, -0.0041744225351430814, 0.014272430031223804, 0.09414071084391362, 0.05073707094203178, -0.1500023837045919, -0.10505546234179608, 0.16380028074815095, 0.05862422887510094, 0.2243536125023462, 0.21195624278569694, 0.02788900069354383]
other derivatives: [-0.47183312 -0.98689179  0.20050174 -0.10794793  0.01790842  0.        ]
Current x array =  [-0.67725262 -0.99465156 -0.35788471  0.78043721 -3.31718059  0.33647224
 -0.78823183 -0.51588412 -0.89948543 -1.18571709 -8.27204794 -8.68759464
 -0.45941959 -0.05505172 -1.58663922 -1.55873191 -2.32452038 -1.29112894
 -2.06937095 -2.08324684 -1.26594936 -1.31719836]
log likelihood =  -4310.6353092338195
Edge derivatives =  [0.10484705318243134, -0.12855597669640068, 0.11936254352793535, 0.1626502351963345, -0.007257015328263499, -0.0033445099550237375, 0.013784694730126112, 0.11805018379041107, 0.06955274313752546, -0.10296014744998727, -0.13117256609973463, 0.2697267005968395, 0.047681090462536324, 0.2403642421651082, 0.1504545040067814, -0.025116679783377505]
other derivatives: [ 0.02945762  0.13407043 -0.97170869  0.10033909 -0.00393893  0.        ]
Current x array =  [-0.67753779 -0.99665382 -0.35735046  0.77991506 -3.31778818  0.33647224
 -0.78900168 -0.51315262 -0.89960087 -1.18471299 -8.45979605 -8.89596998
 -0.45917622 -0.05488982 -1.58627514 -1.55899053 -2.32214102 -1.2927412
 -2.06868589 -2.08327528 -1.26444129 -1.31592729]
log likelihood =  -4310.63371858296
Edge derivatives =  [0.10891265554780366, -0.1530677942142631, 0.14044350686176016, 0.12541803929111914, -0.005696608177583828, -0.0025578379651259114, 0.033980585130592766, 0.15295377018940884, 0.023997424481762286, -0.12339033507653424, -0.21947961267592778, 0.23782230873578958, 0.019016043396035964, 0.24021274624487798, -0.029378817503656285, -0.16593075574704963]
other derivatives: [-0.26088219  0.29651983  1.33372123  0.07207109  0.26606964  0.        ]
Current x array =  [-0.67716573 -0.99721785 -0.35818784  0.7797938  -3.32019163  0.33647224
 -0.78838237 -0.51211468 -0.90131476 -1.1788573  -8.71244094 -9.17640419
 -0.45960501 -0.05444528 -1.58530803 -1.55874518 -2.31707337 -1.29222639
 -2.06751951 -2.08361913 -1.26134867 -1.31369426]
log likelihood =  -4310.632781193138
Edge derivatives =  [0.11203866468215248, -0.12365273183778047, 0.1557594073753815, 0.12036404795807147, -0.005604151596852644, -0.002514537621901338, 0.0413490072338808, 0.16435499378901047, 0.02194175092293621, -0.13310442096573316, -0.23010962913210944, 0.18703863117573988, 0.014105585377957919, 0.24269163425019785, -0.04969486359933517, -0.17187189224167704]
other derivatives: [-0.00350337  0.13010504  0.28609156  0.06476967  0.22623657  0.        ]
Current x array =  [-0.67743527 -0.9969067  -0.35774312  0.78010677 -3.31995518  0.33647224
 -0.78799385 -0.51356392 -0.90195152 -1.17762753 -8.73133462 -9.19745087
 -0.45990789 -0.05462629 -1.58509416 -1.55857491 -2.31635125 -1.29134245
 -2.06734492 -2.08362279 -1.2609877  -1.31356963]
log likelihood =  -4310.632131056727
Edge derivatives =  [0.1090193379925356, -0.09122607578069364, 0.16256261719352952, 0.10716996514042401, -0.005393167598011909, -0.0024107154859274397, 0.04232587702653656, 0.16670444581699193, 0.009320037846172968, -0.14284487068081814, -0.2460216393532757, 0.13218427009531603, 0.005856295356543251, 0.2367881504407625, -0.08763537722520748, -0.1890970701858785]
other derivatives: [ 0.1731778  -0.04751655 -0.3809173   0.04104004  0.18172222  0.        ]
Current x array =  [-0.67762767 -0.99660238 -0.35744971  0.78046824 -3.31972524  0.33647224
 -0.78741272 -0.51543564 -0.90254446 -1.17571466 -8.77363071 -9.24448178
 -0.46020635 -0.05467308 -1.58467836 -1.55849434 -2.31541423 -1.29041666
 -2.06711736 -2.08339849 -1.26033715 -1.31331241]
log likelihood =  -4310.631271669739
Edge derivatives =  [0.09877126496886107, -0.05952537625907789, 0.15236128880390484, 0.08614339464415939, -0.005107905108241417, -0.002268463026497392, 0.027281057901733408, 0.14453515739016676, -0.009511798297720475, -0.14246193752512515, -0.2565469412743985, 0.0853243328294826, -0.003694214000478202, 0.2181031363708409, -0.12304378861120147, -0.19983070676395664]
other derivatives: [ 0.2434208  -0.15320074 -0.7645167   0.01880289  0.08912616  0.        ]
Current x array =  [-0.67772379 -0.9964384  -0.35727853  0.78083529 -3.31924264  0.33647224
 -0.78669985 -0.51749779 -0.90270243 -1.17363582 -8.83115055 -9.30840206
 -0.46035901 -0.05443365 -1.58413658 -1.55867621 -2.31483228 -1.28964051
 -2.06693949 -2.08274404 -1.25971587 -1.31321432]
log likelihood =  -4310.629184880733
Edge derivatives =  [0.06718488524812638, -0.0016494378718955316, 0.09689590844974633, 0.02928088184956515, -0.004418021803809097, -0.001925249661245419, -0.03261061846858526, 0.050739042119437944, -0.05293075762214683, -0.1120251195105253, -0.25937456941852643, 0.01859288630664463, -0.022949781479985304, 0.15350050466134224, -0.17245892718534822, -0.193222559046629]
other derivatives: [ 0.27415081 -0.21722462 -1.00864781 -0.00720411 -0.15289433  0.        ]
Current x array =  [-0.67779499 -0.99639324 -0.35714974  0.78149583 -3.31811904  0.33647224
 -0.78496718 -0.52157787 -0.90188814 -1.16922622 -8.97942219 -9.47308009
 -0.46033207 -0.05321696 -1.58289171 -1.55971172 -2.31471415 -1.28852491
 -2.06676071 -2.08044824 -1.2587535  -1.31354197]
log likelihood =  -4310.626393040586
Edge derivatives =  [0.054739856107106494, 0.032528944960537765, 0.022769452562071274, -0.03519211033601099, -0.003488084276002201, -0.001481726891285624, -0.08146579295240874, -0.055246064696820446, -0.06310966040042443, 0.0072154038313623214, -0.21099199759255682, -0.04326368598341157, -0.04467460308676882, 0.03508825111106728, -0.1501336114985624, -0.08376615305464252]
other derivatives: [-0.47041158 -0.18705487 -1.58046623  0.08622374 -0.13204002  0.        ]
Current x array =  [-0.6773583  -0.99677676 -0.35687702  0.78189549 -3.31966891  0.33647224
 -0.78248967 -0.52309758 -0.89920186 -1.16366489 -9.20787102 -9.72653916
 -0.46032413 -0.05055356 -1.58203772 -1.56238976 -2.31709329 -1.28713993
 -2.06657427 -2.07591513 -1.25853506 -1.31542648]
log likelihood =  -4310.630753910933
Edge derivatives =  [-0.0002574609341258194, 0.12448942379396721, -0.1273588099444364, -0.12921637184361195, -0.0020647812767368478, -0.0008071130377519725, -0.1373481481660318, -0.1937518708230651, -0.09183580801934249, 0.1478325304332635, -0.11743211533405903, 0.07468932675397505, -0.02557716582174538, -0.1039470774664244, 0.04325233810534623, 0.1397972957221757]
other derivatives: [ 3.97719396e+00 -1.10617293e-01  1.67766575e+00 -2.19815774e-01
 -2.66660751e-03  0.00000000e+00]
Current x array =  [ -0.68009307  -0.99646848  -0.35770381   0.78312487  -3.32132096
   0.33647224  -0.77781606  -0.52861082  -0.89370022  -1.15591608
  -9.71981311 -10.29473805  -0.46019512  -0.04690575  -1.58035176
  -1.56571442  -2.32129597  -1.2885367   -2.06843282  -2.07022238
  -1.26104962  -1.31906798]
log likelihood =  -4310.625326647278
Edge derivatives =  [0.037866597556233894, 0.06072553619155591, -0.023211486805401776, -0.06391329846448528, -0.002970608279468746, -0.0012302405780679542, -0.09861570268096775, -0.09776115171709476, -0.07174211230826882, 0.050487192756375365, -0.18217515885598567, -0.0068171438384596605, -0.03878379953257327, -0.007382249993116097, -0.09088868736995692, -0.015241041149921308]
other derivatives: [ 0.89470177 -0.1633216  -0.58280693 -0.00782893 -0.09223381  0.        ]
Current x array =  [-0.67819512 -0.99668243 -0.35713001  0.78227167 -3.32017443  0.33647224
 -0.78105958 -0.5247846  -0.8975184  -1.16129381 -9.36452189 -9.90040423
 -0.46028465 -0.04943735 -1.58152183 -1.56340709 -2.31837928 -1.28756734
 -2.06714297 -2.07417319 -1.2593045  -1.31654075]
log likelihood =  -4310.62449412466
Edge derivatives =  [0.04106187668357314, 0.042984647059871706, -0.047909612187515854, -0.07181238779260889, -0.002712546428550441, -0.0011121174389252856, -0.10094791230890376, -0.11481895285649985, -0.05664617289435431, 0.10158800729531736, -0.1492316190221781, 0.03371054968980236, -0.033463965780980376, -0.038598787411773916, -0.03465219877070613, 0.044840544586595255]
other derivatives: [ 0.30562114 -0.06362188 -0.31539912  0.04831418  0.04368182  0.        ]
Current x array =  [-0.67776642 -0.99701772 -0.35724006  0.78212478 -3.32157869  0.33647224
 -0.78052946 -0.52330107 -0.89605748 -1.16071452 -9.44764167 -9.99253702
 -0.46020915 -0.04852842 -1.58168413 -1.56434311 -2.31998393 -1.28809879
 -2.06740654 -2.07291042 -1.26003459 -1.31748143]
log likelihood =  -4310.6241207402445
Edge derivatives =  [0.03886741185028489, 0.02821617922883679, -0.05638204187852805, -0.06649006753403638, -0.002583969253618756, -0.0010527812300626697, -0.09373437982402433, -0.106610922197239, -0.04504004631274783, 0.11083578020162743, -0.1302439766961087, 0.07966956198126396, -0.022847628720582713, -0.04020549168914045, 0.007242163133650614, 0.06640349697410175]
other derivatives: [ 0.07012932  0.03988862 -0.012481    0.04359299  0.08359564  0.        ]
Current x array =  [ -0.67756452  -0.9972347   -0.35736892   0.78213706  -3.32185241
   0.33647224  -0.78043682  -0.52231784  -0.89541435  -1.16133211
  -9.49148142 -10.04114488  -0.46029515  -0.04853198  -1.58193137
  -1.56438244  -2.3209797   -1.28885118  -2.06777373  -2.07278383
  -1.26071645  -1.31777417]
log likelihood =  -4310.623683565747
Edge derivatives =  [0.03029541106374109, 0.014597317464117077, -0.061984377543337243, -0.059339684964943615, -0.0023571868617141474, -0.0009493324525498583, -0.07685713423462215, -0.08137973676459406, -0.034133262277236176, 0.10310589299637485, -0.1125108944380186, 0.135780523438073, -0.007139173482911321, -0.03409681314623347, 0.04774939337497608, 0.07221150279066424]
other derivatives: [-0.13715635  0.14440229  0.32996286  0.00806813  0.09638681  0.        ]
Current x array =  [ -0.67737332  -0.99743991  -0.35751099   0.78231155  -3.32179882
   0.33647224  -0.78020139  -0.52151188  -0.89492877  -1.16194865
  -9.5787477  -10.13797857  -0.46065815  -0.04892906  -1.58218904
  -1.56401324  -2.32197407  -1.28982523  -2.06831382  -2.07292885
  -1.26143333  -1.31776732]
log likelihood =  -4310.623129106073
Edge derivatives =  [0.011225765502498125, 0.007982611951103114, -0.06531023944254552, -0.054417347220700706, -0.0020197132745303934, -0.0007986104829662699, -0.04728001639382662, -0.038516942493316636, -0.026208727585822877, 0.07573277282880353, -0.09550820580606326, 0.1812076143921615, 0.011957470663516823, -0.02554082663893753, 0.07982488831824669, 0.06129849912518126]
other derivatives: [-0.30981573  0.17484308  0.585831   -0.05807669  0.07977757  0.        ]
Current x array =  [ -0.67721841  -0.99751141  -0.35761204   0.78268448  -3.32143274
   0.33647224  -0.77956442  -0.52127681  -0.89466557  -1.16204595
  -9.72972736 -10.30556554  -0.46145751  -0.04971096  -1.58240312
  -1.5632212   -2.32307456  -1.29065701  -2.06900609  -2.07315712
  -1.26205511  -1.31744568]
log likelihood =  -4310.622353041976
Edge derivatives =  [-0.018054818582415533, 0.0069217931775666375, -0.06256497988651777, -0.05111415497036827, -0.0015765347161600307, -0.0006068331606539992, 0.004588897397437619, 0.02736631947072382, -0.01450649060061765, 0.030859846225156362, -0.07082530389316535, 0.1960548779299383, 0.03414193122079445, -0.01782774964866285, 0.10171894572363505, 0.03715118712166232]
other derivatives: [-0.33046854  0.23640587  0.50485869 -0.1013268   0.04168805  0.        ]
Current x array =  [ -0.67718934  -0.99762746  -0.35756848   0.78299585  -3.32091232
   0.33647224  -0.77834097  -0.52134932  -0.89462212  -1.16148366
  -9.97399733 -10.57671541  -0.46291002  -0.05086548  -1.58269629
  -1.56197162  -2.3248968   -1.29093034  -2.06983586  -2.0732512
  -1.26245407  -1.31677877]
log likelihood =  -4310.627883461048
Edge derivatives =  [-0.16683547552892708, -0.0708702307978395, -0.06979452564762884, -0.07575624568446902, -0.0009962927636701154, -0.0003697022750207039, 0.11160212604977049, 0.08131233184967412, -0.06455776711775724, -0.1546758360658404, -0.06926816056876148, -0.12340374256695202, 0.015489369273755438, -0.0552783290376595, -0.09328921613394675, -0.12925375668217487]
other derivatives: [-1.35262508 -1.6824888   4.01058969 -0.27585702  0.13956531  0.        ]
Current x array =  [ -0.67654983  -0.99439537  -0.35908022   0.78233922  -3.32048083
   0.33647224  -0.7759492   -0.52152607  -0.89737115  -1.15867504
 -10.45694794 -11.11282419  -0.46628246  -0.05259154  -1.58355788
  -1.55915855  -2.32882697  -1.28574505  -2.06966427  -2.07324986
  -1.25985128  -1.31432436]
log likelihood =  -4310.622140650674
Edge derivatives =  [-0.041950274873486765, -0.005592974568599807, -0.06368065240545379, -0.05502551790665135, -0.0014641580793540113, -0.0005602861975216263, 0.021900942721823746, 0.036119656884471524, -0.02249979767000465, 0.0010979799536043888, -0.07050872578754519, 0.1448582706323462, 0.03116812673020436, -0.023845489842686196, 0.07039177814959846, 0.010422572219984882]
other derivatives: [-0.49471146 -0.07162635  1.07159485 -0.12955206  0.05755942  0.        ]
Current x array =  [ -0.67708631  -0.99710675  -0.35781203   0.78289006  -3.32084281
   0.33647224  -0.77795563  -0.5213778   -0.89506501  -1.16103117
 -10.05180419 -10.66308644  -0.46345334  -0.05114356  -1.5828351
  -1.56151841  -2.32552998  -1.29009496  -2.06980822  -2.07325098
  -1.26203474  -1.31638335]
log likelihood =  -4310.621426831256
Edge derivatives =  [-0.06827449017803686, -0.0072292110825897815, -0.05722210572116457, -0.0563384303211345, -0.0011076800768290017, -0.00041237891825547917, 0.07692969934631999, 0.0887923661715462, -0.0025784143030352924, -0.03189026080933555, -0.03488494391299882, 0.11186606917451736, 0.04704448415224194, -0.0279322640041042, 0.08091048019301433, -5.390240410230174e-05]
other derivatives: [-0.31424406 -0.11781776  0.31516265 -0.08414008  0.04793165  0.        ]
Current x array =  [ -0.67727155  -0.99703343  -0.35748844   0.78280988  -3.32078453
   0.33647224  -0.77649721  -0.52117419  -0.89501246  -1.15995921
 -10.32687609 -10.96838817  -0.46499529  -0.05188173  -1.5832372
  -1.5605246   -2.32817819  -1.28942666  -2.07044154  -2.07282235
  -1.26208739  -1.31586248]
log likelihood =  -4310.621170382272
Edge derivatives =  [-0.0785890841470092, -0.006592029788487719, -0.04818312567096664, -0.05889207550941161, -0.0010043369712298166, -0.00037107386566963247, 0.09577306851286271, 0.09776102970594042, 0.0012577959712517517, -0.04778280278301528, -0.025767302725466373, 0.04943305734312625, 0.04422544076750462, -0.03200351295413817, 0.05288936409665562, -0.0157075086312366]
other derivatives: [-0.06998471 -0.07390099  0.02641627 -0.03637342  0.02198891  0.        ]
Current x array =  [ -0.67746238  -0.99709015  -0.35736402   0.78255548  -3.32066782
   0.33647224  -0.77599847  -0.52128108  -0.89544922  -1.15927836
 -10.42588867 -11.07828848  -0.46557529  -0.05202045  -1.58338692
  -1.56014974  -2.32920414  -1.28827786  -2.07036662  -2.07261071
  -1.26151447  -1.31547966]
log likelihood =  -4310.621025364542
Edge derivatives =  [-0.07790135117268265, -0.012162990383241756, -0.04262338372454691, -0.06076736325765047, -0.0009727848480450656, -0.00035906995535919323, 0.09423597037157827, 0.07992442911518208, 0.004630006057165403, -0.04335936619061265, -0.0191435998087508, 0.0006547708751449832, 0.036654588544698885, -0.03814699589801607, 0.029559443733149227, -0.015863952557613525]
other derivatives: [ 0.01789795 -0.05725633 -0.12903547  0.0196078   0.02362336  0.        ]
Current x array =  [ -0.67754346  -0.9971195   -0.35730534   0.78223377  -3.32083906
   0.33647224  -0.77600235  -0.52096249  -0.89572656  -1.15908416
 -10.45834851 -11.11429065  -0.46555836  -0.0516594   -1.5835168
  -1.56027075  -2.32991037  -1.28735179  -2.07008998  -2.07239758
  -1.26101198  -1.31544077]
log likelihood =  -4310.620854169808
Edge derivatives =  [-0.07173741269037676, -0.022440772802172604, -0.030893823128178843, -0.05673273632703213, -0.0009493201796932096, -0.00035020924308555655, 0.08521340658062382, 0.053902989401851814, 0.00865104531281774, -0.039790916018374034, -0.013065556870457934, -0.040849732752116896, 0.028138042221305337, -0.035342197401449726, 0.002060501642303536, -0.02093451381527711]
other derivatives: [ 0.09722135  0.06118626 -0.03697278  0.05243328  0.01077533  0.        ]
Current x array =  [ -0.67758303  -0.99731214  -0.35735192   0.78197513  -3.32084174
   0.33647224  -0.77642671  -0.52039564  -0.89627034  -1.1595072
 -10.48326996 -11.14192152  -0.46526266  -0.05123148  -1.58372182
  -1.56036298  -2.33064597  -1.28655507  -2.06970889  -2.07256307
  -1.26044646  -1.31533051]
log likelihood =  -4310.620822416584
Edge derivatives =  [-0.05006064055938311, -0.051630098496313725, -0.008706712904391789, -0.045231562723822685, -0.0008948853522547173, -0.0003295146387044244, 0.05245503788733441, -0.013326738987189307, 0.026270098669067155, -0.01940973212931929, 0.010097874583071237, -0.0863632782769872, 0.01469118831971794, -0.027384709467741075, -0.030701276144641187, -0.013963491036567022]
other derivatives: [-0.60693128 -0.05627226 -0.71982504  0.14205125  0.00188742  0.        ]
Current x array =  [ -0.67718983  -0.99719403  -0.35716065   0.78161399  -3.32106658
   0.33647224  -0.77766199  -0.518564    -0.89707746  -1.16116585
 -10.53945023 -11.20417726  -0.46427402  -0.0501425   -1.58425167
  -1.56078654  -2.33258605  -1.28565244  -2.06900788  -2.07302406
  -1.25974274  -1.31541075]
log likelihood =  -4310.620541364344
Edge derivatives =  [-0.04878007518768432, -0.054871633352339244, -0.006025818191868981, -0.039269995534980624, -0.0008758225623731536, -0.0003209565182127538, 0.05399268924089329, -0.00897616793964831, 0.02740985372530963, -0.022473346294377028, 0.013222817714665852, -0.06090314621176801, 0.017703304425932487, -0.019266325705650678, -0.019982511302995998, -0.01410543881756754]
other derivatives: [-0.09679661  0.10437179 -0.06287883  0.07344534  0.00389031  0.        ]
Current x array =  [ -0.67745236  -0.99738891  -0.35738204   0.78179033  -3.32090738
   0.33647224  -0.77785486  -0.51840266  -0.89712073  -1.16163205
 -10.56038609 -11.2274125   -0.46416553  -0.05021525  -1.58431007
  -1.56068352  -2.33277973  -1.28606742  -2.06909365  -2.07331023
  -1.25991418  -1.31537215]
log likelihood =  -4310.620443775424
Edge derivatives =  [-0.046118195933764844, -0.05968392556706992, -0.003051150746563369, -0.032818387020209464, -0.0008436796566964501, -0.00030738309640389945, 0.05285198876101649, -0.006473195538841292, 0.03167811291362865, -0.024694147794341537, 0.020279654901391025, -0.02850800859771413, 0.022394852547556077, -0.01036542874854185, -0.004831286964391002, -0.012147346932933178]
other derivatives: [0.00420368 0.11758038 0.13966655 0.02231536 0.00295901 0.        ]
Current x array =  [ -0.677493    -0.99738295  -0.35745252   0.78201936  -3.32077182
   0.33647224  -0.77809298  -0.51809358  -0.897118    -1.16226703
 -10.59598768 -11.2669173   -0.46402267  -0.05028893  -1.58440622
  -1.56057657  -2.33318384  -1.28662917  -2.06921711  -2.07363693
  -1.26018599  -1.31536601]
log likelihood =  -4310.620356185384
Edge derivatives =  [-0.038848587192152645, -0.06919336794508057, 0.004909727226049598, -0.022814826871820494, -0.0007904833861345177, -0.00028551498820330657, 0.0458860038949499, -0.01248287287386185, 0.039327965481748994, -0.02545502354018614, 0.033296734307271175, 0.005219820893393179, 0.0256951504391284, 0.0025713969924267, 0.008420850602761876, -0.009274487479998483]
other derivatives: [ 0.05164748  0.05073798  0.16102786 -0.02897832 -0.00039934  0.        ]
Current x array =  [ -0.67752118  -0.99723527  -0.35745976   0.78226589  -3.32061466
   0.33647224  -0.77861465  -0.51747654  -0.89725922  -1.16336538
 -10.65842038 -11.3361839   -0.4636676   -0.05025686  -1.58458199
  -1.5604931   -2.33403843  -1.28720032  -2.06924843  -2.07414178
  -1.26041222  -1.31535309]
log likelihood =  -4310.620225778182
Edge derivatives =  [-0.033794272467746383, -0.058501137309120155, 0.0066242772398092675, -0.018328936590059634, -0.0007538638903639826, -0.00027037985804492017, 0.03822471116434023, 0.003304020367344007, 0.02738426764850893, -0.03371284910972827, 0.03137128911862125, 0.026998976680224995, 0.024628978528987266, 0.011677467692115528, 0.01062200133639174, -0.019003692617149848]
other derivatives: [ 0.06246137 -0.00756518  0.10615986 -0.05935181 -0.01613063  0.        ]
Current x array =  [ -0.67753441  -0.99708915  -0.35745085   0.78236765  -3.32028764
   0.33647224  -0.77903056  -0.51814209  -0.89739368  -1.1639644
 -10.70645015 -11.3895048   -0.46336473  -0.05074126  -1.58427639
  -1.56034918  -2.33393123  -1.28762992  -2.06918924  -2.07454598
  -1.26051414  -1.31520367]
log likelihood =  -4310.619912592903
Edge derivatives =  [-0.0009043633993828237, -0.03974923181518247, 0.021234088284613345, 0.004020749367233369, -0.0005209680359793324, -0.00017899107398066676, -0.0009300707979246203, 0.017383811445814967, -0.0007129406593480714, -0.02821430560453675, 0.06720468991611339, 0.04159100297029433, 0.006910602304992963, 0.029275504948675812, 0.010881904059109493, -0.018048346780840885]
other derivatives: [ 0.01655008 -0.10217173 -0.1731878  -0.02360866  0.01677359  0.        ]
Current x array =  [ -0.67753784  -0.99677348  -0.35742767   0.78177152  -3.32005666
   0.33647224  -0.78110535  -0.51916074  -0.89802302  -1.16698598
 -11.07405083 -11.79741449  -0.46170755  -0.05148954  -1.58360759
  -1.56054617  -2.33677379  -1.28778023  -2.06840405  -2.07549233
  -1.26041209  -1.31513289]
log likelihood =  -4310.619791290648
Edge derivatives =  [-0.010908405068500299, -0.00797427192202832, 0.007356395904770663, 6.39977058295594e-05, -0.0004493923319244281, -0.0001517536082627866, 0.006264319191414347, 0.061221506991514546, -0.02743483969293309, -0.04362029855085625, 0.0619183779814243, 0.033935524402037065, 0.0062167502027822286, 0.022254659951687517, 0.012397554121738541, -0.03193698403591394]
other derivatives: [-0.16894592 -0.01679291 -0.02507932 -0.01614899 -0.00975853  0.        ]
Current x array =  [ -0.67739255  -0.99689664  -0.35752522   0.78161269  -3.31959757
   0.33647224  -0.78084607  -0.52129203  -0.89784128  -1.16662163
 -11.2248283  -11.96480246  -0.4619977   -0.05252914  -1.58301724
  -1.56031163  -2.33654286  -1.2877252   -2.0684961   -2.07530346
  -1.26052413  -1.3149616 ]
log likelihood =  -4310.619718938888
Edge derivatives =  [-0.003503998075704562, 0.016896771124075727, -0.0009322831643740204, -0.005798841137487383, -0.0004419471341874287, -0.00014890173260018492, -0.0031606014949436823, 0.05896180657252839, -0.03995490692525583, -0.02746956792729338, 0.050085250381299906, 0.007783604313551462, -0.003343904714717738, 0.010204227069761651, 0.003675020039932142, -0.02208317713728203]
other derivatives: [ 0.10334588  0.02675188 -0.28642989  0.04139019 -0.01066911  0.        ]
Current x array =  [ -0.67759978  -0.99691307  -0.35742208   0.78125515  -3.3196354
   0.33647224  -0.7809527   -0.5226441   -0.8976341   -1.16626876
 -11.24388919 -11.98596401  -0.46179163  -0.05254698  -1.58263453
  -1.56078451  -2.33564187  -1.28723759  -2.06823634  -2.07485067
  -1.26034156  -1.31521276]
log likelihood =  -4310.619665921611
Edge derivatives =  [-0.004986724862510977, 0.013606018302602274, -0.006350202075106948, -0.007867751938689587, -0.0004294209276735668, -0.00014430661000129475, -0.010923895798257588, 0.03805733422613769, -0.04236029766612942, -0.01877395915088531, 0.049960369208708305, -0.015686934000049335, -0.009411488946498459, 0.0011033638351268804, -0.007063851402136667, -0.016369482696669824]
other derivatives: [ 0.018832   -0.03446985  0.03560126  0.04879439  0.00384481  0.        ]
Current x array =  [ -0.67753409  -0.99681117  -0.35756522   0.78108809  -3.31976014
   0.33647224  -0.78110716  -0.52268981  -0.89762496  -1.16633994
 -11.27384171 -12.01918563  -0.46162642  -0.05221257  -1.58270175
  -1.56109773  -2.3357696   -1.28680903  -2.0680561   -2.0746339
  -1.26015883  -1.31539342]
log likelihood =  -4310.619640069248
Edge derivatives =  [-0.004510056650283423, 0.013859636284730248, -0.008003419296762543, -0.0073195821703268115, -0.0004212569557037021, -0.0001412234481985918, -0.01118267080746771, 0.031776047467905244, -0.03847380748156992, -0.013705218137750608, 0.05065700979450535, -0.013639714764797806, -0.008551681002859746, -0.0007743308102381441, -0.0031163838576783176, -0.010594159192705122]
other derivatives: [ 0.0325881  -0.01562057  0.10138137  0.03908099  0.00235007  0.        ]
Current x array =  [ -0.67753408  -0.99684287  -0.35758867   0.78114364  -3.31975598
   0.33647224  -0.78111339  -0.52269323  -0.8975353   -1.16640004
 -11.29258757 -12.03998466  -0.46163423  -0.0520836   -1.5827999
  -1.56120649  -2.33575634  -1.28683209  -2.06809323  -2.07455606
  -1.26022107  -1.31550335]
log likelihood =  -4310.619557710378
Edge derivatives =  [0.0007282147486462887, 0.022282904175495777, -0.015707792117056307, -0.0036129820832753266, -0.0003734794601149208, -0.0001233418024236118, -0.013134307564847902, 0.006030203403183887, -0.020421896558866004, 0.011656795554762178, 0.05258618424092004, 0.0007969128733848474, -0.004189196977564202, -0.008988144191459102, 0.017892417692960072, 0.01754631432484477]
other derivatives: [ 0.0652235   0.05203401  0.20545031 -0.00700584 -0.0120611   0.        ]
Current x array =  [ -0.6775284   -0.99695036  -0.35762251   0.78145299  -3.31965534
   0.33647224  -0.78121089  -0.5230526   -0.89707662  -1.16678802
 -11.41070388 -12.17105101  -0.46164381  -0.05157849  -1.58321394
  -1.56174809  -2.33553398  -1.28703256  -2.06827965  -2.07419737
  -1.26056587  -1.31604167]
log likelihood =  -4310.619511487971
Edge derivatives =  [0.0019861599774383676, 0.028641205682267523, -0.017729791401134593, -0.0012528765297667704, -0.0003454202965519426, -0.00011303026002400669, -0.008661182321305194, -0.00023782399103189356, -0.010992673324269009, 0.018471172757616006, 0.04910413373011807, 0.00524604341031315, -0.0012352588824185995, -0.01246588658120329, 0.021599877400344802, 0.023751934220495152]
other derivatives: [ 0.03659898  0.01182161  0.16210379 -0.02939851 -0.01214531  0.        ]
Current x array =  [ -0.67751256  -0.99688166  -0.35760431   0.78160731  -3.31962628
   0.33647224  -0.78119547  -0.52337875  -0.89692233  -1.16691904
 -11.48839253 -12.25726738  -0.46177305  -0.05143757  -1.58344496
  -1.56190541  -2.33516771  -1.28710732  -2.06840548  -2.07404254
  -1.26065388  -1.31618336]
log likelihood =  -4310.619419706296
Edge derivatives =  [0.00658895172564089, 0.040157669371237714, -0.01475834604179771, 0.007753551108961532, -0.00027720599853636924, -8.847698859180627e-05, 0.004732397198600857, -0.005942113784551228, 0.010959983688965613, 0.02480120174902356, 0.04156449016857161, 0.015453835332601473, 0.0062654819375933535, -0.013065547591806337, 0.021798447368817975, 0.025211645222813717]
other derivatives: [-0.02003162 -0.01022181 -0.01441458 -0.05176298 -0.00906378  0.        ]
Current x array =  [ -0.67748169  -0.99684059  -0.35753949   0.78177527  -3.31957624
   0.33647224  -0.78124921  -0.5238874   -0.89681989  -1.1674617
 -11.70746153 -12.50038192  -0.46205479  -0.05127169  -1.58399172
  -1.56200231  -2.33448513  -1.28727467  -2.06866657  -2.07393364
  -1.26069753  -1.31623479]
log likelihood =  -4310.619350043517
Edge derivatives =  [0.009153920245404623, 0.04845301657688633, -0.008593671844340345, 0.016974914242786895, -0.000220441157469566, -6.858267494620215e-05, 0.018864665463967478, -0.003925755809077086, 0.026390503883756855, 0.02038092913790679, 0.030771022413629417, 0.019597244258828306, 0.011679642839987292, -0.010035055665856385, 0.010691691152892258, 0.013545622964136528]
other derivatives: [ 0.0308346  -0.04647245 -0.06743267 -0.06011942  0.00328559  0.        ]
Current x array =  [ -0.67752082  -0.99675261  -0.35752353   0.78175714  -3.31954581
   0.33647224  -0.78135363  -0.52431897  -0.896933    -1.16805092
 -11.93704588 -12.75516896  -0.46229118  -0.05128375  -1.58443184
  -1.5618911   -2.33375871  -1.28735136  -2.06884511  -2.07399453
  -1.26056549  -1.31605496]
log likelihood =  -4310.619831655244
Edge derivatives =  [0.003954598705181972, 0.029730661676187764, 0.0012144510851037904, 0.01912243973182817, -0.00015505060885537608, -4.676996145772591e-05, 0.03164876308202802, -0.05919975486880824, 0.06914488913496974, 0.022857359246611253, 0.007992490604108143, -0.04714174577097813, 0.016831914234697876, -0.018515832463440907, -0.04125392029345554, -0.0051141512728071215]
other derivatives: [-1.08263157 -0.06944629 -0.98544751  0.1342496  -0.01314921  0.        ]
Current x array =  [ -0.67687284  -0.99691696  -0.35725539   0.78101654  -3.31995868
   0.33647224  -0.78100365  -0.52319746  -0.89727956  -1.16816115
 -12.2895202  -13.14628466  -0.4628673   -0.05017038  -1.58567483
  -1.56185729  -2.33239498  -1.28619382  -2.06894795  -2.0735763
  -1.25972295  -1.31582159]
log likelihood =  -4310.619330134731
Edge derivatives =  [0.008289965287398754, 0.04534390548757716, -0.006966797391639801, 0.017330558364969488, -0.00020793276419834837, -6.43601434703481e-05, 0.02098606546381021, -0.01309999421263211, 0.033495593918710986, 0.02079503893335155, 0.02699446774514358, 0.008528230972010664, 0.012534771930797828, -0.011443183538836221, 0.0020699820532918967, 0.010449147424099525]
other derivatives: [-0.15382921 -0.05028232 -0.21975484 -0.02785691  0.00056083  0.        ]
Current x array =  [ -0.67741326  -0.99677989  -0.35747902   0.7816342   -3.31961435
   0.33647224  -0.78129554  -0.5241328   -0.89699053  -1.16806922
 -11.99555717 -12.82009478  -0.46238682  -0.05109893  -1.58463818
  -1.56188549  -2.33353233  -1.28715921  -2.06886218  -2.0739251
  -1.26042563  -1.31601622]
log likelihood =  -4310.619281295355
Edge derivatives =  [0.008635381679634235, 0.045680114551487294, 0.0003097326169261283, 0.0240253532278146, -0.00017527437204546784, -5.325632362350594e-05, 0.03006398899322904, -0.008700436308358622, 0.04056954098328619, 0.010468258404063624, 0.018980143574421376, 0.006608228721679821, 0.014950405142185708, -0.0060134250111097964, -0.012679906697285137, -0.006067434676050976]
other derivatives: [-0.06654955 -0.04598223 -0.16175545 -0.01558874  0.01225604  0.        ]
Current x array =  [ -0.67746891  -0.99676081  -0.35750749   0.78145637  -3.31961393
   0.33647224  -0.78140813  -0.52418061  -0.89724008  -1.1685485
 -12.16736711 -13.01076233  -0.46249133  -0.05118464  -1.5848927
  -1.56164648  -2.3331222   -1.2871316   -2.06891947  -2.07410797
  -1.26021243  -1.31573065]
log likelihood =  -4310.61923880874
Edge derivatives =  [0.005658218275170546, 0.0379450844715854, 0.004787620140722898, 0.026266604700262437, -0.0001549538873474983, -4.648496603212185e-05, 0.032229398310677726, -0.010125189488915026, 0.04339004515461681, 0.0007797294224641815, 0.011790277763347429, 0.0015412408226382346, 0.015866211347970338, -0.0017989825912011481, -0.022257005518591944, -0.017550687721670344]
other derivatives: [ 0.00051932 -0.00066484 -0.04776393  0.00549335  0.00893796  0.        ]
Current x array =  [ -0.6775046   -0.99683021  -0.35755389   0.78127214  -3.31959793
   0.33647224  -0.78140763  -0.52380794  -0.89744173  -1.1687757
 -12.29149141 -13.14850496  -0.46250802  -0.05118034  -1.58503108
  -1.56141732  -2.33273431  -1.28705564  -2.06893006  -2.07425364
  -1.26008156  -1.31553813]
log likelihood =  -4310.619207018302
Edge derivatives =  [0.0008430136397456489, 0.025596341031968173, 0.006719722734330497, 0.02479476559668193, -0.00014360690202904503, -4.276641085796223e-05, 0.02832356257455504, -0.013950230825429705, 0.041041916079328, -0.007711382768746611, 0.006118190197420631, -0.005462640796591922, 0.014875111976480504, 0.0008696784086879017, -0.02663531094462701, -0.023702700616959005]
other derivatives: [ 0.03911009  0.03317655  0.06534901  0.02686011 -0.00178031  0.        ]
Current x array =  [ -0.67752421  -0.99689306  -0.35759633   0.78112543  -3.31958383
   0.33647224  -0.78134127  -0.52319914  -0.89758941  -1.16878797
 -12.3684238  -13.23387331  -0.46242871  -0.05114623  -1.58502002
  -1.56122649  -2.33241302  -1.286954    -2.06888415  -2.07436152
  -1.26003664  -1.31544522]
log likelihood =  -4310.619177161454
Edge derivatives =  [-0.003910687100785876, 0.012549394352820264, 0.006878072933976659, 0.021562831669838772, -0.00013576139003912904, -4.021766528520891e-05, 0.021109439028298316, -0.017475741693176366, 0.03616551462473949, -0.013617195625458933, 0.001527709612119954, -0.009722603369111904, 0.013277201748462253, 0.002331905885053054, -0.023949197404946054, -0.02366998327102865]
other derivatives: [ 0.05060065  0.04758112  0.13339468  0.03762398 -0.0160007   0.        ]
Current x array =  [ -0.67752971  -0.99693222  -0.35761613   0.78108711  -3.31956657
   0.33647224  -0.78123675  -0.52252387  -0.89765345  -1.16867906
 -12.42521617 -13.2968911   -0.46229323  -0.05111159  -1.58490893
  -1.56109539  -2.33208338  -1.28690652  -2.06882649  -2.07442788
  -1.26011258  -1.31546496]
log likelihood =  -4310.619130436195
Edge derivatives =  [-0.007268713970874113, -0.005753253631725963, 0.008911742512146215, 0.017257846958015303, -0.00012145741290818206, -3.558618921050585e-05, 0.008560694691192583, -0.01707130805858026, 0.027496669386396166, -0.01934482892691436, -0.004667341649906787, -0.010819624858841248, 0.010380066184943693, 0.0053866815496026454, -0.01173231186988516, -0.01697932900338517]
other derivatives: [ 0.089487    0.0564487   0.06496157  0.043211   -0.03303849  0.        ]
Current x array =  [ -0.6775631   -0.99697303  -0.35756817   0.78116075  -3.31958744
   0.33647224  -0.78110059  -0.52143345  -0.89769973  -1.16850687
 -12.53692312 -13.42084576  -0.46200237  -0.05111553  -1.58462709
  -1.56094379  -2.33150849  -1.28692479  -2.06871529  -2.07453204
  -1.26035264  -1.31559481]
log likelihood =  -4310.619460324158
Edge derivatives =  [-0.024962008084516846, -0.042978873078363955, -0.005163573524901682, 0.008087875060984172, -8.276434417121802e-05, -2.327107358732031e-05, -0.012395934918425389, -0.01955562717047865, 0.0047843143941692645, -0.022572214744130292, -0.02872903476855404, -0.0033770807659194158, 0.0062729460866329245, -0.005584240717309008, 0.02511007076371402, 0.009254282023546945]
other derivatives: [-0.46793866 -0.15809655  1.0511867  -0.09034011 -0.01205699  0.        ]
Current x array =  [ -0.6771338   -0.99674836  -0.35793489   0.78196267  -3.31980563
   0.33647224  -0.78069958  -0.51972288  -0.8973266   -1.168075
 -12.92332342 -13.84963366  -0.46158346  -0.0510034   -1.5841705
  -1.5610577   -2.32944896  -1.28723385  -2.06867721  -2.07435829
  -1.26123082  -1.31633315]
log likelihood =  -4310.619116899591
Edge derivatives =  [-0.010198143833778955, -0.011912311983314161, 0.006582434880152782, 0.015741361115190478, -0.00011398809509096912, -3.317088634946464e-05, 0.0050940754351859185, -0.017480623131830658, 0.023741984885247314, -0.019875852139432326, -0.008639258103085218, -0.009582491031974838, 0.009701361838919675, 0.0035714541279707746, -0.005634130955526562, -0.012637834495536349]
other derivatives: [-0.00270302  0.02096203  0.22828135  0.02110119 -0.02956001  0.        ]
Current x array =  [ -0.67749206  -0.99693585  -0.35762885   0.78129344  -3.31962354
   0.33647224  -0.78103424  -0.52115041  -0.89763799  -1.16843541
 -12.60086015 -13.4917966   -0.46193306  -0.05109698  -1.58455154
  -1.56096264  -2.3311677   -1.28697593  -2.06870899  -2.07450329
  -1.26049795  -1.31571698]
log likelihood =  -4310.619090195203
Edge derivatives =  [-0.008416115501547972, -0.01686009170613656, 0.008229834751018295, 0.014804099716874165, -0.00010496079263277175, -3.0275249959909478e-05, -0.000379657284052648, -0.011629740607549066, 0.01927972312763493, -0.019032549600232818, -0.011502512921532704, -0.004238785745852847, 0.008454101333819464, 0.004856526547407425, 0.006490362313993914, -0.004175692892567029]
other derivatives: [ 0.00385899 -0.00148066  0.08123061  0.00734144 -0.029679    0.        ]
Current x array =  [ -0.67750733  -0.99691353  -0.35755467   0.78146963  -3.31967579
   0.33647224  -0.78099542  -0.52073311  -0.89758691  -1.16836846
 -12.68314439 -13.58310756  -0.46176533  -0.05115724  -1.58435076
  -1.56096058  -2.33079183  -1.28708725  -2.06866146  -2.07453077
  -1.26071604  -1.31586809]
log likelihood =  -4310.619078557149
Edge derivatives =  [-0.004653453356872617, -0.013633499967703189, 0.009226400762708475, 0.016226661357951422, -9.900392640691306e-05, -2.8365433628350323e-05, 0.00023056227408591035, -0.004967126736178301, 0.018695721470421423, -0.015105319082315272, -0.012548325189353726, 0.00222712497997829, 0.00853580599189524, 0.004785173274823418, 0.0134621756987372, 0.0016212724225798114]
other derivatives: [-0.00979708 -0.02009347 -0.0179225  -0.01093667 -0.01894444  0.        ]
Current x array =  [ -0.67750291  -0.99688857  -0.35750766   0.78162419  -3.31974129
   0.33647224  -0.78102122  -0.52078578  -0.89750668  -1.1683945
 -12.74120961 -13.64754638  -0.4617255   -0.05121856  -1.58427262
  -1.56103606  -2.33059219  -1.28720182  -2.06866369  -2.0745095
  -1.2608329   -1.31597059]
log likelihood =  -4310.619073056921
Edge derivatives =  [-0.0018359137659313962, -0.009803107101012565, 0.009654341802252664, 0.017647835908172045, -9.542104709753046e-05, -2.722113798805997e-05, 0.002428912763501434, -0.0007700626795749677, 0.01905564897530093, -0.011778854060177868, -0.01306427277485564, 0.005486937616874854, 0.008713807670926277, 0.0043093341715108036, 0.015017155214344546, 0.0037571905467315148]
other derivatives: [-0.01869375 -0.02135857 -0.04727553 -0.01977514 -0.00790705  0.        ]
Current x array =  [ -0.67749637  -0.99688827  -0.35749375   0.78168528  -3.31980114
   0.33647224  -0.78105462  -0.52092773  -0.89745354  -1.16842705
 -12.77789192 -13.68825581  -0.46173754  -0.05125029  -1.58425326
  -1.56110616  -2.33050444  -1.28725374  -2.06866941  -2.07448155
  -1.26085152  -1.31600885]
      fun: 4310.619073056921
 hess_inv: <22x22 LbfgsInvHessProduct with dtype=float64>
      jac: array([ 1.86937541e-02,  2.13585736e-02,  4.72755346e-02,  1.97751433e-02,
        7.90705075e-03, -0.00000000e+00,  1.83591377e-03,  9.80310710e-03,
       -9.65434180e-03, -1.76478359e-02,  9.54210471e-05,  2.72211380e-05,
       -2.42891276e-03,  7.70062680e-04, -1.90556490e-02,  1.17788541e-02,
        1.30642728e-02, -5.48693762e-03, -8.71380767e-03, -4.30933417e-03,
       -1.50171552e-02, -3.75719055e-03])
  message: 'CONVERGENCE: REL_REDUCTION_OF_F_<=_FACTR*EPSMCH'
     nfev: 109
      nit: 99
     njev: 109
   status: 0
  success: True
        x: array([ -0.67749637,  -0.99688827,  -0.35749375,   0.78168528,
        -3.31980114,   0.33647224,  -0.78105462,  -0.52092773,
        -0.89745354,  -1.16842705, -12.77789192, -13.68825581,
        -0.46173754,  -0.05125029,  -1.58425326,  -1.56110616,
        -2.33050444,  -1.28725374,  -2.06866941,  -2.07448155,
        -1.26085152,  -1.31600885])
