number of sites to be analyzed:  197
log likelihood =  -2310.127918425092
Edge derivatives =  [-4.025714376217939, 4.469503636428841, -1.9579245668138059, 12.388725611026473, -29.16258358007184, -16.62408662593997, -22.3531768480339, -4.261048097262391, -22.37594413707326, -8.524226055504124, -21.01845103233672, -29.815896216057833]
other derivatives: [-92.22174594   5.41240342 -12.18880107  86.88749494 -55.23595246
  52.2515993 ]
Current x array =  [-0.59303273 -0.53168863 -0.73685861  0.18232156 -0.10536052  0.33647224
 -2.30258509 -2.30258509 -2.30258509 -2.30258509 -2.30258509 -2.30258509
 -2.30258509 -2.30258509 -2.30258509 -2.30258509 -2.30258509 -2.30258509]
log likelihood =  -2353.311861204571
Edge derivatives =  [-6.347855550888294, 5.5925440763871395, -0.6828997977541075, 12.438966285478239, -21.565530638501354, -13.36448608025974, -17.157638070834263, -2.0559747468832907, -16.767803672181564, -6.1062331959544425, -14.355002459654312, -22.451894881879163]
other derivatives: [270.81990106   3.94498738  25.54493403 105.15021995 -70.61319502
  46.10080668]
Current x array =  [-1.33439926 -0.52781636 -0.83484384  0.26124544 -0.54939989  0.39004004
 -2.33494763 -2.26665495 -2.31832476 -2.25191889 -2.53702181 -2.43622539
 -2.48228129 -2.33683947 -2.48246431 -2.37111097 -2.47155149 -2.54227376]
log likelihood =  -2293.704150530205
Edge derivatives =  [-4.699391056728349, 4.973208158467349, -1.3761509518431159, 12.598463101656327, -26.487219061674637, -15.53549558596799, -20.570278290973313, -3.438213200837417, -20.499649630411092, -7.662482987043455, -18.732360094268383, -27.33505881785049]
other derivatives: [ 98.11545442   6.33836044  -1.45879403  90.14979287 -62.84837627
  49.79877031]
Current x array =  [-0.81692779 -0.5305192  -0.76645047  0.20615682 -0.23946182  0.35264988
 -2.31235868 -2.29173408 -2.30733852 -2.28728374 -2.37338573 -2.34294489
 -2.35685392 -2.31293002 -2.35690919 -2.32328013 -2.35361348 -2.37497184]
log likelihood =  -2264.924841463705
Edge derivatives =  [-4.834993865134579, 5.041395015906385, -1.1609502588569558, 12.185894066149388, -24.800078977643167, -14.757140032474599, -19.438482230924336, -3.3057769675770357, -19.28615596282427, -7.310575026363517, -17.49927248372008, -25.586732101426286]
other derivatives: [ 84.1147903    2.19862841   3.90691184  83.74097797 -59.4478438
  46.24625672]
Current x array =  [-0.8066218  -0.52268803 -0.78101625  0.32114398 -0.36755965  0.41768343
 -2.32182596 -2.28149279 -2.31093892 -2.26627884 -2.43362561 -2.37776647
 -2.40332355 -2.32125501 -2.40332504 -2.34080022 -2.39663528 -2.43684218]
log likelihood =  -2171.722704717373
Edge derivatives =  [-4.965285539117064, 5.108683662399839, -0.2851158305388344, 10.860153737965462, -18.764501834063772, -11.710584928916235, -15.227659434924366, -2.7211937915326927, -14.766402191543007, -5.781766367902894, -12.92493566752085, -19.345743770496963]
other derivatives: [ 39.34037977 -13.6949775   21.23804734  56.18979731 -38.4953928
  34.29869685]
Current x array =  [-0.76539783 -0.49136336 -0.83927937  0.78109263 -0.87995095  0.67781763
 -2.35969509 -2.24052765 -2.32534049 -2.18225922 -2.67458515 -2.51705277
 -2.58920206 -2.35455495 -2.58898844 -2.41088059 -2.56872246 -2.68432357]
log likelihood =  -2141.2391083871635
Edge derivatives =  [-2.9881409118600555, 3.5615031356539615, 0.79539572993288, 6.645257290282435, -8.379603855240347, -4.045952282241576, -7.839132609744455, -2.4599530591918435, -7.133308809198527, -2.028759191470704, -5.2940835673776006, -7.99142100878399]
other derivatives: [  53.85921258  134.97071768 -209.99943717   -7.061468     35.40406597
   10.00916408]
Current x array =  [-0.75489432 -0.80702732 -0.47316269  1.97317924 -2.25386563  1.41553756
 -2.50858061 -2.08430943 -2.34981321 -1.89243912 -3.36591107 -2.93396322
 -3.13813255 -2.45517842 -3.12772702 -2.61967421 -3.05351328 -3.39472537]
log likelihood =  -2085.445998693596
Edge derivatives =  [-1.3656232737438376, 4.087211022113964, 2.4683689969168388, 9.047455911771014, -6.904781852079784, -3.5722783990209077, -6.070338869564989, -0.940087660614507, -5.093546995634974, -1.7612168352943902, -3.0704710899668637, -6.543408419501517]
other derivatives: [26.47358133 17.26471373 41.54807175 -6.58548127 33.45204317  1.05074844]
Current x array =  [-0.70595472 -0.49497388 -0.97765812  2.10600681 -2.3365825   1.53424432
 -2.53341345 -2.05697941 -2.35164482 -1.84076044 -3.4754334  -2.99672453
 -3.22748198 -2.4743156  -3.21432699 -2.65129062 -3.1292963  -3.50556631]
log likelihood =  -2077.5334532364086
Edge derivatives =  [-2.0336578788519435, 3.6225894167807384, 1.2994774600471095, 7.411607698139616, -7.986326939422855, -4.409493532628605, -6.985797458719079, -1.4555490875505983, -6.1708515758215166, -2.309188246168166, -4.226728195000595, -7.736048146054001]
other derivatives: [ -9.8112514  -20.76137662  24.23288197   0.07757664  21.96571051
   4.4725405 ]
Current x array =  [-0.66669216 -0.44925513 -0.8992432   1.94060317 -2.06037706  1.44449175
 -2.51608579 -2.07024441 -2.3420627  -1.86127135 -3.3839794  -2.94165598
 -3.15696802 -2.46111812 -3.14285582 -2.62359377 -3.06114879 -3.41058475]
log likelihood =  -2073.741572504668
Edge derivatives =  [-1.9601012920006378, 3.312499316776091, 0.5948933261428275, 5.717941365004726, -8.336106536019297, -4.491466386244205, -7.236619519761259, -1.5291401288719202, -6.389883924220833, -2.4016926793277484, -4.64085584702759, -7.8986449171534865]
other derivatives: [-22.51958222  17.64397393  -0.68363033   3.18346152  13.86773734
   5.40469424]
Current x array =  [-0.65576475 -0.50495272 -0.81238625  1.85742533 -1.85213909  1.4149266
 -2.51512917 -2.06483712 -2.33336242 -1.84799755 -3.36342768 -2.92835316
 -3.14424873 -2.45949699 -3.12693458 -2.61719839 -3.04030932 -3.38749532]
log likelihood =  -2069.9090398639764
Edge derivatives =  [-1.8085098418701138, 2.7294276982578403, -0.008618307243655698, 3.769622553514493, -7.743568501672536, -3.916450746297243, -6.721672424056467, -1.5143273489486524, -5.888214917734292, -2.330235893217651, -4.139419466244863, -7.152103807660169]
other derivatives: [ -7.84679696  -0.27898614 -18.56043536   2.36178004  10.88328843
   3.23630966]
Current x array =  [-0.67166872 -0.48047609 -0.76380304  1.89283571 -1.77511116  1.46323667
 -2.53238193 -2.03811635 -2.32748343 -1.79818504 -3.43294269 -2.96750372
 -3.20369437 -2.47148291 -3.18079421 -2.63740594 -3.08090461 -3.4554517 ]
log likelihood =  -2063.2340509103533
Edge derivatives =  [-1.3668095340813986, 1.1366794710133628, -1.1532401847098948, -1.4200088456123594, -6.019225670431645, -2.4203226271292113, -5.194423889756638, -1.5914194597197833, -4.2103112880872455, -2.2102749240079773, -2.5227066750865856, -4.92871463395116]
other derivatives: [  8.49737717 -11.44056932 -26.51647537  -1.85637094   5.89722459
  -4.26144669]
Current x array =  [-0.68876331 -0.46452069 -0.74207918  2.05132897 -1.65715838  1.62381709
 -2.5856623  -1.96062397 -2.31678588 -1.65908668 -3.65763629 -3.09357957
 -3.39316471 -2.50965023 -3.35450446 -2.70352878 -3.21587308 -3.67566728]
log likelihood =  -2058.6589597902266
Edge derivatives =  [-1.1261110119730038, -0.37277832913219, -1.6950186909836376, -5.491931088742728, -4.174813545571935, -0.5785128376088584, -3.132252568908844, -0.3690583089812237, -1.8568291113737823, -0.4905235282024839, 0.0005956397652294651, -2.445634197442528]
other derivatives: [10.53517462  1.93998358 -6.4170913  -3.91013868 -1.2901962  -2.95250377]
Current x array =  [-0.69144795 -0.48129961 -0.79085053  2.14723478 -1.4972701   1.68689612
 -2.64200908 -1.88696884 -2.32014713 -1.5667967  -3.90831467 -3.22291084
 -3.60459957 -2.5585848  -3.54136781 -2.78287313 -3.35287649 -3.90963045]
log likelihood =  -2057.35961688488
Edge derivatives =  [-0.9698649893306521, -0.8108077323180113, -1.4009977015373867, -5.0716526263085555, -3.248741981969753, 0.4328055365549187, -2.038262636089276, 0.3739932186324114, -0.7063002906432536, 0.5930216869147787, 1.190647183240523, -1.3207843088623124]
other derivatives: [ 4.7747576  -0.42923102  0.63045854 -4.21426    -1.82936538 -0.30414883]
Current x array =  [-0.68233136 -0.47634481 -0.81116689  2.15951081 -1.48180242  1.69930538
 -2.67530115 -1.86237895 -2.33769123 -1.5816358  -4.05073964 -3.28206903
 -3.71944708 -2.58027326 -3.6351821  -2.81823177 -3.41038176 -4.02989144]
log likelihood =  -2056.1990485268384
Edge derivatives =  [-0.5614255098319836, -0.9948764966126145, -0.6673904867807301, -2.6187631202216073, -2.317146777359606, 1.4240583953540686, -0.9354542372909244, 0.8538514308117005, 0.3895079313807245, 1.2904502839740348, 1.9988264109891796, -0.26729799927319714]
other derivatives: [-2.56704607  0.04546337  4.58456998 -3.18889103 -1.23974382  1.83067032]
Current x array =  [-0.67105203 -0.47516267 -0.82339285  2.11581979 -1.48620282  1.71663859
 -2.71907088 -1.84872698 -2.3703785  -1.65285878 -4.22886742 -3.33247943
 -3.85480624 -2.59484645 -3.73369808 -2.84254598 -3.45021967 -4.1623812 ]
log likelihood =  -2055.6606878278617
Edge derivatives =  [0.03884384257014896, -0.7564529935126315, 0.17551573537755535, 0.4525392432132179, -1.7007900307713886, 1.9012521273610963, -0.2100378921041951, 0.8854146295097807, 1.0510827254021853, 1.1120436564755016, 1.9612916385972863, 0.3238408700907236]
other derivatives: [11.97094298 -0.96523581  6.48259993 -0.84416469 -1.09778736  2.18293169]
Current x array =  [-0.68682523 -0.47398104 -0.82970517  2.02456472 -1.4773436   1.73306389
 -2.75548228 -1.85517364 -2.40369142 -1.74399569 -4.3843445  -3.34250701
 -3.96090373 -2.59404589 -3.79347374 -2.84177006 -3.44516939 -4.25372373]
log likelihood =  -2055.43150857703
Edge derivatives =  [0.3429632701435327, -0.5986357185664377, 0.5180747955758458, 2.066999859976022, -1.4575731108961718, 1.8756730700763877, -0.02455725418740079, 0.11462623066530199, 1.1116214169501266, 0.28833206428203517, 1.3231462996941012, 0.5155065697164916]
other derivatives: [-11.62539775   0.77188088   0.31078343   0.4854724    0.38249162
  -0.29709755]
Current x array =  [-0.65791896 -0.47469085 -0.80918172  1.97515357 -1.5122886   1.77160067
 -2.77820819 -1.86569799 -2.42421203 -1.80006798 -4.48916929 -3.33680081
 -4.02571884 -2.58630643 -3.82303538 -2.83191926 -3.42983757 -4.3075726 ]
log likelihood =  -2055.291901659233
Edge derivatives =  [0.2689577533648395, -0.4979285991217529, 0.38737279948861414, 1.6397091120735587, -1.6008854644368289, 1.6483404617836765, -0.2068684892467728, 0.15289269098475378, 0.9032190813739378, 0.21598841428817764, 1.17050545820669, 0.3068608559586057]
other derivatives: [-1.22424171  0.12976579  0.31814943  0.36988983  0.03102852 -0.29538873]
Current x array =  [-0.67030801 -0.47480213 -0.80939063  1.979452   -1.50372742  1.76051514
 -2.76715336 -1.87012189 -2.4164652  -1.78440086 -4.44686696 -3.32176
 -3.99257088 -2.58294004 -3.79718386 -2.82581971 -3.41751199 -4.27360001]
log likelihood =  -2055.248813191937
Edge derivatives =  [0.25590503630334016, -0.3987169748953851, 0.3160526725528662, 1.477174395998093, -1.6662761746752994, 1.4426167415441555, -0.31531416949827085, 0.030902657135150724, 0.7447961969782506, -0.0006031659372486703, 0.9120239807962494, 0.17607362539990806]
other derivatives: [ 1.40482189 -0.0417831  -0.62876097  0.48813728 -0.05293242 -0.8097946 ]
Current x array =  [-0.67366185 -0.47497869 -0.80638673  1.97564856 -1.50252194  1.75923145
 -2.76247901 -1.8756628  -2.41349562 -1.7790664  -4.4358567  -3.30751507
 -3.97954631 -2.57892273 -3.78204509 -2.81939214 -3.40438121 -4.25748043]
log likelihood =  -2055.1754650829353
Edge derivatives =  [0.2526693006744824, -0.24111961862847403, 0.22498118833461533, 1.214919408874662, -1.6855557855931609, 1.137919705350112, -0.38833414661187293, -0.1342757750244116, 0.5727080392221262, -0.29456727403399674, 0.5027977040749453, 0.04779133645100944]
other derivatives: [ 3.08933568 -0.20946572 -1.58642615  0.70589275 -0.13770415 -1.48170086]
Current x array =  [-0.67599289 -0.47512935 -0.80332768  1.96863755 -1.50244396  1.75847049
 -2.7585767  -1.8848885  -2.41066071 -1.77072551 -4.44447338 -3.283668
 -3.97434921 -2.57347953 -3.76499354 -2.81113184 -3.38345281 -4.24510265]
log likelihood =  -2054.9930616948586
Edge derivatives =  [0.242680988700275, 0.09894582600387786, 0.06960198990582078, 0.5181386105003922, -1.5636872628759715, 0.5217076384455377, -0.3336142465098038, -0.27334768395301695, 0.3772736004649794, -0.6265517502607489, -0.268683397276735, -0.0650472139376553]
other derivatives: [ 4.32875095 -0.56113731 -2.49738014  1.03421743 -0.22369166 -1.97501801]
Current x array =  [-0.67805061 -0.47507204 -0.80040425  1.95809669 -1.50452987  1.75145117
 -2.75472039 -1.90465712 -2.40651602 -1.7477267  -4.51082386 -3.22857434
 -3.98938546 -2.56481827 -3.73832807 -2.79948696 -3.3399499  -4.24031081]
log likelihood =  -2054.762552005016
Edge derivatives =  [0.24345063827406865, 0.5096611020311012, 0.03567068289319811, -0.314833198723644, -1.164764171782109, -0.1721595360488884, 0.06561231012446811, -0.06379958117750525, 0.414983277264688, -0.401275819500272, -0.8344789586035236, 0.09503703754430867]
other derivatives: [ 4.81511188  6.47268189 -3.66854511  0.578389    0.42983852 -0.90914361]
Current x array =  [-0.67914435 -0.48526931 -0.79674012  1.96819168 -1.51786944  1.734337
 -2.75511756 -1.92384653 -2.40419913 -1.71482709 -4.68991945 -3.15341628
 -4.05104177 -2.55779447 -3.7153108  -2.79836153 -3.29809287 -4.27029197]
log likelihood =  -2054.788450838967
Edge derivatives =  [0.1037475705567308, 0.7080744280942471, -0.13047012519041604, -1.4632615331154435, -0.7521433840010376, -1.1837644783833872, 0.5530324665251967, 0.022052651361725767, 0.4794280516695325, -0.21858849758926857, -1.4666419752363864, 0.32300289122919457]
other derivatives: [  1.24740018 -15.45460736  -1.43135912   0.39645083   0.35039758
   0.13530575]
Current x array =  [-0.67415334 -0.4542567  -0.80418799  1.98045758 -1.52677417  1.71934576
 -2.76043467 -1.94235582 -2.40378491 -1.67860102 -4.95358824 -3.06500059
 -4.14893428 -2.54998962 -3.69687698 -2.80111986 -3.25511071 -4.32758838]
log likelihood =  -2054.6427225215857
Edge derivatives =  [0.1825023608024328, 0.6089743846940285, -0.0443251715586587, -0.8538114073685914, -0.945920285005447, -0.6282020965393093, 0.31266489462352653, -0.016104223490149838, 0.45027909013447553, -0.3126478503777948, -1.1290826784240315, 0.2089028052489894]
other derivatives: [ 3.15013403 -3.56299461 -2.60098022  0.48913673  0.40307719 -0.38759715]
Current x array =  [-0.676765   -0.47048478 -0.80029071  1.97403916 -1.52211456  1.72719028
 -2.75765236 -1.9326704  -2.40400166 -1.69755716 -4.81561733 -3.11126618
 -4.09770972 -2.55407369 -3.70652291 -2.7996765  -3.27760214 -4.29760668]
log likelihood =  -2054.5704799634873
Edge derivatives =  [0.21511194652080967, 0.5519613360763191, 0.06964758333803639, -0.6437663691903729, -0.8028408101892323, -0.5113587251844072, 0.5256595108483283, 0.15217282870580887, 0.6645969580336125, -0.004942855316575484, -0.8507783909609304, 0.41511740931912716]
other derivatives: [ 1.17022682 -0.83840496 -0.68891632  0.2131691   0.59970065  0.43398087]
Current x array =  [-0.67417024 -0.47380512 -0.80611417  1.98142007 -1.52452348  1.72586848
 -2.76362395 -1.92804878 -2.4079597  -1.70219776 -4.88705548 -3.11095076
 -4.13167179 -2.55632382 -3.71777198 -2.80798655 -3.28756584 -4.3269977 ]
log likelihood =  -2054.5367934965407
Edge derivatives =  [0.23109254237700216, 0.43027724417183444, 0.12618685743483155, -0.428819206048873, -0.7054361670608025, -0.3931590117910775, 0.6548134884414102, 0.20633258290056325, 0.7833926937617763, 0.1583778842790651, -0.588453498122703, 0.554082507531577]
other derivatives: [-0.65803988  0.19524987  0.53599251 -0.00729675  0.61078638  0.80279441]
Current x array =  [-0.67179887 -0.47490843 -0.80984606  1.9882549  -1.52336611  1.72807406
 -2.76726148 -1.92149096 -2.41058355 -1.70877956 -4.9426752  -3.11450166
 -4.15441063 -2.55744342 -3.72391529 -2.81436371 -3.29998085 -4.3474028 ]
log likelihood =  -2054.5032302455884
Edge derivatives =  [0.22783473935694787, 0.28213094140369277, 0.11655044031587217, -0.29191646715700836, -0.6322171965527585, -0.3610043575058647, 0.7182988621240601, 0.16739849331638068, 0.7850847938589045, 0.18786338588824522, -0.39847673840904135, 0.6233960119770692]
other derivatives: [-1.60299669  0.76610559  1.26159603 -0.18483822  0.42180088  0.8114437 ]
Current x array =  [-0.6706436  -0.47558835 -0.81195505  1.99451344 -1.51817379  1.73128977
 -2.76746709 -1.91485731 -2.41116293 -1.71421371 -4.99608172 -3.11455359
 -4.16787298 -2.55650476 -3.71985406 -2.81814539 -3.31056158 -4.35790695]
log likelihood =  -2054.4241920329814
Edge derivatives =  [0.19647060650079784, -0.08742272538150181, 0.02969244342034605, 0.008818108564240618, -0.48990106882003337, -0.3705138144963021, 0.7849459991054452, -0.017886385396406856, 0.6085801127582657, 0.11260206834672963, -0.025630508930211904, 0.6943510593664235]
other derivatives: [-2.22233484  1.28323018  1.3955555  -0.51772818 -0.12914993  0.44624995]
Current x array =  [-0.66992492 -0.47634638 -0.81192181  2.00686993 -1.50318816  1.73949621
 -2.7628334  -1.89941007 -2.41042447 -1.72743788 -5.1280397  -3.11087385
 -4.18662855 -2.55189279 -3.69412369 -2.82416753 -3.3338736  -4.36842085]
log likelihood =  -2054.3995754363636
Edge derivatives =  [-0.07694503397866073, -0.43886120542752427, -0.36370416149907636, -0.34315211218712083, -0.4261011971756298, -0.6928633658330539, 0.5182477092663311, -0.10262268884430235, -0.3143103068973757, -0.10162777801770219, 0.1796440710414257, 0.30080095311432525]
other derivatives: [-4.52671793  2.48934248  7.1842569  -0.54698027 -1.20522255  0.5363492 ]
Current x array =  [-0.66854623 -0.47872044 -0.8301441   2.01293819 -1.48270105  1.72452051
 -2.72946486 -1.89221167 -2.3985672  -1.72414104 -5.25576329 -3.09241847
 -4.1256805  -2.5435671  -3.59271175 -2.8231514  -3.34517352 -4.29652801]
log likelihood =  -2054.2957370413833
Edge derivatives =  [-0.039257682587740164, -0.5446309580588865, -0.24099359954692007, 0.09997796710902065, -0.33631984627164074, -0.3563485942916685, 0.6415039362696261, 0.046035938797716, -0.2534657820613683, 0.17953494236864292, 0.5782960282743526, 0.44083980835346986]
other derivatives: [ 0.10531039  0.92254095  1.50172627 -0.80485521 -0.77762812  1.03355896]
Current x array =  [-0.67323173 -0.47660317 -0.81209585  2.01883069 -1.48409641  1.72761797
 -2.73088113 -1.88340819 -2.40266568 -1.7357055  -5.33690393 -3.10463078
 -4.14321892 -2.54599373 -3.59268231 -2.8328288  -3.36559712 -4.31275204]
log likelihood =  -2054.272870995029
Edge derivatives =  [-0.05664688827511069, -0.4624916649359594, -0.2758919833532789, -0.002275562821910271, -0.3559508348230564, -0.3814721774968134, 0.5481346963750878, -0.010966618127448396, -0.3877053185795134, 0.07352167764520257, 0.4088386082393577, 0.33347731462848657]
other derivatives: [-1.98036196  0.20315201 -0.96240819 -0.60556728 -0.62330294  0.74763219]
Current x array =  [-0.67078144 -0.47566141 -0.80441796  2.01232746 -1.48812285  1.72780131
 -2.72733495 -1.88843179 -2.4024517  -1.73341157 -5.32583757 -3.10421789
 -4.12705522 -2.54536657 -3.58456693 -2.83014271 -3.35899106 -4.29753693]
log likelihood =  -2054.2525254587863
Edge derivatives =  [-0.06251664045759303, -0.3261869258478216, -0.2679523772081551, -0.054861273066138805, -0.3598460470079104, -0.3960948667348946, 0.4510120872405351, 0.009345437271596771, -0.5527737078127091, 0.0010934692550251257, 0.2553106011893138, 0.19382819960645806]
other derivatives: [ 1.40687007 -0.54100474 -1.54532609 -0.42522026 -0.33249662  0.55989041]
Current x array =  [-0.67481906 -0.47490642 -0.80295937  2.00494458 -1.49428354  1.72624287
 -2.72141347 -1.89507299 -2.40263081 -1.73010104 -5.33157871 -3.10295395
 -4.10602294 -2.5448908  -3.57006259 -2.8283841  -3.35177478 -4.27671627]
log likelihood =  -2054.2389720200295
Edge derivatives =  [-0.0651957438916539, -0.29250885311913133, -0.2683699421644188, -0.0364079605543334, -0.3558224058123679, -0.3735200260922641, 0.3817183726197474, -0.030248806674479614, -0.666749617029207, -0.07662685654269229, 0.18931562604938262, 0.10722262049027681]
other derivatives: [ 1.44645037 -0.7232984  -1.16254068 -0.29646704 -0.22772785  0.28279615]
Current x array =  [-0.67489776 -0.47469805 -0.80426446  2.00033309 -1.49716992  1.72809401
 -2.71770405 -1.89768095 -2.40357361 -1.73083747 -5.34455106 -3.10554391
 -4.09272127 -2.54447786 -3.56132411 -2.82820085 -3.35075276 -4.26440356]
log likelihood =  -2054.1918224743526
Edge derivatives =  [0.00359449364901189, -0.10126557665686553, -0.15278030824636385, 0.004933617144569996, -0.27751066619256975, -0.2697042683681111, 0.3142844138022975, -0.1260737049810274, -0.7802567251513204, -0.15902717093430713, -0.03628297984753269, -0.016693638436842715]
other derivatives: [ 1.40984639  0.17757338 -0.16460717  0.04359352  0.25326847 -0.51906882]
Current x array =  [-0.67471855 -0.47585919 -0.80769652  1.98638361 -1.50852529  1.73877411
 -2.71231621 -1.90919474 -2.41277734 -1.73096891 -5.46348286 -3.11055866
 -4.07848721 -2.54432793 -3.55337146 -2.83362737 -3.34619736 -4.25155446]
log likelihood =  -2054.219709007082
Edge derivatives =  [0.02236165078283109, 0.03727016027206487, 0.0010118587936348566, 0.03550631778863034, -0.15184946186252285, -0.04572245995440748, 0.37229022919196, -0.07872917877314267, -0.7364745391307095, 0.05092946440830472, -0.07769704828927594, -0.04638872776524976]
other derivatives: [-0.76683727 -9.76118827  1.69102032  0.43401346  0.57295804 -0.37089961]
Current x array =  [-0.67131803 -0.46158794 -0.81418933  1.97428412 -1.51777447  1.74438029
 -2.70705015 -1.92178733 -2.42805521 -1.73230522 -5.69118275 -3.1169635
 -4.07764208 -2.5467149  -3.55454612 -2.84760347 -3.34757796 -4.25266083]
log likelihood =  -2054.178218711542
Edge derivatives =  [0.011609343534588104, -0.04969877304026596, -0.09568929354775033, 0.01713876330728878, -0.22596247518967214, -0.18487045293748908, 0.3365625756344551, -0.10728908467817906, -0.7629279374070084, -0.08234719085058054, -0.05101404430460821, -0.026995970804743422]
other derivatives: [ 0.62543131 -3.36374478  0.51453253  0.18461634  0.37107795 -0.46164169]
Current x array =  [-0.67348191 -0.47066927 -0.81005771  1.98198347 -1.51188888  1.74081287
 -2.71040114 -1.91377419 -2.41833334 -1.73145488 -5.54628885 -3.11288786
 -4.07817986 -2.54519598 -3.55379864 -2.83870996 -3.34669943 -4.25195681]
log likelihood =  -2054.152359947704
Edge derivatives =  [0.07887208724119653, 0.05654919958730692, 0.03201383594607826, 0.08831034043545316, -0.15335354474838025, -0.05717989513801208, 0.38656093683341197, -0.10715993467603702, -0.7182196376386356, 0.029595557160638886, -0.07658364283181669, -0.007285076391556719]
other derivatives: [-0.0206428  -1.0310755   0.64690357  0.29237045  0.64916394 -0.64359722]
Current x array =  [-0.67256535 -0.47374206 -0.81054021  1.97608318 -1.51659661  1.74761517
 -2.70857504 -1.91991788 -2.42726706 -1.73272975 -5.68236741 -3.11626606
 -4.08260751 -2.54602761 -3.55578666 -2.84693313 -3.34857088 -4.25681491]
log likelihood =  -2054.1374028808264
Edge derivatives =  [0.10722352186724221, 0.09979928326102727, 0.11197812941368983, 0.10296087174594445, -0.10305884075622934, 0.05075713527411296, 0.4511043415736141, -0.04049106565190472, -0.6355744566852557, 0.19764234024626023, -0.008012634615357159, 0.03964316765457633]
other derivatives: [-0.39077622  0.04091817  0.46421655  0.2983476   0.66882317 -0.36985833]
Current x array =  [-0.67202848 -0.4751516  -0.80991344  1.97502624 -1.51522443  1.74836428
 -2.70657452 -1.92287045 -2.43327514 -1.73305027 -5.79468332 -3.11773943
 -4.08700485 -2.54715017 -3.55942843 -2.85350541 -3.35195499 -4.26255748]
log likelihood =  -2054.118704980892
Edge derivatives =  [0.11684062897058856, 0.14090066425454414, 0.1609388595357651, 0.01045557040389053, -0.057270617869683904, 0.1433798458605815, 0.48445916603906447, 0.03213285534182876, -0.5357450888263243, 0.3423427172695084, 0.04289609193136071, 0.05900467762155088]
other derivatives: [-0.41917929  0.64018604  0.28838849  0.31234662  0.42362381 -0.00430448]
Current x array =  [-0.67201007 -0.47601415 -0.80917622  1.97485511 -1.50792443  1.74663207
 -2.70127647 -1.92702621 -2.43910147 -1.73121593 -5.93226991 -3.11762655
 -4.08191889 -2.54813504 -3.5648544  -2.85851017 -3.35377333 -4.26286758]
log likelihood =  -2054.0895141592373
Edge derivatives =  [0.11336041523819061, 0.17159302121078332, 0.17078805402666192, -0.1302753578864754, -0.01645262910981478, 0.18307644826973996, 0.4292475648427495, 0.008246843168364118, -0.35775106649414035, 0.291691111625761, -0.004772085893549188, 0.030932909560950256]
other derivatives: [ 0.05810989  0.68039299  0.00515502  0.26843076 -0.07445542  0.0089402 ]
Current x array =  [-0.67264828 -0.47618436 -0.80791143  1.97773623 -1.49474865  1.74682108
 -2.69055741 -1.93277566 -2.44513521 -1.72944289 -6.12355789 -3.11528719
 -4.05774557 -2.54847694 -3.58250326 -2.85776544 -3.35239787 -4.25639696]
log likelihood =  -2054.0684137589074
Edge derivatives =  [-0.026243584890137256, 0.19599152444348655, 0.15295353769129189, -0.02840545155815649, 0.011935432810019846, 0.1969262823941938, 0.20182560260094023, 0.22692831747310394, -0.1454156054298091, 0.2782146351597271, 0.05397026376187239, -0.1026206453096485]
other derivatives: [-0.71041723  0.37325844 -0.93234803  0.01844439  0.06054828  1.09742554]
Current x array =  [-0.67174495 -0.47581802 -0.80487282  1.98626037 -1.49311581  1.73078059
 -2.66646673 -1.93787423 -2.44623704 -1.73287623 -6.34793541 -3.10789918
 -3.98748576 -2.5516808  -3.60260058 -2.84899711 -3.34962546 -4.22490062]
log likelihood =  -2054.059017934371
Edge derivatives =  [-0.019594826967859094, 0.02357811982318292, 0.09196072497515362, 0.12108837172636222, 0.018476392001821596, 0.08330312588246247, 0.1048719782122036, -0.07525268507401088, 0.01389350941462672, -0.08161538496869492, 0.025226487715138322, -0.06666035573767257]
other derivatives: [ 1.63390996 -0.33717015 -0.50167773 -0.20901494 -0.18490649 -0.2067794 ]
Current x array =  [-0.67437837 -0.47484227 -0.80596938  1.99442069 -1.48709951  1.74699099
 -2.66274335 -1.93127091 -2.44605014 -1.7394518  -6.45830184 -3.10599852
 -3.97529753 -2.55005545 -3.62908918 -2.84414778 -3.35585213 -4.2347821 ]
log likelihood =  -2054.0549898237255
Edge derivatives =  [-0.03602638932178712, 0.0418257197526114, 0.07294383331702546, 0.053980981251181975, 0.013327770062721081, 0.06611481510588448, 0.11516678389447571, -0.02673128780087873, -0.03684196126414325, -0.040043894637155686, 0.006890768042273329, -0.07823633811699542]
other derivatives: [-0.07049402 -0.07661356 -0.10696567 -0.13596686 -0.1148069   0.0137748 ]
Current x array =  [-0.67245452 -0.47514467 -0.80725061  1.99212499 -1.49008741  1.74338266
 -2.66471636 -1.93170598 -2.44397369 -1.73713689 -6.40278783 -3.1050317
 -3.97814418 -2.55029713 -3.62260115 -2.84383458 -3.35325176 -4.2328182 ]
log likelihood =  -2054.054288528936
Edge derivatives =  [-0.0473837549345016, 0.03958720727150944, 0.0581990094812192, 0.060444226907581555, 0.00994336746920388, 0.046859105941416485, 0.10291830955895484, -0.012724830566676587, -0.05591735259230177, -0.05235660715929524, -0.0011675809433148998, -0.08783781722021844]
other derivatives: [-0.14075476  0.00166347  0.02233992 -0.12604048 -0.0261444   0.04913181]
Current x array =  [-0.67239363 -0.47525827 -0.80771282  1.99159386 -1.49249976  1.74218384
 -2.66530579 -1.93102879 -2.44215063 -1.73688963 -6.3721784  -3.10428545
 -3.97667012 -2.55038454 -3.62080732 -2.84263226 -3.35223908 -4.2312598 ]
log likelihood =  -2054.054049103308
Edge derivatives =  [-0.0740478949795441, -0.031920447138348684, -0.017269845288847105, 0.03676321020135573, 0.001471287983095041, -0.02970009627433716, 0.05246418264267579, -0.07675240915097925, -0.05781249621479231, -0.14664265532067483, -0.023982000581784027, -0.08579820927472788]
other derivatives: [-1.10851306  0.04214235 -0.04131653 -0.09407187 -0.01927994 -0.2220093 ]
Current x array =  [-0.67132222 -0.47531119 -0.80746301  1.99096286 -1.4942084   1.74404277
 -2.66735504 -1.9270161  -2.4373382  -1.73674677 -6.32131941 -3.10230091
 -3.97190501 -2.55017504 -3.62409953 -2.83992284 -3.35199338 -4.23277725]
log likelihood =  -2054.0530303073656
Edge derivatives =  [-0.0728682269494558, -0.011687052891809963, -0.005497922754212375, 0.04392334014174176, 0.001390189156291367, -0.017643957084970047, 0.056440787807322944, -0.03496815153109695, -0.059744043027643544, -0.10480673627308115, -0.013025850490730878, -0.08762498488266218]
other derivatives: [-0.21877077  0.00219552 -0.00091859 -0.07350805  0.04298579 -0.08722338]
Current x array =  [-0.67236133 -0.47529707 -0.8076665   1.98989887 -1.49533322  1.74246674
 -2.66752098 -1.92749149 -2.43721276 -1.7362898  -6.31557702 -3.10231968
 -3.97121114 -2.5505305  -3.62262713 -2.84050761 -3.3515594  -4.23186138]
log likelihood =  -2054.0526578349263
Edge derivatives =  [-0.0719975437797753, -0.012052064159385478, -0.006826409744882633, 0.03016023530490214, 0.0017706307590093996, -0.015745212399693953, 0.055370024630504285, -0.024562393003249416, -0.047181870260870354, -0.08116340090961686, -0.004496930359143295, -0.08082407896214241]
other derivatives: [ 0.10179838 -0.00334512 -0.02089564 -0.04953456  0.02661147 -0.05670618]
Current x array =  [-0.67274628 -0.47531194 -0.8076051   1.98909088 -1.49496111  1.7423185
 -2.66785619 -1.92735917 -2.43708302 -1.73583424 -6.31927784 -3.10220274
 -3.97035438 -2.55075561 -3.62356521 -2.84123528 -3.35174926 -4.23271916]
log likelihood =  -2054.0521509910827
Edge derivatives =  [-0.07455442923550328, -0.025581045537909797, -0.022598141538931832, -0.009600295869615083, 0.0011927361316229016, -0.024411574873634018, 0.04716421061747807, -0.012730892980989908, -0.019261583587587824, -0.03878266077184851, 0.01150820474945155, -0.06275163889658283]
other derivatives: [ 0.34953746 -0.04074582 -0.042583    0.01250674 -0.01466507 -0.02689983]
Current x array =  [-0.67306426 -0.47528796 -0.80752429  1.98715615 -1.49441042  1.7423191
 -2.66916715 -1.92642962 -2.43608664 -1.73473232 -6.31979725 -3.10162363
 -3.96818588 -2.5512494  -3.62619423 -2.8426358  -3.35218226 -4.23535993]
log likelihood =  -2054.051847276949
Edge derivatives =  [-0.07339082536045033, -0.035338970446450346, -0.032383894726142226, -0.02894338995283291, 0.000534819671710934, -0.03262928971351717, 0.03771358344341552, -0.009423238195804817, 0.004651243840017263, -0.013459281995921002, 0.021368777721763377, -0.046747832937836215]
other derivatives: [ 0.26246335  0.04193225  0.02562774  0.04391528 -0.03974261 -0.0206202 ]
Current x array =  [-0.67297788 -0.47540013 -0.80772142  1.98621264 -1.49417162  1.74251267
 -2.67064858 -1.92567775 -2.43534689 -1.73424966 -6.31881824 -3.10127976
 -3.96610457 -2.55162606 -3.6286864  -2.84354261 -3.35247119 -4.23783798]
log likelihood =  -2054.0518884255225
Edge derivatives =  [-0.06603680267527896, -0.0357693482485148, -0.03946152513948309, -0.05010522809733309, -0.002272486004558743, -0.036538683546548045, 0.029044107531196413, 0.005098609000495857, 0.025668968126897007, 0.03967708097937829, 0.032108191145422696, -0.019505493129877538]
other derivatives: [-0.04432195 -0.68113786 -0.08935149  0.094378   -0.03272082  0.03388226]
Current x array =  [-0.67256955 -0.47433055 -0.80740333  1.98478436 -1.49498601  1.74231234
 -2.67477192 -1.92486224 -2.43422042 -1.73355257 -6.30142822 -3.10128181
 -3.96446134 -2.55230641 -3.63076595 -2.84522661 -3.35235674 -4.24252571]
log likelihood =  -2054.051691014482
Edge derivatives =  [-0.06991243032537998, -0.035523027324550926, -0.03570545002333733, -0.0388954166670723, -0.0007741095041866684, -0.034450936828125195, 0.033640143575415817, -0.002573788628349713, 0.014556860332955411, 0.011565404011698893, 0.02643153360754133, -0.03389811992263777]
other derivatives: [ 0.11809198 -0.29809871 -0.02850675  0.0676622  -0.03642774  0.00506888]
Current x array =  [-0.67278561 -0.47489649 -0.80757164  1.9855401  -1.4945551   1.74241834
 -2.67259017 -1.92529374 -2.43481646 -1.73392142 -6.31062967 -3.10128073
 -3.96533081 -2.55194642 -3.62966561 -2.84433557 -3.3524173  -4.24004533]
log likelihood =  -2054.0514691838066
Edge derivatives =  [-0.06185452024073028, -0.033030931838894995, -0.03286071430095479, -0.03352780114112966, -0.0012528269908562298, -0.03514708923676356, 0.026740801533633445, -0.0006514959721068275, 0.029937777739589236, 0.026556381510757884, 0.030153449962717294, -0.020679089274391067]
other derivatives: [-0.09385985 -0.06549089 -0.00460113  0.06637879 -0.02751871  0.0070641 ]
Current x array =  [-0.67253323 -0.47519867 -0.80764075  1.98552433 -1.49482072  1.74261585
 -2.67430151 -1.9249993  -2.43456591 -1.73402504 -6.30813097 -3.1013657
 -3.96384898 -2.55222291 -3.63129857 -2.84486971 -3.35245089 -4.2421746 ]
log likelihood =  -2054.0513225781065
Edge derivatives =  [-0.05138385320502359, -0.02176667544673072, -0.021122921635812267, -0.013132480447030442, -0.0012792736200114728, -0.02898977978789033, 0.023706712098817598, 0.002287205914244861, 0.03583451394388866, 0.03275457674291847, 0.02958106052863932, -0.013126480175725218]
other derivatives: [-0.20628067  0.03628111  0.01079707  0.04636198  0.00106104  0.01284105]
Current x array =  [-0.67237742 -0.47531038 -0.80770377  1.98606063 -1.49534437  1.74270194
 -2.67568736 -1.92516684 -2.43478783 -1.7344584  -6.30671465 -3.10175238
 -3.96306972 -2.5523875  -3.63187306 -2.84508648 -3.3522974  -4.24347567]
log likelihood =  -2054.05118163014
Edge derivatives =  [-0.03642529178486564, -0.0029873368512670084, -0.003080323771294441, 0.014454335623489384, -0.0012770953263522991, -0.01814159494514936, 0.020818968972974, 0.00648376002042636, 0.03688185362722341, 0.034415703833138175, 0.024986095542003317, -0.006399174411910541]
other derivatives: [-0.19159006  0.06714345  0.01976514  0.01690945  0.04010388  0.01540552]
Current x array =  [-0.67235861 -0.47531964 -0.80776264  1.98686097 -1.49601924  1.74277074
 -2.67744205 -1.92557621 -2.43521391 -1.73499201 -6.30455984 -3.10239021
 -3.962332   -2.55253906 -3.63191859 -2.84516943 -3.35191187 -4.24477182]
log likelihood =  -2054.051139440552
Edge derivatives =  [-0.020431561282723817, -0.002603694256495259, -0.008103329387624161, 0.016947716486650888, -0.004740417700591188, -0.02895722595883367, -0.0027855512728398105, -0.01631467453094468, 0.03005866238171645, -0.01361726190480933, 0.001494840605514261, 0.004427052491825682]
other derivatives: [ 0.01534772  0.05275569 -0.03008927 -0.00233374  0.03822301 -0.12214483]
Current x array =  [-0.67259974 -0.47529782 -0.80761898  1.98755001 -1.49631283  1.74375715
 -2.68122717 -1.92460877 -2.43398393 -1.73491364 -6.28444937 -3.102682
 -3.95966802 -2.55253283 -3.63248659 -2.84396995 -3.35089392 -4.24752056]
log likelihood =  -2054.0509580175376
Edge derivatives =  [-0.001949951892713922, 0.03698057895874346, 0.025135792524282802, 0.013681144339095147, -0.0025397947551173846, 0.008803383512040505, 0.008960076370146605, 0.016166309937029263, 0.018220298658421633, 0.017211981281169852, -0.0007650261126943142, 0.00670122846330367]
other derivatives: [ 0.10307622  0.03154491  0.00753425 -0.00980402  0.03327944  0.00367101]
Current x array =  [-0.67268495 -0.47525077 -0.80776785  1.987729   -1.49585415  1.74242778
 -2.68258443 -1.92624334 -2.4355556  -1.73451485 -6.29443102 -3.10398253
 -3.96017272 -2.55274612 -3.6298839  -2.84464407 -3.35003504 -4.2476686 ]
log likelihood =  -2054.050903791393
Edge derivatives =  [-0.00934179596548447, 0.02328067896760372, 0.015222866725904005, 0.0030209489197377815, -0.0026131657615945454, 0.004218722695995145, 0.0073470508492547645, 0.008603422834441557, 0.014686194516764388, 0.005774889659051777, -0.00017685359369928877, 0.0031268799568231094]
other derivatives: [ 0.0253076  -0.00551836  0.03282503 -0.00363902  0.00422711 -0.00400511]
Current x array =  [-0.67261513 -0.47521197 -0.80782659  1.98768103 -1.49534354  1.7422971
 -2.68205215 -1.9257402  -2.43520996 -1.73438247 -6.2955741  -3.10376667
 -3.96004088 -2.55251711 -3.62964411 -2.84422968 -3.3501123  -4.24700472]
log likelihood =  -2054.050878190363
Edge derivatives =  [-0.012627591592261275, 0.014288749587990868, 0.009100544407234235, -0.006836454479533821, -0.0027599608675138777, 0.004278277673546618, 0.004552174003341847, 0.003814562715263106, 0.009226921601137153, -0.0032541377347860972, -0.0011796290034764567, 0.001924291831316767]
other derivatives: [-3.02698027e-02 -8.32187652e-04 -2.23076313e-02  5.26200829e-06
 -1.97192350e-02 -3.10173069e-03]
Current x array =  [-0.67256809 -0.4752323  -0.80763755  1.98768008 -1.49489002  1.74203004
 -2.68223197 -1.92524265 -2.43486811 -1.73419504 -6.29585623 -3.10374055
 -3.95959882 -2.55230993 -3.62912335 -2.84383704 -3.34998359 -4.24673597]
log likelihood =  -2054.050865573803
Edge derivatives =  [-0.01323791191373451, 0.008299223968145919, 0.006263820133950243, -0.010096330033722678, -0.002841633921072972, 0.004230393032913768, 0.0015085301548957777, 0.0018651007780331325, 0.00892398699817764, -0.005182551520531639, -0.00016851881143559178, 0.003641033071349071]
other derivatives: [ 0.00057162 -0.01259195  0.01220724  0.00227527 -0.03220602  0.00105133]
Current x array =  [-0.67261403 -0.47522095 -0.80774269  1.98766185 -1.49469563  1.74185028
 -2.68275659 -1.92479393 -2.43456929 -1.73410607 -6.29625421 -3.10372876
 -3.95894616 -2.55220934 -3.62904198 -2.84371846 -3.34990745 -4.24696867]
log likelihood =  -2054.0508485282717
Edge derivatives =  [-0.010197090935176234, 0.006834570221434744, 0.008645981642774803, -0.005126543826510954, -0.0028363751466842996, 0.008396267926252407, -0.002394657663383648, -0.0013271006067979985, 0.0022622773167518817, -0.011802734539251653, -0.003445355726249613, 0.0044750790577892455]
other derivatives: [-0.04482581 -0.01815351  0.0280661  -0.00645533 -0.03082415  0.00327534]
Current x array =  [-0.67256157 -0.4752068  -0.80779866  1.98796652 -1.49476979  1.74160367
 -2.68384117 -1.9243973  -2.43437899 -1.73418015 -6.2969087  -3.10394396
 -3.95817632 -2.55202696 -3.62829762 -2.84344979 -3.34958892 -4.24717125]
log likelihood =  -2054.050822644327
Edge derivatives =  [-0.01029357177957517, -0.00384820138717043, 0.00710279040512142, 0.0022492115598587714, -0.002538292269526799, 0.010340930836733778, -0.006860082925488224, -0.002216775139142216, 0.00093973095830472, -0.0021992525885114883, 0.0017474037821713362, 0.008205406441368069]
other derivatives: [ 0.05930997  0.00358432 -0.01176431 -0.0057922  -0.01813838  0.02833599]
Current x array =  [-0.6726877  -0.47524351 -0.80768622  1.98787992 -1.49508406  1.74115547
 -2.68528202 -1.92331888 -2.43373391 -1.73422777 -6.30037997 -3.1038602
 -3.95693593 -2.55177718 -3.62783268 -2.84360355 -3.34951865 -4.24760354]
log likelihood =  -2054.0508086201476
Edge derivatives =  [-0.01041690153528077, -0.00367318448132814, 0.008127276126181457, 0.00755819573295563, -0.002297312407162478, 0.009521110560886809, -0.0060446431264731815, -0.002187587679227221, 0.0008827552220607576, 0.002412157642512819, 0.0024989299017083993, 0.007405927373995914]
other derivatives: [ 0.01853368 -0.00896125 -0.00516684 -0.00642277 -0.00370847  0.02855766]
Current x array =  [-0.67263228 -0.47521795 -0.80771437  1.98784813 -1.49540108  1.74122331
 -2.68531221 -1.92330933 -2.43375357 -1.73434091 -6.30222846 -3.10379272
 -3.95705259 -2.55177337 -3.62778876 -2.84380128 -3.34959875 -4.24750031]
log likelihood =  -2054.0507966240057
Edge derivatives =  [-0.011626175834802466, -0.0050386817888669055, 0.007660726649909896, 0.011102073439580279, -0.00182951449330655, 0.006976251288420526, -0.004470888964100389, -0.003099693436964951, -0.001422051973481421, 0.006745678272329497, 0.002733248262402871, 0.004253611832289651]
other derivatives: [-0.01562239  0.04276626  0.01128137 -0.00456988  0.01149223  0.02227637]
Current x array =  [-0.67259113 -0.47528777 -0.80777084  1.98770742 -1.49574508  1.74134585
 -2.68519829 -1.92325034 -2.43371738 -1.73440113 -6.30622485 -3.10360537
 -3.95734472 -2.55172369 -3.62749957 -2.84403523 -3.34972384 -4.24701831]
log likelihood =  -2054.0507902824
Edge derivatives =  [-0.012706729972357597, -0.0068377380751562244, 0.005963019566056965, 0.011064397921281222, -0.0014788181825845835, 0.004570545020597144, -0.003950668376279838, -0.004332776697751839, -0.0047109485282177885, 0.009068110680540212, 0.0020267692364165507, 0.0012606152841677341]
other derivatives: [-0.01407898 -0.04860021  0.00213186 -0.00036653  0.0194165   0.01366029]
Current x array =  [-0.67258708 -0.47515672 -0.80775008  1.98755097 -1.49597135  1.74145235
 -2.68530456 -1.92315132 -2.43361121 -1.73437594 -6.30996712 -3.10343236
 -3.9574918  -2.55168152 -3.62716824 -2.84421512 -3.34978801 -4.24662882]
log likelihood =  -2054.0507833608267
Edge derivatives =  [-0.011996600856759049, -0.007000913455744273, 0.005054564456224653, 0.007605148737936163, -0.001476309653472863, 0.00409282510809289, -0.004682921178628896, -0.00455634223754528, -0.005920689128067924, 0.008147364612841143, 0.0009659531863182025, 0.0011514964837268798]
other derivatives: [-0.0123564  -0.01827266  0.00414593  0.00174349  0.01468818  0.00899119]
Current x array =  [-0.67259398 -0.47520202 -0.80775369  1.98748963 -1.49589849  1.74146629
 -2.68553938 -1.9230948  -2.43352211 -1.73427654 -6.31055497 -3.1034057
 -3.95738778 -2.55168064 -3.62705585 -2.8442091  -3.3497416  -4.24664017]
log likelihood =  -2054.050773393422
Edge derivatives =  [-0.009191087465357309, -0.005729329661698812, 0.0032174900841876325, -0.00234310623087422, -0.0013568103966179455, 0.0031299637250057633, -0.0063037717292925635, -0.003848653212236472, -0.009498560995678591, 0.0073450711295569154, -0.002097088140359707, 0.0007117911263489485]
other derivatives: [-0.00051978  0.01321678  0.00655018  0.00843137  0.00264993 -0.00269373]
Current x array =  [-0.67261669 -0.47525076 -0.80775741  1.9872942  -1.49572754  1.74151391
 -2.68633564 -1.92300792 -2.43329448 -1.73397677 -6.31315933 -3.10332491
 -3.95714089 -2.55171397 -3.62670374 -2.84426984 -3.34960985 -4.24668019]
log likelihood =  -2054.050768026382
Edge derivatives =  [-0.007297663159483672, -0.0038144644440761544, 0.0029044056084027436, -0.00433012889485096, -0.0012236601752977382, 0.0023843669274497686, -0.006488867785337034, -0.002234917494518804, -0.009633286960152816, 0.007937752720371324, -0.002347833196715013, 0.0009270735125493264]
other derivatives: [-0.00200453  0.01178705  0.00363661  0.00919303  0.00064455 -0.00506309]
Current x array =  [-0.67261411 -0.47524701 -0.807748    1.9872688  -1.49571022  1.74153511
 -2.68679602 -1.92301423 -2.43317451 -1.73389984 -6.31473441 -3.10324788
 -3.95708461 -2.55177092 -3.62669501 -2.84430784 -3.34960162 -4.24673956]
log likelihood =  -2054.0507589072367
Edge derivatives =  [0.002415813634938757, 0.011482148540424009, 0.00608523660737631, 0.0007798079362146826, -0.00037577590788271525, 0.0009004534377518164, -0.0025531884211583145, 0.0038351818718869446, -0.009906251938228465, -0.0022330539723953713, -0.004073235618006862, -0.0009098487188129271]
other derivatives: [ 0.08194547  0.0316868  -0.00971295 -0.00550705  0.00494316 -0.01733452]
Current x array =  [-0.67269828 -0.47526634 -0.80770784  1.98767393 -1.49575249  1.74162435
 -2.6883564  -1.92344469 -2.43285291 -1.73390088 -6.32089905 -3.10296179
 -3.95774967 -2.55194405 -3.62674349 -2.84392462 -3.34959066 -4.24644374]
log likelihood =  -2054.0507483216516
Edge derivatives =  [0.001785809806967742, 0.0051870016925664175, -0.0014826019166672144, -0.00453110896026368, 6.232581671108918e-05, -0.004085370106917119, -0.003109845388096534, 0.006155317436605648, -0.004005481822272006, 0.004010767069840215, 0.0031330932953019253, 0.0017464951652344726]
other derivatives: [-0.04740559 -0.00144973 -0.02667821  0.00149134 -0.00606083  0.00038309]
Current x array =  [-0.67254944 -0.47521385 -0.80764342  1.98750406 -1.49565894  1.74139072
 -2.6895964  -1.92287946 -2.4321048  -1.7337641  -6.32628267 -3.10249702
 -3.95736966 -2.55197408 -3.62727673 -2.84398423 -3.34982368 -4.24665341]
log likelihood =  -2054.050743652396
Edge derivatives =  [-0.00026406483601630615, 0.0038869825566526517, 0.0001004047358849347, -0.000824250672350757, -0.00012279422103072526, -0.0027129038378009285, -0.0026245010243488576, 0.004240894541573267, -0.003962689173022352, 0.00327158264281191, 0.0027751356219009593, 0.0012376906964589145]
other derivatives: [-0.00654563 -0.00268528 -0.00547925 -0.00019036 -0.00120245  0.00097953]
Current x array =  [-0.6725972  -0.47521466 -0.80771348  1.98754447 -1.49571658  1.7414103
 -2.68888927 -1.92295095 -2.43234851 -1.73388123 -6.32382178 -3.10264081
 -3.95750078 -2.55191139 -3.6272704  -2.8439634  -3.34981707 -4.24657223]
log likelihood =  -2054.0507428320216
Edge derivatives =  [-0.0006318245913924936, 0.0033499496467011836, 7.979804187834005e-05, 0.0008609878316215847, -8.328561787879479e-05, -0.002647719994805439, -0.0021340565033931003, 0.0035054856941745816, -0.003252873605468838, 0.002174561673761649, 0.003168956672999157, 0.0011100674883404715]
other derivatives: [-1.68256520e-04 -2.59205990e-03 -5.04769559e-05 -1.57799139e-03
 -5.04689046e-05  2.17817233e-03]
Current x array =  [-0.67260423 -0.47521476 -0.80773046  1.98758529 -1.49573407  1.74139006
 -2.68884307 -1.92292532 -2.43233429 -1.73392556 -6.323822   -3.10263559
 -3.95757629 -2.55187834 -3.62733887 -2.84389954 -3.34983102 -4.24652022]
      fun: 2054.0507428320216
 hess_inv: <18x18 LbfgsInvHessProduct with dtype=float64>
      jac: array([ 1.68256520e-04,  2.59205990e-03,  5.04769559e-05,  1.57799139e-03,
        5.04689046e-05, -2.17817233e-03,  6.31824591e-04, -3.34994965e-03,
       -7.97980419e-05, -8.60987832e-04,  8.32856179e-05,  2.64771999e-03,
        2.13405650e-03, -3.50548569e-03,  3.25287361e-03, -2.17456167e-03,
       -3.16895667e-03, -1.11006749e-03])
  message: 'CONVERGENCE: REL_REDUCTION_OF_F_<=_FACTR*EPSMCH'
     nfev: 70
      nit: 64
     njev: 70
   status: 0
  success: True
        x: array([-0.67260423, -0.47521476, -0.80773046,  1.98758529, -1.49573407,
        1.74139006, -2.68884307, -1.92292532, -2.43233429, -1.73392556,
       -6.323822  , -3.10263559, -3.95757629, -2.55187834, -3.62733887,
       -2.84389954, -3.34983102, -4.24652022])
