number of sites to be analyzed:  174
log likelihood =  -7571.5324628246035
Edge derivatives =  [109.20170872786974, 46.521110659695985, 94.47971322321908, 46.63298101485785, -6.743009637114206, -13.245741438430125, 98.19861596525557, 66.46499918678192, 18.805740235157373, 35.01930085522352, -5.507897662951743, 24.486450214753678, 15.678277459998332, 30.408342041601426, 82.22230059200453, 74.43440839014333]
other derivatives: [  -2.3413013    32.25016917  -20.96338358   90.1524154  -132.29963133
  -65.92234604  -16.29624785]
Current x array =  [-0.62498103 -0.85257492 -0.5658183   0.18232156 -0.10536052  0.
  0.33647224 -2.30258509 -2.30258509 -2.30258509 -2.30258509 -2.30258509
 -2.30258509 -2.30258509 -2.30258509 -2.30258509 -2.30258509 -2.30258509
 -2.30258509 -2.30258509 -2.30258509 -2.30258509 -2.30258509]
log likelihood =  -7338.40628102353
Edge derivatives =  [102.21449664817452, 51.12961800480578, 100.13124865620155, 50.79735799267711, -0.06625473273745952, -3.138427108226635, 106.97046933036938, 69.67445985208067, 24.96171605151622, 40.22223422702608, 2.1121643217859885, 32.433036016588815, 21.35721864400493, 35.78591685180273, 87.36430448946831, 81.57047271856156]
other derivatives: [ 38.1162954   41.83551027   6.67860695  64.04594751 -24.2813212
 -34.69795593 -14.05206422]
Current x array =  [-0.63962887 -0.84755378 -0.6969711   0.2437437  -0.93306406 -0.41242866
  0.23451835 -2.26315436 -2.011536   -2.26315436 -2.26315436 -2.34477125
 -2.38545416 -2.26315436 -2.26315436 -2.26315436 -2.26315436 -2.33704404
 -2.26315436 -2.26315436 -2.26315436 -2.26315436 -2.26315436]
log likelihood =  -7303.370012647178
Edge derivatives =  [74.45579592472757, 36.16923402635584, 80.01520117357116, 29.799114675517025, -3.0745075786487313, 0.47620854325872314, 80.1916775482158, 42.96581293537191, 21.268137649597612, 30.142208691431534, 1.5502377499752666, 29.924760979347656, 17.819013128124734, 25.106682886295552, 59.18929974359444, 58.11240606333826]
other derivatives: [-1462.62034195   -40.24495865    22.78368083   -82.70707713
   111.11775604   -19.06960134   -22.29626807]
Current x array =  [-0.21342791 -0.52230099 -0.72155176  0.62057347 -1.85069071 -1.12906146
 -0.00547471 -1.57915031 -1.19999183 -1.52871124 -1.8533351  -2.37809602
 -2.48544596 -1.46899077 -1.73681767 -2.00934571 -1.91606585 -2.33939963
 -1.95227764 -2.03492423 -1.94370004 -1.61334916 -1.64052063]
log likelihood =  -6908.549452179748
Edge derivatives =  [65.30241318483863, 31.64052260309753, 74.37623394000428, 26.36817441642365, -2.7036136086720712, -1.388979843858128, 72.25813196843833, 33.26182258174292, 17.181184880132896, 27.623838240209686, 0.26685757672854404, 26.52167689341469, 14.917248046581896, 22.402131750790584, 49.94283182076028, 50.79372820459191]
other derivatives: [-120.45593849 -106.36829211   45.70201054  -34.70951924  125.88825354
  -17.78488731  -26.63452415]
Current x array =  [-0.51626659 -0.47815273 -0.71941632  0.66455199 -1.96944738 -1.24933228
 -0.04989217 -1.44410073 -1.0596368  -1.38477109 -1.77727368 -2.38418701
 -2.50136483 -1.31511775 -1.63749815 -1.96217305 -1.85068112 -2.33930045
 -1.89334942 -1.9929394  -1.88431355 -1.48906373 -1.52130666]
log likelihood =  -6760.514992916362
Edge derivatives =  [44.11856516484614, 17.58246470603054, 45.21790823383005, 9.802059970857153, -7.030449178479936, -6.350792653902589, 31.701326546309765, 8.46430020751272, 8.483395451219753, 16.45937119440656, -5.743253312804806, 14.765275403696108, 7.398290130254587, 11.332194721261015, 18.356503706787244, 21.467418999701312]
other derivatives: [ -89.63177333 -298.54632157   33.3293774   -30.08933163   66.55536391
  -30.60402591  -36.13992885]
Current x array =  [-0.56452439 -0.3555575  -0.59201672  0.77867031 -1.58700384 -1.21933531
 -0.08204829 -1.10365558 -0.92276396 -1.01834948 -1.59693119 -2.36204581
 -2.47258388 -0.91961541 -1.39361663 -1.86559326 -1.70211282 -2.30775392
 -1.76421039 -1.91043689 -1.75209214 -1.17563756 -1.22213303]
log likelihood =  -6892.92589241462
Edge derivatives =  [-20.049450433552412, -14.057586721005835, -43.82101725517036, -25.774916320047566, -10.959026546626268, -14.228076228931723, -99.33799471408068, -44.42073616925031, -7.169353295283109, 5.1327948372210335, -15.642374706122734, -12.595572606783401, -13.402297302270581, 1.8788475225706094, -57.72538519220029, -69.1112490004756]
other derivatives: [  87.07038614  105.28717693 -582.18328195   15.33723571 -161.64924182
  -65.54616279  -61.69372682]
Current x array =  [-0.75084962 -1.13838861 -0.2257116   0.9057918  -0.42052665 -1.08404831
 -0.20459538 -0.38349568 -0.76408179 -0.2587177  -1.26758621 -2.32677469
 -2.40686619 -0.15458381 -0.95711847 -1.68997958 -1.40951598 -2.2570629
 -1.51443414 -1.76274484 -1.50386996 -0.58979689 -0.6529612 ]
log likelihood =  -6594.765347157463
Edge derivatives =  [36.307261431043415, 12.52987098739371, 33.05893695730347, 3.275257839432811, -4.869683610595756, -6.4688064842692965, 3.0044548840007, -1.9826245826436844, 9.183312052764778, 19.748689822371325, -5.737345300307037, 10.569141899913143, 5.07079585137441, 15.319793263951437, 6.081612304370899, 2.35750014994722]
other derivatives: [-26.68619345 -56.55487075 -48.74350725  -6.44509782 -17.00531184
 -45.60327638 -47.05586252]
Current x array =  [-0.63709207 -0.66044501 -0.44935267  0.82818004 -1.13269853 -1.16664538
 -0.12977643 -0.82317648 -0.86096236 -0.72249736 -1.46866193 -2.34830885
 -2.44698896 -0.62166024 -1.22361465 -1.79719739 -1.58815577 -2.2880114
 -1.66693058 -1.85291559 -1.65541759 -0.94747149 -1.00045893]
log likelihood =  -6502.1601055474075
Edge derivatives =  [10.303597931844385, -2.9610018587711893, 6.5626164692751505, -5.390907403838988, -1.7760226951634954, -3.677628841049751, -32.180661406164404, -15.605162982882911, 6.735026388745112, 16.32293431495816, -5.297186441155, 6.577952577407098, 0.5733082461980061, 11.740325823747902, -19.8892102841264, -21.40876379454465]
other derivatives: [ 25.0095236   -5.33275215  49.76426317 -25.1017029   28.56642558
 -30.73461937 -40.52003897]
Current x array =  [-0.67379613 -0.86451285 -0.53480233  1.00435864 -1.67682472 -1.77496775
 -0.43768902 -0.25183945 -0.25430885 -0.11299181 -1.17591603 -2.38507799
 -2.53005428 -0.05354085 -0.86868048 -1.59153066 -1.29044773 -2.30358691
 -1.41321645 -1.67525798 -1.39083309 -0.48209667 -0.55669896]
log likelihood =  -6476.528177584874
Edge derivatives =  [-10.850088191559525, -11.412655823815951, -12.752475324368508, -9.512163237351645, -1.3827376194982721, -3.961354833504348, -20.514608372051153, -12.325490128323418, 4.386218493114657, 10.291374585162856, -3.293194834605262, 2.7269075880637996, -2.375925908727783, 7.819657585184543, -6.9905891025607225, -12.471682499160174]
other derivatives: [  20.64960427   -6.82167956 -222.72214665    2.36762571   -1.7312713
  -16.38608513  -25.63386079]
Current x array =  [-0.68430785 -0.86600555 -0.31798788  0.86649323 -1.60937264 -2.0909199
 -0.77683552 -0.07847893 -0.19369228  0.03453085 -1.17282026 -2.40572115
 -2.57026371 -0.18794528 -0.92646652 -1.51623227 -1.13203449 -2.34511247
 -1.33315052 -1.64708441 -1.2694578  -0.54458772 -0.63837636]
log likelihood =  -6440.451385135628
Edge derivatives =  [0.7564559938764877, -4.983686057002629, 2.812869232353778, -4.27662342530164, -0.7356574195635075, -3.048759301608074, 5.589954385559338, -0.9539520962451827, 6.601684616964864, 11.418625934315378, -1.1436120296644245, 8.69880479203981, 1.1758916408992555, 9.822431683922192, 9.050046857359275, 5.167879482417995]
other derivatives: [ 12.64181174  -3.83071529 -33.66529745   4.21052573  22.36906132
 -12.46421609 -20.61926898]
Current x array =  [-0.66563961 -0.86497826 -0.44344631  0.78452731 -1.62955551 -2.130679
 -0.83760989 -0.18058123 -0.27000866 -0.08217205 -1.24779673 -2.41375788
 -2.58234859 -0.37628726 -1.03804079 -1.53656691 -1.15026542 -2.36299818
 -1.36509359 -1.67709038 -1.29101009 -0.67954969 -0.77581216]
log likelihood =  -6428.3024565320375
Edge derivatives =  [-8.63314842994556, -8.458801308532868, -7.3925118400095915, -6.654357744116407, -0.9966822174293171, -3.116167360323513, 4.033717834198108, -1.810855976080522, 4.548185869289998, 6.254314740548034, -1.2474679024069004, 6.960831243062856, -0.1481806517228813, 6.018483487654938, 6.356440285823385, 4.0258688314639794]
other derivatives: [ 16.59742702   7.96534096   0.94332245   8.29074725  12.44813222
  -9.24654613 -16.68448476]
Current x array =  [-0.66764491 -0.90160919 -0.48256475  0.76864815 -1.61042242 -2.28570552
 -0.9897239  -0.07185489 -0.20530013  0.02569639 -1.22222484 -2.42292216
 -2.6035304  -0.3484034  -1.01885595 -1.48576916 -1.05951909 -2.37668538
 -1.30552673 -1.65008875 -1.21658143 -0.636719   -0.74621177]
log likelihood =  -6417.976456313205
Edge derivatives =  [-13.853673534467928, -8.87853993010827, -10.977402580720518, -6.867213146528764, -1.3322931067051125, -3.171910069993447, 7.3502410522066794, 0.19628608054480562, 2.351686142396428, 0.007046102632950135, -1.1440254880815588, 4.442392015268394, -1.0184289745149069, 1.5072558808248862, 5.907655179956357, 5.198258222687303]
other derivatives: [ 12.18896523   8.5699703    7.93773779  10.542577    -0.0523451
  -5.96706737 -11.34330676]
Current x array =  [-0.66449084 -0.90436515 -0.49396292  0.76521862 -1.53182969 -2.4432948
 -1.19638127 -0.05746625 -0.23124011  0.03560983 -1.25648693 -2.4366132
 -2.63427207 -0.37319786 -1.04886899 -1.43704586 -0.97374155 -2.39862149
 -1.24298486 -1.64194996 -1.1448548  -0.62468636 -0.75297195]
log likelihood =  -6405.169299466535
Edge derivatives =  [-5.429580227040498, -1.8399075753951375, 2.1376696326984748, -1.3410899568317387, -1.1153979203093938, -2.4645746365219376, 4.080849599608212, 2.265002808261446, -0.5903087981414046, -6.814435181503178, -1.4255851310438798, -1.8715956765552935, -1.6211937088092576, -4.7376053025478235, -1.364674509736766, 1.152915282067656]
other derivatives: [-2.80042786  5.90304535 30.09953252 -4.84809789  5.75428095 -1.82237451
 -4.48385959]
Current x array =  [-0.64849094 -0.91255917 -0.51259359  0.87383304 -1.54050749 -2.79724438
 -1.63255922 -0.18864249 -0.31148676 -0.04589276 -1.37087307 -2.47943305
 -2.72908657 -0.27655334 -1.06251916 -1.33391176 -0.85899394 -2.44719053
 -1.09689352 -1.6333944  -1.02714666 -0.51688827 -0.67530767]
log likelihood =  -6402.0425850302
Edge derivatives =  [-3.123759452301508, 0.7668846978116057, 0.3399233245499113, -0.48424326881337043, -0.9776492385728828, -2.1775304498358845, 0.1272194327093189, 1.888513245108159, -1.04193634463483, -4.1215660925830795, -1.1845676846939714, -2.086087901268224, -0.36052392924518073, -3.339792245313804, -0.4795411729050082, 0.70743445188588]
other derivatives: [-5.71449073 -0.67012661  4.71086423  1.18040589 -8.16397774 -1.15339492
 -2.61611802]
Current x array =  [-0.64914174 -0.88728978 -0.49012588  0.83823138 -1.4352075  -2.86398652
 -1.78031883 -0.290341   -0.39678535 -0.06638704 -1.42973931 -2.49814218
 -2.76972191 -0.26127439 -1.0728649  -1.32579379 -0.90596141 -2.47336078
 -1.09757421 -1.65952296 -1.05482194 -0.53651673 -0.68227082]
log likelihood =  -6400.895504175275
Edge derivatives =  [-0.020551024330508594, 2.313181495401216, 2.0490374954490345, 0.7024208709871103, -0.5101649682098136, -1.7764325930243607, -1.0430672583288598, 1.990529615435516, -0.6353593718622499, -1.4619479598792782, -0.8989815009449654, -1.6156933311679156, 0.2796238089987587, -1.6545078153585333, 0.20195418815968713, 0.4711517994997233]
other derivatives: [-6.58420595 -2.1950882  -1.90681112  0.63624611 -2.84789714 -0.5281936
 -1.94973989]
Current x array =  [-0.64808702 -0.88580909 -0.48032187  0.83689166 -1.46903805 -2.93518949
 -1.86788253 -0.33494448 -0.3995194  -0.06346613 -1.44956925 -2.51256954
 -2.80176028 -0.2370204  -1.06047402 -1.31671686 -0.92678712 -2.49039487
 -1.0928447  -1.66419854 -1.0661268  -0.52932374 -0.66736387]
log likelihood =  -6400.947854319329
Edge derivatives =  [1.567980966592343, 2.8445874116203496, 1.9235128137877373, 1.4502407067295424, 0.09078639022088936, -1.3703710590714022, -0.6843296903718666, 1.9628248955348893, -0.4153805825956016, 0.28421214920779114, -0.5335278842971565, -1.1163207794717098, 0.6008313976272884, -0.3038635737760256, 0.7341526099686797, 0.32508537812269944]
other derivatives: [25.43752998 -0.36032725 -0.93443214 -0.06897972  3.38075554  0.33407417
 -1.33816654]
Current x array =  [-0.68142771 -0.89030063 -0.47580149  0.83966492 -1.5121775  -3.03419021
 -1.98330194 -0.35544951 -0.37156802 -0.03668125 -1.45749019 -2.52918163
 -2.84435421 -0.22162402 -1.0355487  -1.30139621 -0.92954691 -2.5128145
 -1.08385128 -1.66008119 -1.06672379 -0.51327051 -0.64762784]
log likelihood =  -6400.545597989335
Edge derivatives =  [0.6457257018598699, 2.5375455692147835, 1.9900691081497484, 1.015820460394968, -0.25417496394670513, -1.6021490793488198, -0.8964453581468151, 1.973889713023375, -0.5430123974763449, -0.7235093063008297, -0.7433702137466677, -1.4035722149629026, 0.4150507910469896, -1.0836194700583164, 0.4231884356275394, 0.4071996657833653]
other derivatives: [ 7.31096134 -1.42715817 -1.47784795  0.32745356 -0.22843397 -0.15163412
 -1.67454186]
Current x array =  [-0.66214582 -0.88770304 -0.47841576  0.83806106 -1.4872287  -2.97693521
 -1.91655154 -0.34359085 -0.38773312 -0.05217173 -1.45290928 -2.51957437
 -2.8197209  -0.23052819 -1.04996374 -1.31025659 -0.92795084 -2.49984857
 -1.08905244 -1.66246237 -1.06637854 -0.52255456 -0.65904176]
log likelihood =  -6400.245240154297
Edge derivatives =  [1.0379068393746094, 2.4045833289789567, 0.9030316312716938, 1.184803166471347, 0.04666592357095774, -1.3383571724719652, -2.1144068183887814, 1.3560818873339555, -0.4610630759262778, 0.48777830144953827, -0.6066903298427482, -1.1651617094097766, 0.5333916873598943, -0.2986954579749106, -0.04821690935853229, -0.42077830782428316]
other derivatives: [ 3.18362163 -0.14539091 -2.49792811 -0.00824184  3.50321935  0.33685326
 -1.29757222]
Current x array =  [-0.65738229 -0.89475398 -0.47519889  0.8394579  -1.5228752  -3.04657666
 -1.99314605 -0.35040391 -0.36061152 -0.02375443 -1.45310901 -2.53109139
 -2.84904314 -0.20893117 -1.02662943 -1.29907971 -0.9314513  -2.51479737
 -1.0825713  -1.65819955 -1.06741814 -0.5063365  -0.63891267]
log likelihood =  -6399.977785585206
Edge derivatives =  [0.18209509502643834, 1.4904156658724481, -0.5321202808013481, 0.9088812139111156, 0.16521764258967403, -1.1710530685220033, -1.1171056003092208, 0.8860889583283125, -0.38901508440070587, 0.7325750307620814, -0.477302703364565, -0.4179997238977744, 0.5213591440254286, 0.10561110617895886, -0.1685300450808569, -0.4048718803236123]
other derivatives: [ 1.00767193 -0.19107392 -2.65598101 -0.21466076  2.26990056  0.56543931
 -0.97242606]
Current x array =  [-0.65537816 -0.89501056 -0.47527301  0.8430483  -1.51727671 -3.07526007
 -2.04281589 -0.35218485 -0.3360013  -0.0115766  -1.4476483  -2.536789
 -2.87416623 -0.22088823 -1.00783542 -1.29922926 -0.93255509 -2.52766263
 -1.0904376  -1.65342    -1.07299112 -0.50354307 -0.63640048]
log likelihood =  -6399.740264127027
Edge derivatives =  [-0.9302967365051282, -0.11792173524948274, -1.2512086998576142, 0.6075791461933161, 0.31665297542464155, -0.8704847326711593, -0.09659217344763016, -0.18952448152029638, -0.30429156629459597, 0.3847369313121397, -0.23821168915483537, 0.4939935812203261, 0.27515895816987057, 0.3065668006938486, -0.253753144349375, -0.3216720169725287]
other derivatives: [-0.28436625  2.18582136 -1.22891834  0.15765909 -1.17009319  0.82500207
 -0.43089806]
Current x array =  [-0.65425446 -0.9004208  -0.47792948  0.84397193 -1.49578199 -3.11929771
 -2.14085757 -0.36878283 -0.29469759 -0.01413494 -1.4366421  -2.54456704
 -2.9285894  -0.23936286 -0.97339387 -1.30211037 -0.92651986 -2.55395508
 -1.09879576 -1.64139747 -1.07791688 -0.50165363 -0.63539017]
log likelihood =  -6399.755394759756
Edge derivatives =  [-0.9673988661796198, -0.6848499115098303, -0.9526363501621247, 0.5410440552841749, 0.36332559018412136, -0.7375894056834, 0.513576892054971, -0.6084188784947814, -0.19544157416063654, -0.3090014546221923, -0.1379969762837701, 0.5555488140202688, 0.10917128815922905, -0.07461022741146472, -0.272964675867158, 0.05519657451634741]
other derivatives: [-1.60164927 -5.66747349  0.93085055 -0.18338505 -0.67806418  0.85700182
 -0.22388082]
Current x array =  [-0.65384631 -0.88063262 -0.48049668  0.84346764 -1.49469623 -3.12654217
 -2.18044338 -0.3798338  -0.27557852 -0.02030705 -1.42336197 -2.54391215
 -2.95854186 -0.24631876 -0.96018263 -1.30645002 -0.92028582 -2.56617007
 -1.09767753 -1.63326975 -1.07697028 -0.50183754 -0.63685539]
log likelihood =  -6399.70233521625
Edge derivatives =  [-0.9405792962904422, -0.325137104173636, -1.1343716426832642, 0.5847481960998393, 0.3346712183776148, -0.819933319742598, 0.13569551992574802, -0.3415884635886205, -0.2617550241355264, 0.13026119333306563, -0.19995593941767514, 0.5192155533492657, 0.21498499231265933, 0.16744018732107002, -0.2570505418585398, -0.17835114827493648]
other derivatives: [-0.76521155 -0.69290763 -0.42192096  0.03203513 -0.98541605  0.83679468
 -0.35197687]
Current x array =  [-0.65410267 -0.89306161 -0.47888422  0.84378439 -1.4953782  -3.12199192
 -2.15557947 -0.37289267 -0.28758724 -0.01643034 -1.43170324 -2.54432348
 -2.93972867 -0.24194975 -0.96848063 -1.30372428 -0.92420143 -2.55849782
 -1.09837989 -1.63837478 -1.07756484 -0.50172203 -0.63593508]
log likelihood =  -6399.666140159161
Edge derivatives =  [-0.6305642940416665, -0.4672966819597216, -0.36253682715169144, 0.6549913201489974, 0.36524491915003054, -0.7299529480111518, 0.4308490061962676, -0.4752759985932135, -0.13028043227154176, -0.07819456676825987, -0.12032444563165859, 0.5424916822884516, 0.11751441763435977, 0.0884821752836693, -0.03371514691236965, 0.06382141570163902]
other derivatives: [-0.73512638 -1.35027767  0.63434072  0.03296736 -0.96830858  0.8156415
 -0.24456243]
Current x array =  [-0.65417463 -0.89110359 -0.48023867  0.84273694 -1.49255935 -3.12261505
 -2.1786302  -0.38476091 -0.28061357 -0.02601676 -1.42474203 -2.54321623
 -2.95853201 -0.24576472 -0.96288359 -1.3072237  -0.92190952 -2.56590724
 -1.09717544 -1.63411313 -1.07781005 -0.50351296 -0.63784307]
log likelihood =  -6399.61335685365
Edge derivatives =  [-0.1010931825150122, -0.7614909201742747, 0.9508837958556678, 0.6566790654958785, 0.38934824006373653, -0.5968320251615953, 0.8392792129771396, -0.5384686235752927, 0.14579305220952218, -0.6853347867010575, 0.0024757671899604122, 0.0400248345700589, -0.28816763890285113, -0.2741622735954292, 0.19619575490115337, 0.3011908445287662]
other derivatives: [-0.24283054 -1.4316247  -3.24442681 -0.18358332 -0.3270375   0.67423405
 -0.15963055]
Current x array =  [-0.65504739 -0.89137764 -0.4754734   0.84449405 -1.49715142 -3.11222758
 -2.21183703 -0.39965565 -0.26627845 -0.03889927 -1.40082663 -2.53581707
 -2.99505383 -0.24866113 -0.95754737 -1.31325385 -0.91200721 -2.57754318
 -1.08815117 -1.62346594 -1.07262498 -0.50250561 -0.6387565 ]
log likelihood =  -6399.560242392745
Edge derivatives =  [0.8778814803317121, -0.30677956745936397, 1.4773879580193976, 0.6615939373699732, 0.3961461824474399, -0.503343162650581, 0.21976719092028107, -0.5429295004412924, 0.3453379364969007, -0.4497621297105877, 0.055722843806544756, -0.2535342725932479, -0.28375391795752014, -0.2583099514135896, 0.3732727668926442, 0.38534490851808423]
other derivatives: [ 0.67411747 -0.62672461  2.64377741  0.19891013  0.50360714  0.496363
 -0.09946826]
Current x array =  [-0.65537757 -0.89290087 -0.48212853  0.83893304 -1.49884626 -3.09506489
 -2.23201781 -0.41912828 -0.27098722 -0.04518072 -1.38348645 -2.52804364
 -3.0224829  -0.24167078 -0.96100946 -1.31811789 -0.91590685 -2.58498232
 -1.08142929 -1.62066421 -1.07428822 -0.50446165 -0.63922698]
log likelihood =  -6399.523948459744
Edge derivatives =  [0.8845447498769754, -0.23686298189593175, 1.145857367448009, 0.49267165218165127, 0.3624280649538066, -0.5148287739077696, 0.02310464748790253, -0.4224843028481198, 0.3818834474333417, -0.3883458864847783, 0.03891805501202768, -0.46319776281436764, -0.3330568377555878, -0.2809255526443868, 0.29070053847754673, 0.28492887605255157]
other derivatives: [ 0.41218482 -0.00646469  1.34008496  0.24352903  0.6287457   0.37468547
 -0.15278006]
Current x array =  [-0.6551405  -0.89472622 -0.48050715  0.83935087 -1.50184748 -3.0796
 -2.22343335 -0.41613839 -0.27380303 -0.04137638 -1.37363382 -2.52253991
 -3.02608517 -0.23891229 -0.96654991 -1.31909883 -0.91637271 -2.58371789
 -1.07923678 -1.62034578 -1.0736118  -0.50358973 -0.63866898]
log likelihood =  -6399.474470531553
Edge derivatives =  [0.6318633814897787, -0.18642141579753407, -0.13313748765096967, -0.08824250265816752, 0.27379699497953713, -0.517857685662713, -0.3442851181509513, -0.18701319699269775, 0.4012355120415657, -0.11043907466845759, 0.007719162389732873, -0.6628895486347435, -0.36469001944534485, -0.18807696879279068, 0.0023661133900546583, 0.0043111680759855275]
other derivatives: [ 0.13785575  0.69417365 -0.88478737  0.3218338   0.19539086  0.05324609
 -0.23828215]
Current x array =  [-0.65508823 -0.8965971  -0.47796747  0.84098346 -1.50346414 -3.03795232
 -2.20856973 -0.40751267 -0.28098639 -0.03029459 -1.34574287 -2.50673292
 -3.04295022 -0.23486626 -0.98037158 -1.32092558 -0.92060523 -2.5825371
 -1.07875803 -1.6210922  -1.0753083  -0.50205745 -0.63754982]
log likelihood =  -6399.453929400106
Edge derivatives =  [0.5324901110394265, -0.16759350397597567, -0.2662444114360807, -0.2835923443336664, 0.2537874425683105, -0.46566050804848935, -0.12385556335616255, -0.03898262895312796, 0.34405578741757337, 0.062475948660038694, 0.03723871669654598, -0.3896353840116874, -0.2895612129891596, -0.010608860645250351, -0.016446365520206063, -0.01919951121420016]
other derivatives: [-0.26460202  0.50450035 -0.71445174  0.04982758  0.05878876 -0.04092429
 -0.19657569]
Current x array =  [-0.65476417 -0.89604917 -0.47816406  0.84324795 -1.50219083 -3.02337483
 -2.2163879  -0.40556983 -0.28352443 -0.03021961 -1.33376879 -2.49858282
 -3.06151676 -0.23668451 -0.98500438 -1.3199018  -0.92338301 -2.58543301
 -1.08274937 -1.62270103 -1.07815203 -0.5022313  -0.63743543]
log likelihood =  -6399.552299319141
Edge derivatives =  [0.03230033973145502, -0.29933044864041475, -0.722817051550988, -0.6420619985850788, 0.32091861262007937, -0.27619799397414235, -0.03135305879231498, -0.0728443842234204, 0.006255574673323577, 0.4741797503106786, 0.17983695960999824, 0.45994219026755645, -0.009893035625280211, 0.5286788442343873, -0.09737758461018653, -0.23646902094771505]
other derivatives: [ 1.07219767e+01 -2.27302735e-01  2.01303919e-01 -3.40969564e-03
  3.76199768e-01 -1.44026706e-02 -1.37893181e-02]
Current x array =  [-0.66660823 -0.89314608 -0.47794828  0.84448508 -1.50556521 -3.01769957
 -2.27074925 -0.39665588 -0.2800109  -0.0250391  -1.31255011 -2.47986382
 -3.12572715 -0.23498103 -0.98435124 -1.30950542 -0.92649908 -2.59806388
 -1.09205432 -1.62762492 -1.08254145 -0.49790401 -0.6317271 ]
log likelihood =  -6399.448504094011
Edge derivatives =  [0.478389674282882, -0.18190028341319342, -0.31567309451157544, -0.3218575754071456, 0.26129127645721645, -0.44391990523478764, -0.11388335834359276, -0.04280841172775046, 0.3079551251722109, 0.10708461975683858, 0.05288335760979458, -0.2971478730191982, -0.25934891852745356, 0.047688982256792856, -0.025023727628957326, -0.04261560692925814]
other derivatives: [ 0.94064853  0.42557986 -0.61450919  0.04316007  0.09353804 -0.03807781
 -0.17576301]
Current x array =  [-0.65604191 -0.89573598 -0.47814078  0.84338141 -1.50255486 -3.02276258
 -2.22225244 -0.40460818 -0.28314539 -0.02966073 -1.33147971 -2.4965634
 -3.06844382 -0.23650074 -0.98493392 -1.31878023 -0.92371917 -2.58679564
 -1.08375319 -1.62323222 -1.07862556 -0.50176447 -0.63681961]
log likelihood =  -6399.427944561099
Edge derivatives =  [0.2227823963723891, -0.2240882846373891, -0.1795013035614924, -0.5200315971725338, 0.2564931772001414, -0.3184909419033497, 0.1778763663077894, 0.038307652754449806, 0.0856969013920161, 0.28941190630115554, 0.13636504739689842, 0.33550298619892366, -0.07929152264910533, 0.3397990828348849, -0.03903209290359122, -0.09061698811969476]
other derivatives: [ 0.67892233 -0.21533197  0.19091021 -0.25221289 -0.04714113 -0.06593663
 -0.03368898]
Current x array =  [-0.65594124 -0.89404433 -0.47897303  0.84553064 -1.50088094 -3.01409325
 -2.25471909 -0.40180212 -0.28388028 -0.03250872 -1.31809256 -2.48405996
 -3.10913784 -0.23882196 -0.98668836 -1.31328413 -0.9263949  -2.59486638
 -1.09152755 -1.62685113 -1.0825664  -0.50113138 -0.63530095]
log likelihood =  -6399.415810387985
Edge derivatives =  [-0.01454110517242635, -0.20953377686295765, -0.16263259213971581, -0.5532696896304207, 0.20933082924153845, -0.26985400896039835, -0.1485207757054643, -0.05070157518476617, -0.10913389007012972, 0.0808703635960204, 0.15834063672009946, 0.28083118598546614, -0.020631187438104215, 0.1645400456715393, -0.10151899957683208, -0.13429378824943172]
other derivatives: [-0.87572516 -0.39031511  0.19288109  0.13781937 -0.05192682 -0.05175206
  0.02760854]
Current x array =  [-0.65443071 -0.89401575 -0.47899042  0.84264805 -1.50295622 -3.0151491
 -2.27309927 -0.39648017 -0.28552375 -0.03225038 -1.31877893 -2.47535753
 -3.13303793 -0.23539346 -0.98575692 -1.30860045 -0.92380073 -2.59707466
 -1.0897925  -1.62953405 -1.07947011 -0.49992431 -0.63432861]
log likelihood =  -6399.407177534093
Edge derivatives =  [-0.1764335586241761, -0.09814242445998705, 0.056198843483213745, -0.450716868699805, 0.1680136330276928, -0.22797446135550603, -0.24559384457621747, -0.03969310916652784, -0.28432149474716917, -0.07829916739221521, 0.18017687168491855, 0.22753254147490198, 0.07432956098942112, 0.014097234843369555, -0.043406811895168596, -0.09135506482510924]
other derivatives: [-0.51557527 -0.14824218  0.27485839  0.29979401  0.03416465  0.01336253
  0.08337896]
Current x array =  [-0.6548125  -0.89484721 -0.47891866  0.84138144 -1.5044017  -3.02009351
 -2.28949435 -0.39071394 -0.28912496 -0.03308142 -1.32625962 -2.46730177
 -3.15396185 -0.23374582 -0.98504563 -1.30383466 -0.92144935 -2.59754084
 -1.08792651 -1.63325908 -1.07607735 -0.49945433 -0.63418698]
log likelihood =  -6399.399043227439
Edge derivatives =  [-0.033786400580384734, 0.217154424537142, 0.048964896880224484, -0.22709061480473958, 0.1037615444995767, -0.1718558628719543, -0.20824855080301496, 0.06408622677974267, -0.23991739735115603, 0.06631660835720155, 0.18429329395542274, -0.029101917591805027, 0.22135001730156123, -0.05581730688580444, 0.02267616934450878, -0.00946500126306804]
other derivatives: [-0.39406405 -0.53064741 -0.36462734  0.14231409 -0.0815948   0.06669526
  0.15530599]
Current x array =  [-0.65507921 -0.89392838 -0.47820175  0.84244872 -1.50289092 -3.02225975
 -2.30886785 -0.38987823 -0.29742277 -0.03142222 -1.34127819 -2.45398626
 -3.18547257 -0.2337507  -0.98539407 -1.30388908 -0.9234991  -2.59541781
 -1.08341599 -1.63716611 -1.07448    -0.49970062 -0.63514725]
log likelihood =  -6399.414041924036
Edge derivatives =  [-0.27193092525326246, 0.08746713656697225, 0.1383624871302403, -0.053800408799980375, -0.029428940654277702, -0.1252327291017713, 0.7593929973326862, 0.28080795032318473, -0.06798669920957726, -0.3302233705658073, 0.15286400333006012, -0.2929210153081534, 0.10529770144881856, -0.34677821459709024, -0.1302853007121194, 0.1151386576093083]
other derivatives: [ 0.39727911  1.87480782  1.36170092 -0.82847691  0.09632513  0.09097449
  0.19272279]
Current x array =  [-0.65562024 -0.90082047 -0.47950179  0.85026559 -1.50462751 -3.01917928
 -2.32258986 -0.37870819 -0.29530597 -0.02777601 -1.35757692 -2.43421997
 -3.22541225 -0.24155924 -0.98335369 -1.30766401 -0.91692016 -2.58843543
 -1.07855563 -1.63501668 -1.06920275 -0.49700491 -0.63627867]
log likelihood =  -6399.39560367967
Edge derivatives =  [-0.0833676482183679, 0.18996655094969989, 0.06788771709703234, -0.18973605210976704, 0.07644252075951963, -0.16150094053345443, -0.0033169149852294577, 0.10991773135023052, -0.20328331212119385, -0.016625009935179347, 0.17779502640588343, -0.08413783047287982, 0.1969807837305253, -0.11678399742544165, -0.009199210898158339, 0.017089924248822164]
other derivatives: [-0.22655877 -0.02143588 -0.00076761 -0.06209302 -0.04341355  0.07176241
  0.16328089]
Current x array =  [-0.65519313 -0.89537958 -0.47847549  0.84409464 -1.50325658 -3.02161113
 -2.31175716 -0.38752626 -0.29697705 -0.03065447 -1.34471006 -2.44982426
 -3.19388229 -0.23539487 -0.98496445 -1.30468393 -0.92211384 -2.5939476
 -1.08239259 -1.63671353 -1.07336882 -0.49913301 -0.63538548]
log likelihood =  -6399.392058963357
Edge derivatives =  [-0.02274210494408646, 0.19411179055697408, -0.00540488571519504, -0.0950048415906473, 0.029123860552109138, -0.14394524534553593, 0.17130349095983222, 0.14420304672017614, -0.044058472253067416, -0.06699423852083264, 0.15650823895347052, -0.26613469327253625, 0.13912241856847973, -0.18895088724243025, -0.04900789380692161, 0.049033809508520765]
other derivatives: [ 0.07426115  0.19264098 -0.08279767 -0.2540246   0.01033083  0.05808898
  0.16928132]
Current x array =  [-0.65551517 -0.8960464  -0.47827004  0.84559988 -1.50367069 -3.01867065
 -2.31496507 -0.38630862 -0.29689514 -0.02842421 -1.3525281  -2.44165821
 -3.20982452 -0.23686996 -0.98405968 -1.30845068 -0.92121351 -2.58989616
 -1.07973869 -1.6348353  -1.07246229 -0.49864854 -0.63593144]
log likelihood =  -6399.387395976881
Edge derivatives =  [0.03165314994759477, 0.16058186461528617, -0.1041593377540374, -0.01960220067092236, -0.02232149041099682, -0.12119799085191565, 0.03136597296443977, 0.07425178592975233, 0.10058525844109992, -0.05059322219070861, 0.12388709013616431, -0.27784140596353013, 0.0643979055297601, -0.15635501390734108, -0.052191497529536335, 0.022600406807992024]
other derivatives: [ 0.33122524  0.45030538  0.6470309  -0.10922668  0.03589367  0.01372255
  0.16574683]
Current x array =  [-0.65571534 -0.8965906  -0.4791199   0.84430122 -1.50397146 -3.01243934
 -2.31484139 -0.38518752 -0.29620735 -0.0264624  -1.3609868  -2.43181884
 -3.22886574 -0.23590604 -0.98284725 -1.31258277 -0.92164098 -2.58351464
 -1.07971804 -1.63178149 -1.0736903  -0.49914951 -0.63615838]
log likelihood =  -6399.389810395043
Edge derivatives =  [-0.008780525913893444, -0.10919183426463869, -0.002378261218853095, 0.08199202913565717, -0.0800384164300425, -0.07911052227760855, 0.08741152654295092, -0.026254779849531132, 0.3113274321472657, -0.060105512468591527, 0.08979674848715144, -0.06392205620471558, -0.15255686464821716, 0.02975921497177325, 0.04213167461001466, -0.016242514225627835]
other derivatives: [ 0.14595935  0.57629859 -2.26259363  0.08484312 -0.10267663 -0.06065845
  0.15061396]
Current x array =  [-0.65575634 -0.89682483 -0.47596634  0.84353172 -1.50434724 -3.00181394
 -2.3120642  -0.38257416 -0.29027888 -0.0262534  -1.37208226 -2.41769882
 -3.25813525 -0.23746034 -0.97970724 -1.31878032 -0.92112583 -2.57284046
 -1.08395463 -1.62477942 -1.0772932  -0.50030032 -0.63658538]
log likelihood =  -6399.384811846912
Edge derivatives =  [0.018164108137299073, 0.06940449177754598, -0.06950944026771239, 0.015300354404658621, -0.04146550076811742, -0.10648008024590935, 0.05065337019526195, 0.040387251081350536, 0.17241522571474896, -0.053572587990948994, 0.11255029402620657, -0.2048342518585644, -0.008745349873440666, -0.09308271907107457, -0.019874686152310583, 0.009664432818779822]
other derivatives: [ 0.26837279  0.49309165 -0.3354271  -0.04348294 -0.01069433 -0.01134255
  0.16063143]
Current x array =  [-0.65572924 -0.89667002 -0.47805055  0.84404029 -1.50409888 -3.00883635
 -2.31389967 -0.38430135 -0.29419705 -0.02639153 -1.36474918 -2.42703085
 -3.2387908  -0.23643309 -0.9817825  -1.31468431 -0.9214663  -2.57989511
 -1.08115463 -1.62940714 -1.07491202 -0.49953974 -0.63630317]
log likelihood =  -6399.381801761138
Edge derivatives =  [0.04257811010776458, -0.01817407844436192, -0.007333541147978961, 0.05530469281638439, -0.06159438309854501, -0.09314581596987176, -0.02647859675956099, -0.028464092501637103, 0.22769266942057137, -0.04371285938432068, 0.08762105586924801, -0.0449471716049481, -0.08392812685684725, -0.0029991863094941396, 0.014048061737229167, -0.0032901747708607987]
other derivatives: [-0.00573436  0.15472233  0.03227888  0.06493883  0.04010924 -0.04986626
  0.1490303 ]
Current x array =  [-0.65545441 -0.89565788 -0.47856624  0.84284409 -1.50403929 -3.00374609
 -2.30922582 -0.38409333 -0.29209169 -0.02689861 -1.36901161 -2.4224453
 -3.24784141 -0.23620741 -0.98077503 -1.31693168 -0.9220786  -2.5747581
 -1.08386005 -1.62646473 -1.07721587 -0.50057946 -0.63657702]
log likelihood =  -6399.380268749131
Edge derivatives =  [0.008572229165924483, -0.06162008740691305, -0.0008559686398188493, 0.055231024453258316, -0.062332778032729796, -0.09268844712961208, -0.04792444915437766, -0.050318915611375276, 0.16952314079714886, -0.048968272268984814, 0.07206459137302951, 0.013311516246212074, -0.10450630652346371, 0.01516322023696215, 0.0012038231739317506, -0.01770416248468054]
other derivatives: [-0.06369646 -0.01301032 -0.02236993  0.07484869  0.00563006 -0.05514238
  0.13735238]
Current x array =  [-0.65542121 -0.89518717 -0.47853583  0.84277127 -1.5038008  -3.0030999
 -2.30516325 -0.38344586 -0.29130048 -0.02709137 -1.36991871 -2.42243132
 -3.24863688 -0.23622753 -0.98058679 -1.31591509 -0.92224059 -2.57246106
 -1.08493892 -1.62607551 -1.07771276 -0.50076159 -0.63666086]
log likelihood =  -6399.376848920496
Edge derivatives =  [-0.014371825891951406, -0.1029709794764111, 0.03301858522759604, 0.07884784648881965, -0.05594563838813779, -0.09037848460016842, -0.05786891939445993, -0.059911903872494635, -0.019633019551547615, 0.025397064441091133, 0.022304918356553613, 0.12801557402961783, -0.11288528843905943, 0.07835335327342008, 0.008608418555427488, -0.027439578638773]
other derivatives: [-0.49913433 -0.13304725 -0.04645608  0.04140475 -0.03227804 -0.05793384
  0.09733144]
Current x array =  [-0.65496129 -0.89482032 -0.47859259  0.84295023 -1.50323695 -3.00257785
 -2.29126106 -0.38234113 -0.29087871 -0.02749981 -1.37307197 -2.42358201
 -3.25030505 -0.2365513  -0.98085421 -1.31201501 -0.9237193  -2.56499442
 -1.08709684 -1.62656715 -1.07890286 -0.50163415 -0.63731946]
log likelihood =  -6399.377928886392
Edge derivatives =  [-0.0339969413077979, -0.11473198338953333, -0.012724771379333033, 0.0645729065427066, -0.0365568279440375, -0.08388702329989077, -0.04029896364967045, -0.057364535942805855, -0.16840134092476425, 0.06089768722063227, -0.014298731985959032, 0.16224264704886804, -0.08764215428233135, 0.10686098170882519, -0.0021240404687854486, -0.026813289378603833]
other derivatives: [ 1.54719601 -0.42145257  0.03314744  0.05010224  0.01318022 -0.06176337
  0.05851438]
Current x array =  [-0.65710458 -0.89378042 -0.47854492  0.84288177 -1.50319382 -3.00165472
 -2.28032793 -0.38113859 -0.2907858  -0.02710531 -1.37291574 -2.42437949
 -3.25506182 -0.23675398 -0.98138944 -1.30870757 -0.92436965 -2.55911735
 -1.08790302 -1.62789236 -1.07911302 -0.50186241 -0.63777606]
log likelihood =  -6399.376012784358
Edge derivatives =  [-0.02014219003602885, -0.10643450695327689, 0.019561855325765487, 0.07464529788196615, -0.05023218240296687, -0.08845759510738177, -0.05268127730536398, -0.059159646862000106, -0.06336448080599677, 0.03585107186284353, 0.011579697481488085, 0.13810216131506753, -0.10544173525767131, 0.08674458089416626, 0.005466508604193843, -0.027233908541171026]
other derivatives: [ 0.10490658 -0.21793676 -0.02292472  0.04390313 -0.01885513 -0.05906024
  0.08599695]
Current x array =  [-0.65559234 -0.89451414 -0.47857856  0.84293007 -1.50322425 -3.00230606
 -2.28804203 -0.38198707 -0.29085135 -0.02738366 -1.37302597 -2.42381681
 -3.25170558 -0.23661098 -0.98101179 -1.3110412  -0.92391078 -2.56326404
 -1.08733421 -1.62695733 -1.07896474 -0.50170136 -0.63745389]
log likelihood =  -6399.3747830485645
Edge derivatives =  [-0.03250528686314913, -0.08421097930596433, -0.0073213464154198715, 0.08364653290044842, -0.050342789013196554, -0.0843008439668314, -0.00945411488167569, -0.03369090878675943, -0.15372129143875726, 0.05043503629335244, -0.012495192055839863, 0.09801011674376797, -0.07703741168978806, 0.06393025504750893, -0.011158086684226243, -0.018090035644505398]
other derivatives: [ 0.17588718 -0.16531339  0.01375156 -0.0154032  -0.01171618 -0.05165398
  0.06942508]
Current x array =  [-0.65565097 -0.8946779  -0.47858836  0.84340235 -1.50325114 -3.00287964
 -2.28288465 -0.38094825 -0.29171185 -0.02687574 -1.37434596 -2.42381117
 -3.25546356 -0.23696863 -0.98147439 -1.30886571 -0.92417932 -2.55982349
 -1.08681193 -1.62838136 -1.07840581 -0.50171104 -0.63785665]
log likelihood =  -6399.372802492692
Edge derivatives =  [-0.06459749942965043, -0.061572992160486395, -0.08025417553307707, 0.04903722045245977, -0.03757468650083898, -0.06993946487085112, -0.07928112024924394, -0.04018219648911185, -0.1368927862693262, 0.009630254046562703, -0.05071750089796803, 0.00938617798645236, -0.011489708106664054, 0.006234911254690889, -0.020467291453606706, -0.02670399787983524]
other derivatives: [-0.08237748 -0.01785429 -0.22008226  0.11048178 -0.07779506 -0.05950517
  0.03018139]
Current x array =  [-0.65536849 -0.89505676 -0.4783886   0.84259279 -1.5031932  -3.00234013
 -2.27140203 -0.37984638 -0.29319111 -0.02639354 -1.37342726 -2.42416362
 -3.26473198 -0.23661435 -0.98234195 -1.30913617 -0.92362066 -2.55379002
 -1.08587304 -1.63085079 -1.0773847  -0.50208034 -0.63850835]
log likelihood =  -6399.371856695698
Edge derivatives =  [-0.02473888054932316, 0.003794695031785089, -0.00815975474481262, 0.04257996260576902, -0.016947100000374887, -0.0504182757109701, 0.0402919550331321, 0.013479114922153812, -0.03003068810121004, -0.032968272464332204, -0.06498821456103177, -0.054832711875225315, 0.06014879917598259, -0.049792286418479104, 0.003519140312429614, 0.02274833876307647]
other derivatives: [-0.11400152 -0.1285207   0.0924465  -0.03575951  0.11226789 -0.05206867
  0.0092509 ]
Current x array =  [-0.65529716 -0.89485526 -0.47866327  0.84338076 -1.50387415 -3.00271918
 -2.26457013 -0.37963398 -0.29468386 -0.02680279 -1.37137032 -2.42452785
 -3.27371985 -0.23740495 -0.98325486 -1.311089   -0.92276792 -2.55069195
 -1.08483767 -1.63281105 -1.07633048 -0.50230832 -0.63915165]
log likelihood =  -6399.371626290474
Edge derivatives =  [-0.032104780598828764, -0.002419403895697003, 0.008460579025684367, 0.019006390839414827, -0.004567800077858453, -0.04290591229067442, 0.008358873908675735, 0.0012950592242486209, 0.03430721764111025, -0.023729519222841278, -0.05884782783090173, -0.020625837703478478, 0.06042802968968586, -0.02619053953186412, 0.01603749991058412, 0.00808796972135406]
other derivatives: [ 0.15027581  0.24168457  0.076162    0.01085391  0.0289077  -0.05443589
  0.00430248]
Current x array =  [-0.65552871 -0.89570974 -0.47866834  0.84319074 -1.50335006 -3.00269536
 -2.26333387 -0.38009881 -0.29470781 -0.02732046 -1.36949327 -2.42488509
 -3.27603074 -0.23730293 -0.98335904 -1.3125315  -0.92264948 -2.55103197
 -1.08533324 -1.63257682 -1.07664776 -0.50241192 -0.63908688]
log likelihood =  -6399.371382522177
Edge derivatives =  [-0.03103544406056008, 0.0035915288169441895, 0.00468377210272497, 0.007968804493399116, 8.36051472612731e-05, -0.04245615823301692, 0.008218931914388272, 0.0014585606846628518, 0.05475072249128102, -0.027690904073634837, -0.050330341677715704, -0.021257072627079876, 0.05929468166905072, -0.030456739039840364, 0.007671021463104277, 0.006924766704240026]
other derivatives: [ 0.07777817  0.10856365  0.01038279 -0.0033333   0.01947336 -0.05123937
  0.00897326]
Current x array =  [-0.65547724 -0.89537364 -0.47860469  0.84329084 -1.50323297 -3.00321539
 -2.26449758 -0.38053502 -0.29478336 -0.02744988 -1.36830459 -2.42540274
 -3.27526313 -0.23728658 -0.98341199 -1.31296746 -0.92258374 -2.55240428
 -1.08528497 -1.63240961 -1.07665042 -0.502278   -0.63896611]
log likelihood =  -6399.371147141705
Edge derivatives =  [-0.02673241708237256, 0.00877091867927371, 0.004158827106164609, -0.005246886762358752, 0.007494590200859019, -0.03827942355241023, 0.014830800837321356, 0.001289170246906307, 0.06985428778968314, -0.018547483859253422, -0.04093733990248133, -0.001498498442303986, 0.04578333110537236, -0.021809786272509513, -0.004619051748489089, 0.0040578691621160345]
other derivatives: [ 0.01509761 -0.0312848  -0.01468106 -0.03158311 -0.002843   -0.0459924
  0.01190763]
Current x array =  [-0.65543325 -0.89499635 -0.47859761  0.84348525 -1.50292069 -3.0040233
 -2.26494748 -0.3812163  -0.29482004 -0.02769167 -1.36682723 -2.42585275
 -3.27600886 -0.23737544 -0.9834929  -1.31334874 -0.92270346 -2.55383728
 -1.08551088 -1.63181557 -1.07694584 -0.50214791 -0.63884011]
log likelihood =  -6399.370910894884
Edge derivatives =  [-0.01355255072311562, 0.021201424858763473, 0.005676388442130587, -0.015475742287880755, 0.016311499627730597, -0.02992128272737811, 0.026242861148915386, 0.005815276336038663, 0.06518076504113723, 0.0038200765558620287, -0.03245154635776544, 0.017196059888524573, 0.024392345699756346, -0.005092851905262763, -0.008912919149242304, 0.004540285250862919]
other derivatives: [-0.00806176 -0.10612166 -0.08592906 -0.04928643 -0.02223765 -0.03790319
  0.01045469]
Current x array =  [-0.65542018 -0.89477404 -0.47854037  0.84360956 -1.50262455 -3.00523081
 -2.26419059 -0.38200638 -0.29500574 -0.02791101 -1.3654347  -2.42604212
 -3.27903244 -0.23750061 -0.98367358 -1.31327746 -0.92296997 -2.55490459
 -1.08568573 -1.63105975 -1.07735148 -0.50208454 -0.63878539]
log likelihood =  -6399.37104237275
Edge derivatives =  [5.7102090206206935e-05, 0.03726837452079085, -0.024011570474426758, -0.036541683940720555, 0.023108904557687604, -0.01784539579507436, -0.006051082121887541, -0.0059694509445324395, 0.015204387256844448, 0.011705064811172505, -0.01863681001311654, 0.03798976405777876, -0.016765950043011957, 0.0042819706864758444, -0.0360124104948647, -0.0024687079332512685]
other derivatives: [-0.07000563 -0.17517959  0.59218019 -0.02632169 -0.03084819 -0.0231623
  0.01008944]
Current x array =  [-0.65531126 -0.89453849 -0.47934762  0.84323879 -1.50224317 -3.00774878
 -2.2634976  -0.38327823 -0.29508788 -0.02797857 -1.36335232 -2.42605652
 -3.28420919 -0.23720327 -0.98382947 -1.31237758 -0.92324476 -2.55728257
 -1.08563963 -1.62963768 -1.07790873 -0.50190124 -0.63855076]
log likelihood =  -6399.370789663166
Edge derivatives =  [-0.009363891153869597, 0.026137239517674882, -0.0034107735678771123, -0.021911771988716827, 0.01840072108238902, -0.026204035223963487, 0.016363058340840286, 0.0022119649120658363, 0.04987385132379757, 0.006241894480751076, -0.02820568996372967, 0.02358310626229565, 0.011789050803158396, -0.002206522289102786, -0.017205340400890945, 0.0024054314201897853]
other derivatives: [-0.02705201 -0.1272856   0.12223882 -0.04225058 -0.0248604  -0.03337564
  0.01034279]
Current x array =  [-0.65538679 -0.89470182 -0.47878786  0.84349589 -1.50250762 -3.00600278
 -2.26397813 -0.38239631 -0.29503092 -0.02793172 -1.36479627 -2.42604654
 -3.28061955 -0.23740945 -0.98372137 -1.31300157 -0.92305422 -2.55563364
 -1.0856716  -1.63062377 -1.07752233 -0.50202835 -0.63871346]
log likelihood =  -6399.370501080357
Edge derivatives =  [0.009141836538232806, 0.04663500182887159, -0.010155567822248357, -0.02974851162514748, 0.02628438470495975, -0.012586504332190725, 0.019172055538208332, 0.009093654294151321, 0.009938575739715239, 0.03065893064903691, -0.01941994377953643, 0.022875205261411624, -0.018768979070836744, 0.013829745704118546, -0.014446791743605192, 0.00435931011929569]
other derivatives: [-0.00920227 -0.08736697  0.04763933 -0.02613706 -0.04033938 -0.02001942
  0.00390485]
Current x array =  [-0.65539725 -0.89477223 -0.47872611  0.84338471 -1.50233503 -3.00805267
 -2.26206152 -0.38323389 -0.29535642 -0.02798291 -1.36354004 -2.42569913
 -3.28707041 -0.23741405 -0.9839984  -1.31211654 -0.9233168  -2.55654248
 -1.08546997 -1.62975089 -1.07787486 -0.50198269 -0.63869153]
log likelihood =  -6399.370319618577
Edge derivatives =  [0.022262327230491707, 0.04541224097088986, 0.027123093814065358, -0.0151083319309031, 0.024562492085665327, -0.006413943066894516, 0.017852664365005877, 0.013608785428125658, -0.00479285324464207, 0.009966339843660355, -0.006060070230810455, -0.0039458186932161965, -0.02355285933223672, 0.010250233947522447, 0.01497126484491329, 0.011639655410504712]
other derivatives: [ 0.06189566 -0.06474238 -0.03876357 -0.02756769  0.02620923 -0.00575582
  0.00387079]
Current x array =  [-0.65546569 -0.89486912 -0.47859448  0.84335798 -1.50284473 -3.00999004
 -2.26246391 -0.38349818 -0.29483857 -0.02806453 -1.36371239 -2.42494081
 -3.2902366  -0.23716649 -0.98391654 -1.31161621 -0.92289051 -2.55806738
 -1.08485288 -1.62961555 -1.07766998 -0.50195932 -0.63853214]
log likelihood =  -6399.370450902272
Edge derivatives =  [-0.002186636792431862, 0.011216126052877473, 0.03047758933542083, -0.008007349216021892, 0.015370626316466157, -0.00019001149288942754, -0.01130794073406427, 0.0014274748037069462, -0.016664569551927327, -0.016566677661141616, -0.00163981492506389, -0.01716737667537349, -0.020367130165313885, 0.001634856678625618, 0.014579587523021798, -0.003078066569262572]
other derivatives: [-0.41867679  0.13014323 -0.07372364 -0.00148611 -0.00107531  0.00375124
  0.0013961 ]
Current x array =  [-0.6549493  -0.8954503  -0.47858587  0.84323593 -1.50297624 -3.01149476
 -2.2618416  -0.38328334 -0.29392074 -0.0279474  -1.3645714  -2.42364638
 -3.29442007 -0.2368945  -0.98371816 -1.31130152 -0.9224704  -2.55862675
 -1.08454651 -1.62981003 -1.0774591  -0.50186848 -0.63835796]
log likelihood =  -6399.370273232892
Edge derivatives =  [0.016774016657408353, 0.03773726375166836, 0.02787884417594494, -0.013511519334346439, 0.022503138910017484, -0.005010329877701329, 0.011307130101941065, 0.010873834406145352, -0.007456595517373432, 0.004011872553235207, -0.005066237101953669, -0.006910931635502382, -0.022837294547843667, 0.008317383864149597, 0.014886177712726933, 0.008336177152191482]
other derivatives: [-0.04594585 -0.02096476 -0.04661433 -0.02171237  0.02008741 -0.00361855
  0.00331544]
Current x array =  [-0.65534973 -0.89499963 -0.47859255  0.84333057 -1.50287426 -3.01032795
 -2.26232416 -0.38344993 -0.29463246 -0.02803823 -1.36390529 -2.42465013
 -3.29117605 -0.23710541 -0.98387199 -1.31154555 -0.92279617 -2.55819299
 -1.08478408 -1.62965922 -1.07762263 -0.50193892 -0.63849302]
log likelihood =  -6399.370220933231
Edge derivatives =  [0.0031395338380730275, 0.01738073599509954, 0.024634591377946435, -0.0048457450642595545, 0.015933570731252372, -0.003556059762760813, -0.008495539869787905, 0.002684883967050425, -0.019994621010101382, -0.01715204647897206, -0.0035457155440367094, -0.022042238676081904, -0.01577112346228904, -0.0011098576874445376, 0.016420464184012884, 0.0022978248694219827]
other derivatives: [-0.02758134  0.03544028 -0.01207718 -0.00050568  0.02514165  0.00190351
  0.00179314]
Current x array =  [-0.65536115 -0.89516323 -0.47862143  0.84318869 -1.5030636  -3.01108945
 -2.2621434  -0.38316382 -0.29401815 -0.02784787 -1.3648004  -2.42383671
 -3.29287417 -0.2368728  -0.98370377 -1.31121974 -0.92249598 -2.5583828
 -1.0845034  -1.62993884 -1.07738521 -0.50187888 -0.63839167]
log likelihood =  -6399.370189277135
Edge derivatives =  [-0.009933589693643219, 0.000892559159242523, -0.0005637335970583579, -0.00581437871372216, 0.014254729671215854, -0.0008724491541357779, -0.008540964216063318, -0.0021350906316316143, -0.01534003630944708, -0.010388105214213073, -0.00537290984433611, -0.010625958222496235, -0.007586374789682937, -0.0008469377040183357, 0.0007536855411252041, -0.003026619997999025]
other derivatives: [ 0.05758466  0.03076457 -0.01127228  0.01069202 -0.00504949  0.00421719
 -0.00105702]
Current x array =  [-0.65545409 -0.89512514 -0.47862894  0.84314075 -1.50289012 -3.01131214
 -2.26120813 -0.38304151 -0.293675   -0.02763275 -1.36517845 -2.42324975
 -3.2947699  -0.23693672 -0.98366795 -1.31133338 -0.92259453 -2.55806922
 -1.08469663 -1.6301576  -1.07738911 -0.50178227 -0.63839348]
log likelihood =  -6399.3701762047185
Edge derivatives =  [-0.011498293234897705, -0.0061136612057495765, -0.004593397224617157, -0.0039892134368616355, 0.012968976488922923, 0.00016084956302640785, -0.0013322241418451952, -0.0019216702574280653, -0.006224629052325875, -0.004625582344337853, -0.005766662960932742, -0.001105327870447148, -0.0007691748883915661, -0.0004982595024720649, -0.0038594903272868297, -0.0024103683637537454]
other derivatives: [ 1.17115633e-02  1.44709702e-02 -2.72848411e-05  4.16002877e-03
 -5.74915957e-03  4.98883144e-03 -1.63242941e-03]
Current x array =  [-0.65540804 -0.89508612 -0.47864504  0.84318022 -1.50286308 -3.01133315
 -2.26088153 -0.38302716 -0.2934934  -0.02757622 -1.3654014  -2.42293866
 -3.29538928 -0.23701399 -0.98365252 -1.31152442 -0.92267071 -2.55796108
 -1.08484411 -1.63031362 -1.07739295 -0.50175823 -0.63841026]
      fun: 6399.3701762047185
 hess_inv: <23x23 LbfgsInvHessProduct with dtype=float64>
      jac: array([-1.17115633e-02, -1.44709702e-02,  2.72848411e-05, -4.16002877e-03,
        5.74915957e-03, -4.98883144e-03,  1.63242941e-03,  1.14982932e-02,
        6.11366121e-03,  4.59339722e-03,  3.98921344e-03, -1.29689765e-02,
       -1.60849563e-04,  1.33222414e-03,  1.92167026e-03,  6.22462905e-03,
        4.62558234e-03,  5.76666296e-03,  1.10532787e-03,  7.69174888e-04,
        4.98259502e-04,  3.85949033e-03,  2.41036836e-03])
  message: 'CONVERGENCE: REL_REDUCTION_OF_F_<=_FACTR*EPSMCH'
     nfev: 61
      nit: 51
     njev: 61
   status: 0
  success: True
        x: array([-0.65540804, -0.89508612, -0.47864504,  0.84318022, -1.50286308,
       -3.01133315, -2.26088153, -0.38302716, -0.2934934 , -0.02757622,
       -1.3654014 , -2.42293866, -3.29538928, -0.23701399, -0.98365252,
       -1.31152442, -0.92267071, -2.55796108, -1.08484411, -1.63031362,
       -1.07739295, -0.50175823, -0.63841026])
