number of sites to be analyzed:  598
log likelihood =  -8016.131012673466
Lr derivatives =  [-278.73608066867223, -292.7628443778668, -94.50775047551453]
other derivatives =  [ 128.74890581  -61.09104197  165.87394566 -108.29806888  520.73039751
  130.78238408]
Current x_clock array =  [-0.60363058 -0.75560835 -0.50755096  0.18232156 -0.10536052  0.33647224
 -0.51082562 -0.51082562 -0.51082562]
log likelihood =  -7634.813591426278
Lr derivatives =  [72.38265832698359, -88.71597467900968, -30.994300039565143]
other derivatives =  [-448.48527614  -25.59033237 -316.8265539   -52.37689402  371.16496424
  131.29574745]
Current x_clock array =  [-0.8018753  -0.75452187 -0.76295999  0.34907653 -0.90716967  0.13509641
 -0.08163397 -0.51003907 -0.51003907]
log likelihood =  -7315.734561393968
Lr derivatives =  [124.33782469023379, 35.26200640996771, -1.0971969434923423]
other derivatives =  [ 251.36700242   89.25526708 -331.79652382   16.32452222  170.4616603
   93.15174339]
Current x_clock array =  [-0.59125954 -0.74221645 -0.7141963   0.53833053 -1.91892671 -0.1514831
  0.22875865 -0.48432699 -0.49920807]
log likelihood =  -7229.45098719692
Lr derivatives =  [-163.85763404520435, -59.05332222740621, -69.65351896763835]
other derivatives =  [-214.58916217   -9.42374481  224.40892099   66.45671147  -97.0850951
   54.46494924]
Current x_clock array =  [-0.72436077 -0.81994762 -0.43873611  0.68344715 -2.90781239 -0.46646386
  0.41275429 -0.525354   -0.49938614]
log likelihood =  -7195.367847263427
Lr derivatives =  [-63.91349781714963, -3.8798568864686374, -31.202506761360098]
other derivatives =  [-15.88849864  -4.83518943 -41.75202139  48.71947112 -20.96602102
  60.10461493]
Current x_clock array =  [-0.66260569 -0.81888398 -0.53517162  0.62115482 -2.69025322 -0.44114243
  0.42425691 -0.50584281 -0.47155427]
log likelihood =  -7188.954761795073
Lr derivatives =  [-27.250724957914105, 24.84240957853085, -10.945043240167376]
other derivatives =  [47.21445111 -0.30069259 -9.08435504 38.59527715 -4.42213516 57.55726488]
Current x_clock array =  [-0.64826559 -0.82038599 -0.52226435  0.59492058 -2.70212366 -0.48612314
  0.47393574 -0.50189479 -0.45034737]
log likelihood =  -7177.0286566719315
Lr derivatives =  [16.072651482687835, 61.784905630876935, 17.375580658259242]
other derivatives =  [54.68334348  2.14962984 12.09575566 22.91791043  8.29484269 44.78838764]
Current x_clock array =  [-0.65193494 -0.82753785 -0.51310833  0.53559724 -2.824138   -0.64452459
  0.61758686 -0.52611073 -0.40666981]
log likelihood =  -7161.739299430076
Lr derivatives =  [15.831850807239361, 49.24153863789658, 15.631724096049524]
other derivatives =  [ 81.40091541  -0.76408742 -35.10871102   7.3201827   -4.62965927
  20.55986261]
Current x_clock array =  [-0.64859471 -0.83827884 -0.52910104  0.4238038  -3.06884859 -0.96077307
  0.84447819 -0.66509888 -0.37255808]
log likelihood =  -7159.696277591649
Lr derivatives =  [52.93248233345752, 35.6340245706387, 10.471150286120565]
other derivatives =  [-70.70946322  84.58653519  81.60120433 -11.36392711  25.45036526
   7.65324862]
Current x_clock array =  [-0.6958138  -0.78999158 -0.49045359  0.32750472 -3.14733222 -1.22988293
  1.06047393 -0.8507628  -0.35979261]
log likelihood =  -7154.202794559539
Lr derivatives =  [18.75783013444362, 19.474988303178883, 0.2143805671256782]
other derivatives =  [-8.81938558  6.30343038  2.09494192 -5.90013587 -1.21326449  7.85263593]
Current x_clock array =  [-0.67474753 -0.83533318 -0.51581647  0.33504472 -3.19073692 -1.22864602
  1.03163145 -0.84981329 -0.36263611]
log likelihood =  -7153.624593036584
Lr derivatives =  [12.328390073474909, 11.009191901779314, -5.379572944212459]
other derivatives =  [ 1.011932   -0.79625534 -3.94372455 -5.93090863 -3.75111012  7.6047621 ]
Current x_clock array =  [-0.67122582 -0.83880142 -0.51808477  0.33233285 -3.18054926 -1.2406123
  1.02327898 -0.87135758 -0.36414176]
log likelihood =  -7152.882406911256
Lr derivatives =  [2.3683860433274484, -4.93573531569721, -13.811290772101781]
other derivatives =  [ 6.50852598 -5.87786235 -7.39904954 -5.87100294 -4.19170146  7.69989952]
Current x_clock array =  [-0.66827735 -0.8394055  -0.51975472  0.33335429 -3.13447127 -1.25996331
  0.99279196 -0.91176133 -0.35711053]
log likelihood =  -7152.2833759494715
Lr derivatives =  [-1.3410411612692186, -10.118482947467994, -10.193896603177183]
other derivatives =  [ 3.92744914 -4.67981772 -6.22287189 -4.42251803 -4.2299921   7.76771496]
Current x_clock array =  [-0.66844669 -0.8375526  -0.51937464  0.34357878 -3.10570337 -1.2884423
  0.96934728 -0.9305003  -0.33067109]
log likelihood =  -7151.3046765636445
Lr derivatives =  [-0.11915271208280398, -10.692793598905748, 3.746215131395851]
other derivatives =  [ 3.92989114 -5.28692817 10.99475685 -0.41276871 -0.18988766  6.54860948]
Current x_clock array =  [-0.66819931 -0.83737282 -0.51288252  0.37693787 -3.04469666 -1.39128572
  0.92337118 -0.94043248 -0.28089732]
log likelihood =  -7150.973924170508
Lr derivatives =  [-0.027768404379816758, -6.549048427697278, 10.70693564170866]
other derivatives =  [-14.62538603   9.71174813 -26.02034874   4.4331191    0.0834003
   5.22394259]
Current x_clock array =  [-0.6734502  -0.82730194 -0.52549505  0.40399504 -3.00030741 -1.46579635
  0.87550211 -0.91452598 -0.26315871]
log likelihood =  -7150.511223605557
Lr derivatives =  [2.60099532962, -1.695028483797989, 9.928259369557138]
other derivatives =  [-6.26330711  5.9069871  -5.37075175  4.52687436 -0.01798751  3.9844015 ]
Current x_clock array =  [-0.67153179 -0.83077855 -0.51787765  0.40808555 -3.00311368 -1.50945819
  0.873889   -0.89878938 -0.26761814]
log likelihood =  -7150.132601457456
Lr derivatives =  [3.399204151164116, 1.3638454370502302, 3.6092177847595015]
other derivatives =  [ 0.06876689  0.59713147  6.74031617  4.75528122 -0.17642373  1.79420249]
Current x_clock array =  [-0.67001688 -0.83487023 -0.51344922  0.41180753 -2.994026   -1.60182314
  0.86130741 -0.87924851 -0.27870008]
log likelihood =  -7149.979107730525
Lr derivatives =  [3.00507097334442, 0.9227274419623988, -0.037966578879000235]
other derivatives =  [ 5.58492866 -0.41780277  3.33956268  4.19891967  0.56426952  0.54424304]
Current x_clock array =  [-0.66840265 -0.83533387 -0.51468544  0.40799534 -2.97629886 -1.67966978
  0.84487393 -0.87342205 -0.28012324]
log likelihood =  -7150.032885530142
Lr derivatives =  [-5.1015646672609956, -3.7482452821800423, -5.400556764081557]
other derivatives =  [-25.14314474 -11.39516826   4.31578155   3.19015089  -2.73285897
  -0.25892454]
Current x_clock array =  [-0.67638761 -0.84085995 -0.51456264  0.39685476 -2.95673216 -1.7599812
  0.81396681 -0.86266994 -0.27946086]
log likelihood =  -7149.938871338213
Lr derivatives =  [-0.15970581972333164, -0.8771755489446713, -2.1302927144672155]
other derivatives =  [-6.61611375 -4.75727484  3.71702572  3.81178415 -0.74941326  0.20579946]
Current x_clock array =  [-0.67155316 -0.83751421 -0.51463699  0.40359977 -2.96857872 -1.71135706
  0.83267936 -0.86917975 -0.27986189]
log likelihood =  -7149.890775414002
Lr derivatives =  [-0.37247220542325543, -1.2889968171308266, -2.8335167453977887]
other derivatives =  [-1.25453153 -1.98014368 -1.08727363  2.9699213  -0.17525332 -0.2212738 ]
Current x_clock array =  [-0.66997528 -0.83543789 -0.51648081  0.39718738 -2.95619883 -1.75189094
  0.82057385 -0.86696203 -0.27732698]
log likelihood =  -7149.867524855771
Lr derivatives =  [-0.2917228546194721, -1.013173358726084, -1.9158822663842803]
other derivatives =  [ 0.26864109 -0.33096148 -2.06850382  1.88393187 -0.14197541 -0.33093933]
Current x_clock array =  [-0.66955004 -0.83424065 -0.51697738  0.38927441 -2.95273756 -1.76783766
  0.81533331 -0.8657534  -0.27419308]
log likelihood =  -7149.851706344689
Lr derivatives =  [0.2903052632653029, -0.2334566483932592, -0.01040921035883341]
other derivatives =  [ 0.2812003  -0.04737012 -1.35271785  0.34437471 -0.03481689 -0.25171778]
Current x_clock array =  [-0.6695874  -0.83397507 -0.51690092  0.37865131 -2.95311741 -1.76796609
  0.81348787 -0.86480758 -0.27079261]
log likelihood =  -7149.851011480216
Lr derivatives =  [-0.5248595519473707, -0.4381975057036437, 0.05483096049544306]
other derivatives =  [-0.83843315  2.16170338  1.29316413  0.16156991 -0.66420817 -0.1228256 ]
Current x_clock array =  [-0.66988845 -0.83245741 -0.51604207  0.37674812 -2.95384552 -1.75794302
  0.81167732 -0.86343501 -0.27088322]
log likelihood =  -7149.848882933527
Lr derivatives =  [-0.12172494600418382, -0.2038601863173365, 0.25927014833528683]
other derivatives =  [-0.31146374  0.46971945 -0.00675118  0.03234618 -0.43456016 -0.09654334]
Current x_clock array =  [-0.6697423  -0.8335882  -0.5164903   0.37612    -2.95479769 -1.75508322
  0.81316438 -0.8636883  -0.27099729]
log likelihood =  -7149.848409327019
Lr derivatives =  [-0.031865413030189416, -0.11938088064542346, 0.2741836009548747]
other derivatives =  [-0.26029193  0.07349445 -0.13189128  0.0412856  -0.34648209 -0.06767578]
Current x_clock array =  [-0.66972545 -0.83384234 -0.51653195  0.3762879  -2.9546115  -1.75247215
  0.81313417 -0.8632982  -0.27122583]
log likelihood =  -7149.847636696526
Lr derivatives =  [0.015094654163242183, -0.07492255773174018, 0.11865128933678631]
other derivatives =  [-0.04828689 -0.38885446  0.07511244  0.00752152 -0.12762308 -0.00547223]
Current x_clock array =  [-0.66964815 -0.8340876  -0.51647516  0.37629435 -2.95297868 -1.7474475
  0.81183582 -0.86208001 -0.2718336 ]
log likelihood =  -7149.847594697536
Lr derivatives =  [0.24974570877560254, 0.19463747590219438, 0.09404537240536417]
other derivatives =  [-0.6258997   0.06602295 -0.61127503 -0.02165689  0.08554547  0.0209585 ]
Current x_clock array =  [-0.66982496 -0.83376804 -0.51672253  0.37616906 -2.95163946 -1.74461009
  0.81072425 -0.86063541 -0.27230616]
log likelihood =  -7149.847378377726
Lr derivatives =  [0.06721988758739528, 0.03850072310029352, -0.07009184181662112]
other derivatives =  [ 0.01800163 -0.09078485  0.14311718 -0.03048626  0.03753928 -0.00022284]
Current x_clock array =  [-0.66962742 -0.83385035 -0.51646754  0.37613877 -2.95102068 -1.74683253
  0.80998768 -0.86060925 -0.27228434]
log likelihood =  -7149.847364689334
Lr derivatives =  [0.03237332105716639, 0.01642301083605109, -0.05655050265658933]
other derivatives =  [-0.00082582 -0.02422075  0.04407411 -0.02323213  0.00179827 -0.0043729 ]
Current x_clock array =  [-0.66963153 -0.83380739 -0.5165021   0.37613418 -2.95111426 -1.74727705
  0.80999936 -0.86070517 -0.27220222]
      fun: 7149.847364689334
 hess_inv: <9x9 LbfgsInvHessProduct with dtype=float64>
      jac: array([-0.00082582, -0.02422075,  0.04407411, -0.02323213,  0.00179827,
       -0.0043729 ,  0.03237332,  0.01642301, -0.0565505 ])
  message: 'CONVERGENCE: REL_REDUCTION_OF_F_<=_FACTR*EPSMCH'
     nfev: 30
      nit: 28
     njev: 30
   status: 0
  success: True
        x: array([-0.66963153, -0.83380739, -0.5165021 ,  0.37613418, -2.95111426,
       -1.74727705,  0.80999936, -0.86070517, -0.27220222])
