number of sites to be analyzed:  185
log likelihood =  -1530.0611425630582
Lr derivatives =  [207.4846023577066, 57.70867874565903, 56.755460289578]
other derivatives =  [ 45.73352089   3.15026182   1.29009186 -47.17414049  66.9660426
  -0.        ]
Current x_clock array =  [-0.66157868 -0.58974389 -0.81409979  0.18232156 -0.10536052  0.33647224
 -0.51082562 -0.51082562 -0.51082562]
log likelihood =  -1422.4348496193993
Lr derivatives =  [6.031666975621164, -35.18297984414039, 6.013720420600986]
other derivatives =  [-85.8027588   -8.66489813   4.76093646 -41.2824279   57.95999368
  -0.        ]
Current x_clock array =  [-0.86205067 -0.603553   -0.81975488  0.38910848 -0.39890486  0.33647224
 -1.42033033 -0.55242123 -0.55242123]
log likelihood =  -1392.993660780778
Lr derivatives =  [-16.55945369986967, -40.138636338965725, 0.9024090708545742]
other derivatives =  [ 61.35748572  -2.70790906   2.85645979 -34.24072656  48.1014963
  -0.        ]
Current x_clock array =  [-0.62533443 -0.57802915 -0.8371098   0.57927251 -0.66670213  0.33647224
 -1.66927794 -0.43643245 -0.57446984]
log likelihood =  -1371.4341099966641
Lr derivatives =  [-27.51777791530411, -38.16246180826721, 0.2879690948145175]
other derivatives =  [ 47.78046059   4.00701128   0.90026197 -26.49362364  38.33479468
  -0.        ]
Current x_clock array =  [-0.63820648 -0.55819461 -0.85388445  0.77957569 -0.94867748  0.33647224
 -1.83929966 -0.27535583 -0.58451751]
log likelihood =  -1349.4964977816664
Lr derivatives =  [-45.33932181023295, -34.04991409592602, -13.019645042639477]
other derivatives =  [-14.40648225 -69.73754853   9.07372259  -2.65014984   5.39688187
  -0.        ]
Current x_clock array =  [-0.70887455 -0.80434792 -0.84045007  1.44460346 -1.94046168  0.33647224
 -2.08307788  0.         -0.74860991]
log likelihood =  -1334.6885692764208
Lr derivatives =  [-30.427589908987805, -27.375952047651573, -8.116549396094781]
other derivatives =  [-30.13183914  40.29263232   0.52802011  -1.11911451   3.62644184
  -0.        ]
Current x_clock array =  [-0.72698611 -0.48360779 -0.88214019  1.50357656 -2.03670736  0.33647224
 -1.91968396  0.         -0.74110199]
log likelihood =  -1329.6862668769927
Lr derivatives =  [-19.38940718441252, -21.23442612522379, -4.935073080205917]
other derivatives =  [-4.38479469 -1.506231   -1.20227037 -1.47788157  3.9187579  -0.        ]
Current x_clock array =  [-0.69594231 -0.56780925 -0.88372932  1.50333982 -2.04375325  0.33647224
 -1.80476925  0.         -0.73823214]
log likelihood =  -1327.68894852768
Lr derivatives =  [0.5010014774702602, -10.741621529739827, 0.4869365619624233]
other derivatives =  [ 7.79087873 -0.23980897 -3.16248611 -0.98477498  2.87531382 -0.        ]
Current x_clock array =  [-0.68385179 -0.56850447 -0.88661251  1.54310298 -2.11722488  0.33647224
 -1.62567423  0.         -0.74123342]
log likelihood =  -1327.4880736280688
Lr derivatives =  [0.42788981136191984, -10.771398582245757, -0.008107562725573558]
other derivatives =  [ 0.23938696 -1.25569932  1.0506983   0.12198102  1.2678504  -0.        ]
Current x_clock array =  [-0.69360234 -0.57104931 -0.87098648  1.57973061 -2.18177154  0.33647224
 -1.61706915  0.         -0.74959417]
log likelihood =  -1327.4612694944233
Lr derivatives =  [0.12223624548435508, -10.974477379736966, -0.24099030012009015]
other derivatives =  [-0.45799106 -0.06097434  0.45192292  0.53146938  0.55902631 -0.        ]
Current x_clock array =  [-0.69409325 -0.56821548 -0.87384617  1.59491051 -2.21247722  0.33647224
 -1.61756086  0.         -0.75234877]
log likelihood =  -1327.4534293481795
Lr derivatives =  [0.017175259308799262, -10.986396749139619, -0.08620316199246769]
other derivatives =  [-0.1742842   0.08262577 -0.06788423  0.51502264  0.2824496  -0.        ]
Current x_clock array =  [-0.69363316 -0.56783571 -0.87603403  1.59255586 -2.22571492  0.33647224
 -1.61893113  0.         -0.75000204]
log likelihood =  -1327.4468561418907
Lr derivatives =  [-0.07535798745530009, -10.973286129949265, 0.11220175302660973]
other derivatives =  [ 0.37352447  0.25923373  0.06874279  0.3099227  -0.01663163 -0.        ]
Current x_clock array =  [-0.69293185 -0.56745564 -0.87563878  1.58100653 -2.24097644  0.33647224
 -1.6204438   0.         -0.74703121]
log likelihood =  -1327.4452312079375
Lr derivatives =  [-0.014718452852006791, -10.970478994290186, 0.08111602413989605]
other derivatives =  [-0.12689725 -0.25645727 -0.67101973  0.04225925 -0.04504258 -0.        ]
Current x_clock array =  [-0.69393035 -0.56866659 -0.87849412  1.56746975 -2.2444394   0.33647224
 -1.61986393  0.         -0.74762031]
log likelihood =  -1327.44424302461
Lr derivatives =  [-0.02937018750623599, -10.980542484526831, 0.04053800417568443]
other derivatives =  [ 0.27290866 -0.02999946 -0.09473843  0.00574217 -0.02532507 -0.        ]
Current x_clock array =  [-0.69335807 -0.56818113 -0.87622417  1.56614602 -2.24347349  0.33647224
 -1.61995582  0.         -0.74806406]
log likelihood =  -1327.4441396161296
Lr derivatives =  [-0.0032465887079138334, -10.971434527759817, 0.024740184299165247]
other derivatives =  [ 0.00516616 -0.0061641   0.01333024  0.00983924 -0.00592236 -0.        ]
Current x_clock array =  [-0.69374981 -0.5681517  -0.87579204  1.56627281 -2.242501    0.33647224
 -1.61956957  0.         -0.74838031]
log likelihood =  -1327.4441337409921
Lr derivatives =  [0.0006454978731302852, -10.972899576902865, 0.014984880155377578]
other derivatives =  [-0.00332102 -0.00107843  0.00541013  0.00048426  0.00084074 -0.        ]
Current x_clock array =  [-0.69377178 -0.56814372 -0.87581829  1.56586607 -2.24225101  0.33647224
 -1.61951572  0.         -0.74852003]
log likelihood =  -1327.4441324694856
Lr derivatives =  [-0.0009336892657003659, -10.979189800009774, -0.005341838755476225]
other derivatives =  [ 0.00803948 -0.00826594  0.00194518  0.00072631 -0.00043187 -0.        ]
Current x_clock array =  [-0.6937558  -0.56815858 -0.87583244  1.56588547 -2.24232574  0.33647224
 -1.61945125  0.         -0.74879256]
      fun: 1327.4441324694856
 hess_inv: <9x9 LbfgsInvHessProduct with dtype=float64>
      jac: array([ 8.03947842e-03, -8.26594260e-03,  1.94518179e-03,  7.26313094e-04,
       -4.31866105e-04, -0.00000000e+00, -9.33689266e-04, -1.09791898e+01,
       -5.34183876e-03])
  message: 'CONVERGENCE: REL_REDUCTION_OF_F_<=_FACTR*EPSMCH'
     nfev: 17
      nit: 16
     njev: 17
   status: 0
  success: True
        x: array([-0.6937558 , -0.56815858, -0.87583244,  1.56588547, -2.24232574,
        0.33647224, -1.61945125,  0.        , -0.74879256])
