number of sites to be analyzed:  304
log likelihood =  -10746.139361435671
Edge derivatives =  [48.58455124269204, 51.617489312071626, 81.53752397360857, 79.9972851554265, -2.8091203336413395, 4.608164004697866, 194.78204169720686, 213.24271942801585, 70.73443938171177, 56.987049616885635, 12.263216359467718, 53.23973698571096, 13.780121092986072, 35.75390766465692, 157.08046220735645, 118.17785999171359]
other derivatives: [  15.46377462   86.63100743 -191.24418031  331.85770008 -833.32597569
    0.        ]
Current x array =  [-0.71045293 -0.72123181 -0.50913608  0.18232156 -0.10536052  0.33647224
 -2.30258509 -2.30258509 -2.30258509 -2.30258509 -2.30258509 -2.30258509
 -2.30258509 -2.30258509 -2.30258509 -2.30258509 -2.30258509 -2.30258509
 -2.30258509 -2.30258509 -2.30258509 -2.30258509]
log likelihood =  -10105.806334377532
Edge derivatives =  [48.28631666293814, 51.102236777393976, 82.93201207055077, 84.98162980649178, -0.19515315046043227, 7.440856799718932, 198.35203207211896, 213.43253104645387, 71.96222968999987, 59.90372056818823, 14.274195071878228, 60.03712402189244, 16.28757336814165, 36.42216190326377, 158.53326425038048, 120.21340334001697]
other derivatives: [ 173.7718776   111.50186765   24.51870387  230.08942662 -403.98645069
    0.        ]
Current x array =  [-0.7096822  -0.7204485  -0.73231204  0.19377848 -1.07782581  0.33647224
 -2.29523017 -2.2423491  -2.29523017 -2.29523017 -2.30586325 -2.29720751
 -2.29523017 -2.29523017 -2.29523017 -2.29523017 -2.29523017 -2.29523017
 -2.29523017 -2.29523017 -2.29523017 -2.29523017]
log likelihood =  -10499.211501411773
Edge derivatives =  [33.542245399734774, 49.71585269977801, 78.81933045600505, 74.1778456765289, 0.2055210634648615, 6.713099852338785, 177.4911942214265, 194.01824633257436, 64.1757543321498, 56.95571861632956, 14.099509965282838, 56.968544273953725, 16.19151032750138, 27.526006017464933, 143.43213567445392, 108.08766964358476]
other derivatives: [-6806.8067776     73.58812582  -132.53302313  -225.71457521
   116.48226064     0.        ]
Current x array =  [-0.16698494 -0.48735192 -0.61661724  0.45547317 -2.23488592  0.33647224
 -2.20302819 -2.08587172 -2.13995895 -2.13097542 -2.30596967 -2.27387651
 -1.93506087 -1.91380474 -2.15937263 -2.17789533 -2.25896732 -2.1718214
 -2.25470297 -2.22229866 -2.00780566 -2.07386837]
log likelihood =  -9846.089609507759
Edge derivatives =  [44.07010065892196, 49.13977184741143, 81.87326646374292, 81.15289435837008, -0.07473004806427196, 6.981172805700922, 189.04886653334202, 205.65286264126377, 68.89092846242885, 57.12017113503241, 14.545980993268637, 56.39816644470131, 15.549630665875524, 32.965672327695046, 151.9150685130001, 114.6136074223328]
other derivatives: [-681.72594183   59.31706255  -32.05077519  106.61278793 -181.50203687
    0.        ]
Current x array =  [-0.47363367 -0.61906213 -0.68199009  0.30760372 -1.58109413  0.33647224
 -2.25512652 -2.17428858 -2.22769428 -2.22378686 -2.30590954 -2.28705959
 -2.13857297 -2.12932752 -2.23613835 -2.24419487 -2.27945749 -2.24155299
 -2.27760269 -2.26350829 -2.17021363 -2.1989479 ]
log likelihood =  -9615.802484448712
Edge derivatives =  [43.34436140184239, 46.354595926433916, 80.20176760655332, 78.7331840379913, -0.245714293807228, 6.873267668075228, 177.48856767159901, 194.6803161431176, 66.06426817863553, 54.3409155331629, 14.371758896190125, 54.06252659137641, 14.572835621485165, 31.594885027333, 144.14239528173627, 106.97504700391417]
other derivatives: [  16.36326488 -108.03087207   20.80378181   17.84264896  126.97455531
    0.        ]
Current x array =  [-0.6014263  -0.50310965 -0.67404047  0.43336725 -2.24808272  0.33647224
 -2.19895541 -2.07887881 -2.1301702  -2.12277495 -2.30632983 -2.27338264
 -1.91540651 -1.8910961  -2.15195526 -2.17202987 -2.25710089 -2.16683843
 -2.25316154 -2.21942645 -1.99147356 -2.06184541]
log likelihood =  -9443.969001914746
Edge derivatives =  [40.91898496131347, 43.74885605715787, 77.49759019942337, 71.05243588432526, -0.8024906819965401, 5.110683586508062, 155.6652349543802, 175.2326326472294, 62.15300314524499, 49.42469779253829, 13.24096494812134, 46.99004089237781, 12.88155244346737, 29.296245132102896, 130.12988307549386, 95.18800238003149]
other derivatives: [ -85.57544788 -196.58637029   -7.19119271  -40.45359674  190.09148673
    0.        ]
Current x array =  [-0.586443   -0.47288837 -0.583083    0.57187678 -2.42275901  0.33647224
 -2.12692847 -1.99286959 -2.00098639 -1.99162442 -2.30587593 -2.25994057
 -1.61916877 -1.57126423 -2.04255592 -2.08028595 -2.23245331 -2.0734368
 -2.22657366 -2.1651285  -1.75345775 -1.88225429]
log likelihood =  -9025.789211507916
Edge derivatives =  [27.481093843531767, 32.21756534980118, 51.44874186820443, 17.76577617091929, 0.11575993043187505, -4.6934788161801295, -16.68155266702321, -1.7730395642883392, 37.753223417460106, 25.682771438732992, -0.22887369781953726, -5.4511089227474985, 5.753557646645358, 23.715778798968238, -5.375710942878398, 14.607033661958079]
other derivatives: [  -95.90221453   140.10565792 -1798.52831934  -121.66055967
   155.53669073     0.        ]
Current x array =  [-0.64981101 -0.95364811 -0.19971895  1.14890175 -2.84134405  0.33647224
 -1.69328588 -1.50770695 -1.21321931 -1.22822428 -2.3071763  -2.19334242
  0.0843796   0.29959726 -1.38687324 -1.54427614 -2.09190939 -1.54480242
 -2.0779015  -1.84354626 -0.35966114 -0.84130875]
log likelihood =  -9029.339922789615
Edge derivatives =  [17.414617451999188, 20.01804496855525, 38.763262351968876, 11.64176881407267, -5.439510997502094, -8.34203327730544, -36.25693216740737, -40.03340633561375, 19.422291461214034, 8.974176016800904, -5.732922668303987, -1.9757226480795549, 1.7718342237053304, 12.339246233579834, -39.290706110996084, -8.86460207655831]
other derivatives: [ 106.65080481  282.28641895  734.05026342 -173.05865185  112.05302144
    0.        ]
Current x array =  [-0.66224507 -1.07929565 -0.75880822  1.1582436  -2.80955569  0.33647224
 -1.61038487 -1.41266153 -1.06118805 -1.09441409 -2.30800091 -2.18421625
  0.36119497  0.61196744 -1.26326529 -1.44593068 -2.06801079 -1.4592328
 -2.05122405 -1.78144434 -0.12812588 -0.66337506]
log likelihood =  -8872.818197751414
Edge derivatives =  [28.212110731210434, 28.330030822612848, 54.47195182576918, 19.779294405585382, -0.2829316375189091, -3.1980097337746565, -9.668365146079836, -4.860670138159035, 35.93562383772707, 22.428145255583573, 0.41932820261984816, 2.3157837706456523, 6.811563312136238, 22.2515364727786, -5.865719767299792, 13.97939158835387]
other derivatives: [  -2.77559593  195.47551346   25.24793672 -145.94697859  152.2104867
    0.        ]
Current x array =  [-0.65493601 -1.00543681 -0.43016122  1.15275222 -2.8282417   0.33647224
 -1.65911621 -1.46853166 -1.15055592 -1.17307115 -2.30751618 -2.18958085
  0.1984758   0.42834824 -1.33592521 -1.50374066 -2.082059   -1.50953282
 -2.06690574 -1.81794944 -0.26422825 -0.76796904]
log likelihood =  -8831.303404193819
Edge derivatives =  [28.15932455860064, 29.527690529844616, 54.94193651768577, 20.47993135505524, -0.7618616056639522, -2.8937502748958166, -5.255243708728508, -0.09492323343894926, 38.236645217181554, 24.34836554010418, 1.590569192121683, 6.912426693135658, 7.301253592638534, 22.593791295071053, 5.957278804024223, 20.573409736123484]
other derivatives: [ -59.07422747  109.19702618  -16.74452506 -131.17150957  102.67158359
    0.        ]
Current x array =  [-6.42079431e-01 -9.06528725e-01 -4.30726467e-01  1.07829221e+00
 -2.58372688e+00  3.36472237e-01 -1.70722073e+00 -1.53313533e+00
 -1.23664577e+00 -1.25950740e+00 -2.30668666e+00 -2.19847304e+00
  2.10952160e-03  2.12553226e-01 -1.40865522e+00 -1.56393728e+00
 -2.09966093e+00 -1.57096559e+00 -2.08457311e+00 -1.85376045e+00
 -4.25875733e-01 -8.86479643e-01]
log likelihood =  -8786.324543955729
Edge derivatives =  [18.225438093530347, 23.478488139063977, 38.99741766959541, 8.38199575441241, -4.490901614572178, -6.408938348973382, -36.061486902387315, -41.45939748964605, 24.622035012885714, 14.769163401659053, -3.2739863860701925, 2.4920611672709567, 3.5155763421479773, 15.82999679926367, -18.936982175606857, 1.995161066589422]
other derivatives: [-98.78131095 -77.49767974 -10.87282726 -53.14177542 -40.51853466
   0.        ]
Current x array =  [-0.64622464 -0.75106126 -0.44862169  0.89742455 -2.2957738   0.33647224
 -1.64227814 -1.47760079 -1.11065002 -1.20232038 -2.30799946 -2.20370734
  0.03349308  0.25600408 -1.31552263 -1.50161441 -2.09422369 -1.54001822
 -2.06760088 -1.80167013 -0.36923533 -0.81342608]
log likelihood =  -8766.651795563976
Edge derivatives =  [16.98374685225737, 23.072550130470386, 37.0589906319274, 12.548776606618858, -4.545194980972777, -6.013025182289434, -15.84016990521286, -16.06395009285611, 23.25969784959359, 14.738699609444572, -2.0019399718054998, 5.750694641782412, 3.2614134617039916, 15.348096664929416, -2.354354087229262, 8.122334593437076]
other derivatives: [-35.63254722 -40.57801561 -19.61925591  -2.03181116 -15.01830411
   0.        ]
Current x array =  [-0.66577598 -0.76292678 -0.45305369  0.72018287 -2.29413574  0.33647224
 -1.63034299 -1.4602152  -1.07957681 -1.23084902 -2.31451619 -2.21819038
 -0.13454414  0.07099631 -1.30401628 -1.50332864 -2.10698265 -1.56697192
 -2.06826673 -1.78846026 -0.48486742 -0.86828319]
log likelihood =  -8749.60407757299
Edge derivatives =  [10.715086214644316, 17.7378319582484, 24.41450657531897, 10.595481128506275, -5.042819982194293, -6.784063182317148, -13.57710576723928, -12.46683856277934, 11.972994224294258, 8.061093414423114, -2.926042752717329, 2.4490283666774735, 0.975007775864001, 10.88284650622421, -5.652395420917253, 0.33611841972446066]
other derivatives: [36.92839528  6.93598849 18.20681064 28.73985068  3.8116923   0.        ]
Current x array =  [-0.69112809 -0.80572396 -0.45972571  0.62691602 -2.38954344  0.33647224
 -1.52515668 -1.32637713 -0.86520029 -1.13494891 -2.33177579 -2.23894581
 -0.12760132  0.08385702 -1.15997509 -1.40643517 -2.10767851 -1.51930945
 -2.04336319 -1.69949192 -0.44056849 -0.78105866]
log likelihood =  -8741.24616146342
Edge derivatives =  [4.656329699861132, 12.593732113621645, 10.214007492048053, 8.504958613620268, -5.5001027781327725, -7.352282294886067, -9.518926740317127, -6.916318001037292, 1.170180471088256, 1.868726955227795, -3.3142590467145485, -0.37209514478232064, -1.2694629176252212, 5.843627495696832, -5.548238669984313, -5.067257685530258]
other derivatives: [51.54670362 16.48495527 32.91224857 35.00681487  3.06372385  0.        ]
Current x array =  [-0.69813373 -0.82014868 -0.45989561  0.61221512 -2.41228146  0.33647224
 -1.43610555 -1.20519403 -0.67725629 -1.05464243 -2.3539002  -2.26798681
 -0.16602132  0.05040903 -1.04418797 -1.32914282 -2.11569314 -1.48694948
 -2.02614772 -1.61995642 -0.43452304 -0.7306992 ]
log likelihood =  -8734.490324160402
Edge derivatives =  [-0.7205842902049727, 7.395333764154087, -3.5470452539222124, 5.998880520749514, -5.009295490979443, -6.808971581233284, -0.8024825149763548, 2.7304725218989754, -4.722120681218254, -1.8039095083229428, -2.2178470293046373, -1.3148701035450254, -2.7850208523407285, 0.5704117684149564, 0.4764645321238068, -3.0585159658983097]
other derivatives: [45.76813808 15.26441338 29.52347131  5.33709681 -7.53334461  0.        ]
Current x array =  [-0.69652272 -0.82377667 -0.45299813  0.71205832 -2.37424632  0.33647224
 -1.3642998  -1.06225417 -0.52885135 -0.96266914 -2.40380251 -2.33577763
 -0.26639437 -0.02616403 -0.98756313 -1.28352685 -2.1428221  -1.48078821
 -2.02917546 -1.54555867 -0.4745329  -0.74757559]
log likelihood =  -8746.712722648168
Edge derivatives =  [-4.501162115771404, 2.2813690163364604, -9.616679327919197, 3.4045026153818236, -4.092743054953075, -5.498591624477625, 4.556621847009164, 6.973374032088067, -6.425075707770395, -3.0553806418546903, -1.0560266595378498, -0.5740818346781972, -2.5846847621486497, -3.5510581690877965, 2.7302743801985914, -0.5178808331406989]
other derivatives: [-290.22357921  -22.38211891   13.32482498   19.32676241   26.56088327
    0.        ]
Current x array =  [-0.59197202 -0.81301981 -0.45330408  0.68524411 -2.4896536   0.33647224
 -1.31665024 -0.91997195 -0.44822956 -0.86302821 -2.46176017 -2.41383926
 -0.30609356 -0.02536687 -0.96397775 -1.25547254 -2.16683567 -1.47811982
 -2.0438816  -1.49305385 -0.46975783 -0.75220467]
log likelihood =  -8733.6661730476
Edge derivatives =  [-1.5034396089800535, 6.369014109669172, -4.778431553660052, 5.510572147834032, -4.820746296018257, -6.5397238746236175, 0.31078749602085537, 3.581350339746016, -5.087889813648768, -2.083879227216024, -1.9910345058438406, -1.2140567841980394, -2.759602480154557, -0.25938901243238366, 0.8954541130538411, -2.572352569460029]
other derivatives: [-13.19003786   7.89987098  26.74169082   7.53716449  -0.45929482
   0.        ]
Current x array =  [-0.67533418 -0.82159665 -0.45306014  0.70662408 -2.39763508  0.33647224
 -1.35464301 -1.03341886 -0.51251231 -0.94247563 -2.41554837 -2.35159781
 -0.27443992 -0.02600248 -0.98278325 -1.27784129 -2.14768876 -1.48024743
 -2.03215585 -1.5349179  -0.47356517 -0.74851373]
log likelihood =  -8732.988084773784
Edge derivatives =  [-1.7017275021167542, 5.798378633054256, -5.018380317423703, 5.056001116134742, -4.444975024357969, -6.157357777364284, 0.966069661576683, 3.842884126751296, -4.1144046522103, -1.752718183589835, -1.633016409038759, -1.1647620540021473, -2.659811363351602, -0.6902927654189305, 1.3848958586129447, -1.2516037820253625]
other derivatives: [-13.26152415  -0.98243618  14.99192877  -5.84004738   1.52685971
   0.        ]
Current x array =  [-0.67535441 -0.81608953 -0.44741812  0.74878482 -2.39975286  0.33647224
 -1.34944449 -1.00615979 -0.50517869 -0.92056747 -2.42971256 -2.37035677
 -0.27971256 -0.02060263 -0.98863158 -1.27744909 -2.1542934  -1.48150957
 -2.03764258 -1.52689292 -0.47263657 -0.75656991]
log likelihood =  -8732.287622306652
Edge derivatives =  [-2.0724792806322774, 4.9395815693539324, -5.135796223539421, 3.933642419667661, -3.9336757469743264, -5.585113260969886, 0.6232228712422726, 2.436375903917043, -2.8258232414124693, -1.1601554555162554, -1.3366598138192156, -0.7661950817244676, -2.362122147073462, -0.9231902578387802, 1.046577911415338, -0.19825749077014093]
other derivatives: [-11.57677616  -5.66706149   0.22228051  -8.24402377   1.22090569
   0.        ]
Current x array =  [-0.67672002 -0.81303777 -0.44230774  0.75872271 -2.40253997  0.33647224
 -1.34673143 -0.9682162  -0.50587607 -0.88979082 -2.45135982 -2.39978865
 -0.28194296 -0.00719108 -0.99881916 -1.27881657 -2.16319345 -1.48452217
 -2.04758648 -1.520022   -0.46768384 -0.76355113]
log likelihood =  -8731.013922943628
Edge derivatives =  [-2.925687083297247, 2.359246631708865, -4.596599226669235, 0.4923898045004637, -2.466025619501315, -3.923974511244777, -0.3723775015150401, -1.6422472040207277, 1.168329885761483, 0.8465293507806706, -0.5237144674359289, 0.8678596629491011, -1.2841468870168398, -1.1569176131875982, 0.19147690689245866, 2.7382108383468653]
other derivatives: [ -5.33254934  -7.80928531 -32.7701855   -5.4247721   -0.20772859
   0.        ]
Current x array =  [-0.68085609 -0.81136011 -0.43229117  0.75587159 -2.40999212  0.33647224
 -1.34650998 -0.86013785 -0.52340021 -0.80405601 -2.5165002  -2.48932498
 -0.29118779  0.02747825 -1.03298604 -1.28648935 -2.18954428 -1.49569889
 -2.07939274 -1.50583267 -0.45643999 -0.78408396]
log likelihood =  -8731.461254359956
Edge derivatives =  [-3.836669961859654, -1.1635770600951287, -3.5933845420580237, -3.0417060679091446, -1.1719404359502248, -2.32835403613534, 0.5639370673312664, -4.0634614307415715, 5.239624979569217, 2.5573236418629555, 0.39362148207006153, 3.6766670378616078, -0.08305418767862345, -1.9147978228310165, 0.6710398087841856, 6.392405359687625]
other derivatives: [  4.16202965 -19.15814209  54.30501915 -15.54708433   2.53512553
   0.        ]
Current x array =  [-0.68251111 -0.80216055 -0.45653433  0.77507263 -2.40906193  0.33647224
 -1.3532877  -0.75021233 -0.55327147 -0.72050079 -2.58710427 -2.5872079
 -0.31529509  0.04736279 -1.0760586  -1.2994554  -2.219358   -1.51104409
 -2.11532142 -1.49462545 -0.456636   -0.81493195]
log likelihood =  -8730.726045669984
Edge derivatives =  [-3.2801586504402547, 1.074189348040287, -4.185958351755902, -0.8120217764704134, -1.9569470426516369, -3.2881070276507525, 0.011138793958597404, -2.570524000502209, 2.7489912977002975, 1.5123177997515287, -0.16741656964979645, 1.9532399627672936, -0.8193138668043616, -1.4339893489996363, 0.3922461741443528, 4.157823764107141]
other derivatives: [ -1.71457941 -12.09264155   1.73877197  -9.30922397   0.95024006
   0.        ]
Current x array =  [-0.6814899  -0.80783706 -0.44157531  0.7632248  -2.40963589  0.33647224
 -1.34910557 -0.81804088 -0.53483968 -0.77205778 -2.54353867 -2.52681013
 -0.3004199   0.03509321 -1.04948107 -1.29145481 -2.20096171 -1.50157548
 -2.09315196 -1.50154076 -0.45651505 -0.79589748]
log likelihood =  -8730.45105781174
Edge derivatives =  [-3.280930393251778, 0.5308696257992144, -3.403620952094232, -1.5540041712828834, -1.5992088351794531, -2.865837533028547, -0.04857893967301774, -3.1388361407615695, 3.755224057144781, 2.142380661377927, -0.00645112997380979, 2.578777853453455, -0.4254649267605947, -1.128118162365482, 0.41441807235297556, 4.670187880420593]
other derivatives: [ 1.42317731 -4.58949216 -2.62407411 -1.89829734  0.81527105  0.        ]
Current x array =  [-0.68290249 -0.81240107 -0.44108792  0.74081714 -2.41172868  0.33647224
 -1.35473185 -0.79468898 -0.54917006 -0.75565765 -2.56026418 -2.55061101
 -0.30518259  0.03828865 -1.05877799 -1.29485241 -2.20732329 -1.5049226
 -2.10229597 -1.50221033 -0.45643455 -0.79951818]
log likelihood =  -8730.229461221974
Edge derivatives =  [-3.066432424184556, 0.3298298731470701, -2.35680392143886, -1.7454831776585433, -1.4126981364357531, -2.6073971305862917, 0.13075808709610953, -2.583493987852799, 3.625169675567424, 2.0945207896833864, -0.04999414619469489, 2.5897825810940684, -0.1823722945859544, -0.7977855003170443, 0.3128654915918627, 3.882554596082366]
other derivatives: [ 1.20417099  2.45563569 -0.66538632  1.41644705  0.23246685  0.        ]
Current x array =  [-0.68267479 -0.81700883 -0.44223051  0.73003604 -2.40949303  0.33647224
 -1.36496573 -0.78236842 -0.56455416 -0.75124356 -2.57216208 -2.5688161
 -0.30901672  0.03223629 -1.05693325 -1.29291665 -2.21078316 -1.50182362
 -2.10803424 -1.50522367 -0.45670236 -0.7930865 ]
log likelihood =  -8729.875036923851
Edge derivatives =  [-2.5013256141006224, -0.13600652964734197, -0.05006984742310516, -1.944422954492664, -1.0927646821299497, -2.1073589857836907, 0.6348328526054658, -0.6938628679203521, 2.21833599512313, 1.3063091389454966, -0.33129273376349855, 2.0577444779547895, 0.22811444751472193, -0.19799421861017164, -0.2259289513306708, 0.8447743969684874]
other derivatives: [ 2.77359504  3.07391019  2.76868377  6.63785613 -0.07094059  0.        ]
Current x array =  [-0.68337347 -0.81650961 -0.44420364  0.71154908 -2.40578007  0.33647224
 -1.39258735 -0.75438627 -0.59861575 -0.74534365 -2.60059977 -2.6134124
 -0.31575198  0.01451122 -1.04215468 -1.28234439 -2.21817682 -1.48804427
 -2.11985833 -1.5120846  -0.45566459 -0.76947135]
log likelihood =  -8730.121260982774
Edge derivatives =  [-1.2705997872943984, -0.6075611386613287, 3.4012404904956806, -1.8610819930607279, -0.48496371898117235, -1.3559867248292627, 0.7509690629198051, 1.011101197191902, 0.8159472662017633, 0.4346779343953132, -0.31203807227570024, 0.6587053842667681, 0.796044434112673, 0.6458287073206018, -0.3758363064553918, -1.5540769037899136]
other derivatives: [-10.62981028  34.35598046   4.02342266  -4.34556569  -3.41860869
   0.        ]
Current x array =  [-6.76991961e-01 -8.40750141e-01 -4.44003459e-01  7.46355300e-01
 -2.39317644e+00  3.36472237e-01 -1.43738744e+00 -7.15437386e-01
 -6.35433195e-01 -7.40781315e-01 -2.64443696e+00 -2.68279018e+00
 -3.16269370e-01  1.49009576e-03 -1.02197799e+00 -1.26665624e+00
 -2.23172829e+00 -1.46304997e+00 -2.13444638e+00 -1.51909974e+00
 -4.54386508e-01 -7.48022277e-01]
log likelihood =  -8729.766184147138
Edge derivatives =  [-2.055518695311986, -0.29100379048773756, 1.1923710851801101, -1.9105849768697092, -0.868766969443922, -1.8295164235888666, 0.6810158035208473, -0.08080951589281049, 1.7280175709461796, 1.0014673108528276, -0.32400538384371663, 1.5702800944281685, 0.43258058547015593, 0.10598419067118375, -0.2728826626552734, 0.0008208128634772938]
other derivatives: [-1.9390427  14.40894266  3.2099706   2.74867489 -1.21981429  0.        ]
Current x array =  [-0.68110531 -0.82512536 -0.44413249  0.72392017 -2.40130039  0.33647224
 -1.40851053 -0.74054277 -0.61170168 -0.74372207 -2.61618071 -2.63807116
 -0.31593587  0.00988316 -1.03498333 -1.27676839 -2.22299339 -1.47916061
 -2.12504333 -1.51457797 -0.45521032 -0.76184776]
log likelihood =  -8729.614802667802
Edge derivatives =  [-1.6490789612823205, -0.41728183744120195, 2.2412929212814245, -1.7601258524840637, -0.7484905705934064, -1.6291150455303651, 0.7399306249472126, 0.6720793925981319, 0.657054842733267, 0.37631380895424893, -0.46276207506275274, 0.9676060851352076, 0.5472034896554648, 0.316215038234557, -0.5290166623681709, -1.5292199409599883]
other derivatives: [-1.29493856  6.38792699  1.96687324  1.84918463 -0.91458787  0.        ]
Current x array =  [-0.68160466 -0.81893449 -0.44382466  0.72538881 -2.3998334   0.33647224
 -1.42652688 -0.72921835 -0.625325   -0.74570995 -2.63101218 -2.66236094
 -0.31531724  0.00326489 -1.02403883 -1.26946164 -2.22700105 -1.46844694
 -2.12937915 -1.51797394 -0.45440149 -0.75050789]
log likelihood =  -8729.526073445293
Edge derivatives =  [-1.3250571491749075, -0.4609144407676615, 2.5797186847138236, -1.426051152674545, -0.6539569389449772, -1.4943524964252035, 0.7519268599412934, 1.0631325287302849, -0.21496876225184433, -0.11072844492493253, -0.46689910369140153, 0.39325630839634007, 0.5399336521366669, 0.3231393070624692, -0.40975278452797825, -1.978521816505524]
other derivatives: [-0.35270205 -0.45329216  0.18480932 -0.78416633  0.49112714  0.        ]
Current x array =  [-6.82068616e-01 -8.14055730e-01 -4.42969703e-01  7.32441537e-01
 -2.40187364e+00  3.36472237e-01 -1.44130246e+00 -7.21970380e-01
 -6.26119267e-01 -7.50484762e-01 -2.64252199e+00 -2.68210128e+00
 -3.12219117e-01  1.75710685e-03 -1.01442530e+00 -1.26307848e+00
 -2.23079781e+00 -1.45854997e+00 -2.13046718e+00 -1.51850996e+00
 -4.54498072e-01 -7.46855297e-01]
log likelihood =  -8729.46890491779
Edge derivatives =  [-1.1317948745674022, -0.5203681077315737, 2.438506459839791, -1.202949637680749, -0.5631541192104849, -1.3835850394134463, 0.52936284593301, 0.8286537146925335, -0.7067102591426598, -0.3655882170306931, -0.3952201853344218, 0.017386374307549968, 0.5019469412001856, 0.2519191437995692, -0.226339988492835, -1.7260835115232158]
other derivatives: [-0.55515557 -3.70146154 -1.34605216 -2.26737029  0.81527105  0.        ]
Current x array =  [-0.68208651 -0.81181445 -0.44236607  0.73682844 -2.40257326  0.33647224
 -1.45346864 -0.71725931 -0.6212671  -0.75566231 -2.65183108 -2.69861626
 -0.30845954  0.00375772 -1.00903008 -1.2592576  -2.23445465 -1.45140184
 -2.1302954  -1.51797537 -0.45517762 -0.74894265]
log likelihood =  -8729.37351769279
Edge derivatives =  [-0.7275562308697198, -0.5146902613536457, 1.828378372488582, -0.6248223640760168, -0.3743015836082344, -1.1673032795145217, 0.012624215764802715, 0.18670981106867268, -1.5110225793788608, -0.7269927209151013, -0.21960518977985288, -0.6428099880797634, 0.3875585267524273, 0.1356580993628173, 0.2132655688502605, -0.8464999489255373]
other derivatives: [ 5.91408025 -4.89835656 -1.50157575 -3.63725121  0.85510692  0.        ]
Current x array =  [-0.68441069 -0.81077821 -0.44209768  0.74050007 -2.40263405  0.33647224
 -1.47996364 -0.71188761 -0.60660614 -0.77046314 -2.66983671 -2.7321186
 -0.30020601  0.00822457 -1.00015792 -1.25289587 -2.24184805 -1.43762908
 -2.1282192  -1.5169109  -0.45714241 -0.75615417]
log likelihood =  -8729.48656193941
Edge derivatives =  [-0.4372357503319241, -1.2973671246230938, 0.11693313191939586, -0.3820099173299061, 0.0761613606181154, -0.645471204251377, -1.2974420496405934, -2.1019244637924395, -2.1652724132795758, -1.0431038875791323, 0.2504493113329227, -1.4113319166395069, 0.3362156006944993, -0.383429847217959, 0.7183035361206651, 1.3880777202260064]
other derivatives: [-29.42761057 -12.27072062  -6.83885446  -1.46919774  -0.67884685
   0.        ]
Current x array =  [-0.6723749  -0.80657844 -0.44187826  0.73637148 -2.40359624  0.33647224
 -1.52937602 -0.68988748 -0.57967552 -0.78774803 -2.71142975 -2.80655985
 -0.28856149  0.01995375 -0.99450378 -1.24567355 -2.25927183 -1.41746217
 -2.1280945  -1.51325374 -0.46028135 -0.77592035]
log likelihood =  -8729.330825675937
Edge derivatives =  [-0.6229565586871002, -0.7776641757588648, 1.253730714455502, -0.5402056120493537, -0.2152637213123489, -0.98061692956448, -0.43773360267072575, -0.5997581364673603, -1.73557252900119, -0.8351513511954743, -0.05829514500577495, -0.9002072135289523, 0.3695826956331977, -0.0425690121016732, 0.3854357574955838, -0.07678448979645536]
other derivatives: [-6.08270057 -7.41056283 -3.33948265 -2.90601747  0.34506229  0.        ]
Current x array =  [-0.68027204 -0.80933407 -0.44202223  0.7390804  -2.40296491  0.33647224
 -1.49695469 -0.7043226  -0.59734572 -0.77640676 -2.68413898 -2.75771613
 -0.2962019   0.01225779 -0.99821368 -1.25041239 -2.24783942 -1.43069444
 -2.12817632 -1.51565334 -0.45822177 -0.76295101]
log likelihood =  -8729.276892952785
Edge derivatives =  [-0.45583149215849783, -0.7828396969640465, 0.7227041769707164, -0.2811891456400345, -0.0877702746282536, -0.8481729954013495, -0.699908673129374, -1.061931684567436, -1.7721100063430515, -0.7932943689284435, 0.06805841205401005, -1.0274200663490591, 0.32603213857593527, -0.08202408073778654, 0.6065373119205146, 0.6659058970447422]
other derivatives: [-1.11067493 -3.72165232 -1.76169124 -1.6654667  -0.0693035   0.        ]
Current x array =  [-0.68193935 -0.81167352 -0.44259473  0.73508762 -2.40245883  0.33647224
 -1.51093509 -0.70235691 -0.5876455  -0.78435771 -2.69369071 -2.77611643
 -0.29280896  0.01478563 -0.9975237  -1.24920972 -2.25197269 -1.42576921
 -2.12677216 -1.51497836 -0.45931839 -0.76898488]
log likelihood =  -8729.248101784971
Edge derivatives =  [-0.3794018046433, -0.7788349745095566, 0.3631115956300794, -0.14895777690216297, 0.012844748537112503, -0.7447228068207589, -0.7113769708792611, -1.1747259412725861, -1.4318978331035936, -0.581719446039221, 0.13995614778910664, -0.8910209990720267, 0.3215137744533412, -0.08686226251097527, 0.6240977334125961, 1.0720060294580074]
other derivatives: [ 0.70504029  0.30449883  0.22664608  0.25302143 -0.23756002  0.        ]
Current x array =  [-0.68244299 -0.81431884 -0.44344653  0.72899523 -2.40226471  0.33647224
 -1.51889505 -0.70209166 -0.58166249 -0.78856973 -2.69912069 -2.78742868
 -0.29251729  0.01477709 -1.0008595  -1.25037352 -2.25425829 -1.42535911
 -2.12579355 -1.51474094 -0.4593546  -0.77223415]
log likelihood =  -8729.234469963194
Edge derivatives =  [-0.3290725817727642, -0.7393021847338782, 0.25745006838706275, -0.07332884399506953, 0.07732142835747355, -0.6785604301614064, -0.5661613522712079, -0.9604104453620386, -1.0535486209081475, -0.3861415166615966, 0.15256895575341348, -0.7377408796770946, 0.3280415021096169, -0.07060598059479235, 0.5041895692565888, 1.0605414640721698]
other derivatives: [ 0.6872142   1.81680662 -0.38708095  1.09230314 -0.09713403  0.        ]
Current x array =  [-0.68237914 -0.81529482 -0.44341646  0.72636864 -2.40230704  0.33647224
 -1.5225407  -0.70271636 -0.579384   -0.79002565 -2.7014472  -2.7931892
 -0.29366382  0.01301751 -1.00453072 -1.25182806 -2.25503098 -1.42668428
 -2.1251849  -1.51486281 -0.45853106 -0.77200768]
log likelihood =  -8729.235914899804
Edge derivatives =  [-0.21777333069363808, -0.7039551875860356, -0.10730906216327699, 0.14064930251244784, 0.23289529512211976, -0.49301636367050466, -0.05134495811956191, -0.28311273942198, -0.0883986996708147, 0.01051927298270755, 0.13411537117378158, -0.22575955105924891, 0.3126614254327123, -0.15772255070926047, -0.019550272661553514, 0.6764737377247715]
other derivatives: [ 0.01437002  2.4552719  14.13500286  0.92204573  0.91786205  0.        ]
Current x array =  [-0.681528   -0.81548444 -0.44798624  0.72441124 -2.40197603  0.33647224
 -1.53408116 -0.70520686 -0.57256485 -0.79419143 -2.70838043 -2.8116187
 -0.29696643  0.0071497  -1.01507769 -1.25559871 -2.25711814 -1.43058569
 -2.12287685 -1.51524845 -0.45535048 -0.76912127]
log likelihood =  -8729.2229653811
Edge derivatives =  [-0.27448698771106905, -0.7218336233260996, 0.08275252900877428, 0.03097754762082594, 0.15288257670749364, -0.587990190501515, -0.31611949164102376, -0.6310579081460187, -0.5846686174158893, -0.1935528393148751, 0.14385196750754295, -0.4892958831692579, 0.3207959306272492, -0.11256164886851132, 0.25153574871831497, 0.8752892030046691]
other derivatives: [0.35961421 2.12749001 6.6955181  1.01008482 0.39763108 0.        ]
Current x array =  [-0.68196691 -0.81538666 -0.44562971  0.72542063 -2.40214672  0.33647224
 -1.52813001 -0.70392257 -0.57608133 -0.79204323 -2.70480512 -2.80211502
 -0.29526335  0.0101756  -1.00963885 -1.25365427 -2.25604184 -1.42857382
 -2.12406706 -1.51504958 -0.45699063 -0.77060972]
log likelihood =  -8729.204421075567
Edge derivatives =  [-0.15031853192131003, -0.5961748507545959, -0.004998534982688707, 0.18868080850288116, 0.2657651212723211, -0.4733774175226879, -0.00874769900248562, -0.06341879360773828, 0.05607914820232662, 0.11387749536283043, 0.1350885553979105, -0.28609807056804626, 0.31730192822775904, -0.07654599474443968, -0.050701072605878306, 0.5727082845263116]
other derivatives: [-0.01382432  2.5569534   1.93194865  1.35114533  0.6355549   0.        ]
Current x array =  [-0.68185139 -0.81555709 -0.44434629  0.72461265 -2.40180932  0.33647224
 -1.53479323 -0.70571633 -0.57283264 -0.79440298 -2.70859461 -2.81261771
 -0.29747463  0.00600009 -1.01572383 -1.25580416 -2.25704759 -1.43093912
 -2.12271013 -1.51548642 -0.45494097 -0.76789787]
log likelihood =  -8729.195328703212
Edge derivatives =  [-0.057296362288898436, -0.5120520417948793, -0.04366993896016236, 0.28756751940700304, 0.32665183298671585, -0.40523133137021233, 0.13820010752992784, 0.2662476201427074, 0.30325689557717783, 0.20475795962393087, 0.11135631185601921, -0.22856761468173845, 0.2942227830733527, -0.074381584491441, -0.25585580336987945, 0.23156609271116285]
other derivatives: [-0.02655725  1.20926416 -0.1371518   0.71886461  0.64119376  0.        ]
Current x array =  [-0.68186883 -0.81451449 -0.44372249  0.72655449 -2.40095737  0.33647224
 -1.53989372 -0.70704888 -0.5710046  -0.79610018 -2.71120248 -2.82038454
 -0.29834043  0.00338874 -1.01816059 -1.25628803 -2.25767835 -1.4316823
 -2.12159769 -1.51588537 -0.45369573 -0.76516543]
log likelihood =  -8729.191144622528
Edge derivatives =  [-0.006457696292031259, -0.4498705193801007, -0.09248854212188232, 0.3111979592714911, 0.34695922976817317, -0.37440989568297833, 0.13170282935660216, 0.31762382425144886, 0.315229319945348, 0.1808706270133729, 0.09020573946691152, -0.21969277942034102, 0.2564085356173981, -0.08923038632126733, -0.33420448103646194, -0.015820743678566396]
other derivatives: [ 0.12241799 -0.09549694 -0.47693902  0.02473826  0.28139766  0.        ]
Current x array =  [-6.81941107e-01 -8.13538848e-01 -4.43586364e-01  7.28716603e-01
 -2.39960952e+00  3.36472237e-01 -1.54297478e+00 -7.08672691e-01
 -5.69902446e-01 -7.97035754e-01 -2.71212436e+00 -2.82511221e+00
 -2.98291333e-01  2.46200455e-03 -1.01847058e+00 -1.25598273e+00
 -2.25785737e+00 -1.43197671e+00 -2.12048133e+00 -1.51622737e+00
 -4.53451781e-01 -7.63378197e-01]
log likelihood =  -8729.188492191623
Edge derivatives =  [0.024803653912149504, -0.3796751780205671, -0.10786003165632305, 0.2918115479533486, 0.34686465968615987, -0.36173299019895516, 0.07489573360902824, 0.24826886406841908, 0.2459744861453454, 0.13055672128346277, 0.07950775260763959, -0.19253404142106223, 0.2169361253619387, -0.09233019294444603, -0.289780756989682, -0.15305738492227433]
other derivatives: [ 0.03728928 -0.35051926 -0.29067451 -0.33214747 -0.10877557  0.        ]
Current x array =  [-6.81903555e-01 -8.13349393e-01 -4.43631750e-01  7.29915117e-01
 -2.39852678e+00  3.36472237e-01 -1.54438072e+00 -7.10814404e-01
 -5.69509800e-01 -7.97125047e-01 -2.71155436e+00 -2.82772597e+00
 -2.98013714e-01  2.45811806e-03 -1.01794734e+00 -1.25548637e+00
 -2.25762919e+00 -1.43258197e+00 -2.11929555e+00 -1.51662592e+00
 -4.53982740e-01 -7.62404884e-01]
log likelihood =  -8729.183399097188
Edge derivatives =  [0.11163248575720333, -0.1784693088223002, -0.13590667706367443, 0.23810513690869967, 0.34685494308152265, -0.32203003523773466, -0.03606045399506874, 0.025413554055701115, 0.07860950980269119, 0.031227595665042046, 0.08271517829585928, -0.043866487612158445, 0.11225905182530191, -0.08542157534480287, -0.011052055795197635, -0.24220659900631783]
other derivatives: [ 0.76634024 -1.52176654  0.20118023 -0.40727173 -0.42655302  0.        ]
Current x array =  [-0.68217882 -0.81242227 -0.4437951   0.73011546 -2.39758845  0.33647224
 -1.547671   -0.71660067 -0.56843288 -0.79654277 -2.70938883 -2.83541793
 -0.29730885  0.003367   -1.01659912 -1.25430139 -2.25705963 -1.43462568
 -2.1159625  -1.51773635 -0.45610226 -0.76184553]
log likelihood =  -8729.180123032515
Edge derivatives =  [0.20312400020551138, 0.13251976793311038, 0.09666662580902075, 0.12275726813768578, 0.3138565526195199, -0.30063639836542466, -0.03752206252486823, 0.0003944807447696652, -0.0633819060441132, -0.058906181965727555, 0.061367020847271796, 0.19975304702558255, 0.002097600188166557, -0.012975151654457853, 0.2807449103894202, -0.4907979561156287]
other derivatives: [-1.4242687  -0.0338332   0.10550139 -0.74578566 -0.54387783  0.        ]
Current x array =  [-0.68127734 -0.81360606 -0.44378945  0.7314187  -2.39719067  0.33647224
 -1.54710313 -0.72545102 -0.57018992 -0.79316118 -2.70252381 -2.83969282
 -0.29766151  0.00343576 -1.0152076  -1.25327041 -2.25468945 -1.4389126
 -2.1117844  -1.51957783 -0.45817572 -0.75956706]
log likelihood =  -8729.1774837769
Edge derivatives =  [0.21616139422565112, 0.17310877852302467, 0.08617208555740591, 0.11365905836380952, 0.31148298043074674, -0.29276500805577055, -0.02678819003867139, -0.04129352798882402, -0.06155642699881342, -0.042947725318860014, 0.07549323581378595, 0.25320549890963684, -0.014450836415011839, 0.005238082667230234, 0.3462398108476843, -0.31334101823808147]
other derivatives: [ 0.75251592 -0.07239578  0.36343408 -0.26520866 -0.24701876  0.        ]
Current x array =  [-0.6820666  -0.81347506 -0.44385385  0.7297252  -2.39797238  0.33647224
 -1.54702966 -0.72637164 -0.56983464 -0.79254439 -2.70135444 -2.84139564
 -0.29760395  0.00403238 -1.01517036 -1.25326416 -2.25447972 -1.43925454
 -2.11113844 -1.51977764 -0.45843688 -0.76092207]
log likelihood =  -8729.176199962089
Edge derivatives =  [0.20491251399606975, 0.16733869739261378, 0.057749025428946055, 0.1006101614425352, 0.308068888278225, -0.2892780111953637, -0.018638812348221956, -0.07007026274549166, -0.041009869821628436, -0.020694028555758304, 0.08871503333408873, 0.26993501712957746, -0.014984844031349531, 0.009168761949761323, 0.3336963903334693, -0.12942408123264737]
other derivatives: [ 0.31941454 -0.18317223  0.12205419  0.27048372  0.01618901  0.        ]
Current x array =  [-0.68193679 -0.81339484 -0.44384107  0.72805682 -2.39887201  0.33647224
 -1.54663695 -0.72634032 -0.56948507 -0.79208822 -2.70056771 -2.84239622
 -0.29763244  0.00444073 -1.01537854 -1.2534288  -2.25438207 -1.43914083
 -2.11097083 -1.51980199 -0.45822699 -0.76238774]
log likelihood =  -8729.174647013706
Edge derivatives =  [0.21848889003422275, 0.21938945123221015, 0.0774467750510715, 0.0856593612280796, 0.3001654689750252, -0.27621218110106005, 0.030272778877542816, 0.0004880846121783078, -0.0031204907016688377, 0.0031391257525706373, 0.08774146679296124, 0.2839050281898723, -0.03433968444780361, 0.040267427298055894, 0.23609955822763906, 0.011722732489857945]
other derivatives: [ 0.97443262  0.59590093 -0.11914381  0.39235601  0.28285285  0.        ]
Current x array =  [-0.68213929 -0.81395855 -0.44374867  0.727649   -2.39961884  0.33647224
 -1.5460776  -0.72760399 -0.56916577 -0.79095423 -2.69795778 -2.84559263
 -0.29784479  0.00437417 -1.01560946 -1.25347372 -2.25366176 -1.43911103
 -2.10998755 -1.52018172 -0.45737265 -0.76340958]
log likelihood =  -8729.171699583823
Edge derivatives =  [0.21792661075506786, 0.2740338592527043, 0.04484058331605839, 0.028505028302421798, 0.27359842860194683, -0.2569152649436796, 0.04514774644709568, 0.027118026603385026, -0.016828417328006634, -0.008966861559807915, 0.07763130876161037, 0.2459214884080618, -0.07983572985079689, 0.06327898865806748, 0.005409522013725798, 0.24613921153414953]
other derivatives: [ 0.3781679   0.73141564 -0.29613147  0.41763997  0.50440576  0.        ]
Current x array =  [-0.68191645 -0.8141247  -0.44369256  0.72762264 -2.40048425  0.33647224
 -1.54523817 -0.72954514 -0.56820152 -0.789051   -2.69300401 -2.85243623
 -0.29784289  0.0045452  -1.01550042 -1.25325211 -2.25234064 -1.4382389
 -2.10815588 -1.52080024 -0.4556897  -0.7653859 ]
log likelihood =  -8729.167634207373
Edge derivatives =  [0.18987277389513307, 0.31258227404890193, -0.0733787619068145, -0.08953259652430912, 0.22600686526745062, -0.22309739039087412, 0.007734605230159508, 0.018508850616778205, -0.03990332762816029, -0.04148603926778516, 0.036108142989204076, 0.12396206216720265, -0.1534131727845903, 0.07902071551965312, -0.3506736726573201, 0.39483792933326045]
other derivatives: [-0.11059456  0.6872142  -0.28194336  0.25920599  0.27757778  0.        ]
Current x array =  [-0.68175465 -0.81417119 -0.44368554  0.72831981 -2.40041857  0.33647224
 -1.54392178 -0.73189377 -0.56649257 -0.78640264 -2.684617   -2.86503211
 -0.29777442  0.00451302 -1.01557213 -1.25297702 -2.25010155 -1.43617457
 -2.10545731 -1.52165322 -0.45344716 -0.76700274]
log likelihood =  -8729.163352417769
Edge derivatives =  [0.12477602125962912, 0.2948247252358075, -0.11712419957997977, -0.18038179013514194, 0.150183151381256, -0.18158136965920843, 0.06978774920051534, 0.13360965975198635, -0.021808507397611115, -0.048577828118711947, -0.020843458129451972, -0.03434572143842296, -0.2063597565766278, 0.0862198726428119, -0.3789736280445126, 0.37749992697307916]
other derivatives: [-0.33578544  0.03965397  1.57397153 -0.17644197  0.66811481  0.        ]
Current x array =  [-0.6816289  -0.81380147 -0.44416263  0.7293532  -2.40142407  0.33647224
 -1.54015042 -0.73293926 -0.56587135 -0.78344016 -2.6720947  -2.88079
 -0.29815674  0.00423068 -1.0160493  -1.25315651 -2.24696885 -1.43337407
 -2.10334654 -1.52232942 -0.45321674 -0.76716169]
log likelihood =  -8729.163436029836
Edge derivatives =  [0.034276924207740436, 0.25382901996986396, -0.22816619504865782, -0.3067094545300954, 0.056465898060841097, -0.11773156901997096, 0.02015044225890461, 0.1900550263431623, 0.017343390777056045, -0.03155755678385397, -0.10393574116053328, -0.38504341007588255, -0.2718372523407767, 0.10706085959121557, -0.30709573587362193, 0.17502900915863273]
other derivatives: [-0.60590537 -1.2014425  -4.4112312  -0.51622919  0.21245796  0.        ]
Current x array =  [-0.68177291 -0.81302666 -0.44232431  0.73132444 -2.40104773  0.33647224
 -1.53548081 -0.73303964 -0.56473498 -0.78052439 -2.65497371 -2.90446297
 -0.29829803  0.00396903 -1.0166294  -1.25337186 -2.24288934 -1.42868631
 -2.10102646 -1.52293605 -0.45391196 -0.76602852]
log likelihood =  -8729.160986896053
Edge derivatives =  [0.08005381164487063, 0.2745308420694397, -0.17190030873802414, -0.24282163616457955, 0.10439078670910695, -0.14932555235784156, 0.04532032272128855, 0.1617941977140287, -0.002092784215162069, -0.03968118549842409, -0.06193920364066227, -0.2074970505539119, -0.23873199319745814, 0.09659641826890941, -0.34310188212040904, 0.2771629119100791]
other derivatives: [-0.46984496 -0.57480065 -1.38570613 -0.34506229  0.44274202  0.        ]
Current x array =  [-0.6817003  -0.8134173  -0.44325116  0.73033057 -2.40123748  0.33647224
 -1.53783516 -0.73298903 -0.56530792 -0.78199447 -2.66360585 -2.89252742
 -0.29822679  0.00410095 -1.01633692 -1.25326329 -2.24494616 -1.43104981
 -2.10219621 -1.5226302  -0.45356144 -0.76659985]
log likelihood =  -8729.158789954325
Edge derivatives =  [0.02569931629379313, 0.18078820523731384, -0.18779456550499624, -0.24284669323091368, 0.08283091453666873, -0.13962569881538045, 0.05189637605041897, 0.1757815790084336, 0.032900262604997926, -0.0195812785196412, -0.08392678604842221, -0.2882897822481318, -0.21634618577587636, 0.07671745285263441, -0.15863637053188473, 0.09084771023538718]
other derivatives: [-0.14533725 -0.68794179 -0.28940121 -0.46038622  0.39017323  0.        ]
Current x array =  [-0.68180588 -0.81333425 -0.44355378  0.7305404  -2.40099384  0.33647224
 -1.53604338 -0.73097317 -0.56575028 -0.78220417 -2.66036197 -2.89626785
 -0.2984016   0.00394487 -1.01682503 -1.25369591 -2.24434512 -1.42977733
 -2.10300296 -1.52228857 -0.45491008 -0.76521115]
log likelihood =  -8729.156886516212
Edge derivatives =  [-0.03818298401911496, 0.06027394574328779, -0.22137873082306045, -0.24054917179206936, 0.06599885700340762, -0.12391027379525912, 0.008597146494893348, 0.09408943848830742, 0.06653895189308562, 0.01013772175210867, -0.09949090866091623, -0.34894148842506645, -0.18216396926439418, 0.04965036329522789, 0.10209384795727106, -0.11877257131462426]
other derivatives: [ 0.13023964 -0.38853614  0.33451215 -0.24192559  0.05566108  0.        ]
Current x array =  [-0.6819231  -0.81352197 -0.44376508  0.72990317 -2.40023664  0.33647224
 -1.53444424 -0.72829802 -0.56630664 -0.78308215 -2.65728407 -2.90059151
 -0.29844489  0.00413949 -1.01733698 -1.25420688 -2.24402365 -1.42876531
 -2.1042901  -1.52173132 -0.45689617 -0.76367391]
log likelihood =  -8729.155741660852
Edge derivatives =  [-0.06242515074471562, 0.008857176825800478, -0.19868611712516826, -0.2197338218925146, 0.055400303174106144, -0.10556097791373592, -0.011083222460608388, 0.030233058830196335, 0.07397463930275164, 0.02670280200119282, -0.10035750256505768, -0.32837761545340605, -0.15957966228507, 0.039378361400311174, 0.16557193457854158, -0.1473661983817606]
other derivatives: [ 0.07366907 -0.0169166   0.28067006 -0.03092282 -0.09458745  0.        ]
Current x array =  [-0.68191714 -0.81377892 -0.4437704   0.72933762 -2.39995555  0.33647224
 -1.53359813 -0.7270407  -0.56694789 -0.78385413 -2.65467507 -2.90444064
 -0.29846499  0.00446906 -1.01743395 -1.25440542 -2.24388878 -1.4289207
 -2.10511174 -1.52140163 -0.45740889 -0.76347306]
log likelihood =  -8729.153828961345
Edge derivatives =  [-0.0886774241869626, -0.07348379866347621, -0.0728860854426927, -0.1213754108617941, 0.03578076676569397, -0.05955837380193625, -0.00544218934910351, -0.06425893082216316, 0.0779531493574247, 0.05788115743671299, -0.0898454654804566, -0.19210304277597387, -0.10057045866505179, 0.01809977308277616, 0.21368420627980722, -0.12068340383153048]
other derivatives: [ 0.32378011  0.09713403  0.05256879  0.29976945 -0.12132659  0.        ]
Current x array =  [-0.6820431  -0.8138131  -0.44371203  0.72833746 -2.39982099  0.33647224
 -1.5320965  -0.72461571 -0.56893043 -0.7861462  -2.64901155 -2.91280566
 -0.29859011  0.00518541 -1.01740494 -1.25471008 -2.24395625 -1.43052754
 -2.1073055  -1.520607   -0.45778246 -0.76363312]
log likelihood =  -8729.159880312633
Edge derivatives =  [-0.0881709662897065, -0.10311602228865394, 0.14851507070345843, -0.004402151023467249, 0.00872044072444722, 0.0008206657527905642, 0.011312545269569707, -0.05325102252541125, 0.0379701762543537, 0.03975886576759288, -0.07704067173366168, -0.0029383765512616955, -0.033999598131089825, 0.0010666272079985217, 0.06695349549031615, -0.14340382744214664]
other derivatives: [-5.49625838  1.87428668 -0.67229848 -0.05748007 -0.33214747  0.        ]
Current x array =  [-0.67989116 -0.81534281 -0.44357822  0.72994423 -2.39931689  0.33647224
 -1.53117224 -0.72387886 -0.57128348 -0.78872921 -2.64147411 -2.92369223
 -0.29873695  0.00501395 -1.01682294 -1.25446194 -2.24407272 -1.43337791
 -2.10947708 -1.52000602 -0.45689199 -0.76320642]
log likelihood =  -8729.153546181582
Edge derivatives =  [-0.08857401664496359, -0.07864503428733802, -0.034234446159386867, -0.10094290585657889, 0.03111612276125019, -0.04893395347135805, -0.0025255240863060746, -0.062327373197465286, 0.07099876447539544, 0.05474894599795141, -0.08760980537633897, -0.15903684841566393, -0.08894510444908485, 0.015124044239472306, 0.188096600860864, -0.1246663221446569]
other derivatives: [-0.68848749  0.40727173 -0.07385097  0.23737812 -0.15788828  0.        ]
Current x array =  [-0.68166771 -0.81407994 -0.44368869  0.72861775 -2.39973305  0.33647224
 -1.53193527 -0.72448717 -0.5693409  -0.78659678 -2.64769672 -2.91470472
 -0.29861573  0.0051555  -1.01730342 -1.25466679 -2.24397657 -1.43102476
 -2.10768431 -1.52050217 -0.45762713 -0.76355869]
log likelihood =  -8729.15283630626
Edge derivatives =  [-0.07806984433821883, -0.07462584174657313, 0.04923578308146698, -0.045416680675594984, 0.02137487664471737, -0.02415357500693519, 0.017758563177205255, -0.07669432994915537, 0.0547714883160679, 0.055110211914564666, -0.07899850583548496, -0.05760425718319434, -0.0708355973974326, 0.014580113489870733, 0.08282648405045379, -0.026858517304044316]
other derivatives: [-0.23301254  0.38016879 -0.22046152  0.24701876 -0.07094059  0.        ]
Current x array =  [-0.6818367  -0.81403404 -0.44361863  0.72855169 -2.39983892  0.33647224
 -1.53162957 -0.72429731 -0.57018728 -0.78753585 -2.64471863 -2.91926476
 -0.29864734  0.00543108 -1.01704586 -1.25458244 -2.2440266  -1.43231352
 -2.10838055 -1.52028892 -0.45686888 -0.76427597]
log likelihood =  -8729.152511182474
Edge derivatives =  [-0.06606944506190049, -0.06772471197875685, 0.08563594332446423, -0.004907733037264939, 0.01814590546503777, -0.01195032610365826, 0.014796634887662308, -0.09090632407751398, 0.015378003484175368, 0.03047546877087104, -0.06961727859991486, 0.025688962218290257, -0.05554272539562176, 0.002736220116932475, -0.014585228826379026, 0.019600743905478724]
other derivatives: [-0.26284397 -0.25102054 -0.08712959  0.11405064 -0.07639755  0.        ]
Current x array =  [-0.68184017 -0.81356251 -0.44364192  0.72891131 -2.39965557  0.33647224
 -1.53206436 -0.72439925 -0.57055288 -0.78849008 -2.64377677 -2.92116718
 -0.29851868  0.00546409 -1.01666936 -1.25433561 -2.2445115  -1.43348868
 -2.10910321 -1.52008404 -0.4562475  -0.76465286]
log likelihood =  -8729.152410854877
Edge derivatives =  [-0.04627176640431725, -0.02925603580876711, 0.0920635960071976, 0.002370384127443337, 0.014560136763281606, -0.00548145673365056, 0.023548194906447828, -0.040750567149801964, 0.00017300656487959087, 0.014400896654340994, -0.0681046378156003, 0.0366630584225153, -0.06071299531038367, 0.01520192094196976, -0.09817545282998141, 0.05870709338134433]
other derivatives: [ 0.28539944  0.17662387 -0.00272848 -0.11496013 -0.06330083  0.        ]
Current x array =  [-0.68200445 -0.81387416 -0.44362305  0.72960288 -2.39961382  0.33647224
 -1.53243968 -0.72529497 -0.57018024 -0.788363   -2.64273943 -2.92297336
 -0.29840473  0.00521147 -1.01642994 -1.25405729 -2.24453537 -1.4336539
 -2.10888636 -1.52021106 -0.45561642 -0.76489711]
log likelihood =  -8729.152330910016
Edge derivatives =  [-0.050112533474139284, -0.03634187510607735, 0.0771303840591549, -0.0014055891524292208, 0.016521753523094228, -0.009469375291554848, 0.019632145577559657, -0.04059054683617269, 0.0018303022084275589, 0.014160073358560371, -0.06752468404048782, 0.02564455623280465, -0.05843147468640382, 0.011453369131240995, -0.060567007010130514, 0.03452720136067511]
other derivatives: [ 0.06730261  0.00800355  0.01346052 -0.07530616 -0.05584297  0.        ]
Current x array =  [-0.6819328  -0.8137556  -0.44364078  0.72947408 -2.39963794  0.33647224
 -1.53252347 -0.72516795 -0.57007759 -0.78837288 -2.64332414 -2.92210398
 -0.2983864   0.00516483 -1.01647519 -1.25408321 -2.2446541  -1.43351126
 -2.1089765  -1.52017867 -0.45588114 -0.76471226]
log likelihood =  -8729.152255273399
Edge derivatives =  [-0.05024497519079271, -0.03712382128990055, 0.0573861204765197, -0.0007301889010745688, 0.017332378369633743, -0.011440580197146239, 0.015141412275215482, -0.02656552136391066, -0.0011483331013339704, 0.008960187731846342, -0.06486931481579628, 0.01756587747866284, -0.053037405057390574, 0.008954652710241123, -0.023474352923370745, 0.010712896217995038]
other derivatives: [-0.07694325 -0.10513759  0.04292815 -0.05911716 -0.03965397  0.        ]
Current x array =  [-0.68188318 -0.81367754 -0.44365752  0.72941091 -2.39966657  0.33647224
 -1.53276493 -0.72519765 -0.56981686 -0.78845269 -2.64361012 -2.92179479
 -0.29830444  0.00502428 -1.0164584  -1.25402989 -2.24489832 -1.43340084
 -2.10917402 -1.52012847 -0.4561252  -0.76450521]
log likelihood =  -8729.15213335388
Edge derivatives =  [-0.044719121721831276, -0.0289968335346808, 0.0233361162338101, 0.007646659672406797, 0.016685237354701468, -0.010598807415578934, 0.0066070993958387, 0.0077742318175498815, -0.011702551068205697, -0.004553519074448731, -0.05698855285117822, 0.014307767435721402, -0.03935945705119294, 0.007074426508849194, 0.025756954363760798, -0.01649459582318652]
other derivatives: [-0.18262654 -0.18353603  0.06002665 -0.03565219 -0.00363798  0.        ]
Current x array =  [-0.68184443 -0.8136243  -0.44367024  0.7293178  -2.39972881  0.33647224
 -1.53335383 -0.72546074 -0.56923313 -0.78869925 -2.64350852 -2.92228452
 -0.29809094  0.00472611 -1.0163474  -1.25384555 -2.24547002 -1.43333417
 -2.10966262 -1.52001427 -0.45642235 -0.76422459]
log likelihood =  -8729.152021833708
Edge derivatives =  [-0.03130256723356671, -0.006054821771345614, -0.013899868131038662, 0.016640719632548484, 0.013437835807200746, -0.005607816888751744, -0.007697823422914585, 0.03846820679095364, -0.022383097093756854, -0.019108892859060728, -0.04491685479305491, 0.01522097257919336, -0.0214104450255945, 0.008734652630822723, 0.036278193986423624, -0.016984103030916547]
other derivatives: [-0.18317223 -0.16934791 -0.26029738  0.01891749  0.01437002  0.        ]
Current x array =  [-0.68185102 -0.81363574 -0.44358222  0.72918201 -2.39979994  0.33647224
 -1.53418604 -0.72605686 -0.56846367 -0.78892556 -2.64268138 -2.92392836
 -0.29780671  0.00446297 -1.01620678 -1.25359911 -2.24626951 -1.43330985
 -2.1102871  -1.51987553 -0.45643406 -0.76412825]
log likelihood =  -8729.152115005563
Edge derivatives =  [-0.019613299883966526, 0.00948180719561284, -0.055011133198220874, 0.03410034150465324, 0.0030073628651883164, 0.006011810935338861, -0.020809788648049166, 0.05919720441723242, -0.040008332490503395, -0.041269381378722464, -0.029790866216362427, 0.03647807826768623, 0.008216867023306193, 0.0028371339321153766, 0.0455439352149849, -0.017251742517363444]
other derivatives: [0.00381988 0.06402843 0.88948582 0.04656613 0.0691216  0.        ]
Current x array =  [-0.68187721 -0.81379723 -0.44392526  0.72894323 -2.39986961  0.33647224
 -1.53513204 -0.72665795 -0.56762706 -0.78937094 -2.64070778 -2.92735802
 -0.29745384  0.00423321 -1.01605577 -1.25332627 -2.24734755 -1.43335783
 -2.11132168 -1.51961155 -0.45643803 -0.76402212]
log likelihood =  -8729.15198186418
Edge derivatives =  [-0.027160485823517364, -0.0005518256137490851, -0.028437472954662535, 0.022824491231310473, 0.009755051025060586, -0.0014827795704161727, -0.012333614606124366, 0.04581145959939281, -0.028617107486260035, -0.026944028788457947, -0.03955777654134286, 0.02275462686181004, -0.010916575441765566, 0.00664925989308672, 0.039563469496429526, -0.017075268939520105]
other derivatives: [-0.11677912 -0.0865839   0.14715624  0.02874003  0.0340151   0.        ]
Current x array =  [-0.68186029 -0.8136929  -0.44370365  0.72909749 -2.3998246   0.33647224
 -1.53452089 -0.72626962 -0.56816754 -0.78908321 -2.64198279 -2.92514234
 -0.29768181  0.00438164 -1.01615333 -1.25350254 -2.2466511  -1.43332683
 -2.1106533  -1.51978209 -0.45643546 -0.76409068]
log likelihood =  -8729.151957461965
Edge derivatives =  [-0.02237049963741554, 0.007576089994345364, -0.02877636521873267, 0.024034261311997207, 0.007952970422117518, 0.0014278521553878383, -0.01524576248040621, 0.04284437372236527, -0.02856544270710315, -0.02748411083693325, -0.03701973938579293, 0.02597484153532964, -0.00787027843125726, 0.008271235220604606, 0.017714412627245935, -0.003056875635601475]
other derivatives: [-0.02582965 -0.01127773  0.02164597  0.03201421  0.02055458  0.        ]
Current x array =  [-0.6818944  -0.8137455  -0.44366381  0.729109   -2.39981296  0.33647224
 -1.53466504 -0.7264504  -0.56807555 -0.78908828 -2.64149253 -2.92592235
 -0.29764278  0.00440763 -1.01613775 -1.25346987 -2.24679691 -1.43335582
 -2.11075361 -1.51975918 -0.45627428 -0.76418395]
log likelihood =  -8729.151944527881
Edge derivatives =  [-0.01979822438075733, 0.010877522229328751, -0.02527831420145671, 0.02294603617153035, 0.00695905696708559, 0.002997571152859802, -0.01642466303475376, 0.032472878805364425, -0.024978933090925665, -0.024753316266384606, -0.035807102885194605, 0.02620156306463342, -0.006504820432646927, 0.008420400854921531, 0.0017960924296587244, 0.005501979360846232]
other derivatives: [ 0.03547029  0.03819878 -0.01873559  0.02710294  0.00418368  0.        ]
Current x array =  [-0.68191671 -0.81377921 -0.44364983  0.72913605 -2.39978685  0.33647224
 -1.53472059 -0.72651066 -0.56809215 -0.78905469 -2.64121178 -2.92632355
 -0.29765037  0.00448485 -1.01616879 -1.25349451 -2.24687996 -1.43334428
 -2.11079696 -1.51974139 -0.45616305 -0.76424705]
      fun: 8729.151944527881
 hess_inv: <22x22 LbfgsInvHessProduct with dtype=float64>
      jac: array([-0.03547029, -0.03819878,  0.01873559, -0.02710294, -0.00418368,
       -0.        ,  0.01979822, -0.01087752,  0.02527831, -0.02294604,
       -0.00695906, -0.00299757,  0.01642466, -0.03247288,  0.02497893,
        0.02475332,  0.0358071 , -0.02620156,  0.00650482, -0.0084204 ,
       -0.00179609, -0.00550198])
  message: 'CONVERGENCE: REL_REDUCTION_OF_F_<=_FACTR*EPSMCH'
     nfev: 69
      nit: 58
     njev: 69
   status: 0
  success: True
        x: array([-0.68191671, -0.81377921, -0.44364983,  0.72913605, -2.39978685,
        0.33647224, -1.53472059, -0.72651066, -0.56809215, -0.78905469,
       -2.64121178, -2.92632355, -0.29765037,  0.00448485, -1.01616879,
       -1.25349451, -2.24687996, -1.43334428, -2.11079696, -1.51974139,
       -0.45616305, -0.76424705])
