number of sites to be analyzed:  984
log likelihood =  -27686.89847704338
Edge derivatives =  [225.31538395756039, 53.43963542376888, 63.24135210660266, 110.64271491404013, -126.26402677238787, -102.67359493779051, 316.51038192890826, 449.65942329712135, 299.36832212279234, 176.47065447871836, -117.55450088250875, -6.001174550751624, 132.3006562001561, 114.22853366288892]
other derivatives: [ -294.22724037   399.61442963  -413.93655556   572.19536757
 -1650.26981631  -107.00644634  -417.1361179 ]
Current x array =  [-0.6760183  -0.76412218 -0.63522304  0.18232156 -0.10536052 -0.10536052
  0.33647224 -2.30258509 -2.30258509 -2.30258509 -2.30258509 -2.30258509
 -2.30258509 -2.30258509 -2.30258509 -2.30258509 -2.30258509 -2.30258509
 -2.30258509 -2.30258509 -2.30258509]
log likelihood =  -26439.830853862022
Edge derivatives =  [198.29904768597987, 62.92843344345881, 91.89436120256944, 142.51937560559568, -78.54449426029755, -55.760387119338, 349.3763900106526, 481.4556271005202, 334.9013269550919, 208.77311509940492, -71.31161982814234, 35.02074554707606, 163.7334407025319, 149.80826875882806]
other derivatives: [ 783.15609062  408.60099398  128.01892808  384.9760833  -832.45115148
  -74.15468281 -196.53989875]
Current x array =  [-0.84022954 -0.76372362 -0.86624528  0.1878009  -1.02639302 -0.16508191
  0.10366429 -2.29906756 -2.27275988 -2.29906756 -2.29906756 -2.37305434
 -2.35988828 -2.29906756 -2.29906756 -2.29906756 -2.29906756 -2.36819347
 -2.30593441 -2.29906756 -2.29906756]
log likelihood =  -26340.583793109523
Edge derivatives =  [150.89799483705124, 55.04745280006063, 91.91576476459218, 126.413773956286, -59.91629454118083, -29.16478487024258, 319.5398472931215, 454.64201987039604, 321.3324655588999, 189.95639241819617, -42.272498956223515, 60.89896056387988, 156.44466464473234, 153.80737107689438]
other derivatives: [-5803.58212392  -122.71846572   328.73152668  -180.79955771
   360.51903873   -57.98751954   -48.71621786]
Current x array =  [-0.32927658 -0.55524023 -0.93553168  0.33075577 -2.38944849 -0.26979524
 -0.22964132 -2.20320817 -2.19950711 -2.23954806 -2.2131333  -2.48936436
 -2.44790431 -2.10894268 -2.04293905 -2.11539314 -2.17972888 -2.47501161
 -2.28009691 -2.2026156  -2.20833535]
log likelihood =  -25845.259731952705
Edge derivatives =  [179.60027700346404, 63.662465295560345, 97.56993594219358, 142.892093784619, -64.66198402858362, -39.38144508462686, 342.41145561291773, 476.58234118332325, 335.3411321944719, 206.3753341595871, -54.17046047717638, 49.226940219354894, 166.09976119036384, 156.1055842893209]
other derivatives: [-267.93903817  211.31568792  184.55774261  238.23788797 -331.44605014
  -69.10552838 -138.14358317]
Current x array =  [-0.63611583 -0.6804394  -0.89392357  0.24490801 -1.57090167 -0.20691243
 -0.02948347 -2.26077398 -2.24349712 -2.27529091 -2.26473884 -2.41951746
 -2.39504862 -2.22311713 -2.19675023 -2.22569394 -2.25139456 -2.41086481
 -2.29561294 -2.26053726 -2.26282217]
log likelihood =  -25379.122881520183
Edge derivatives =  [156.47572438209806, 62.11339080112525, 95.41007790410026, 127.3362960330164, -50.81504672763158, -24.68943957799117, 297.4650653101777, 439.333556662824, 309.1322605794014, 186.66353885831643, -36.28835510541714, 61.370669241914534, 159.81200271463007, 150.20287146311497]
other derivatives: [  90.2187312  -284.06408819  124.92633687   16.25417644  226.45121298
  -72.50706403 -122.9131849 ]
Current x array =  [-0.6641752  -0.54790832 -0.80988613  0.35664036 -2.15476112 -0.27725537
 -0.20624669 -2.15523187 -2.18557845 -2.20852583 -2.16983777 -2.49061722
 -2.44332027 -2.00722045 -1.89993057 -2.01363882 -2.11796685 -2.47310411
 -2.25975645 -2.15171283 -2.15926416]
log likelihood =  -24800.953484532976
Edge derivatives =  [138.1242251354663, 67.1186237480378, 91.10863486127512, 94.36603465166027, -35.162484970059076, -9.185629787933701, 193.59220991889273, 319.49223010613787, 235.75662078903062, 144.21708625271683, -16.173746182864207, 76.73756110829916, 141.9370128854073, 130.7337173265523]
other derivatives: [-643.87654493  -14.41071072   61.44663712 -113.20995691  484.24821714
  -84.62596452 -134.01013712]
Current x array =  [-0.59139272 -0.69135002 -0.70486361  0.50015379 -2.53660097 -0.40199237
 -0.48687255 -1.92291259 -2.08576311 -2.07345143 -1.98339098 -2.59843807
 -2.50998147 -1.56930844 -1.26805868 -1.56894848 -1.84653287 -2.56096926
 -2.18249981 -1.92446871 -1.94610712]
log likelihood =  -24167.235951809715
Edge derivatives =  [88.61545447534674, 62.27097918837826, 51.821783264655956, 13.465338838444438, -23.3000801251939, -5.004217189152646, -34.93316277674397, -82.21453502179368, -36.192859593898305, 40.18599928561323, -5.990056477023344, 72.43167858940211, 67.35415864905839, 54.36998452156378]
other derivatives: [ 158.58886763 -218.24010764 -352.82238969 -154.39120034  388.00844896
 -112.87613597 -152.24431366]
Current x array =  [-0.73189185 -0.76490607 -0.47541434  0.71440682 -2.71395713 -0.6685217
 -1.03538682 -1.40883767 -1.87248749 -1.776956   -1.60102308 -2.79134157
 -2.61787735 -0.690976    0.03752419 -0.6419109  -1.27987127 -2.70680669
 -1.99442194 -1.43162805 -1.48896048]
log likelihood =  -24184.708766174197
Edge derivatives =  [4.731825690623697, 30.415470842555106, 8.47193371772133, -20.776773874947626, -33.31073916381266, -15.17436690815773, -97.15818145011701, -179.18707955413672, -114.36957030284015, -28.60176465606535, -17.528915067614783, 57.103331399493676, 8.541191378609884, 10.651972877720398]
other derivatives: [  42.81290967  -81.16721438 1157.77145766 -170.32391406  156.9956676
  -49.54823089  -77.01687499]
Current x array =  [-0.68916903 -0.82446709 -0.78819612  0.67374979 -2.45871741 -0.80311491
 -1.22532381 -1.25804142 -1.79128247 -1.69568132 -1.54571113 -2.83169874
 -2.63332357 -0.6268321   0.08550815 -0.58552172 -1.17747866 -2.72715132
 -1.90727494 -1.31402288 -1.38846295]
log likelihood =  -24099.449068403024
Edge derivatives =  [55.06015889278338, 48.42358274710312, 35.095076556031245, 1.0983096843944264, -27.199393826010443, -8.385344589637146, -55.77300734852614, -114.79740556599077, -64.18291191624147, 13.569815812382341, -10.26998907455141, 68.20319740433071, 45.30818454413978, 38.96527066294541]
other derivatives: [ 118.30303629 -152.326018    480.87400864 -167.48862618  293.50559279
  -83.221159   -117.87611302]
Current x array =  [-0.71265493 -0.79172478 -0.6162515   0.69610006 -2.5990296  -0.72912537
 -1.1209103  -1.3409382  -1.83592307 -1.74036021 -1.5761176  -2.80951331
 -2.62483237 -0.66209374  0.05913007 -0.61652038 -1.23376665 -2.71596732
 -1.95518201 -1.37867363 -1.44370917]
log likelihood =  -24013.951227953516
Edge derivatives =  [43.993157126219934, 47.6694156514175, 29.469765523003996, -3.4365274318499472, -29.012552507570657, -10.568033957959457, -63.830234866958065, -127.71525376424975, -57.93445626589924, 10.210766215786524, -12.470033074684544, 61.17306631510321, 36.95885640691932, 30.980208013375844]
other derivatives: [-143.87213741  -21.20346835  219.3328437   -77.73104153   44.41924325
  -55.39481936 -105.25591751]
Current x array =  [-0.6831786  -0.82115945 -0.5861702   0.65195302 -2.32710563 -0.75088909
 -1.12373298 -1.32194477 -1.82650783 -1.73348003 -1.58692072 -2.80137598
 -2.61472937 -0.70893817 -0.02322217 -0.66766935 -1.24128106 -2.70334492
 -1.9339381  -1.37204867 -1.4407674 ]
log likelihood =  -23977.119711071522
Edge derivatives =  [37.311678602349346, 48.032097716187124, 29.791713604161348, 3.9609796527164742, -28.68980335911661, -10.713215906200128, -38.62738754734613, -63.83888549100935, -13.7338347159255, 21.196695741537127, -13.312419058528562, 56.290259936654934, 37.862229732646284, 31.880901803570506]
other derivatives: [-20.30566247  87.96422844  56.57006477 -12.68439519 -51.63074604
 -30.50901068 -79.55450773]
Current x array =  [-0.70149169 -0.83465943 -0.57110954  0.58735156 -2.19046747 -0.77346653
 -1.14677795 -1.3207616  -1.80946843 -1.73219168 -1.61565962 -2.80062642
 -2.60901067 -0.81448486 -0.20343698 -0.77400939 -1.27155648 -2.69519653
 -1.90481434 -1.37887198 -1.45066008]
log likelihood =  -23948.079055798167
Edge derivatives =  [14.238371563453235, 43.00087185958879, 21.878357820297637, 2.7510222139979112, -27.289705781678244, -11.436919352819608, -32.066139323583236, -34.76606268385813, -6.939762748730919, 13.692814800784967, -14.288174122291771, 45.38030744227397, 20.937078894102086, 18.160492392719966]
other derivatives: [-32.04111999  13.35039633 -24.60355245  28.2359797  -82.65144342
  -8.60228465 -44.32111142]
Current x array =  [-0.705887   -0.81071129 -0.55585319  0.54376197 -2.1751823  -0.8414408
 -1.27996768 -1.24895396 -1.74324211 -1.68394587 -1.59906574 -2.8402877
 -2.62484626 -0.83835133 -0.26020723 -0.77926933 -1.22805393 -2.71497066
 -1.82915055 -1.31413722 -1.39549486]
log likelihood =  -23921.15259550728
Edge derivatives =  [-18.331363735849635, 36.09657888781324, 11.324218098470341, 3.330045105760256, -21.719708767287738, -11.222772233005317, -16.059578610365808, 12.348869661540826, 0.20492564598950114, 0.2600987077241742, -14.021616062047347, 20.456337619674283, -9.55308346816856, -7.5003374592695335]
other derivatives: [136.21274411 107.32264855 -41.97089584  43.7819217  -10.31083582
  12.90024011  -5.4716966 ]
Current x array =  [-0.73075134 -0.85722306 -0.53596935  0.52078284 -2.30142818 -0.96850223
 -1.56021032 -1.11066829 -1.58157851 -1.57177432 -1.54575012 -2.94802288
 -2.67373273 -0.84907697 -0.2826939  -0.73774776 -1.1172241  -2.77672007
 -1.6584141  -1.17363475 -1.2716573 ]
log likelihood =  -23913.530028443405
Edge derivatives =  [-33.09297494129736, 29.037846126252443, 4.010273853104526, 1.1065275676451112, -20.881506958526455, -11.928442781520037, -8.247453929966298, 19.726120373208648, 1.8020420513451227, -7.530620672301079, -14.669130207159476, 5.726004116524525, -17.977164820515554, -13.803226950454976]
other derivatives: [-40.74718163 -81.54739771  -9.64120409  13.39030132   6.22689186
  16.59653935   2.1566308 ]
Current x array =  [-0.7093425  -0.80427756 -0.53977187  0.5479621  -2.3115711  -0.9846217
 -1.63286169 -1.10352611 -1.50318637 -1.53513933 -1.53561245 -2.99798882
 -2.69744144 -0.88668191 -0.3007775  -0.74592258 -1.09919614 -2.80618593
 -1.59285924 -1.15603188 -1.25508273]
log likelihood =  -23910.85969076539
Edge derivatives =  [-31.138183047409367, 29.193797409057698, 4.2173958814404395, 1.4483230773657727, -20.247291474883436, -11.594188975076708, -7.2975034992984265, 15.869143606321362, 1.267776947391325, -6.517934424499615, -14.160869807131826, 4.3676759374567915, -15.577957323253733, -12.171908008389439]
other derivatives: [-26.34841076 -46.76750905   5.91452408   1.33429057  12.13642085
  15.23290121   1.19396248]
Current x array =  [-0.7099235  -0.81622543 -0.54062902  0.5634221  -2.31843533 -0.97912466
 -1.63819312 -1.11333147 -1.48485508 -1.52920516 -1.5323202  -3.01092411
 -2.7044558  -0.88855558 -0.2860534  -0.74061378 -1.09759191 -2.81494071
 -1.58361709 -1.15942587 -1.25703397]
log likelihood =  -23902.966212486386
Edge derivatives =  [-26.336574236599816, 26.316606807495155, 2.6869957046009696, 2.652415380908137, -17.06917344576939, -10.081597755590716, 2.0197187979572466, 3.954989021341901, 3.5261091922190166, -1.9484055969055447, -11.865930576893987, -7.461658969816435, -4.477570915950376, -4.37506511169172]
other derivatives: [  0.22997483  24.66247315  33.34612484 -47.75921479  20.90539417
  10.1163314   -0.73674245]
Current x array =  [-0.71029238 -0.84292107 -0.54003787  0.62752314 -2.32269543 -0.94752432
 -1.674633   -1.17719653 -1.36503955 -1.49299908 -1.51964971 -3.0912528
 -2.74684904 -0.92698463 -0.24360241 -0.73431894 -1.09604986 -2.86737334
 -1.52279475 -1.18243719 -1.27250819]
log likelihood =  -23896.893726409322
Edge derivatives =  [-23.427843987370544, 20.02213795436234, 0.026918608872650462, 2.70832159321452, -14.278382443308255, -8.527032381726558, 9.294820392652936, -5.056305533164185, 4.91579938094437, 1.3117420402406759, -9.624317436966491, -17.187041134852276, 4.0133863934085525, 2.142048596491174]
other derivatives: [  4.54876499  48.08552694  32.26830813 -51.38509005  16.43403309
   5.80440246  -1.72617924]
Current x array =  [-0.71033338 -0.85140736 -0.53886838  0.63607176 -2.31727626 -0.91490376
 -1.71046282 -1.25152774 -1.23976774 -1.45962741 -1.50865776 -3.17414899
 -2.79101541 -0.96497231 -0.22075521 -0.7322718  -1.09649471 -2.92135094
 -1.47577925 -1.20245162 -1.28714402]
log likelihood =  -23888.715871277447
Edge derivatives =  [-13.103244434129065, -6.731812050067953, -5.06048669039319, -0.23945595673778694, -8.837454013085209, -4.362585698411037, 14.66172035754996, -18.183791222464556, -1.5925278292749507, 4.698250995414272, -4.524037175483626, -19.947461432965998, 13.850426339572124, 10.822013351556906]
other derivatives: [172.62380061   8.34612729 103.68762742 -28.39452645  16.66846105
  -4.75348497  -5.78018756]
Current x array =  [-0.73679522 -0.83338    -0.54747928  0.60304334 -2.31060898 -0.83695524
 -1.78592592 -1.47398707 -0.94847935 -1.40150707 -1.48189872 -3.37988763
 -2.90285766 -1.00475288 -0.19800928 -0.71186897 -1.09119087 -3.05522269
 -1.44807501 -1.22163974 -1.30163966]
log likelihood =  -23885.948104184117
Edge derivatives =  [-6.429287662750348, -15.222313739666516, -3.3096585344375273, 0.5604394290707719, -7.009207251900526, -2.568616748604023, 20.165575296562523, -1.1232566096792176, 5.29000001660217, 9.171750266306864, -2.4045480748025647, -15.584581576386478, 15.926754612060627, 13.22705422222203]
other derivatives: [-70.02950224  51.42147347  -2.7342976   19.93755723  11.66022699
  -7.02553371  -5.07185164]
Current x array =  [-0.70134664 -0.85068461 -0.53753864  0.55722946 -2.31370574 -0.81229406
 -1.80689032 -1.56136195 -0.86397964 -1.39255972 -1.48142404 -3.44613109
 -2.93866921 -1.02470386 -0.23655109 -0.72422065 -1.09697192 -3.0971277
 -1.45947695 -1.22533154 -1.30601429]
log likelihood =  -23883.744551736643
Edge derivatives =  [-8.319443278513283, -7.0397690236752615, -2.625333827640317, -0.568713562325678, -8.178880262838572, -3.28354851499026, 13.127483559422393, -5.086784001184136, -0.4007807878318249, 5.592022229528336, -3.4911721167562786, -9.331740641724386, 10.459308430771788, 8.867184965021298]
other derivatives: [ 3.99123746 10.78558125  1.27428211 13.69569509 11.69642689 -5.40542169
 -5.8183987 ]
Current x array =  [-0.71311987 -0.83484933 -0.53733767  0.5600245  -2.31163312 -0.829381
 -1.78669543 -1.52172691 -0.93291188 -1.41013645 -1.48450088 -3.402841
 -2.91574365 -0.99325552 -0.23304301 -0.71584805 -1.09276637 -3.06912814
 -1.48802855 -1.21196542 -1.29563145]
log likelihood =  -23882.957212489462
Edge derivatives =  [-8.115821932023184, -7.561233920476874, -2.8515963026928692, -1.8793856915535576, -8.121979289341448, -3.11231139843051, 9.335171821186757, -4.312551905885008, -3.2571443162528793, 2.9940091003423843, -3.5077789436456865, -5.80012774822769, 5.967329577249882, 5.374610441184976]
other derivatives: [ 14.47873365 -10.16429451   4.10785287  13.52611798   8.44033606
  -4.7507674   -5.71998958]
Current x array =  [-0.71551483 -0.8278491  -0.53753524  0.55933614 -2.30834314 -0.83393798
 -1.79546665 -1.53277005 -0.9306256  -1.41156803 -1.48268485 -3.41344889
 -2.92108732 -0.97754236 -0.23797745 -0.71074633 -1.08584179 -3.07497157
 -1.50239239 -1.19904784 -1.28505508]
log likelihood =  -23881.83213762218
Edge derivatives =  [-5.835680741581468, -8.646004365470667, -2.3720782423311815, -3.85356409565825, -7.526373732840531, -2.3647245751903543, 2.5115919347316638, -0.9388760492040525, -5.543445863585774, -0.7489953558591138, -3.1330545235425973, 0.5612799455347639, -1.7092839495337846, -0.8079588033523828]
other derivatives: [  9.54204006 -23.59792052  -9.49632158   8.47350384  -0.36355975
  -3.59210389  -5.25127497]
Current x array =  [-0.71582675 -0.82397726 -0.5350346   0.56742699 -2.29980537 -0.84067183
 -1.82071686 -1.57136329 -0.91497437 -1.412299   -1.48020609 -3.45152869
 -2.93981556 -0.94865708 -0.2490827  -0.70535571 -1.07236976 -3.09639323
 -1.52706942 -1.17535541 -1.26511285]
log likelihood =  -23881.795610297304
Edge derivatives =  [-4.0992890930937875, -8.60198785144284, -2.0489706967544565, -5.168315466197526, -7.054375137738589, -1.5641005658914244, -2.7402591357839357, 2.766351313165512, -3.9964416554889644, -4.771723865896514, -2.8279153796009346, 5.6460369155145385, -7.543570394252116, -5.110871148997266]
other derivatives: [-17.1734282  -15.0328342   85.09706458  -1.96986002  -1.43533455
  -1.36870949  -3.44256092]
Current x array =  [-0.71024358 -0.82686402 -0.55141285  0.57440492 -2.29278393 -0.85217814
 -1.84745923 -1.60826576 -0.92044568 -1.4171249  -1.48564992 -3.49122461
 -2.95677758 -0.92432233 -0.26332159 -0.7114205  -1.06379529 -3.11645868
 -1.54611397 -1.1600266  -1.25167071]
log likelihood =  -23881.508286464046
Edge derivatives =  [-4.935489290733919, -8.616061869706176, -2.2047118437281092, -4.522034336753662, -7.280276779081357, -1.9508646086121024, -0.1268809326564494, 0.9900070498817857, -4.732422173006531, -2.7903634002526543, -2.9698823823717198, 3.1909409737453993, -4.679724279813892, -2.995485826581903]
other derivatives: [ -4.10303619 -19.16191832  39.82847556   3.09946336  -0.86499634
  -2.44088005  -4.30965231]
Current x array =  [-0.71296069 -0.82545914 -0.54344219  0.57100904 -2.29620099 -0.84657846
 -1.83444476 -1.59030676 -0.91778301 -1.41477632 -1.48300062 -3.47190615
 -2.94852283 -0.9361651  -0.25639208 -0.70846901 -1.06796815 -3.10669361
 -1.53684573 -1.16748654 -1.25821248]
log likelihood =  -23881.06390937621
Edge derivatives =  [-2.1440127974678553, -9.03406250532418, -1.0374433744855693, -4.613972414895229, -6.5455548188881645, -1.208792317897492, -2.1053023018032535, 2.870291382640781, -2.63747108697408, -2.585073143787744, -2.352521382771257, 5.242568079513154, -5.646673467915517, -4.081830255636264]
other derivatives: [-4.57580973 -5.17180888 13.78335583 -1.29611726 -4.5720807  -2.23575989
 -3.85920579]
Current x array =  [-0.71290905 -0.83007841 -0.53893585  0.57963633 -2.29287524 -0.84709972
 -1.85346409 -1.62360367 -0.90131121 -1.41290314 -1.48378632 -3.50655006
 -2.96487478 -0.92624824 -0.25902717 -0.70962857 -1.06306821 -3.12625153
 -1.54238437 -1.16144686 -1.2523978 ]
log likelihood =  -23880.784826450013
Edge derivatives =  [-0.14833903159408246, -8.053799391374737, -0.002316010496295054, -4.008290494090772, -6.011648566332347, -0.6740236632574629, -2.106091735407975, 3.2486833200096514, 0.3535687722984312, -1.4649550074169428, -1.864795975657072, 5.267488546250035, -4.130073404530298, -3.1603815634110486]
other derivatives: [-5.14827843  6.87863576  2.03298623 -5.28262899 -3.17689385 -1.97484769
 -3.15398194]
Current x array =  [-0.71246014 -0.8338955  -0.53703406  0.58561874 -2.29363047 -0.84866328
 -1.86691668 -1.64396173 -0.89854117 -1.41212191 -1.48781711 -3.53137766
 -2.97513657 -0.92353279 -0.2576172  -0.7132616  -1.06235137 -3.13922986
 -1.53963934 -1.16322518 -1.25295699]
log likelihood =  -23880.432759966352
Edge derivatives =  [2.2941991574364877, -5.802199950299144, 1.2394125278138406, -2.9266810103589167, -5.302973832904756, 0.05489031666084311, -1.614007695659883, 2.32110662206456, 4.2703696600573124, 0.10423779692092372, -1.194980899828585, 4.257947733781363, -1.072975888743235, -1.0664636634568943]
other derivatives: [-5.68823089 13.57756992 -5.63907815 -8.54634345  0.28977169 -1.29037653
 -1.7678357 ]
Current x array =  [-0.71200899 -0.83555065 -0.53617855  0.58966443 -2.29559055 -0.85310956
 -1.88721227 -1.66993751 -0.90388273 -1.41149029 -1.49698819 -3.56860459
 -2.98873201 -0.92153305 -0.25346938 -0.71857643 -1.06267293 -3.15734517
 -1.53134291 -1.16903028 -1.25633545]
log likelihood =  -23880.01194752175
Edge derivatives =  [4.447520508345198, -1.7792218975270486, 2.1388376255104578, -1.686513686633436, -4.530277693375157, 0.8667619356863806, -1.5169171458372077, 0.7495334547174293, 5.7526758174444055, 0.7388772045834382, -0.5104648075087378, 2.4638247351817246, 1.1535590583662627, 0.5281743396924529]
other derivatives: [ -3.8398648   12.67302287 -11.5019684   -2.72988109  -0.91052595
   0.40024315   0.38112421]
Current x array =  [-0.71239565 -0.83360307 -0.53663376  0.582606   -2.29366728 -0.86365019
 -1.91574999 -1.69641086 -0.92413557 -1.41078525 -1.51314792 -3.62088916
 -3.00422477 -0.91732515 -0.25097924 -0.71983836 -1.06166646 -3.17995159
 -1.51953763 -1.17309902 -1.25831307]
log likelihood =  -23880.10488309997
Edge derivatives =  [5.44092638917512, -2.2212745909637546, 0.7973688908117599, -0.5991580024650419, -3.648978118201189, 1.3897406472842193, -0.13919738293954897, -4.975371050758958, -1.1863006018239393, 0.5505509649690947, 0.15294720278613472, -3.1598079999708624, 2.863446832373564, 2.0202830913964633]
other derivatives: [-44.46495586 -30.38744035  -8.09275662 -10.41797441   2.93781127
   0.4418871    1.44129157]
Current x array =  [-0.70768485 -0.82172021 -0.53693563  0.59026668 -2.29772562 -0.86355884
 -1.94794422 -1.7249682  -0.91855322 -1.39730981 -1.5303572  -3.70435235
 -3.02616525 -0.92181818 -0.23855472 -0.70379209 -1.05916761 -3.21556328
 -1.49423932 -1.17735024 -1.26076789]
log likelihood =  -23879.888816141287
Edge derivatives =  [4.879393456032153, -1.9627667323088387, 1.5739392004359507, -1.2138532566553313, -4.135612499928412, 1.0972195849101278, -0.9202146266422989, -1.6981845483112359, 2.7901283592520087, 0.6654897789829829, -0.21887324289744814, 0.07649255657653797, 1.897359840814748, 1.1781954916200388]
other derivatives: [-21.21529178  -5.64909715 -10.06761522  -6.03869557   0.76347007
   0.417509     0.84801244]
Current x array =  [-0.71036814 -0.82848874 -0.53676369  0.58590313 -2.29541397 -0.86361088
 -1.92960626 -1.70870183 -0.92173295 -1.40498547 -1.52055473 -3.65681139
 -3.01366787 -0.91925893 -0.24563177 -0.7129321  -1.06059096 -3.19527873
 -1.50864933 -1.17492873 -1.25936962]
log likelihood =  -23879.72834936174
Edge derivatives =  [5.0871145789776655, 0.26580810331953053, 1.4227697273653477, -0.4046068879633153, -3.8684420200160132, 1.3079626861094058, -0.26349902239695755, -2.467180125630628, 0.3703033357757855, 0.6947499256291114, -0.040007853495713425, -1.2824642798561883, 2.3990637998311977, 1.729596327486297]
other derivatives: [ 1.87666956 -4.78268339  1.38138785 -0.67668952  0.71832862  1.13998976
  1.62998627]
Current x array =  [-0.71361602 -0.82741664 -0.53900669  0.57810475 -2.29527415 -0.86829456
 -1.93985806 -1.71091139 -0.93699992 -1.40309024 -1.53051153 -3.68319262
 -3.01747598 -0.9189591  -0.24453684 -0.70735247 -1.06016657 -3.20394683
 -1.50138771 -1.17562252 -1.25981991]
log likelihood =  -23879.675023572032
Edge derivatives =  [4.485954274826186, 1.08072862383966, 1.0459979800193842, -0.27182782726503335, -3.908879370525918, 1.1950028331995943, -0.2698157019502102, -2.5037794426829647, -1.7705741156579178, 0.2948443101860905, -0.1442968289884568, -1.4435207499837175, 1.6028643817383106, 1.2510076102047754]
other derivatives: [ 1.04483479 -5.44354771  3.42004205  1.74196975 -0.20762698  1.26818486
  1.63430713]
Current x array =  [-0.71358435 -0.82713917 -0.53951397  0.57509693 -2.29509814 -0.86915941
 -1.93778345 -1.70216798 -0.94495511 -1.40248804 -1.53308765 -3.68577569
 -3.01448178 -0.91861663 -0.24503964 -0.7033679  -1.05980941 -3.20238756
 -1.50117239 -1.17387307 -1.25873211]
log likelihood =  -23879.58525948991
Edge derivatives =  [2.596529299597265, 1.1750588483622146, -0.5376903844065632, 0.2924633396498509, -3.6974036944149336, 0.9595561130633052, 0.3387332913231721, -1.4048994649553643, -6.487663361101816, -0.45606784961648383, -0.3082259463443705, -2.127650921441194, -0.8819146915573532, -0.38768701019035834]
other derivatives: [28.68515003 -8.60366708 15.88412124 -3.50474147  1.97454478  0.84793282
  1.23146255]
Current x array =  [-0.71757654 -0.82640124 -0.54022217  0.57989534 -2.29735777 -0.86536333
 -1.9344119  -1.67929197 -0.95017649 -1.39439913 -1.54010006 -3.71663575
 -3.01022054 -0.91918952 -0.24581186 -0.69282872 -1.05692303 -3.20702328
 -1.49894078 -1.16678165 -1.25362669]
log likelihood =  -23879.46014917284
Edge derivatives =  [1.8892058088340176, 2.043020903555807, -0.9269556455078234, 0.5982962156475377, -3.6169550357044127, 0.8907117768108748, 0.5856835299302161, -0.8683729595871434, -6.870231455834743, -0.5486412009045247, -0.33291081926015387, -2.3652861075453577, -1.5059735982356806, -0.8022561052671009]
other derivatives: [ 9.32966577 -2.93748599  8.68620555 -1.16898082  0.56411293  0.92686605
  1.3654004 ]
Current x array =  [-0.71474258 -0.82868851 -0.53950661  0.57829706 -2.2973429  -0.86515114
 -1.93226336 -1.66806923 -0.9573875  -1.39267853 -1.54374078 -3.72670029
 -3.00712667 -0.91953757 -0.24697695 -0.69205219 -1.05658773 -3.20724976
 -1.49832102 -1.16531982 -1.25260569]
log likelihood =  -23879.356008555915
Edge derivatives =  [1.3094622049493538, 2.439204997686191, -1.4466473705354788, 1.0709073049328088, -3.285473060057898, 0.9821297462653107, 0.8375233021734694, 0.282675233245083, -5.770763811269653, -0.4890842154700096, -0.19341157558225175, -2.5566945563433308, -2.19451450000564, -1.360660571026103]
other derivatives: [-4.86562931  3.73264629 -0.6008413  -2.20091533  0.07493772  0.90113463
  1.62951382]
Current x array =  [-0.71260571 -0.83142203 -0.53807722  0.58085167 -2.29766664 -0.86333857
 -1.93459798 -1.66009997 -0.95938941 -1.38816429 -1.5493938  -3.75671125
 -3.00763359 -0.91905123 -0.24851897 -0.69327911 -1.0549619  -3.21487125
 -1.49712943 -1.16279353 -1.25035911]
log likelihood =  -23879.28192015343
Edge derivatives =  [0.8371122678207505, 2.353410822186587, -1.9741848459193592, 1.4520607993108605, -2.8972310427511427, 1.1524031334331615, 0.8826452689180985, 1.276241499423129, -3.9109582904326707, -0.45836224970796313, 0.012655833672629332, -2.5347660185015046, -2.6945422293669985, -1.825154096032469]
other derivatives: [-8.22795118  6.81326128 -6.81663005 -3.92194852  0.14908967  0.85671854
  1.95197626]
Current x array =  [-0.71208321 -0.8326925  -0.53695422  0.58363458 -2.29784411 -0.86112999
 -1.93891532 -1.655614   -0.95807904 -1.38347161 -1.55487766 -3.7923431
 -3.0099165  -0.91781401 -0.24988196 -0.6959458  -1.05296815 -3.22512109
 -1.49644601 -1.1605379  -1.24810699]
log likelihood =  -23879.16477812429
Edge derivatives =  [-0.24807203444357828, 1.5380063090990612, -2.8638948060463503, 1.692546698669184, -2.366946713276265, 1.4035835358406477, 0.44738852136880825, 1.8592873125021958, -0.37253838266332584, -0.7449174116844858, 0.3269508771169919, -1.8253472307721776, -3.079117579645275, -2.2369190817441402]
other derivatives: [-10.58806811   7.08928565  -1.86995749  -4.65829362   0.64441727
   0.76997458   2.47805526]
Current x array =  [-0.71161071 -0.83288478 -0.53775371  0.58434416 -2.29781546 -0.85730902
 -1.9429486  -1.64729426 -0.95537022 -1.37855365 -1.56175031 -3.84608978
 -3.01170258 -0.91495289 -0.25148986 -0.70254006 -1.05043627 -3.23947845
 -1.49828191 -1.1588843  -1.24591577]
log likelihood =  -23879.85014190567
Edge derivatives =  [-2.9113419234493163, 0.2546834832347036, -4.063293899974095, 2.442190167375234, -1.128012352566813, 1.970592558435875, -0.7489345886314905, 1.7549649159064669, 5.204365107031173, 0.3257445131572987, 1.2279539472090422, 0.12617826330506432, -1.8088118036977106, -1.948093983350504]
other derivatives: [ 1.99357746e+01 -1.70557287e+01 -9.45996799e+01  8.52192534e+00
 -4.83608350e+00 -8.99635779e-02  3.24602982e+00]
Current x array =  [-0.71834931 -0.82365336 -0.52334917  0.57403844 -2.29575819 -0.84466313
 -1.94431482 -1.61832953 -0.9466511  -1.37036153 -1.5764458  -3.98725365
 -3.01012296 -0.90968793 -0.25183389 -0.71022725 -1.04580932 -3.27312213
 -1.50386981 -1.15936389 -1.24419175]
log likelihood =  -23879.118786378014
Edge derivatives =  [-0.7705639693735962, 1.283953852715899, -3.099349962549979, 1.8516945086542875, -2.0931229176141324, 1.5209764383460689, 0.2205625839223685, 1.8540214136832387, 0.7598988808909543, -0.5140137126677069, 0.5135435694090531, -1.4248502478207006, -2.816788805420982, -2.1697783871403735]
other derivatives: [ -4.40808799   2.30562    -20.06208524  -2.02329466  -0.4269323
   0.59706144   2.62891643]
Current x array =  [-0.7129623  -0.8310332  -0.53486455  0.58227711 -2.29740283 -0.85477259
 -1.94322263 -1.64148471 -0.95362139 -1.37691053 -1.56469783 -3.87440349
 -3.01138575 -0.91389688 -0.25155886 -0.7040819  -1.04950822 -3.24622647
 -1.4994027  -1.1589805  -1.24556998]
log likelihood =  -23879.034733528537
Edge derivatives =  [-1.7547268918920225, -0.024439065659616288, -3.6772975068432983, 1.7481719586169473, -1.769459100501998, 1.6888837827050125, -0.39199974059801046, 1.2760537420290285, 3.3127909145277803, -0.8477237613790883, 0.7544737477253384, -0.46294226493804724, -2.4630124643421674, -1.9885122050078357]
other derivatives: [-2.2206259  -1.23687641 -6.91097375 -0.86215368  0.06969968  0.40675877
  2.92960115]
Current x array =  [-0.71316686 -0.82969259 -0.53707016  0.57991514 -2.29710457 -0.85108714
 -1.9432966  -1.63518596 -0.9494604  -1.375781   -1.56765536 -3.91276512
 -3.01110896 -0.91171083 -0.25170175 -0.70961668 -1.04840379 -3.25548739
 -1.50265044 -1.16009194 -1.24569149]
log likelihood =  -23878.984648180613
Edge derivatives =  [-2.1051803443115795, -0.7874511349317646, -3.651811231399506, 1.655533799882018, -1.613938756506024, 1.7685753690555228, -0.6792630574822447, 0.2750216255361327, 3.5558748271906517, -0.8346672794958198, 0.9093968303142701, 0.07550724841468925, -1.572279105844544, -1.3532498148453735]
other derivatives: [ 1.62934884 -3.0190422   0.64000051  0.94519783  0.11812869  0.18049468
  2.94469676]
Current x array =  [-0.71366922 -0.8288437  -0.53839888  0.57720913 -2.29685183 -0.84874516
 -1.94128579 -1.63282382 -0.94687921 -1.37757278 -1.56797798 -3.93349734
 -3.00977676 -0.91108633 -0.25053657 -0.71036645 -1.04861196 -3.25970055
 -1.50441461 -1.16277429 -1.24741658]
log likelihood =  -23878.921922386642
Edge derivatives =  [-2.3302446902789375, -1.6378853554444077, -3.1743279402669113, 1.5321540435183532, -1.4567181125599122, 1.815341903175497, -0.9127381859136885, -1.1075014721257548, 2.563733298439035, -0.5942376963750003, 1.0846736361543203, 0.7837997881680423, -0.06385893979853807, -0.245650468570978]
other derivatives: [ 5.63960566 -3.08410017  6.77014395  3.38310565 -0.10706432 -0.27613714
  2.68759282]
Current x array =  [-0.71416659 -0.82850326 -0.53954593  0.57398081 -2.29649604 -0.84532634
 -1.93512401 -1.62961882 -0.94376904 -1.38256903 -1.56646836 -3.95736074
 -3.00585322 -0.91106946 -0.24864082 -0.70862328 -1.04962934 -3.26289208
 -1.50695616 -1.16738501 -1.25070808]
log likelihood =  -23878.84810786022
Edge derivatives =  [-2.4302459326062786, -2.3713134271905427, -2.360680228567479, 1.4883992354714313, -1.259205526163696, 1.81413371176285, -0.9723263460461853, -2.1783143666201448, 0.02291714956893645, -0.3388115578378822, 1.2499550866796743, 1.2597798793590056, 1.334388182928612, 0.8194396215935407]
other derivatives: [ 3.26191366 -5.50394179  9.20757884  3.65680899  0.2765299  -0.95162613
  2.11392093]
Current x array =  [-0.71381077 -0.82774353 -0.54001178  0.57345928 -2.29661225 -0.84096166
 -1.92582252 -1.6254106  -0.9412916  -1.38970809 -1.56437648 -3.99273797
 -2.99962749 -0.91170859 -0.24710838 -0.70361562 -1.0506984  -3.26716728
 -1.50892358 -1.17198123 -1.25411026]
log likelihood =  -23878.987183252204
Edge derivatives =  [-0.3770843193622877, -1.684875966139119, 1.7469985429621437, 1.9215740379697577, -0.6808427822981801, 2.1094368224104154, -0.22922906484853922, -1.4669335667889107, 1.326333043467636, 2.0422198641875267, 1.7853527936559435, 2.8556360787528696, 5.960131752308508, 4.1301902194921025]
other derivatives: [31.63042857 33.14876813  2.84367707  7.42359043 -0.71643218 -1.95643224
  0.91498461]
Current x array =  [-0.71667829 -0.83835008 -0.5396466   0.57058969 -2.2939666  -0.83536066
 -1.90291361 -1.62731385 -0.94165383 -1.41426346 -1.55565684 -4.07423317
 -2.98312953 -0.91339167 -0.24797341 -0.70462331 -1.05488286 -3.27475074
 -1.51358439 -1.18420379 -1.26311973]
log likelihood =  -23878.805966391068
Edge derivatives =  [-1.765609871394545, -2.1468569193880134, -1.0110451433968015, 1.6309691652429315, -1.0622207096453944, 1.9124745508547278, -0.7257999980799794, -1.940533626964391, 0.45373683362889494, 0.4417763472681687, 1.4250575356181971, 1.7825450249517933, 2.842934657518462, 1.8995089242607108]
other derivatives: [12.51089998  7.17366493  7.12819747  4.87728903 -0.04241012 -1.27514068
  1.73192535]
Current x array =  [-0.71474008 -0.83118092 -0.53989343  0.5725293  -2.29575484 -0.83914648
 -1.91839815 -1.62602741 -0.94140899 -1.39766605 -1.5615506  -4.0191491
 -2.9942808  -0.91225405 -0.24738872 -0.7039422  -1.05205451 -3.26962494
 -1.51043407 -1.17594234 -1.25703007]
log likelihood =  -23878.733643271677
Edge derivatives =  [-1.402984755011058, -2.19239453157907, 0.07502342639023042, 1.6410775790983476, -0.9007161804667441, 1.8702802116453392, -0.5720215104401818, -1.9521557231637308, -1.6300501576849062, 0.6303526501025705, 1.4970797565270075, 1.7153404461085922, 3.4651959827653105, 2.4078623966974395]
other derivatives: [ 1.48966865  3.81890277  2.16975968  3.00637112  0.43030966 -1.78574919
  1.04629055]
Current x array =  [-0.71321261 -0.83033471 -0.53925171  0.57493847 -2.29562048 -0.83659433
 -1.90883827 -1.62464744 -0.94199505 -1.40578553 -1.55857403 -4.05288392
 -2.98724052 -0.91346661 -0.24773674 -0.69988994 -1.05296657 -3.27260615
 -1.5107527  -1.17855505 -1.25912088]
log likelihood =  -23878.679352798034
Edge derivatives =  [-0.901463976773615, -1.6674543004269862, 1.0034254895412615, 1.7240498068907928, -0.7703824247051054, 1.7968284203270017, -0.20323771604882035, -0.9106352498769081, -2.626561670141376, 0.6789248189024167, 1.461680519293649, 1.193014296500354, 3.0800873572537615, 2.183191590928346]
other derivatives: [-3.04644345  2.05711331 -3.02374247 -0.56749923  1.09580847 -2.01690273
  0.42798339]
Current x array =  [-0.71256629 -0.82985554 -0.53842512  0.57919767 -2.29518567 -0.83608378
 -1.90105371 -1.62430597 -0.9454905  -1.41208599 -1.55591461 -4.08143048
 -2.98057833 -0.91488281 -0.24980154 -0.69790166 -1.05326185 -3.27433556
 -1.50945817 -1.17813604 -1.25904042]
log likelihood =  -23878.627467150374
Edge derivatives =  [-0.3789236495008197, -1.03159630172304, 1.7429662473399694, 1.6086473842176618, -0.6313234542882938, 1.7114139990374437, -0.019822136828658077, 0.18550723749357845, -1.8353203100455424, 0.4717099610128972, 1.3735024683202366, 0.5210358445736598, 2.0017507816046343, 1.4361425241313241]
other derivatives: [-6.88047294  1.32021887 -6.36442564 -2.51867095  0.48634881 -1.96761175
 -0.07304659]
Current x array =  [-0.71201376 -0.82943822 -0.53814042  0.58150363 -2.29339464 -0.83739086
 -1.89372984 -1.62542111 -0.95040306 -1.41779839 -1.55215496 -4.11096318
 -2.97301381 -0.9160357  -0.25270082 -0.69997509 -1.05320056 -3.27536937
 -1.50785603 -1.17597763 -1.25763435]
log likelihood =  -23878.596257856225
Edge derivatives =  [0.5701154578550818, 0.06195652456618883, 2.6769570629629142, 1.1648153756354498, -0.5460550294769899, 1.4024098104082434, 0.4242470159151089, 1.37368330263966, -2.4829729453790224, 0.04474501327586, 1.0508493774606864, -0.9240712194034726, -0.05490771758030233, 0.09399311815089247]
other derivatives: [11.70282121 -4.11978908 -1.26423402 -5.4677148   0.57891682 -1.76614776
 -1.1261424 ]
Current x array =  [-0.7147343  -0.82682185 -0.53892158  0.58349962 -2.29123792 -0.84208108
 -1.88101072 -1.62937489 -0.95964544 -1.426153   -1.54294299 -4.1407308
 -2.95895683 -0.91905406 -0.25601745 -0.69966152 -1.05366113 -3.27119261
 -1.50419215 -1.17175449 -1.25518622]
log likelihood =  -23878.55343635858
Edge derivatives =  [0.4796258248671996, 0.0946558745664452, 2.5195222612421526, 0.9088499435338664, -0.4169152593264717, 1.4298321291483027, 0.06552530857292627, 1.5058995549473826, 0.6105157472884156, -0.22073672492687602, 1.0863186275165904, -0.8533035865753322, -0.7263608409620739, -0.4618624456671276]
other derivatives: [-1.52382199 -1.26031955 -3.12845077 -2.47162825 -1.30975158 -1.49596235
 -0.93683998]
Current x array =  [-0.71279799 -0.82770129 -0.53923922  0.58053086 -2.28965041 -0.84344664
 -1.88006901 -1.62919909 -0.96106619 -1.42616057 -1.54175548 -4.16235898
 -2.95581183 -0.91835064 -0.25743846 -0.70643029 -1.05307623 -3.2737267
 -1.50478522 -1.17022719 -1.25378871]
log likelihood =  -23878.5398642584
Edge derivatives =  [0.31080246821621316, -0.04705525060310167, 2.1959458580977698, 0.7547650752028381, -0.4076234071911598, 1.4127151703457081, -0.08991642744895778, 1.1035345661602913, 1.0690660123372626, -0.26218073294719624, 1.0907343780819154, -0.6879005151459447, -0.7223214253876706, -0.4764570136110328]
other derivatives: [-1.53783913 -0.72936382 -0.31972013 -0.77325603 -1.45265492 -1.38935138
 -0.81154988]
Current x array =  [-0.71277655 -0.82783163 -0.53977772  0.57840218 -2.28991664 -0.84432544
 -1.88069926 -1.62885566 -0.96075661 -1.42454118 -1.5411492  -4.16376289
 -2.95501213 -0.91811698 -0.25680828 -0.70744845 -1.05304086 -3.27338316
 -1.50538439 -1.17020525 -1.25368328]
log likelihood =  -23878.515432395765
Edge derivatives =  [0.11308765960317757, -0.0070218919313922434, 1.5492555485265072, 0.3474111174695466, -0.35950119567476635, 1.2838679305198828, -0.2982769715699758, 0.3928731111249359, 1.4475285493213952, -0.1989436099481931, 1.0583460235522126, -0.5008849443470658, -0.8057234873518343, -0.5822428516868783]
other derivatives: [ 0.71051181 -1.00660327  0.51499592  2.45423143 -1.33892237 -1.11554982
 -0.72091863]
Current x array =  [-0.71316558 -0.82764747 -0.53999436  0.57444778 -2.29106779 -0.84771476
 -1.87986145 -1.62806217 -0.96179425 -1.42123713 -1.53780467 -4.17527391
 -2.94941718 -0.91835111 -0.25532162 -0.70813478 -1.05316882 -3.27156029
 -1.50629565 -1.16986755 -1.2533361 ]
log likelihood =  -23878.514047764485
Edge derivatives =  [-0.059049481117409375, 0.29105888175768, 0.5180854212750146, -0.36863918174828253, -0.29462814664709, 0.8895661020344398, -0.21765571341925605, -0.14395057343028578, 0.0888945084152786, -0.32980979769595115, 0.8937952311592363, -0.5609573846279912, -1.20831762059162, -0.8415605907119977]
other derivatives: [-1.5130463   2.93570338 21.27895641  1.57357499  1.14668228 -0.58758815
 -0.85093239]
Current x array =  [-0.71238798 -0.82936028 -0.5431929   0.5740308  -2.29412261 -0.85521764
 -1.87576437 -1.62709053 -0.96613612 -1.41660456 -1.53026005 -4.20330765
 -2.93525781 -0.92018427 -0.25348631 -0.70544988 -1.0535743  -3.26662843
 -1.50686906 -1.16914975 -1.25289875]
log likelihood =  -23878.50078619527
Edge derivatives =  [0.02539467177012744, 0.14640434809491554, 1.0218844182206752, -0.01822066112095813, -0.32570262611534506, 1.0834388258807033, -0.2558149170888664, 0.11840650814652402, 0.7532473508197854, -0.2643232553203937, 0.9743750369573951, -0.530877222277057, -1.011226855996902, -0.7142653249091507]
other derivatives: [-0.42638567  1.01579644 11.17531792  2.00287832 -0.06326941 -0.84492785
 -0.78735567]
Current x array =  [-0.7127673  -0.82852476 -0.54163262  0.57423421 -2.29263244 -0.85155766
 -1.87776296 -1.62756451 -0.96401812 -1.41886437 -1.53394039 -4.18963252
 -2.94216489 -0.91929004 -0.25438159 -0.7067596  -1.0533765  -3.26903424
 -1.50658935 -1.1694999  -1.25311209]
log likelihood =  -23878.47910379617
Edge derivatives =  [-0.0368198779929505, 0.4934185142881138, 0.4622530578851798, -0.32463035100912074, -0.2801026614678825, 0.9043196731454026, -0.2616850969251261, -0.16085217428655596, 0.41283346365349494, -0.036176453515895934, 0.9230874458443515, -0.45633506066461216, -1.0044028321234852, -0.7663501781562823]
other derivatives: [ 0.79701204  0.95532596  6.42602754  3.15449142  0.46459257 -0.56029967
 -0.76962491]
Current x array =  [-0.71304292 -0.82861655 -0.54075162  0.57311119 -2.29421067 -0.85554827
 -1.87665604 -1.62658401 -0.96579531 -1.41526558 -1.53043716 -4.20249509
 -2.93532599 -0.92003809 -0.2530175  -0.70556435 -1.05352768 -3.26644664
 -1.50714391 -1.16920782 -1.25288607]
log likelihood =  -23878.458225577102
Edge derivatives =  [-0.11912742477739613, 0.8696425711419951, -0.10283920860135513, -0.6371320285138595, -0.20538687966554328, 0.6603257255825042, -0.1941232422342659, -0.3693877628803455, -0.3715139958050302, 0.25044523235793226, 0.8832793716972669, -0.29603665305512306, -0.6268435376273748, -0.5669258954513302]
other derivatives: [ 0.46070272  0.66716166  0.47002686  2.39191286  1.14292423 -0.2293491
 -0.76961402]
Current x array =  [-0.71307194 -0.82880285 -0.5395507   0.57440833 -2.29573273 -0.86021434
 -1.87470671 -1.62485218 -0.96760725 -1.41164569 -1.52641026 -4.22467813
 -2.92557894 -0.92120803 -0.25147396 -0.70331234 -1.05369841 -3.26359541
 -1.50818227 -1.16994826 -1.2534585 ]
log likelihood =  -23878.449235155098
Edge derivatives =  [-0.22481385305043555, 0.9123651332796847, -0.3374912829322363, -0.7633743590259252, -0.15360029137874764, 0.5312260653474414, -0.1562397015579866, -0.4074517584553829, -0.5633805194844211, 0.29116834208017905, 0.8777231354357962, -0.14709847528279307, -0.2559627654512564, -0.33172068207447586]
other derivatives: [-0.4581816   0.21949745 -1.47727405  0.88322122  1.03823592 -0.02878369
 -0.71662191]
Current x array =  [-0.71295006 -0.82880978 -0.53910433  0.57642803 -2.29561766 -0.86236981
 -1.873847   -1.62379508 -0.96786727 -1.41039248 -1.5249434  -4.24002163
 -2.91998086 -0.92183956 -0.25103956 -0.702731   -1.05360468 -3.26235977
 -1.50905985 -1.1709483  -1.25424873]
log likelihood =  -23878.441966932252
Edge derivatives =  [-0.4097486792358731, 0.7159292774226191, -0.503024882459028, -0.7686572011072601, -0.10163722203666804, 0.4441289450716, -0.08648877524593657, -0.29762305134835987, -0.14098298229299405, 0.21719471571332383, 0.8896651472976602, 0.10679883705659221, 0.19501481331915427, -0.009087715532606186]
other derivatives: [ 0.58660953  1.01481055 -1.44992737 -0.46354398  0.36515842  0.18548599
 -0.53203116]
Current x array =  [-0.71305385 -0.82907358 -0.53901654  0.57824287 -2.29460857 -0.86372095
 -1.87447503 -1.62296318 -0.96666781 -1.40954923 -1.52518818 -4.25379812
 -2.91554251 -0.9222456  -0.25119505 -0.70350813 -1.05320419 -3.2612133
 -1.51020771 -1.1721481  -1.25525556]
log likelihood =  -23878.44809672711
Edge derivatives =  [-0.7343355564642198, 0.10768157825775337, -0.7448924179966847, -0.8977010648396837, -0.07536004810475652, 0.1905192637744572, -0.007131550027464906, -0.44401551906152803, -0.4723379289714833, -0.42353252717545126, 0.7746733930033988, 0.06682693008994511, 0.20820617291352972, 0.1272833600733608]
other derivatives: [-7.7144432  -8.24667222  0.50057497 -1.90656283 -0.75502752  0.5256843
 -0.36248627]
Current x array =  [-0.71208665 -0.82628753 -0.53940906  0.57970195 -2.29278269 -0.86611889
 -1.87497989 -1.62344909 -0.96472418 -1.40992822 -1.52546898 -4.27147096
 -2.90695953 -0.92347627 -0.25187724 -0.70366928 -1.05253742 -3.25627499
 -1.51110717 -1.17308609 -1.25652326]
log likelihood =  -23878.439074419624
Edge derivatives =  [-0.5270102697715193, 0.4963366039672952, -0.5903231227225337, -0.8151819410443402, -0.09196514453608307, 0.3530745715546303, -0.05761995790012031, -0.350204134117907, -0.26033046267206617, -0.013907529847828282, 0.8482908202966, 0.09259499132714133, 0.1999400643806114, 0.04041834707571192]
other derivatives: [-2.41101952 -2.3255634  -0.74467607 -0.98515375 -0.03986642  0.30863885
 -0.47068131]
Current x array =  [-0.71270413 -0.82806619 -0.53915847  0.57877045 -2.29394837 -0.864588
 -1.87465758 -1.62313887 -0.96596503 -1.40968626 -1.52528971 -4.26018829
 -2.91243906 -0.92269059 -0.25144172 -0.70356639 -1.0529631  -3.2594277
 -1.51053294 -1.17248726 -1.25571393]
log likelihood =  -23878.43494614899
Edge derivatives =  [-0.611716336761718, 0.2694620274881627, -0.5686821226608023, -0.7219072795014494, -0.07388832983008303, 0.32091346326462344, 0.04271545633364693, -0.1739306830517472, 0.1388858619544753, -0.12691678300014697, 0.8410484751273284, 0.20932603688034424, 0.3609948401071337, 0.1977645458577668]
other derivatives: [-0.85178544 -1.44835576  0.30704905 -1.20002369 -0.60391786  0.40478699
 -0.33869409]
Current x array =  [-0.71288762 -0.82825405 -0.53932863  0.57907482 -2.29308774 -0.86476798
 -1.87582058 -1.62331471 -0.96451144 -1.40986831 -1.52649786 -4.26484946
 -2.91066661 -0.92286352 -0.25194316 -0.70442059 -1.05263016 -3.2581651
 -1.51102706 -1.17293772 -1.25622494]
log likelihood =  -23878.42882636678
Edge derivatives =  [-0.6550232998284795, -0.07987802123934062, -0.4314474378684213, -0.5080990426861431, -0.06159144684569833, 0.25156802785006704, 0.27504937284449926, 0.1333937809104037, 0.4251522660333397, -0.27727065126815564, 0.7941556079991825, 0.3039966705000088, 0.47971723527695875, 0.3865000296465413]
other derivatives: [-0.10185977 -0.24500696  1.29835098 -0.85293141 -1.15760879  0.50140807
 -0.17878011]
Current x array =  [-0.71295389 -0.82853729 -0.53953325  0.57871228 -2.29229894 -0.86483908
 -1.87793907 -1.62433971 -0.96197083 -1.41059496 -1.52881119 -4.2692017
 -2.90769397 -0.92320812 -0.25270703 -0.70503676 -1.05223336 -3.25480278
 -1.5114765  -1.17329761 -1.25688229]
log likelihood =  -23878.42309550783
Edge derivatives =  [-0.5161060509085349, -0.46511041445471646, -0.06764475465692424, -0.13160637639487288, -0.051890283825793804, 0.06640433450514671, 0.7304542683550496, 0.6407775263886102, 0.14301373648516125, -0.38091652166762013, 0.631097217859222, 0.22130858339231518, 0.37765538096560947, 0.49370071480363253]
other derivatives: [ 6.38426718 -1.02315607  3.26292502 -0.74616401 -0.530319    0.55679266
 -0.12680172]
Current x array =  [-0.71387717 -0.82806499 -0.53976205  0.57812003 -2.29246878 -0.86513675
 -1.88053412 -1.62706715 -0.95880501 -1.41246773 -1.53201388 -4.27654101
 -2.90092926 -0.923822   -0.25353775 -0.70434953 -1.05201233 -3.24706999
 -1.51143441 -1.17308258 -1.25740419]
log likelihood =  -23878.416918234616
Edge derivatives =  [-0.3893735613968221, -0.6218946613000289, 0.16829352860305521, 0.08668405551581622, -0.04593850214347027, -0.027896285574824542, 0.9171108347093783, 0.8346952231003963, 0.11353921025695946, -0.38093963342011805, 0.5453670169195715, 0.17904105830883976, 0.28044574611464756, 0.5067240834301695]
other derivatives: [ 1.49964035  0.74058335  1.58555849  0.29279545 -0.64057401  0.56436693
 -0.07951339]
Current x array =  [-0.7131542  -0.82871996 -0.53962173  0.57712455 -2.29266708 -0.86509445
 -1.88223394 -1.62877797 -0.95694853 -1.41348378 -1.53397524 -4.27998216
 -2.89733029 -0.92392804 -0.2538386  -0.70419569 -1.05197818 -3.24253886
 -1.51142133 -1.17286049 -1.25756793]
log likelihood =  -23878.41424361999
Edge derivatives =  [-0.2517954111551295, -0.517515951409772, 0.24934092707196076, 0.11413743954178021, -0.048086913132857526, -0.080654328737553, 0.9013596251702031, 0.733577764955142, -0.18232213352269383, -0.2683823141397621, 0.4868014532585445, 0.06246637001313271, 0.09927826268678996, 0.36985966561309414]
other derivatives: [-0.07074414  0.49974551  0.25633199  0.67175279 -0.12927763  0.50893141
 -0.16361445]
Current x array =  [-0.71295504 -0.8287224  -0.53941716  0.57666219 -2.29347709 -0.86514897
 -1.88224315 -1.62965325 -0.95718789 -1.41375939 -1.53396474 -4.28079291
 -2.89565049 -0.92372553 -0.25341592 -0.70347495 -1.05226153 -3.24040047
 -1.51107853 -1.17237496 -1.25720889]
log likelihood =  -23878.412035789548
Edge derivatives =  [-0.10162204214519321, -0.3973587672780212, 0.31917611692672687, 0.1264610642768419, -0.04745452208578299, -0.13525599092103296, 0.7759547961598603, 0.493239116220222, -0.4014691227005549, -0.11975293658414732, 0.41778552641867084, -0.05987920958469961, -0.08684831058804532, 0.18951097950771953]
other derivatives: [-0.65123095  0.04468893 -0.65562563  0.67766086  0.39479726  0.42833926
 -0.25653071]
Current x array =  [-0.71289508 -0.82864988 -0.53924506  0.57660121 -2.29422785 -0.86494554
 -1.88241803 -1.63067094 -0.95755491 -1.41399022 -1.53403441 -4.28211568
 -2.89384278 -0.92311513 -0.25272181 -0.7029072  -1.05263764 -3.2379071
 -1.51073511 -1.17188744 -1.25672666]
log likelihood =  -23878.409260900717
Edge derivatives =  [0.03693269580810976, -0.32874154158709645, 0.3677372857859816, 0.1381843978216289, -0.044366653061304225, -0.18330240613871213, 0.4542793362942741, 0.05579083474055299, -0.35326314977772444, 0.028121497624243985, 0.33373008625657097, -0.15385177131236483, -0.2448221564616112, -0.029357810829997368]
other derivatives: [-0.84623753 -0.0895925  -0.50667222  0.38287544  0.55565246  0.31523814
 -0.30641498]
Current x array =  [-0.71286923 -0.82866398 -0.53924504  0.57691793 -2.29449936 -0.8640107
 -1.88351178 -1.63205521 -0.95767663 -1.41416034 -1.53478941 -4.2834915
 -2.89214343 -0.92171427 -0.25181379 -0.70295055 -1.05304616 -3.23453398
 -1.51051822 -1.17152836 -1.25615784]
log likelihood =  -23878.415508403283
Edge derivatives =  [0.18780487505685772, -0.1854430354350476, 0.3866151319591043, 0.19669702153906488, -0.019461782060588934, -0.2033334193000504, -0.2575879715151592, -0.24825276814020794, 0.5964130036304944, 0.24436681749818712, 0.23770003589241856, -0.06229855071928658, -0.026347864018616773, -0.1375334365546338]
other derivatives: [  1.41772034  -1.51548011 -10.36681351   0.52180985  -0.86979435
   0.16418562  -0.14814397]
Current x array =  [-0.71341122 -0.82803905 -0.53769495  0.5775026  -2.29311267 -0.86112153
 -1.88755309 -1.6341619  -0.95738153 -1.41366868 -1.53726132 -4.28678415
 -2.89046982 -0.91865454 -0.25155927 -0.70469137 -1.05316073 -3.22832811
 -1.5110324  -1.17205718 -1.25590921]
log likelihood =  -23878.408421370576
Edge derivatives =  [0.07565133653569878, -0.29199194308396836, 0.3726616583105669, 0.15329508168707848, -0.03796991838781556, -0.188389281841762, 0.2724966819310864, -0.02193434916590062, -0.10981709449863813, 0.08361726622623666, 0.3092820406297951, -0.13024886022871396, -0.18869808371971208, -0.056904084204794717]
other derivatives: [-0.26594716 -0.45423803 -3.02586341  0.41839303  0.19114045  0.27656642
 -0.2657734 ]
Current x array =  [-0.71300802 -0.82850395 -0.5388481   0.57706765 -2.29414426 -0.86327085
 -1.88454667 -1.63259469 -0.95760107 -1.41403444 -1.5354224  -4.28433467
 -2.89171486 -0.92093075 -0.25174861 -0.70339634 -1.0530755  -3.2329448
 -1.51064989 -1.17166377 -1.25609417]
log likelihood =  -23878.40651916709
Edge derivatives =  [0.14113705341993632, -0.27383034471487333, 0.34329702007405183, 0.1358419648682005, -0.03820932819819893, -0.19937851966878634, -0.13956012868952417, -0.44125225171376925, 0.12590914510380685, 0.15094212212457592, 0.2457206798951829, -0.1545282027753545, -0.253980428812701, -0.22998051136777392]
other derivatives: [-0.12313831 -0.28213981 -1.03707862  0.02056186  0.05421907  0.15835394
 -0.25179908]
Current x array =  [-0.71299743 -0.82857574 -0.53916625  0.57745616 -2.29393855 -0.86175653
 -1.88615009 -1.63375039 -0.95776708 -1.41390368 -1.5364033  -4.28417281
 -2.89134806 -0.91922634 -0.25111897 -0.7039437  -1.05334592 -3.23014704
 -1.51063344 -1.17160015 -1.25564741]
log likelihood =  -23878.40574813036
Edge derivatives =  [0.127296582921256, -0.2638150391272611, 0.28547358859352095, 0.12391201315534617, -0.03917152787774457, -0.18788245263974052, -0.2587211869866366, -0.4116426881420077, 0.2377879894341388, 0.1215172487279571, 0.23660045805934762, -0.10692841017407595, -0.1774798785743168, -0.21125690563895144]
other derivatives: [ 0.0581058  -0.14973193 -0.28372597 -0.06455957 -0.08178792  0.12714736
 -0.19887841]
Current x array =  [-0.7130088  -0.82859302 -0.53930327  0.57753301 -2.29368851 -0.86099583
 -1.88701534 -1.63396393 -0.9579462  -1.41357775 -1.5367648  -4.28373617
 -2.8917702  -0.91870814 -0.25133567 -0.70421838 -1.05328788 -3.22930212
 -1.51080013 -1.17184182 -1.25570771]
log likelihood =  -23878.404563880693
Edge derivatives =  [0.09943906816033321, -0.18322505620951168, 0.14795351160091402, 0.10120599621697901, -0.04287841374614673, -0.16179332927154128, -0.3873479163363803, -0.14542496600507948, 0.31190756230279515, 0.0458978081154956, 0.22444917213919913, 0.005079169633637415, 0.019392670102980736, -0.10955832520847236]
other derivatives: [ 0.35061021  0.13254612  0.55974306 -0.06877963 -0.20192945  0.07173367
 -0.08440114]
Current x array =  [-0.71302823 -0.8286259  -0.53947657  0.57749496 -2.29335792 -0.85952373
 -1.88866311 -1.63420002 -0.95863342 -1.41270184 -1.53718336 -4.28267845
 -2.89282449 -0.91806898 -0.25212008 -0.70441887 -1.05307925 -3.22764486
 -1.51116701 -1.1724083  -1.2559952 ]
log likelihood =  -23878.40381180156
Edge derivatives =  [0.09014268717156515, -0.0956447882963849, 0.04851608840194979, 0.09972781719660881, -0.04629455177539199, -0.16268138735349685, -0.3574205923487751, 0.096960445353716, 0.16332105453197612, -0.022188121454814302, 0.19632545278204913, 0.05280200071722452, 0.10928708424748468, -0.024743969159970666]
other derivatives: [-0.05420952 -0.21969026  0.62706749 -0.05352922 -0.13221212  0.03259629
 -0.0104123 ]
Current x array =  [-0.71297564 -0.82849961 -0.5395091   0.57743255 -2.29331252 -0.85857136
 -1.88986454 -1.6344089  -0.95926477 -1.41202302 -1.53732929 -4.28271406
 -2.89309242 -0.91808664 -0.25270706 -0.70413104 -1.05290131 -3.22567489
 -1.51136218 -1.17269512 -1.25628188]
log likelihood =  -23878.40470270843
Edge derivatives =  [0.18405892896218345, 0.30268812991530514, -0.07040304959569771, 0.1064772176425383, -0.04700673739987427, -0.13525542692933318, -0.1917563695233533, 0.40400902395110727, -0.1141717221282913, 0.09050376424862239, 0.15558556111882854, 0.11260586454517418, 0.20730887794759933, 0.08778963706657164]
other derivatives: [ 1.53908331  2.85007991 -0.4590438   0.34422192  0.09655343 -0.08340066
  0.04512846]
Current x array =  [-0.71313507 -0.82944564 -0.53932671  0.57710761 -2.29371026 -0.85699377
 -1.89128148 -1.6344712  -0.9611819  -1.41060868 -1.53667677 -4.28181001
 -2.89425484 -0.91850521 -0.25303033 -0.70327111 -1.0528417  -3.2225302
 -1.51142971 -1.17277064 -1.25649823]
log likelihood =  -23878.4035122289
Edge derivatives =  [0.12150808132244006, 0.0375161313099206, 0.008831287606581889, 0.10199389762588239, -0.04653151308117518, -0.15350276914974842, -0.30205683198122724, 0.19955911564414147, 0.07067861734225098, 0.015476903298602518, 0.1827529121932728, 0.07280782884214898, 0.1420548353237605, 0.012877170746584942]
other derivatives: [ 0.47818685  0.80650716  0.26431007  0.07931521 -0.05576781 -0.00612636
  0.00815031]
Current x array =  [-0.71302889 -0.82881558 -0.53944818  0.57732402 -2.29344537 -0.85804444
 -1.8903378  -1.63442971 -0.95990509 -1.41155063 -1.53711135 -4.28241211
 -2.89348067 -0.91822644 -0.25281503 -0.70384382 -1.0528814  -3.22462456
 -1.51138473 -1.17272034 -1.25635414]
log likelihood =  -23878.403137582485
Edge derivatives =  [0.10810186172507752, 0.12579584635421903, -0.06585275384658883, 0.07976640399747426, -0.04901676359860236, -0.15162564978281168, -0.21260020560896142, 0.2469585407206329, -0.11906456629782955, -0.011487509028577647, 0.16672485727728747, 0.06446267166866804, 0.12659395561326203, 0.04099065603113984]
other derivatives: [-0.29243529  0.16577178 -0.14004763  0.04368485  0.04686511 -0.02893648
  0.02563075]
Current x array =  [-0.7129406  -0.82863883 -0.53938338  0.57735862 -2.29355538 -0.85770402
 -1.89061489 -1.63426184 -0.96054493 -1.41107371 -1.53671406 -4.28244257
 -2.8938616  -0.91866234 -0.25289254 -0.70345795 -1.05281407 -3.22375792
 -1.51138345 -1.17270892 -1.25647697]
log likelihood =  -23878.402979317547
Edge derivatives =  [0.10482767438201357, 0.1572508655494811, -0.08232872592299166, 0.07342756363282292, -0.049242596192026186, -0.1525445001299154, -0.13565826676832282, 0.19726382573928677, -0.20554514135318527, -0.004824283247342409, 0.1555794816993175, 0.03853194266544424, 0.07435104719476293, 0.03297274196204628]
other derivatives: [ 0.1228691  -0.16304693 -0.18722858  0.02249362  0.14381435 -0.03765308
  0.01593315]
Current x array =  [-0.71301133 -0.82853556 -0.53935636  0.57735401 -2.29367104 -0.85770482
 -1.89055318 -1.63413629 -0.96076496 -1.41096251 -1.53642321 -4.28257455
 -2.89396578 -0.91902485 -0.25272869 -0.70326452 -1.05282377 -3.22337903
 -1.5113012  -1.17256863 -1.25647067]
log likelihood =  -23878.402789323864
Edge derivatives =  [0.09446479089585424, 0.19601875071053199, -0.10031181552631761, 0.05850684734884665, -0.048285738226866465, -0.14640014809275015, -0.03755573721753225, -0.0043809370334238484, -0.2388119489113187, 0.01944704721467927, 0.13656608622102245, -0.013784188997994828, -0.04034797558959058, -0.01000883145951331]
other derivatives: [-0.64370033 -0.27157876 -0.57845682  0.05010588  0.08225915 -0.05581751
  0.00456456]
Current x array =  [-0.71291489 -0.82854563 -0.53928732  0.57738573 -2.29372818 -0.85764424
 -1.89049734 -1.63388889 -0.96099954 -1.41084215 -1.53596796 -4.28266229
 -2.89435272 -0.91957985 -0.25224495 -0.70318374 -1.05287248 -3.22270611
 -1.51114014 -1.17227835 -1.25639127]
log likelihood =  -23878.402584298674
Edge derivatives =  [0.0705381834292107, 0.17883767855875132, -0.1062897894893067, 0.056796629353522365, -0.04640656419815957, -0.13842949362665202, 0.029825711770364582, -0.09003019375878421, -0.1702628628319975, 0.017967565098764404, 0.12591973057146125, -0.027736980928063426, -0.0798275704700303, -0.015774461982554628]
other derivatives: [-0.0519467  -0.2531815  -0.33015021  0.03467721  0.00929779 -0.05632683
  0.01475518]
Current x array =  [-0.71299904 -0.82853961 -0.53931377  0.57740366 -2.29364613 -0.85758982
 -1.890592   -1.63371016 -0.96092989 -1.41082892 -1.53580228 -4.28278163
 -2.89466809 -0.9199134  -0.25205418 -0.7033246  -1.05285412 -3.22222145
 -1.51109459 -1.17217942 -1.25639611]
log likelihood =  -23878.40238171711
Edge derivatives =  [0.03159490089154171, 0.1376624349086213, -0.11465679034187364, 0.056489235793673015, -0.043066044696691334, -0.12327817876786208, 0.09072496460448232, -0.1694007243428287, -0.0008935637092940263, 0.006111701366423028, 0.10906552611877338, -0.028979213795287118, -0.09931648489842282, -0.013674280304107072]
other derivatives: [ 0.29471266 -0.06159826  0.05163747  0.01058652 -0.15027614 -0.05874608
  0.04921237]
Current x array =  [-0.71304081 -0.8285895  -0.5393707   0.57745274 -2.29345261 -0.85735108
 -1.8909777  -1.63351868 -0.96071889 -1.41081369 -1.53571995 -4.28295294
 -2.8952046  -0.9202159  -0.25191344 -0.70368159 -1.05279948 -3.22125409
 -1.51109726 -1.17215046 -1.25643656]
log likelihood =  -23878.402254117922
Edge derivatives =  [0.009758163976378409, 0.10439270638782405, -0.10801856581164972, 0.05747050312427661, -0.040685517693695356, -0.11314793149663688, 0.13210488059050363, -0.143106591459279, 0.08709489322491745, -0.0006763095654640505, 0.09788532333309982, -0.022978828921247807, -0.08782308065101596, -0.002285766613844463]
other derivatives: [ 0.24002293  0.04567846  0.28040813 -0.02444722 -0.13064676 -0.05751281
  0.0706555 ]
Current x array =  [-0.71302392 -0.82862809 -0.53940468  0.57748699 -2.29344533 -0.85725004
 -1.89118986 -1.63338955 -0.96051647 -1.41086683 -1.53563222 -4.28316423
 -2.89555596 -0.92037828 -0.25195303 -0.70385205 -1.05275547 -3.22054039
 -1.51111812 -1.17219482 -1.2564848 ]
log likelihood =  -23878.402061506706
Edge derivatives =  [-0.030688754956410325, 0.025563092079082583, -0.06857636177335992, 0.055924977950201904, -0.033517115387739646, -0.08466988041727405, 0.1703161695067722, -0.04183965041978828, 0.3038372936620096, 0.005845443873902845, 0.07060846404767102, 0.000797648489555769, -0.01953285364421553, 0.022565380954887415]
other derivatives: [ 0.24197288  0.08965435 -0.39768565 -0.04452158 -0.13768062 -0.05579204
  0.11891789]
Current x array =  [-0.71302865 -0.82864423 -0.53928745  0.5775642  -2.29341186 -0.85700227
 -1.89170916 -1.63312177 -0.95990115 -1.41109674 -1.53544004 -4.28374258
 -2.89648262 -0.92051411 -0.2521226  -0.70423385 -1.05265136 -3.21865006
 -1.51120216 -1.1723935  -1.25658425]
log likelihood =  -23878.40192834805
Edge derivatives =  [-0.06238559007969058, -0.04371817492417551, -0.04796603384277619, 0.03315922178936692, -0.031164680244416147, -0.07145771217825081, 0.21208697424537293, 0.09506146781358299, 0.20374439427240054, -0.01837128022240475, 0.03442259426986892, 0.004656991723310133, 0.011719293968032063, 0.03466424101462367]
other derivatives: [-0.39866427  0.17254206  0.82088081 -0.13659155  0.16959249 -0.05690163
  0.13270329]
Current x array =  [-0.71290713 -0.8287181  -0.53947033  0.57756046 -2.29370134 -0.85694062
 -1.89192133 -1.63291837 -0.9595357  -1.41131941 -1.53500742 -4.28455603
 -2.89715184 -0.92065704 -0.25234488 -0.70400189 -1.05257459 -3.21666683
 -1.51123123 -1.17254356 -1.2566652 ]
log likelihood =  -23878.401782596786
Edge derivatives =  [-0.04554713111664421, -0.03718485407761429, -0.02828214515863829, 0.03049381681524256, -0.03136880900925815, -0.07465909159711215, 0.17157354794696655, 0.07387372368632633, 0.15475988580970235, 0.00025428952093786705, 0.04058128853341844, -0.0020630598116826437, 0.008125945845604887, 0.019421159681187024]
other derivatives: [-0.22787935  0.08644929  0.23898247 -0.07657218  0.14048682 -0.05282709
  0.11036833]
Current x array =  [-0.71294568 -0.8286868  -0.53937375  0.57752223 -2.29372127 -0.85711907
 -1.89166552 -1.63296757 -0.95950682 -1.41142592 -1.53500278 -4.28453892
 -2.89700395 -0.92050547 -0.25228988 -0.7038855  -1.05261119 -3.21705376
 -1.51120645 -1.17251704 -1.25660907]
log likelihood =  -23878.401661966273
Edge derivatives =  [-0.032637013844893925, -0.052529126398255466, 0.007622591914695248, 0.012435329720713761, -0.030774801238294024, -0.07372945475203692, 0.11208601885810954, 0.0601578489411211, 0.030107782858689675, 0.018677307067087145, 0.03427625333361285, -0.014186905482294065, 0.006563597406192612, -0.005405512839546156]
other derivatives: [-7.04822014e-02 -3.15485522e-02 -2.55022314e-01  2.03726813e-04
  1.46435393e-01 -4.71118256e-02  7.86208716e-02]
Current x array =  [-0.7129829  -0.82865664 -0.53928389  0.57745281 -2.29380737 -0.85737017
 -1.89133932 -1.63296684 -0.9593351  -1.4116749  -1.53480847 -4.28483875
 -2.89708056 -0.92030259 -0.25223799 -0.70360049 -1.05263784 -3.21681992
 -1.51117436 -1.17251751 -1.25654443]
log likelihood =  -23878.40160572614
Edge derivatives =  [-0.03581424656267762, -0.07143928815571399, 0.02052879369952157, -0.007906685210029976, -0.030069893394438347, -0.0687835462954801, 0.06889151461131438, 0.034700849085230426, -0.041917643774328994, 0.015368577954119167, 0.02287205248471244, -0.019536355426704288, 0.004910925681498757, -0.018868229031656702]
other derivatives: [-0.02142042 -0.06882692 -0.26341877  0.03165042  0.09231538 -0.04369576
  0.06698931]
Current x array =  [-0.71299483 -0.82865054 -0.5392777   0.57742502 -2.29379103 -0.85745492
 -1.89123616 -1.63293872 -0.95921985 -1.41181042 -1.53463848 -4.28512429
 -2.89733402 -0.92018196 -0.25220211 -0.70345087 -1.05262645 -3.21626084
 -1.51117415 -1.17253987 -1.25653169]
log likelihood =  -23878.40152239544
Edge derivatives =  [-0.022028038079435985, -0.05867546626923725, 0.03576607428996706, -0.036619377382594076, -0.027469138125267935, -0.05334818789693507, -0.009070908690926527, -0.02248453265895395, -0.06638462165241474, 0.01697717139115429, 0.004041299026387141, -0.016988662446556058, -0.0022617961428536004, -0.02556695180648741]
other derivatives: [ 0.19577419  0.18961146 -0.11338489 -0.00282671  0.01017132 -0.03961395
  0.04853584]
Current x array =  [-0.71301878 -0.82873517 -0.53929569  0.57748233 -2.29373845 -0.8575778
 -1.89102675 -1.63298271 -0.95928363 -1.41192198 -1.53441643 -4.28557096
 -2.89792657 -0.919937   -0.25210237 -0.70339298 -1.05260836 -3.21524355
 -1.51121143 -1.17255577 -1.2565582 ]
log likelihood =  -23878.401484735303
Edge derivatives =  [-0.02432543303717427, -0.06451303966055222, 0.030848706810561094, -0.06418166280778644, -0.025949610654673508, -0.040516936247431606, -0.07962215798949113, -0.08894358810891814, -0.04598421418483212, -0.010350967717036474, -0.010326346047438081, -0.014947475522496756, -0.01791008139555772, -0.03002581128301044]
other derivatives: [ 0.00584259 -0.16920603  0.12850796 -0.05246693 -0.07582932 -0.02955858
  0.0404463 ]
Current x array =  [-0.71299911 -0.8286211  -0.53934055  0.57752484 -2.29363118 -0.85770153
 -1.89084287 -1.63303633 -0.95936133 -1.41197659 -1.53431972 -4.28591255
 -2.89845209 -0.91974665 -0.25204813 -0.70348181 -1.05257295 -3.21450971
 -1.51126788 -1.17258023 -1.25661131]
      fun: 23878.401484735303
 hess_inv: <21x21 LbfgsInvHessProduct with dtype=float64>
      jac: array([-0.00584259,  0.16920603, -0.12850796,  0.05246693,  0.07582932,
        0.02955858, -0.0404463 ,  0.02432543,  0.06451304, -0.03084871,
        0.06418166,  0.02594961,  0.04051694,  0.07962216,  0.08894359,
        0.04598421,  0.01035097,  0.01032635,  0.01494748,  0.01791008,
        0.03002581])
  message: 'CONVERGENCE: REL_REDUCTION_OF_F_<=_FACTR*EPSMCH'
     nfev: 88
      nit: 77
     njev: 88
   status: 0
  success: True
        x: array([-0.71299911, -0.8286211 , -0.53934055,  0.57752484, -2.29363118,
       -0.85770153, -1.89084287, -1.63303633, -0.95936133, -1.41197659,
       -1.53431972, -4.28591255, -2.89845209, -0.91974665, -0.25204813,
       -0.70348181, -1.05257295, -3.21450971, -1.51126788, -1.17258023,
       -1.25661131])
