number of sites to be analyzed:  185
log likelihood =  -1615.6149225177073
Lr derivatives =  [180.317297792279, 31.140181962836067, -34.538288527077725]
other derivatives =  [ 43.95587644   3.21935431   6.37750236 -52.63213893  68.23483045
  -0.        ]
Current x_clock array =  [-0.66157868 -0.58974389 -0.81409979  0.18232156 -0.10536052  0.33647224
 -0.51082562 -0.51082562 -0.51082562]
log likelihood =  -1529.7721663374614
Lr derivatives =  [-16.176269801753726, -58.630106634221136, -81.18060851616902]
other derivatives =  [-96.03038143  -8.1954513    3.87248497 -42.90065726  55.61293437
  -0.        ]
Current x_clock array =  [-0.87602585 -0.60545012 -0.84521366  0.43909754 -0.43825722  0.33647224
 -1.39053814 -0.55712038 -0.50833346]
log likelihood =  -1477.7462044216932
Lr derivatives =  [-25.637503862421894, -49.8658804182569, -66.776704170586]
other derivatives =  [ 37.04148799  -4.2054196    0.18175615 -33.63032056  44.02048489
  -0.        ]
Current x_clock array =  [-0.65461039 -0.58575443 -0.86639328  0.64664531 -0.70731554  0.33647224
 -1.61315819 -0.39831999 -0.26066978]
log likelihood =  -1436.8121768611122
Lr derivatives =  [-30.457513292964276, -25.538613127109627, 27.889814191439655]
other derivatives =  [ 81.15693618   7.77862761  -4.13795669 -17.30511768  23.93264402
  -0.        ]
Current x_clock array =  [-0.60648742 -0.55174027 -0.89476396  1.03967087 -1.21846849  0.33647224
 -1.90396831 -0.04498254  0.        ]
log likelihood =  -1425.5792504807232
Lr derivatives =  [-21.038745025563045, -17.522840645631987, -31.356115028890496]
other derivatives =  [-17.38267974   1.93293749  -1.06370044  -9.4806798   14.43156362
  -0.        ]
Current x_clock array =  [-0.72215357 -0.57048158 -0.88786064  1.19089115 -1.42028818  0.33647224
 -1.82190074  0.         -0.05861352]
log likelihood =  -1421.5640509939208
Lr derivatives =  [-10.241081499990958, -10.153793048539084, -20.941882677131904]
other derivatives =  [-22.45226415  -1.55569478  -0.34702407  -6.58069804  10.78279751
  -0.        ]
Current x_clock array =  [-0.73254871 -0.580062   -0.88335343  1.27022464 -1.52880196  0.33647224
 -1.7416922   0.         -0.0219996 ]
log likelihood =  -1418.158591717913
Lr derivatives =  [2.47301491304723, -2.0998390462468572, -0.18658283806871623]
other derivatives =  [ 3.14388899  6.7556648   1.14212366  0.15625281  0.90932863 -0.        ]
Current x_clock array =  [-0.69457792 -0.56125247 -0.87918955  1.47683714 -1.82058393  0.33647224
 -1.65051343  0.          0.        ]
log likelihood =  -1418.1308275409842
Lr derivatives =  [0.04248050059820585, -3.4953405539948226, 1.726448317640461]
other derivatives =  [ 1.91619415 -6.62765569 -0.27725355  0.55988971  0.34514121 -0.        ]
Current x_clock array =  [-0.69615314 -0.58993891 -0.88480779  1.4834283  -1.83445855  0.33647224
 -1.66405944  0.          0.        ]
log likelihood =  -1418.086045415301
Lr derivatives =  [0.09714776607253839, -3.506969748192402, -17.215280179073137]
other derivatives =  [ 0.20455832 -0.42199304  0.15156093  0.47047932  0.43810634 -0.        ]
Current x_clock array =  [-6.98246457e-01 -5.76134110e-01 -8.83479205e-01  1.48106559e+00
 -1.83153306e+00  3.36472237e-01 -1.66423439e+00  0.00000000e+00
 -3.87032472e-04]
log likelihood =  -1418.0793161469596
Lr derivatives =  [0.04798698306306548, -3.5346582536355733, 1.7433421817258932]
other derivatives =  [-0.07735434  0.55025339  0.20783932  0.49264975  0.39419207 -0.        ]
Current x_clock array =  [-0.69857141 -0.5740137  -0.88335399  1.4817885  -1.83287925  0.33647224
 -1.66463699  0.          0.        ]
log likelihood =  -1418.0793192956555
Lr derivatives =  [0.07018097210884378, -3.5156794623448793, 1.722787601465825]
other derivatives =  [ 0.18309947 -0.36704841  0.15524211  0.47752613  0.42775699 -0.        ]
Current x_clock array =  [-0.69827605 -0.57600876 -0.88347828  1.48135344 -1.83192521  0.33647224
 -1.66445539  0.          0.        ]
log likelihood =  -1418.0790731974025
Lr derivatives =  [0.0589770466851256, -3.5252425397739966, 1.733133103698492]
other derivatives =  [ 0.05234779  0.09250471  0.18164451  0.48511825  0.4109079  -0.        ]
Current x_clock array =  [-0.69842429 -0.57500747 -0.8834159   1.48157179 -1.83240403  0.33647224
 -1.66454653  0.          0.        ]
log likelihood =  -1418.0804075676785
Lr derivatives =  [-0.08777351880095807, -3.6182646817591695, -17.246547262919677]
other derivatives =  [ 0.06138089  0.00979207  0.06253185  0.53945647  0.26533982 -0.        ]
Current x_clock array =  [-6.98329096e-01 -5.75141334e-01 -8.83978717e-01  1.48268871e+00
 -1.83673475e+00  3.36472237e-01 -1.66535979e+00  0.00000000e+00
 -1.34366542e-04]
log likelihood =  -1418.079214446339
Lr derivatives =  [0.03403768633026871, -3.5410766422111757, -17.151470937965247]
other derivatives =  [ 0.05389052  0.07851736  0.16150511  0.49429697  0.3863037  -0.        ]
Current x_clock array =  [-6.98408202e-01 -5.75030086e-01 -8.83510998e-01  1.48176051e+00
 -1.83313577e+00  3.36472237e-01 -1.66468395e+00  0.00000000e+00
 -2.27033780e-05]
log likelihood =  -1418.079079828758
Lr derivatives =  [0.05380735273449844, -3.528549515473411, -17.136025419376136]
other derivatives =  [ 0.05267771  0.08966867  0.1775727   0.4869665   0.4059405  -0.        ]
Current x_clock array =  [-6.98421033e-01 -5.75012043e-01 -8.83435136e-01  1.48160996e+00
 -1.83255204e+00  3.36472237e-01 -1.66457433e+00  0.00000000e+00
 -4.59219699e-06]
log likelihood =  -1418.0790591682342
Lr derivatives =  [0.057074419015322064, -3.5264793343615315, -17.13347254645823]
other derivatives =  [ 0.05247762  0.09151131  0.18022774  0.48575523  0.40918563 -0.        ]
Current x_clock array =  [-6.98423153e-01 -5.75009061e-01 -8.83422601e-01  1.48158509e+00
 -1.83245558e+00  3.36472237e-01 -1.66455621e+00  0.00000000e+00
 -1.59951453e-06]
log likelihood =  -1418.077747340858
Lr derivatives =  [-0.16463897525292026, -3.6640906910924667, 1.914349923026748]
other derivatives =  [ 0.18544233 -0.04563663 -0.08328493  0.57611199  0.13023207 -0.        ]
Current x_clock array =  [-0.69811098 -0.57522415 -0.88461829  1.48339034 -1.84101666  0.33647224
 -1.66578792  0.          0.        ]
log likelihood =  -1418.076682046967
Lr derivatives =  [-0.22606815710015837, -3.702606392217052, 1.964372131624259]
other derivatives =  [ 0.05727429 -0.02875663 -0.19618824  0.5060444   0.17012018 -0.        ]
Current x_clock array =  [-0.69832431 -0.57519612 -0.88504773  1.48090804 -1.8400475   0.33647224
 -1.66629577  0.          0.        ]
log likelihood =  -1418.0717793628087
Lr derivatives =  [-0.2956176148941374, -3.741561769715599, 2.01860075321747]
other derivatives =  [ 0.00582531  0.01826402  0.07001358  0.10605938  0.15242818 -0.        ]
Current x_clock array =  [-0.69861336 -0.57519845 -0.88402203  1.46595566 -1.84256466  0.33647224
 -1.66689429  0.          0.        ]
log likelihood =  -1418.0753411940532
Lr derivatives =  [0.5624922956075693, -3.229957023725803, -17.145843163524056]
other derivatives =  [-1.7712041  -0.17208481 -0.71235536 -0.03318081 -0.02164091 -0.        ]
Current x_clock array =  [-7.01442983e-01 -5.75850883e-01 -8.86918501e-01  1.45924714e+00
 -1.85026456e+00  3.36472237e-01 -1.66055538e+00  0.00000000e+00
 -3.38538795e-07]
log likelihood =  -1418.0712309132425
Lr derivatives =  [-0.06902948831588773, -3.6064919635709876, -17.16030840441441]
other derivatives =  [-0.46666105 -0.03202103 -0.13701629  0.06921276  0.10623639 -0.        ]
Current x_clock array =  [-6.99361955e-01 -5.75371055e-01 -8.84788315e-01  1.46418087e+00
 -1.84460173e+00  3.36472237e-01 -1.66521728e+00  0.00000000e+00
 -8.95629748e-08]
log likelihood =  -1418.070832253312
Lr derivatives =  [-0.07417252826136789, -3.6081834088721645, 1.8412038116366602]
other derivatives =  [-0.2576478  -0.03321202  0.00429554  0.00637848  0.02833806 -0.        ]
Current x_clock array =  [-0.69909431 -0.57538351 -0.88427313  1.46156206 -1.84745306  0.33647224
 -1.66521245  0.          0.        ]
log likelihood =  -1418.0707680741652
Lr derivatives =  [-0.05236666773417298, -3.5945107422005873, -17.167513255996433]
other derivatives =  [-0.1411031  -0.03383252  0.06252844  0.00236834 -0.00798442 -0.        ]
Current x_clock array =  [-6.98933588e-01 -5.75385751e-01 -8.84057933e-01  1.46129776e+00
 -1.84868155e+00  3.36472237e-01 -1.66503517e+00  0.00000000e+00
 -5.98422545e-07]
log likelihood =  -1418.0707786265018
Lr derivatives =  [-0.032092404658030205, -3.582152867725548, 1.807143235055264]
other derivatives =  [-0.1222611  -0.0342643   0.06894061  0.00673406 -0.01582458 -0.        ]
Current x_clock array =  [-0.69890864 -0.57538823 -0.8840318   1.46143759 -1.84893883  0.33647224
 -1.66488808  0.          0.        ]
log likelihood =  -1418.0707655172116
Lr derivatives =  [-0.049327008022896024, -3.592663247169405, -17.16756856018715]
other derivatives =  [-0.1382532  -0.03389914  0.06349774  0.00302616 -0.00916729 -0.        ]
Current x_clock array =  [-6.98929819e-01 -5.75386125e-01 -8.84053983e-01  1.46131889e+00
 -1.84872043e+00  3.36472237e-01 -1.66501295e+00  0.00000000e+00
 -5.08002094e-07]
log likelihood =  -1418.0707590943464
Lr derivatives =  [-0.04078807145894103, -3.587473305074952, -17.167723555071404]
other derivatives =  [-0.13024601 -0.03408582  0.06622076  0.0048749  -0.01248998 -0.        ]
Current x_clock array =  [-6.98919231e-01 -5.75387177e-01 -8.84042890e-01  1.46137824e+00
 -1.84882963e+00  3.36472237e-01 -1.66495051e+00  0.00000000e+00
 -2.54001047e-07]
log likelihood =  -1418.0708587344307
Lr derivatives =  [0.06438870736248603, -3.527557506126755, 1.731586962705478]
other derivatives =  [ 0.25373697  0.07001654 -0.14118064 -0.01890793  0.02935547 -0.        ]
Current x_clock array =  [-0.69842393 -0.57515137 -0.88478765  1.46106267 -1.84783576  0.33647224
 -1.66445548  0.          0.        ]
log likelihood =  -1418.0707326134727
Lr derivatives =  [-0.011354721133855605, -3.570718257472524, -17.15417579168934]
other derivatives =  [-0.02263528 -0.00491923  0.00804971 -0.00179436 -0.00075596 -0.        ]
Current x_clock array =  [-6.98780366e-01 -5.75321064e-01 -8.84251692e-01  1.46128976e+00
 -1.84855098e+00  3.36472237e-01 -1.66481172e+00  0.00000000e+00
 -1.82788444e-07]
log likelihood =  -1418.0707533624307
Lr derivatives =  [-7.056545257810853e-05, -3.56401673318289, 1.7820639186538756]
other derivatives =  [ 1.32104105e-04 -1.13686838e-06 -1.38015821e-04 -1.18247428e-04
 -1.25338794e-04 -0.00000000e+00]
Current x_clock array =  [-0.69875011 -0.57531009 -0.88427985  1.46137633 -1.84854001  0.33647224
 -1.66474356  0.          0.        ]
log likelihood =  -1418.0707324320517
Lr derivatives =  [-0.010951327420446688, -3.5704800426920253, -17.154099409179217]
other derivatives =  [-0.02180855 -0.0047412   0.00775321 -0.00173398 -0.00073272 -0.        ]
Current x_clock array =  [-6.98779269e-01 -5.75320667e-01 -8.84252713e-01  1.46129290e+00
 -1.84855059e+00  3.36472237e-01 -1.66480925e+00  0.00000000e+00
 -1.76161962e-07]
log likelihood =  -1418.070730255717
Lr derivatives =  [-0.00558923711628978, -3.567313585586314, -17.153084060112768]
other derivatives =  [-0.01082753 -0.0023756   0.00380896 -0.00093138 -0.00042288 -0.        ]
Current x_clock array =  [-6.98764691e-01 -5.75315380e-01 -8.84266283e-01  1.46133462e+00
 -1.84854530e+00  3.36472237e-01 -1.66477641e+00  0.00000000e+00
 -8.80809812e-08]
      fun: 1418.070730255717
 hess_inv: <9x9 LbfgsInvHessProduct with dtype=float64>
      jac: array([-1.08275344e-02, -2.37560016e-03,  3.80896381e-03, -9.31380674e-04,
       -4.22878843e-04, -0.00000000e+00, -5.58923712e-03, -3.56731359e+00,
       -1.71530841e+01])
  message: 'CONVERGENCE: REL_REDUCTION_OF_F_<=_FACTR*EPSMCH'
     nfev: 31
      nit: 20
     njev: 31
   status: 0
  success: True
        x: array([-6.98764691e-01, -5.75315380e-01, -8.84266283e-01,  1.46133462e+00,
       -1.84854530e+00,  3.36472237e-01, -1.66477641e+00,  0.00000000e+00,
       -8.80809812e-08])
