number of sites to be analyzed:  304
log likelihood =  -10523.695065093365
Edge derivatives =  [102.27579359517458, 17.732518979183535, 56.84395480830055, 64.71621305518623, -35.137108185991025, -37.19570924371699, 146.29276829125968, 165.43244699169003, 34.082410373168614, 16.07072306334102, -19.717649550355514, 7.624875489936434, -28.805216741988914, -7.603996385825611, 103.6397367271587, 71.89107016976155]
other derivatives: [  42.27426871   97.84630674 -168.32355686  240.95828849 -657.73842289
 -114.51765749 -258.87619813]
Current x array =  [-0.71045293 -0.72123181 -0.50913608  0.18232156 -0.10536052 -0.22314355
  0.33647224 -2.30258509 -2.30258509 -2.30258509 -2.30258509 -2.30258509
 -2.30258509 -2.30258509 -2.30258509 -2.30258509 -2.30258509 -2.30258509
 -2.30258509 -2.30258509 -2.30258509 -2.30258509 -2.30258509]
log likelihood =  -9968.901187832276
Edge derivatives =  [93.05973505368274, 25.019600982858147, 71.73180001558953, 79.35224973753687, -17.05078896644184, -16.676126086597414, 164.76888621450357, 179.4203204039821, 48.666609014139496, 32.34501766686491, -1.3829170689569088, 25.73634460367401, -9.229811166564799, 9.15166164879668, 121.61770570915326, 89.24885403427082]
other derivatives: [ 160.44979748  111.68660785   47.56248381  178.21026267 -355.36075484
  -49.36605183  -99.5606224 ]
Current x array =  [-0.70955894 -0.72032324 -0.73697777  0.1956107  -0.99567106 -0.37815392
 -0.01394094 -2.29405395 -2.27858247 -2.29405395 -2.29405395 -2.35014646
 -2.35293297 -2.29405395 -2.29405395 -2.29405395 -2.29405395 -2.32927478
 -2.29405395 -2.34157565 -2.31287781 -2.29405395 -2.29405395]
log likelihood =  -10383.363259057998
Edge derivatives =  [77.91272570303951, 25.869001739544263, 72.63837954271834, 73.23702252919328, -5.918755393013113, -6.355029007999621, 147.86920326050577, 163.89055053788155, 50.08937839693524, 39.71193488355939, 8.420280964565764, 32.851473540610925, 3.9707263207284553, 13.257389149790658, 117.27732847723574, 82.67209995127976]
other derivatives: [-6584.51656818    31.48254473  -219.36388111  -219.37704878
   166.3864517    -15.97227492   -25.58088818]
Current x array =  [-0.15713729 -0.4653574  -0.5410917   0.45747273 -2.36034095 -0.56653638
 -0.39242614 -2.11040754 -2.18102595 -2.10805637 -2.09301647 -2.41544084
 -2.41664648 -1.91178124 -1.89047025 -2.15560278 -2.18562968 -2.3336997
 -2.19559796 -2.37641517 -2.27646619 -2.00059994 -2.06769345]
log likelihood =  -9709.41986953991
Edge derivatives =  [84.68277757014762, 26.48220363493064, 73.9530839221536, 78.91397232313166, -11.089634617515145, -10.843260768682885, 158.07236624496494, 173.61191178816333, 49.91527866866649, 35.00754311706125, 4.379324487610711, 26.901359419873422, -3.1802357484792143, 12.067010705583742, 119.8499448347335, 86.8526933523402]
other derivatives: [-619.19694781   49.09637755  -38.11562237   76.42501441 -135.69329945
  -34.817087    -74.69897537]
Current x array =  [-0.47118509 -0.61030367 -0.65245155  0.30860602 -1.58453577 -0.45944228
 -0.17725998 -2.21480923 -2.23648614 -2.21379468 -2.20730486 -2.37832145
 -2.3804258  -2.12910057 -2.11990473 -2.23431129 -2.24726811 -2.33118416
 -2.2515695  -2.35660915 -2.29716594 -2.16742647 -2.19637779]
log likelihood =  -9517.600449418289
Edge derivatives =  [79.52546305036, 27.342049906758437, 76.01867627883203, 79.51261548928416, -5.458537093366623, -4.261374551617281, 150.9902774358775, 166.96660336519818, 52.92352721618454, 38.782887672920864, 10.020431699515681, 32.26278303250002, 4.002800199323381, 18.876867549126317, 119.00981541163951, 84.5935662397014]
other derivatives: [ 130.07365487 -126.16642744    4.69317456   10.45288263  151.99290391
  -14.87124609  -45.06254299]
Current x array =  [-0.63723691 -0.49324399 -0.62732569  0.427965   -2.31796147 -0.57457049
 -0.41639621 -2.10300041 -2.17882116 -2.10127847 -2.08692771 -2.41684831
 -2.41853144 -1.9003109  -1.87589249 -2.15204457 -2.18343119 -2.33362974
 -2.19543507 -2.3772165  -2.27674509 -1.99104543 -2.06217035]
log likelihood =  -9398.66965819365
Edge derivatives =  [76.11219134909096, 25.799293446020684, 73.60144479609204, 73.65036258235219, -4.570484217803441, -4.089254349318836, 134.2595805841367, 152.3699501688468, 51.25531185492165, 37.088247461162055, 10.126530415713193, 29.27963342516034, 5.004877181548301, 19.424365748420602, 109.49181126161257, 76.68481284262315]
other derivatives: [  -9.96196832 -140.89910655  -45.16513582  -14.68242408  176.5682911
  -16.15422843  -53.82307972]
Current x array =  [-0.60679114 -0.49355604 -0.55115895  0.514774   -2.40964288 -0.60614362
 -0.48276738 -1.99419844 -2.13904102 -1.99783851 -1.97669303 -2.42880136
 -2.42889515 -1.68665031 -1.64389431 -2.07910714 -2.12951345 -2.32299172
 -2.14976699 -2.37651377 -2.25296423 -1.8262491  -1.94119733]
log likelihood =  -8974.438167679577
Edge derivatives =  [42.9029197349477, 12.90971803049634, 41.00033579913819, 17.268793343276872, -0.9035743650230793, -5.653725300038995, -14.880637953259821, -4.682055821845264, 34.06743263174673, 24.631182864942026, 1.6595643078325812, 3.331232514024375, 8.328087611056624, 23.215292485271398, 1.1078891743474824, 13.370090681414856]
other derivatives: [ -405.53023791  -111.75432337 -1156.3917451    -84.51250572
    91.54334236   -34.91544885  -112.17790416]
Current x array =  [-5.77184384e-01 -7.11086447e-01 -2.38268742e-01  1.02232626e+00
 -2.54516221e+00 -8.05227874e-01 -9.45209573e-01 -1.19829315e+00
 -1.86417056e+00 -1.24725589e+00 -1.19433519e+00 -2.49930863e+00
 -2.49083032e+00 -1.94839470e-01 -1.53418967e-04 -1.55218583e+00
 -1.74588720e+00 -2.23807426e+00 -1.83470452e+00 -2.35525878e+00
 -2.07262857e+00 -6.57524167e-01 -1.09299405e+00]
log likelihood =  -9020.155294898475
Edge derivatives =  [9.947306337685417, 2.0488996160334714, 15.583539193188226, -4.034610488690263, -4.1660827331072126, -7.6774057826122215, -73.66602691833388, -88.16439125652768, 11.153065302008796, 6.925224742112978, -6.72024624179416, 0.5578033024374012, 7.586289916795403, 15.625502286372102, -69.41730211166609, -28.12577340895993]
other derivatives: [-196.51239018  134.02190234  682.59871659 -125.77144308  -27.16979264
  -29.09583236  -88.36112184]
Current x array =  [-0.57352227 -0.91814695 -0.77504845  1.18104396 -2.59419192 -0.92758079
 -1.24632895 -0.82016491 -1.72810342 -0.88526012 -0.83030931 -2.53636174
 -2.5263434   0.47001438  0.73572507 -1.29363331 -1.55562654 -2.20044305
 -1.68596425 -2.34418664 -1.97750909 -0.12974538 -0.70122295]
log likelihood =  -8854.28690197643
Edge derivatives =  [33.086407930288395, 8.67167705363174, 35.69705322783583, 10.742274055528474, -1.2244421309301892, -4.908651115441959, -29.983687854983195, -31.715456404572418, 28.876101135327996, 19.843702965910012, -0.280015946985265, 5.960249997998968, 9.722746974273814, 22.12610883175684, -19.917682659989055, 2.023781126400348]
other derivatives: [-292.94139858  -15.92994704   33.25451326 -111.17355423   61.49249626
  -34.22685768 -108.02694475]
Current x array =  [-0.57567045 -0.79668619 -0.46017589  1.08794087 -2.56543131 -0.85580912
 -1.06969368 -1.04197324 -1.80791979 -1.09760521 -1.04384525 -2.51462655
 -2.50551158  0.08001411  0.30406206 -1.44529905 -1.66723258 -2.22251735
 -1.77321462 -2.35068151 -2.03330575 -0.43933804 -0.93103411]
log likelihood =  -8833.777111159903
Edge derivatives =  [32.915444223874836, 8.785842356521448, 34.82787727299193, 10.526637803165274, -1.460130861074608, -5.121505547835156, -30.117891802089165, -31.285266800698498, 28.80806029248088, 19.703825012238386, -0.45968247440622684, 5.884227505178639, 9.19210099889634, 22.31777010667678, -18.778159736291137, 2.574107477841009]
other derivatives: [-100.03407442    9.23200241   24.71379776 -101.72516737   44.36608553
  -32.46824417 -105.81723862]
Current x array =  [-0.6335668  -0.80753892 -0.45250232  1.05336717 -2.50030345 -0.85344398
 -1.0720939  -1.05014822 -1.81292158 -1.10538638 -1.05725279 -2.51175034
 -2.50347881  0.0450115   0.26632616 -1.45040488 -1.67158512 -2.22342156
 -1.77910755 -2.34778532 -2.03237523 -0.46609315 -0.94778886]
log likelihood =  -8812.862726743318
Edge derivatives =  [32.11093250456888, 9.09512251176913, 33.83366459645345, 10.94753955120398, -1.6760202704877467, -5.130813368076193, -26.81629930160237, -26.58347397644599, 28.936986723327276, 19.958275910703414, -0.08220566439027492, 7.331413126273127, 8.738141302330243, 22.51004555914817, -11.938426650145697, 5.836591028786782]
other derivatives: [ 59.62985779  27.05653606   7.59849718 -74.82087676  22.90798813
 -26.2877893  -93.91904555]
Current x array =  [-0.69229591 -0.80930482 -0.44694257  0.95918384 -2.40139289 -0.85833588
 -1.10631876 -1.06736191 -1.82251236 -1.12053189 -1.0893874  -2.50727533
 -2.50170467 -0.04728758  0.16694342 -1.45882388 -1.67907926 -2.22698019
 -1.79213846 -2.34152845 -2.02717642 -0.53504683 -0.98869605]
log likelihood =  -8789.89189552098
Edge derivatives =  [26.707815603545903, 8.427638041048935, 29.612311792594685, 9.403686232154119, -1.7424802809323023, -4.895647110238397, -26.647478267464635, -26.32626196541946, 26.679509583561437, 19.0445797343454, -0.017654468739748547, 8.80329738545164, 8.490248297830226, 22.21695115482715, -8.131899243510212, 6.798954444916862]
other derivatives: [142.17583157  29.10837611   3.58326179 -34.58733045  -4.51758082
 -16.00488395 -70.35710648]
Current x array =  [-0.72951895 -0.80397756 -0.44900309  0.83647779 -2.3306263  -0.89529889
 -1.23813977 -1.02812956 -1.81230105 -1.07888824 -1.07950468 -2.50896955
 -2.50824554 -0.09354425  0.12054075 -1.42328753 -1.65494037 -2.22763503
 -1.78513628 -2.32962623 -1.99830618 -0.5599855  -0.98762283]
log likelihood =  -8757.94894867863
Edge derivatives =  [14.548663471329588, 6.443069979772472, 20.605140885424397, 7.16969970300142, -1.6925324827772057, -4.33470472189091, -23.442473624021797, -22.675950556600643, 19.697396848417387, 15.680657416724307, -0.08524735537727354, 9.889588094418576, 7.892034993338586, 20.133577019464123, -4.372082216323617, 5.5107324128799196]
other derivatives: [143.78934975   7.87859608  16.8727056   17.81202445 -12.90908233
  -2.22893868 -35.06925145]
Current x array =  [-0.7339247  -0.78993035 -0.45824192  0.67102034 -2.34703668 -0.98018932
 -1.53979956 -0.90961929 -1.77129624 -0.9492134  -1.01783022 -2.52083785
 -2.53065917 -0.12759463  0.09172758 -1.31430082 -1.57628347 -2.2261602
 -1.74466788 -2.3029842  -1.91950115 -0.55068949 -0.93713733]
log likelihood =  -8731.391868386901
Edge derivatives =  [0.14087092953747515, 3.935871919114142, 8.598028546877313, 6.4208799730044985, -1.6995668167224183, -4.000737001546897, -10.284900020337973, -6.086336935244393, 6.175807153554937, 7.805651805443896, -0.053270797194268, 6.383663979858959, 4.8447215252093425, 13.006109874167805, 0.26622635395172667, 1.686878189525458]
other derivatives: [ 70.63119847  68.63670023  29.13115168  17.39969957   2.45845568
   6.2400151  -10.6029963 ]
Current x array =  [-0.70290222 -0.85791761 -0.4563647   0.68213937 -2.42150661 -1.0631122
 -1.94553294 -0.74006262 -1.69787019 -0.73015764 -0.90553599 -2.54315981
 -2.5739808  -0.20959627  0.02234107 -1.12437512 -1.42654391 -2.22358732
 -1.65057087 -2.24332101 -1.75422567 -0.52639291 -0.84624707]
log likelihood =  -8734.83576326688
Edge derivatives =  [-17.111506593214184, 0.8383124557075156, -10.17414740974249, -0.2012608165692081, -3.45333765096647, -5.234801775062913, -5.917635477472283, -2.5818289116295423, -12.146077838353039, -5.025006323473498, -1.9502468727734306, 0.20291623275459536, -0.48110927503243955, -0.34383572104815613, -4.477490586833911, -9.096085690976354]
other derivatives: [ -53.32236287 -183.77191373   38.81487464    1.64760786  -20.02664227
    8.51631405   -0.94284736]
Current x array =  [-0.6697642  -0.7006647  -0.45652938  0.74737292 -2.3871759  -1.09319838
 -2.25283486 -0.62179842 -1.63253149 -0.54506572 -0.79966514 -2.56309585
 -2.61692223 -0.29314235 -0.03455291 -0.97081003 -1.29379498 -2.22027167
 -1.56180995 -2.18252224 -1.59192669 -0.50272568 -0.77489355]
log likelihood =  -8725.12207093112
Edge derivatives =  [-7.359583437774385, 2.5805431738584934, 0.7967429345598791, 3.8207863401795743, -2.41964804260618, -4.485489106272, -7.999587561717068, -4.2150053967978085, -1.5159187188852614, 2.4135632342486932, -0.8127146929614338, 3.889482343697781, 2.6027935374086324, 7.441475977437493, -1.397212765632295, -2.7122668328209274]
other derivatives: [ 18.04828571 -28.74450547  33.55841545  10.01683086  -7.04450619
   7.46542492  -5.69298694]
Current x array =  [-0.68791381 -0.78679172 -0.45643919  0.71164467 -2.40597875 -1.07672025
 -2.08452638 -0.68657142 -1.66831733 -0.6464401  -0.85765034 -2.55217693
 -2.59340332 -0.24738437 -0.00339222 -1.05491724 -1.36650123 -2.22208764
 -1.61042408 -2.21582157 -1.68081743 -0.51568816 -0.81397369]
log likelihood =  -8723.317180281532
Edge derivatives =  [-8.443199174781817, 2.496001071423875, -0.7292868251607408, 4.569797112962408, -2.3170464496651744, -4.3423465128220595, -1.6576060225888696, 3.6319871323826334, -3.905844019071646, 0.7330634123241876, -0.4308628811048496, 2.667627742156437, 1.5873442317701454, 4.91558214387321, 1.9048452241388931, -1.96244503753117]
other derivatives: [-6.36588993 -3.19612809 12.40791607  3.18025741  1.31295383  8.21385344
 -2.99780002]
Current x array =  [-0.67776519 -0.80889506 -0.44805774  0.73623915 -2.42331713 -1.07967828
 -2.16833511 -0.66975807 -1.65231877 -0.60620725 -0.83746361 -2.55892902
 -2.60767591 -0.29542379 -0.04501848 -1.0209574  -1.33409369 -2.22335978
 -1.5876857  -2.1986367  -1.6352106  -0.52611513 -0.80749356]
log likelihood =  -8722.810671117044
Edge derivatives =  [-8.441552818368965, 2.5122802141377027, -1.4227954471994213, 4.156179250308088, -2.2413365599868, -4.284056611196212, -1.0129707800813708, 3.6997276725660346, -4.370579575052576, 0.04769746054086682, -0.4556416108618981, 1.8302661737647326, 1.0739927784443555, 3.6049448224756375, 1.2478327636416195, -2.189071031003228]
other derivatives: [-6.76719173  1.03792263  0.40549639 -1.26085797  0.95070988  8.25463316
 -2.54087722]
Current x array =  [-0.67784658 -0.81347509 -0.44321269  0.75404944 -2.4268208  -1.06955909
 -2.19858293 -0.67123291 -1.64218543 -0.59030105 -0.81944613 -2.56456174
 -2.61833426 -0.30061559 -0.03947789 -1.0129569  -1.32090178 -2.22364876
 -1.57512616 -2.19120491 -1.61369062 -0.51761311 -0.80206192]
log likelihood =  -8721.74779455382
Edge derivatives =  [-6.426930970179354, 2.945892132126894, -1.3810400427416751, 3.5885411707908466, -1.9628472237690038, -4.028200594466838, 1.6382243574624777, 4.4652795792577695, -3.3553126691714388, -0.6831946406086322, -0.272462547373069, 0.5978461894287551, -0.008232957883784725, 0.5175055915308855, 1.2531118094832936, -0.8625428510114247]
other derivatives: [ -4.68111466   3.72359136 -24.52479384  -8.25646566   1.24003066
   8.09212852  -1.88560192]
Current x array =  [-0.67887492 -0.81613343 -0.43480359  0.77873842 -2.42450918 -1.0219256
 -2.24577049 -0.71109799 -1.62121649 -0.57863575 -0.78647392 -2.57984504
 -2.64844513 -0.33085615 -0.0390726  -1.02063085 -1.30403196 -2.22655566
 -1.55246569 -2.17564956 -1.56902311 -0.51390782 -0.81063321]
log likelihood =  -8720.601147347912
Edge derivatives =  [-3.8032210233652286, 3.4569638661438096, -1.1033789042864506, 2.070504785511082, -1.5939978897774292, -3.688810199335672, 2.367138937714157, 1.7226935131460412, -1.344921881457451, -1.2429065867255995, -0.2107725414671166, -0.6633438458509829, -1.0939372510922682, -3.0155036926905296, -0.4353486774717594, 0.35379864765559776]
other derivatives: [  0.46337482   6.00936801 -34.78672807 -11.81764128  -2.06016511
   7.61178853  -1.75562383]
Current x array =  [-0.68114882 -0.81794889 -0.4314867   0.79181859 -2.41855168 -0.94940215
 -2.29143344 -0.77250891 -1.59271695 -0.57259406 -0.74116768 -2.60108501
 -2.68986082 -0.34989282 -0.0166202  -1.04125429 -1.28998829 -2.23014167
 -1.52677959 -2.16008921 -1.52210063 -0.50081553 -0.82111638]
log likelihood =  -8722.142329286544
Edge derivatives =  [-1.110928880725072, 3.7073102348962075, -2.0580766096197043, -0.09796969751325954, -1.1073880930438968, -3.1023699766513593, 7.666989254229515, 3.354238748248146, -0.7765222489897363, -4.288533688213386, -0.07910680341950434, -2.7898599737974474, -3.331468945906673, -11.280764410451146, -1.077506090927577, 1.6398830569480867]
other derivatives: [ 1.90958563e+01  1.99765036e+01  1.00859050e+02 -2.87764051e+01
  1.09580483e+01  7.41063195e+00  8.87916493e-02]
Current x array =  [-0.68329506 -0.83076907 -0.47001233  0.82533524 -2.44596889 -0.80879018
 -2.43636393 -0.86482273 -1.51979759 -0.52877489 -0.64202814 -2.64653751
 -2.7808839  -0.4025719  -0.00364066 -1.04487243 -1.24247521 -2.23720783
 -1.46601677 -2.1250847  -1.42143047 -0.48278224 -0.82383823]
log likelihood =  -8720.144360575567
Edge derivatives =  [-2.8409323799933937, 3.5615894944370416, -1.3568857933498109, 1.437513098013073, -1.4238192078747396, -3.482085777968343, 4.183578614761206, 2.2516456691990077, -1.1279646366826765, -2.1718491947752487, -0.15769127470457656, -1.2906565920888158, -1.803096182307572, -5.564140864999286, -0.5921290134586745, 0.8077111453507557]
other derivatives: [  6.40395047  10.54955646  10.85041913 -17.25241054   2.27692665
   7.54024222  -1.12188617]
Current x array =  [-0.68183623 -0.82205501 -0.44382589  0.80255349 -2.42733302 -0.90436618
 -2.33785256 -0.80207568 -1.56936194 -0.55855942 -0.70941473 -2.61564278
 -2.71901419 -0.36676516 -0.01246305 -1.04241313 -1.27477054 -2.23240485
 -1.50731814 -2.14887778 -1.48985745 -0.49503973 -0.82198815]
log likelihood =  -8719.057799325692
Edge derivatives =  [0.33305472752222826, 4.234320756979696, 0.032486344021550095, -0.45365039260230167, -0.9641557911112464, -3.0503151580793406, 3.4114497889555158, -2.5450651880327313, 2.289540966000626, -1.7557603304666147, -0.05681350881505558, -1.8445514696840695, -2.401389292305608, -8.166959836663855, -2.255493480024351, 2.533288893688809]
other derivatives: [  9.35458047   5.18353227  -0.80791142 -11.04275361  -2.86649194
   6.69734254  -1.6829645 ]
Current x array =  [-0.68398936 -0.81628502 -0.44188343  0.7827159  -2.4167955  -0.81012921
 -2.36167089 -0.88752603 -1.53962622 -0.57277387 -0.66896868 -2.6390823
 -2.76567292 -0.37908012  0.01571397 -1.08260451 -1.27541882 -2.23708368
 -1.48990757 -2.13961825 -1.46048704 -0.48720604 -0.84177873]
log likelihood =  -8718.029488209433
Edge derivatives =  [2.380980611585302, 4.498864108778102, 1.0719807684305653, -1.701494991961212, -0.4919562850494371, -2.550593465450888, 3.100205867790838, -3.7496825576908, 3.9610460676881933, -1.2231541015806142, 0.08213541165302077, -2.0179033642118656, -2.2676745466180526, -8.210428957993964, -1.9707828033249721, 2.9111529356139427]
other derivatives: [-14.55622805   2.10947837  -4.75301749  -3.39944563   0.2782124
   5.97771032  -1.85983087]
Current x array =  [-0.67547979 -0.81393233 -0.4424874   0.75611585 -2.42874604 -0.70591093
 -2.39715703 -0.95434345 -1.49574814 -0.57704897 -0.63419591 -2.66324351
 -2.81814678 -0.38152215  0.0233118  -1.09982876 -1.27656486 -2.24117896
 -1.47753518 -2.13831459 -1.46067306 -0.48814434 -0.84492826]
log likelihood =  -8717.063340702622
Edge derivatives =  [4.165947362133096, 4.480835199380184, 0.9855589035862183, -3.8058593613528227, 0.20728437846510284, -1.7695940044846539, 2.8906209188731853, -2.881111405782236, 4.718944373784576, -0.7405423410148735, 0.14799674921236722, -2.0892301766978876, -1.807599549291311, -6.568951468276571, -0.23407833663702027, 2.1101065242351886]
other derivatives: [20.89412737 -8.44077658 -4.37466406 13.39446135  7.49795473  5.093043
 -1.5045771 ]
Current x array =  [-0.68965844 -0.80367279 -0.44370509  0.69380948 -2.45407436 -0.52492513
 -2.49074047 -1.04315295 -1.40537198 -0.56515584 -0.57452851 -2.70574348
 -2.91438511 -0.38035734  0.01916319 -1.10186962 -1.27206154 -2.24739434
 -1.45730192 -2.13963202 -1.47649987 -0.49474753 -0.83377754]
log likelihood =  -8716.215291844612
Edge derivatives =  [3.8867734121280426, 3.902111278504626, 0.4476631760405494, -4.572486877962743, 0.40455337315362083, -1.528739043018776, 1.4417021262291088, -2.6930024326566966, 3.6463502748525234, -0.5527039461127584, 0.10440686934800444, -1.9747141449273329, -1.0590667901072943, -4.100620250201451, 0.08861825017524927, 0.3936202757296975]
other derivatives: [-16.59337795  -4.13408816   4.15089016  13.9626718    7.47678995
   4.47332059  -1.72728127]
Current x array =  [-0.67555048 -0.8084258  -0.44724352  0.69337899 -2.45943424 -0.45248619
 -2.51804866 -1.05830657 -1.36396372 -0.55788361 -0.56304946 -2.71913662
 -2.94976531 -0.3627561   0.01295268 -1.08780894 -1.27423252 -2.24859657
 -1.45720006 -2.1477575  -1.50840846 -0.49691252 -0.8181852 ]
log likelihood =  -8715.415854050436
Edge derivatives =  [3.0041503518559014, 3.101632738104924, -0.9447964825348163, -5.150801995358635, 0.5445872294778739, -1.329270443670608, 0.1620681233600414, -1.3726371729036897, 1.4449619445850639, -0.6714835443433952, -0.0020262272780515594, -1.9751452547284267, -0.29354369075015674, -1.2854937487176574, 0.5762299960320505, -1.9407004607564038]
other derivatives: [-26.59511119  -0.2591114    9.00144551  10.7977794    6.21875529
   4.04646926  -1.66987159]
Current x array =  [-6.71803585e-01 -8.12450926e-01 -4.48202482e-01  7.06096845e-01
 -2.46031113e+00 -3.83638600e-01 -2.55741582e+00 -1.05691785e+00
 -1.31755373e+00 -5.41370593e-01 -5.55079042e-01 -2.73120360e+00
 -2.98503400e+00 -3.43749052e-01 -6.21070261e-04 -1.05968041e+00
 -1.27224691e+00 -2.24914889e+00 -1.45762102e+00 -2.15634445e+00
 -1.54371272e+00 -4.99102095e-01 -7.96154916e-01]
log likelihood =  -8714.307347364407
Edge derivatives =  [2.664040044084532, 1.9228252357458775, -1.9822366851026114, -5.626604033810214, 0.975800634716617, -0.8409288972569092, -1.4821325980278106, 0.44109108635917627, -0.7135895642451047, -0.21331968412979055, 0.06783751850783631, -1.6109179187690879, 0.8680287974628157, 2.7598034818260793, 1.3768373582292353, -3.7742336227094255]
other derivatives: [-13.27159225   6.58857789   7.54112989   2.04904245   2.28623851
   2.64882328  -2.20362783]
Current x array =  [-0.67638109 -0.81731145 -0.44627631  0.7375239  -2.44893017 -0.22459734
 -2.6287441  -1.08059911 -1.2245033  -0.52969426 -0.54827744 -2.75689756
 -3.06215567 -0.32249675 -0.02284378 -1.0295136  -1.27499695 -2.25226211
 -1.46109151 -2.16878243 -1.59684532 -0.50419651 -0.77885511]
log likelihood =  -8713.937099753264
Edge derivatives =  [2.080238730896956, 0.6122740047490431, -3.4061637373798597, -5.943694079670652, 1.213411139242969, -0.5022980035365768, -1.4258711969078575, 1.659153888943173, -2.4661900099466236, -0.748939891395194, 0.1305886392761598, -1.6104607493896428, 0.8799782279676364, 3.166752078056468, 0.8998069169681551, -3.921210809749942]
other derivatives: [-10.02354293 -19.43323696   3.13909004  -4.24298014   0.2786163
   1.57403338  -2.38190097]
Current x array =  [-0.67883552 -0.79839201 -0.44392744  0.75827006 -2.44109631 -0.07916477
 -2.71737311 -1.1041696  -1.13897944 -0.5188803  -0.54417762 -2.77984028
 -3.13615821 -0.32444301 -0.0369879  -1.01022521 -1.26803541 -2.25532696
 -1.4575998  -2.16786189 -1.60586524 -0.50138347 -0.77892886]
log likelihood =  -8713.536282101726
Edge derivatives =  [2.5393411487061703, 0.26119008041991765, -2.8316123835090425, -5.505248788061522, 1.4820778943731254, -0.24445415802185197, -1.2924993887007732, 1.5336058115526834, -1.7528983068735844, -0.2761832611215126, 0.35392551021396373, -1.2297897769771293, 0.8408790238682595, 3.2093014211531403, 0.5287970691765174, -2.307893918087138]
other derivatives: [ 7.7239747  -1.32547757 -5.25144787 -4.67569589 -2.21250149  0.74576747
 -2.87329146]
Current x array =  [-6.85136203e-01 -8.10438314e-01 -4.41011620e-01  7.60737703e-01
 -2.43278590e+00 -8.32667593e-04 -2.75541407e+00 -1.12368335e+00
 -1.09837298e+00 -5.26039910e-01 -5.51126026e-01 -2.78991347e+00
 -3.17365127e+00 -3.28931377e-01 -3.69746968e-02 -1.01413873e+00
 -1.26925462e+00 -2.25715840e+00 -1.45914264e+00 -2.16592044e+00
 -1.60363847e+00 -4.98398682e-01 -7.91082708e-01]
log likelihood =  -8713.259865799868
Edge derivatives =  [2.5404062348508845, 0.17115747471637083, -2.2707730946569455, -4.526755774783935, 1.545268701254845, -0.14340973898416606, -0.5822162778828721, 1.2584353924347362, -1.0656226285860317, -0.12384737980876195, 0.5174926327991074, -0.6982446563397378, 0.48790599674772567, 2.1699464320708657, -0.08885255533105196, -0.3988083390702829]
other derivatives: [13.96986227  2.30929982 -6.50122638 -3.47757123 -2.75247978  0.63409061
 -2.78957187]
Current x array =  [-0.68746018 -0.81239627 -0.44072083  0.75599657 -2.42794211  0.02177043
 -2.77267551 -1.12199899 -1.08670015 -0.53670431 -0.57110218 -2.788265
 -3.18364548 -0.33856251 -0.03409454 -1.021607   -1.27003746 -2.25717974
 -1.4637372  -2.16132818 -1.58890222 -0.49460628 -0.80749623]
log likelihood =  -8712.785237934095
Edge derivatives =  [1.7667086618926637, -0.5945628850681978, -1.4033170327297375, -1.8159529249712358, 1.642424416096783, 0.10790160536118767, 0.9480013768626787, 1.333940783480692, -0.6165078249410993, 0.0937703598452922, 0.8219739400018975, 0.7525813173690771, -0.07485610611734911, 0.4186961263325008, -1.036634583733575, 2.8666829595243652]
other derivatives: [13.46919998  3.78314144 -3.28784517 -0.18617538 -2.43318844  0.48177026
 -2.3442016 ]
Current x array =  [-0.68733859 -0.8126447  -0.44206201  0.74298987 -2.42208351  0.08951511
 -2.8317142  -1.10172442 -1.04608538 -0.55916357 -0.62934656 -2.7821301
 -3.21429536 -0.35430178 -0.03287712 -1.02699063 -1.27129548 -2.25550256
 -1.47749052 -2.15364731 -1.56534318 -0.48871547 -0.83559388]
log likelihood =  -8712.883447923445
Edge derivatives =  [0.6410963514712722, -1.1886630034671897, -0.15539650374486658, 1.1668298368393462, 1.674025412530511, 0.2995856955581563, 1.6014884975294008, 2.2286420443407486, -0.5122481353110873, 0.5099019021762942, 0.7703422656656751, 0.890895849249283, -0.08339491464079263, 0.38294101098787015, 0.6830629720983394, 1.8269418476773693]
other derivatives: [ -3.77150718   3.00189458 -55.46433022   3.64837979   2.16606546
   0.88521847  -1.4105299 ]
Current x array =  [-0.68242357 -0.81339554 -0.42688925  0.7353654  -2.43717899  0.14947437
 -2.91126531 -1.05491234 -1.01268478 -0.57895224 -0.68890496 -2.76273381
 -3.23986844 -0.34915025 -0.02846426 -1.02183056 -1.26948372 -2.24616274
 -1.48125868 -2.15203485 -1.55845039 -0.49580063 -0.820712  ]
log likelihood =  -8712.665344490268
Edge derivatives =  [1.3043524515458045, -0.8403244980201571, -0.8693011479584798, -0.512653073576805, 1.656939975902608, 0.191053368185227, 1.2324462540317094, 1.71590712597029, -0.5678109566029954, 0.27465865506504905, 0.801331806041202, 0.8163806244261302, -0.07637316790480558, 0.4062039399459747, -0.2938551435459371, 2.4305961096650512]
other derivatives: [  6.16661418   3.45773879 -25.08020407   1.44037404  -0.44234557
   0.65184759  -1.93979962]
Current x array =  [-0.68524353 -0.81296475 -0.43559452  0.73973989 -2.42851806  0.11507316
 -2.86562341 -1.08177045 -1.03184814 -0.56759863 -0.65473374 -2.7738623
 -3.22519606 -0.3521059  -0.03099611 -1.02479112 -1.27052321 -2.2515214
 -1.47909672 -2.15295999 -1.56240508 -0.49173557 -0.82925038]
log likelihood =  -8712.470863307968
Edge derivatives =  [0.39628917339945713, -1.5700007376704277, -0.4784605857230808, 1.0758687628744215, 1.638126857336768, 0.3057425835954309, 1.7875552156706918, 2.1307211836100572, -0.950168889915094, 0.20516229240202763, 0.7834469014219883, 1.4173297841747843, -0.1404938084714165, 0.07279535843894458, 0.060189651962391455, 2.357342436395553]
other derivatives: [ 1.30980152  1.26045052 -7.39446114  1.15005605  2.02272584  0.707043
 -1.52244299]
Current x array =  [-0.68309442 -0.81160859 -0.44065451  0.7374681  -2.43223752  0.16086147
 -2.91368329 -1.05869303 -1.00473275 -0.57809954 -0.68976916 -2.76620832
 -3.24565121 -0.35165587 -0.03070945 -1.02046717 -1.26968996 -2.24759296
 -1.48373965 -2.151528   -1.55822232 -0.49313969 -0.82747108]
log likelihood =  -8712.408471650808
Edge derivatives =  [0.019606670809913795, -1.8017757317070213, -0.43574179527708534, 1.3775524261819054, 1.5955571662952615, 0.315609236039799, 1.5413130439304161, 2.072695304525099, -1.1855089800893213, 0.09807460762569106, 0.653682583448941, 1.2864985672075822, -0.04844552013836077, 0.2792168091807812, 0.5534471884690255, 1.2047504270010496]
other derivatives: [-1.23091377 -0.3033183  -1.27991734  0.48508264  2.91225793  0.77615186
 -1.34735894]
Current x array =  [-0.68208317 -0.81087147 -0.44230663  0.73891229 -2.43545731  0.17620817
 -2.9337559  -1.04878498 -0.99780934 -0.57998885 -0.69705913 -2.76143284
 -3.25209969 -0.34609419 -0.02872595 -1.01750971 -1.26844901 -2.24467434
 -1.48153198 -2.15242168 -1.56067267 -0.49582189 -0.81679132]
log likelihood =  -8712.34315907263
Edge derivatives =  [-0.32112893459003133, -1.9307781570229816, -0.37347138867443536, 1.449898001735487, 1.5265943603695427, 0.30465909967871085, 0.932865081256766, 1.4288750501265035, -1.1866792412066878, -0.056993276628454353, 0.45150159518393834, 0.8951075321075416, 0.02322858472283021, 0.39466389546229474, 0.987727583215998, -0.38105178440836585]
other derivatives: [-2.06052755 -1.30531771  2.67879841 -0.12389319  2.49866106  0.85465945
 -1.17507069]
Current x array =  [-0.68183557 -0.81053728 -0.44331333  0.74102378 -2.43660657  0.19124561
 -2.95601588 -1.03955763 -0.99498966 -0.58286262 -0.70123778 -2.7539877
 -3.25749456 -0.33850832 -0.02302754 -1.01728971 -1.26676215 -2.24054748
 -1.47623398 -2.15315557 -1.56163667 -0.49853892 -0.80285874]
log likelihood =  -8712.266220141115
Edge derivatives =  [-0.5516336188633861, -1.9747614062510617, -0.18389292810805524, 1.2739402042969696, 1.4428341695399383, 0.2925020502927553, -0.0141300990705569, -0.020942420942272333, -0.7337723437392097, -0.2189754816431992, 0.23112186931676232, 0.3109250131281214, 0.01149565902657422, 0.19341736004815502, 0.9174023241391009, -1.6829539781984502]
other derivatives: [-4.09248241 -0.62309482  3.43542706 -0.68512963 -0.2434417   0.8332554
 -1.07024225]
Current x array =  [-0.68129089 -0.81133956 -0.44353354  0.74426579 -2.43257497  0.21606611
 -2.98535501 -1.03455334 -0.99435788 -0.58908272 -0.7030731  -2.74299079
 -3.26552767 -0.33107676 -0.01330904 -1.02264798 -1.26532734 -2.23532605
 -1.46833359 -2.15290299 -1.55850152 -0.498858   -0.79245833]
log likelihood =  -8712.331106212654
Edge derivatives =  [-0.7854015439786584, -1.3921035377632136, 0.7206089272832743, 1.7741045357749714, 1.160340182272009, 0.20364874595146862, -0.5100457509552802, -1.4315089126598806, 0.529523976044627, -0.40483319315277816, -0.1626609287250203, -0.6199264359102516, -0.16701379215825218, -0.6253148322828898, 1.138610447364595, -3.203053312244726]
other derivatives: [21.53963032 -7.37431219  3.32103264 -0.58333899  1.1891505   1.45433114
 -0.27514742]
Current x array =  [-0.69132765 -0.80594155 -0.44262533  0.74220009 -2.4384834   0.22980344
 -3.0344056  -1.01124745 -1.01716768 -0.60324814 -0.71257303 -2.70959477
 -3.26256259 -0.32162018  0.00428568 -1.03539524 -1.262461   -2.22325576
 -1.45435682 -2.15073209 -1.54397564 -0.49833173 -0.77828406]
log likelihood =  -8712.23462575055
Edge derivatives =  [-0.6346961995528092, -1.7595221690016274, 0.1485152172776908, 1.4573864947267916, 1.3423815961423704, 0.2602970004354987, -0.19566763712847296, -0.5319019224910694, -0.2713027061466835, -0.28716035412875746, 0.08831345227057691, -0.02578539664229751, -0.05364171177946131, -0.10180535886415902, 0.9992174731852557, -2.2334841807169]
other derivatives: [ 5.31323167 -3.06276343  3.40908991 -0.65606764  0.28515087  1.06168227
 -0.77688005]
Current x array =  [-0.68493627 -0.80937899 -0.44320368  0.74351552 -2.43472093  0.22105555
 -3.00317033 -1.02608857 -1.00264247 -0.59422764 -0.7065235  -2.73086126
 -3.26445074 -0.3276421  -0.00691859 -1.02727782 -1.26428628 -2.23094209
 -1.46325719 -2.15211451 -1.55322568 -0.49866686 -0.78731019]
log likelihood =  -8712.18023078164
Edge derivatives =  [-0.49506204302925855, -1.6743873044046869, 0.3884952522029045, 1.134252475953727, 1.3006315970594342, 0.2613379919624813, -0.7429644842921272, -1.5729614000672534, 0.3400865402975012, -0.33244922744827343, 0.006466395117811892, -0.46088145343314707, -0.11466008223965718, -0.42505805463284835, 0.5121308506793798, -2.262199159867762]
other derivatives: [ 3.25840847 -0.83167652  0.70423448 -0.99299723 -2.01058545  0.93145536
 -0.81162797]
Current x array =  [-6.84313325e-01 -8.11092533e-01 -4.42505489e-01  7.45950019e-01
 -2.43061843e+00  2.46622679e-01 -3.02573620e+00 -1.03072451e+00
 -1.00340795e+00 -5.98928210e-01 -7.02041547e-01 -2.72286579e+00
 -3.27276042e+00 -3.25285771e-01 -6.30829111e-04 -1.03422845e+00
 -1.26378265e+00 -2.22783631e+00 -1.45694257e+00 -2.15111921e+00
 -1.54860137e+00 -4.95994654e-01 -7.87757400e-01]
log likelihood =  -8712.10899427896
Edge derivatives =  [-0.15614431611096696, -1.4242035994017133, 0.8249085341484119, 0.8270937849194074, 1.22465580217037, 0.2569707581672328, -1.0122641816888152, -2.173936899784044, 1.1111395048755863, -0.3115504688281171, -0.04120371960497039, -0.9061641200772329, -0.1595677808769733, -0.7644246135506897, -0.04606776566241377, -1.71269532118944]
other derivatives: [ 1.11632653  1.4971265  -1.20199547 -1.08340646 -2.42170841  0.85165084
 -0.75852094]
Current x array =  [-0.68352286 -0.81290071 -0.44203995  0.74656751 -2.43090711  0.28019131
 -3.05675548 -1.03722963 -1.00900374 -0.60396434 -0.69368706 -2.70927865
 -3.28226213 -0.32388613  0.00417945 -1.04237953 -1.26363607 -2.22362708
 -1.44950899 -2.15000295 -1.54320022 -0.49176978 -0.79232733]
log likelihood =  -8711.99498465448
Edge derivatives =  [0.2660390985910295, -1.0726662572522523, 1.3480696308915148, 0.3479949651157326, 1.030958256468015, 0.24745459351589805, -1.1891553662030274, -2.4664007768030367, 1.930071486891043, -0.2952574779039622, -0.09036990212989017, -1.426467097979976, -0.20690097089456516, -1.1912617047386391, -1.0284412690723421, -0.32581514461228345]
other derivatives: [-2.85990791  0.76250581 -2.87737566 -0.55209421 -2.06953032  0.75676508
 -0.57417555]
Current x array =  [-0.68216694 -0.81242866 -0.44177366  0.74450281 -2.43313845  0.35077281
 -3.1213027  -1.04613199 -1.01833059 -0.61017644 -0.6796055  -2.68080878
 -3.30206589 -0.32319187  0.00670561 -1.0514573  -1.2639864  -2.21580258
 -1.43980937 -2.14850867 -1.53656217 -0.48427476 -0.80415811]
log likelihood =  -8711.96635966921
Edge derivatives =  [0.5874753415941238, -0.9093178303353644, 2.2638825165879557, 0.6741364572248316, 0.7469629357896895, 0.332325963461891, -0.6602589267568337, -1.0168383212736387, 2.3584840227404134, 0.0189693489700693, -0.07464331192606, -1.5819156693275516, -0.07848776158220709, -0.9649342926590663, -1.3291389034491385, 1.7624601097706307]
other derivatives: [ 6.27896952 18.12284609  0.02345951  0.1205517   0.92283045  0.58010846
 -0.24360349]
Current x array =  [-6.84811830e-01 -8.25387133e-01 -4.42223659e-01  7.40459702e-01
 -2.44098234e+00  5.06229188e-01 -3.26055157e+00 -1.04686096e+00
 -1.01358840e+00 -6.18415069e-01 -6.74227653e-01 -2.62931997e+00
 -3.35103295e+00 -3.22684566e-01  8.49763979e-04 -1.05217242e+00
 -1.26526953e+00 -2.20158584e+00 -1.43266109e+00 -2.14751192e+00
 -1.53422851e+00 -4.78333571e-01 -8.18303064e-01]
log likelihood =  -8711.812547773876
Edge derivatives =  [0.5623136226522398, -0.7605169442027211, 1.9172102629589158, 0.10733506440395718, 0.581302266325539, 0.27013476332181974, -0.8127210648011074, -0.9330556150659374, 2.0543377071980298, -0.1599682267788378, -0.14864361640797696, -1.7591432725496936, -0.0684778245448943, -0.970486648238843, -1.5482538913729842, 1.7360742698531109]
other derivatives: [-1.62750803  4.81060306 -0.62358595  0.47582216  1.28595129  0.66335815
 -0.11639967]
Current x array =  [-6.82384338e-01 -8.15556799e-01 -4.42335238e-01  7.39036739e-01
 -2.44247053e+00  5.16864715e-01 -3.27297122e+00 -1.04917206e+00
 -1.02553270e+00 -6.14760273e-01 -6.62871942e-01 -2.61838291e+00
 -3.35075395e+00 -3.22326975e-01 -1.46468189e-03 -1.05085105e+00
 -1.26551254e+00 -2.19937832e+00 -1.43094005e+00 -2.14804033e+00
 -1.53594076e+00 -4.77506432e-01 -8.19502145e-01]
log likelihood =  -8711.7395599617
Edge derivatives =  [0.313154995854228, -0.8310810612241939, 1.5379707577339425, -0.015163491572069865, 0.42949951174908113, 0.25387944449935845, -0.7378114183891857, -0.1912776003501257, 1.3207953767330993, -0.23503542621253898, -0.2071290444237956, -1.6639248741556831, 0.03213238315125935, -0.563623812938569, -1.196954905163305, 1.4632503750914172]
other derivatives: [-3.42199019 -1.2490782  -0.20867992  0.71432805  2.07548704  0.71092836
  0.03729897]
Current x array =  [-0.68193739 -0.81123968 -0.44243016  0.73787748 -2.44460294  0.55082822
 -3.30504364 -1.04505009 -1.02753491 -0.61032137 -0.65951166 -2.6041222
 -3.35983233 -0.32159888 -0.007421   -1.04312793 -1.26598683 -2.19606855
 -1.43283582 -2.14921755 -1.54158795 -0.47974191 -0.81699738]
log likelihood =  -8711.669980822915
Edge derivatives =  [-0.060672770329047776, -1.0258910572372462, 0.9873938124543102, -0.1474066407835305, 0.20447774649730324, 0.2628353101886012, -0.6680776902273459, 0.7806843866758448, 0.21687460365508096, -0.2796421906234666, -0.2853787355344911, -1.4389879234570064, 0.18119996205263175, 0.08691390187106816, -0.667584296608688, 1.1160084252205877]
other derivatives: [-1.97264308 -4.29317333  0.20491825  0.77239383  1.91280114  0.6281789
  0.14644725]
Current x array =  [-0.68265103 -0.80911061 -0.44236767  0.73774542 -2.44442912  0.62712628
 -3.37133561 -1.04004365 -1.02460414 -0.60427116 -0.65632239 -2.57922997
 -3.38286197 -0.3211366  -0.01600824 -1.03103863 -1.26710497 -2.19018128
 -1.43684846 -2.15059773 -1.54998793 -0.48335619 -0.8135184 ]
log likelihood =  -8711.61167049894
Edge derivatives =  [-0.24429482363733432, -1.0260977588110032, 0.5606709909821359, -0.2682141761127298, -0.013981543949092623, 0.2805609298969747, -0.5132693160233832, 0.8833892357503929, -0.346495404389519, -0.22336724350967557, -0.350406604716178, -1.0737051649452642, 0.19064694202913068, 0.2617177665792215, -0.19357119794864497, 0.7042861046827453]
other derivatives: [-0.2867655  -3.25416659  0.85792817  0.40284976  0.54993568  0.49468326
  0.1840651 ]
Current x array =  [-0.68331273 -0.8099735  -0.44235335  0.73963573 -2.4414553   0.70611454
 -3.43984636 -1.03755122 -1.02882727 -0.59888359 -0.65398773 -2.55172513
 -3.40459879 -0.32428045 -0.01752283 -1.02490393 -1.26903551 -2.1846886
 -1.44341426 -2.14992182 -1.55198542 -0.48691593 -0.80936323]
log likelihood =  -8711.636816715583
Edge derivatives =  [-0.2775605001808164, -0.6360789760619562, 0.3117594522729317, 0.1549741423361975, -0.2611840624318371, 0.30893707395120373, 0.16729489648937912, 1.0114335565618258, -0.5390217759007352, 0.147673100764277, -0.3746947965148922, -0.4199701833301081, 0.14383945987190797, 0.3610078514605273, 0.8476586213677801, -0.1251479394737382]
other derivatives: [ -2.03440504   0.62529762 -21.16379801   1.32026798   0.75252185
   0.53535587   0.38835197]
Current x array =  [-0.68309614 -0.81339997 -0.43562515  0.73996838 -2.44458793  0.79232803
 -3.52196907 -1.02737192 -1.04836805 -0.59086848 -0.65812472 -2.51316522
 -3.42235705 -0.33102269 -0.01411929 -1.02017261 -1.27210139 -2.17882816
 -1.45731198 -2.14767439 -1.55036953 -0.49242493 -0.79877504]
log likelihood =  -8711.594478870215
Edge derivatives =  [-0.25698965684995967, -0.8717399794186163, 0.46535633117496145, -0.10196575278600858, -0.10749585088093602, 0.2922356551318142, -0.2455935270576688, 0.9358346946930146, -0.4191691118574047, -0.07641923896830952, -0.3594630891074792, -0.8140577515948053, 0.1732696687608698, 0.3016922907199628, 0.21527481005403226, 0.38461650265109815]
other derivatives: [-0.96722943 -1.73810804 -7.62541458  0.75923708  0.63281255  0.51063762
  0.26761068]
Current x array =  [-0.6832284  -0.81130757 -0.43973378  0.73976524 -2.44267496  0.73968099
 -3.47182011 -1.033588   -1.0364353  -0.59576297 -0.65559843 -2.53671217
 -3.41151281 -0.32690548 -0.01619769 -1.02306183 -1.27022918 -2.18240689
 -1.44882521 -2.1490468  -1.55135629 -0.48906081 -0.80524081]
log likelihood =  -8711.564674411224
Edge derivatives =  [-0.2867288847995921, -0.7240158137022501, 0.1959390547229546, -0.18995086477976816, -0.3049192666005639, 0.3001480697097864, -0.07305230060039619, 0.3739446155842705, -0.4866940290299804, -0.01703981263490323, -0.42297568475425634, -0.41883923474044793, 0.0889401962184027, 0.09335398384374176, 0.5161350072349813, -0.13806326086784163]
other derivatives: [-0.10504118  0.64929191 -1.03959792 -0.03773675 -0.71392678  0.40033228
  0.26694358]
Current x array =  [-0.68334442 -0.81320078 -0.44149013  0.74243073 -2.43965764  0.80082418
 -3.52588526 -1.03259893 -1.04726725 -0.59157214 -0.65401999 -2.51281357
 -3.42584569 -0.3312357  -0.0118792  -1.02268781 -1.27215674 -2.1784673
 -1.45561793 -2.14718165 -1.5486818  -0.49153905 -0.80028627]
log likelihood =  -8711.557784461307
Edge derivatives =  [-0.17122859171908156, -0.5717820111901643, 0.21355605921984255, -0.19985264362273938, -0.3159189300102577, 0.295322904593631, -0.01194584712032537, 0.021824318766138717, -0.23222402200752243, 0.02425254415827091, -0.42425233454570127, -0.32861494489017695, 0.03431629379471944, -0.0860563089785616, 0.4688228806890611, -0.23540046070396803]
other derivatives: [ 1.16760202  0.53914118 -0.56395038 -0.20339212 -0.74827911  0.40730447
  0.27427433]
Current x array =  [-0.68378949 -0.81310422 -0.44157577  0.74291806 -2.43971381  0.80094819
 -3.52658983 -1.03341193 -1.0541361  -0.59076076 -0.65327804 -2.51046024
 -3.42348729 -0.33261044 -0.00852369 -1.02540776 -1.2725222  -2.17887587
 -1.45717481 -2.14633691 -1.54625372 -0.49111633 -0.79925292]
log likelihood =  -8711.557571591358
Edge derivatives =  [0.02183523740390869, -0.2641121333152593, 0.197269689154476, -0.049249866014692306, -0.2913382926167798, 0.28725861650637846, 0.2812908644153207, -0.5391348723662288, 0.21735549213018088, 0.12653411856333147, -0.36933509022289523, 0.0719089259639876, -0.05188483654154406, -0.408465057258097, 0.376824873499352, -0.45550543773506924]
other derivatives: [-5.77654464  1.41643432  2.08587699 -0.1448916   0.10954325  0.45115121
  0.30811017]
Current x array =  [-6.81024674e-01 -8.14123311e-01 -4.42486333e-01  7.42629032e-01
 -2.44247785e+00  7.88290493e-01 -3.51597684e+00 -1.03302972e+00
 -1.07144225e+00 -5.87076185e-01 -6.54728633e-01 -2.50981500e+00
 -3.41261139e+00 -3.36053217e-01 -2.25603644e-03 -1.03014693e+00
 -1.27326234e+00 -2.18223766e+00 -1.46349937e+00 -2.14466187e+00
 -1.54228078e+00 -4.89915366e-01 -7.96417345e-01]
log likelihood =  -8711.552389937357
Edge derivatives =  [-0.07370219164368992, -0.41520590743617525, 0.2055214406283551, -0.12391694316170357, -0.3034726727600141, 0.2912734512010492, 0.13624843474735582, -0.26100463483679004, -0.004811207747396823, 0.07594268000957274, -0.39645051234238615, -0.1258511289047701, -0.00924486295439221, -0.2487010635071057, 0.4223438732760907, -0.3464685849747307]
other derivatives: [-2.33052924  0.98261989  0.7768158  -0.1746339  -0.31362559  0.42942702
  0.29137003]
Current x array =  [-0.68239325 -0.81361887 -0.4420356   0.7427721  -2.44110966  0.79455601
 -3.52123023 -1.03321891 -1.06287576 -0.58890004 -0.65401059 -2.51013439
 -3.41799493 -0.33434905 -0.00535851 -1.02780106 -1.27289598 -2.18057358
 -1.46036874 -2.145491   -1.54424737 -0.49050984 -0.79782095]
log likelihood =  -8711.548233472691
Edge derivatives =  [0.03339145674196184, -0.2906063253695379, 0.20907235446554173, -0.08756364758732973, -0.2703796315998964, 0.2836994856658911, 0.20184654725654416, -0.39861245168344106, 0.17807609421305348, 0.10243269953817191, -0.3747598760433039, -0.039321890907839316, -0.034892588558223345, -0.32052485501815575, 0.32385321775487697, -0.36886816437147185]
other derivatives: [-0.42153442 -0.12467535  0.34245022 -0.14724355  0.10762262  0.45531851
  0.29619249]
Current x array =  [-0.68310847 -0.81273687 -0.44186025  0.74247366 -2.4421223   0.78192799
 -3.50986035 -1.03365673 -1.06858797 -0.58774837 -0.6539763  -2.51300751
 -3.4117916  -0.33490637 -0.00357296 -1.02965    -1.27287662 -2.18247684
 -1.46170084 -2.14513489 -1.54329179 -0.4895804  -0.79741009]
log likelihood =  -8711.545726812466
Edge derivatives =  [0.06411119357050896, -0.2457823950253308, 0.15996780156191592, -0.07282464996113258, -0.2558973617445645, 0.27922985602910916, 0.22044745101732655, -0.3716623753108564, 0.1828426994407599, 0.09906109413772621, -0.3545247251424421, 0.02662543038961626, -0.0321686252032118, -0.289791337256085, 0.23045971857426562, -0.34285312098230525]
other derivatives: [-0.00222281 -0.68595182  0.14350735 -0.04940557  0.29556724  0.44845365
  0.28147831]
Current x array =  [-0.68327088 -0.81230286 -0.44180204  0.74208864 -2.44259012  0.77757585
 -3.50480029 -1.03362266 -1.07139248 -0.58652655 -0.65405841 -2.51456711
 -3.40883509 -0.3348931  -0.00369647 -1.02968459 -1.27277323 -2.18387569
 -1.46272328 -2.14512093 -1.54378177 -0.48884889 -0.79753471]
log likelihood =  -8711.538975879943
Edge derivatives =  [0.12395607608066597, -0.14293759204814876, -0.05165435950422767, -0.06048769295620118, -0.22286155126008278, 0.2663576324090114, 0.21354007087873983, -0.22736644884201213, 0.08950345876032434, 0.060635702543795994, -0.2808319181079262, 0.22938622412963955, -0.010199304674212706, -0.12964255891317472, -0.10670973747770818, -0.19241340367359375]
other derivatives: [ 0.51053212 -1.47641185 -0.23331813  0.22937093  0.44470819  0.37229438
  0.19217096]
Current x array =  [-0.68346393 -0.8116665  -0.44172747  0.74118026 -2.44298418  0.77170539
 -3.49380149 -1.03348    -1.07935087 -0.58231291 -0.65431558 -2.51850328
 -3.40149248 -0.33444026 -0.00531632 -1.02875842 -1.27235056 -2.18852067
 -1.46593476 -2.14517825 -1.54627847 -0.4864666  -0.79862941]
log likelihood =  -8711.533779174017
Edge derivatives =  [0.2038460500047977, -0.03940104973674127, -0.17285873575567642, -0.018908937791541403, -0.18695994797335322, 0.2540460147952982, 0.19100580849938964, -0.0035292177378078993, 0.020071709867795662, 0.025671444441216468, -0.18551071496096566, 0.34739013167369215, 0.016252993657099785, 0.03633108732384335, -0.25909062361264557, 0.027226171662745324]
other derivatives: [ 1.41003147 -0.04929825  0.09657015  0.14794932  0.58014163  0.27281203
  0.08358436]
Current x array =  [-0.68368123 -0.81265182 -0.44182745  0.74136487 -2.4430683   0.76862958
 -3.48436451 -1.03293544 -1.08692263 -0.57913829 -0.65486184 -2.52256228
 -3.39426165 -0.33348445 -0.00753874 -1.02789543 -1.27183952 -2.19355003
 -1.46770436 -2.14519951 -1.54865938 -0.48522793 -0.80012143]
log likelihood =  -8711.531566979
Edge derivatives =  [0.19078362356734557, 0.00213405381428039, -0.41729081378421634, -0.14767074220283402, -0.2069850800672413, 0.23608411134137253, -0.02909318285633239, 0.046996740151608596, -0.1996720432539653, -0.08136742620758136, -0.11065816377887946, 0.3623314216872028, 0.02627834980544151, 0.16604529023453934, -0.3963807966895967, 0.17453775412438097]
other derivatives: [-0.78821722 -1.01207661 -0.62094296 -0.11070551 -0.43020559  0.08529241
 -0.0851909 ]
Current x array =  [-0.68294032 -0.81193417 -0.4417305   0.74268747 -2.44047109  0.78260295
 -3.48783638 -1.03270953 -1.09360766 -0.57616976 -0.65412102 -2.52274468
 -3.39159839 -0.33213027 -0.01027892 -1.0262767  -1.27145595 -2.19795757
 -1.46846618 -2.14511248 -1.55130653 -0.48491824 -0.80178472]
log likelihood =  -8711.529380842847
Edge derivatives =  [0.19661557554727135, -0.006755602162275595, -0.30488956063193035, -0.08876328888073731, -0.19760766443725492, 0.2390357993895429, 0.003614391512258841, 0.09641811458964061, -0.14404577233430546, -0.056028046716601526, -0.10885662446442637, 0.297068128064752, 0.02694894707198571, 0.14398446544912158, -0.2240369914816105, 0.1671224252103907]
other derivatives: [-0.18334322  0.30449701 -0.0992386  -0.15770638 -0.15528067  0.10810982
 -0.06479604]
Current x array =  [-0.68308878 -0.81289229 -0.44185915  0.74264284 -2.4410058   0.78103573
 -3.48742337 -1.03205193 -1.09216548 -0.57761575 -0.6547788  -2.52334104
 -3.39152818 -0.33198954 -0.01017612 -1.02662945 -1.27150517 -2.19766417
 -1.46720046 -2.14510989 -1.55073789 -0.48588315 -0.80151772]
log likelihood =  -8711.528000904798
Edge derivatives =  [0.1923427182134494, -0.01043312095792337, -0.2175348009105196, -0.05742480706815842, -0.19819793177359962, 0.23851066004827365, -0.0017836512331900756, 0.1012370710285318, -0.10456312967092998, -0.044115927993163995, -0.10463109966143998, 0.21093691725649855, 0.02018450021731745, 0.10615362982035853, -0.03450200097477296, 0.13317224019742419]
other derivatives: [-0.0457876   0.88207162  0.16959166 -0.22720451 -0.06126927  0.1075714
 -0.06291521]
Current x array =  [-0.6831087  -0.81330762 -0.44193757  0.74273961 -2.4411026   0.78278497
 -3.48904202 -1.03120945 -1.09168137 -0.57902908 -0.65525518 -2.52341654
 -3.39139913 -0.3317691  -0.01008111 -1.02700573 -1.27160798 -2.19775687
 -1.46573055 -2.14501383 -1.55015282 -0.48711572 -0.8011578 ]
log likelihood =  -8711.525868737574
Edge derivatives =  [0.18294230549474821, -0.0027403197875532914, -0.10642850773483212, -0.020954511405131215, -0.19240894506508388, 0.23051040359074287, -0.052325813006418476, 0.1090638613390491, -0.05751631146661401, -0.04693919433335858, -0.07988120361581386, 0.05654459781176353, 0.007828372416794876, 0.05225665836256532, 0.22343085451298617, 0.08969868659224639]
other derivatives: [ 0.07005474  1.0092881   1.18081516 -0.27857459  0.05799308  0.07421477
 -0.09556227]
Current x array =  [-0.68311696 -0.81335061 -0.44227509  0.74256787 -2.44109293  0.78489187
 -3.48902277 -1.02940777 -1.09278342 -0.58111839 -0.65606074 -2.52526017
 -3.38867195 -0.33105902 -0.01034146 -1.02767042 -1.27171994 -2.19950564
 -1.46303066 -2.1448394  -1.54960038 -0.48889253 -0.80080508]
log likelihood =  -8711.526637294253
Edge derivatives =  [0.22950699007755965, 0.09590905902347009, 0.12390116537936308, 0.06518489019493207, -0.16406683587405593, 0.2154687633416789, -0.12890502872326082, 0.022584699963363375, 0.15975289934130862, 0.013863621302519724, -0.017330161181356357, -0.2313459953276242, -0.030334955813488648, -0.07087966674841693, 0.6520818383879277, -0.011453166149918592]
other derivatives: [-0.73277806  1.60893615 -3.46416891  0.03410787  0.10928871  0.01138687
 -0.16166356]
Current x array =  [-0.68292494 -0.81375797 -0.44101265  0.74186079 -2.44132589  0.78783945
 -3.4879248  -1.02576245 -1.09819311 -0.58464209 -0.65760905 -2.52877849
 -3.38126291 -0.33035132 -0.00967643 -1.02990419 -1.27214733 -2.20362202
 -1.45874791 -2.14420518 -1.54783293 -0.49167495 -0.7996455 ]
log likelihood =  -8711.52473600576
Edge derivatives =  [0.20323363718226786, 0.04038858568310105, -0.005901024287281342, 0.01663533471425016, -0.18003669312584672, 0.2239848032676472, -0.0856367222830487, 0.07142760533964732, 0.03723431978977135, -0.02043899375267577, -0.05258555787085516, -0.06864012583239598, -0.008792334094245555, -0.0013460486106709468, 0.41028547158617545, 0.045700280721346576]
other derivatives: [-0.27948045  1.27077874 -0.84007115 -0.14244142  0.08065432  0.04689537
 -0.12431436]
Current x array =  [-0.68303331 -0.81352807 -0.44172511  0.74225983 -2.44119442  0.78617598
 -3.48854444 -1.02781968 -1.09514015 -0.58265349 -0.65673526 -2.52679293
 -3.3854442  -0.33075071 -0.01005174 -1.02864356 -1.27190613 -2.20129894
 -1.46116488 -2.1445631  -1.54883039 -0.49010469 -0.80029991]
log likelihood =  -8711.523192145185
Edge derivatives =  [0.2044428313437183, 0.07765048733077994, 0.010609851179520902, 0.02345734639991537, -0.17202295990351402, 0.2113500968786813, -0.14656515010635712, 0.05143868977798266, 0.0569015872493025, -0.03815641963910513, -0.017329134421553573, -0.1461994943345128, -0.021268434073377182, -0.02820428076151965, 0.4792075012370445, 0.02325601592025281]
other derivatives: [-0.11772318  0.58527439  0.09305404 -0.11362499  0.06350076 -0.01237095
 -0.18439899]
Current x array =  [-0.68309305 -0.81295734 -0.44205403  0.741899   -2.44094004  0.78795924
 -3.48672779 -1.02623684 -1.09886992 -0.58326998 -0.65719319 -2.52915822
 -3.38098169 -0.33020166 -0.01040247 -1.02916393 -1.27198    -2.20417483
 -1.45977706 -2.1443504  -1.54885163 -0.49068808 -0.80019882]
log likelihood =  -8711.522219567549
Edge derivatives =  [0.19387829055536224, 0.09938710638548681, -0.00952219101933588, 0.02139014754838242, -0.16559802632684326, 0.20351701633002897, -0.1750821232727608, 0.05132969895458339, 0.04532900210263671, -0.04503867018844768, 0.002729879210723374, -0.16767720119272178, -0.025184529031319902, -0.021787503897763696, 0.41109748165648075, 0.013225800566968926]
other derivatives: [ 0.15652768 -0.11132579  0.11477459 -0.00132059 -0.01499333 -0.05232323
 -0.22405719]
Current x array =  [-0.68322771 -0.81239776 -0.44209299  0.74146561 -2.44071371  0.78988216
 -3.48616953 -1.02503715 -1.10138183 -0.58330739 -0.6573934  -2.53074655
 -3.37797445 -0.3300557  -0.01075952 -1.02921799 -1.27207881 -2.20614475
 -1.45939177 -2.14426866 -1.54916486 -0.49030914 -0.8001795 ]
log likelihood =  -8711.521222981126
Edge derivatives =  [0.17200691273582683, 0.12051178192874572, -0.019110815011371463, 0.033986706992506444, -0.15143321102148863, 0.1965857897482696, -0.1620994696485314, 0.044094779619750446, 0.0509368471413994, -0.03437821012979883, 0.019902888571034644, -0.16477724988455766, -0.02708025506663858, -0.021269545494340708, 0.24583914591319145, -0.01037289321614332]
other derivatives: [-0.43808541 -0.67031033  0.14298348  0.18839637 -0.00385431 -0.07445487
 -0.24721293]
Current x array =  [-0.68303568 -0.8119888  -0.44215043  0.74081579 -2.44085308  0.79040735
 -3.48511037 -1.02333476 -1.10402259 -0.58344339 -0.65769814 -2.53293038
 -3.37403091 -0.3303211  -0.01081024 -1.02938338 -1.27229591 -2.20820908
 -1.45935102 -2.14420398 -1.549355   -0.48918897 -0.79996591]
log likelihood =  -8711.519912157608
Edge derivatives =  [0.12831473697603063, 0.14074310299225073, -0.03192184365312206, 0.04392585135429172, -0.13456948324758766, 0.1901773035692047, -0.13044738331951178, 0.0460490331114749, 0.04249270683560619, -0.005658823827735415, 0.036048223227887026, -0.15581620779351874, -0.027045092449314842, -1.984986260177013e-05, -0.030314976033233076, -0.03220103760018689]
other derivatives: [ 0.52894939 -0.98551936 -0.34623008  0.29430703 -0.18171297 -0.10041913
 -0.26878547]
Current x array =  [-0.68343901 -0.81171125 -0.4419982   0.74053171 -2.44053515  0.79451846
 -3.48724804 -1.02068265 -1.10669764 -0.58378011 -0.65787572 -2.53519648
 -3.36962772 -0.33095935 -0.01088313 -1.02927082 -1.27267678 -2.21057312
 -1.45945202 -2.14416594 -1.54967322 -0.48729159 -0.79970834]
log likelihood =  -8711.518233551114
Edge derivatives =  [0.057357002323325745, 0.1380556854100005, 0.005173704085155939, 0.06133826878305204, -0.1174162486296242, 0.18731660260002558, -0.0619039031318121, 0.01317637857397358, 0.059689398069135785, 0.04062471155415534, 0.04131097407636898, -0.1586593507518838, -0.027798626938156698, -0.016063479606469783, -0.2825827402273142, -0.08409927683800048]
other derivatives: [-0.09483483 -0.80297286 -0.27602437  0.32832031 -0.29390831 -0.09418181
 -0.25457756]
Current x array =  [-0.6832223  -0.81188658 -0.44202756  0.74049672 -2.44048374  0.79893535
 -3.49148144 -1.01755154 -1.10797444 -0.58497878 -0.65804254 -2.53720411
 -3.36572099 -0.33201715 -0.01037207 -1.02936548 -1.27319575 -2.2121476
 -1.45930353 -2.14413636 -1.54942022 -0.48548949 -0.79913109]
log likelihood =  -8711.51601601171
Edge derivatives =  [-0.04426740925211231, 0.11586757112213505, 0.107370124707998, 0.11446620283006276, -0.09204229142179518, 0.18994852376052035, 0.09746716329827676, 0.04285023423556683, 0.08295820327056297, 0.11875342091293362, 0.04969080267335435, -0.14508704169874487, -0.02098670894059415, -0.025085577605887893, -0.46825233180872416, -0.10166435777926097]
other derivatives: [ 0.16447302 -0.20042535 -0.24648944  0.07294511 -0.13853871 -0.04486355
 -0.18826513]
Current x array =  [-0.68330451 -0.81238751 -0.44194921  0.74130719 -2.44100574  0.80667554
 -3.5008167  -1.01306598 -1.10748978 -0.58709003 -0.6580619  -2.53934341
 -3.36160822 -0.33368676 -0.00954734 -1.02914325 -1.27379559 -2.21319583
 -1.45926302 -2.14421981 -1.54892004 -0.48381642 -0.79852695]
log likelihood =  -8711.514199649791
Edge derivatives =  [-0.1592200185610954, 0.07855616021510008, 0.12217401262365113, 0.09684006638269449, -0.07337477962237485, 0.1893192246972189, 0.13713041117439334, 0.029457379050265686, 0.031409303965091145, 0.13291265325446552, 0.0793998920305778, -0.1097772242784367, -0.009132181891717148, -0.006727897738473862, -0.405032668584528, -0.05099469497751499]
other derivatives: [-0.53061012  0.33161632 -0.01921035 -0.08776078 -0.21558878 -0.01041917
 -0.13305063]
Current x array =  [-0.6830432  -0.81284693 -0.44198141  0.74194036 -2.44101508  0.81523796
 -3.51016126 -1.00946596 -1.10696668 -0.58817269 -0.65749523 -2.54145108
 -3.35747393 -0.33435094 -0.00907169 -1.02834421 -1.27376266 -2.21427802
 -1.45961772 -2.14438067 -1.54896602 -0.48399236 -0.79860237]
log likelihood =  -8711.512331971395
Edge derivatives =  [-0.27513643232888363, 0.035713872492313406, 0.12460468754689852, 0.07384524805132264, -0.051729132775798575, 0.1894828029582516, 0.17670960084842663, 0.040891783738554455, -0.038210101387912365, 0.12934427700983372, 0.12015046695137829, -0.033436014187020136, 0.008139661773628432, 0.03140187402265818, -0.15660632986225842, 0.04741390410224522]
other derivatives: [-0.2366196   0.57612124  0.06211667 -0.2462657  -0.07269857  0.04525282
 -0.05296704]
Current x array =  [-0.68315481 -0.81307243 -0.44192354  0.74247088 -2.44154709  0.82521995
 -3.5216941  -1.00597172 -1.10568074 -0.58894445 -0.65650672 -2.54376997
 -3.35278667 -0.33474635 -0.0084938  -1.02719769 -1.27332416 -2.21498803
 -1.46051459 -2.14462978 -1.54911903 -0.48524396 -0.79890104]
log likelihood =  -8711.51043881821
Edge derivatives =  [-0.35053916849663225, 0.005788014609640568, 0.07103649009887014, 0.010411875052964703, -0.036764939460672386, 0.18499721748274647, 0.13601844161548998, -0.007907415886519442, -0.09561224675795957, 0.07660584444384827, 0.1418281321073508, 0.05824895366932495, 0.019623447484871076, 0.05633778625816048, 0.04846992329101729, 0.08368933295653708]
other derivatives: [-0.39897168  0.2786237  -0.07687777 -0.14092439 -0.02463222  0.08132884
  0.00203863]
Current x array =  [-0.68313501 -0.81290846 -0.44184707  0.74222998 -2.44208496  0.83474345
 -3.5324587  -1.00449761 -1.10469348 -0.58869672 -0.65518026 -2.54600818
 -3.34750706 -0.3343998  -0.00782848 -1.02636168 -1.27234207 -2.21497443
 -1.46184861 -2.14481129 -1.54920135 -0.48635466 -0.79883587]
log likelihood =  -8711.510841076179
Edge derivatives =  [-0.36398502631364993, 0.06739504195274659, 0.07216158803054046, -0.05463823066887838, 0.012178196717815747, 0.14836708198617343, -0.060247719092258345, -0.09601553738217744, -0.040426483946535974, -0.0621810914698783, 0.22790730474929638, 0.0735176995957148, 0.01718745774660939, 0.03824885266141666, 0.6214465806139537, 0.060199313901771856]
other derivatives: [ 1.53850306  1.2813598   2.7576516   0.26903217  0.34016576  0.02368142
 -0.02953813]
Current x array =  [-0.68376514 -0.81359661 -0.44267653  0.74032743 -2.4434556   0.85627615
 -3.54977839 -1.00150352 -1.10986049 -0.58901371 -0.65360847 -2.55509143
 -3.32702318 -0.33188119 -0.00708943 -1.02673155 -1.27007625 -2.21904566
 -1.46145683 -2.14457713 -1.54868718 -0.48966639 -0.79777708]
log likelihood =  -8711.509249652354
Edge derivatives =  [-0.35678786175579635, 0.034468359834682716, 0.07159800713021325, -0.01970374452987672, -0.013790175263278442, 0.1682499513081712, 0.04510292900280022, -0.048714086918033195, -0.06987509891921956, 0.012521193459734598, 0.1818127658498354, 0.0655533009834041, 0.01853515980824305, 0.04799476088384853, 0.31432154196208373, 0.07290546887985938]
other derivatives: [ 0.499409    0.74385935  1.23820791  0.04910544  0.14478669  0.05470793
 -0.01231554]
Current x array =  [-0.6834271  -0.81322745 -0.44223156  0.74134807 -2.4427203   0.84472474
 -3.54048709 -1.00310973 -1.1070886  -0.58884366 -0.65445167 -2.55021864
 -3.33801194 -0.33323232 -0.0074859  -1.02653313 -1.27129177 -2.21686161
 -1.461667   -2.14470275 -1.54896301 -0.48788978 -0.79834508]
log likelihood =  -8711.507539066868
Edge derivatives =  [-0.36241461843754735, 0.03715501766246902, 0.014230334278425683, -0.09712512102039644, -0.0014330130104104263, 0.15745946740108724, -0.06276039925463117, -0.13077295957408835, -0.06897703265149172, -0.06840429098276038, 0.18231246144134083, 0.1180531580009134, 0.019248538657331254, 0.04613762810969124, 0.4624089770843103, 0.029229874210843554]
other derivatives: [ 0.10774238  0.11547309 -0.6074315   0.34066943  0.11745144  0.06193113
  0.00729164]
Current x array =  [-0.68338387 -0.81282708 -0.4416815   0.74071383 -2.44330098  0.85499455
 -3.55134774 -1.00368397 -1.10662765 -0.58810119 -0.65305289 -2.55266712
 -3.33124206 -0.33217001 -0.0067873  -1.0263589  -1.26988816 -2.21616922
 -1.46277159 -2.14472793 -1.54865041 -0.48870644 -0.79770223]
log likelihood =  -8711.506346129074
Edge derivatives =  [-0.3381517632315195, 0.04378900903274223, -0.021788301558492762, -0.13704785012922727, -0.0034104537381536293, 0.1501506234892369, -0.11866357740239802, -0.18509916201828525, -0.050266136549018875, -0.12153720774021934, 0.15619250484024272, 0.13893789038493604, 0.012962689093510726, 0.019747669930167938, 0.3807178008044483, -0.05345125460223141]
other derivatives: [ 0.04598041 -0.51464303 -0.43014006  0.41699786  0.07479351  0.05380753
  0.00143683]
Current x array =  [-0.68339122 -0.81238931 -0.44173082  0.7404775  -2.44344562  0.85948379
 -3.55613307 -1.0052178  -1.1063153  -0.58747695 -0.65245094 -2.55342427
 -3.32826601 -0.33160429 -0.00646144 -1.02661336 -1.2691977  -2.21512415
 -1.46327771 -2.14466916 -1.54828708 -0.48818603 -0.79705638]
log likelihood =  -8711.503890411896
Edge derivatives =  [-0.21895418063165592, 0.0883457431412214, -0.04619641797110824, -0.20090960439201327, -0.003676924527028412, 0.13024100865014046, -0.245960641792087, -0.2569161237835047, 0.05101887224646248, -0.22738943346498214, 0.09089053545312414, 0.12383099385130023, -0.0038318125564447136, -0.04950600895506406, 0.17713217605622988, -0.24622413229708381]
other derivatives: [-0.02364322 -0.72764306 -0.88847082  0.48911352 -0.01966335  0.01160697
 -0.03702572]
Current x array =  [-0.68339722 -0.81229804 -0.44158176  0.74036632 -2.44374673  0.87179493
 -3.56839244 -1.00986959 -1.10580135 -0.58627852 -0.65134346 -2.55550801
 -3.3199487  -0.33006167 -0.0060586  -1.02763861 -1.26763134 -2.21239468
 -1.46362978 -2.14441504 -1.54713349 -0.48682002 -0.79546515]
log likelihood =  -8711.501793685926
Edge derivatives =  [-0.157582207251179, 0.08703451389807255, -0.08760417820313937, -0.24812825792343887, -0.0006032685624234937, 0.1030387555780747, -0.21774172998595798, -0.1553334196491103, 0.02924878749130902, -0.3163597171713691, 0.027205465225956356, 0.17658156741420195, -0.003628412761416122, -0.09247001714257402, -0.08553093842982085, -0.27087988943745844]
other derivatives: [-0.62297659 -1.72742875  1.68141196 -0.19576328  0.21235645  0.01069748
 -0.0110491 ]
Current x array =  [-0.68311825 -0.81168208 -0.44223274  0.74221558 -2.44425862  0.89646954
 -3.59464946 -1.01436677 -1.10275542 -0.58503669 -0.64995639 -2.55939212
 -3.30612185 -0.32970761 -0.0064759  -1.02721931 -1.26643942 -2.20851142
 -1.46472605 -2.14440081 -1.54640464 -0.48484351 -0.79521888]
log likelihood =  -8711.499765907076
Edge derivatives =  [-0.0975872909969675, 0.12046506029337233, -0.04931034077110891, -0.23280604444433048, 0.009675276657227741, 0.09361851200011934, -0.21463052110634406, -0.1022179365588452, 0.07786292549897805, -0.3021986876948818, 0.018255760005085227, 0.12867463088001355, -0.005338635765945399, -0.09573501864008531, -0.1502254002175718, -0.2683521096378951]
other derivatives: [ 0.02236629 -0.72502371  0.44196349 -0.25579538  0.16671291 -0.01091212
 -0.02844309]
Current x array =  [-0.68334616 -0.81240835 -0.44184171  0.74254373 -2.4441855   0.9036292
 -3.60119479 -1.01564394 -1.10285648 -0.58508436 -0.64999895 -2.56103039
 -3.30101723 -0.32953768 -0.00678608 -1.02747926 -1.26635345 -2.20799552
 -1.46421261 -2.14428758 -1.54605773 -0.48429675 -0.79510687]
log likelihood =  -8711.49858973057
Edge derivatives =  [-0.06673618314872339, 0.13592982170339724, -0.021487031308068838, -0.20700030095067676, 0.019828952141412517, 0.08469018139858867, -0.16718365976640076, 0.0012977154019322978, 0.06961641548346825, -0.26171273144411367, 0.02542163026515977, 0.08940248322363896, 0.0007724049751005879, -0.07645488165667132, -0.15227522064352295, -0.1703645648763093]
other derivatives: [ 0.04811955  0.28694376 -0.08454663 -0.42346801  0.15385468 -0.02195156
 -0.03014154]
Current x array =  [-0.68331663 -0.8131447  -0.44167622  0.7431236  -2.44394517  0.91155526
 -3.60858391 -1.01645849 -1.10254067 -0.58519919 -0.65030576 -2.56277475
 -3.29582034 -0.32983979 -0.00753117 -1.02717205 -1.26673505 -2.2077069
 -1.46365896 -2.14426394 -1.54612228 -0.48418749 -0.7958318 ]
log likelihood =  -8711.497833108786
Edge derivatives =  [-0.05789591559845178, 0.13666861786164827, -0.022820210185494072, -0.19056856497411, 0.024207915869709273, 0.07787171800980652, -0.12024186735228448, 0.0683097400722869, 0.03797187575613217, -0.22142623926913846, 0.027964902114516833, 0.0719330696204801, 0.005969340676671736, -0.05903249312054071, -0.1502311358173345, -0.08196585798373962]
other derivatives: [ 0.13966746  0.56536555 -0.13226418 -0.47392859  0.12783126 -0.02204615
 -0.02216447]
Current x array =  [-0.68333439 -0.8133225  -0.44166802  0.74324924 -2.44365156  0.91747771
 -3.61443031 -1.01720683 -1.10189089 -0.58519666 -0.65067116 -2.56392282
 -3.29210939 -0.33029599 -0.00809131 -1.02676235 -1.26726414 -2.20728123
 -1.46335383 -2.14427486 -1.54630268 -0.48420086 -0.79660208]
log likelihood =  -8711.49610891974
Edge derivatives =  [-0.03074159286430539, 0.13897258726039885, -0.04061068392007433, -0.14976115250351676, 0.03115817661572444, 0.05484411320361231, -0.03583844961033256, 0.1416254706681806, -0.026370236921327533, -0.09966332995253749, 0.024250340205200525, -0.0038750061206583586, 0.012930567673895249, -0.03901113305034559, -0.12158940631193893, 0.08040767477503569]
other derivatives: [-0.80609425  0.77283767 -0.18590072 -0.15692422 -0.04321692 -0.03656532
 -0.01812274]
Current x array =  [-0.6829816  -0.81339823 -0.44177651  0.74213196 -2.4427628   0.93288557
 -3.62919923 -1.01990108 -1.10044935 -0.58534003 -0.65225514 -2.56711894
 -3.28131844 -0.331433   -0.00915554 -1.02616196 -1.26906776 -2.20613288
 -1.46206313 -2.14417418 -1.54665958 -0.48461483 -0.79825798]
log likelihood =  -8711.497176068298
Edge derivatives =  [0.025772430917178596, 0.12775885512906454, -0.06711884220026249, -0.06440797781660398, 0.02850019609709392, 0.03839457264554423, 0.16111552369084092, 0.28222473237755363, -0.11120388029167144, 0.07667063971381274, -0.019773408415645732, -0.03382454397097617, 0.022711219050081402, 0.0138367309905916, -0.20396308881533276, 0.26575986088640235]
other derivatives: [ 2.73349542 -0.21613232 -0.26063026 -0.1366152  -0.05499458 -0.01205444
  0.02394219]
Current x array =  [-0.68431323 -0.81242954 -0.44171396  0.74168702 -2.44175438  0.94872863
 -3.64668689 -1.0244465  -1.09586971 -0.58513651 -0.65421883 -2.5685395
 -3.27297136 -0.33346442 -0.0101722  -1.02512904 -1.27152572 -2.20263508
 -1.46146834 -2.14417863 -1.54724057 -0.48423178 -0.80022641]
log likelihood =  -8711.495533648047
Edge derivatives =  [-0.00968260143324337, 0.13488463980052745, -0.050402934145128975, -0.11801509783186248, 0.030201495130899203, 0.048771966731165545, 0.03736708865084498, 0.19388561157218936, -0.05784763509934662, -0.034017552825571395, 0.007942007386342334, -0.014947554107837727, 0.016583458487242395, -0.019339674846119176, -0.15216359044895134, 0.14939907326763935]
other derivatives: [ 0.51098505  0.40541454 -0.21369669 -0.14954821 -0.04742995 -0.02742672
 -0.00234347]
Current x array =  [-0.68347648 -0.81303823 -0.44175326  0.74196661 -2.44238803  0.93877345
 -3.63569831 -1.02159033 -1.09874738 -0.5852644  -0.65298492 -2.56764687
 -3.27821635 -0.33218795 -0.00953337 -1.02577809 -1.26998123 -2.20483296
 -1.46184208 -2.14417584 -1.5468755  -0.48447248 -0.79898952]
log likelihood =  -8711.495181911961
Edge derivatives =  [-0.010658357071036684, 0.12800221671881934, -0.063916244923412, -0.11582856993288579, 0.028471921591919774, 0.045685134463278494, 0.03613154917639638, 0.15572494704844936, -0.0645614788972031, -0.017182656734101354, 0.001307087896502454, -0.01693588438329789, 0.0165550376825154, -0.02155845305502814, -0.12134518694250662, 0.13886600316975148]
other derivatives: [ 0.11348857  0.04811955 -0.1079934   0.02184424 -0.06949271 -0.0260552
  0.00098307]
Current x array =  [-0.68334754 -0.81276661 -0.44182341  0.7413866  -2.4423345   0.94057982
 -3.63770869 -1.02222776 -1.09818596 -0.5852587  -0.65332477 -2.56787361
 -3.27693406 -0.33230954 -0.00934826 -1.02579382 -1.27028239 -2.2044222
 -1.46178267 -2.14414502 -1.5469229  -0.48476315 -0.7989945 ]
log likelihood =  -8711.49497190991
Edge derivatives =  [-0.008688119301132863, 0.12213100102617315, -0.0682417172682517, -0.11226444083023254, 0.02717759577319169, 0.04460563524933167, 0.02228902233663249, 0.09948458901150065, -0.05455270531029108, -0.012388468126605767, -0.004848550815883, -0.009824001991009051, 0.016378077075018163, -0.023461280956956196, -0.06506866800538358, 0.10012415930107835]
other derivatives: [-0.01021363 -0.209473    0.06474875  0.14729085 -0.04568014 -0.0242253
  0.00314084]
Current x array =  [-0.6833126  -0.81257436 -0.44189183  0.74094557 -2.44244754  0.94132559
 -3.63873946 -1.02268412 -1.09763637 -0.58527935 -0.6535679  -2.56787048
 -3.27634375 -0.33222466 -0.00890744 -1.02594028 -1.27035995 -2.20408291
 -1.4618727  -2.14410452 -1.54692922 -0.48517274 -0.79868721]
log likelihood =  -8711.494763738967
Edge derivatives =  [-0.0004893106061784058, 0.1160915592204463, -0.05840145319392309, -0.0946269561605293, 0.026747288690073645, 0.044000101700836944, 0.02038521385788289, 0.05241020685883918, -0.03796138408351954, 0.001483689894377055, -0.01170542889699655, -0.006814286263304006, 0.01748393406520167, -0.01885694109247596, -0.011800226988022633, 0.061373194986882734]
other derivatives: [-0.10077383 -0.35774792  0.00826185  0.16065314 -0.00361034 -0.0226064
  0.00541614]
Current x array =  [-0.68328525 -0.81246879 -0.44187531  0.74089035 -2.44255723  0.94245192
 -3.64023884 -1.02323787 -1.09674993 -0.58539557 -0.6539951  -2.56781253
 -3.27562629 -0.33219547 -0.00843769 -1.02609265 -1.27051209 -2.20363822
 -1.46195235 -2.144048   -1.54698448 -0.4855299  -0.79834572]
log likelihood =  -8711.494788299342
Edge derivatives =  [0.021512850986004, 0.09646387994649995, -0.018034765192659785, -0.027600841532571585, 0.023189166571015447, 0.04380087975607509, 0.015564916050980981, -0.0904753391157847, 0.015098362014777239, 0.05231891459841814, -0.027538615925967146, -0.006739473136100141, 0.02021028504640114, -0.002234186803291807, 0.13170403681525622, -0.04503439500161302]
other derivatives: [ 3.61675120e-01  1.68805855e-01  1.39574877e+00  1.88258127e-01
  3.75770769e-02 -2.64099072e-02  1.11986730e-03]
Current x array =  [-0.68339835 -0.81282227 -0.44228705  0.74059967 -2.44251482  0.94322472
 -3.64165847 -1.02460667 -1.09441615 -0.58594956 -0.65569688 -2.56725189
 -3.27458959 -0.3321346  -0.00716538 -1.02665384 -1.27118909 -2.20281172
 -1.46183923 -2.14381391 -1.5472395  -0.48655391 -0.79744098]
log likelihood =  -8711.494584125554
Edge derivatives =  [0.010170881790502656, 0.10661656513672, -0.03885658924956692, -0.0621658282679903, 0.025028503131838596, 0.0439041481317295, 0.01804307071630995, -0.016708873805985014, -0.012277247927242857, 0.02609231457338304, -0.019367189718180425, -0.006776001637884638, 0.018805879892415528, -0.010809266000945617, 0.057671187178637506, 0.00988991324288116]
other derivatives: [ 0.123051   -0.10283293  0.68010013  0.17400816  0.01638295 -0.02444722
  0.0033358 ]
Current x array =  [-0.68333999 -0.81263986 -0.44207457  0.74074967 -2.44253671  0.94282592
 -3.64092587 -1.0239003  -1.0956205  -0.58566367 -0.65481868 -2.56754121
 -3.27512458 -0.33216601 -0.00782196 -1.02636424 -1.27083972 -2.20323824
 -1.46189761 -2.14393471 -1.5471079  -0.48602547 -0.79790787]
log likelihood =  -8711.494352868274
Edge derivatives =  [0.029394635561140914, 0.09806138327752528, -0.013825310597162577, -0.027809595722085745, 0.02481375723218948, 0.042812872141804195, 0.024732013189761204, -0.061468422099651976, 0.015352740757948374, 0.047881618785226954, -0.03236378504992771, -0.00829818054842435, 0.020666170039874546, 0.0011312224209228672, 0.09129735607676048, -0.03993598251809491]
other derivatives: [-0.00051296 -0.16726335  0.1251392   0.05207221  0.0540764  -0.02333582
  0.00583081]
Current x array =  [-0.68330434 -0.81261023 -0.4418885   0.7412039  -2.44261318  0.9452759
 -3.64402751 -1.02490289 -1.09393449 -0.58585497 -0.65552496 -2.56743559
 -3.27376528 -0.33215199 -0.00725286 -1.02654856 -1.27103055 -2.20240027
 -1.46204099 -2.14382951 -1.54719871 -0.48621947 -0.79744005]
log likelihood =  -8711.49427933972
Edge derivatives =  [0.03063383755309876, 0.09251768324412017, -0.006141010613705922, -0.015873457369890986, 0.02387829342328747, 0.04312315119482092, 0.031036458928305255, -0.05943719548711135, 0.017163504343337577, 0.053102011044425634, -0.03485672780936584, -0.008676451147208275, 0.021090705907730545, 0.007486336019410608, 0.07827756857501811, -0.04008653227957765]
other derivatives: [ 0.01862099 -0.0487762  -0.010863   -0.02089109  0.03787233 -0.02234628
  0.00704435]
Current x array =  [-0.68330812 -0.81270164 -0.44183661  0.74146999 -2.44254077  0.94554751
 -3.64450948 -1.02507824 -1.09333836 -0.58592891 -0.65577443 -2.56726341
 -3.27369292 -0.33218493 -0.00722084 -1.02653366 -1.27108207 -2.2022275
 -1.46208606 -2.14378942 -1.54726162 -0.48612423 -0.79742805]
log likelihood =  -8711.494200255358
Edge derivatives =  [0.024306687911380492, 0.0810319616032438, -0.0022163156279928486, -0.004399751029849852, 0.02075986115282867, 0.04379050671396072, 0.034170784976671364, -0.05191717636030857, 0.012662617912850282, 0.05194032245980054, -0.03695328452969416, -0.00673902287554945, 0.020058793270365846, 0.013634140886606944, 0.04535735642867422, -0.03249877003027979]
other derivatives: [ 0.04484355  0.104219   -0.09621544 -0.07355266 -0.00761139 -0.02013076
  0.00891618]
Current x array =  [-0.68331509 -0.81281697 -0.44180203  0.74168011 -2.44240049  0.94518547
 -3.64443219 -1.02515664 -1.09253916 -0.58601956 -0.65608617 -2.56688816
 -3.27397857 -0.33219529 -0.0072783  -1.02648037 -1.27107907 -2.20212619
 -1.46216218 -2.14371737 -1.54733927 -0.4859107  -0.7974976 ]
log likelihood =  -8711.49411129543
Edge derivatives =  [0.011475567781054602, 0.06257806680696662, -9.431344960370014e-05, 0.008305324711276707, 0.01500940385585893, 0.04414481537123982, 0.032630095735570686, -0.03972284504641671, 0.0047361872003862104, 0.0396472062587204, -0.03881582940328862, -0.000839849270742099, 0.016819199340927626, 0.016674348643886824, 0.004710045834917853, -0.023488272799564114]
other derivatives: [ 0.02651359  0.14693796 -0.04674803 -0.11209704 -0.03725932 -0.01670924
  0.01153701]
Current x array =  [-0.6833077  -0.8128539  -0.441808    0.74182247 -2.44230368  0.94449296
 -3.64412369 -1.02518941 -1.091442   -0.58614194 -0.65646099 -2.56636166
 -3.27436506 -0.33211936 -0.00738374 -1.02642487 -1.27096253 -2.20208359
 -1.46228871 -2.14359526 -1.54740559 -0.48564576 -0.79758399]
log likelihood =  -8711.494433892514
Edge derivatives =  [-0.02228206348501688, 0.015065232954917074, 0.008041839813858809, 0.04591542329885462, 0.0001683046381354067, 0.04362195168016696, -0.016337593645038118, -0.0398305960447069, 0.007095623958926767, 0.013442330997737811, -0.02961518081645051, -0.003834194380822456, 0.002628540689536399, 0.02706873258423899, -0.007918151422235287, 0.003209775033495066]
other derivatives: [ 0.25430563  0.75954085 -1.1440552   0.29549483 -0.18601877 -0.01433546
  0.00827369]
Current x array =  [-0.68342809 -0.81327927 -0.44151939  0.74070309 -2.44209886  0.9409884
 -3.64119151 -1.02507527 -1.08859456 -0.58668325 -0.65783044 -2.56494136
 -3.27500173 -0.33156228 -0.00759069 -1.02654254 -1.27063428 -2.20274475
 -1.46231038 -2.14308768 -1.54753071 -0.48559834 -0.79776792]
log likelihood =  -8711.494062270303
Edge derivatives =  [0.0024833181282194194, 0.04994350192424961, 0.0020712225521778427, 0.01833088723407089, 0.01105881144599543, 0.04400571881683113, 0.019591035898498366, -0.039758690175095035, 0.005367075087315404, 0.03266769974694278, -0.03636290649377287, -0.0016370471889193966, 0.013040094173355624, 0.019445505248521705, 0.0013473331083000417, -0.016373350705659595]
other derivatives: [ 0.08721327  0.31024683 -0.33900687 -0.00349246 -0.0768709  -0.01607805
  0.01067027]
Current x array =  [-0.68333978 -0.81296724 -0.4417311   0.74152422 -2.44224911  0.9435592
 -3.64334244 -1.025159   -1.09068332 -0.58628617 -0.65682587 -2.56598323
 -3.27453469 -0.33197093 -0.00743888 -1.02645622 -1.27087507 -2.20225975
 -1.46229449 -2.14346002 -1.54743892 -0.48563312 -0.797633  ]
log likelihood =  -8711.493958845173
Edge derivatives =  [-0.01650840845992732, 0.025073006584363955, 0.0035812673597709344, 0.03144513569824664, 0.002554428665688238, 0.04362096250570862, 0.009736184421465899, -0.020634935844651814, -0.0032183811176873522, 0.005082452962115486, -0.03585790030100299, 0.007608742459999901, 0.006528232338537471, 0.016382689040494794, -0.03509503306064854, -0.00714069860758193]
other derivatives: [ 0.03054265  0.18604806 -0.12746023 -0.01331136 -0.06281146 -0.01232729
  0.0128427 ]
Current x array =  [-0.68332144 -0.81288401 -0.44178664  0.74153286 -2.44227181  0.94240272
 -3.64259584 -1.02508855 -1.08936782 -0.58645432 -0.65722029 -2.5653441
 -3.27493418 -0.33174152 -0.00760236 -1.02643519 -1.27059031 -2.20240358
 -1.46244804 -2.14327106 -1.54746128 -0.48538462 -0.79771171]
log likelihood =  -8711.493907925033
Edge derivatives =  [-0.0254655734928885, 0.01248198165315842, 0.0047523232527905135, 0.036566856714978835, -0.002197982760318039, 0.04260463727868067, -1.667304450442275e-05, -0.007578186856850355, -0.004366569935525033, -0.01270624077150484, -0.03242477021065789, 0.010995829811430546, 0.0014709737285045071, 0.01042713687109123, -0.03267264921903745, -0.0018458997840120617]
other derivatives: [ 0.03534842  0.03135574 -0.00221371  0.01957778 -0.01770071 -0.01115041
  0.01280835]
Current x array =  [-0.68332775 -0.81277113 -0.44182358  0.74138728 -2.44238408  0.94167365
 -3.64199895 -1.02503282 -1.08873316 -0.58655509 -0.65736729 -2.56506283
 -3.27494158 -0.33154128 -0.00770933 -1.02647241 -1.27039858 -2.20265019
 -1.46248187 -2.14314473 -1.54742484 -0.48538485 -0.7977398 ]
log likelihood =  -8711.493887174849
Edge derivatives =  [-0.027859440289096177, 0.008657847921962683, 0.005337687688854398, 0.03492933761064754, -0.003789892494709013, 0.04158746313091052, -0.00787849453449685, -0.0033025001760875194, -0.0022450645850760342, -0.01897894883060422, -0.02790750214036638, 0.008682516245445776, -0.001232216146726084, 0.004450058194612569, -0.013146948561167271, 0.0005785470855600439]
other derivatives: [-0.11464181 -0.03114656  0.04707181  0.05722177  0.01224938 -0.01219269
  0.01114107]
Current x array =  [-0.6832743  -0.81272879 -0.44184644  0.74124693 -2.44247012  0.94127813
 -3.64154703 -1.02500634 -1.08860672 -0.58660045 -0.65735233 -2.56502258
 -3.27477173 -0.33142596 -0.00776494 -1.02652671 -1.27033667 -2.20290807
 -1.46242668 -2.14308461 -1.54737537 -0.48550672 -0.79774404]
log likelihood =  -8711.493868429652
Edge derivatives =  [-0.026234543727009757, 0.0077621954472574806, 0.007026203256926267, 0.033017944781350506, -0.004606032684425471, 0.0404331499185511, -0.012231425634716353, 0.005861168379154125, 0.0017032822420639249, -0.02174322787303501, -0.022928171409341752, 0.005401851855368858, -0.003811754838999079, -0.0004986749629289217, 0.010050128370497902, 0.004810287013501197]
other derivatives: [ 0.02822344 -0.10676558  0.05240508  0.06861592  0.05080403 -0.01316039
  0.00957451]
Current x array =  [-0.68332897 -0.81266656 -0.44184579  0.74117868 -2.44255142  0.94101034
 -3.64120363 -1.02501642 -1.08853154 -0.58662813 -0.65727367 -2.56503177
 -3.27449891 -0.33133231 -0.00782942 -1.02657742 -1.27030314 -2.2031817
 -1.46235669 -2.14303554 -1.54731788 -0.48563955 -0.79775166]
      fun: 8711.493868429652
 hess_inv: <23x23 LbfgsInvHessProduct with dtype=float64>
      jac: array([-0.02822344,  0.10676558, -0.05240508, -0.06861592, -0.05080403,
        0.01316039, -0.00957451,  0.02623454, -0.0077622 , -0.0070262 ,
       -0.03301794,  0.00460603, -0.04043315,  0.01223143, -0.00586117,
       -0.00170328,  0.02174323,  0.02292817, -0.00540185,  0.00381175,
        0.00049867, -0.01005013, -0.00481029])
  message: 'CONVERGENCE: REL_REDUCTION_OF_F_<=_FACTR*EPSMCH'
     nfev: 100
      nit: 86
     njev: 100
   status: 0
  success: True
        x: array([-0.68332897, -0.81266656, -0.44184579,  0.74117868, -2.44255142,
        0.94101034, -3.64120363, -1.02501642, -1.08853154, -0.58662813,
       -0.65727367, -2.56503177, -3.27449891, -0.33133231, -0.00782942,
       -1.02657742, -1.27030314, -2.2031817 , -1.46235669, -2.14303554,
       -1.54731788, -0.48563955, -0.79775166])
