number of sites to be analyzed:  304
log likelihood =  -10523.695065093365
Edge derivatives =  [102.27579359517458, 17.732518979183535, 56.843954808300516, 64.71621305518623, -35.13710818599103, -37.195709243717, 146.29276829125968, 165.4324469916901, 34.0824103731686, 16.070723063341006, -19.717649550355535, 7.624875489936414, -28.80521674198892, -7.60399638582563, 103.63973672715866, 71.89107016976155]
other derivatives: [  21.13688606   48.92305878  -84.16197488  120.47910423 -328.869246
  -57.25885057 -129.43817092]
Current x array =  [-0.71045293 -0.72123181 -0.50913608  0.18232156 -0.10536052 -0.22314355
  0.33647224 -2.30258509 -2.30258509 -2.30258509 -2.30258509 -2.30258509
 -2.30258509 -2.30258509 -2.30258509 -2.30258509 -2.30258509 -2.30258509
 -2.30258509 -2.30258509 -2.30258509 -2.30258509 -2.30258509]
log likelihood =  -9960.952369734696
Edge derivatives =  [92.61243153470478, 24.67872600924661, 71.81798353273483, 78.86952305728958, -15.24891386554605, -14.989506197177922, 163.9088315987002, 178.67143672980583, 48.35449839790626, 31.860605022342774, -0.5716995117334432, 25.773676477995416, -7.098339324557302, 9.966262277620144, 121.03707765950281, 88.44990339755967]
other derivatives: [  78.8848738    55.30823728   23.06894748   87.34171934 -179.23331689
  -24.81858246  -49.59419857]
Current x array =  [-0.70868763 -0.7194377  -0.73408894  0.2085628  -0.98438073 -0.37618823
 -0.00949738 -2.28573919 -2.25518862 -2.28573919 -2.28573919 -2.39650153
 -2.40200388 -2.28573919 -2.28573919 -2.28573919 -2.28573919 -2.35528754
 -2.28573919 -2.3795773  -2.32290948 -2.28573919 -2.28573919]
log likelihood =  -10086.86766117399
Edge derivatives =  [67.3876203068345, 21.927149137763227, 66.31044743517789, 60.97215883916699, -2.9065313269782136, -3.8974195355510814, 119.25425669752585, 133.77185046849712, 44.38657444877778, 34.60582795800383, 7.89297757392464, 29.773596856464824, 8.527931797159573, 14.195254176065152, 98.96773030492143, 66.47796850792743]
other derivatives: [-2815.43209894   -38.06110908   -44.13959687   -87.53281145
   110.15268831    -9.3980525    -22.45444557]
Current x array =  [-0.17702061 -0.47843736 -0.6117284   0.46088962 -2.59238994 -0.60668968
 -0.4801473  -1.93778574 -2.05220797 -1.92202526 -1.898051   -2.53809596
 -2.54296629 -1.5569368  -1.51709307 -2.01515681 -2.07279782 -2.37290337
 -2.08706968 -2.45381588 -2.25081356 -1.72296392 -1.85177861]
log likelihood =  -9578.772952709714
Edge derivatives =  [79.48589566063278, 24.695598009528833, 71.53025533474953, 73.54972035882808, -8.245962933317731, -8.3244764758966, 145.9173327523597, 161.26971663810212, 47.35061216740161, 32.77525630516578, 5.033111342722652, 26.091356437063876, 0.613973641645542, 13.042504212449778, 112.07847584120927, 79.10861510816127]
other derivatives: [-316.30134981   19.58001121   -2.26762859   31.52939826  -44.56340287
  -17.73801341  -40.78213533]
Current x array =  [-0.46910825 -0.61083832 -0.67895092  0.32226611 -1.70898059 -0.48005661
 -0.22158128 -2.12894468 -2.16372163 -2.1218427  -2.11103944 -2.4603067
 -2.46552425 -1.95732682 -1.93937247 -2.16380957 -2.18978371 -2.36322557
 -2.19621489 -2.41303063 -2.29042167 -2.03214184 -2.09018821]
log likelihood =  -9296.993628577768
Edge derivatives =  [59.69920890699398, 18.27427248862871, 58.0718544906499, 51.09404564918485, -2.9063877166031222, -3.2806110217400546, 79.2211651119613, 93.17312688563631, 40.48318940909697, 28.165260027557434, 6.11568151359913, 23.34874819178999, 8.647267717119822, 19.812082528149237, 71.60396173697846, 46.83172554400829]
other derivatives: [ 127.81096848 -308.09698546   36.94992847  -27.65463432  163.5802682
   -8.9282039   -38.72159141]
Current x array =  [-0.7080855  -0.37571469 -0.53330369  0.56323784 -3.05568058 -0.69300159
 -0.6600745  -1.69001314 -1.93949902 -1.6677834  -1.63467044 -2.58528357
 -2.58906844 -1.05458962 -0.97558079 -1.83571767 -1.9371697  -2.35757331
 -1.96742754 -2.46236264 -2.19426393 -1.33265033 -1.56377118]
log likelihood =  -9051.360857474989
Edge derivatives =  [55.475381251890894, 15.29513499118946, 55.0661436837345, 36.33485687317173, 3.5698304000079073, -0.12079762751615568, 30.745848480697205, 47.48506203284635, 41.89962375409489, 30.100098221330978, 7.63593388174991, 12.169903434701094, 14.319809403003532, 29.533705380601486, 32.45946633828339, 31.050944895243923]
other derivatives: [ -68.86954361   27.17656571 -174.40499869  -14.2953395   163.70331296
  -13.7891584   -50.98064139]
Current x array =  [-0.62298657 -0.82374119 -0.35155026  0.70459002 -3.31371053 -0.8016493
 -0.91973207 -1.27385646 -1.78964862 -1.27634205 -1.24005008 -2.64350058
 -2.64645892 -0.31978829 -0.16717762 -1.56259831 -1.74115105 -2.33389669
 -1.79962113 -2.45952046 -2.10003435 -0.75088412 -1.14601384]
log likelihood =  -8900.276803736102
Edge derivatives =  [28.58604685865031, 5.556011537492018, 30.285072420850067, 13.753005384039616, 0.4197821948730261, -2.880668290977842, -20.29021004455438, -19.697831246434188, 21.783604110112552, 15.744757203983525, -0.31365347521458437, 4.23808723603203, 11.557149706774512, 22.61426093961113, -24.347997623374166, -2.8865805228900725]
other derivatives: [-95.56117584  82.63393283 126.79652355 -23.05296039  89.80747211
 -18.91476313 -55.21044231]
Current x array =  [-0.59155859 -0.97319561 -0.54298177  0.81168353 -3.05256226 -0.86938635
 -1.11590442 -0.88478308 -1.67668942 -0.9192362  -0.913738   -2.6568601
 -2.6654943   0.2297085   0.46461735 -1.3090207  -1.56298263 -2.2964595
 -1.6764366  -2.41825758 -1.98177999 -0.30692713 -0.81182689]
log likelihood =  -8826.581928683388
Edge derivatives =  [11.60666056031836, 2.695974598394494, 13.122822959322066, -1.6745461017216952, -0.43350883096612597, -4.062240527377928, -56.8480933017582, -63.80741755483846, 13.127603382806345, 11.790469462496056, -2.6868387548431194, -1.884081737373323, 8.334430806598759, 19.928791128854144, -41.76159830311278, -14.018319061683183]
other derivatives: [ -67.86473568   39.65040924 -181.72481577    0.70244459  -14.16688159
  -14.21036177  -48.99171632]
Current x array =  [-0.63822991 -0.87743808 -0.35986946  0.81639638 -2.58456223 -0.89388652
 -1.215411   -0.72854205 -1.66415962 -0.79241778 -0.82913962 -2.6403081
 -2.65731453  0.28860226  0.54947526 -1.22240048 -1.50884523 -2.28544664
 -1.66242536 -2.37375292 -1.9129247  -0.27776652 -0.76192424]
log likelihood =  -8777.28014521736
Edge derivatives =  [10.437250836889918, 3.028095762381773, 13.457313566631258, 0.974092984030972, -1.4997790707585985, -4.4275267475232924, -39.658371334985034, -43.05912430764617, 14.18268678516881, 11.456098331931527, -0.494826647575698, 5.20244746548248, 6.944641882515942, 16.932367956183555, -13.064262882404325, -1.2757368997460983]
other derivatives: [ 15.38789365   3.53569521 -16.68961522   3.59998376 -26.18509844
  -9.67271808 -40.4759848 ]
Current x array =  [-0.69276051 -0.79484402 -0.44435733  0.73636072 -2.29667448 -0.87625296
 -1.20595164 -0.8368882  -1.71953094 -0.90008628 -0.96588724 -2.61615015
 -2.6393869  -0.04958958  0.18325655 -1.29624607 -1.56341471 -2.29762722
 -1.72772433 -2.35537025 -1.91342286 -0.54746875 -0.93591423]
log likelihood =  -8763.58978323215
Edge derivatives =  [13.278930359701786, 4.390222909239862, 17.363294200468758, 8.892510401404241, -1.2602595442706876, -3.70005284657096, -12.45365706050612, -9.112536701791218, 15.954030958636578, 12.66696406721577, 1.9899055121012312, 9.380708364789003, 6.6381348170661765, 15.83386366919765, 10.922343571702585, 10.307225134189116]
other derivatives: [ 35.54286013 -20.35569378 -13.30489977   4.66434904  -7.44603619
  -5.18008164 -28.97195722]
Current x array =  [-0.70490088 -0.74509734 -0.44966769  0.68973072 -2.27190599 -0.89106748
 -1.28059071 -0.89240014 -1.74043881 -0.94405878 -1.04176887 -2.61392335
 -2.64456735 -0.28996556 -0.07772712 -1.31803666 -1.57682621 -2.30812643
 -1.75059673 -2.34365443 -1.89428399 -0.70510152 -1.03017495]
log likelihood =  -8737.811709989403
Edge derivatives =  [3.5971630421732144, 2.6590549890070596, 9.62446303673435, 8.662018905022254, -1.1572076821753383, -3.379527244378588, -2.352926939898311, 2.982227282874306, 6.864543808572469, 7.298874868369261, 1.4806828902895042, 6.77748958193942, 4.687203680156679, 10.522897435560036, 8.342157911627519, 6.04542024948696]
other derivatives: [ 11.8386306   -8.30738827  15.28047142   2.72973375   7.19843689
  -0.44859007 -17.02188453]
Current x array =  [-0.6844737  -0.78015402 -0.46323941  0.69685051 -2.38631038 -0.95941358
 -1.53890369 -0.76493486 -1.68611566 -0.77870279 -0.93913188 -2.63210239
 -2.67941593 -0.32438057 -0.09799018 -1.17779174 -1.46333931 -2.29683796
 -1.67046783 -2.297018   -1.76913437 -0.63029301 -0.93865613]
log likelihood =  -8725.049304565564
Edge derivatives =  [-9.452540281317239, 0.6217347764845409, -4.680965422229731, 2.2051715755001804, -1.5064500445525466, -3.6004821347829807, -1.2326104584243143, 2.596776161908645, -5.960814215529413, -1.592339129211051, -0.18596940442006957, 0.007677449313797172, 0.5322470210222056, 0.44715464091350965, -2.0360963318549126, -3.4439885174943905]
other derivatives: [-4.84090378  4.7198464   8.04406773  1.81149517 -1.36064321  2.55134813
 -8.41708308]
Current x array =  [-0.6767776  -0.8187723  -0.44923794  0.73720232 -2.42683928 -1.0160197
 -1.86753498 -0.62738884 -1.61585702 -0.56400122 -0.76791776 -2.65561538
 -2.73305769 -0.3263066  -0.05157623 -1.01492928 -1.31332397 -2.27800421
 -1.55690166 -2.22404778 -1.58870689 -0.515633   -0.8160951 ]
log likelihood =  -8722.06702633105
Edge derivatives =  [-4.846192163664852, 1.9954372524008575, -1.1633998827724101, 1.7041896146910542, -0.81657919701344, -2.9390203588006765, 0.8746658534961885, 0.9718854984212162, -1.005278546134175, -0.41137514216840665, 0.3144298929780342, 0.37519095237766015, 0.3131812676827025, -0.9928551510106173, -0.07428373740355187, 0.11042833254202447]
other derivatives: [-6.48655987 -0.11375596  4.74568333 -1.47376159  2.84934534  2.98463783
 -5.56331436]
Current x array =  [-0.67511593 -0.81122316 -0.44677358  0.75405366 -2.43811307 -0.99357143
 -1.986302   -0.71374075 -1.60043752 -0.58906665 -0.72884403 -2.67285363
 -2.77516546 -0.3442846  -0.02241439 -1.05607509 -1.31103227 -2.27551961
 -1.54163951 -2.2095919  -1.56223019 -0.51698314 -0.83568135]
log likelihood =  -8719.428846735027
Edge derivatives =  [-0.7032860092061242, 3.699591131711764, 1.1088941528572376, -1.4001118372762373, 0.10065721929110971, -1.9722838788199561, 1.4870663180002923, -1.641983722869682, 2.4209390395146637, 0.10435944643169826, 0.3850350233286063, -0.1333219165521955, -0.19834877970014758, -2.2855539297140095, 0.4053036892283348, 1.3059233804725108]
other derivatives: [12.13842916  6.46424633 -3.96926043 -1.62983088  1.07890848  3.53472569
 -1.80716197]
Current x array =  [-0.68936727 -0.82013227 -0.44055199  0.75660751 -2.43071318 -0.93503012
 -2.2249239  -0.83965611 -1.54373372 -0.59642784 -0.64837109 -2.70307618
 -2.86549015 -0.35678266  0.00745404 -1.07734198 -1.2924401  -2.26531903
 -1.50745849 -2.18178569 -1.53027737 -0.50567031 -0.8309195 ]
log likelihood =  -8720.702548614208
Edge derivatives =  [-0.10267411119724251, 4.17080427231855, 0.535441621618234, -6.3446292959196855, 0.43083471754109487, -1.4253523395418346, -0.605948397467155, -6.382622845047236, 2.2600215740699734, -1.2061185093567306, 0.006512809836248898, -1.1499959288719108, -0.841020959034026, -4.280504647748306, -1.1708608431690357, -0.44681878530445507]
other derivatives: [-48.30833859 -24.56041693  -8.07519973   0.52339783  -3.96442234
   3.70332236   0.48390801]
Current x array =  [-0.64954596 -0.77968381 -0.44219295  0.74998302 -2.41578179 -0.86394382
 -2.44874999 -0.95363058 -1.4726238  -0.59475829 -0.58201802 -2.72955996
 -2.95724813 -0.35751655  0.02586553 -1.08154783 -1.27470362 -2.25443081
 -1.47782739 -2.15772821 -1.51406076 -0.49620039 -0.81898395]
log likelihood =  -8718.917135728225
Edge derivatives =  [-0.5291336680282662, 3.829448345026429, 1.007859970170908, -2.471657538812838, 0.18882161953174506, -1.834338545411441, 1.0359915593036009, -2.6953137795688487, 2.417017038319758, -0.16883322256970423, 0.3067160348540945, -0.3435590622255913, -0.33180982363242656, -2.717642406742212, 0.08645043512266648, 0.937732974456099]
other derivatives: [-1.10197652 -0.30056253 -4.91417632 -1.18099342 -0.05136313  3.58390571
 -1.19111725]
Current x array =  [-0.68015949 -0.81077947 -0.44093143  0.75507574 -2.42726063 -0.91859301
 -2.27667866 -0.86601015 -1.52729115 -0.5960418  -0.63302843 -2.70919996
 -2.88670713 -0.35695235  0.01171128 -1.07831449 -1.28833894 -2.26280138
 -1.50060696 -2.17622294 -1.52652765 -0.50348061 -0.82815967]
log likelihood =  -8718.317030772007
Edge derivatives =  [0.4840234396499803, 4.280492606251379, 1.475058185652704, -3.8014401770135393, 0.4589567127560565, -1.4668521726742487, 1.2080390634476632, -2.359892336676233, 2.5179158124535777, -0.22107342285093856, 0.2089176884733127, -0.4037259546093664, -0.3659184912797057, -2.4887107192172606, 0.357358032813349, 0.4935410910552056]
other derivatives: [-3.57293175 -3.25278234 -1.3057288   0.06132177 -0.34717168  3.69686495
 -0.07368499]
Current x array =  [-0.67850568 -0.80616877 -0.4438333   0.74505217 -2.42453026 -0.87812128
 -2.38420083 -0.92451992 -1.48797063 -0.59722905 -0.60844593 -2.72188261
 -2.93412969 -0.36008754  0.00714819 -1.07682071 -1.28261894 -2.25739671
 -1.48869552 -2.16690782 -1.52813697 -0.50255483 -0.82153654]
log likelihood =  -8717.31097056999
Edge derivatives =  [1.5602335663291642, 4.518742416241688, 1.7351749376840138, -4.05745380670063, 0.8398310908162192, -0.8975931436559975, 1.2587811543885343, -0.44253861513883597, 1.693016255497339, 0.035892130575987474, 0.14023793677327856, -0.3769016591029648, -0.12148383764129499, -0.7309081023102248, 0.5931127104875655, 0.22119666378100486]
other derivatives: [-5.22871051 -0.89140485 -0.47444337  0.697215   -0.26991714  3.69313784
  1.03788118]
Current x array =  [-0.67707815 -0.80935819 -0.44482912  0.73955324 -2.42190572 -0.78782967
 -2.53945093 -1.00845573 -1.39563203 -0.59002552 -0.60598151 -2.73627543
 -3.01476158 -0.3530575  -0.00915994 -1.06122507 -1.27801523 -2.2487681
 -1.4757988  -2.15631432 -1.54777025 -0.49948522 -0.81388559]
log likelihood =  -8730.710312496045
Edge derivatives =  [0.8334010709226108, 0.45050230077629844, -4.083321176959608, -1.6027541121123565, 1.063012685327019, 0.13416027887443296, -1.4234048461189621, 1.1896596700419808, -5.299935970253339, -2.3014265607724615, -1.3834309004733198, -1.349853226400614, -0.8187348551348703, 1.4613041236068922, -5.338228091396073, -5.343788115576157]
other derivatives: [ 70.49684791 -82.17400318  34.52771489  -5.63373032  13.83163466
   3.61146158   2.65397107]
Current x array =  [-0.74423586 -0.70432958 -0.45710993  0.75300888 -2.49741704 -0.42012201
 -3.07147317 -1.21555571 -0.97311752 -0.49945439 -0.64500425 -2.76854872
 -3.30603629 -0.26390329  0.01372477 -0.97269311 -1.23733689 -2.21684641
 -1.42518757 -2.11731975 -1.57839981 -0.43502584 -0.75381056]
log likelihood =  -8717.095022640759
Edge derivatives =  [1.5635489433547527, 4.412813284237596, 1.4696981911869778, -3.8534265289018084, 0.8700603762417064, -0.8099720855024808, 1.1486011996384047, -0.29896408999926394, 1.3227902611776647, -0.07129995884015758, 0.06308699824388066, -0.40281130807112964, -0.14810173248428227, -0.5623092364677428, 0.29066399873990534, -0.06363081581276972]
other derivatives: [ 0.03920832 -5.15436113  1.66191239  0.2825218   0.65003844  3.68883411
  1.19288651]
Current x array =  [-0.6811545  -0.80298315 -0.44557454  0.74036998 -2.42648912 -0.76551048
 -2.57174372 -1.02102633 -1.36998617 -0.58452802 -0.60835012 -2.73823436
 -3.03244143 -0.34764601 -0.00777088 -1.05585134 -1.27554613 -2.24683051
 -1.47272679 -2.15394742 -1.54962941 -0.49557265 -0.81023914]
log likelihood =  -8715.783828228125
Edge derivatives =  [1.7657697592684571, 2.9914013409907008, -0.020570345702584703, -2.447304649128379, 1.281366289002609, -0.05325034358394385, -0.7723795512050929, 1.748456576217524, -1.619345768317169, 0.24983481315968495, -0.1994755755246329, -0.3321245394440157, 0.36815876974990175, 2.9640285635121306, -0.7397728630455389, -1.0828105753955768]
other derivatives: [ 3.0543797  -5.07058758  2.92112964  0.07317249  0.37747127  3.43520696
  1.98639721]
Current x array =  [-0.68364098 -0.80305348 -0.44589331  0.74100845 -2.42500101 -0.56686777
 -2.81619405 -1.14556477 -1.16020364 -0.55624152 -0.6497934  -2.75263089
 -3.1793673  -0.30953156 -0.02686873 -1.01508153 -1.27066388 -2.23146985
 -1.45812519 -2.13998844 -1.59515539 -0.48268472 -0.79527664]
log likelihood =  -8714.97433557809
Edge derivatives =  [1.319288587633357, -1.0536947817615487, -1.0665634553747891, 0.45321449091538335, 1.4964519391869673, 0.5230798942514322, 0.9294850055644935, -0.25193241448378745, 0.6711557829038013, -0.4948369345103797, 0.06909288554829518, 0.14993413126770758, -1.1314016513753207, -1.3453941627496064, 1.970654911886927, 0.4835069584771102]
other derivatives: [-4.94805317  4.70979649 18.69318112  1.46657658  1.7708968   2.93488483
  2.00654789]
Current x array =  [-6.77018341e-01 -8.18832259e-01 -4.55342364e-01  7.27363449e-01
 -2.43320085e+00 -3.08504531e-01 -3.02016649e+00 -1.23596114e+00
 -9.15494634e-01 -5.46192463e-01 -7.13520709e-01 -2.73820797e+00
 -3.31881156e+00 -3.23445822e-01 -2.40167154e-03 -1.03687404e+00
 -1.25228092e+00 -2.22119936e+00 -1.44772013e+00 -2.11077138e+00
 -1.53625726e+00 -4.96437561e-01 -8.03104404e-01]
log likelihood =  -8716.453940467838
Edge derivatives =  [1.5178023597103953, -1.358272506364003, -0.5839561780020692, 1.930623773788085, 1.5873092881947508, 0.5794725743465255, 0.8943552349334836, 0.6997183931923289, 1.591521744041976, 0.45188794812706934, 0.20886362489887095, -0.44956741486567653, -1.0732121533472196, -0.90304412097856, 2.3243073473125837, 0.6395753453851567]
other derivatives: [ -7.55264045  -5.70709744 -60.79027844   5.56928171   1.16359121
   2.72009129   1.68249535]
Current x array =  [-0.68022018 -0.80347227 -0.41022594  0.71808878 -2.43830055 -0.25765075
 -2.99501515 -1.22206756 -0.88396888 -0.55372138 -0.74312688 -2.72214126
 -3.32368919 -0.32545509 -0.00665136 -1.04097146 -1.25660701 -2.22163827
 -1.45582573 -2.11649952 -1.53484527 -0.49900221 -0.80359203]
log likelihood =  -8714.716518672663
Edge derivatives =  [1.370303817257952, -1.0886298301886734, -0.952082528723422, 0.7137303817412793, 1.5148890317727841, 0.5350846563462615, 0.967619450032229, -0.05938689942186037, 0.836811294836083, -0.33310114942999525, 0.09943255503733753, 0.08038872016811174, -1.1127196966461477, -1.263257766903739, 2.065302181530383, 0.5370614349396521]
other derivatives: [-5.3733911   3.14577301  7.54538087  2.10402141  1.70011821  2.90408934
  1.95701239]
Current x array =  [-6.77510160e-01 -8.16472889e-01 -4.48412259e-01  7.25938815e-01
 -2.43398419e+00 -3.00693141e-01 -3.01630312e+00 -1.23382702e+00
 -9.10652123e-01 -5.47348942e-01 -7.18068362e-01 -2.73574005e+00
 -3.31956079e+00 -3.23754457e-01 -3.05444422e-03 -1.03750342e+00
 -1.25294543e+00 -2.22126678e+00 -1.44896519e+00 -2.11165125e+00
 -1.53604037e+00 -4.96831503e-01 -8.03179305e-01]
log likelihood =  -8714.351386134222
Edge derivatives =  [1.143750035482936, -0.14258074355265554, -0.5325047879382271, 1.4816765262138574, 1.3383133168593957, 0.3119492777338204, 0.6934255532012288, 0.06418574878127947, 0.8824153100074849, 0.15623100289092964, 0.17430635688506713, 0.4277332874002783, -0.6887617263066248, -0.5562096684785242, 1.7939386903723094, 0.6550866599929891]
other derivatives: [-0.29328294 -1.13084934 -3.04498644  1.82721851  1.99124992  2.83858026
  1.54966256]
Current x array =  [-0.68183654 -0.80936218 -0.44178945  0.72957046 -2.43392531 -0.36197953
 -2.8845993  -1.1705645  -0.97890979 -0.55533761 -0.73216808 -2.72304658
 -3.25835648 -0.32061343 -0.00484854 -1.03978608 -1.26354223 -2.22755986
 -1.46392757 -2.12673983 -1.54550941 -0.49797243 -0.80722909]
log likelihood =  -8714.120286320234
Edge derivatives =  [0.6071253344738661, -0.4061924245167413, -0.7334856359146955, 2.2183161929354593, 1.1437423925842412, 0.17014876373119087, 0.15394046127003685, -0.23759128896036819, 0.527705910184151, 0.20129518159409324, 0.16091646003343274, 0.613093916010369, -0.5021883175102554, -0.34764180622154456, 1.129812844385898, 0.4900828746069741]
other derivatives: [ 1.3550125  -1.63995537 -4.18369382  1.29593536  1.1650162   2.61848436
  1.07273661]
Current x array =  [-0.68320985 -0.80842383 -0.44089153  0.7342496  -2.42981285 -0.36501053
 -2.80895147 -1.13140304 -0.99296165 -0.55817663 -0.75241304 -2.70871699
 -3.23165333 -0.31602719 -0.00557759 -1.03858147 -1.26891812 -2.23033528
 -1.47331238 -2.13588065 -1.54968318 -0.49688118 -0.80903229]
log likelihood =  -8713.666136227504
Edge derivatives =  [0.3121586919770456, -1.0670344340338043, -0.22186329314596814, 2.2853255078597283, 0.7674053824915111, -0.016545964066271852, -0.31342349459983554, 0.02875664713936299, -0.05022236080654921, -0.1479291815300142, -0.009856935351325279, 0.07939873708531964, -0.24019402151810906, -0.16111971717696438, -0.7592711721664678, -0.1860561748975622]
other derivatives: [ 1.23266545  0.1916942  -1.24895269 -0.89900277 -0.45587611  2.07001722
  0.23129208]
Current x array =  [-0.68295245 -0.81121086 -0.44218443  0.74936439 -2.42129395 -0.30450573
 -2.74427496 -1.09943419 -0.98904969 -0.57324169 -0.75168066 -2.67871372
 -3.21955921 -0.31626839 -0.01340205 -1.03631763 -1.27225145 -2.23029245
 -1.47392139 -2.14834907 -1.55440971 -0.48929554 -0.80835953]
log likelihood =  -8713.286200420425
Edge derivatives =  [0.19056962613484485, -1.871631504469518, 0.3576264511096606, 1.6704411901146976, 0.27956689384670197, -0.21437677768364896, -0.5143579551295909, -0.004810597949518214, -0.31664473488830447, -0.4422881469893364, -0.05420449487232148, -0.47321934050864123, -0.0021471937020805937, -0.3037602363886837, -1.1000310483884164, -0.385553966293125]
other derivatives: [ 0.18252649  1.43476063  1.03749699 -1.44119076 -1.25519597  1.13638271
 -0.98481984]
Current x array =  [-0.68224199 -0.8130447  -0.44344053  0.7528896  -2.41858401 -0.19499864
 -2.68848163 -1.06781287 -0.98241141 -0.59218158 -0.72802008 -2.63557614
 -3.21669688 -0.32403356 -0.01910841 -1.03807354 -1.27679542 -2.2299014
 -1.47348313 -2.16246945 -1.55494933 -0.49245681 -0.81197677]
log likelihood =  -8712.932744638478
Edge derivatives =  [0.501555145260012, -2.044298124395389, 0.35116668913605364, -0.10327964830340552, 0.10015070892492846, -0.1945958121983089, -0.4081182720141495, -0.25335618739106824, -0.029872495261704962, -0.11663842075118436, -0.02622088250095514, -0.4437598928802188, 0.1973478818000057, -0.03156514739142985, -1.036351353629938, -0.06886524681885739]
other derivatives: [ 3.4076802   4.23048732  2.52490099 -0.89899004 -1.66435992  0.58189835
 -1.34047397]
Current x array =  [-0.68468927 -0.81713785 -0.44410971  0.7494322  -2.42054916 -0.06881825
 -2.73143286 -1.06786846 -0.98105974 -0.59594463 -0.67661882 -2.60458294
 -3.24604131 -0.3347929  -0.018603   -1.04031007 -1.28148906 -2.22630419
 -1.47359747 -2.16712152 -1.5572606  -0.49300082 -0.81444072]
log likelihood =  -8714.916344160825
Edge derivatives =  [-0.03151959649375302, -2.538254303553912, -0.9578362620022909, -4.9073224827728925, -0.6592329174828437, -0.3159419980267707, -1.033479026693791, -1.707266943338693, -1.1733359615395635, -0.29527495722708974, -0.16266490389583502, -0.3844660379870045, 0.5952225445959821, -0.03801275419458704, -2.092597641118181, -0.9578531329992019]
other derivatives: [-47.21156074 -23.3291903    5.11965845   0.2020297   -0.11145657
  -0.79690835  -2.26702165]
Current x array =  [-0.65106802 -0.78223514 -0.4478488   0.74454563 -2.44325902  0.19124859
 -2.82258403 -1.04379587 -1.0167759  -0.59390134 -0.56374698 -2.53579011
 -3.2996291  -0.35115757 -0.01442985 -1.03611249 -1.29183306 -2.21880399
 -1.47935164 -2.17890088 -1.56815711 -0.4896682  -0.81282046]
log likelihood =  -8712.854049781301
Edge derivatives =  [0.4589302342789143, -2.081807061236485, 0.2518904598064445, -0.4616086821036064, 0.04477851179675423, -0.2033211215218005, -0.4470476284446549, -0.36340609704022564, -0.11381589657548516, -0.1237040231437179, -0.03490087977611412, -0.4340690077945525, 0.23219797301024214, -0.02618599478766845, -1.1104500353911302, -0.1308753436193815]
other derivatives: [-0.426724    2.15062937  2.73684236 -0.82277074 -1.53262458  0.48806396
 -1.39605265]
Current x array =  [-0.68200327 -0.81434948 -0.44440843  0.74904182 -2.42236344 -0.04804157
 -2.73871491 -1.06594531 -0.9839131  -0.59578139 -0.66760151 -2.5990871
 -3.25032243 -0.33610027 -0.01826961 -1.03997473 -1.28231544 -2.225705
 -1.47405717 -2.16806257 -1.55813112 -0.49273458 -0.81431127]
log likelihood =  -8712.570299329309
Edge derivatives =  [0.7679771586072959, -1.7812373419227212, -0.14404763555547526, -2.255644471141493, 0.07339317524609297, -0.09028623419821179, -0.05443878636834887, -0.5666654724448347, 0.34047294967773567, 0.4115101869469703, 0.05192572627813185, 0.024023064921097265, 0.3146264444643737, 0.20861465354847508, -0.48847955118155095, 0.3450041749298438]
other derivatives: [-1.82554868  0.13353565  1.11737427  0.38885264 -0.69711389  0.46480454
 -1.05612781]
Current x array =  [-0.68136481 -0.81172528 -0.44347856  0.74128269 -2.43158628  0.04866914
 -2.82158456 -1.07649311 -0.99455301 -0.58829844 -0.61981388 -2.58288806
 -3.28623248 -0.34552002 -0.01326157 -1.04187537 -1.28575382 -2.22180429
 -1.47677515 -2.1658841  -1.55935757 -0.49368024 -0.81512402]
log likelihood =  -8712.411985309656
Edge derivatives =  [1.0869919934694272, -1.4901152511493176, 0.203217770867194, -1.5921471174225452, -0.040407459951469264, -0.04447949188728498, 1.1029949339593415, 0.6550097287596605, 0.3186392800648242, 0.24946624547102503, 0.09802113357057451, 0.2181615199412421, 0.17620379197881073, -0.08717044292915847, 0.7609980833818022, 0.2751316159862979]
other derivatives: [ 2.96082726 -2.65269409  3.35562254 -0.311029    2.25340974  0.22806853
 -1.11225732]
Current x array =  [-0.68473196 -0.80765624 -0.44406122  0.74183711 -2.44453715  0.13446899
 -2.87190248 -1.06863284 -1.00737213 -0.58735447 -0.61806704 -2.56475624
 -3.31028191 -0.35194295 -0.01540839 -1.03957777 -1.28255889 -2.21868767
 -1.47770853 -2.16267564 -1.55463429 -0.49923375 -0.81171937]
log likelihood =  -8712.217824501093
Edge derivatives =  [1.3248401905915257, -0.6395374174138357, 0.30488870238440197, -1.273625791729719, -0.0776609161182881, 0.03113545403118787, 1.9118264661249982, 1.4497048312942309, 0.20863925936067276, 0.2798002356163749, 0.17363179703986822, 0.5234870870216068, 0.08631735705976962, -0.03199362366679866, 1.9240835711606379, 0.17553942014562796]
other derivatives: [-0.08507232 -0.50268136 -0.84781823 -0.1007611   4.08007617  0.22951463
 -0.845201  ]
Current x array =  [-0.68233045 -0.81164507 -0.44136118  0.74060481 -2.45614668  0.22333993
 -2.94853916 -1.05376086 -1.05240753 -0.58003483 -0.61253564 -2.54721085
 -3.33699357 -0.35614838 -0.01481744 -1.03461284 -1.27938852 -2.21472765
 -1.48112977 -2.15705205 -1.55295689 -0.50331043 -0.80616213]
log likelihood =  -8711.9694121816
Edge derivatives =  [1.0733033246565404, 0.09509264413215138, -0.38989046742606764, -0.9731011344476534, -0.18254102688273935, 0.11900837457184557, 1.8226818635073603, 1.040003885953554, -0.5123013346111374, -0.19613204756007088, 0.0341469384129927, 0.7077102129639538, -0.23165818679601613, -0.223292141989071, 1.887731621413667, -0.6176845195701237]
other derivatives: [ 1.13045644 -1.40513839 -0.69578527  0.10671101  3.66221758  0.34074583
 -0.40186242]
Current x array =  [-0.68343848 -0.81084369 -0.44119327  0.73989735 -2.45774676  0.33988713
 -3.07109794 -1.03829029 -1.10129202 -0.56618677 -0.61888461 -2.52981942
 -3.38011873 -0.35269332 -0.00949135 -1.02527459 -1.2716541  -2.2080354
 -1.48181423 -2.14596136 -1.54982694 -0.50092132 -0.79655211]
log likelihood =  -8713.56377956997
Edge derivatives =  [0.42839927768746877, -0.5923427971566189, -0.708418338763678, 0.897301528332756, -0.46778659134325545, 0.375991995868738, -0.6431256139725279, -0.6087310018992005, 0.29015559844548666, -0.691915055371487, -0.15729819334403689, -1.2697135833615827, -0.9732582523392972, -1.2149978007301931, -0.8513110047112722, 0.2815000779977672]
other derivatives: [ -5.4868724    1.51765744 -58.13425742   1.61648859  -2.85143803
  -0.9298019   -1.20224455]
Current x array =  [-0.68214994 -0.81587254 -0.41015981  0.74687867 -2.43550974  0.7358067
 -3.36027002 -1.02843008 -1.05733341 -0.57107609 -0.67920063 -2.47642654
 -3.5209783  -0.3337225  -0.00860777 -1.03215714 -1.26173209 -2.19266795
 -1.46044294 -2.12884142 -1.53361773 -0.48611928 -0.80617361]
log likelihood =  -8711.928634041637
Edge derivatives =  [1.034341367042959, 0.05458384483660811, -0.40412042543124693, -0.8367587472191286, -0.19645895705342523, 0.13989139731186345, 1.6745203699769444, 0.9425820783880678, -0.4478589094058948, -0.21936036853204913, 0.025332807955666704, 0.5905995220522047, -0.2755985260847239, -0.28130810171218634, 1.7247879563707174, -0.5446453776103812]
other derivatives: [ 0.68188638 -1.20849654 -4.21678851  0.20927109  3.24009643  0.26286216
 -0.43894668]
Current x array =  [-0.68335323 -0.81117639 -0.43914013  0.74035923 -2.45627559  0.36608069
 -3.09022922 -1.03763795 -1.09838377 -0.56651024 -0.62287505 -2.52628701
 -3.38943783 -0.35143823 -0.00943289 -1.02572993 -1.27099767 -2.20701871
 -1.48040033 -2.14482872 -1.54875456 -0.49994204 -0.79718865]
log likelihood =  -8711.727981922391
Edge derivatives =  [0.43861328237800407, 0.11830706227694276, -1.066454082495736, -0.23551416694801272, -0.3655146957742146, 0.21943230891132967, 0.635778654982635, -0.19278005858261837, -0.933826282125457, -0.8139528817081707, -0.17583942247055925, 0.30943863603029803, -0.5998587076042371, -0.6587284094362045, 0.42743506904310813, -0.9862754377319526]
other derivatives: [-0.05997754 -0.05467518 -4.05364881  0.18305036  0.56778611  0.07145172
 -0.38925342]
Current x array =  [-0.68313257 -0.81316076 -0.43930557  0.74285575 -2.44593744  0.50271817
 -3.2111131  -1.02426647 -1.11481702 -0.56060876 -0.64679429 -2.50797089
 -3.43896874 -0.34114432 -0.00563047 -1.02155195 -1.26447979 -2.20038119
 -1.47517426 -2.13563663 -1.5447137  -0.49241908 -0.79415185]
log likelihood =  -8711.680709514018
Edge derivatives =  [0.23011511806766696, -0.04789538852228423, -0.5817304424516964, 0.1950809955657915, -0.2725545363149477, 0.36034172194905756, 0.18025990521599394, -0.2371666585656862, 0.3296311193383663, -0.22134780488788633, -0.04895873401118114, 0.3841748667415594, -0.44715250762765985, -0.54532562700306, 0.22431471274391646, 0.6751567666386624]
other derivatives: [-4.72751708  3.05699541  4.66676283  0.15804835  0.51741094  0.072494
 -0.19207772]
Current x array =  [-0.67900593 -0.81750247 -0.44509585  0.7405528  -2.44319493  0.60355061
 -3.31110579 -1.02652161 -1.10420613 -0.56954245 -0.66072782 -2.50240094
 -3.47962495 -0.3337623  -0.0078604  -1.0346858  -1.27085656 -2.19830425
 -1.46770596 -2.13442971 -1.54630892 -0.49052948 -0.80815311]
log likelihood =  -8711.630706152177
Edge derivatives =  [0.17731798316640426, -0.07030400196294515, -0.6979804364928208, 0.1873954319199877, -0.3339953279594148, 0.34228320634709947, -0.010645889105705963, -0.3922468601911822, 0.09203022315748188, -0.3675005155926354, -0.12408122973606348, 0.2224442447318098, -0.4902311490661725, -0.555834407235499, -0.08565962343111533, 0.30733822830963636]
other derivatives: [-0.79398524  0.6131886   1.07803498  0.10049371 -0.01359464 -0.02722663
 -0.29964625]
Current x array =  [-0.68236995 -0.81361584 -0.44269702  0.74170074 -2.44094835  0.61489473
 -3.31296359 -1.02368627 -1.10408064 -0.56960013 -0.66159879 -2.49934696
 -3.48135203 -0.33292416 -0.00757035 -1.032526   -1.26978961 -2.19771831
 -1.46707814 -2.1346635  -1.54626174 -0.48916243 -0.80579659]
log likelihood =  -8711.623244665569
Edge derivatives =  [0.1828970747450962, -0.044764190736240994, -0.6205028679302869, 0.13667531278999928, -0.32375889535845215, 0.3486536163622989, -0.054889005326101636, -0.34082424006342743, 0.16896694642421142, -0.26072649914465496, -0.12358313642686097, 0.20036658813399244, -0.4340043112556559, -0.4353783209700989, -0.10291179812867579, 0.34644503615415645]
other derivatives: [ 0.10449185 -0.08806637  0.24595465  0.11567136 -0.00801963 -0.0199816
 -0.28166593]
Current x array =  [-0.68312997 -0.81244086 -0.44219168  0.74156387 -2.44077782  0.62144536
 -3.31920797 -1.02311258 -1.10483633 -0.57116345 -0.66033631 -2.49912967
 -3.48300952 -0.33253084 -0.00810759 -1.03314479 -1.27103023 -2.19778695
 -1.46644462 -2.13563941 -1.54762341 -0.48900946 -0.80616662]
log likelihood =  -8711.613274450221
Edge derivatives =  [0.17842499879910212, 0.05768114929811513, -0.39726612398834005, 0.08253756140839336, -0.2872918727849838, 0.36738253516501035, -0.12477678823469801, -0.16434534798614986, 0.32387397431394777, -0.003750836421022835, -0.11466929195495001, 0.1720883299211619, -0.2861101929039278, -0.12707057458673143, -0.08195041480652643, 0.4205830095023513]
other derivatives: [ 0.83705527 -0.76436118 -0.5862621   0.11406883  0.06787256  0.03670357
 -0.19478485]
Current x array =  [-0.6837376  -0.811235   -0.44174503  0.74137314 -2.44062882  0.63482961
 -3.33554647 -1.02070112 -1.1096723  -0.57487582 -0.65886214 -2.49953456
 -3.48619675 -0.33135726 -0.00962783 -1.03420061 -1.27388454 -2.19808996
 -1.46496234 -2.13788784 -1.55110806 -0.48889999 -0.8066154 ]
log likelihood =  -8711.605024245275
Edge derivatives =  [0.15720110973508417, 0.14510656143429296, -0.17478795997513147, 0.06517436062386989, -0.25794651416113346, 0.37965338989754605, -0.137736701394029, 0.020854890142500915, 0.3147044940958893, 0.15409909443689665, -0.11848923491193761, 0.1077187416489546, -0.1547753221168052, 0.12347927160355945, -0.0331309755976994, 0.29372195198073314]
other derivatives: [ 0.77639743 -0.58758997 -0.79894926  0.05881884  0.07054823  0.08947609
 -0.11932119]
Current x array =  [-0.68367138 -0.81142014 -0.44166735  0.74163788 -2.44029162  0.64499218
 -3.34904437 -1.01785985 -1.11422434 -0.57845497 -0.65817249 -2.50077162
 -3.4873741  -0.33079659 -0.01112242 -1.03356056 -1.2756131  -2.19862476
 -1.46333499 -2.14015984 -1.55380799 -0.48903921 -0.80524497]
log likelihood =  -8711.600516938586
Edge derivatives =  [0.03069979576045731, 0.10854134189232333, 0.09910919808660734, -0.023927636172658917, -0.2666788714013988, 0.37103240062292964, -0.06518627065595173, 0.14129281750257222, -0.09146924138207982, 0.08454273633828457, -0.1420683281816876, -0.11954480487394133, -0.011128924322176728, 0.19912906047881196, 0.024833269206540276, -0.24807054399913855]
other derivatives: [-1.78956179 -1.86034231 -1.12299131 -0.04495996 -0.0036677   0.06300434
 -0.12828152]
Current x array =  [-0.68194119 -0.80974676 -0.44157927  0.74236763 -2.44006254  0.66442889
 -3.36435312 -1.01240147 -1.1147436  -0.5848895  -0.65559819 -2.50350008
 -3.48452755 -0.33248301 -0.01237837 -1.02933988 -1.27545628 -2.2007305
 -1.46024391 -2.14487942 -1.55443296 -0.48971133 -0.8007339 ]
log likelihood =  -8711.588996425293
Edge derivatives =  [0.035073357947513095, 0.1259143443101176, 0.37491728734856317, 0.07279969535255182, -0.230964749681482, 0.3870361268353866, 0.040759577723530116, 0.3452718414790029, -0.08349117902751305, 0.16871103321746778, -0.11870877137072684, -0.18135405650089176, 0.08737015814259168, 0.30704380156644057, 0.1571823325441435, -0.2505632801998324]
other derivatives: [ 0.20147854  0.1471908   0.37798236 -0.16003105  0.0849579   0.06942901
 -0.1016399 ]
Current x array =  [-0.68318118 -0.81252799 -0.44235974  0.74248362 -2.43989551  0.68103126
 -3.3805247  -1.01012281 -1.11386796 -0.58894967 -0.65620724 -2.50535571
 -3.48577671 -0.33285188 -0.01330266 -1.02857526 -1.27589281 -2.20188285
 -1.45812897 -2.14714065 -1.55467576 -0.49011855 -0.80001475]
log likelihood =  -8711.587989435604
Edge derivatives =  [0.027206888024784576, 0.08101245836446042, 0.29604629556546297, 0.06707299307879722, -0.23789079910589572, 0.3815442347845282, 0.05867875118974397, 0.2500238902010849, -0.11346404662088996, 0.08778000280198323, -0.11063918054520414, -0.16338167050897165, 0.04278572176938192, 0.18636860313283637, 0.14840458859750827, -0.21620166941343089]
other derivatives: [ 0.01080298  0.20182051  0.43095497 -0.11019438  0.06321907  0.04560934
 -0.13234613]
Current x array =  [-0.68305553 -0.81266993 -0.44237661  0.74225938 -2.44007685  0.67898746
 -3.37686335 -1.0107348  -1.11169929 -0.5878549  -0.65612853 -2.50560382
 -3.48437418 -0.33338913 -0.01247022 -1.02841986 -1.27491815 -2.20210848
 -1.45865216 -2.14667327 -1.55317374 -0.49008925 -0.80033164]
log likelihood =  -8711.580182658749
Edge derivatives =  [-0.10078033565808317, -0.00722082510489129, 0.155292224204658, -0.054390852369655546, -0.19526881366751364, 0.3767388081364753, 0.053189505701338735, -0.07606743730149074, -0.1495851398421265, -0.02803727677697726, -0.04603512415312344, -0.08641013657496456, 0.03908028932303441, -0.04315371243618861, 0.07958960142470062, -0.03418850704587417]
other derivatives: [-0.53184704  0.15794649  0.65954009  0.12411692 -0.07931633  0.03958485
 -0.13030563]
Current x array =  [-0.68274725 -0.81272714 -0.44251265  0.74101282 -2.44045263  0.68736916
 -3.38496101 -1.0087196  -1.10870842 -0.58717037 -0.65390908 -2.5112307
 -3.47660347 -0.33465188 -0.00959797 -1.02795521 -1.2730042  -2.20510911
 -1.45943904 -2.14831231 -1.54952827 -0.48928648 -0.80147657]
log likelihood =  -8711.570515305386
Edge derivatives =  [-0.25193513137643375, -0.06427228920835922, 0.12495762419888251, -0.13026679517700754, -0.07935163620737834, 0.38289036694071166, 0.11345676911895264, -0.259806438291239, -0.06134508919212389, -0.07475511375003452, 0.07814275728683065, -0.02986853295966091, 0.10968784656857833, -0.2436895899597497, 0.00014324349746797083, 0.2437442768563987]
other derivatives: [-1.29724867  0.85570355 -1.3559129   0.28656905 -0.13995011  0.04587673
 -0.09297798]
Current x array =  [-0.6823432  -0.81396086 -0.44125381  0.74074459 -2.44166803  0.71576819
 -3.41342783 -1.00404    -1.10604645 -0.58774453 -0.65136656 -2.52220843
 -3.4631599  -0.33609269 -0.00684635 -1.02767193 -1.2706579  -2.21064734
 -1.45961359 -2.15195808 -1.54492286 -0.48757387 -0.80241636]
log likelihood =  -8711.562366545477
Edge derivatives =  [-0.47330437254442936, -0.1241078093312222, -0.012763032647254091, -0.34604295802325696, 0.024458863486022386, 0.3630583729194434, 0.2553642232784037, -0.45779842431330525, -0.19371795813291365, -0.24065681952198667, 0.1802447310513072, 0.11983111775227026, 0.20615298542262037, -0.4738440429488304, -0.11991197900377504, 0.2352390363143979]
other derivatives: [ 0.15849582 -0.45193883  1.10720794  0.14181933  0.06924321  0.07484414
 -0.04000758]
Current x array =  [-0.68347694 -0.81211954 -0.44245886  0.74095    -2.44364792  0.73888404
 -3.43787529 -0.99738477 -1.10637718 -0.58773146 -0.64516628 -2.53695264
 -3.44018109 -0.33843268 -0.00360849 -1.02555934 -1.26771182 -2.21782877
 -1.460755   -2.15721016 -1.540415   -0.48560198 -0.80111704]
log likelihood =  -8711.558208936129
Edge derivatives =  [-0.4092577538791182, -0.04995208663850667, 0.062393729139957554, -0.27857712389497724, 0.03545011001956637, 0.37176528108106777, 0.21479714311704223, -0.281639184164074, -0.07204291600673138, -0.1146442411170048, 0.16755914272265415, 0.09277983141297554, 0.22938995301744114, -0.30592256103634824, -0.09439472963329676, 0.22119781303221125]
other derivatives: [ 0.0706641  -0.01176704 -0.04964022  0.08485222  0.08523629  0.09930773
 -0.01093869]
Current x array =  [-0.68338878 -0.81272066 -0.44181024  0.74153499 -2.44338654  0.73891439
 -3.4400309  -0.99830995 -1.10884146 -0.58787166 -0.64670307 -2.53587418
 -3.4422494  -0.33714649 -0.00513487 -1.02653389 -1.26899344 -2.21680151
 -1.4603687  -2.15644201 -1.54257509 -0.48571776 -0.80091074]
log likelihood =  -8711.554121223247
Edge derivatives =  [-0.3608637972798155, 0.046720136740903334, 0.10192676499072162, -0.21993663349931933, 0.08105851540438078, 0.3751718728688007, 0.17712491144157982, -0.052528979825467836, 0.08825765111993839, 0.01633883785188678, 0.17199918182356808, 0.09746086695792198, 0.2737886591594916, -0.12223310799698413, -0.09597382204006921, 0.16314164804502643]
other derivatives: [ 0.11759948  0.31871969 -0.89180685 -0.08372808  0.17259526  0.14016769
  0.0423653 ]
Current x array =  [-0.68337961 -0.81318618 -0.44130372  0.74272132 -2.44352     0.74509924
 -3.44980835 -0.99870527 -1.11266457 -0.58728386 -0.64788074 -2.53886413
 -3.43700173 -0.33548096 -0.0067875  -1.02763225 -1.26998913 -2.21714137
 -1.46026303 -2.15610403 -1.544704   -0.48532775 -0.79996767]
log likelihood =  -8711.54833462127
Edge derivatives =  [-0.32641875923967084, 0.1311581927133595, 0.04506709165035122, -0.17067181348789545, 0.14657424826773224, 0.36585934116499086, 0.09631318021589058, 0.13323107569169063, 0.2509885857815788, 0.09501342013123279, 0.18730419245372562, 0.12201841628369033, 0.29620543363331786, 0.008608272814624923, -0.12273800480942976, 0.05834050375313868]
other derivatives: [-0.11127304  0.5945476  -1.02918057 -0.27599708  0.22934595  0.17294951
  0.09149265]
Current x array =  [-0.68314288 -0.81362097 -0.4412164   0.74396909 -2.44365927  0.75735202
 -3.46558256 -0.99997074 -1.11611256 -0.5853026  -0.64941264 -2.5457962
 -3.42306269 -0.33327278 -0.0082462  -1.02881563 -1.27026332 -2.21854356
 -1.46041955 -2.15524757 -1.54627397 -0.48468184 -0.79849618]
log likelihood =  -8711.57140190141
Edge derivatives =  [-0.0819653366969796, 0.3121959831790669, -0.17494692193403039, 0.025652709960638176, 0.25048357310407104, 0.2772857107455587, -0.14607542406183455, 0.46832865366994764, 0.19243315027736166, 0.022082872249390817, 0.16792878168742836, -0.09419306941572118, 0.17391887895579183, 0.18277399907185687, 0.03346298007328086, -0.6366904133817723]
other derivatives: [ 4.48074388 -0.55360579 -6.3573716  -0.29254261  0.01127676  0.12793134
  0.06053515]
Current x array =  [-0.6868992  -0.81161803 -0.43788894  0.74478288 -2.44246806  0.79476964
 -3.50200069 -1.00842236 -1.11737988 -0.58024119 -0.65542302 -2.5663143
 -3.3704107  -0.32854762 -0.01147401 -1.02733058 -1.26822694 -2.221769
 -1.45918994 -2.15028709 -1.54848454 -0.48530425 -0.79174664]
log likelihood =  -8711.545572486712
Edge derivatives =  [-0.28688614076967456, 0.1602563493263781, 0.010425998776051604, -0.13880012825137775, 0.16418547219979623, 0.3524485462680703, 0.058084434923085015, 0.18746635183121113, 0.24219158629090923, 0.0840721771838159, 0.18436235134976092, 0.08827216476151273, 0.27680030228047453, 0.03679912630454503, -0.0970824977285627, -0.05241525305361916]
other derivatives: [ 0.62879735  0.41108433 -1.87636761 -0.27899841  0.19507398  0.16573904
  0.08670353]
Current x array =  [-0.68374519 -0.81329981 -0.44068285  0.74409958 -2.44346826  0.76335183
 -3.4714221  -1.00132593 -1.11631578 -0.58449102 -0.65037639 -2.54908622
 -3.41462009 -0.33251511 -0.00876377 -1.02857751 -1.26993679 -2.21906075
 -1.46022238 -2.15445217 -1.54662843 -0.48478164 -0.79741391]
log likelihood =  -8711.531709976713
Edge derivatives =  [-0.19808710321933182, 0.23644106921645197, -0.22026631789153162, -0.027795756026034485, 0.25868908383031247, 0.28889568057340514, -0.1568166940169325, 0.33057606438652065, 0.27517722770674025, 0.004877001657746072, 0.20022491787630625, 0.029260233595735596, 0.2021702948017936, 0.08417431242895164, -0.06993875549582951, -0.4299613746210391]
other derivatives: [ 0.72719013  0.4365429  -1.73880835 -0.39870065  0.07412776  0.14206307
  0.08532818]
Current x array =  [-0.68378754 -0.81336159 -0.44077237  0.74480758 -2.44286392  0.79734083
 -3.50601532 -1.00734704 -1.11716822 -0.58001173 -0.65498573 -2.56681186
 -3.37274332 -0.32856954 -0.01068144 -1.02863977 -1.26833556 -2.22243107
 -1.45972579 -2.15090604 -1.54764835 -0.4845687  -0.79350116]
log likelihood =  -8711.527300546055
Edge derivatives =  [0.21636128063600146, 0.355827626928529, 0.4992373560796399, 0.5829789846572794, 0.3022126282785145, 0.19026996384514938, 0.02355956494067951, 0.7980412468525668, 0.03498603909800935, 0.23574376793442312, 0.26294714261253493, -0.25155344221970877, 0.12475881248603797, 0.39134994139869167, 0.3144838833668526, 0.2052597156961987]
other derivatives: [-3.35908771 -0.47858157 -0.97020529 -0.12998498  0.84470779  0.04505637
  0.04149877]
Current x array =  [-0.68065059 -0.81179726 -0.44176732  0.74116462 -2.443666    0.88413606
 -3.58566336 -1.02187676 -1.10948107 -0.58975578 -0.66854646 -2.58591539
 -3.31283214 -0.32755396 -0.01500955 -1.02634573 -1.27210715 -2.22187594
 -1.45403447 -2.14413726 -1.55379408 -0.48707954 -0.79889495]
log likelihood =  -8711.514101820665
Edge derivatives =  [0.17650044592654776, 0.25076351994678725, 0.16842315434027955, 0.4797350312743724, 0.3101446245015369, 0.1658755054400539, -0.040267797168323405, 0.442988294121982, 0.03141879054272806, 0.013392165544891893, 0.27016974577922304, -0.17490972542785366, 0.02215702646013236, 0.113025631374731, 0.22100473174647606, 0.10157002220787986]
other derivatives: [ 1.667986    1.57112845  0.4045869  -0.06206574  0.39088942 -0.01836997
 -0.03538918]
Current x array =  [-0.68425667 -0.81466114 -0.44222495  0.74086611 -2.44240722  0.88230517
 -3.57982688 -1.02246507 -1.10387317 -0.58528987 -0.66672069 -2.5892806
 -3.30417227 -0.32810189 -0.01196278 -1.02611431 -1.26880136 -2.22343194
 -1.45573348 -2.14351106 -1.54926366 -0.48630377 -0.79758768]
log likelihood =  -8711.507759918584
Edge derivatives =  [0.04256331096261409, 0.17030008335543645, 0.036280408976751, 0.2954105689157636, 0.2901372551891786, 0.16674286193231733, -0.048711326036975644, 0.19709456782784907, -0.09439791241454784, -0.10467837450221426, 0.2646628129147649, -0.15938257225878913, 0.031118958278374326, -0.04011979508576356, 0.11553350161017706, -0.018537149440829626]
other derivatives: [ 0.66768735  0.21792948 -0.41245949  0.02561683  0.20444357 -0.02411252
 -0.04867036]
Current x array =  [-0.68373894 -0.8128181  -0.44174048  0.74083879 -2.442416    0.87339724
 -3.57004418 -1.01927171 -1.10303621 -0.58496576 -0.66298838 -2.58778296
 -3.30907822 -0.32966696 -0.0101247  -1.02517167 -1.26766155 -2.22421689
 -1.45660163 -2.1455408  -1.54716352 -0.48583573 -0.79686461]
log likelihood =  -8711.506132339038
Edge derivatives =  [0.019382452293764035, 0.12834677774918085, 0.014879329090009608, 0.24098364998928595, 0.2694519687702111, 0.15544453296992963, -0.05693102989674309, 0.06991983367091692, -0.16632922296342284, -0.1335902107596809, 0.2492380881421573, -0.16059135298961721, 0.013846120191441727, -0.07850145032626613, 0.07042861788460453, -0.030020100860086968]
other derivatives: [ 0.1756398  -0.19280742  0.00352702  0.07792733  0.09622936 -0.04226058
 -0.06834876]
Current x array =  [-0.68341174 -0.81223509 -0.44202735  0.7405053  -2.44197594  0.87412966
 -3.56935594 -1.01972509 -1.10129663 -0.58546164 -0.66228735 -2.58718677
 -3.30683705 -0.33035396 -0.00947439 -1.02479317 -1.2677679  -2.2235192
 -1.45681584 -2.14534579 -1.54701665 -0.48583468 -0.79711068]
log likelihood =  -8711.504618606014
Edge derivatives =  [0.01618340714935082, 0.06844197420108933, 0.002661687088341469, 0.17601092836404714, 0.23931041360148309, 0.129299801431747, -0.07041532671257028, -0.12224121930777893, -0.23826843254951954, -0.13982857999542023, 0.22160392431756154, -0.15913491275669603, -0.02398116175682731, -0.10382567787501433, -0.001691874672170357, 0.0003623728710515084]
other derivatives: [-0.3565965  -0.41880048  0.56154749  0.16791091 -0.10310249 -0.07689778
 -0.10284416]
Current x array =  [-0.6830445  -0.81190176 -0.44242208  0.7399532  -2.44103893  0.88018265
 -3.57290311 -1.02168606 -1.0976275  -0.58638439 -0.66170336 -2.58693659
 -3.29860221 -0.33136807 -0.00854041 -1.02454281 -1.2683547  -2.22175547
 -1.45727087 -2.14427295 -1.54726401 -0.48581511 -0.79786736]
log likelihood =  -8711.502966234671
Edge derivatives =  [0.03356444117929716, 0.022884002444329254, 0.0025973544012174443, 0.11918235632119928, 0.21423563611870103, 0.10239711993693652, -0.06163384207706146, -0.24948824646683704, -0.22431840403559408, -0.09544775748308887, 0.1912611205835699, -0.13506543973590204, -0.05653307314563549, -0.08788948544457226, -0.06485890513321912, 0.0593650184229747]
other derivatives: [-0.65733548 -0.33991819  0.63139669  0.21128108 -0.25983443 -0.1024182
 -0.12676554]
Current x array =  [-0.68283303 -0.81201124 -0.44249541  0.73980601 -2.44028009  0.8871825
 -3.57815578 -1.02392696 -1.09391159 -0.58707483 -0.66092631 -2.58641227
 -3.28875073 -0.33236393 -0.00785466 -1.02495639 -1.26931936 -2.21930663
 -1.45818564 -2.14293803 -1.54787458 -0.48571618 -0.79871074]
log likelihood =  -8711.502474463032
Edge derivatives =  [0.09191306104351135, -0.02931961309236837, 0.09661712128652211, 0.06325461631028678, 0.1549959852327571, 0.05269901479491398, 0.13945710929741217, -0.11610740377551898, -0.04887183680537399, 0.07777121468002743, 0.10969098438509746, 0.0008361178074460796, -0.07335089243959488, 0.042077601407658885, -0.0635349361012052, 0.1656796184668636]
other derivatives: [ 0.09410724 -0.94901043  2.2604745  -0.08366987  0.03401122 -0.10193071
 -0.11908482]
Current x array =  [-0.68327515 -0.8110271  -0.44335276  0.74092872 -2.44075966  0.89975623
 -3.59057165 -1.02739523 -1.08793255 -0.58881444 -0.65833181 -2.58288166
 -3.27023192 -0.33451287 -0.00820861 -1.02696486 -1.27215886 -2.21258828
 -1.46086514 -2.14084865 -1.55020066 -0.48589125 -0.80001212]
log likelihood =  -8711.497543775844
Edge derivatives =  [0.08829779900163351, -0.06216843378383999, 0.009687668649424774, -0.045011632926734935, 0.1414275856977168, 0.032324513598923146, 0.12744504257271894, -0.15836121988582968, 0.09201753540197966, 0.12542073012608518, 0.07843657462974798, 0.04205311421979435, -0.09051704268846242, 0.056393729936935214, -0.09337302081914656, 0.1259259253810134]
other derivatives: [-0.41514431 -0.1557637  -0.2071065  -0.01484295 -0.17896924 -0.10373333
 -0.12319406]
Current x array =  [-0.68299807 -0.81232593 -0.44185486  0.74155669 -2.44055804  0.89990054
 -3.59108261 -1.02817626 -1.08504394 -0.58747161 -0.65595043 -2.58115634
 -3.26246254 -0.33511845 -0.00767625 -1.02813468 -1.27234603 -2.20984191
 -1.46286757 -2.14012205 -1.54996364 -0.48567569 -0.79952591]
log likelihood =  -8711.496731421441
Edge derivatives =  [0.08192733021914791, -0.035233280165257425, 0.0076229690778244485, -0.021561840709725805, 0.14988045544243672, 0.04521450999167566, 0.13519691965536118, -0.04159148579268701, 0.13060202173910737, 0.12214638022854998, 0.08402567935567745, 0.052007941760841545, -0.0686447521950564, 0.07032583042492647, -0.048828690516902196, 0.08532165952815896]
other derivatives: [-0.07674862 -0.03419882 -0.10950316 -0.08654752 -0.05093622 -0.08109055
 -0.10090552]
Current x array =  [-0.68321015 -0.81251164 -0.4418667   0.74191027 -2.44114073  0.89575289
 -3.58863915 -1.02704665 -1.08691248 -0.58687208 -0.65597716 -2.58058608
 -3.26684115 -0.33451025 -0.00826288 -1.02831345 -1.27202177 -2.21029328
 -1.46279995 -2.140721   -1.54985921 -0.48574322 -0.79894454]
log likelihood =  -8711.4960595003
Edge derivatives =  [0.06829683744121359, -0.018415988254687196, -0.00012977909865774517, -0.02369272356394428, 0.1416248650749718, 0.04612560871234361, 0.12774272547974924, 0.07395575480907957, 0.15498527066529796, 0.11122577118615445, 0.0713165185847185, 0.06273455195092492, -0.048615590234230524, 0.09159601961674449, 0.0019979786487027695, 0.02539666831807258]
other derivatives: [ 0.13300269  0.09042924 -0.05679067 -0.12571763  0.06030659 -0.05470429
 -0.07452493]
Current x array =  [-0.68333657 -0.81272618 -0.44185445  0.74211816 -2.4417643   0.89311461
 -3.58821493 -1.02617435 -1.08803186 -0.58635426 -0.65555346 -2.57923742
 -3.26790328 -0.33379409 -0.00886127 -1.02839021 -1.27171565 -2.2095665
 -1.46303296 -2.14119308 -1.54983981 -0.48590199 -0.79825146]
log likelihood =  -8711.495197779675
Edge derivatives =  [0.048085184886129784, -0.002070094395103958, 0.006182088985874135, -0.031947883803327165, 0.1098500561975187, 0.032508603694994094, 0.07593257150842198, 0.17641043589242295, 0.10866192899569027, 0.06682329503151652, 0.03956770780709129, 0.04337985318613426, -0.029613558918179114, 0.11150419061285856, 0.06703295623135652, -0.042027820364181234]
other derivatives: [ 0.37016616  0.07627386 -0.1411463  -0.07966082  0.14900378 -0.02216439
 -0.04137579]
Current x array =  [-0.6835166  -0.81273995 -0.44177253  0.74181308 -2.44241352  0.89301857
 -3.59117684 -1.02546166 -1.08874742 -0.58628946 -0.65529011 -2.57708857
 -3.26557027 -0.33255374 -0.00945331 -1.02781043 -1.2711802  -2.20773894
 -1.46306833 -2.14173032 -1.54974207 -0.48621837 -0.79757559]
log likelihood =  -8711.49562963059
Edge derivatives =  [-0.005883573934495734, -0.011403035109870063, -0.0236643399225428, -0.069417461079605, 0.0564507247643777, 0.0009458694091083464, -0.03330675964299745, 0.16668512650596207, 0.039404957360984955, -0.02234466791646772, -0.007703565696109589, 0.028737097909360396, -0.016354787073911747, 0.07677869170134934, 0.07072753990154901, -0.09330242701695282]
other derivatives: [-0.21020242  0.77651566  0.7408089  -0.0340915   0.10610146  0.01249828
 -0.00420219]
Current x array =  [-0.68301302 -0.81391627 -0.44228832  0.74160322 -2.44276121  0.89620643
 -3.59842565 -1.02492855 -1.08854617 -0.5859234  -0.65506328 -2.57447244
 -3.25786607 -0.33093204 -0.00933715 -1.02712368 -1.27027122 -2.20480673
 -1.46340888 -2.14229776 -1.54884849 -0.48618245 -0.79705482]
log likelihood =  -8711.494870103
Edge derivatives =  [0.03230987583622652, -0.004790169027249852, -0.002519019621720575, -0.04288991951666127, 0.09425656950235127, 0.023322763123549865, 0.044032612085403044, 0.17360601048390156, 0.08843133864771296, 0.04077098068028992, 0.02576935225889076, 0.03913563460667792, -0.025718888916252958, 0.10136692047338991, 0.06815648312795286, -0.05700289602657932]
other derivatives: [ 0.20055086  0.28125214  0.11699012 -0.06633672  0.1364833  -0.01200169
 -0.03047125]
Current x array =  [-0.68336929 -0.81308405 -0.44192341  0.74175169 -2.44251522  0.89395108
 -3.59329727 -1.02530571 -1.08868855 -0.58618238 -0.65522376 -2.5763233
 -3.26331663 -0.33207936 -0.00941933 -1.02760954 -1.2709143  -2.20688121
 -1.46316795 -2.14189631 -1.54948068 -0.48620787 -0.79742325]
log likelihood =  -8711.494266823363
Edge derivatives =  [-0.0026892803314468305, -0.015913558379407847, -0.008930663477243306, -0.07640831163637041, 0.04722712839459832, -0.003382062782237922, -0.031078445968962087, 0.11769754876147748, -0.01660773859510406, -0.03238308785018504, -0.012168896815944658, 0.0054168995513140805, -0.02308816320801499, 0.06513283654562313, 0.06146781188448669, -0.08160504366363644]
other derivatives: [ 0.22946915  0.1464141   0.12587043  0.02583511  0.07718966  0.00476575
 -0.01326113]
Current x array =  [-0.68343279 -0.81293173 -0.4419166   0.74126346 -2.44260321  0.89671298
 -3.59816389 -1.02499091 -1.08796201 -0.58655134 -0.65497161 -2.57421909
 -3.25753001 -0.33128334 -0.00901386 -1.02664359 -1.27031315 -2.20471792
 -1.46321408 -2.14240713 -1.54875369 -0.48623342 -0.79731859]
log likelihood =  -8711.49549729514
Edge derivatives =  [-0.006804339160295381, 0.011141035764820853, 0.05696230815073644, -0.012955062093782499, 0.02337277890601467, -0.011816601663989294, -0.010985370401866423, 0.1805029536082564, 0.010427589406418497, -0.0040298814778449155, -0.024875627475084983, -0.008999540768915987, 0.0036113327999547085, 0.060747917859275316, 0.05122493684970619, -0.008201370366234695]
other derivatives: [-1.11756708 -0.47431968 -0.08187817 -0.08894312  0.24500018  0.03572313
  0.02291883]
Current x array =  [-0.68245812 -0.81211873 -0.44183414  0.741951   -2.44324994  0.89955371
 -3.60395677 -1.02474747 -1.08904154 -0.58723048 -0.65625119 -2.57234493
 -3.25522584 -0.33084706 -0.00921862 -1.0269507  -1.27082974 -2.20334142
 -1.46312551 -2.14307366 -1.54861903 -0.48606987 -0.79796732]
log likelihood =  -8711.49417522499
Edge derivatives =  [-0.0031462820159446347, -0.012897213077626007, -0.0015871271888654448, -0.0693322096100257, 0.04457477908307157, -0.004319364332905563, -0.028834763247418793, 0.12469736932435865, -0.013593362674695936, -0.0292210675018921, -0.013581167941216839, 0.0038128486207568424, -0.020111631476944336, 0.0646480952763441, 0.06032900931857821, -0.07342008337867931]
other derivatives: [ 0.07962808  0.07735434  0.10275471  0.01304215  0.09588533  0.00822183
 -0.00922078]
Current x array =  [-0.68332423 -0.81284117 -0.44190741  0.74134005 -2.44267525  0.89702941
 -3.59880916 -1.02496379 -1.08808225 -0.58662699 -0.65511414 -2.57401033
 -3.25727335 -0.33123474 -0.00903666 -1.0266778  -1.27037069 -2.20456459
 -1.46320422 -2.14248137 -1.54873869 -0.4862152  -0.79739085]
log likelihood =  -8711.493960128093
Edge derivatives =  [-0.007840271623332923, -0.014338648221992434, 0.008842676221928802, -0.058638359187251715, 0.03301416222443873, -0.011575293797520633, -0.041843577710448665, 0.05787469984441734, -0.03627884929892558, -0.035287113737518166, -0.017872652744636293, -0.010829113599662002, -0.021311119052347477, 0.03745495399996937, 0.023526943577280246, -0.031969795163383635]
other derivatives: [-0.15518526 -0.04532376  0.05382026  0.0190139   0.04848576  0.00844193
 -0.00789811]
Current x array =  [-0.68317162 -0.81267362 -0.44189336  0.74135378 -2.44247608  0.89899588
 -3.60107942 -1.02509749 -1.08783386 -0.58696856 -0.65564179 -2.57363198
 -3.25536444 -0.33125466 -0.00857715 -1.02653096 -1.27044289 -2.20420194
 -1.46309371 -2.1426529  -1.54836873 -0.48602967 -0.79783127]
log likelihood =  -8711.493833700624
Edge derivatives =  [-0.0014764585298780997, -0.008703255117393283, 0.02326274427003927, -0.034328781017859855, 0.030996360656810495, -0.013092210915494378, -0.035244371337475766, 0.009377875532119329, -0.029879248892363763, -0.0204710939357636, -0.014880320675550042, -0.01686642005696047, -0.021229109106669863, 0.0216309776168674, -0.007370827123915458, 0.016174551619762167]
other derivatives: [-0.13504905 -0.07568633  0.00341788  0.00253749  0.01704555  0.00713044
 -0.00812825]
Current x array =  [-0.68319253 -0.81261342 -0.44186669  0.74146934 -2.44224442  0.90039819
 -3.60251033 -1.02528328 -1.08783325 -0.58721208 -0.65631058 -2.57355388
 -3.25464702 -0.33142662 -0.00820552 -1.02662052 -1.27067727 -2.20423822
 -1.462985   -2.14276243 -1.54813686 -0.4858469  -0.7982799 ]
log likelihood =  -8711.493746969427
Edge derivatives =  [-0.0064017815785863685, 0.0008698392337476574, 0.01110139262716442, -0.009168899369017158, 0.03007741572997122, -0.010958361282187502, -0.023626555142222283, -0.01779910675434082, -0.004012057254432988, -0.004886958534237873, -0.012378245558446868, -0.012512503207133069, -0.013744575493351383, 0.002854641200415911, -0.01846981168587103, 0.017780796175811353]
other derivatives: [-0.02317211 -0.04147114 -0.00572072 -0.0105174  -0.01242728  0.01280569
 -0.00147264]
Current x array =  [-0.68327328 -0.81265201 -0.44185645  0.74157121 -2.44204784  0.90035283
 -3.60303905 -1.02510173 -1.08841368 -0.58697845 -0.65699842 -2.57308487
 -3.25524981 -0.33156216 -0.00796719 -1.02687661 -1.27085122 -2.20444878
 -1.46301812 -2.14313684 -1.54776382 -0.48576847 -0.79827329]
log likelihood =  -8711.493715707882
Edge derivatives =  [-0.006235550574539478, 0.008067451115178884, 0.009416479166748037, 0.011593547267320203, 0.027098045953606847, -0.010357828695442613, -0.005486593225837666, -0.014538896136050916, 0.005720439768965163, 0.004855698768400418, -0.010581803671962549, -0.008797916077783782, -0.006309290235499768, -0.003973905961650773, -0.007512270446947689, 0.015416982148308306]
other derivatives: [ 0.02058187  0.00702494 -0.00987711 -0.00522596 -0.00742635  0.01693843
  0.00339252]
Current x array =  [-0.6833001  -0.81271774 -0.44185377  0.74152639 -2.44202352  0.90059727
 -3.60364301 -1.02503405 -1.08875954 -0.58687462 -0.65744383 -2.57258708
 -3.25547521 -0.33169839 -0.00793757 -1.02695575 -1.27096303 -2.20454699
 -1.46305982 -2.1434264  -1.54757028 -0.48582452 -0.79821518]
log likelihood =  -8711.493703547754
Edge derivatives =  [-0.007346735289859185, 0.009649992982172478, 0.004596280114218476, 0.02119219439711484, 0.022624978175978104, -0.010591767863794333, 0.008894675939185803, -0.007163105357533228, 0.0051485883426699575, 0.00638444879454475, -0.009859312794727827, -0.003307505407642311, -0.0008312300736848521, -0.0075939743526984155, 0.001398779346708956, 0.004443965557849955]
other derivatives: [ 0.04972753 -0.01682929  0.10879194 -0.00468026  0.00274932  0.01812077
  0.00501686]
Current x array =  [-0.68331558 -0.81267812 -0.44192351  0.7414759  -2.44202012  0.90088216
 -3.60399671 -1.02503708 -1.08890656 -0.58678885 -0.65763924 -2.57210182
 -3.25566733 -0.33181999 -0.00797939 -1.02696626 -1.27102203 -2.20465657
 -1.46312947 -2.14363898 -1.5474874  -0.48588672 -0.7981103 ]
      fun: 8711.493703547754
 hess_inv: <23x23 LbfgsInvHessProduct with dtype=float64>
      jac: array([-0.04972753,  0.01682929, -0.10879194,  0.00468026, -0.00274932,
       -0.01812077, -0.00501686,  0.00734674, -0.00964999, -0.00459628,
       -0.02119219, -0.02262498,  0.01059177, -0.00889468,  0.00716311,
       -0.00514859, -0.00638445,  0.00985931,  0.00330751,  0.00083123,
        0.00759397, -0.00139878, -0.00444397])
  message: 'CONVERGENCE: REL_REDUCTION_OF_F_<=_FACTR*EPSMCH'
     nfev: 76
      nit: 66
     njev: 76
   status: 0
  success: True
        x: array([-0.68331558, -0.81267812, -0.44192351,  0.7414759 , -2.44202012,
        0.90088216, -3.60399671, -1.02503708, -1.08890656, -0.58678885,
       -0.65763924, -2.57210182, -3.25566733, -0.33181999, -0.00797939,
       -1.02696626, -1.27102203, -2.20465657, -1.46312947, -2.14363898,
       -1.5474874 , -0.48588672, -0.7981103 ])
