number of sites to be analyzed:  245
log likelihood =  -3508.103874982424
Lr derivatives =  [-137.39000519141734, -229.1184506111495, -74.83605678506157]
other derivatives =  [ -2.38510438 -32.05104804   0.91076799 -68.93665159 214.8153726
  31.90266398  31.94127203]
Current x_clock array =  [-0.60890608 -0.71796486 -0.71364217  0.18232156 -0.10536052  0.
  0.33647224 -0.51082562 -0.51082562 -0.51082562]
log likelihood =  -3316.2757712603516
Lr derivatives =  [60.5730534497702, -110.84854942283737, -10.677274617463627]
other derivatives =  [  9.63545972  -8.82773747 -21.61968951 -32.43740139 157.33348846
  50.7338882   50.28969099]
Current x_clock array =  [-0.60682046 -0.71547228 -0.71704079  0.43956568 -0.90696591 -0.11904803
  0.21728013  0.00185915 -0.50891943 -0.50891943]
log likelihood =  -3178.706709691466
Lr derivatives =  [-36.33123776935366, -126.41560376509793, -31.30194914720576]
other derivatives =  [-76.73011169   3.75175659  11.69073585  30.05970939  -2.82507244
  51.34243111  28.99250831]
Current x_clock array =  [-0.64887305 -0.7329879  -0.62899031  0.80054635 -2.26864989 -0.43648935
 -0.09841687  0.19413128 -0.45474681 -0.59695431]
log likelihood =  -3250.489344677751
Lr derivatives =  [16.411728946647354, -49.580321938928066, 30.251650830064353]
other derivatives =  [ 1.16059950e+03 -5.57110980e-01  1.99358965e+01  9.14401426e+00
 -2.37485892e+01  5.53394329e+01  2.61017703e+01]
Current x_clock array =  [-0.27942834 -0.77669439 -0.63059852  0.72086183 -2.64573452 -0.83605124
 -0.38064864  0.19375937  0.         -0.5194006 ]
log likelihood =  -3154.1245214196683
Lr derivatives =  [-11.962462645457872, -93.8531914773624, -6.518174806943186]
other derivatives =  [163.1492978    0.8324605   14.33904799  26.65815373  -9.80194272
  52.78884601  27.62012627]
Current x_clock array =  [-0.51477995 -0.74885154 -0.62957402  0.77162418 -2.40551597 -0.58151374
 -0.20085529  0.19399629 -0.28969259 -0.56880553]
log likelihood =  -3125.74339350821
Lr derivatives =  [4.796931583306719, -64.21577167900392, 15.373312694357978]
other derivatives =  [126.81052795  -4.88980731   9.26384018  22.84714355 -18.85618985
  53.53340384  24.65017133]
Current x_clock array =  [-0.5306745  -0.76323708 -0.63406789  0.73547685 -2.5381021  -0.74495195
 -0.31298473  0.17746583 -0.09161561 -0.54855979]
log likelihood =  -3097.6914353436746
Lr derivatives =  [-94.37372243742799, -133.89611783759312, -51.793466058591655]
other derivatives =  [ 24.82074706  -0.66747816   5.26792974  12.93124114 -53.55532267
  13.95587788   7.50228537]
Current x_clock array =  [-0.57844336 -0.74177601 -0.65193477  0.50592491 -2.71880055 -1.47782164
 -0.74090307 -0.04245207  0.         -0.61669953]
log likelihood =  -3081.3046946773993
Lr derivatives =  [-42.355533417259466, -99.9457770852961, -21.317292381699218]
other derivatives =  [-12.77685442   6.34277058  -3.29869181   0.41591193 -18.24218998
  15.76718205   9.47215995]
Current x_clock array =  [-0.60768339 -0.73615544 -0.65920913  0.43324198 -2.48790072 -1.50818448
 -0.74606343  0.01807916  0.         -0.54370946]
log likelihood =  -3074.5472452174236
Lr derivatives =  [-6.650977080575352, -75.78676624017166, -1.0643105439238063]
other derivatives =  [-14.62667569  -1.03209459   0.82691258  -9.28257577   3.73793227
  13.07498678   7.93352228]
Current x_clock array =  [-0.61412605 -0.75295747 -0.64914594  0.3662565  -2.40877782 -1.71863838
 -0.86850593  0.08956403  0.         -0.48826524]
log likelihood =  -3070.266272981518
Lr derivatives =  [8.415853657897047, -64.00546705053095, 7.320010115618464]
other derivatives =  [ -6.72580427   3.22152118  -3.84743544 -12.17899808   7.73775355
   9.21113497   4.47107595]
Current x_clock array =  [-0.61158214 -0.75406146 -0.6504927   0.3349753  -2.46466559 -2.0174937
 -1.05169835  0.15805317  0.         -0.45787827]
log likelihood =  -3067.311498314981
Lr derivatives =  [5.8263632214359244, -61.34311796318637, 6.149673481959537]
other derivatives =  [ -2.67987161 -22.44041752  26.39244485 -10.03168109   0.76224751
   5.04878699   0.65274435]
Current x_clock array =  [-0.60849572 -0.79743196 -0.61102038  0.35808131 -2.59807086 -2.44349945
 -1.30560721  0.23487558  0.         -0.44565551]
log likelihood =  -3066.048899392842
Lr derivatives =  [6.370636966909042, -59.62733350195946, 3.455509095401581]
other derivatives =  [  7.01675162   7.59432623 -25.71441655  -5.78506842  -5.65414666
   2.77664185  -1.80152711]
Current x_clock array =  [-0.60263425 -0.75983153 -0.66879583  0.39812161 -2.6904047  -2.78871498
 -1.50480692  0.27970443  0.         -0.44337948]
log likelihood =  -3065.3811933816614
Lr derivatives =  [4.371432410545636, -61.15490323321029, 1.7924050127319298]
other derivatives =  [ 1.41017154  2.84799171 -3.3303877  -6.14863893 -4.44392754  2.70892997
 -1.55932867]
Current x_clock array =  [-0.60601446 -0.76481913 -0.64246916  0.39994166 -2.66115688 -2.77650779
 -1.49120928  0.26362766  0.         -0.4462088 ]
log likelihood =  -3065.0529415266355
Lr derivatives =  [2.8493274933821704, -62.457420176563126, -0.5607296120479148]
other derivatives =  [-1.26601662 -0.65761014  5.58138709 -5.66606104 -3.20251274  2.32294042
 -1.60434865]
Current x_clock array =  [-0.60749351 -0.7685255  -0.63266918  0.4124211  -2.63165498 -2.821869
 -1.50649277  0.24786881  0.         -0.44862052]
log likelihood =  -3064.6002014871574
Lr derivatives =  [0.7111129537378069, -64.17871183353392, -3.8922223241836704]
other derivatives =  [-3.73447619 -3.32684067 10.66628101 -3.52069947 -0.94578354  1.63458935
 -1.81771611]
Current x_clock array =  [-0.60868213 -0.77056506 -0.62755532  0.45072447 -2.57761072 -2.93947567
 -1.54843054  0.21932548  0.         -0.44792963]
log likelihood =  -3064.2699198678138
Lr derivatives =  [-0.7219360173527232, -63.91643622691811, -1.2968027794341737]
other derivatives =  [ 1.64554876 -1.6570084   8.63074092 -0.21746018  0.32860044  1.30412445
 -1.92881089]
Current x_clock array =  [-0.60489625 -0.76724441 -0.63060181  0.4994128  -2.53356615 -3.07203452
 -1.58631531  0.18870572  0.         -0.42518916]
log likelihood =  -3064.5585470505134
Lr derivatives =  [-0.5653232314206447, -62.71781085563448, 1.6224379202992445]
other derivatives =  [-32.04590939  -5.80698725  -5.11440703   2.89046511   0.21677806
   1.10871952  -1.99038368]
Current x_clock array =  [-0.62637608 -0.77213775 -0.64579634  0.53802728 -2.52508338 -3.18611771
 -1.60931493  0.18722877  0.         -0.40941739]
log likelihood =  -3064.234538430196
Lr derivatives =  [-0.6757969356075622, -63.61579001363956, -0.601151399904623]
other derivatives =  [-6.92280082 -2.68596523  5.2019459   0.55106284  0.30177034  1.25173756
 -1.94399945]
Current x_clock array =  [-0.61019236 -0.76845092 -0.6343482   0.50893365 -2.53147462 -3.10016307
 -1.59198614  0.18834156  0.         -0.42130044]
log likelihood =  -3064.1875836285317
Lr derivatives =  [-0.19681116959685774, -62.81500326596269, 1.0970137620064477]
other derivatives =  [-1.68301995 -0.94942152  1.22099664  1.32395144  0.29094736  1.21772246
 -1.98833732]
Current x_clock array =  [-0.60681503 -0.76634762 -0.63894447  0.51962978 -2.53001847 -3.13672596
 -1.60117124  0.18617335  0.         -0.4138399 ]
log likelihood =  -3064.17137306745
Lr derivatives =  [0.14360493584627942, -62.58516128320595, 1.2016752214332058]
other derivatives =  [-0.28858267 -0.08139978 -0.71067916  1.32267814  0.28649083  1.19671313
 -1.99706847]
Current x_clock array =  [-0.60595966 -0.76530841 -0.64114733  0.51965188 -2.53175432 -3.14666854
 -1.6001728   0.18749713  0.         -0.41364107]
log likelihood =  -3064.133030811534
Lr derivatives =  [0.8015833646705834, -62.27573693869201, 0.8222456899051807]
other derivatives =  [ 1.79888957  1.48347681 -4.29868123  1.13905116  0.47480171  1.11213012
 -1.99406713]
Current x_clock array =  [-0.60471187 -0.76335474 -0.64531679  0.51750999 -2.53337749 -3.1757044
 -1.59314083  0.18983333  0.         -0.41503988]
log likelihood =  -3064.074316000452
Lr derivatives =  [1.4061430644288837, -62.03653243932417, -0.0012696273719221551]
other derivatives =  [ 3.40842234  2.77332219 -7.51256266  0.78280209  0.83555278  0.96270014
 -1.95404937]
Current x_clock array =  [-0.60376796 -0.76166082 -0.64915803  0.51331666 -2.53336571 -3.22904963
 -1.57834386  0.19159792  0.         -0.41726005]
log likelihood =  -3063.9453428894058
Lr derivatives =  [1.9937335919775574, -61.72620535074144, -1.2918268418905008]
other derivatives =  [ 4.74301487e+00  4.20595825e+00 -1.08794666e+01  8.73114914e-03
  1.44650585e+00  6.81666279e-01 -1.77251422e+00]
Current x_clock array =  [-0.60299459 -0.75955044 -0.65343288  0.50372184 -2.53145515 -3.35599498
 -1.53782962  0.19202392  0.         -0.41923231]
log likelihood =  -3063.723293259057
Lr derivatives =  [1.8613636671028537, -61.14446191362495, -1.4539378450837113]
other derivatives =  [  5.61794877   3.72665454 -12.46025931  -1.00289981   1.54777808
   0.36570782  -1.26474333]
Current x_clock array =  [-0.60232606 -0.75974368 -0.65585398  0.48996924 -2.53355344 -3.5979801
 -1.45759766  0.19010582  0.         -0.41430625]
log likelihood =  -3065.070800666492
Lr derivatives =  [3.921547051446456, -56.15454936806528, 6.0552626022706555]
other derivatives =  [-5.2868927  51.79485925  6.16232683  2.07719495 -0.90467438  0.10777512
 -0.29021976]
Current x_clock array =  [-0.61024197 -0.70239877 -0.63291663  0.53303196 -2.56791603 -4.25686951
 -1.31294773  0.20572862  0.         -0.38410898]
log likelihood =  -3063.669232160023
Lr derivatives =  [2.148780239590767, -60.31354172570512, -0.3789011775345372]
other derivatives =  [ 3.73647708 11.09519872 -9.51822585 -0.4978574   1.12272573  0.29071998
 -1.1238626 ]
Current x_clock array =  [-0.60363067 -0.75029271 -0.65207369  0.49706638 -2.53921671 -3.70657118
 -1.43375801  0.1926806   0.         -0.40932946]
log likelihood =  -3063.4485381408667
Lr derivatives =  [0.824139346919436, -59.947743806484034, 0.568854114615224]
other derivatives =  [ 2.617071    4.91481842 -6.39038262 -0.99098543  0.60581442  0.12569217
 -0.22891982]
Current x_clock array =  [-0.60387593 -0.75774348 -0.64878342  0.49025405 -2.54443053 -4.01975461
 -1.33417022  0.18985304  0.         -0.4001348 ]
log likelihood =  -3063.3863215019187
Lr derivatives =  [-0.4976312050782177, -60.0719829359203, 0.7261729457999131]
other derivatives =  [ 1.49207153  0.79221536 -1.72581167 -0.01027729  0.08280949  0.06789378
  0.17685124]
Current x_clock array =  [-0.60418254 -0.76303445 -0.64317203  0.50435281 -2.54583655 -4.20283518
 -1.29561399  0.18890963  0.         -0.39631624]
log likelihood =  -3063.381198180695
Lr derivatives =  [-0.4023586962836161, -60.02173318084462, 0.304432535616904]
other derivatives =  [ 0.05434231  0.14215402 -0.15720616  0.10813892  0.19913386  0.05438778
  0.2228262 ]
Current x_clock array =  [-0.60507346 -0.76394456 -0.64118209  0.50688761 -2.54627804 -4.22532213
 -1.29058806  0.19108064  0.         -0.39796468]
log likelihood =  -3063.380208939404
Lr derivatives =  [-0.2457063374768076, -59.954965573402404, 0.11397320107000297]
other derivatives =  [0.03428795 0.04783942 0.35361154 0.1409262  0.25979716 0.05106813
 0.19927029]
Current x_clock array =  [-0.60510423 -0.76416097 -0.64048927  0.50784565 -2.54705816 -4.22394258
 -1.29215062  0.19263959  0.         -0.39898537]
log likelihood =  -3063.379287028622
Lr derivatives =  [-0.06455059193669577, -59.854384290867976, -0.048145194091102184]
other derivatives =  [-1.2397777  -0.08526513  0.17034836  0.19963409  0.19267645  0.0475211
  0.1493845 ]
Current x_clock array =  [-0.60591453 -0.76447004 -0.64054436  0.50878499 -2.54974683 -4.22162468
 -1.29570977  0.19531079  0.         -0.40000829]
log likelihood =  -3063.3783272063556
Lr derivatives =  [0.08635133130002437, -59.73788986643825, -0.07376921132551217]
other derivatives =  [-0.33237484 -0.04547474  0.2784418   0.20500011  0.15616024  0.04538379
  0.12819328]
Current x_clock array =  [-0.60535636 -0.76455186 -0.64033653  0.50917923 -2.55175799 -4.22570934
 -1.29681873  0.19697858  0.         -0.40039032]
log likelihood =  -3063.377732510032
Lr derivatives =  [0.13744779978203692, -59.65594572770586, -0.023528009275121775]
other derivatives =  [0.17889761 0.01327862 0.00245564 0.18444553 0.04606591 0.04292815
 0.1279659 ]
Current x_clock array =  [-0.60503162 -0.76455778 -0.64061743  0.50883828 -2.55392016 -4.23610925
 -1.29608069  0.19809179  0.         -0.4002631 ]
log likelihood =  -3063.3774309446367
Lr derivatives =  [0.09527192777785842, -59.64454593443067, 0.0025589429169059486]
other derivatives =  [ 0.26311682  0.04561116 -0.18794708  0.14683792 -0.06129994  0.04083631
  0.13237695]
Current x_clock array =  [-0.60496952 -0.76453743 -0.64083741  0.50809569 -2.55526827 -4.24488767
 -1.29527742  0.19844757  0.         -0.4000589 ]
log likelihood =  -3063.377033645831
Lr derivatives =  [0.046712771058319724, -59.6369445129531, 0.05249777416768353]
other derivatives =  [ 0.23301254  0.07103154 -0.1794433   0.05229595 -0.15129444  0.03951754
  0.12219061]
Current x_clock array =  [-0.60498896 -0.76451276 -0.64084521  0.50655322 -2.55630086 -4.25132211
 -1.29610928  0.19850273  0.         -0.3997318 ]
log likelihood =  -3063.3765713614384
Lr derivatives =  [0.07297994434005073, -59.48653826844025, 0.09216849529487803]
other derivatives =  [-0.09049472 -0.20850166 -0.36643542 -0.05593392 -0.18794708  0.02546585
  0.19085746]
Current x_clock array =  [-0.60516726 -0.76486829 -0.64108314  0.5050893  -2.5574522  -4.31091106
 -1.28902944  0.19890833  0.         -0.39895297]
log likelihood =  -3063.375442617329
Lr derivatives =  [-0.16934886500301616, -59.63417927033595, -0.06540500056576448]
other derivatives =  [-0.12792043  0.03728928  0.01850822 -0.15161277 -0.31000127  0.02164597
  0.11577868]
Current x_clock array =  [-0.60518803 -0.76449616 -0.64070262  0.50328984 -2.55720993 -4.316913
 -1.2960503   0.1977141   0.         -0.39893156]
log likelihood =  -3063.374271567596
Lr derivatives =  [-0.06072544244086853, -59.539469481259346, -0.008807905171117625]
other derivatives =  [-0.10199983  0.02037268  0.25593181 -0.18426363 -0.14570105  0.01855369
  0.05320544]
Current x_clock array =  [-0.60519449 -0.76450332 -0.6404541   0.50318044 -2.55514111 -4.3314809
 -1.30246662  0.19683611  0.         -0.39841371]
log likelihood =  -3063.3732436347864
Lr derivatives =  [-0.13517899617759177, -59.53210581275918, -0.2823585281399623]
other derivatives =  [-0.18453647  0.39813131  0.31905074 -0.05720722 -0.02382876  0.00272848
 -0.00181899]
Current x_clock array =  [-0.60522732 -0.76391345 -0.6404331   0.5051389  -2.55196501 -4.39554748
 -1.30729783  0.19513257  0.         -0.39819023]
log likelihood =  -3063.3734140552942
Lr derivatives =  [-0.10638998198383831, -59.40775808276853, -0.06594624845835995]
other derivatives =  [ 1.03045750e-01 -8.23411028e-01  9.35870048e-02 -4.32009983e-03
  4.22005542e-02  6.82121026e-04 -4.16093826e-02]
Current x_clock array =  [-0.60500886 -0.76557442 -0.64069543  0.50610672 -2.55112005 -4.42174818
 -1.31199322  0.19465808  0.         -0.39697189]
log likelihood =  -3063.372980110601
Lr derivatives =  [-0.12272169189041637, -59.47766882445177, -0.18804778243224618]
other derivatives =  [-0.05866241 -0.13760655  0.22032509 -0.03410605  0.0050477   0.00181899
 -0.01932676]
Current x_clock array =  [-0.60513164 -0.76464096 -0.640548    0.50556281 -2.55159492 -4.40702342
 -1.30935442  0.19492474  0.         -0.39765659]
log likelihood =  -3063.3728146253225
Lr derivatives =  [0.017276435810947177, -59.34054189290119, -0.04406165956680397]
other derivatives =  [-0.03283276 -0.05065885  0.05952643 -0.0347427   0.04492904  0.00090949
 -0.00391083]
Current x_clock array =  [-0.60512456 -0.76455546 -0.64071407  0.50574676 -2.55195126 -4.4215386
 -1.30768694  0.19541475  0.         -0.39719193]
log likelihood =  -3063.3727876903035
Lr derivatives =  [0.026523951033977866, -59.307095874470505, -0.00891069024290303]
other derivatives =  [ 0.00063665 -0.01614353  0.01082299 -0.01409717  0.02410161 -0.00022737
  0.00236469]
Current x_clock array =  [-0.60509872 -0.76452169 -0.6407615   0.50603554 -2.55229584 -4.43044311
 -1.30692157  0.19559135  0.         -0.39700681]
log likelihood =  -3063.3727866207555
Lr derivatives =  [-0.00032304482329070794, -59.318422570064726, 0.0040147698795323095]
other derivatives =  [-7.96717359e-02 -1.81898940e-03 -3.16504156e-02  1.45519152e-03
  2.27373675e-04  9.09494702e-05 -0.00000000e+00]
Current x_clock array =  [-0.60514481 -0.76449992 -0.6408115   0.50617008 -2.55238394 -4.43012327
 -1.30717431  0.19553173  0.         -0.39692734]
      fun: 3063.3727866207555
 hess_inv: <10x10 LbfgsInvHessProduct with dtype=float64>
      jac: array([-7.96717359e-02, -1.81898940e-03, -3.16504156e-02,  1.45519152e-03,
        2.27373675e-04,  9.09494702e-05, -0.00000000e+00, -3.23044823e-04,
       -5.93184226e+01,  4.01476988e-03])
  message: 'CONVERGENCE: REL_REDUCTION_OF_F_<=_FACTR*EPSMCH'
     nfev: 44
      nit: 39
     njev: 44
   status: 0
  success: True
        x: array([-0.60514481, -0.76449992, -0.6408115 ,  0.50617008, -2.55238394,
       -4.43012327, -1.30717431,  0.19553173,  0.        , -0.39692734])
