number of sites to be analyzed:  281
log likelihood =  -4966.315466118672
Lr derivatives =  [-559.2446743233011, -565.8705269266836, -469.3288767932826]
other derivatives =  [ -9.10064955 -35.04352389  11.5978246  -65.98889649 176.56420914
  -0.        ]
Current x_clock array =  [-0.66900444 -0.67524448 -0.69900086  0.18232156 -0.10536052  0.33647224
 -0.51082562 -0.51082562 -0.51082562]
log likelihood =  -4612.717367179723
Lr derivatives =  [-12.141692648920639, -264.74791603258655, -303.7892190400096]
other derivatives =  [ -2.40885856 -22.78447118 -29.90325083 -46.49784842 172.17146251
  -0.        ]
Current x_clock array =  [-0.66795576 -0.67418523 -0.71864916  0.29411579 -0.40448449  0.33647224
  0.43661151 -0.50996022 -0.50996022]
log likelihood =  -4449.692094469052
Lr derivatives =  [97.2650830321373, -94.93356713088728, -86.67792475319499]
other derivatives =  [  4.7400581   20.81082857   2.35367315 -41.15631236 158.80417686
  -0.        ]
Current x_clock array =  [-0.66611001 -0.64785052 -0.67333264  0.34143435 -0.59836598  0.33647224
  0.29965734 -0.22895381 -0.15828855]
log likelihood =  -4372.231058380384
Lr derivatives =  [-61.25404010293719, -106.67259319662509, 83.96318662562408]
other derivatives =  [-29.81207217  -7.05107959   3.31645151 -15.83985068  89.19206084
  -0.        ]
Current x_clock array =  [-0.67374716 -0.67714139 -0.66549948  0.42222816 -0.92375555  0.33647224
  0.00226501  0.          0.        ]
log likelihood =  -4342.736349553645
Lr derivatives =  [-43.49209798898505, -107.6893591425554, -41.0243436559975]
other derivatives =  [40.71128387  8.93973083 -4.95977292  8.2527049  34.97442655 -0.        ]
Current x_clock array =  [-0.63373998 -0.67805295 -0.65848363  0.51242292 -1.29599165  0.33647224
  0.12311877  0.         -0.0786832 ]
log likelihood =  -4334.517224369116
Lr derivatives =  [-32.59006956371155, -99.29831101582103, -18.17635265184576]
other derivatives =  [-92.36518599  -5.37523465  -3.32181844  18.35381772  -2.52918797
  -0.        ]
Current x_clock array =  [-0.70048636 -0.70495296 -0.64211364  0.55762013 -1.6108723   0.33647224
  0.26190318  0.         -0.05758978]
log likelihood =  -4330.982736680358
Lr derivatives =  [-7.955945680503078, -81.14064044433374, 21.42632055251279]
other derivatives =  [ 2.99135872e+01 -6.26369911e+00  4.00554745e+00  1.44577944e+01
  2.03995667e-02 -0.00000000e+00]
Current x_clock array =  [-0.63514983 -0.71209005 -0.63234469  0.55440717 -1.72000693  0.33647224
  0.33901374  0.         -0.02692451]
log likelihood =  -4330.41622655828
Lr derivatives =  [-0.762836007595773, -78.12709297568804, 6.557254430492058]
other derivatives =  [ 1.74606794 -2.00421164  1.01318437 12.61372017  3.90993358 -0.        ]
Current x_clock array =  [-0.64989337 -0.7082738  -0.63454831  0.54528403 -1.71092677  0.33647224
  0.34787778  0.         -0.03924326]
log likelihood =  -4330.190442696088
Lr derivatives =  [1.1243464050806722, -77.64012457155228, -0.09603055541231242]
other derivatives =  [-3.28564693  0.08647658  0.15619844 11.11552228  3.0418846  -0.        ]
Current x_clock array =  [-0.65252545 -0.70729735 -0.63457164  0.53412961 -1.7332565   0.33647224
  0.36162954  0.         -0.04541271]
log likelihood =  -4329.857445942798
Lr derivatives =  [3.310155439903127, -76.84880627950662, -5.45157283686455]
other derivatives =  [-4.02705882  1.20153072 -0.90252888  6.75361298  1.20764666 -0.        ]
Current x_clock array =  [-0.65290829 -0.70798125 -0.63452157  0.49936534 -1.77480627  0.33647224
  0.38274452  0.         -0.0512258 ]
log likelihood =  -4329.650199737049
Lr derivatives =  [1.1637372056039226, -77.63527086051573, -2.0121467259194006]
other derivatives =  [-0.763137    1.99500118  3.33590651  1.82793337 -0.49580969 -0.        ]
Current x_clock array =  [-0.6510962  -0.70750344 -0.63162253  0.45633948 -1.78663791  0.33647224
  0.37905613  0.         -0.04847498]
log likelihood =  -4329.71930329672
Lr derivatives =  [1.3182882091922679, -77.10126277401667, 1.8955754374872313]
other derivatives =  [  2.03947729  -4.91673381 -14.25667233  -0.91916081  -0.08593594
  -0.        ]
Current x_clock array =  [-0.64959763 -0.7137227  -0.64648377  0.43177653 -1.77946159  0.33647224
  0.37099515  0.         -0.0454706 ]
log likelihood =  -4329.6298271817905
Lr derivatives =  [1.2076831131042098, -77.46720588076924, -0.7724331658675538]
other derivatives =  [ 0.14051966 -0.24388191 -2.43257091  0.94322877 -0.3687471  -0.        ]
Current x_clock array =  [-0.65061435 -0.70950319 -0.63640103  0.44844148 -1.78433042  0.33647224
  0.37646419  0.         -0.04750895]
log likelihood =  -4329.616773401514
Lr derivatives =  [0.320158744911879, -77.8447214526123, 0.28128205490558855]
other derivatives =  [ 0.2664201  -0.1278313  -0.09558426 -0.04224694 -0.18601469 -0.        ]
Current x_clock array =  [-0.65056023 -0.70905235 -0.63495887  0.4400185  -1.77675316  0.33647224
  0.36992247  0.         -0.04658138]
log likelihood =  -4329.615810841231
Lr derivatives =  [-0.08518650986147946, -78.09063166620541, 0.08240333686551082]
other derivatives =  [ 0.14064062  0.07215294  0.02417437 -0.02518755 -0.10795784 -0.        ]
Current x_clock array =  [-0.65062344 -0.7086835  -0.6350181   0.43993144 -1.77270774  0.33647224
  0.36714079  0.         -0.04669723]
log likelihood =  -4329.615858002433
Lr derivatives =  [0.106128953763168, -77.99286715918419, -0.053794574982099164]
other derivatives =  [ 0.04645153 -0.3589912   0.18202627 -0.02384786  0.1075737  -0.        ]
Current x_clock array =  [-0.65069517 -0.70906511 -0.63491125  0.44021002 -1.77136109  0.33647224
  0.36687643  0.         -0.04683958]
log likelihood =  -4329.615775988825
Lr derivatives =  [-0.009668284670368621, -78.05203612577985, 0.028607832166429148]
other derivatives =  [ 0.10346957 -0.09803171  0.08645111 -0.02466459 -0.02289882 -0.        ]
Current x_clock array =  [-0.65065175 -0.70883409 -0.63497593  0.44004137 -1.77217634  0.33647224
  0.36703647  0.         -0.0467534 ]
log likelihood =  -4329.615759460042
Lr derivatives =  [0.019252025099248726, -78.03465158706318, 0.033043623891607865]
other derivatives =  [-0.0184491   0.02299475 -0.00125146 -0.00360524  0.01365356 -0.        ]
Current x_clock array =  [-0.65071771 -0.70870482 -0.63505384  0.44025595 -1.77175298  0.33647224
  0.36688493  0.         -0.0467482 ]
log likelihood =  -4329.615758291726
Lr derivatives =  [-0.0008773197130196309, -78.05008290668869, -0.005851083413013214]
other derivatives =  [ 8.33642844e-03  1.41972123e-03 -1.36424205e-03  6.89396984e-04
  2.20724883e-05 -0.00000000e+00]
Current x_clock array =  [-0.65070246 -0.70872624 -0.63505352  0.44026307 -1.77181075  0.33647224
  0.36688612  0.         -0.04678019]
      fun: 4329.615758291726
 hess_inv: <9x9 LbfgsInvHessProduct with dtype=float64>
      jac: array([ 8.33642844e-03,  1.41972123e-03, -1.36424205e-03,  6.89396984e-04,
        2.20724883e-05, -0.00000000e+00, -8.77319713e-04, -7.80500829e+01,
       -5.85108341e-03])
  message: 'CONVERGENCE: REL_REDUCTION_OF_F_<=_FACTR*EPSMCH'
     nfev: 19
      nit: 16
     njev: 19
   status: 0
  success: True
        x: array([-0.65070246, -0.70872624, -0.63505352,  0.44026307, -1.77181075,
        0.33647224,  0.36688612,  0.        , -0.04678019])
