number of sites to be analyzed:  115
log likelihood =  -1333.6730927715782
Lr derivatives =  [20.13209855546165, -44.301612456464625, -12.21064205872037]
other derivatives =  [  9.80647724 -13.36307878  15.9596807  -31.18461427 105.37684943
   1.55168209  17.44768633]
Current x_clock array =  [-0.62643711 -0.70405241 -0.71709287  0.18232156 -0.10536052  0.
  0.33647224 -0.51082562 -0.51082562 -0.51082562]
log likelihood =  -1243.9518223645728
Lr derivatives =  [-28.80109442805739, -65.76792185692429, -28.589981637466913]
other derivatives =  [-45.43687487 -10.61799412 -14.97980452 -15.47547777  72.05042862
   3.83234192   7.76494903]
Current x_clock array =  [-0.71198384 -0.69834679 -0.85631704  0.45436033 -1.02461475 -0.01353609
  0.18426746 -0.68644785 -0.50636944 -0.50636944]
log likelihood =  -1235.8629382383808
Lr derivatives =  [-37.0431056682027, -19.575890814360644, 29.93246480371363]
other derivatives =  [566.70257504  22.93921875 -33.16151856  31.0797191  -17.41166457
  16.13516383  10.38911068]
Current x_clock array =  [-0.26403189 -0.63608567 -0.91579763  1.16891832 -3.70338602 -0.09004022
 -0.20357708 -0.62902868  0.         -0.19894263]
log likelihood =  -1170.6277606186206
Lr derivatives =  [-26.950035587448134, -40.43877548962435, -4.0551870503589456]
other derivatives =  [ 83.40637964   3.09274037 -26.46291341   9.15356873  21.80150462
   8.59593911   9.48836191]
Current x_clock array =  [-0.50578394 -0.66968694 -0.88369697  0.78328353 -2.25769874 -0.04875224
  0.00573602 -0.66001683 -0.27327897 -0.36485565]
log likelihood =  -1163.531630782951
Lr derivatives =  [-8.424131609366151, -11.509415150550032, 23.338807255942946]
other derivatives =  [-110.11349102    7.83033238  -22.81269735   18.89479927   -7.43916914
   16.43724568   10.89132684]
Current x_clock array =  [-0.84007881 -0.67927079 -0.73869209  0.94689023 -3.20662761 -0.12342535
 -0.16739221 -0.47097468  0.         -0.25053295]
log likelihood =  -1146.5229074146087
Lr derivatives =  [-5.6809779356739885, -11.107781724365248, 16.934174823987963]
other derivatives =  [-43.17715548   4.98400868  -8.98372991  14.42541361  -0.77779398
  14.60374938  11.03588011]
Current x_clock array =  [-0.67776076 -0.69185679 -0.70378354  0.87119463 -3.01965073 -0.14491839
 -0.16050335 -0.47077826  0.         -0.30955614]
log likelihood =  -1142.1451477281546
Lr derivatives =  [-6.278592700507208, -13.29967519111272, 9.476592344631982]
other derivatives =  [32.18234565  0.15124783  4.40111239 10.12751272  3.14051051 12.62416799
 10.2719091 ]
Current x_clock array =  [-0.56064383 -0.71168425 -0.66971901  0.79054414 -2.94883412 -0.20600687
 -0.19967413 -0.45070832  0.         -0.38764574]
log likelihood =  -1140.252424172303
Lr derivatives =  [-5.981626662092598, -14.039688454406255, 7.337949399381294]
other derivatives =  [15.18680165 -1.27026738  6.3513678   9.09173264  2.84800267 12.18717534
  9.73938972]
Current x_clock array =  [-0.58366395 -0.71672876 -0.65959579  0.76356482 -2.97149955 -0.24040792
 -0.22869341 -0.42627915  0.         -0.4131293 ]
log likelihood =  -1134.4387062304895
Lr derivatives =  [-5.999188134035677, -18.424056389194035, -3.864413131349795]
other derivatives =  [-13.45379428  -6.35435276  13.79395394   3.30648231   1.42822695
   9.33920091   6.25966891]
Current x_clock array =  [-0.62776908 -0.7380161  -0.62780648  0.60120749 -3.12111795 -0.45979182
 -0.41532527 -0.2894032   0.         -0.56933195]
log likelihood =  -1131.2958195059668
Lr derivatives =  [0.12504228516495974, -16.074884991129252, -6.4264593723203065]
other derivatives =  [-19.03450925   1.32428522  -5.69936697  -0.10059443   1.33854913
   7.38266931   3.21429411]
Current x_clock array =  [-0.6364277  -0.71863914 -0.68181093  0.46238902 -3.25360993 -0.68182381
 -0.59507857 -0.14685     0.         -0.66073497]
log likelihood =  -1129.3799827064363
Lr derivatives =  [-0.5554495925208345, -16.0051575064662, -8.554663322908608]
other derivatives =  [-9.23536663 -0.96157964  4.209488   -2.61659352 -1.33202886  5.81254153
  1.11013605]
Current x_clock array =  [-0.62119705 -0.73413739 -0.64327942  0.3597355  -3.46424437 -0.93622032
 -0.7915212  -0.0382709   0.         -0.70070198]
log likelihood =  -1128.011845667561
Lr derivatives =  [4.021737663535547, -11.187507051642136, -4.891529863569419]
other derivatives =  [ 1.33313802 -2.2958186  -2.19171443 -3.02912531 -1.33126724  5.03891346
  0.24338806]
Current x_clock array =  [-0.60551234 -0.74721703 -0.65546985  0.32178265 -3.54827819 -1.15384687
 -0.91725286  0.02091484  0.         -0.64472285]
log likelihood =  -1126.7294544958424
Lr derivatives =  [7.689105899910343, -6.405548132852514, -0.019714056449051165]
other derivatives =  [10.45835575  1.4583959  -1.6456886  -2.67922383 -1.59172797  4.35339322
 -0.22109046]
Current x_clock array =  [-0.59390641 -0.74249681 -0.64676392  0.31923648 -3.60940204 -1.41694623
 -1.03960222  0.03572648  0.         -0.53020678]
log likelihood =  -1125.3735599678396
Lr derivatives =  [7.904364449920314, -3.9270759191675477, 5.533108386467214]
other derivatives =  [12.37776451 -2.81267921 -4.0219204  -1.48621939 -2.3917638   3.51917596
 -0.32484237]
Current x_clock array =  [-0.5909982  -0.75975082 -0.65057587  0.35074547 -3.6198631  -1.74775737
 -1.15997737 -0.02744573  0.         -0.37334547]
log likelihood =  -1124.4337766720982
Lr derivatives =  [4.234621742513704, -5.049866154692379, 11.324240516771829]
other derivatives =  [14.95869469 23.72052904  3.35244681 -1.65158872 -0.53093239  1.77733208
 -0.59467053]
Current x_clock array =  [-0.59198494 -0.67308716 -0.6368356   0.35053737 -3.4500152  -2.37166126
 -1.3657473  -0.19724959  0.         -0.24476388]
log likelihood =  -1123.0155574004227
Lr derivatives =  [-1.3123632100163931, -9.850346098100369, 2.375353237457119]
other derivatives =  [ 6.20267883e+00  1.89578145e+00  5.06383913e-03 -2.14516240e+00
 -6.84950692e-01  1.44628084e+00 -6.83042687e-01]
Current x_clock array =  [-0.60116591 -0.73288092 -0.65142644  0.34288543 -3.41373469 -2.44830517
 -1.38830783 -0.22542113  0.         -0.30375519]
log likelihood =  -1122.8524971622955
Lr derivatives =  [-2.355211830863942, -10.760347728134045, 0.744170485600189]
other derivatives =  [ 0.58554997 -0.4061576  -0.45721254 -2.33766241 -0.49602717  1.21971916
 -0.82313409]
Current x_clock array =  [-0.60940336 -0.73930433 -0.65312956  0.33651558 -3.39841905 -2.58476784
 -1.44017316 -0.23442366  0.         -0.31033766]
log likelihood =  -1122.7221521727138
Lr derivatives =  [-2.3172226449457596, -10.744657739762907, 0.33009676369894336]
other derivatives =  [-3.68648034 -1.90509377 -0.37783593 -2.42208193 -0.19348689  0.98917441
 -0.96791231]
Current x_clock array =  [-0.61611813 -0.74456933 -0.65162431  0.33420765 -3.38975073 -2.78247918
 -1.51537213 -0.23427123  0.         -0.30739424]
log likelihood =  -1122.565900177836
Lr derivatives =  [-1.8256073278593041, -10.481415773200268, -0.48926247904541587]
other derivatives =  [-3.26598752 -2.56455405  0.0744626  -2.31802051  0.49900622  0.73628262
 -1.12499566]
Current x_clock array =  [-0.61565536 -0.74772354 -0.64882083  0.34559011 -3.36882755 -3.0483664
 -1.60598365 -0.23176738  0.         -0.31025129]
log likelihood =  -1123.047066276081
Lr derivatives =  [4.02691583770239, -6.371212120884655, 1.3456953554971613]
other derivatives =  [-21.81146988   6.97400856   0.4197384    0.49843015  -1.4437853
   0.48278723  -1.54001457]
Current x_clock array =  [-0.64735876 -0.72480519 -0.62993671  0.43654581 -3.5103138  -3.56797964
 -1.76402211 -0.12193266  0.         -0.31556093]
log likelihood =  -1122.47854619831
Lr derivatives =  [-0.059943867910404944, -9.263897591609291, 0.018938560967527884]
other derivatives =  [-8.64698927e+00 -2.34217623e-03  7.73231932e-02 -1.47344076e+00
 -6.21748648e-02  6.55067438e-01 -1.24372697e+00]
Current x_clock array =  [-0.62439962 -0.74140232 -0.64361231  0.37067701 -3.40785151 -3.19168329
 -1.64957295 -0.20147337  0.         -0.31171577]
log likelihood =  -1122.300527665919
Lr derivatives =  [-0.009722168276183982, -8.940713055170653, 0.48012122751932385]
other derivatives =  [-3.38642462 -0.94262964 -0.32555999 -0.12607143  0.32865723  0.47514996
 -1.27748943]
Current x_clock array =  [-0.61530148 -0.74584616 -0.64325191  0.43067174 -3.38316144 -3.5032862
 -1.72227311 -0.20988287  0.         -0.30288433]
log likelihood =  -1122.2578356511249
Lr derivatives =  [-0.25026410156122064, -9.258208652530612, -0.856002141882442]
other derivatives =  [ 0.43229898  0.29991588  0.60718276  0.5122788   0.20641936  0.42430838
 -1.32412423]
Current x_clock array =  [-0.60903229 -0.74227124 -0.63984738  0.46088709 -3.38510349 -3.58847304
 -1.72078232 -0.2048875   0.         -0.31735918]
log likelihood =  -1122.239436314992
Lr derivatives =  [-0.17507107122221915, -9.068332984798051, -0.21690210927706755]
other derivatives =  [ 1.30173999  0.25667441  0.15624369  0.86872365  0.04171585  0.42292651
 -1.29993259]
Current x_clock array =  [-0.60744499 -0.74279505 -0.64073426  0.4732364  -3.39066337 -3.60655272
 -1.70825623 -0.20445255  0.         -0.31187706]
log likelihood =  -1122.1908739086516
Lr derivatives =  [0.038781775814322635, -8.846023473751274, 0.5354119986707571]
other derivatives =  [ 2.55582518  0.49700861 -0.26782459  1.25287352 -0.17062524  0.43598675
 -1.23668997]
Current x_clock array =  [-0.60527669 -0.74242894 -0.64159847  0.48685858 -3.40111502 -3.59421792
 -1.65024379 -0.19999925  0.         -0.30820319]
log likelihood =  -1122.0545832030905
Lr derivatives =  [0.45952462743085243, -8.604897072382812, 2.072094330898083]
other derivatives =  [ 4.70653754  0.93334575 -0.67982296  1.9489712  -0.50264425  0.47197211
 -0.87110728]
Current x_clock array =  [-0.60157964 -0.74122141 -0.64291399  0.51282325 -3.42273925 -3.55031544
 -1.43824851 -0.187251    0.         -0.30466323]
log likelihood =  -1121.9163175681715
Lr derivatives =  [0.8549796976039916, -8.60780136457338, 2.3834382339553617]
other derivatives =  [ 4.41709199  1.59901742 -2.87217017  2.16893727 -0.44141982  0.42761429
 -0.35483867]
Current x_clock array =  [-0.60174804 -0.73817156 -0.65069954  0.51905367 -3.42877343 -3.65036077
 -1.25136663 -0.1785951   0.         -0.31053167]
log likelihood =  -1122.069907425974
Lr derivatives =  [-0.5649439683682806, -9.98978509855639, 2.982291945532473]
other derivatives =  [ 1.13771011 -2.90040362 12.57933832  1.64402536 -0.7449069   0.27252265
  1.38228097]
Current x_clock array =  [-0.60799852 -0.75109362 -0.60945625  0.51166826 -3.46059193 -4.13531055
 -0.96885269 -0.1646053   0.         -0.30765077]
log likelihood =  -1121.826035816787
Lr derivatives =  [0.25237191705135, -9.183333848334447, 2.587603098550299]
other derivatives =  [ 3.17378112 -0.12772648  2.77286313  1.9675615  -0.56080094  0.35991577
  0.19668539]
Current x_clock array =  [-0.60413345 -0.74310308 -0.63495961  0.51623513 -3.44091652 -3.83543509
 -1.14354913 -0.17325608  0.         -0.30943221]
log likelihood =  -1121.6108291444207
Lr derivatives =  [0.5404768145107728, -9.37864450382788, 1.2206555032691924]
other derivatives =  [-0.57594798 -0.20241191  0.4173462   1.14346312  0.03412327  0.22962447
  0.24348381]
Current x_clock array =  [-0.610279   -0.74211137 -0.64317432  0.48252392 -3.42389844 -4.24207034
 -1.11795911 -0.17321649  0.         -0.32259147]
log likelihood =  -1121.4935030455113
Lr derivatives =  [0.624277659770766, -9.598907098463737, -0.2732080786859097]
other derivatives =  [-1.50004394  0.67968244  0.79608981 -0.28100362  0.58515035  0.13192425
 -0.01561104]
Current x_clock array =  [-0.61266656 -0.73849485 -0.64367502  0.42834354 -3.41113273 -4.75306852
 -1.15965922 -0.17509124  0.         -0.33359917]
log likelihood =  -1121.6341514851204
Lr derivatives =  [-2.9290552734502953, -12.24967284531592, -3.5058101940665307]
other derivatives =  [-8.40604753 -6.84674569 -1.85946715  0.9478556  -0.45002788  0.05957861
 -0.25406112]
Current x_clock array =  [-0.6213288  -0.7619888  -0.65199869  0.47049656 -3.40685711 -5.48470648
 -1.20417307 -0.19995475  0.         -0.353159  ]
log likelihood =  -1121.4792699208012
Lr derivatives =  [-0.19058635494488185, -10.204531671899867, -1.0280573481696584]
other derivatives =  [-3.1147888  -1.10338738  0.17689035 -0.00402429  0.34425423  0.10991481
 -0.0703909 ]
Current x_clock array =  [-0.61465528 -0.74388871 -0.64558602  0.43802125 -3.41015111 -4.9210418
 -1.16987895 -0.18079954  0.         -0.33808982]
log likelihood =  -1121.4504748526165
Lr derivatives =  [-0.24688577372759724, -10.305513093723293, -1.1767611469202315]
other derivatives =  [-2.09040581 -0.80016935  0.05335642 -0.25513259  0.42823493  0.08162185
  0.07231188]
Current x_clock array =  [-0.6131445  -0.74246804 -0.64699125  0.42829194 -3.40909197 -5.21123516
 -1.13679479 -0.18178638  0.         -0.34021691]
log likelihood =  -1121.4265647714733
Lr derivatives =  [-0.32604336758423236, -10.383923467561543, -1.2206956689785038]
other derivatives =  [-3.9687352   2.32873685  0.81907092 -0.07721223  0.27656474  0.03937425
  0.10149598]
Current x_clock array =  [-0.61643842 -0.73175356 -0.64441627  0.43346306 -3.41246882 -5.93833327
 -1.12702726 -0.18254027  0.         -0.34020796]
log likelihood =  -1121.3907591843995
Lr derivatives =  [-0.4134544884384481, -10.360153475653798, -1.2427536425244403]
other derivatives =  [ 0.54090992  0.90794811  0.80431892 -0.15665046  0.33548521  0.02507244
  0.1012948 ]
Current x_clock array =  [-0.60917247 -0.73689047 -0.64508344  0.43315822 -3.41185139 -6.38767182
 -1.12947446 -0.18369979  0.         -0.33972018]
log likelihood =  -1121.375359546743
Lr derivatives =  [-0.3943739970678797, -10.252720383939174, -0.9725688792099789]
other derivatives =  [ 1.03973844  0.28241789  0.61997548 -0.03205059  0.27060464  0.0169458
  0.06228667]
Current x_clock array =  [-0.6082667  -0.73929429 -0.64528309  0.43765448 -3.41423698 -6.78804303
 -1.14089351 -0.18376799  0.         -0.33594536]
log likelihood =  -1121.3580712329222
Lr derivatives =  [0.2462470361627216, -9.61253621213916, 0.27840161862295654]
other derivatives =  [-0.18645324 -0.56981526 -0.07385302 -0.09523933  0.28529931  0.00795386
  0.04006274]
Current x_clock array =  [-0.6102496  -0.74285646 -0.64641595  0.4320258  -3.42136207 -7.57784381
 -1.15477595 -0.17962845  0.         -0.32283226]
log likelihood =  -1121.3539894426358
Lr derivatives =  [0.03367894977798902, -9.69283736530752, 0.2590037749050511]
other derivatives =  [ 0.15942783 -0.08343818 -0.0574862   0.09076393  0.08429751  0.00534871
 -0.01376607]
Current x_clock array =  [-0.60960147 -0.74132256 -0.64614714  0.43832497 -3.4256382  -7.97704177
 -1.16593214 -0.18120843  0.         -0.32194842]
log likelihood =  -1121.3519262949749
Lr derivatives =  [-0.06256786040814799, -9.752259177770611, 0.1777740134010677]
other derivatives =  [ 0.13324052  0.03912351  0.04769504  0.06577125 -0.01615493  0.0036529
 -0.02117058]
Current x_clock array =  [-0.60963907 -0.74089564 -0.64586619  0.43668462 -3.42929724 -8.35872375
 -1.16671639 -0.18101587  0.         -0.32243997]
log likelihood =  -1121.3502597633174
Lr derivatives =  [0.054600791267753856, -9.700921941763589, 0.011282481846217607]
other derivatives =  [ 0.06679807  0.2784102  -0.41596286  0.01383501 -0.07046633  0.00188132
 -0.0343155 ]
Current x_clock array =  [-0.60972617 -0.7402002  -0.64715936  0.43367503 -3.43367622 -9.01968888
 -1.16470092 -0.17807895  0.         -0.32503611]
log likelihood =  -1121.3499305456057
Lr derivatives =  [-0.03898912185243841, -9.796507771521142, -0.11031065627260794]
other derivatives =  [-0.10457643 -0.09531391  0.60308412 -0.07228527 -0.12049562  0.00097362
 -0.00464256]
Current x_clock array =  [-0.61007448 -0.74144509 -0.64411938  0.43131272 -3.43726379 -9.67857805
 -1.16024002 -0.1761048   0.         -0.32633172]
log likelihood =  -1121.3492929171657
Lr derivatives =  [0.021208409002946627, -9.742867673409105, -0.055871416032013954]
other derivatives =  [-0.01921694 -0.01398735  0.07301401 -0.03774699 -0.09907991  0.0010903
 -0.01446896]
Current x_clock array =  [-0.6098909  -0.74119212 -0.64568755  0.43213657 -3.43607432 -9.56544501
 -1.16124445 -0.17660145  0.         -0.32588179]
log likelihood =  -1121.349156147608
Lr derivatives =  [0.03389491985477244, -9.732368488950627, -0.038783773273375566]
other derivatives =  [ 0.01666922 -0.01859917 -0.02520255 -0.02632078 -0.09220211  0.00102098
 -0.01156815]
Current x_clock array =  [-0.60982144 -0.74120863 -0.64598483  0.43252807 -3.43575224 -9.63118481
 -1.16049887 -0.17668651  0.         -0.32577451]
log likelihood =  -1121.3487909945363
Lr derivatives =  [0.056507541319747, -9.71521573593839, 0.010672282006810363]
other derivatives =  [ 0.09162113 -0.03399236 -0.1804533   0.0142586  -0.0706168   0.00072393
  0.00470932]
Current x_clock array =  [-0.60967398 -0.74124728 -0.64646263  0.43415143 -3.43466684 -9.97525867
 -1.15707011 -0.17695142  0.         -0.32548289]
log likelihood =  -1121.348533473124
Lr derivatives =  [0.048792919584823014, -9.725263029203324, 0.027140025656321676]
other derivatives =  [ 0.07349922 -0.02362162 -0.15130422  0.03503646 -0.04937426  0.00051406
  0.01906461]
Current x_clock array =  [ -0.60970039  -0.74116757  -0.64641145   0.43517639  -3.4334651
 -10.31727967  -1.15439982  -0.1773644    0.          -0.3253788 ]
log likelihood =  -1121.3481879205553
Lr derivatives =  [0.002449304561239707, -9.765417947883936, 0.0020412134302412177]
other derivatives =  [ 0.17980051 -0.02075399 -0.02662432  0.00113164  0.01471792  0.00029902
  0.01946196]
Current x_clock array =  [ -0.60957458  -0.74104916  -0.64621729   0.43444461  -3.43007412
 -10.85690999  -1.15523632  -0.17897061   0.          -0.32524772]
log likelihood =  -1121.34876547135
Lr derivatives =  [-0.08940526133093729, -9.852717782705675, -0.08737460141519726]
other derivatives =  [-8.59686224e-01  4.65729499e-02 -1.06065499e-01  3.20021627e-02
  2.56342206e-02  1.91123736e-04  6.84495979e-03]
Current x_clock array =  [ -0.61118475  -0.74060693  -0.64643443   0.43526488  -3.42749961
 -11.30184018  -1.15776898  -0.1805459    0.          -0.32561942]
log likelihood =  -1121.3481403770886
Lr derivatives =  [-0.01732767143383729, -9.784227268399963, -0.017245565345942016]
other derivatives =  [-0.04499111 -0.00622617 -0.04378603  0.00781074  0.0170708   0.00027147
  0.01673557]
Current x_clock array =  [ -0.609922    -0.74095374  -0.64626414   0.4346216   -3.42951862
 -10.95291121  -1.15578278  -0.1793105    0.          -0.32532792]
log likelihood =  -1121.3480690008732
Lr derivatives =  [-0.033950064522997314, -9.796538956343333, -0.03875926355238768]
other derivatives =  [-0.00623618  0.01314288  0.01234275 -0.00016394  0.01515226  0.00020954
  0.01264339]
Current x_clock array =  [ -0.60986988  -0.74088264  -0.64611422   0.43438961  -3.42947003
 -11.21144788  -1.15666883  -0.17944844   0.          -0.32545257]
log likelihood =  -1121.3479585773468
Lr derivatives =  [-0.03485347000360284, -9.794212789965366, -0.03914976349477017]
other derivatives =  [ 0.00614114 -0.01642525  0.07542189 -0.01315811  0.00678318  0.00011495
  0.00735858]
Current x_clock array =  [ -0.60985945  -0.74100487  -0.64590759   0.43388856  -3.43002107
 -11.81253549  -1.15797547  -0.17925346   0.          -0.32538789]
log likelihood =  -1121.347927384302
Lr derivatives =  [0.014753920297504441, -9.752257768345759, 0.009028423197766422]
other derivatives =  [ 2.03156105e-02  1.56201622e-01  8.24395556e-02 -1.28409283e-02
  5.31501941e-03  5.78627457e-05  7.44520869e-04]
Current x_clock array =  [ -0.60986573  -0.74048593  -0.64581618   0.43379661  -3.43057068
 -12.49985035  -1.15928311  -0.1788295    0.          -0.32500741]
log likelihood =  -1121.3478632189062
Lr derivatives =  [0.0022432788530912795, -9.760065454047016, 0.003893259750294309]
other derivatives =  [-4.42037162e-03  2.39622295e-02  5.14489784e-02 -1.17365744e-02
  9.98524316e-04  4.03252576e-05  7.89920416e-04]
Current x_clock array =  [ -0.6098841   -0.74092525  -0.64590878   0.43380567  -3.43067439
 -12.86140212  -1.15943473  -0.17885223   0.          -0.32499905]
log likelihood =  -1121.3478430311638
Lr derivatives =  [-8.129690724545391e-05, -9.760075114214839, 0.006342060570998065]
other derivatives =  [-1.11381269e-02 -1.69202394e-02  1.17368018e-02 -5.86419446e-03
 -7.79946579e-04  2.56707219e-05 -1.20192209e-04]
Current x_clock array =  [ -0.60988279  -0.74106382  -0.64602085   0.43399117  -3.43066241
 -13.31254474  -1.15964308  -0.1788966    0.          -0.32495257]
log likelihood =  -1121.3478329862019
Lr derivatives =  [-0.0007856010198579177, -9.759446848711471, 0.006527155574799881]
other derivatives =  [-5.08066478e-03 -1.66555765e-02 -1.47504124e-02  4.12910595e-04
 -2.27371192e-03  1.60317769e-05 -1.46632802e-03]
Current x_clock array =  [ -0.609867    -0.74106574  -0.64609307   0.43421102  -3.43063747
 -13.78557185  -1.15987355  -0.17893497   0.          -0.32494367]
log likelihood =  -1121.3478269793623
Lr derivatives =  [0.0003010012025344011, -9.758436357501694, 0.006272879962915923]
other derivatives =  [-4.02656042e-03 -1.18595835e-02 -1.19125616e-02  5.40126166e-03
 -2.81175335e-03  9.47103261e-06 -2.44410552e-03]
Current x_clock array =  [ -0.60986374  -0.74105512  -0.64607262   0.43442374  -3.43063549
 -14.30833533  -1.16007665  -0.17890983   0.          -0.32495282]
log likelihood =  -1121.3478421729396
Lr derivatives =  [0.011919063123067675, -9.756977525120902, -0.024438652954445583]
other derivatives =  [ 4.07089829e-02  3.99452347e-02 -9.09892606e-02 -5.54678081e-03
  6.39248148e-03  3.73065608e-06 -3.94366444e-03]
Current x_clock array =  [ -0.60979615  -0.74087312  -0.6463395    0.43397895  -3.43037355
 -15.23684242  -1.15973901  -0.17886187   0.          -0.3253583 ]
log likelihood =  -1121.3478252426733
Lr derivatives =  [0.0030933052023792706, -9.758085559863282, -0.0011162756372846694]
other derivatives =  [ 6.72480382e-03  5.91171556e-04 -3.09285042e-02  2.76963874e-03
 -5.99424005e-04  7.57310647e-06 -2.80454760e-03]
Current x_clock array =  [ -0.6098475   -0.74101137  -0.64613678   0.43431682  -3.43057252
 -14.53153463  -1.15999548  -0.1788983    0.          -0.32505029]
      fun: 1121.3478252426733
 hess_inv: <10x10 LbfgsInvHessProduct with dtype=float64>
      jac: array([ 6.72480382e-03,  5.91171556e-04, -3.09285042e-02,  2.76963874e-03,
       -5.99424005e-04,  7.57310647e-06, -2.80454760e-03,  3.09330520e-03,
       -9.75808556e+00, -1.11627564e-03])
  message: 'CONVERGENCE: REL_REDUCTION_OF_F_<=_FACTR*EPSMCH'
     nfev: 58
      nit: 51
     njev: 58
   status: 0
  success: True
        x: array([ -0.6098475 ,  -0.74101137,  -0.64613678,   0.43431682,
        -3.43057252, -14.53153463,  -1.15999548,  -0.1788983 ,
         0.        ,  -0.32505029])
