number of sites to be analyzed:  408
log likelihood =  -12166.377362407737
Edge derivatives =  [138.3448193605916, 54.162895455418514, 61.84295274798796, 30.78403999470977, -55.01444246472841, -62.87971003104471, 112.05918892744134, 64.5512507279123, 8.642774169708643, 17.478953418564032, -50.43702930766769, 4.317475190671761, -22.07404896395486, 2.4926637140676116, 62.50552670504403, 84.72771866647756]
other derivatives: [ -83.84231478  153.80901459 -144.61184037  342.40056266 -866.45668489
 -121.82281353 -321.82269933]
Current x array =  [-0.57199506 -0.65833778 -0.64553453  0.18232156 -0.10536052 -0.22314355
  0.33647224 -2.30258509 -2.30258509 -2.30258509 -2.30258509 -2.30258509
 -2.30258509 -2.30258509 -2.30258509 -2.30258509 -2.30258509 -2.30258509
 -2.30258509 -2.30258509 -2.30258509 -2.30258509 -2.30258509]
log likelihood =  -11407.048372484882
Edge derivatives =  [126.37421667268008, 69.89230213321856, 82.58467338281139, 48.16907812037435, -29.793693233569833, -35.80736090091595, 129.22885729794947, 85.30031562148461, 28.991549494799557, 37.300212246842186, -24.02806406843898, 24.688494224206813, 3.5545205769099515, 20.653890051518818, 83.6771193071681, 104.17872639043375]
other derivatives: [ 260.56040952  172.89257812  -15.30315785  294.06091926 -544.75931393
  -56.46343197 -135.73935576]
Current x array =  [-6.59860376e-01 -6.57700248e-01 -7.97085274e-01  1.92610317e-01
 -1.01339238e+00 -3.50811787e-01 -7.92476811e-04 -2.29598009e+00
 -2.24582330e+00 -2.29598009e+00 -2.29598009e+00 -2.36023929e+00
 -2.36848196e+00 -2.29598009e+00 -2.29598009e+00 -2.29598009e+00
 -2.29598009e+00 -2.35544224e+00 -2.29806045e+00 -2.32571832e+00
 -2.29997282e+00 -2.29598009e+00 -2.29598009e+00]
log likelihood =  -13209.676888595275
Edge derivatives =  [120.15093231040125, 74.67886607794296, 88.00298101888143, 50.60839932606731, -8.404478490688193, -12.761193908353027, 129.9037475162852, 94.86332943791103, 39.759092025258, 57.698586215082074, -1.696062306414231, 52.510855063812116, 22.326930822301414, 33.43876297876188, 92.86497605554253, 107.39365465541277]
other derivatives: [-2.65497092e+04  7.61172487e+01  1.45140257e+02 -3.32986565e+02
  2.64369373e+02  1.25592123e+01  4.90932507e+01]
Current x array =  [-0.05       -0.36843739 -0.88031258  0.54615585 -3.05208222 -0.56902847
 -0.53164003 -2.12237657 -1.99656307 -2.12213985 -2.17859629 -2.47338425
 -2.50376545 -2.06144973 -2.11818686 -2.20063518 -2.18961257 -2.44800137
 -2.21321007 -2.31840022 -2.22923028 -2.11971769 -2.09333584]
log likelihood =  -11014.24645572476
Edge derivatives =  [114.11063896074988, 75.36152178907204, 85.99979690222038, 50.339328865413925, -21.59756635099174, -25.382564990888767, 127.24695572098035, 86.55391469292553, 33.01412285820937, 41.25146173581703, -13.658893936822396, 29.86528586566001, 10.873549043619155, 23.329408033885116, 85.48809560032704, 102.53745792981405]
other derivatives: [-876.86712504  101.95799405   13.27189239  110.51615729 -202.33710529
  -30.79421731  -83.81321095]
Current x array =  [-0.41812526 -0.54304287 -0.83007473  0.33274792 -1.82148379 -0.43730804
 -0.21120867 -2.22716751 -2.14702208 -2.22707368 -2.24945176 -2.40508744
 -2.42210533 -2.20301746 -2.2255068  -2.25818748 -2.25381837 -2.39213062
 -2.26442764 -2.32281759 -2.27193205 -2.22611359 -2.21565641]
log likelihood =  -10863.25048095107
Edge derivatives =  [104.84488212806178, 80.31989320060372, 89.72643501818783, 53.97858816801912, -13.039997652833758, -15.578549036179709, 129.4951228137106, 89.27348034693296, 38.7438837011308, 47.82831387360952, -4.948101132324806, 39.94389374070883, 20.780624170351558, 27.994777123490024, 88.44365725480951, 104.26306964130185]
other derivatives: [ 420.5332516  -196.26986614   25.36362445   47.70536179  124.77885321
   -3.33548087  -36.6155291 ]
Current x array =  [-0.64897332 -0.43917899 -0.8751545   0.43430538 -2.64154099 -0.53494248
 -0.45776319 -2.14530072 -2.03385579 -2.14701933 -2.19665573 -2.45667723
 -2.48302066 -2.09473696 -2.14450452 -2.2161523  -2.20627653 -2.43357318
 -2.22675417 -2.32018887 -2.24145423 -2.14572363 -2.1234537 ]
log likelihood =  -10800.960036670898
Edge derivatives =  [104.39811597830516, 77.90232991359227, 88.01918050700057, 51.83951574232604, -13.58483650144033, -16.621252994512407, 124.96114658171766, 85.06241897131635, 37.46959139367991, 46.002640078430844, -5.6840028724190175, 37.735375984593986, 19.178745927232132, 27.1666311967883, 84.86328211109972, 100.3361605187727]
other derivatives: [127.24231055 -79.79142538  22.4868927   38.83560566  92.89233276
  -7.08550942 -45.32157618]
Current x array =  [-0.57789262 -0.47714496 -0.85247332  0.46256165 -2.55223779 -0.52683356
 -0.44293371 -2.10780737 -2.01135603 -2.11623652 -2.17845252 -2.45664124
 -2.48328463 -2.04964758 -2.11370171 -2.20354328 -2.1905527  -2.43121997
 -2.21398314 -2.31156725 -2.23213361 -2.11525125 -2.08718298]
log likelihood =  -10711.304443070032
Edge derivatives =  [99.6611729894923, 70.59164348830228, 81.51646329713255, 44.963450402335084, -13.890865997454235, -17.520328347084835, 108.97709092119247, 70.9761954196466, 34.0563048912675, 41.68524033261124, -6.736361946639009, 33.96345945888637, 16.45425422500099, 25.21744906243895, 72.95394583573453, 86.43545959846716]
other derivatives: [-602.48876252   11.00033842    1.69584382  -16.4283847    57.712532
  -12.3425707   -61.27957022]
Current x array =  [-0.46134821 -0.52387491 -0.78726363  0.57689978 -2.45850913 -0.52555642
 -0.46107206 -1.95621615 -1.90353306 -1.98823835 -2.10198233 -2.47023003
 -2.50073387 -1.86641903 -1.98736371 -2.14861373 -2.12360924 -2.43412522
 -2.15993416 -2.28111886 -2.1915617  -1.98973171 -1.9386262 ]
log likelihood =  -10612.350440841461
Edge derivatives =  [94.0565481283589, 63.20589000315562, 75.20156898616966, 38.952796163180864, -12.699453410234042, -17.064089483066844, 91.25000493636713, 56.853888365192674, 32.30847543765184, 38.84698891099202, -6.899301923032844, 31.866748814733395, 15.613659465559362, 24.94392011715752, 60.93526201813496, 72.05808156707947]
other derivatives: [-677.39983933   55.04371074  -34.64938345  -42.73806553   26.97834134
  -16.65448508  -77.72014214]
Current x array =  [-0.45889817 -0.58152738 -0.72513851  0.68514079 -2.37076161 -0.52874262
 -0.49634533 -1.78674509 -1.78146054 -1.84524508 -2.01714652 -2.48743257
 -2.52259089 -1.66345822 -1.84806634 -2.0871698  -2.04874304 -2.43923033
 -2.09931488 -2.2479251  -2.14616956 -1.85083765 -1.7743568 ]
log likelihood =  -10355.15281010502
Edge derivatives =  [7.501489107613056, 10.106014820660667, 3.140639053844217, -7.498101094995616, -11.390867899186329, -14.806874817825008, -69.1876869384858, -36.614939623802215, 10.208319486737123, 7.871487775613622, -13.753196469789835, 9.681140202585391, 6.648252523540419, 11.347940866295643, -33.963504192551284, -51.41157158178001]
other derivatives: [-236.65943445  262.52964744  150.83896869  -95.99407349 -133.9814844
  -10.47446858  -93.83038559]
Current x array =  [-0.53991484 -0.83625188 -0.7281173   1.04159826 -2.23598204 -0.63271048
 -1.01493783 -0.75235742 -1.02377784 -0.9734488  -1.51753985 -2.61148908
 -2.68608744 -0.51111625 -1.07149644 -1.69782357 -1.58205735 -2.49395363
 -1.71595138 -2.04513243 -1.85052471 -1.05769661 -0.84123957]
log likelihood =  -10299.44779075841
Edge derivatives =  [10.795757914532821, 14.463789846505163, 12.713400804663399, -1.0065236313237313, -8.080236603150444, -12.344973400761617, -33.5079279924251, -17.896844501477204, 15.590949326337153, 16.13628158188382, -8.781092116571404, 15.411736659196142, 9.739130705981353, 16.92918709254974, -9.168845405335725, -19.731628868802375]
other derivatives: [-276.11768019  -83.41503417 -405.65664676  -32.45131666  -42.92323865
    2.0778316   -51.82264431]
Current x array =  [-0.54185877 -0.63552951 -0.47229637  0.83966799 -2.4404339  -0.65486748
 -1.17707296 -0.79654853 -1.02709565 -1.00863927 -1.54882204 -2.63387666
 -2.7116142  -0.66851824 -1.15698727 -1.6980983  -1.58875984 -2.52106187
 -1.71457422 -2.04604429 -1.84684652 -1.14243266 -0.96107046]
log likelihood =  -10256.594954630538
Edge derivatives =  [20.820364309053364, 21.392284369607452, 21.55005537148197, 4.145804830780556, -7.812628938261901, -11.40453265684413, -10.649104539809171, -5.694792224309032, 16.802871118534526, 17.396122266857088, -7.199851957046338, 18.837302033285983, 12.222167478721783, 16.190470952906686, 0.13753149846512924, -4.70255585856489]
other derivatives: [-81.97057468 -24.49341991  39.90335244 -36.62971721  36.49984137
   7.34326022 -35.3786163 ]
Current x array =  [-0.57561471 -0.65514436 -0.66978127  0.77391204 -2.61046738 -0.66894809
 -1.22952185 -0.85775777 -1.05613729 -1.05531014 -1.5792185  -2.63839829
 -2.71739024 -0.75989095 -1.21599176 -1.7117973  -1.60752152 -2.52963382
 -1.72822545 -2.0559636  -1.85476563 -1.19762865 -1.03116051]
log likelihood =  -10244.976231543274
Edge derivatives =  [9.868401747800956, 15.781979365549613, 13.623111796449095, 0.3594950467398945, -7.394502588625332, -10.892650071941985, -22.06069745575379, -11.626085210057054, 14.456879816931584, 14.176242629538118, -7.247911939203639, 16.3699922163746, 11.228869415919137, 14.841457195142564, -6.4981024099459415, -13.129225459572837]
other derivatives: [-12.36512617 -11.36650098  26.4531991  -22.62640919  20.7888661
   9.681753   -29.48763722]
Current x array =  [-0.59606637 -0.66945533 -0.6514008   0.75522457 -2.61059053 -0.67986718
 -1.32844415 -0.75147017 -0.97148523 -0.96372885 -1.53299742 -2.65782454
 -2.74321772 -0.67786959 -1.15707262 -1.6645311  -1.55330761 -2.54285031
 -1.68039507 -2.02969036 -1.81625628 -1.13339322 -0.96141984]
log likelihood =  -10234.969871047215
Edge derivatives =  [-2.9584286803668576, 10.068616647360889, 5.335171035522534, -2.741737199043916, -6.72282368614008, -10.048418197543175, -22.32369816883933, -11.955014304462113, 10.63625753543864, 9.923080283814262, -6.343677972732478, 12.994503672863583, 9.32189861856433, 11.978431221039871, -7.5319198435723775, -12.953904073821874]
other derivatives: [ 50.13025657 -15.12489689 -18.01381586   8.32660589   6.99092197
  13.56584107 -16.23375283]
Current x array =  [-0.61680276 -0.67226485 -0.62188196  0.68543664 -2.61733955 -0.67640557
 -1.48561505 -0.65167033 -0.872713   -0.86800598 -1.49646158 -2.69026629
 -2.78755985 -0.66598154 -1.13641226 -1.59955551 -1.48373338 -2.57022603
 -1.61195175 -1.988649   -1.75741537 -1.09987535 -0.9394071 ]
log likelihood =  -10229.449704365858
Edge derivatives =  [-9.430300432249382, 7.119077532696578, 0.9783899597285689, -3.8470255620785645, -6.449012512703664, -9.548948311082142, -15.030413916772995, -8.45572737576621, 6.824429401857171, 6.01804420082766, -5.478140979419541, 9.573337464888608, 6.942799292726748, 8.290771840951482, -5.096851927042867, -8.055548261809282]
other derivatives: [ 6.07988113e+01 -9.99953045e+00 -2.06504410e+01  2.04532626e+01
  6.18456397e-03  1.53006113e+01 -8.04720912e+00]
Current x array =  [-0.62082574 -0.67681675 -0.61892901  0.65683762 -2.61321581 -0.65058287
 -1.59130505 -0.61520144 -0.81170566 -0.81783349 -1.48745897 -2.71768343
 -2.82657397 -0.70795304 -1.15371408 -1.55188916 -1.4356891  -2.59488092
 -1.55818891 -1.95365091 -1.70966585 -1.10296646 -0.9585108 ]
log likelihood =  -10224.270765656956
Edge derivatives =  [-16.12284585113642, 1.1391764278878866, -6.658306697101187, -4.788342063271689, -5.7716513973530175, -8.145265067401878, -5.023424218486616, -3.4098149966542763, -2.977517815290875, -4.4204734049984475, -3.7449555360906044, -1.6807897039101154, -0.29406752802227537, -2.3413701229425685, -4.543575843716622, -4.962350635855445]
other derivatives: [ -2.08692654 -38.47435437 -10.54559107  -9.69539542  25.30687198
  17.3542503    2.41307134]
Current x array =  [-0.60552916 -0.67759996 -0.61244363  0.73846174 -2.70860892 -0.54420906
 -1.83603606 -0.55611737 -0.63345839 -0.68886331 -1.46404559 -2.806914
 -2.95266996 -0.74210764 -1.1594856  -1.43133397 -1.31403733 -2.66720384
 -1.41276675 -1.86170948 -1.58841461 -1.07163174 -0.94770024]
log likelihood =  -10221.335964609878
Edge derivatives =  [-10.248666632113157, 3.446277420245872, -0.7560018769193517, -1.623085933856927, -4.812172797781406, -7.445105907614957, 12.469910539763848, 7.378172335040837, -2.098653671954672, -1.9594016136298955, -2.195466406005873, -1.387238922385383, -0.7892390091037274, -2.459924923108384, 6.35176353891097, 9.251239554425723]
other derivatives: [ 41.06732376  72.44434528 -28.48992153  -1.03518687  14.5917511
  15.71625035   3.27290763]
Current x array =  [-0.61338417 -0.72451993 -0.60954935  0.71624385 -2.64537617 -0.46186267
 -1.84249428 -0.65994158 -0.64788662 -0.73918499 -1.51143293 -2.83096711
 -2.98899225 -0.86153186 -1.23732376 -1.43513518 -1.3271317  -2.68856256
 -1.40541682 -1.85070911 -1.58203215 -1.14074165 -1.03480652]
log likelihood =  -10218.592636478144
Edge derivatives =  [-10.081049272358475, 3.768720934424838, -1.5870418538281583, -2.25152570001694, -5.244960451627342, -7.688037517231929, 9.485912175380019, 5.193519092073912, -2.4251329442719074, -2.268914318773562, -2.794464792109806, -1.171488408623621, -0.8516689802143741, -2.9189426386840354, 4.403101817592693, 6.656576857066565]
other derivatives: [ 6.44140528 16.14444045 -5.68434189 -0.45620254  2.7459464  14.39693733
  0.95460564]
Current x array =  [-0.60525005 -0.69338441 -0.62283741  0.71426019 -2.60614989 -0.45094278
 -1.8043063  -0.68473515 -0.66679433 -0.75902332 -1.51943803 -2.82657184
 -2.98354687 -0.85564088 -1.23646717 -1.45101542 -1.34395638 -2.68352635
 -1.42215092 -1.86036449 -1.5972501  -1.14417533 -1.03434511]
log likelihood =  -10217.380197268581
Edge derivatives =  [-9.05153615813531, 3.5142935139628255, -2.0348197114944933, -2.292707299066127, -5.245682965327922, -7.521168751773342, 8.458682133954254, 4.457516338795884, -3.3561922603871714, -3.0614119481095723, -2.8793653224284004, -2.3405981988824776, -1.7520674677301038, -4.210112174511452, 3.3416696493736455, 5.183178373689555]
other derivatives: [-13.99766916  -8.43465386   6.22276275  -6.71843736  -3.09173629
  12.88663043  -0.83782652]
Current x array =  [-0.60051649 -0.68115639 -0.62897112  0.73176641 -2.58451939 -0.40711256
 -1.80258688 -0.71634771 -0.65592708 -0.76434077 -1.52887572 -2.8420514
 -3.00631458 -0.85471902 -1.23769852 -1.45060531 -1.34505797 -2.69356064
 -1.41647179 -1.85562715 -1.5955768  -1.1438605  -1.03216337]
log likelihood =  -10215.74642692273
Edge derivatives =  [-6.368755856619069, 3.0936053841936535, -1.8296182759835105, -1.8036463010231292, -4.876695743579104, -6.959791898742629, 7.45856950293623, 3.9930260743486126, -4.31892375281363, -3.632289361662229, -2.67791382288832, -4.05792302036759, -3.0265997799949558, -5.772666161428591, 2.3489945362019435, 3.550081609030239]
other derivatives: [-25.55407264 -22.82777132  15.37573553 -14.92426236  -8.60436558
  10.13522706  -3.70546331]
Current x array =  [-0.59800689 -0.6736722  -0.63367738  0.75438429 -2.56134987 -0.31758723
 -1.81557083 -0.7774832  -0.62713646 -0.77125082 -1.54698356 -2.87745771
 -3.05779042 -0.85228605 -1.23930499 -1.44778894 -1.34490643 -2.71706526
 -1.40265338 -1.84520193 -1.59103561 -1.14208803 -1.02739925]
log likelihood =  -10212.782318969555
Edge derivatives =  [-1.8094707201289326, 1.3615004085483697, -1.4338299989011447, -0.8622642516519718, -3.838062172089367, -5.638640382858962, 3.692305342344925, 2.5329966893829385, -5.063309615978621, -3.677781431795687, -2.0454729325073595, -6.364810055571975, -4.495322241580909, -7.152049167036239, 0.19006103419354975, 0.04023443775440949]
other derivatives: [-49.84613042 -24.35135684  20.46708687 -17.12905942 -12.26399036
   4.98857844  -8.34661478]
Current x array =  [-0.59207797 -0.67276816 -0.63699287  0.75925061 -2.54966148 -0.13945616
 -1.871692   -0.88622834 -0.55605378 -0.77430271 -1.57716373 -2.95509091
 -3.17007304 -0.82949212 -1.22961714 -1.442886   -1.34246804 -2.76817625
 -1.37786667 -1.82808407 -1.58695837 -1.12840962 -1.00725152]
log likelihood =  -10216.153791363966
Edge derivatives =  [7.710272377303238, -2.5237241992546915, 1.858533659865015, 2.782431537860301, -1.5661492246574866, -3.1903311257848443, 6.802557861814966, 6.112363934114261, -5.6799005479197175, -2.648562038496809, 0.21136631739005196, -9.605444674038774, -6.911841655351256, -9.289288224588159, 2.1074026010410853, 1.47126465837167]
other derivatives: [ 130.48666005 -108.22677723    2.1971573   -24.05795385    7.80746632
   -5.44641807  -16.06567821]
Current x array =  [-0.64564483 -0.62552404 -0.6242328   0.76259985 -2.57744537  0.2411098
 -2.03897395 -1.12408045 -0.4080403  -0.78715912 -1.65061405 -3.12796747
 -3.42152398 -0.84104198 -1.23976594 -1.43087767 -1.33328235 -2.88503484
 -1.32759944 -1.79221577 -1.57782982 -1.12897223 -1.00911483]
log likelihood =  -10211.468053388347
Edge derivatives =  [1.669258581420805, 0.38095079388448366, -0.23393336545742727, 0.41117650943674255, -2.973187192523492, -4.6873662120085, 4.839944612937571, 3.75821884508649, -5.229560938939539, -3.2961434190465204, -1.2255014118936043, -7.37261917353921, -5.28634717608802, -7.851358093845595, 0.8841970651667316, 0.5671441360825223]
other derivatives: [ 15.95653885 -52.26829671  14.22376954 -19.74440238  -4.96256689
   1.70803105 -10.55523171]
Current x array =  [-0.61050855 -0.65651303 -0.63260255  0.76040297 -2.55922099 -0.00851605
 -1.92924817 -0.96806535 -0.50512726 -0.77872618 -1.60243555 -3.014572
 -3.25658896 -0.83346605 -1.23310901 -1.43875433 -1.33930755 -2.80838341
 -1.36057138 -1.81574298 -1.58381754 -1.1286032  -1.00789263]
log likelihood =  -10209.127681711958
Edge derivatives =  [4.479762838416551, -2.94248291172334, -0.18319320928099708, 1.0925478563731756, -1.9059353473380791, -3.539493859426958, -0.03995814754094584, 2.115863285707426, -4.7112602145655735, -2.359077593952383, -0.49755439682712954, -8.324938129999467, -5.521499114979132, -7.247845326204686, -0.9572990503736377, -2.4148358199173323]
other derivatives: [ -7.91114871 -17.87466317  -0.71941031  -8.72314558  -4.88289515
  -2.43198883 -13.58530426]
Current x array =  [-0.60378033 -0.67355098 -0.62598878  0.73147379 -2.57361793  0.15022572
 -2.0164259  -1.04847719 -0.42726361 -0.76850658 -1.62252796 -3.09196198
 -3.36845499 -0.79834643 -1.21228529 -1.43389471 -1.33303247 -2.85889672
 -1.34099883 -1.80368617 -1.58444731 -1.1071914  -0.98139631]
log likelihood =  -10208.133280127964
Edge derivatives =  [4.150264618375955, -4.466512692440505, -0.8953786750608383, 0.9834450990738921, -1.371032257177324, -2.998560667809902, -2.219046941432886, 1.1956782909986048, -3.717365882219071, -1.6888436866406626, -0.08110927096264317, -7.108528214705162, -4.49549435495847, -5.717835630900897, -1.5900438883055945, -2.9383450250765786]
other derivatives: [  6.51816663   7.7754521   11.00106601   0.74069249   0.20791049
  -1.68129191 -11.35595085]
Current x array =  [-0.60678747 -0.68670064 -0.63205948  0.70304043 -2.59840401  0.19847032
 -2.08530397 -1.05648982 -0.39371367 -0.75381242 -1.62225475 -3.12460958
 -3.4164135  -0.77852582 -1.1953664  -1.43296398 -1.32708377 -2.87944552
 -1.34055704 -1.80461586 -1.5903858  -1.09397048 -0.96873175]
log likelihood =  -10207.56236207187
Edge derivatives =  [3.8900249675579257, -4.804111719276219, -0.4806427654818343, 1.2181845098373563, -0.7415638513847735, -2.469757280200795, -1.6255939585204382, 1.6461221789551996, -1.7489849771396495, 0.01004400794085103, 0.490121707232539, -4.355517517258679, -2.7852773735922383, -3.0494539514676138, -0.05213818881096455, -0.8128087519097491]
other derivatives: [ -0.57061698  11.89255272 -19.79369699  11.0214387    4.55747795
  -0.02273737  -7.92224455]
Current x array =  [-0.60492961 -0.68781539 -0.61797322  0.67554933 -2.61516122  0.23287799
 -2.15035574 -1.0640021  -0.38070758 -0.75075956 -1.62473303 -3.1499512
 -3.45520069 -0.77874736 -1.18856053 -1.44036275 -1.32840336 -2.89463757
 -1.35326533 -1.81314081 -1.60512274 -1.09399822 -0.97306392]
log likelihood =  -10207.073085773707
Edge derivatives =  [3.2540051113044184, -4.785342347995174, -0.726759757143622, 1.1164123549210414, -0.49754047056540784, -2.2270979441347105, -1.239233169388875, 1.535740919305963, -0.9885076643726917, 0.30728627658562147, 0.7142127255186365, -2.776532246035981, -1.8662074250509473, -1.9184647166591986, 0.29225938349807806, 0.05213487655307142]
other derivatives: [ 6.31061994 10.62326191 -6.38974598 10.16633178  6.79447112  1.24564394
 -5.54555299]
Current x array =  [-0.60640905 -0.68689368 -0.62471577  0.67572581 -2.62000244  0.24855143
 -2.1911202  -1.06115474 -0.37786407 -0.74797234 -1.62380751 -3.16305609
 -3.47653873 -0.78023296 -1.18327986 -1.44446426 -1.32766997 -2.90165338
 -1.36251909 -1.81929949 -1.61418927 -1.09345348 -0.97551383]
log likelihood =  -10206.30568241504
Edge derivatives =  [2.219120168052315, -4.871425529033883, -1.1338103683075935, 0.9616240986582026, 0.1039715556580415, -1.6443314936581719, -0.704316178915201, 0.9522420824188573, 0.6717206862155651, 0.9098201567784225, 1.1992177952548084, 0.557314350175317, -0.015646421845255873, 0.5347171001020314, 0.8250975712738764, 1.4330350060211816]
other derivatives: [ 5.71199053 -1.07829692  7.90460035  4.34793037  6.77136995  3.05226422
 -1.52031134]
Current x array =  [-0.60614867 -0.68030173 -0.63215719  0.6902243  -2.61426622  0.30803926
 -2.28756808 -1.06778374 -0.37249883 -0.7465768  -1.62567128 -3.20075673
 -3.53853412 -0.78526742 -1.17106729 -1.45512154 -1.32702007 -2.92145757
 -1.38368222 -1.83315303 -1.63639129 -1.09250339 -0.98042717]
log likelihood =  -10205.958972874516
Edge derivatives =  [1.7461328032310104, -4.8187520942875945, -1.2116940040935313, 0.8451154912258649, 0.5346806655099237, -1.2576072223100436, -1.138002702744349, 0.028405358534660474, 1.7115462586785433, 1.2606146546353272, 1.4329404449418102, 2.3935428105525807, 1.0595570408696733, 2.091630014834116, 0.5698812796153634, 1.2465115982091644]
other derivatives: [ 7.1760951  -1.92485459  6.29224814  1.01390469  0.61954779  3.35130608
 -0.06511982]
Current x array =  [-0.606847   -0.67905994 -0.63138132  0.70251728 -2.59444168  0.36625465
 -2.35280963 -1.07754201 -0.37458319 -0.74937122 -1.62755969 -3.22998566
 -3.5892611  -0.78593886 -1.15991637 -1.46144446 -1.32612745 -2.93501086
 -1.39535251 -1.84149696 -1.65032566 -1.08873676 -0.97810146]
log likelihood =  -10205.712172527708
Edge derivatives =  [2.5982927483209273, -3.376755748096808, -0.058677078593536824, 1.2395966697851202, 0.9699911137704561, -0.7551550502670025, 0.5540773437412572, -0.10270334597076525, 1.5353207463361211, 0.49537188275341065, 1.7484114324564008, 2.2581966082804232, 1.186371626567236, 2.187035638946402, 0.18938061037437426, 0.6577209599568588]
other derivatives: [-25.39291017 -14.77583282   5.37002052  -6.02740329   3.9655788
   2.69101292   0.49167284]
Current x array =  [-0.59858341 -0.67362647 -0.63051088  0.718905   -2.59962946  0.49203361
 -2.46173399 -1.10052361 -0.38448064 -0.75712233 -1.63177687 -3.28183373
 -3.68605444 -0.79817205 -1.1494098  -1.45533131 -1.31403198 -2.95724239
 -1.38821917 -1.84047213 -1.65169653 -1.08218798 -0.97177386]
log likelihood =  -10205.474459865345
Edge derivatives =  [2.624187213279835, -2.663666877762961, 0.4439333245603033, 1.3116740070984032, 1.0903644351466808, -0.6772252709005897, 0.8927289272245065, -0.15110587886831595, 1.6745764480857128, 0.5205436050324252, 1.7868137966388444, 2.317794701250241, 1.3275013141781895, 2.416220361863624, 0.12970250569250052, 0.42771464895936673]
other derivatives: [-9.90294211 -2.59460649 -0.51986717 -6.10398274  1.40516931  2.52694008
  0.52823452]
Current x array =  [-0.60259651 -0.67907151 -0.62709214  0.72137108 -2.59235907  0.51593408
 -2.48207268 -1.0985487  -0.39516731 -0.75967795 -1.63000437 -3.28908565
 -3.70374796 -0.80013148 -1.14601441 -1.45318498 -1.31101027 -2.95789298
 -1.38628726 -1.84044964 -1.6508161  -1.07984199 -0.96859018]
log likelihood =  -10205.28722708633
Edge derivatives =  [2.7544359767647917, -1.4793802662006819, 1.0409656298793801, 1.3644549944810596, 1.157391921105661, -0.5996360203353508, 1.4095824046394578, -0.21622268233493358, 1.185090832814169, 0.004445008498961456, 1.7668312156027606, 1.418121737574427, 1.0357469147566916, 1.9328295068711565, -0.3082950374239828, -0.3979464824149081]
other derivatives: [-0.44419721  7.7754521  -4.89526428 -5.16301952  0.56897989  2.00307113
  0.18517312]
Current x array =  [-0.60512031 -0.68440082 -0.6242109   0.71999106 -2.59166053  0.55771919
 -2.51289235 -1.09439422 -0.41174978 -0.76239855 -1.62628518 -3.30008048
 -3.73276132 -0.80283364 -1.14153548 -1.44512025 -1.30338837 -2.95811746
 -1.37606535 -1.83633523 -1.64330728 -1.07491662 -0.96160256]
log likelihood =  -10205.133997762132
Edge derivatives =  [2.488364872695414, -0.29336593011856793, 1.1645998480214665, 1.1821175348532433, 1.158168105062083, -0.5405985648581443, 1.539697742773664, -0.5786331096010937, 0.3462846872195623, -0.8218371627648662, 1.6751285863104997, 0.21340320834166493, 0.586603580776385, 1.0866845603464748, -1.0342453998783385, -1.5220264766130875]
other derivatives: [ 3.01879481  9.94259608 -5.16956788 -2.68082658 -0.16789272  1.5446858
 -0.07530616]
Current x array =  [-0.60625723 -0.68608283 -0.62345131  0.71376744 -2.59289191  0.60069249
 -2.54672393 -1.08459631 -0.43099781 -0.76356961 -1.62016014 -3.3099697
 -3.76288446 -0.80384491 -1.13617793 -1.43547617 -1.29489548 -2.95629195
 -1.36439842 -1.83149765 -1.63391129 -1.06934216 -0.953947  ]
log likelihood =  -10204.995387277791
Edge derivatives =  [1.865116564370207, 0.6544033421858777, 0.7178919197362216, 0.7762093560442906, 1.2210878338274496, -0.4019082143396094, 1.2486548621265001, -1.031533228937917, -0.5189197104427976, -1.275249854893648, 1.6718475558183237, -0.7027841632751808, 0.058945764791947866, 0.017395220648590004, -1.0947464022501028, -1.5214722962936507]
other derivatives: [12.35785021 -3.59759724 -3.15994839  0.27939677 -0.62973413  0.88930392
 -0.30377123]
Current x array =  [-0.6093362  -0.67946243 -0.62394233  0.70535701 -2.59382768  0.67029528
 -2.59902858 -1.07411257 -0.44891879 -0.76334475 -1.61269784 -3.32569608
 -3.81156364 -0.80244976 -1.13290294 -1.42727664 -1.29058296 -2.95383302
 -1.3550744  -1.82636629 -1.62497334 -1.06911633 -0.95438601]
log likelihood =  -10204.929506966624
Edge derivatives =  [1.1303670142835431, 1.0037551340628497, 0.12387717497621842, 0.33959087655674475, 1.18907998133665, -0.3651123088960083, 0.5442891613711152, -1.3994565293062804, -1.0982193330117995, -1.4255042560394087, 1.5928681588181646, -1.308797294664339, -0.31701234941056167, -0.7415882096149483, -1.0672206709582726, -1.3263422886150746]
other derivatives: [-1.52886059  0.72705006  2.48655851  3.80950951 -2.23790266  0.68885129
 -0.27739588]
Current x array =  [-0.60556093 -0.68245572 -0.62704838  0.69637905 -2.59406923  0.69674388
 -2.61918023 -1.05835255 -0.46050957 -0.76057396 -1.60502872 -3.32641493
 -3.8291759  -0.79799471 -1.13233529 -1.42245538 -1.28981417 -2.94638864
 -1.35011666 -1.8230203  -1.61818995 -1.07008789 -0.95600733]
log likelihood =  -10204.892793702973
Edge derivatives =  [1.0557541638394259, 0.883654672646139, 0.0384069030009635, 0.3208058158843127, 1.2294161913100021, -0.33156448081751416, 0.5237978530561893, -1.2735668102611168, -0.9208492620846311, -1.108553074762122, 1.6475598679995813, -0.9813184276427859, -0.2526605919445264, -0.6447041456836435, -0.6412612023688273, -0.6668987635368862]
other derivatives: [-1.50175765 -1.47883839  3.27163434  2.79305823 -1.31385605  0.74251147
 -0.12259989]
Current x array =  [-0.60553003 -0.68127011 -0.62748414  0.69861685 -2.59571354  0.70359031
 -2.62512268 -1.05740418 -0.45843999 -0.7597044  -1.60454302 -3.32736205
 -3.83436183 -0.79711022 -1.13402587 -1.42398069 -1.29214738 -2.94546044
 -1.35233198 -1.82345833 -1.61934179 -1.07264372 -0.95982955]
log likelihood =  -10204.809183791283
Edge derivatives =  [0.34390991315311703, 0.57622867228386, -0.39587452325639416, 0.06730402308777869, 1.320913518769712, -0.2573457796823072, 0.051999959916281424, -0.8399153237224339, -0.384381568560881, 0.09904614662330213, 1.7100700768726016, -0.08454200101993142, -0.1507381195107884, -0.4669626548664926, 0.7536048659388184, 1.3413334970669932]
other derivatives: [-2.93166522 -4.20332071 -1.43627403  1.32367859  0.47912181  0.89930836
  0.35815901]
Current x array =  [-0.60513697 -0.67992097 -0.62514483  0.70276464 -2.60053609  0.72322571
 -2.64048442 -1.04087181 -0.45773551 -0.75531891 -1.59772876 -3.32157719
 -3.84749613 -0.79042721 -1.14151458 -1.42775709 -1.30063215 -2.93255502
 -1.35817444 -1.82373729 -1.6200688  -1.08085813 -0.97125778]
log likelihood =  -10204.782439069008
Edge derivatives =  [-0.1322381826799776, 0.5154372106456873, -0.5455137597245245, -0.11915598995365775, 1.355574029701829, -0.19962026792941057, -0.25315684091595086, -0.48064976459779285, -0.14151168117912188, 0.6564676130578659, 1.6232151427297001, 0.2948711449565445, -0.16579316578184833, -0.5305184061012892, 1.1426191273031567, 1.9044302463259402]
other derivatives: [ 2.9529474  -1.07902451  8.54161044 -2.12967279  1.65837264  0.60790626
  0.33214747]
Current x array =  [-0.60637206 -0.68161205 -0.62984358  0.7111942  -2.60288262  0.7547176
 -2.65986589 -1.02714885 -0.45964697 -0.75390679 -1.591487   -3.31708689
 -3.86757326 -0.7851274  -1.1482     -1.42986546 -1.30536403 -2.91815109
 -1.36050636 -1.82326953 -1.62008849 -1.08396379 -0.97474548]
log likelihood =  -10204.74331034566
Edge derivatives =  [-0.39279025911461474, 0.5078273557938898, -0.6020252250974094, -0.21972774911730583, 1.3252729697359764, -0.22088329275156404, -0.4580211054637981, -0.3907595108298274, -0.1561799960004643, 0.7503920805299228, 1.527786181743808, 0.1589282195834727, -0.2474530315781664, -0.603876985530796, 1.1099814843792868, 1.7266380337532565]
other derivatives: [ 1.17761374 -0.16734703  2.04145181 -1.11285772  0.92841219  0.48949005
  0.2059096 ]
Current x array =  [-0.60605894 -0.68223526 -0.62647887  0.70969825 -2.60248109  0.75536393
 -2.65733354 -1.01962213 -0.46251424 -0.7534201  -1.58853194 -3.31089162
 -3.86634935 -0.78303871 -1.15033305 -1.42935832 -1.30589011 -2.91086469
 -1.35952745 -1.8224847  -1.61847094 -1.08375108 -0.97372229]
log likelihood =  -10204.714441213742
Edge derivatives =  [-0.723228223206472, 0.4740929223905036, -0.6168772577059165, -0.3464816003405429, 1.2554268395125414, -0.25789746800617935, -0.6990290375632813, -0.22676052480208708, -0.2049666501146515, 0.7026637833498018, 1.3208271137302088, -0.10567350328118819, -0.3579774723542325, -0.7091919500431021, 0.7273454956374654, 0.9954010040261485]
other derivatives: [ 0.79890015  1.72040018 -2.09747668 -0.51331881 -0.16189006  0.18771971
 -0.11914381]
Current x array =  [-0.60609049 -0.68344038 -0.62420735  0.70935963 -2.60129023  0.75906264
 -2.65395588 -1.00975056 -0.46598522 -0.75376955 -1.58463631 -3.30078591
 -3.86606405 -0.78039652 -1.15406024 -1.42900598 -1.3059586  -2.89845102
 -1.35800155 -1.82161691 -1.61695063 -1.0819608  -0.96985137]
log likelihood =  -10204.691923646467
Edge derivatives =  [-0.9586903956410313, 0.34694126237479683, -0.5703140197464924, -0.4194473734799256, 1.1842486198228444, -0.28590750667533965, -0.7859288726973255, 0.004711470902617199, -0.16236205120839228, 0.5875192672704003, 1.1032902198135492, -0.21329600799663534, -0.3646978453441437, -0.6570579577913802, 0.26906689249084687, 0.21040167182509384]
other derivatives: [ 0.28194336  1.8710125  -2.75758794 -0.60390448 -0.8076313  -0.09877112
 -0.41618478]
Current x array =  [-0.60602172 -0.68368695 -0.62375839  0.71016044 -2.60035532  0.76383455
 -2.65188286 -1.00340596 -0.46668503 -0.75505738 -1.58224897 -3.29070905
 -3.86715748 -0.7789652  -1.15825691 -1.43003427 -1.30602239 -2.88603851
 -1.3580273  -1.82181294 -1.61770354 -1.0800753  -0.96602431]
log likelihood =  -10204.643435036152
Edge derivatives =  [-1.1936988013905934, -0.02618477175229811, -0.20957340095135224, -0.39222944312879715, 1.013878216912318, -0.3411094994511585, -0.4277741372259492, 0.7420104000082979, 0.2012787191901454, 0.32057705201866155, 0.6500030820874042, 0.020535650913160286, -0.034129977110531076, -0.01697937206180078, -0.3039851026376623, -0.6705758332487419]
other derivatives: [ 2.0765583   1.84045348 -2.55531631  1.16924639 -0.25629561 -0.31432137
 -0.65501808]
Current x array =  [-0.60644043 -0.68353216 -0.62406992  0.70507704 -2.60280876  0.76422436
 -2.6455266  -0.99756493 -0.46265127 -0.75961586 -1.58073605 -3.26260922
 -3.86576556 -0.77950471 -1.16697662 -1.43464554 -1.30578992 -2.85624374
 -1.36171668 -1.82484841 -1.6240407  -1.07833727 -0.96243237]
log likelihood =  -10204.837724031262
Edge derivatives =  [-0.9631044991698174, -0.05666102259510403, 0.8216796493524868, -0.1585653987220847, 0.7447051848930365, -0.32984060350785055, 0.6140732289065516, 1.5604983157126828, 0.435160747630597, -0.7421041104466152, -0.1635172096628497, 0.06807441639931922, 0.28859049062135383, 0.7594507910767134, -1.395577485535123, -2.266105497924143]
other derivatives: [-31.86214599 -15.37810022  -0.57589205  -5.6475983    2.72702891
  -1.0815711   -1.20999175]
Current x array =  [-0.59781666 -0.67610248 -0.62495399  0.72109642 -2.60767646  0.81593514
 -2.67880436 -1.00171211 -0.45884003 -0.77160495 -1.58131288 -3.22645013
 -3.90395992 -0.7853702  -1.17588708 -1.44012075 -1.30150909 -2.80670139
 -1.36550688 -1.82915447 -1.63510661 -1.07517789 -0.9571312 ]
log likelihood =  -10204.628565565921
Edge derivatives =  [-1.1452408733851918, -0.03265450599674591, 0.008874271199580397, -0.34310224534940964, 0.9590456899500203, -0.3385915091546065, -0.2077977855354493, 0.9146111508240923, 0.25172697393436294, 0.09796216086525777, 0.48401275121411697, 0.031203383014936414, 0.03430084100589896, 0.14763940869593006, -0.5330437153212285, -1.0059913905922666]
other derivatives: [-4.99094313 -1.74095476 -2.13567546 -0.26902853  0.37543941 -0.47402864
 -0.76888682]
Current x array =  [-0.60462426 -0.68196746 -0.62425611  0.70845074 -2.6038339   0.7751147
 -2.65253493 -0.99843833 -0.46184862 -0.76214078 -1.58085753 -3.25499408
 -3.87380933 -0.78073999 -1.16885317 -1.43579862 -1.30488837 -2.84581007
 -1.3625149  -1.82575527 -1.62637119 -1.0776719  -0.96131594]
log likelihood =  -10204.610404602143
Edge derivatives =  [-1.006313524792949, -0.04756399205592926, 0.3131213995692066, -0.23104911985419388, 0.9105950721418603, -0.3355007640086345, 0.19830727056461073, 1.1695566346606445, 0.39202852725760595, -0.11055562313099926, 0.34828117222740934, 0.18973734155691657, 0.23613025405182697, 0.4891135113052163, -0.605315027322977, -1.0254516562198526]
other derivatives: [-1.88356353 -1.91030267  0.21973392  0.14442776  1.28275133 -0.48967195
 -0.755972  ]
Current x array =  [-0.60534792 -0.68163477 -0.62554463  0.706455   -2.60565452  0.78145674
 -2.65802222 -1.00190352 -0.45963016 -0.7650062  -1.58215604 -3.24598206
 -3.87967607 -0.78308652 -1.17008805 -1.43728329 -1.3035733  -2.83547588
 -1.36401687 -1.82732877 -1.62976896 -1.07761669 -0.96161663]
log likelihood =  -10204.59198496897
Edge derivatives =  [-0.758568543970214, 0.040035226080081865, 0.6340451102991806, -0.09226195901969667, 0.8836231411918627, -0.31616767496701625, 0.594366613448934, 1.266366516957718, 0.46853301213850396, -0.3155472304121924, 0.26216457767372975, 0.31093421890315004, 0.39949090334917325, 0.773213334267928, -0.48891031290484066, -0.7319802733440287]
other derivatives: [ 0.24156179 -1.03500497  1.94777385  0.07312337  1.92449079 -0.47130015
 -0.67884685]
Current x array =  [-0.60581673 -0.68181229 -0.62649191  0.70594541 -2.6063884   0.79271876
 -2.66979711 -1.0083508  -0.45801364 -0.76767495 -1.58414739 -3.23897505
 -3.89047614 -0.78587719 -1.16884025 -1.43772851 -1.30180399 -2.82673337
 -1.36478482 -1.82840439 -1.63231386 -1.07835571 -0.96352285]
log likelihood =  -10204.56196124323
Edge derivatives =  [-0.39284313810952154, 0.20767899889462743, 1.0031779349938765, 0.08107090329370581, 0.8242806827990053, -0.28767888506245587, 1.0120518632297544, 1.1653812979836808, 0.45531892372611504, -0.6584498854076493, 0.1071061084491535, 0.3779505201510274, 0.5574843381763498, 1.0760242431551141, -0.19740515214421372, -0.10162954015665698]
other derivatives: [ 3.05790309 -0.92204573  2.72466423 -0.09531504  2.01525836 -0.41763997
 -0.52659743]
Current x array =  [-0.60656588 -0.68149175 -0.62692096  0.70589342 -2.60512557  0.81329252
 -2.69283151 -1.02013502 -0.45619877 -0.77118975 -1.58738477 -3.22573147
 -3.91100903 -0.78976846 -1.16434439 -1.43721031 -1.2989582  -2.81104081
 -1.36504151 -1.82929888 -1.63480252 -1.08025982 -0.96776624]
log likelihood =  -10204.537001775112
Edge derivatives =  [-0.09107048643961543, 0.2648844435324341, 1.1632236039023132, 0.17501296193563382, 0.6998211897121229, -0.26108364435116654, 1.0539837404408785, 0.8016940950381661, 0.3794883021093076, -0.863155527053883, -0.1856431899701127, 0.4174995753988135, 0.6516484699988758, 1.2971585078212708, 0.2976382209120892, 0.8586263028303518]
other derivatives: [-2.14986358  4.7548383   4.21277946  0.87966328  0.69194357 -0.2910383
 -0.26193447]
Current x array =  [-0.60510114 -0.68415953 -0.62797335  0.70354486 -2.60146554  0.83866588
 -2.72337302 -1.03338431 -0.45334224 -0.77337492 -1.59032657 -3.20091281
 -3.93801033 -0.79195558 -1.15755584 -1.43621446 -1.29765993 -2.78456462
 -1.36545295 -1.829504   -1.63593895 -1.08385701 -0.97435889]
log likelihood =  -10204.510377057251
Edge derivatives =  [0.032008422187830426, 0.41312843769949603, 1.0550410840219369, 0.16383504593374887, 0.6205838219102482, -0.2536443236987976, 0.818368483715108, 0.29509930587417327, 0.14072151939106445, -0.9578208687521821, -0.3680520263297017, 0.21195378269304832, 0.4944579461053753, 1.1012095186081365, 0.5297707232919728, 1.211561200011958]
other derivatives: [ 2.85181159 -0.23846951  0.62736945 -0.02637535 -0.45329216 -0.2926754
 -0.21154847]
Current x array =  [-0.60680563 -0.68153505 -0.62574866  0.70665442 -2.5974579   0.85813551
 -2.74563783 -1.04127157 -0.45372934 -0.77332845 -1.59145555 -3.18704021
 -3.95780215 -0.79197102 -1.15113978 -1.43381334 -1.29718917 -2.76970925
 -1.36371235 -1.82801377 -1.63352869 -1.08552934 -0.97716376]
log likelihood =  -10204.498937465969
Edge derivatives =  [-0.10753359914244934, 0.3746681724835726, 0.7613502125828184, 0.05491941598169614, 0.6165984341501625, -0.26410828638650213, 0.42709987415169337, 0.11375544179599556, 0.046910520887185336, -0.7307134876787698, -0.3641481376990526, 0.08705636354309843, 0.32150632751525543, 0.8095882775528449, 0.4772073875150871, 1.014084651361709]
other derivatives: [ 1.00117177 -0.29849616 -0.58698788 -0.04220055 -1.02209015 -0.29740477
 -0.23756002]
Current x array =  [-0.60640357 -0.6817547  -0.62501563  0.70727201 -2.5967993   0.85471458
 -2.742875   -1.0382504  -0.45462561 -0.77077593 -1.59007318 -3.1866864
 -3.95523799 -0.78940197 -1.1505585  -1.43297398 -1.29913536 -2.77106728
 -1.36279295 -1.82663465 -1.63050326 -1.08519441 -0.97585712]
log likelihood =  -10204.485959353646
Edge derivatives =  [-0.2397812846776167, 0.33767971065240726, 0.3109650501658841, -0.08941438022142484, 0.575087556361153, -0.27765074250546096, -0.13908598706486763, -0.18829916773095967, -0.10613451401953422, -0.35418664297272284, -0.434607911427183, -0.10031559235047549, 0.04739280506703088, 0.3299050682074441, 0.3779769002990214, 0.6739965420947681]
other derivatives: [-1.31876732 -0.26248017 -0.99262252  0.03783498 -1.44445949 -0.2743036
 -0.23756002]
Current x array =  [-0.60589577 -0.68217959 -0.6245941   0.70753826 -2.59703518  0.85386256
 -2.74431438 -1.03593354 -0.45508407 -0.76669077 -1.5883951  -3.18001171
 -3.95656714 -0.78566519 -1.14873245 -1.43157528 -1.30252895 -2.7678917
 -1.36141788 -1.82432474 -1.62536315 -1.08461682 -0.9736427 ]
log likelihood =  -10204.475971821967
Edge derivatives =  [-0.17113393342622674, 0.33613160112951573, 0.10560070180361852, -0.10901738171897107, 0.5265411847300371, -0.2794508084983568, -0.32881181285123645, -0.30245209647699406, -0.12738705491550906, -0.017737982087580373, -0.5318736279407438, -0.13675147527958526, -0.09261365134897427, 0.06808203442090255, 0.3077870003061705, 0.40039281776306906]
other derivatives: [-1.82153599  0.11295924 -1.63254299  0.09495125 -0.81636244 -0.20154403
 -0.17589628]
Current x array =  [-0.60580044 -0.68261132 -0.6240846   0.70726137 -2.59948848  0.85717173
 -2.75093328 -1.03753118 -0.4537162  -0.76392642 -1.58815958 -3.16966844
 -3.96275979 -0.78404363 -1.14700947 -1.4309306  -1.30519906 -2.76176559
 -1.36094146 -1.8228983  -1.6218448  -1.08383544 -0.97152885]
log likelihood =  -10204.486485881178
Edge derivatives =  [-0.07770313780279547, 0.3100539356848741, -0.6160714058720385, -0.21591830687696914, 0.4276327907904056, -0.26674045279986597, -0.6885603149486146, -0.810451022430005, -0.45321880770897494, 0.27964913184588386, -0.6009426200223433, -0.33420366690076264, -0.45349433301243164, -0.7448807584233043, 0.053908074878472934, -0.02821478565665131]
other derivatives: [ 0.50858944 -2.49165168  7.85767043 -0.62609615 -0.35433914  0.04820322
  0.08894858]
Current x array =  [-0.60645063 -0.6817344  -0.62842226  0.7080334  -2.60104375  0.86676688
 -2.77051556 -1.04532355 -0.450185   -0.75762025 -1.58927579 -3.15484807
 -3.98004336 -0.78263707 -1.14101387 -1.42850248 -1.30883635 -2.7592618
 -1.35932432 -1.81999606 -1.61399703 -1.08227505 -0.96873057]
log likelihood =  -10204.471585380745
Edge derivatives =  [-0.13814528911414686, 0.327566690034517, -0.1471688811352983, -0.14660590061433973, 0.49223334245909806, -0.27485890037188354, -0.45482159419053764, -0.48037822883603204, -0.24150950697292148, 0.08755739979383792, -0.5559970343869916, -0.2056492506281618, -0.21912051106541686, -0.2168613928636507, 0.21904656316432858, 0.25029772634272207]
other derivatives: [-1.00098987 -0.80017344  1.71366992 -0.15843398 -0.65319909 -0.11314114
 -0.08203642]
Current x array =  [-0.60602908 -0.68230295 -0.62560994  0.70753285 -2.60003539  0.86054586
 -2.75781938 -1.04027137 -0.45247445 -0.76170886 -1.58855209 -3.16445686
 -3.96883755 -0.78354901 -1.14490112 -1.43007675 -1.30647811 -2.76088513
 -1.36037279 -1.82187773 -1.61908514 -1.08328673 -0.97054484]
log likelihood =  -10204.465632676025
Edge derivatives =  [0.034455403283413816, 0.31602762817330227, -0.10626610563686956, -0.06987580143125767, 0.4496122638205562, -0.26748362978916157, -0.27723078838625953, -0.3818700585620106, -0.1455230720176815, 0.25637517895850326, -0.6425577692266382, -0.11189509073251636, -0.19904620152910024, -0.20770229404287543, 0.15408842503691483, 0.066931461581763]
other derivatives: [-0.28576324 -0.17716957  0.72595867 -0.03674359  0.3601599  -0.0351065
 -0.00127329]
Current x array =  [-0.60620394 -0.68265213 -0.62502239  0.70680696 -2.6029049   0.8660343
 -2.76616148 -1.04412349 -0.44986683 -0.76089332 -1.58947775 -3.15425468
 -3.97693533 -0.78421397 -1.14422926 -1.43035409 -1.30753462 -2.75487133
 -1.36081803 -1.82173973 -1.6181033  -1.08235924 -0.96893262]
log likelihood =  -10204.461353535018
Edge derivatives =  [0.09719333996455129, 0.22882266273779323, -0.08806763247784793, -0.02263640015621482, 0.42095133614296454, -0.26042615828033006, -0.06984497611105206, -0.24365176822461293, -0.07482660504336894, 0.23961346522116161, -0.6622450431740234, -0.0343129200264462, -0.14214932843089398, -0.1513842884880907, 0.03909034129625916, -0.09167177830338546]
other derivatives: [0.50549716 0.03165042 0.46966306 0.10913936 0.58789738 0.0174623
 0.05838956]
Current x array =  [-0.6064132  -0.68271971 -0.62486953  0.70630173 -2.6034898   0.86915428
 -2.77111063 -1.04672266 -0.44738584 -0.76067955 -1.59037374 -3.14821289
 -3.98233155 -0.78542873 -1.14465004 -1.43084876 -1.30733075 -2.75400464
 -1.36133909 -1.8221974  -1.61813765 -1.08132198 -0.96775749]
log likelihood =  -10204.454247403317
Edge derivatives =  [0.2190411220541129, -0.027372614917271887, -0.06524721709907616, 0.08221083133510003, 0.34651827411960884, -0.23903935024281603, 0.4407665141391263, 0.07685451004038935, 0.03626469967340301, 0.03027182559726982, -0.6447392541551559, 0.10027768450648578, -0.0074832910520190865, -0.039628592160887544, -0.2720560650700161, -0.44793678636674095]
other derivatives: [-1.29366526 -1.26365194  0.08476491 -0.02637535  0.82654878  0.13114914
  0.19881554]
Current x array =  [-0.60598484 -0.68207502 -0.6246502   0.70644089 -2.60380818  0.8772931
 -2.78341953 -1.05342001 -0.44110514 -0.76053619 -1.59287627 -3.13495665
 -3.99658536 -0.78883413 -1.14593964 -1.43198485 -1.30580641 -2.75679538
 -1.36239104 -1.82364463 -1.6185072  -1.07868785 -0.96531581]
log likelihood =  -10204.464807710776
Edge derivatives =  [0.19506879094435242, -0.519220078008001, -0.21029089642790694, 0.15858734019498183, 0.2947575032206958, -0.21362603057465893, 0.8550085498537212, 0.541017253732327, 0.24454919003267017, -0.032669889278078956, -0.4318547848744699, 0.308525628065312, 0.14677167456732107, 0.01552017898607827, -0.5916943126572605, -0.8047468601164436]
other derivatives: [ 9.21299943  4.58549039 -0.13842509  0.09513315 -0.41436579  0.28358045
  0.37125574]
Current x array =  [-0.60872842 -0.68467316 -0.62430399  0.70706512 -2.60043786  0.88112598
 -2.79291267 -1.05772283 -0.43267282 -0.75797987 -1.59485763 -3.11995719
 -4.01095307 -0.79082384 -1.14878431 -1.43317375 -1.30456582 -2.77191699
 -1.36313106 -1.82508144 -1.61691057 -1.07483391 -0.96167079]
log likelihood =  -10204.450711889222
Edge derivatives =  [0.21085937187950707, -0.19048608163472203, -0.11331659899951246, 0.1077819745235318, 0.3295694275194551, -0.2304141685541631, 0.5791110539555011, 0.23173613443626595, 0.10602222354792817, 0.009627106703912813, -0.5729432264021698, 0.17003144782705348, 0.04414722170671484, -0.021090790464325937, -0.37829305264234314, -0.5665999159089635]
other derivatives: [2.22207746 0.69376256 0.01018634 0.01382432 0.41400199 0.18262654
 0.2566594 ]
Current x array =  [-0.60689965 -0.68294134 -0.62453476  0.70664903 -2.60268439  0.87857112
 -2.78658489 -1.05485473 -0.43829349 -0.75968382 -1.59353693 -3.12995528
 -4.00137609 -0.78949757 -1.14688816 -1.43238127 -1.30539275 -2.76183748
 -1.36263779 -1.82412372 -1.61797482 -1.0774028  -0.96410043]
log likelihood =  -10204.447671162136
Edge derivatives =  [0.16397238234278805, -0.2705868194566717, -0.17525268629488444, 0.09224010487118224, 0.3215310499623846, -0.2264187791254259, 0.558508370935148, 0.2348430885845494, 0.07825852605980077, -0.07647046435392607, -0.5143152135193012, 0.14656418993810372, 0.04376741894278448, -0.05176802337971487, -0.4100119029102237, -0.5616875746846632]
other derivatives: [ 1.19471224  0.40272425  0.10550139 -0.10786607 -0.05729817  0.1886292
  0.27030183]
Current x array =  [-0.60665653 -0.68281642 -0.62458712  0.70719717 -2.60139985  0.87887496
 -2.78727413 -1.05509981 -0.43749361 -0.75946493 -1.59374043 -3.12917097
 -4.00310289 -0.78957677 -1.14719016 -1.4323663  -1.3048552  -2.76612403
 -1.36250053 -1.82434077 -1.61778234 -1.07711207 -0.96414598]
log likelihood =  -10204.443033639436
Edge derivatives =  [0.05906313585989556, -0.40699032855857764, -0.3164907427855799, 0.0472373166932499, 0.3085695147693368, -0.2192872239315489, 0.37236317713669825, 0.18861032101435815, 0.0106571610256882, -0.16976616415504991, -0.3657641788026804, 0.0780304209369575, 0.015551658706665722, -0.15692265979031472, -0.3897146166345524, -0.46434896482834587]
other derivatives: [-0.3768946  -0.08076313  0.09131327 -0.28467184 -0.83491614  0.19063009
  0.28085196]
Current x array =  [-0.60629507 -0.6826307  -0.6245767   0.70809713 -2.59941368  0.87835007
 -2.78706702 -1.05456816 -0.43645426 -0.75876107 -1.59374248 -3.12758946
 -4.00573646 -0.788586   -1.14761491 -1.43217472 -1.3043587  -2.77632143
 -1.36194678 -1.82450225 -1.61692853 -1.07694929 -0.96460845]
log likelihood =  -10204.439185054613
Edge derivatives =  [0.03561797431931801, -0.4800658044940997, -0.360400670227266, 0.03835331858466143, 0.2888275878429198, -0.2109688386194011, 0.2026254736014797, 0.1557913870280787, -0.018170334359864843, -0.18749649394882362, -0.24010395828983955, 0.04177650572113195, 0.008625033552117398, -0.21024733912111437, -0.30032497529203306, -0.3079790588864818]
other derivatives: [-1.13668648 -0.11368684  0.02601155 -0.31777745 -0.96952135  0.19008439
  0.28703653]
Current x array =  [-0.606106   -0.68263865 -0.62455093  0.70829109 -2.59913419  0.87901111
 -2.78777988 -1.05463397 -0.4355583  -0.75847585 -1.5938335  -3.12389676
 -4.00956944 -0.78739391 -1.14773137 -1.4321157  -1.30432058 -2.78429511
 -1.36150971 -1.82464548 -1.61635239 -1.077104   -0.96524991]
log likelihood =  -10204.432488023172
Edge derivatives =  [0.024067043570504182, -0.5659312785362187, -0.33924854266682436, 0.04253591724252395, 0.22300895009343685, -0.19400352449827754, -0.18276888826283422, 0.09866282544408511, -0.057080278670663065, -0.19519832694548706, 0.02540296353416395, -0.03163547000827183, 0.019515173077046935, -0.25053306339784953, -0.05895580169731185, 0.04772351313589551]
other derivatives: [ 0.02855813 -1.92976586 -0.68976078 -0.22082531 -0.61627361  0.13915269
  0.24338078]
Current x array =  [-0.60647414 -0.68169022 -0.62417627  0.70791609 -2.60005233  0.88179735
 -2.78901501 -1.05452886 -0.43433244 -0.7589137  -1.59385919 -3.11218333
 -4.01976944 -0.78440532 -1.14806842 -1.43228043 -1.30461586 -2.80114269
 -1.36058251 -1.82508504 -1.61590864 -1.07772439 -0.96672283]
log likelihood =  -10204.434973564148
Edge derivatives =  [0.18629885711931687, -0.5700862163829001, -0.13344205863509995, 0.11594818262626433, 0.12040166798847993, -0.17051619106076196, -0.5252497878042948, 0.09232712546661215, -0.009799283455170227, -0.02618037672744894, 0.25997272643138003, -0.05411286730864351, 0.0673039157969353, -0.19966037831347105, 0.23349418371342184, 0.4089892064796829]
other derivatives: [-4.20441211  3.25162546  0.68830559  0.257387    0.37980499  0.08076313
  0.20299922]
Current x array =  [-0.60512928 -0.68438169 -0.62504911  0.7061744  -2.60335925  0.88735013
 -2.79284991 -1.05552288 -0.4330287  -0.75976563 -1.59396036 -3.09297142
 -4.03462117 -0.78117981 -1.14797938 -1.43280156 -1.30613494 -2.81543559
 -1.35988676 -1.82542274 -1.61562824 -1.07833035 -0.96764827]
log likelihood =  -10204.429502789466
Edge derivatives =  [0.0930887979002436, -0.5676017850253995, -0.25163764772786135, 0.07378072038164048, 0.18006731129391293, -0.18388772104318635, -0.32801553794746424, 0.09602140558151273, -0.03677947779926061, -0.1230457269795669, 0.1257831861662506, -0.040960521160484986, 0.03989582378204476, -0.22884954097389498, 0.06547313301122992, 0.20136482778160636]
other derivatives: [-1.76532922  0.27648639 -0.10404619 -0.0178261  -0.19281288  0.11423253
  0.22628228]
Current x array =  [-0.60590292 -0.68283339 -0.624547    0.70717633 -2.60145691  0.88415583
 -2.79064384 -1.05495106 -0.43377869 -0.75927555 -1.59390216 -3.10402329
 -4.02607754 -0.78303532 -1.1480306  -1.43250177 -1.30526107 -2.80721343
 -1.360287   -1.82522848 -1.61578954 -1.07798177 -0.9671159 ]
log likelihood =  -10204.427590636804
Edge derivatives =  [0.1373744213839379, -0.49416231770866215, -0.14547967422214803, 0.09596388850264109, 0.166676075437313, -0.18382568521003967, -0.3189134160960625, 0.10391530820692835, -0.014013151409239921, -0.08925905879299068, 0.12157283427172338, -0.03083027040638059, 0.06111791178244774, -0.1605481227118306, 0.10866164143189971, 0.22807815655308733]
other derivatives: [-0.62991603  0.11186785 -0.11023076  0.0853106   0.24137989  0.07767085
  0.18753781]
Current x array =  [-0.60618375 -0.68269705 -0.62455558  0.70665384 -2.60250512  0.88509965
 -2.79032314 -1.05477988 -0.43457207 -0.76012781 -1.59375655 -3.10162297
 -4.02730082 -0.78290511 -1.14796856 -1.4327132  -1.30558899 -2.80655279
 -1.360346   -1.82528842 -1.6164818  -1.07824916 -0.96723431]
log likelihood =  -10204.425874744611
Edge derivatives =  [0.19883169386860308, -0.3720643410040591, 0.0031046143460461417, 0.12373837486507365, 0.14602592048330076, -0.1848520204376459, -0.24938305822593432, 0.11418919296952534, 0.017737791933679914, -0.04295583020406951, 0.08899318213816454, -0.014635414796124957, 0.08593244739472113, -0.055289749024050594, 0.11841178989149237, 0.1868689178287669]
other derivatives: [0.5667971  0.07548806 0.00600267 0.20445441 0.71631803 0.02110028
 0.12987584]
Current x array =  [-0.60647108 -0.68261142 -0.6246349   0.70603655 -2.60360172  0.88667889
 -2.79009329 -1.05460053 -0.43604064 -0.76139683 -1.59350608 -3.09819692
 -4.02907438 -0.78324345 -1.14775764 -1.43303247 -1.30611039 -2.80420074
 -1.3605362  -1.82529876 -1.61760099 -1.07842319 -0.96702752]
log likelihood =  -10204.424461407352
Edge derivatives =  [0.22257222972540214, -0.27799730889044955, 0.09283862730953507, 0.13097388521563322, 0.12449382742586262, -0.18507479857170536, -0.20215859037629286, 0.10184454734757037, 0.028526377146410153, -0.01307993112374023, 0.07513663120690654, -0.015761247504380904, 0.0920700235709118, 0.015027585145506173, 0.10230372688625372, 0.12366831935230926]
other derivatives: [ 1.00062607  0.08403731  0.02019078  0.26866473  0.81563485 -0.03219611
  0.07803465]
Current x array =  [-0.60657644 -0.68257556 -0.62466167  0.70577722 -2.60374939  0.88797651
 -2.78983422 -1.05421938 -0.43749661 -0.7623379  -1.5931799  -3.09483001
 -4.03120862 -0.78363194 -1.14750884 -1.4332591  -1.30657892 -2.80353099
 -1.36063972 -1.82523158 -1.6184364  -1.07843395 -0.96672139]
log likelihood =  -10204.421103473847
Edge derivatives =  [0.22856972502758452, -0.05612223146091261, 0.2327948597783362, 0.11640203254056462, 0.05565814884294158, -0.18321086180334717, -0.09204926221567333, 0.03300248447495757, 0.022437160632981235, 0.04051513587361155, 0.07485893923379647, -0.03748638521127212, 0.07287878609197561, 0.13672308190878957, 0.024557463827985626, -0.057903418914391436]
other derivatives: [ 1.26874511  0.00982254  0.45984052  0.22810127  0.61172614 -0.16207196
 -0.03929017]
Current x array =  [-0.60664385 -0.68247928 -0.62491339  0.70587172 -2.60287427  0.89133541
 -2.78954274 -1.05284751 -0.44149186 -0.76426518 -1.59210915 -3.08457163
 -4.03876497 -0.78485922 -1.14672365 -1.43377424 -1.30783816 -2.80481562
 -1.36085357 -1.82488208 -1.6201631  -1.07823025 -0.96586348]
log likelihood =  -10204.434832742121
Edge derivatives =  [0.25470591121711683, 0.19054359525567627, 0.42517752195025527, 0.1290195422076192, -0.019464407092148715, -0.17453017070017965, 0.2297394665550585, 0.09445699910599392, 0.18529907736653667, 0.2997976841570548, 0.07618066599077641, 0.08642433172023367, 0.07454928233029376, 0.39237247791232543, 0.030347217697060724, -0.1995103902463249]
other derivatives: [-1.01499609  1.31894922 -7.65103323  0.62518666  0.30195224 -0.24647306
 -0.10641088]
Current x array =  [-0.60614995 -0.6830881  -0.62089298  0.70579051 -2.60224772  0.89523282
 -2.79085825 -1.05076884 -0.44592173 -0.76543958 -1.59045406 -3.06807951
 -4.05120821 -0.78722301 -1.14605897 -1.4348079  -1.3097614  -2.80467991
 -1.36181251 -1.82427321 -1.62162417 -1.07761766 -0.96456848]
log likelihood =  -10204.420637759555
Edge derivatives =  [0.23266568973728086, -0.018058395792899862, 0.2625133642715615, 0.11840630927694734, 0.04437926015456619, -0.18182111448797827, -0.04245429053037503, 0.042518639525374546, 0.0475716306355603, 0.08049300290920719, 0.07510409708903643, -0.018280725397605724, 0.07322247044835405, 0.17602657614116335, 0.02558845304456825, -0.07947988453255056]
other derivatives: [ 0.91895345  0.21136657 -0.77816367  0.28921932  0.56425051 -0.17498678
 -0.04965841]
Current x array =  [-0.6065681  -0.68257266 -0.62429678  0.70585926 -2.60277818  0.89193316
 -2.7897445  -1.0525287  -0.44217127 -0.7644453  -1.59185531 -3.08204222
 -4.0406734  -0.78522176 -1.14662171 -1.43393277 -1.30813313 -2.8047948
 -1.36100064 -1.8247887  -1.62038719 -1.07813629 -0.96566486]
log likelihood =  -10204.419330191155
Edge derivatives =  [0.19026634072291992, 0.052923769888448435, 0.24345690530906178, 0.0863065835444245, 0.007919660522970676, -0.17976530874175245, 0.007269459469110839, -0.005216035264414498, 0.024220197859765952, 0.08419022604207771, 0.09066421796900709, -0.0339707042727489, 0.04001050714615083, 0.17996698054432303, -0.04026011218643433, -0.17456691254864354]
other derivatives: [ 0.39945007  0.16316335 -0.29394869  0.14933903  0.14624675 -0.21427695
 -0.07767085]
Current x array =  [-0.60644301 -0.68256073 -0.62453737  0.70638451 -2.60153971  0.89314016
 -2.78992311 -1.05164452 -0.44390734 -0.76475845 -1.59123482 -3.07695503
 -4.0450081  -0.78596759 -1.14623716 -1.43410362 -1.30865356 -2.80681963
 -1.36111011 -1.82451064 -1.62073017 -1.07785562 -0.96523482]
log likelihood =  -10204.418554018956
Edge derivatives =  [0.14063365608544404, 0.06019786360790419, 0.16475000097754644, 0.05522007452477422, -0.011462609722475342, -0.17743432288434588, 0.03781138959533964, -0.023099724235984664, 0.01197905868812632, 0.07670095363655438, 0.099980694931421, -0.023475194062301086, 0.009455423677526595, 0.13747968474045702, -0.059296052600008475, -0.16763670882053167]
other derivatives: [-0.35597623 -0.05802576 -0.09949872  0.03055902 -0.05838956 -0.19226718
 -0.04620233]
Current x array =  [-0.60625834 -0.68249828 -0.62461464  0.70680632 -2.60100782  0.89324737
 -2.79051937 -1.05098495 -0.44440684 -0.76423743 -1.59081465 -3.07421364
 -4.04777678 -0.78636681 -1.14609931 -1.43416877 -1.30879852 -2.8076765
 -1.36128791 -1.82429513 -1.62037528 -1.07774652 -0.96532109]
log likelihood =  -10204.41785031632
Edge derivatives =  [0.06484397661790622, 0.04481958830064103, 0.02539219079668753, 0.013023734094434691, -0.02992786776847778, -0.17321959671864387, 0.09537561057457922, -0.023964997442886604, 0.013000047687996313, 0.07458971454984153, 0.11503890517000243, 0.01835023733492136, -0.029957222515449217, 0.061505521531623475, -0.058152209729764315, -0.09799166762026562]
other derivatives: [-0.24920155  0.30540832  0.03237801 -0.13169483 -0.34106051 -0.12732926
  0.03274181]
Current x array =  [-0.60629664 -0.68272635 -0.62462001  0.70744983 -2.60031285  0.89288581
 -2.79171577 -1.05003618 -0.44461322 -0.76297544 -1.59023457 -3.07094048
 -4.05157735 -0.78687719 -1.14598006 -1.43421174 -1.30883501 -2.80848212
 -1.3615981  -1.82397723 -1.61944647 -1.07761866 -0.96565889]
log likelihood =  -10204.418897585521
Edge derivatives =  [-0.04735453348537866, 0.04410616879873641, -0.17305678321574403, -0.056360030181855966, -0.07757701637409659, -0.16757503069355523, 0.12285653357863124, -0.04150254381864954, -0.001999950433684783, 0.02444207323911335, 0.09312116699705011, 0.06854050924338911, -0.08776921307047358, -0.06224976657254111, -0.017027227909141796, 0.06419742540347839]
other derivatives: [-3.3471224  -1.70985004  0.14515535 -0.18080755 -0.0345608  -0.02146407
  0.15752448]
Current x array =  [-0.6055247  -0.68191597 -0.62464124  0.70743985 -2.60141893  0.89231838
 -2.7932951  -1.04823292 -0.4450343  -0.76139759 -1.58919235 -3.06491939
 -4.05803649 -0.78715937 -1.14590304 -1.43441268 -1.30878257 -2.80636291
 -1.36219137 -1.82364557 -1.61825982 -1.07794294 -0.96678522]
log likelihood =  -10204.41753483643
Edge derivatives =  [0.028396637722293866, 0.04460579212466015, -0.03906116175503177, -0.009510555387079594, -0.045335565919724756, -0.17137071853139857, 0.10432222272060282, -0.02965930473378431, 0.008154858220229294, 0.05832869910273647, 0.10793982243943426, 0.03470019230257393, -0.048727156068965216, 0.02133033106219928, -0.04477098284597503, -0.045257244914197525]
other derivatives: [-1.25492079 -0.34870027  0.0687578  -0.14770194 -0.24156179 -0.09313226
  0.07312337]
Current x array =  [-0.60604585 -0.68246308 -0.62462691  0.70744659 -2.60067219  0.89270146
 -2.79222886 -1.04945034 -0.44475002 -0.76246283 -1.58989598 -3.06898435
 -4.05367579 -0.78696886 -1.14595504 -1.43427702 -1.30881797 -2.80779363
 -1.36179084 -1.82386948 -1.61906096 -1.07772402 -0.96602481]
log likelihood =  -10204.417107733905
Edge derivatives =  [0.01115789193943531, 0.04472985620720221, -0.07199724226467297, -0.017966095339996657, -0.05233927264532497, -0.16976672710453872, 0.12346426950276468, -0.018664341459292577, 0.019801492721924302, 0.06016558033578989, 0.10329770223327203, 0.0598544211017617, -0.053774398077960694, 0.003356008801828847, -0.0206066391539802, 0.011356257883373466]
other derivatives: [-0.80981408 -0.23301254  0.03019522 -0.13642421 -0.15206751 -0.06330083
  0.10659278]
Current x array =  [-0.60616107 -0.68252997 -0.62458192  0.7074076  -2.60096276  0.89253327
 -2.79268738 -1.04906285 -0.44474501 -0.76204034 -1.58966919 -3.0676317
 -4.05520469 -0.78701335 -1.14594961 -1.43432013 -1.30877912 -2.80705274
 -1.36193635 -1.82380282 -1.61873213 -1.07780488 -0.96630421]
log likelihood =  -10204.416569476602
Edge derivatives =  [-0.00868382503891546, 0.06447614545994979, -0.09458494790217015, -0.027330405826969828, -0.07163865715112391, -0.16680986961755795, 0.14420213158222084, -0.0013430692675918676, 0.044224261299119744, 0.061240429279610764, 0.08350028045979352, 0.09885374346140902, -0.05347457952158055, -0.008321374163737905, 0.031089592632162544, 0.10914067618606355]
other derivatives: [ 0.06148184 -0.00873115 -0.01036824 -0.02983143  0.13897079 -0.02346496
  0.15061232]
Current x array =  [-0.60637993 -0.68265443 -0.6245251   0.70703254 -2.60186541  0.89247656
 -2.79333399 -1.04823932 -0.44496674 -0.76160161 -1.58919274 -3.06435227
 -4.0586854  -0.78693955 -1.14591453 -1.43443604 -1.30872382 -2.80486452
 -1.36216335 -1.82374768 -1.61834462 -1.07804143 -0.96680199]
log likelihood =  -10204.41640824969
Edge derivatives =  [-0.01577974419637726, 0.06925842001975746, -0.0910638340177205, -0.030339433812858543, -0.07960593409878786, -0.16603502439563636, 0.12869074125060043, -0.0057748367413511525, 0.04425208257276361, 0.05217015034930672, 0.07467389565191557, 0.09496327975781665, -0.0512662770618668, -0.008368428953029694, 0.036220429142890864, 0.11303992253391049]
other derivatives: [ 0.21627784 -0.0005457  -0.00291038  0.02182787  0.17826096 -0.02401066
  0.14952093]
Current x array =  [-0.60642186 -0.68266401 -0.62452214  0.70688132 -2.60202445  0.89252223
 -2.79333416 -1.047979   -0.44507896 -0.76164082 -1.58905982 -3.06327357
 -4.05995902 -0.78679955 -1.14589188 -1.43444321 -1.30868081 -2.80418049
 -1.36213908 -1.82377965 -1.61830644 -1.07809139 -0.96683821]
log likelihood =  -10204.415736405488
Edge derivatives =  [-0.05003431037729161, 0.05728269331224467, -0.07190015700680641, -0.041372401977685505, -0.10976982800191429, -0.16234173134930321, 0.00973422057136758, -0.03353946890983861, 0.030018852332309193, -0.010894167189108628, 0.030545862384549496, 0.047609612128321877, -0.03609087393151483, -0.01980310088118109, 0.042616378007212186, 0.09588156211579218]
other derivatives: [ 0.30486262  0.25975169  0.0680302   0.21573214  0.21391315 -0.034197
  0.13351382]
Current x array =  [-0.60645103 -0.6828402  -0.6245324   0.70638437 -2.602421    0.89236995
 -2.79297905 -1.04697306 -0.44514582 -0.76188757 -1.5886311  -3.05954485
 -4.06544376 -0.78584979 -1.14588276 -1.43433417 -1.30829669 -2.80102568
 -1.36180755 -1.82406662 -1.61802692 -1.07825492 -0.96683372]
log likelihood =  -10204.41760878229
Edge derivatives =  [-0.14496835914552522, 0.05660646642520756, -0.04205735503095548, -0.07425676314155956, -0.17704530257998805, -0.15610594204355607, -0.16956352130882596, -0.11021198922739256, -0.03876365048960445, -0.12623723991434604, -0.033992471491307095, -0.08146177295698237, -0.030499020151686485, -0.04772328369058543, -0.038266988926780265, -0.099100159711345]
other derivatives: [ 2.849265   -2.25973054 -0.32232492  0.09586074 -0.03983587 -0.1031367
  0.04947651]
Current x array =  [-0.60725523 -0.68158989 -0.62419012  0.70685643 -2.60171131  0.89252016
 -2.79163503 -1.045156   -0.44601961 -0.76293665 -1.58785485 -3.05157799
 -4.07743201 -0.78472812 -1.14587151 -1.4341066  -1.30804222 -2.79764705
 -1.36107134 -1.82459486 -1.61792332 -1.07816665 -0.96611868]
log likelihood =  -10204.41552546099
Edge derivatives =  [-0.07293250293279202, 0.05713857966485586, -0.06467059118366741, -0.04929880759166344, -0.12588578843978296, -0.16080456346430796, -0.03351191062096315, -0.052040042559438615, 0.013459609385835097, -0.03868804846739682, 0.015009204505703658, 0.01650849134400917, -0.03472975025744425, -0.026533081681112125, 0.02311682192454212, 0.048841975848722574]
other derivatives: [ 0.92040864 -0.34742698 -0.02582965  0.18699211  0.15279511 -0.05056791
  0.11332304]
Current x array =  [-0.60664517 -0.68253837 -0.62444977  0.70649833 -2.60224967  0.89240621
 -2.79265459 -1.04653441 -0.44535676 -0.76214083 -1.5884437  -3.05762159
 -4.06833782 -0.78557901 -1.14588004 -1.43427923 -1.30823526 -2.80021005
 -1.36162983 -1.82419414 -1.61800191 -1.07823361 -0.9666611 ]
log likelihood =  -10204.41506250624
Edge derivatives =  [-0.09346581126400605, 0.022369561912424507, -0.04688793134045771, -0.051893701789593044, -0.13768651345791671, -0.15808710350857108, -0.13601658350808116, -0.07143058711788924, -0.00860571001671842, -0.09050339277940617, -0.012652045561539586, -0.0374720226245609, -0.02143438004099478, -0.04243832531245928, 0.00871141159490929, 0.0024859113332912908]
other derivatives: [ 0.55897544 -0.14551915  0.01964509  0.21282176  0.04620233 -0.06548362
  0.09113137]
Current x array =  [-0.60655849 -0.68267907 -0.62445671  0.70650967 -2.60213669  0.89197994
 -2.79205398 -1.04613264 -0.44503173 -0.76239196 -1.58836731 -3.05646697
 -4.07149322 -0.7848215  -1.14598836 -1.43408898 -1.30789614 -2.79847512
 -1.36124452 -1.82449999 -1.61777287 -1.07825699 -0.96648541]
log likelihood =  -10204.414520565992
Edge derivatives =  [-0.10381415938251184, -0.022224351955532073, -0.009839973336429997, -0.04415817955571365, -0.14270323574586852, -0.15328285819921522, -0.21551071594657412, -0.07129757126741865, -0.0324026074737947, -0.12924400940514774, -0.03924481505109178, -0.09581519738524191, -0.0024643437024341602, -0.05706928647081344, -0.015348030351426178, -0.06310742480095771]
other derivatives: [ 0.02000888  0.01909939 -0.07330527  0.07457857 -0.08840289 -0.08330971
  0.06402843]
Current x array =  [-0.60642735 -0.6827987  -0.62438842  0.70699044 -2.60183466  0.89121542
 -2.7910658  -1.04594119 -0.44451082 -0.76276992 -1.58845113 -3.0559292
 -4.07525263 -0.78420512 -1.14628231 -1.4338419  -1.30764925 -2.79686849
 -1.36081859 -1.82492437 -1.61755573 -1.07822083 -0.96620775]
log likelihood =  -10204.414075183662
Edge derivatives =  [-0.10071774490844373, -0.05599401053655134, 0.02885343666474982, -0.030574788426750404, -0.14044658435079244, -0.14741336643788389, -0.23303223707979148, -0.04993754812647794, -0.05233650678005222, -0.1402366262353532, -0.057066220773174026, -0.13309252054216464, 0.015203834406531544, -0.06776728478751504, -0.04337252531103197, -0.1200607450944538]
other derivatives: [-0.33523975  0.04602043  0.17444108 -0.14752004 -0.16461854 -0.09640644
  0.04420144]
Current x array =  [-0.60633351 -0.68282756 -0.62450008  0.70761559 -2.60153386  0.8903502
 -2.78998328 -1.04603893 -0.44403584 -0.76314972 -1.58865856 -3.05608089
 -4.07861013 -0.78403533 -1.14667443 -1.43364905 -1.30764886 -2.79584807
 -1.36056241 -1.82531805 -1.61747239 -1.07816511 -0.96598526]
log likelihood =  -10204.413530694259
Edge derivatives =  [-0.08550126793218166, -0.08524620296644442, 0.0890239721337473, -0.004973984798383707, -0.1314571319624993, -0.13578090636881657, -0.17777744608318952, 0.0141570449718455, -0.05150793167416426, -0.09895761645415835, -0.07373258193944177, -0.13960467613357364, 0.04339741288951604, -0.057970696922688414, -0.053456695065018156, -0.14939648998459842]
other derivatives: [-0.78089215  0.14570105 -0.5151378  -0.36961865 -0.22555469 -0.10113581
  0.03310561]
Current x array =  [-0.60622396 -0.68286731 -0.62415171  0.70833097 -2.60120298  0.88900243
 -2.78847467 -1.046225   -0.44358576 -0.76355617 -1.5889146  -3.0558074
 -4.08446066 -0.78431949 -1.14729281 -1.43349281 -1.30796283 -2.79451371
 -1.36048732 -1.82580869 -1.6174325  -1.078137   -0.96588323]
log likelihood =  -10204.412752840031
Edge derivatives =  [-0.06681803757302629, -0.10182120243982512, 0.1304757182681095, 0.01712419938843411, -0.12118536779647174, -0.12242950910305413, -0.07981281292018594, 0.08535381090567945, -0.05618191306466794, -0.04747418545447146, -0.08877513206001794, -0.12612179687178499, 0.06782308577207592, -0.05589849172258188, -0.07155594443646451, -0.1626561638968318]
other derivatives: [-0.76215656  0.08385541 -0.0509317  -0.55733835 -0.19299478 -0.09822543
  0.03237801]
Current x array =  [-0.60621191 -0.68280465 -0.62440007  0.70876996 -2.60101877  0.88749078
 -2.78681934 -1.04659058 -0.44324902 -0.7639039  -1.58921432 -3.05575915
 -4.09068202 -0.78495156 -1.14794617 -1.43340764 -1.30849253 -2.79331346
 -1.36061656 -1.82625903 -1.61751849 -1.07815703 -0.96594477]
log likelihood =  -10204.411343726628
Edge derivatives =  [-0.025980163339281492, -0.11324113216837595, 0.18038913271911805, 0.05121995551528087, -0.09642906967771706, -0.09563455290984989, 0.11368303051892437, 0.2072521211787542, -0.04119719688056955, 0.07828095582876032, -0.10963474691515543, -0.056986995879884705, 0.1106918326905548, -0.027294831297748345, -0.06826676566572842, -0.12199247749984643]
other derivatives: [-0.59626473 -0.068394    0.05638867 -0.49367372 -0.09786163 -0.0853106
  0.03983587]
Current x array =  [-0.6062324  -0.68263468 -0.62452799  0.70851221 -2.6009264   0.88459607
 -2.78371151 -1.04739804 -0.44291854 -0.76427354 -1.58969822 -3.05566214
 -4.10255111 -0.78628156 -1.14890948 -1.43339752 -1.30959689 -2.79111552
 -1.3611457  -1.82690421 -1.61785147 -1.07835275 -0.96639412]
log likelihood =  -10204.412597402243
Edge derivatives =  [0.10960100618104535, -0.16660008562480727, 0.2707277701296054, 0.11809809098197543, -0.0035404903143673727, -0.0575316266517964, 0.11105224776957917, 0.23410850312153225, -0.021168316454019676, 0.19240266784408455, -0.09824285702523916, -0.018980320974419318, 0.1788036649931164, 0.07208742831026504, -0.07268754668331279, -0.15536507525458232]
other derivatives: [ 2.94003257  2.01125658  0.26830094 -0.19554136 -0.64846972 -0.15697879
 -0.07057679]
Current x array =  [-0.60711719 -0.68340474 -0.62473527  0.70796866 -2.59904876  0.87922439
 -2.77677978 -1.0502948  -0.44184968 -0.76486067 -1.5911929  -3.0632375
 -4.11534485 -0.78649228 -1.14918317 -1.43306473 -1.31013331 -2.79110599
 -1.36110593 -1.82758523 -1.61891385 -1.07849255 -0.96631611]
log likelihood =  -10204.410831586683
Edge derivatives =  [0.021446320768305688, -0.13185789205092874, 0.21200230022745967, 0.07462510879360539, -0.06378167881774593, -0.0822029545750077, 0.11278647213551507, 0.21665851485227278, -0.03415074791541184, 0.1182439346306215, -0.10563970483344837, -0.04363619755720971, 0.13454953304570996, 0.007513801823680888, -0.06977802317060466, -0.13363948001149123]
other derivatives: [ 0.64228516  0.66029315  0.13060344 -0.38962753 -0.29031071 -0.11041266
  0.00127329]
Current x array =  [-0.60654201 -0.68290414 -0.62460053  0.70832201 -2.60026937  0.88271638
 -2.78128593 -1.04841169 -0.44254452 -0.76447899 -1.59022124 -3.05831294
 -4.10702796 -0.7863553  -1.14900525 -1.43328107 -1.30978459 -2.79111219
 -1.36113178 -1.82714251 -1.61822322 -1.07840167 -0.96636682]
log likelihood =  -10204.409908614787
Edge derivatives =  [0.05567056344197177, -0.11277149115061175, 0.1968123279719824, 0.08061684758679902, -0.04430392424418974, -0.06338127145375638, 0.19591217427134255, 0.23894558840421637, -0.020424665228755856, 0.19114731847397337, -0.11068609246712552, 0.02284191937218205, 0.14532414087374407, 0.0377705059151463, -0.0501975901009325, -0.07232178717551124]
other derivatives: [ 0.35943231  0.14224497  0.13133103 -0.01327862 -0.20991138 -0.10768417
 -0.00145519]
Current x array =  [-0.60646064 -0.68258013 -0.62469522  0.70721109 -2.60040461  0.88068946
 -2.77893991 -1.04918153 -0.44277226 -0.76443315 -1.59047375 -3.05876275
 -4.11482805 -0.78713666 -1.14910907 -1.433412   -1.31044673 -2.79017379
 -1.36166518 -1.82725355 -1.61872368 -1.07868161 -0.96690504]
log likelihood =  -10204.409160149578
Edge derivatives =  [0.09052852766318306, -0.09122346630048489, 0.16932758589150892, 0.0787747393473034, -0.030201090285384542, -0.051582513898617385, 0.13216674636135856, 0.18207537005084767, -0.012950975582539326, 0.17589896951071698, -0.11075330906271683, 0.04106928713445579, 0.1363319819643792, 0.05172342022290766, -0.018928893841487437, -0.02730180165782853]
other derivatives: [ 0.21063897 -0.0509317   0.07858034  0.14606485 -0.11441443 -0.11477823
 -0.02091838]
Current x array =  [-0.60642235 -0.68248016 -0.62469357  0.70673168 -2.6007131   0.87899403
 -2.77704643 -1.04964824 -0.44299454 -0.7641296  -1.59055244 -3.05978411
 -4.119942   -0.78683803 -1.14860485 -1.43344902 -1.31025036 -2.78972202
 -1.36173529 -1.8270801  -1.61898236 -1.07893931 -0.96722534]
log likelihood =  -10204.407894054846
Edge derivatives =  [0.16374647931494687, -0.01990998983351816, 0.07139423914063608, 0.062279628364699, 0.003868827190176366, -0.02686160815819776, -0.02707856758091398, 0.003670196755071131, 0.00288920814512883, 0.09657363669550978, -0.09102300294157134, 0.06229729489947661, 0.0771538606963002, 0.07192070184119193, 0.034758918421728346, 0.04166224618883119]
other derivatives: [-0.14770194 -0.35506673  0.00254659  0.16825652 -0.03055902 -0.12951205
 -0.06511982]
Current x array =  [-0.60633872 -0.68235773 -0.62465755  0.70664549 -2.60097966  0.87490169
 -2.77274321 -1.05048372 -0.44393735 -0.76305846 -1.59054722 -3.06285236
 -4.13067304 -0.78617641 -1.14696214 -1.43355503 -1.30938263 -2.79037125
 -1.3616886  -1.82617055 -1.61954807 -1.07934323 -0.96767827]
log likelihood =  -10204.407425669915
Edge derivatives =  [0.1612533144217811, 0.04127187620567113, 0.025258273024143296, 0.0473122886044869, 0.0009215399545757091, -0.009811713482513654, -0.038968971269837616, -0.04209081690575689, 0.03392676138853723, 0.026406549087225617, -0.09733623097050971, 0.06951001304283633, 0.03333841853757377, 0.060913703065983094, 0.09185419782538479, 0.12622937576875548]
other derivatives: [ 0.1024091   0.30358933 -0.03983587  0.13242243  0.3268724  -0.07621566
 -0.02382876]
Current x array =  [-0.60638401 -0.68276111 -0.62457307  0.70667104 -2.60213359  0.87187764
 -2.77080016 -1.04929846 -0.44481266 -0.76212471 -1.58983752 -3.06100702
 -4.141448   -0.78597869 -1.14625163 -1.43363726 -1.30854358 -2.78900378
 -1.36146694 -1.82545476 -1.61927345 -1.07955618 -0.96801233]
log likelihood =  -10204.407034734522
Edge derivatives =  [0.1260229014078443, 0.019986837832878024, -0.02777869950475742, 0.027334571153644488, 0.006377394481399561, -0.0032436128147691305, -0.10714587859733121, -0.0965847560758124, 0.010640597622208814, -0.048920351408777096, -0.0986289987031905, 0.015457930274328957, -0.0004173082384886645, 0.027641550149711036, 0.053087058041797974, 0.05581450866201987]
other derivatives: [ 0.24556357 -0.21791493 -0.06421033 -0.02000888  0.09604264 -0.0694854
 -0.02837623]
Current x array =  [-0.60646124 -0.68254086 -0.62450673  0.70722072 -2.60155487  0.87003716
 -2.76937179 -1.0488894  -0.44483119 -0.76178241 -1.58968943 -3.06199261
 -4.14554401 -0.78567857 -1.14596013 -1.43348541 -1.30794579 -2.78933524
 -1.36100873 -1.82514285 -1.61909951 -1.0793888  -0.96767584]
log likelihood =  -10204.406956033441
Edge derivatives =  [0.09026546964729396, -0.008302642653555181, -0.0516053839796089, 0.016590047608520814, 0.014166400272361206, 0.001582385876172758, -0.0788357760868802, -0.0879055281658857, -0.002071920900806018, -0.061355265646563906, -0.09353603081018594, -0.013284627603337928, -0.018704480390104528, 0.007688427935138686, 0.008446656524219165, -0.0031905347399084905]
other derivatives: [-0.80126483  0.30104275  0.08421921 -0.06020855 -0.20281732 -0.05256879
 -0.01182343]
Current x array =  [-0.6061796  -0.68283633 -0.62459369  0.7074912  -2.60083763  0.86883046
 -2.7686576  -1.04849787 -0.4447539  -0.76164738 -1.58961265 -3.06284893
 -4.14754964 -0.78599533 -1.146113   -1.43338392 -1.30785062 -2.79008044
 -1.3607811  -1.82498016 -1.61896365 -1.07913137 -0.96734822]
log likelihood =  -10204.406771265038
Edge derivatives =  [0.07055481402093869, -0.00351747042043532, -0.049834915514919476, 0.013515391201209107, 0.005678596358377239, -0.0006166966318301194, -0.044520234101649125, -0.06520003539461133, 0.00145709251910206, -0.05884398577421279, -0.09649105539675654, -0.010882083954634636, -0.019628224927619273, 0.00037396802451994393, 0.010259169594845186, 0.0032433015968880152]
other derivatives: [-0.14642865  0.06511982  0.02037268 -0.06421033 -0.10786607 -0.03728928
  0.00782165]
Current x array =  [-0.60635958 -0.68271416 -0.62453542  0.70746673 -2.60108374  0.86914349
 -2.76924348 -1.04804832 -0.44484083 -0.76163794 -1.58942798 -3.06176311
 -4.14727092 -0.78613108 -1.14624866 -1.43340843 -1.30787621 -2.78983189
 -1.3607869  -1.82496111 -1.61881721 -1.07909697 -0.96734857]
log likelihood =  -10204.40670745795
Edge derivatives =  [0.05245564497940039, -0.0003475624025739976, -0.05457564093072881, 0.009426752482208672, 0.003418840484437677, 0.0003189038281468555, -0.0013830737298321516, -0.044850554015461286, 0.004619719942098199, -0.04975122511141106, -0.0952640496278255, -0.006084095004136314, -0.024632398288197105, -0.0048147404950099615, 0.005541818170538448, 0.0043717944921731755]
other derivatives: [ 0.06439222  0.00636646  0.00800355 -0.04001777 -0.08258212 -0.02055458
  0.02710294]
Current x array =  [-0.6064161  -0.68268352 -0.62452285  0.70739606 -2.60115563  0.86895187
 -2.76934087 -1.04768189 -0.4449607  -0.76158552 -1.58928045 -3.06122323
 -4.14801712 -0.78639715 -1.14636736 -1.43342981 -1.30794946 -2.78989495
 -1.36080777 -1.82488856 -1.61874134 -1.07903725 -0.96733142]
log likelihood =  -10204.406636178584
Edge derivatives =  [0.03337655654953833, 0.0039231575421575515, -0.06012360631920044, 0.004492010941053226, 0.0052864506010644255, 0.002320186328682722, 0.04466050918489317, -0.027045354595456483, 0.007730776639402248, -0.03460091074495414, -0.08754136564822684, -0.0002608762233985429, -0.0328699892970544, -0.008181370980197777, -0.003318683843046566, 0.00019064344999275562]
other derivatives: [ 0.13606041 -0.0176442  -0.00691216 -0.00181899 -0.08185452 -0.00363798
  0.04692993]
Current x array =  [-0.60643425 -0.68266986 -0.62451727  0.70729752 -2.6011674   0.86854761
 -2.76922925 -1.04730271 -0.44513067 -0.76153591 -1.58913199 -3.06110634
 -4.14880904 -0.7867114  -1.14646507 -1.43344882 -1.30805813 -2.79044031
 -1.36082559 -1.82476306 -1.61871401 -1.07894042 -0.9672712 ]
log likelihood =  -10204.406472377927
Edge derivatives =  [0.01585786668246361, 0.007615952181404484, -0.03590890896137405, 0.006019977156191916, 0.016412522530098374, 0.007511111185795845, 0.08597998162794623, -0.0018736704738651633, 0.007078059605201165, -0.0010858207698208333, -0.06441393049492625, 0.0010080476191604015, -0.03649986966898634, -0.008139214086134827, -0.01787060747615854, -0.018041414880492712]
other derivatives: [ 0.18480932 -0.07294148  0.08367351 -0.01055014 -0.01273293  0.01327862
  0.06366463]
Current x array =  [-0.60643895 -0.6826382  -0.62456944  0.70728461 -2.60131943  0.86752324
 -2.76838012 -1.04675889 -0.44529178 -0.7617278  -1.58898843 -3.06184834
 -4.15022451 -0.78693715 -1.14668784 -1.43339715 -1.30828578 -2.79206929
 -1.36076082 -1.82469941 -1.61876159 -1.07876877 -0.96708339]
log likelihood =  -10204.4069078418
Edge derivatives =  [-0.00837103015491994, -0.00482828616573322, 0.04674020570622889, 0.018401315867318302, 0.04841814423366548, 0.016638028708236642, 0.09915317301367377, 0.04210109734209905, 0.02088716027323781, 0.08189412492802434, -0.0035802727782182353, 0.005072136501228175, -0.020377720023574436, 0.02545377676017091, -0.010645740412982385, -0.03093403072956613]
other derivatives: [ 0.10786607  0.19263098 -1.50957931  0.10913936 -0.03619789  0.02037268
  0.06657501]
Current x array =  [-0.60643085 -0.68273972 -0.62379671  0.70715799 -2.60132284  0.86566233
 -2.76637241 -1.04574919 -0.44541409 -0.76228996 -1.58876635 -3.06405429
 -4.15159041 -0.78685419 -1.14714994 -1.43321715 -1.30862533 -2.7960417
 -1.36054882 -1.82479991 -1.61890223 -1.07848612 -0.96673018]
log likelihood =  -10204.406419466442
Edge derivatives =  [0.009866508538730723, 0.0045429245484580605, -0.015426242541814295, 0.009088375400800083, 0.024349355165720357, 0.009773423239808912, 0.08925289916289608, 0.009025281377871397, 0.010503300444625413, 0.01946861113991072, -0.0493085480489125, 0.0020264412525286546, -0.03250184616089419, 0.00018372937736399475, -0.01607519737589136, -0.021225091990061284]
other derivatives: [ 0.16589183 -0.00727596 -0.31050149  0.01891749 -0.01855369  0.01491571
  0.06439222]
Current x array =  [-0.60643694 -0.68266334 -0.62437809  0.70725326 -2.60132027  0.86706243
 -2.76788296 -1.04650886 -0.44532206 -0.761867   -1.58893344 -3.06239459
 -4.15056274 -0.78691661 -1.14680227 -1.43335258 -1.30836986 -2.79305295
 -1.36070832 -1.8247243  -1.61879641 -1.07869878 -0.96699592]
log likelihood =  -10204.406319086085
Edge derivatives =  [0.009190701447855443, 0.002859378289526149, 0.016663565833562877, 0.014469949224206802, 0.03803267222441194, 0.014686580148177985, 0.07427693289619819, 0.011923567694765269, 0.0036624533826824512, 0.040007839961762215, -0.02538796016597434, -0.003530862040601823, -0.027922201939959715, 0.003924947531438017, -0.02390436468209256, -0.037094652108967785]
other derivatives: [ 0.10459189 -0.00309228 -0.0856744  -0.01437002  0.03910827  0.01236913
  0.05820766]
Current x array =  [-0.60640936 -0.68266175 -0.62450371  0.70729529 -2.60143745  0.86609053
 -2.76671781 -1.0462652  -0.44534594 -0.76215195 -1.58891863 -3.06372158
 -4.15154853 -0.78676958 -1.14693596 -1.43325748 -1.30850287 -2.79474718
 -1.36060352 -1.82478932 -1.61891679 -1.07860581 -0.96684873]
log likelihood =  -10204.406278983804
Edge derivatives =  [0.004408600416570069, -0.0004496652715658689, 0.02294437845656916, 0.012081900975838167, 0.038107280013002585, 0.015502761660603975, 0.03792575377876084, 0.003825660315938062, -0.0026916628754465877, 0.030825254071047414, -0.01729546096786408, -0.00791500961765057, -0.021838074687422035, 0.0018462262091994974, -0.015830288965657413, -0.02571618926456981]
other derivatives: [-0.11550583 -0.11041266 -0.04438334  0.00381988  0.07912604  0.00600267
  0.05038601]
Current x array =  [-0.60635069 -0.68261836 -0.62453006  0.70722415 -2.60158152  0.86587388
 -2.76629028 -1.0460486  -0.44536029 -0.76224444 -1.58883676 -3.06380492
 -4.15178289 -0.78649267 -1.14698485 -1.43322021 -1.30844507 -2.79527487
 -1.3605708  -1.82490418 -1.61891827 -1.07865324 -0.96691372]
log likelihood =  -10204.4062408106
Edge derivatives =  [-0.0020432003781926666, -0.014875965312604156, 0.03131561043403569, 0.009775250361001159, 0.03997235232285261, 0.015436546978021572, -0.016359704327129077, -0.005364749579237271, -0.011853927133269687, 0.017920045426342124, -0.005860002257914394, -0.01590930706726651, -0.008793703417277435, 0.001573010918028972, -0.009462532823825365, -0.01793173372857071]
other derivatives: [-0.04147296  0.02182787  0.05602487  0.02783054  0.02364686 -0.00945874
  0.03292371]
Current x array =  [-0.60636717 -0.68268031 -0.62458657  0.70718763 -2.60146727  0.86572195
 -2.76575519 -1.04587515 -0.44526685 -0.76238553 -1.58879088 -3.06419452
 -4.15137753 -0.78609549 -1.14708912 -1.43314937 -1.30835158 -2.79607866
 -1.36050951 -1.82511836 -1.61892102 -1.0786927  -0.96695677]
log likelihood =  -10204.406216100968
Edge derivatives =  [-0.00864090805025744, -0.01702397649462628, 0.023513497050015708, 0.005014738735534416, 0.03404680705273326, 0.013436538592336674, -0.02819073346157358, -0.005090654822378138, -0.012930376557091144, 0.005876248164034481, -0.005700892205763461, -0.013185319644545057, -0.0031762346285455073, -0.000990525387049579, -0.000736958473603444, -0.0012479659731733372]
other derivatives: [-0.04347385 -0.03274181  0.0167347   0.03801688  0.01837179 -0.01455192
  0.02946763]
Current x array =  [-0.60636952 -0.68265613 -0.62456427  0.70716944 -2.60147401  0.86599766
 -2.76588564 -1.04573112 -0.44529519 -0.7623509  -1.58869865 -3.06364629
 -4.15078527 -0.78599912 -1.1471496  -1.43317366 -1.30828808 -2.79606166
 -1.3605615  -1.82522335 -1.61887193 -1.07875293 -0.96706687]
log likelihood =  -10204.406182038627
Edge derivatives =  [-0.019019683049504743, -0.010979898439192004, 0.007318892421648016, -0.0035624057475698856, 0.02365036389581776, 0.010792929866103581, -0.02051375092669966, 0.005712190136277384, -0.0069827821745003515, -0.011109688858172428, -0.0019472455666853447, -0.0003126821254186285, 0.004678571090355313, -0.00370189637881857, 0.015452031134932875, 0.03115171843952913]
other derivatives: [ 0.09058567  0.04874892 -0.02219167  0.0174623   0.03528839 -0.01891749
  0.02837623]
Current x array =  [-0.60640255 -0.68270124 -0.62453428  0.70723702 -2.60152983  0.86622053
 -2.76591509 -1.04534837 -0.44549009 -0.76219502 -1.58845254 -3.0624531
 -4.15026063 -0.78600268 -1.14728286 -1.43326681 -1.30818651 -2.79622376
 -1.36069322 -1.82536204 -1.61877656 -1.078833   -0.96724333]
log likelihood =  -10204.406165623093
Edge derivatives =  [-0.029381444732914846, -0.011130532672204208, -0.008653687881336636, -0.011084873298173217, 0.019540691188386382, 0.00983008210123807, -0.01413477964860771, 0.009088385815821554, -0.007867361934005918, -0.01979245238477939, 0.0024169191945779475, 0.0020349371375267267, 0.0058252632295306, -0.008392180467312271, 0.010609890134322897, 0.02775862330607698]
other derivatives: [ 0.06002665 -0.07457857 -0.03019522 -0.00090949 -0.01145963 -0.02310117
  0.02455636]
Current x array =  [-0.60639962 -0.68264276 -0.62452709  0.70731262 -2.60139651  0.86612299
 -2.76568113 -1.04515373 -0.44561323 -0.76211409 -1.58833003 -3.06205117
 -4.15006033 -0.78607252 -1.14737486 -1.43331813 -1.30817243 -2.7966367
 -1.36075138 -1.82542864 -1.61875093 -1.07881712 -0.96724238]
      fun: 10204.406165623093
 hess_inv: <23x23 LbfgsInvHessProduct with dtype=float64>
      jac: array([-0.06002665,  0.07457857,  0.03019522,  0.00090949,  0.01145963,
        0.02310117, -0.02455636,  0.02938144,  0.01113053,  0.00865369,
        0.01108487, -0.01954069, -0.00983008,  0.01413478, -0.00908839,
        0.00786736,  0.01979245, -0.00241692, -0.00203494, -0.00582526,
        0.00839218, -0.01060989, -0.02775862])
  message: 'CONVERGENCE: REL_REDUCTION_OF_F_<=_FACTR*EPSMCH'
     nfev: 107
      nit: 95
     njev: 107
   status: 0
  success: True
        x: array([-0.60639962, -0.68264276, -0.62452709,  0.70731262, -2.60139651,
        0.86612299, -2.76568113, -1.04515373, -0.44561323, -0.76211409,
       -1.58833003, -3.06205117, -4.15006033, -0.78607252, -1.14737486,
       -1.43331813, -1.30817243, -2.7966367 , -1.36075138, -1.82542864,
       -1.61875093, -1.07881712, -0.96724238])
