number of sites to be analyzed:  197
log likelihood =  -2171.687478154083
Lr derivatives =  [53.17716750693906, -87.23784351049007, -50.30702970143464]
other derivatives =  [ 18.02063662 -12.72145437  10.04168098 -29.58473215 180.54813336
 -12.98026655  20.41557082]
Current x_clock array =  [-0.64202311 -0.96235151 -0.54472718  0.18232156 -0.10536052 -0.10536052
  0.33647224 -0.51082562 -0.51082562 -0.51082562]
log likelihood =  -2027.5144494054882
Lr derivatives =  [-55.076295964304045, -135.07454020586184, -87.48533292297172]
other derivatives =  [-72.54106094  -1.71295142 -37.18857033 -12.8536642  119.46020653
  -4.36938467   7.96875293]
Current x_clock array =  [-0.73531428 -0.95762835 -0.59671203  0.33547899 -1.04004155 -0.03816287
  0.23078271 -0.78611892 -0.50818113 -0.50818113]
log likelihood =  -1869.9251131257843
Lr derivatives =  [-68.17306166987217, -69.64233192554354, -14.775373135214345]
other derivatives =  [325.17253067  38.70378055  34.16315803  21.58509301  -8.55743658
   8.0329628   26.33567283]
Current x_clock array =  [-0.43315327 -0.97418279 -0.44907728  0.68565243 -3.4401287   0.1073292
 -0.00508208 -0.91412847  0.         -0.09341644]
log likelihood =  -1858.0453455643087
Lr derivatives =  [-48.31612541284451, -54.932911449757256, 51.624442676256876]
other derivatives =  [-186.81861161   -3.28867999  -38.7018074    18.72218377  -15.93906538
    9.99139843   31.56334537]
Current x_clock array =  [-0.91624337 -1.05408304 -0.44838471  0.68446366 -3.74121198  0.10711639
 -0.0799533  -0.70979481  0.          0.        ]
log likelihood =  -1829.4926699796947
Lr derivatives =  [-35.36984897978011, -49.75435477012686, -4.537578782379825]
other derivatives =  [-94.78667653   7.78372071  -8.65307356  12.85142116  -4.04259019
   9.1168763   31.4162271 ]
Current x_clock array =  [-0.76065084 -1.03821941 -0.43642159  0.62697151 -3.38500583  0.08157858
 -0.05936793 -0.67644106  0.         -0.07383813]
log likelihood =  -1820.9926640063536
Lr derivatives =  [-15.753633705399047, -36.61999457016113, 0.5187527265625214]
other derivatives =  [61.86945166 13.29216682 -1.22938241  7.56443706  6.77969379  7.55574865
 29.61310793]
Current x_clock array =  [-0.58914013 -1.05710898 -0.44865098  0.57133762 -3.17290524  0.04802686
 -0.1135715  -0.60051922  0.         -0.04285374]
log likelihood =  -1816.9066200341904
Lr derivatives =  [-15.31405080521034, -35.816617238012356, 1.6201590973913902]
other derivatives =  [ 4.97545079  7.75000226  0.77025175  7.06526043  4.24220122  7.86617829
 28.97190916]
Current x_clock array =  [-0.64162296 -1.07356711 -0.43571296  0.5702687  -3.25549753  0.04362491
 -0.15407104 -0.56693547  0.         -0.04045617]
log likelihood =  -1811.9589345526406
Lr derivatives =  [-7.884924043276456, -29.538922013748085, 6.200821686497726]
other derivatives =  [-23.58968436  -0.46612207   3.54354165   4.38539473   2.41688884
   7.78522758  25.95312571]
Current x_clock array =  [-0.67221709 -1.11530703 -0.42076597  0.54957557 -3.37718986  0.01917289
 -0.27719475 -0.47180897  0.         -0.0214853 ]
log likelihood =  -1805.4387069324027
Lr derivatives =  [5.067056962196281, -18.834341494442064, 11.993387890093956]
other derivatives =  [-34.12164187  -8.78393437  -4.48776746   0.59575905  -0.08760172
   7.05554385  17.90023521]
Current x_clock array =  [-0.68468254 -1.17604075 -0.41323166  0.50667249 -3.59553011 -0.04671983
 -0.56388709 -0.29996698  0.         -0.00575321]
log likelihood =  -1805.3043452609547
Lr derivatives =  [5.498427659991757, -16.28911209384617, 4.740510666755419]
other derivatives =  [-7.45397688e+00 -5.17837924e-02  1.29447043e+02 -5.08126573e+00
 -8.86402278e-02  5.32109766e+00  8.94837103e+00]
Current x_clock array =  [-0.66823196 -1.17031786 -0.31213294  0.46540149 -3.74480198 -0.16677753
 -0.93601718 -0.20042396  0.         -0.04930332]
log likelihood =  -1803.1385059079878
Lr derivatives =  [5.0788915431883686, -17.920561786773355, 8.271218154489244]
other derivatives =  [-21.3549697   -4.75547014  48.32436116  -2.19777098  -0.08582323
   6.16748184  13.21913078]
Current x_clock array =  [-0.67689022 -1.17332993 -0.36534312  0.4871232  -3.66623735 -0.10358888
 -0.74015804 -0.25281534  0.         -0.02638207]
log likelihood =  -1799.7431481136246
Lr derivatives =  [10.499959810869942, -14.325698014869527, 4.018982273265136]
other derivatives =  [-1.94218319 -2.5761514  12.81832783 -2.40986037 -1.65434209  5.14709677
  7.21546962]
Current x_clock array =  [-0.65651834 -1.18240381 -0.38921481  0.46040631 -3.78696403 -0.18180406
 -0.99863866 -0.17610903  0.         -0.05607997]
log likelihood =  -1798.6458592552653
Lr derivatives =  [9.391147324850031, -15.804427418974072, -1.3653767293943586]
other derivatives =  [ 9.34236368  0.80612421  3.29422573 -2.24619544 -2.50324972  4.16816647
  4.33075141]
Current x_clock array =  [-0.64579188 -1.17300985 -0.39723752  0.45230913 -3.81855258 -0.23926728
 -1.14638386 -0.17571795  0.         -0.08596343]
log likelihood =  -1797.793258431318
Lr derivatives =  [5.1141348743899435, -19.77742880968611, -6.992756817565732]
other derivatives =  [ 9.91995239  1.99456386 -1.45097056 -1.74498928 -2.82186275  3.02284548
  2.38001994]
Current x_clock array =  [-0.64492524 -1.16407673 -0.40338452  0.45264706 -3.80149527 -0.30168352
 -1.27069217 -0.21297555  0.         -0.10660686]
log likelihood =  -1796.8722076597955
Lr derivatives =  [-0.00991157083080818, -23.381351152688467, -8.417509793680743]
other derivatives =  [ 5.58770853  1.27157788 -2.77692016 -0.94130201 -2.44028451  1.86583429
  1.02727142]
Current x_clock array =  [-0.64839604 -1.15857468 -0.40749026  0.462968   -3.75190954 -0.38811644
 -1.4182412  -0.27325277  0.         -0.08636419]
log likelihood =  -1796.3090024926148
Lr derivatives =  [0.8343673502177333, -21.471697053708034, 4.572382577563465]
other derivatives =  [ 1.13375472  2.68917728 -3.31702199 -0.41696512  0.8768774   0.62374738
  0.00806564]
Current x_clock array =  [-0.65289815 -1.14683163 -0.40985815  0.4721471  -3.64392574 -0.51750341
 -1.62717875 -0.3144349   0.         -0.02197124]
log likelihood =  -1796.2496227916617
Lr derivatives =  [-1.0425401389069249, -22.768041602746045, -1.0750200911324779]
other derivatives =  [ 0.47558592 -1.85590208  0.08663278 -0.65364338  0.18628231  0.7172257
 -0.05658567]
Current x_clock array =  [-0.65308916 -1.1658921  -0.40578144  0.47661235 -3.66789657 -0.52170435
 -1.63341838 -0.31029232  0.         -0.0383223 ]
log likelihood =  -1796.2345031759064
Lr derivatives =  [-0.3046766577864366, -22.190068264309087, -0.20927398606999326]
other derivatives =  [-0.08634447 -0.52858972  0.1250437  -0.61247579  0.25494207  0.67019482
 -0.14185101]
Current x_clock array =  [-0.65400983 -1.16133816 -0.40533733  0.4771803  -3.66957301 -0.53094272
 -1.65094237 -0.30660703  0.         -0.03572873]
log likelihood =  -1796.2255774647838
Lr derivatives =  [0.05243320098141524, -21.816548281337777, 0.2789428923571968]
other derivatives =  [ 0.17494358  0.14933448  0.3638072  -0.50948483  0.23219698  0.59927333
 -0.2628201 ]
Current x_clock array =  [-0.65392263 -1.15967753 -0.40463334  0.48091398 -3.67379438 -0.54738965
 -1.6759584  -0.30379079  0.         -0.03412539]
log likelihood =  -1796.2175419497246
Lr derivatives =  [0.14780013123974634, -21.67624537527248, -0.025466737896632452]
other derivatives =  [-1.16352089  0.3819399   0.17803814 -0.2768038   0.06368147  0.54491079
 -0.36217613]
Current x_clock array =  [-0.65533825 -1.15979952 -0.40397535  0.48851999 -3.68210081 -0.5661167
 -1.69453837 -0.30009918  0.         -0.03519291]
log likelihood =  -1796.2100842830177
Lr derivatives =  [-0.12518451150153442, -21.717743206932912, -0.15700260387421672]
other derivatives =  [ 1.76780804  0.87088286  0.33318588  0.19729464 -0.1064957   0.45029697
 -0.46091198]
Current x_clock array =  [-0.6522424  -1.1596693  -0.40329932  0.50388452 -3.68863034 -0.59651658
 -1.71137482 -0.29967597  0.         -0.03524899]
log likelihood =  -1796.2025287923118
Lr derivatives =  [-0.14947058008832226, -21.745942573887092, -0.1354187577323991]
other derivatives =  [ 0.2618101   0.3095831  -0.99295357  0.37431437 -0.16079749  0.45945148
 -0.41860395]
Current x_clock array =  [-0.65352164 -1.16192527 -0.4041382   0.50865571 -3.69062088 -0.59971445
 -1.69943216 -0.29838528  0.         -0.03559893]
log likelihood =  -1796.1940979515289
Lr derivatives =  [-0.27448165645837985, -21.814824543851692, -0.06543722195387147]
other derivatives =  [-0.72687408 -0.43384693 -0.69341149  0.56592216 -0.1780762   0.48786478
 -0.30179098]
Current x_clock array =  [-0.65430422 -1.16525366 -0.40341357  0.5166075  -3.69257846 -0.60310773
 -1.67097221 -0.29622637  0.         -0.03615253]
log likelihood =  -1796.1867425634557
Lr derivatives =  [-0.1473772739188437, -21.747606021532057, -0.03559316482930264]
other derivatives =  [-0.65165204 -0.56743882 -0.48625429  0.70512351 -0.11503706  0.4908311
 -0.20093284]
Current x_clock array =  [-0.65413603 -1.16638121 -0.40292023  0.52269694 -3.69317725 -0.61187479
 -1.64459011 -0.29351927  0.         -0.03685878]
log likelihood =  -1796.1964854287821
Lr derivatives =  [-0.8510029836887627, -22.09006298536612, 0.3771329162329309]
other derivatives =  [-3.6542292  -0.37826492  8.43211183  0.52638097  0.24446831  0.22398262
 -0.07996417]
Current x_clock array =  [-0.65782049 -1.16567618 -0.39459215  0.52858572 -3.69097537 -0.69557905
 -1.61325655 -0.29285854  0.         -0.0363013 ]
log likelihood =  -1796.1773070573483
Lr derivatives =  [-0.44352739458117707, -21.893631244026807, 0.1322996286522411]
other derivatives =  [-1.89631282 -0.48957792  3.14312456  0.63132484  0.03369984  0.37809627
 -0.15290662]
Current x_clock array =  [-0.65565589 -1.16609038 -0.39948485  0.5251261  -3.69226896 -0.64640328
 -1.63166484 -0.29324672  0.         -0.03662882]
log likelihood =  -1796.1613103009129
Lr derivatives =  [-0.02391573266442748, -21.71908418930166, 0.25357895911447237]
other derivatives =  [-0.92145001 -0.02419972  2.16209446  0.72942635  0.22821279  0.30867886
 -0.00964382]
Current x_clock array =  [-0.65457088 -1.16480581 -0.40031815  0.52870571 -3.69062788 -0.67679833
 -1.59178733 -0.29020021  0.         -0.03737004]
log likelihood =  -1796.143572054826
Lr derivatives =  [0.4033670429760381, -21.52963169327515, 0.2434859366331832]
other derivatives =  [-0.14619673  0.32372316  0.7121414   0.52134328  0.39412968  0.15165688
  0.0383148 ]
Current x_clock array =  [-0.65374813 -1.16352771 -0.40184863  0.5226251  -3.69139528 -0.72839849
 -1.56953651 -0.28771653  0.         -0.03810956]
log likelihood =  -1796.1346179514458
Lr derivatives =  [0.390415741128737, -21.58225339940265, 0.07376882172749077]
other derivatives =  [ 0.0990342   0.33876887 -0.2359011   0.19423078  0.36863207  0.01297713
  0.00067059]
Current x_clock array =  [-0.6534852  -1.16296281 -0.40312633  0.51200889 -3.69477034 -0.77109118
 -1.56885922 -0.28823627  0.         -0.03851124]
log likelihood =  -1796.1322042186084
Lr derivatives =  [0.08143025601072029, -21.76245385558081, -0.08069313392398136]
other derivatives =  [ 0.25017516 -0.11049771 -0.05216771  0.00187947  0.1787812  -0.01239232
  0.00255644]
Current x_clock array =  [-0.65325623 -1.16446333 -0.40315868  0.50654951 -3.70052315 -0.7823527
 -1.56768603 -0.28898695  0.         -0.03880228]
log likelihood =  -1796.1318262449918
Lr derivatives =  [0.0018422432079470141, -21.77636387524121, 0.18036486638623295]
other derivatives =  [-0.13701106 -0.00755768 -0.17287744 -0.01515332  0.03066045 -0.01494118
 -0.00796654]
Current x_clock array =  [-0.65365245 -1.16399355 -0.40324026  0.50527346 -3.70460844 -0.7850657
 -1.57064373 -0.28913917  0.         -0.03791966]
log likelihood =  -1796.1317129204956
Lr derivatives =  [-0.04624911481825045, -21.822077411080045, -0.03261088232571652]
other derivatives =  [-0.06213691 -0.02413971 -0.04205822 -0.00492128  0.00728831 -0.00557111
 -0.00423811]
Current x_clock array =  [-0.65357991 -1.16411275 -0.403106    0.50574242 -3.70511856 -0.7828157
 -1.5695782  -0.28904933  0.         -0.03856642]
log likelihood =  -1796.1316965170236
Lr derivatives =  [-0.033130190629028, -21.80918043680751, -0.012518920641275244]
other derivatives =  [-0.00154    -0.01215582 -0.00498858  0.001437    0.00272885 -0.00159548
 -0.00134181]
Current x_clock array =  [-0.6535204  -1.16411966 -0.40305467  0.50602261 -3.70533312 -0.7819537
 -1.56913431 -0.28887889  0.         -0.03853222]
log likelihood =  -1796.1316914131985
Lr derivatives =  [-0.012672300251217905, -21.793956559094333, -0.00029448502989737335]
other derivatives =  [-6.47037268e-03 -7.08420485e-04 -5.74755177e-03  5.12613951e-03
 -7.65773248e-05  7.60792318e-04  1.66588242e-03]
Current x_clock array =  [-0.65352763 -1.16411699 -0.40303372  0.50619228 -3.7055662  -0.78164155
 -1.56852503 -0.28865073  0.         -0.03853314]
log likelihood =  -1796.1316947072864
Lr derivatives =  [0.00512249303204193, -21.778413623033757, 0.01119237164622966]
other derivatives =  [ 0.06699338  0.0241801   0.0357204  -0.0072157  -0.0023781  -0.0001703
 -0.00125568]
Current x_clock array =  [-0.65346485 -1.16404882 -0.40299918  0.5058945  -3.70580463 -0.78198047
 -1.56902631 -0.28851778  0.         -0.0385006 ]
log likelihood =  -1796.1316906704883
Lr derivatives =  [-0.007330284937111742, -21.78929073668049, 0.003152746245806526]
other derivatives =  [ 0.01557896  0.00676205  0.00669934  0.00142086 -0.00076748  0.0004809
  0.00078851]
Current x_clock array =  [-0.65350879 -1.16409653 -0.40302336  0.50610289 -3.70563777 -0.78174329
 -1.5686755  -0.28861082  0.         -0.03852337]
      fun: 1796.1316906704883
 hess_inv: <10x10 LbfgsInvHessProduct with dtype=float64>
      jac: array([ 1.55789621e-02,  6.76204806e-03,  6.69933797e-03,  1.42085810e-03,
       -7.67476506e-04,  4.80895324e-04,  7.88507753e-04, -7.33028494e-03,
       -2.17892907e+01,  3.15274625e-03])
  message: 'CONVERGENCE: REL_REDUCTION_OF_F_<=_FACTR*EPSMCH'
     nfev: 36
      nit: 32
     njev: 36
   status: 0
  success: True
        x: array([-0.65350879, -1.16409653, -0.40302336,  0.50610289, -3.70563777,
       -0.78174329, -1.5686755 , -0.28861082,  0.        , -0.03852337])
