number of sites to be analyzed:  566
log likelihood =  -8482.686820440773
Lr derivatives =  [-609.601979857907, -786.0845023552351, -637.779269605637]
other derivatives =  [   8.4923613   -64.05374188   73.72432265 -129.30580669  449.41818487
   -0.        ]
Current x_clock array =  [-0.6591043  -0.7737213  -0.60402318  0.18232156 -0.10536052  0.33647224
 -0.51082562 -0.51082562 -0.51082562]
log likelihood =  -8062.307781037613
Lr derivatives =  [243.55459491281522, -318.6410215665421, -373.4546484557903]
other derivatives =  [  13.84495499  -14.66593039 -163.42401705  -73.2305798   388.04089127
   -0.        ]
Current x_clock array =  [-0.67010628 -0.77278371 -0.69953418  0.34983922 -0.68758868  0.33647224
  0.2789231  -0.51016384 -0.51016384]
log likelihood =  -7796.0845027599935
Lr derivatives =  [240.92572017681286, -178.21018782802665, -125.64157056313425]
other derivatives =  [-15.97685696  20.97078868  36.09509986 -40.53832436 310.9497211
  -0.        ]
Current x_clock array =  [-0.6803683  -0.76408133 -0.58600382  0.40780553 -0.98444489  0.33647224
  0.13156075 -0.30491285 -0.26152257]
log likelihood =  -7638.962746316476
Lr derivatives =  [-155.49651970143745, -221.13862095254188, 188.31697161658667]
other derivatives =  [  11.40849145  -27.64663532 -203.82736693   85.08741303  -54.11358673
   -0.        ]
Current x_clock array =  [-0.64606416 -0.81352265 -0.69723907  0.55641346 -1.90750932  0.33647224
 -0.20599859  0.          0.        ]
log likelihood =  -7570.880227705966
Lr derivatives =  [-39.59823888428073, -178.95917820714237, -39.01439225131906]
other derivatives =  [ 32.86696392  20.63140073 141.92282379  33.52638669   1.51004225
  -0.        ]
Current x_clock array =  [-0.65517985 -0.79513144 -0.5219203   0.49346683 -1.92702622  0.33647224
 -0.05048554  0.         -0.19230231]
log likelihood =  -7565.832269781153
Lr derivatives =  [-6.974250455123972, -155.67964690086913, -8.136632234295142]
other derivatives =  [-32.20221879   4.28224757 -30.33015491  31.61146742  10.46228734
  -0.        ]
Current x_clock array =  [-0.67393181 -0.8057499  -0.5893596   0.47800174 -1.91991936  0.33647224
 -0.02865075  0.         -0.17621399]
log likelihood =  -7564.937247273465
Lr derivatives =  [-1.909421043967825, -152.13416165117113, -6.5749843532884995]
other derivatives =  [  2.33072205   3.53958967 -11.31961744  28.56688752   8.54452245
  -0.        ]
Current x_clock array =  [-0.66418424 -0.80811885 -0.58067548  0.46763339 -1.94079028  0.33647224
 -0.01782025  0.         -0.17624856]
log likelihood =  -7563.95644931986
Lr derivatives =  [4.165287430808178, -147.09337778462717, -3.549940941863589]
other derivatives =  [13.53905463 -2.11036513 14.19414002 21.26885556  3.9543008  -0.        ]
Current x_clock array =  [-6.61839578e-01 -8.13966291e-01 -5.69045103e-01  4.36429046e-01
 -1.98132172e+00  3.36472237e-01  1.63904373e-03  0.00000000e+00
 -1.75454059e-01]
log likelihood =  -7563.149646227508
Lr derivatives =  [8.801528518983929, -142.5312724909553, 3.6403573665716777]
other derivatives =  [18.74459576 -0.66148186 10.67917765 11.30404235  0.5538764  -0.        ]
Current x_clock array =  [-0.66102614 -0.81352599 -0.57063154  0.38728592 -2.01099669  0.33647224
  0.01165929  0.         -0.17060558]
log likelihood =  -7563.126522691658
Lr derivatives =  [-2.146467903026604, -149.06960063149995, -4.640776743152919]
other derivatives =  [-44.20023561  -7.01143836  21.11419872  -0.21376854  -3.23460624
  -0.        ]
Current x_clock array =  [-0.67962886 -0.81482068 -0.56715236  0.32901594 -2.02300294  0.33647224
  0.00645813  0.         -0.17315421]
log likelihood =  -7562.8866977398775
Lr derivatives =  [3.277192327107919, -145.82615970500524, -0.5770317372876548]
other derivatives =  [-13.72966108  -3.89649813  15.97592018   5.44349587  -1.3934315
  -0.        ]
Current x_clock array =  [-0.67052817 -0.8141873  -0.56885442  0.35752237 -2.01712932  0.33647224
  0.00900261  0.         -0.17190739]
log likelihood =  -7562.700954484468
Lr derivatives =  [2.730250696537773, -145.74904469725018, 2.2315028153035072]
other derivatives =  [-2.22324343 -1.83093653  0.49120536  0.6371647  -1.17538741 -0.        ]
Current x_clock array =  [-0.66705518 -0.81195854 -0.57627773  0.33298075 -2.01558921  0.33647224
  0.00347767  0.         -0.16905307]
log likelihood =  -7562.6826529577775
Lr derivatives =  [0.9987090524679658, -147.11480280960774, 0.6785538734054555]
other derivatives =  [-0.32176285 -0.06604569 -0.72156126 -0.00758155 -0.43715578 -0.        ]
Current x_clock array =  [-6.66393894e-01 -8.10187765e-01 -5.77235776e-01  3.30312650e-01
 -2.00882389e+00  3.36472237e-01 -1.27384633e-03  0.00000000e+00
 -1.69547556e-01]
log likelihood =  -7562.680581723018
Lr derivatives =  [-0.1545476914935051, -147.95705664430898, -0.018654158974655388]
other derivatives =  [ 0.07567724 -0.37071641 -0.34726236 -0.01860735 -0.06403639 -0.        ]
Current x_clock array =  [-0.66619176 -0.81010556 -0.57726337  0.33065623 -2.00511996  0.33647224
 -0.00375585  0.         -0.16972991]
log likelihood =  -7562.680560674129
Lr derivatives =  [0.07691862169436803, -147.8194688566412, 0.09647505745695639]
other derivatives =  [-0.09566429  0.40833766  0.03181958  0.00618365  0.05202046 -0.        ]
Current x_clock array =  [-0.66626968 -0.80959256 -0.57709439  0.33081702 -2.00482193  0.33647224
 -0.00366999  0.         -0.16969518]
log likelihood =  -7562.680495981818
Lr derivatives =  [-0.01695368630984717, -147.88098558290093, -0.015071246499026358]
other derivatives =  [-0.01087483  0.02092838 -0.03938476  0.00608452 -0.01343883 -0.        ]
Current x_clock array =  [-0.66623399 -0.8098576  -0.57712143  0.3308077  -2.00505575  0.33647224
 -0.00363222  0.         -0.16975851]
log likelihood =  -7562.68049529985
Lr derivatives =  [-0.007402880333756912, -147.87379467311817, -0.0025122982412355555]
other derivatives =  [-0.00613727  0.00528235 -0.01849276  0.00277942 -0.0054056  -0.        ]
Current x_clock array =  [-0.66623314 -0.80986829 -0.57711243  0.3308013  -2.00504224  0.33647224
 -0.0036274   0.         -0.16975165]
      fun: 7562.68049529985
 hess_inv: <9x9 LbfgsInvHessProduct with dtype=float64>
      jac: array([-6.13727025e-03,  5.28234523e-03, -1.84927558e-02,  2.77941581e-03,
       -5.40559602e-03, -0.00000000e+00, -7.40288033e-03, -1.47873795e+02,
       -2.51229824e-03])
  message: 'CONVERGENCE: REL_REDUCTION_OF_F_<=_FACTR*EPSMCH'
     nfev: 17
      nit: 15
     njev: 17
   status: 0
  success: True
        x: array([-0.66623314, -0.80986829, -0.57711243,  0.3308013 , -2.00504224,
        0.33647224, -0.0036274 ,  0.        , -0.16975165])
