number of sites to be analyzed:  229
log likelihood =  -3432.345726953294
Lr derivatives =  [-188.92904624047435, -253.02070066300857, -156.30040502867206]
other derivatives =  [ 36.97998545 -30.81659042  35.21524604 -48.18234993 194.95995548
  50.50281652]
Current x_clock array =  [-0.64345633 -0.75072934 -0.59061274  0.18232156 -0.10536052  0.33647224
 -0.51082562 -0.51082562 -0.51082562]
log likelihood =  -3256.863242466136
Lr derivatives =  [45.259626048711276, -125.13432821796187, -101.73638082697025]
other derivatives =  [-112.81767729  -16.8522829   -68.18643806  -28.79140811  149.26100994
   57.23663799]
Current x_clock array =  [-0.7732432  -0.74827003 -0.71420599  0.35142482 -0.78960204  0.15922495
  0.15224951 -0.5090328  -0.5090328 ]
log likelihood =  -3147.729515686955
Lr derivatives =  [113.02423057990926, -36.976694021765766, -54.91474037055947]
other derivatives =  [251.13312313  44.22241091  -7.44453973 -10.64121079 106.43145869
  40.70454816]
Current x_clock array =  [-0.54103636 -0.72100759 -0.59501742  0.50544056 -1.49788883 -0.0724874
  0.34539141 -0.33125643 -0.33531006]
log likelihood =  -3064.4636268601753
Lr derivatives =  [28.34356226390274, -40.32484116152362, -58.23055450948369]
other derivatives =  [24.65886882 41.30482421 79.17975745 15.04665579 24.64986886 24.44021629]
Current x_clock array =  [-0.66621736 -0.75726579 -0.4983577   0.65285228 -2.239168   -0.31908366
  0.40688001 -0.18501236 -0.15488117]
log likelihood =  -3044.8973060381295
Lr derivatives =  [-23.509774890612547, -38.741972030024925, 31.469335226574913]
other derivatives =  [-12.12616917  -2.3739135  -24.24897184  25.44064591 -23.93316755
  17.50836736]
Current x_clock array =  [-0.68119387 -0.83724795 -0.57929216  0.70140912 -2.65215748 -0.48630658
  0.40211568 -0.04614788  0.        ]
log likelihood =  -3042.01563682339
Lr derivatives =  [-1.0076052805239382, -23.61790450803882, -37.130163886712324]
other derivatives =  [-6.1869232  -6.45281489 -2.46595255 17.33666249 -5.00566853 17.59041061]
Current x_clock array =  [-0.68065746 -0.84264543 -0.55952314  0.64449108 -2.54282105 -0.4914502
  0.38222448  0.         -0.03963466]
log likelihood =  -3040.459486028357
Lr derivatives =  [6.358612307890525, -17.446038243243933, -28.80325074254543]
other derivatives =  [ 1.0406111  -3.96859332 11.44861471 13.86681561  1.12129538 17.68312404]
Current x_clock array =  [-0.67637654 -0.83786066 -0.54773065  0.61432582 -2.50838342 -0.50774503
  0.37194059  0.         -0.01783566]
log likelihood =  -3038.0599247236337
Lr derivatives =  [12.48290165454273, -11.880780999186314, -0.3010882210219279]
other derivatives =  [ 7.04306058  1.43410125  3.74616866  8.31940179  5.46304178 16.02916018]
Current x_clock array =  [-0.67269292 -0.82784747 -0.55561186  0.54585451 -2.47167346 -0.56940656
  0.34934568  0.          0.        ]
log likelihood =  -3034.9130809022445
Lr derivatives =  [14.903472790975648, -9.266606810962987, -2.8184331313241273]
other derivatives =  [ 12.50125706  10.80653965 -16.12127562  -3.67394205   6.5267062
  10.92587991]
Current x_clock array =  [-0.66921531 -0.80926784 -0.57704029  0.36829492 -2.41358451 -0.75597433
  0.28571829  0.          0.        ]
log likelihood =  -3033.580624184464
Lr derivatives =  [-0.13410037560773436, -17.339110374777615, 8.736651579965837]
other derivatives =  [  9.14731481 -16.13548375  15.83669791 -10.50395304  -3.25549126
   6.74800003]
Current x_clock array =  [-0.66910499 -0.85327187 -0.54734052  0.25679382 -2.45139219 -0.97999321
  0.25560033  0.          0.        ]
log likelihood =  -3033.1420732758315
Lr derivatives =  [0.6218512087983155, -17.206914275281182, -30.26141804727786]
other derivatives =  [ 0.50616472 -3.2523817   3.94919516 -9.35022854 -3.72541126  5.94991636]
Current x_clock array =  [-0.67588553 -0.8309038  -0.55803965  0.26502022 -2.44285782 -1.00533174
  0.25130864  0.         -0.00665774]
log likelihood =  -3032.7537292039274
Lr derivatives =  [1.8405357556774433, -15.524593975641238, 6.842037691967562]
other derivatives =  [-8.11901191 14.74758164 -6.51651862 -7.04270587 -4.30149525  5.22324543]
Current x_clock array =  [-0.68295388 -0.80212062 -0.56738336  0.29063511 -2.43480881 -1.03185745
  0.24608975  0.          0.        ]
log likelihood =  -3032.4989105732193
Lr derivatives =  [0.020007159815503606, -16.83177145405231, -29.88416357213686]
other derivatives =  [-8.32117757 10.14863165 -4.51450614 -6.4579599  -5.56305093  4.60330438]
Current x_clock array =  [-0.68280714 -0.80976591 -0.56507823  0.29694086 -2.43703814 -1.07101884
  0.24369571  0.         -0.00278961]
log likelihood =  -3031.615896456815
Lr derivatives =  [-5.413238857186169, -19.638628560423978, 12.525970305432566]
other derivatives =  [-5.41517238 -7.12099109  5.11315466 -4.23476286 -8.94583928  2.48601461]
Current x_clock array =  [-0.67958102 -0.83998394 -0.55445411  0.32656616 -2.4353582  -1.24337658
  0.229762    0.          0.        ]
log likelihood =  -3031.077051971702
Lr derivatives =  [-4.280629760969573, -18.88104191695066, -34.762865174379534]
other derivatives =  [-3.52881671 -4.47146022  3.81285099 -1.40263319 -7.86832826  0.91939503]
Current x_clock array =  [-0.67879793 -0.83631712 -0.55454317  0.36632488 -2.39655888 -1.3942192
  0.21113229  0.         -0.00257646]
log likelihood =  -3030.6020235430624
Lr derivatives =  [0.027070956366010535, -15.639829342799635, -34.556598205062635]
other derivatives =  [ 1.76316462  0.68498684  1.9460108   0.32078788 -3.47535835 -0.2840157 ]
Current x_clock array =  [-6.75980689e-01 -8.27231713e-01 -5.55806708e-01  3.96495750e-01
 -2.32851714e+00 -1.56954254e+00  1.82521707e-01  0.00000000e+00
 -8.39693054e-04]
log likelihood =  -3030.640505650511
Lr derivatives =  [2.302824349333578, -13.80516521244928, 5.751189746661112]
other derivatives =  [-19.220578    -4.89264494  -1.84580495  -0.29913417   1.37894196
  -0.4511981 ]
Current x_clock array =  [-0.69188009 -0.83217896 -0.55981368  0.39834675 -2.25746977 -1.64848825
  0.15140732  0.          0.        ]
log likelihood =  -3030.5372392234913
Lr derivatives =  [1.1372622877049805, -14.765009310347217, -34.0063866775863]
other derivatives =  [-7.78291724 -1.81420864  0.21029791  0.04617505 -1.29843315 -0.36554857]
Current x_clock array =  [-6.83122967e-01 -8.29454100e-01 -5.57606706e-01  3.97327249e-01
 -2.29660147e+00 -1.60500628e+00  1.68544603e-01  0.00000000e+00
 -4.62488861e-04]
log likelihood =  -3030.475559451684
Lr derivatives =  [2.2996462664148125, -13.932885795893396, 5.816627890453674]
other derivatives =  [-0.40923123 -0.15724117 -0.82928409 -0.32258959  0.43813874 -0.43338438]
Current x_clock array =  [-0.67792927 -0.82587859 -0.55914252  0.39492861 -2.27257564 -1.62825354
  0.15637196  0.          0.        ]
log likelihood =  -3030.487132048843
Lr derivatives =  [2.6707481641302744, -13.786248674024051, -33.62364922917784]
other derivatives =  [ 2.14026568  0.42257989 -1.38712358 -0.56350564  0.94832879 -0.35831191]
Current x_clock array =  [-6.76134039e-01 -8.24621812e-01 -5.59940488e-01  3.92549813e-01
 -2.26726223e+00 -1.61691768e+00  1.53982693e-01  0.00000000e+00
 -4.36088080e-04]
log likelihood =  -3030.4766647725896
Lr derivatives =  [2.3531242053769086, -13.911719869909184, -33.63935377657532]
other derivatives =  [-0.0432974  -0.07387962 -0.90982849 -0.35716675  0.51152519 -0.42269359]
Current x_clock array =  [-6.77670997e-01 -8.25697778e-01 -5.59257324e-01  3.94586380e-01
 -2.27181121e+00 -1.62662268e+00  1.56028224e-01  0.00000000e+00
 -6.27387945e-05]
log likelihood =  -3030.4757228929125
Lr derivatives =  [2.308428954130492, -13.929414395665244, -33.64136352522534]
other derivatives =  [-0.34890627 -0.14350189 -0.84257044 -0.32828757  0.45022208 -0.43162106]
Current x_clock array =  [-6.77886673e-01 -8.25848765e-01 -5.59161457e-01  3.94872166e-01
 -2.27244956e+00 -1.62798456e+00  1.56315267e-01  0.00000000e+00
 -1.03477702e-05]
log likelihood =  -3030.4755812882745
Lr derivatives =  [2.3011224937058725, -13.932307868072044, -33.64168737963725]
other derivatives =  [-0.39882616 -0.15487785 -0.83157374 -0.32357093  0.44020461 -0.43307668]
Current x_clock array =  [-6.77921917e-01 -8.25873437e-01 -5.59145792e-01  3.94918865e-01
 -2.27255387e+00 -1.62820710e+00  1.56362173e-01  0.00000000e+00
 -1.78665690e-06]
log likelihood =  -3030.4755580643996
Lr derivatives =  [2.299906816278599, -13.932789319767858, -33.64174113609682]
other derivatives =  [-0.40713076 -0.15677051 -0.82974384 -0.32278604  0.438538   -0.43331902]
Current x_clock array =  [-6.77927780e-01 -8.25877542e-01 -5.59143185e-01  3.94926635e-01
 -2.27257123e+00 -1.62824412e+00  1.56369976e-01  0.00000000e+00
 -3.62317965e-07]
      fun: 3030.4755580643996
 hess_inv: <9x9 LbfgsInvHessProduct with dtype=float64>
      jac: array([ -0.40713076,  -0.15677051,  -0.82974384,  -0.32278604,
         0.438538  ,  -0.43331902,   2.29990682, -13.93278932,
       -33.64174114])
  message: 'CONVERGENCE: REL_REDUCTION_OF_F_<=_FACTR*EPSMCH'
     nfev: 24
      nit: 18
     njev: 24
   status: 0
  success: True
        x: array([-6.77927780e-01, -8.25877542e-01, -5.59143185e-01,  3.94926635e-01,
       -2.27257123e+00, -1.62824412e+00,  1.56369976e-01,  0.00000000e+00,
       -3.62317965e-07])
