number of sites to be analyzed:  334
log likelihood =  -12536.080212640849
Edge derivatives =  [54.10785131000955, 71.32037311946323, 39.12217353622355, 81.46333329551518, 57.488723019524954, 21.16693494038727, 179.4961655824505, 186.14545367889403, 43.2308847857298, 69.03900912918489, 6.0574927738330535, 124.06183892814363, 41.70461821977039, 79.81442473362502, 190.7940472943771, 214.61258535889976]
other derivatives: [ -28.2602723   145.56442329 -142.75111971  250.12661717 -819.40718337
    0.            0.        ]
Current x array =  [-0.64244112 -0.75317209 -0.58568335  0.18232156 -0.10536052 -0.22314355
  0.33647224 -2.30258509 -2.30258509 -2.30258509 -2.30258509 -2.30258509
 -2.30258509 -2.30258509 -2.30258509 -2.30258509 -2.30258509 -2.30258509
 -2.30258509 -2.30258509 -2.30258509 -2.30258509 -2.30258509]
log likelihood =  -11931.717531005088
Edge derivatives =  [58.50430923629135, 68.99168631530603, 41.981840179374636, 85.5167536944545, 58.95965865208543, 23.583193449919705, 181.26201853683287, 189.0396637678551, 44.453789833730724, 71.03464362465424, 8.8492791699363, 126.8221267154045, 43.313356239961166, 80.57803110747206, 190.98161052940588, 218.35408540312537]
other derivatives: [ 211.37188924  181.71474585    2.42117494  146.93790035 -334.05009597
    0.            0.        ]
Current x array =  [-0.67625774 -0.75233067 -0.75650124  0.19406952 -1.08587401 -0.22314355
  0.33647224 -2.29504334 -2.21724219 -2.29504334 -2.29504334 -2.29504334
 -2.29504334 -2.29504334 -2.29504334 -2.29504334 -2.29504334 -2.29533662
 -2.29504334 -2.29504334 -2.29504334 -2.29504334 -2.29504334]
log likelihood =  -12663.491805243855
Edge derivatives =  [42.175515031665874, 54.59968056714601, 24.033550347830985, 69.94594892537044, 33.76011656293207, 6.41362102571666, 161.32533281807991, 158.06847715408352, 25.8210940307183, 60.13541178415298, -5.216160094803958, 125.20973293742733, 28.400553307087698, 61.038359440581715, 173.96727618489848, 173.79564794271536]
other derivatives: [-9882.00287611   108.00289965    39.69815043  -360.30801311
   185.83105684     0.             0.        ]
Current x array =  [-0.12987123 -0.42987814 -0.76775243  0.32811361 -2.05560542 -0.22314355
  0.33647224 -2.19169087 -2.02899986 -2.21911931 -2.14981197 -2.19401518
 -2.24834645 -2.00248498 -1.98915329 -2.21695305 -2.17459095 -2.27157149
 -2.08657162 -2.21833572 -2.16094819 -1.98892609 -1.94243977]
log likelihood =  -11719.898057149556
Edge derivatives =  [55.2688780761654, 63.31758501140077, 37.35613311828915, 82.25654888131676, 52.73008788870527, 19.61379194855754, 174.96524627720166, 179.85781171384878, 39.306883077697385, 67.73232402643525, 5.6743714311846105, 124.58195084305414, 38.93799061558932, 75.25462869295878, 183.79646919177048, 206.89021297962435]
other derivatives: [-662.62301698  116.10661022   -0.99271529   31.50974408 -154.23376582
    0.            0.        ]
Current x array =  [-0.46527589 -0.62781876 -0.76084578  0.24582935 -1.46032638 -0.22314355
  0.33647224 -2.25513479 -2.14455424 -2.26572601 -2.23896365 -2.2560323
 -2.27701179 -2.18207477 -2.17692686 -2.26488953 -2.24853182 -2.28615994
 -2.21454401 -2.26542343 -2.2432638  -2.17683913 -2.15888889]
log likelihood =  -11508.379583150545
Edge derivatives =  [49.96805180011, 57.05555187482487, 32.196344365387326, 77.11804644251923, 46.59944686867547, 14.459474621575756, 164.1318656269478, 167.74755585804374, 32.52587018744498, 63.64502194741486, 1.607512967091452, 118.84844903138654, 33.45099343317446, 67.32510541801672, 170.25736126417306, 191.68892310493194]
other derivatives: [-147.78301193 -106.66149865   40.97008059  -28.53392289  135.44149379
    0.            0.        ]
Current x array =  [-0.53614746 -0.47388744 -0.78599455  0.28796903 -2.00132224 -0.22314355
  0.33647224 -2.19769706 -2.03859095 -2.22440216 -2.15747758 -2.20079919
 -2.25213004 -2.01706063 -2.00557527 -2.22234124 -2.18102952 -2.27415095
 -2.09622064 -2.22339983 -2.16861382 -2.00422323 -1.96177638]
log likelihood =  -11285.881657626887
Edge derivatives =  [41.74459979193316, 50.5364702278169, 24.473254940648065, 65.17696943735747, 38.521118929724906, 6.825019613159143, 140.06229231857503, 141.67632641651917, 24.912467815015066, 55.25414970798737, -5.328877815301139, 105.53146340329324, 25.906054626513153, 56.75211868299362, 143.1939412333317, 157.65186335935098]
other derivatives: [-164.25188551 -373.49988816   56.7281113   -62.98421795  212.13212158
    0.            0.        ]
Current x array =  [-0.5355225  -0.40371851 -0.73425979  0.34100297 -2.16793552 -0.22314355
  0.33647224 -2.10443035 -1.91895015 -2.16052849 -2.01900238 -2.11131579
 -2.21855646 -1.72669081 -1.70565914 -2.15670167 -2.06665125 -2.26350754
 -1.88853372 -2.15773439 -2.04377352 -1.70118149 -1.61725976]
log likelihood =  -10776.861377215386
Edge derivatives =  [29.751604976664446, 40.74828096214885, 12.280960041971133, 8.147076646164548, 32.29247967679638, -5.978930360004554, -35.41634447952699, -48.70634734914117, 18.986330504789837, 25.36540256060784, -14.912248746013363, 2.7801289608953565, 12.896718782191583, 28.380832189277747, -48.73763210112129, -94.27845742744665]
other derivatives: [   8.91917807    3.31572483 -672.65457619  -67.82148739  180.84158575
    0.            0.        ]
Current x array =  [-0.65461233 -0.81739631 -0.3606377   0.59485402 -2.66100358 -0.22314355
  0.33647224 -1.58774953 -1.2776318  -1.81403149 -1.2485683  -1.61488356
 -2.04943596 -0.10127558 -0.03064472 -1.79863166 -1.42573643 -2.2269166
 -0.71577459 -1.79963443 -1.34729002 -0.00981648  0.29460759]
log likelihood =  -11414.144398424962
Edge derivatives =  [-22.232636365711436, -5.32468061195032, -24.413096798736856, -38.218545672566705, -26.279051236211664, -30.026196153830288, -137.97736084989722, -144.93740433545187, -28.661690769348954, -28.42384815380999, -30.41524749278299, -76.77669204169537, -27.572478030834155, -41.13791007152026, -188.63574382060654, -246.58645303852373]
other derivatives: [ 464.61552847    1.55140515 1252.42005941 -178.41096269    2.4586954
    0.            0.        ]
Current x array =  [-6.52292981e-01 -8.47933015e-01 -1.39558885e+00  5.32515401e-01
 -2.30626123e+00 -2.23143551e-01  3.36472237e-01 -1.49059382e+00
 -1.16562212e+00 -1.76156803e+00 -1.16112541e+00 -1.51498545e+00
 -2.04392866e+00  1.16139674e-03  5.52998886e-02 -1.73386839e+00
 -1.32304520e+00 -2.24900098e+00 -5.97035699e-01 -1.74484034e+00
 -1.23380039e+00  7.80424665e-02  3.30570941e-01]
log likelihood =  -10726.214072766605
Edge derivatives =  [25.45866242030634, 32.60132150247441, 9.53710511553443, 6.040566678573303, 24.003204851735852, -7.4146511832612, -37.84346816001515, -47.623051329158784, 12.734605859744871, 19.534620807927705, -15.98392374642889, -1.633819140152175, 8.480361216538327, 19.46538403204067, -59.92909949462883, -104.47216940109756]
other derivatives: [ 32.69917943  14.01351255 194.42463235 -82.76399967 155.9347892
   0.           0.        ]
Current x array =  [-0.65413699 -0.82365469 -0.57274697  0.58207796 -2.5883005  -0.22314355
  0.33647224 -1.56783784 -1.25467584 -1.8032793  -1.23064721 -1.59440983
 -2.04830726 -0.08028151 -0.0130307  -1.78535868 -1.40469026 -2.23144271
 -0.69143951 -1.78840459 -1.32403075  0.00818988  0.30197814]
log likelihood =  -10628.733943593343
Edge derivatives =  [28.713849352646033, 40.41659398817098, 12.540220333816016, 18.237639622528544, 29.14532387120515, -5.248597212545758, 0.08387948609810957, -5.884994500919679, 18.38418169465689, 28.20910265300755, -17.24740999413229, 27.115538508811415, 14.297013365656287, 31.326211393284964, -12.10528210668697, -47.699976039150556]
other derivatives: [-25.05540215 -41.50390851  37.18655535 -66.00011329 130.59389436
   0.           0.        ]
Current x array =  [-0.63185953 -0.74097319 -0.55350319  0.51173507 -2.27209636 -0.22314355
  0.33647224 -1.68944932 -1.42120146 -1.88658646 -1.41510798 -1.71147942
 -2.09185182 -0.47409906 -0.42005247 -1.87108659 -1.55642327 -2.24467405
 -0.97246685 -1.8746025  -1.48926032 -0.40503651 -0.17052625]
log likelihood =  -10594.453475283915
Edge derivatives =  [18.209027444928942, 34.2589359000506, 6.000229626726092, 10.870158310996159, 17.868708714998995, -10.588204200906596, -10.307436603918818, -13.710080508063747, 11.336990976043772, 17.043290245452848, -18.563509840056874, 17.07882368268011, 7.563295671517028, 18.530627192020624, -10.762432884106385, -31.65156676443688]
other derivatives: [  -7.63741082 -160.02200573   -8.74277976   -0.93915151  -51.91650863
    0.            0.        ]
Current x array =  [-0.65146977 -0.65658423 -0.55121834  0.41198397 -1.88127931 -0.22314355
  0.33647224 -1.62895669 -1.35441497 -1.86457065 -1.39670694 -1.64516482
 -2.11399996 -0.54309242 -0.50657209 -1.82928359 -1.50226512 -2.29808656
 -0.94314075 -1.84623961 -1.42386951 -0.50766219 -0.38771981]
log likelihood =  -10572.759852944951
Edge derivatives =  [16.69477488371328, 32.121601036713145, 5.835823170775575, 10.555386763771269, 15.934005787778489, -10.752064104833034, -6.478484030738952, -7.346056519773421, 10.889266156626089, 12.362194928266264, -16.19416984265815, 13.906149021993624, 6.178222858724543, 14.724342947077503, -0.3622170019054147, -11.254914094722837]
other derivatives: [ 23.66916124   2.00306022  -0.68372719  17.1411757  -27.48918132
   0.           0.        ]
Current x array =  [-0.65470584 -0.75274743 -0.55217815  0.36994275 -1.94530214 -0.22314355
  0.33647224 -1.56666715 -1.25256277 -1.83697285 -1.35397289 -1.58303493
 -2.12885612 -0.54275159 -0.5160816  -1.78815717 -1.44253321 -2.33710164
 -0.88243502 -1.81495494 -1.35733546 -0.51894024 -0.46111383]
log likelihood =  -10561.67777863325
Edge derivatives =  [10.45405921839201, 24.622498624821397, 2.643772027380229, 4.320678218176353, 8.619944761350428, -12.75791531725592, -15.289620226680722, -14.671748347785407, 6.384934143658307, 2.242120574242694, -15.009530072727308, -0.9194158908651827, 1.192717883813833, 3.5315478962620652, -4.553216343052377, -7.155335065501332]
other derivatives: [  8.14706618  51.11095379  16.64712727  28.39874287 -16.28861483
   0.           0.        ]
Current x array =  [-0.65203158 -0.8020279  -0.54981005  0.34224711 -2.01480404 -0.22314355
  0.33647224 -1.46239624 -1.08918313 -1.78700322 -1.26739072 -1.4798095
 -2.14645877 -0.4820514  -0.46507946 -1.71828672 -1.34051202 -2.39141241
 -0.75763629 -1.7603368  -1.24270268 -0.46462577 -0.47748001]
log likelihood =  -10553.151477314996
Edge derivatives =  [3.7230377095969187, 15.58827600725806, 0.7236140463977134, 2.0103567722062605, 2.9581822215159868, -12.679160093027134, -7.183697347149442, -5.782298406984869, 2.6473115211650207, -4.521616377593755, -12.779740439614528, -6.237383806602613, -2.2984228761029075, -3.6994281251963095, 2.532092170949463, 6.8279844814122175]
other derivatives: [13.1127199  55.40021266 20.61964915  6.73253453 -7.45802309  0.
  0.        ]
Current x array =  [-0.65333181 -0.81294134 -0.54250805  0.39434715 -2.02578403 -0.22314355
  0.33647224 -1.37447374 -0.91737831 -1.75625176 -1.21581107 -1.39836302
 -2.20808978 -0.53083958 -0.51896183 -1.66194281 -1.28373481 -2.48228341
 -0.7066114  -1.73129867 -1.17551124 -0.48069473 -0.55265635]
log likelihood =  -10546.973754550385
Edge derivatives =  [-4.766806591410109, 0.5714744806114781, -1.5483199991230459, -0.5002609944520714, -1.9185917146323461, -10.529152694631973, 2.4438957153359375, 3.0498428195963565, -0.682335455190458, -6.843943903396447, -10.119973097576016, -5.248572046157813, -3.630654642025431, -6.090625969271431, 0.05187152820648522, 5.1392741099786665]
other derivatives: [-33.63257747   3.09200732   9.102494    11.13555663  10.62072977
   0.           0.        ]
Current x array =  [-0.64348571 -0.78686346 -0.53099559  0.38051099 -2.07232215 -0.22314355
  0.33647224 -1.28862301 -0.68186853 -1.7292298  -1.15846234 -1.31961757
 -2.34391582 -0.58690049 -0.57177826 -1.60492737 -1.27202744 -2.64135707
 -0.70158019 -1.72784566 -1.15213886 -0.45403927 -0.53853725]
log likelihood =  -10546.577685152359
Edge derivatives =  [-7.200570488303396, -5.137456568106618, -1.6355335508269297, -0.9147943658312074, -1.8752666651271257, -8.81817672425763, 5.879552194511017, 6.059108305713211, -0.7746235017776024, -4.879975699441612, -8.926264605734348, -1.9918021153709178, -2.604568281819234, -3.635068911606095, -2.3195865403487828, 0.29915218191001136]
other derivatives: [ 91.52333951 -13.09458821   2.31911508  -1.73638546   9.4073084
   0.           0.        ]
Current x array =  [-0.68270116 -0.77330891 -0.52190953  0.40891915 -2.06344483 -0.22314355
  0.33647224 -1.26938996 -0.59055545 -1.72510458 -1.14022313 -1.2987493
 -2.42454591 -0.6082383  -0.58851196 -1.58786254 -1.29033293 -2.72708531
 -0.71924471 -1.7391459  -1.16528635 -0.43734568 -0.5044986 ]
log likelihood =  -10544.945250044875
Edge derivatives =  [-6.2257231859986515, -3.494134177239972, -1.4193310144015345, -0.07947917955800268, -0.755464410977315, -8.699079816751485, 6.548165392501555, 6.429732600833818, -0.1894261313289719, -3.399395142607029, -9.087033771912376, 0.4017272474450154, -1.8987044648608387, -1.8752454907555687, -1.8264124005200042, -0.5929447366500451]
other derivatives: [ 18.06737237 -17.94024865  -4.58473369   1.53094697   5.45955695
   0.           0.        ]
Current x array =  [-0.65943422 -0.77011664 -0.5234769   0.40463162 -2.05101102 -0.22314355
  0.33647224 -1.28938705 -0.62205835 -1.73405586 -1.15589987 -1.31724968
 -2.42132016 -0.61685713 -0.59583124 -1.60046505 -1.30847146 -2.71754057
 -0.7410389  -1.74885239 -1.18543001 -0.44845611 -0.50436388]
log likelihood =  -10544.474039114797
Edge derivatives =  [-5.901001220369986, -3.414926083532367, -1.2834940190272657, 0.13299049711281097, -0.02811458413286161, -8.287968397948985, 6.3923808062652, 6.080803854468151, 0.19261678493681245, -2.150570259812307, -8.943571740369123, 1.987165021300579, -1.2448023188148585, -0.3859184435017228, -2.5003845114109295, -2.791056711287962]
other derivatives: [ -2.96046346 -14.33588113  -6.38400161   1.46084494   1.77946334
   0.           0.        ]
Current x array =  [-0.65290548 -0.7721869  -0.52404616  0.40720313 -2.04258472 -0.22314355
  0.33647224 -1.29921505 -0.62444136 -1.73826268 -1.159881   -1.32353827
 -2.43686789 -0.6182012  -0.59564508 -1.60409615 -1.32226711 -2.73068352
 -0.75388045 -1.7565013  -1.19872836 -0.44849019 -0.49360528]
log likelihood =  -10543.79789263513
Edge derivatives =  [-5.766415001542487, -4.58026338234275, -1.1139403863244888, 0.08105477501926522, 0.8627463987339828, -7.325821229435389, 5.7417570807197915, 5.197442920669791, 0.6447441232812983, -0.1379689550855029, -8.366160162756946, 4.380525405095062, -0.1442067053975121, 1.9812291322213504, -3.5873583356428433, -6.489292384978471]
other derivatives: [-16.48013495  -2.34815525  -5.94063386   0.19311119  -4.0995328
   0.           0.        ]
Current x array =  [-0.64843307 -0.7797392  -0.52499695  0.41364832 -2.03087488 -0.22314355
  0.33647224 -1.31122969 -0.60672301 -1.74293284 -1.15904952 -1.32510605
 -2.48369225 -0.61725518 -0.59214507 -1.60349467 -1.3448056  -2.77670772
 -0.77095079 -1.76932896 -1.21762074 -0.44558449 -0.47397975]
log likelihood =  -10542.948962915709
Edge derivatives =  [-5.202122672627126, -5.936096978402313, -0.8531393276809784, -0.0768486800686829, 1.3355693180880144, -6.20625364272929, 4.296363539147483, 3.7238849619849805, 0.8780752089653094, 1.7789690149632427, -7.467273926252956, 6.4399113803047126, 0.8758304151318773, 3.8880366917311004, -2.8667300642085225, -7.796978021447023]
other derivatives: [-17.89999988   7.256971     8.66014852  -0.85391184  -4.94403657
   0.           0.        ]
Current x array =  [-0.64711889 -0.78559906 -0.53126838  0.41525645 -2.02745436 -0.22314355
  0.33647224 -1.3297511  -0.58619284 -1.74829573 -1.15577876 -1.32178627
 -2.55068154 -0.60972585 -0.58296057 -1.59924355 -1.36800413 -2.8457882
 -0.78184088 -1.78274169 -1.23303299 -0.44883739 -0.46623522]
log likelihood =  -10541.904064027669
Edge derivatives =  [-2.8225916517910177, -7.943611060245399, 0.22784127179236258, -0.8687715726624412, 2.8946219277863157, -3.70975272100961, -1.1532641436917426, -2.0802206203035887, 1.9000464907445378, 6.07889341000872, -5.100372031032602, 9.189186057527083, 3.3733393519102535, 8.109945360412812, 1.3540614540320532, -6.732432552253536]
other derivatives: [-11.06825221  30.94462954 -46.38570499   1.2961973   -7.28871006
   0.           0.        ]
Current x array =  [-0.649386   -0.80082383 -0.51063799  0.41793021 -2.02836841 -0.22314355
  0.33647224 -1.37950854 -0.53220669 -1.75967701 -1.14042663 -1.30234853
 -2.73904012 -0.57756461 -0.54837184 -1.5807859  -1.41616902 -3.04528525
 -0.7870479  -1.81130656 -1.25610022 -0.45762136 -0.46226924]
log likelihood =  -10540.587057663623
Edge derivatives =  [-1.8740475067989308, -9.343000514241082, 0.38194478874845295, -1.4026278554434202, 1.3822140005347145, -3.117618499694624, -3.400717316838079, -3.8668598919975037, 0.9425148286571889, 6.1663933803358555, -4.292272930150125, 8.228724745047515, 3.242093439533187, 7.126575281766528, 3.787893872103128, -3.2360633639418155]
other derivatives: [ 0.0282962  22.74271719 11.63305933 -1.74818888  0.44747256  0.
  0.        ]
Current x array =  [-0.65125048 -0.79522708 -0.53265205  0.41463657 -2.03807597 -0.22314355
  0.33647224 -1.40327825 -0.52033446 -1.763554   -1.13409619 -1.28887459
 -2.81900377 -0.56270614 -0.53471283 -1.56980288 -1.4253017  -3.1331844
 -0.7736023  -1.81725466 -1.25183999 -0.467138   -0.48234381]
log likelihood =  -10539.932915806203
Edge derivatives =  [-1.1358056685954188, -8.827820178416214, 0.4839642227482127, -1.7069099261920464, 0.2338285190475573, -3.049080732231194, -4.5926220145075884, -4.846719961980204, 0.311511177785778, 5.330525807015034, -3.950504497540431, 5.970487876377966, 2.6715675977112454, 5.421775361346866, 5.53436221142957, 0.5994598496071184]
other derivatives: [ 5.40002475  9.47092303 15.91913315 -2.20006586  4.32117785  0.
  0.        ]
Current x array =  [-0.65313816 -0.78621197 -0.5341636   0.41250257 -2.04414213 -0.22314355
  0.33647224 -1.41482291 -0.52713607 -1.76413287 -1.13160461 -1.28014113
 -2.84998734 -0.55467148 -0.52869434 -1.56338374 -1.41894394 -3.1698337
 -0.7542514  -1.81423809 -1.23842266 -0.47250385 -0.50398583]
log likelihood =  -10539.078945736372
Edge derivatives =  [0.508761149005356, -6.88685951831912, 0.8454001397935312, -1.9532733142278136, -1.3760436913709193, -2.78126989647293, -6.023674607142236, -6.008722004696402, -0.6040467985607204, 4.010177477513769, -3.361724395254705, 1.744833315275511, 1.8174850293828537, 2.620035361227444, 6.49054826456688, 4.807655794828348]
other derivatives: [ 5.41927329 -7.47845297  8.45944669 -0.95801261  3.82685452  0.
  0.        ]
Current x array =  [-0.65404723 -0.77443955 -0.53166792  0.40901747 -2.04200659 -0.22314355
  0.33647224 -1.4417511  -0.55102429 -1.76671137 -1.13163915 -1.26878289
 -2.91855626 -0.54737488 -0.52438974 -1.55402036 -1.40931608 -3.2481385
 -0.72156347 -1.81030147 -1.216638   -0.47300029 -0.53124463]
log likelihood =  -10538.315103144105
Edge derivatives =  [2.1024932870334667, -4.947223104909549, 1.3960746165902143, -1.648372263414104, -2.7213315944278333, -2.2945158231073584, -4.825574345738395, -4.511431378602342, -1.4660703894428224, 2.562186899624431, -2.7148211340254083, -2.20485192969197, 1.0290103290086186, -0.1078528547714076, 5.188459748057211, 6.737787105702253]
other derivatives: [ 4.72655665 -8.6796681   1.68039332  0.89113018  2.80303845  0.
  0.        ]
Current x array =  [-0.65415602 -0.77339933 -0.52906118  0.40573321 -2.04011627 -0.22314355
  0.33647224 -1.46576415 -0.57062213 -1.76722508 -1.13229114 -1.25644921
 -3.01144794 -0.55471475 -0.533935   -1.54278281 -1.39697079 -3.35301268
 -0.69067235 -1.80588898 -1.19360707 -0.46055386 -0.54520706]
log likelihood =  -10538.490271457385
Edge derivatives =  [2.964753165616612, -5.847441606211211, 1.6240105368532136, -1.3552508900050373, -3.7297284841090823, -0.7512786200852838, -0.7345552481236318, -1.499235712108298, -3.0903391889946805, 2.4954619282102373, -1.6835522220084247, -2.845317466824246, 0.9310451502408843, -0.926101103638652, -4.835330907865895, -4.164974734815402]
other derivatives: [-37.20850327 -58.29360452 -15.46935709  -4.37485869  -4.15158641
   0.           0.        ]
Current x array =  [-0.64452757 -0.74425947 -0.52169596  0.42244735 -2.02456689 -0.22314355
  0.33647224 -1.50355401 -0.56527129 -1.76437891 -1.13117777 -1.24592111
 -3.27927248 -0.58602654 -0.56083056 -1.5257837  -1.40604549 -3.64406658
 -0.68815598 -1.81752305 -1.19286846 -0.41142753 -0.4949504 ]
log likelihood =  -10537.873059349862
Edge derivatives =  [2.5095458397291788, -5.33916789081768, 1.5194296140485195, -1.4973514667326666, -3.153558127388849, -1.5073631614631862, -2.9394312229288295, -3.120015098277168, -2.1841854184879668, 2.5346540309915766, -2.175882556771948, -2.4246828525110393, 0.9897953977511338, -0.4689249447894866, 0.7130001885708563, 1.8188056328989077]
other derivatives: [-14.19391265 -30.73533117  -6.15655517  -1.51969653  -0.29417085
   0.           0.        ]
Current x array =  [-0.64974912 -0.76006215 -0.52569016  0.41338319 -2.03299939 -0.22314355
  0.33647224 -1.48306039 -0.56817307 -1.7659224  -1.13178155 -1.25163055
 -3.13402999 -0.56904601 -0.54624497 -1.5350024  -1.40112424 -3.4862267
 -0.68952062 -1.81121384 -1.19326902 -0.43806896 -0.52220482]
log likelihood =  -10537.260550091236
Edge derivatives =  [3.9329012096018006, -3.1339357784986093, 2.223964226460355, -0.5449480245317476, -3.4013102113930787, -0.9193719371252825, 0.24928113717491196, 0.3531225725839633, -2.492694725160168, 1.5819906584515717, -1.6445431384803757, -4.077176266225576, 0.6723574223958781, -1.9330380247272, -1.5423711855356783, 1.7069267230068983]
other derivatives: [ -2.78444168 -10.76077388  -6.0546954    0.18510764  -0.53346495
   0.           0.        ]
Current x array =  [-0.65222676 -0.77186151 -0.5255306   0.41057485 -2.03212025 -0.22314355
  0.33647224 -1.50103589 -0.58680614 -1.76347242 -1.13452402 -1.24566597
 -3.24262726 -0.58635554 -0.5642414  -1.52737291 -1.39052603 -3.60759367
 -0.67277071 -1.80858656 -1.17817192 -0.42052151 -0.52119294]
log likelihood =  -10537.046590159955
Edge derivatives =  [4.212455982705371, -2.2922284068656684, 2.420674359530702, -0.013968863904200685, -2.7519806951355923, -0.5370465800264062, 1.8413061392400152, 1.8930985917789, -2.2882977219214773, 1.6182757947735116, -1.4159049103662102, -2.7670733265761194, 0.8502079454474034, -1.50915733605346, -2.562753356570467, -0.06734779401476754]
other derivatives: [ 2.69778502 -1.08826862 -2.34243817  0.02268462 -0.40968706  0.
  0.        ]
Current x array =  [-0.65319467 -0.77746722 -0.52703039  0.41109222 -2.03094784 -0.22314355
  0.33647224 -1.50417414 -0.59505113 -1.75981505 -1.13685624 -1.24981543
 -3.30065104 -0.59521161 -0.57210505 -1.52853011 -1.38940368 -3.67156914
 -0.67841971 -1.8097199  -1.18060852 -0.41360493 -0.51053105]
log likelihood =  -10536.887260814792
Edge derivatives =  [4.1428562839815415, -1.4469972080061277, 2.3795238881417324, 0.2851906243728485, -1.93146684123012, -0.19275757853525205, 2.6281699334763577, 2.5649083082945023, -1.975146386434772, 1.4673186338957502, -1.205453704694045, -0.9769802220944124, 0.951526240159028, -0.9805799288221313, -2.455942264851007, -1.2896487174486186]
other derivatives: [-6.17957812  7.00571945  1.90168976  0.32333628  0.43157483  0.
  0.        ]
Current x array =  [-0.64992097 -0.78263026 -0.52933545  0.41049293 -2.0316928  -0.22314355
  0.33647224 -1.50064261 -0.60627875 -1.75280628 -1.13889237 -1.25768035
 -3.35284233 -0.5993768  -0.57540882 -1.53317303 -1.38582401 -3.73053234
 -0.68716609 -1.80932731 -1.18490138 -0.41259939 -0.5029724 ]
log likelihood =  -10536.742106894126
Edge derivatives =  [3.667329215707117, -0.048667726564599056, 2.142078482917481, 0.6367806081395382, -0.38223696572011545, 0.28988003454327815, 3.3526977450248334, 3.0235132726646343, -1.2585007479581367, 1.2631661234064113, -0.9588735753412221, 2.223505750563952, 1.1309500581811247, 0.12067248562416566, -1.9971128868583905, -3.5559644908433135]
other derivatives: [14.75450335  8.77204184  3.39026883 -0.88380693  1.01851709  0.
  0.        ]
Current x array =  [-0.65568522 -0.78202181 -0.52995138  0.41233976 -2.02958842 -0.22314355
  0.33647224 -1.48833022 -0.62617506 -1.73920894 -1.14226358 -1.27378613
 -3.42304974 -0.60294212 -0.57746509 -1.54397262 -1.37874821 -3.81104397
 -0.7038196  -1.80749978 -1.19408369 -0.4124274  -0.48902134]
log likelihood =  -10536.581440006277
Edge derivatives =  [3.311958632982616, 0.5678821733435866, 1.8267330324871984, 0.3963826672465095, -0.11310248576822968, 0.40372637213053053, 2.449586442258078, 2.066267657321488, -1.0904531427834967, 0.670387594760893, -0.84987406321177, 2.6380033727350174, 0.9062216201986415, -0.004869693601255443, -0.6208050222357326, -2.6931286561807326]
other derivatives: [ 3.56472447  7.07664549  5.0195049  -0.40353916  1.38230317  0.
  0.        ]
Current x array =  [-0.65228211 -0.78097234 -0.53135902  0.41098992 -2.03016674 -0.22314355
  0.33647224 -1.47986248 -0.63843043 -1.73127353 -1.14281261 -1.28032879
 -3.44547033 -0.59767065 -0.57266742 -1.54963657 -1.37155982 -3.83931877
 -0.70494454 -1.80391638 -1.19457704 -0.41841358 -0.49408754]
log likelihood =  -10536.433287023754
Edge derivatives =  [2.605548734324357, 1.5371984951876883, 1.23101162337551, -0.13992878603222567, 0.15560721269540467, 0.521835527088841, 0.5786857369182009, 0.14591759207810728, -0.7904630354934584, -0.43524713389643344, -0.7048105091318007, 2.585991284665352, 0.43867615918371783, -0.39888981245639193, 1.625494002339308, -0.7451629672115796]
other derivatives: [-4.11995825 -0.08100506  2.38183384  0.27144415  1.06033239  0.
  0.        ]
Current x array =  [-0.65030939 -0.77603541 -0.53117321  0.40931198 -2.02960799 -0.22314355
  0.33647224 -1.46320992 -0.65833042 -1.7174077  -1.14345371 -1.290237
 -3.47279381 -0.58691874 -0.56332288 -1.55935411 -1.35834348 -3.87657191
 -0.70222813 -1.79656102 -1.19370385 -0.42788182 -0.50568286]
log likelihood =  -10536.388150669
Edge derivatives =  [2.1784724417987533, 1.6403074740774155, 0.9791847125109069, -0.3475355549539555, 0.2566331940347746, 0.5407856048850102, 0.018751479461556086, -0.38495708627459724, -0.5323888184092653, -0.6611938797393071, -0.666240321583653, 2.178382846670879, 0.3414928716742461, -0.30372758443224196, 1.8182098968647213, -0.2642154053100705]
other derivatives: [-3.36664561 -0.76518336 -3.18370621  0.63438711 -0.0628486   0.
  0.        ]
Current x array =  [-0.65076826 -0.77553287 -0.52903059  0.40941868 -2.02839918 -0.22314355
  0.33647224 -1.45355666 -0.66114956 -1.71104352 -1.14380435 -1.29315347
 -3.48193846 -0.58371074 -0.56105115 -1.56347073 -1.35504822 -3.8907354
 -0.69852451 -1.79376199 -1.19445905 -0.42761404 -0.50885308]
log likelihood =  -10536.325143249886
Edge derivatives =  [1.1743749165650528, 1.3986284430367881, 0.38512908470714563, -0.8109850581413827, -0.0005946109858216975, 0.5484943548451906, -0.9628465151006788, -1.1592219572522242, -0.20296566792012588, -1.1928082651911138, -0.5975266453062154, 0.5148885757341639, 0.00874078638511569, -0.41813633733609973, 1.3107610868479171, 0.5115490792257973]
other derivatives: [ 2.05877586 -4.16124021 -0.35997982  0.13392855 -1.78283922  0.
  0.        ]
Current x array =  [-0.6526113  -0.77343455 -0.52995006  0.41056129 -2.02629513 -0.22314355
  0.33647224 -1.43304543 -0.66374282 -1.69732829 -1.1447549  -1.29699311
 -3.50549446 -0.57804408 -0.55791167 -1.57108394 -1.34931113 -3.92668556
 -0.68579066 -1.78770553 -1.19489769 -0.4230403  -0.51593901]
log likelihood =  -10536.286401062098
Edge derivatives =  [0.5240449335018793, 0.9511076655049204, 0.1481472114384971, -0.8054837191739372, 0.15429403879170334, 0.5496188118485881, -0.7514608216923934, -0.8366170912307639, 0.27289876695445, -0.8703362105000348, -0.5762552804552469, -0.14416746240421768, 0.08871431866236931, 0.1745826799990574, 0.34866501429123886, 0.30082954870212464]
other derivatives: [ 1.97460031 -0.62486288 -7.07213621  0.08295137 -2.0425699   0.
  0.        ]
Current x array =  [-0.65268745 -0.7761467  -0.52699398  0.41202666 -2.02773732 -0.22314355
  0.33647224 -1.4185591  -0.65736961 -1.68952884 -1.14668171 -1.29879141
 -3.51552528 -0.57836711 -0.5596639  -1.57558844 -1.35135431 -3.94502596
 -0.67967721 -1.78566383 -1.19840112 -0.41585227 -0.51519686]
log likelihood =  -10536.261071267916
Edge derivatives =  [0.1920708317348265, 0.4432404611876187, 0.040183016488753664, -0.725414073839233, 0.07734308110513544, 0.5402930482827139, -0.4042669487168842, -0.3984727875274681, 0.3848434629801753, -0.600681717012957, -0.5750886292422843, -0.44873700594335353, 0.1076275128142378, 0.37534942165433005, -0.37426886505357726, -0.042616846956063714]
other derivatives: [ 1.02365448  0.15352634 -2.09757127 -0.51506868 -0.98062841  0.
  0.        ]
Current x array =  [-0.65224889 -0.77706302 -0.52868807  0.41275066 -2.03010476 -0.22314355
  0.33647224 -1.41230472 -0.65155229 -1.68652536 -1.1482479  -1.29869737
 -3.51932456 -0.57964274 -0.56159078 -1.57673675 -1.35440432 -3.95350737
 -0.67693106 -1.78522589 -1.20008911 -0.41152983 -0.51389187]
log likelihood =  -10536.254253554856
Edge derivatives =  [0.09773662094650001, 0.18643469644215932, 0.03414466948137898, -0.5949736205628962, 0.05294783055824648, 0.5392741385936898, -0.07588912281016413, -0.03877749512077999, 0.3963496663010472, -0.39338685896661263, -0.5728860242578087, -0.42027728370536266, 0.12199427625126902, 0.4208590025913124, -0.6045299199389271, -0.21318587071227801]
other derivatives: [-0.23162829  0.50066956  0.43772343 -0.54784505  0.01429206  0.
  0.        ]
Current x array =  [-0.65177656 -0.77749091 -0.52959454  0.41232009 -2.03203565 -0.22314355
  0.33647224 -1.41056355 -0.6481886  -1.68589961 -1.14966269 -1.29826587
 -3.52005804 -0.58104028 -0.56313256 -1.57634823 -1.35683166 -3.9569762
 -0.67672068 -1.78530907 -1.20042123 -0.41007699 -0.51294806]
log likelihood =  -10536.251129708347
Edge derivatives =  [0.03703151424944784, 0.08780375829726722, 0.023239179324672704, -0.5091505594449018, 0.0542787831427447, 0.5434302321483735, 0.05819477020168007, 0.10491981073116025, 0.3912817178717942, -0.2968290331726279, -0.565314200352909, -0.34835444921618686, 0.10480834796590813, 0.38287900786801166, -0.5577211062412801, -0.20169923110060362]
other derivatives: [-0.55506098  0.40365558  1.03594721 -0.32806201  0.44734191  0.
  0.        ]
Current x array =  [-0.65166119 -0.77746677 -0.52982461  0.41159225 -2.03285246 -0.22314355
  0.33647224 -1.40940902 -0.64694673 -1.68530827 -1.15089067 -1.29820255
 -3.52066663 -0.58157914 -0.56373465 -1.57596668 -1.35800823 -3.96011672
 -0.67692678 -1.78508015 -1.20011944 -0.41012215 -0.51294648]
log likelihood =  -10536.24364149776
Edge derivatives =  [-0.13767108252532156, -0.11948304115718245, -0.01796795380167765, -0.28554256892145446, 0.059857398828189856, 0.5554744706298431, 0.26430508430567756, 0.32374919152388176, 0.33997235845384516, -0.07838060361953625, -0.5397436788545678, -0.12936396686421556, 0.019527543186995067, 0.181604705295543, -0.25565625778187506, -0.07400337836588688]
other derivatives: [-0.69778616  0.15386104  1.42743374  0.34642107  0.87516114  0.
  0.        ]
Current x array =  [-0.65162029 -0.77730644 -0.53001072  0.40978918 -2.03359241 -0.22314355
  0.33647224 -1.40629666 -0.64447868 -1.68352503 -1.15480981 -1.29811776
 -3.52166579 -0.58241636 -0.56467687 -1.57444486 -1.36091217 -3.96978628
 -0.6778175  -1.78413048 -1.19856995 -0.411308   -0.51356029]
log likelihood =  -10536.23483143777
Edge derivatives =  [-0.3226964016188675, -0.33571163014011984, -0.0598229993298906, 0.007878333530520087, 0.04869334824433835, 0.5654504378902933, 0.37670304239226016, 0.4101857256183659, 0.1860779927834904, 0.18073596293086025, -0.5073243068398116, 0.1444665681073719, -0.10053224535250452, -0.0922794924332872, 0.00650701713357682, -0.07523334442006813]
other derivatives: [-1.13572787 -0.46792775  1.29553155  0.13882527  0.63973509  0.
  0.        ]
Current x array =  [-0.65151642 -0.77695382 -0.52990338  0.41042505 -2.03274634 -0.22314355
  0.33647224 -1.40335127 -0.64202308 -1.68145874 -1.1606665  -1.29780723
 -3.52160011 -0.58293079 -0.56506878 -1.5713127  -1.36475395 -3.9849789
 -0.67932519 -1.78315163 -1.19653019 -0.41254983 -0.51362406]
log likelihood =  -10536.253878594736
Edge derivatives =  [-0.45447123280603535, 0.07720978185677396, -0.09614670359438127, 0.5767955075856259, 0.3814522728279688, 0.649317970512432, 0.1020465098628689, 0.13936330354462267, 0.08220610048227034, 0.37928618797483493, -0.3836145523092147, 1.1195687849781923, -0.23151723315994296, -0.30631363738516554, 1.513905052696387, 0.7056293972469498]
other derivatives: [7.59052455 6.56056909 3.29394243 0.55120836 0.96632887 0.
 0.        ]
Current x array =  [-0.65367811 -0.78105178 -0.53077301  0.40918833 -2.03259922 -0.22314355
  0.33647224 -1.3976553  -0.64659696 -1.67504151 -1.17162578 -1.30035101
 -3.5282247  -0.58002141 -0.56187055 -1.56708748 -1.36711621 -4.02914439
 -0.68312393 -1.78082925 -1.19406699 -0.41823595 -0.51628391]
log likelihood =  -10536.23172646252
Edge derivatives =  [-0.3583574096590834, -0.22293445253798427, -0.06942452484814293, 0.16404706265269597, 0.13936296212877752, 0.5883625179980478, 0.30219560883370034, 0.33678267052637234, 0.15812525164759494, 0.2348574824754439, -0.47280779359308045, 0.4101734217045675, -0.13600204261918894, -0.15026124577467653, 0.41724960869621297, 0.13769079566032794]
other derivatives: [1.24462167 1.45422018 1.83932752 0.25048575 0.72965346 0.
 0.        ]
Current x array =  [-0.65210423 -0.77806815 -0.53013985  0.41008876 -2.03270634 -0.22314355
  0.33647224 -1.40180241 -0.64326682 -1.67971375 -1.16364657 -1.29849894
 -3.52340149 -0.58213967 -0.56419911 -1.57016377 -1.3653963  -3.99698848
 -0.68035815 -1.78252012 -1.19586039 -0.41409601 -0.51434733]
log likelihood =  -10536.22591043355
Edge derivatives =  [-0.44120082895251345, -0.23411852510362052, -0.11109172509748691, 0.3190679787685007, 0.10895666407782034, 0.5921367829731882, 0.13698991272278044, 0.1242582429014728, -0.006231332676624152, 0.29592573496343755, -0.4452345979029826, 0.5105760907665003, -0.234005542443477, -0.3532276473754635, 0.5850478496564318, 0.15138097017556063]
other derivatives: [-0.19083018  0.67200017  0.64367305 -0.12428063 -0.09664321  0.
  0.        ]
Current x array =  [-0.65175705 -0.77760037 -0.52968256  0.41145026 -2.03091769 -0.22314355
  0.33647224 -1.40059085 -0.64362843 -1.67808208 -1.1678572  -1.29843384
 -3.52325815 -0.58136598 -0.56323317 -1.5675362  -1.36694698 -4.01124674
 -0.68108324 -1.78187807 -1.19446737 -0.41507066 -0.51464969]
log likelihood =  -10536.221900719089
Edge derivatives =  [-0.38458050656011816, -0.1756476855187934, -0.09496197489509675, 0.42758882256389186, 0.07114759311152397, 0.5872388991788574, 0.050885049857279124, -0.0010564155007008469, -0.13074713783981007, 0.33299047352047517, -0.4303150945254444, 0.49778213671410076, -0.2404510713722474, -0.3806713847058336, 0.4905808052564302, 0.060028517517600966]
other derivatives: [ 1.40423617 -0.29728835 -0.61557876 -0.54741577 -0.45991058  0.
  0.        ]
Current x array =  [-0.6523057  -0.77691303 -0.52908733  0.41263518 -2.03004278 -0.22314355
  0.33647224 -1.40156147 -0.64414957 -1.67775523 -1.17019226 -1.29797041
 -3.52164498 -0.58087898 -0.56252444 -1.56532494 -1.36780207 -4.02112328
 -0.68111865 -1.78218366 -1.19420708 -0.41461661 -0.51412282]
log likelihood =  -10536.216231143018
Edge derivatives =  [-0.2885998541024961, 0.033398471724872425, -0.10322967482309617, 0.493603560087989, 0.02034314287790817, 0.5830248418069566, -0.22972102102505196, -0.3170814032027668, -0.26719484062777255, 0.23896980942991097, -0.4013495196351216, 0.36783135011273843, -0.2423566004443979, -0.36146970205996287, 0.4138953142664733, 0.0809300472604384]
other derivatives: [ 0.51259303 -0.49596383 -1.55216912 -0.6120099  -0.89205667  0.
  0.        ]
Current x array =  [-0.65209179 -0.77679055 -0.52877512  0.4130601  -2.02937995 -0.22314355
  0.33647224 -1.4027243  -0.64694391 -1.67664468 -1.17246937 -1.29795292
 -3.52128539 -0.57924193 -0.56073887 -1.56326921 -1.36724022 -4.03759435
 -0.68027327 -1.78251255 -1.19440021 -0.41411253 -0.51427553]
log likelihood =  -10536.206895657015
Edge derivatives =  [-0.14414219543878024, 0.279379075649056, -0.1263469840087157, 0.5924882226360619, -0.10053863241936134, 0.5671244321322452, -0.514244117533731, -0.6112684950908205, -0.43315721285951553, 0.11953677311848898, -0.35354747428904676, -0.04130374431885315, -0.1824734721633203, -0.17665441426039635, -0.026621770228902664, 0.02295307546405212]
other derivatives: [ 1.096505   -1.00809666 -1.46413913 -0.5682632  -0.88201753  0.
  0.        ]
Current x array =  [-0.65231296 -0.77646988 -0.52879652  0.41289179 -2.02979922 -0.22314355
  0.33647224 -1.40411297 -0.65018449 -1.67438215 -1.17545779 -1.29778381
 -3.52063576 -0.57722234 -0.55877314 -1.5605705  -1.36649332 -4.0689033
 -0.67735439 -1.78356493 -1.19584833 -0.41135517 -0.51401277]
log likelihood =  -10536.209635259884
Edge derivatives =  [0.15528181214744075, 0.5852503899518218, -0.0696309924049121, 0.8861268618362812, -0.033670096103961766, 0.5420120642192378, -0.3175920270072785, -0.3998629392239233, -0.5088840053890051, 0.21867897743520048, -0.2574941975948587, -0.3709353049138946, 0.07184309582466541, 0.33600393441256493, -0.5191518791003882, -0.07450992682104873]
other derivatives: [-5.23800736  3.33129356 -7.85761767  0.23733992 -0.35825123  0.
  0.        ]
Current x array =  [-0.6504254  -0.7795848  -0.52641939  0.41212865 -2.03208217 -0.22314355
  0.33647224 -1.40671408 -0.65141541 -1.67110703 -1.17976055 -1.29764508
 -3.51471291 -0.57743384 -0.55929336 -1.55651119 -1.36752005 -4.13022895
 -0.67434428 -1.78642206 -1.19846007 -0.40719546 -0.51224194]
log likelihood =  -10536.201124901345
Edge derivatives =  [-0.00869236809622781, 0.41750309562854826, -0.10047325525525996, 0.7253678369256461, -0.07029540907845955, 0.555910121384732, -0.42535077024022605, -0.515642803953298, -0.4670382600857095, 0.16429117295167128, -0.3087306794175322, -0.18939434395180407, -0.06758271791009612, 0.054911339412830606, -0.247847859815592, -0.020164679808624575]
other derivatives: [-1.75486639  0.95476207 -4.34299182 -0.20510925 -0.64504767  0.
  0.        ]
Current x array =  [-0.65146141 -0.77787514 -0.52772411  0.41254751 -2.03082914 -0.22314355
  0.33647224 -1.40528643 -0.6507398  -1.67290462 -1.17739893 -1.29772122
 -3.51796374 -0.57731776 -0.55900783 -1.55873919 -1.36695651 -4.09656959
 -0.67599641 -1.78485389 -1.19702658 -0.40947857 -0.51321388]
log likelihood =  -10536.192424506004
Edge derivatives =  [0.06636647156407668, 0.44955437611461047, -0.12712361802664796, 0.7850664452372444, -0.16972436375321331, 0.5379824596354913, -0.39425292703476356, -0.44529172628367314, -0.5511495866212128, 0.1207086308577735, -0.27250214674860634, -0.4882190630975249, 0.0060669431474676405, 0.2126187964191485, -0.6202702855848992, -0.11743788415563694]
other derivatives: [-1.03817547  0.6536502  -1.97403278 -0.06100163 -0.12766116  0.
  0.        ]
Current x array =  [-0.6516346  -0.77769844 -0.52862268  0.41171893 -2.03193212 -0.22314355
  0.33647224 -1.40615893 -0.65136485 -1.6712714  -1.17864539 -1.29761249
 -3.51575763 -0.5771361  -0.55908443 -1.55740442 -1.36685962 -4.12329375
 -0.67384224 -1.78605697 -1.19834807 -0.40721695 -0.51269179]
log likelihood =  -10536.183718725082
Edge derivatives =  [0.11330580574480043, 0.3527839145536659, -0.15004050240263372, 0.8167427372009146, -0.21911507450453804, 0.5183822967326643, -0.14035028469995894, -0.1291053798166219, -0.5750824577485956, 0.13902320239677934, -0.23303695319466416, -0.6412604153569368, 0.10125812138826062, 0.34544139594431755, -0.8370887246710166, -0.21068883152636153]
other derivatives: [-0.56332829  0.60593447  0.50461313  0.15064143  0.54295771  0.
  0.        ]
Current x array =  [-0.65170531 -0.77766353 -0.52957514  0.41069641 -2.03309172 -0.22314355
  0.33647224 -1.40713519 -0.6501426  -1.67009261 -1.17860154 -1.2976493
 -3.51105779 -0.57836485 -0.56067486 -1.55684364 -1.367258   -4.15171032
 -0.67272531 -1.78756505 -1.19939811 -0.40581712 -0.51196093]
log likelihood =  -10536.17422059726
Edge derivatives =  [0.15657964801093746, 0.19449220294849523, -0.17028674259072746, 0.7801866977858557, -0.20876046785329683, 0.49734551046902226, 0.21238272335579322, 0.2905368098888328, -0.5415059958084922, 0.171827798459963, -0.1882540092042553, -0.6521997516833689, 0.21654441882850106, 0.44980272667586146, -0.8578215286731417, -0.26703080998158146]
other derivatives: [0.07040944 0.56540557 2.06676123 0.34091136 1.04746047 0.
 0.        ]
Current x array =  [-0.65183455 -0.77756252 -0.53018371  0.40988179 -2.03370691 -0.22314355
  0.33647224 -1.40868284 -0.64792351 -1.6694514  -1.17690979 -1.29795052
 -3.50369214 -0.58043546 -0.56312756 -1.55711287 -1.36757318 -4.18313697
 -0.67272576 -1.7893822  -1.20013208 -0.40552799 -0.51117058]
log likelihood =  -10536.158671952155
Edge derivatives =  [0.21925289481197577, -0.023326853148498805, -0.2197126387154184, 0.5991487894475842, -0.13613156982631547, 0.4651119897416759, 0.5832396847726901, 0.733773842506306, -0.46444137942337227, 0.15724296570452334, -0.11170711784574673, -0.5011452063810036, 0.36816893172811505, 0.49640491567696865, -0.5859474811272365, -0.24179282308865835]
other derivatives: [0.27045462 0.32135904 3.10494033 0.44636909 1.10339226 0.
 0.        ]
Current x array =  [-0.65184964 -0.77722611 -0.53065673  0.40948701 -2.03308853 -0.22314355
  0.33647224 -1.41175536 -0.64504727 -1.66883746 -1.17271716 -1.29893545
 -3.48986546 -0.58314504 -0.5662525  -1.55829561 -1.36723634 -4.23788426
 -0.67416786 -1.79206878 -1.20042699 -0.40690388 -0.51040209]
log likelihood =  -10536.141058382971
Edge derivatives =  [0.350916439607443, -0.1097177413390692, -0.2776928608720312, -0.004742186189189229, 0.023441874676239705, 0.4110884037352449, 0.5121078033704274, 0.6889313860833748, -0.12080438917783272, -0.03497581416249773, -0.013999638988174419, -0.4190803113896347, 0.5395550436559788, 0.5225123575693928, -0.26216493896909165, 0.07677572520915099]
other derivatives: [ 3.07244045 -0.33171455  0.62774052  0.73102456  0.92052138  0.
  0.        ]
Current x array =  [-0.65277513 -0.77649631 -0.52970633  0.40899024 -2.03263639 -0.22314355
  0.33647224 -1.41594593 -0.64330628 -1.66947506 -1.1617375  -1.30071012
 -3.46910637 -0.58364112 -0.56692792 -1.56383031 -1.36359039 -4.31405495
 -0.67524401 -1.7942775  -1.20014523 -0.40808029 -0.51029877]
log likelihood =  -10536.133893951863
Edge derivatives =  [0.305287550871649, -0.35535875569404307, -0.34801740775976586, -0.28581861505538475, 0.09353265346317641, 0.36776425040324895, 0.2527856185239389, 0.3503016950316066, -0.13480309712077043, -0.04370390729528928, 0.06174452465945668, 0.13092167484895076, 0.4267249749615699, -0.008190090977936215, 0.295069976901682, 0.11626589823817768]
other derivatives: [-2.30751903 -0.2564193   2.21714072 -0.70824535 -0.50941984  0.
  0.        ]
Current x array =  [-0.65112957 -0.77671531 -0.53041587  0.4130257  -2.0290297  -0.22314355
  0.33647224 -1.41805508 -0.64118755 -1.66994231 -1.15844092 -1.30167773
 -3.44927714 -0.5834684  -0.56607304 -1.56473651 -1.36399649 -4.38539863
 -0.6799299  -1.79424539 -1.19637067 -0.41166886 -0.50962083]
log likelihood =  -10536.129539897065
Edge derivatives =  [0.32264591728200265, -0.1936180972253735, -0.2989554045371356, -0.2449230730831432, 0.11519687667428302, 0.38223834917823174, 0.12560870808455887, 0.2005419971346713, -0.07392330834150225, -0.0432105099959158, 0.04480507042635641, 0.06279345493815636, 0.4039083951856557, 0.05727289886040321, 0.21232060781422146, 0.18405162096239125]
other derivatives: [ 0.35874109  0.35267112  0.21229971 -0.35242738 -0.30479923  0.
  0.        ]
Current x array =  [-0.65195742 -0.7770416  -0.52956515  0.41224889 -2.02991496 -0.22314355
  0.33647224 -1.41699303 -0.64256897 -1.67058531 -1.15892543 -1.30138615
 -3.45370958 -0.58234097 -0.56480442 -1.56516998 -1.36351492 -4.36583416
 -0.67905493 -1.79313469 -1.19656273 -0.41084732 -0.50989002]
log likelihood =  -10536.128313235786
Edge derivatives =  [0.2964098067709342, -0.14954768672883767, -0.28123429580818854, -0.24418764609754384, 0.10533361065316593, 0.38664430277327216, 0.015442229888213671, 0.05958240240570217, -0.04793234820049895, -0.04214788303184902, 0.03458918300281822, 0.046716723856429596, 0.3497510626005763, 0.017671906409222782, 0.1550157528177587, 0.18520099566056336]
other derivatives: [ 0.36986603  0.0656637  -0.57486068 -0.23908797 -0.23954879  0.
  0.        ]
Current x array =  [-0.65200477 -0.77689242 -0.52924097  0.41201555 -2.0303305  -0.22314355
  0.33647224 -1.41604397 -0.64312502 -1.67124323 -1.15909582 -1.30116619
 -3.45535667 -0.5815907  -0.56387432 -1.56564366 -1.36338567 -4.35549905
 -0.67885938 -1.79208841 -1.19626667 -0.41050318 -0.50994631]
log likelihood =  -10536.126414065626
Edge derivatives =  [0.23725200727432924, -0.11947640292507822, -0.23898478488071156, -0.2473260794842861, 0.10582173855787347, 0.38784792956451875, -0.12653591331875852, -0.13532660105506106, 0.013007804721930735, -0.010193195758963047, 0.027442654719858243, 0.13087115812595235, 0.23304105098302969, -0.1190371427686831, 0.1393229378012779, 0.16132925773697893]
other derivatives: [ 0.53606345  0.30424962 -1.06074367 -0.16230842 -0.19333801  0.
  0.        ]
Current x array =  [-0.65207317 -0.77710963 -0.52901908  0.41187289 -2.03077104 -0.22314355
  0.33647224 -1.41435564 -0.64348646 -1.67285292 -1.159103   -1.30081309
 -3.45452565 -0.58065254 -0.56252017 -1.56671105 -1.36349424 -4.34756574
 -0.67932315 -1.78998507 -1.19523012 -0.41038515 -0.50966733]
log likelihood =  -10536.124478038877
Edge derivatives =  [0.10082096030202436, -0.1560775389388651, -0.18357254433251521, -0.2672986140297063, -0.0022685690150341387, 0.3601721878428019, -0.23721202196490868, -0.33306354086272977, 0.08518509911038984, 0.0021759645742235323, 0.02787701313654059, 0.07550085804437182, 0.014232317072027684, -0.31098825714353745, -0.10455088538277146, -0.06525392574227173]
other derivatives: [-1.79126073 -1.95932989 -1.63334335  0.36635902  0.12337837  0.
  0.        ]
Current x array =  [-0.65153892 -0.77581012 -0.5288125   0.41048155 -2.03205241 -0.22314355
  0.33647224 -1.41133619 -0.64385505 -1.67624581 -1.15889743 -1.29999123
 -3.44703682 -0.57993281 -0.5612499  -1.56885024 -1.36356692 -4.35353508
 -0.67928025 -1.78628394 -1.19433126 -0.40932072 -0.50836838]
log likelihood =  -10536.12150953322
Edge derivatives =  [0.06414335243194966, -0.17110034409891184, -0.13816130592429512, -0.23562461563371503, 0.015879406570703747, 0.3543100269458265, -0.2209360824492332, -0.3295082323000036, 0.12004062676243664, 0.0564175408495704, 0.03628454240026961, 0.2259828423201877, -0.06068913356377423, -0.41590499657188423, -0.010381582102298781, -0.09761411176451595]
other derivatives: [-0.25942609 -0.72207695 -0.68850022  0.19162144  0.05814768  0.
  0.        ]
Current x array =  [-0.65191437 -0.77658235 -0.52913118  0.4108455  -2.03181239 -0.22314355
  0.33647224 -1.41039805 -0.64353606 -1.67756286 -1.15910302 -1.29979078
 -3.44257707 -0.57999249 -0.56104589 -1.56931307 -1.36407404 -4.36039873
 -0.68024017 -1.7849652  -1.19350306 -0.4097917  -0.50784874]
log likelihood =  -10536.119482797725
Edge derivatives =  [0.03367406307315382, -0.21321263483650577, -0.08986540302926063, -0.17731477708394305, 0.0036228445960364564, 0.3343541935904234, -0.07495647647854659, -0.17459682009859873, 0.1399517702229202, 0.1077478391422052, 0.0530575172744957, 0.284364958439966, -0.11102556646980291, -0.4405245190682332, 0.00780510129945533, -0.1918425337047036]
other derivatives: [0.20550397 0.18576975 0.25108784 0.19599065 0.11099573 0.
 0.        ]
Current x array =  [-0.65198804 -0.77715746 -0.52948408  0.41076252 -2.03179095 -0.22314355
  0.33647224 -1.40960564 -0.64297134 -1.6789637  -1.15951167 -1.29952228
 -3.43500103 -0.58079326 -0.56176305 -1.5695791  -1.3646809  -4.37860648
 -0.68072103 -1.78397292 -1.19339873 -0.40987535 -0.50697825]
log likelihood =  -10536.11809658415
Edge derivatives =  [0.002593077051255388, -0.2360549328105076, -0.04438688051665457, -0.11450220679989234, -0.033584529210516134, 0.3111829854069223, 0.05241119522290601, -0.03601979430463448, 0.14029383927324862, 0.1332685951548761, 0.06667291464099351, 0.25524698274700347, -0.1541692178713801, -0.40923012422992183, -0.01826066394166448, -0.26973495111681456]
other derivatives: [0.26563066 0.31150557 0.58819569 0.17321327 0.15040137 0.
 0.        ]
Current x array =  [-0.65198849 -0.77722665 -0.52960678  0.41077629 -2.03174664 -0.22314355
  0.33647224 -1.40873138 -0.64280887 -1.68036437 -1.16018118 -1.29922296
 -3.42777419 -0.58149401 -0.5624836  -1.56966639 -1.36508622 -4.39527602
 -0.68068747 -1.78307949 -1.19382186 -0.40975654 -0.50634363]
log likelihood =  -10536.115463790231
Edge derivatives =  [-0.042627934077423185, -0.156962938342059, 0.060484930184820984, -0.011979861975091016, -0.10128230066703803, 0.2699579654797963, 0.13348594592617052, 0.09587345220332921, 0.14386167512382014, 0.10585955376177725, 0.0780437563791671, 0.04428377955292533, -0.1881489549633255, -0.13902107198606783, -0.04953812613696962, -0.1710084805403842]
other derivatives: [-0.69672024  1.18492972 -0.34501682  0.13233876  0.00851008  0.
  0.        ]
Current x array =  [-0.65167961 -0.77777544 -0.5292979   0.4110988  -2.03143593 -0.22314355
  0.33647224 -1.40652453 -0.6440001  -1.68332783 -1.16161016 -1.2988597
 -3.41705954 -0.58184809 -0.56319968 -1.5697528  -1.36492457 -4.40876796
 -0.67944745 -1.78165501 -1.19620002 -0.40952708 -0.50675501]
log likelihood =  -10536.114558835503
Edge derivatives =  [-0.13056961157850716, -0.0655250887803418, 0.16659178989380802, 0.07816972459121874, -0.26206772921296384, 0.21771273211057937, 0.09441842145945795, 0.110307778005165, 0.10588164674372778, 0.010161886220836025, 0.08401337905716696, -0.28876094821359843, -0.2733525275586743, 0.1409835796021659, -0.19718375978346714, -0.05864017088785012]
other derivatives: [ 1.50423875 -0.27550959  1.03686216 -0.19662002  0.18423587  0.
  0.        ]
Current x array =  [-0.65233851 -0.77669904 -0.52980535  0.41142468 -2.03143136 -0.22314355
  0.33647224 -1.40340382 -0.64631706 -1.68714791 -1.16328146 -1.298446
 -3.40504134 -0.58139601 -0.56313586 -1.57005208 -1.36422139 -4.41902967
 -0.67747177 -1.77956776 -1.19918713 -0.40885789 -0.50754872]
log likelihood =  -10536.1133368052
Edge derivatives =  [-0.0947543466924913, -0.061741359106674776, 0.12719483418827413, 0.023734176849614458, -0.19185770022209558, 0.23428118014721863, 0.030470806361545172, 0.03623484659047105, 0.10780502220641486, 0.009876589737381036, 0.080871339478804, -0.18786884378008895, -0.21713678647535045, 0.10320827628356993, -0.08501578608497562, 0.013803087709837847]
other derivatives: [ 0.2413617   0.10292024 -0.16567719 -0.16251579 -0.04092707  0.
  0.        ]
Current x array =  [-0.65197996 -0.77697135 -0.52938081  0.41163896 -2.03107623 -0.22314355
  0.33647224 -1.40451473 -0.64604884 -1.68582513 -1.16261182 -1.29890807
 -3.40897802 -0.58118141 -0.56291168 -1.56978762 -1.36410499 -4.41266729
 -0.67807605 -1.78069177 -1.19861223 -0.4094202  -0.50794717]
log likelihood =  -10536.113030845318
Edge derivatives =  [-0.08886651503481446, -0.04545118611288146, 0.11687007939390659, 0.0011355042102051127, -0.17160880007560197, 0.23807697872300881, -0.029296953428431444, -0.024770846529028778, 0.10255205188858553, -0.005197164688197753, 0.07829044447702524, -0.16028319269403749, -0.20074222257739893, 0.10244429481189937, -0.043702928840285704, 0.06789918945987483]
other derivatives: [-0.07577182  0.08722964 -0.36059828 -0.16766717 -0.10118336  0.
  0.        ]
Current x array =  [-0.65189044 -0.77696033 -0.52932772  0.41169699 -2.03096961 -0.22314355
  0.33647224 -1.40467497 -0.64629379 -1.68558547 -1.16242557 -1.29917685
 -3.40991562 -0.58087528 -0.56262201 -1.56970849 -1.36391596 -4.40852937
 -0.67823039 -1.78102688 -1.19857171 -0.4096515  -0.50829064]
log likelihood =  -10536.112347760198
Edge derivatives =  [-0.08550659040072076, -0.002964127041164888, 0.10918930997400533, -0.02596818595203801, -0.1292414875673087, 0.23816732561741313, -0.13226375523836256, -0.12400809379025945, 0.08406894435713724, -0.03648092572085371, 0.07523996259708174, -0.09212046802928567, -0.1713682730383801, 0.11343757971971691, 0.04707573565538481, 0.17305611077466576]
other derivatives: [-0.45667548  0.04791946 -0.39847509 -0.15645674 -0.16295964  0.
  0.        ]
Current x array =  [-0.65177426 -0.77690936 -0.52936701  0.41168132 -2.03080749 -0.22314355
  0.33647224 -1.40467438 -0.64703905 -1.68554751 -1.16228558 -1.29988334
 -3.40931401 -0.58032296 -0.56212314 -1.56947555 -1.36355101 -4.4028563
 -0.67863909 -1.78161934 -1.1986491  -0.41017535 -0.50892172]
log likelihood =  -10536.111192595927
Edge derivatives =  [-0.07357964782168286, 0.08620004325738384, 0.11209549571310895, -0.03898979152850732, -0.019580664500074008, 0.22973360747932228, -0.22238353667318408, -0.20789138310577093, 0.05974730518792608, -0.06184091129919289, 0.07390876097602739, 0.0694058043032362, -0.10576178933181471, 0.13054789324862626, 0.20609400614981954, 0.29515829165682006]
other derivatives: [-0.11246084  0.05490983 -0.96390431  0.012893   -0.17247299  0.
  0.        ]
Current x array =  [-0.65187842 -0.77680899 -0.529221    0.41128621 -2.03070029 -0.22314355
  0.33647224 -1.40455138 -0.64833499 -1.68574888 -1.16224067 -1.30141286
 -3.40480546 -0.57980363 -0.5616708  -1.5689321  -1.36311294 -4.39828065
 -0.67962134 -1.78279917 -1.19863997 -0.41101694 -0.50948768]
log likelihood =  -10536.111129094868
Edge derivatives =  [-0.07072017299471314, 0.20453691591275808, 0.10613059021067586, -0.024640130710709113, 0.10857449008843667, 0.18639269184854293, -0.2806062116509899, -0.2134268600849603, -0.08591202242341418, -0.16235723431221072, 0.07142207750564109, 0.225827146907914, 0.03137568770869434, 0.2098463996893164, 0.337751086601485, 0.37721536722801896]
other derivatives: [-2.3105913  -0.22790482  1.55899761  0.07417657 -0.07175771  0.
  0.        ]
Current x array =  [-0.65114342 -0.77654737 -0.53043587  0.4107899  -2.03043308 -0.22314355
  0.33647224 -1.404191   -0.6512512  -1.68634391 -1.16299674 -1.30464228
 -3.39138437 -0.57953052 -0.56175174 -1.56714098 -1.36230484 -4.3956986
 -0.68084229 -1.78571993 -1.19950714 -0.41217637 -0.51023898]
log likelihood =  -10536.110242621195
Edge derivatives =  [-0.07211582478526421, 0.1464572557335056, 0.10908709244612352, -0.03163425182898841, 0.045746918769521416, 0.20783102599559902, -0.251927830795062, -0.21064784165118972, -0.014244103506186878, -0.11292919047154049, 0.07265009045591031, 0.149112307142892, -0.0359524950161883, 0.17087981113888034, 0.2732006524162658, 0.3368992291181321]
other derivatives: [-1.22968595 -0.08871575  0.32122625  0.04399772 -0.12101428  0.
  0.        ]
Current x array =  [-0.65150459 -0.77667593 -0.5298389   0.41103378 -2.03056439 -0.22314355
  0.33647224 -1.40436809 -0.64981821 -1.68605152 -1.16262521 -1.30305538
 -3.39797935 -0.57966472 -0.56171197 -1.56802112 -1.36270193 -4.39696739
 -0.68024233 -1.7842847  -1.19908102 -0.41160664 -0.5098698 ]
log likelihood =  -10536.109205395554
Edge derivatives =  [-0.06959951201093503, 0.19609774019959575, 0.13083674250489236, 0.006401145368120753, 0.11068777588956236, 0.18807256193372565, -0.19293437231876204, -0.14508743874323832, -0.03091012436141337, -0.10176688570161807, 0.07569183960842647, 0.22250346190170164, -0.00029558533383677865, 0.1822639154487649, 0.30502129404482603, 0.30329902015479426]
other derivatives: [-0.35394623 -0.01344051  0.12036435  0.14886064 -0.04658098  0.
  0.        ]
Current x array =  [-0.65175774 -0.77664014 -0.5297728   0.41073436 -2.03060238 -0.22314355
  0.33647224 -1.40398668 -0.65050834 -1.68663308 -1.16302132 -1.30401112
 -3.39114318 -0.57994245 -0.56200628 -1.56756643 -1.36272926 -4.40105557
 -0.68075423 -1.78487488 -1.19907063 -0.41178273 -0.50952284]
log likelihood =  -10536.10822787419
Edge derivatives =  [-0.07049893316648254, 0.2251259165480647, 0.15440666097045996, 0.06571802563012077, 0.15965221452570755, 0.15742248382204255, -0.054504627180029575, -0.005513839690559963, -0.05215371236574276, -0.07295344806052961, 0.07872795202774019, 0.2384005383210428, 0.029551008609735835, 0.17102388271459507, 0.23763960489812908, 0.15371704400161046]
other derivatives: [ 0.44770422 -0.07754352  0.1014414   0.20865627  0.06732046  0.
  0.        ]
Current x array =  [-0.65199456 -0.77654314 -0.52974828  0.41051854 -2.03073158 -0.22314355
  0.33647224 -1.40353693 -0.65095615 -1.68727522 -1.16362243 -1.30487118
 -3.38217191 -0.58066655 -0.56269225 -1.56705239 -1.36299298 -4.40842071
 -0.68100267 -1.78542996 -1.1988904  -0.41149988 -0.50856863]
log likelihood =  -10536.107459195002
Edge derivatives =  [-0.058490489675806195, 0.2355241732614023, 0.14935742586340706, 0.08004505039107895, 0.18927749167086616, 0.138924867560753, 0.01184596377192329, 0.05480604453139348, -0.06474061967696967, -0.05664103673183474, 0.07494760108884913, 0.19926535505597545, 0.06363576039002217, 0.1367248038584007, 0.14074106200429481, 0.03874723772656896]
other derivatives: [0.76252218 0.06154733 0.17658385 0.13976933 0.06978221 0.
 0.        ]
Current x array =  [-0.65208353 -0.7766409  -0.52974759  0.41068404 -2.03074941 -0.22314355
  0.33647224 -1.40361253 -0.65106121 -1.68706121 -1.16375914 -1.30539021
 -3.37785467 -0.58103672 -0.56298716 -1.5666964  -1.36312351 -4.40774774
 -0.68085817 -1.7861371  -1.19846697 -0.41107415 -0.50797365]
log likelihood =  -10536.106668884475
Edge derivatives =  [-0.05939290833790967, 0.23918020850505312, 0.11676785145139523, 0.08272296756191377, 0.19540075805489154, 0.07582661095669058, 0.0935922876783558, 0.08969811360981794, -0.10468881491827678, -0.039546586599896405, 0.05853578489140358, -0.04013018705579207, 0.11257152411765087, 0.022364611375671306, -0.19917336372218308, -0.24565691235681197]
other derivatives: [-0.14040961 -1.30970147 -0.66744178 -0.0023847   0.08348446  0.
  0.        ]
Current x array =  [-0.65191836 -0.77586304 -0.52934708  0.41109    -2.03102377 -0.22314355
  0.33647224 -1.40336803 -0.65141434 -1.68668301 -1.16406338 -1.30632546
 -3.36542926 -0.58154695 -0.56322294 -1.56608993 -1.36330666 -4.40122703
 -0.67980713 -1.78745967 -1.19738491 -0.40965839 -0.50673408]
log likelihood =  -10536.105519812168
Edge derivatives =  [-0.005521522993766487, 0.20743867632494944, 0.05417518001649496, 0.02384768506113269, 0.24767294563050313, 0.08402968897249521, 0.07824162803550201, 0.060619672592071516, -0.0922031920011602, -0.012709970779685387, 0.046510457467294805, -0.02215592864516817, 0.17873950318180962, -0.10427824065072955, -0.2269627266439609, -0.28121431294226373]
other derivatives: [ 0.47522735  0.04430149  0.09706127 -0.15984369 -0.02994429  0.
  0.        ]
Current x array =  [-0.65203653 -0.77679754 -0.52959407  0.41152089 -2.0309139  -0.22314355
  0.33647224 -1.40484862 -0.65050676 -1.68447327 -1.16319328 -1.30656933
 -3.36844681 -0.58151794 -0.56299001 -1.56584939 -1.36343307 -4.3884204
 -0.67985647 -1.78890776 -1.19592979 -0.40953145 -0.506628  ]
log likelihood =  -10536.105042026187
Edge derivatives =  [-0.012082547040357272, 0.19960675019201196, 0.04790037218980148, 0.00410123123683287, 0.22250518684213327, 0.08774995708909208, 0.014419164718079969, -0.006146852227165822, -0.07923446352522184, -0.022279750886317062, 0.04466895244596408, -0.03420941987557076, 0.16078780116975713, -0.09904908586671696, -0.18733635484362665, -0.19545373158413604]
other derivatives: [ 0.06723167  0.08813913 -0.05692345 -0.10315307 -0.0400046   0.
  0.        ]
Current x array =  [-0.65192212 -0.77685178 -0.5295489   0.41141925 -2.03098634 -0.22314355
  0.33647224 -1.40478043 -0.65038156 -1.68440786 -1.16303674 -1.30619612
 -3.36986694 -0.58115186 -0.56261694 -1.56611942 -1.36332868 -4.38473698
 -0.67974434 -1.78853188 -1.19600617 -0.40971515 -0.50710852]
log likelihood =  -10536.10414026727
Edge derivatives =  [-0.03373537601237814, 0.15885664990127696, 0.010930580631563963, -0.057933783564481395, 0.13306982794946176, 0.07760543544419671, -0.15268022975804374, -0.1898560284968966, -0.05211684958403347, -0.045729882123397236, 0.032258732417282075, -0.1400699515869706, 0.11877670677593985, -0.12628508766468755, -0.15097514490801478, 0.0019055375707177635]
other derivatives: [-0.28369504 -0.17048296  0.00108048 -0.06110349 -0.00809607  0.
  0.        ]
Current x array =  [-0.65184521 -0.77676379 -0.52956263  0.41128943 -2.03129204 -0.22314355
  0.33647224 -1.40457619 -0.64990191 -1.68390022 -1.16260168 -1.30520387
 -3.36996077 -0.58018265 -0.5615416  -1.56680388 -1.3630835  -4.36957903
 -0.67910292 -1.78777545 -1.19586839 -0.40996799 -0.50831997]
log likelihood =  -10536.103985360707
Edge derivatives =  [-0.051530464037630314, 0.1292520383479867, -0.002421588010152076, -0.039286639963730025, 0.10281965955677586, 0.03170842329004818, -0.10814182300580827, -0.14859618461772178, -0.015902451160075687, -0.016125890082301364, 0.024510618084150507, -0.15520859073361679, 0.10766887346913342, -0.1121972688420424, -0.06054714420752294, 0.10165639767003398]
other derivatives: [-1.84180681  0.68103327 -1.3124336   0.3205223   0.00934634  0.
  0.        ]
Current x array =  [-0.65140053 -0.77739565 -0.52909649  0.41063498 -2.03164293 -0.22314355
  0.33647224 -1.404108   -0.64917828 -1.68382744 -1.1628649  -1.30463482
 -3.35953278 -0.58039507 -0.56170535 -1.56715719 -1.36328279 -4.36075862
 -0.67925896 -1.78727726 -1.19583023 -0.4105585  -0.50864957]
log likelihood =  -10536.10311022732
Edge derivatives =  [-0.06137708110532952, 0.09740859091139775, -0.011637540623346265, -0.04726154657931905, 0.06014412389164514, 0.03314064210439853, -0.1173202173684236, -0.15593391157899217, -0.0200564479921308, -0.022725647735383325, 0.022744665281007395, -0.19289778960362336, 0.08691899594464958, -0.12469350180556266, -0.08968455920969043, 0.09801782703933726]
other derivatives: [-0.77643199  0.19351501 -0.38699363  0.16585182  0.08114736  0.
  0.        ]
Current x array =  [-0.65171097 -0.77706267 -0.52941007  0.41080476 -2.03166325 -0.22314355
  0.33647224 -1.40412853 -0.64893082 -1.68372493 -1.16280929 -1.30426631
 -3.36055386 -0.58033368 -0.56163555 -1.56731588 -1.36329289 -4.35951374
 -0.67903611 -1.7869987  -1.19586824 -0.41045743 -0.50871766]
log likelihood =  -10536.102699554463
Edge derivatives =  [-0.07456102910226739, 0.05953694602690818, -0.018648711664390305, -0.033836861870138346, 0.02502376964533104, 0.019199801203547584, -0.07135812065426189, -0.1033079775697312, -0.017728675257814464, -0.013401531348010698, 0.020945704693517156, -0.19908633748393442, 0.06999316539591471, -0.12230543688741424, -0.08051105393171798, 0.09154673309519912]
other derivatives: [-0.05427864  0.04214598  0.10883014  0.12715464  0.14737064  0.
  0.        ]
Current x array =  [-0.65191859 -0.77694955 -0.52957304  0.41078377 -2.03169996 -0.22314355
  0.33647224 -1.40404096 -0.64848319 -1.6837068  -1.16295805 -1.30389134
 -3.35744402 -0.58058156 -0.56189487 -1.56746237 -1.36343456 -4.35820268
 -0.67911652 -1.78667694 -1.1959707  -0.41060539 -0.5086522 ]
log likelihood =  -10536.102455703221
Edge derivatives =  [-0.08706477254646086, 0.020254829304255706, -0.026646481626559942, -0.01729038194805485, -0.003157854619065814, 0.002386348430243962, -0.016388605084881824, -0.04040498861971109, -0.010935586439054693, 0.0007884262352688687, 0.01882993512608241, -0.1810753115005113, 0.054986287063018335, -0.11091882364439809, -0.046375392034691654, 0.09099646725509003]
other derivatives: [0.31208401 0.06031041 0.24702058 0.13173849 0.16890475 0.
 0.        ]
Current x array =  [-0.65202389 -0.77695259 -0.5296095   0.41074123 -2.03167545 -0.22314355
  0.33647224 -1.4039964  -0.64793715 -1.68365741 -1.16313143 -1.30350164
 -3.35344827 -0.58089837 -0.56223923 -1.56762474 -1.36360447 -4.35625301
 -0.67938962 -1.78633617 -1.19611517 -0.41090337 -0.50857541]
log likelihood =  -10536.102198103708
Edge derivatives =  [-0.09532899247022722, -0.023002133176762807, -0.03934754700558529, -0.011420076888910918, -0.02434563312132032, -0.0056886522909353684, 0.0138229879791201, -0.0012974142722360638, -0.0041480147459315025, 0.01082028082378761, 0.016218815826198565, -0.12225735147959618, 0.0374270733837668, -0.09134287261725099, 0.004072292011582324, 0.08645810542673482]
other derivatives: [0.32231401 0.06217124 0.19959043 0.07771087 0.09116278 0.
 0.        ]
Current x array =  [-0.65202774 -0.77695068 -0.52958213  0.41090941 -2.03143565 -0.22314355
  0.33647224 -1.4042243  -0.64731954 -1.68347755 -1.16319217 -1.30308251
 -3.35131755 -0.58112945 -0.5625305  -1.5678311  -1.36373488 -4.35337781
 -0.67994001 -1.78595795 -1.19635211 -0.41132187 -0.5084979 ]
log likelihood =  -10536.101911222868
Edge derivatives =  [-0.06372693956781594, -0.04762547101104864, -0.04579053274604644, -0.009557275908530616, -0.030131206473711147, 0.0006743024885492305, -0.009102712226567555, -0.008721731195610039, 2.732246902310831e-05, 0.009561445279466452, 0.010686522387372076, 0.01605341493713028, 0.010534935260065575, -0.02191712990947242, 0.012996278446550047, 0.02441858032936417]
other derivatives: [-0.04357207 -0.06930532  0.31935633 -0.09209543  0.03929555  0.
  0.        ]
Current x array =  [-0.65191337 -0.77687066 -0.52962674  0.41132617 -2.03120324 -0.22314355
  0.33647224 -1.40536884 -0.64688023 -1.68335109 -1.16313632 -1.30269275
 -3.35212728 -0.58103911 -0.56257933 -1.56816452 -1.36370257 -4.34779841
 -0.68100755 -1.78532157 -1.19709702 -0.4115945  -0.50811328]
log likelihood =  -10536.102137761203
Edge derivatives =  [-0.024779436929985688, -0.020459727995810084, -0.03806794615480916, -0.009494557059172709, -0.011529102476838249, 0.005775319256469354, -0.060310534950818645, -0.05542555078173783, 0.02851488005357905, 0.015031846730213405, 0.005282137113298654, 0.09040588425726752, 0.0013076016444393823, 0.0470090532286529, 0.04426692353228168, 0.04488987867194427]
other derivatives: [ 0.75250682  0.10605254 -0.91555194 -0.04124377 -0.06681279  0.
  0.        ]
Current x array =  [-0.65217482 -0.7769329  -0.52912885  0.4113574  -2.031052   -0.22314355
  0.33647224 -1.4061518  -0.64677328 -1.68334787 -1.16302985 -1.30243193
 -3.35273185 -0.58072816 -0.56233267 -1.56848047 -1.36356345 -4.34123562
 -0.68151351 -1.78479778 -1.19758659 -0.41176314 -0.5080795 ]
log likelihood =  -10536.101871236233
Edge derivatives =  [-0.05284397847723066, -0.04003776632833711, -0.0436309462129183, -0.0095345433761308, -0.024934345183833306, 0.0021000426078056633, -0.023391437714163826, -0.021752698392884684, 0.007985145625989357, 0.01109057946217118, 0.009186136509143919, 0.036826213703054694, 0.007962321766273678, -0.002665402390549243, 0.021740635309642764, 0.03014823180794779]
other derivatives: [ 0.17876664 -0.02032175 -0.02520028 -0.07790368  0.00968797  0.
  0.        ]
Current x array =  [-0.65198637 -0.77688804 -0.52948773  0.41133489 -2.03116101 -0.22314355
  0.33647224 -1.40558745 -0.64685037 -1.68335019 -1.1631066  -1.30261993
 -3.35229608 -0.58095229 -0.56251046 -1.56825274 -1.36366373 -4.34596606
 -0.68114882 -1.78517532 -1.19723371 -0.41164159 -0.50810385]
log likelihood =  -10536.101844225701
Edge derivatives =  [-0.042838111942139684, -0.033985582845848405, -0.04259486881534688, -0.009783320339699558, -0.021538704756368876, 0.001747112509833934, -0.033186756541507406, -0.031096658557375423, 0.00813370142206099, 0.00901855059831791, 0.007682047180574761, 0.04395938367363657, 0.007002439829270318, 0.0052717652680429605, 0.010231877493744879, 0.018675076946681912]
other derivatives: [ 0.00829459  0.00153523 -0.05704715 -0.06066512  0.01070876  0.
  0.        ]
Current x array =  [-0.65193648 -0.77690733 -0.52948237  0.41130213 -2.03118491 -0.22314355
  0.33647224 -1.40578283 -0.64690336 -1.683371   -1.16309434 -1.30264535
 -3.35221495 -0.58089204 -0.56245597 -1.56827841 -1.36362537 -4.34466431
 -0.68121471 -1.78513269 -1.1973083  -0.41160923 -0.50804519]
log likelihood =  -10536.101818111594
Edge derivatives =  [-0.027391569565634377, -0.022376388454963814, -0.03898267564019259, -0.0072431867538637895, -0.016130727445508475, -0.00017910817767459453, -0.038548109255457846, -0.036170313080309935, 0.006838018326768558, 0.006075273249712465, 0.005678551282810279, 0.04098134162887239, 0.006669142336801243, 0.013175002088392895, -0.013725277434832428, -0.004744149905899331]
other derivatives: [-0.12482633  0.01228182 -0.08299685 -0.01810076  0.01595088  0.
  0.        ]
Current x array =  [-0.65189908 -0.77691527 -0.52948164  0.4112023  -2.03122615 -0.22314355
  0.33647224 -1.40604627 -0.64702676 -1.68345244 -1.16310422 -1.30272484
 -3.35180396 -0.58085335 -0.5624174  -1.56828554 -1.36357381 -4.34319648
 -0.68122783 -1.78509931 -1.19738525 -0.41152262 -0.50793087]
log likelihood =  -10536.10179942776
Edge derivatives =  [-0.015063918793256886, -0.014294513783118634, -0.03472213130198237, -0.003750974273237395, -0.014227874864916057, -0.0021650711447397247, -0.035642188552095055, -0.032443751994286674, 0.005597177428193947, 0.0031120059990668025, 0.004147176952008634, 0.029452245984320953, 0.004197277257456333, 0.01653330588735652, -0.026975730813305843, -0.01998372770140011]
other derivatives: [-0.10988151  0.02811248 -0.05274887  0.01491753  0.01023036  0.
  0.        ]
Current x array =  [-0.65190358 -0.77691952 -0.52949973  0.41111767 -2.03122263 -0.22314355
  0.33647224 -1.40625865 -0.64711567 -1.68355621 -1.16312212 -1.30277225
 -3.35140036 -0.58087118 -0.56243173 -1.56829691 -1.36353509 -4.34204417
 -0.68118604 -1.78504097 -1.19743165 -0.41148817 -0.50786659]
      fun: 10536.10179942776
 hess_inv: <23x23 LbfgsInvHessProduct with dtype=float64>
      jac: array([ 0.10988151, -0.02811248,  0.05274887, -0.01491753, -0.01023036,
       -0.        , -0.        ,  0.01506392,  0.01429451,  0.03472213,
        0.00375097,  0.01422787,  0.00216507,  0.03564219,  0.03244375,
       -0.00559718, -0.00311201, -0.00414718, -0.02945225, -0.00419728,
       -0.01653331,  0.02697573,  0.01998373])
  message: 'CONVERGENCE: REL_REDUCTION_OF_F_<=_FACTR*EPSMCH'
     nfev: 88
      nit: 80
     njev: 88
   status: 0
  success: True
        x: array([-0.65190358, -0.77691952, -0.52949973,  0.41111767, -2.03122263,
       -0.22314355,  0.33647224, -1.40625865, -0.64711567, -1.68355621,
       -1.16312212, -1.30277225, -3.35140036, -0.58087118, -0.56243173,
       -1.56829691, -1.36353509, -4.34204417, -0.68118604, -1.78504097,
       -1.19743165, -0.41148817, -0.50786659])
