number of sites to be analyzed:  984
log likelihood =  -28663.640022300537
Edge derivatives =  [219.17218270774012, 53.705406590068584, 58.58505619891976, 111.55777979826635, -133.44736319326117, -99.75501017328065, 318.39725209503706, 466.19877294124433, 85.80499455880387, 130.78742070197697, -115.84405796804462, -0.2410875938245905, 51.20068607597165, 26.76489598378553, 138.59377486958252, 119.79638401263031]
other derivatives: [ -321.65298762   416.11820052  -454.73134378   601.53943195
 -1697.94075191   -94.82100722  -376.89496821]
Current x array =  [-0.6760183  -0.76412218 -0.63522304  0.18232156 -0.10536052  0.
  0.33647224 -2.30258509 -2.30258509 -2.30258509 -2.30258509 -2.30258509
 -2.30258509 -2.30258509 -2.30258509 -2.30258509 -2.30258509 -2.30258509
 -2.30258509 -2.30258509 -2.30258509 -2.30258509 -2.30258509]
log likelihood =  -27393.678088227352
Edge derivatives =  [195.3246532771869, 60.736445251752365, 83.8592804715197, 141.14973829049228, -88.44902457063698, -56.62965141675929, 344.95359668512236, 482.9508351121, 110.95385168166705, 150.92199647749845, -76.06955945963486, 33.74287687731634, 74.49189214887468, 34.81233082756645, 161.02196876319687, 147.4388657541532]
other derivatives: [ 826.716132    411.97563405  159.99466996  406.25200199 -855.00614659
  -96.95613699 -218.58468244]
Current x array =  [-0.85074503 -0.76373426 -0.88223993  0.18765467 -1.02770743 -0.05150819
  0.13173723 -2.29916143 -2.27341151 -2.29916143 -2.29916143 -2.3750757
 -2.35677351 -2.29916143 -2.29916143 -2.29916143 -2.29916143 -2.36551332
 -2.30271606 -2.29916143 -2.29916143 -2.29916143 -2.29916143]
log likelihood =  -27190.360574228922
Edge derivatives =  [154.25683907082237, 53.09457419365105, 86.092611929623, 130.02791908609157, -65.696475407598, -31.465209852116363, 315.522153777305, 447.4097137065058, 110.01024792855826, 146.93036845074428, -49.69010617558764, 57.81251074640205, 77.06935425839363, 35.21652589263709, 149.48868098939735, 149.2397630743582]
other derivatives: [-4651.83329652  -167.33320081   353.57079469  -111.74051906
   380.02690417  -102.67140169   -83.78156053]
Current x array =  [-0.36640595 -0.57017091 -0.94904482  0.33243804 -2.35920945 -0.16252611
 -0.18527287 -2.20930574 -2.20619517 -2.24841215 -2.22022357 -2.49555537
 -2.43976623 -2.12497901 -2.0626082  -2.23567381 -2.21820432 -2.46956985
 -2.27767609 -2.25337057 -2.2762465  -2.21281558 -2.21779218]
log likelihood =  -26786.52710865356
Edge derivatives =  [177.53672877624447, 60.96274955713139, 90.49126847212017, 142.44412105754208, -71.81107459946068, -39.75938795782513, 336.4464829295021, 472.2604149600732, 115.76122099225124, 153.13157434207383, -59.081198915208994, 47.94305138495712, 79.87247561991563, 37.10833805763636, 161.02992004631253, 152.5550573066351]
other derivatives: [-293.25601645  180.89303921  226.90328478  237.52472771 -279.0166036
 -102.58627299 -157.22835087]
Current x array =  [-0.63527071 -0.67762118 -0.9119603   0.25206635 -1.6200703  -0.1008982
 -0.00929523 -2.25918615 -2.24350809 -2.27658393 -2.26404331 -2.42867508
 -2.39369558 -2.2216706  -2.19392287 -2.27091686 -2.26314498 -2.41180632
 -2.2915762  -2.27878985 -2.28896696 -2.26074761 -2.26296162]
log likelihood =  -26419.478979497493
Edge derivatives =  [162.53562374138554, 61.35829166630463, 92.22226586085604, 129.63273861369677, -54.70604507842473, -25.60695262129835, 295.8577608343972, 434.93451500324824, 115.01675533872381, 154.62616526543573, -41.69204271496227, 58.83876506416936, 80.84347768670276, 38.882418659838685, 155.830920276034, 147.52986942659533]
other derivatives: [ 159.45770429 -219.99185265  122.43435776   36.53876774  208.39142962
 -114.95612853 -129.88639355]
Current x array =  [-0.6789418  -0.57161572 -0.8073493   0.36102432 -2.09414006 -0.18298005
 -0.17097253 -2.16136821 -2.19444367 -2.22044677 -2.1779934  -2.49657862
 -2.43527084 -2.02712608 -1.92472362 -2.20059357 -2.17259681 -2.4688716
 -2.2597814  -2.2288867  -2.26534257 -2.16536642 -2.17163113]
log likelihood =  -25947.301887253263
Edge derivatives =  [145.32826537535584, 63.30203057753412, 87.20316958615635, 94.78964942018673, -37.240473773013036, -12.769928956832297, 192.28772912968384, 310.7422068709379, 107.58188340646983, 146.221942293193, -23.783915425486608, 68.50540219758099, 75.89347995689323, 40.73614352707989, 133.85437731771316, 124.58978363779909]
other derivatives: [-477.02269512 -134.19885363  -30.38876457 -109.79092622  443.53291742
 -146.26129996 -114.41661627]
Current x array =  [-0.61334812 -0.64367893 -0.67628821  0.52037753 -2.40498212 -0.34355757
 -0.42489051 -1.93960832 -2.10483699 -2.1000871  -2.00127005 -2.60106786
 -2.49438232 -1.61932896 -1.33698051 -2.04913064 -1.97034689 -2.55347317
 -2.18915371 -2.12291455 -2.21443213 -1.95808718 -1.97569648]
log likelihood =  -25393.478931827023
Edge derivatives =  [95.5015660707898, 53.193270044154495, 48.485455640256276, 9.28495977303952, -21.071584257168176, -5.989240499145081, -39.90983074149032, -112.78967683399615, 74.11450470848843, 91.91374275720895, -11.649556084147642, 64.21792589128063, 51.95976462513769, 36.50354799940591, 58.32989113760255, 47.15081616770549]
other derivatives: [ 116.03078747 -311.24000088 -401.88861021 -199.69920686  374.14502003
 -219.75320124  -97.85762813]
Current x array =  [-0.72411132 -0.70947636 -0.48302619  0.7527903  -2.52616804 -0.72991936
 -0.91936361 -1.43617393 -1.90768397 -1.82798571 -1.63192861 -2.7933025
 -2.59533976 -0.78751333 -0.10454299 -1.70659845 -1.50824321 -2.70327916
 -2.01642427 -1.88415769 -2.09535026 -1.50025001 -1.54742184]
log likelihood =  -25389.00737249435
Edge derivatives =  [4.711795911326446, 19.829064056239872, 1.4527600456716125, -30.32954689889946, -27.45912644174248, -14.206065513229328, -123.59141367874523, -222.7491796012899, 27.474771176255008, 6.104805090518294, -19.590563220971895, 50.6965967880647, 17.461843610750858, 25.615862224769124, -9.725205089985284, -6.631570808776339]
other derivatives: [ 161.07733245  150.26671463 1183.63459478 -207.74168661  203.8126695
 -141.28090697  -56.51381798]
Current x array =  [-0.69404247 -0.89032685 -0.81465535  0.71247241 -2.4216438  -1.08928355
 -1.17822216 -1.18081956 -1.79255181 -1.69956776 -1.51300345 -2.88062545
 -2.63818997 -0.58579847  0.09912841 -1.52605341 -1.27820805 -2.76889075
 -1.9007009  -1.75863645 -2.02130091 -1.30626825 -1.37429808]
log likelihood =  -25183.483224728156
Edge derivatives =  [42.034924062440616, 35.42635137821973, 22.799643117450135, -9.111494434973263, -24.9062278409817, -10.463082941859383, -74.85652178297947, -140.03564011433997, 46.91128814192173, 43.515147081934856, -15.493875889066423, 54.55624542592902, 31.858625390434934, 30.649338626038826, 22.64804040494792, 19.02369424238048]
other derivatives: [ -94.65256881   82.78475434  330.79304558  -96.59161151   71.47536962
 -131.39906514  -77.70322554]
Current x array =  [-0.68242551 -0.84031703 -0.62609212  0.66263517 -2.24594942 -1.01416185
 -1.06939286 -1.26708313 -1.83208239 -1.74823339 -1.57845015 -2.83970908
 -2.61497937 -0.73083718 -0.10428556 -1.58528216 -1.35931738 -2.73573059
 -1.92846754 -1.80078283 -2.04097692 -1.3859569  -1.44832878]
log likelihood =  -25134.28191039856
Edge derivatives =  [36.34876521991042, 36.86192719122529, 21.657160509204687, -6.939887895714471, -24.074345034222738, -10.860783408094292, -70.28837618114582, -112.67439791709012, 42.30238811263194, 38.728734782224, -15.034274310045008, 48.91585241864285, 28.98057284999399, 29.641287896851544, 19.636208556274376, 15.132442306989914]
other derivatives: [ -75.93844202   69.282396    -93.69687177  -18.2652002   -51.13906809
 -102.60482668  -73.63923942]
Current x array =  [-0.69761763 -0.82638448 -0.54860774  0.61750344 -2.14117898 -1.10089762
 -1.10732325 -1.22906872 -1.81098329 -1.73081203 -1.57861091 -2.85015058
 -2.6181528  -0.76051428 -0.17192665 -1.55311367 -1.32486291 -2.74151014
 -1.89711758 -1.77907557 -2.02268815 -1.36506495 -1.43128243]
log likelihood =  -25093.450671716924
Edge derivatives =  [16.92032709786598, 32.78626088008208, 17.384547270393075, -2.680341443377875, -24.246191559170125, -11.610010947633643, -50.290143007682005, -48.41653451879424, 32.3886567313873, 24.838424851296438, -15.43118267023408, 42.244787757965035, 22.268416251672345, 27.077407065301433, 13.599458970047955, 11.175694259588404]
other derivatives: [ -23.47842383   37.75603545 -114.57923392   39.86242518  -93.77436072
  -66.58956409  -58.78355296]
Current x array =  [-0.7085554  -0.80826403 -0.54921389  0.55072757 -2.09487279 -1.2400608
 -1.18116366 -1.17943311 -1.77439579 -1.70627142 -1.58425234 -2.87272627
 -2.62790186 -0.82630021 -0.30754199 -1.50600406 -1.27779269 -2.75613069
 -1.84785838 -1.74684636 -1.99374092 -1.33995302 -1.41169071]
log likelihood =  -25040.30673493059
Edge derivatives =  [-23.85894423118043, 26.157939516843943, 6.85139899609504, -1.0690200082173824, -20.378404743825765, -11.663268928774755, -26.518638856004447, 6.544680621600378, 5.743656720299358, -12.457213661702387, -14.178764281056566, 19.158743860996722, 5.1494295985693475, 19.48579133293636, -9.849422713026678, -8.51538953357389]
other derivatives: [ 32.62757673 137.62946764 -59.30123734  56.55056157 -62.01989891
 -20.84743755 -28.10411388]
Current x array =  [-0.71732717 -0.86081704 -0.54282736  0.53342563 -2.18187838 -1.60741078
 -1.4631223  -1.02912348 -1.63771359 -1.60413782 -1.53869819 -2.98303247
 -2.68245202 -0.86561551 -0.34535369 -1.34150639 -1.11376365 -2.83280276
 -1.6824159  -1.63286571 -1.89028161 -1.21950471 -1.3040855 ]
log likelihood =  -25117.76255268327
Edge derivatives =  [-87.43149147124733, 3.17909953807206, -21.39376529247417, -15.232000851998098, -21.55164145427063, -15.660572995409328, -12.903892022512645, -3.369203031795604, -42.03147306800639, -59.64512098229414, -17.323080365298082, -26.72442422160364, -27.946724453829304, 1.3297339288422696, -41.124855181039564, -31.492815548576385]
other derivatives: [-376.14445318 -944.4065654   186.56792236  -48.74891602  -15.18637873
    3.76894604   -5.53554855]
Current x array =  [-0.68933961 -0.62247625 -0.57148263  0.60281244 -2.20271254 -1.92491364
 -1.72474421 -1.00141735 -1.46962845 -1.51314383 -1.51249746 -3.11230656
 -2.74857491 -0.9731813  -0.3522023  -1.21209725 -1.03715718 -2.92074325
 -1.50936773 -1.53935792 -1.76256483 -1.16576018 -1.25400445]
log likelihood =  -25030.33715303395
Edge derivatives =  [-38.64363602010968, 21.57222367612436, 1.18306355287203, -3.428091376148161, -20.402943610008702, -12.286986583513643, -21.02321973033127, 6.953574323073202, -4.417192741653707, -22.40666999721884, -14.660175402712031, 9.456659317737873, -1.9977217737413944, 15.507924554033652, -16.01479185519268, -12.772537458207951]
other derivatives: [-55.88372005 -70.60516509   1.93103915  30.27234925 -50.78254617
 -13.49617378 -21.37858246]
Current x array =  [-0.71006545 -0.79897656 -0.55026232  0.5514289  -2.18728406 -1.68979085
 -1.53100336 -1.02193478 -1.59410181 -1.5805283  -1.53190009 -3.01657424
 -2.69960842 -0.89352479 -0.34713065 -1.30792958 -1.09388715 -2.85562001
 -1.6375164  -1.60860395 -1.85714391 -1.20556002 -1.29109135]
log likelihood =  -25022.913037051647
Edge derivatives =  [-41.335789621329994, 21.97962986712944, 1.6015052327372648, 0.18256845489809687, -18.38114715285635, -11.373395304666374, -6.616281279001092, 24.298171598002334, -8.692792030368517, -23.533761085729527, -13.49267831481446, 1.5821541204413077, -4.792842386780629, 13.035318772766026, -15.601966692788018, -12.752546296079563]
other derivatives: [ 16.18354872 -38.97912393  29.63606676   2.59969966   9.80471668
  -6.62439561 -15.4501322 ]
Current x array =  [-0.7182374  -0.81440764 -0.54690887  0.57457105 -2.25312758 -1.78954781
 -1.62052069 -1.01158772 -1.54318343 -1.55296987 -1.52292346 -3.05991567
 -2.72248642 -0.92218236 -0.34514147 -1.26752603 -1.06743093 -2.88583311
 -1.58485687 -1.57974637 -1.81880729 -1.18606244 -1.27252019]
log likelihood =  -25017.66512045816
Edge derivatives =  [-41.688514905726194, 22.613618904737965, 0.7968542282189099, 0.8047526951817157, -16.502377479953264, -10.297580167786483, -1.1448800685583391, 18.399301642375807, -11.515713227880884, -20.05986716527635, -12.121171743667162, -4.907136676586491, -7.058545479030171, 10.280526693435087, -13.348915400099909, -11.318409840872496]
other derivatives: [-20.09146556 -17.35788828  16.71323844 -13.88943929  28.46027201
  -2.7801434  -10.89101715]
Current x array =  [-0.71248712 -0.82710748 -0.54128259  0.59608692 -2.28173437 -1.86739518
 -1.69869304 -1.03051919 -1.48773332 -1.52903159 -1.51234964 -3.10560234
 -2.74774211 -0.93854654 -0.31055091 -1.24231457 -1.06184248 -2.91818642
 -1.54528576 -1.5606814  -1.78042793 -1.17953639 -1.26508255]
log likelihood =  -25009.050922502563
Edge derivatives =  [-29.075125688484533, 24.7341361422943, 3.1584428455396414, 6.642546607684433, -11.184789575711209, -5.632992301256064, 22.329950981151114, 10.849034713548088, -7.60134189739936, 10.99408629554395, -7.341959087797203, -14.314909985750765, -6.567636593822005, 3.144379399424942, 10.127717439996731, 7.651604832925953]
other derivatives: [170.98827811 -17.87993824  -0.94041752 -57.79220373  73.71818356
   2.80670065  -2.61061359]
Current x array =  [-0.73896111 -0.82276195 -0.53307121  0.63907467 -2.3109646  -2.00845022
 -1.86003286 -1.19031437 -1.33046444 -1.49123441 -1.50777625 -3.22914207
 -2.81868657 -1.02334046 -0.25721703 -1.23077413 -1.11975696 -3.00559015
 -1.47745213 -1.54739319 -1.6810545  -1.22013029 -1.29751622]
log likelihood =  -25001.171502887628
Edge derivatives =  [-27.038685848943302, 21.241684611585168, 0.27373207611089756, 4.602265074664199, -9.07806259968965, -3.928293552053406, 23.078781134798376, -11.272062841724034, -9.468663886982377, 19.050745949674774, -5.201281454040209, -20.265693707138794, -8.81076514780707, -2.036531072606359, 14.73994549071307, 11.549909804553572]
other derivatives: [-30.20541044  15.41848178 -21.57903509 -40.81593943  38.87435014
   5.61994966   0.72395778]
Current x array =  [-0.70975143 -0.83894579 -0.53373632  0.63351719 -2.29064132 -2.09345688
 -1.95386488 -1.27849922 -1.23254071 -1.46557705 -1.49642602 -3.3023525
 -2.86036963 -1.04342058 -0.2142886  -1.22324379 -1.1375181  -3.05761093
 -1.44779282 -1.5399786  -1.62568383 -1.22956043 -1.30448735]
log likelihood =  -24997.44945947345
Edge derivatives =  [-24.50664727088661, 18.096383413585407, -1.0488762765646287, 2.886987666466248, -8.318007791381888, -2.936338983403844, 22.384731381966763, -19.97490056170326, -7.77518729778253, 23.499232183818442, -4.171782889735584, -18.621178930336608, -8.213820352209394, -3.9225542076090703, 17.847289897478092, 14.540955959767011]
other derivatives: [-48.74309525  16.6688551  -12.65580067 -17.38226274   2.77832441
   5.86151145   1.6822014 ]
Current x array =  [-0.70793301 -0.83512387 -0.53931087  0.61142045 -2.25220499 -2.10649023
 -1.97358555 -1.34318775 -1.18981412 -1.46283285 -1.49623865 -3.33050707
 -2.8766917  -1.05073046 -0.21380004 -1.23736025 -1.15505767 -3.07733503
 -1.45435248 -1.54947196 -1.60825443 -1.24188037 -1.31571328]
log likelihood =  -24991.868595920132
Edge derivatives =  [-17.228239460058973, 11.638958015613031, -1.7003941592247636, -0.4522373654147964, -6.9440328623836, -1.3975600141737001, 17.107066636597494, -22.66568934759038, -2.7566199067133454, 22.644939304758484, -2.7145744404729237, -12.031056737823594, -5.010709527036904, -6.066912253215594, 16.1238566722502, 13.507286497792562]
other derivatives: [-38.0750862    3.23561835 -18.42199708  13.61804607 -22.02141332
   5.50280674   1.5614205 ]
Current x array =  [-0.71094637 -0.826226   -0.54181655  0.57866699 -2.22612158 -2.12942503
 -2.01242156 -1.46217851 -1.10311906 -1.45656282 -1.49028814 -3.38675327
 -2.90687023 -1.03302137 -0.22396191 -1.26051727 -1.15083802 -3.1150079
 -1.4769403  -1.56819384 -1.58323978 -1.23595154 -1.31165298]
log likelihood =  -24986.53742813564
Edge derivatives =  [-7.402903541600154, -2.8648283390037896, -2.139812170183917, -5.844167095198147, -5.299479699655194, 0.026757220301658835, 4.547806905224297, -14.75650326454327, 1.6793247319657612, 6.949210595057517, -1.5677644682801444, -3.4279473147308197, -1.2083865635692028, -8.56820086850827, 3.578158790458098, 3.3840795700954027]
other derivatives: [  3.14721547   2.27519195  49.65258995  13.7501047  -32.35109034
   5.03932824  -0.16952981]
Current x array =  [-0.71685896 -0.82560262 -0.55123109  0.57589386 -2.21411132 -2.1766659
 -2.08698166 -1.63082105 -0.9619926  -1.44072154 -1.47913673 -3.48282834
 -2.95336338 -0.97927133 -0.24885975 -1.27633768 -1.0989189  -3.17603659
 -1.50604657 -1.58778111 -1.5531788  -1.19478796 -1.27701719]
log likelihood =  -24991.071294466226
Edge derivatives =  [2.791271164150368, -4.60812725147663, 3.499477159470864, -5.161995875826363, -4.023891548646171, 0.9545466767403331, -2.0885578243675433, 14.246486374023174, 8.399427850240572, -2.0213692356450523, -0.7415619305868097, 4.86520245403212, 4.636088154953816, -6.730536171819018, -3.721918506957274, -3.6695354060330425]
other derivatives: [ -35.90903361  -36.28592822 -269.86599551   27.64754754  -25.93151294
    4.26225597   -2.00307113]
Current x array =  [-0.71684485 -0.81432409 -0.50316332  0.57471352 -2.22816607 -2.18196295
 -2.11375104 -1.73256553 -0.8937208  -1.43916272 -1.48290803 -3.5352867
 -2.97432096 -0.93939884 -0.30038408 -1.28793575 -1.05471052 -3.20598489
 -1.53744551 -1.60474197 -1.55619698 -1.16411495 -1.25153746]
log likelihood =  -24985.800125934955
Edge derivatives =  [-4.4290020046743175, -3.2352192205676973, -0.5583854850790518, -5.624072382192284, -4.932513129119073, 0.3025750023908229, 2.9052800396536322, -6.574534150942222, 3.5828354982226447, 4.613125090653153, -1.3197681919164737, -1.053957568923138, 0.44559885505624613, -8.033938810639812, 1.683760598060119, 1.5469992851940368]
other derivatives: [ -7.28941814  -7.94279913 -32.19356586  17.4572051  -30.2981789
   4.80067683  -0.70722308]
Current x array =  [-0.7168551  -0.82252155 -0.53809992  0.57557142 -2.2179508  -2.17811295
 -2.09429453 -1.65861566 -0.94334208 -1.4402957  -1.48016698 -3.49715894
 -2.95908859 -0.96837894 -0.26293519 -1.27950604 -1.08684203 -3.18421788
 -1.51462415 -1.59241449 -1.55400331 -1.18640869 -1.27005663]
log likelihood =  -24985.05497286468
Edge derivatives =  [-2.5163094350076483, -2.776750076358659, 0.7289092810396813, -5.300471619242052, -4.936555353446984, 0.2559543847205445, 0.5349566968710365, 0.21872126173371034, 4.790685768725408, -0.02376328465944033, -1.4944245604686868, 1.5888926246942057, 1.748701289662428, -6.762722688160102, -1.41701635883898, -0.9914447010574748]
other derivatives: [  7.1933755   -0.21827873  -7.68741302   3.95011739 -11.98422979
   3.95521056  -1.65746314]
Current x array =  [-0.71782847 -0.82612372 -0.54030913  0.58641493 -2.23321814 -2.16716
 -2.09017974 -1.66940678 -0.94033242 -1.4423489  -1.48173257 -3.50106242
 -2.95874809 -0.95200505 -0.27205437 -1.28098581 -1.07174368 -3.18497955
 -1.52444971 -1.59609694 -1.5627557  -1.17584091 -1.2610447 ]
log likelihood =  -24984.85455956201
Edge derivatives =  [-1.3113216843972333, -2.279912453731596, 1.4947678462574119, -4.474628618134945, -4.819223057949493, 0.31887641068708616, 0.8588878405684726, 2.605831913572033, 4.818734711836062, -0.3005548016735078, -1.4253429815203804, 2.0473433215678947, 2.0448627241299917, -6.062373994895412, -1.222252719328448, -0.8355253797385211]
other derivatives: [ 1.33150024  1.05574145 -0.28594513 -2.58696673  0.75815478  3.57104
 -1.8542778 ]
Current x array =  [-0.716436   -0.82751476 -0.54080084  0.59147502 -2.24468387 -2.16304396
 -2.09246958 -1.67676417 -0.93885677 -1.44198853 -1.48557525 -3.50712168
 -2.95957874 -0.94891327 -0.27297958 -1.27837041 -1.06913525 -3.18745528
 -1.52503656 -1.59590278 -1.5679364  -1.17492628 -1.26006089]
log likelihood =  -24984.699770485357
Edge derivatives =  [-0.3981085297668816, -1.5867282663251587, 1.859134625336545, -3.7914032284525874, -4.715926199654484, 0.3392445915078362, 0.48651510313249285, 2.5873209042146623, 4.009429829708191, -0.666086462805285, -1.3617302326864094, 2.1296052542876884, 1.8814033654841422, -5.090274118858337, -0.9996043254915145, -0.6979528748914551]
other derivatives: [ 1.58615876  4.72609827  1.40171323 -3.96321411  6.17656042  3.06754373
 -1.98706402]
Current x array =  [-0.71621056 -0.8290295  -0.54078824  0.59226858 -2.25033836 -2.156738
 -2.09476973 -1.68242161 -0.94004917 -1.44063076 -1.49146354 -3.51471493
 -2.95966366 -0.94474592 -0.27122793 -1.27303008 -1.06699749 -3.19000431
 -1.52451071 -1.59435688 -1.57669869 -1.17468731 -1.25955927]
log likelihood =  -24984.4866933122
Edge derivatives =  [2.010983413471614, -1.8390740729108506, 1.6368705340756942, -1.9816895439246602, -4.299721092693721, 0.43530840349133737, -0.5218779119914914, -0.38271431171341785, -0.37930915790703434, -1.4854071816383823, -1.0701691615430247, 0.9803482173470193, 0.2524425947991141, -2.2946702751613377, -0.002582487918945997, 0.20234994417975138]
other derivatives: [-22.20076567 -29.35703378  13.82395567  -8.40555003  17.19708962
   1.44609658  -1.90302671]
Current x array =  [-0.71335315 -0.81927255 -0.54271577  0.59356561 -2.25956135 -2.13791236
 -2.11206447 -1.71388716 -0.93622989 -1.4323024  -1.51638722 -3.55362939
 -2.96337709 -0.93611261 -0.26572446 -1.25295207 -1.06528446 -3.20515319
 -1.51874725 -1.5881328  -1.6069439  -1.17794102 -1.26128967]
log likelihood =  -24984.1739088572
Edge derivatives =  [3.0766165285903933, -0.16398432190735202, 1.9320026194204432, -1.0087865030554004, -4.110664600711877, 0.47702632656920396, -1.3450089572653854, -1.5346155325624864, -1.831982768425774, -1.3748245678693802, -0.9356400416378535, 0.8764813670636905, -0.10329725594506092, -0.654248556027057, 0.5520637855472834, 0.4581049976320397]
other derivatives: [-2.4720066   0.91167749  4.03670128 -2.85872375 12.29927875  0.7035851
 -1.98197085]
Current x array =  [-0.71563831 -0.82793519 -0.54129842  0.5898183  -2.25721298 -2.12698281
 -2.1152133  -1.718337   -0.94109693 -1.42918215 -1.52672912 -3.56619793
 -2.96240161 -0.9301193  -0.26294689 -1.24416162 -1.06346122 -3.20866195
 -1.51705351 -1.58504105 -1.62258139 -1.17811998 -1.26096362]
log likelihood =  -24984.069876421047
Edge derivatives =  [3.0961395151990105, -0.3103695386584753, 1.4783234949198663, -0.8620227064656301, -4.007364152694274, 0.5059099670136433, -1.5946104843733342, -2.8065028245524006, -2.680294376069676, -1.098220197542565, -0.8602806628559966, 0.3819639826484915, -0.5165277051810568, -0.21976672197628677, 0.710067729088157, 0.5621719460239871]
other derivatives: [ 0.38671715  3.8111466  -0.39144652  0.85128704  4.82541509  0.56425051
 -1.80480129]
Current x array =  [-0.71625559 -0.82819277 -0.5410737   0.58714654 -2.25030875 -2.12438712
 -2.11939146 -1.72201933 -0.94069103 -1.42662218 -1.53164303 -3.57495384
 -2.96288425 -0.92996211 -0.26278639 -1.24128892 -1.06469875 -3.21182659
 -1.5152328  -1.58377255 -1.62790188 -1.17910804 -1.26165115]
log likelihood =  -24983.98539959018
Edge derivatives =  [3.0979564674932876, -0.5441848435672729, 0.8102739720189626, -0.29767021083223655, -3.7938570315928133, 0.5781405931242605, -1.026390742468942, -2.866934241617825, -3.4647399207348997, -0.16214976061371378, -0.7399884406684737, -0.42029950104975433, -0.9172582243111945, 0.4981984656791548, 1.1108422033496486, 0.8973993837940097]
other derivatives: [ 9.73523129  0.05529728 -2.60442903  1.75714376 -0.92877599  0.38307917
 -1.45628292]
Current x array =  [-0.71783862 -0.82604441 -0.54108617  0.58670019 -2.24328418 -2.11978119
 -2.12716787 -1.72685877 -0.94048211 -1.42223366 -1.5403377  -3.59120995
 -2.9634594  -0.93184836 -0.26510793 -1.23857454 -1.06769822 -3.21740182
 -1.51202716 -1.58226278 -1.63625561 -1.1808527  -1.26289446]
log likelihood =  -24983.972784052337
Edge derivatives =  [2.8763749249972825, -1.3573103565470443, -0.24947626012090507, -0.019936121869758905, -3.523877985449367, 0.6521014585151211, -1.0146714866354318, -2.093167531724991, -3.609236041946567, -0.059406850107591946, -0.6094348283601552, -0.999703494737494, -1.0671798421252097, 1.1697408981015982, 0.3076913815394402, 0.3239728984841955]
other derivatives: [-22.04214979   2.63280526  -3.3647666    4.10836947 -10.56796464
   0.28012437  -0.961154  ]
Current x array =  [-0.71345409 -0.8269254  -0.54210795  0.58613295 -2.23356407 -2.11538683
 -2.13798651 -1.73293733 -0.93744875 -1.41654061 -1.54915964 -3.61378535
 -2.96451984 -0.93246232 -0.2707139  -1.23953123 -1.06909414 -3.22521845
 -1.51031139 -1.5821773  -1.64402409 -1.18008117 -1.26203962]
log likelihood =  -24983.897097091118
Edge derivatives =  [2.8613698851320866, -0.9602386077402663, -0.06365917705446274, 0.27960006588610076, -3.5075007845600648, 0.6636112305807855, -0.29268672701271525, -0.9926047462445264, -3.2239190869964838, 0.47642617614446914, -0.619683364187624, -0.9515480437583254, -0.8768140687346087, 1.2452846207139525, 0.6960442880695417, 0.6318949595199048]
other derivatives: [-3.19778337 -0.8760253  -2.00598151  1.25619408 -5.92044671  0.27248461
 -0.97243174]
Current x array =  [-0.71603844 -0.82544627 -0.54184019  0.58797417 -2.23672388 -2.11439272
 -2.13702775 -1.72994878 -0.93977452 -1.41690932 -1.54943415 -3.61302081
 -2.9636812  -0.93384997 -0.27144759 -1.24027905 -1.06991842 -3.22438894
 -1.51008576 -1.58223598 -1.64422623 -1.18059765 -1.26246989]
log likelihood =  -24983.85522862069
Edge derivatives =  [2.759305314736975, -0.7653036597515972, -0.0943388187315645, 0.6059425010689736, -3.4141054758416676, 0.6974248082299346, 0.3809426641739625, 0.7832263788031386, -2.4609535821500654, 0.8515988906489437, -0.6022382394691006, -0.8380810106353738, -0.5289743825552796, 1.4360427225459549, 0.6397309972512916, 0.6032375241016155]
other derivatives: [ 3.82387952 -1.45191734  0.06730261 -1.28966349 -2.75613274  0.26630005
 -0.86583896]
Current x array =  [-0.71687935 -0.82511737 -0.54195844  0.58996687 -2.23851844 -2.11257339
 -2.13873949 -1.72760627 -0.94107865 -1.41602888 -1.55109692 -3.61818284
 -2.96297466 -0.93496261 -0.27417638 -1.24277281 -1.07034749 -3.2254839
 -1.51018687 -1.5828314  -1.64535274 -1.18008776 -1.2619959 ]
log likelihood =  -24983.80397659276
Edge derivatives =  [2.5062193271399957, -0.5694082096550563, -0.3379933798684658, 1.0958726107790553, -3.198937173884923, 0.7685040616725233, 1.2206521887325676, 3.4134332252502433, -1.0402023129120208, 1.27590571961126, -0.540082775771292, -0.6139782355786392, 0.09173521774001117, 1.8223533874049194, 0.2722676271311637, 0.3322902498014006]
other derivatives: [ 6.12599251 -0.64537744  0.78289304 -3.62342689  0.24629117  0.22846507
 -0.59517333]
Current x array =  [-0.71701384 -0.82525696 -0.54200898  0.59191925 -2.24001044 -2.10891171
 -2.14379993 -1.7241516  -0.94255142 -1.41362941 -1.55485625 -3.63189147
 -2.96183938 -0.93611453 -0.27881314 -1.24777346 -1.07053438 -3.22895386
 -1.51054958 -1.58396078 -1.64785852 -1.1786367  -1.26063193]
log likelihood =  -24983.724656289658
Edge derivatives =  [1.6687293300220711, -0.5655554835793826, -1.0237701768937342, 1.3520656304609284, -2.8898950837990074, 0.8382828922485331, 1.500289798787295, 4.15118177021576, 0.8313283901238989, 1.0818594367138625, -0.4440902463846999, -0.17064041869365165, 0.7427206293625046, 2.1190563388778942, -0.39358277622964244, -0.15921272968426226]
other derivatives: [ 8.75152182  0.44201443  9.87820385 -2.82125256  1.70766725  0.11095835
 -0.14006218]
Current x array =  [-0.71718753 -0.82540324 -0.54356951  0.59020195 -2.24084512 -2.10359183
 -2.15175768 -1.71618238 -0.94544163 -1.41058334 -1.5589548  -3.6555469
 -2.95925407 -0.93601339 -0.28065466 -1.25533108 -1.0693713  -3.23463638
 -1.51161197 -1.58508377 -1.64937974 -1.1765715  -1.2585473 ]
log likelihood =  -24983.704570916347
Edge derivatives =  [0.37886462215507655, 0.7949033649447674, -1.7789134205740786, 2.2469673259540603, -2.1060980265768836, 1.0347231512111776, 1.7320789547617577, 5.119985749710863, 5.234490307362698, 1.206858126561757, -0.1093147225214943, 0.9574024253724999, 2.413734418090482, 2.927625232338128, -1.1588827665967545, -0.9471215993614084]
other derivatives: [ -1.15214789  -5.07425284 -25.10823833   1.91103027   6.13617885
  -0.39945007   0.81745384]
Current x array =  [-0.71638279 -0.82383234 -0.5382522   0.58621998 -2.24706277 -2.08926907
 -2.17061332 -1.69701987 -0.95374344 -1.40455481 -1.56877573 -3.71491315
 -2.95226784 -0.93377267 -0.2809741  -1.27083369 -1.06535212 -3.24867696
 -1.51411679 -1.58662727 -1.65307768 -1.17242899 -1.25399151]
log likelihood =  -24983.59917746411
Edge derivatives =  [0.30623443540780504, 0.06815316691843365, -2.0251331040242477, 1.7389747476043307, -2.2402298456027125, 0.9622243816594156, 0.8084574355683196, 2.2403386926399906, 3.7113717126071353, 0.3201889811522064, -0.16148693934749614, 0.6955214433325042, 1.6266753882643303, 2.6456222487971006, -1.1402808445294945, -0.8590527380558336]
other derivatives: [ 0.84255589 -0.60972525  0.79126039  2.92384357  2.14968168 -0.43255568
  0.69376256]
Current x array =  [-0.71633307 -0.82519357 -0.54245619  0.58449515 -2.24343486 -2.09110746
 -2.16877459 -1.70061341 -0.95206526 -1.40565062 -1.56721242 -3.70978782
 -2.95305277 -0.93221008 -0.27711987 -1.26621105 -1.06494959 -3.24769245
 -1.51350167 -1.58527049 -1.65222201 -1.17350486 -1.25493192]
log likelihood =  -24983.57681145831
Edge derivatives =  [0.2704661721629321, -0.022073283479269623, -1.9999834750361047, 1.519958795867091, -2.2611422662099288, 0.9332912703717141, 0.28312567695020346, 0.5932758951427297, 3.1089706012613796, -0.01122816165025975, -0.15608985281175203, 0.6180447334190531, 1.2801821919500742, 2.437360475530972, -0.9666276959814066, -0.7418505448747978]
other derivatives: [-0.343789   -0.43219188  2.91256583  3.67144821  0.48676156 -0.48312359
  0.65483619]
Current x array =  [-0.7162124  -0.8253512  -0.54280079  0.58394041 -2.24252821 -2.09154547
 -2.16837126 -1.70075339 -0.9519243  -1.40661753 -1.56613806 -3.71033009
 -2.95273902 -0.93117123 -0.27425284 -1.26412375 -1.06440299 -3.2477308
 -1.51328919 -1.58435683 -1.65084779 -1.17416103 -1.25541404]
log likelihood =  -24983.51026650847
Edge derivatives =  [-0.10900985027293841, 0.1690526809597419, -1.8902583543646525, 1.2752969913974053, -2.0933813511103074, 0.8972748609734037, -0.7286038205244482, -2.4696121952548014, 2.2456603348222246, -0.6088082429921802, -0.04667789608475296, 0.5556826669081547, 0.5752129283553239, 1.9260993539488314, -0.46057382236975486, -0.44848623046925634]
other derivatives: [-1.82080839  2.26827979  3.77112883  3.18868842 -2.20425136 -0.72541297
  0.77343429]
Current x array =  [-0.71603439 -0.82655796 -0.54276988  0.5853377  -2.241355   -2.08890239
 -2.1722534  -1.69559728 -0.95387589 -1.40880082 -1.56537661 -3.73052824
 -2.94920364 -0.92847539 -0.26837825 -1.26075848 -1.0624338  -3.25195133
 -1.51268627 -1.58155158 -1.64687397 -1.17537614 -1.25596133]
log likelihood =  -24983.46599490808
Edge derivatives =  [-1.1967847232386006, 0.10687039054723302, -1.7199979936745506, 0.8475551802544159, -1.7775686334179848, 0.7585665799368795, -1.879213258404491, -5.419916636170025, 0.21023670026651703, -1.7218654773050746, 0.09682077436773504, 0.11974755559984118, -0.9853726866956445, 0.7198327548036134, 0.08375101848461708, -0.045000127649818394]
other derivatives: [-15.0204869  -13.55947461  10.41589712  -1.53813744  -1.11976988
  -1.09066605   1.03245839]
Current x array =  [-0.71452394 -0.82258596 -0.54346489  0.58989586 -2.24282481 -2.08339556
 -2.17939264 -1.68372671 -0.95828727 -1.41449395 -1.56336576 -3.77482937
 -2.9405687  -0.92555766 -0.26307897 -1.25360018 -1.05986577 -3.26043206
 -1.510821   -1.57626712 -1.63812756 -1.17735051 -1.25692783]
log likelihood =  -24983.393881801385
Edge derivatives =  [-1.2969278650297902, 0.6251626047632424, -1.4183606453771354, 1.1774466158828436, -1.4951247088478612, 0.8102081224340845, -1.7157551807150018, -4.644054892958042, 0.11150541340465914, -1.1830353735030004, 0.26578527943446395, 0.06822815269109417, -1.1820270008538978, 0.5953683309385176, 0.5589248535290156, 0.2183664395492302]
other derivatives: [-3.04353307 -1.20417099  1.17361196 -1.82953954 -3.94247763 -1.23982318
  1.24127837]
Current x array =  [-0.71605869 -0.82608751 -0.54186553  0.59165539 -2.24044354 -2.07946163
 -2.18595748 -1.67963701 -0.95965953 -1.41532899 -1.56523655 -3.80243639
 -2.93677576 -0.92505134 -0.26417835 -1.25191248 -1.05949786 -3.26666956
 -1.50968797 -1.57446391 -1.63662205 -1.17765224 -1.25681714]
log likelihood =  -24983.365597200274
Edge derivatives =  [-1.4060659656750696, 0.7751396444686072, -1.2662385733354522, 1.4425558104231582, -1.3381632675924893, 0.8367123116151203, -1.1574023444152362, -2.6175621366423547, 0.29422161761796656, -0.7470956648137677, 0.33405267171957376, 0.03603360804590561, -1.1221725921562702, 0.5745679313309731, 0.5500576288140311, 0.23005809303245026]
other derivatives: [ 0.40090526  0.70176611 -1.6814738  -2.46509444 -2.75504135 -1.25110091
  1.37079041]
Current x array =  [-0.7164721  -0.82651341 -0.54139579  0.59225077 -2.24094928 -2.07738198
 -2.18934252 -1.67728274 -0.96035637 -1.41583844 -1.56628747 -3.8182896
 -2.9343875  -0.92589546 -0.2678354  -1.251972   -1.05988488 -3.27000289
 -1.50911793 -1.5742622  -1.63609232 -1.17722239 -1.25639204]
log likelihood =  -24983.32622613194
Edge derivatives =  [-1.5209883219844011, 0.8404649044570709, -0.7630818376520992, 1.6445862671650195, -1.1101893843248885, 0.8328933612773051, -0.40714688701057866, 0.2162589922665196, -0.1922818512282547, -0.17281301571678498, 0.42948311296841996, -0.14457986740976503, -1.3402681314038833, 0.21782516251282635, 0.6257409059416653, 0.37542142054137806]
other derivatives: [ 3.30619514  1.05137588 -3.00788088 -2.56150088 -0.06220944 -1.22963684
  1.47992978]
Current x array =  [-0.71681099 -0.82645627 -0.54119487  0.59175    -2.24281608 -2.075584
 -2.19285367 -1.67429321 -0.96092679 -1.41916008 -1.56528198 -3.84526154
 -2.92928801 -0.92721074 -0.27295541 -1.24906723 -1.06061499 -3.27492199
 -1.50779193 -1.57360813 -1.6327512  -1.17697331 -1.25618945]
log likelihood =  -24983.294283087685
Edge derivatives =  [-1.3618667609317692, 0.6984988927034592, -0.0877238994029933, 1.5443149828422766, -0.939640057843764, 0.7923105728804207, 0.17037816549512286, 2.3388675500287226, -0.9343081519779222, 0.3768685784471615, 0.48119839443936463, -0.42097659310058144, -1.42710393984163, -0.22095374818484226, 0.447340341044579, 0.3537065055550995]
other derivatives: [-5.89825504  3.67144821 -4.69299266 -0.56534191  0.76070137 -1.07684173
  1.45664671]
Current x array =  [-0.71543548 -0.82733542 -0.54127547  0.58951407 -2.24365135 -2.07688816
 -2.19266169 -1.67499604 -0.95982179 -1.42400826 -1.56115305 -3.86771853
 -2.92385619 -0.92905838 -0.27718467 -1.24530127 -1.06188231 -3.27791847
 -1.5065577  -1.5745937  -1.62864814 -1.17645247 -1.25596794]
log likelihood =  -24983.267610499533
Edge derivatives =  [-1.2346344025474867, 0.275571494411025, 0.7451302521125074, 1.0943723071480087, -0.7667061571545776, 0.6937864105093083, 0.3280941291642902, 2.8602309595365156, -2.307348438976021, 0.5931656320705627, 0.509789354711872, -0.7343025673227211, -1.7302897569521407, -0.9898510887837312, 0.3842400349966104, 0.43870010087318395]
other derivatives: [ 5.22850314 -0.46675268  1.99397618  1.38388714  2.52184691 -0.94223651
  1.3053068 ]
Current x array =  [-0.71706827 -0.82561459 -0.54230278  0.58608586 -2.24506675 -2.07961816
 -2.19062333 -1.67610899 -0.95837479 -1.43141148 -1.55375063 -3.89524781
 -2.91630234 -0.93021497 -0.27834492 -1.23906962 -1.0626355  -3.28094291
 -1.50517921 -1.57564546 -1.62191194 -1.17626382 -1.25602676]
log likelihood =  -24983.24825995749
Edge derivatives =  [-1.0916570953696239, 0.1629277024390876, 0.7371409267406868, 0.8798145293700284, -0.7860290298887067, 0.6751524062283248, 0.11675377224883299, 1.952712830731199, -2.0472978124896044, 0.47514091409922277, 0.47870338103702026, -0.6876451679962724, -1.4270696251578503, -0.9226900998345237, 0.14352832050594777, 0.23705819739740128]
other derivatives: [ 0.20845619 -0.08476491  1.51667336  2.24717951  1.29330147 -0.87857188
  1.23436621]
Current x array =  [-0.71638933 -0.82582633 -0.54236666  0.58547705 -2.24429131 -2.08140845
 -2.18835957 -1.67828919 -0.95752467 -1.43159175 -1.5520018  -3.89274015
 -2.9160379  -0.93034626 -0.27683536 -1.24015509 -1.06260429 -3.27972255
 -1.50569096 -1.57733367 -1.62222617 -1.17583467 -1.25572721]
log likelihood =  -24983.217053146873
Edge derivatives =  [-0.75294820411664, -0.11305387942222245, 0.8388837069177456, 0.2934313778434565, -0.7537099562923674, 0.6105161479843171, -0.3606708299402176, -0.24985138001399426, -1.3059284681396464, 0.2237499401597659, 0.42336384100711216, -0.5506521562000227, -0.5593906611076338, -0.8374252911930702, -0.4432116561651738, -0.27270491558708043]
other derivatives: [-5.33364073 -0.01273293  1.05646905  3.4331606  -1.21726771 -0.71740942
  1.06083462]
Current x array =  [-0.7156849  -0.82592473 -0.54248065  0.58476244 -2.24253732 -2.08579607
 -2.1831346  -1.68310744 -0.9555725  -1.43303782 -1.54644425 -3.89701758
 -2.91297602 -0.93085052 -0.27299495 -1.24283415 -1.06233762 -3.27817075
 -1.50693235 -1.58210185 -1.62202001 -1.17461782 -1.25478248]
log likelihood =  -24983.1938056945
Edge derivatives =  [-0.47782637745595036, -0.26817869563649044, 1.0089876214346398, -0.07542823252403055, -0.6366815342664465, 0.5466977967585229, -0.37264498390427725, -0.7992794983899292, -0.5405026093256131, 0.2041256965677991, 0.41384041093272506, -0.41575237088216155, 0.24192991698684982, -0.7715241747064441, -0.7955076739883746, -0.5961636110858698]
other derivatives: [-5.35801519  0.43291948  1.79534254  2.32539605 -1.717126   -0.55806595
  0.95678843]
Current x array =  [-0.71563515 -0.82605132 -0.54259351  0.58609058 -2.2417732  -2.0888694
 -2.17985306 -1.68628504 -0.95430508 -1.43445917 -1.54171589 -3.91190633
 -2.90813802 -0.93198382 -0.27188306 -1.24518357 -1.0621717  -3.27868205
 -1.50782713 -1.58615798 -1.62158942 -1.17372036 -1.25401802]
log likelihood =  -24983.381057849743
Edge derivatives =  [0.576529092790993, 0.19603845517050478, 1.9264963861117665, -1.0473282618664217, -0.25464606699891235, 0.2689723535913418, -0.48844479115957173, -1.4408766125203556, 0.1824626023479609, 0.4472355156746711, 0.5177820719901501, -0.12275668603737921, 1.4366297859708805, -1.025482702080411, -0.03196278246662587, -0.2725293343957583]
other derivatives: [ -8.35680112 -17.20254659 -46.13502824   2.97077349  -0.58571459
  -0.11204975   0.55515557]
Current x array =  [-0.7163577  -0.82057363 -0.53494812  0.58726442 -2.24410589 -2.09822288
 -2.1686379  -1.69308081 -0.95230306 -1.43933944 -1.52673305 -3.96550429
 -2.89051394 -0.93467695 -0.26883029 -1.24494277 -1.06053651 -3.2806392
 -1.50977658 -1.59215    -1.61726219 -1.17495658 -1.25495242]
log likelihood =  -24983.1879648514
Edge derivatives =  [-0.32009890071129643, -0.19881583083067533, 1.1466960036012956, -0.2163795515010882, -0.5774435195368931, 0.5071832463430622, -0.3863866377419053, -0.8911487093125852, -0.43125036605709016, 0.24312905995746426, 0.4297269405980953, -0.37030600618701714, 0.4209902078854568, -0.8083149502258116, -0.6801776362372526, -0.5459990877759563]
other derivatives: [-5.79748303 -2.1631422  -5.22159098  2.4207111  -1.5457772  -0.49258233
  0.89712557]
Current x array =  [-0.71574223 -0.82523956 -0.5414605   0.58626454 -2.24211889 -2.09025554
 -2.17819103 -1.68729214 -0.95400839 -1.4351824  -1.53949551 -3.91984926
 -2.90552622 -0.93238292 -0.27143066 -1.24514788 -1.06192937 -3.27897209
 -1.50811603 -1.58704596 -1.62094814 -1.17390357 -1.25415649]
log likelihood =  -24983.17038144696
Edge derivatives =  [-0.06029790492563425, -0.28882596058251986, 1.3222498706084735, -0.4930892393442234, -0.39965831237405247, 0.4266860282006557, -0.12345287767911173, -0.5299605195076608, 0.3734078009361796, 0.3042503382844567, 0.4544463740496466, -0.19719866669342223, 1.19701440994633, -0.7383251534653289, -0.8126186571579604, -0.7019799767959716]
other derivatives: [-1.06119842 -0.46456989 -2.24317773 -0.068394   -0.88766683 -0.31650416
  0.82509359]
Current x array =  [-0.71624085 -0.82566999 -0.54179565  0.58877755 -2.24187259 -2.09289153
 -2.17564873 -1.6898041  -0.95311677 -1.43638336 -1.53487419 -3.94385434
 -2.8988082  -0.93396382 -0.27176699 -1.24736201 -1.06164714 -3.2808543
 -1.50894298 -1.59072011 -1.6204949  -1.17338725 -1.25364233]
log likelihood =  -24983.163341679996
Edge derivatives =  [-0.0339734702429102, -0.242501612477783, 1.256592069710171, -0.5259805377751244, -0.32742028912760157, 0.3798473738025928, 0.00791457822632513, -0.1497903460426273, 0.4246067827287252, 0.23713126307739796, 0.4876861993168179, -0.12095693201271729, 1.194590086910978, -0.7233496800998837, -0.5423777143458607, -0.5089660867862322]
other derivatives: [ 0.62173058  0.01236913 -1.41590135 -0.90512913 -0.23719622 -0.26884663
  0.82218321]
Current x array =  [-0.71641645 -0.82580462 -0.54185683  0.58956142 -2.24220625 -2.09335991
 -2.17508509 -1.68986984 -0.95336542 -1.43589156 -1.53405791 -3.9551247
 -2.8958864  -0.93439974 -0.27228243 -1.24735318 -1.06121682 -3.28188891
 -1.50918024 -1.59051179 -1.62060093 -1.17400718 -1.25409258]
log likelihood =  -24983.149130864258
Edge derivatives =  [-0.050672030769178145, -0.11179733394252978, 0.8032688137157661, -0.596233107007176, -0.18966966180859102, 0.24269115671581448, 0.19717011399422413, 0.42628315082020435, 0.3672802986067736, -0.13984900240426734, 0.5613348545590022, 0.09040673582874881, 0.8989290826014416, -0.6160439897585791, 0.2837334600695607, 0.1054220479697209]
other derivatives: [ 2.21916707  0.00363798  0.41909516 -1.98742782  1.07829692 -0.16443664
  0.81272447]
Current x array =  [-0.71655149 -0.8258179  -0.54204058  0.59046243 -2.24306952 -2.09448779
 -2.1730117  -1.68980091 -0.95443345 -1.43288611 -1.53328886 -3.97937402
 -2.88928664 -0.93509636 -0.27303894 -1.24712455 -1.05982347 -3.28349145
 -1.5099529  -1.58842745 -1.62199697 -1.17612612 -1.2557344 ]
log likelihood =  -24983.140492397226
Edge derivatives =  [0.04712832864909022, 0.10478944530631451, 0.25362692185338903, -0.6277048849784513, -0.09998204110816947, 0.11546507658921065, 0.2845482424989032, 0.5480215929585086, 0.34186482225350645, -0.3180276770923887, 0.5919493086869473, 0.2868747433646639, 0.5562876371583025, -0.3644688344819671, 0.8659006904792512, 0.553770528184502]
other derivatives: [ 5.63995854  3.68236215 -1.51630957 -0.66393113  0.56061253 -0.04620233
  0.72286639]
Current x array =  [-0.71697962 -0.82681685 -0.54175568  0.5893163  -2.24286868 -2.09643404
 -2.16894944 -1.69082971 -0.95528503 -1.42872682 -1.53340302 -3.99559482
 -2.88402321 -0.93557701 -0.27306179 -1.24714836 -1.05894272 -3.28297423
 -1.51080652 -1.5858268  -1.62470366 -1.17758223 -1.25704866]
log likelihood =  -24983.132879490433
Edge derivatives =  [-0.042914534969453744, 0.0026937383934819703, -0.4942585335338396, -0.8254448013308195, -0.04721618263770794, -0.05240881476326231, 0.11520814961088915, -0.06849308396527509, 0.11363783251755433, -0.8391606469131307, 0.5700578054412283, 0.3577432284657496, 0.07557671180626538, -0.18549265591425323, 1.0640776393470646, 0.7554578770054269]
other derivatives: [ 0.72868716 -0.91276888  2.0605512  -0.31468517  0.60426828  0.05311449
  0.62100298]
Current x array =  [-0.71636589 -0.82549687 -0.5423973   0.58860735 -2.24291827 -2.09853689
 -2.16433934 -1.69187391 -0.95608196 -1.42469691 -1.53349606 -4.01026295
 -2.87895293 -0.93579461 -0.27227375 -1.24723223 -1.05809875 -3.2819344
 -1.51164584 -1.58328286 -1.62739988 -1.1786447  -1.25808087]
log likelihood =  -24983.129736634353
Edge derivatives =  [-0.022459605293682294, 0.023521626036012933, -0.4799570190591098, -0.7417812324809345, -0.08970344887493345, -0.01816177656861165, 0.06064212389865997, -0.25421975991629775, 0.14533329085099278, -0.6690440175309385, 0.5337622957268077, 0.2964510181361628, 0.07313123219139897, -0.12614600165225254, 0.7813197214500176, 0.5543089713466767]
other derivatives: [ 0.11532393 -0.18007995  0.52859832  0.29940566 -0.03346941  0.02401066
  0.59917511]
Current x array =  [-0.71630696 -0.825712   -0.54220525  0.58814699 -2.24253432 -2.09833398
 -2.16412114 -1.69201246 -0.95597614 -1.42453293 -1.5346582  -4.00219131
 -2.88094047 -0.93549783 -0.27200242 -1.24748331 -1.05863361 -3.28072563
 -1.51148783 -1.58318042 -1.62795222 -1.17793076 -1.25759408]
log likelihood =  -24983.126743787412
Edge derivatives =  [0.020190652585464708, 0.04624577974335664, -0.5297359690260317, -0.6126371068755632, -0.12240806528286993, -0.004800397441141774, 0.03430274165210945, -0.3831506311257431, 0.1833599544880658, -0.4035787475268882, 0.4717272463382186, 0.19455161134322618, 0.015611598251280223, -0.003455007149670619, 0.32756270405222, 0.2416645023971169]
other derivatives: [-0.95351425  0.21755113 -0.76688593  0.70940587 -0.58680598  0.00654836
  0.53405529]
Current x array =  [-0.71618113 -0.82583297 -0.5420551   0.58786257 -2.24215197 -2.0984595
 -2.16272566 -1.69241489 -0.95596161 -1.42385904 -1.53645648 -3.99601468
 -2.88224789 -0.93522952 -0.27184308 -1.24787003 -1.05947868 -3.27889678
 -1.51131581 -1.5826913  -1.62922754 -1.17684581 -1.25688668]
log likelihood =  -24983.12415448347
Edge derivatives =  [0.08313534404284417, 0.05764898360115511, -0.5634151105257849, -0.4656361052790601, -0.131907647022362, -0.01463065894874141, 0.04895788114657895, -0.40413841435709563, 0.1751082008073757, -0.11360100528790551, 0.40327503325881486, 0.08032147764483277, -0.08193278124660097, 0.11805164097532961, -0.11030840790818186, -0.055556643233369146]
other derivatives: [-0.13060344 -0.04147296 -1.02154445  0.71922841 -0.64865162  0.00363798
  0.43546606]
Current x array =  [-0.71630951 -0.82570937 -0.54202076  0.58781161 -2.24204602 -2.09888377
 -2.16047823 -1.69289876 -0.95600347 -1.42329287 -1.53830568 -3.99410539
 -2.88237844 -0.93500562 -0.27180547 -1.24803385 -1.06037122 -3.27697615
 -1.51112909 -1.58201397 -1.63057456 -1.17581806 -1.25623043]
log likelihood =  -24983.133068214433
Edge derivatives =  [0.44548906277888833, 0.1446859125680513, -0.4082177483689564, -0.20414338739221644, -0.00491118513484462, -0.1359678463138955, 0.3353192409464878, 0.33276125133977996, 0.47413914925148837, 0.5536905918800277, 0.2873589574992979, -0.10370386474996829, 0.04673829124943968, 0.4078273436448677, -0.9153635164128847, -0.645306882201009]
other derivatives: [-10.11649147   3.17413651  -2.89510353  -0.73196134  -0.22846507
   0.14260877   0.15716068]
Current x array =  [-0.71474008 -0.82698544 -0.54187648  0.58968704 -2.24218363 -2.10165549
 -2.15259134 -1.69515379 -0.95581578 -1.42318165 -1.54026469 -4.01422982
 -2.87620296 -0.93551788 -0.27287641 -1.24901264 -1.06204252 -3.2738308
 -1.51117228 -1.58214512 -1.63328315 -1.17402233 -1.25502402]
log likelihood =  -24983.123039026534
Edge derivatives =  [0.1737725283274688, 0.0794243542203319, -0.5246535465624667, -0.4001796269696054, -0.09969228969861363, -0.044719616617122454, 0.12063418777225293, -0.21975890533564424, 0.25009693690368023, 0.053673865499410556, 0.3743741981265063, 0.034456544420081836, -0.04967329522046124, 0.19062593328884425, -0.3114236769253308, -0.20285365475844455]
other derivatives: [-2.62371032  0.76397555 -1.48975232  0.35579433 -0.54315024  0.03856258
  0.36670826]
Current x array =  [-0.71591705 -0.82602847 -0.54198468  0.58828059 -2.24208043 -2.09957688
 -2.15850599 -1.69346266 -0.95595653 -1.42326505 -1.53879556 -3.9991378
 -2.88083417 -0.93513372 -0.27207328 -1.24827861 -1.06078915 -3.2761896
 -1.51113989 -1.58204677 -1.63125189 -1.17536901 -1.25592875]
log likelihood =  -24983.12094790543
Edge derivatives =  [0.241200204335019, 0.0776572479439328, -0.4910160059046358, -0.26901919505709837, -0.08173563674102083, -0.07440123239977228, 0.17174738940790507, -0.08352726790327969, 0.16953824231782216, 0.2590711849526871, 0.3235058213599264, -0.055868305909385296, -0.1608843960218744, 0.25650706118236555, -0.5358930872067548, -0.35306014718075385]
other derivatives: [-0.74687705  0.1193257  -0.77998266 -0.00472937 -0.06220944  0.05311449
  0.26484486]
Current x array =  [-0.71617098 -0.82577243 -0.5420638   0.58845967 -2.24232925 -2.10015649
 -2.15600563 -1.69378316 -0.95602544 -1.42323094 -1.54018256 -4.00240864
 -2.87969943 -0.93497588 -0.2722433  -1.24803116 -1.06139449 -3.27469738
 -1.51098785 -1.58142266 -1.63210176 -1.17488935 -1.25564071]
log likelihood =  -24983.119726462734
Edge derivatives =  [0.27129138738289926, 0.056527077135351655, -0.4049729823097984, -0.18453176939350965, -0.06209113019750065, -0.09655272786866811, 0.2059114061130355, 0.07433167644647021, 0.060066726416360294, 0.30552644993100786, 0.3027149155550425, -0.09922125404849769, -0.23556159779744087, 0.2522561697426909, -0.5210212331238725, -0.3435232808334405]
other derivatives: [ 0.37580321  0.00654836  0.62245817 -0.34124241  0.39726729  0.06621121
  0.20881998]
Current x array =  [-0.71629205 -0.82570766 -0.54226495  0.58862462 -2.24256877 -2.10045903
 -2.1544416  -1.69373036 -0.9560526  -1.4237255  -1.54097029 -4.00634151
 -2.87863203 -0.93481876 -0.27249191 -1.24759843 -1.06156036 -3.27389849
 -1.51089582 -1.58114369 -1.6322239  -1.17501775 -1.25573796]
log likelihood =  -24983.11866245886
Edge derivatives =  [0.29668879003097404, 0.04155817302941056, -0.2714045678552458, -0.11313900028595492, -0.03585490048954071, -0.11952686379785027, 0.2218267013956159, 0.24952244160987255, -0.05691231021352405, 0.2836988260857525, 0.29548492636075374, -0.12265129490895466, -0.283627586077528, 0.2161229588663532, -0.36533479198652774, -0.2472077505338523]
other derivatives: [ 0.92077244 -0.38635335  0.75124262 -0.61154424  0.77816367  0.08294592
  0.16407284]
Current x array =  [-0.71635798 -0.82556061 -0.54227519  0.58880072 -2.24276677 -2.10071492
 -2.15299847 -1.69349464 -0.95605362 -1.42456099 -1.5415445  -4.01153726
 -2.87734203 -0.93463192 -0.27278319 -1.2470647  -1.06149061 -3.27327918
 -1.51085739 -1.58106348 -1.63200697 -1.17551158 -1.25607137]
log likelihood =  -24983.11748339411
Edge derivatives =  [0.28757754928985213, -0.08545524260642101, 0.009729799761893254, 0.007438783608180899, -0.021431635617314898, -0.13122593398511143, 0.1335875143940365, 0.23070571843438956, -0.2263180586000353, 0.14541303768688085, 0.26426452139203155, -0.16399983697799259, -0.27982868182348225, 0.13411449422979083, -0.1745345504361192, -0.14352560787123547]
other derivatives: [ 1.45082595  0.62136678  3.72092472 -0.57407306  0.56097633  0.09895302
  0.09531504]
Current x array =  [-0.7163536  -0.82580307 -0.54280304  0.58859978 -2.24233355 -2.10091726
 -2.15048051 -1.69287088 -0.95579652 -1.42663493 -1.54301323 -4.01553342
 -2.87655851 -0.93397981 -0.27298874 -1.24643794 -1.06136729 -3.27134666
 -1.51083207 -1.58162328 -1.63139226 -1.17631289 -1.25658727]
log likelihood =  -24983.115911483288
Edge derivatives =  [0.29387029771152995, -0.0952146975899697, 0.1284742641633096, 0.05996555924987863, -0.008747198976457343, -0.1417354872091029, 0.06869961767729116, 0.20777598768755823, -0.2840688710611806, 0.08557520481203507, 0.25498422601005655, -0.17305145014404144, -0.27560278881202804, 0.10330240015112624, -0.027017832914430495, -0.061187312019836015]
other derivatives: [ 0.72286639 -0.24992914  1.39443728 -0.33869583  0.34197001  0.10950316
  0.06220944]
Current x array =  [-0.71631032 -0.825506   -0.54247058  0.58845822 -2.24215022 -2.10106135
 -2.14913671 -1.69252139 -0.9557471  -1.42741028 -1.54366632 -4.01824184
 -2.87596077 -0.93366716 -0.27302345 -1.24617721 -1.06120941 -3.27039847
 -1.51090023 -1.58181275 -1.63116279 -1.1768172  -1.25693891]
log likelihood =  -24983.11521816595
Edge derivatives =  [0.27874666549269467, -0.11234911938065073, 0.21259070523424908, 0.08620878824957852, -0.016528961134609887, -0.12808983789378456, -0.01199944303567424, 0.07313598699701965, -0.2578298540239281, 0.03557085940353333, 0.246278493304824, -0.16315204685885298, -0.20727805887442738, 0.08206622712392814, 0.02667371665098306, -0.037812653638443106]
other derivatives: [ 0.00145519 -0.20772859 -0.11568773  0.05820766 -0.14988473  0.10513759
  0.05748007]
Current x array =  [-0.71624231 -0.82549838 -0.54227816  0.58818825 -2.24177972 -2.10094337
 -2.14865489 -1.69217444 -0.95563912 -1.42799314 -1.54412485 -4.01683983
 -2.87649076 -0.93338148 -0.27289028 -1.24627121 -1.06111139 -3.26958442
 -1.5109911  -1.58228459 -1.63089857 -1.17703554 -1.25709073]
log likelihood =  -24983.115007800265
Edge derivatives =  [0.2655282198940385, -0.12091017990261599, 0.2391861861917981, 0.10003415116716298, -0.023977817865088236, -0.11681829857935255, -0.0477835967254181, -0.0016602075508176661, -0.21984954225680536, 0.022773543930657114, 0.23895756722586353, -0.14978067508575232, -0.15993679130985144, 0.07749151901507056, 0.022556022769945172, -0.04112670223575521]
other derivatives: [-1.97542249e-01  3.63797881e-04 -3.95084498e-01  2.19733920e-01
 -3.43788997e-01  1.00044417e-01  5.67524694e-02]
Current x array =  [-0.71621763 -0.82555579 -0.54225164  0.58806626 -2.24163729 -2.10083506
 -2.14847206 -1.69196657 -0.95560549 -1.4281762  -1.54436915 -4.01537749
 -2.8769728  -0.93324507 -0.2727946  -1.24642065 -1.06110241 -3.26908949
 -1.51106209 -1.58256218 -1.63079645 -1.1770554  -1.25711882]
log likelihood =  -24983.11457133718
Edge derivatives =  [0.22849452108910162, -0.1314232222418099, 0.25571441078819857, 0.12153586132853236, -0.035325213914082304, -0.09762239790540234, -0.09466131081750517, -0.09238961350231828, -0.12965391506144458, -0.001954380977161607, 0.22422389536609003, -0.10617906774715458, -0.06845209853675671, 0.0691395421851585, 0.01704605866445097, -0.03325267263171283]
other derivatives: [-0.55333658  0.04874892 -0.47730282  0.31250238 -0.40599843  0.09022187
  0.05820766]
Current x array =  [-0.71616669 -0.82557529 -0.54225103  0.58798672 -2.24160352 -2.10059792
 -2.14809817 -1.69145212 -0.95564009 -1.42830797 -1.54474412 -4.01308297
 -2.87780789 -0.9330452  -0.27265125 -1.2467688  -1.06107385 -3.26810807
 -1.51126293 -1.58306411 -1.63059941 -1.17708991 -1.25720127]
log likelihood =  -24983.114312079015
Edge derivatives =  [0.18580271687413286, -0.05553701275980294, 0.2978637590276939, 0.20327761032732009, -0.0349022396020332, -0.05968640772583789, -0.09545153646570892, -0.022575352207958782, 0.1744084732853139, 0.04792626134962319, 0.19074358427819563, 0.050681868338505964, 0.19743476690833217, 0.06708722946636447, 0.07665186381217504, 0.042486397321268854]
other derivatives: [ 1.27984094  1.71057764 -1.45519152  0.18662831 -0.17644197  0.08367351
  0.03929017]
Current x array =  [-0.71637341 -0.82606191 -0.5420581   0.58819996 -2.24181257 -2.10016473
 -2.14652882 -1.69003671 -0.95595685 -1.4282764  -1.54535994 -4.01130552
 -2.87893989 -0.93279911 -0.27256453 -1.24767885 -1.06101212 -3.26548324
 -1.51188705 -1.58426393 -1.63011883 -1.17721304 -1.25747436]
log likelihood =  -24983.11350033409
Edge derivatives =  [0.11407074022999841, -0.10485365277275038, 0.23163931924031417, 0.1860956128867616, -0.045882570370689574, -0.05655213057099934, -0.1438974216588359, -0.12932050089329872, 0.1712360347629333, -0.027409505303507498, 0.17425051358608287, 0.06367546356705656, 0.19672970906977943, 0.04657383119508407, 0.03300962604941904, 0.033090140098417986]
other derivatives: [-0.25611371  0.31068339 -0.42055035  0.09313226 -0.01091394  0.07385097
  0.04329195]
Current x array =  [-0.71617565 -0.82567352 -0.54223429  0.58817839 -2.24192971 -2.09996076
 -2.14626746 -1.68957273 -0.9560834  -1.42810771 -1.5455542  -4.01004205
 -2.87944926 -0.93270486 -0.272467   -1.24782348 -1.06098248 -3.26478666
 -1.5120221  -1.58439775 -1.63000355 -1.17722569 -1.25754471]
log likelihood =  -24983.113259896876
Edge derivatives =  [0.09887474635718552, -0.10127981226930638, 0.18497017786581893, 0.1851120508403501, -0.040656627260684836, -0.06454864674778532, -0.12499350731634185, -0.08278901959997759, 0.1574483930249792, -0.017039047921364237, 0.16474769445089613, 0.06293867925372498, 0.1699204918160879, 0.04694334317254045, 0.004509194659320759, 0.023218383414325416]
other derivatives: [-0.26448106 -0.09094947 -0.02473826 -0.07312337  0.18990249  0.07639755
  0.03128662]
Current x array =  [-0.71617261 -0.82556023 -0.54228329  0.58828846 -2.24206806 -2.09997958
 -2.14585436 -1.68941884 -0.95622745 -1.42783773 -1.54556978 -4.01114163
 -2.8792123  -0.93277276 -0.27253352 -1.24780297 -1.06102937 -3.26445264
 -1.51206282 -1.58426322 -1.63006172 -1.17718154 -1.25754753]
log likelihood =  -24983.11297265727
Edge derivatives =  [0.06820576713673576, -0.07912542649002607, 0.10322354305763264, 0.186687313568308, -0.03129895876485092, -0.07456377672833489, -0.09072888518174449, 0.0021856070712228393, 0.15466408247333113, 0.009277592810702062, 0.14366415318316073, 0.07090242015053427, 0.14378372115073998, 0.045437034186587844, -0.038467320931606874, 0.007835867571395594]
other derivatives: [-0.05456968 -0.31213858  0.28521754 -0.27066562  0.39362931  0.08076313
  0.00873115]
Current x array =  [-0.71619438 -0.82550035 -0.54231313  0.58844223 -2.24220176 -2.09995257
 -2.14493491 -1.68898857 -0.95653092 -1.42733261 -1.54559947 -4.01291217
 -2.87893222 -0.93290296 -0.27265659 -1.24782332 -1.06110566 -3.26352554
 -1.5121781  -1.58412632 -1.63010101 -1.17712195 -1.25757185]
log likelihood =  -24983.11262218241
Edge derivatives =  [0.016197825075456862, -0.054784687137170884, -0.00415885970385009, 0.17337108470513635, -0.024178883343546537, -0.08343117531136032, -0.06453929459652119, 0.04979860712105008, 0.12029591891740027, 0.017535302204661485, 0.11497191555842763, 0.06713765861782262, 0.09698740968062938, 0.03070250083017312, -0.07702455882649561, -0.013234245093558694]
other derivatives: [ 0.2230081  -0.37180143  0.43728505 -0.28448994  0.33396645  0.08076313
 -0.01600711]
Current x array =  [-0.71623311 -0.82547566 -0.54233194  0.58844624 -2.24212441 -2.09981201
 -2.14382617 -1.68836097 -0.95692866 -1.42674367 -1.54554807 -4.01451093
 -2.87883244 -0.93308662 -0.27277989 -1.24776549 -1.06116667 -3.26218699
 -1.51228086 -1.58395036 -1.63005942 -1.17711791 -1.25762282]
log likelihood =  -24983.112653687574
Edge derivatives =  [-0.047775932661756615, 0.026500404324238946, -0.15962544305644202, 0.13999266280620207, -0.012591917163119665, -0.08959779748515659, 0.01815188132653822, 0.17346011588287852, 0.06749741537728429, 0.0507258745809096, 0.07099200193997836, 0.055871037160939774, 0.025503606551511848, 0.003058840028235199, -0.101143977046953, -0.03377989032119902]
other derivatives: [-1.56469468  0.69667294  0.50786184 -0.2397428   0.24228939  0.07530616
 -0.04802132]
Current x array =  [-0.71594334 -0.82587711 -0.54236697  0.58848551 -2.24211974 -2.09940855
 -2.14221337 -1.68733356 -0.95766378 -1.42581999 -1.54508799 -4.01683817
 -2.87892992 -0.93355891 -0.27300123 -1.24763544 -1.06127326 -3.25988577
 -1.51239157 -1.583659   -1.6299171  -1.17720018 -1.25772375]
log likelihood =  -24983.112448947493
Edge derivatives =  [-0.014456012429694187, -0.015810527674114505, -0.07863351091236576, 0.1573874225106304, -0.018619670114548847, -0.08638381055465047, -0.02490170333865127, 0.10905413277002343, 0.0950071153516614, 0.03344962064746382, 0.0939260277300221, 0.06175034491144271, 0.06274479809018849, 0.017460167334206855, -0.08857110710335225, -0.023066775848186533]
other derivatives: [-0.63337211  0.14006218  0.47111826 -0.26302587  0.28994691  0.07821654
 -0.03165042]
Current x array =  [-0.71609427 -0.82566801 -0.54234872  0.58846505 -2.24212217 -2.0996187
 -2.14305343 -1.6878687  -0.95728088 -1.4263011  -1.54532763 -4.01562599
 -2.87887914 -0.93331291 -0.27288594 -1.24770318 -1.06121774 -3.2610844
 -1.5123339  -1.58381076 -1.62999123 -1.17715733 -1.25767118]
log likelihood =  -24983.11220540716
Edge derivatives =  [-0.06519763755455976, -0.005054100381935767, -0.13155029290949155, 0.14093013161297682, -0.014735148645420915, -0.09041731117043503, -0.027042848730760016, 0.07666597603616418, 0.0091494371982756, 0.0004959585196606664, 0.06423935424007174, 0.03481063130362716, 0.0036335553481140204, -0.017181160063667322, -0.053289764505303316, -0.016816205982683963]
other derivatives: [ 0.06511982  0.03565219  0.18117134 -0.02037268 -0.05384209  0.07275958
 -0.05820766]
Current x array =  [-0.71621175 -0.82559105 -0.54231529  0.58823864 -2.24180557 -2.09938225
 -2.14188143 -1.68721157 -0.95761853 -1.4261383  -1.54527082 -4.01691883
 -2.87897689 -0.93343939 -0.2729428  -1.24745707 -1.06120014 -3.25951369
 -1.51235031 -1.5836806  -1.6298032  -1.17739076 -1.25782792]
log likelihood =  -24983.112135441872
Edge derivatives =  [-0.05896481179182045, 0.0008974861720858485, -0.10921347529315256, 0.13505774391396164, -0.016523346773112402, -0.08494262566395328, -0.029194812867506248, 0.04721627534694553, 0.0030225020231657296, -0.002592907542488865, 0.06414880483741096, 0.0273105714938211, 0.005352867149313323, -0.021366250661798425, -0.027427953795825855, -0.008027267573785413]
other derivatives: [-0.06548362  0.05456968 -0.13096724  0.05566108 -0.1029548   0.06693881
 -0.05529728]
Current x array =  [-0.71619934 -0.82559663 -0.54227164  0.58818375 -2.2417888  -2.09928297
 -2.14196483 -1.68721687 -0.95761797 -1.42628168 -1.54515333 -4.01654247
 -2.87917597 -0.93345876 -0.27288931 -1.24742169 -1.06118504 -3.25940762
 -1.51231102 -1.58370124 -1.62976003 -1.17746237 -1.25785237]
log likelihood =  -24983.11200939639
Edge derivatives =  [-0.04057798744412566, 0.009479343322560396, -0.04429914234812343, 0.11253544075231817, -0.022641690050636182, -0.06771041157690397, -0.030818552544807032, -0.04872710895488985, -0.017905424465766095, -0.015783822966471517, 0.06327122913311978, 0.00341878257737227, 0.006634424218332047, -0.03223283099450491, 0.04222334382819237, 0.014714574471354602]
other derivatives: [-0.17462298  0.24701876 -0.3092282   0.21864253 -0.19281288  0.04729372
 -0.04620233]
Current x array =  [-0.716186   -0.82565397 -0.5422546   0.58803948 -2.24176283 -2.0989671
 -2.14228481 -1.68728029 -0.95760919 -1.4267261  -1.54474275 -4.01532705
 -2.87981122 -0.9335334  -0.27271482 -1.2473188  -1.06114967 -3.25912052
 -1.51217729 -1.58374778 -1.62965442 -1.17765868 -1.25790915]
log likelihood =  -24983.11189232239
Edge derivatives =  [-0.02410147311904476, 0.03795793967519545, -0.011501229765516235, 0.08664543258687583, -0.023696944157176908, -0.05244707529234832, -0.006206825210465228, -0.06439662859121781, -0.02014730104480017, 0.0036805004847892953, 0.05357098691200057, -0.014396607788083937, 0.0036566100919706856, -0.034581025753462336, 0.07258344150138829, 0.022324396035634658]
other derivatives: [-0.22700988  0.16989361 -0.68175723  0.17389539 -0.08767529  0.02728484
 -0.04547474]
Current x array =  [-0.71618265 -0.82564022 -0.54218722  0.58809552 -2.24188097 -2.09861218
 -2.14234271 -1.68723933 -0.95772304 -1.42692411 -1.54421373 -4.01484209
 -2.88037333 -0.9337017  -0.27263636 -1.24727654 -1.06116999 -3.25848868
 -1.51209625 -1.58371783 -1.62963159 -1.17774922 -1.25793687]
log likelihood =  -24983.1117747921
Edge derivatives =  [-0.0059017221685302435, 0.06232489605957747, 0.026930775167545218, 0.029465280322635914, -0.026193638884899284, -0.028106585072645657, 0.0355502590321467, -0.08773988835297405, -0.03995597788005384, 0.01574721566859527, 0.03622929906957137, -0.045306650380183, -0.015835590274817707, -0.03851849264275309, 0.10248707414330727, 0.02665305696880302]
other derivatives: [ 0.34233381  0.36161509 -0.02837623  0.04292815  0.0516593  -0.00545697
 -0.04220055]
Current x array =  [-0.71624425 -0.82570118 -0.54227071  0.58818628 -2.24198852 -2.09801832
 -2.14253756 -1.68722688 -0.95788555 -1.42723364 -1.54323355 -4.01410344
 -2.88130736 -0.93400355 -0.27255466 -1.24718435 -1.0611952  -3.25749971
 -1.5119509  -1.58362391 -1.62962368 -1.17785821 -1.25796067]
log likelihood =  -24983.111728729484
Edge derivatives =  [-0.01233586873896031, 0.059258897046137626, 0.008485310218717207, 0.01989329242996868, -0.024850354361384358, -0.028930134411515207, 0.034914865084409774, -0.0668436584802049, -0.03666038681766032, 0.017759062183145158, 0.03131600306145363, -0.04412794996891767, -0.02188321587318895, -0.03466855155865656, 0.06913725743930654, 0.013059043796333214]
other derivatives: [ 0.06402843  0.04329195 -0.06330083 -0.0349246   0.10004442 -0.00618456
 -0.04401954]
Current x array =  [-0.71621213 -0.82561305 -0.54226283  0.58825738 -2.24201601 -2.09798994
 -2.14246819 -1.6872009  -0.9579133  -1.42714391 -1.54315717 -4.01437183
 -2.88131127 -0.93402825 -0.27260337 -1.24721894 -1.06121229 -3.25734417
 -1.51198119 -1.58358821 -1.62968014 -1.17778639 -1.25794165]
      fun: 24983.111728729484
 hess_inv: <23x23 LbfgsInvHessProduct with dtype=float64>
      jac: array([-0.06402843, -0.04329195,  0.06330083,  0.0349246 , -0.10004442,
        0.00618456,  0.04401954,  0.01233587, -0.0592589 , -0.00848531,
       -0.01989329,  0.02485035,  0.02893013, -0.03491487,  0.06684366,
        0.03666039, -0.01775906, -0.031316  ,  0.04412795,  0.02188322,
        0.03466855, -0.06913726, -0.01305904])
  message: 'CONVERGENCE: REL_REDUCTION_OF_F_<=_FACTR*EPSMCH'
     nfev: 81
      nit: 74
     njev: 81
   status: 0
  success: True
        x: array([-0.71621213, -0.82561305, -0.54226283,  0.58825738, -2.24201601,
       -2.09798994, -2.14246819, -1.6872009 , -0.9579133 , -1.42714391,
       -1.54315717, -4.01437183, -2.88131127, -0.93402825, -0.27260337,
       -1.24721894, -1.06121229, -3.25734417, -1.51198119, -1.58358821,
       -1.62968014, -1.17778639, -1.25794165])
