number of sites to be analyzed:  316
log likelihood =  -3245.8659937306084
Lr derivatives =  [141.91848778685116, -79.75775431716255, -139.0949100158411]
other derivatives =  [ 51.18983518 -18.92306136  38.28047738 -72.22749582 252.9587
  -9.08261836  -0.        ]
Current x_clock array =  [-0.63138149 -0.8077619  -0.50662835  0.18232156 -0.10536052 -0.10536052
  0.33647224 -0.51082562 -0.51082562 -0.51082562]
log likelihood =  -3066.020882870119
Lr derivatives =  [-82.80420534097144, -180.01753023962203, -188.95017660650453]
other derivatives =  [-178.44272679   -7.78892172  -96.22830066  -37.04911478  159.6260131
   -5.20767389   -0.        ]
Current x_clock array =  [-0.79877658 -0.80528395 -0.63180875  0.41851158 -0.93255688 -0.07565958
  0.33647224 -0.97491109 -0.50915518 -0.50915518]
log likelihood =  -2847.2656191577857
Lr derivatives =  [-116.34733594178908, -133.63489456660392, -95.7004979331064]
other derivatives =  [117.20276871  26.54934815 -51.82513496  10.05514787  50.28449031
  -4.03516879  -0.        ]
Current x_clock array =  [-0.57842236 -0.79408592 -0.54618644  0.72199634 -2.05897789 -0.03632904
  0.33647224 -1.24022447 -0.15834231 -0.16458366]
log likelihood =  -2801.6370294356807
Lr derivatives =  [-68.05476064812527, -66.79040164848308, 67.42225195921492]
other derivatives =  [-168.30763479   12.02310295   29.34977283   14.31156761   18.66125334
   -2.66198776   -0.        ]
Current x_clock array =  [-0.80101803 -0.85368192 -0.40382852  0.8018501  -2.56152893 -0.01330237
  0.33647224 -1.06769302  0.          0.        ]
log likelihood =  -2782.8503699264193
Lr derivatives =  [-39.796333846075825, -53.53383057879646, 18.509494316629244]
other derivatives =  [-64.6233575   13.64419177   1.72253294  12.43783208  24.3801261
  -3.09086818  -0.        ]
Current x_clock array =  [-0.70405863 -0.86714884 -0.43313687  0.77730418 -2.54462398 -0.01172537
  0.33647224 -0.99370853  0.         -0.03776316]
log likelihood =  -2775.1832337989476
Lr derivatives =  [-13.32656870797108, -37.64111891250917, 14.330432094848483]
other derivatives =  [38.57244246  8.50905781  4.39212272 11.24700611 19.44699146 -2.63714628
 -0.        ]
Current x_clock array =  [-6.30470048e-01 -9.05396255e-01 -4.29932647e-01  7.67262801e-01
 -2.68714474e+00 -1.14651461e-03  3.36472237e-01 -8.89310561e-01
  0.00000000e+00 -4.61984373e-02]
log likelihood =  -2771.734923525064
Lr derivatives =  [1.7419463222005116, -29.2960367773084, -4.847059723791309]
other derivatives =  [17.6355652  -1.53200654 -3.51034032 10.30832482 12.85004629 -2.33291894
 -0.        ]
Current x_clock array =  [-0.64256853 -0.93786649 -0.42599532  0.76126346 -2.83308618  0.00910391
  0.33647224 -0.80898867  0.         -0.07273127]
log likelihood =  -2770.169582605989
Lr derivatives =  [5.020744328754542, -25.906903995613995, -1.0430276006087134]
other derivatives =  [ 7.12182236 -2.29516354  8.43204043  8.82780432  3.37616389 -1.69430041
 -0.        ]
Current x_clock array =  [-0.65018161 -0.94872834 -0.41164286  0.73998218 -3.00886556  0.02415709
  0.33647224 -0.77016693  0.         -0.06990716]
log likelihood =  -2770.4709475340524
Lr derivatives =  [9.985116357604971, -22.380985621192472, 16.857131266022808]
other derivatives =  [ -6.64719755  -0.12050396 -43.5277434    7.71314444  -1.79775901
  -1.25053703  -0.        ]
Current x_clock array =  [-0.65643311 -0.94258724 -0.44899356  0.68244216 -3.08518737  0.03877838
  0.33647224 -0.76482215  0.         -0.05070824]
log likelihood =  -2769.944386289145
Lr derivatives =  [6.901811722971419, -24.57089796809617, 5.232118105948298]
other derivatives =  [  1.64793119  -1.473466   -13.04806256   8.37733887   1.31290208
  -1.52418488  -0.        ]
Current x_clock array =  [-0.65263302 -0.94632022 -0.42628923  0.71741896 -3.03879371  0.02989055
  0.33647224 -0.76807108  0.         -0.06237867]
log likelihood =  -2769.6795669900835
Lr derivatives =  [3.6445222394925674, -26.40689139885447, 4.414519688279073]
other derivatives =  [-4.29183365 -0.47583762 -6.20942455  6.89465833 -0.76363861 -1.44612568
 -0.        ]
Current x_clock array =  [-0.65721038 -0.94261087 -0.42182559  0.69457493 -3.07183693  0.03590334
  0.33647224 -0.77399779  0.         -0.06252027]
log likelihood =  -2769.4039266684576
Lr derivatives =  [-0.3754076001676365, -29.105000298165443, 1.5347056173492515]
other derivatives =  [-5.03344427  0.68826739 -0.19497429  3.63004119 -1.96868421 -1.43804618
 -0.        ]
Current x_clock array =  [-0.65806718 -0.93630969 -0.42024692  0.64556947 -3.08927757  0.04617241
  0.33647224 -0.78609887  0.         -0.06467304]
log likelihood =  -2769.274715064601
Lr derivatives =  [-1.4599675663762444, -30.108948603086844, 0.03397315564852299]
other derivatives =  [-1.63844425  0.32246362  1.16527735  0.55417786 -1.23351979 -1.46873936
 -0.        ]
Current x_clock array =  [-0.65574595 -0.93387651 -0.4220512   0.60163411 -3.07731794  0.05693332
  0.33647224 -0.79257044  0.         -0.06584036]
log likelihood =  -2769.246394029198
Lr derivatives =  [0.5559647819061801, -28.945560126262045, 0.9989104524888823]
other derivatives =  [-0.50499102  0.97564953  1.19112156 -0.51295001 -0.09393632 -1.44796968
 -0.        ]
Current x_clock array =  [-0.65523326 -0.93219677 -0.42268377  0.58733919 -3.06148848  0.06799209
  0.33647224 -0.78910489  0.         -0.06506993]
log likelihood =  -2769.232172801206
Lr derivatives =  [0.26401731642901183, -29.35023094668298, -0.9542057740779484]
other derivatives =  [ 0.00607497 -1.19940796 -0.70551641 -0.79023084  0.38468741 -1.43816669
 -0.        ]
Current x_clock array =  [-0.65451002 -0.93591733 -0.42442455  0.5844065  -3.05295468  0.07956566
  0.33647224 -0.79021229  0.         -0.06751844]
log likelihood =  -2769.217597958217
Lr derivatives =  [0.5680171885927976, -29.179849724936325, -0.8573450843221408]
other derivatives =  [ 0.69396174 -1.38158339 -1.16395677 -0.74556465  0.55030649 -1.3845488
 -0.        ]
Current x_clock array =  [-0.65401844 -0.93637316 -0.42477598  0.58516659 -3.04992632  0.09145251
  0.33647224 -0.78973612  0.         -0.06761056]
log likelihood =  -2769.1007048490874
Lr derivatives =  [2.064325173449288, -28.32955387503986, -0.21421978992420776]
other derivatives =  [ 3.92982201 -1.82715121 -3.54824761 -0.15892147  1.27025057 -0.68318832
 -0.        ]
Current x_clock array =  [-0.65184742 -0.93740792 -0.42660788  0.59319308 -3.03064407  0.22919941
  0.33647224 -0.78882163  0.         -0.0687335 ]
log likelihood =  -2769.085581169317
Lr derivatives =  [0.6021820214000719, -29.18869859524044, 0.2328446621827247]
other derivatives =  [-6.14933469 -1.88707054 -3.4147306   0.0256523   1.9211348  -0.17653338
 -0.        ]
Current x_clock array =  [-0.65901382 -0.93446329 -0.42673814  0.59536612 -3.00760251  0.32977612
  0.33647224 -0.79723922  0.         -0.06839017]
log likelihood =  -2769.0403275379754
Lr derivatives =  [0.5925635214497049, -29.062415970981736, 0.5937608357870072]
other derivatives =  [ 1.55121143 -0.49169967 -1.40322982  0.15594333  0.53114455  0.06071332
 -0.        ]
Current x_clock array =  [-0.65385289 -0.93344585 -0.42529142  0.59554336 -3.03106368  0.34893875
  0.33647224 -0.79514032  0.         -0.0685038 ]
log likelihood =  -2769.035501705912
Lr derivatives =  [0.09314626352194644, -29.355120462740544, 0.1867128100297073]
other derivatives =  [ 0.75526168 -0.06776099 -0.3479463   0.04756566  0.12667333 -0.03534024
 -0.        ]
Current x_clock array =  [-0.65445168 -0.93259563 -0.42446612  0.5937693  -3.03885803  0.33152243
  0.33647224 -0.79547047  0.         -0.06875584]
log likelihood =  -2769.0350157388048
Lr derivatives =  [-0.046374893480911616, -29.44176323287842, -0.04050435387519258]
other derivatives =  [ 0.14393299  0.07547351  0.03352943  0.02757724  0.01449875 -0.00753153
 -0.        ]
Current x_clock array =  [-0.65491115 -0.93221489 -0.42416566  0.59339317 -3.04035752  0.33555138
  0.33647224 -0.79567257  0.         -0.06906454]
log likelihood =  -2769.0349909714305
Lr derivatives =  [-0.027676471702283933, -29.427206662343345, -0.011331063774932204]
other derivatives =  [ 0.01471835  0.0429086  -0.01927674  0.00801219 -0.00157496 -0.00303407
 -0.        ]
Current x_clock array =  [-0.65499601 -0.93227233 -0.4241941   0.59306971 -3.04067593  0.3360067
  0.33647224 -0.79557954  0.         -0.0690348 ]
log likelihood =  -2769.0349865961916
Lr derivatives =  [-0.00823337237518551, -29.41313385632874, -0.002204160115319098]
other derivatives =  [-0.00491991 -0.00387399  0.03076457 -0.0050818   0.00210063  0.00020054
 -0.        ]
Current x_clock array =  [-0.65501081 -0.93237443 -0.42415309  0.59294748 -3.04069447  0.33642334
  0.33647224 -0.79548204  0.         -0.06903173]
      fun: 2769.0349865961916
 hess_inv: <10x10 LbfgsInvHessProduct with dtype=float64>
      jac: array([-4.91991159e-03, -3.87399268e-03,  3.07645678e-02, -5.08180165e-03,
        2.10063239e-03,  2.00543582e-04, -0.00000000e+00, -8.23337238e-03,
       -2.94131339e+01, -2.20416012e-03])
  message: 'CONVERGENCE: REL_REDUCTION_OF_F_<=_FACTR*EPSMCH'
     nfev: 23
      nit: 21
     njev: 23
   status: 0
  success: True
        x: array([-0.65501081, -0.93237443, -0.42415309,  0.59294748, -3.04069447,
        0.33642334,  0.33647224, -0.79548204,  0.        , -0.06903173])
