number of sites to be analyzed:  404
log likelihood =  -11008.253076570647
Edge derivatives =  [86.35294111720154, 82.22808029817848, 101.0725733401039, 99.6479920553197, -12.880442224148702, -6.098293196388198, 232.60046019060934, 193.398597015948, 94.51434185097371, 101.2741144433813, 96.02246960047188, 85.06350025901473]
other derivatives: [ -69.52344665   80.03028961 -338.17727854  318.5081132  -854.8112437
    0.        ]
Current x array =  [-0.68842786 -0.74448082 -0.44182047  0.18232156 -0.10536052  0.33647224
 -2.30258509 -2.30258509 -2.30258509 -2.30258509 -2.30258509 -2.30258509
 -2.30258509 -2.30258509 -2.30258509 -2.30258509 -2.30258509 -2.30258509]
Forced parameter: {5: 0}
log likelihood =  -10370.676063107421
Edge derivatives =  [87.85363666925839, 81.09703230028062, 98.58107268744253, 106.43523359610535, -13.736964222971668, -0.3669413911897669, 238.4894990512003, 191.32912092460663, 100.73316434381609, 94.85243064914373, 92.74355647629773, 90.4791500348087]
other derivatives: [ 282.28219162  103.02094779  118.30503718  202.17872225 -453.9215066
    0.        ]
Current x array =  [-0.76351407 -0.74373077 -0.80705625  0.19292477 -1.02856756  0.33647224
 -2.29577822 -2.21377772 -2.29577822 -2.29577822 -2.31649613 -2.30917133
 -2.29577822 -2.29577822 -2.29577822 -2.29577822 -2.29577822 -2.29577822]
Forced parameter: {5: 0}
log likelihood =  -10307.451189123398
Edge derivatives =  [76.29625109793542, 74.05826625696875, 92.72891870331917, 94.93454201445837, -14.319729095464291, 0.2088407722435824, 215.89288327130973, 176.9830817292158, 89.79012428925235, 83.14316028145741, 81.25874251170724, 82.15094432153059]
other derivatives: [-3194.4120019     14.96311597    94.45361684   -64.79095464
   112.51963371     0.        ]
Current x array =  [-0.28321119 -0.61129191 -0.78720904  0.3456495  -2.36844569  0.33647224
 -2.18857088 -2.01578491 -2.179557   -2.16401312 -2.3494186  -2.31342927
 -2.01768667 -2.07601312 -2.17077656 -2.18658821 -2.18663174 -2.1827787 ]
Forced parameter: {5: 0}
log likelihood =  -10086.452784832596
Edge derivatives =  [86.03685023948933, 78.11962727190767, 97.32887307035186, 103.31901540530659, -13.361716053279368, 0.38987768879404827, 230.8234043680732, 186.09501859769017, 97.30972768244821, 90.60796875976982, 89.12188608199169, 87.42654450119728]
other derivatives: [-244.1542365    65.32126099  104.25202345  132.41622764 -217.04008519
    0.        ]
Current x array =  [-0.57266141 -0.691105   -0.79916978  0.25361131 -1.56098015  0.33647224
 -2.25317842 -2.1351035  -2.24959668 -2.24342018 -2.32957817 -2.31086326
 -2.18527605 -2.20845259 -2.24610769 -2.25239059 -2.25240789 -2.25087685]
Forced parameter: {5: 0}
log likelihood =  -9817.150076915315
Edge derivatives =  [86.40069023277988, 73.39769726919447, 97.97897030846927, 99.35141683622612, -8.125386636842983, 3.515405603533492, 211.89140616486475, 171.0108035878209, 89.50057013076977, 87.41995338208682, 86.76095056418539, 79.93137644581459]
other derivatives: [160.63501425 -85.30660671  62.69997539  21.82093158 123.18892715
   0.        ]
Current x array =  [-0.66610336 -0.58207047 -0.67094955  0.39273951 -2.34605758  0.33647224
 -2.13023948 -1.96569714 -2.1135555  -2.09391245 -2.35817752 -2.31211151
 -1.86206248 -1.95076037 -2.10501011 -2.12699299 -2.12747371 -2.12371355]
Forced parameter: {5: 0}
log likelihood =  -9561.127293194377
Edge derivatives =  [78.32926685373145, 65.69711059992767, 90.90452298047461, 81.45660098338254, -6.647658448525199, 0.907053799234207, 161.64207467446954, 133.9054840118633, 71.89698621704208, 77.39275284102015, 74.96994092676852, 63.97287060297297]
other derivatives: [-317.85340798  -70.63556586  -13.27645805  -33.11174623  206.67473364
    0.        ]
Current x array =  [-0.56731866 -0.63510846 -0.55798232  0.55901885 -2.643154    0.33647224
 -1.9237848  -1.76365251 -1.88022434 -1.85227992 -2.38606333 -2.30834105
 -1.33913298 -1.5290235  -1.88308375 -1.91467036 -1.91747339 -1.92484455]
Forced parameter: {5: 0}
log likelihood =  -9217.933843314346
Edge derivatives =  [57.38720174514922, 45.461157514340854, 64.49016356409668, 33.204489813781606, -5.696255676347127, -5.416773666217299, -17.235296620754863, 19.812298508080005, 24.493385110567626, 49.553966724304985, 39.55977553512147, 16.38925148351197]
other derivatives: [-222.37795929  -15.88567284 -546.38044821  -67.10432172  189.6753452
    0.        ]
Current x array =  [-0.63560644 -0.81437371 -0.32929479  0.89671981 -2.88451847  0.33647224
 -1.41570471 -1.30315242 -1.30214895 -1.2711219  -2.44595903 -2.29941561
 -0.09587323 -0.52113992 -1.35289181 -1.39354979 -1.40502822 -1.45049178]
Forced parameter: {5: 0}
log likelihood =  -9413.292339032812
Edge derivatives =  [5.3195203520464815, 10.149137440609364, 1.58200281322042, -12.016572217079048, -20.815317023787156, -19.71134593846217, -137.89968319082587, -78.40555281625807, -40.6891577181609, -43.78467176373574, -30.89585204848237, -34.91314571353401]
other derivatives: [-67.00807899 -15.40892117 991.01681917 -91.7967518    6.56144307
   0.        ]
Current x array =  [-0.64401085 -0.84634555 -0.85812979  0.99228858 -2.715631    0.33647224
 -1.05706436 -0.98967362 -0.8994597  -0.90689944 -2.48950057 -2.30130601
  0.53716891  0.04521393 -1.02770599 -1.04277991 -1.0738222  -1.16899666]
Forced parameter: {5: 0}
log likelihood =  -9158.669229169513
Edge derivatives =  [45.72975380217592, 36.2822765745196, 50.14437572585574, 22.02536378855629, -10.148417658047665, -8.12493058221854, -43.22534437678089, -3.1509507509769734, 11.216075183558642, 25.339803957603067, 23.100846248343235, 6.412481182616554]
other derivatives: [-146.55262203  -16.93612103  161.85742243  -86.70097304  149.31085458
    0.        ]
Current x array =  [-0.63824686 -0.82441833 -0.49543923  0.92674471 -2.83145898  0.33647224
 -1.30303043 -1.20466658 -1.1756358  -1.15669389 -2.45963851 -2.30000952
  0.10301004 -0.34320816 -1.25072797 -1.28334819 -1.30097301 -1.36205428]
Forced parameter: {5: 0}
log likelihood =  -9123.056907433758
Edge derivatives =  [40.806971823924634, 33.7275848730087, 44.15437926525303, 14.775631203733619, -10.613819520161567, -9.3192558170465, -69.058016615417, -20.056553069724224, 5.848537927290258, 21.73428977498265, 18.493743716987964, 1.3682747213538344]
other derivatives: [-80.37669977  24.71794505  69.73867494 -67.08916044  52.34893324
   0.        ]
Current x array =  [-0.667817   -0.84896959 -0.46444904  0.91539733 -2.59721183  0.33647224
 -1.26643083 -1.19271176 -1.13394654 -1.12677675 -2.46163674 -2.30125954
  0.13592207 -0.30419619 -1.22679918 -1.2517673  -1.27165794 -1.34236299]
Forced parameter: {5: 0}
log likelihood =  -9095.188275872188
Edge derivatives =  [34.09771413817117, 30.780765598562724, 36.770956714350255, 11.936336028783684, -11.130248662556705, -10.319108716659931, -58.66520238850973, -23.103662220160256, 4.44649895879452, 19.695871668479896, 16.74716317750399, 1.5070869362562485]
other derivatives: [ -6.81267557 -21.49174907 -30.78233203 -30.05294639 -18.28989551
   0.        ]
Current x array =  [-0.70093096 -0.80081963 -0.44191628  0.80417906 -2.3688352   0.33647224
 -1.24217117 -1.19190174 -1.10909823 -1.14759464 -2.46965325 -2.31478554
 -0.0597253  -0.40781103 -1.25679435 -1.25430576 -1.27961158 -1.37524703]
Forced parameter: {5: 0}
log likelihood =  -9077.713841862713
Edge derivatives =  [26.43349054347459, 26.08089946389765, 28.246543565869445, 11.252758076077193, -10.765913109342028, -10.719496422164815, -30.391549496732075, -15.393342152626854, 2.615430926829569, 15.44745373110843, 13.158966995439368, 0.7693814555980878]
other derivatives: [ 46.6909878   14.35298145 -25.02545431   8.94985351 -39.63692644
   0.        ]
Current x array =  [-0.72162323 -0.81990725 -0.44479604  0.68751035 -2.296331    0.33647224
 -1.16776772 -1.13170164 -1.02963341 -1.13374283 -2.49410098 -2.3394762
 -0.25276305 -0.49465293 -1.26123128 -1.2195458  -1.25224317 -1.3865054 ]
Forced parameter: {5: 0}
log likelihood =  -9061.63968876368
Edge derivatives =  [7.99257301002526, 12.67394190679133, 6.261168091801197, 3.010087105536247, -10.974745839126868, -11.559522441636894, -9.779791390324759, -12.495000796025165, -7.805378505694078, -2.701967502815543, -2.2169017902815287, -6.9247002877084]
other derivatives: [ 14.66530739 -70.65923273  18.843215    35.19418533 -37.53675456
   0.        ]
Current x array =  [-0.72211217 -0.77380949 -0.45081262  0.61568037 -2.3452168   0.33647224
 -0.96706233 -0.94425094 -0.81165098 -1.02589066 -2.55486491 -2.39259692
 -0.38444277 -0.50949739 -1.20343419 -1.08934751 -1.13649243 -1.34696442]
Forced parameter: {5: 0}
log likelihood =  -9053.950350996185
Edge derivatives =  [2.7221920895187925, 7.257363308052545, -0.2129291170149839, 2.2441484331744497, -8.986756669163212, -10.237492338612297, 5.096383367083668, -2.4115659883153953, -7.968627932819053, -5.9056500355397334, -6.254700771260323, -8.371425826949018]
other derivatives: [28.3387144  46.14737918 26.94711839 28.54695595 -5.17917829  0.        ]
Current x array =  [-0.72476211 -0.86722895 -0.44269788  0.64656517 -2.46330663  0.33647224
 -0.83392448 -0.80368336 -0.6720591  -0.94960273 -2.61113454 -2.44395404
 -0.44398048 -0.51794526 -1.17807202 -1.01603634 -1.07052456 -1.33121774]
Forced parameter: {5: 0}
log likelihood =  -9051.401726970495
Edge derivatives =  [2.8109833551757313, 6.819684250831869, 0.4524716939163096, 2.527299009467188, -8.60584853787388, -9.690381712430998, 4.936805655428337, -1.3027831151448865, -6.558693779969079, -4.699238950807592, -5.131405961492062, -7.131293976818168]
other derivatives: [ 6.53991992 11.74034514  6.58286081 14.53769619  7.02227801  0.        ]
Current x array =  [-0.71714994 -0.84426841 -0.43569888  0.69079667 -2.49105684  0.33647224
 -0.82309141 -0.78423557 -0.66453421 -0.94127332 -2.62628923 -2.46020555
 -0.43297108 -0.51821057 -1.18616685 -1.01908042 -1.07417717 -1.33997358]
Forced parameter: {5: 0}
log likelihood =  -9050.082196881165
Edge derivatives =  [1.048781220256373, 5.2782426173893215, -0.827473259087606, 1.5414568467991163, -8.01970780410477, -8.949746863091498, 4.038404117738281, -0.8828102643166071, -4.880252494657099, -3.8031191963874873, -4.22490299901926, -5.604536727014337]
other derivatives: [-11.32647049  -9.04691296 -10.42047734   0.19233812   7.78842582
   0.        ]
Current x array =  [-0.71076407 -0.83217855 -0.42978598  0.74179086 -2.49424487  0.33647224
 -0.7995653  -0.75067201 -0.64561675 -0.92518961 -2.65287685 -2.4887189
 -0.42473077 -0.52070342 -1.19785291 -1.0201888  -1.07704075 -1.35377155]
Forced parameter: {5: 0}
log likelihood =  -9049.374855667826
Edge derivatives =  [-0.421582684929282, 3.9886017031081513, -1.7391072118774922, 0.873294657121968, -7.347621160177009, -8.13175136455533, 4.318443102685711, 0.2117931114209597, -2.709734710431348, -2.352005104755648, -2.6332331795686446, -3.5363920105479707]
other derivatives: [ -8.03838338 -10.30113708  -9.40813152  -8.06973549   5.14006036
   0.        ]
Current x array =  [-0.71092247 -0.83163218 -0.42917251  0.76946483 -2.48571503  0.33647224
 -0.78397714 -0.72396207 -0.63532588 -0.9155274  -2.67976994 -2.51821522
 -0.42564134 -0.53039773 -1.21318653 -1.02663987 -1.08517071 -1.37125212]
Forced parameter: {5: 0}
log likelihood =  -9048.775714549978
Edge derivatives =  [-4.574722344726436, 0.2305919708857749, -4.585348554203677, -2.014129151932851, -5.727670857501613, -6.159510389164379, 0.05844844250881964, -0.5916566832069774, 1.3447528611297956, 0.2484482486796844, 0.3803592287968376, 0.8843251965724597]
other derivatives: [-65.46124678   1.07617416 -11.42431756  -4.12798545  -6.81157001
   0.        ]
Current x array =  [-0.69180688 -0.84056797 -0.43105156  0.77241981 -2.46224677  0.33647224
 -0.76311488 -0.66524842 -0.62768962 -0.89721575 -2.75487092 -2.60072643
 -0.40825903 -0.54310912 -1.24472434 -1.04341073 -1.10536748 -1.41011371]
Forced parameter: {5: 0}
log likelihood =  -9047.800387260668
Edge derivatives =  [-4.278502155529589, -0.5814404255310655, -3.3010621681285817, -1.3573898778361446, -4.6428224560490206, -4.842793080162268, 1.038036370808617, 1.4656745772404003, 4.5628528556510375, 2.9857633202561793, 3.433524788376939, 4.104154855172782]
other derivatives: [-3.95125608 -0.90318645  6.27581721 -8.75660771 -1.39370915  0.        ]
Current x array =  [-0.71134463 -0.83640216 -0.43394759  0.7747844  -2.46939797  0.33647224
 -0.75819834 -0.63642646 -0.63034222 -0.89197484 -2.7966517  -2.64688614
 -0.40302826 -0.55507563 -1.26402981 -1.05606798 -1.11957604 -1.43300325]
Forced parameter: {5: 0}
log likelihood =  -9047.532703910772
Edge derivatives =  [-3.9762337110106225, -0.6427909974014017, -2.9271002807423265, -1.3028763522836602, -4.448450144123533, -4.626570213098512, 0.27892166269771435, 1.0508215593757806, 4.4441661025460935, 2.9980191062027126, 3.4350321050584878, 4.159201628823386]
other derivatives: [ 3.91707181  1.46314596  2.84049929 -2.4310757  -0.63929459  0.        ]
Current x array =  [-0.71484973 -0.83720106 -0.43360381  0.75398306 -2.47325185  0.33647224
 -0.76290317 -0.63411341 -0.63533749 -0.89284647 -2.80594948 -2.65693441
 -0.39820633 -0.55322485 -1.2620584  -1.05547449 -1.11889022 -1.43227734]
Forced parameter: {5: 0}
log likelihood =  -9047.210704586112
Edge derivatives =  [-3.6285419401002104, -1.2497343705863768, -2.2569688026212344, -1.4981215938889918, -3.920425325739759, -3.947351159317953, -2.4815053215616674, -0.3826006578888679, 4.076624184673337, 2.383596341094021, 2.9601275199113264, 4.268142394722394]
other derivatives: [ 4.73933324  1.80011193 16.61851638  4.27532541  0.44468585  0.        ]
Current x array =  [-0.71572586 -0.8368027  -0.43806     0.73125853 -2.47936103  0.33647224
 -0.77270515 -0.6206206  -0.64627787 -0.89153913 -2.84070412 -2.6942568
 -0.37948118 -0.5464815  -1.25653219 -1.05242962 -1.11551377 -1.43021847]
Forced parameter: {5: 0}
log likelihood =  -9047.288851272588
Edge derivatives =  [-3.429147351893717, -2.831432323202377, -1.2431718359365211, -2.1084797445896784, -2.548519772151359, -2.4665821780954116, -6.025310312639204, -1.6709157666084336, 3.4659289970148994, 2.4238391369643173, 2.028635315785642, 4.098179557692202]
other derivatives: [  9.18503611   4.28999738 -57.10884034  15.31721864  -2.94715295
   0.        ]
Current x array =  [-0.7206738  -0.83831686 -0.420371    0.70629207 -2.48264293  0.33647224
 -0.78120446 -0.57916339 -0.6558228  -0.88366212 -2.92484189 -2.78391557
 -0.3610702  -0.54251823 -1.24416309 -1.04019232 -1.10307391 -1.42536204]
Forced parameter: {5: 0}
log likelihood =  -9046.996662379019
Edge derivatives =  [-3.5275592721683857, -1.9655379315515547, -1.7749044702563326, -1.769662114221782, -3.26234536774276, -3.2340433736286593, -4.096911058298598, -0.9690768774530703, 3.7988729072462184, 2.402364479941263, 2.5376612593673618, 4.1958923980917735]
other derivatives: [  6.7689034    2.96966027 -16.63106559   9.39142956  -1.08794378
   0.        ]
Current x array =  [-0.71801138 -0.83750211 -0.42988924  0.71972623 -2.48087698  0.33647224
 -0.77663108 -0.60147103 -0.65068678 -0.88790065 -2.87956834 -2.73567124
 -0.37097693 -0.54465082 -1.25081876 -1.04677707 -1.10976765 -1.42797523]
Forced parameter: {5: 0}
log likelihood =  -9046.73412285475
Edge derivatives =  [-3.012066506630017, -2.2894272790955483, -1.0183483147491554, -1.7188364358664305, -2.90621913348687, -2.773760556770241, -5.496905874033714, -1.6446122157576617, 3.110133547591839, 1.5915911642999685, 1.6595197282506606, 3.7764160445523522]
other derivatives: [ 3.03965862  0.87499939 -9.15080818  8.93326433  0.31004054  0.        ]
Current x array =  [-0.71664046 -0.83639692 -0.43179853  0.72068681 -2.48538271  0.33647224
 -0.78473267 -0.59059934 -0.65803924 -0.88684118 -2.9096219  -2.76752984
 -0.3601724  -0.54011534 -1.24269895 -1.04112026 -1.10351382 -1.42201446]
Forced parameter: {5: 0}
log likelihood =  -9046.21100713931
Edge derivatives =  [-1.4631939520862525, -2.774612001009713, 1.0059496765053006, -1.2518047050727938, -2.0768833534343454, -1.7419942151578813, -6.660524136339891, -2.1602363629667796, 0.9896777751487236, -0.4698494917150826, -0.8029271231932129, 2.1335040879326495]
other derivatives: [-2.13277599 -2.33098945  0.23302528  3.10622272  2.78425117  0.        ]
Current x array =  [-0.71400399 -0.83525265 -0.4335724   0.73845342 -2.49026454  0.33647224
 -0.80714236 -0.56704985 -0.67476289 -0.88663487 -2.98823312 -2.85022727
 -0.34871888 -0.53476402 -1.21889219 -1.02516091 -1.08614853 -1.40200087]
Forced parameter: {5: 0}
log likelihood =  -9045.895054463423
Edge derivatives =  [-0.6874753664445725, -2.9105014583531257, 1.600698872790323, -0.8785670816795983, -1.5655595569871037, -1.1479098593971229, -4.1156741433296595, -1.1625393512103464, -0.522472213140412, -1.61002413446217, -2.0577202383143924, 0.7331120630283142]
other derivatives: [-0.42618558 -3.95987809  3.32151649  0.34824916  1.85898039  0.        ]
Current x array =  [-0.71387875 -0.83391351 -0.43414338  0.74582375 -2.4823342   0.33647224
 -0.82365042 -0.56013109 -0.68059995 -0.89050004 -3.04299994 -2.90671544
 -0.36644552 -0.54095146 -1.20357331 -1.01757182 -1.07925122 -1.38593993]
Forced parameter: {5: 0}
log likelihood =  -9045.690311125132
Edge derivatives =  [1.1158060899044013, -1.7981961060227634, 2.419675533490553, 0.22143014488236323, -0.799703545914021, -0.3197445002070277, 0.323679001750081, 0.8193604424982694, -0.7026890422604626, -0.41456994205338127, -0.9067896380821758, -0.2367307826906997]
other derivatives: [ 1.62596189 10.49472849  1.92537482 -2.35330299  3.84733218  0.        ]
Current x array =  [-0.71259984 -0.84336073 -0.43391526  0.7520876  -2.47726101  0.33647224
 -0.84781486 -0.57138203 -0.68161173 -0.90092456 -3.11204124 -2.97546045
 -0.3953177  -0.5497392  -1.19503454 -1.0225346  -1.08772057 -1.36951602]
Forced parameter: {5: 0}
log likelihood =  -9045.623649672565
Edge derivatives =  [0.9094852712987063, -1.7910138971633303, 1.3886961386993715, 0.061697936698784345, -0.505315088254662, 0.0366349044748846, 2.4440694257290763, 1.4726409154368694, -0.6263961466551781, -0.07822509077467199, -0.13116263253417237, -0.37791382769679704]
other derivatives: [-0.96461554 -8.16591637 -2.8587001  -2.38975008  1.4345093   0.        ]
Current x array =  [-0.71211393 -0.82902789 -0.43328916  0.75091418 -2.46528464  0.33647224
 -0.85476568 -0.57885076 -0.67583611 -0.90534428 -3.14561373 -3.0082018
 -0.41414197 -0.55668823 -1.19630038 -1.02834934 -1.09658566 -1.36603649]
Forced parameter: {5: 0}
log likelihood =  -9045.571301805925
Edge derivatives =  [0.5807651783923047, -1.8632215806714367, 1.0493942875182463, -0.2129916781799991, -0.5802057233356892, -0.06079187456683434, 1.229808893443486, 0.8065857007316333, -0.3322286357946229, 0.02666723971283358, -0.028204792418666358, -0.10344832926147762]
other derivatives: [-0.94685129 -0.56967838 -0.37268182 -0.5127622  -0.05993558  0.        ]
Current x array =  [-0.71219012 -0.83442436 -0.4340979   0.74648334 -2.46452682  0.33647224
 -0.85009875 -0.57972181 -0.67374267 -0.90364862 -3.1349791  -2.99700131
 -0.40704207 -0.55344681 -1.19906855 -1.02884692 -1.0968366  -1.36935514]
Forced parameter: {5: 0}
log likelihood =  -9045.555275350493
Edge derivatives =  [0.5846401418754719, -1.6080121440320907, 0.7699428535662024, -0.25599286800116683, -0.5793976148405857, -0.06494623137737282, 0.880564846108984, 0.4654295071900072, -0.1935115314592134, 0.19158898984943717, 0.20474963468195195, -0.10064784102168267]
other derivatives: [-0.58626938  0.9403193   0.22246786  0.26204179 -0.63186208  0.        ]
Current x array =  [-0.71233223 -0.83533123 -0.43441157  0.74423662 -2.46352697  0.33647224
 -0.84978972 -0.58602696 -0.67114183 -0.90465974 -3.13448674 -2.99528122
 -0.40556419 -0.55146002 -1.20023908 -1.03027065 -1.09869527 -1.36918817]
Forced parameter: {5: 0}
log likelihood =  -9045.529999965807
Edge derivatives =  [0.8234019943662626, -0.8430424776416874, 0.3626677278849748, -0.1544251863597239, -0.5248084182679276, -0.011168268581321267, 0.2269213583532902, -0.1436566920997957, 0.08661772278606177, 0.5257782104737041, 0.6528755438476692, -0.14603448807794817]
other derivatives: [ 1.8943847   1.7501352   0.68163172  0.6883638  -0.68553934  0.        ]
Current x array =  [-0.7131463  -0.83560143 -0.43467682  0.74250927 -2.46361408  0.33647224
 -0.84981941 -0.60204914 -0.66538215 -0.90786523 -3.13973007 -2.99699459
 -0.40172454 -0.54701742 -1.20190972 -1.03258045 -1.101851   -1.36782718]
Forced parameter: {5: 0}
log likelihood =  -9045.565257187183
Edge derivatives =  [0.7981281578218683, 0.018738043349911027, -0.46508282729010425, -0.2155279220047101, -0.4740990544412407, 0.030663703430487587, -0.6264348874278816, -0.864210975584693, 0.1362649887605008, 0.5211114015101618, 0.7049160487443835, -0.4238263640585166]
other derivatives: [-16.33765714   1.78246955  -3.6262627    1.82536132  -1.24218478
   0.        ]
Current x array =  [-0.70704126 -0.83616779 -0.43424173  0.74193493 -2.46349858  0.33647224
 -0.84800992 -0.62408211 -0.65720878 -0.91246601 -3.1498664  -3.00125242
 -0.39866316 -0.54277582 -1.20262623 -1.03329562 -1.10325163 -1.36542332]
Forced parameter: {5: 0}
log likelihood =  -9045.525080191874
Edge derivatives =  [0.8165707761350092, -0.6175201642265707, 0.14898210140981663, -0.17037977422156036, -0.5116325016241487, -0.00033175863123592955, 0.005496887025509656, -0.330559377198665, 0.09929527201622469, 0.5244195454980385, 0.666184082187359, -0.21807721115405632]
other derivatives: [-2.80012136  1.75901187 -0.43469117  0.98038618 -0.82807744  0.        ]
Current x array =  [-0.71156333 -0.83574828 -0.43456401  0.74236035 -2.46358413  0.33647224
 -0.84935023 -0.60776205 -0.66326289 -0.90905817 -3.14235831 -2.9980986
 -0.40093075 -0.54591762 -1.2020955  -1.03276589 -1.10221416 -1.36720389]
Forced parameter: {5: 0}
log likelihood =  -9045.516245514049
Edge derivatives =  [0.9986113730317849, -0.23414004509762942, 0.05301004399806519, -0.05242183921835342, -0.4456864090517274, 0.07300455792158841, -0.22913119631945578, -0.5305294769890265, 0.12178677218657055, 0.5339727335764936, 0.7062964373448857, -0.31222074381355713]
other derivatives: [-0.93840208  0.58182741 -0.25842928  0.67176006 -0.45509171  0.        ]
Current x array =  [-0.7121842  -0.83481224 -0.43457779  0.74281939 -2.46437385  0.33647224
 -0.84967559 -0.61520626 -0.66082915 -0.91088336 -3.15051738 -3.00416248
 -0.39906532 -0.54410528 -1.20165496 -1.03260284 -1.10230945 -1.36570265]
Forced parameter: {5: 0}
log likelihood =  -9045.509202769488
Edge derivatives =  [1.006346727499298, -0.003994752688134179, -0.0188013898192399, 0.04601600333333039, -0.4030657724394801, 0.1187913097789754, -0.21894433112877976, -0.4743901607972667, 0.07250585181206665, 0.33571217489445826, 0.5061520534664439, -0.35605743218593233]
other derivatives: [-0.24989276 -0.57684156  1.587734    0.04869798 -0.04325302  0.        ]
Current x array =  [-0.71235473 -0.83404894 -0.43494233  0.7443133  -2.46524192  0.33647224
 -0.84778865 -0.62021545 -0.65897379 -0.91207928 -3.15743743 -3.00869871
 -0.39846518 -0.54405671 -1.20090871 -1.03111843 -1.10063439 -1.36519022]
Forced parameter: {5: 0}
log likelihood =  -9045.505328077392
Edge derivatives =  [0.9491335678694564, 0.29468253017113333, 0.03328143505760822, 0.18809468902503163, -0.32632114043543237, 0.18297187747977553, -0.465413029907475, -0.3642646559002829, -0.05789519532127581, 0.012490245231532526, -0.00866249236480332, -0.40353566203276947]
other derivatives: [ 1.21423363 -1.37457937 -4.371057   -0.69017187  0.34535202  0.        ]
Current x array =  [-0.71305084 -0.83374631 -0.43311941  0.74723632 -2.46726418  0.33647224
 -0.8425591  -0.62583772 -0.65683428 -0.91313265 -3.16843598 -3.01536239
 -0.39579259 -0.54419365 -1.19902919 -1.02705217 -1.09567608 -1.36515247]
Forced parameter: {5: 0}
log likelihood =  -9045.499149269566
Edge derivatives =  [0.7587058850275741, 0.17931295809966008, -0.05144525833185071, 0.14757341293039328, -0.337383373160596, 0.172910471723957, -0.25959192758883676, -0.19588243516064496, -0.079997291802608, -0.16524526460619682, -0.15139003546061414, -0.33090335065280296]
other derivatives: [ 0.27298302 -1.19714241  0.28000431 -0.83187842  0.25407417  0.        ]
Current x array =  [-0.71260642 -0.83393464 -0.43430044  0.74740277 -2.46684618  0.33647224
 -0.84052956 -0.62484931 -0.65672994 -0.91278604 -3.16857063 -3.01485975
 -0.3969774  -0.54552699 -1.19911292 -1.02642798 -1.09484795 -1.36608053]
Forced parameter: {5: 0}
log likelihood =  -9045.496389506194
Edge derivatives =  [0.5680075284879877, 0.07717582707369922, -0.12200940475347455, 0.0935819934019074, -0.3395773314704932, 0.16555808954809142, -0.17635059162789846, -0.08261765672988508, -0.07126056025140116, -0.24923172250150394, -0.24797934338198724, -0.24473361765560864]
other derivatives: [-0.16319791 -0.51146526  1.23127393 -0.67332985 -0.05968438  0.        ]
Current x array =  [-0.71246026 -0.8344648  -0.43453834  0.74711613 -2.46630502  0.33647224
 -0.83820543 -0.62386496 -0.65654957 -0.91231691 -3.16862999 -3.01414222
 -0.39761489 -0.54658695 -1.19932246 -1.0258889  -1.0940942  -1.3671909 ]
Forced parameter: {5: 0}
log likelihood =  -9045.493536480888
Edge derivatives =  [0.3048202257517029, 0.01719791115950367, -0.2298674756396964, 0.04630569912018473, -0.31546531408325934, 0.18025051616297683, -0.06579257416974382, 0.07056536772319966, -0.02848659168192942, -0.2968880062977266, -0.3244220214959861, -0.1079430288602169]
other derivatives: [-0.23240136  0.28491195  0.97228985 -0.31482705 -0.40372645  0.        ]
Current x array =  [-0.71249682 -0.83505261 -0.43446441  0.746335   -2.46586903  0.33647224
 -0.83424438 -0.62421721 -0.6557683  -0.9120176  -3.17146325 -3.01472709
 -0.39844311 -0.54788641 -1.19959677 -1.02529132 -1.09326641 -1.36871325]
Forced parameter: {5: 0}
log likelihood =  -9045.49123112289
Edge derivatives =  [0.1012129173888564, 0.002523910407872171, -0.24751644031320003, 0.03600964904463305, -0.2821201007695077, 0.20500120246743708, -0.006460327161182722, 0.15072518072975805, 0.03559900019935178, -0.2272170836918017, -0.2621699410387608, 0.04303602431723397]
other derivatives: [-0.17856109  0.24019391  0.43226646  0.10198528 -0.22535761  0.        ]
Current x array =  [-0.71259997 -0.83501601 -0.43433959  0.74510352 -2.46668749  0.33647224
 -0.83045177 -0.62507532 -0.65552936 -0.9117736  -3.17512758 -3.01520784
 -0.39865121 -0.54831689 -1.19982788 -1.02547257 -1.09337757 -1.37001962]
Forced parameter: {5: 0}
log likelihood =  -9045.489594041639
Edge derivatives =  [-0.026315232014484213, 0.07622950591281596, -0.1591336615996763, 0.07120554573310905, -0.23089154584730953, 0.24474653253963563, -0.010392623918445976, 0.13384898170636172, 0.08662284205822653, -0.06358864081514715, -0.10654603258667628, 0.14347973977127382]
other derivatives: [ 0.26250018  0.69853922 -0.07257404  0.13866156  0.14739269  0.        ]
Current x array =  [-0.71274858 -0.8353423  -0.43419733  0.74496312 -2.46787645  0.33647224
 -0.8268542  -0.62712997 -0.65582172 -0.91172016 -3.18130545 -3.01626794
 -0.39826868 -0.54770605 -1.19958342 -1.02612225 -1.09409833 -1.37051848]
Forced parameter: {5: 0}
log likelihood =  -9045.488734540817
Edge derivatives =  [-0.242295778644586, -0.031211543149317067, -0.06978874923485845, 0.012457354517053598, -0.20970089636526837, 0.25263669075307726, 0.04135545750644165, 0.07764059259240019, 0.08842181295688319, 0.1055353392863625, 0.09561629076755374, 0.22949293766842704]
other derivatives: [-0.23934081 -0.71181421 -0.68422014  0.25354166  0.17522683  0.        ]
Current x array =  [-0.71265803 -0.8343113  -0.43409599  0.74461917 -2.46799688  0.33647224
 -0.82392295 -0.62613325 -0.65745482 -0.91083351 -3.18482095 -3.01450984
 -0.39882539 -0.54729521 -1.19946446 -1.02747595 -1.09567739 -1.3710533 ]
Forced parameter: {5: 0}
log likelihood =  -9045.487916568443
Edge derivatives =  [-0.1811577038202551, 0.03843131734950897, -0.03197727208932788, 0.03574678984969054, -0.2005616958829708, 0.2590798750131677, -0.020768925590155973, 0.0009775468285402322, 0.06758333698206125, 0.1227266294888274, 0.11484867100845708, 0.16884955644928556]
other derivatives: [ 0.10384065 -0.25783265 -0.37746213  0.04417961  0.19406999  0.        ]
Current x array =  [-0.7127176  -0.83463018 -0.43416032  0.74521796 -2.46799393  0.33647224
 -0.82433904 -0.62722209 -0.65755855 -0.91103009 -3.18653444 -3.01482414
 -0.39837599 -0.54661391 -1.19912051 -1.02753747 -1.09582753 -1.37032868]
Forced parameter: {5: 0}
log likelihood =  -9045.487120039772
Edge derivatives =  [-0.14500094533879382, 0.07564831134623404, 0.026509657528634545, 0.03348440734685704, -0.1931065558032049, 0.2575091402697913, -0.07808028568066705, -0.10822128649455443, 0.017330458116711397, 0.13876339608211308, 0.14227662526088602, 0.07373293805671366]
other derivatives: [ 0.14459147  0.04741378  0.01270018 -0.1919434   0.08111565  0.        ]
Current x array =  [-0.71267333 -0.83484355 -0.43426417  0.7459516  -2.46762997  0.33647224
 -0.82478    -0.62782643 -0.65821491 -0.91094945 -3.1890152  -3.01403062
 -0.39813448 -0.54579801 -1.19860616 -1.02773821 -1.09619542 -1.36929101]
Forced parameter: {5: 0}
log likelihood =  -9045.486257076464
Edge derivatives =  [-0.14958804854767815, 0.06430734629996765, 0.10663099610942739, 0.012808584232164466, -0.1851224208863565, 0.2480348596225767, -0.07754193774124762, -0.18296952945713874, -0.0413482205025852, 0.14287290227424476, 0.16240356818905566, -0.018644527183423687]
other derivatives: [ 0.6564569   0.17991988  0.49625305 -0.31841773 -0.06262828  0.        ]
Current x array =  [-0.7128169  -0.83490449 -0.43438974  0.746266   -2.46719     0.33647224
 -0.82486625 -0.62759462 -0.6593301  -0.91048502 -3.19235463 -3.01181395
 -0.3982742  -0.54526663 -1.19807178 -1.02790121 -1.09654253 -1.36831195]
Forced parameter: {5: 0}
log likelihood =  -9045.485056515332
Edge derivatives =  [-0.16768377657175332, 0.04590688232552359, 0.24850987368845837, -0.051600378911526856, -0.16459241643045852, 0.22294983343940106, -0.11068062352952301, -0.33012246440149573, -0.1903923503882001, 0.09578550598247193, 0.12628307557836704, -0.2551867042227639]
other derivatives: [-0.92710616  0.59337253  0.17981074 -0.35504127 -0.36353753  0.        ]
Current x array =  [-0.71225165 -0.83524355 -0.43438102  0.74672127 -2.46650514  0.33647224
 -0.82515279 -0.62740575 -0.66154989 -0.90949968 -3.201083   -3.00662952
 -0.3985446  -0.54434583 -1.19682976 -1.02778534 -1.09677397 -1.366039  ]
Forced parameter: {5: 0}
log likelihood =  -9045.483636994122
Edge derivatives =  [-0.2268195715939501, -0.022772376714173925, 0.31970855899677575, -0.08538002997970362, -0.15386832935856679, 0.2037315087120742, 0.0029809648327809857, -0.2793711409369506, -0.2363062485693329, 0.03692725035939248, 0.08067705080876308, -0.3090089312573292]
other derivatives: [ 0.21572123  0.37939753  0.81676262 -0.24427936 -0.41925557  0.        ]
Current x array =  [-0.71266597 -0.83503017 -0.43453041  0.74615262 -2.4663216   0.33647224
 -0.82460225 -0.62622344 -0.66271114 -0.90862193 -3.20592131 -3.00254659
 -0.39924591 -0.54473107 -1.1964879  -1.02748399 -1.09657051 -1.36555857]
Forced parameter: {5: 0}
log likelihood =  -9045.48204670067
Edge derivatives =  [-0.2488245936165312, -0.07427323406704611, 0.3640918429456727, -0.1075038605658048, -0.1403388731610575, 0.18209430406010774, 0.12542189233139678, -0.1561754262881776, -0.25760479350077, -0.05470299401197365, -0.022286379032695702, -0.3484489561715908]
other derivatives: [ 0.67872315  0.1621338   0.24957808  0.05902803 -0.32180025  0.        ]
Current x array =  [-0.71289709 -0.83485193 -0.43438005  0.74515308 -2.46663925  0.33647224
 -0.82445041 -0.62513566 -0.66333733 -0.90784644 -3.21130496 -2.9980158
 -0.39989678 -0.54561809 -1.19637183 -1.02672957 -1.09581541 -1.36534143]
Forced parameter: {5: 0}
log likelihood =  -9045.481124650723
Edge derivatives =  [-0.3339363179706409, -0.11743527662264078, 0.33749365212039456, -0.13299529993964693, -0.10436565458441205, 0.1637464841463119, 0.29820298509727916, 0.07457284238053452, -0.23696266703444652, -0.2468790014149791, -0.2033327825501301, -0.3136576660848258]
other derivatives: [-0.20513835 -0.10100666  2.37528184  0.45873458  0.13259736  0.        ]
Current x array =  [-0.71261038 -0.83470386 -0.43494873  0.74366436 -2.46786625  0.33647224
 -0.82317377 -0.624898   -0.66324013 -0.90695647 -3.22270827 -2.99148158
 -0.4004583  -0.54720824 -1.19654519 -1.02545839 -1.0944612  -1.36583803]
Forced parameter: {5: 0}
log likelihood =  -9045.479291880807
Edge derivatives =  [-0.2052955943826683, -0.06415275778164828, 0.3641268664366817, -0.11430157622541764, -0.08692355573880262, 0.1495427721600627, 0.29085374568280065, 0.13493480858643836, -0.22698278245351605, -0.2779392084636527, -0.27898086881606643, -0.3750070533214762]
other derivatives: [ 0.1462904  -0.15533806 -0.36947677  0.46993955  0.21855884  0.        ]
Current x array =  [-0.71279721 -0.83466698 -0.43421519  0.74382899 -2.46812435  0.33647224
 -0.82473142 -0.62501538 -0.66298306 -0.90681208 -3.22784608 -2.98787698
 -0.40029353 -0.54760891 -1.19656235 -1.02476086 -1.09375391 -1.36539877]
Forced parameter: {5: 0}
log likelihood =  -9045.478254455487
Edge derivatives =  [-0.13091585017043056, -0.0016130748784339843, 0.34606716876769905, -0.0941203220873102, -0.07343009503726643, 0.15344228854127562, 0.2268396356951281, 0.11814435021016267, -0.19633037262409503, -0.2583379301831916, -0.26939775923985154, -0.37065826581907946]
other derivatives: [ 0.01045919 -0.12259989 -0.86349792  0.28728027  0.29947776  0.        ]
Current x array =  [-0.71272791 -0.83470537 -0.43407773  0.74444936 -2.46828163  0.33647224
 -0.82547598 -0.62589685 -0.66240161 -0.90704222 -3.23068752 -2.98699033
 -0.39977161 -0.54744754 -1.19669243 -1.02473183 -1.09373583 -1.36539941]
Forced parameter: {5: 0}
log likelihood =  -9045.475619106188
Edge derivatives =  [-0.026797526645967573, 0.11646139787969148, 0.25720775990060857, -0.0814793895654588, -0.011200785006682895, 0.16025691654933572, 0.06257668016534201, 0.09360540849445664, -0.06891652553225262, -0.17558029067030057, -0.19729336540406095, -0.26859790115163396]
other derivatives: [-0.16002014  0.0662767  -1.23727841 -0.08869938  0.41626733  0.        ]
Current x array =  [-0.71260347 -0.83484336 -0.4339744   0.74571684 -2.46851819  0.33647224
 -0.8263687  -0.62792894 -0.66077033 -0.90714801 -3.24504682 -2.98067705
 -0.3984149  -0.5473218  -1.19731337 -1.02492043 -1.09400611 -1.36621767]
Forced parameter: {5: 0}
log likelihood =  -9045.47336380139
Edge derivatives =  [-0.009590252808180322, 0.05160946873715824, -0.018657710759857227, -0.16505295904922251, 0.026542596662904715, 0.1344897991966156, -0.1617212789832847, 0.0013622479960444522, 0.04225905896082162, -0.10192153708097829, -0.11671758562160317, -0.07656720988966792]
other derivatives: [-0.17949424  0.10395524 -1.29110049 -0.0999953  -0.36361747  0.        ]
Current x array =  [-0.71260042 -0.83478583 -0.43402079  0.74610066 -2.46659322  0.33647224
 -0.82842078 -0.62709948 -0.65854763 -0.90725225 -3.2569101  -2.97133019
 -0.39750346 -0.54757986 -1.1983294  -1.02556966 -1.09467109 -1.36828021]
Forced parameter: {5: 0}
log likelihood =  -9045.47235678813
Edge derivatives =  [0.013201048634351398, 0.01655123736728492, 0.03850036753713609, -0.12493127551285582, 0.07508423632765962, 0.10463455224649221, -0.017936559090044435, 0.05724573815670997, 0.06800282606978585, 0.019873309470104905, 0.02774044672759901, 0.023803207352565026]
other derivatives: [ 0.47644608  0.07682866  0.1859371  -0.24469773  0.06013117  0.        ]
Current x array =  [-0.71273827 -0.83470169 -0.43440126  0.74613994 -2.46730979  0.33647224
 -0.82862689 -0.62611877 -0.65889904 -0.90713743 -3.2723454  -2.96020734
 -0.39799292 -0.54760016 -1.19818066 -1.02641566 -1.09569109 -1.36899805]
Forced parameter: {5: 0}
log likelihood =  -9045.472110278124
Edge derivatives =  [-0.01107847034037146, -0.02724840822182109, 0.010413776243036355, -0.13319758983228525, 0.0619157654276458, 0.09826711850667907, -0.0034525605073922883, 0.05415928565573469, 0.04752727753578474, 0.00495275722119537, 0.014621967090489907, 0.031272424326364345]
other derivatives: [ 0.20505649 -0.05898437  0.16036938 -0.08432653 -0.04946817  0.        ]
Current x array =  [-0.71267461 -0.8346023  -0.43441594  0.74569593 -2.46707015  0.33647224
 -0.82874656 -0.6254222  -0.65888542 -0.9073117  -3.26958041 -2.9606956
 -0.39825403 -0.54769122 -1.19817275 -1.02645012 -1.09567799 -1.3691701 ]
Forced parameter: {5: 0}
log likelihood =  -9045.471916913595
Edge derivatives =  [0.0014854406392920128, -0.067019076203016, 0.0006631302213731538, -0.11475861982888452, 0.04544305071673857, 0.08553906786261282, 0.0258043923901472, 0.04094426738324297, 0.014040383851487342, 0.0060117805320487605, 0.014527553827225592, 0.026361007938754177]
other derivatives: [ 0.145581    0.05106267  0.1827575   0.06095979 -0.11282524  0.        ]
Current x array =  [-0.71266401 -0.83466791 -0.43443859  0.74525052 -2.4668878   0.33647224
 -0.82936209 -0.62452454 -0.65893    -0.90780938 -3.26650079 -2.96052137
 -0.3985788  -0.54760704 -1.19804105 -1.02658284 -1.09576429 -1.36921071]
Forced parameter: {5: 0}
log likelihood =  -9045.472117003244
Edge derivatives =  [0.027804619726104207, -0.10439012173329251, 0.009702646861784014, -0.06462826263377902, 0.03113367283747859, 0.055638348310116235, 0.03224949269031696, -0.04901093209517171, -0.06438200980025577, 0.03127662561281208, 0.05010796602416123, -0.00808607580706544]
other derivatives: [-0.99288809 -0.83622763 -0.01090484  0.06724622 -0.05492483  0.        ]
Current x array =  [-0.71229082 -0.83405547 -0.43443853  0.74524962 -2.46687831  0.33647224
 -0.83031164 -0.62373251 -0.65922126 -0.9089598  -3.26652868 -2.95731034
 -0.39882856 -0.5468872  -1.1976021  -1.02709706 -1.09631675 -1.36896076]
Forced parameter: {5: 0}
log likelihood =  -9045.471836771725
Edge derivatives =  [0.010663499054146874, -0.08002981317590113, 0.0038191645675969, -0.0972794659672746, 0.04045798685064205, 0.07514128786164738, 0.028050008244287605, 0.009616217771980073, -0.01327876515130666, 0.014826376923086526, 0.026934670031160568, 0.01436111426968123]
other derivatives: [-0.25096051 -0.25793997  0.11527663  0.06313712 -0.09262902  0.        ]
Current x array =  [-0.71253397 -0.8344545  -0.43443857  0.7452502  -2.46688449  0.33647224
 -0.82969296 -0.62424855 -0.65903149 -0.90821025 -3.26651051 -2.95940247
 -0.39866583 -0.54735621 -1.1978881  -1.02676202 -1.0959568  -1.36912361]
Forced parameter: {5: 0}
log likelihood =  -9045.4717419749
Edge derivatives =  [0.044466901194658404, -0.08180794246635195, 0.012563423217543224, -0.06932001576978603, 0.034652150620618244, 0.06547027711972109, 0.038749092817753406, -0.002381889130510517, -0.03127276522412846, 0.020076189593475346, 0.027825458386153468, -0.0005827728921991016]
other derivatives: [-0.11784869 -0.13496174  0.01762237  0.0801665  -0.0719686   0.        ]
Current x array =  [-0.71257399 -0.83453345 -0.43441289  0.74517263 -2.46689271  0.33647224
 -0.83023597 -0.62396994 -0.6590337  -0.90864086 -3.26591991 -2.95855028
 -0.39873862 -0.54720234 -1.19777309 -1.026808   -1.09598885 -1.36901207]
Forced parameter: {5: 0}
log likelihood =  -9045.471653035667
Edge derivatives =  [0.07615748681041845, -0.06871867869743492, 0.020984206621753876, -0.03187192010959056, 0.034022695790917205, 0.054504889134313984, 0.03775696666124473, -0.010284096801581821, -0.03679357556671954, 0.026050417038701035, 0.02613516540260985, -0.010516967933099308]
other derivatives: [-0.14274701  0.06337723 -0.12616874  0.07061681 -0.00678407  0.        ]
Current x array =  [-0.71255331 -0.8346783  -0.43437423  0.74520296 -2.46703399  0.33647224
 -0.83057193 -0.6240076  -0.65892951 -0.9091835  -3.26674996 -2.95692702
 -0.39867251 -0.54704503 -1.19772108 -1.02680328 -1.09596947 -1.36894969]
Forced parameter: {5: 0}
log likelihood =  -9045.471591938584
Edge derivatives =  [0.1064262426496389, -0.049202455089495556, 0.02079181364518029, 0.019631948578830827, 0.025343515338648887, 0.042636562236138834, 0.021129417605763257, -0.030999690902180355, -0.04453628116025657, 0.015013361497041133, 0.010114645713647175, -0.026432303179879546]
other derivatives: [ 0.32363278 -0.03511195 -0.16692138  0.00379623  0.02860749  0.        ]
Current x array =  [-0.71271041 -0.834597   -0.43434355  0.74532305 -2.46707395  0.33647224
 -0.83083237 -0.62420377 -0.65870301 -0.91001939 -3.26573078 -2.9560113
 -0.39848961 -0.54680678 -1.19771903 -1.02673126 -1.09585686 -1.36886072]
Forced parameter: {5: 0}
log likelihood =  -9045.471526414716
Edge derivatives =  [0.09725805124641929, -0.03941274398812136, 0.013062292437616807, 0.027031935688283937, 0.02619300365640296, 0.040882533654918035, 0.0063781104217042195, -0.02981797692334598, -0.03377409835630277, 0.006631277267902469, 0.0012597606649586979, -0.02274030446525377]
other derivatives: [ 0.12172495  0.04863796 -0.01044828 -0.01898843  0.04289918  0.        ]
Current x array =  [-0.71263157 -0.83467041 -0.43438426  0.74541417 -2.46713114  0.33647224
 -0.83059638 -0.62448457 -0.65858231 -0.9101727  -3.26616146 -2.95563446
 -0.39835498 -0.54681229 -1.19780912 -1.0266677  -1.09578417 -1.36891616]
Forced parameter: {5: 0}
log likelihood =  -9045.471445547364
Edge derivatives =  [0.05980660371056645, -0.028581440497574245, -0.003932681239960767, 0.03524461437458615, 0.02859185268779702, 0.03785617672000943, -0.016169909139226224, -0.017866140137979603, -0.005698844815464524, -0.00134888794863941, -0.00912713508494667, -0.002336938511415476]
other derivatives: [-0.08794632  0.05967559 -0.02963679 -0.0371947   0.04426709  0.        ]
Current x array =  [-0.71256226 -0.83469589 -0.43437667  0.74552229 -2.46720018  0.33647224
 -0.82985228 -0.62495584 -0.65835934 -0.91038363 -3.26697103 -2.95483664
 -0.39814978 -0.54691902 -1.19804878 -1.02657007 -1.09566751 -1.36916057]
Forced parameter: {5: 0}
log likelihood =  -9045.471396636756
Edge derivatives =  [0.019661617787480212, -0.02839001554098311, -0.018852820097724488, 0.04899407558163851, 0.019975551150406945, 0.03142151951947309, -0.022975820982822803, -0.012151962314737252, 0.0030276733661919464, -0.023799393728788587, -0.028170547949442515, 0.003208208197790885]
other derivatives: [-0.12535384  0.01854642  0.26745693 -0.02969318  0.02169358  0.        ]
Current x array =  [-0.71255181 -0.83467474 -0.43444904  0.74548462 -2.46717926  0.33647224
 -0.82918036 -0.62523889 -0.6582436  -0.91074032 -3.26543572 -2.95472372
 -0.39808062 -0.54697823 -1.1982119  -1.0264764  -1.09554508 -1.36928899]
Forced parameter: {5: 0}
log likelihood =  -9045.471363549563
Edge derivatives =  [-0.010780868966455415, -0.03230820519601829, -0.02295825949381869, 0.05401027877852482, 0.018690019128358035, 0.025864341531604773, -0.016888075515199663, 0.0008211292686646221, 0.013955084333945086, -0.01728643800330465, -0.023601461218547115, 0.01798386591394341]
other derivatives: [-0.08667121 -0.02760498 -0.00346517  0.00570253  0.00760276  0.        ]
Current x array =  [-0.71258159 -0.83464078 -0.43437811  0.7454043  -2.46718453  0.33647224
 -0.82866168 -0.62532292 -0.65820962 -0.91085912 -3.26542384 -2.95393337
 -0.39811529 -0.54707808 -1.19832854 -1.02649296 -1.09555646 -1.3694739 ]
Forced parameter: {5: 0}
log likelihood =  -9045.471350736216
Edge derivatives =  [-0.013980576753666873, -0.037859682266071226, -0.020074400332664777, 0.054981178589477875, 0.015950406163828278, 0.02261939714498576, -0.005112354788087803, 0.0018352107158219333, 0.008234690056556526, -0.013422683294392002, -0.018011554870533075, 0.017233661162739833]
other derivatives: [-0.00475484 -0.03875175  0.00055115  0.02393062  0.00047702  0.        ]
Current x array =  [-0.71261228 -0.83462631 -0.43437988  0.74533154 -2.46715572  0.33647224
 -0.82865284 -0.62522255 -0.65827192 -0.9108758  -3.26501234 -2.95369747
 -0.39820651 -0.54707943 -1.19830286 -1.02654379 -1.09561274 -1.36947586]
Forced parameter: {5: 0}
      fun: 9045.471350736216
 hess_inv: <18x18 LbfgsInvHessProduct with dtype=float64>
      jac: array([ 0.00475484,  0.03875175, -0.00055115, -0.02393062, -0.00047702,
       -0.        ,  0.01398058,  0.03785968,  0.0200744 , -0.05498118,
       -0.01595041, -0.0226194 ,  0.00511235, -0.00183521, -0.00823469,
        0.01342268,  0.01801155, -0.01723366])
  message: 'CONVERGENCE: REL_REDUCTION_OF_F_<=_FACTR*EPSMCH'
     nfev: 66
      nit: 60
     njev: 66
   status: 0
  success: True
        x: array([-0.71261228, -0.83462631, -0.43437988,  0.74533154, -2.46715572,
        0.33647224, -0.82865284, -0.62522255, -0.65827192, -0.9108758 ,
       -3.26501234, -2.95369747, -0.39820651, -0.54707943, -1.19830286,
       -1.02654379, -1.09561274, -1.36947586])
