number of sites to be analyzed:  784
log likelihood =  -11060.882412544994
Edge derivatives =  [275.2507106268453, 98.1023645523491, 450.11515327108555, 348.5887212553537]
other derivatives: [ -42.24532859   58.70523273 -126.05879783  193.34772333 -615.02745302
   -3.91507456    8.28986595]
Current x array =  [-0.63285002 -0.74298593 -0.57701404  0.18232156 -0.10536052 -0.10536052
  0.33647224 -2.30258509 -2.30258509 -2.30258509 -2.30258509]
log likelihood =  -10600.283716098555
Edge derivatives =  [269.2406387421502, 103.92853108352338, 448.1187088806099, 355.5617431965566]
other derivatives: [ 308.38290149   93.03775005  133.60054436  126.34829909 -291.66166186
  -24.47295628  -10.65895049]
Current x array =  [-0.69916389 -0.74189813 -0.77489267  0.19773269 -1.07078929 -0.11150614
  0.34693219 -2.29269172 -2.14859059 -2.29269172 -2.29269172]
log likelihood =  -12041.434816410298
Edge derivatives =  [219.2595123246967, 76.09055049097998, 329.64586870643257, 241.07120967680638]
other derivatives: [-17477.8381006    -164.76175006     50.29509521   -334.85031963
    226.38421299    -93.59864998   -114.2989131 ]
Current x array =  [-0.09707192 -0.59084191 -0.67513359  0.32463148 -2.61936186 -0.17015186
  0.33247913 -1.93742333 -1.77774335 -1.7043131  -1.81528117]
log likelihood =  -10313.656733031421
Edge derivatives =  [247.48543081238165, 95.90728802363967, 408.27442988492953, 315.6253136333066]
other derivatives: [-861.8057218    38.11272472   80.21001122   37.82358908  -96.69447627
  -48.33360799  -50.18619231]
Current x array =  [-0.47485997 -0.6856235  -0.73772832  0.24500768 -1.64769599 -0.13335407
  0.34154784 -2.16033969 -2.01043481 -2.07349659 -2.11483674]
log likelihood =  -10030.051778308476
Edge derivatives =  [223.71705824511784, 86.30485520004247, 354.6125444674673, 265.0536752744967]
other derivatives: [-250.39178581  -85.43988952   41.14116746    6.19064303  116.15263224
  -79.07861072 -104.08456365]
Current x array =  [-0.55809498 -0.62654214 -0.69568851  0.28706832 -2.29150323 -0.16955629
  0.32109094 -1.97980794 -1.83951532 -1.77549036 -1.87654646]
log likelihood =  -9666.971273630734
Edge derivatives =  [163.01741076815912, 53.43044115421536, 207.66734634694728, 140.34720126430335]
other derivatives: [-221.07085351 -211.66178158 -122.28652122  -14.81983236  198.81486811
 -140.62528135 -208.9066802 ]
Current x array =  [-0.5809928  -0.62265708 -0.55054074  0.36891706 -2.68099934 -0.2725094
  0.21219538 -1.56088334 -1.61502539 -1.09461953 -1.34832214]
log likelihood =  -9364.884141553524
Edge derivatives =  [14.69265789632946, -12.266889338383082, -74.75766506023182, -40.16831830230771]
other derivatives: [  81.71954141  387.88832898  647.43310031  -36.02201105   69.09859365
 -128.00768673 -126.25286035]
Current x array =  [-0.66641538 -1.1372529  -0.76446796  0.5668203  -2.98949117 -0.83659064
 -0.56675326 -0.53665994 -1.19023473  0.36182564 -0.26698357]
log likelihood =  -9274.95918151056
Edge derivatives =  [-21.872627648237604, -17.59825368831261, -111.2281649801472, -72.12994561382557]
other derivatives: [  110.37145669    94.72251259 -1143.13907397    12.01751365
   -95.50941932   -71.40063485   -82.71043407]
Current x array =  [-0.69207053 -0.91941652 -0.32299379  0.58624806 -2.7269248  -1.00631415
 -0.77420289 -0.4025289  -1.21342261  0.46742242 -0.18260869]
log likelihood =  -9220.929723651145
Edge derivatives =  [7.582019911085455, -11.701981164046716, -74.78295570441603, -42.68476626428097]
other derivatives: [  80.06033022  273.20419058  205.06622241   -8.52237099    8.05774556
 -101.99035933 -109.01888163]
Current x array =  [-0.67816081 -1.03752316 -0.56235249  0.57571471 -2.86928317 -0.91429337
 -0.66172774 -0.47525214 -1.20085059  0.4101699  -0.22835511]
log likelihood =  -9167.515357521715
Edge derivatives =  [8.908608894879679, -9.251611852813003, -43.40308310693524, -31.71472946653931]
other derivatives: [  10.82491144  -67.11605602 -230.93995333   -1.18906974    4.25937899
  -65.67136916  -74.00606046]
Current x array =  [-0.66758559 -0.82290017 -0.45228084  0.56431221 -2.77705714 -0.99183124
 -0.75003367 -0.51919136 -1.25081193  0.25978084 -0.33448013]
log likelihood =  -9151.881676746612
Edge derivatives =  [12.82419275357249, -6.9924444018345655, -25.439791879717053, -21.372533934854584]
other derivatives: [  0.89378955 -60.26479423   1.1022039   -4.19238313   9.20950487
 -51.03588981 -58.84311395]
Current x array =  [-0.66208211 -0.82136722 -0.50977288  0.55310578 -2.72552274 -1.02228897
 -0.78598489 -0.55568113 -1.27898936  0.16679471 -0.40496821]
log likelihood =  -9140.778874022306
Edge derivatives =  [3.6191503840618284, -6.9349274580417255, -20.996934730310972, -20.75799468922923]
other derivatives: [  5.44919385 -19.98085099  58.61918726   0.40173654 -20.73318736
 -28.97194843 -34.43684363]
Current x array =  [-0.66271822 -0.84194799 -0.52611786  0.55271661 -2.64656908 -1.11960818
 -0.90955168 -0.52912547 -1.297003    0.13390011 -0.43212257]
log likelihood =  -9133.57711108801
Edge derivatives =  [7.5652488975482886, -2.970166240989837, 16.352897308226172, -0.5527671406850672]
other derivatives: [  2.28994031  42.78666893  11.66189395   0.16602462   0.58995946
 -12.66102591 -13.67124126]
Current x array =  [-0.6592291  -0.87638262 -0.5127109   0.5466368  -2.67460999 -1.23562989
 -1.05423844 -0.51999971 -1.31434037  0.05418223 -0.50353597]
log likelihood =  -9130.460698942607
Edge derivatives =  [-5.780131174528723, -4.234474990859294, 5.955533828971473, -4.94482147008807]
other derivatives: [ -8.33738159 -14.07783566  12.19237674   1.68006954 -12.59955888
  -3.25264252   0.70483575]
Current x array =  [-0.65973129 -0.85116977 -0.50927623  0.55490795 -2.70085033 -1.35472171
 -1.20242572 -0.44368548 -1.3051471   0.11817258 -0.48107337]
log likelihood =  -9129.82745807536
Edge derivatives =  [-4.88432657009402, -3.7896818874290528, 4.377434064356697, -3.1826920611064358]
other derivatives: [-2.3667053   2.85806527 -5.77508763  0.92276969 -5.86128212 -3.28545455
  1.91426192]
Current x array =  [-0.66122024 -0.86310805 -0.50257499  0.55944799 -2.74630532 -1.38508866
 -1.23222806 -0.4271888  -1.29964439  0.15867604 -0.46950738]
log likelihood =  -9129.625406647585
Edge derivatives =  [-2.824001046575272, -3.080050214815503, 3.61883308141722, -0.8168239355341257]
other derivatives: [-0.77233381  1.55798807 -5.35418803 -0.24317342  0.88558805 -3.48153149
  2.56581039]
Current x array =  [-0.66154653 -0.86379376 -0.50173432  0.56162555 -2.77631934 -1.4047304
 -1.2447415  -0.42548148 -1.30123726  0.18294227 -0.46870011]
log likelihood =  -9129.462642296141
Edge derivatives =  [-0.7780096211152532, -2.138855394700071, 0.6046334005376662, 1.0588864464146819]
other derivatives: [ 9.42363295  0.31456511 -1.16820956 -0.24296787  1.40126582 -3.14274978
  2.47441667]
Current x array =  [-0.66386185 -0.86317548 -0.50252877  0.56057983 -2.78148995 -1.42615088
 -1.23988904 -0.43677053 -1.31514368  0.20006449 -0.47454967]
log likelihood =  -9129.538480052597
Edge derivatives =  [2.387143592983409, -0.6109378821974918, -6.3245138386655615, 3.3777764867467006]
other derivatives: [-35.41614387   1.44307705   2.36004416   0.79373785   0.19365335
  -2.67529753   2.07982609]
Current x array =  [-0.65350714 -0.8649323  -0.50348227  0.55855211 -2.78889974 -1.46639456
 -1.22460583 -0.45838808 -1.34275345  0.23138926 -0.48233705]
log likelihood =  -9129.39301726871
Edge derivatives =  [0.5168065485899285, -1.5107743831592013, -2.2136620355708385, 1.9894671145508755]
other derivatives: [-8.72927558  0.77254299  0.28289651  0.16901322  0.93561144 -2.9527064
  2.31012668]
Current x array =  [-0.65962389 -0.86389451 -0.50291902  0.55974993 -2.78452261 -1.44262174
 -1.23363395 -0.44561812 -1.32644375  0.21288504 -0.47773688]
log likelihood =  -9129.342939933602
Edge derivatives =  [1.5906839049022858, -0.9465497624107022, -3.207821083533015, 2.876656017858042]
other derivatives: [-0.121423   -0.42948886  1.64336416  0.4911999  -0.47187034 -2.48654664
  1.97755896]
Current x array =  [-0.66151736 -0.8625443  -0.5035019   0.5579015  -2.77650974 -1.45327614
 -1.22331508 -0.45654816 -1.33841301  0.2124982  -0.48372868]
log likelihood =  -9129.311062534536
Edge derivatives =  [1.8361144412218184, -0.7311767331246216, -2.8994368385090485, 2.977269343820733]
other derivatives: [ 1.2653727  -0.57380566  0.63329935  0.60877755 -1.09324666 -2.11767531
  1.82780194]
Current x array =  [-0.66177832 -0.86214065 -0.50340481  0.55737905 -2.77256261 -1.4606285
 -1.2172358  -0.46030384 -1.34493588  0.20926384 -0.48438178]
log likelihood =  -9129.175606021152
Edge derivatives =  [1.854857484205951, -0.12884824962493868, -1.7190288346167568, 1.8638004128331511]
other derivatives: [ 5.24749157  2.19518188  2.43372051  0.37491191 -2.42638516 -0.60206804
  1.25090935]
Current x array =  [-0.66250639 -0.86330114 -0.50407138  0.55866527 -2.77120578 -1.5040708
 -1.19281276 -0.46358576 -1.37167367  0.20582438 -0.4713339 ]
log likelihood =  -9129.264299734228
Edge derivatives =  [1.695793148980429, 0.2259970613082896, -0.4146239055106593, -0.13943738104927317]
other derivatives: [  1.86087345  -4.25005419 -35.60844016   0.28991235  -1.56428581
   0.23699523  -0.13778026]
Current x array =  [-0.66208845 -0.86045745 -0.49406677  0.56158447 -2.78609539 -1.5500251
 -1.16340909 -0.45839028 -1.39621864  0.21253672 -0.44723083]
log likelihood =  -9129.145079123682
Edge derivatives =  [1.8073268285274529, -0.006580101143162265, -1.2794645505721132, 1.1987451847715889]
other derivatives: [  4.10286702   0.03149762 -10.16859278   0.34690675  -2.12951878
  -0.31739632   0.7922206 ]
Current x array =  [-0.66236582 -0.86234469 -0.50070643  0.55964711 -2.77621375 -1.51952708
 -1.18292312 -0.46183831 -1.37992914  0.20808201 -0.46322707]
log likelihood =  -9129.09715597257
Edge derivatives =  [1.2430181932413944, 0.043424651096898775, 0.0004891180063959499, -0.11042585894175805]
other derivatives: [ 1.91268919  1.34133916 -3.22704    -0.25231384 -1.49027491  0.29094166
  0.57562491]
Current x array =  [-0.6617503  -0.86330877 -0.50247159  0.56172473 -2.78268687 -1.54189953
 -1.1720029  -0.45655389 -1.39034131  0.20748358 -0.4502066 ]
log likelihood =  -9129.08539640281
Edge derivatives =  [0.9856999609689739, -0.05678943035313942, 0.4338125645074368, -0.540490596426778]
other derivatives: [-0.00129512  0.40738087 -0.46622881 -0.55163582 -0.31988923  0.23693774
  0.506428  ]
Current x array =  [-0.66131284 -0.86310057 -0.50308328  0.56235123 -2.7892091  -1.54572582
 -1.16985729 -0.45165426 -1.39060415  0.20951361 -0.44508134]
log likelihood =  -9129.08164123297
Edge derivatives =  [0.804256156034667, -0.15239313743014127, 0.35538628056737315, -0.6537390725373972]
other derivatives: [-0.53907388 -0.06584014  0.21576307 -0.53405165  0.17271809  0.11902144
  0.45692061]
Current x array =  [-0.66122156 -0.86301494 -0.50319068  0.56199132 -2.7927146  -1.5453276
 -1.16941532 -0.44820058 -1.38950343  0.21168209 -0.44371517]
log likelihood =  -9129.076615693943
Edge derivatives =  [0.5169649062463681, -0.2604693319031156, 0.07998533059835417, -0.6548731403957366]
other derivatives: [-0.56180397 -0.33582728  0.4800786  -0.23413668  0.24885108  0.04312157
  0.29964053]
Current x array =  [-0.66125516 -0.86293457 -0.50325486  0.56041368 -2.79492339 -1.54494574
 -1.16664254 -0.44369413 -1.38971685  0.21362534 -0.44429798]
log likelihood =  -9129.070553297805
Edge derivatives =  [0.348175501320603, -0.2948144313470785, 0.2545320751906022, 0.0984651814132535]
other derivatives: [ 0.18682476  0.54783231  0.10748226  0.02699744  0.87988102  0.04310541
 -0.04974954]
Current x array =  [-0.66136615 -0.86329367 -0.50323484  0.55843068 -2.79715087 -1.54506062
 -1.15926446 -0.43635681 -1.39423424  0.21408445 -0.45043224]
log likelihood =  -9129.080126372488
Edge derivatives =  [-0.48460802627089505, -0.46203340247034463, -0.2591098950315057, 0.026970807531441265]
other derivatives: [-1.57973955 -5.84017289  1.18193748  0.44244734 -0.67400747  0.20992609
 -0.15957367]
Current x array =  [-0.66107783 -0.85952962 -0.50378265  0.55672092 -2.79107878 -1.54155572
 -1.15352761 -0.43062832 -1.39847587  0.21058178 -0.45639605]
log likelihood =  -9129.069463347103
Edge derivatives =  [0.14773234879691594, -0.3351379113927275, 0.13004411315540354, 0.0815288686125461]
other derivatives: [-0.24030851 -0.99489262  0.3685127   0.12750934  0.50419694  0.08336404
 -0.07631158]
Current x array =  [-0.66129629 -0.86238163 -0.50336758  0.5580164  -2.79567958 -1.54421137
 -1.1578744  -0.43496878 -1.395262    0.21323575 -0.45187728]
log likelihood =  -9129.068555879183
Edge derivatives =  [0.05022485524863324, -0.3352286207402948, 0.10701266837976398, 0.10242642230908722]
other derivatives: [-0.02202432 -0.31993841  0.08043753  0.17723141  0.15464474  0.1450018
 -0.10739599]
Current x array =  [-0.66133518 -0.86268517 -0.50332527  0.5580248  -2.79436395 -1.5443028
 -1.15698144 -0.43431317 -1.3966106   0.21255932 -0.45280873]
log likelihood =  -9129.068103318385
Edge derivatives =  [-0.008398464859785737, -0.3264146104729671, 0.08146650784327653, 0.09823012695164446]
other derivatives: [ 0.1794906   0.08071947 -0.1128592   0.14656689 -0.10107948  0.18338241
 -0.11594997]
Current x array =  [-0.66137412 -0.86286643 -0.50328879  0.55837814 -2.7933543  -1.5441269
 -1.15663913 -0.433918   -1.39795147  0.21209657 -0.45329334]
log likelihood =  -9129.067623559251
Edge derivatives =  [-0.0458916143000343, -0.3098398132779246, 0.025673916355705262, 0.10978677179557095]
other derivatives: [-0.32518255  0.39096813 -0.27675196  0.07333438 -0.27996448  0.19501379
 -0.12133601]
Current x array =  [-0.66124966 -0.86302771 -0.50325324  0.55893058 -2.79264595 -1.54346657
 -1.15644699 -0.43330422 -1.3997971   0.21189071 -0.45380856]
log likelihood =  -9129.066932031354
Edge derivatives =  [-0.12357139167434228, -0.25066024604785264, -0.009238341234130254, 0.09034703139353206]
other derivatives: [ 1.3301069   0.66173016 -0.19549771 -0.25506415 -0.52999603  0.22925222
 -0.14808815]
Current x array =  [-0.66161554 -0.86313767 -0.50325173  0.56070443 -2.79160677 -1.54244046
 -1.15561128 -0.43126155 -1.40558092  0.21156184 -0.45414993]
log likelihood =  -9129.066020686525
Edge derivatives =  [-0.10617974228271532, -0.22671771694826792, -0.08821578873789832, 0.10789119984749868]
other derivatives: [-0.04745743  0.54381599 -0.41040403 -0.36292477 -0.43836632  0.17583395
 -0.14726805]
Current x array =  [-0.66129865 -0.86313204 -0.50318041  0.56129054 -2.79205201 -1.54108383
 -1.15580911 -0.43031066 -1.4078058   0.21204967 -0.45425275]
log likelihood =  -9129.065208515902
Edge derivatives =  [-0.05630055916789983, -0.19533401824873195, -0.16872430105079705, 0.11371852653649289]
other derivatives: [-0.66797656  0.10890108 -0.08726602 -0.50007475 -0.17044     0.08835312
 -0.1410258 ]
Current x array =  [-0.66116156 -0.86297079 -0.50322858  0.56181176 -2.79322244 -1.53940575
 -1.1562013  -0.42910414 -1.41046652  0.21294444 -0.45390474]
log likelihood =  -9129.064577895933
Edge derivatives =  [-0.024304258911695575, -0.1639778960182698, -0.1911850882984581, 0.09614051313916744]
other derivatives: [-0.50776725 -0.25029112 -0.32320713 -0.51828465  0.00261717  0.02853324
 -0.12959568]
Current x array =  [-0.66121237 -0.86281109 -0.50314584  0.56178239 -2.79398448 -1.53790086
 -1.15661266 -0.42810521 -1.41315644  0.21338186 -0.45350192]
log likelihood =  -9129.0646942245
Edge derivatives =  [0.016882561567799215, -0.06458649430391282, -0.213172578154386, 0.061750588811047724]
other derivatives: [-0.25449299 -0.3185105   3.29634713 -0.45445631  0.34636482 -0.08135344
 -0.04820189]
Current x array =  [-0.66125683 -0.86278947 -0.50409771  0.56078539 -2.79510015 -1.533454
 -1.15746586 -0.42507763 -1.42229182  0.21349709 -0.45308554]
log likelihood =  -9129.063976810012
Edge derivatives =  [-0.004445544209102981, -0.11607981839077078, -0.20154127791688237, 0.07992372176719054]
other derivatives: [-0.38669896 -0.28279101  1.40722477 -0.48778929  0.16702704 -0.02382085
 -0.09063346]
Current x array =  [-0.6612336  -0.86280077 -0.50360046  0.56130622 -2.79451733 -1.53577701
 -1.15702015 -0.42665922 -1.41751955  0.21343689 -0.45330305]
log likelihood =  -9129.063096572238
Edge derivatives =  [0.005946057446230724, -0.06961179936756476, -0.15969444320924947, 0.03207413723835467]
other derivatives: [ 0.13186582 -0.47335379  0.5475722  -0.34764525  0.21312246 -0.05981832
 -0.05895971]
Current x array =  [-0.66137496 -0.8626903  -0.50338081  0.56055839 -2.79468387 -1.53374734
 -1.15763702 -0.42555323 -1.42163968  0.2131967  -0.45293263]
log likelihood =  -9129.062489154643
Edge derivatives =  [-0.017753176652819058, -0.029150610862741747, -0.07938140414551942, -0.011031117591274175]
other derivatives: [ 0.34653021 -0.26609632 -0.04346657 -0.11075099  0.1011727  -0.05128955
 -0.02001726]
Current x array =  [-0.66143576 -0.86275577 -0.50326395  0.55940303 -2.79410664 -1.53209255
 -1.15806044 -0.42473636 -1.42546234  0.21232359 -0.45295485]
log likelihood =  -9129.062355867756
Edge derivatives =  [-0.04142198124248814, -0.016984835748792462, -0.021452524806534756, -0.01718643784916213]
other derivatives: [ 1.31243723e-01 -4.91709216e-02 -7.72597559e-02  1.09139364e-05
 -4.82496731e-03 -2.13836100e-02 -4.10915160e-03]
Current x array =  [-0.66138271 -0.86283796 -0.50328554  0.55888873 -2.79353426 -1.5318443
 -1.15801916 -0.42460876 -1.42663585  0.21166772 -0.45319933]
log likelihood =  -9129.06234382455
Edge derivatives =  [-0.03528171130689989, -0.014805402134582549, 0.0037840304784615975, -0.005757329658428567]
other derivatives: [ 0.03073001  0.02549132 -0.01934859  0.00786531 -0.00854594 -0.010934
 -0.00287782]
Current x array =  [-0.66135493 -0.86286993 -0.50330731  0.55884337 -2.79342189 -1.53201663
 -1.15795545 -0.42475473 -1.4265525   0.21151011 -0.45329221]
      fun: 9129.06234382455
 hess_inv: <11x11 LbfgsInvHessProduct with dtype=float64>
      jac: array([-0.03073001, -0.02549132,  0.01934859, -0.00786531,  0.00854594,
        0.010934  ,  0.00287782,  0.03528171,  0.0148054 , -0.00378403,
        0.00575733])
  message: 'CONVERGENCE: REL_REDUCTION_OF_F_<=_FACTR*EPSMCH'
     nfev: 44
      nit: 37
     njev: 44
   status: 0
  success: True
        x: array([-0.66135493, -0.86286993, -0.50330731,  0.55884337, -2.79342189,
       -1.53201663, -1.15795545, -0.42475473, -1.4265525 ,  0.21151011,
       -0.45329221])
