number of sites to be analyzed:  172
log likelihood =  -4305.909635464699
Edge derivatives =  [45.27248252729128, 14.192850984369171, 13.008181297776105, 6.415426605038505, -26.558629679994343, -30.18006655305224, 41.137331380658964, 38.17493476778975, 41.92875088390616, 11.940216141293828, -17.141394019020296, -9.201966761669665, 4.141131936041462, 27.895867668136464]
other derivatives: [ -62.34887405   45.88944648  -46.66406676  133.68810141 -350.31310108
    2.4161136   -60.80110325]
Current x array =  [-0.60154365 -0.64187599 -0.7153643   0.18232156 -0.10536052 -0.10536052
  0.33647224 -2.30258509 -2.30258509 -2.30258509 -2.30258509 -2.30258509
 -2.30258509 -2.30258509 -2.30258509 -2.30258509 -2.30258509 -2.30258509
 -2.30258509 -2.30258509 -2.30258509]
log likelihood =  -4007.7175809382134
Edge derivatives =  [40.385004755486534, 19.199881150430116, 19.35197652422652, 13.09732670389519, -16.953279200183577, -18.65076479626174, 47.29212457813284, 41.73967030530032, 44.470169891872104, 17.62857174594142, -8.950985798529384, -2.797402499613141, 8.953818253827789, 33.46670714101111]
other derivatives: [ 135.91546849   43.45818024   -4.79981145  112.22221019 -231.42869195
   -4.57417536  -39.60214008]
Current x array =  [-0.77116381 -0.64026579 -0.84231393  0.20903056 -1.05838758 -0.09878748
  0.17106279 -2.28543891 -2.26397343 -2.28543891 -2.28543891 -2.37483787
 -2.38468999 -2.28543891 -2.28543891 -2.28543891 -2.28543891 -2.34921827
 -2.32761905 -2.29131914 -2.28543891]
log likelihood =  -4387.959110095288
Edge derivatives =  [42.01997084058818, 28.288973866894914, 27.229603967045055, 19.73226193770049, -6.899343563193891, -3.058692402085735, 49.71442903959835, 51.671403091025795, 52.20775277632751, 22.03995245964646, 5.629413520533567, 11.879489290684383, 18.460904228518913, 43.874085350792676]
other derivatives: [-5398.22867995    36.57193884    68.12736978  -108.8348472
    70.59246291    -9.1685697     17.51451873]
Current x array =  [-0.09262997 -0.52444164 -1.03618402  0.51067453 -3.80093571 -0.12051827
 -0.30121714 -2.14590471 -2.08814827 -2.16158358 -2.17767777 -2.57885999
 -2.61248586 -2.08465711 -2.10995128 -2.10626029 -2.16886908 -2.46778256
 -2.37804197 -2.21793842 -2.12530212]
log likelihood =  -3791.650844371903
Edge derivatives =  [35.07862698840919, 23.948430905577037, 22.91215850524124, 16.63259705549606, -11.47048799167605, -10.540098882390915, 48.27261720196779, 43.76533318732779, 45.16955823991735, 18.410024309920043, -2.41759826912859, 2.2360769682578443, 11.741726357845005, 36.40866655239528]
other derivatives: [-256.1971055    42.07965776   16.80713603   43.80742803  -65.41045715
   -9.85979887  -24.55040521]
Current x array =  [-0.47224405 -0.58924088 -0.92772102  0.34191611 -2.26658354 -0.10836071
 -0.03699435 -2.22396882 -2.18651581 -2.23087596 -2.23796606 -2.46471731
 -2.48504267 -2.19698695 -2.20812998 -2.20650396 -2.2340855  -2.40145031
 -2.34983225 -2.25899216 -2.21489261]
log likelihood =  -3734.4051478778065
Edge derivatives =  [32.15025815878401, 24.86892736976447, 23.533322819725942, 17.107450474687088, -7.845738325742724, -7.367707463576926, 47.53106053825039, 42.434152463895295, 43.9287395370296, 17.97934309189269, 0.19134613643528373, 6.049908823609752, 12.94162378139205, 37.25202616929702]
other derivatives: [164.74204767 -44.9984459   13.16315047  20.5840779   20.58912539
  -8.94355708 -21.29813129]
Current x array =  [-0.71815864 -0.49728741 -0.92289252  0.44162355 -3.02031863 -0.13654302
 -0.19274972 -2.13850351 -2.09316915 -2.15463988 -2.17523844 -2.53350478
 -2.55698101 -2.06331467 -2.08962833 -2.08635513 -2.16842871 -2.43179291
 -2.35490529 -2.2152994  -2.10952552]
log likelihood =  -3709.6914649134233
Edge derivatives =  [31.060785990695617, 24.433147757370975, 23.20527802191176, 16.333084094968278, -7.77058737348832, -7.19197287613188, 45.456408174215504, 40.45635601130524, 42.626003041379086, 16.20488029866525, 0.3546566562928118, 6.068226334738345, 12.290270336414023, 35.87520719426398]
other derivatives: [ 75.52956322 -30.07637406  16.07072409  12.1452108   27.75245049
  -9.17270381 -21.13140545]
Current x array =  [-0.63964494 -0.51102193 -0.9074367   0.48775028 -3.13002553 -0.14990384
 -0.23749227 -2.09181459 -2.0546281  -2.11957327 -2.14877494 -2.55204269
 -2.57546261 -1.9944315  -2.02825223 -2.02311561 -2.14021959 -2.43652197
 -2.3502628  -2.19601339 -2.05597465]
log likelihood =  -3667.242483988579
Edge derivatives =  [28.236408688727945, 22.325417446009276, 22.34147813372053, 13.543472639623442, -6.855984020117235, -6.539177535295621, 37.424905896610014, 32.53990726697748, 37.388427591812025, 10.909757731987595, 1.2933814458077002, 6.653252473186314, 10.723026601178294, 30.403729944915284]
other derivatives: [-252.97980301  -11.14594943    7.54793973  -16.78058243   40.95773005
   -9.92071728  -20.81542107]
Current x array =  [-0.4783453  -0.55191418 -0.81529713  0.64226566 -3.35558675 -0.20706558
 -0.39509281 -1.90078475 -1.9011596  -1.976396   -2.04390099 -2.61585234
 -2.63711573 -1.71403751 -1.7790042  -1.76335246 -2.03162005 -2.44678788
 -2.32494231 -2.11925949 -1.83753648]
log likelihood =  -3626.630322460102
Edge derivatives =  [26.336201499428203, 20.306723230583906, 21.792333060872537, 11.664841021898063, -5.6470492683742215, -5.946911383418342, 31.66358804641701, 26.153305569892783, 32.82380708989216, 8.422056108769292, 1.9718362531506017, 7.5921580348806765, 10.21921816930916, 25.995901088403077]
other derivatives: [-203.52507818  -10.82340759   -6.91123705  -24.65869329   44.85270787
   -9.86957093  -23.23933359]
Current x array =  [-0.50267781 -0.58731033 -0.73755521  0.73827751 -3.42440932 -0.25331703
 -0.50275951 -1.75451577 -1.78466596 -1.86548594 -1.96408915 -2.65830434
 -2.67707089 -1.49974718 -1.58913123 -1.56391841 -1.95034547 -2.4494619
 -2.30173516 -2.06028186 -1.6701989 ]
log likelihood =  -3530.3244015857135
Edge derivatives =  [8.469313483873991, 5.615548144535324, 8.068331574858448, -1.9115442669597358, -3.4224600752996377, -4.554842112283368, -8.533368324829587, -11.215002352149996, -12.571851491043223, -2.8849486808818727, 1.7525556720032769, 7.480023673496032, 5.337544852991585, -12.791593877683262]
other derivatives: [-27.84203025  22.91485816 -82.52074713 -43.5115363   17.04109738
  -8.72698001 -28.17879797]
Current x array =  [-0.61180979 -0.77737063 -0.51691318  1.09030874 -3.38415876 -0.51855573
 -1.11442746 -0.94624698 -1.16540726 -1.24510064 -1.55078283 -2.86062457
 -2.87305119 -0.37954101 -0.61804177 -0.50048228 -1.54490974 -2.43881019
 -2.14418711 -1.73879199 -0.79326571]
log likelihood =  -3534.7021858641533
Edge derivatives =  [1.9085523277392094, 4.709946807804141, 2.6662042263224475, -3.5257947088864756, -4.89299976657497, -5.365422142750666, -12.221473120117942, -11.314011356415469, -18.802319270434857, -7.311904773090507, -0.3335822448464098, 5.829631064982721, 2.9314925108417684, -9.861924798001775]
other derivatives: [ 19.86683037 -40.13425496 155.80529998 -36.2722094   13.48660769
  -4.60465435 -16.52907744]
Current x array =  [-0.63239012 -0.68376695 -0.85800266  0.90782991 -3.2963202  -0.5434584
 -1.19850209 -0.94619005 -1.1679172  -1.24109709 -1.57589526 -2.86712184
 -2.88295005 -0.46030708 -0.7010046  -0.60187892 -1.57086208 -2.43261874
 -2.12083648 -1.73003843 -0.88526754]
log likelihood =  -3521.2842917938797
Edge derivatives =  [6.505265190120429, 5.591071600525307, 6.521025828496669, -2.0907127125216625, -3.907173095982131, -4.758688394583381, -8.976551147841205, -10.344168201336, -14.456194639291825, -4.374791408542369, 1.0943901733899113, 7.100168364794568, 4.789895024484128, -10.59122331632895]
other derivatives: [ -8.691728     0.18653418  46.6593774  -40.13661426  16.18046837
  -6.95556992 -23.45361117]
Current x array =  [-0.62039754 -0.73831172 -0.65924289  1.01416404 -3.34750551 -0.52894711
 -1.1495101  -0.94622322 -1.16645461 -1.24343004 -1.56126174 -2.86333575
 -2.87718178 -0.41324305 -0.65266047 -0.54279304 -1.55573912 -2.43622662
 -2.13444337 -1.73513931 -0.8316562 ]
log likelihood =  -3513.8131078107413
Edge derivatives =  [7.180906761574089, 6.787511532146688, 7.893791376238616, -1.1753541849276379, -3.981044557792008, -5.039292053225131, -5.781143655543989, -7.514257601931766, -7.4887515027390466, -2.61752190067459, 1.1026451788398044, 7.225757840514853, 5.109393921067361, -4.996551903943337]
other derivatives: [ -5.36645894  -0.67677593  29.63263069 -28.54444756   5.5265614
  -5.23085146 -21.68462262]
Current x array =  [-0.62639218 -0.72144922 -0.65443586  0.90941124 -3.18636254 -0.51309681
 -1.10484223 -1.01827915 -1.22707402 -1.29888766 -1.61021921 -2.83910563
 -2.8540156  -0.54369088 -0.77032873 -0.67405159 -1.60713968 -2.42937379
 -2.13599292 -1.76261326 -0.94060286]
log likelihood =  -3501.8379957925927
Edge derivatives =  [2.0755363946334366, 5.8557040978967825, 6.410858860126242, -1.2120012031666725, -3.071273200232934, -4.588146230078955, -3.59175464409471, -5.204955773694987, -1.8716583706540322, 0.016924558521123907, 1.2352547292689804, 7.148951481527762, 4.6826415376617305, 0.026755975854435232]
other derivatives: [ -4.57876922 -10.63433137   7.93989466   1.48550907  -1.66842455
  -1.30282933  -8.27562528]
Current x array =  [-0.63165632 -0.70176506 -0.63192237  0.63671031 -3.18088721 -0.5712836
 -1.35792141 -0.92419897 -1.13714813 -1.19631566 -1.61379095 -2.88817095
 -2.91549131 -0.5824341  -0.83233447 -0.71916894 -1.61904692 -2.41716213
 -2.05278778 -1.6982228  -0.97044556]
log likelihood =  -3499.215709971031
Edge derivatives =  [-1.7832095807272665, 4.091257983808191, 5.213948002664555, -1.1340514435304567, -2.1505697483550588, -3.8144511141386035, -0.44897014338903274, -3.5434661610818106, 2.2348116744939115, 2.075666507452935, 0.9483787452072276, 6.181233986111054, 3.30340544526571, 1.9541970265727675]
other derivatives: [14.72275198 39.64052894  4.33241439  9.59283352 -0.17473167  0.46634841
 -2.55878699]
Current x array =  [-0.64409617 -0.78599565 -0.62247958  0.56239091 -3.24596154 -0.62215752
 -1.57287579 -0.83312899 -1.01538961 -1.06609259 -1.60652199 -2.9502908
 -2.99713589 -0.58210946 -0.86388294 -0.71424799 -1.60135249 -2.4022798
 -1.94527576 -1.61119721 -0.94947533]
log likelihood =  -3496.7917514278515
Edge derivatives =  [-4.650877948850808, 2.732402232177911, 2.7217007122559163, -1.984253628732986, -1.9978029085832545, -3.6537038925173704, -1.9482803968557099, -4.303321592639663, -0.09334164118443644, 1.3418498103672862, 0.4392403929370572, 4.567985940796241, 1.5656549462818494, 0.1609676092406382]
other derivatives: [ 1.20419372  6.63138508 -5.35993422  9.85366569  1.41566743  1.05440176
 -0.62138319]
Current x array =  [-0.6381544  -0.73897435 -0.60351499  0.5455435  -3.30310994 -0.65658876
 -1.71182394 -0.76166594 -0.92537113 -0.97051842 -1.58878096 -2.99368645
 -3.05254775 -0.54065978 -0.84909898 -0.66893364 -1.5735077  -2.39457332
 -1.87807257 -1.55144899 -0.90421705]
log likelihood =  -3495.900085592745
Edge derivatives =  [-5.592797995090651, 2.2548490122371945, 1.7957982149810932, -2.099504517141007, -1.9297664860570862, -3.5340775531502713, -1.1584808502759494, -3.5555717375361557, 0.04001275864332529, 1.0954068358432414, 0.03588562337672172, 3.2939221230528735, 0.45508598495807684, 0.023317450562948663]
other derivatives: [-0.74514128 -2.04498065 -3.34670585  6.78203651  2.22327774  1.28987267
 -0.02603181]
Current x array =  [-0.63773679 -0.72801922 -0.60326063  0.56888047 -3.31049036 -0.66442397
 -1.76193164 -0.75805648 -0.88616053 -0.92896621 -1.59500016 -3.01561501
 -3.08543802 -0.55038626 -0.87489319 -0.67043622 -1.56475911 -2.38864545
 -1.83354971 -1.52357589 -0.89950354]
log likelihood =  -3494.4466594900214
Edge derivatives =  [-6.887221319478873, 1.4712473185445514, 0.09710559229255772, -2.087703176128749, -1.7436772923564545, -3.2047916843983315, 1.9290751793959944, -0.9643478633548669, 1.3881454198123464, 0.7667712727637768, -0.8368895203792723, -0.006391650597918727, -1.9448543408314751, 0.3619472503907074]
other derivatives: [-0.59003742 -6.80555559  1.41162536 -1.38337828  1.71168893  1.66807604
  0.68274961]
Current x array =  [-0.63913463 -0.72300508 -0.60451034  0.64185056 -3.28569718 -0.6674702
 -1.84770131 -0.79927715 -0.80398403 -0.84435343 -1.62837829 -3.06665272
 -3.16865317 -0.59466442 -0.96475475 -0.69033273 -1.54882988 -2.37565057
 -1.72609598 -1.47101512 -0.90438002]
log likelihood =  -3493.2911948180827
Edge derivatives =  [-6.670468480241592, 1.4881113202259553, -0.7352499859728289, -1.9811599122477495, -1.5960696067064084, -2.906822827949619, 2.5292933456604265, 0.3091280794989144, 0.6794359647667003, 0.27800174967737207, -1.0633021527223772, -1.6743295444438249, -2.4663699216166064, 0.1549989159345992]
other derivatives: [-4.18850686 -6.38240181  2.4011697  -3.38775726  0.0706843   1.33835783
  0.31030857]
Current x array =  [-0.63711794 -0.72468268 -0.60455182  0.66023367 -3.26008527 -0.64904722
 -1.88621591 -0.90047069 -0.74243649 -0.79626794 -1.67086034 -3.11362076
 -3.25019039 -0.59337122 -1.02378599 -0.68094851 -1.53096999 -2.37779569
 -1.66913447 -1.46526835 -0.90113992]
log likelihood =  -3499.050240119427
Edge derivatives =  [-1.6658651289112674, -0.19289885082934488, -4.455569124909718, -0.1136609884612796, -0.6936874192986556, -1.4590845475542686, 4.282953641284705, 6.663874426954678, -1.1257615442884157, -1.153839532048976, -0.9962093470286965, -7.6703082944573735, -1.0515873882947042, 0.4333926990945173]
other derivatives: [121.54962451 -24.66101523  -5.95449546 -11.04894955   1.59020318
  -0.20461175  -2.76708652]
Current x array =  [-0.75959937 -0.68721138 -0.58021792  0.72207764 -3.2187815  -0.51642375
 -2.05103526 -1.58366097 -0.41046073 -0.59409104 -1.93613833 -3.37623701
 -3.71783055 -0.54397121 -1.31425956 -0.63338463 -1.44691676 -2.41407109
 -1.44730148 -1.50275183 -0.88397372]
log likelihood =  -3492.2912490672006
Edge derivatives =  [-5.40394780274761, 1.6641508335237665, -1.4669002205877937, -1.549173853152225, -1.291704284719123, -2.43415533162719, 3.086699579403946, 2.0420015020797804, 0.1152716243723279, -0.10976869193938744, -1.0689805895542694, -3.1364577357149646, -2.128180678058942, 0.20343732329001352]
other derivatives: [ 35.48598852 -11.20498382  -0.06261416  -5.81177392   1.08393878
   0.82034603  -0.75271834]
Current x array =  [-0.67098251 -0.71432234 -0.5978238   0.67733275 -3.2486653  -0.6123785
 -1.93178639 -1.0893642  -0.65064937 -0.74036857 -1.74420637 -3.18623085
 -3.37948701 -0.57971274 -1.10409828 -0.6677977  -1.50773033 -2.38782538
 -1.60780044 -1.47563206 -0.89639368]
log likelihood =  -3490.11752714243
Edge derivatives =  [-3.0051041569954817, 0.6256525560118853, -3.6192355509519363, -0.8282038995612955, -1.0214285704727588, -1.7895027673045432, 1.7538559964308276, 4.328784616538359, -3.4039506298397133, -1.573994593396916, -0.975853154990904, -6.4407214644544135, -1.516774331069785, -0.6728029612092594]
other derivatives: [ 7.06216906 -0.94688585  2.33247738 -4.02583373 -5.03220714 -0.67900237
 -2.21741425]
Current x array =  [-0.64799223 -0.73333859 -0.6004739   0.66219563 -3.19456254 -0.5391314
 -2.0091519  -1.45035647 -0.48463204 -0.63905805 -1.87989778 -3.3227746
 -3.62146037 -0.52774852 -1.24058752 -0.61849967 -1.45705456 -2.41132225
 -1.50120222 -1.5077727  -0.88055599]
log likelihood =  -3489.3148803665235
Edge derivatives =  [-2.040510199757779, 1.247500002801476, -2.1500740192162775, -0.5037376440808374, -0.9545495426266666, -1.701082537848047, 0.07539750702848363, 4.028737564934961, -3.4479949806874703, -1.363865091010602, -0.47647186223340515, -4.501704058921662, -0.15420675227454586, -0.5664599077750361]
other derivatives: [ 0.08967436  1.64642643  0.39313954 -1.38364112 -3.07427166 -1.28049487
 -2.6156325 ]
Current x array =  [-0.64149402 -0.73604254 -0.60105101  0.63682733 -3.21445572 -0.52301582
 -1.99121491 -1.52388175 -0.48447256 -0.66745055 -1.89884162 -3.33297171
 -3.64360523 -0.49982964 -1.2223852  -0.61580081 -1.45890582 -2.42423751
 -1.54354216 -1.54056792 -0.87939646]
log likelihood =  -3488.4546141795445
Edge derivatives =  [-0.7956742356176448, 0.8891382405039294, -1.1678140183811507, -0.06423741781177646, -0.7068324749883796, -1.3881415006125974, -1.9038218272297227, 3.809638177621313, -1.8620809424953233, -0.8673176094451645, 0.23638226530114972, -2.070649533771892, 1.441847059492685, -0.011314486212090635]
other derivatives: [-0.12196278  0.89967534  5.72638965  2.42346641  1.00660329 -1.77917718
 -2.48998331]
Current x array =  [-0.6396462  -0.73206378 -0.6106593   0.59311426 -3.25934467 -0.50790831
 -2.03552525 -1.68928972 -0.42236838 -0.67850905 -1.95129648 -3.38753288
 -3.74245966 -0.46217536 -1.19880804 -0.63199544 -1.46014128 -2.44521382
 -1.5916779  -1.57282104 -0.87668911]
log likelihood =  -3491.6241586555543
Edge derivatives =  [1.0278708933993326, -0.4105768767204957, 1.40816529779961, 0.1802472094939578, -0.08371708817186137, -0.9378186034391969, -2.1721378903418858, 2.242167139055632, 4.324769348074706, 1.6500633952840706, 1.2888428353515717, 1.4871815576401468, 2.8766672342555335, 0.41371898101442284]
other derivatives: [-18.06447881   3.74155616 -86.18182983   0.74651916   5.3062913
  -1.86648367  -2.29856955]
Current x array =  [-0.62956615 -0.73307524 -0.51782143  0.62547766 -3.30757206 -0.51065068
 -2.12725581 -1.92479264 -0.31580573 -0.69535811 -2.02408956 -3.47594843
 -3.90342176 -0.44307561 -1.12544438 -0.67079067 -1.46607414 -2.46622866
 -1.66166853 -1.58381315 -0.86571652]
log likelihood =  -3488.2769344002613
Edge derivatives =  [-0.4027284203571114, 0.7148183852052498, -0.6363449987224925, 0.007210312195264759, -0.5810655715066121, -1.2918084785231563, -1.9047604226068662, 3.5706904325364213, -0.645593065197238, -0.37666202541063576, 0.4477253544115784, -1.353303246923556, 1.7345884332331065, 0.12333959483613167]
other derivatives: [-3.4532577   1.52766052 -9.60658963  2.14217062  1.8822856  -1.79882363
 -2.47007358]
Current x array =  [-0.6377446  -0.73225459 -0.59314544  0.59921961 -3.26844277 -0.50842566
 -2.05283022 -1.73371734 -0.40226534 -0.68168762 -1.9650289  -3.40421247
 -3.77282515 -0.45857219 -1.18496798 -0.63931416 -1.46126052 -2.44917827
 -1.60488163 -1.5748947  -0.87461913]
log likelihood =  -3487.996816923915
Edge derivatives =  [-0.2282174626206095, 0.11034113082827564, -0.6248682787699777, 0.024002459363991452, -0.4545713642892874, -1.1573564065963944, -2.1114084481009368, 3.15560145413493, 0.7735533197022437, -0.012929726354959321, 0.6274785915687692, -0.4537310621252935, 1.8954478587710568, 0.3898946029661957]
other derivatives: [-2.19596996  0.21796222 -5.59776981  2.26515385  3.67439963 -1.60903437
 -2.06546249]
Current x array =  [-0.63803935 -0.7290343  -0.59855918  0.59309785 -3.28776774 -0.5160006
 -2.09437492 -1.78545614 -0.36808672 -0.68236632 -1.98192439 -3.42960731
 -3.81741224 -0.45488637 -1.15993255 -0.65601897 -1.46498985 -2.45404106
 -1.62530936 -1.57240908 -0.87297299]
log likelihood =  -3487.498790500741
Edge derivatives =  [-0.12396284575666042, -1.2557141048305398, -0.9324866595416283, -0.14224729434884367, -0.2781415245104898, -0.950655741703833, -2.215851678860451, 1.6396945424451734, 1.8631250179060637, 0.44311226516282715, 0.7301374110503822, 0.7562613210015977, 1.4870602525116325, 0.1789562217872475]
other derivatives: [-0.21528149  0.30578303 -0.75484149  1.19878723  3.29225969 -0.89335845
 -1.41910385]
Current x array =  [-0.63917262 -0.72789253 -0.60457977  0.60050933 -3.28616437 -0.54138018
 -2.18017357 -1.86331305 -0.31243784 -0.68611877 -2.00667134 -3.47508312
 -3.8988737  -0.46017803 -1.09347811 -0.66714686 -1.46784583 -2.45621371
 -1.65723629 -1.55094422 -0.86271574]
log likelihood =  -3487.1511813875422
Edge derivatives =  [-0.000599504811529615, -2.0077018607167956, -0.9855440204389608, -0.2667940523645186, -0.19119967622195588, -0.8054596075101593, -1.3691735001668146, -0.10131394115930487, 1.0607994376769625, 0.43114760201173097, 0.6092600681352882, 1.2840130455809011, 0.46882802031693294, -0.1609048831090712]
other derivatives: [-2.36744381 -6.56636121  1.55414273 -0.13068802  0.70069175 -0.00833325
 -0.90133935]
Current x array =  [-0.63854597 -0.7167208  -0.60770881  0.61421766 -3.25755453 -0.57014161
 -2.26744647 -1.93654569 -0.28575868 -0.70663091 -2.03229315 -3.51761353
 -3.98105606 -0.49053304 -1.02185057 -0.65893657 -1.46541284 -2.4502464
 -1.67786877 -1.51979836 -0.85595962]
log likelihood =  -3487.5103961744353
Edge derivatives =  [0.3379511386333021, -2.0087769431492197, 0.3488518370611913, -0.13082281866039608, -0.018176811959588705, -0.6168557084391936, 1.2696237608990093, -1.8055006237948577, 1.5480432546557124, 1.2205116500370725, 0.5276490367359691, 1.9936857901426248, -0.4899457450979886, 0.31195689327085435]
other derivatives: [11.22121284 22.19117096  3.203505   -0.60725597 -1.85731463  0.92276878
 -0.48477328]
Current x array =  [-0.64699327 -0.75788998 -0.61018607  0.62756833 -3.22923802 -0.60209786
 -2.35586275 -1.98287022 -0.28414953 -0.73689485 -2.05113841 -3.55261912
 -4.0525909  -0.53481596 -0.95127942 -0.65012222 -1.4626301  -2.43787957
 -1.69001252 -1.48282422 -0.85360415]
log likelihood =  -3487.0688906328387
Edge derivatives =  [0.10046924453391294, -2.001741714063338, -0.5773909384099856, -0.22743817831660923, -0.13662902095730695, -0.746531827219487, -0.5665143453523299, -0.5705160563098214, 1.2270746565918462, 0.6787369291575417, 0.5897168610070863, 1.5065976061610584, 0.19574665074428876, -0.001439303704682024]
other derivatives: [ 1.79820245  2.42775332  2.0335533  -0.25983672 -0.04882844  0.27978876
 -0.76772271]
Current x array =  [-0.64107007 -0.72902234 -0.60844903  0.6182069  -3.24909343 -0.57969029
 -2.29386567 -1.95038767 -0.28527786 -0.71567392 -2.0379242  -3.52807336
 -4.00243101 -0.50376498 -1.00076358 -0.6563028  -1.46458134 -2.44655113
 -1.68149738 -1.50875031 -0.85525579]
log likelihood =  -3487.0068141942634
Edge derivatives =  [0.18158341467555622, -1.9178143346064462, -0.6009385004440435, -0.16329759897499335, -0.15558403968335102, -0.7396600678762969, -0.019662760931552017, -0.4206327345879426, 0.3820459193332712, 0.44404031800168486, 0.4655018561197018, 0.9887898808088428, -0.1551765618756141, -0.059425383705939305]
other derivatives: [ 0.81637154  0.87665467  1.14652767 -0.57489842 -1.25545743  0.38705457
 -0.76912127]
Current x array =  [-0.64092068 -0.72688712 -0.60700474  0.62288571 -3.23534282 -0.57993441
 -2.30748957 -1.96591207 -0.28863024 -0.716739   -2.04584653 -3.53642303
 -4.02036409 -0.51532731 -1.00377544 -0.64618526 -1.45908067 -2.44237539
 -1.66788439 -1.50194835 -0.855635  ]
log likelihood =  -3486.929531428788
Edge derivatives =  [0.2911055220582043, -1.2558667897666356, -0.3000160332653512, -0.052882587041457006, -0.16425358082795763, -0.7243923163517103, 0.7378476845643203, -0.21422615073160559, -0.22735649625506493, 0.2376472535138062, 0.3294203428804056, 0.40550636331476636, -0.4785609003498861, 0.06623666934052316]
other derivatives: [ 0.02186835 -0.2412462   0.03204696 -0.41447947 -1.23070223  0.477497
 -0.7046782 ]
Current x array =  [-0.64074363 -0.72529378 -0.60554404  0.62165876 -3.23392142 -0.58005006
 -2.330408   -1.97463887 -0.30690254 -0.72350767 -2.0529333  -3.54520561
 -4.04245951 -0.52798734 -1.00434749 -0.63730855 -1.45211551 -2.43431692
 -1.65043752 -1.49488361 -0.85683149]
log likelihood =  -3486.8669844488204
Edge derivatives =  [0.6792489140539506, -0.5577114483030343, 0.06686698751612961, 0.19997583585442708, -0.12854831398803793, -0.6420531783531419, 0.9784515677625172, 0.24654232472655857, -0.72162087517181, -0.08506680168255333, 0.21370411956701527, -0.41782571039093463, -0.5103232099203476, 0.1288083984252285]
other derivatives: [ 6.85976738 -1.51134145 -1.14076465  0.26478619 -0.6160014   0.44793524
 -0.65750445]
Current x array =  [-0.64658662 -0.7230868  -0.60318389  0.61452473 -3.2395611  -0.56993742
 -2.38820349 -2.02965116 -0.31803777 -0.72513221 -2.07942111 -3.57859383
 -4.11558409 -0.52672318 -1.010927   -0.62647295 -1.43632836 -2.42331869
 -1.62018735 -1.49399146 -0.85358281]
log likelihood =  -3486.8432163753914
Edge derivatives =  [0.8984645252443162, 0.10057763900862986, 0.3544595292046895, 0.3701383270862963, -0.10198662661949137, -0.571423243383495, 1.2948678269886074, 0.4437816996577245, -0.6539659081187632, -0.33035882197139593, 0.09057316491028633, -1.1452367418724172, -0.7241446932130178, 0.20856864565588307]
other derivatives: [-6.93243601  0.81314238 -0.02187517  0.79005167  0.23411419  0.37192603
 -0.45109329]
Current x array =  [-0.63591558 -0.72801187 -0.6052534   0.60794503 -3.25170686 -0.56537629
 -2.4489391  -2.06620778 -0.32915306 -0.72664189 -2.09901312 -3.60773637
 -4.17994873 -0.52716896 -1.00962194 -0.62370253 -1.42453649 -2.41181606
 -1.59621181 -1.48951092 -0.85095928]
log likelihood =  -3486.803702143361
Edge derivatives =  [0.8067961332538844, -0.17766926706837827, 0.23669723783930524, 0.28049482919663943, -0.08846472319699238, -0.579287203698799, 0.9068270265476372, 0.17946413472022765, -0.25019329954691694, -0.15085102837345132, 0.16731471003037154, -0.6763685127082177, -0.550325814518112, 0.1601632136846219]
other derivatives: [-0.70804072  0.22717177  0.00570071  0.54373095  0.437877    0.40047507
 -0.4757165 ]
Current x array =  [-0.64050923 -0.72650462 -0.60500839  0.60976837 -3.25311498 -0.5674976
 -2.43601912 -2.0543337  -0.32257617 -0.72557207 -2.09226196 -3.60061058
 -4.16392061 -0.52150157 -1.00421333 -0.62920959 -1.42953327 -2.41562754
 -1.60920099 -1.49222808 -0.85026762]
log likelihood =  -3486.7899370889736
Edge derivatives =  [0.7831454667367899, -0.2138126590804742, 0.19072935534688207, 0.2448947313749868, -0.07240462449317053, -0.5668037297184221, 0.5837864934802803, -0.006953999394767568, 0.017532653260513814, -0.09334517407072945, 0.1915884475752225, -0.5003602929408638, -0.4530367053464103, 0.09671572252127499]
other derivatives: [ 0.95820087  0.14699754  0.4052672   0.47705089  0.68472908  0.39986662
 -0.44279533]
Current x array =  [-0.6417188  -0.72631243 -0.60537077  0.60978414 -3.25613568 -0.56732965
 -2.443121   -2.05409641 -0.32109815 -0.72490257 -2.09199992 -3.6031474
 -4.16985322 -0.51570319 -0.99925171 -0.63207048 -1.43003263 -2.41513326
 -1.61319052 -1.49379817 -0.84845059]
log likelihood =  -3486.7667795887237
Edge derivatives =  [0.7434123349817428, -0.11931936625544705, 0.11313980701515992, 0.19035367164949937, -0.04488278604338807, -0.5383501205101118, -0.003079071257051147, -0.31070077339098656, 0.346627527602544, -0.052905131479865385, 0.1991448149598929, -0.33704087090694657, -0.30972801875465883, -0.05569901164938]
other derivatives: [ 2.0129014   0.16045578  0.63734979  0.31070294  0.87858652  0.38718417
 -0.3551011 ]
Current x array =  [-0.64256452 -0.72653563 -0.60539006  0.61088411 -3.25928629 -0.5650477
 -2.46534537 -2.05390843 -0.32358973 -0.7236416  -2.0930154  -3.6112909
 -4.1904482  -0.50499768 -0.99134746 -0.63481662 -1.42876304 -2.41110636
 -1.61593935 -1.49660295 -0.84457142]
log likelihood =  -3486.7299279478925
Edge derivatives =  [0.6475410966754022, 0.13709390199529442, -0.008974607952560415, 0.12871384012585455, -0.01114282309202043, -0.5005366699675298, -0.6341032294578799, -0.5369998055503356, 0.46983067973773934, -0.03779542770648243, 0.18134418901444394, -0.20455792277920748, -0.09424860669431798, -0.19654862319655303]
other derivatives: [ 1.86901389  0.16299873  0.21864207  0.02726438  0.57412474  0.34923005
 -0.19845834]
Current x array =  [-0.64273011 -0.72697975 -0.60448104  0.61447646 -3.25699683 -0.55748137
 -2.5020204  -2.04652618 -0.33285259 -0.72183337 -2.09379306 -3.62379785
 -4.22680641 -0.49395566 -0.98665154 -0.63443353 -1.42611655 -2.40183523
 -1.61758241 -1.5022917  -0.84100683]
log likelihood =  -3486.7669205508946
Edge derivatives =  [0.2349291107600479, 0.500403391945639, -0.5500491068642499, 0.06332419871476613, 0.016899936305912133, -0.4383129755712727, -0.9313096222661249, -0.3161610094869588, -0.21103128565244703, -0.2985783463297197, -0.002785697688682306, -0.20876391558201654, 0.10983145848598255, -0.2388664822942359]
other derivatives: [ 3.25263045 -0.89231071 12.831003   -1.05859363  0.30571948  0.24862447
  0.18118229]
Current x array =  [-0.64353759 -0.7262176  -0.61851311  0.62120963 -3.25152648 -0.53455953
 -2.58138024 -2.01132509 -0.35148703 -0.71850885 -2.0918809  -3.64835509
 -4.31114896 -0.49193795 -0.99287444 -0.62807498 -1.42099311 -2.37673974
 -1.61804874 -1.51163194 -0.83965736]
log likelihood =  -3486.712833511164
Edge derivatives =  [0.501566998308057, 0.2694831675455373, -0.20150329864324715, 0.10563249599156493, -0.00045576527414237494, -0.4770329929209138, -0.7382324740461893, -0.45629835038091016, 0.22990328300559468, -0.12880917100196915, 0.11751857970894851, -0.2038226494325086, -0.01870979579720458, -0.2079574217549532]
other derivatives: [ 2.36149162 -0.21191136  4.78904985 -0.35964786  0.47920158  0.31470245
 -0.05476338]
Current x array =  [-0.64301939 -0.72670671 -0.6095081   0.61688866 -3.25503705 -0.5492695
 -2.53045148 -2.03391521 -0.33952848 -0.72064234 -2.09310802 -3.63259561
 -4.25702257 -0.4932328  -0.98888093 -0.63215555 -1.42428105 -2.39284464
 -1.61774948 -1.50563789 -0.84052338]
log likelihood =  -3486.67489043424
Edge derivatives =  [0.3495689170195711, 0.6354017956934348, -0.23871514478986516, 0.07092454820024865, 0.04013134729663728, -0.4409546570105297, -0.9348978756917734, -0.3977788433474193, 0.1657612562069845, -0.07202829630407309, 0.07936318923770957, -0.09884648843047811, 0.22646307774236757, -0.18327579567321267]
other derivatives: [ 0.57663192  0.10213626  1.85817498 -0.47988215 -0.1172162   0.23316716
  0.13305523]
Current x array =  [-0.6421893  -0.72758219 -0.60563472  0.62085841 -3.2491205  -0.53571992
 -2.57529324 -2.01504476 -0.35316162 -0.71940447 -2.09231249 -3.64660285
 -4.30478686 -0.48940134 -0.99204912 -0.62816068 -1.42129931 -2.37867237
 -1.61832701 -1.51278644 -0.83961211]
log likelihood =  -3486.65625593241
Edge derivatives =  [0.23070177301982814, 0.7274415040587696, -0.2254368673769354, 0.07714387354650276, 0.06019069091355973, -0.42727299164085947, -0.622339045175864, -0.13225527308501844, 0.0191329000847896, -0.031217261549291955, 0.048796841639211226, -0.05634031917689641, 0.31621753050329154, -0.04683551593552618]
other derivatives: [-0.45251318 -0.0929258   0.48732818 -0.37782002 -0.29993818  0.16530794
  0.23463503]
Current x array =  [-0.64167591 -0.72730987 -0.60388773  0.62121996 -3.24670718 -0.52606978
 -2.5962837  -1.99969098 -0.35718878 -0.71931404 -2.09066181 -3.65260122
 -4.33104491 -0.49463491 -0.99937845 -0.62491906 -1.4204044  -2.37037188
 -1.61877739 -1.51569638 -0.84128417]
log likelihood =  -3486.640918528942
Edge derivatives =  [0.09477340024735396, 0.6227761402246665, -0.15813540357163147, 0.09444617886502854, 0.08526246634273521, -0.41388070020274664, -0.06239790754084473, 0.21865842988874307, -0.031491030623072985, 0.05919089037049161, 0.023111259585039453, 0.037846067326733214, 0.3595095591794681, 0.13887122355695558]
other derivatives: [-0.33914557  0.55037526 -0.28969453 -0.09618452 -0.20617588  0.08030429
  0.32065906]
Current x array =  [-0.64183943 -0.72802674 -0.60289466  0.61935818 -3.24724058 -0.51579688
 -2.61286061 -1.9827503  -0.35433441 -0.71975956 -2.08809182 -3.65719688
 -4.35692352 -0.50360201 -1.00802394 -0.62259043 -1.42033836 -2.36279593
 -1.62053499 -1.51662396 -0.84340814]
log likelihood =  -3486.6538841427014
Edge derivatives =  [-0.10766384848649899, 0.19666854511049905, -0.26649722714028035, 0.04585313700443635, 0.09107302482673757, -0.41349243273210257, 0.15259772231114163, 0.3933532030965927, -0.2904657267255567, -0.01594207469293995, -0.037217325372741125, 0.09286153564355105, 0.23927871596227335, 0.05374495533458849]
other derivatives: [-1.37165216 -5.82828989 -0.9958485   0.03366404  0.02986553 -0.0311602
  0.36360209]
Current x array =  [-0.64171714 -0.71863055 -0.60186711  0.61674534 -3.24985125 -0.50547768
 -2.62193862 -1.96713455 -0.34143435 -0.72119994 -2.0843226  -3.65998615
 -4.38371917 -0.51046435 -1.01265881 -0.62108872 -1.42029052 -2.35688663
 -1.62456145 -1.51446762 -0.84328058]
log likelihood =  -3486.636860441938
Edge derivatives =  [0.02893112555147876, 0.48356280490592424, -0.19286173810662532, 0.07873045625767167, 0.08727491680961931, -0.41368305484789836, 0.009103358126222455, 0.2761916251694042, -0.11536236189696791, 0.03501295555867048, 0.0036358481328252583, 0.05636200591260945, 0.3204859208746949, 0.11173308760536774]
other derivatives: [-0.67417614 -1.5226251  -0.52202222 -0.05282254 -0.12805961  0.04390904
  0.33480238]
Current x array =  [-0.64179928 -0.72494202 -0.60255732  0.6185004  -3.24809765 -0.51240915
 -2.61584087 -1.97762374 -0.35009939 -0.72023243 -2.08685441 -3.65811258
 -4.36572038 -0.50585488 -1.00954555 -0.62209743 -1.42032266 -2.36085594
 -1.62185685 -1.51591605 -0.84336626]
log likelihood =  -3486.630038338575
Edge derivatives =  [-0.009700821638600116, 0.31955303404965235, -0.11638353024258995, 0.09006765649097162, 0.10090621534007838, -0.40458244075235067, 0.25569907517187207, 0.3822664049601256, -0.043623090156226146, 0.07451292351371491, -0.013263912630785437, 0.086344118006313, 0.27485682984744364, 0.14835324672524144]
other derivatives: [ 0.1592648  -0.78051107 -0.41817202  0.14974512  0.11604985 -0.00129421
  0.34830958]
Current x array =  [-0.64235758 -0.72585981 -0.60263383  0.61632078 -3.25095609 -0.50832147
 -2.62209802 -1.97393898 -0.34407417 -0.72115759 -2.08651031 -3.66070937
 -4.37991775 -0.50946844 -1.01117764 -0.62196752 -1.41982073 -2.35814858
 -1.62207873 -1.51407511 -0.84326764]
log likelihood =  -3486.622654405093
Edge derivatives =  [-0.06077394885449684, 0.027713509403415174, -0.05362649262687556, 0.07412366128670964, 0.1143098478179668, -0.39372114265903707, 0.30287936982177865, 0.34079728036705, 0.08727168118676273, 0.10053229388591325, -0.03487649238270108, 0.1430064901981309, 0.17726256947073188, 0.07910813836282816]
other derivatives: [ 0.19283834 -0.08506822 -0.0603568   0.25904501  0.31948339 -0.06049277
  0.34727093]
Current x array =  [-0.64229203 -0.72687208 -0.60302679  0.61468076 -3.25420601 -0.50452606
 -2.62645057 -1.97083122 -0.33420974 -0.72257247 -2.08548056 -3.66291655
 -4.39660991 -0.51021559 -1.00905791 -0.6228013  -1.41922349 -2.35600137
 -1.62351956 -1.51083774 -0.84173028]
log likelihood =  -3486.6197502555506
Edge derivatives =  [-0.11389067320285179, -0.2962499824957998, 0.014731486988937545, 0.03672362568513218, 0.1255795175307763, -0.3778503619271942, 0.15917739190198288, 0.17136181573403592, 0.039898032447110265, 0.056985053597795154, -0.10077212207378064, 0.08683256475127733, -0.011178524937262874, -0.09232120878905822]
other derivatives: [ 4.15642853  0.28660588 -0.07103017  0.14839316  0.1609371  -0.10525855
  0.30752431]
Current x array =  [-0.64545527 -0.72730158 -0.60245943  0.61549128 -3.25348852 -0.49917362
 -2.63240044 -1.96764749 -0.32449248 -0.72514518 -2.08418837 -3.66610051
 -4.42611475 -0.50846629 -1.00402413 -0.6211163  -1.41638088 -2.35213541
 -1.62185194 -1.50534748 -0.83892339]
log likelihood =  -3486.612762908937
Edge derivatives =  [-0.126646208039271, -0.3965358361176333, 0.01293960013318951, 0.019390435823377523, 0.12281544626367184, -0.376486679747347, 0.05857315623437326, 0.08133736597118235, 0.056817466688608015, 0.029258431589345803, -0.11014584398805757, 0.0775036188934072, -0.0782007520726472, -0.16331824528510114]
other derivatives: [ 1.13125861  0.37599375  0.21017513  0.10810527  0.12552944 -0.13476074
  0.30463403]
Current x array =  [-0.64309882 -0.72775629 -0.60297472  0.61557786 -3.25412986 -0.49904737
 -2.63109278 -1.96793512 -0.32132686 -0.72571546 -2.08370622 -3.66590846
 -4.42989255 -0.5072083  -1.00164339 -0.62163725 -1.41613154 -2.352339
 -1.62228215 -1.50392286 -0.83811884]
log likelihood =  -3486.610150977243
Edge derivatives =  [-0.13046957305465456, -0.39825967949316327, 0.0018695998584080248, 0.0034352746328753098, 0.11880898170866558, -0.3747547335477502, -0.07686310111404115, -0.006889419452955264, -0.013541676699843297, -0.015157661641527438, -0.12644474652893356, 0.027545245367679577, -0.12353891277668246, -0.21890262187262516]
other derivatives: [-0.01231001  0.20801963  0.11873681 -0.00773389 -0.05787405 -0.14261377
  0.29744674]
Current x array =  [-0.64229927 -0.72772246 -0.60284787  0.61679485 -3.25262638 -0.4987949
 -2.63120974 -1.9681155  -0.3217758  -0.7261704  -2.08346401 -3.66606566
 -4.43522171 -0.50543263 -0.99968468 -0.62094975 -1.41529382 -2.35194051
 -1.6213402  -1.50318372 -0.83761151]
log likelihood =  -3486.60771446128
Edge derivatives =  [-0.1365789859845587, -0.38988571162797503, 0.004449405342973348, -0.011989917914555087, 0.11558717195657574, -0.37037298962451837, -0.190811705306802, -0.08954416966843362, -0.12819038024502968, -0.07287114897074012, -0.15309525847148442, -0.05270276387536685, -0.1855932295007142, -0.258016230044059]
other derivatives: [-0.54867724  0.04934827 -0.06968503 -0.13893259 -0.28061255 -0.15267051
  0.2882246 ]
Current x array =  [-0.64200063 -0.72766852 -0.60252271  0.61825687 -3.25057859 -0.49765437
 -2.63254627 -1.9676403  -0.32266837 -0.72699715 -2.08313801 -3.66671626
 -4.44640677 -0.50408595 -0.99778949 -0.61954229 -1.41386906 -2.35077237
 -1.61947979 -1.50205423 -0.83735561]
log likelihood =  -3486.6029284992123
Edge derivatives =  [-0.13268543890169493, -0.353872202248498, 0.03398808690804246, -0.022838649973187332, 0.11409861523481071, -0.36100827214194725, -0.24824892133001522, -0.16510220073432125, -0.2456740416606184, -0.14244331747351188, -0.18317649266928343, -0.16194481302153446, -0.2624853834504596, -0.23513861433740452]
other derivatives: [-0.8861789  -0.08536745 -0.20302559 -0.24864039 -0.41694603 -0.16617059
  0.27733019]
Current x array =  [-0.64183891 -0.7275969  -0.60226389  0.61938223 -3.24922827 -0.49601438
 -2.63383029 -1.96739339 -0.32414383 -0.72840263 -2.08276333 -3.66754721
 -4.46680842 -0.50367041 -0.99564242 -0.61798715 -1.41191422 -2.34936507
 -1.61669167 -1.50051519 -0.83797069]
log likelihood =  -3486.586041199487
Edge derivatives =  [-0.08675311001960556, -0.1452338578150515, 0.13685913978397224, -0.04239514082375739, 0.11718369636479999, -0.32538082372113136, -0.31786429390866366, -0.36061711101625593, -0.42434345720420463, -0.3114541013230263, -0.2371305240244407, -0.42993481049641297, -0.4145594265559504, -0.04401532424382752]
other derivatives: [-1.70429576 -0.51185862 -0.3271125  -0.41004705 -0.49115292 -0.19423715
  0.25418533]
Current x array =  [-0.64136538 -0.72710836 -0.60202596  0.62081428 -3.24807858 -0.49235134
 -2.63458829 -1.96843271 -0.33075203 -0.73248237 -2.0816538  -3.66907418
 -4.54009877 -0.50379184 -0.98930139 -0.61557712 -1.40690742 -2.34683513
 -1.60946485 -1.49758069 -0.84134911]
log likelihood =  -3486.562150084869
Edge derivatives =  [-0.03550561115028024, 0.02239381164894061, 0.3177603758853545, -0.0613962757727289, 0.14342528302772553, -0.26771130309099694, -0.19614140282588868, -0.5343184246240851, -0.41775600950012814, -0.4176706356011062, -0.27542517493128665, -0.6328951596154103, -0.5403491147895162, 0.18217773515091432]
other derivatives: [-1.76541425 -0.40385203 -1.46565162 -0.26173302 -0.41087688 -0.2501788
  0.23521293]
Current x array =  [-0.64145213 -0.72706478 -0.60071774  0.61975187 -3.24867699 -0.48550694
 -2.63617354 -1.96765618 -0.33511663 -0.73757051 -2.07939578 -3.67159847
 -4.66918354 -0.50701807 -0.98259617 -0.6143315  -1.40151651 -2.34338045
 -1.60303578 -1.49474153 -0.84478667]
log likelihood =  -3486.667319763247
Edge derivatives =  [0.07752910242029187, 0.8899811129991984, 0.06709168011669439, -0.13890309092234482, 0.1404032667985221, -0.151595245621454, -0.5353908168770696, -1.0509714842215443, -1.148369200388481, -1.1287718157746827, -0.3662263550883588, -1.2338497158352308, -0.6456858530457943, 0.6178602240319312]
other derivatives: [-0.71832346 -3.93891241 14.03543683 -1.16667206 -0.17235911 -0.24392193
  0.22146049]
Current x array =  [-0.6414859  -0.72170021 -0.61936508  0.62215757 -3.24514939 -0.47817343
 -2.61789825 -1.97236735 -0.36691502 -0.74620392 -2.07258428 -3.66864717
 -5.0453781  -0.51017409 -0.96527814 -0.61347066 -1.39118514 -2.34365741
 -1.59060049 -1.49842966 -0.85517689]
log likelihood =  -3486.5499382137095
Edge derivatives =  [-0.006583264243371217, 0.23503608023253694, 0.26010349770206087, -0.07944134120243562, 0.1453907166205157, -0.23280019880862718, -0.27624467735996805, -0.6551571466815036, -0.5865880354608146, -0.5815487314435533, -0.29607620565152704, -0.7732462239050727, -0.565087996849748, 0.29017328516668056]
other derivatives: [-1.51041786 -1.23785821  2.35590414 -0.47820049 -0.35040329 -0.24684596
  0.23226682]
Current x array =  [-0.64146026 -0.72577261 -0.60520935  0.62033133 -3.24782729 -0.48374051
 -2.63177154 -1.96879097 -0.34277597 -0.73965005 -2.07775508 -3.67088758
 -4.75979816 -0.50777827 -0.97842474 -0.61412415 -1.39902797 -2.34344716
 -1.60004047 -1.49562989 -0.84728938]
log likelihood =  -3486.5192394119003
Edge derivatives =  [0.06924127004317462, 0.43121193471674973, 0.4295113732999719, -0.07648536190310973, 0.1903913871055026, -0.18037750098587943, 0.06948515266448899, -0.6843476010112788, -0.2409036394859442, -0.5212794641561301, -0.25132707053940234, -0.7295925393300788, -0.477454279930973, 0.5379654444786429]
other derivatives: [-0.6081782  -0.5373563   0.81524468  0.02004117  0.07056487 -0.28095747
  0.23392749]
Current x array =  [-0.64206704 -0.72609289 -0.60375005  0.6162244  -3.25138681 -0.47867619
 -2.62792469 -1.96825757 -0.34695011 -0.74267449 -2.07506214 -3.67121508
 -4.91433284 -0.51386824 -0.97524275 -0.6167276  -1.39711205 -2.34310871
 -1.59920637 -1.49733471 -0.85042065]
log likelihood =  -3486.486459978359
Edge derivatives =  [0.12693363903140295, 0.5218687611773084, 0.49147343051672865, -0.078287995852361, 0.2507832551428127, -0.1282672371298183, 0.43747976817854106, -0.6156734585469198, 0.2557054591497782, -0.3419647477083061, -0.15265460891630253, -0.4572290090348157, -0.2356624106597861, 0.5963981471129207]
other derivatives: [ 0.55908686 -0.2458828  -0.14106581  0.52746145  0.59466175 -0.30178171
  0.2478917 ]
Current x array =  [-0.64275154 -0.72559558 -0.60310312  0.61174421 -3.25574621 -0.47473785
 -2.61902516 -1.96666916 -0.34786208 -0.74304047 -2.07152446 -3.66931402
 -5.11267767 -0.52051842 -0.97528926 -0.62169703 -1.39861716 -2.34526109
 -1.60460303 -1.50292924 -0.85073742]
log likelihood =  -3486.4549772145656
Edge derivatives =  [0.19663666297426174, 0.617870697569074, 0.45672778626515, -0.08082458618574635, 0.31430350212851743, -0.0807401591549494, 0.6359999461998439, -0.49396933996648007, 0.6318344285275637, -0.07222666234816813, -0.01831849876818143, -0.06819386919264167, 0.13671986641190412, 0.4470205484239891]
other derivatives: [ 0.96333406  2.56637804 -0.03650302  0.63458356  0.6310191  -0.28340855
  0.25402248]
Current x array =  [-0.64257618 -0.7291279  -0.60363178  0.61179969 -3.25500103 -0.47407158
 -2.6028491  -1.96517351 -0.35079881 -0.73994259 -2.06777644 -3.66345721
 -5.36062527 -0.52358728 -0.97893247 -0.62497703 -1.40259216 -2.35002926
 -1.61321281 -1.51244441 -0.84823705]
log likelihood =  -3486.427757288535
Edge derivatives =  [0.22181919894874336, 0.6688338028133323, 0.12874823051832962, -0.11563974007225544, 0.3761115766892637, -0.0443230491908415, 0.7452723445858382, -0.2122316491811345, 0.7834088349780381, 0.18482415629527124, 0.15344781095336968, 0.44686748726478764, 0.6542772313356322, 0.03089333948800696]
other derivatives: [ 1.28226748 -1.58095463 -1.05633808  0.5767065   0.7276128  -0.23935399
  0.25629578]
Current x array =  [-0.64293194 -0.72218537 -0.60271032  0.61245051 -3.25364507 -0.47463947
 -2.57729598 -1.96169022 -0.35289586 -0.73289348 -2.06280347 -3.65299461
 -5.72858293 -0.52784424 -0.98913113 -0.6284004  -1.40996381 -2.35774244
 -1.62758377 -1.52736871 -0.84348516]
log likelihood =  -3486.4084247412493
Edge derivatives =  [0.21880832975709683, 0.5941209428742323, 0.06668684318436591, -0.13666833828336913, 0.38093463771482095, -0.03580850393925987, 0.5178306831513414, -0.23297050885552312, 0.5505184991666137, 0.19231162455239525, 0.1477685171733308, 0.4554606104171534, 0.6634158860798571, -0.16761223055752866]
other derivatives: [ 1.28905958  0.17628417 -0.2396755   0.20664993  0.18925035 -0.23413304
  0.22184208]
Current x array =  [-0.64281896 -0.72506609 -0.6033973   0.61652697 -3.2484351  -0.47462611
 -2.57014298 -1.95967104 -0.35245932 -0.7312373  -2.06149309 -3.64916408
 -5.85668887 -0.5241157  -0.99058065 -0.62514433 -1.40993409 -2.35820519
 -1.62812983 -1.52832718 -0.84113036]
log likelihood =  -3486.3941978914263
Edge derivatives =  [0.19210765696468055, 0.4242198154949893, -0.022737628026657214, -0.1690317633940868, 0.37678735239585937, -0.026430101469154154, 0.24357928286894492, -0.20262199736315642, 0.11444352605525482, 0.1277766500203608, 0.11696814184002939, 0.37823642930678153, 0.5756713311061868, -0.37306211917305404]
other derivatives: [-3.04985087  0.8558618   0.2700599  -0.17573529 -0.41636857 -0.27507213
  0.17673259]
Current x array =  [-0.63952803 -0.72684145 -0.60384222  0.62046777 -3.24365277 -0.47366045
 -2.55856155 -1.95535049 -0.34907667 -0.72934915 -2.05958336 -3.64246648
 -6.09103474 -0.5202208  -0.99418291 -0.61991242 -1.40909936 -2.35810166
 -1.62759731 -1.52769203 -0.83949181]
log likelihood =  -3486.3840511893686
Edge derivatives =  [0.16712110601013852, 0.2627418334029177, -0.07600136593323249, -0.19347201187147794, 0.37397269359711954, -0.021542542759848002, 0.02833417396596652, -0.18939822081802765, -0.2436235132873697, 0.07050272726884543, 0.07582966513551713, 0.29761133461157413, 0.4888712351770978, -0.5035601474076072]
other derivatives: [-0.3344644   0.78162611  0.44583567 -0.51373991 -0.80880059 -0.27953593
  0.11534051]
Current x array =  [-0.64170669 -0.72685959 -0.60342632  0.62376308 -3.23980657 -0.47214476
 -2.55148645 -1.95134094 -0.34566161 -0.72844588 -2.05817345 -3.63795915
 -6.26604584 -0.51707956 -0.9964173  -0.61524992 -1.40770167 -2.35701771
 -1.62607747 -1.52593679 -0.83832157]
log likelihood =  -3486.3760084703554
Edge derivatives =  [0.1482629444914577, 0.1495974333292397, -0.06625485080984064, -0.20489671783445376, 0.37200626479852783, -0.018556152332110453, 0.005216103248655207, -0.14962376445885098, -0.3923457077216015, 0.010002003031269593, 0.04556161555543127, 0.2189704854005935, 0.3952997559534246, -0.4721910296650526]
other derivatives: [-0.00296495  0.1102494   0.04512822 -0.50470226 -0.80021209 -0.31540003
  0.08085255]
Current x array =  [-0.64207278 -0.72593733 -0.60274824  0.62347138 -3.24032372 -0.46993399
 -2.54638681 -1.94773345 -0.3422359  -0.72878945 -2.05696622 -3.63462077
 -6.42024767 -0.51704966 -0.99789097 -0.61329557 -1.40618401 -2.35575141
 -1.62445253 -1.52374315 -0.83924144]
log likelihood =  -3486.3578468751602
Edge derivatives =  [0.09687175274892143, -0.16964602252221028, -0.02514652718889257, -0.21514642980384838, 0.36882910685488246, -0.011775487509509061, 0.04818322052577037, 0.05490368401023986, -0.5596810270923231, -0.10572712459519741, -0.015308706864708966, 0.06953580398437495, 0.1677283051525823, -0.2593425967886801]
other derivatives: [ 0.40713212 -0.76142851 -0.1665926  -0.27159649 -0.40764223 -0.413821
 -0.00273438]
Current x array =  [-0.64241448 -0.72474777 -0.60219031  0.62014138 -3.24560594 -0.46589661
 -2.52836567 -1.93670804 -0.3318249  -0.72891663 -2.05407926 -3.62204215
 -6.88946025 -0.51769229 -1.00404712 -0.61104063 -1.40345996 -2.35340701
 -1.62153828 -1.51798322 -0.84328834]
log likelihood =  -3486.3432208578497
Edge derivatives =  [0.07532576296373078, -0.27112993298894744, -0.029212664175053568, -0.21471989792879137, 0.3700445832507436, -0.007624314075045458, -0.04218103337510146, 0.16922252985789388, -0.3243128811780867, -0.13016585876037837, -0.040769392347663844, -0.014341198814788979, 0.027992866388266167, -0.01884450023476221]
other derivatives: [ 0.45644219 -0.52285486 -0.06506252 -0.14022316 -0.06716913 -0.40039504
 -0.0547146 ]
Current x array =  [-0.64227051 -0.72510091 -0.60230541  0.61813671 -3.24972867 -0.46956856
 -2.50878739 -1.92761822 -0.32879595 -0.72748241 -2.0537028  -3.60541024
 -7.29448427 -0.51527912 -1.00827705 -0.61432194 -1.40353442 -2.35363469
 -1.62000255 -1.51428854 -0.84753417]
log likelihood =  -3486.322798388135
Edge derivatives =  [0.04444166420522872, -0.27540592099836936, -0.03040984506678937, -0.19965760675452385, 0.36167150623380423, -0.0035083141636029556, -0.08703090600994369, 0.2560868554249411, 0.07387094521952198, -0.06245798301063178, -0.05648807137073693, -0.08015295324304267, -0.1438199357912165, 0.14015504568221865]
other derivatives: [-0.16490412  0.16155764 -1.88145759  0.40827717  0.04056231 -0.21019059
 -0.13989599]
Current x array =  [-0.64158219 -0.72601374 -0.60046653  0.61348867 -3.25258156 -0.48624911
 -2.47038575 -1.90921594 -0.32982012 -0.72482692 -2.05780844 -3.56377579
 -8.06006314 -0.51315356 -1.01232713 -0.62001963 -1.40731537 -2.35645335
 -1.61960843 -1.50958118 -0.85115422]
log likelihood =  -3486.3255166465806
Edge derivatives =  [-0.058506688118366984, -0.22543870978488292, -0.29402438689580535, -0.17888661562847316, 0.2978802370435105, -0.0012272034747664122, -0.22079989806127331, 0.3392702433338657, 0.31128592732879523, -0.17832110878495477, -0.10898523215855073, -0.20324742050776515, -0.35619691105193246, 0.19306035809764033]
other derivatives: [ 0.18115588 -0.48041193  4.83454187  0.56563567  0.43048068  0.10062104
 -0.25087174]
Current x array =  [-0.64099918 -0.72503439 -0.60877907  0.60870737 -3.25657976 -0.51320609
 -2.41241736 -1.88257027 -0.33587713 -0.72087445 -2.06497993 -3.49897713
 -9.20240004 -0.51168346 -1.01598179 -0.62946066 -1.41439654 -2.36240811
 -1.62139211 -1.50604584 -0.85514481]
log likelihood =  -3486.313283359043
Edge derivatives =  [-0.0030231002301636042, -0.25044203981082686, -0.15269487783617397, -0.1896872388010646, 0.3352758353969724, -0.002125561389455568, -0.14905502824171146, 0.2968641557219013, 0.18923477959475904, -0.11233750017525182, -0.07995495346491056, -0.1352666966488142, -0.24176608017330148, 0.16756324282457846]
other derivatives: [-4.52928361e-04 -1.30907665e-01  1.28276270e+00  4.83225449e-01
  2.23436161e-01 -6.18720151e-02 -1.88388365e-01]
Current x array =  [-0.64130966 -0.72555594 -0.60435225  0.61125364 -3.25445053 -0.49885022
 -2.44328828 -1.89676035 -0.33265148 -0.72297933 -2.06116077 -3.53348548
 -8.59405152 -0.51246636 -1.01403551 -0.62443286 -1.41062548 -2.35923692
 -1.62044222 -1.50792857 -0.85301963]
log likelihood =  -3486.3061376756314
Edge derivatives =  [-0.0006376011206961144, -0.1346630582584834, -0.17334262327840433, -0.17986168987736462, 0.32675814710712875, -0.0016085836220203083, -0.1491896137415647, 0.25074239422179073, 0.30313461603104314, -0.031670512483350295, -0.06104216986857186, -0.08911704448237918, -0.20989488602645426, 0.057662090232196095]
other derivatives: [-0.14791021  0.34615914  0.33856941  0.54613429  0.03019651  0.08597544
 -0.21517266]
Current x array =  [-0.64111968 -0.72617964 -0.60340266  0.61146031 -3.25261778 -0.50940699
 -2.42830228 -1.89013115 -0.33756894 -0.72182741 -2.06484894 -3.5133932
 -8.86974333 -0.51226719 -1.01326328 -0.62639117 -1.41409832 -2.36201776
 -1.62230885 -1.50881378 -0.85192824]
log likelihood =  -3486.2996240060193
Edge derivatives =  [0.001752989415204527, 0.023684873298072937, -0.16640196857158074, -0.16594575514677073, 0.3095342276076986, -0.0013287316749161073, -0.13045357394103035, 0.13714731525280296, 0.26285846979328065, 0.021560817237007146, -0.04842562885545888, -0.06878798389889637, -0.17504598241799194, -0.07632744854011947]
other derivatives: [-0.27696115  0.16469085 -0.27861643  0.30497768 -0.12881744  0.25127792
 -0.23114184]
Current x array =  [-0.64101386 -0.72590235 -0.6027136   0.61407531 -3.25049847 -0.52020199
 -2.41773392 -1.88415183 -0.34397641 -0.72229825 -2.07043291 -3.49239667
 -9.09042599 -0.51294418 -1.00963618 -0.62667541 -1.41746715 -2.36468389
 -1.62379182 -1.50997232 -0.85048818]
log likelihood =  -3486.29409534058
Edge derivatives =  [0.008451888624367652, 0.12911296241686815, -0.04414876481592449, -0.1327432306517576, 0.28792125255097606, -0.0011821884062614013, 0.02690524284789539, 0.04591649524288148, 0.05778208602859583, 0.049866941798360084, -0.027203722149489264, -0.0374806108054793, -0.10000879222150184, -0.07947516474960646]
other derivatives: [ 0.39138104  0.94992947 -0.24066412 -0.05307629 -0.06869481  0.34316099
 -0.24065685]
Current x array =  [-0.64142039 -0.72703043 -0.60264901  0.61734808 -3.25016687 -0.52547758
 -2.4132008  -1.87889474 -0.34801287 -0.72510762 -2.07695471 -3.47243947
 -9.26724898 -0.51564746 -1.00495137 -0.62411172 -1.41949963 -2.36665672
 -1.62494938 -1.51174585 -0.85042591]
log likelihood =  -3486.2895206397393
Edge derivatives =  [-0.006840499744166645, 0.2240090290853311, 0.06248289254128958, -0.10199886398789668, 0.2541490158734392, -0.0011450713834732916, 0.16966778650813383, -0.06703735877894947, -0.21454944771194445, 0.020239591557223893, -0.0012836459277640183, -0.015110570306924684, -0.00959828966118928, -0.03471707069496824]
other derivatives: [-0.3324094  -0.69539419 -0.40705072 -0.40441228  0.14126013  0.40145233
 -0.22619618]
Current x array =  [-0.6409908  -0.72461228 -0.60242012  0.61997146 -3.2511799  -0.5284793
 -2.41235885 -1.87363599 -0.35125933 -0.72902951 -2.08536246 -3.44989465
 -9.42263675 -0.5191831  -0.99906272 -0.62174049 -1.4214862  -2.36881913
 -1.62652469 -1.51426902 -0.85137105]
log likelihood =  -3486.2861332857233
Edge derivatives =  [-0.01783075478169561, 0.16743304360073524, 0.13634676587100625, -0.08909892532021674, 0.24574524269089815, -0.0011724787947369013, 0.23379242767535843, -0.07077118841829473, -0.3410473253479426, -0.011122233513394073, 0.005213360989968368, -0.008795124839152152, 0.019741660192461465, 0.04360587082634536]
other derivatives: [ 0.11849079 -0.30479305 -0.05783841 -0.40043233  0.2081403   0.34538198
 -0.22215084]
Current x array =  [-0.64132003 -0.72516104 -0.6027522   0.61981159 -3.25174042 -0.52408846
 -2.41609846 -1.87279614 -0.34920832 -0.73084609 -2.08734122 -3.44598873
 -9.43873621 -0.52037797 -0.99779553 -0.61991869 -1.42073061 -2.36852416
 -1.62643032 -1.51479739 -0.85229245]
log likelihood =  -3486.2800212720595
Edge derivatives =  [-0.06189788673976182, 0.005707183345944139, 0.2730113898930281, -0.06417167007354493, 0.22011566472271088, -0.0011897281772714954, 0.3034031716079413, -0.08769088881748487, -0.5452706444569148, -0.1013830159192398, 0.020318111497913537, -0.000304468468783535, 0.0758998594697369, 0.2099408706274417]
other derivatives: [-0.34931782  0.25895179  0.501861   -0.1989556   0.24749344  0.1866606
 -0.20783473]
Current x array =  [-0.64098878 -0.72601025 -0.60340324  0.61795387 -3.25245031 -0.51278237
 -2.42393219 -1.86960921 -0.34368489 -0.73449174 -2.09309274 -3.43200618
 -9.52961028 -0.52212297 -0.99511973 -0.61735821 -1.41928587 -2.36806703
 -1.62635183 -1.51592289 -0.85449308]
log likelihood =  -3486.288002170958
Edge derivatives =  [-0.13317109553488143, -0.17198144938223908, 0.4001839435373914, -0.02384878879294673, 0.18331838541934972, -0.0010803247807951613, 0.26521873381477, -0.1618405010071043, -0.4695508672622809, -0.17393422376994483, 0.05780779296152366, 0.0666056414994246, 0.21270555202094676, 0.44892033207045173]
other derivatives: [ 6.20416358 -0.59706053  0.58984733  0.23540906  0.37937867  0.03869036
 -0.2020463 ]
Current x array =  [-0.64624081 -0.72393309 -0.60317149  0.61411389 -3.25285139 -0.49865461
 -2.43310829 -1.86228776 -0.33798498 -0.73850354 -2.10638712 -3.39612639
 -9.77044135 -0.52246387 -0.98998435 -0.61904349 -1.41960906 -2.36900112
 -1.62711786 -1.51792915 -0.85752   ]
log likelihood =  -3486.277619354797
Edge derivatives =  [-0.08494754877061206, -0.05195402077993759, 0.31426939252666114, -0.05099678303155049, 0.20863381602365733, -0.001155959184979447, 0.290764616929593, -0.11174626335609834, -0.5206699983662446, -0.1246862459449708, 0.032447485150590705, 0.021426789593941176, 0.12023265607746199, 0.2874550963011772]
other derivatives: [ 1.78904338 -0.01831768  0.53074291 -0.05874745  0.29057658  0.13888393
 -0.20595762]
Current x array =  [-0.64269301 -0.72533623 -0.60332804  0.61670784 -3.25258045 -0.50819806
 -2.42690974 -1.86723348 -0.34183533 -0.73579353 -2.09740663 -3.42036357
 -9.60775736 -0.52223359 -0.99345335 -0.61790506 -1.41939074 -2.36837014
 -1.6266004  -1.5165739  -0.85547528]
log likelihood =  -3486.2733498770776
Edge derivatives =  [-0.12026284718107497, -0.11962552375884526, 0.3472637414267773, -0.038790557452364434, 0.18753939210229112, -0.0010676243326191062, 0.25411900313139124, -0.1487564251810521, -0.4880782911876147, -0.1582336019905866, 0.04524365770060569, 0.03660286744866259, 0.15397436889178223, 0.3254611874493955]
other derivatives: [ 1.06722746  0.05069478  0.42867759  0.16562899  0.19015637  0.0741602
 -0.19846912]
Current x array =  [-0.64219343 -0.7254193  -0.60332799  0.615015   -3.25195275 -0.50380525
 -2.42804587 -1.86337407 -0.33996525 -0.7368763  -2.10279032 -3.40377223
 -9.74806672 -0.52208277 -0.9917083  -0.61888077 -1.41994275 -2.36901565
 -1.62712044 -1.51733093 -0.85616708]
log likelihood =  -3486.2656583666494
Edge derivatives =  [-0.1838310360082323, -0.16964347175894479, 0.3426464002832561, -0.015451613148709877, 0.14505683879498676, -0.0008829092967579531, 0.11041640580898363, -0.26154922291440763, -0.21731372483764885, -0.1679868756119332, 0.0725498599729505, 0.08780361296573541, 0.22964979526561421, 0.26346396762144997]
other derivatives: [-0.05451966  0.0901573  -0.00694172  0.45906063 -0.09981279 -0.00478531
 -0.17528793]
Current x array =  [ -0.64146205  -0.72537977  -0.60307392   0.61327726  -3.24934116
  -0.49776898  -2.43032363  -1.85589431  -0.33940992  -0.73732625
  -2.11569397  -3.36496437 -10.03716971  -0.52050663  -0.98767893
  -0.6237854   -1.42308142  -2.37116258  -1.62878334  -1.51905086
  -0.85554617]
log likelihood =  -3486.260785280265
Edge derivatives =  [-0.20914249813251007, -0.15278778146192956, 0.27848337511430876, -0.0011889788349054124, 0.12474012503170792, -0.0008241808570885593, -0.008636793269274745, -0.3143240858009026, 0.053470445390803506, -0.1330421554809676, 0.07810227983625789, 0.11256833384458892, 0.24959230818899264, 0.12640876068992962]
other derivatives: [-0.39831048  0.04872936 -0.19833169  0.37960945 -0.23345355 -0.05214179
 -0.15391271]
Current x array =  [ -0.64129449  -0.72529079  -0.60290299   0.61438557  -3.2476629
  -0.49366778  -2.43560173  -1.85375085  -0.34046146  -0.73583731
  -2.12397182  -3.34244874 -10.14860237  -0.51867699  -0.98606348
  -0.62805194  -1.42594416  -2.37218857  -1.62951779  -1.51937809
  -0.85353871]
log likelihood =  -3486.2540995052586
Edge derivatives =  [-0.21429304590348236, -0.08824323061636888, 0.1477184650506959, 0.02982447284842933, 0.09727572748561335, -0.0007848893128523936, -0.07253261081898144, -0.25488559104167696, 0.27617520604335377, -0.05823350617300294, 0.05647513835538549, 0.09230068859580283, 0.18093429495945237, -0.03946124222542555]
other derivatives: [-0.42928968  0.01451644 -0.02050001  0.05340416 -0.13905158 -0.13615818
 -0.13244841]
Current x array =  [ -0.64137014  -0.72536258  -0.60293477   0.61709387  -3.24789596
  -0.48721468  -2.44652557  -1.8542935   -0.34220449  -0.73159108
  -2.1340728   -3.3151299  -10.24871519  -0.51683365  -0.98758894
  -0.63144468  -1.43018493  -2.37229305  -1.62897596  -1.51710412
  -0.85078002]
log likelihood =  -3486.2565520370085
Edge derivatives =  [-0.14255124851886783, 0.10247091566315915, 0.06296251982003495, 0.08435072357245327, 0.07072218815120404, -0.0007888665932609355, 0.05321225842327465, -0.07487959459442603, 0.29119337073923857, 0.1532487797548686, 0.03775673085616513, 0.06840818927197098, 0.058790175213695714, -0.09433378992989432]
other derivatives: [-0.32559637  0.52718769 -3.94250401  0.0261989  -0.11234638 -0.19707932
 -0.10996445]
Current x array =  [ -0.64184503  -0.72630868  -0.59799368   0.6187391   -3.24840517
  -0.48135976  -2.46668538  -1.86095817  -0.34568773  -0.72474986
  -2.14553235  -3.28320042 -10.29728118  -0.51612027  -0.99282286
  -0.62949476  -1.43576416  -2.37129564  -1.62685155  -1.51194413
  -0.84861212]
log likelihood =  -3486.251865221431
Edge derivatives =  [-0.18503342804037173, -0.010206303596508925, 0.11373495067495022, 0.052272717023533644, 0.08681933675230796, -0.0007866721532108355, -0.02080897576559157, -0.18100908383983005, 0.2825631307887774, 0.028965919348913433, 0.04893868015475271, 0.08279912869651598, 0.13124351972908258, -0.06141874804847304]
other derivatives: [-0.38694952  0.22517315 -1.61514708  0.04250614 -0.12774015 -0.16098011
 -0.12294255]
Current x array =  [ -0.6415642   -0.72574919  -0.60091566   0.61776618  -3.24810404
  -0.48482214  -2.45476363  -1.85701693  -0.34362787  -0.7287955
  -2.1387556   -3.30208232 -10.26856107  -0.51654214  -0.98972772
  -0.63064787  -1.43246481  -2.37188547  -1.62810785  -1.51499556
  -0.84989413]
log likelihood =  -3486.2479913040406
Edge derivatives =  [-0.16667708900648417, 0.06496909274814516, -0.04167643139544787, 0.07554322214355585, 0.06771557777988135, -0.000801001245424361, -0.016447664649380606, -0.039734411599609526, 0.22571406208830838, 0.07605313863934156, 0.008757185027139871, 0.018762573913632584, 0.0027132400648610736, -0.13794760777150206]
other derivatives: [-0.13752424 -0.07663675 -0.54871725 -0.20177686  0.03476611 -0.20244033
 -0.10869517]
Current x array =  [ -0.64178796  -0.72551767  -0.60188947   0.61920328  -3.24935489
  -0.48157355  -2.46489038  -1.86127467  -0.34518909  -0.72406759
  -2.14331938  -3.28904557 -10.2731665   -0.51564267  -0.99399648
  -0.63023058  -1.43524198  -2.37090499  -1.62651962  -1.51135781
  -0.84843325]
log likelihood =  -3486.2464976248702
Edge derivatives =  [-0.1472318655128688, 0.10561188420386931, -0.08186129419790626, 0.08563497491649666, 0.05951243046669885, -0.0008122690116163497, 0.031294101000389096, 0.031729029076786, 0.06848478651862738, 0.08807131014481975, -0.005614321642128075, -0.010168861594153984, -0.05013047974960614, -0.09946999277178523]
other derivatives: [ 0.04469712 -0.09144151 -0.14889702 -0.17915863  0.07157548 -0.18293667
 -0.10218207]
Current x array =  [ -0.64192294  -0.72558713  -0.60224147   0.61878936  -3.2498761
  -0.48251646  -2.46868341  -1.86420143  -0.34588868  -0.72256518
  -2.14377862  -3.28611858 -10.26242994  -0.51590904  -0.99609325
  -0.62808514  -1.43585062  -2.37037522  -1.6256954   -1.50976333
  -0.84876996]
log likelihood =  -3486.2451902049843
Edge derivatives =  [-0.12546277892488872, 0.1365884514888921, -0.0990910324604809, 0.0940116543424428, 0.047614628250936646, -0.0008149202011064923, 0.06889331073180699, 0.08288811902236352, -0.10728251840995928, 0.08507006472394152, -0.012141194343482483, -0.028081445931365086, -0.08039928792339286, -0.020912747781027433]
other derivatives: [ 0.14418492 -0.0316013   0.10211306 -0.03168361  0.02667545 -0.13412864
 -0.09017391]
Current x array =  [ -0.64199565  -0.72573677  -0.60247278   0.61749301  -3.24986675
  -0.48512214  -2.4725746   -1.86770308  -0.34623306  -0.72173646
  -2.14395575  -3.28194308 -10.2615659   -0.51605595  -0.99762933
  -0.62568908  -1.43605826  -2.37004602  -1.62507612  -1.50867174
  -0.84965526]
log likelihood =  -3486.243865985267
Edge derivatives =  [-0.10424147028493014, 0.13780094374821822, -0.09321700881618167, 0.097696899628543, 0.03479035302461351, -0.0008236913665758697, 0.06452280930481347, 0.10104827007647342, -0.18851581677772625, 0.05758007191800605, -0.012643339710693723, -0.03517871849217833, -0.08206150261511597, 0.051903525630551325]
other derivatives: [ 0.06527807 -0.24153996  0.14050238  0.04524554  0.00790216 -0.0775085
 -0.07222614]
Current x array =  [ -0.64196033  -0.72546687  -0.6024822    0.61677088  -3.25003855
  -0.48811516  -2.47785402  -1.87214842  -0.34548144  -0.72177931
  -2.14376724  -3.27710755 -10.25350646  -0.5156273   -0.99818895
  -0.62460835  -1.43566088  -2.36982625  -1.62471489  -1.50833878
  -0.85041683]
log likelihood =  -3486.2478597206205
Edge derivatives =  [-0.011227236721469712, 0.08860604686853286, 0.03137002136241103, 0.12551562294437604, -0.004692478274527066, -0.0007984944212135457, 0.05985639419712013, 0.12636900746055219, -0.11030989832343674, 0.0217197827905639, 0.007823934210237724, 0.016247459786595635, -0.01189444983725893, 0.2659112950861438]
other derivatives: [ 0.99277668  2.73816568  0.7394051   0.30016963 -0.11888626  0.11851216
 -0.00709389]
Current x array =  [ -0.64240239  -0.72985724  -0.60313687   0.61502545  -3.25009413
  -0.49791837  -2.49897078  -1.88839473  -0.34115611  -0.72263462
  -2.14443759  -3.25209832 -10.26597234  -0.51292752  -0.99847205
  -0.62422595  -1.43449565  -2.36950304  -1.62409302  -1.50823537
  -0.85159362]
log likelihood =  -3486.2428890397464
Edge derivatives =  [-0.075628693293457, 0.12299055450386183, -0.05485225311221138, 0.10625572640614273, 0.022977395436919477, -0.00081590420900354, 0.06345091265312072, 0.10891221216226593, -0.16412357854944692, 0.04687653532678701, -0.006269923575108808, -0.019211561731796674, -0.06036848711010592, 0.11796376509297296]
other derivatives: [ 0.35050925  0.67700967  0.32403977  0.12354212 -0.03098078 -0.0169066
 -0.05176144]
Current x array =  [ -0.64209592  -0.72681349  -0.602683     0.61623552  -3.2500556
  -0.491122    -2.48433096  -1.87713149  -0.34415477  -0.72204165
  -2.14397285  -3.26943671 -10.25733     -0.51479922  -0.99827578
  -0.62449106  -1.43530348  -2.36972711  -1.62452415  -1.50830706
  -0.85077777]
log likelihood =  -3486.241231921328
Edge derivatives =  [-0.04542317309701543, 0.09265087926017415, -0.029496832709824866, 0.10250379460805933, 0.00846694923587299, -0.000842627887139194, 0.003232624946475887, 0.0909270605674509, -0.13608694693327267, -0.01082423104636824, -0.0021065269834712533, -0.01694255025289739, -0.03399720775333932, 0.16734028450550892]
other derivatives: [-0.16931517  0.14398574  0.12936744  0.10137956 -0.0331308   0.06890423
 -0.02285018]
Current x array =  [ -0.64175601  -0.72607784  -0.60245271   0.61631524  -3.25041153
  -0.49584997  -2.4928317   -1.88460433  -0.3420085   -0.72289224
  -2.14257416  -3.26397087 -10.22263581  -0.51346143  -0.9979321
  -0.62489198  -1.43413358  -2.36951537  -1.62434272  -1.508711
  -0.85105628]
log likelihood =  -3486.2407539317774
Edge derivatives =  [-0.035919104408071834, 0.04745064516925444, -0.005901175283030552, 0.09758110452690119, 0.0007212366555658708, -0.0008449280482656294, -0.058765214749317285, 0.047943302253886905, -0.011385642960648673, -0.04312231840366108, 0.005273057914535827, 0.002396876857281932, 0.008159804199954858, 0.1467885887158778]
other derivatives: [ 0.56554518 -0.1739877  -0.02906427  0.05384891 -0.02198872  0.10687472
 -0.01190124]
Current x array =  [ -0.64235785  -0.72550498  -0.60223396   0.61667596  -3.25046371
  -0.49739415  -2.49744896  -1.8879963   -0.34009838  -0.72384235
  -2.14221643  -3.25881583 -10.2213949   -0.51241663  -0.99666678
  -0.62659854  -1.43354468  -2.3696427   -1.62459423  -1.50955533
  -0.85046654]
log likelihood =  -3486.2404099966716
Edge derivatives =  [-0.03300824929992592, 0.024819511974348438, 0.0003870551555847923, 0.09462369813697163, -0.0009436277777273572, -0.0008503317122527327, -0.07942685455964238, 0.032044721481836916, 0.07265790597325236, -0.04995830288607497, 0.005062503609991546, 0.003949100755934118, 0.012956557055575121, 0.0957039607533912]
other derivatives: [-0.27484384 -0.08612233 -0.08698771 -0.03032983  0.00077736  0.0984287
 -0.00674245]
Current x array =  [ -0.6417127   -0.7257073   -0.6022177    0.61735108  -3.25076944
  -0.49709193  -2.49946027  -1.88936482  -0.33915416  -0.72402056
  -2.14184706  -3.2573502  -10.21510983  -0.51201898  -0.99623435
  -0.6276968   -1.43346196  -2.36959021  -1.62462665  -1.50974247
  -0.8496297 ]
log likelihood =  -3486.2402883502255
Edge derivatives =  [-0.03576191558991992, 0.024461926044594906, -0.0027060159891963836, 0.09400689410448757, 0.0019984626176090606, -0.000849533288027393, -0.06827364241441067, 0.03342745672504599, 0.07365063552487561, -0.040751034185143586, 0.0038189942501767535, 0.0036227906583684646, 0.008892134523765402, 0.07592927099675546]
other derivatives: [-0.13736235 -0.006758   -0.0534551  -0.04041976  0.01147915  0.08519874
 -0.0116327 ]
Current x array =  [ -0.64180897  -0.72581414  -0.60224957   0.61742474  -3.25081334
  -0.49633201  -2.49853696  -1.8886612   -0.33925357  -0.72392412
  -2.14168052  -3.25846404 -10.21532861  -0.51224525  -0.99624856
  -0.62767262  -1.43360593  -2.36956924  -1.62462433  -1.50967184
  -0.84937073]
log likelihood =  -3486.2400303259874
Edge derivatives =  [-0.03570520338222391, 0.014195294468155428, -0.01018627278773851, 0.09073654350016519, 0.005833082243384359, -0.0008537097888444322, -0.042841937939113284, 0.03359566458943544, 0.0704769539278983, -0.024124002858726942, -0.000211134580810228, 0.001146342076548297, -0.0011940015158794712, 0.013933950641003542]
other derivatives: [ 0.09988253  0.10483382  0.02473007 -0.06669688  0.03917508  0.06234768
 -0.01987899]
Current x array =  [ -0.64198227  -0.72597157  -0.60231711   0.61757218  -3.25103932
  -0.49493718  -2.49830935  -1.88868962  -0.33892298  -0.72375213
  -2.14072586  -3.25977732 -10.20938775  -0.512724    -0.99621052
  -0.62753806  -1.4339182   -2.36941869  -1.62451969  -1.50944535
  -0.84842579]
log likelihood =  -3486.2397612184777
Edge derivatives =  [-0.029416442019331156, -0.004738853590502773, -0.015169230858905786, 0.08463875848551787, 0.0071812295129195045, -0.0008641562856109831, -0.014409354573112154, 0.02812255815735039, 0.0465767070048026, -0.012448145247164775, -0.004268092772027641, -0.0023509756690684655, -0.01011769178185671, -0.05353310552664077]
other derivatives: [ 0.22163795  0.14331772  0.08180314 -0.07180506  0.05655702  0.04892627
 -0.02504025]
Current x array =  [ -0.64208034  -0.72603396  -0.60236398   0.61752135  -3.25129345
  -0.49401874  -2.49966902  -1.89029606  -0.33808281  -0.72374176
  -2.13895401  -3.26033945 -10.19623148  -0.51325914  -0.99603608
  -0.62712251  -1.4341646   -2.36918455  -1.62433797  -1.50921469
  -0.84731251]
log likelihood =  -3486.2394113705027
Edge derivatives =  [-0.013666976614136142, -0.030299772449323234, -0.01700169214866025, 0.07297114071940793, 0.007145056394580251, -0.0008833857421203885, 0.022818784062776876, 0.012631526732383103, 0.0031747740242201727, 0.006312358682813622, -0.006480862226010076, -0.00447363703147826, -0.01755318782756466, -0.11534023041660141]
other derivatives: [ 0.21760889  0.14480884 -0.10484428 -0.024163    0.04652737  0.0377413
 -0.02660006]
Current x array =  [ -0.64211464  -0.72604018  -0.60214114   0.61711958  -3.25143665
  -0.4929947   -2.50322456  -1.89395911  -0.33672053  -0.72386394
  -2.13575883  -3.25991416 -10.17338825  -0.51395584  -0.9956687
  -0.62633595  -1.43455624  -2.36883348  -1.62404543  -1.50892436
  -0.84615668]
log likelihood =  -3486.239919431983
Edge derivatives =  [0.005192209035987348, -0.09679668484163145, -0.0477122376934041, 0.04567342195055314, -0.0025448464858785456, -0.000925586846967422, 0.02196072035241861, -0.035107113402812806, -0.09273761689958426, -0.017055765902207407, -0.013430575358564623, -0.018164254329329277, -0.022861280382487796, -0.17673968325416028]
other derivatives: [ 0.05891525 -0.24326209  1.09903249 -0.03745299  0.04084827  0.03264086
 -0.01341563]
Current x array =  [ -0.6419884   -0.72549838  -0.60356723   0.61669551  -3.25151985
  -0.49176472  -2.51148438  -1.90193052  -0.33391746  -0.72470674
  -2.12928899  -3.25777087 -10.12657169  -0.51458897  -0.99444152
  -0.62563229  -1.43484315  -2.36831002  -1.62367795  -1.5089509
  -0.84499063]
log likelihood =  -3486.2392730478728
Edge derivatives =  [-0.007690194286482363, -0.051258331156639164, -0.026685515457928508, 0.06440058007721325, 0.004090454114386136, -0.0008965188589676015, 0.02259760554832385, -0.002423038739757147, -0.02711210633002839, -0.0010579512479103048, -0.00866850853376025, -0.00876428189079339, -0.019219969050358464, -0.13470392930222413]
other derivatives: [ 0.16741251  0.02225033  0.27638362 -0.02836077  0.04476253  0.03615423
 -0.02239713]
Current x array =  [ -0.64207472  -0.72586883  -0.60259215   0.61698546  -3.25146296
  -0.49260571  -2.5058368   -1.89648014  -0.33583403  -0.72413048
  -2.13371269  -3.25923633 -10.15858211  -0.51415607  -0.99528059
  -0.62611341  -1.43464698  -2.36866793  -1.62392921  -1.50893275
  -0.84578791]
log likelihood =  -3486.239089545046
Edge derivatives =  [0.0022788068561735847, -0.05974496131098252, -0.02273267435615721, 0.05701034230114582, 0.002670978820614938, -0.0009070170691175314, 0.02820741524555026, -0.016327768027409803, -0.043831637534817586, 0.004454542387140228, -0.00617800413110986, -0.006842078008898994, -0.015607785817753524, -0.12140450455577276]
other derivatives: [ 0.02488196 -0.02777369  0.0830446   0.01852004  0.01840134  0.03680543
 -0.01761262]
Current x array =  [ -0.64199665  -0.72578926  -0.60238782   0.61667191  -3.25132995
  -0.49234461  -2.50832967  -1.89882024  -0.33524941  -0.72438106
  -2.13187305  -3.2582673  -10.14677459  -0.51431125  -0.99499332
  -0.62581276  -1.4347798   -2.368548    -1.6238316   -1.50894055
  -0.8458583 ]
log likelihood =  -3486.238933406079
Edge derivatives =  [0.00942751074479721, -0.0595733931164711, -0.018153764083298246, 0.049833612512912615, 0.0018740616469492197, -0.000914815862278056, 0.02292918398278468, -0.02974363522620728, -0.04939841350204993, 0.0075481897071775494, -0.0019146182358664825, -0.003596455770357998, -0.00865578742787241, -0.07294086942969497]
other derivatives: [-0.12293503 -0.07932749 -0.04619096  0.05419861 -0.00794383  0.03517289
 -0.01090393]
Current x array =  [ -0.64190679  -0.7256958   -0.60226989   0.61647169  -3.25107735
  -0.49191987  -2.51026096  -1.90055146  -0.33508255  -0.72470863
  -2.13015202  -3.25755483 -10.1377351   -0.51432644  -0.99474863
  -0.62573137  -1.43487431  -2.36850454  -1.62380853  -1.50906231
  -0.84651469]
log likelihood =  -3486.238787713518
Edge derivatives =  [0.0144470464879198, -0.05341799927822791, -0.012916883919678657, 0.04244654985260351, 0.00282303564063386, -0.0009207471515672344, 0.015333164171375674, -0.04043805202634644, -0.040359720000213095, 0.012568960765883451, 0.0026629798414595472, 0.0005046490585412233, -0.0012175710811616683, -0.012488984369986425]
other derivatives: [-0.1766598  -0.06889059 -0.09319001  0.06394475 -0.02104657  0.02541992
 -0.00501622]
Current x array =  [ -0.64187572  -0.72568042  -0.60224758   0.61648431  -3.25081674
  -0.49098697  -2.51160793  -1.9017125   -0.33522985  -0.72507179
  -2.12827694  -3.25742181 -10.12983959  -0.51432253  -0.99458761
  -0.62586164  -1.43498376  -2.36848214  -1.62382042  -1.50922198
  -0.84739057]
log likelihood =  -3486.238616295592
Edge derivatives =  [0.017147660042286066, -0.030005380142828636, -0.010418028270271745, 0.032327961545646045, 0.006937777295370831, -0.0009296005395925889, 0.013777946322832246, -0.03603917760536335, -0.029168230908753645, 0.0201142374019287, 0.003940911184500202, -0.0004891194623887901, -0.0029116791718720725, 0.03491102371828855]
other derivatives: [-0.12045984 -0.13494036 -0.09743053  0.01909621 -0.00125192 -0.00592263
 -0.00381925]
Current x array =  [ -0.64193509  -0.72554894  -0.60225835   0.61691788  -3.25063374
  -0.48877664  -2.51208273  -1.90213283  -0.33608876  -0.7254511
  -2.12528125  -3.2589581  -10.11866173  -0.51449873  -0.99494436
  -0.62606023  -1.43511514  -2.36835812  -1.62376425  -1.50924765
  -0.84816934]
log likelihood =  -3486.2391981311184
Edge derivatives =  [0.045073816213999016, -0.012011802686707346, 0.03998791076321956, 0.019600459841591897, 0.0075899328945359685, -0.0009448697196103094, 0.002385732699240889, -0.02560050083779987, 0.0759274764436084, 0.017918621518580563, 0.010257400747253873, 0.017609087036141183, 0.020562872563586285, 0.08899271311045505]
other derivatives: [ 0.16726608  0.85054762  0.12665942 -0.01707713 -0.00702382 -0.01051012
  0.01208089]
Current x array =  [ -0.64207855  -0.72694522  -0.60255565   0.61744008  -3.25032277
  -0.4876015   -2.51843021  -1.90709429  -0.33621851  -0.72659233
  -2.11940015  -3.25670407 -10.08727635  -0.51388849  -0.99557168
  -0.62703426  -1.43460759  -2.36798621  -1.62357841  -1.50952378
  -0.84851482]
log likelihood =  -3486.2385708923985
Edge derivatives =  [0.023075435458936977, -0.026178115057760507, 0.00028030751775674767, 0.029659230060660135, 0.007079454857091921, -0.0009328341776161407, 0.01138709175859895, -0.033801816800768894, -0.006867178291829534, 0.01966182897963884, 0.005285625172866529, 0.0033622038573703286, 0.0020729433072041933, 0.046395911087050115]
other derivatives: [-0.05942275  0.07428253 -0.04993672  0.01145054 -0.0024615  -0.00688669
 -0.00042771]
Current x array =  [ -0.64196549  -0.72584482  -0.60232135   0.61702854  -3.25056785
  -0.48852762  -2.51342781  -1.9031842   -0.33611625  -0.72569293
  -2.12403499  -3.25848045 -10.11201091  -0.51436942  -0.99507729
  -0.62626663  -1.43500759  -2.36827931  -1.62372487  -1.50930617
  -0.84824255]
log likelihood =  -3486.238528387497
Edge derivatives =  [0.021119913556088915, -0.013416884663524128, 0.00019899294630912334, 0.028413503632200184, 0.008480628396981858, -0.0009335239455738024, 0.008524244090155925, -0.023210878437263174, 0.0021552773840788075, 0.017154841979480397, 0.0036622442346495483, 0.0012787315605264707, -0.0011523873412079, 0.042644189453663994]
other derivatives: [ 0.03115838  0.03641844 -0.00364935 -0.01998342  0.01271871 -0.0168925
 -0.00209879]
Current x array =  [ -0.64203619  -0.72578343  -0.6023665    0.61727941  -3.25055736
  -0.48792051  -2.51294762  -1.90265828  -0.33664756  -0.72574484
  -2.1234169   -3.25926844 -10.11095731  -0.51435238  -0.99545237
  -0.6264271   -1.43493034  -2.36823519  -1.62370618  -1.50927873
  -0.84824563]
log likelihood =  -3486.2385019748253
Edge derivatives =  [0.018376005590103786, -0.0026913755232829684, 0.00016853764177912622, 0.028018662361264254, 0.008924072534216194, -0.0009334147212270547, 0.004363644767082342, -0.011689502292252948, 0.011125632648554318, 0.011611434631806139, 0.0015259634494211999, -0.0010260417505840932, -0.004590409457330517, 0.024372084637813762]
other derivatives: [-0.01368016  0.02530851  0.03107289 -0.03738069  0.01681716 -0.02322849
 -0.00336503]
Current x array =  [ -0.64200235  -0.72577902  -0.60240573   0.61742024  -3.25053198
  -0.48762537  -2.51250656  -1.90207713  -0.33710296  -0.72575307
  -2.12304623  -3.25977177 -10.11106138  -0.5142803   -0.99585841
  -0.62658081  -1.43479144  -2.36819202  -1.6236896   -1.50925151
  -0.84802397]
log likelihood =  -3486.2385382139732
Edge derivatives =  [0.017424102516588158, 0.012410074947838676, 0.0016337256416937146, 0.024609255188589727, 0.007528629899727957, -0.0009371578337467937, -0.007017680880560817, 0.009096268085600337, 0.0189649003791246, -0.0038837076946965296, -0.002035435952705892, -0.001313318807087599, -0.0042109412978704255, -0.02255220772675884]
other derivatives: [ 4.43143108e-01 -4.61686795e-02  5.28507371e-02 -1.55323505e-02
  1.74884846e-04 -1.94622771e-02 -4.08959867e-03]
Current x array =  [ -0.64236921  -0.7256504   -0.60239486   0.61725168  -3.25033415
  -0.48766153  -2.51325386  -1.90213996  -0.33764695  -0.72586267
  -2.12157661  -3.25952601 -10.10658168  -0.51403826  -0.99667175
  -0.62669205  -1.43438664  -2.36803812  -1.6236105   -1.50923825
  -0.84728802]
log likelihood =  -3486.2384852169944
Edge derivatives =  [0.018032797359617186, 0.002743314533778393, 0.0006958179540053483, 0.026792684208566443, 0.008421788326431617, -0.0009347608410747903, 0.0002656317620634563, -0.004205793457959198, 0.013946376783159103, 0.0060349689549144755, 0.00024361679447565052, -0.0011296875287725647, -0.004454318468249889, 0.007485727745692311]
other derivatives: [ 0.15079422 -0.00041427  0.03891455 -0.02952083  0.01083083 -0.02187289
 -0.00362654]
Current x array =  [ -0.64213438  -0.72573273  -0.60240182   0.61735958  -3.25046078
  -0.48763838  -2.51277551  -1.90209974  -0.33729874  -0.72579251
  -2.12251732  -3.25968332 -10.10944914  -0.51419319  -0.99615113
  -0.62662084  -1.43464575  -2.36813663  -1.62366113  -1.50924674
  -0.8477591 ]
log likelihood =  -3486.2384645612838
Edge derivatives =  [0.017035714418253668, 0.007777861332504146, 0.0016301957756350571, 0.02582977307188716, 0.007607346101691758, -0.0009355404829005245, -0.004787495774130873, 0.0018433893139855884, 0.01771542406774082, -6.262026553187361e-05, -0.0006779355308815654, -0.0016825215335424873, -0.004588494842799523, -0.006461179324801378]
other derivatives: [ 0.07299786 -0.00285581  0.03284504 -0.02034449  0.00019811 -0.02119032
 -0.00281122]
Current x array =  [ -0.64207898  -0.72574114  -0.60239936   0.6172999   -3.25038886
  -0.48771153  -2.51296236  -1.90203503  -0.33748527  -0.72582687
  -2.12213318  -3.25954629 -10.10871868  -0.5140902   -0.99640434
  -0.62668214  -1.43450473  -2.36810018  -1.62364792  -1.50926026
  -0.84755317]
log likelihood =  -3486.2384472980157
Edge derivatives =  [0.016930292558510043, 0.011176449913397044, 0.003141642601849473, 0.02353677173367653, 0.0061259125485477045, -0.0009376212336732471, -0.009871142406158412, 0.0056873569711096555, 0.017094902599805478, -0.006492249646723534, -0.0008318335692617529, -0.001161743420024862, -0.0025047039366866766, -0.015687825042692755]
other derivatives: [-0.00771888 -0.0072414   0.00089085  0.00338059 -0.01729843 -0.01743683
 -0.00051941]
Current x array =  [ -0.64202501  -0.72574564  -0.60236868   0.61713273  -3.25029295
  -0.48791644  -2.51359581  -1.90227793  -0.33757396  -0.7258989
  -2.12145203  -3.25907894 -10.10666148  -0.51398312  -0.99662189
  -0.62666944  -1.43435814  -2.36805439  -1.62363143  -1.50930398
  -0.84738699]
log likelihood =  -3486.2384387658512
Edge derivatives =  [0.016803952852350527, 0.011624260711380147, 0.0033213203868491803, 0.021777371030898086, 0.005344500513360835, -0.000939057405086925, -0.010328974363074284, 0.006239033453295642, 0.012600743338936876, -0.008494557256606583, -0.0005499517214069792, -0.0006135913523476269, -0.0007711831582618081, -0.01503522398301664]
other derivatives: [-0.02977185 -0.01138505 -0.00929913  0.01455464 -0.02248551 -0.01492845
  0.0009918 ]
Current x array =  [ -0.6420112   -0.72574416  -0.60235765   0.61704692  -3.25028218
  -0.48804058  -2.51398541  -1.90243411  -0.33756786  -0.72593558
  -2.12099375  -3.25880695 -10.10528722  -0.51396742  -0.99668953
  -0.6266014   -1.43431661  -2.36803283  -1.62362452  -1.50933392
  -0.84737282]
log likelihood =  -3486.2384156700664
Edge derivatives =  [0.014398484880822252, 0.01316931309138368, 0.0029401700543227605, 0.017442879405726006, 0.004137239859069084, -0.0009414651816241673, -0.0057387985452305446, 0.009177835254945296, -0.00030770765558338353, -0.010111685015402258, 3.13638565658525e-05, 0.0006120714488484572, 0.002833015776934407, -0.011808035581115359]
other derivatives: [-0.05447873 -0.00663294 -0.04997946  0.02725938 -0.0206126  -0.00951513
  0.00374539]
Current x array =  [ -0.64199588  -0.7257665   -0.60230276   0.61694548  -3.25038203
  -0.48836272  -2.51450746  -1.90233133  -0.33760497  -0.72596321
  -2.11987573  -3.25839819 -10.10322782  -0.51400116  -0.9968909
  -0.62637715  -1.43426146  -2.36798776  -1.62361449  -1.50938813
  -0.84736798]
log likelihood =  -3486.2384094923873
Edge derivatives =  [0.005965358459264658, 0.007927490137106696, -0.006945765557636041, 0.010528187509191725, 0.0011239181371282166, -0.0009436245748213398, -0.0022399345569829587, 0.010289119074086875, -0.03185042670132818, -0.01645593561843299, -0.00048573820065788906, -0.00019331348625870048, 0.006242633780151607, -0.006939745662288221]
other derivatives: [-0.07383051 -0.03098103  0.14337638  0.03410878 -0.01338284  0.00328555
  0.00884986]
Current x array =  [ -0.64196897  -0.725764    -0.60251164   0.6167927   -3.25058366
  -0.48916496  -2.51502381  -1.90180789  -0.33751558  -0.72593098
  -2.11840462  -3.25765875 -10.10227968  -0.51405617  -0.99707639
  -0.62600352  -1.43423195  -2.36794864  -1.62361754  -1.50946572
  -0.84739272]
      fun: 3486.2384094923873
 hess_inv: <21x21 LbfgsInvHessProduct with dtype=float64>
      jac: array([ 0.07383051,  0.03098103, -0.14337638, -0.03410878,  0.01338284,
       -0.00328555, -0.00884986, -0.00596536, -0.00792749,  0.00694577,
       -0.01052819, -0.00112392,  0.00094362,  0.00223993, -0.01028912,
        0.03185043,  0.01645594,  0.00048574,  0.00019331, -0.00624263,
        0.00693975])
  message: 'CONVERGENCE: REL_REDUCTION_OF_F_<=_FACTR*EPSMCH'
     nfev: 113
      nit: 97
     njev: 113
   status: 0
  success: True
        x: array([ -0.64196897,  -0.725764  ,  -0.60251164,   0.6167927 ,
        -3.25058366,  -0.48916496,  -2.51502381,  -1.90180789,
        -0.33751558,  -0.72593098,  -2.11840462,  -3.25765875,
       -10.10227968,  -0.51405617,  -0.99707639,  -0.62600352,
        -1.43423195,  -2.36794864,  -1.62361754,  -1.50946572,
        -0.84739272])
