number of sites to be analyzed:  202
log likelihood =  -2539.436858935214
Lr derivatives =  [-32.97976315696663, -147.107068084788, -90.69080354397457]
other derivatives =  [ 77.13099512  -9.33868432  46.89857815 -57.48078274 204.52516856
  33.38232864]
Current x_clock array =  [-0.49175667 -0.60191733 -0.60302538  0.18232156 -0.10536052  0.33647224
 -0.51082562 -0.51082562 -0.51082562]
log likelihood =  -2398.770737469171
Lr derivatives =  [-24.515703464406535, -134.71042997896274, -100.74398846550947]
other derivatives =  [-242.93249544    7.05262846  -42.7962168   -42.22338839  149.32463773
   27.74554559]
Current x_clock array =  [-0.81920045 -0.59957428 -0.80212365  0.4263444  -0.97363006  0.19475442
 -0.37081682 -0.50865702 -0.50865702]
log likelihood =  -2208.5137545110283
Lr derivatives =  [1.8574162260059666, -69.63438041142649, -56.643108275251976]
other derivatives =  [-163.659794     26.21008389 -108.53008916   12.32007162   46.73724159
   31.66764782]
Current x_clock array =  [-0.70495487 -0.61594914 -0.94918884  0.80199078 -2.30835255 -0.03005854
 -0.1546903  -0.30464007 -0.34527478]
log likelihood =  -2152.1825857209988
Lr derivatives =  [-9.852243125435647, -38.080674837315, -7.71440297250858]
other derivatives =  [-71.01446818 -70.27846004 259.60551284  11.64375999   1.56710516
  28.13904121]
Current x_clock array =  [-0.61112325 -0.80611126 -0.35842298  0.79677387 -3.13764454 -0.37494911
 -0.11036896  0.         -0.03078189]
log likelihood =  -2123.6506591718826
Lr derivatives =  [-5.96219205642601, -34.626552122687805, -10.34755069650506]
other derivatives =  [ 7.33058414e+01 -1.33273643e+01 -5.69005442e+01  1.93080700e+01
 -6.89410547e-02  2.54359079e+01]
Current x_clock array =  [-0.49603759 -0.70513681 -0.74115103  0.83757185 -3.1881167  -0.37957183
 -0.07713184  0.         -0.05470128]
log likelihood =  -2117.240687764092
Lr derivatives =  [-8.693056268161016, -35.13180218650607, -7.1213309681221695]
other derivatives =  [ -9.75691637  -9.64447599 -29.1945812   17.65669003  -2.4770234
  24.84497918]
Current x_clock array =  [-0.55360064 -0.69849784 -0.67287266  0.81459296 -3.2153455  -0.41978938
 -0.07118811  0.         -0.03515964]
log likelihood =  -2114.2505737956417
Lr derivatives =  [-7.741398572382481, -32.919423633832565, 6.8915603373177845]
other derivatives =  [-14.94012213  -0.41540761  16.20708508  13.84660982  -2.16242238
  23.6257797 ]
Current x_clock array =  [-5.59569427e-01 -6.86885611e-01 -5.91197500e-01  7.67888753e-01
 -3.22536084e+00 -4.83249399e-01 -6.15390383e-02  0.00000000e+00
 -9.90645270e-04]
log likelihood =  -2112.072125432129
Lr derivatives =  [-5.329262773298916, -31.38891070212795, 7.474408309977637]
other derivatives =  [-7.8526532   2.35048719 20.35390526 11.24668188 -1.70283703 21.30718349]
Current x_clock array =  [-5.54450341e-01 -6.84895623e-01 -5.84683031e-01  7.27460730e-01
 -3.24331667e+00 -5.56589654e-01 -4.19614228e-02  0.00000000e+00
 -1.73554247e-04]
log likelihood =  -2103.62953551095
Lr derivatives =  [2.644059937400371, -25.409088743483426, -1.5579380362899649]
other derivatives =  [ 11.24088703 -19.96387846  10.0485845   -1.12204452  -1.78284049
   8.84409186]
Current x_clock array =  [-0.54044753 -0.72676199 -0.59808502  0.47526656 -3.38675805 -1.078098
  0.06865723  0.         -0.00994611]
log likelihood =  -2109.1933758871246
Lr derivatives =  [15.922357303956877, -16.511560242866814, 11.668424289880498]
other derivatives =  [ 31.54840533 117.50269277 -20.78538273  -3.3020151   -0.48589477
   3.18937766]
Current x_clock array =  [-5.33061395e-01 -5.71866514e-01 -6.45624379e-01  3.70565768e-01
 -3.42785581e+00 -1.42081739e+00  9.69882491e-02  0.00000000e+00
 -2.99614144e-03]
log likelihood =  -2102.714554173783
Lr derivatives =  [5.544891515452786, -23.419013594767275, 1.0094722202290445]
other derivatives =  [15.89980957 11.03942213  1.32748664 -1.93366759 -1.59940474  7.07257511]
Current x_clock array =  [-0.53839787 -0.68377831 -0.61127725  0.44621197 -3.39816273 -1.17320304
  0.07651912  0.         -0.00801748]
log likelihood =  -2101.959198018383
Lr derivatives =  [5.961010835260568, -22.64825788163472, 1.4221994409555379]
other derivatives =  [ 3.60107151  5.23103563  0.44986473 -4.09733957 -2.06395887  5.07145455]
Current x_clock array =  [-0.54718425 -0.69244872 -0.61195251  0.38454162 -3.42707077 -1.32772908
  0.09268426  0.         -0.00741288]
log likelihood =  -2101.448101985834
Lr derivatives =  [4.792413484044072, -23.392600704917538, -3.5484584261287893]
other derivatives =  [-1.66732616  1.88142303 -0.04714411 -5.32382228 -2.87311128  3.56417047]
Current x_clock array =  [-0.55124057 -0.69644231 -0.61296455  0.3465347  -3.43158513 -1.47704087
  0.08375856  0.         -0.01220813]
log likelihood =  -2100.657592283879
Lr derivatives =  [3.048047543070873, -23.96687150136635, 10.459416444064118]
other derivatives =  [-4.41490147 -2.45793944 -1.97483314 -6.50846687 -3.10005723  2.07990386]
Current x_clock array =  [-0.55329008 -0.70109672 -0.61705436  0.3246523  -3.3891338  -1.70942511
  0.03932591  0.          0.        ]
log likelihood =  -2100.1691353722003
Lr derivatives =  [-5.631783531356037, -31.18776145918649, -25.252179404838213]
other derivatives =  [-3.96506402 -7.12543442  0.17687353 -7.78922686 -0.86348746  0.52597503]
Current x_clock array =  [-0.55458882 -0.69806333 -0.61936961  0.32856402 -3.21996976 -2.18722161
 -0.09219286  0.         -0.03132113]
log likelihood =  -2099.485597916173
Lr derivatives =  [-2.505890107888492, -28.249667887790814, -9.887324650153895]
other derivatives =  [-2.67976975 -1.53966721 -1.34039328 -6.11808991 -0.20784442  0.83897168]
Current x_clock array =  [-0.55365134 -0.69214804 -0.62006186  0.36628869 -3.21787726 -2.10120695
 -0.08281384  0.         -0.00893328]
log likelihood =  -2099.241860549022
Lr derivatives =  [-2.373070412759022, -27.930046929331468, 15.151545085245743]
other derivatives =  [-0.5468346   0.81591315 -1.36421932 -4.37042854  0.70695653  0.95725796]
Current x_clock array =  [-0.55213839 -0.68886871 -0.61967916  0.41209966 -3.18403183 -2.0939591
 -0.0968156   0.          0.        ]
log likelihood =  -2099.2113310284844
Lr derivatives =  [-2.576678621835711, -28.528321819430726, -8.132062384515743]
other derivatives =  [ 3.37664187  2.96897633 -1.73480566 -2.12975874  1.93729495  1.05585201]
Current x_clock array =  [-0.5497775  -0.68508592 -0.62000191  0.4633287  -3.14787673 -2.07179545
 -0.10933669  0.         -0.00551448]
log likelihood =  -2099.157217915177
Lr derivatives =  [-1.877366517595993, -27.946085817844327, -5.391550049312743]
other derivatives =  [ 1.91559639  1.30798617 -1.0573508  -2.26199336  1.77694465  1.07128041]
Current x_clock array =  [-0.55070018 -0.68817031 -0.61830753  0.46131793 -3.15886179 -2.0639697
 -0.10029402  0.         -0.00331424]
log likelihood =  -2099.0658324227884
Lr derivatives =  [-0.6602882434347199, -26.94900594277706, 13.804628906655125]
other derivatives =  [ 0.18329774 -0.22475615  0.45951901 -2.11289125  1.72503602  0.98475786]
Current x_clock array =  [-0.55189826 -0.69155799 -0.6147149   0.46730905 -3.16987767 -2.09144891
 -0.08780247  0.          0.        ]
log likelihood =  -2098.988428512911
Lr derivatives =  [0.8581875100365615, -25.90079030271824, -2.216372914537976]
other derivatives =  [-1.81761561 -1.5497908   2.14902411 -1.98388307  1.68538124  0.78301688]
Current x_clock array =  [-5.53520419e-01 -6.94673378e-01 -6.10665367e-01  4.72250719e-01
 -3.18497969e+00 -2.15310446e+00 -7.13580185e-02  0.00000000e+00
 -1.12376899e-03]
log likelihood =  -2098.9044213699585
Lr derivatives =  [2.4881614486607715, -24.61139884255676, 11.061638360843062]
other derivatives =  [-3.90524474 -3.36163703  4.66483971 -1.10883138  2.04067479  0.45155175]
Current x_clock array =  [-0.55532819 -0.69856269 -0.60493258  0.49792882 -3.18624059 -2.30778429
 -0.05946023  0.          0.        ]
log likelihood =  -2098.850987366509
Lr derivatives =  [2.3348276413894054, -24.648940545037377, -3.5675376134882537]
other derivatives =  [-2.19639196 -2.62064805  3.68595693 -0.72397688  2.10302105  0.29276222]
Current x_clock array =  [-5.54253528e-01 -6.97327455e-01 -6.06393637e-01  5.06660561e-01
 -3.17850339e+00 -2.41200042e+00 -6.48119263e-02  0.00000000e+00
 -1.21047523e-03]
log likelihood =  -2098.800432588981
Lr derivatives =  [1.6422658947883173, -24.91796261277577, -4.7612405258156585]
other derivatives =  [ 0.31420313 -1.44363685  1.70639578 -0.54130078  1.95348124  0.12192768]
Current x_clock array =  [-5.52555981e-01 -6.95167118e-01 -6.09858619e-01  5.09713407e-01
 -3.16871765e+00 -2.57055180e+00 -7.59002678e-02  0.00000000e+00
 -1.42685221e-03]
log likelihood =  -2098.7715294870704
Lr derivatives =  [1.0796793573161096, -25.073205395458128, -4.205153516348983]
other derivatives =  [-2.2583713   1.60918262 -1.11862164 -0.23409211  0.57217464  0.02035177]
Current x_clock array =  [-5.54379565e-01 -6.91087656e-01 -6.14062109e-01  5.10654293e-01
 -3.18729630e+00 -2.67276526e+00 -7.42920307e-02  0.00000000e+00
 -1.17851457e-03]
log likelihood =  -2098.766502165664
Lr derivatives =  [0.2749426847935901, -25.464923039066218, -3.9572510494893347]
other derivatives =  [ 3.34583819  0.13925592 -0.17121101 -0.18697347 -0.13431825 -0.01862976]
Current x_clock array =  [-5.50092512e-01 -6.93431507e-01 -6.12712949e-01  5.10413775e-01
 -3.19665616e+00 -2.72573700e+00 -7.49054238e-02  0.00000000e+00
 -6.95800837e-04]
log likelihood =  -2098.760449269488
Lr derivatives =  [0.11388126055042314, -25.587374938944734, -3.8096874150630207]
other derivatives =  [ 0.56793397  0.10698386 -0.18103901  0.05277343  0.02487102 -0.00349072]
Current x_clock array =  [-5.52162751e-01 -6.93173707e-01 -6.12680170e-01  5.16025305e-01
 -3.19026896e+00 -2.72128101e+00 -7.78020950e-02  0.00000000e+00
 -5.17756717e-04]
log likelihood =  -2098.759012309248
Lr derivatives =  [-0.00027988493220121313, -25.646202396972168, -3.283136030806512]
other derivatives =  [-0.11225666 -0.00636237 -0.04235017  0.09535916 -0.02968233  0.00102834]
Current x_clock array =  [-5.52642050e-01 -6.93294249e-01 -6.12446492e-01  5.16897742e-01
 -3.19018253e+00 -2.71917621e+00 -7.82970567e-02  0.00000000e+00
 -1.43045627e-04]
log likelihood =  -2098.7585115090305
Lr derivatives =  [-0.03691749061219962, -25.66712691665903, 12.85202415601816]
other derivatives =  [-0.09561609 -0.01714716  0.00654745  0.06835808 -0.0346215   0.00388663]
Current x_clock array =  [-0.55262179 -0.69329032 -0.61240356  0.5162964  -3.1900553  -2.71598998
 -0.07858959  0.          0.        ]
log likelihood =  -2098.758893621489
Lr derivatives =  [-0.008579961231554023, -25.650941024954662, -3.2355930072160834]
other derivatives =  [-0.10848134 -0.00880709 -0.03126979  0.08924462 -0.03080259  0.00167449]
Current x_clock array =  [-5.52637461e-01 -6.93293358e-01 -6.12436764e-01  5.16761493e-01
 -3.19015370e+00 -2.71845430e+00 -7.83633373e-02  0.00000000e+00
 -1.10635231e-04]
log likelihood =  -2098.7586990968125
Lr derivatives =  [-0.022759631811007708, -25.65903973223577, -3.1541891543410703]
other derivatives =  [-0.10205167 -0.01297758 -0.01235821  0.07880453 -0.03272035  0.00277981]
Current x_clock array =  [-5.52629627e-01 -6.93291838e-01 -6.12420160e-01  5.16528944e-01
 -3.19010450e+00 -2.71722214e+00 -7.84764640e-02  0.00000000e+00
 -5.53176157e-05]
log likelihood =  -2098.758558237151
Lr derivatives =  [-0.03353354747114157, -25.665196066168992, -3.0921830555437317]
other derivatives =  [-0.09718178 -0.01614035  0.00199861  0.07087556 -0.0341806   0.00362085]
Current x_clock array =  [-5.52623681e-01 -6.93290685e-01 -6.12407558e-01  5.16352433e-01
 -3.19006715e+00 -2.71628690e+00 -7.85623303e-02  0.00000000e+00
 -1.33300201e-05]
log likelihood =  -2098.758470997496
Lr derivatives =  [-0.0296044422124373, -25.66329147616294, 12.846476238337345]
other derivatives =  [ 0.05201264  0.00399541 -0.00418549  0.03051719 -0.01937555  0.00400006]
Current x_clock array =  [-0.55251526 -0.69325163 -0.61245143  0.51549152 -3.18989986 -2.71548113
 -0.078713    0.          0.        ]
log likelihood =  -2098.758516567834
Lr derivatives =  [-0.031905544182293966, -25.664409126417876, -3.0826477191530195]
other derivatives =  [-0.03495552 -0.00773707 -0.00057889  0.05403854 -0.02801431  0.00377953]
Current x_clock array =  [-5.52578447e-01 -6.93274390e-01 -6.12425861e-01  5.15993255e-01
 -3.18999736e+00 -2.71595073e+00 -7.86251896e-02  0.00000000e+00
 -7.76868812e-06]
log likelihood =  -2098.7584570705685
Lr derivatives =  [-0.01387762854890795, -25.651334862316418, 12.832606444135308]
other derivatives =  [ 0.06306755  0.00557066 -0.01697572  0.01211902 -0.00956047  0.0026891 ]
Current x_clock array =  [-0.55251029 -0.69324907 -0.61247716  0.51513155 -3.18982771 -2.7172203
 -0.07871467  0.          0.        ]
log likelihood =  -2098.7584844023777
Lr derivatives =  [-0.0234865232480459, -25.658302785881496, -3.0763281743321667]
other derivatives =  [ 0.0108771  -0.00151022 -0.00824593  0.03443074 -0.01939497  0.00326981]
Current x_clock array =  [-5.52546569e-01 -6.93262545e-01 -6.12449855e-01  5.15590215e-01
 -3.18991801e+00 -2.71654454e+00 -7.86670405e-02  0.00000000e+00
 -4.13508326e-06]
log likelihood =  -2098.7584525109673
Lr derivatives =  [-0.021346462841626668, -25.65291917071149, 12.837108442909084]
other derivatives =  [ 0.00356749 -0.04036065  0.04580443 -0.00548562 -0.01104386  0.00098353]
Current x_clock array =  [-0.5525574  -0.69330605 -0.61238089  0.51479567 -3.18981943 -2.72008971
 -0.07877696  0.          0.        ]
log likelihood =  -2098.7584654523457
Lr derivatives =  [-0.02250737534948577, -25.65582076039827, -3.0754810671572415]
other derivatives =  [ 0.00749333 -0.01945909  0.01673152  0.01598528 -0.01554756  0.00221135]
Current x_clock array =  [-5.52551575e-01 -6.93282648e-01 -6.12417987e-01  5.15223051e-01
 -3.18987245e+00 -2.71818277e+00 -7.87178328e-02  0.00000000e+00
 -2.22424837e-06]
log likelihood =  -2098.758454063336
Lr derivatives =  [0.02873160554250198, -25.62248821108401, 12.796863302355632]
other derivatives =  [ 0.02329534  0.07026529  0.00139835 -0.00810724  0.01591538  0.00053495]
Current x_clock array =  [-0.55255094 -0.69316187 -0.61244311  0.51481399 -3.18958506 -2.72023051
 -0.07865795  0.          0.        ]
log likelihood =  -2098.7584581821566
Lr derivatives =  [-0.003653529802477351, -25.643555457457104, -3.071998248522103]
other derivatives =  [ 0.01330272  0.01357921  0.0110881   0.0071127  -0.00397128  0.00159341]
Current x_clock array =  [-5.52551342e-01 -6.93238173e-01 -6.12427240e-01  5.15072413e-01
 -3.18976662e+00 -2.71893685e+00 -7.86957813e-02  0.00000000e+00
 -1.40517195e-06]
log likelihood =  -2098.7584482273005
Lr derivatives =  [0.00393066017348076, -25.635417581753817, 12.815780792152509]
other derivatives =  [ 0.01105855 -0.0164755  -0.0102109  -0.00247292  0.00081563 -0.00011262]
Current x_clock array =  [-0.55255438 -0.69327985 -0.61246241  0.51489518 -3.1897032  -2.72151044
 -0.07871927  0.          0.        ]
log likelihood =  -2098.7584548530485
Lr derivatives =  [-0.0009748103287723353, -25.64067542747371, -3.073616848996423]
other derivatives =  [ 0.01249919  0.00291539  0.00353248  0.00371119 -0.00228119  0.00098712]
Current x_clock array =  [-5.52552421e-01 -6.93252964e-01 -6.12439721e-01  5.15009520e-01
 -3.18974411e+00 -2.71985012e+00 -7.87041172e-02  0.00000000e+00
 -9.06529172e-07]
      fun: 2098.7584548530485
 hess_inv: <9x9 LbfgsInvHessProduct with dtype=float64>
      jac: array([ 1.24991857e-02,  2.91538527e-03,  3.53247742e-03,  3.71119313e-03,
       -2.28119000e-03,  9.87123643e-04, -9.74810329e-04, -2.56406754e+01,
       -3.07361685e+00])
  message: 'CONVERGENCE: REL_REDUCTION_OF_F_<=_FACTR*EPSMCH'
     nfev: 42
      nit: 32
     njev: 42
   status: 0
  success: True
        x: array([-5.52552421e-01, -6.93252964e-01, -6.12439721e-01,  5.15009520e-01,
       -3.18974411e+00, -2.71985012e+00, -7.87041172e-02,  0.00000000e+00,
       -9.06529172e-07])
