number of sites to be analyzed:  316
log likelihood =  -4296.512876674499
Lr derivatives =  [-207.5369159998226, -317.8870309800791, -316.8612827360845]
other derivatives =  [ 20.12512414 -17.05079012  77.57677758 -53.80778657 279.12953556
  -0.        ]
Current x_clock array =  [-0.69314718 -0.77763011 -0.45942685  0.18232156 -0.10536052  0.33647224
 -0.51082562 -0.51082562 -0.51082562]
log likelihood =  -4086.6521797114265
Lr derivatives =  [100.16835975235331, -151.24374079145662, -224.23363159572716]
other derivatives =  [ -66.46633847   15.36419495 -214.78832423  -18.0511397   206.29650908
   -0.        ]
Current x_clock array =  [-0.748899   -0.77561439 -0.67433468  0.33138311 -0.87862185  0.33647224
  0.06410555 -0.5094105  -0.5094105 ]
log likelihood =  -3900.7640405458956
Lr derivatives =  [177.6185641833968, -15.993589794117554, -81.53349555417307]
other derivatives =  [104.65866671  36.19212248  50.19194032 -11.26779716 148.00692711
  -0.        ]
Current x_clock array =  [-0.66954743 -0.80262699 -0.43317064  0.42506993 -1.54063325  0.33647224
  0.16018119 -0.34820092 -0.23392011]
log likelihood =  -3819.8644103182123
Lr derivatives =  [-21.46529223132196, -72.22561896936227, 52.4019924341701]
other derivatives =  [-136.98108705  -20.28444715   88.95681094   23.22472483  -21.84144849
   -0.        ]
Current x_clock array =  [-0.81524583 -0.89153974 -0.39358454  0.54997309 -2.48526914  0.33647224
  0.03638273 -0.2470983   0.        ]
log likelihood =  -3811.206493555187
Lr derivatives =  [9.768636357070235, -48.818371266444444, -50.724218291918504]
other derivatives =  [  98.24065228   -3.00397915 -100.06603588   20.48345186  -14.98335721
   -0.        ]
Current x_clock array =  [-0.65716912 -0.87380464 -0.5063934   0.50959609 -2.42296763  0.33647224
 -0.02258396 -0.16131229 -0.0582195 ]
log likelihood =  -3801.9003928437405
Lr derivatives =  [9.769310327509256, -43.33125568197411, -22.97652156974354]
other derivatives =  [31.16099697 -4.74692706 -3.82696089 15.87029055 -1.37858695 -0.        ]
Current x_clock array =  [-0.69815813 -0.86962174 -0.44789938  0.48926984 -2.33403514  0.33647224
 -0.05446122 -0.13814602 -0.03126653]
log likelihood =  -3798.347805461919
Lr derivatives =  [8.305193709385028, -29.86691240852052, 12.011059880023822]
other derivatives =  [14.44971031 -5.13508667 26.02409768 12.03793727  2.8032611  -0.        ]
Current x_clock array =  [-0.70818948 -0.86414623 -0.43502826  0.45876096 -2.29210023  0.33647224
 -0.11994599 -0.06662661  0.        ]
log likelihood =  -3795.9211368328133
Lr derivatives =  [-13.212822880281307, -30.074081545873767, 21.64338184229564]
other derivatives =  [-22.38543448  -3.98278144  13.28789813   8.5685142    2.15564316
  -0.        ]
Current x_clock array =  [-0.7278889  -0.84977397 -0.44639229  0.40190382 -2.23619895  0.33647224
 -0.2255068   0.          0.        ]
log likelihood =  -3795.014252047061
Lr derivatives =  [-2.449279500068081, -25.03422949220388, 5.836950513541947]
other derivatives =  [-8.34985258  1.0586582   3.69830468  7.83070345  3.46498131 -0.        ]
Current x_clock array =  [-0.72087272 -0.84629981 -0.451118    0.39334909 -2.24982669  0.33647224
 -0.20142137  0.         -0.01802598]
log likelihood =  -3794.8270464506077
Lr derivatives =  [-0.41451538593192394, -24.670037630823593, -7.591018344366291]
other derivatives =  [ 1.6910185   1.65274241 -2.64384789  6.77014214  0.94632386 -0.        ]
Current x_clock array =  [-0.7152108  -0.84727844 -0.45450294  0.37905648 -2.27522244  0.33647224
 -0.19025186  0.         -0.02728104]
log likelihood =  -3794.740337320606
Lr derivatives =  [-0.024257503844856032, -24.260891713518582, -4.179072384782995]
other derivatives =  [ 5.57600561  0.97480824 -3.45115905  5.57637713 -0.07723309 -0.        ]
Current x_clock array =  [-0.71313115 -0.84865664 -0.45518019  0.36704102 -2.28660522  0.33647224
 -0.18728069  0.         -0.02478237]
log likelihood =  -3794.5855349569456
Lr derivatives =  [-0.42468499100141166, -24.532361561441405, -1.9060080769259073]
other derivatives =  [ 3.29661907 -0.74901254 -1.32075729  1.46772754 -1.21804972 -0.        ]
Current x_clock array =  [-0.71541145 -0.85041549 -0.45484165  0.32448089 -2.30223884  0.33647224
 -0.18452684  0.         -0.02357945]
log likelihood =  -3794.575644684687
Lr derivatives =  [1.6671765988330978, -23.291889239037314, 1.9266819803894037]
other derivatives =  [ 0.08727739  1.95391658 -3.82061216 -0.11522025  0.47293379 -0.        ]
Current x_clock array =  [-0.71785752 -0.84578117 -0.45681233  0.30874309 -2.29405907  0.33647224
 -0.18435924  0.         -0.02143143]
log likelihood =  -3794.5667813749255
Lr derivatives =  [-0.25113666546229485, -24.47161220437867, -0.2949560057745444]
other derivatives =  [ 0.89561763  0.24422798  1.31355137 -0.23743542  0.06608336 -0.        ]
Current x_clock array =  [-0.71722559 -0.8479568  -0.45402676  0.30877028 -2.29397645  0.33647224
 -0.18747833  0.         -0.02278044]
log likelihood =  -3794.5657290110403
Lr derivatives =  [-0.06190837992611797, -24.342349175850337, -0.10073380249102115]
other derivatives =  [ 0.2191      0.09906034 -0.09353516  0.00338514 -0.00696477 -0.        ]
Current x_clock array =  [-0.7175852  -0.84826516 -0.45470384  0.31068241 -2.29470405  0.33647224
 -0.18677006  0.         -0.0226284 ]
log likelihood =  -3794.5656958756954
Lr derivatives =  [-0.018484384397129627, -24.307689476100396, -0.0050268800016510795]
other derivatives =  [ 0.07831432  0.01912213 -0.06539995  0.00303908  0.00299802 -0.        ]
Current x_clock array =  [-0.71767734 -0.84839305 -0.4546727   0.31070907 -2.29480901  0.33647224
 -0.1866056   0.         -0.02257008]
log likelihood =  -3794.5656908720975
Lr derivatives =  [0.0024346928692211556, -24.293278068430958, -0.005240820558512382]
other derivatives =  [ 0.00184264 -0.00774708 -0.01092303 -0.00150976  0.00512392 -0.        ]
Current x_clock array =  [-0.71773062 -0.84843889 -0.4546338   0.31067512 -2.29489327  0.33647224
 -0.18650919  0.         -0.02257378]
      fun: 3794.5656908720975
 hess_inv: <9x9 LbfgsInvHessProduct with dtype=float64>
      jac: array([ 1.84263627e-03, -7.74707587e-03, -1.09230314e-02, -1.50976120e-03,
        5.12392326e-03, -0.00000000e+00,  2.43469287e-03, -2.42932781e+01,
       -5.24082056e-03])
  message: 'CONVERGENCE: REL_REDUCTION_OF_F_<=_FACTR*EPSMCH'
     nfev: 17
      nit: 16
     njev: 17
   status: 0
  success: True
        x: array([-0.71773062, -0.84843889, -0.4546338 ,  0.31067512, -2.29489327,
        0.33647224, -0.18650919,  0.        , -0.02257378])
