number of sites to be analyzed:  525
log likelihood =  -6412.774546084349
Lr derivatives =  [-119.20224144593354, -322.4988302936413, -354.3342192554334]
other derivatives =  [  60.02676128  -26.05111331  103.23474817 -116.09902595  564.48577106
  -29.91037491   -0.        ]
Current x_clock array =  [-0.64905435 -0.77383813 -0.52781307  0.18232156 -0.10536052 -0.10536052
  0.33647224 -0.51082562 -0.51082562 -0.51082562]
log likelihood =  -5949.321181614112
Lr derivatives =  [-29.373224112345156, -269.75378990275203, -317.90542591399185]
other derivatives =  [-222.66820633    6.67747645 -226.77416291  -44.96907241  386.52392814
  -27.80933573   -0.        ]
Current x_clock array =  [-0.74889274 -0.77263422 -0.69951634  0.3754211  -1.04423096 -0.05561264
  0.33647224 -0.31256472 -0.509976   -0.509976  ]
log likelihood =  -5612.232612191769
Lr derivatives =  [-25.352168409862742, -94.64279522550088, -70.7389733448263]
other derivatives =  [1627.62007494  155.98335267  185.98787756    8.8536608   -36.18332488
   -2.96261715   -0.        ]
Current x_clock array =  [-0.3473095  -0.82127647 -0.40245967  0.79741857 -3.5191207   0.09399392
  0.33647224  0.07837812 -0.25769298 -0.17874757]
log likelihood =  -5454.381813959397
Lr derivatives =  [-28.571063628414336, -76.78378573267219, -31.80414732215114]
other derivatives =  [-353.18401569   40.39312716   50.55439215   42.92673566  -69.78945361
    1.35071514   -0.        ]
Current x_clock array =  [-0.8226626  -0.88486809 -0.39789887  0.84453144 -3.8212047   0.114744
  0.33647224  0.13137947 -0.21326788 -0.13219987]
log likelihood =  -5410.201559728538
Lr derivatives =  [-3.0897558207285556, -69.75437657910793, -46.213920218152374]
other derivatives =  [-196.83671417   39.08370036    5.9929489    38.36229916  -27.79075144
   -4.34331741   -0.        ]
Current x_clock array =  [-0.73741661 -0.88098494 -0.42195755  0.770292   -3.43763911  0.0925476
  0.33647224  0.07330056 -0.21811835 -0.15312307]
log likelihood =  -5393.121456919176
Lr derivatives =  [43.58149698348222, -35.87519504177312, -4.006929441017725]
other derivatives =  [ 79.52502892  -1.06483003 107.79584136  15.33426803  26.63266081
  -6.58935096  -0.        ]
Current x_clock array =  [-6.30039463e-01 -9.21070973e-01 -4.03899762e-01  6.65240008e-01
 -3.09710399e+00  8.25318900e-02  3.36472237e-01 -1.58940772e-03
 -1.46080592e-01 -9.93953675e-02]
log likelihood =  -5388.640292347328
Lr derivatives =  [40.42547370287489, -30.100550607279395, 1.9778171499562534]
other derivatives =  [ 25.78446038  -5.84766531 -43.04669892  20.7595258   12.02116677
  -5.27090106  -0.        ]
Current x_clock array =  [-0.64513468 -0.92550892 -0.44821637  0.66699997 -3.16944028  0.08931254
  0.33647224 -0.0091717  -0.12615059 -0.09496646]
log likelihood =  -5386.438518684492
Lr derivatives =  [34.50496467174344, -27.904241353856257, 12.936245476591433]
other derivatives =  [  0.60107686  -8.7401886  -26.84198535  19.71555139   5.75674755
  -4.23222991  -0.        ]
Current x_clock array =  [-0.65440197 -0.9293777  -0.44118874  0.6583987  -3.20569723  0.09463388
  0.33647224 -0.0259892  -0.09888876 -0.08411741]
log likelihood =  -5380.6581343473335
Lr derivatives =  [5.224253606753834, -23.75398932927993, 35.97981350476456]
other derivatives =  [-25.04806253 -17.38726496   6.69472865  12.49264824  -4.47111383
  -3.42231942  -0.        ]
Current x_clock array =  [-0.66388278 -0.93488046 -0.43229118  0.58163727 -3.22318669  0.11238582
  0.33647224 -0.14247739  0.         -0.06794897]
log likelihood =  -5379.243467137372
Lr derivatives =  [-11.25423683862077, -36.02354369137539, -2.8875435821902045]
other derivatives =  [-16.78657918   0.76178912  11.26497682  10.816334    -4.97498847
  -5.2891246   -0.        ]
Current x_clock array =  [-0.6609196  -0.91079498 -0.43527368  0.54414261 -3.19501641  0.11993129
  0.33647224 -0.18193755  0.         -0.10901342]
log likelihood =  -5378.842377889838
Lr derivatives =  [-4.93180410698055, -31.84831858390314, -1.001092076131492]
other derivatives =  [ 3.39559574  2.52527479  0.17140883  7.45922443  0.72082181 -5.5898181
 -0.        ]
Current x_clock array =  [-0.65386651 -0.90836732 -0.44099496  0.51965166 -3.15927299  0.12638466
  0.33647224 -0.18337653  0.         -0.10842275]
log likelihood =  -5378.6906254752475
Lr derivatives =  [-1.855422113957431, -30.075442010165233, -0.6731028817731133]
other derivatives =  [ 6.60339538  2.01218973 -3.27856105  5.07599088  2.46639933 -5.47345735
 -0.        ]
Current x_clock array =  [-0.65292475 -0.90851511 -0.44289803  0.50110115 -3.15106811  0.13536789
  0.33647224 -0.18124798  0.         -0.10960838]
log likelihood =  -5378.42401104912
Lr derivatives =  [1.9094298232003695, -28.115739557790754, -0.7370228745664882]
other derivatives =  [ 5.65253413  0.2804527  -4.44518446  0.06782466  2.68503091 -4.6457053
 -0.        ]
Current x_clock array =  [-0.6537124  -0.90969552 -0.44425004  0.45938792 -3.15685331  0.16440223
  0.33647224 -0.1747848   0.         -0.11336868]
log likelihood =  -5378.263458682246
Lr derivatives =  [2.2744162962109016, -27.483861479356165, 0.784048022600798]
other derivatives =  [ 2.01369585  2.75145521 -1.79396011 -2.19340836  0.60293457 -3.38344125
 -0.        ]
Current x_clock array =  [-0.65535749 -0.90696668 -0.44370355  0.43850243 -3.16969013  0.20445703
  0.33647224 -0.17325773  0.         -0.11354683]
log likelihood =  -5378.217145666567
Lr derivatives =  [-2.2534013439116336, -30.60131034871677, -2.183554206163061]
other derivatives =  [ -8.95380526 -11.57012775   2.30892329  -3.97819895  -1.0795483
  -1.82533222  -0.        ]
Current x_clock array =  [-0.65897352 -0.91923321 -0.44287555  0.42405897 -3.17189757  0.26651614
  0.33647224 -0.17915506  0.         -0.1185287 ]
log likelihood =  -5378.112478047024
Lr derivatives =  [-0.45338402049355864, -28.934719957520258, 0.24863752769637948]
other derivatives =  [-3.76120079 -2.3112425   2.03048057 -2.74447666 -2.08592602 -1.41768942
 -0.        ]
Current x_clock array =  [-0.65737825 -0.91099468 -0.44258627  0.43297218 -3.17795346  0.27378391
  0.33647224 -0.17686472  0.         -0.11587284]
log likelihood =  -5378.057700758626
Lr derivatives =  [-0.17944924695166264, -28.511105539112464, 0.7954386788540546]
other derivatives =  [-2.26459542  1.30599437  2.26924749 -1.50837968 -1.98863686 -1.04723949
 -0.        ]
Current x_clock array =  [-0.65692438 -0.90752984 -0.44238395  0.4434409  -3.17272439  0.29004159
  0.33647224 -0.17861982  0.         -0.11527122]
log likelihood =  -5378.0005058144625
Lr derivatives =  [-0.2359979182223526, -28.26665248388732, 0.7115514952042332]
other derivatives =  [ 0.73832598  2.36421147  0.42627016  0.08309325 -1.26217729 -0.19785784
 -0.        ]
Current x_clock array =  [-0.65581576 -0.90606819 -0.4431825   0.45734025 -3.15805272  0.32974321
  0.33647224 -0.18348042  0.         -0.11577332]
log likelihood =  -5378.006083035901
Lr derivatives =  [1.2165500777379492, -27.81787262000184, -0.22352049526284468]
other derivatives =  [-5.57990279e+00  1.99213991e+00  5.02292005e+00  1.02325430e-01
  8.26205586e-01 -5.03678166e-03 -0.00000000e+00]
Current x_clock array =  [-0.65833209 -0.90595877 -0.44152001  0.46047342 -3.14236441  0.346766
  0.33647224 -0.1833477   0.         -0.11773888]
log likelihood =  -5377.995338051418
Lr derivatives =  [0.3568514464610075, -28.083436663349854, 0.32470095961363654]
other derivatives =  [-1.85639692  2.21229493  2.30143542  0.09134419 -0.40883788 -0.11892644
 -0.        ]
Current x_clock array =  [-0.6568463  -0.90602338 -0.44250165  0.45862341 -3.15162774  0.33671471
  0.33647224 -0.18342607  0.         -0.11657829]
log likelihood =  -5377.989768740792
Lr derivatives =  [0.2677395516097789, -28.146221961779002, -0.10977309194212381]
other derivatives =  [-0.14637408  0.43254295 -0.31243326  0.18178707 -0.09079014  0.04274352
 -0.        ]
Current x_clock array =  [-0.65612041 -0.90752721 -0.44359489  0.45927624 -3.14749404  0.34543182
  0.33647224 -0.18475804  0.         -0.11728982]
log likelihood =  -5377.989536460569
Lr derivatives =  [0.10704221499071309, -28.258503352842006, -0.13296905093860723]
other derivatives =  [ 0.4838339  -0.04309095  0.44365788  0.02471461 -0.0089107   0.01582066
 -0.        ]
Current x_clock array =  [-0.65590146 -0.90794827 -0.4433979   0.45831479 -3.14705376  0.34484636
  0.33647224 -0.18506275  0.         -0.11725127]
log likelihood =  -5377.98943981696
Lr derivatives =  [0.0846172556275917, -28.252198650165006, -0.09083285779160377]
other derivatives =  [ 0.00206546 -0.12939927 -0.04206231  0.01633998 -0.007117   -0.00247383
 -0.        ]
Current x_clock array =  [-0.65605827 -0.90800079 -0.44357074  0.45808984 -3.14700027  0.3443116
  0.33647224 -0.18516093  0.         -0.11715872]
log likelihood =  -5377.989422186503
Lr derivatives =  [0.06241848691810503, -28.25172250561051, -0.0521049803936009]
other derivatives =  [-0.03445621 -0.08201823 -0.03379591  0.01480385 -0.01262186  0.00111049
 -0.        ]
Current x_clock array =  [-0.65607246 -0.90794507 -0.44357372  0.4580654  -3.1469499   0.34446296
  0.33647224 -0.18524909  0.         -0.11709406]
log likelihood =  -5377.989405057286
Lr derivatives =  [-0.006673155690322119, -28.267245827206594, 0.006029055928314264]
other derivatives =  [-0.02312299 -0.0181135   0.01029457  0.00465843 -0.00587195  0.00098862
 -0.        ]
Current x_clock array =  [-0.65606967 -0.90785479 -0.44358008  0.45797773 -3.1467028   0.34465772
  0.33647224 -0.18549919  0.         -0.11697698]
log likelihood =  -5377.989404546443
Lr derivatives =  [-0.00014495391376101452, -28.263684748864247, 0.0015822848982534055]
other derivatives =  [-6.60747901e-03  7.79436959e-04  7.71251507e-04  2.09183781e-04
 -1.05468344e-03  5.36601874e-05 -0.00000000e+00]
Current x_clock array =  [-0.65606465 -0.90783534 -0.44358581  0.45793716 -3.14667515  0.34465142
  0.33647224 -0.18549884  0.         -0.11698671]
      fun: 5377.989404546443
 hess_inv: <10x10 LbfgsInvHessProduct with dtype=float64>
      jac: array([-6.60747901e-03,  7.79436959e-04,  7.71251507e-04,  2.09183781e-04,
       -1.05468344e-03,  5.36601874e-05, -0.00000000e+00, -1.44953914e-04,
       -2.82636847e+01,  1.58228490e-03])
  message: 'CONVERGENCE: REL_REDUCTION_OF_F_<=_FACTR*EPSMCH'
     nfev: 26
      nit: 24
     njev: 26
   status: 0
  success: True
        x: array([-0.65606465, -0.90783534, -0.44358581,  0.45793716, -3.14667515,
        0.34465142,  0.33647224, -0.18549884,  0.        , -0.11698671])
