number of sites to be analyzed:  495
log likelihood =  -8910.720170415054
Lr derivatives =  [-832.6840914578042, -822.6969337475775, -383.35336292215993]
other derivatives =  [   5.21937181 -149.12480765   49.31459807  -68.47089753  382.10847742
  168.20929159]
Current x_clock array =  [-0.5953302  -0.67619352 -0.67029413  0.18232156 -0.10536052  0.33647224
 -0.51082562 -0.51082562 -0.51082562]
log likelihood =  -8313.389191267263
Lr derivatives =  [-20.983078007749967, -351.1545191774249, -130.99996958311408]
other derivatives =  [   4.52490713 -147.37492165  -34.80009946  -44.6315662   379.34308421
  258.93693964]
Current x_clock array =  [-0.60091054 -0.67552402 -0.72301931  0.25552787 -0.51389546  0.15662966
  0.37944656 -0.51027947 -0.51027947]
log likelihood =  -8077.5245798875185
Lr derivatives =  [176.04519698378243, -183.64833526279284, -40.94827255408654]
other derivatives =  [ -6.61384911 130.97319606 -29.6013277  -24.87214624 257.66724866
 156.97563867]
Current x_clock array =  [-0.60647051 -0.56612001 -0.69999322  0.31411675 -0.96777856 -0.13275631
  0.58358492 -0.35805591 -0.47101337]
log likelihood =  -7879.102865730038
Lr derivatives =  [6.716541965836974, -129.14579139187435, -2.975563771483941]
other derivatives =  [  14.4260448  -237.34131355   36.58531386   26.24091303   30.30591126
   52.61265233]
Current x_clock array =  [-0.5973018  -0.76181128 -0.64680098  0.39508255 -1.68543    -0.56167175
  0.4990681   0.         -0.3635804 ]
log likelihood =  -7861.456218267185
Lr derivatives =  [-69.1843873680734, -161.7458364178907, -21.563861926592153]
other derivatives =  [-52.09637584  98.26090354 -42.49717495  36.38263024 -38.05584501
  34.10651334]
Current x_clock array =  [-0.61014798 -0.59210255 -0.69185505  0.37193594 -1.8213739  -0.66970358
  0.46655396  0.         -0.34668563]
log likelihood =  -7855.227555331301
Lr derivatives =  [-23.23321207536376, -134.9292333732571, -7.34589122578636]
other derivatives =  [38.04563494  2.2795648  -9.69731627 27.42087054 -7.83052444 35.07010751]
Current x_clock array =  [-0.58936651 -0.63527727 -0.67083818  0.36263283 -1.81231664 -0.68520717
  0.51710431  0.         -0.34700432]
log likelihood =  -7852.692015059128
Lr derivatives =  [-0.5401861742899762, -119.26126451793859, 0.013484090196975274]
other derivatives =  [ -5.89101637 -15.94226069   5.05870321  20.74985605   2.34021694
  31.05193719]
Current x_clock array =  [-0.60062343 -0.6457195  -0.6612675   0.3473985  -1.84442146 -0.73296803
  0.56242192  0.         -0.34352672]
log likelihood =  -7849.24786401949
Lr derivatives =  [25.821999957534306, -96.28546485097914, 9.180390213106854]
other derivatives =  [19.47465535 -2.25407257 13.64689888 10.32570344 11.12640129 19.51181821]
Current x_clock array =  [-0.59451098 -0.64416498 -0.6540054   0.30602744 -1.94808431 -0.86882763
  0.64894975  0.         -0.333183  ]
log likelihood =  -7847.791064760166
Lr derivatives =  [10.43977830731605, -100.83758751856767, 0.3344403317083504]
other derivatives =  [-39.94251892 -17.43822668 -18.39792094   4.95640415  -3.87121294
  10.1061205 ]
Current x_clock array =  [-0.60746566 -0.65192779 -0.66922261  0.26368619 -2.04547475 -0.99584073
  0.69359187  0.         -0.33047899]
log likelihood =  -7847.169091215474
Lr derivatives =  [5.718999022805823, -101.75663566331791, -0.35751250961059355]
other derivatives =  [-5.53352857  2.08526671 -0.16354898  3.49106176 -8.01164605  7.95492176]
Current x_clock array =  [-0.59845654 -0.64379622 -0.65987127  0.24782868 -2.06649402 -1.03555148
  0.69778916  0.         -0.326615  ]
log likelihood =  -7846.9606370765905
Lr derivatives =  [4.590025327866416, -102.04868936267985, -0.46137662647910105]
other derivatives =  [ 5.03322917  5.06729339  2.87544208  2.08480742 -9.0041753   7.20068172]
Current x_clock array =  [-0.59574135 -0.64247993 -0.65838814  0.23736187 -2.06403814 -1.05338174
  0.69224553  0.         -0.32487193]
log likelihood =  -7846.205847510934
Lr derivatives =  [1.584974022236747, -104.0589412424207, -0.36883484707487213]
other derivatives =  [ 28.12513503  10.54239237   9.30253373  -3.81160498 -10.71015089
   5.76981665]
Current x_clock array =  [-0.58995895 -0.63916899 -0.65578185  0.19852975 -2.01762349 -1.10350718
  0.64852295  0.         -0.31880682]
log likelihood =  -7845.379978479929
Lr derivatives =  [-5.586144391269295, -111.01015231665389, -1.929518373717002]
other derivatives =  [ 38.46392337  11.53116682  12.89461761 -12.18935904 -10.82692558
   5.40809259]
Current x_clock array =  [-0.58742762 -0.63588793 -0.65566884  0.15296235 -1.91056102 -1.1513281
  0.56339211  0.         -0.31194585]
log likelihood =  -7844.510148672454
Lr derivatives =  [-2.4538511839643693, -110.07995273520588, 2.6178715986015817]
other derivatives =  [ 31.3516266   14.68437767   2.58434557 -13.11549568  -4.25708247
   4.52783683]
Current x_clock array =  [-0.58972162 -0.63312759 -0.66148324  0.15846997 -1.8256399  -1.20469224
  0.51362658  0.         -0.30241342]
log likelihood =  -7844.050448790894
Lr derivatives =  [-18.597354688117242, -124.75286161509027, -10.675500466049918]
other derivatives =  [-28.88176368 -21.00415622  27.9804899   -3.68094243  -3.16151794
   1.26457055]
Current x_clock array =  [-0.60478449 -0.64613433 -0.64914848  0.22241266 -1.7025135  -1.32999256
  0.44373061  0.         -0.30357679]
log likelihood =  -7843.486576304161
Lr derivatives =  [9.972683597026121, -103.15973216352415, 4.517963474559245]
other derivatives =  [-16.51299499  -3.73124112  -6.6994553    0.15203022   3.97575369
   0.53453798]
Current x_clock array =  [-0.6026822  -0.64188844 -0.66468976  0.2435787  -1.76560444 -1.32551177
  0.50332644  0.         -0.29879234]
log likelihood =  -7843.383415908371
Lr derivatives =  [1.9382001308556385, -108.89065380325688, 1.2305635938694692]
other derivatives =  [-3.91996036 -0.95782798 -2.93012727 -1.41885903  1.40219695  0.96687698]
Current x_clock array =  [-0.59927503 -0.63967186 -0.6635311   0.23258859 -1.74995217 -1.31962743
  0.48508248  0.         -0.29935809]
log likelihood =  -7843.369138333601
Lr derivatives =  [0.1782272809350216, -110.05980380256861, 0.007779549621950821]
other derivatives =  [-3.69293775 -1.30349144 -0.8441848  -0.71478917  0.57115091  0.61333748]
Current x_clock array =  [-0.59919143 -0.63971901 -0.66246149  0.23570009 -1.74695796 -1.3303005
  0.48219493  0.         -0.29958765]
log likelihood =  -7843.360837549215
Lr derivatives =  [-0.5023822717413977, -110.24262060330844, -0.41745436607379816]
other derivatives =  [-0.8203242  -0.74151285 -0.12088458  0.04851881 -0.08732599  0.12895747]
Current x_clock array =  [-0.59848596 -0.63954112 -0.66198212  0.2388918  -1.7473869  -1.34409115
  0.48182481  0.         -0.29917675]
log likelihood =  -7843.36043352353
Lr derivatives =  [-0.16128672122182364, -109.81946169523678, -0.03008208953090019]
other derivatives =  [-7.61712727e-01  7.33443812e-01  6.08719347e-01 -4.87489160e-03
 -1.25407750e-01 -4.72362320e-06]
Current x_clock array =  [-0.59847538 -0.63896837 -0.66154519  0.23849171 -1.74894305 -1.34779229
  0.48272874  0.         -0.29864795]
log likelihood =  -7843.360164354813
Lr derivatives =  [0.06822065834413138, -109.68358657332777, 0.07034996102007085]
other derivatives =  [ 0.40924897 -0.07060771  0.02560046  0.05595302  0.03614008 -0.00116115]
Current x_clock array =  [-0.59820161 -0.63933637 -0.66183472  0.23891272 -1.74857125 -1.34801106
  0.4827776   0.         -0.29860581]
log likelihood =  -7843.360133125373
Lr derivatives =  [-0.009751757730023236, -109.74382762047146, 0.01807193889084857]
other derivatives =  [ 0.03516379  0.01336957  0.04068897  0.02391607 -0.00384942  0.00855876]
Current x_clock array =  [-0.59828834 -0.63929034 -0.66183511  0.23872443 -1.74861913 -1.34764961
  0.48272937  0.         -0.29865697]
log likelihood =  -7843.360131397367
Lr derivatives =  [-0.013495793829734648, -109.74536709262428, 0.012872772151446554]
other derivatives =  [ 0.00410273  0.01795524  0.01699482  0.01605804 -0.00753858  0.00610262]
Current x_clock array =  [-0.59829527 -0.639288   -0.6618477   0.23867987 -1.74863373 -1.34770954
  0.48272901  0.         -0.29865845]
      fun: 7843.360131397367
 hess_inv: <9x9 LbfgsInvHessProduct with dtype=float64>
      jac: array([ 4.10273060e-03,  1.79552444e-02,  1.69948180e-02,  1.60580385e-02,
       -7.53858054e-03,  6.10262103e-03, -1.34957938e-02, -1.09745367e+02,
        1.28727722e-02])
  message: 'CONVERGENCE: REL_REDUCTION_OF_F_<=_FACTR*EPSMCH'
     nfev: 23
      nit: 22
     njev: 23
   status: 0
  success: True
        x: array([-0.59829527, -0.639288  , -0.6618477 ,  0.23867987, -1.74863373,
       -1.34770954,  0.48272901,  0.        , -0.29865845])
