number of sites to be analyzed:  527
log likelihood =  -7285.1693821221315
Lr derivatives =  [-178.8991755629974, -424.9701412065475, -155.53717654583957]
other derivatives =  [  30.58557104  -78.956984     52.91990237 -107.33368435  427.30744099
   65.58393761  166.26610795]
Current x_clock array =  [-0.63957943 -0.74078693 -0.58441885  0.18232156 -0.10536052 -0.10536052
  0.33647224 -0.51082562 -0.51082562 -0.51082562]
log likelihood =  -6894.455115678595
Lr derivatives =  [15.90362339591502, -320.55040387862766, -110.05287992893676]
other derivatives =  [-150.02580949  -40.57816932 -148.05371848  -38.04352309  275.78563095
   64.79544845  149.09074525]
Current x_clock array =  [-0.69935614 -0.73943685 -0.68784597  0.39209544 -0.9404939  -0.23353833
  0.01152031 -0.16118352 -0.50982726 -0.50982726]
log likelihood =  -7012.145700514087
Lr derivatives =  [19.32082882236506, -102.3106538219691, 55.59438879172138]
other derivatives =  [3059.67618988  161.78493934  933.82198429    3.10064388  -80.16427477
   81.36479482   92.0020766 ]
Current x_clock array =  [-0.25926967 -0.73811872 -0.29881701  0.73285833 -2.71229059 -0.58050329
 -0.81741382  0.14193198  0.         -0.40982069]
log likelihood =  -6645.90888290973
Lr derivatives =  [74.29664207929348, -181.32598156902208, -16.51637095961628]
other derivatives =  [656.59921438  45.9627181  119.78939801   9.19630475 110.46643857
  67.64130467 119.81785701]
Current x_clock array =  [-0.49028629 -0.73881065 -0.50303177  0.5539801  -1.78221319 -0.39836938
 -0.38227761 -0.01718384 -0.26762597 -0.4623176 ]
log likelihood =  -6525.3876246875725
Lr derivatives =  [-12.702572156200807, -144.80181376437127, 11.275954411748828]
other derivatives =  [-191.03238628   29.81063608  164.69601178   57.98492293  -79.17033194
   66.92910392   77.64333895]
Current x_clock array =  [-0.71796557 -0.77812494 -0.45488894  0.71331944 -2.64633741 -0.58612897
 -0.81120079  0.12149352 -0.07756477 -0.44539824]
log likelihood =  -6492.471525658751
Lr derivatives =  [24.648848302892688, -112.94795563809508, 27.588083144264687]
other derivatives =  [-75.6515883   11.36465107  -0.32393382  50.50019718 -55.75373099
  64.00545772  75.65403394]
Current x_clock array =  [-0.67233825 -0.79363345 -0.51988373  0.67228064 -2.56202323 -0.61115249
 -0.83134247  0.09282731  0.         -0.44714191]
log likelihood =  -6479.158526371927
Lr derivatives =  [33.189160830386804, -120.37311304897128, 12.02145197911959]
other derivatives =  [ 33.55995068  -4.36592927 -11.88766328  37.68212264 -21.40646629
  52.86763462  69.30963536]
Current x_clock array =  [-0.63550319 -0.79965978 -0.53286351  0.60786606 -2.39498575 -0.63432421
 -0.8307847   0.03657333  0.         -0.46165011]
log likelihood =  -6466.075349663208
Lr derivatives =  [11.94636009988453, -145.48523375121715, -19.946154838916268]
other derivatives =  [ 86.45283015 -12.04437103 -38.89625259  24.85476944  -3.6977468
  35.62962047  51.0394284 ]
Current x_clock array =  [-0.61862377 -0.79889349 -0.55304156  0.52772105 -2.29349711 -0.71778504
 -0.92774625 -0.02541302  0.         -0.47583135]
log likelihood =  -6449.013685663906
Lr derivatives =  [13.58735269947302, -146.4020348778745, -25.3755643523429]
other derivatives =  [ 59.38079175  -4.64935147 -23.61243151   1.9942654   17.98701149
  18.81683693  30.20433048]
Current x_clock array =  [-0.62925453 -0.78905334 -0.54981016  0.40448204 -2.22454799 -0.88791318
 -1.15594091 -0.05615307  0.         -0.43457127]
log likelihood =  -6438.335301967463
Lr derivatives =  [-53.80135141254584, -172.90972497021937, -31.233346109878113]
other derivatives =  [-17.54656296 -64.16504766 -45.4656074   -0.64933647 -31.03137489
   6.8499319   10.54476161]
Current x_clock array =  [-0.64879916 -0.83747542 -0.55927105  0.34226757 -2.40710881 -1.18963754
 -1.59928129 -0.09799156  0.         -0.35835703]
log likelihood =  -6432.814246768101
Lr derivatives =  [0.9050168777497847, -129.30207905648172, 27.315956028616498]
other derivatives =  [-22.12928666  29.30000119   2.15635828 -12.63572631  -7.33783643
   4.25494767   7.4146985 ]
Current x_clock array =  [-0.6570884  -0.76817341 -0.53522356  0.28693729 -2.36251051 -1.32705502
 -1.78992254 -0.07406083  0.         -0.28292008]
log likelihood =  -6431.897544598749
Lr derivatives =  [-5.973051586720041, -135.6594894010355, 12.386514447314767]
other derivatives =  [ -9.49393507   3.50928894   3.26232566 -12.20474951  -7.36096053
   3.58667367   6.79482513]
Current x_clock array =  [-0.6519277  -0.78687532 -0.53496575  0.29399446 -2.36119694 -1.33381989
 -1.80108505 -0.07392767  0.         -0.29946554]
log likelihood =  -6431.153961480439
Lr derivatives =  [-5.601858991520089, -136.63232736250717, 1.5181496630860352]
other derivatives =  [  3.46862271  -8.01318856   1.89802267 -11.48845058  -5.66410188
   2.10868595   5.07587858]
Current x_clock array =  [-0.64744709 -0.79688835 -0.53513635  0.30242375 -2.36154819 -1.37879876
 -1.86904199 -0.06642976  0.         -0.3112885 ]
log likelihood =  -6430.403910206807
Lr derivatives =  [-0.04144462886492151, -133.37109376066445, -6.20771977105327]
other derivatives =  [  8.92177013 -10.01601231  -0.80996142  -8.87098213  -2.93296681
   0.11746908   2.77869078]
Current x_clock array =  [-0.64583215 -0.80080158 -0.53498888  0.32271869 -2.36227007 -1.46075426
 -1.99386599 -0.05343323  0.         -0.31860151]
log likelihood =  -6429.86381783842
Lr derivatives =  [0.597770400393606, -131.59834974252567, -4.8947341420987485]
other derivatives =  [ -5.01388695 -10.36796311  -2.50096309  -3.21081097   1.0549416
  -1.29595072   1.59144796]
Current x_clock array =  [-0.65015357 -0.80075065 -0.53510729  0.36249223 -2.33472886 -1.53312811
 -2.11015214 -0.06322779  0.         -0.30867277]
log likelihood =  -6430.303713343913
Lr derivatives =  [-6.417696672440712, -132.04981047726068, -0.05725659023089946]
other derivatives =  [41.74990136 12.1093326  26.11752734  3.57505814 -5.31039542 -2.06601678
  0.61004025]
Current x_clock array =  [-0.63547302 -0.78631776 -0.52239829  0.40281157 -2.34761022 -1.60816507
 -2.24318478 -0.07497085  0.         -0.2928659 ]
log likelihood =  -6429.777715580056
Lr derivatives =  [-1.4392589183212947, -131.73598012365375, -3.6292364719630896]
other derivatives =  [ 8.26523592 -3.98478915  5.59058844 -1.2640694  -0.78417075 -1.53587309
  1.27223171]
Current x_clock array =  [-0.64592318 -0.79659163 -0.53144503  0.37411077 -2.33844079 -1.55475097
 -2.1484872  -0.0666117   0.         -0.30411782]
log likelihood =  -6429.7311503224155
Lr derivatives =  [-0.4952581927421489, -130.4098711839462, -0.33672098655409854]
other derivatives =  [ 1.7668126  -0.83229224 -0.95887299  0.43897307 -0.11717779 -1.72359927
  1.13734148]
Current x_clock array =  [-0.64798391 -0.79401756 -0.53418397  0.38374759 -2.33161951 -1.56989321
 -2.17583053 -0.07012211  0.         -0.2981914 ]
log likelihood =  -6429.726391055085
Lr derivatives =  [-0.33023820879420307, -130.24180255614914, 0.04600889861468005]
other derivatives =  [-0.22976928 -0.02167053  0.29312105  0.44094304 -0.02820155 -1.71453839
  1.13536811]
Current x_clock array =  [-0.64868754 -0.79336737 -0.53359409  0.38386    -2.33117767 -1.56908326
 -2.17786762 -0.07016695  0.         -0.29768807]
log likelihood =  -6429.718647833866
Lr derivatives =  [0.22298428464582543, -129.82944356231326, 0.6178864524452052]
other derivatives =  [-2.20327456  1.43716352  1.36750532  0.30642059  0.05453363 -1.67644336
  1.12499932]
Current x_clock array =  [-0.64942614 -0.79229547 -0.53306802  0.38304465 -2.33132364 -1.5657997
 -2.18150076 -0.06965376  0.         -0.29717401]
log likelihood =  -6429.703230680778
Lr derivatives =  [1.0717045865599153, -129.23072852816318, 1.2485429642781867]
other derivatives =  [-4.43078352  3.30626608  2.41272846  0.10772783  0.06419718 -1.59939015
  1.07988047]
Current x_clock array =  [-0.65028341 -0.7909999  -0.53251847  0.38173842 -2.33217722 -1.55802906
 -2.19097523 -0.06855983  0.         -0.29673043]
log likelihood =  -6429.666025488676
Lr derivatives =  [2.4730106196214763, -128.2483049137678, 2.1449693502435636]
other derivatives =  [-7.4900754   5.81590575  3.65418509 -0.18181345 -0.07145729 -1.41127188
  0.9462641 ]
Current x_clock array =  [-0.65148706 -0.78938023 -0.53180732  0.37973737 -2.33407628 -1.53734734
 -2.21806232 -0.06656217  0.         -0.29612958]
log likelihood =  -6429.594763672296
Lr derivatives =  [4.023408381026023, -127.12906933314503, 3.230665486412306]
other derivatives =  [-10.11003769   7.77778405   4.33440528  -0.49900973  -0.43264068
  -1.03052467   0.69201638]
Current x_clock array =  [-0.65257038 -0.78827434 -0.53133448  0.3774302  -2.33609689 -1.49418063
 -2.27630227 -0.06468432  0.         -0.29512104]
log likelihood =  -6429.480940543524
Lr derivatives =  [3.736196508903533, -127.24858092354626, 3.55424147920089]
other derivatives =  [-11.40254244   7.32206627   4.18987747  -0.51250481  -0.62850394
  -0.44396471   0.33628883]
Current x_clock array =  [-0.65309875 -0.78846821 -0.53153779  0.37728056 -2.33130754 -1.42119843
 -2.3816598  -0.06812596  0.         -0.29334995]
log likelihood =  -6430.490587329059
Lr derivatives =  [27.49431549577963, -115.23468607602607, 7.7146750359120375]
other derivatives =  [ 32.80668534  28.09072066 -21.03070892  -3.33016669  16.75385502
   0.36010521   0.13264682]
Current x_clock array =  [-0.64050258 -0.77384788 -0.54449366  0.37258911 -2.2639773  -1.29345399
 -2.47567446 -0.06838151  0.         -0.29543857]
log likelihood =  -6429.470454066545
Lr derivatives =  [5.89364779937322, -126.15443430177018, 3.9281529125791224]
other derivatives =  [-7.41507483  9.19649938  1.81778069 -0.76366632  0.97012003 -0.3709003
  0.31507675]
Current x_clock array =  [-0.65193918 -0.78712229 -0.53273048  0.37684867 -2.32510926 -1.40943855
 -2.39031459 -0.06814948  0.         -0.29354223]
log likelihood =  -6429.391476452318
Lr derivatives =  [2.3709628813600063, -128.5443578202899, 1.817728887212887]
other derivatives =  [-4.85973396  4.4378794   2.34090112 -0.44447552  0.36211024  0.09013666
  0.0833386 ]
Current x_clock array =  [-0.65091092 -0.79006707 -0.53291829  0.37889281 -2.31861093 -1.34880417
 -2.48034076 -0.07520203  0.         -0.29353362]
log likelihood =  -6429.374671405427
Lr derivatives =  [0.12397108532518608, -129.98884714841876, 0.5910616262341932]
other derivatives =  [-1.52787379  1.13759779  0.61405444  0.08161442  0.00153244  0.11369123
  0.01984439]
Current x_clock array =  [-0.64959709 -0.79225383 -0.53389765  0.38195148 -2.31580936 -1.33946825
 -2.50431473 -0.07902651  0.         -0.29350874]
log likelihood =  -6429.373286880445
Lr derivatives =  [-0.17296108209636984, -130.25409909788442, 0.07608811909351942]
other derivatives =  [-3.96148607e-01  1.22058736e-01  1.07015694e-01  8.25193638e-02
 -3.90748707e-04  6.46098886e-02  2.61498513e-02]
Current x_clock array =  [-0.64917174 -0.79300662 -0.53415011  0.38201843 -2.31593147 -1.34355164
 -2.49790749 -0.07905666  0.         -0.29410765]
log likelihood =  -6429.373171986383
Lr derivatives =  [-0.12354693183169707, -130.23204720300555, 0.017144902560666253]
other derivatives =  [-0.02698562 -0.01427907  0.11372867  0.05782749 -0.00051319  0.04235255
  0.03203138]
Current x_clock array =  [-0.64904636 -0.79314092 -0.53413784  0.38190278 -2.31631877 -1.3461
 -2.49406001 -0.07876837  0.         -0.29426696]
log likelihood =  -6429.373147412405
Lr derivatives =  [-0.059277290336128496, -130.19162606225942, 0.023544100017488745]
other derivatives =  [-0.08442294 -0.03813238 -0.08816187  0.05034235 -0.01837733  0.03769927
  0.03174937]
Current x_clock array =  [-0.64906333 -0.79317744 -0.53421546  0.3818173  -2.31657884 -1.34672947
 -2.49343978 -0.07858145  0.         -0.2943071 ]
log likelihood =  -6429.3731253105325
Lr derivatives =  [-0.0027791501014662323, -130.1478373819376, 0.04144536204503879]
other derivatives =  [ 0.03833156  0.00043292 -0.01913031  0.03591322 -0.04136075  0.03838569
  0.02875361]
Current x_clock array =  [-0.64902843 -0.7931741  -0.53417562  0.38172832 -2.31683872 -1.34679074
 -2.49394796 -0.0784201   0.         -0.29431671]
log likelihood =  -6429.3731038126125
Lr derivatives =  [0.027552980984028697, -130.12988875261473, 0.013877132710284457]
other derivatives =  [ 0.03489095 -0.01191347 -0.00334785  0.02569959 -0.04303716  0.03839803
  0.02343338]
Current x_clock array =  [-0.64903224 -0.79319388 -0.53416403  0.38167413 -2.31691313 -1.34654759
 -2.49518011 -0.07834258  0.         -0.29435135]
log likelihood =  -6429.3730548748445
Lr derivatives =  [0.0031124350175328885, -130.13462389499455, -0.03682274824282672]
other derivatives =  [ 0.11138764 -0.00037198 -0.02473462  0.00434375 -0.06947618  0.03021461
  0.01069395]
Current x_clock array =  [-0.6490081  -0.7931905  -0.53417705  0.3815207  -2.31700887 -1.34660519
 -2.49818841 -0.07837263  0.         -0.29433387]
log likelihood =  -6429.3730655367235
Lr derivatives =  [0.1468626123960255, -130.02204948616867, 0.04342103974919098]
other derivatives =  [-0.05099355 -0.26619819  0.15253227 -0.06967002  0.07269859  0.01002613
 -0.00142894]
Current x_clock array =  [-0.64906864 -0.79338664 -0.53410002  0.38126505 -2.31664188 -1.3474424
 -2.50138298 -0.07832486  0.         -0.29417723]
log likelihood =  -6429.373032225327
Lr derivatives =  [0.06805538231077213, -130.0837642163456, -0.000598668384782286]
other derivatives =  [ 0.03801324 -0.12050077  0.05535458 -0.02910019 -0.00523594  0.02108406
  0.00520308]
Current x_clock array =  [-0.64903546 -0.79327913 -0.53414224  0.38140518 -2.31684304 -1.34698349
 -2.49963192 -0.07835104  0.         -0.29426309]
log likelihood =  -6429.373007755274
Lr derivatives =  [0.014161215271512262, -130.10983071702896, -0.021719769213049744]
other derivatives =  [ 1.15278453e-02 -3.65962478e-02  2.19270078e-02 -3.04034984e-02
 -1.20814287e-02  1.05075350e-02  1.56386405e-05]
Current x_clock array =  [-0.64904319 -0.79320237 -0.53416593  0.38136848 -2.3167541  -1.34751048
 -2.50074628 -0.07849309  0.         -0.29421051]
log likelihood =  -6429.372999723055
Lr derivatives =  [-0.00964307788937191, -130.1177878053001, -0.007156201997119638]
other derivatives =  [ 0.00879481 -0.00213822 -0.00350883 -0.01975241 -0.00406919  0.00281262
 -0.00024222]
Current x_clock array =  [-0.64904234 -0.79316798 -0.53418142  0.38142947 -2.31665603 -1.34809733
 -2.50067645 -0.07858163  0.         -0.29415549]
      fun: 6429.372999723055
 hess_inv: <10x10 LbfgsInvHessProduct with dtype=float64>
      jac: array([ 8.79481377e-03, -2.13822204e-03, -3.50883056e-03, -1.97524059e-02,
       -4.06918958e-03,  2.81261844e-03, -2.42223848e-04, -9.64307789e-03,
       -1.30117788e+02, -7.15620200e-03])
  message: 'CONVERGENCE: REL_REDUCTION_OF_F_<=_FACTR*EPSMCH'
     nfev: 38
      nit: 33
     njev: 38
   status: 0
  success: True
        x: array([-0.64904234, -0.79316798, -0.53418142,  0.38142947, -2.31665603,
       -1.34809733, -2.50067645, -0.07858163,  0.        , -0.29415549])
