number of sites to be analyzed:  371
log likelihood =  -5603.392123198097
Lr derivatives =  [-424.22000455043155, -505.2653450159486, -495.9240909690547]
other derivatives =  [ -8.96215533 -51.51725691  40.57443584 -71.39170702 247.68060666
  -0.        ]
Current x_clock array =  [-0.63740736 -0.86801865 -0.55353443  0.18232156 -0.10536052  0.33647224
 -0.51082562 -0.51082562 -0.51082562]
log likelihood =  -5366.352513655282
Lr derivatives =  [198.90189911440962, -162.63278803903296, -303.77372675826433]
other derivatives =  [  19.19321039  -22.79714499 -138.18419393  -43.40053783  228.00765691
   -0.        ]
Current x_clock array =  [-0.63622795 -0.86637621 -0.63500117  0.32566427 -0.60266211  0.33647224
  0.34093782 -0.50979997 -0.50979997]
log likelihood =  -5183.060797009626
Lr derivatives =  [123.62872890008724, -108.36388535056032, -169.263858628928]
other derivatives =  [-12.04686123  -2.40753525  59.90049249 -34.65518603 199.06874604
  -0.        ]
Current x_clock array =  [-0.65207862 -0.84153468 -0.50620726  0.34678875 -0.74290169  0.33647224
  0.07152002 -0.31634932 -0.19529946]
log likelihood =  -5047.326057668717
Lr derivatives =  [-47.00308055211142, -80.82646464680536, 63.91474016709253]
other derivatives =  [  24.51231649   10.9693683  -107.85526956   14.63999888   62.6176136
   -0.        ]
Current x_clock array =  [-0.62753108 -0.82863338 -0.61725976  0.44620264 -1.3027888   0.33647224
 -0.27265726  0.          0.        ]
log likelihood =  -5031.605513582811
Lr derivatives =  [-49.156275257137075, -85.8212891655866, -127.12999807464456]
other derivatives =  [-43.84548811  14.27630923  18.76275473  21.76339331  -4.45626795
  -0.        ]
Current x_clock array =  [-0.65975813 -0.84738832 -0.49485439  0.49030642 -1.69823555  0.33647224
 -0.13423698  0.         -0.09417625]
log likelihood =  -5023.522420851137
Lr derivatives =  [-4.191936049291285, -44.07371721204925, -28.376344387122604]
other derivatives =  [26.82336799  6.66681353 69.22672492 15.491466    7.4462403  -0.        ]
Current x_clock array =  [-0.63317725 -0.86451716 -0.46865488  0.47562392 -1.74481074  0.33647224
 -0.07679853  0.         -0.01214428]
log likelihood =  -5021.892152466395
Lr derivatives =  [5.356860699387715, -39.58231784112936, 17.112779460148886]
other derivatives =  [  2.87475632   0.49859864 -18.06300861  16.39189486   6.44320629
  -0.        ]
Current x_clock array =  [-0.64133414 -0.8702393  -0.51397818  0.46483902 -1.74741595  0.33647224
 -0.06959709  0.          0.        ]
log likelihood =  -5021.695225171596
Lr derivatives =  [0.5713099952905907, -42.51725312854351, -17.41268213760772]
other derivatives =  [-3.32415948 -0.07470589 -5.52958409 15.53831135  2.76029341 -0.        ]
Current x_clock array =  [-0.64394088 -0.87125252 -0.50600956  0.45981856 -1.7658167   0.33647224
 -0.06818171  0.         -0.00540243]
log likelihood =  -5021.546967861781
Lr derivatives =  [-5.796943150663482, -44.52651225295055, 25.161716621369123]
other derivatives =  [-3.66265522 -2.89491163 22.72556594 13.07261209 -2.65322052 -0.        ]
Current x_clock array =  [-0.64455004 -0.87517251 -0.49020219  0.44449348 -1.79924989  0.33647224
 -0.06452146  0.          0.        ]
log likelihood =  -5021.3382195085305
Lr derivatives =  [-3.1950447067984946, -43.83756178005831, -14.759938521740233]
other derivatives =  [-1.74260731 -3.36148787  9.4816678  11.77990634 -1.82853383 -0.        ]
Current x_clock array =  [-0.64334231 -0.87557147 -0.49746924  0.435165   -1.79623298  0.33647224
 -0.063435    0.         -0.00401716]
log likelihood =  -5021.115426978768
Lr derivatives =  [-0.43030305810992164, -42.643199761424114, -14.638493975199015]
other derivatives =  [ 0.05166294 -4.88179921 -4.46001286  9.17671332 -0.65705323 -0.        ]
Current x_clock array =  [-0.64223146 -0.87670593 -0.50594949  0.41642249 -1.79219477  0.33647224
 -0.06368041  0.         -0.00370046]
log likelihood =  -5020.867671977382
Lr derivatives =  [1.4855041167060579, -41.631917110385594, -14.912598036731197]
other derivatives =  [ 3.88781336 -3.9916431  -5.65118535  2.85509941 -0.02103028 -0.        ]
Current x_clock array =  [-0.64063245 -0.87492372 -0.50809955  0.37450026 -1.79591472  0.33647224
 -0.06338256  0.         -0.00346474]
log likelihood =  -5020.998607206506
Lr derivatives =  [4.12447119544265, -40.465778978340836, -10.203295641788692]
other derivatives =  [-24.47521547   8.55469989  -6.62371531  -0.52523137   2.73496134
  -0.        ]
Current x_clock array =  [-6.53380469e-01 -8.58765882e-01 -5.09516580e-01  3.52008529e-01
 -1.78113704e+00  3.36472237e-01 -6.68553555e-02  0.00000000e+00
 -1.04287703e-03]
log likelihood =  -5020.835001367686
Lr derivatives =  [2.295181411616869, -41.27355232591549, -13.481338107854402]
other derivatives =  [-4.98031841 -0.16503145 -5.95827896  1.81638734  0.82673302 -0.        ]
Current x_clock array =  [-0.64456618 -0.86993779 -0.50853681  0.36755985 -1.79135468  0.33647224
 -0.06445418  0.         -0.00271741]
log likelihood =  -5020.7909234179415
Lr derivatives =  [0.6466422690368843, -42.09110556805846, -10.15773393834918]
other derivatives =  [-0.19462186  1.02400554 -1.7357961  -0.1422859   0.17484182 -0.        ]
Current x_clock array =  [-6.42601816e-01 -8.68286844e-01 -5.06913271e-01  3.53927954e-01
 -1.79455835e+00  3.36472237e-01 -6.67987613e-02  0.00000000e+00
 -1.28275704e-03]
log likelihood =  -5020.778995590505
Lr derivatives =  [-0.1469929926372986, -42.37368541493336, 21.260439098114148]
other derivatives =  [ 0.27348597  0.3685991   0.03185232 -0.35640369 -0.01911481 -0.        ]
Current x_clock array =  [-0.6424203  -0.86890086 -0.50608636  0.35246117 -1.79507485  0.33647224
 -0.06771847  0.          0.        ]
log likelihood =  -5020.785784320513
Lr derivatives =  [0.36230502867652614, -42.19180850450103, -8.96880575050949]
other derivatives =  [-0.02665274  0.78832545 -1.10120254 -0.21947108  0.10572318 -0.        ]
Current x_clock array =  [-6.42536540e-01 -8.68507657e-01 -5.06615900e-01  3.53400471e-01
 -1.79474409e+00  3.36472237e-01 -6.71295048e-02  0.00000000e+00
 -8.21454683e-04]
log likelihood =  -5020.778432713101
Lr derivatives =  [-0.1294429724001107, -42.335544032169935, 21.23242666129954]
other derivatives =  [ 0.10234908  0.01641092  0.09311316 -0.05220863 -0.03526763 -0.        ]
Current x_clock array =  [-0.64248903 -0.86936595 -0.50595045  0.35458948 -1.79512828  0.33647224
 -0.06746135  0.          0.        ]
log likelihood =  -5020.7828322890255
Lr derivatives =  [0.19312544200961845, -42.24104680717449, -8.206178763577336]
other derivatives =  [ 0.01764784  0.52208179 -0.6900591  -0.16193826  0.0573695  -0.        ]
Current x_clock array =  [-6.42520163e-01 -8.68803522e-01 -5.06386510e-01  3.53810339e-01
 -1.79487653e+00  3.36472237e-01 -6.72438957e-02  0.00000000e+00
 -5.38287406e-04]
log likelihood =  -5020.7784102275855
Lr derivatives =  [-0.07292578261296345, -42.299747892392475, 21.186315279919654]
other derivatives =  [ 0.0197133  -0.00576256  0.04522917 -0.00742148 -0.0094109  -0.        ]
Current x_clock array =  [-0.64252596 -0.8694011  -0.50596041  0.35491802 -1.79504097  0.33647224
 -0.06738614  0.          0.        ]
log likelihood =  -5020.7812664193225
Lr derivatives =  [0.10961109150033366, -42.25939210478091, -7.743074698633384]
other derivatives =  [ 0.01822718  0.35610083 -0.45916659 -0.11342854  0.0364689  -0.        ]
Current x_clock array =  [-6.42521986e-01 -8.68991348e-01 -5.06252582e-01  3.54158498e-01
 -1.79492821e+00  3.36472237e-01 -6.72886055e-02  0.00000000e+00
 -3.69097050e-04]
log likelihood =  -5020.779743665342
Lr derivatives =  [0.01834495006451231, -42.27955695057785, -7.234283202318068]
other derivatives =  [ 0.01893022  0.17512411 -0.20707375 -0.06045047  0.01355995 -0.        ]
Current x_clock array =  [-6.42523975e-01 -8.69196223e-01 -5.06106496e-01  3.54538261e-01
 -1.79498459e+00  3.36472237e-01 -6.73373739e-02  0.00000000e+00
 -1.84548525e-04]
log likelihood =  -5020.77840734113
Lr derivatives =  [-0.043657951749875856, -42.281710280097606, 21.16257746820338]
other derivatives =  [ 0.00464661 -0.00735326  0.02256093 -0.0009959   0.0007519  -0.        ]
Current x_clock array =  [-0.64253345 -0.86940708 -0.5059684   0.35497055 -1.79502803  0.33647224
 -0.06734691  0.          0.        ]
log likelihood =  -5020.779368676699
Lr derivatives =  [0.0017321366084770418, -42.28015339182203, -7.096850237224956]
other derivatives =  [ 0.01510307  0.12630335 -0.14566558 -0.04455069  0.01013063 -0.        ]
Current x_clock array =  [-6.42526508e-01 -8.69252621e-01 -5.06069559e-01  3.54653885e-01
 -1.79499621e+00  3.36472237e-01 -6.73399243e-02  0.00000000e+00
 -1.35187979e-04]
log likelihood =  -5020.778877467858
Lr derivatives =  [-0.021038593697829455, -42.28098928749425, -6.9082109312470426]
other derivatives =  [ 0.00986802  0.05946004 -0.06154733 -0.0227692   0.00542045 -0.        ]
Current x_clock array =  [-6.42529977e-01 -8.69329851e-01 -5.06018977e-01  3.54812220e-01
 -1.79501212e+00  3.36472237e-01 -6.73434168e-02  0.00000000e+00
 -6.75939894e-05]
log likelihood =  -5020.778515574735
Lr derivatives =  [-0.038650917343812985, -42.281650414537246, -6.762095904722187]
other derivatives =  [ 0.00582895  0.00781256  0.003477   -0.00593172  0.00177134 -0.        ]
Current x_clock array =  [-6.42532657e-01 -8.69389529e-01 -5.05979891e-01  3.54934568e-01
 -1.79502442e+00  3.36472237e-01 -6.73461155e-02  0.00000000e+00
 -1.53626880e-05]
log likelihood =  -5020.77840623699
Lr derivatives =  [-0.024626471500593716, -42.270079456266906, 21.147388906683773]
other derivatives =  [ 0.00631007 -0.00437285  0.00648834  0.00087311  0.0047769  -0.        ]
Current x_clock array =  [-0.64253348 -0.86940715 -0.50597456  0.35498593 -1.79503708  0.33647224
 -0.06731794  0.          0.        ]
log likelihood =  -5020.778489758442
Lr derivatives =  [-0.03525317078825907, -42.27884508653486, -6.751228117576478]
other derivatives =  [ 0.00594628  0.00481668  0.00422642 -0.00425825  0.00249588 -0.        ]
Current x_clock array =  [-6.42532859e-01 -8.69393851e-01 -5.05978584e-01  3.54947170e-01
 -1.79502752e+00  3.36472237e-01 -6.73392040e-02  0.00000000e+00
 -1.15935770e-05]
log likelihood =  -5020.778450243401
Lr derivatives =  [-0.03002772655877095, -42.27453073203195, -6.734511134084091]
other derivatives =  [ 0.00612727  0.000211    0.00537966 -0.00168438  0.00360853 -0.        ]
Current x_clock array =  [-6.42533169e-01 -8.69400498e-01 -5.05976574e-01  3.54966550e-01
 -1.79503230e+00  3.36472237e-01 -6.73285742e-02  0.00000000e+00
 -5.79678848e-06]
log likelihood =  -5020.778419472947
Lr derivatives =  [-0.02593761194845179, -42.27115375561534, -6.721423488134175]
other derivatives =  [ 0.00626915 -0.00339514  0.00628188  0.00033197  0.0044805  -0.        ]
Current x_clock array =  [-6.42533412e-01 -8.69405701e-01 -5.05975000e-01  3.54981721e-01
 -1.79503604e+00  3.36472237e-01 -6.73202536e-02  0.00000000e+00
 -1.25928142e-06]
log likelihood =  -5020.77840623699
Lr derivatives =  [-0.024626471500593716, -42.270079456266906, 21.147388906683773]
other derivatives =  [ 0.00631007 -0.00437285  0.00648834  0.00087311  0.0047769  -0.        ]
Current x_clock array =  [-0.64253348 -0.86940715 -0.50597456  0.35498593 -1.79503708  0.33647224
 -0.06731794  0.          0.        ]
log likelihood =  -5020.778490223314
Lr derivatives =  [0.0006710593834391432, -42.254301426615, -6.7438198491406265]
other derivatives =  [ 0.01993794 -0.01690842 -0.00716318  0.01749049  0.0078756  -0.        ]
Current x_clock array =  [-6.42528305e-01 -8.69430437e-01 -5.05973274e-01  3.55106815e-01
 -1.79506133e+00  3.36472237e-01 -6.72644853e-02  0.00000000e+00
 -1.16830309e-05]
log likelihood =  -5020.778428349854
Lr derivatives =  [-0.019103067792478612, -42.26665571359061, -6.723615617033731]
other derivatives =  [ 0.00935688 -0.0071941   0.00346881  0.00460477  0.00542745 -0.        ]
Current x_clock array =  [-6.42532322e-01 -8.69412356e-01 -5.05974275e-01  3.55012976e-01
 -1.79504250e+00  3.36472237e-01 -6.73059841e-02  0.00000000e+00
 -2.61381060e-06]
log likelihood =  -5020.778414534667
Lr derivatives =  [-0.02362517920788143, -42.269481003842266, -6.71899421342364]
other derivatives =  [ 0.00693763 -0.00497494  0.00589989  0.00165801  0.0048681  -0.        ]
Current x_clock array =  [-6.42533241e-01 -8.69408222e-01 -5.05974504e-01  3.54991518e-01
 -1.79503820e+00  3.36472237e-01 -6.73154738e-02  0.00000000e+00
 -5.39930106e-07]
log likelihood =  -5020.7784114860715
Lr derivatives =  [-0.024628597998265, -42.270107912651135, -6.717968715470947]
other derivatives =  [ 0.00640102 -0.00448108  0.00644013  0.00100499  0.00474346 -0.        ]
Current x_clock array =  [-6.42533444e-01 -8.69407304e-01 -5.05974555e-01  3.54986756e-01
 -1.79503724e+00  3.36472237e-01 -6.73175794e-02  0.00000000e+00
 -7.97605960e-08]
log likelihood =  -5020.778410983443
Lr derivatives =  [-0.02479422823084043, -42.2702113939387, -6.7177994390782185]
other derivatives =  [ 0.00631189 -0.00440195  0.00652926  0.00089585  0.00472319 -0.        ]
Current x_clock array =  [-6.42533478e-01 -8.69407153e-01 -5.05974563e-01  3.54985970e-01
 -1.79503708e+00  3.36472237e-01 -6.73179270e-02  0.00000000e+00
 -3.80255222e-09]
log likelihood =  -5020.778410958356
Lr derivatives =  [-0.024802496518256945, -42.270216559741165, -6.717790988761033]
other derivatives =  [ 0.00630735 -0.0043965   0.00653381  0.0008913   0.00472218 -0.        ]
Current x_clock array =  [-6.42533480e-01 -8.69407145e-01 -5.05974563e-01  3.54985931e-01
 -1.79503708e+00  3.36472237e-01 -6.73179443e-02  0.00000000e+00
 -1.07162417e-11]
log likelihood =  -5020.77840623699
Lr derivatives =  [-0.02462647150022157, -42.27007945626664, 21.147388906683773]
other derivatives =  [ 0.00631007 -0.00437285  0.00648924  0.00087311  0.0047769  -0.        ]
Current x_clock array =  [-6.42533480e-01 -8.69407145e-01 -5.05974563e-01  3.54985931e-01
 -1.79503708e+00  3.36472237e-01 -6.73179444e-02  0.00000000e+00
 -8.61372024e-17]
log likelihood =  -5020.778410958332
Lr derivatives =  [-0.02480250446403076, -42.27021656470551, -6.71779098064129]
other derivatives =  [ 0.00630735 -0.00439741  0.0065329   0.0008913   0.00472319 -0.        ]
Current x_clock array =  [-6.42533480e-01 -8.69407145e-01 -5.05974563e-01  3.54985931e-01
 -1.79503708e+00  3.36472237e-01 -6.73179443e-02  0.00000000e+00
 -7.07274881e-12]
log likelihood =  -5020.778410958286
Lr derivatives =  [-0.024802519885472663, -42.27021657434035, -6.717790964879539]
other derivatives =  [ 0.00630644 -0.0043965   0.0065329   0.0008913   0.00472269 -0.        ]
Current x_clock array =  [-6.42533480e-01 -8.69407145e-01 -5.05974563e-01  3.54985931e-01
 -1.79503708e+00  3.36472237e-01 -6.73179444e-02  0.00000000e+00
 -1.23658403e-16]
log likelihood =  -5020.77840623699
Lr derivatives =  [-0.02462647150022157, -42.27007945626664, 21.147388906683773]
other derivatives =  [ 0.00631007 -0.00437285  0.00648924  0.00087311  0.0047769  -0.        ]
Current x_clock array =  [-6.42533480e-01 -8.69407145e-01 -5.05974563e-01  3.54985931e-01
 -1.79503708e+00  3.36472237e-01 -6.73179444e-02  0.00000000e+00
 -8.61372024e-17]
log likelihood =  -5020.77840623699
Lr derivatives =  [-0.02462647150022157, -42.27007945626664, 21.147388906683773]
other derivatives =  [ 0.00631007 -0.00437285  0.00648924  0.00087311  0.0047769  -0.        ]
Current x_clock array =  [-6.42533480e-01 -8.69407145e-01 -5.05974563e-01  3.54985931e-01
 -1.79503708e+00  3.36472237e-01 -6.73179444e-02  0.00000000e+00
 -8.61372024e-17]
log likelihood =  -5020.77840623699
Lr derivatives =  [-0.02462647150018693, -42.270079456266636, 21.147388906683773]
other derivatives =  [ 0.00631007 -0.00437285  0.00648924  0.00087311  0.0047769  -0.        ]
Current x_clock array =  [-6.42533480e-01 -8.69407145e-01 -5.05974563e-01  3.54985931e-01
 -1.79503708e+00  3.36472237e-01 -6.73179444e-02  0.00000000e+00
 -1.04897803e-16]
log likelihood =  -5020.778410958286
Lr derivatives =  [-0.024802519885472663, -42.27021657434035, -6.717790964879539]
other derivatives =  [ 0.00630644 -0.0043965   0.0065329   0.0008913   0.00472269 -0.        ]
Current x_clock array =  [-6.42533480e-01 -8.69407145e-01 -5.05974563e-01  3.54985931e-01
 -1.79503708e+00  3.36472237e-01 -6.73179444e-02  0.00000000e+00
 -1.17279799e-16]
log likelihood =  -5020.77840623699
Lr derivatives =  [-0.02462647150018693, -42.270079456266636, 21.147388906683773]
other derivatives =  [ 0.00631007 -0.00437285  0.00648924  0.00087311  0.0047769  -0.        ]
Current x_clock array =  [-6.42533480e-01 -8.69407145e-01 -5.05974563e-01  3.54985931e-01
 -1.79503708e+00  3.36472237e-01 -6.73179444e-02  0.00000000e+00
 -1.04897803e-16]
log likelihood =  -5020.77840623699
Lr derivatives =  [-0.02462647150018693, -42.270079456266636, 21.147388906683773]
other derivatives =  [ 0.00631007 -0.00437285  0.00648924  0.00087311  0.0047769  -0.        ]
Current x_clock array =  [-6.42533480e-01 -8.69407145e-01 -5.05974563e-01  3.54985931e-01
 -1.79503708e+00  3.36472237e-01 -6.73179444e-02  0.00000000e+00
 -1.04897803e-16]
log likelihood =  -5020.77840623699
Lr derivatives =  [-0.024626471500116764, -42.2700794562666, 21.147388906683773]
other derivatives =  [ 0.00631007 -0.00437194  0.00648924  0.00087311  0.0047769  -0.        ]
Current x_clock array =  [-6.42533480e-01 -8.69407145e-01 -5.05974563e-01  3.54985931e-01
 -1.79503708e+00  3.36472237e-01 -6.73179444e-02  0.00000000e+00
 -1.11088801e-16]
      fun: 5020.77840623699
 hess_inv: <9x9 LbfgsInvHessProduct with dtype=float64>
      jac: array([ 6.31007424e-03, -4.37194103e-03,  6.48924470e-03,  8.73114914e-04,
        4.77690192e-03, -0.00000000e+00, -2.46264715e-02, -4.22700795e+01,
        2.11473889e+01])
  message: 'CONVERGENCE: REL_REDUCTION_OF_F_<=_FACTR*EPSMCH'
     nfev: 47
      nit: 19
     njev: 47
   status: 0
  success: True
        x: array([-6.42533480e-01, -8.69407145e-01, -5.05974563e-01,  3.54985931e-01,
       -1.79503708e+00,  3.36472237e-01, -6.73179444e-02,  0.00000000e+00,
       -1.11088801e-16])
