number of sites to be analyzed:  197
log likelihood =  -1863.042634747395
Lr derivatives =  [139.78556904074486, -3.7520855058261304, -47.43831975159208]
other derivatives =  [ 56.57730389 -16.5340648    1.68518977 -63.90271983  88.14312014
  -5.89390174  -0.        ]
Current x_clock array =  [-0.6687435  -0.60591566 -0.88621328  0.18232156 -0.10536052 -0.10536052
  0.33647224 -0.51082562 -0.51082562 -0.51082562]
log likelihood =  -1795.1694593219154
Lr derivatives =  [-45.76767653132757, -87.95513038820759, -88.3761622576848]
other derivatives =  [-135.03818536  -19.45420627   11.38737957  -44.20563369   62.23782202
   -4.60600677   -0.        ]
Current x_clock array =  [-0.97276365 -0.60292843 -0.8952687   0.5257051  -0.57900071 -0.07368942
  0.33647224 -1.26196836 -0.50808068 -0.50808068]
log likelihood =  -1726.0655685496658
Lr derivatives =  [-41.44227211885949, -67.53229003707813, -55.297921758306266]
other derivatives =  [-24.7516582   -0.24198425   5.25896439 -32.38860677  44.96963174
  -4.40040321  -0.        ]
Current x_clock array =  [-0.7606246  -0.55135661 -0.92435554  0.7381077  -0.87487774 -0.052884
  0.33647224 -1.39925837 -0.30390752 -0.28678413]
log likelihood =  -1689.8971540880186
Lr derivatives =  [-28.36989072406063, -25.813347854683034, 27.091277843283024]
other derivatives =  [ 29.29847869   5.44827526  -2.77808658 -11.26432886  13.83053853
  -2.53656754  -0.        ]
Current x_clock array =  [-0.68766342 -0.5314875  -0.96857913  1.14868782 -1.443803   -0.00602213
  0.33647224 -1.51992904  0.          0.        ]
log likelihood =  -1680.2614207686945
Lr derivatives =  [-7.093403501846177, -17.89203823104898, 20.64777092053305]
other derivatives =  [-12.2658123    5.41363397  -1.21240009  -4.86166284   8.31140571
  -3.90126388  -0.        ]
Current x_clock array =  [-0.74399985 -0.5402655  -0.96267544  1.23896206 -1.5610053   0.00948589
  0.33647224 -1.38746331  0.         -0.08235467]
log likelihood =  -1678.8070268843499
Lr derivatives =  [1.573511137168012, -19.451952446033843, -13.289256980558896]
other derivatives =  [-0.09492351 -7.65433469  0.16315903  1.0713724   1.68347099 -5.04692912
 -0.        ]
Current x_clock array =  [-0.73031583 -0.56772618 -0.95654997  1.34470609 -1.70979847  0.03919525
  0.33647224 -1.30268158  0.         -0.20245971]
log likelihood =  -1678.292078623665
Lr derivatives =  [0.5006432997489512, -18.434390008564815, -5.036166871752077]
other derivatives =  [ 0.07953986  4.23169172  0.28255454  0.99745109  0.79611335 -4.71010253
 -0.        ]
Current x_clock array =  [-0.72885854 -0.54462075 -0.95743762  1.34662582 -1.72340816  0.05675351
  0.33647224 -1.32081893  0.         -0.164415  ]
log likelihood =  -1678.1334856753624
Lr derivatives =  [-0.8123294643386405, -17.532776147960895, 3.5483005893580613]
other derivatives =  [ 0.31578134 -0.66058487  0.01385183  0.87871797  0.03824383 -4.38731422
 -0.        ]
Current x_clock array =  [-0.72789158 -0.55301477 -0.95910965  1.34637835 -1.73536997  0.08137144
  0.33647224 -1.33396952  0.         -0.13273839]
log likelihood =  -1678.0189544661798
Lr derivatives =  [-0.07344801305130311, -17.33280920439082, 3.3357777991028925]
other derivatives =  [ 0.05786615  0.4043834  -0.06506298  0.92041685 -0.29844714 -4.39627343
 -0.        ]
Current x_clock array =  [-0.72852015 -0.55126601 -0.9593169   1.34624713 -1.74381701  0.10533672
  0.33647224 -1.32922822  0.         -0.13501063]
log likelihood =  -1677.6482197763025
Lr derivatives =  [2.909765487696154, -16.505711145944296, 2.581747870313073]
other derivatives =  [-0.92453593  4.76451419 -0.39769452  1.07922768 -1.64086636 -4.40781264
 -0.        ]
Current x_clock array =  [-0.73103442 -0.54427094 -0.9601459   1.34572226 -1.77760515  0.20119784
  0.33647224 -1.31026302  0.         -0.14409959]
log likelihood =  -1676.2283107743701
Lr derivatives =  [9.147522324937617, -15.876327255237738, 1.0825465421485432]
other derivatives =  [-2.64933533  9.05107026 -0.55483292 -0.0277231  -5.83553446 -3.73695707
 -0.        ]
Current x_clock array =  [-0.73803075 -0.53947044 -0.95933107  1.30467693 -1.87725198  0.683043
  0.33647224 -1.26728108  0.         -0.17655748]
log likelihood =  -1675.0284814461709
Lr derivatives =  [10.31366600150012, -17.708515401293884, -2.1749190936218055]
other derivatives =  [ 0.78877201 10.88802674 -1.97035388 -2.21104889 -9.60964975 -0.23844628
 -0.        ]
Current x_clock array =  [-0.73744614 -0.53829237 -0.96218896  1.25230785 -1.91715632  1.38980643
  0.33647224 -1.2626111   0.         -0.22012569]
log likelihood =  -1673.9231540781075
Lr derivatives =  [6.9553721738550305, -19.888193382376414, -5.0457423487194974]
other derivatives =  [-4.06114395 -0.30582396 12.51313961 -0.38347642 -4.59251011 -0.70024404
 -0.        ]
Current x_clock array =  [-0.74061162 -0.55789784 -0.91144723  1.32252042 -1.76474022  1.48799731
  0.33647224 -1.2710293   0.         -0.22656575]
log likelihood =  -1673.0164340452939
Lr derivatives =  [1.386663993273622, -22.80051217541698, -3.3589713409737527]
other derivatives =  [-0.77448135 -1.55910629  1.52729012 -0.68797332  0.08750532 -0.58051929
 -0.        ]
Current x_clock array =  [-0.73406508 -0.55820634 -0.94875819  1.34730439 -1.63454587  1.61150017
  0.33647224 -1.31324152  0.         -0.2103288 ]
log likelihood =  -1672.95236385739
Lr derivatives =  [-1.0607856522189802, -23.571229636295428, -0.16584852215026835]
other derivatives =  [-0.98801229  0.3407747   0.67399287 -0.3347753  -0.18983544  0.20251944
 -0.        ]
Current x_clock array =  [-0.73345306 -0.55402537 -0.95259738  1.36349644 -1.61906428  1.71276327
  0.33647224 -1.33297126  0.         -0.1963752 ]
log likelihood =  -1672.952321361386
Lr derivatives =  [0.5268022348440518, -22.53149861105705, 0.8574362015928543]
other derivatives =  [ 3.12953489 -0.58644468 -0.12090982 -0.23322735  0.21573819 -0.0116489
 -0.        ]
Current x_clock array =  [-0.72820248 -0.55585874 -0.95475403  1.37090734 -1.61292061  1.68500717
  0.33647224 -1.32565846  0.         -0.19246467]
log likelihood =  -1672.9461133619438
Lr derivatives =  [-0.2680977496702077, -23.052713507024563, 0.34492096436983744]
other derivatives =  [ 1.06663151 -0.12397686  0.27637543 -0.28362144  0.01315272  0.09466724
 -0.        ]
Current x_clock array =  [-0.73082531 -0.55494291 -0.95367671  1.36720536 -1.61598957  1.69887221
  0.33647224 -1.32931143  0.         -0.1944181 ]
log likelihood =  -1672.9440955138116
Lr derivatives =  [-0.06309828017645813, -22.96301165791465, 0.2115819326086914]
other derivatives =  [-0.1911169  -0.17699313  0.03007585 -0.18945044  0.08779814 -0.04301744
 -0.        ]
Current x_clock array =  [-0.73250929 -0.55508439 -0.95461914  1.36843108 -1.61705463  1.68235878
  0.33647224 -1.32737376  0.         -0.19467188]
log likelihood =  -1672.943635170785
Lr derivatives =  [0.023815310667323786, -22.950592681075317, 0.054292234942341366]
other derivatives =  [-0.00637647 -0.10788472  0.02733282 -0.15308996  0.05008582 -0.0128644
 -0.        ]
Current x_clock array =  [-0.73228454 -0.55498661 -0.95457809  1.36951792 -1.61717985  1.68631978
  0.33647224 -1.32681889  0.         -0.19549216]
log likelihood =  -1672.943322134654
Lr derivatives =  [0.0037043029518244452, -22.978635327937102, -0.019463405011004298]
other derivatives =  [ 0.08100778  0.0460343   0.00709383 -0.04189941  0.01538888  0.00164584
 -0.        ]
Current x_clock array =  [-0.73210736 -0.55469116 -0.95467515  1.37253132 -1.61705598  1.68875191
  0.33647224 -1.32689136  0.         -0.19574928]
log likelihood =  -1672.9433265970724
Lr derivatives =  [0.014335352747096408, -22.964566688436165, 0.018179813462340988]
other derivatives =  [-0.0233531  -0.1426431  -0.04555068  0.00626075 -0.01647653  0.01261669
 -0.        ]
Current x_clock array =  [-0.73223841 -0.55504515 -0.95487283  1.37373989 -1.61737006  1.68985525
  0.33647224 -1.32679086  0.         -0.19562753]
log likelihood =  -1672.9433022041676
Lr derivatives =  [0.008747026206854969, -22.97195949178716, -0.001594513623176752]
other derivatives =  [ 0.03145578 -0.04356843 -0.01789908 -0.01903252  0.00026193  0.00685213
 -0.        ]
Current x_clock array =  [-0.73216957 -0.55485921 -0.95476899  1.37310508 -1.61720509  1.68927571
  0.33647224 -1.32684365  0.         -0.19569148]
log likelihood =  -1672.943292624138
Lr derivatives =  [0.0016763998857882711, -22.97543951517809, -0.001108329739082592]
other derivatives =  [-0.00175373  0.00936143 -0.00162527  0.00224374  0.00078172  0.0002374
 -0.        ]
Current x_clock array =  [-0.73219668 -0.55475681 -0.95472289  1.37362446 -1.61720368  1.68857322
  0.33647224 -1.32685571  0.         -0.19564404]
log likelihood =  -1672.9432924299795
Lr derivatives =  [-0.00038365579704446873, -22.976304412170762, -0.0011836806788316778]
other derivatives =  [ 7.41692929e-04 -1.47565515e-04 -4.63387551e-04  1.41202583e-04
 -6.91718190e-05 -4.95549189e-05 -0.00000000e+00]
Current x_clock array =  [-0.73219408 -0.55477408 -0.95471943  1.37355664 -1.61724601  1.68850064
  0.33647224 -1.32686569  0.         -0.19564363]
      fun: 1672.9432924299795
 hess_inv: <10x10 LbfgsInvHessProduct with dtype=float64>
      jac: array([ 7.41692929e-04, -1.47565515e-04, -4.63387551e-04,  1.41202583e-04,
       -6.91718190e-05, -4.95549189e-05, -0.00000000e+00, -3.83655797e-04,
       -2.29763044e+01, -1.18368068e-03])
  message: 'CONVERGENCE: REL_REDUCTION_OF_F_<=_FACTR*EPSMCH'
     nfev: 24
      nit: 20
     njev: 24
   status: 0
  success: True
        x: array([-0.73219408, -0.55477408, -0.95471943,  1.37355664, -1.61724601,
        1.68850064,  0.33647224, -1.32686569,  0.        , -0.19564363])
