number of sites to be analyzed:  320
log likelihood =  -4625.072712556075
Lr derivatives =  [-305.87875254473613, -380.0524607171611, -292.51105727936215]
other derivatives =  [  0.44967237 -28.33392318  42.21519703 -69.28472067 278.51810773
  -0.        ]
Current x_clock array =  [-0.74531805 -0.84861567 -0.60152051  0.18232156 -0.10536052  0.33647224
 -0.51082562 -0.51082562 -0.51082562]
log likelihood =  -4374.152543126804
Lr derivatives =  [117.61805216287937, -150.72714844000788, -162.0414218786654]
other derivatives =  [  -5.49103152   -5.69728763 -126.63813595  -38.89754953  236.18808518
   -0.        ]
Current x_clock array =  [-0.74638472 -0.84672127 -0.70165948  0.34667233 -0.76603528  0.33647224
  0.21475152 -0.50961389 -0.50961389]
log likelihood =  -4217.869293830232
Lr derivatives =  [137.7654709816703, -70.68078180692513, -45.972328687441816]
other derivatives =  [ 12.97739527  25.24079537  25.90496115 -20.91799433 180.71226746
  -0.        ]
Current x_clock array =  [-0.73842095 -0.84397338 -0.53914895  0.45123164 -1.30646677  0.33647224
  0.2409777  -0.37007461 -0.33284391]
log likelihood =  -4143.902383189783
Lr derivatives =  [-107.35426799219442, -112.90307252566471, 99.5781156921822]
other derivatives =  [-126.02515562  -11.19766057 -175.6394704    49.29970964  -88.09883595
   -0.        ]
Current x_clock array =  [-0.78837437 -0.95235193 -0.61964236  0.68907076 -2.72393282  0.33647224
  0.11386568 -0.09947759 -0.12273555]
log likelihood =  -4108.171388261368
Lr derivatives =  [-37.46415385663494, -71.34653902533162, -19.357236538165363]
other derivatives =  [210.19347514  -0.97196789 118.84549531   8.9589139  -22.57778771
  -0.        ]
Current x_clock array =  [-0.62373948 -0.95280937 -0.45024383  0.5934718  -2.50404244  0.33647224
  0.17106204  0.         -0.30408559]
log likelihood =  -4092.406741860357
Lr derivatives =  [-10.164841727315217, -55.98473571467292, -12.17927036919516]
other derivatives =  [-3.9308602  -2.99519661 -1.7544271  11.98238397  0.3991004  -0.        ]
Current x_clock array =  [-0.73309589 -0.94265307 -0.50718236  0.57244544 -2.3726063   0.33647224
  0.18346927  0.         -0.30532533]
log likelihood =  -4092.191524736606
Lr derivatives =  [-5.848774107461349, -52.667204031143925, -7.6869648622425615]
other derivatives =  [-1.21137555 -1.22499932 -0.26859652 10.85571284  1.75511285 -0.        ]
Current x_clock array =  [-0.73224082 -0.94100593 -0.5059664   0.56777443 -2.38021043  0.33647224
  0.19401898  0.         -0.29904496]
log likelihood =  -4091.8309046099266
Lr derivatives =  [1.6887598921822153, -46.08981206694399, 3.2983458794268223]
other derivatives =  [ 1.76941649  1.57561681  1.95296343  7.54632583  2.14129166 -0.        ]
Current x_clock array =  [-0.73220716 -0.93985422 -0.50343064  0.5467916  -2.41895357  0.33647224
  0.22328694  0.         -0.28255271]
log likelihood =  -4091.6812449884287
Lr derivatives =  [3.021132226742324, -45.08920257353184, 3.9313229769301152]
other derivatives =  [ 1.0144654   0.87417584  1.70843123  5.25887208  1.50655169 -0.        ]
Current x_clock array =  [-0.73327511 -0.94169882 -0.50340984  0.52524742 -2.43618527  0.33647224
  0.23347146  0.         -0.28277602]
log likelihood =  -4091.5450411729953
Lr derivatives =  [2.64184869895206, -45.73021989731902, 0.6134820418626816]
other derivatives =  [ 4.36172513e+00  4.98791451e+00 -1.06068219e+01  7.73866759e-01
 -1.69911280e-03 -0.00000000e+00]
Current x_clock array =  [-0.73181063 -0.93418631 -0.51197272  0.47009326 -2.44005671  0.33647224
  0.22712474  0.         -0.28886537]
log likelihood =  -4091.5323579195156
Lr derivatives =  [0.07475236256754059, -47.74944280570152, -1.8845821942850662]
other derivatives =  [-5.50211644 -0.01033413  9.78096932 -1.48585923 -0.14063226 -0.        ]
Current x_clock array =  [-0.73806561 -0.94085751 -0.50146197  0.44931336 -2.43985831  0.33647224
  0.22386557  0.         -0.29253708]
log likelihood =  -4091.4836064996257
Lr derivatives =  [0.44960643876315487, -47.29191493130221, -0.6854480831967393]
other derivatives =  [-0.46685045  0.91465427  0.3607397   0.12388682 -0.21442565 -0.        ]
Current x_clock array =  [-0.73461305 -0.93972476 -0.50630186  0.46432001 -2.43681699  0.33647224
  0.22219456  0.         -0.28998385]
log likelihood =  -4091.4819025143074
Lr derivatives =  [0.2769967656394279, -47.40155219224138, -0.6676744974225244]
other derivatives =  [-0.14995658  0.37729842 -0.10219492  0.14983607 -0.16829215 -0.        ]
Current x_clock array =  [-0.73434575 -0.94042397 -0.50665699  0.46428614 -2.43496003  0.33647224
  0.22063301  0.         -0.28969325]
log likelihood =  -4091.4803482104935
Lr derivatives =  [-0.02389658580404941, -47.53560098132134, -0.3467769898219366]
other derivatives =  [ 0.02467368 -0.18016362 -0.36213714  0.07213657 -0.10239776 -0.        ]
Current x_clock array =  [-0.73415176 -0.94100898 -0.50702489  0.46288056 -2.43171698  0.33647224
  0.21755073  0.         -0.28854311]
log likelihood =  -4091.4800908426078
Lr derivatives =  [-0.09348642876689439, -47.52719894973293, -0.056379196208940385]
other derivatives =  [-0.04256572 -0.02239813 -0.19345816  0.03480409 -0.07537287 -0.        ]
Current x_clock array =  [-0.73418663 -0.94065945 -0.50701671  0.46228827 -2.43055237  0.33647224
  0.21638227  0.         -0.28778282]
log likelihood =  -4091.4800664135887
Lr derivatives =  [0.02537660041341283, -47.45487678298136, 0.00831565011196389]
other derivatives =  [-0.00603995 -0.03131345 -0.0054165  -0.00765112  0.02544222 -0.        ]
Current x_clock array =  [-0.73418527 -0.94066826 -0.50692787  0.46204261 -2.4301659   0.33647224
  0.21641797  0.         -0.28771629]
log likelihood =  -4091.480064109932
Lr derivatives =  [-0.0008153994866795244, -47.46964100726346, -0.002208300772203131]
other derivatives =  [ 1.99174792e-02 -1.56069291e-03  3.16504156e-04 -4.88853402e-04
 -3.63005740e-05 -0.00000000e+00]
Current x_clock array =  [-0.73416805 -0.94062707 -0.50692155  0.46208914 -2.43029177  0.33647224
  0.2164249   0.         -0.28772506]
      fun: 4091.480064109932
 hess_inv: <9x9 LbfgsInvHessProduct with dtype=float64>
      jac: array([ 1.99174792e-02, -1.56069291e-03,  3.16504156e-04, -4.88853402e-04,
       -3.63005740e-05, -0.00000000e+00, -8.15399487e-04, -4.74696410e+01,
       -2.20830077e-03])
  message: 'CONVERGENCE: REL_REDUCTION_OF_F_<=_FACTR*EPSMCH'
     nfev: 17
      nit: 16
     njev: 17
   status: 0
  success: True
        x: array([-0.73416805, -0.94062707, -0.50692155,  0.46208914, -2.43029177,
        0.33647224,  0.2164249 ,  0.        , -0.28772506])
