number of sites to be analyzed:  379
log likelihood =  -5260.908477824039
Lr derivatives =  [-175.27619458942922, -314.5961455319241, -65.00133743863107]
other derivatives =  [ 17.60617943 -33.53708144  29.67211003 -70.25221657 277.19087029
  42.70228055  47.31340414]
Current x_clock array =  [-0.60353    -0.74699999 -0.64539275  0.18232156 -0.10536052  0.
  0.33647224 -0.51082562 -0.51082562 -0.51082562]
log likelihood =  -5030.352848943392
Lr derivatives =  [112.65443499643786, -144.39865041054665, 24.615010928935956]
other derivatives =  [-84.3900516   -7.21931156 -83.0691306  -26.66651017 201.37534739
  67.12342565  72.13446224]
Current x_clock array =  [-6.54838958e-01 -7.44968755e-01 -7.31864954e-01  3.87054690e-01
 -9.13166419e-01 -1.24445492e-01  1.98588737e-01 -2.54501617e-05
 -5.09336946e-01 -5.09336946e-01]
log likelihood =  -4874.005100960196
Lr derivatives =  [16.923542011416977, -148.9140474024012, -4.818817911644217]
other derivatives =  [308.8025087   37.36088183  -7.36523907  38.74508457  20.92776237
  72.31249037  42.59470734]
Current x_clock array =  [-0.50945132 -0.75223607 -0.62012963  0.62574683 -2.07162873 -0.3842538
 -0.08423367  0.19175584 -0.42470572 -0.61319644]
log likelihood =  -4879.620341667709
Lr derivatives =  [-86.17562475781065, -165.4637115280591, -27.952012003190703]
other derivatives =  [-380.51417232  -17.45953068   80.17693017   61.10022241 -103.79622975
   72.17258735   29.11211868]
Current x_clock array =  [-0.83148619 -0.81352529 -0.51961081  0.70042593 -2.75533631 -0.64097907
 -0.31307106  0.21433959 -0.19914431 -0.68535769]
log likelihood =  -4837.230289631347
Lr derivatives =  [-32.80674902345187, -155.23657948931972, -14.997700797844331]
other derivatives =  [-93.46451134  11.63813613  28.93386591  50.34514197 -37.62465978
  72.422823    35.78792985]
Current x_clock array =  [-0.65466082 -0.77987213 -0.57480445  0.65942056 -2.37992093 -0.50001439
 -0.18741928  0.20193913 -0.32299729 -0.64573484]
log likelihood =  -4815.186321278081
Lr derivatives =  [-18.219636392324652, -135.05072122003907, -3.44712285984199]
other derivatives =  [-81.71061199   1.27469048  40.18413347  44.4849984  -35.17997038
  72.34812256  35.55962121]
Current x_clock array =  [-0.65049004 -0.79350564 -0.5651874   0.62671034 -2.38053143 -0.55778407
 -0.22302494  0.16971685 -0.21425716 -0.64827014]
log likelihood =  -4778.344781807067
Lr derivatives =  [8.653991555731487, -94.50854422941563, 19.60375871790032]
other derivatives =  [-58.34001786 -18.6607549   64.2947989   33.0239227  -28.4627206
  71.55513867  34.46546361]
Current x_clock array =  [-0.64227211 -0.82036856 -0.54623835  0.56225943 -2.38173434 -0.67161111
 -0.29318091  0.10622736  0.         -0.65326558]
log likelihood =  -4759.65044533956
Lr derivatives =  [2.192410831018863, -107.39681819985567, 2.007481060788429]
other derivatives =  [-10.29624491  -9.39600341 -66.28074061  22.51798924 -16.99800628
  51.00890394  27.14628408]
Current x_clock array =  [-0.61902999 -0.80750048 -0.65443454  0.46627362 -2.3176618  -0.8515937
 -0.38388277  0.07804665  0.         -0.6760023 ]
log likelihood =  -4744.84690992684
Lr derivatives =  [-10.021197797498587, -123.9100368781164, -20.50542155392705]
other derivatives =  [ 36.58502374  11.86062309 -52.68287441   6.36092318  -4.47713287
  32.39029443  19.60023019]
Current x_clock array =  [-0.60148554 -0.78355371 -0.64679956  0.35340637 -2.25974774 -1.08811067
 -0.50819891  0.05353669  0.         -0.69557469]
log likelihood =  -4729.571742453044
Lr derivatives =  [-18.519933468128073, -130.07554379844765, -31.395224746352742]
other derivatives =  [ 36.23279281  -6.72493206 -22.17846486  -9.66410789  -0.55614317
  16.63884399   9.6182066 ]
Current x_clock array =  [-0.60390449 -0.8061629  -0.61712749  0.23152705 -2.29869575 -1.50058522
 -0.74865276  0.07171466  0.         -0.66629834]
log likelihood =  -4727.175087070643
Lr derivatives =  [28.756839694359, -82.71607362370706, 25.20029536574618]
other derivatives =  [  0.60523234 144.40927043  16.34293767 -12.69016229   6.89404528
   8.90674126   0.81907048]
Current x_clock array =  [-0.62920949 -0.68997968 -0.57459412  0.18029851 -2.38531915 -2.09093106
 -1.09463204  0.1355324   0.         -0.4814885 ]
log likelihood =  -4717.789194987759
Lr derivatives =  [1.2804066110090702, -101.24350393744342, 5.1991364468308845]
other derivatives =  [ -3.99410692   5.8198948    8.61673743 -14.60969997  -3.66026443
   7.1401687    0.14491959]
Current x_clock array =  [-0.62585962 -0.80720039 -0.58033209  0.16383486 -2.44172119 -2.1846721
 -1.15052161  0.14144744  0.         -0.50854159]
log likelihood =  -4717.306592786435
Lr derivatives =  [1.4279147656724174, -100.02849513426936, 6.41606052221654]
other derivatives =  [ -2.84279304  -0.69112411   2.23299048 -13.90594025  -4.77158592
   6.24553994  -0.71208201]
Current x_clock array =  [-0.6254235  -0.81516319 -0.58381393  0.16639523 -2.45711537 -2.26526413
 -1.1946025   0.14833765  0.         -0.50053105]
log likelihood =  -4716.118777076208
Lr derivatives =  [3.9296844332136844, -97.7095684275771, 5.030563975621721]
other derivatives =  [-0.21406049 -9.18128535 -1.90666742 -9.63309776 -3.89945844  4.07688062
 -2.38557476]
Current x_clock array =  [-0.62465748 -0.82653179 -0.584337    0.20695645 -2.46380927 -2.46110583
 -1.28750334  0.16153621  0.         -0.49610805]
log likelihood =  -4715.082388055742
Lr derivatives =  [-0.18869526131836367, -99.72762801134294, 2.4388749658057733]
other derivatives =  [-0.75658681 -8.17793079  8.17684941 -1.48819345 -3.31867406  2.39488477
 -3.0796983 ]
Current x_clock array =  [-0.62464707 -0.82513859 -0.57649112  0.2879332  -2.42526042 -2.64844271
 -1.34312215  0.13770033  0.         -0.48675783]
log likelihood =  -4715.327127661982
Lr derivatives =  [15.03764864130369, -92.38441253268077, 2.9235834361657673]
other derivatives =  [-17.65807065  -7.16349859 -18.21896967   1.18927073  12.21088141
   1.43261282  -2.89362285]
Current x_clock array =  [-0.63240798 -0.82197082 -0.59547049  0.3324481  -2.33169639 -2.74770011
 -1.33188721  0.1275166   0.         -0.49128523]
log likelihood =  -4714.922103159779
Lr derivatives =  [5.6487129022764915, -96.9087048358735, 2.6101459813017023]
other derivatives =  [-7.32985063 -7.75031185 -2.20984111 -0.47104186  2.65632904  2.00177257
 -3.00891635]
Current x_clock array =  [-0.62763683 -0.82391826 -0.58380261  0.30508183 -2.38921643 -2.68667998
 -1.33879407  0.13377722  0.         -0.48850194]
log likelihood =  -4714.810439516943
Lr derivatives =  [2.6106301656854, -98.81731098209923, 0.948199771281292]
other derivatives =  [ 7.98724795 -2.08733036  0.6068185   1.92115294  2.39959335  1.67174977
 -3.0163262 ]
Current x_clock array =  [-0.62094002 -0.81752742 -0.58247244  0.32706182 -2.37167585 -2.72810801
 -1.33723446  0.11858638  0.         -0.48723315]
log likelihood =  -4714.765775620121
Lr derivatives =  [-0.6799509829205141, -100.80528205577552, -0.5314996924701987]
other derivatives =  [-0.99138651  0.72440889  0.25467943  2.12844498  0.87791305  1.57149312
 -3.00617379]
Current x_clock array =  [-0.62452769 -0.81389577 -0.58303745  0.32623016 -2.37057374 -2.74005592
 -1.33611993  0.11152254  0.         -0.48723179]
log likelihood =  -4714.739664453921
Lr derivatives =  [-1.1535576975869581, -101.01417703751058, -0.6927521793345583]
other derivatives =  [-1.73404351  1.96080055 -0.6063965   1.49981679  0.73136922  1.51156509
 -2.99016059]
Current x_clock array =  [-0.62483302 -0.81241199 -0.58384929  0.32020307 -2.37021259 -2.74977537
 -1.33462092  0.10950438  0.         -0.48659117]
log likelihood =  -4714.633025333036
Lr derivatives =  [-2.1886151527411455, -101.131920469446, -0.49252242579916583]
other derivatives =  [-4.27676605  3.82354301  1.81089763 -0.82125189  1.41704837  1.14145593
 -2.7681456 ]
Current x_clock array =  [-0.62593927 -0.80961883 -0.58280639  0.30089104 -2.36313894 -2.82340524
 -1.32318079  0.10114709  0.         -0.48100756]
log likelihood =  -4714.518237023804
Lr derivatives =  [-4.269584597853283, -101.81640938372061, -1.319809135937895]
other derivatives =  [ 0.86909222  3.7571117  -8.20385776 -2.54463339 -0.24735108  0.72302662
 -2.43545253]
Current x_clock array =  [-0.62344521 -0.80932614 -0.59062835  0.28197245 -2.37307033 -2.91602324
 -1.29083023  0.09845285  0.         -0.47929862]
log likelihood =  -4714.376773295309
Lr derivatives =  [-3.8523787110723835, -101.07713553355423, -0.5747702629073643]
other derivatives =  [ 0.77345885  1.41002965 -4.70508348 -2.85248097  0.42053159  0.42024713
 -1.95819949]
Current x_clock array =  [-0.62348565 -0.8116219  -0.58805413  0.28108781 -2.37272697 -3.00620293
 -1.26146511  0.09891398  0.         -0.47544223]
log likelihood =  -4714.16044295477
Lr derivatives =  [0.8063091237239691, -97.05701397343618, 2.6814290605441435]
other derivatives =  [ 3.42775638  1.05985328  0.15173555 -1.61193566  1.32048957 -0.03764298
 -0.70799581]
Current x_clock array =  [-0.62271077 -0.81335543 -0.58339772  0.29393323 -2.39017508 -3.19786264
 -1.18293203  0.11704212  0.         -0.46959905]
log likelihood =  -4714.140562779357
Lr derivatives =  [-1.8190739764389363, -99.57467951587725, -1.6997012413875687]
other derivatives =  [ 0.52762971 -5.34253377  1.54286681 -0.18113587  0.20889161 -0.21616056
 -0.07969961]
Current x_clock array =  [-0.62347938 -0.8196074  -0.58247571  0.30671928 -2.39460552 -3.23211439
 -1.14402895  0.12001874  0.         -0.48015335]
log likelihood =  -4714.118263277876
Lr derivatives =  [0.026457244909158795, -98.1869840567503, -0.11332628608207074]
other derivatives =  [ 1.15614421 -0.97223892  0.54325574 -0.24058409  0.36299669 -0.14608171
 -0.18590189]
Current x_clock array =  [-0.62347695 -0.81562089 -0.58287706  0.30554835 -2.39935907 -3.21605475
 -1.14807982  0.12464552  0.         -0.47833518]
log likelihood =  -4714.115065506854
Lr derivatives =  [0.20323095066824515, -98.12823769102663, -0.07179497746807684]
other derivatives =  [ 0.34538971  0.03679179  0.02295747 -0.04619233  0.0544661  -0.10243089
 -0.23489113]
Current x_clock array =  [-0.62385851 -0.81477008 -0.58311283  0.30657803 -2.40264374 -3.19826274
 -1.14932876  0.12686434  0.         -0.4792238 ]
log likelihood =  -4714.114244000597
Lr derivatives =  [0.12251717928923755, -98.23942079959093, -0.19736627963096254]
other derivatives =  [-0.14143461  0.09810446 -0.10032636  0.08802181 -0.14423685 -0.08097163
 -0.22320527]
Current x_clock array =  [-0.62405616 -0.81475953 -0.58315597  0.30745474 -2.40422331 -3.18869373
 -1.14813251  0.12781749  0.         -0.47999362]
log likelihood =  -4714.113589590228
Lr derivatives =  [-0.018775166165465262, -98.37245345347324, -0.26893402710945224]
other derivatives =  [-0.17530238  0.09221367 -0.05637867  0.17911771 -0.27474593 -0.06157655
 -0.18845572]
Current x_clock array =  [-0.62405319 -0.81476388 -0.58313041  0.30809948 -2.40482902 -3.1807809
 -1.14613126  0.12800646  0.         -0.48043027]
log likelihood =  -4714.113700714321
Lr derivatives =  [0.26010399968794207, -98.25328618613835, 0.10968745658179202]
other derivatives =  [-2.06276036 -0.66717985 -1.03241928  0.23462781 -0.06244018 -0.00630042
 -0.04901297]
Current x_clock array =  [-0.62482452 -0.81544652 -0.58382941  0.30877432 -2.4039781  -3.16295561
 -1.13987064  0.12827104  0.         -0.48036364]
log likelihood =  -4714.113039920642
Lr derivatives =  [0.11405971711087382, -98.31576012971163, -0.08860322869789172]
other derivatives =  [-1.07657888 -0.27029182 -0.52241921  0.20561765 -0.1734015  -0.035446
 -0.12213063]
Current x_clock array =  [-0.62442123 -0.8150896  -0.58346394  0.30842148 -2.404423   -3.17227549
 -1.14314398  0.12813271  0.         -0.48039848]
log likelihood =  -4714.112147736818
Lr derivatives =  [0.03669155514059186, -98.42621775852929, -0.05391792857802358]
other derivatives =  [-0.14143916 -0.15705245 -0.24161091  0.2177112  -0.17571432 -0.00060939
 -0.05778123]
Current x_clock array =  [-0.62401199 -0.81493664 -0.58333169  0.30859912 -2.40399139 -3.15957547
 -1.13999232  0.1277478   0.         -0.48068605]
log likelihood =  -4714.111760086482
Lr derivatives =  [-0.15130855425311363, -98.5494272711287, -0.06663517265171848]
other derivatives =  [-0.11910834 -0.03775222  0.04698268  0.09576524 -0.1418129   0.0023228
 -0.00427763]
Current x_clock array =  [-0.62398595 -0.81470043 -0.58322037  0.30761787 -2.40286772 -3.15864383
 -1.13771215  0.12663988  0.         -0.48049294]
log likelihood =  -4714.111775888173
Lr derivatives =  [0.07946969716135632, -98.40697762709625, 0.04620284266126262]
other derivatives =  [ 0.49547452 -0.03730656 -0.28394516 -0.02789966  0.04965219  0.0021985
  0.00950659]
Current x_clock array =  [-0.62373733 -0.81468801 -0.58348668  0.30675558 -2.40207732 -3.15893425
 -1.13713316  0.12651959  0.         -0.4803407 ]
log likelihood =  -4714.111705693369
Lr derivatives =  [-0.04327773344255137, -98.48274482887496, -0.013815336495898833]
other derivatives =  [ 0.16854119 -0.03754576 -0.10798612  0.03787227 -0.05218139  0.00226483
  0.00217331]
Current x_clock array =  [-0.62386955 -0.81469462 -0.58334505  0.30721417 -2.40249768 -3.1587798
 -1.13744109  0.12658357  0.         -0.48042166]
log likelihood =  -4714.111683117357
Lr derivatives =  [-0.018004814285668247, -98.46105336244928, 0.009911462898752887]
other derivatives =  [ 0.01640365 -0.00820182 -0.00861928  0.00038835 -0.01284925  0.00043091
  0.00115762]
Current x_clock array =  [-0.62393891 -0.81465274 -0.58327923  0.30694227 -2.40226828 -3.15964611
 -1.13763475  0.12648598  0.         -0.48031598]
log likelihood =  -4714.111682373807
Lr derivatives =  [-0.0029890835621095846, -98.45332137318789, 0.008621076018677343]
other derivatives =  [ 3.05317371e-03 -4.07089829e-03  6.25732355e-04 -5.72981662e-04
 -3.90298371e-03 -3.16620812e-06  6.49150683e-04]
Current x_clock array =  [-0.62394607 -0.8146505  -0.5832707   0.30694793 -2.4022598  -3.15975493
 -1.13765527  0.12652171  0.         -0.48033084]
      fun: 4714.111682373807
 hess_inv: <10x10 LbfgsInvHessProduct with dtype=float64>
      jac: array([ 3.05317371e-03, -4.07089829e-03,  6.25732355e-04, -5.72981662e-04,
       -3.90298371e-03, -3.16620812e-06,  6.49150683e-04, -2.98908356e-03,
       -9.84533214e+01,  8.62107602e-03])
  message: 'CONVERGENCE: REL_REDUCTION_OF_F_<=_FACTR*EPSMCH'
     nfev: 37
      nit: 31
     njev: 37
   status: 0
  success: True
        x: array([-0.62394607, -0.8146505 , -0.5832707 ,  0.30694793, -2.4022598 ,
       -3.15975493, -1.13765527,  0.12652171,  0.        , -0.48033084])
