number of sites to be analyzed:  239
log likelihood =  -3452.0374679514625
Lr derivatives =  [-117.50830313096205, -235.9429030293175, -88.4081567435883]
other derivatives =  [ -9.7351035  -16.76343273 -29.86088384 -27.42795004 206.70731692
  84.76200992]
Current x_clock array =  [-0.80738004 -1.01410561 -0.57726816  0.18232156 -0.10536052  0.33647224
 -0.51082562 -0.51082562 -0.51082562]
log likelihood =  -3264.4690188038458
Lr derivatives =  [-4.62027273601219, -178.10942563208658, -75.41183260438308]
other derivatives =  [-21.76873113   0.1386164  -81.12156866  -9.6888416  125.32394157
  56.09940217]
Current x_clock array =  [-0.80439729 -1.01030872 -0.57519165  0.29033968 -0.9194256   0.00265825
 -0.04804855 -0.50881386 -0.50881386]
log likelihood =  -3541.7874291140824
Lr derivatives =  [39.798941665009664, -5.832972824666882, -16.98326741461642]
other derivatives =  [ 1.87796603e+02  1.91729727e+01  5.50825253e+03 -5.24831330e+00
  3.85067059e+01  3.27389516e+01]
Current x_clock array =  [-6.40910658e-01 -1.08433582e+00 -5.00000000e-02  3.82470492e-01
 -2.10585163e+00 -5.28151065e-01 -3.94711775e-04  0.00000000e+00
  0.00000000e+00]
log likelihood =  -3168.361998193948
Lr derivatives =  [19.92146638350608, -108.04012502971003, 6.385658293338487]
other derivatives =  [ 62.38861579   5.75866086 200.67088462  -9.95809114  92.01204413
  50.32885338]
Current x_clock array =  [-0.73579942 -1.04136998 -0.35482485  0.32899714 -1.4172418  -0.22006568
 -0.02805333 -0.29531907 -0.29531907]
log likelihood =  -3094.2373264097987
Lr derivatives =  [-0.618687732129291, -67.81988617506867, 86.12438649468855]
other derivatives =  [ -4.07629932   9.88281564 -47.71459044  12.11553763  -2.11819113
  29.14829338]
Current x_clock array =  [-0.76818166 -1.08552859 -0.45779099  0.41208765 -2.26162894 -0.60245925
  0.0985997  -0.04563115 -0.15528886]
log likelihood =  -3081.719791966505
Lr derivatives =  [-17.215670672794598, -77.02535681440983, 12.387095334013303]
other derivatives =  [-11.83860104   5.99803439  -7.78041158  11.04932608 -15.87924457
  22.44743155]
Current x_clock array =  [-0.77504528 -1.10605855 -0.4251204   0.40961093 -2.40005686 -0.71094724
  0.14581819  0.         -0.29359287]
log likelihood =  -3079.17823491412
Lr derivatives =  [-6.069099533935518, -72.54945767025808, 0.02538669604513899]
other derivatives =  [11.33472369  2.82879119 -5.35045501  7.65340246 -7.27553936 20.17706038]
Current x_clock array =  [-0.75680248 -1.11980019 -0.42419393  0.38828415 -2.3859434  -0.76951472
  0.1945997   0.         -0.34231247]
log likelihood =  -3076.860579091449
Lr derivatives =  [6.294238741150847, -66.08082441166049, -11.887668670905125]
other derivatives =  [-17.31409839  -4.85643379  25.30976735   2.44572357   2.433938
  14.8342051 ]
Current x_clock array =  [-0.78440818 -1.14727724 -0.40467019  0.34493134 -2.40831924 -0.93234866
  0.28523818  0.         -0.40318247]
log likelihood =  -3075.2358897303075
Lr derivatives =  [5.587495738033752, -65.97445768375536, -16.221814352534572]
other derivatives =  [ 7.82164261 -5.09034929  9.2404407   1.08126505 -0.113475   10.95662477]
Current x_clock array =  [-0.76219838 -1.15545651 -0.4116965   0.32049685 -2.47330864 -1.0712363
  0.33075613  0.         -0.41696228]
log likelihood =  -3073.7476855495725
Lr derivatives =  [4.8798198025975825, -64.23825735631613, -13.903303239691276]
other derivatives =  [11.61555656 -3.53955292 -0.9807186  -0.1630242  -2.99447199  7.52297076]
Current x_clock array =  [-0.7587064  -1.15638846 -0.41547366  0.29097686 -2.5379501  -1.23997717
  0.36715631  0.         -0.40087563]
log likelihood =  -3072.0154532173938
Lr derivatives =  [6.465478353989722, -60.11426969140581, -2.2347404609938515]
other derivatives =  [ 3.09228199  1.0945015  -5.48716298 -1.51146969 -4.37512014  4.39050849]
Current x_clock array =  [-0.76576893 -1.14522635 -0.41749197  0.25662452 -2.56610646 -1.47689577
  0.37172477  0.         -0.34728571]
log likelihood =  -3070.938743148017
Lr derivatives =  [6.204195557815582, -59.34193037773019, 6.630612270654378]
other derivatives =  [-0.9807768  -1.11676592 -1.25564202 -2.40785539 -5.0846886   2.87966705]
Current x_clock array =  [-0.76912124 -1.14816786 -0.417298    0.24038311 -2.52317187 -1.66411626
  0.32266054  0.         -0.30713505]
log likelihood =  -3069.1171748665965
Lr derivatives =  [4.94938386463784, -62.51587576371689, 14.48048743802067]
other derivatives =  [-7.44236604  2.86409555  4.43302406 -3.53464702 -3.13733268  1.46949352]
Current x_clock array =  [-0.77642227 -1.11860925 -0.42332447  0.22679471 -2.33671289 -1.99425216
  0.17217754  0.         -0.26276738]
log likelihood =  -3068.83744710629
Lr derivatives =  [-14.686333162516279, -79.94737461259898, 1.07209762629288]
other derivatives =  [-6.0395555  -8.91482111  9.40604332 -3.19507399 -0.98939678  0.76430295]
Current x_clock array =  [-7.75480336e-01 -1.12880601e+00 -4.32849431e-01  2.44128784e-01
 -2.12126080e+00 -2.32262192e+00  5.82982775e-04  0.00000000e+00
 -2.58360407e-01]
log likelihood =  -3068.464545179174
Lr derivatives =  [-3.240200186170916, -70.30771959814153, 8.20415746040021]
other derivatives =  [-6.66552251 -3.10459855  6.45387718 -3.37324263 -2.37944828  1.04536664]
Current x_clock array =  [-0.77594176 -1.12381092 -0.42818343  0.23563733 -2.22680447 -2.16176319
  0.08464214  0.         -0.26051926]
log likelihood =  -3068.2837423702495
Lr derivatives =  [1.0129395749684176, -70.4583077679728, -1.5254580262914885]
other derivatives =  [ -6.68978782   0.07180915 -10.42657095  -2.44375633   1.76104881
   0.58500223]
Current x_clock array =  [-0.77671361 -1.11158265 -0.44006282  0.2474226  -2.17626599 -2.25869428
  0.07719377  0.         -0.28251859]
log likelihood =  -3068.220009930903
Lr derivatives =  [-0.10315087565596848, -70.7250848993567, -2.279933594310158]
other derivatives =  [ 5.84419286  0.91939054  5.5361993  -2.65367999  1.69458748  0.48160729]
Current x_clock array =  [-0.76635637 -1.11114163 -0.4302711   0.25255213 -2.18266172 -2.2832296
  0.0784605   0.         -0.28352143]
log likelihood =  -3068.185137503025
Lr derivatives =  [-0.07255769853035243, -70.38726006777974, -0.9310267300785462]
other derivatives =  [ 2.35873449  0.17964532  0.41240082 -2.43364684  0.89699092  0.49728241]
Current x_clock array =  [-0.76895141 -1.11367783 -0.43284957  0.25211695 -2.19139643 -2.28313923
  0.08171922  0.         -0.28057455]
log likelihood =  -3068.159976843949
Lr derivatives =  [-0.3384631789485133, -70.3012777050225, -0.28035162392255586]
other derivatives =  [ 0.89344712 -0.3371379  -1.98202861 -2.08629081  0.30840901  0.42955014]
Current x_clock array =  [-0.76996121 -1.11549353 -0.43401526  0.25512058 -2.19537761 -2.31315839
  0.08210834  0.         -0.27824834]
log likelihood =  -3068.1143977768147
Lr derivatives =  [-0.5633670442507439, -69.94857304122621, 0.24571194581453426]
other derivatives =  [-1.03241109 -0.73619079 -3.73855755 -1.1516895  -0.51491767  0.21924593]
Current x_clock array =  [-0.77132454 -1.11764794 -0.43440766  0.26623876 -2.20120014 -2.40612998
  0.08366442  0.         -0.275283  ]
log likelihood =  -3068.0900900153674
Lr derivatives =  [-0.18769618641871233, -69.45078542434777, 0.21360952891227214]
other derivatives =  [-2.71789577 -0.49034308 -0.75780554 -0.23501661 -0.21303716  0.07613037]
Current x_clock array =  [-0.77287407 -1.11742465 -0.43221204  0.28033308 -2.19740843 -2.48347127
  0.08348761  0.         -0.27436388]
log likelihood =  -3068.091373987108
Lr derivatives =  [0.13985373871097817, -69.06564718415049, 1.0607288766861416]
other derivatives =  [ 2.71281988  0.02229026 -1.97976715  0.41730027 -0.14643801 -0.01049197]
Current x_clock array =  [-0.7681034  -1.11659653 -0.43307864  0.28941023 -2.19420124 -2.54974844
  0.08107409  0.         -0.27104443]
log likelihood =  -3068.0855504404435
Lr derivatives =  [-0.03447486308436165, -69.27040776048104, 0.6045748013552057]
other derivatives =  [-0.18235869 -0.25011825 -1.33167396  0.07058316 -0.18262527  0.03352265]
Current x_clock array =  [-0.77064024 -1.11703689 -0.43261782  0.28458339 -2.19590669 -2.51450505
  0.0823575   0.         -0.27280957]
log likelihood =  -3068.0844384719676
Lr derivatives =  [0.012352152923076787, -69.30690341354392, 0.14507111579923304]
other derivatives =  [-0.14277703 -0.07436017 -0.28548493  0.13731687 -0.00478817  0.01839552]
Current x_clock array =  [-0.77068534 -1.11648907 -0.43200702  0.28613643 -2.19406903 -2.52016057
  0.08209629  0.         -0.27382826]
log likelihood =  -3068.0843604656184
Lr derivatives =  [0.0017585334492147275, -69.32975588847808, 0.0524702509243582]
other derivatives =  [-0.03241939 -0.00141525 -0.07386689  0.11485145  0.00962128  0.01727238]
Current x_clock array =  [-0.77060987 -1.11626487 -0.43189652  0.28591883 -2.1939355  -2.51985431
  0.08206024  0.         -0.27404231]
log likelihood =  -3068.0843171672045
Lr derivatives =  [-0.018748359249751267, -69.3514059516459, -0.008459254375679848]
other derivatives =  [0.03668265 0.0343834  0.01166836 0.08938059 0.0034171  0.01547657]
Current x_clock array =  [-0.77056011 -1.11615003 -0.43185905  0.28558983 -2.19395374 -2.52035262
  0.08202454  0.         -0.27415866]
log likelihood =  -3068.084256157072
Lr derivatives =  [-0.02960244967021275, -69.36118754584858, -0.06207189223724896]
other derivatives =  [ 0.08665756  0.05662593  0.06788014  0.05014408 -0.00668652  0.01057962]
Current x_clock array =  [-0.77052752 -1.11607824 -0.43184084  0.28506017 -2.19405579 -2.52286274
  0.08202654  0.         -0.27422999]
log likelihood =  -3068.0841975952544
Lr derivatives =  [0.0035615378055564584, -69.32397820833167, -0.02641768470657624]
other derivatives =  [0.08204233 0.03222896 0.14639954 0.0014561  0.00304294 0.00345243]
Current x_clock array =  [-0.77054279 -1.11614928 -0.43180897  0.28444585 -2.19413119 -2.52779888
  0.08206911  0.         -0.27407919]
log likelihood =  -3068.0842151756915
Lr derivatives =  [-0.019906007467279885, -69.35731001040095, -0.13251363843173536]
other derivatives =  [-0.01422677  0.01579136 -0.20701327 -0.0029072  -0.01808501 -0.00499906]
Current x_clock array =  [-0.77061897 -1.11615191 -0.4320419   0.28421538 -2.19389988 -2.53287125
  0.08186409  0.         -0.27419351]
log likelihood =  -3068.0841871180683
Lr derivatives =  [-0.005335874869885515, -69.33661316248921, -0.06665572353188054]
other derivatives =  [ 0.04554659  0.02600063  0.01236231 -0.00019691 -0.00497352  0.00023495]
Current x_clock array =  [-0.77057167 -1.11615028 -0.43189728  0.28435848 -2.1940435  -2.52972188
  0.08199139  0.         -0.27412253]
log likelihood =  -3068.0841803463845
Lr derivatives =  [0.0038212104974464367, -69.32068913489424, -0.01950771621116587]
other derivatives =  [ 0.01880926  0.0016027   0.00693126 -0.00267983 -0.0044893  -0.00039425]
Current x_clock array =  [-0.77059243 -1.11622364 -0.43189993  0.28432613 -2.19406743 -2.53068548
  0.08198702  0.         -0.27399939]
      fun: 3068.0841803463845
 hess_inv: <9x9 LbfgsInvHessProduct with dtype=float64>
      jac: array([ 1.88092599e-02,  1.60270399e-03,  6.93125912e-03, -2.67982614e-03,
       -4.48930033e-03, -3.94247209e-04,  3.82121050e-03, -6.93206891e+01,
       -1.95077162e-02])
  message: 'CONVERGENCE: REL_REDUCTION_OF_F_<=_FACTR*EPSMCH'
     nfev: 31
      nit: 26
     njev: 31
   status: 0
  success: True
        x: array([-0.77059243, -1.11622364, -0.43189993,  0.28432613, -2.19406743,
       -2.53068548,  0.08198702,  0.        , -0.27399939])
