number of sites to be analyzed:  978
log likelihood =  -27231.624719338048
Edge derivatives =  [258.46378754230665, 82.82404651642833, 155.23431518447654, 100.23115731721217, -118.17732381748804, -114.96382623956056, 415.2316368128496, 314.51414734963623, 10.472158788159035, 86.53164693540467, 222.91209785952663, 89.7850878827115, -20.655362920623695, 29.76328588546209]
other derivatives: [  -68.695761     321.6574587   -571.54383467   513.47216504
 -1668.0404442   -228.3604008   -444.65740575]
Current x array =  [-0.64061488 -0.72744189 -0.52729238  0.18232156 -0.10536052 -0.10536052
  0.33647224 -2.30258509 -2.30258509 -2.30258509 -2.30258509 -2.30258509
 -2.30258509 -2.30258509 -2.30258509 -2.30258509 -2.30258509 -2.30258509
 -2.30258509 -2.30258509 -2.30258509]
log likelihood =  -25901.82651572336
Edge derivatives =  [230.1339880458182, 99.79142333065577, 189.7940219729725, 130.92616409058516, -72.62553537506564, -67.93919529864472, 453.7140122463162, 340.9261122173824, 40.10970823058078, 124.94069782854012, 255.3261270998796, 122.61931857085195, 17.573755107420855, 57.03940986128472]
other derivatives: [ 417.84308632  335.56557537  248.51208946  351.9019192  -918.93300125
 -134.96455722 -187.46812202]
Current x array =  [-0.67787821 -0.72707442 -0.83732065  0.18764706 -1.01017247 -0.22923234
  0.09527225 -2.29916632 -2.25765801 -2.29916632 -2.29916632 -2.36668921
 -2.36494608 -2.29916632 -2.29916632 -2.29916632 -2.29916632 -2.29916632
 -2.29916632 -2.31378939 -2.29916632]
log likelihood =  -26467.29973317405
Edge derivatives =  [188.9569211446429, 93.77987623372853, 186.196685931307, 117.26862526534634, -45.639516118752, -41.71821895565432, 426.9630656365929, 295.36402881943053, 54.409207884077695, 131.62948857740355, 247.11782928373003, 112.45064952629474, 35.14296032797137, 66.56495242658468]
other derivatives: [-11463.1272736    -272.1161145    -113.93102977   -382.36365435
    380.47809759    -65.34253771    -17.32246892]
Current x array =  [-0.20639106 -0.5018571  -0.67902841  0.33938659 -2.46570667 -0.4391819
 -0.22568333 -2.15995964 -2.12221961 -2.15352767 -2.19368647 -2.47858198
 -2.47063405 -1.980429   -2.05978836 -2.25309931 -2.19356991 -2.11216289
 -2.19796256 -2.2980479  -2.2433492 ]
log likelihood =  -25316.647484139838
Edge derivatives =  [208.97788412216727, 101.15364372958871, 195.71295201579096, 131.20036353443982, -55.49633830208118, -51.04917786310135, 445.2932965480696, 323.72369227964515, 49.92238532083222, 130.68952532448415, 254.47550566564198, 121.01671913484958, 28.894830351948585, 64.22412997765821]
other derivatives: [-1578.52140183    97.6799347    114.94804858   114.24705372
  -315.42731244  -106.44121721  -119.17687516]
Current x array =  [-0.46541567 -0.62558651 -0.76599067  0.25602425 -1.66606837 -0.32384026
 -0.04935743 -2.23643671 -2.19662647 -2.23353832 -2.25163477 -2.41711056
 -2.41257142 -2.15553623 -2.19129732 -2.27840751 -2.25158224 -2.21489844
 -2.25356167 -2.30669593 -2.27401389]
log likelihood =  -24976.42138945448
Edge derivatives =  [198.03861726325135, 104.73553660226234, 206.34671890738764, 133.81476177307295, -34.35700890595522, -31.830962067437518, 431.5368480799234, 311.6806992454524, 63.92377313405256, 145.21768277104167, 254.59089866788102, 126.78743769563005, 47.382799795778716, 79.04004775750221]
other derivatives: [ 492.15403487 -296.01445567  110.37979129    6.33159652  299.3870481
  -66.2796956   -65.76580927]
Current x array =  [-0.64771588 -0.5371997  -0.71031505  0.31407032 -2.33605383 -0.43336526
 -0.21161946 -2.15108959 -2.12179678 -2.14427191 -2.18861776 -2.47504619
 -2.46714716 -1.96042246 -2.04710056 -2.25072957 -2.18803401 -2.10077586
 -2.19386964 -2.29562259 -2.24052433]
log likelihood =  -24796.807806107725
Edge derivatives =  [195.32611605731407, 101.69570382702442, 204.04907231572614, 126.42990822619038, -31.998188162020334, -29.98301975428204, 403.9503716661483, 288.1214508009896, 64.91544899966348, 141.09162691551774, 243.9214585782108, 118.27632883304862, 47.619643146078744, 80.98440982993934]
other derivatives: [ 145.00180623 -261.21158953  -75.85824642    5.05415301  299.29390918
  -68.43820665  -83.40373824]
Current x array =  [-0.61423473 -0.5482106  -0.61982749  0.34614317 -2.35079104 -0.45856453
 -0.23371501 -2.08522242 -2.08803253 -2.07836275 -2.14446247 -2.48851398
 -2.47940612 -1.81674588 -1.94207661 -2.23175988 -2.1421919  -2.01719073
 -2.15219796 -2.28234906 -2.21670721]
log likelihood =  -24365.848345097227
Edge derivatives =  [152.7153629837035, 74.5106395461328, 155.1606119070492, 56.448584513830106, -24.66618479377292, -24.08657086432447, 99.72191979340971, 85.69163318499106, 59.55251172792811, 101.33402341152416, 126.54566554623838, 54.53117538205878, 40.7705818499801, 82.56323423847135]
other derivatives: [-1493.29744454  -180.18553237 -3382.92128436    21.4523825
   141.58458101   -81.85648403  -204.61096574]
Current x array =  [-0.53130676 -0.66634894 -0.2388931   0.55199351 -2.333125   -0.634978
 -0.40784012 -1.61788569 -1.85063251 -1.60791134 -1.83790474 -2.57825535
 -2.56157687 -0.82526104 -1.22232062 -2.09287869 -1.81740927 -1.43250291
 -1.86445128 -2.18445134 -2.04172788]
log likelihood =  -23872.92294528683
Edge derivatives =  [127.9771821521111, 65.8212916321205, 137.79921184014788, 41.922226945173094, -28.09034585116278, -25.574612072686097, 56.18750221099275, 52.985931477184714, 49.29400356414396, 92.10032540440768, 97.92525572258496, 42.45428293783101, 39.00730912957923, 71.81003833404559]
other derivatives: [-887.71657101  104.01753752 -210.18429106  -63.05936404   90.21933161
  -75.40916704 -205.83776859]
Current x array =  [-0.54435948 -0.77297249 -0.5177157   0.55319786 -2.25995019 -0.66697612
 -0.45569395 -1.5450685  -1.81081503 -1.5320072  -1.79283321 -2.59306277
 -2.57554291 -0.68757459 -1.12207363 -2.06806145 -1.7647563  -1.34504401
 -1.82176914 -2.16688545 -2.01032662]
log likelihood =  -23731.12786141554
Edge derivatives =  [94.4110747642318, 50.787716092489866, 103.99124381676343, 11.271503182103794, -26.29658959241169, -23.527486774020844, -96.4122937794436, -30.17816190923993, 42.28726717422507, 71.59775936644358, 26.94490722914525, 17.528736538038476, 36.24458574692758, 66.54987425385995]
other derivatives: [-322.18699198  208.53476235   39.64366624  -89.23844143   25.65353317
  -67.24908962 -215.57169748]
Current x array =  [-0.60269876 -0.83782049 -0.5270357   0.61574275 -2.29242315 -0.75469533
 -0.56881947 -1.34953901 -1.70621427 -1.33266876 -1.66888913 -2.63643132
 -2.61559883 -0.29922316 -0.83834524 -2.00715716 -1.62695248 -1.10707365
 -1.70479515 -2.12445843 -1.9327548 ]
log likelihood =  -23664.330853644613
Edge derivatives =  [69.04345051811873, 41.46342563100208, 84.00684356373682, 1.1571536161647253, -24.487287275005002, -21.188394362571476, -127.89107540571565, -52.4998788916679, 38.86997107384414, 59.89648383077104, -0.5776376035190783, 11.068308576456882, 35.80810190998183, 61.231289532484496]
other derivatives: [ -30.30912558   12.05582521  143.86161274  -87.1422817    33.66928479
  -38.4475934  -157.09631043]
Current x array =  [-0.64413817 -0.78182323 -0.5260598   0.60222166 -2.35006332 -0.82310227
 -0.71275471 -1.23600215 -1.641592   -1.21312637 -1.61589477 -2.66811383
 -2.64470433 -0.19214533 -0.74087335 -1.96569377 -1.54369074 -1.00550489
 -1.65149495 -2.09340018 -1.8748628 ]
log likelihood =  -23608.48739832668
Edge derivatives =  [40.14408117583428, 32.78574880574923, 62.22510097685949, -4.172154412181558, -21.85333674693959, -17.95824522569798, -118.81086394776351, -57.35706362020834, 34.98289673486637, 46.17107370263487, -15.245964714920866, 10.043738219879051, 34.19938130622779, 53.54711939919959]
other derivatives: [204.2261367  -98.15074009 136.67222811 -40.9583954   19.86899912
  -0.66604116 -81.03022265]
Current x array =  [-0.6842973  -0.75680729 -0.51049982  0.54416971 -2.38322594 -0.89658317
 -0.91085972 -1.11195377 -1.56904339 -1.07589613 -1.57558918 -2.70673172
 -2.67949384 -0.1847474  -0.69788986 -1.9122324  -1.44726552 -0.93016069
 -1.60512667 -2.04972796 -1.79637591]
log likelihood =  -23562.920416929635
Edge derivatives =  [12.223356565210834, 25.17692422594783, 38.86086617816919, -5.423580071975775, -18.971003241108825, -14.68126489078391, -73.01838036416008, -43.620377620261166, 28.951387091323973, 28.024434985370817, -17.813728509432714, 11.14458288732937, 28.64833798414252, 40.97323307719403]
other derivatives: [270.90074946 -39.19731171  45.1745691   22.40471804   5.06843605
  29.55728269 -18.48803609]
Current x array =  [-0.69932554 -0.78077426 -0.4885461   0.47513122 -2.41114008 -0.95396792
 -1.12749476 -0.98835977 -1.48828658 -0.92465963 -1.54842753 -2.75321693
 -2.72007845 -0.26647672 -0.70985371 -1.84478095 -1.33961918 -0.88315212
 -1.56247569 -1.99083074 -1.69597508]
log likelihood =  -23541.532483276493
Edge derivatives =  [-22.694359150103825, 12.179604503557941, -3.8005875062459338, -11.474868321400214, -19.35797706561716, -15.098454671859805, -23.642619044466493, -27.367124125770175, 10.62937892761691, -9.6269237737917, -27.311389926213288, 0.2909777335721495, 9.072000742677375, 8.092078344261125]
other derivatives: [ -61.40085679 -246.73422013  -16.25020013   29.75410825  -36.78179987
   40.55321551   13.78667395]
Current x array =  [-0.662684   -0.74280449 -0.47647839  0.47946092 -2.38706781 -0.94295214
 -1.29552025 -0.88355688 -1.39257064 -0.75784115 -1.53323685 -2.81257716
 -2.76854496 -0.3966948  -0.76855678 -1.75303239 -1.22303845 -0.8642628
 -1.51171321 -1.9064042  -1.56479006]
log likelihood =  -23530.15499835807
Edge derivatives =  [-13.94263982282947, 15.482684594261654, 4.309305062032359, -4.9032043389079645, -17.483322766390906, -13.300877601638758, 12.998428433796006, -3.5016630146786087, 11.65659244888858, -5.398066790972824, -7.759004040574814, 6.430212950410531, 8.383741966530867, 8.000366848480878]
other derivatives: [ 11.27120777 -17.09355274 -26.8145086   30.11189983  -8.61247127
  39.0649584   17.2969652 ]
Current x array =  [-0.6663091  -0.80078226 -0.47438291  0.4823443  -2.40711615 -0.92174074
 -1.31249925 -0.89379064 -1.382603   -0.75167425 -1.54709088 -2.8250925
 -2.77824464 -0.46585796 -0.81681115 -1.74047207 -1.22058801 -0.89396008
 -1.51520406 -1.8938881  -1.54811698]
log likelihood =  -23527.871386227613
Edge derivatives =  [-10.735998449366452, 15.70952666984371, 5.134684238980338, -3.9804036588924085, -17.243971006765932, -13.202800835423606, 13.717176021564011, -1.7668973819699634, 10.464355930332072, -5.4223542087929815, -5.30425882289376, 5.557260136594924, 6.43439795387432, 6.093535577364169]
other derivatives: [-27.15144001  11.73218698  -5.12897168  13.48243677   0.287953
  33.61198105  12.05167744]
Current x array =  [-0.65978895 -0.81061077 -0.47706126  0.50377897 -2.41129974 -0.89820003
 -1.29720206 -0.90384173 -1.37606322 -0.75099017 -1.550919   -2.83300327
 -2.78403314 -0.46598201 -0.8240146  -1.73428076 -1.22349974 -0.90159279
 -1.51257755 -1.88866165 -1.54311031]
log likelihood =  -23524.863707167344
Edge derivatives =  [-4.30200896030917, 15.60223493982441, 5.249298662635349, -1.623018293217742, -16.515500455045885, -12.866318372695037, 21.866297859999484, 6.299487939965372, 6.43219464498234, -6.310336376689776, 2.456914851637266, 3.6851494210818814, 0.7612469394696908, -0.4561181213727615]
other derivatives: [-28.00402581  19.2455409    1.96810652 -19.10992432  16.11256021
  19.48724821  -0.09299631]
Current x array =  [-0.65832018 -0.8132783  -0.47637044  0.54503796 -2.41173759 -0.83262419
 -1.26688835 -0.92877988 -1.35373697 -0.74396148 -1.5638945  -2.85864959
 -2.80303756 -0.48439994 -0.85395723 -1.71387622 -1.22935689 -0.92695948
 -1.50619977 -1.8719239  -1.52528521]
log likelihood =  -23523.01110793161
Edge derivatives =  [-6.932392361829143, 10.760558100180601, -7.4235031237851805, -5.32725518671582, -14.917285826804896, -11.922444302482676, -8.888412570685063, -7.821351152059699, -0.6238790610785954, -9.62462990522656, -5.778742260377493, -4.173148288028192, -5.91180883788639, -8.856164243856558]
other derivatives: [-112.26226343   60.60842497   43.34360347  -17.09114076    0.67377048
   -0.3384921   -15.89326002]
Current x array =  [-0.64782189 -0.83143944 -0.48106255  0.55004411 -2.41240205 -0.75582275
 -1.26653154 -0.9300533  -1.28798216 -0.69946088 -1.56111527 -2.92128801
 -2.85226569 -0.41134221 -0.82994021 -1.67519263 -1.22670088 -0.91303502
 -1.47745141 -1.8502956  -1.49967352]
log likelihood =  -23519.816281588435
Edge derivatives =  [-5.045449799087384, 9.815893012277488, -8.11571320512504, -3.67252774909924, -13.663415212385514, -10.949828343759519, 1.3224376526681108, 0.6386552798829933, -3.0133345166141106, -6.638927061976396, 2.0853084069859316, -3.1643677305315006, -7.8710031044585795, -11.399963725038237]
other derivatives: [-13.54864798  19.40633229   1.41741839  -7.06695573   2.73071652
  -8.44488022 -18.67551747]
Current x array =  [-0.66185382 -0.81462167 -0.47540753  0.53514149 -2.40264219 -0.70869479
 -1.26915814 -0.95139027 -1.25993072 -0.69686793 -1.5768835  -2.95522672
 -2.87833423 -0.43641946 -0.86033591 -1.65988744 -1.24014833 -0.9368063
 -1.47770259 -1.84358128 -1.49425994]
log likelihood =  -23518.806843849685
Edge derivatives =  [-7.014605835429988, 8.428531509119079, -9.926696874756614, -3.96591368838478, -12.777363714113546, -10.173259319220938, 0.3302407053437635, 0.9463754278120748, -3.622540948935884, -4.189665005523842, 2.83405925316943, -2.5500014285790495, -7.203749073028595, -10.794248175244062]
other derivatives: [ 24.6330128   -4.77592403   7.59736577   9.29369708  -0.90155067
  -9.00428495 -15.42125684]
Current x array =  [-0.66769639 -0.80559051 -0.4772218   0.51163926 -2.39879239 -0.69565749
 -1.28761923 -0.95745689 -1.23894241 -0.69439972 -1.58260239 -2.9794726
 -2.89752726 -0.43401107 -0.86423008 -1.65354908 -1.2479017  -0.93957362
 -1.47706587 -1.84488102 -1.49728646]
log likelihood =  -23517.958556531128
Edge derivatives =  [-7.006799091411255, 7.563001380561628, -8.61079900553857, -3.5572952777459594, -11.341748951818769, -8.883437799651052, -4.120256648507417, 0.2556863679064416, -3.0204578714082193, 0.6681668009991629, 4.146038271296463, -1.322551404535417, -5.350537652764888, -7.52893052707552]
other derivatives: [ 20.40632899 -16.07498416 -42.27754471  22.93640864  -1.08512346
 -10.81906157 -13.20501021]
Current x array =  [-0.66815827 -0.80134535 -0.47127032  0.49646617 -2.400243   -0.6794019
 -1.30634112 -0.97138484 -1.2116382  -0.69865407 -1.59056181 -3.01315166
 -2.92413546 -0.42087989 -0.86413796 -1.6483889  -1.26125549 -0.94107698
 -1.47661012 -1.85004329 -1.50701844]
log likelihood =  -23516.621087271822
Edge derivatives =  [-9.462114057406408, 4.824288542412615, -9.169728835438907, -3.2632937251476775, -9.169112027519615, -6.8408906157051845, -6.46624353109769, 0.603853127567651, -3.5768239230780012, 5.68740635858841, 4.78448999627697, -0.11932018421693968, -3.4234131416369444, -4.575770264382016]
other derivatives: [ 30.88103404 -23.75526674  -6.37543417  29.93115777   4.34259705
 -11.42267865  -6.04216338]
Current x array =  [-0.66930383 -0.7986804  -0.47679351  0.48349853 -2.4053217  -0.65755064
 -1.35287126 -0.98844154 -1.15880381 -0.69662641 -1.60290083 -3.07483839
 -2.97300749 -0.40919802 -0.86686488 -1.63482934 -1.27343524 -0.93986174
 -1.47235293 -1.85410671 -1.51567845]
log likelihood =  -23514.78224519434
Edge derivatives =  [-10.642137006725614, 1.9529022805427754, -5.87094619577506, -1.8227814103545554, -6.444887079738561, -4.1480401537148754, -6.157657331801259, 2.4426487256487586, -3.1053638891413438, 11.308116654916239, 5.6195111049984225, 1.8964920642062053, -0.25618640741437854, 1.0006314602740087]
other derivatives: [ -1.0587828  -14.53320874 -20.03498957  23.16270547   6.39884911
  -9.92322384   2.59854183]
Current x array =  [-0.66464314 -0.8017081  -0.47512442  0.49439011 -2.40384478 -0.63904675
 -1.41026705 -1.02060027 -1.09146269 -0.70474156 -1.62179041 -3.15750798
 -3.03795636 -0.40256844 -0.87194574 -1.6221931  -1.28465365 -0.93636044
 -1.46814973 -1.8624304  -1.53105434]
log likelihood =  -23513.43909175267
Edge derivatives =  [-11.210487947638917, -0.7592556089831248, -2.455946915094119, -0.6052806440039608, -4.523830232430249, -2.124226439419977, -4.621557220339771, 3.066973076423475, -2.9497767102566517, 11.168145479575736, 2.453844762222875, 2.272682704216154, 1.8405822796551918, 4.409414645915546]
other derivatives: [10.28744737  1.42407953  8.92970638  0.66340363  1.78380267 -6.42368104
  8.55937788]
Current x array =  [-0.66497236 -0.80666443 -0.47800609  0.52338173 -2.3925987  -0.63667258
 -1.45483231 -1.05691731 -1.03374895 -0.71463195 -1.63780882 -3.23244051
 -3.09562338 -0.40208723 -0.87107149 -1.61473655 -1.27753839 -0.92473294
 -1.46110408 -1.8682053  -1.54004483]
log likelihood =  -23512.999621781673
Edge derivatives =  [-10.238389716825829, -1.4295604159671147, -0.22401038548032487, 0.5508396617686196, -3.9423230109242513, -1.4342395125309944, 4.244085014320036, 6.072177295094097, -3.0741530414343785, 6.5797592300864505, 1.2659881140825415, 1.9725771480477288, 1.6713948479514291, 3.699266428151199]
other derivatives: [-37.44311834  -8.00307316   1.72651926  -7.97171015  -1.05272939
  -3.59866317  10.68082205]
Current x array =  [-0.6585269  -0.80428567 -0.47774169  0.53501639 -2.38348173 -0.64523093
 -1.46602089 -1.08626382 -1.01334284 -0.72347867 -1.64770913 -3.26664183
 -3.12022576 -0.42434575 -0.87689168 -1.6157707  -1.26129216 -0.92250702
 -1.45826093 -1.86819926 -1.53799181]
log likelihood =  -23512.559506991645
Edge derivatives =  [-8.25286957188107, -1.1073109073385767, 1.8997549160537146, 1.1137443741624289, -3.5620745067614465, -1.0041334840560414, 4.195526190181631, 5.0675605981312195, -2.4953862073833992, 3.193711346448917, -0.9202435219063627, 1.4204392894125761, 1.7766260436608259, 3.558129406064924]
other derivatives: [ -9.44636486  14.81274012  -3.08462404 -10.97319182  -5.00481433
  -2.83910413   9.34154552]
Current x array =  [-0.66183929 -0.81054149 -0.47649175  0.53998473 -2.37933804 -0.65361399
 -1.46405239 -1.10664615 -1.00285678 -0.72802552 -1.65072573 -3.28709696
 -3.13422979 -0.42436856 -0.86982371 -1.618514   -1.24709057 -0.91568796
 -1.45388882 -1.86778317 -1.53535164]
log likelihood =  -23512.09478723644
Edge derivatives =  [-5.819282035309567, -0.7116497983345798, 3.014364647763298, 1.349160335415348, -3.384124596671592, -0.8082843772237669, 2.9805253563977376, 2.883504748517997, -2.2679878223769494, -1.9299020326362526, -3.5809348448168166, 0.0789822497806108, 1.0665547263561896, 1.7844439409596833]
other derivatives: [ 5.94311132 15.74082853 -3.33376011 -8.62398156 -6.73609329 -3.2691205
  5.98647395]
Current x array =  [-0.66398513 -0.81042043 -0.47650829  0.53635846 -2.37780802 -0.66318236
 -1.45171209 -1.13171928 -0.99661087 -0.73158394 -1.65261722 -3.30569224
 -3.14566875 -0.42365747 -0.86024162 -1.62326066 -1.22973535 -0.91019076
 -1.44877102 -1.86551635 -1.52921592]
log likelihood =  -23511.631767969513
Edge derivatives =  [-2.003605894443841, -0.29174374479689413, 4.6354006603161, 1.8009449373215995, -2.891993471252078, -0.31653117572621464, 1.2451086323308824, 0.07624440944367328, -1.2981062488945592, -6.060153522141113, -4.368544965697185, -0.8839556343327148, 0.5296211050021692, -0.03165088803905858]
other derivatives: [12.30384078  3.78836558  3.40416955 -2.87338116 -2.15079044 -3.86712418
  1.7210592 ]
Current x array =  [-0.66488512 -0.80610501 -0.47830064  0.52574897 -2.38145404 -0.67692196
 -1.43355321 -1.17408465 -0.98549744 -0.73709068 -1.65644373 -3.33882361
 -3.16567329 -0.42155488 -0.84841278 -1.6321203  -1.21581023 -0.91000759
 -1.44416775 -1.86408305 -1.52426452]
log likelihood =  -23511.425303744923
Edge derivatives =  [-0.09123127677297924, -0.4111966485695005, 3.8291407394085004, 1.8455305621419054, -2.3386400028420824, 0.20613754330985318, 0.45035202871402635, -0.993848548377817, -0.3818659183003466, -4.925369814350471, -1.735010370702541, -0.6595778767196909, 0.21990621041573932, -0.8116193592967379]
other derivatives: [ 4.26426413  3.80740676 -1.1374068   2.85663191 -1.26289208 -3.33056232
  0.39312927]
Current x array =  [-0.66378532 -0.80558152 -0.47854018  0.51795369 -2.3823106  -0.68650341
 -1.42552623 -1.20129233 -0.97476695 -0.7326631  -1.65751058 -3.36677208
 -3.18145549 -0.42045333 -0.84471251 -1.6365979  -1.21836024 -0.91665024
 -1.44265124 -1.86237981 -1.52200638]
log likelihood =  -23511.327605639788
Edge derivatives =  [1.516535197193788, -0.560018850232578, 2.166767805298233, 1.7347537023390025, -1.7119034259916628, 0.7761911320554253, -0.4670042550952701, -1.52848098638715, 0.8772067247617814, -0.959618756523312, 1.5707707829570507, -0.040206365461899596, 0.17394014713182238, -0.6910843916331394]
other derivatives: [  7.52464621 -13.58185546  -4.26052065  -1.12072303   3.79137951
  -1.70508065   0.17348228]
Current x array =  [-0.664297   -0.80020398 -0.4780083   0.52148188 -2.38582039 -0.69978867
 -1.4188099  -1.22548548 -0.96504171 -0.72348307 -1.65559238 -3.39659309
 -3.19590031 -0.41740964 -0.84338532 -1.64081683 -1.22977208 -0.92422484
 -1.44243186 -1.86120576 -1.52291036]
log likelihood =  -23511.28784138554
Edge derivatives =  [1.5466461914168383, -0.21926107276228443, 0.26404162655369046, 1.1691840356134293, -1.723475578099234, 0.7035628325752225, -2.5828505269929214, -2.5995025627513253, 1.051615742139072, 0.318052964016737, 1.782056760571163, -0.20300030414818704, -0.1817923388097556, -0.9577654150809501]
other derivatives: [-14.34848673   1.4188372    2.95228165   0.3801506    1.29144869
  -1.23971404  -0.53420551]
Current x array =  [-0.66104693 -0.80511323 -0.47947113  0.52056833 -2.38525113 -0.70620847
 -1.41141498 -1.22534236 -0.96953859 -0.71656957 -1.65065894 -3.39698
 -3.19216331 -0.41324733 -0.84184396 -1.64217377 -1.23436241 -0.92487656
 -1.4425435  -1.85989606 -1.52241471]
log likelihood =  -23511.260367081035
Edge derivatives =  [1.1571779918268652, -0.42364545877636883, 0.6621647464761703, 1.3284378503444663, -1.7177105320536055, 0.7241911543501135, -1.2426899011304378, -1.685867910039991, 0.8719888391609014, 0.25353254463510033, 1.5726207262616207, -0.036190663471229956, 0.02136075333124615, -0.5998454156626501]
other derivatives: [-5.06734796 -0.00885848 -0.77653749 -0.44258923  0.84689483 -1.07345113
  0.32852913]
Current x array =  [-0.66235521 -0.80451889 -0.47869264  0.52183427 -2.38423307 -0.70354251
 -1.41652661 -1.22197947 -0.96792887 -0.7178292  -1.65173923 -3.39630265
 -3.19263773 -0.41587756 -0.84430867 -1.64039672 -1.23377586 -0.92393618
 -1.44274924 -1.86038815 -1.52318365]
log likelihood =  -23511.247659629633
Edge derivatives =  [0.9725838404476401, -0.4449815226660221, 0.36247600956366777, 1.3058201479041256, -1.706507674996248, 0.7236449981361361, -0.34110703454544855, -1.0765413268977317, 0.7890567846256191, 0.4928592758027609, 1.5021366858884901, 0.04176890260584726, 0.024128649101866628, -0.4978992802636288]
other derivatives: [-0.10348595  0.13264071  0.13470344 -1.03830098  0.30641004 -0.65963832
  0.73222978]
Current x array =  [-0.66298226 -0.80445331 -0.47871724  0.52259613 -2.3833561  -0.704552
 -1.41725856 -1.22063025 -0.96823131 -0.71659123 -1.65086466 -3.39716985
 -3.19202769 -0.41788306 -0.8463407  -1.63968958 -1.23447796 -0.92363129
 -1.44300712 -1.86021582 -1.52350052]
log likelihood =  -23511.233988873886
Edge derivatives =  [0.8625095638164477, -0.3350234865998971, -0.3562877385045451, 1.1604377201066542, -1.6892039653559696, 0.7026412020567092, 0.4395056203616071, -0.45716496897322895, 0.7138452226195275, 0.863609190817333, 1.2072183400503973, 0.05642760810179481, -0.06428016891974286, -0.4136549889754031]
other derivatives: [ 3.25099973  1.15645526 -1.6461272  -1.11277768 -0.8648873  -0.02993329
  0.89052489]
Current x array =  [-0.66343628 -0.80468518 -0.47837936  0.52306211 -2.38228227 -0.70799112
 -1.41545489 -1.21943055 -0.96991314 -0.7136038  -1.64815183 -3.39944119
 -3.19025375 -0.41977673 -0.84876334 -1.63907955 -1.2356645  -0.92276686
 -1.44326124 -1.85963642 -1.52381548]
log likelihood =  -23511.22154179276
Edge derivatives =  [0.821281388608376, -0.27376248573001966, -1.1375073999452538, 0.9424605664099629, -1.6614374776948286, 0.6721622253094454, 1.0184839008507791, 0.01262220125800595, 0.5218159516298875, 0.8274613350468922, 0.44103366609056993, -0.08250272009578341, -0.21657595313649625, -0.4362247543839578]
other derivatives: [ 5.55272709  0.60943057  4.91235187 -1.249864   -1.16608797  0.54331758
  0.74006098]
Current x array =  [-0.66364711 -0.80449719 -0.47931421  0.52276339 -2.381932   -0.71259485
 -1.41185205 -1.21970034 -0.97149236 -0.71096197 -1.64454688 -3.4047094
 -3.18876695 -0.42129262 -0.85103318 -1.63848318 -1.23585787 -0.92114115
 -1.44333708 -1.85904413 -1.52429367]
log likelihood =  -23511.208151688355
Edge derivatives =  [0.9018801183865383, -0.11334540722541114, -1.6360641705190972, 0.7401312919385848, -1.6249914293210423, 0.6392525976076212, 1.407504164949804, 0.4477694678509617, 0.35040103650675697, 0.5225894065402298, -0.6155316363932474, -0.25612241490172827, -0.33765766663961205, -0.31170900680382996]
other derivatives: [ 1.11012923 -0.21874439 -0.4881731  -0.67973451 -1.8401523   1.04138599
  0.36563637]
Current x array =  [-0.66317153 -0.80438864 -0.47855788  0.52257726 -2.38188019 -0.71758094
 -1.40750702 -1.21972371 -0.97339246 -0.70888435 -1.64027203 -3.41091044
 -3.18685181 -0.42233176 -0.85310989 -1.63770252 -1.23500858 -0.91855243
 -1.44328176 -1.85853437 -1.52495655]
log likelihood =  -23511.19740578785
Edge derivatives =  [1.1175480513147695, 0.0006364988614550593, -1.5536252922344045, 0.6390909441464778, -1.5807287958835137, 0.6361562308288154, 1.0250959331773797, 0.38493348095155877, 0.27990821912866704, 0.2084010392866679, -1.1093724513934866, -0.32823873806250675, -0.34994299424375697, -0.2011745412300029]
other derivatives: [-0.45595516  0.61223182 -0.01729859  0.22885797 -1.06600462  1.01426849
 -0.18162856]
Current x array =  [-0.66294507 -0.8046834  -0.4786905   0.52125074 -2.38317294 -0.71988922
 -1.40404705 -1.22059891 -0.97422946 -0.70906786 -1.63768293 -3.41593185
 -3.18601987 -0.42130884 -0.85324105 -1.63745687 -1.2339889  -0.91735719
 -1.44325835 -1.85853711 -1.52553605]
log likelihood =  -23511.195773967374
Edge derivatives =  [0.5707196242606261, -0.21702705867449598, -0.6950543662820141, 0.3927555269609179, -1.5346097537161716, 0.5458900223506475, 1.2132998516574451, 1.082043197750668, -0.4777423947652727, -1.0566730576891352, -2.4314726971527176, -0.34041452578649195, -0.16413846869310483, 0.41698878170652043]
other derivatives: [-14.20946501  -8.9136156    1.90407809  -0.04057074   1.90733048
   0.81994585  -0.16856758]
Current x array =  [-0.66126002 -0.80233867 -0.47905667  0.52084564 -2.3863886  -0.71960858
 -1.40296306 -1.21335122 -0.97593457 -0.71386321 -1.63135074 -3.42659462
 -3.18130082 -0.42109177 -0.85695941 -1.63365589 -1.2306016  -0.91449102
 -1.44432071 -1.85989713 -1.52858213]
log likelihood =  -23511.186383056705
Edge derivatives =  [0.8340660827343174, -0.11209874254173863, -1.1058396819740732, 0.5114289517167981, -1.5565420276277029, 0.5894893294683456, 1.1230336953560633, 0.748202940655271, -0.11318567177209943, -0.44832823647382375, -1.7957010738991588, -0.33413908129179254, -0.2533291884975083, 0.12053777961331907]
other derivatives: [-7.59206523 -4.32835441  0.98048622  0.08823918  0.48118884  0.91321635
 -0.17509159]
Current x array =  [-0.66206933 -0.80346482 -0.4788808   0.52104021 -2.38484415 -0.71974337
 -1.40348368 -1.21683221 -0.97511562 -0.71156005 -1.63439202 -3.42147341
 -3.18356733 -0.42119602 -0.85517352 -1.63548146 -1.23222848 -0.91586761
 -1.44381047 -1.85924393 -1.52711913]
log likelihood =  -23511.17136594889
Edge derivatives =  [1.0089119827878168, -0.049009872304876884, -0.5553873551984513, 0.43718405709645175, -1.4591321940837823, 0.6272512847153827, 0.4922449251889127, 0.6771335821462146, -0.16965885639367645, -0.5754080900495879, -1.6654364540739568, -0.17623059175540684, -0.12213740501951598, 0.42777752960185383]
other derivatives: [-5.41683767 -1.97262489  0.48166112  1.07455344  1.79682521  0.72432158
 -0.59092015]
Current x array =  [-0.66231125 -0.80411102 -0.47882388  0.51960336 -2.38668551 -0.72040939
 -1.40120512 -1.21647855 -0.97525986 -0.71333588 -1.63144898 -3.42870565
 -3.18266382 -0.41921489 -0.85520141 -1.63470858 -1.23146057 -0.91591006
 -1.44415136 -1.85971916 -1.5281123 ]
log likelihood =  -23511.149182663616
Edge derivatives =  [0.8898170467585971, -0.11123512792886434, 0.09118262901185514, 0.19290365521993513, -1.28834726662781, 0.6801230925926085, -0.2955449448394448, 0.6918632638518563, -0.3746297264425431, -0.5674367529973996, -1.163417118670183, 0.13851944925949494, 0.07117531557826368, 0.8819328703748737]
other derivatives: [-1.39883196 -0.18047649 -0.11935117  1.35620576  2.53893284  0.68402005
 -0.77350669]
Current x array =  [-0.66280231 -0.80456451 -0.47868303  0.51920727 -2.38782383 -0.72088474
 -1.39921992 -1.21339199 -0.97550661 -0.71602327 -1.6257718  -3.44219336
 -3.18020013 -0.41686772 -0.85619292 -1.63277668 -1.23108485 -0.91684118
 -1.44496738 -1.86054418 -1.52967856]
log likelihood =  -23511.124802907365
Edge derivatives =  [0.34967586995343536, -0.3366434594067051, 0.7265149087816637, -0.2583951661462343, -1.0559015360199762, 0.7294365334449625, -1.096115696260437, 0.7512574516859869, -0.7372612670948138, -0.4314168576174816, -0.29128397544529955, 0.545110257835706, 0.2803114849601908, 1.333639826586808]
other derivatives: [ 2.96973667  1.07791857 -0.61289757  0.82750557  2.01713628  0.78302764
 -0.62015788]
Current x array =  [-0.66335273 -0.80485566 -0.47851184  0.52013986 -2.38746564 -0.72051527
 -1.39808304 -1.2067747  -0.97613341 -0.71958194 -1.61740919 -3.46207521
 -3.17556871 -0.41479431 -0.85806641 -1.62981362 -1.23119984 -0.91880198
 -1.44611703 -1.86166298 -1.53132681]
log likelihood =  -23511.10892733565
Edge derivatives =  [-0.2066781187174747, -0.5607885947719408, 0.8800370480322994, -0.6091926637305354, -0.8965390718174343, 0.742446206264948, -1.1728349463118999, 0.7649045001048984, -0.9428976189107259, -0.2612963281541126, 0.24486109259045097, 0.6651889002747919, 0.3205337657279597, 1.3124494656192631]
other derivatives: [ 2.27780765  2.34159234 -0.17398997  0.29399962  0.51038845  0.83813575
 -0.30314826]
Current x array =  [-0.6632354  -0.8052268  -0.47857098  0.5212473  -2.3858311  -0.71910154
 -1.39853278 -1.20157759 -0.97675562 -0.72147683 -1.61210604 -3.47689694
 -3.1717214  -0.41504657 -0.85918218 -1.62828777 -1.23169182 -0.92024033
 -1.44642813 -1.86222679 -1.53132062]
log likelihood =  -23511.11506041131
Edge derivatives =  [-0.8278253478926476, -0.7510125513679331, 0.5765159456721936, -1.3400134036505214, -0.5744959983538284, 0.7137825659133528, -1.3490103972564154, 0.15315294497463272, -0.8879189988199099, 0.1872056983738632, 0.7904270846203091, 0.3619048872309547, 0.10000430316828574, 0.3815454569673402]
other derivatives: [14.24487709 -8.733492   -5.05653588 -0.44319313 -1.30451843  0.50121525
 -0.51757213]
Current x array =  [-0.66518026 -0.80173679 -0.4776002   0.52242787 -2.38359403 -0.71655834
 -1.39625497 -1.19491846 -0.98015823 -0.72246402 -1.60229111 -3.5099905
 -3.16251842 -0.41631818 -0.85828949 -1.62849768 -1.2331277  -0.922353
 -1.44534661 -1.86233575 -1.52822789]
log likelihood =  -23511.09936187121
Edge derivatives =  [-0.4781183537538122, -0.6436304176408627, 0.7478631773368767, -0.9279338128568724, -0.7525986740204434, 0.7305201095086419, -1.2493304773393499, 0.4971488205674427, -0.9179799668439705, -0.06370945340893658, 0.4847075722291234, 0.5334423189001876, 0.22404076567556336, 0.905272954021454]
other derivatives: [ 7.53674976 -2.49806908 -2.31056401 -0.02986781 -0.28279009  0.69056841
 -0.39666656]
Current x array =  [-0.66408775 -0.80369728 -0.47814553  0.5217647  -2.38485069 -0.71798696
 -1.39753451 -1.19865917 -0.97824684 -0.72190947 -1.60780457 -3.49140044
 -3.16768812 -0.41560387 -0.85879095 -1.62837976 -1.2323211  -0.92116622
 -1.44595415 -1.86227454 -1.52996521]
log likelihood =  -23511.084167346813
Edge derivatives =  [-0.7971852306774956, -0.7496073999928052, 0.500422115810044, -1.1788183909300467, -0.6254873115461151, 0.7216263648382226, -1.113646655753408, 0.13231711555859027, -0.7943513362223859, 0.30242898410909413, 0.956335128060276, 0.3662822925377697, 0.0864610184403024, 0.32623304251953894]
other derivatives: [ 2.19912181 -1.37493043 -0.74818308 -0.18839273 -1.59361613  0.44880653
 -0.27467856]
Current x array =  [-0.66334793 -0.80409926 -0.47847559  0.52229951 -2.38333597 -0.71554321
 -1.3981154  -1.19618331 -0.97933889 -0.72207691 -1.60530515 -3.50373693
 -3.16421959 -0.41688829 -0.85786389 -1.62913335 -1.2335575  -0.92270191
 -1.44527635 -1.86225861 -1.5279638 ]
log likelihood =  -23511.073323098848
Edge derivatives =  [-0.7835719268408325, -0.6430984246453623, 0.09196512315620864, -1.2876429421874893, -0.5374053243833379, 0.6890093185248338, -0.49050285970992935, -0.06480526672616782, -0.5237946068026864, 0.5300488698587804, 0.8136434941981098, 0.0343372196415469, -0.10793667083837671, -0.3223282902305581]
other derivatives: [-1.44638761 -1.03533239  0.18487844 -0.20730295 -1.89423793  0.19973959
 -0.40979395]
Current x array =  [-0.66285363 -0.80427241 -0.47866157  0.52241815 -2.38289947 -0.71440879
 -1.39757088 -1.19591587 -0.98125041 -0.72076042 -1.6041986  -3.51331787
 -3.16095702 -0.41915051 -0.85674932 -1.63087259 -1.23426828 -0.92263905
 -1.44414612 -1.86183047 -1.52562933]
log likelihood =  -23511.064486783405
Edge derivatives =  [-0.5548312073545434, -0.40186388525378147, -0.08202162936118684, -1.2557964456718462, -0.4470909985737199, 0.6596348147171822, 0.22625067164717605, -0.17351923583738754, -0.14451585145476792, 0.6723129954549939, 0.5640002408125415, -0.2571413921901182, -0.22197061845428684, -0.8240320381269404]
other derivatives: [-2.95746577 -0.67912697  0.03394598 -0.13714453 -1.00531502 -0.16584818
 -0.62384682]
Current x array =  [-0.66264485 -0.80442621 -0.47863913  0.52223082 -2.38371807 -0.71312393
 -1.39715776 -1.19646366 -0.98343396 -0.71963672 -1.60416002 -3.52260836
 -3.15750567 -0.42123351 -0.85537356 -1.63298735 -1.23443604 -0.92207394
 -1.44301766 -1.8615283  -1.5236073 ]
log likelihood =  -23511.062804595877
Edge derivatives =  [-0.4919118747826292, -0.13056076927646737, -0.20042294814913364, -1.1591971614592163, -0.35221214834416054, 0.5858165836954758, 1.1548298898731404, -0.014232384765293649, 0.11052668567453106, 0.3722306478231976, -0.2222260429201497, -0.4876975560335832, -0.18822056284301047, -1.0090966910734331]
other derivatives: [ 2.51546953 -0.25653208 10.60022987 -1.08526001  0.46843985 -0.37232167
 -0.48145464]
Current x array =  [-0.66318224 -0.80450208 -0.48005905  0.52238541 -2.38461496 -0.7117248
 -1.39836982 -1.19575821 -0.98656863 -0.71900958 -1.6049945  -3.53510347
 -3.15163278 -0.42344683 -0.85488106 -1.63462357 -1.23315163 -0.92024814
 -1.44232673 -1.86168976 -1.52295446]
log likelihood =  -23511.053487776004
Edge derivatives =  [-0.24978040256115053, 0.03832306873458252, 0.007076305568163188, -1.0814934635923745, -0.3098175533700336, 0.6007817857787335, 1.1244959255310318, -0.02797110701996086, 0.28900758538137394, 0.4160593422006442, -0.1643275026685297, -0.4516280370389074, -0.13449797846060152, -0.9112190050686917]
other derivatives: [ 0.30122828  0.33452307  2.44579496 -0.26710768  0.86585686 -0.50191011
 -0.65764037]
Current x array =  [-0.6630032  -0.80470274 -0.47890237  0.52188065 -2.38544647 -0.71172424
 -1.39788611 -1.19646317 -0.98710413 -0.71901086 -1.60508385 -3.53812356
 -3.15077753 -0.42321503 -0.85439614 -1.63514217 -1.23290898 -0.92007124
 -1.44220065 -1.86173946 -1.52291172]
log likelihood =  -23511.049780974674
Edge derivatives =  [-0.19436916229933726, 0.13076845899202877, 0.21747181837508756, -1.0184464482454996, -0.2801932990784571, 0.5991475478333175, 1.0060640046131, 0.04829133197116586, 0.3136129723052348, 0.26037459291637627, -0.23729467168382273, -0.3459642960371728, -0.016325763832016726, -0.6336887174432724]
other derivatives: [ 0.45988781  0.5450529  -0.26561975  0.0047512   1.13467885 -0.48784568
 -0.6004489 ]
Current x array =  [-0.66305936 -0.80475608 -0.47850659  0.52166957 -2.38588786 -0.71175059
 -1.39830239 -1.19622116 -0.98757955 -0.71948494 -1.60536976 -3.54115897
 -3.14942804 -0.4226517  -0.85455265 -1.63497525 -1.23215793 -0.91968111
 -1.44248157 -1.86203995 -1.52374249]
log likelihood =  -23511.044083600485
Edge derivatives =  [-0.19693080496794985, 0.30625515142277976, 0.5021179847182583, -0.8975317316967405, -0.2134899416425172, 0.5698424134414743, 0.8232475514531588, 0.17394594874537483, 0.34910608607677934, -0.14926985885541338, -0.5128307791444375, -0.1745745293470602, 0.21526147877532215, -0.12028969781185089]
other derivatives: [ 0.72933472  0.50333256 -2.35444531  0.24045221  1.36721552 -0.42182728
 -0.32631788]
Current x array =  [-0.66312685 -0.80472689 -0.47820787  0.52144957 -2.38625498 -0.71142334
 -1.39994866 -1.19530645 -0.98901469 -0.72026487 -1.6065226  -3.54937007
 -3.14538118 -0.42180488 -0.8548429  -1.63476918 -1.23043173 -0.91874228
 -1.44303169 -1.86267521 -1.52541056]
log likelihood =  -23511.03735534202
Edge derivatives =  [-0.2376161299621176, 0.4831153976075005, 0.4538655430354516, -0.7455808103738196, -0.15496134327228964, 0.5126486795389157, 0.4994700913931597, 0.09578726982912777, 0.41816108029236115, -0.5111685836240156, -0.7395008014838523, -0.08065458382868784, 0.351132538981628, 0.19515030118561433]
other derivatives: [ 0.27894566  0.2416964  -2.77774598  0.48226502  0.64590222 -0.30260708
  0.02931198]
Current x array =  [-0.66309363 -0.80461223 -0.47820056  0.52125731 -2.38551799 -0.71095737
 -1.40222156 -1.19527388 -0.9905855  -0.720027   -1.60961202 -3.55779119
 -3.14038892 -0.42098621 -0.8544878  -1.63505019 -1.22901191 -0.91814416
 -1.44340118 -1.86293724 -1.52653247]
log likelihood =  -23511.028443617
Edge derivatives =  [-0.19551361417052943, 0.6749769456594836, 0.39968867521424645, -0.3983715394035434, -0.03875688007679441, 0.43988605713770657, -0.394437859331936, -0.11636686567724297, 0.41698821766686417, -0.3674547616223949, 0.2141834715205363, 0.2626384786330073, 0.3766390327005528, 0.4979417434416338]
other derivatives: [ 1.97221016  1.9310537  -3.14775389  0.0581822  -0.21431892 -0.08827556
  0.51829626]
Current x array =  [-0.6632794  -0.80499054 -0.47816589  0.52199324 -2.38445659 -0.71045926
 -1.40526807 -1.19626386 -0.99125027 -0.71917933 -1.61631682 -3.57147186
 -3.13171601 -0.41848795 -0.85363931 -1.63446362 -1.22899622 -0.92024517
 -1.444262   -1.8624329  -1.52755834]
log likelihood =  -23511.059489287938
Edge derivatives =  [0.0022702539548778433, 0.9212769805728661, -0.48043897259877877, 0.260165348908872, 0.015364995959084513, 0.15768406349047354, -1.139376704415247, -0.3812616762593331, 0.18789805873535376, -0.9063615763112074, -0.09930652447257637, 0.1295026469872243, 0.05251696362180108, 0.46528641870503357]
other derivatives: [-14.7795763  -11.57635415   2.13125895  -1.17624586   1.41884584
   0.09756332   0.89804305]
Current x array =  [-0.66121361 -0.80138412 -0.4791681   0.52252169 -2.38544009 -0.71163422
 -1.40821921 -1.20125731 -0.99276951 -0.71559447 -1.63050078 -3.58886588
 -3.11690332 -0.41644449 -0.85248981 -1.63421534 -1.22794126 -0.92024351
 -1.44480778 -1.86071678 -1.52871855]
log likelihood =  -23511.02548762184
Edge derivatives =  [-0.15025994701387685, 0.7312909580695958, 0.20090328278107084, -0.24681477185724304, -0.02601688635398785, 0.3765042408767474, -0.563349361552475, -0.17626478392641587, 0.3653701723627688, -0.4894387115070631, 0.14343033803134986, 0.23300401138017074, 0.30319599904827205, 0.490875292415439]
other derivatives: [-1.83031807 -1.13072019 -1.94443419 -0.22347376  0.15891172 -0.04599133
  0.60497298]
Current x array =  [-0.66280894 -0.80416922 -0.47839413  0.52211359 -2.38468057 -0.71072685
 -1.40594016 -1.19740106 -0.99159626 -0.71836292 -1.61954706 -3.57543316
 -3.12834258 -0.41802257 -0.85337752 -1.63440707 -1.22875597 -0.92024479
 -1.4443863  -1.86204207 -1.52782257]
log likelihood =  -23511.02303419431
Edge derivatives =  [-0.07260406532341995, 0.7630272902980713, 0.008780487782978796, -0.16081337234338988, -0.002190776563507149, 0.3473655597595581, -0.44570046451863343, -0.23703133225249767, 0.4010455142878389, -0.24451121834585954, 0.3826789851563567, 0.16807533232965144, 0.1634163595975141, 0.23064294295449578]
other derivatives: [-0.76105061 -0.52411633 -0.19200525 -0.51413372  0.17473378 -0.089065
  0.56394727]
Current x array =  [-0.66290588 -0.80431908 -0.47863064  0.52236794 -2.38450785 -0.7105656
 -1.40590709 -1.1982594  -0.99159407 -0.71739337 -1.62132928 -3.57846356
 -3.12619459 -0.41839398 -0.85287405 -1.63464618 -1.2295297  -0.92089432
 -1.44410439 -1.86144569 -1.52692177]
log likelihood =  -23511.02126638543
Edge derivatives =  [-0.013500018595541619, 0.7042767193183368, -0.17029408417350622, -0.09657619366947659, -0.0027178297121386585, 0.32127503210742087, -0.35386866187933175, -0.25383470638135847, 0.335339542603524, 0.00496638485087042, 0.5341064761280157, 0.08509406586229518, -0.0010250580891491556, -0.022972357618580075]
other derivatives: [ 0.01233639 -0.3373425   0.92231858 -0.54689372  0.10716183 -0.11429074
  0.42336952]
Current x array =  [-0.66298712 -0.80435024 -0.47878937  0.52232934 -2.38433589 -0.71085072
 -1.40522535 -1.19924057 -0.99075477 -0.71657227 -1.62277587 -3.5789441
 -3.12510401 -0.41869976 -0.85269865 -1.6343992  -1.2304644  -0.92137664
 -1.44385441 -1.86079432 -1.52612715]
log likelihood =  -23511.01924775473
Edge derivatives =  [0.04627879237160726, 0.6049322204357688, -0.2726768035399732, 0.011425500900608808, -0.006764802455246306, 0.277411400356673, -0.22375719559415463, -0.17069364538816878, 0.18648408999135374, 0.15710853217239307, 0.4620560840301349, -0.0013046867759329839, -0.14393390178552917, -0.16788797885617313]
other derivatives: [-0.00474756  0.2089073   1.43887519 -0.27036731  0.04356535 -0.12608871
  0.24249039]
Current x array =  [-0.66296927 -0.80450084 -0.47888676  0.52194649 -2.38427045 -0.7114266
 -1.40436046 -1.20025957 -0.98937785 -0.71597705 -1.62468685 -3.57986715
 -3.12330156 -0.41898878 -0.8528713  -1.63367603 -1.23111322 -0.92128846
 -1.44369557 -1.86019672 -1.52574688]
log likelihood =  -23511.020875318998
Edge derivatives =  [0.09080446670706421, 0.34266456220764735, -0.31078875350805035, 0.2536769315190167, -0.025123469504678968, 0.1710350238333335, 0.0379902002142013, 0.10931970272518676, -0.15340117885514093, 0.16611138541686582, -0.05304260314954057, -0.11730064129380197, -0.27494129462643446, -0.17343389537239895]
other derivatives: [ 6.18428021 -2.72228499  0.56002318  0.02795423 -0.04626126 -0.03966488
 -0.01769515]
Current x array =  [-0.66387594 -0.80351098 -0.47867431  0.5213768  -2.38404565 -0.71281125
 -1.40316428 -1.20179417 -0.98617685 -0.71544759 -1.62870763 -3.58171713
 -3.11901906 -0.41941543 -0.85359036 -1.63193926 -1.23141676 -0.92017461
 -1.44369915 -1.85955183 -1.52598077]
log likelihood =  -23511.018310365856
Edge derivatives =  [0.06301774550462141, 0.506335642957763, -0.28699908070326496, 0.10288597224354307, -0.01368396393858859, 0.23742035364500813, -0.12510569950929784, -0.0651495103444889, 0.0585287269387611, 0.16053726802565882, 0.2680619803121973, -0.04497070049510832, -0.19327762592011793, -0.16994991798494613]
other derivatives: [ 2.32942693 -0.89455716  1.10786277 -0.15812111  0.00997467 -0.09350333
  0.14449716]
Current x array =  [-0.66331086 -0.80412791 -0.47880672  0.52173186 -2.38418575 -0.71194826
 -1.4039098  -1.20083773 -0.98817188 -0.71577758 -1.62620167 -3.58056413
 -3.12168814 -0.41914952 -0.85314221 -1.63302171 -1.23122758 -0.92086882
 -1.44369692 -1.85995376 -1.525835  ]
log likelihood =  -23511.016789577792
Edge derivatives =  [0.08522493206443787, 0.36823855138427236, -0.2289063151143198, 0.20857779792995712, -0.017534182329527803, 0.19390293034261014, -0.03537809918725465, 0.08171734811014475, -0.1309978032135788, 0.18392985629044678, 0.08002742816078012, -0.07797174706055554, -0.2510401464931955, -0.1315098797063623]
other derivatives: [ 0.7065828   0.04806498  0.28875729  0.24518886 -0.05198997 -0.07908602
 -0.00876617]
Current x array =  [-0.66309168 -0.80443275 -0.47873095  0.52132401 -2.3842454  -0.7126349
 -1.40312218 -1.20139675 -0.98643327 -0.71580683 -1.62772187 -3.58167335
 -3.1197728  -0.41922783 -0.85362592 -1.63196618 -1.23142823 -0.92041795
 -1.4437617  -1.85969917 -1.52606362]
log likelihood =  -23511.016274996087
Edge derivatives =  [0.06446754089879708, 0.30317271635498155, -0.10387068068648464, 0.23349671620342274, -0.015944999811770146, 0.1804370844612683, -0.0263426474230003, 0.1545556230441082, -0.1944279424438603, 0.0919536540670271, -0.05165272939385779, -0.05010033977954026, -0.19842218591750777, -0.0014088787401485559]
other derivatives: [ 0.21802771  0.27006536  0.00228465  0.28872819  0.06333918 -0.05815673
 -0.02562955]
Current x array =  [-0.66302445 -0.80451752 -0.47869214  0.52128364 -2.38441748 -0.71288391
 -1.40298131 -1.20122976 -0.98574159 -0.71624913 -1.62782539 -3.5824596
 -3.1189947  -0.41912485 -0.85389995 -1.63155498 -1.23113034 -0.92005394
 -1.44393418 -1.85991506 -1.52652784]
log likelihood =  -23511.015731125226
Edge derivatives =  [-0.0017099143500581282, 0.17847018763239625, 0.014433137733259493, 0.2243891184620598, -0.00865752091012701, 0.16605475156967997, -0.032765651057302336, 0.14978965797849386, -0.21649909408139878, 0.04718520938604909, -0.05708408329225956, -0.013488123546608444, -0.13043189119605775, 0.08322256309131693]
other derivatives: [-0.44913395  0.16034028 -1.1062948   0.14048419 -0.04946753 -0.02438173
 -0.02483829]
Current x array =  [-0.66295285 -0.80451226 -0.47852091  0.52159595 -2.38432979 -0.71305172
 -1.40285693 -1.20090049 -0.98464193 -0.71676897 -1.62758894 -3.58373876
 -3.11789458 -0.41910941 -0.85393972 -1.63134819 -1.23098012 -0.92001769
 -1.4441182  -1.86028172 -1.52678194]
log likelihood =  -23511.015354610674
Edge derivatives =  [-0.10421983376922547, 0.034323991118308916, 0.1071589379181278, 0.17663862372868366, -0.007621704558135128, 0.1522670231903212, -0.00972911494460238, 0.12451369858715644, -0.2266430321078325, -0.06183933378607037, -0.1668426641089769, 0.0011248980993238122, -0.04119002467903726, 0.15468561748256043]
other derivatives: [-0.41050589  0.06321716 -0.03997775 -0.08649658 -0.10520998  0.00775981
 -0.01330461]
Current x array =  [-0.66294262 -0.8045046  -0.47865932  0.52183636 -2.38424065 -0.71318826
 -1.40273443 -1.20041859 -0.98361457 -0.71737649 -1.62685017 -3.58454943
 -3.1171428  -0.41921478 -0.85395738 -1.63132522 -1.23066435 -0.91978675
 -1.44427803 -1.86079809 -1.52704052]
log likelihood =  -23511.01507015019
Edge derivatives =  [-0.12708788749057687, -0.008413849326642742, 0.10074869613273607, 0.16418986508577893, 0.005122900414964236, 0.14117663336934494, 0.02065496092709429, 0.05612303155119791, -0.15397787229289517, -0.035251944145359926, -0.07362767193401831, 0.010210556370980395, -0.009873488614611459, 0.11603622368086963]
other derivatives: [-0.31943637 -0.05645052 -0.32068056 -0.23920438 -0.15697657  0.00931686
  0.01019938]
Current x array =  [-0.6629604  -0.80447417 -0.47860385  0.52206906 -2.38415877 -0.7130928
 -1.40284722 -1.2003912  -0.98325874 -0.71737151 -1.62676733 -3.58607666
 -3.11605961 -0.41936665 -0.85364404 -1.63168755 -1.23069074 -0.92000974
 -1.44428726 -1.86099251 -1.52682504]
log likelihood =  -23511.01467869646
Edge derivatives =  [-0.13806650127230702, -0.06342692766704225, 0.057109008788831406, 0.14008396672431497, 0.022879430205653223, 0.11946856317386892, 0.03796021895115309, -0.04923216426624477, -0.033527408294549255, 0.01456801649688072, 0.07096417492657692, 0.022754684104787204, 0.03291127788505771, 0.0346336425821262]
other derivatives: [ 0.03113746 -0.10212534  0.00602449 -0.18907667 -0.05826975 -0.00980071
  0.02215787]
Current x array =  [-0.66300488 -0.80445803 -0.47864642  0.52196386 -2.38426904 -0.71299392
 -1.40295667 -1.20060934 -0.98273484 -0.71722924 -1.62656143 -3.5883189
 -3.11422001 -0.41948621 -0.85317082 -1.63232541 -1.23075249 -0.92035837
 -1.4442949  -1.86124871 -1.52642582]
log likelihood =  -23511.014492197966
Edge derivatives =  [-0.12381499097733578, -0.07736784222410112, 0.027860373468674204, 0.12041781712121659, 0.03226575177628229, 0.1001819188660286, 0.030916567052647892, -0.0898372469067143, 0.03661672729389548, 0.020962666135173502, 0.08908014064030001, 0.02029721158570824, 0.05726880264076012, -0.00517682743389708]
other derivatives: [ 0.19224899  0.03066089 -0.02591696 -0.01640728 -0.00901112 -0.02962042
  0.01065201]
Current x array =  [-0.66302865 -0.80449514 -0.47864592  0.52173779 -2.38437548 -0.71297708
 -1.40300471 -1.2009078  -0.98250399 -0.71711215 -1.62625039 -3.58978227
 -3.11285117 -0.41948578 -0.8529978  -1.63270244 -1.23070253 -0.92038862
 -1.44428092 -1.86137082 -1.52620978]
log likelihood =  -23511.01467140716
Edge derivatives =  [-0.09167040917897079, -0.0926932739131148, -0.11931828769072317, 0.09130867628742001, 0.03436274904602453, 0.053699330995742714, 0.008979681122408545, -0.1343003397812385, 0.07207029909314722, 0.012685275705785204, 0.010585777078696346, -0.04938918099322531, 0.013957065962635518, -0.1384121716982924]
other derivatives: [-1.34712172 -1.18016033  0.44223998  0.11327938  0.11610933 -0.05965558
 -0.03392231]
Current x array =  [-0.66284671 -0.80417786 -0.47874163  0.52148575 -2.38451764 -0.71310709
 -1.40297147 -1.20181493 -0.98228606 -0.71667335 -1.62603282 -3.591646
 -3.11059898 -0.41949727 -0.85293283 -1.63307545 -1.23074639 -0.92030834
 -1.44417227 -1.86124841 -1.52580331]
log likelihood =  -23511.01443438776
Edge derivatives =  [-0.1131783249343758, -0.08242548278879686, -0.020785236067044965, 0.11079601179394344, 0.03296514987806372, 0.08483717123796772, 0.023670178900710548, -0.10453283598460011, 0.04834871878344921, 0.01823557994552255, 0.06313739632799586, -0.002730266443680074, 0.04295219015503954, -0.04921466573898947]
other derivatives: [-0.31653326 -0.36949132  0.1288463   0.02646266  0.03236831 -0.03955211
 -0.00408918]
Current x array =  [-0.6629685  -0.80439025 -0.47867756  0.52165446 -2.38442248 -0.71302006
 -1.40299372 -1.2012077  -0.98243194 -0.71696708 -1.62617846 -3.59039843
 -3.11210658 -0.41948958 -0.85297632 -1.63282576 -1.23071703 -0.92036208
 -1.444245   -1.86133035 -1.5260754 ]
log likelihood =  -23511.014317278157
Edge derivatives =  [-0.08565905850877226, -0.07228152728592571, -0.02604837193678955, 0.09437909602694436, 0.03582151894860489, 0.06931831372981544, 0.009624038291372816, -0.09304845697118452, 0.07499237227115269, -0.0029549786759056618, 0.008779848878394225, -0.009578917890728733, 0.055234921033544604, -0.051410502764496546]
other derivatives: [-0.14148827 -0.09669384  0.08754432  0.16990452  0.07116163 -0.05068432
 -0.02476842]
Current x array =  [-0.66299031 -0.80446926 -0.47867391  0.52147176 -2.38451891 -0.71308178
 -1.40299499 -1.20151834 -0.9823735  -0.71692426 -1.62576381 -3.59118113
 -3.11117394 -0.41941891 -0.85303778 -1.63297035 -1.23060342 -0.92020706
 -1.44423538 -1.86136391 -1.52602566]
log likelihood =  -23511.01419951764
Edge derivatives =  [-0.051863694354267714, -0.0479704910300425, -0.028856677000169806, 0.0744647142336048, 0.03502867281711096, 0.054312672721136435, -0.001819832965019863, -0.05875188519864527, 0.07790738979755235, -0.02734414040654648, -0.05786201634976318, -0.020923566093331958, 0.05153998369537732, -0.046771279524911835]
other derivatives: [-0.06123082  0.06463961  0.02446541  0.18472201  0.07918406 -0.04751564
 -0.04075161]
Current x array =  [-0.66299946 -0.80451937 -0.4786616   0.52146047 -2.38455022 -0.71319699
 -1.40299904 -1.20189064 -0.982429   -0.71690187 -1.62523372 -3.59163801
 -3.11039199 -0.41934454 -0.85321998 -1.63299984 -1.23050584 -0.92003004
 -1.44422453 -1.86131509 -1.52602973]
log likelihood =  -23511.01405484507
Edge derivatives =  [-0.0017443790158639394, -0.01558137967764045, -0.0321721680912328, 0.04618558461587632, 0.031022188286688367, 0.028702054156696993, -0.002547499357625993, 0.012283927523551563, 0.04386471655196095, -0.0403192303736698, -0.11333995600578617, -0.0316314176844642, 0.023412968195852257, -0.03572126679016191]
other derivatives: [ 0.19941945  0.07941344 -0.02355227  0.08057759  0.04548976 -0.01229273
 -0.05100164]
Current x array =  [-0.6630319  -0.80452124 -0.47864509  0.5215976  -2.38449202 -0.71348104
 -1.40300192 -1.20256456 -0.98245194 -0.71689633 -1.6244555  -3.59215219
 -3.10912053 -0.41927353 -0.85359056 -1.63284525 -1.23047296 -0.91989022
 -1.44424472 -1.86112552 -1.52609778]
log likelihood =  -23511.01421853389
Edge derivatives =  [0.014148087333493597, 0.02178995329246275, -0.037012335488229575, -0.014583068564259359, 0.025507186928813187, 0.020677614877523967, -0.01732709593336801, 0.023228783207607018, 0.03147491434119354, -0.02959046464851922, -0.04892332273744149, -0.02046568100533258, 0.003412165319625571, -0.025202605050131388]
other derivatives: [-1.25994484  0.80848622 -0.03688911 -0.01743319 -0.15658857  0.03147943
 -0.01204587]
Current x array =  [-0.66282013 -0.80475847 -0.47866763  0.52181325 -2.38428131 -0.71360756
 -1.40314105 -1.20293637 -0.98270216 -0.7170068  -1.62330951 -3.59184928
 -3.10869807 -0.4192697  -0.85379377 -1.63280888 -1.23052487 -0.92004642
 -1.44429656 -1.86100264 -1.52615989]
log likelihood =  -23511.014033624466
Edge derivatives =  [0.002278411688797388, -0.006123548281214031, -0.033396127239170126, 0.03082384545013233, 0.02962696310272908, 0.026672180571490955, -0.006286099822861768, 0.015057344430381758, 0.04073024921499496, -0.03760370003979252, -0.09703809212049153, -0.028805505045283564, 0.01835254827367777, -0.03305883242813756]
other derivatives: [-0.16975537  0.263939   -0.02692104  0.05577022 -0.00563142 -0.00121872
 -0.04114463]
Current x array =  [-0.66297831 -0.80458127 -0.47865079  0.52165217 -2.3844387  -0.71351306
 -1.40303713 -1.20265865 -0.98251525 -0.71692428 -1.62416551 -3.59207554
 -3.10901363 -0.41927256 -0.85364198 -1.63283605 -1.23048609 -0.91992974
 -1.44425784 -1.86109442 -1.5261135 ]
      fun: 23511.014033624466
 hess_inv: <21x21 LbfgsInvHessProduct with dtype=float64>
      jac: array([ 0.16975537, -0.263939  ,  0.02692104, -0.05577022,  0.00563142,
        0.00121872,  0.04114463, -0.00227841,  0.00612355,  0.03339613,
       -0.03082385, -0.02962696, -0.02667218,  0.0062861 , -0.01505734,
       -0.04073025,  0.0376037 ,  0.09703809,  0.02880551, -0.01835255,
        0.03305883])
  message: 'CONVERGENCE: REL_REDUCTION_OF_F_<=_FACTR*EPSMCH'
     nfev: 74
      nit: 66
     njev: 74
   status: 0
  success: True
        x: array([-0.66297831, -0.80458127, -0.47865079,  0.52165217, -2.3844387 ,
       -0.71351306, -1.40303713, -1.20265865, -0.98251525, -0.71692428,
       -1.62416551, -3.59207554, -3.10901363, -0.41927256, -0.85364198,
       -1.63283605, -1.23048609, -0.91992974, -1.44425784, -1.86109442,
       -1.5261135 ])
