number of sites to be analyzed:  246
log likelihood =  -2881.047249594236
Lr derivatives =  [-11.660650774580958, -121.77036492007612, -158.48069414071188]
other derivatives =  [ 11.15442319 -38.38194698  15.96144421 -75.55531511 249.05596001
  -0.        ]
Current x_clock array =  [-0.63013421 -0.6596189  -0.7065702   0.18232156 -0.10536052  0.33647224
 -0.51082562 -0.51082562 -0.51082562]
log likelihood =  -2661.714916571974
Lr derivatives =  [-21.094095757076246, -119.9152445929019, -154.40641264626157]
other derivatives =  [-49.77726167 -20.17553743 -29.81175066 -36.49013252 169.74952763
  -0.        ]
Current x_clock array =  [-0.67282995 -0.65728546 -0.76766576  0.47152434 -1.05867102  0.33647224
 -0.4661922  -0.50887034 -0.50887034]
log likelihood =  -3456.734107500407
Lr derivatives =  [-93.1465365768203, -61.96137284275521, 77.55388651276007]
other derivatives =  [ 1.04457824e+04  5.58717320e+01  1.10052765e+03 -5.71070731e+00
 -2.57068108e+01 -0.00000000e+00]
Current x_clock array =  [-0.05       -0.74157469 -0.17994726  1.02135263 -3.79905226  0.33647224
 -0.09126446  0.          0.        ]
log likelihood =  -2525.561742209631
Lr derivatives =  [24.952592024127483, -47.01457300385178, -81.53809383429493]
other derivatives =  [402.12197246  13.10960715  94.79568234  -8.04590491  81.34905142
  -0.        ]
Current x_clock array =  [-0.42964754 -0.69019598 -0.53819253  0.68620343 -2.12864608  0.33647224
 -0.31980259 -0.31018318 -0.31018318]
log likelihood =  -2448.8123050214635
Lr derivatives =  [-4.582081795906468, -32.77539526652218, -60.95605229353028]
other derivatives =  [-129.10115629   -5.97148164   24.54526384   24.14904384  -11.22762666
   -0.        ]
Current x_clock array =  [-0.74645559 -0.73617894 -0.55950795  0.97736143 -3.33590047  0.33647224
 -0.24497054 -0.18798307 -0.15179954]
log likelihood =  -2435.9714255122044
Lr derivatives =  [17.331989331246916, -13.767863459404328, -44.933544948415054]
other derivatives =  [-59.12903134   3.29121212  11.8099947   18.54216589  -0.7280291
  -0.        ]
Current x_clock array =  [-0.67756007 -0.73261358 -0.57691163  0.91827197 -3.2098002   0.33647224
 -0.24809565 -0.15394783 -0.09307257]
log likelihood =  -2429.180729252373
Lr derivatives =  [27.288706593259864, 0.6725683325582921, -12.61887518921867]
other derivatives =  [39.0005398  -0.64089681  4.44349871 12.13651285  7.18948942 -0.        ]
Current x_clock array =  [-0.59855606 -0.74764448 -0.59010045  0.83999156 -3.13159032  0.33647224
 -0.2962394  -0.10794785  0.        ]
log likelihood =  -2427.9680551606825
Lr derivatives =  [20.836541095134216, -2.6109586420161044, -7.937251211842522]
other derivatives =  [18.82520201 -1.69184204 -0.37748578 12.82861649  4.58398154 -0.        ]
Current x_clock array =  [-0.61277789 -0.74545219 -0.59666969  0.83047156 -3.14790221  0.33647224
 -0.31989955 -0.10566016  0.        ]
log likelihood =  -2425.9461302080645
Lr derivatives =  [1.1734006416485059, -11.178683299475534, 5.512174539035186]
other derivatives =  [-11.40058475  -3.68540759  -4.27994473  11.35337152   0.67925387
  -0.        ]
Current x_clock array =  [-0.63472973 -0.73686707 -0.60814733  0.76510849 -3.14393758  0.33647224
 -0.41217756 -0.08611009  0.        ]
log likelihood =  -2425.2468971721523
Lr derivatives =  [-5.821011659386027, -10.981491564838912, -31.53599083574546]
other derivatives =  [-14.2973804   -0.75675734  -1.83561269   7.8653452    0.29177328
  -0.        ]
Current x_clock array =  [-6.37075756e-01 -7.28326758e-01 -6.08502793e-01  7.05868138e-01
 -3.13104920e+00  3.36472237e-01 -4.64357914e-01 -5.35127134e-02
 -3.01954109e-03]
log likelihood =  -2424.702103943633
Lr derivatives =  [-10.516103722900752, -5.874917960342888, 8.195593181881122]
other derivatives =  [-2.91168044  4.06189065  3.71687702  1.98059615  0.71504216 -0.        ]
Current x_clock array =  [-0.62909428 -0.71942618 -0.60439696  0.6216281  -3.1220063   0.33647224
 -0.52133593  0.          0.        ]
log likelihood =  -2424.6703093672954
Lr derivatives =  [-5.110815505151422, -3.3224849042770868, -28.94756376312456]
other derivatives =  [ 3.20757681  3.96690166  3.30100238  2.21315122  1.02893748 -0.        ]
Current x_clock array =  [-0.62480054 -0.72300591 -0.60293121  0.6308265  -3.13138121  0.33647224
 -0.49907993  0.         -0.00481505]
log likelihood =  -2424.5149816424064
Lr derivatives =  [1.9843577969943098, 0.3408434054000198, -1.1626070772763342]
other derivatives =  [ 5.75309605  2.50141011  1.1837642   3.40313363  0.6266414  -0.        ]
Current x_clock array =  [-0.62312208 -0.73038127 -0.60155127  0.65548275 -3.16162635  0.33647224
 -0.46620671  0.          0.        ]
log likelihood =  -2424.4500830531724
Lr derivatives =  [-3.0566019657496213, -2.2407288860319543, 2.648721419973299]
other derivatives =  [ 3.33000571  1.84060355  3.32540822  2.00578233 -0.13435187 -0.        ]
Current x_clock array =  [-0.6246741  -0.72843323 -0.60132164  0.62859359 -3.1622456   0.33647224
 -0.48592423  0.          0.        ]
log likelihood =  -2424.424794320698
Lr derivatives =  [-1.6958577717014656, -1.3023586801321643, -28.131176693276323]
other derivatives =  [-0.51741335 -0.81445341 -1.08364839  1.09897337  0.5489639  -0.        ]
Current x_clock array =  [-6.27376961e-01 -7.32403164e-01 -6.07109890e-01  6.15112042e-01
 -3.15451233e+00  3.36472237e-01 -4.83224012e-01  0.00000000e+00
 -4.50490129e-04]
log likelihood =  -2424.4073020052647
Lr derivatives =  [-1.0232364246607304, -0.9041617758957674, 0.963791535468772]
other derivatives =  [-1.36255676 -1.72638784 -1.9923782   0.80863356  0.55941664 -0.        ]
Current x_clock array =  [-0.62798177 -0.73412278 -0.60808568  0.61098769 -3.15712246  0.33647224
 -0.4804753   0.          0.        ]
log likelihood =  -2424.397511712886
Lr derivatives =  [-0.6320249736849668, -0.8010401585552545, -28.141801203671317]
other derivatives =  [-0.38254529 -2.04828575 -0.72572038  0.50569906  0.0885923  -0.        ]
Current x_clock array =  [-6.27280934e-01 -7.35242456e-01 -6.06153039e-01  6.06800244e-01
 -3.16835012e+00  3.36472237e-01 -4.76797001e-01  0.00000000e+00
 -2.77832928e-05]
log likelihood =  -2424.395355261617
Lr derivatives =  [-0.6607407879700595, -0.8677800849127981, 0.7642938726348802]
other derivatives =  [ 0.33167089 -2.06441337  0.22208405  0.31979516 -0.16429982 -0.        ]
Current x_clock array =  [-0.62677192 -0.7354673  -0.60490265  0.60407382 -3.17371928  0.33647224
 -0.47587014  0.          0.        ]
log likelihood =  -2424.3952560035577
Lr derivatives =  [-0.668326375044181, -0.8632530344835411, -28.22022911669039]
other derivatives =  [ 0.40958184 -2.02149522  0.21538472  0.30305546 -0.11921525 -0.        ]
Current x_clock array =  [-6.26720615e-01 -7.35366443e-01 -6.04950679e-01  6.03868980e-01
 -3.17286448e+00  3.36472237e-01 -4.76099598e-01  0.00000000e+00
 -5.11165103e-06]
log likelihood =  -2424.397446303824
Lr derivatives =  [-0.5610354448227355, -0.6769178756570271, 0.619002094026655]
other derivatives =  [ 1.05007666 -1.55848466 -0.37419204  0.17151297  0.55925551 -0.        ]
Current x_clock array =  [-0.62632363 -0.73424732 -0.6061276   0.6026066  -3.16044385  0.33647224
 -0.47855887  0.          0.        ]
log likelihood =  -2424.3948783606
Lr derivatives =  [-0.6384842442561727, -0.8113194503473822, -28.14642013378512]
other derivatives =  [ 0.58808519 -1.89233288  0.05043103  0.26650605  0.0695703  -0.        ]
Current x_clock array =  [-6.26609870e-01 -7.35054250e-01 -6.05278993e-01  6.03516827e-01
 -3.16939962e+00  3.36472237e-01 -4.76785639e-01  0.00000000e+00
 -3.68570183e-06]
log likelihood =  -2424.424251501019
Lr derivatives =  [1.3849929504037704, 0.5901235382293376, -0.9875293471850455]
other derivatives =  [-3.93565506  5.52576512 -0.54611428 -0.32724392 -0.16703795 -0.        ]
Current x_clock array =  [-0.63076144 -0.72389677 -0.60551972  0.59343724 -3.1761514   0.33647224
 -0.47211307  0.          0.        ]
log likelihood =  -2424.391105240512
Lr derivatives =  [-0.13080360571557392, -0.45954768850002625, -28.08381836387598]
other derivatives =  [-0.56457975 -0.04295771 -0.09960604  0.11570728  0.00944054 -0.        ]
Current x_clock array =  [-6.27657972e-01 -7.32237441e-01 -6.05339766e-01  6.00972142e-01
 -3.17110417e+00  3.36472237e-01 -4.75606006e-01  0.00000000e+00
 -2.75521214e-06]
log likelihood =  -2424.3908529887794
Lr derivatives =  [0.0346052104933392, -0.35648239153990513, 0.160889612743631]
other derivatives =  [ 0.33923789  0.07791687 -0.02267734 -0.03323748 -0.01206962 -0.        ]
Current x_clock array =  [-0.62700284 -0.73218914 -0.6052846   0.59885254 -3.17233093  0.33647224
 -0.47505723  0.          0.        ]
log likelihood =  -2424.390805761227
Lr derivatives =  [-0.027313148084104455, -0.39374736939702437, 0.2105480234604329]
other derivatives =  [-0.04750291  0.00762338 -0.0987684   0.02032266 -0.00828237 -0.        ]
Current x_clock array =  [-0.62727993 -0.73224375 -0.60536513  0.59958264 -3.17194399  0.33647224
 -0.47525514  0.          0.        ]
log likelihood =  -2424.3908054164604
Lr derivatives =  [-0.004581990027290317, -0.38400753896856676, -28.06624472983382]
other derivatives =  [ 0.0066857   0.00170985 -0.02748402  0.00059299 -0.00396412 -0.        ]
Current x_clock array =  [-6.27245700e-01 -7.32268113e-01 -6.05271972e-01  5.99348464e-01
 -3.17200825e+00  3.36472237e-01 -4.75153436e-01  0.00000000e+00
 -8.45671295e-07]
log likelihood =  -2424.390796353101
Lr derivatives =  [-0.016809136289708704, -0.3892568387619709, -28.06760540830844]
other derivatives =  [-0.02235629  0.00486352 -0.06567507  0.01116905 -0.00628193 -0.        ]
Current x_clock array =  [-6.27264043e-01 -7.32255058e-01 -6.05321897e-01  5.99473962e-01
 -3.17197381e+00  3.36472237e-01 -4.75207940e-01  0.00000000e+00
 -3.92467824e-07]
log likelihood =  -2424.390838356083
Lr derivatives =  [0.05789333405299857, -0.3555435887227113, 0.14879333321005106]
other derivatives =  [ 0.17367256 -0.00060891  0.14319858 -0.04796584  0.00742753 -0.        ]
Current x_clock array =  [-0.62713714 -0.73231387 -0.60504903  0.59877572 -3.17216824  0.33647224
 -0.47489075  0.          0.        ]
log likelihood =  -2424.390790092294
Lr derivatives =  [0.00014763578155907453, -0.3816075580153987, -28.065365146440357]
other derivatives =  [ 0.02217894  0.00361342 -0.01822809 -0.00226828 -0.00316888 -0.        ]
Current x_clock array =  [-6.27235208e-01 -7.32268421e-01 -6.05259896e-01  5.99315307e-01
 -3.17201799e+00  3.36472237e-01 -4.75135867e-01  0.00000000e+00
 -3.03291014e-07]
log likelihood =  -2424.3908080062174
Lr derivatives =  [-0.04206951872507858, -0.4088044113676218, 0.22541826183442026]
other derivatives =  [ 0.06167647  0.05321817  0.07920653  0.01952094 -0.00828219 -0.        ]
Current x_clock array =  [-0.62720902 -0.73217873 -0.60513823  0.59964962 -3.1719569   0.33647224
 -0.47527084  0.          0.        ]
log likelihood =  -2424.390788995235
Lr derivatives =  [-0.005032533021335439, -0.3849447750436813, -28.066206542861135]
other derivatives =  [ 0.02701427  0.00968339 -0.00629507  0.00039927 -0.00379595 -0.        ]
Current x_clock array =  [-6.27232001e-01 -7.32257437e-01 -6.05244998e-01  5.99356245e-01
 -3.17201051e+00  3.36472237e-01 -4.75152396e-01  0.00000000e+00
 -2.66151620e-07]
      fun: 2424.390788995235
 hess_inv: <9x9 LbfgsInvHessProduct with dtype=float64>
      jac: array([ 2.70142664e-02,  9.68339009e-03, -6.29506758e-03,  3.99268174e-04,
       -3.79595223e-03, -0.00000000e+00, -5.03253302e-03, -3.84944775e-01,
       -2.80662065e+01])
  message: 'CONVERGENCE: REL_REDUCTION_OF_F_<=_FACTR*EPSMCH'
     nfev: 31
      nit: 24
     njev: 31
   status: 0
  success: True
        x: array([-6.27232001e-01, -7.32257437e-01, -6.05244998e-01,  5.99356245e-01,
       -3.17201051e+00,  3.36472237e-01, -4.75152396e-01,  0.00000000e+00,
       -2.66151620e-07])
