number of sites to be analyzed:  1128
log likelihood =  -14901.3336405315
Lr derivatives =  [-589.1663512245366, -984.0957043661443, -861.3242716676638]
other derivatives =  [  33.21525401 -113.44754603   71.02552809 -279.0604558  1034.67865301
  -35.64219696   -0.        ]
Current x_clock array =  [-0.71852561 -0.71100698 -0.6726032   0.18232156 -0.10536052 -0.10536052
  0.33647224 -0.51082562 -0.51082562 -0.51082562]
log likelihood =  -14023.913444961861
Lr derivatives =  [204.0087837640509, -559.9911282282209, -578.520636966273]
other derivatives =  [-123.77876192   16.25867662 -339.07412944 -115.79163038  736.36709385
  -31.58669642   -0.        ]
Current x_clock array =  [-0.74561893 -0.71046781 -0.73053796  0.40994816 -0.94933674 -0.07628756
  0.33647224 -0.03024898 -0.51040895 -0.51040895]
log likelihood =  -13367.38595047332
Lr derivatives =  [22.536537338878638, -302.71072732571923, -119.24137731056364]
other derivatives =  [503.17007845  36.75410517 796.80897397  61.29682697 109.06572163
  18.57880125  -0.        ]
Current x_clock array =  [-0.64000388 -0.77556584 -0.42953812  0.69024225 -2.29879438 -0.02351732
  0.33647224  0.1084308  -0.37218379 -0.30006158]
log likelihood =  -13408.772826105422
Lr derivatives =  [-61.325519588696395, -211.39104695976886, 126.00497367821792]
other derivatives =  [-720.06019582 -129.59389278 -739.49851321  162.12787523 -165.23212638
   37.59132414   -0.        ]
Current x_clock array =  [-0.85937808 -0.83032476 -0.71435397  0.71224858 -2.6979733  -0.01916229
  0.33647224  0.01583926 -0.20294582 -0.19219972]
log likelihood =  -13277.9072156726
Lr derivatives =  [-33.7100159836145, -272.02936340942426, -29.966922516692108]
other derivatives =  [-110.3655668   -38.88368701  -41.69184285  105.55043627  -18.02160027
   26.35722922   -0.        ]
Current x_clock array =  [-0.73339953 -0.79887872 -0.55079468  0.69961115 -2.4687395  -0.02166322
  0.33647224  0.06901118 -0.30013297 -0.25414083]
log likelihood =  -13259.12051132251
Lr derivatives =  [12.877752305650718, -214.3604633101004, 27.313981167777158]
other derivatives =  [-60.86146823 -29.79457349 -52.99082477  92.18749983  -5.93063812
  26.47141264  -0.        ]
Current x_clock array =  [-0.72554508 -0.79577015 -0.5550678   0.66982484 -2.44446209 -0.02743174
  0.33647224  0.03755356 -0.23800183 -0.23710331]
log likelihood =  -13209.290588544596
Lr derivatives =  [-28.556581969574225, -113.93080812202334, 104.2739360243476]
other derivatives =  [-68.528665   -20.63816646  60.0954445   26.81571641  24.84858183
  15.73689951  -0.        ]
Current x_clock array =  [-0.72724074 -0.77429049 -0.55276905  0.47491226 -2.30181058 -0.07260867
  0.33647224 -0.20973821  0.         -0.21328542]
log likelihood =  -13226.966739077981
Lr derivatives =  [-24.517717452457678, -156.66857212449028, -68.7727107100102]
other derivatives =  [ 468.47483827   78.75261144 -184.72423471    8.28331758  -17.07025041
   13.5930477    -0.        ]
Current x_clock array =  [-0.63879333 -0.74714708 -0.61364538  0.41420318 -2.4028294  -0.09895321
  0.33647224 -0.18627     0.         -0.32267919]
log likelihood =  -13205.235681587277
Lr derivatives =  [-27.92006910518638, -127.3405346314131, 43.28267671736821]
other derivatives =  [ 77.36043699   8.12333201 -20.97164179  21.8963396   11.64639933
  15.16268094  -0.        ]
Current x_clock array =  [-0.70048936 -0.76608082 -0.57118142  0.45655048 -2.33236425 -0.08057671
  0.33647224 -0.20264012  0.         -0.24637214]
log likelihood =  -13203.218726033794
Lr derivatives =  [-22.72099790827383, -128.03303794791105, 18.710274845138038]
other derivatives =  [ 29.23153443  10.91637751 -19.35868204  22.53726416   2.51024424
  15.72319161  -0.        ]
Current x_clock array =  [-0.7094011  -0.7667144  -0.5678001   0.45341445 -2.36508657 -0.08496864
  0.33647224 -0.18137438  0.         -0.2646636 ]
log likelihood =  -13201.82479970753
Lr derivatives =  [-12.779326772617317, -127.78190837507043, -12.084285377598555]
other derivatives =  [-6.76146374 -0.80183781 -5.5552955  15.71147186 -0.54636368 15.40892845
 -0.        ]
Current x_clock array =  [-0.71689962 -0.77300004 -0.56215256  0.43322026 -2.39593543 -0.09951707
  0.33647224 -0.15357552  0.         -0.28999485]
log likelihood =  -13201.305198944676
Lr derivatives =  [-5.325818738920525, -124.16886190333898, -16.609624973497375]
other derivatives =  [-9.59988029  1.17070886  0.16225022  8.55576945 -0.69396429 14.93044329
 -0.        ]
Current x_clock array =  [-0.71827249 -0.77314209 -0.56035113  0.41207221 -2.40943312 -0.11685353
  0.33647224 -0.14283689  0.         -0.29569758]
log likelihood =  -13200.520413455231
Lr derivatives =  [2.205140038549814, -117.11807313781893, -11.390078327827489]
other derivatives =  [ -0.68366353 -18.45271254   1.67535109  -5.06223114  -0.97946751
  13.23485048  -0.        ]
Current x_clock array =  [-0.71758543 -0.78153295 -0.55988008  0.37062836 -2.43077601 -0.17064019
  0.33647224 -0.13221964  0.         -0.29366562]
log likelihood =  -13200.13997974441
Lr derivatives =  [12.14134097965131, -107.89382335319328, 0.39812796302153686]
other derivatives =  [ -6.95415292  30.29824438   6.04606248 -15.27541463  -1.29482586
  10.512882    -0.        ]
Current x_clock array =  [-0.72038957 -0.76399472 -0.55899883  0.33468082 -2.4459117  -0.24392181
  0.33647224 -0.12761656  0.         -0.28585151]
log likelihood =  -13199.705306598411
Lr derivatives =  [7.295677560499904, -108.78208068968596, 5.4432399331584875]
other derivatives =  [ -0.25329246   6.55508484   2.4709243  -14.06023694  -1.12729639
   9.84264807  -0.        ]
Current x_clock array =  [-0.71854705 -0.7724041  -0.56007322  0.33947556 -2.44337063 -0.26029885
  0.33647224 -0.13218936  0.         -0.28047931]
log likelihood =  -13199.203297110296
Lr derivatives =  [0.4317854067251332, -109.61555663080878, 13.19833959618289]
other derivatives =  [  6.03213084 -11.21294372  -2.51251549 -10.15202542  -1.07607958
   7.82793722  -0.        ]
Current x_clock array =  [-0.71658879 -0.77869011 -0.56141595  0.35177086 -2.4397521  -0.30800005
  0.33647224 -0.139572    0.         -0.27188202]
log likelihood =  -13198.702649887484
Lr derivatives =  [-4.518476172348613, -110.00087154140805, 14.12355370336121]
other derivatives =  [ 12.87158011 -16.78548142   4.40936492  -5.06378274  -1.1922296
   4.71716885  -0.        ]
Current x_clock array =  [-0.7148808  -0.78112317 -0.5595699   0.36776016 -2.44201427 -0.38604102
  0.33647224 -0.1415142   0.         -0.26821169]
log likelihood =  -13199.49097615292
Lr derivatives =  [-7.442081203784404, -112.67185885734628, 0.016525864207125096]
other derivatives =  [-57.15541192 -18.14976349 -89.41209671   3.25495603  -2.57320382
  -1.11042573  -0.        ]
Current x_clock array =  [-0.72585901 -0.7807854  -0.57878484  0.37895921 -2.44383394 -0.53535604
  0.33647224 -0.14275734  0.         -0.27149642]
log likelihood =  -13198.559559833266
Lr derivatives =  [-5.442625344050533, -110.84077943125484, 10.129372392974808]
other derivatives =  [ -6.89426452 -17.183811   -22.36300497  -2.7570677   -1.50247951
   2.97788574  -0.        ]
Current x_clock array =  [-0.71794054 -0.78102903 -0.5649253   0.37088146 -2.44252143 -0.42765669
  0.33647224 -0.14186068  0.         -0.26912718]
log likelihood =  -13198.299898394547
Lr derivatives =  [-6.51022078821606, -110.76996382465191, 4.0294820760348316]
other derivatives =  [ 0.10726581 -7.94077641 -3.61356251 -0.08391908 -1.47817417  0.57469151
 -0.        ]
Current x_clock array =  [-0.71685609 -0.7782624  -0.56029086  0.38010918 -2.44839119 -0.49463911
  0.33647224 -0.13842084  0.         -0.27165605]
log likelihood =  -13198.259528926304
Lr derivatives =  [-0.9443916075597372, -107.8523007867656, 1.262849206627969]
other derivatives =  [ 5.0073013  -0.48871516 -2.03386844  0.33603283 -0.43398322 -0.07013841
 -0.        ]
Current x_clock array =  [-0.71630787 -0.77621878 -0.55938511  0.38193646 -2.45185781 -0.51333134
  0.33647224 -0.13266679  0.         -0.27468683]
log likelihood =  -13198.257752716714
Lr derivatives =  [-0.626933104114336, -107.72171828848715, 0.18850728116502324]
other derivatives =  [-4.05543142  0.28242721  3.15948637  0.12517557 -0.15628586 -0.11599695
 -0.        ]
Current x_clock array =  [-0.71805147 -0.77591901 -0.55810086  0.38130829 -2.45258732 -0.51431337
  0.33647224 -0.13121658  0.         -0.27560111]
log likelihood =  -13198.254819292904
Lr derivatives =  [-0.16224303872296986, -107.63026866027019, 0.1963027270006492]
other derivatives =  [-0.05726542  0.21991582  0.12860619  0.07170274 -0.14699937 -0.02455272
 -0.        ]
Current x_clock array =  [-0.71731016 -0.77598484 -0.55879355  0.38116554 -2.45230529 -0.51131448
  0.33647224 -0.13131896  0.         -0.27573802]
log likelihood =  -13198.25476117598
Lr derivatives =  [-0.05729161031462837, -107.62263966642493, 0.09094363711005116]
other derivatives =  [ 0.02777961  0.1239714  -0.03406603  0.03354762 -0.10373458  0.00159525
 -0.        ]
Current x_clock array =  [-0.7172979  -0.77602397 -0.55882773  0.381077   -2.45223946 -0.51038697
  0.33647224 -0.13123865  0.         -0.27585789]
log likelihood =  -13198.254745676575
Lr derivatives =  [0.004368545809995794, -107.61259328356059, 0.01092786542024271]
other derivatives =  [-0.01813532 -0.02478191 -0.00263208  0.00736691 -0.02683247  0.00273212
 -0.        ]
Current x_clock array =  [-0.71730794 -0.77607851 -0.55882193  0.38104334 -2.45212153 -0.51018003
  0.33647224 -0.13119457  0.         -0.27592729]
      fun: 13198.254745676575
 hess_inv: <10x10 LbfgsInvHessProduct with dtype=float64>
      jac: array([-1.81353244e-02, -2.47819116e-02, -2.63207767e-03,  7.36690708e-03,
       -2.68324729e-02,  2.73212208e-03, -0.00000000e+00,  4.36854581e-03,
       -1.07612593e+02,  1.09278654e-02])
  message: 'CONVERGENCE: REL_REDUCTION_OF_F_<=_FACTR*EPSMCH'
     nfev: 25
      nit: 21
     njev: 25
   status: 0
  success: True
        x: array([-0.71730794, -0.77607851, -0.55882193,  0.38104334, -2.45212153,
       -0.51018003,  0.33647224, -0.13119457,  0.        , -0.27592729])
