number of sites to be analyzed:  2520
log likelihood =  -37423.52098835587
Lr derivatives =  [-1641.101093236559, -2490.8046431898847, -996.2362186486885]
other derivatives =  [  83.79859355 -481.32898519  457.6423089  -675.93737185 2612.75661614
  812.69059592]
Current x_clock array =  [-0.67656584 -0.71460813 -0.62774807  0.18232156 -0.10536052  0.33647224
 -0.51082562 -0.51082562 -0.51082562]
log likelihood =  -35010.0242061108
Lr derivatives =  [62.23194798854604, -1577.6900252278251, -738.2484118188038]
other derivatives =  [-280.93911533 -400.7995376  -585.67506494 -365.32074591 1768.60386273
  702.69807475]
Current x_clock array =  [-0.70200198 -0.7144064  -0.76666038  0.38749494 -0.89843415  0.08978891
 -0.01268737 -0.51067057 -0.51067057]
log likelihood =  -33189.452050260676
Lr derivatives =  [444.26219296976365, -357.104999680732, 11.323517216075924]
other derivatives =  [2409.88370933  766.0413321  2106.10149225  -15.70011227  409.45566475
  403.59108243]
Current x_clock array =  [-0.5514353  -0.61447154 -0.47863625  0.65502986 -2.13334125 -0.38025863
  0.102269    0.         -0.35556156]
log likelihood =  -33223.64975035272
Lr derivatives =  [-850.0058908639223, -1030.1696429641263, -333.4276578780401]
other derivatives =  [-2534.96733785  -239.692592    -672.12854628   366.83391954
  -676.04366491   223.73583488]
Current x_clock array =  [-0.8948304  -0.71429259 -0.7231697   0.79195626 -2.8071213  -0.67303684
  0.12500545  0.         -0.31957965]
log likelihood =  -32800.31829621372
Lr derivatives =  [-226.99177696621643, -699.4375486134887, -177.954531957779]
other derivatives =  [-464.47277418  224.22711481  548.51247842  170.31687457 -114.81712163
  308.74137883]
Current x_clock array =  [-0.70912089 -0.66030895 -0.59092498  0.71790588 -2.44273822 -0.51470116
  0.11270948  0.         -0.33903882]
log likelihood =  -32760.276393370823
Lr derivatives =  [-131.0785419805498, -630.9042247169858, -127.1993704914563]
other derivatives =  [-90.86883438  93.8657904   57.04754221 152.15514577 -85.9540666
 293.91976568]
Current x_clock array =  [-0.68279527 -0.67896063 -0.63882567  0.71410109 -2.4666697  -0.54673487
  0.14687476  0.         -0.32965875]
log likelihood =  -32739.13502454278
Lr derivatives =  [-42.62640675241374, -560.6653902201217, -57.18683874423047]
other derivatives =  [  67.8540091   -27.79202259 -145.93308151  124.28679111  -58.65126747
  269.54766508]
Current x_clock array =  [-0.6736146  -0.69680274 -0.6591399   0.70067415 -2.49433684 -0.60582869
  0.18318597  0.         -0.3111227 ]
log likelihood =  -32709.102191264883
Lr derivatives =  [70.24421377043791, -461.96826532714954, 57.880294075363054]
other derivatives =  [ 127.46688299 -120.23272211 -275.26765552   74.0273972   -25.92624692
  216.25189038]
Current x_clock array =  [-0.67306247 -0.71244073 -0.6701144   0.66657578 -2.54569093 -0.74281278
  0.24021952  0.         -0.27755776]
log likelihood =  -32671.46837502695
Lr derivatives =  [125.36850118170915, -404.8376677988324, 99.2083363185578]
other derivatives =  [ 129.83337365  -83.07919779 -240.78222486   16.84387462  -30.01652309
  136.40093675]
Current x_clock array =  [-0.67661975 -0.71135695 -0.6634291   0.60881486 -2.6125729  -0.97838064
  0.29311089  0.         -0.26162571]
log likelihood =  -32646.838755522385
Lr derivatives =  [57.04347084854152, -463.7908886271319, -67.38887668295817]
other derivatives =  [  71.57187792 -397.70194417  217.73114713   -8.61804074  -73.2610878
   63.60871176]
Current x_clock array =  [-0.68004963 -0.75329753 -0.61777669  0.57057491 -2.60009839 -1.29573635
  0.27761264  0.         -0.29993777]
log likelihood =  -32623.458837955368
Lr derivatives =  [124.26890714248006, -422.9328396741681, -62.008059492540255]
other derivatives =  [ -0.83779378   4.32154775 129.04964024 -38.4634659  -31.45468349
  36.3987966 ]
Current x_clock array =  [-0.6873279  -0.7009722  -0.62596306  0.53218869 -2.56046301 -1.46852889
  0.26307788  0.         -0.29787724]
log likelihood =  -32613.10741550384
Lr derivatives =  [100.1882425697103, -442.4189623705448, -78.16363810807665]
other derivatives =  [-37.25684292  99.1335437   92.61516971 -44.35726441 -27.74207173
  23.72766755]
Current x_clock array =  [-0.68910058 -0.68765681 -0.63027408  0.51645236 -2.50427811 -1.5937525
  0.21406115  0.         -0.29352166]
log likelihood =  -32598.793466776275
Lr derivatives =  [-47.075644477135825, -525.3920057546172, -41.93110080944447]
other derivatives =  [-90.01094804  92.80461745  49.10413554 -44.69422493  -4.41398081
  10.1251902 ]
Current x_clock array =  [-0.68853372 -0.68084767 -0.63857997  0.49957919 -2.34032095 -1.87695844
  0.06723029  0.         -0.25244925]
log likelihood =  -32595.866154747448
Lr derivatives =  [-22.718737218281518, -497.5667534456684, 8.230638464387567]
other derivatives =  [ 33.71117782  30.55159323 -24.31588291 -14.43862493 -20.03358566
   7.8342688 ]
Current x_clock array =  [-0.67976698 -0.6903356  -0.64497575  0.53998139 -2.36802543 -1.91520892
  0.08539552  0.         -0.24105259]
log likelihood =  -32595.175311991443
Lr derivatives =  [-8.299168637840125, -487.2406956086776, 13.937724181908749]
other derivatives =  [ 24.85313598 -12.91195804  -9.92348942  -9.61526894  -6.22781868
   5.42228665]
Current x_clock array =  [-0.68043526 -0.69591983 -0.64311522  0.54979517 -2.3576705  -1.96524269
  0.08679881  0.         -0.23959007]
log likelihood =  -32594.885502449106
Lr derivatives =  [2.713210072194272, -481.15360736627883, 5.821382523747815]
other derivatives =  [ 12.71155634 -25.11010825  -2.67993164  -4.90924867   4.030694
   2.87376278]
Current x_clock array =  [-0.68136902 -0.69761513 -0.64207772  0.55815834 -2.34931268 -2.01520026
  0.08828763  0.         -0.24137698]
log likelihood =  -32594.777143666324
Lr derivatives =  [3.1156615765528954, -479.88435324876826, 4.307735361235132]
other derivatives =  [ -4.29487045 -14.05525836   0.40198211   0.10639633   4.19493457
   1.36253045]
Current x_clock array =  [-0.68252555 -0.69628193 -0.64161392  0.56421351 -2.34764819 -2.04882115
  0.08827348  0.         -0.24102475]
log likelihood =  -32594.76211693658
Lr derivatives =  [2.2791646212237993, -480.6843004842721, -2.8981331552022027]
other derivatives =  [17.88809095  2.52624523  6.14082819  1.22292113  4.09484969  0.04778097]
Current x_clock array =  [-0.68100848 -0.69427395 -0.64106133  0.56574171 -2.34572336 -2.07744302
  0.08684914  0.         -0.24203638]
log likelihood =  -32594.74152172504
Lr derivatives =  [0.5525780721847298, -481.1328514049378, -1.4519105318394452]
other derivatives =  [-2.58643922  1.82414806 -0.88729212  1.45046215  0.91977836  0.13407866]
Current x_clock array =  [-0.6824065  -0.69434216 -0.64173237  0.56513486 -2.34899589 -2.07454782
  0.08793792  0.         -0.24167408]
log likelihood =  -32594.740183394635
Lr derivatives =  [-0.038191695372120193, -481.39947338618737, -0.8609883138089174]
other derivatives =  [-1.18285971  0.88279558 -0.60078673  0.96967779  0.51026021  0.2142849 ]
Current x_clock array =  [-0.68230355 -0.69444526 -0.64172239  0.56445247 -2.34927807 -2.07297915
  0.08774919  0.         -0.24150591]
log likelihood =  -32594.738999136793
Lr derivatives =  [-0.1880546497469311, -481.2086875444153, 0.053608432709978615]
other derivatives =  [ 0.0930595   0.52285759 -0.18276842  0.32023672  0.1154298   0.16123928]
Current x_clock array =  [-0.68222342 -0.69448893 -0.64168994  0.56360078 -2.34967252 -2.07467698
  0.08765207  0.         -0.24121684]
log likelihood =  -32594.73864558718
Lr derivatives =  [-0.46298635502196817, -481.27765137792755, -0.3455974402279196]
other derivatives =  [ 0.20012521 -0.40692612 -0.00785076  0.02361048 -0.19595597  0.02190386]
Current x_clock array =  [-0.68221706 -0.69460142 -0.6416745   0.56318082 -2.34986406 -2.0779326
  0.08760523  0.         -0.24122073]
log likelihood =  -32594.73870158567
Lr derivatives =  [0.5813476914026694, -480.4503679657777, 0.7400119814617483]
other derivatives =  [ 0.01497392  0.38252256  0.02174056 -0.19613799  0.26159875 -0.01219774]
Current x_clock array =  [-0.68225226 -0.69452191 -0.64165919  0.56305025 -2.34980342 -2.07910176
  0.08777645  0.         -0.24100297]
log likelihood =  -32594.738598231328
Lr derivatives =  [-0.04143153152452328, -480.9437072235032, 0.09252144700988651]
other derivatives =  [ 0.12537566 -0.08829375  0.00408909 -0.06509799 -0.01127541  0.00812872]
Current x_clock array =  [-0.68223127 -0.69456933 -0.64166832  0.56312812 -2.34983958 -2.07840455
  0.08767434  0.         -0.24113283]
      fun: 32594.738598231328
 hess_inv: <9x9 LbfgsInvHessProduct with dtype=float64>
      jac: array([ 1.25375664e-01, -8.82937456e-02,  4.08908818e-03, -6.50979928e-02,
       -1.12754078e-02,  8.12872239e-03, -4.14315315e-02, -4.80943707e+02,
        9.25214470e-02])
  message: 'CONVERGENCE: REL_REDUCTION_OF_F_<=_FACTR*EPSMCH'
     nfev: 24
      nit: 21
     njev: 24
   status: 0
  success: True
        x: array([-0.68223127, -0.69456933, -0.64166832,  0.56312812, -2.34983958,
       -2.07840455,  0.08767434,  0.        , -0.24113283])
