number of sites to be analyzed:  278
log likelihood =  -3251.7499410245964
Lr derivatives =  [19.73781212827169, -128.92436724405985, -52.94041278794688]
other derivatives =  [ 12.4987223  -16.65352011  78.18646782 -50.42202201 252.84298317
  39.30496132]
Current x_clock array =  [-0.69940171 -0.83721374 -0.4423625   0.18232156 -0.10536052  0.33647224
 -0.51082562 -0.51082562 -0.51082562]
log likelihood =  -3060.827715188061
Lr derivatives =  [-45.507774722431456, -152.43678931875522, -89.67480544900206]
other derivatives =  [ -64.92832154  -10.44542296 -163.03709253  -17.50478032  171.5827267
   20.19472959]
Current x_clock array =  [-0.74513922 -0.83433303 -0.72847607  0.36683462 -1.03060769  0.19264066
 -0.58305367 -0.50895632 -0.50895632]
log likelihood =  -2834.6689372748156
Lr derivatives =  [-62.44440546277497, -90.36769442359976, -25.215306820281555]
other derivatives =  [ 150.05206478   35.27786066 -130.97170222   31.02615574   -8.74659646
   22.19692442]
Current x_clock array =  [-0.58738868 -0.81630819 -0.58992422  0.70539694 -3.02073378 -0.09412624
 -0.53290039 -0.15843198 -0.2684512 ]
log likelihood =  -3006.330994555725
Lr derivatives =  [-17.399033742457064, -44.104841337519275, 55.04342173944507]
other derivatives =  [-390.14057597  -35.38453666  752.13275613    2.41123143  -27.75873695
   18.53487902]
Current x_clock array =  [-1.32952241 -0.96790437 -0.19127904  0.70398604 -3.70901237 -0.31210945
 -0.29347918  0.         -0.1046584 ]
log likelihood =  -2813.966157025273
Lr derivatives =  [-68.70903785349097, -85.47066589125814, -13.145677399840473]
other derivatives =  [-120.2932217    10.01985675  -72.59527138   29.86032541  -18.40098058
   23.34847159]
Current x_clock array =  [-0.79796628 -0.85932302 -0.47681018  0.7049966  -3.21603019 -0.15597814
 -0.46496554 -0.11347752 -0.22197562]
log likelihood =  -2796.0517608257187
Lr derivatives =  [-33.47994846747355, -55.03329437423014, 9.949075254612374]
other derivatives =  [-30.37349006  14.66073991  93.56212558  16.62899467  -8.14545241
  25.23064995]
Current x_clock array =  [-0.73452432 -0.87175653 -0.36386389  0.67606264 -3.21544683 -0.17982145
 -0.39166304  0.         -0.18674656]
log likelihood =  -2791.183228569298
Lr derivatives =  [-18.1877364829805, -46.84092027011175, 9.383442682527235]
other derivatives =  [14.16177247 10.80969332 -1.01288424 15.36958189  0.40382317 25.14176231]
Current x_clock array =  [-0.69462489 -0.88085826 -0.42460731  0.64707334 -3.11051298 -0.18214602
 -0.3669926   0.         -0.20357763]
log likelihood =  -2789.4883446593767
Lr derivatives =  [-11.66685779341849, -43.49689479179129, 8.717570803047597]
other derivatives =  [ 3.2276298   3.8402577  -8.01930628 13.28633925  2.6404785  24.13182665]
Current x_clock array =  [-0.70397185 -0.89579218 -0.4283507   0.62636848 -3.10496287 -0.21110845
 -0.33661548  0.         -0.21093901]
log likelihood =  -2784.6871304523756
Lr derivatives =  [6.710284315734421, -34.70923854460372, 2.79494595783207]
other derivatives =  [-11.08642573 -11.54976781 -13.37516551   5.47648551   4.91702718
  17.3435651 ]
Current x_clock array =  [-0.72060462 -0.9343889  -0.42854059  0.54021897 -3.16955024 -0.3802432
 -0.22133248  0.         -0.24948417]
log likelihood =  -2781.9295952990387
Lr derivatives =  [10.729970635621724, -32.93986352749637, -3.2248882446549247]
other derivatives =  [-9.97784673 -0.2306233  -9.81613084  0.89580817  1.9422775  10.19857746]
Current x_clock array =  [-0.72354361 -0.91452701 -0.42548212  0.46505529 -3.24224453 -0.56759416
 -0.17568868  0.         -0.27853795]
log likelihood =  -2781.2788108498335
Lr derivatives =  [-3.0069081952226044, -39.89598228578246, -6.6504983218203915]
other derivatives =  [ 13.19240118 -31.35792531   7.46389696  -4.44786974  -5.42727947
   3.52341158]
Current x_clock array =  [-0.7038556  -0.98322738 -0.41611555  0.38630592 -3.31534511 -0.84120262
 -0.21572517  0.         -0.26049025]
log likelihood =  -2779.878439042904
Lr derivatives =  [2.4758364374847, -35.72328394698567, -3.1020498290587017]
other derivatives =  [ 2.2921613  -4.70366558  1.17903937 -3.86596503 -3.21095377  2.88801129]
Current x_clock array =  [-0.7142475  -0.92410087 -0.4198766   0.38280745 -3.28838945 -0.86398276
 -0.21116477  0.         -0.25158405]
log likelihood =  -2779.6212577994497
Lr derivatives =  [1.8703981343296885, -35.28642646952554, -0.7360045691827004]
other derivatives =  [ 1.32493096  2.44832245  0.72254716 -3.83060069 -2.17035192  2.30718933]
Current x_clock array =  [-0.71502402 -0.90842366 -0.42081083  0.38214509 -3.25960877 -0.90125718
 -0.22990429  0.         -0.23890868]
log likelihood =  -2779.409646250133
Lr derivatives =  [-0.4076378715550115, -35.79407869400023, 1.516178215485251]
other derivatives =  [ 0.12733744  3.60203649  0.37765176 -3.48007825 -0.82920862  1.55016096]
Current x_clock array =  [-0.71519259 -0.90463327 -0.42165282  0.39114861 -3.21889279 -0.96031347
 -0.25663543  0.         -0.22504689]
log likelihood =  -2779.2140213968073
Lr derivatives =  [-0.9238812953154758, -36.56592446602793, -1.1296408220628944]
other derivatives =  [-0.08944426  2.77302934  1.61946491 -1.11888812  0.59290411  0.58243042]
Current x_clock array =  [-0.71462316 -0.90731855 -0.41975339  0.43998953 -3.18425634 -1.03131843
 -0.26362619  0.         -0.23277302]
log likelihood =  -2779.3202178926576
Lr derivatives =  [3.454725574303228, -32.51338979265045, 8.486142474565877]
other derivatives =  [-1.30628405 -3.12700649 -1.14589375  0.66507755  0.52650304 -0.25824146]
Current x_clock array =  [-0.71578917 -0.92344071 -0.41870137  0.47729043 -3.20407    -1.1167538
 -0.24613443  0.         -0.20111231]
log likelihood =  -2779.1814099653625
Lr derivatives =  [0.5316699119063211, -35.22074375664724, 1.8429403762314216]
other derivatives =  [-0.48567426  0.84071053  0.70451551 -0.52792939  0.56589486  0.29652868]
Current x_clock array =  [-0.71500454 -0.91259178 -0.4194093   0.45218988 -3.19073698 -1.05926256
 -0.257905    0.         -0.22241746]
log likelihood =  -2779.1768500749886
Lr derivatives =  [-0.8483180281955969, -36.28940917572823, -0.3317676886752725]
other derivatives =  [-3.78194909 -0.49628125 -2.34493928  0.19373101 -0.35746619  0.00765901]
Current x_clock array =  [-0.71710983 -0.9153399  -0.4208866   0.46204774 -3.19849803 -1.07805643
 -0.2583163   0.         -0.22848362]
log likelihood =  -2779.168747621228
Lr derivatives =  [0.03950121403478768, -35.8253177435715, -0.09045033130931301]
other derivatives =  [ 0.47905678 -0.02251454 -0.03306559  0.07565677  0.05312064 -0.00052238]
Current x_clock array =  [-0.71400829 -0.91491139 -0.41948707  0.46310634 -3.19566619 -1.07857958
 -0.25602952  0.         -0.22858845]
log likelihood =  -2779.168549747988
Lr derivatives =  [0.004227135235120194, -35.81696017885483, -0.002175537948504669]
other derivatives =  [-0.00742057 -0.02276238 -0.00424916  0.0082282   0.00606852  0.00663258]
Current x_clock array =  [-0.71440973 -0.9148496  -0.41947789  0.46166982 -3.19652403 -1.07807876
 -0.25603466  0.         -0.22821213]
log likelihood =  -2779.1685469323984
Lr derivatives =  [0.0019484758424130888, -35.8148054251025, 0.0008848999974073735]
other derivatives =  [-0.00498858 -0.00698537 -0.01256376  0.00146883  0.00103437  0.00243569]
Current x_clock array =  [-0.71440995 -0.91481593 -0.41948592  0.46153259 -3.19658821 -1.07839017
 -0.25605436  0.         -0.22818487]
      fun: 2779.1685469323984
 hess_inv: <9x9 LbfgsInvHessProduct with dtype=float64>
      jac: array([-4.98857844e-03, -6.98537406e-03, -1.25637598e-02,  1.46883394e-03,
        1.03437408e-03,  2.43568680e-03,  1.94847584e-03, -3.58148054e+01,
        8.84899997e-04])
  message: 'CONVERGENCE: REL_REDUCTION_OF_F_<=_FACTR*EPSMCH'
     nfev: 21
      nit: 18
     njev: 21
   status: 0
  success: True
        x: array([-0.71440995, -0.91481593, -0.41948592,  0.46153259, -3.19658821,
       -1.07839017, -0.25605436,  0.        , -0.22818487])
