number of sites to be analyzed:  466
log likelihood =  -5597.702429590912
Lr derivatives =  [-69.93352924771878, -257.9889498700978, -288.07532796571024]
other derivatives =  [  63.42977122  -46.86486773    8.3032719  -114.31451003  448.8543218
  -10.35975129   -0.        ]
Current x_clock array =  [-0.68205018 -0.82675942 -0.65957361  0.18232156 -0.10536052 -0.10536052
  0.33647224 -0.51082562 -0.51082562 -0.51082562]
log likelihood =  -5225.423837308419
Lr derivatives =  [-47.35205514187642, -237.5377563487799, -263.3778743207208]
other derivatives =  [-223.4258518   -16.45442353  -83.73355104  -51.14520172  291.76538256
   -8.45651448   -0.        ]
Current x_clock array =  [-0.81618103 -0.82511686 -0.67713201  0.42405508 -1.05452379 -0.08345342
  0.33647224 -0.3629417  -0.50974541 -0.50974541]
log likelihood =  -5699.65121359614
Lr derivatives =  [-27.77541758110061, 18.424907951581357, 4.674802767112851]
other derivatives =  [5335.68337414  135.98787427  510.74336261  -81.45831225  -93.24348364
   13.6053186    -0.        ]
Current x_clock array =  [-0.15947275 -0.85906898 -0.37940853  1.00422371 -3.68599889 -0.01602365
  0.33647224  0.05441373  0.          0.        ]
log likelihood =  -4937.584735692219
Lr derivatives =  [46.5209693275489, -65.91496263004684, -90.76301711754539]
other derivatives =  [460.32482442  48.57051772  24.33155441  -6.89707304 112.56498536
  -7.73706779  -0.        ]
Current x_clock array =  [-0.53702869 -0.83954917 -0.55057626  0.67067208 -2.17310635 -0.0547905
  0.33647224 -0.18553303 -0.29306378 -0.29306378]
log likelihood =  -4869.454956421165
Lr derivatives =  [-3.798040279024317, -31.85999162720703, -18.9651512532858]
other derivatives =  [-157.02842666   -6.96872848   68.63956423   26.20228224   -7.75217145
   -0.76046945   -0.        ]
Current x_clock array =  [-0.76633237 -0.90705518 -0.49146439  0.81290323 -2.90339004 -0.03150178
  0.33647224 -0.1276415  -0.20122644 -0.18259877]
log likelihood =  -4860.777351841728
Lr derivatives =  [19.32945099970281, -17.36186094936036, -7.551253620824233]
other derivatives =  [-48.78465552   0.58664864 -10.35857713  22.27592904   2.56248613
  -1.14641171  -0.        ]
Current x_clock array =  [-0.70859606 -0.90186557 -0.53289371  0.78617959 -2.83826634 -0.0326431
  0.33647224 -0.13613911 -0.18358064 -0.17142219]
log likelihood =  -4859.186130908833
Lr derivatives =  [25.353434423219174, -9.265418818508255, 2.8231814477610606]
other derivatives =  [18.91876491  1.73396256  3.52425832 17.87666679  5.95815295 -1.10653764
 -0.        ]
Current x_clock array =  [-0.6779087  -0.90245491 -0.52971248  0.76325734 -2.8189634  -0.03215171
  0.33647224 -0.15494832 -0.16305515 -0.15835593]
log likelihood =  -4858.370552789844
Lr derivatives =  [22.57710112533865, -8.546956674110607, 5.340604941563408]
other derivatives =  [26.1684927  -0.77995901  2.63505353 16.03265355  5.76785917 -1.16451247
 -0.        ]
Current x_clock array =  [-0.67450316 -0.90388075 -0.53214274  0.74386783 -2.81066159 -0.03144182
  0.33647224 -0.17587306 -0.14972311 -0.15410358]
log likelihood =  -4855.089739804129
Lr derivatives =  [-2.5341124572894715, -1.0557758410845957, 11.684021365454017]
other derivatives =  [23.4057934   2.85452552 11.448853    0.9402429   4.69556178 -2.03488889
 -0.        ]
Current x_clock array =  [-0.67573527 -0.88573516 -0.54246029  0.5902542  -2.75436658 -0.02385624
  0.33647224 -0.32795416 -0.03896961 -0.14810457]
log likelihood =  -4855.8208553160575
Lr derivatives =  [-4.655476187475816, -2.376264476459903, -13.290302830330276]
other derivatives =  [ 11.26572715 -20.65418994 -44.41453621   1.17623495  -6.16777231
  -2.05897777  -0.        ]
Current x_clock array =  [-0.6778938  -0.91466339 -0.5717162   0.57079166 -2.83442632 -0.00915296
  0.33647224 -0.31900594 -0.01362529 -0.19898681]
log likelihood =  -4854.838390034799
Lr derivatives =  [-3.2342213042526593, -1.4932776614431682, 2.5028111663352712]
other derivatives =  [19.37497927 -5.07817094 -7.67308575  0.99812496  1.05240273 -2.04434218
 -0.        ]
Current x_clock array =  [-0.67644892 -0.8952994  -0.55213288  0.5838195  -2.78083591 -0.01899504
  0.33647224 -0.3249957  -0.03059028 -0.16492725]
log likelihood =  -4854.686092481751
Lr derivatives =  [-1.26245474586859, -0.16524919352876233, 1.3953981963298534]
other derivatives =  [ 3.41400664 -2.71081808 -2.48669585  1.29385535  0.14442956 -1.96415021
 -0.        ]
Current x_clock array =  [-0.68380802 -0.89300344 -0.54776422  0.58648856 -2.7921125  -0.01641963
  0.33647224 -0.31586416 -0.0301863  -0.16894479]
log likelihood =  -4854.665454027702
Lr derivatives =  [-0.7829931054152297, 0.38423102753266436, 0.03304392099091663]
other derivatives =  [-1.57477552 -0.78130415 -0.26287307  0.90225694 -0.04574284 -1.97464306
 -0.        ]
Current x_clock array =  [-0.68625904 -0.89070328 -0.54635903  0.58310694 -2.79468341 -0.01382567
  0.33647224 -0.31460472 -0.02796176 -0.17238762]
log likelihood =  -4854.658961589036
Lr derivatives =  [-0.3176372605150277, 0.5760162460980792, -0.528103874710807]
other derivatives =  [-1.62251126  0.12299915  0.11954944  0.65882705 -0.06031747 -1.96302335
 -0.        ]
Current x_clock array =  [-0.6863919  -0.88974627 -0.54611201  0.58130145 -2.79557693 -0.01131737
  0.33647224 -0.31352202 -0.0276271  -0.17385212]
log likelihood =  -4854.639843064362
Lr derivatives =  [0.5888307413011269, 0.735317866181901, -1.264150589001206]
other derivatives =  [-1.2148912   1.16301362  0.97131397 -0.15181104 -0.12582075 -1.85643785
 -0.        ]
Current x_clock array =  [-6.86440297e-01 -8.88689718e-01 -5.45648839e-01  5.75297790e-01
 -2.79754344e+00 -4.03949411e-04  3.36472237e-01 -3.11035047e-01
 -2.80267969e-02 -1.76065252e-01]
log likelihood =  -4854.608292501791
Lr derivatives =  [1.3740354936865078, 0.2335547408544505, -1.3851414283596608]
other derivatives =  [-0.78567882  2.25420627  0.81149938 -1.20886216 -0.35002273 -1.56571878
 -0.        ]
Current x_clock array =  [-0.68648208 -0.88746012 -0.54582392  0.56692316 -2.79930265  0.02422462
  0.33647224 -0.30815273 -0.03095344 -0.17689034]
log likelihood =  -4854.565317825926
Lr derivatives =  [1.319231181752965, -0.3034357823547311, -1.9435548343994427]
other derivatives =  [-0.10041003 -0.31128366  5.00933129 -2.37224413 -0.38956172 -1.00849684
 -0.        ]
Current x_clock array =  [-0.68636594 -0.89025599 -0.54383545  0.55924302 -2.79822706  0.07471408
  0.33647224 -0.30701148 -0.03154685 -0.17944533]
log likelihood =  -4854.524920581296
Lr derivatives =  [3.8044726519664973, 0.9767395562262027, 1.5485244142143215]
other derivatives =  [ 0.53649001  1.92100833 -1.82271106 -2.64251048 -0.09119229 -0.15486057
 -0.        ]
Current x_clock array =  [-0.68617211 -0.88747906 -0.54783642  0.55634636 -2.79068926  0.14325552
  0.33647224 -0.30729544 -0.03179539 -0.17590035]
log likelihood =  -4854.491754987909
Lr derivatives =  [0.6312331985336623, -1.1392084086715988, 0.2738051759895057]
other derivatives =  [ 1.27866497  0.36701658  0.01889293 -1.52779012 -0.2937798  -0.06090886
 -0.        ]
Current x_clock array =  [-0.68553699 -0.88873946 -0.54716329  0.56452424 -2.78639054  0.15543971
  0.33647224 -0.31271796 -0.03209804 -0.17643064]
log likelihood =  -4854.477924904051
Lr derivatives =  [-0.44285056186917515, -0.7375642534747335, 0.543334112030449]
other derivatives =  [ 0.15417027 -0.95295945  0.11766588 -0.3161731  -0.09706522 -0.04654794
 -0.        ]
Current x_clock array =  [-0.68577487 -0.88999783 -0.54717651  0.57391649 -2.78171792  0.16130653
  0.33647224 -0.31725507 -0.02805216 -0.17619116]
log likelihood =  -4854.475712139532
Lr derivatives =  [-0.2508272304836012, -0.2704430667988747, 0.1253171107625229]
other derivatives =  [ 1.02876311 -0.13252065  0.02437446  0.03479454 -0.06116034 -0.0011587
 -0.        ]
Current x_clock array =  [-0.68539149 -0.88911917 -0.54723108  0.57671828 -2.78073909  0.16764686
  0.33647224 -0.31801407 -0.02585877 -0.17766857]
log likelihood =  -4854.475696899159
Lr derivatives =  [-0.1539825962072907, -0.08476695195603735, -0.33422471663418496]
other derivatives =  [-0.81119288 -0.2377501  -0.72910552  0.03822697 -0.06870482  0.00147156
 -0.        ]
Current x_clock array =  [-0.68619078 -0.88915265 -0.5475985   0.57634926 -2.78064794  0.16970943
  0.33647224 -0.31815657 -0.02472845 -0.17887732]
log likelihood =  -4854.475391220495
Lr derivatives =  [-0.20173890632544378, -0.17646953266880097, -0.10771870709472646]
other derivatives =  [ 9.73204806e-02 -1.85762474e-01 -3.56959390e-01  3.65489541e-02
 -6.49626229e-02  1.62799552e-04 -0.00000000e+00]
Current x_clock array =  [-0.68579588 -0.88913611 -0.54741697  0.57653159 -2.78069297  0.16869037
  0.33647224 -0.31808617 -0.02528691 -0.17828011]
log likelihood =  -4854.475297598051
Lr derivatives =  [-0.048704159167382244, -0.018124144476538706, -0.025767856245706443]
other derivatives =  [ 0.07529434 -0.06548544 -0.11140128  0.00485034 -0.03827558  0.00225191
 -0.        ]
Current x_clock array =  [-0.68583019 -0.88902611 -0.54726844  0.5764167  -2.78074269  0.16876041
  0.33647224 -0.31791195 -0.02507124 -0.17828713]
log likelihood =  -4854.475287115425
Lr derivatives =  [-0.01868272976990859, 0.008766545219532736, 0.01409695093261119]
other derivatives =  [-0.00266027 -0.00368891  0.00099044 -0.00074851 -0.02802385  0.00235923
 -0.        ]
Current x_clock array =  [-0.68587346 -0.88895765 -0.54720194  0.5764074  -2.78071777  0.16870446
  0.33647224 -0.31786413 -0.0250783  -0.17823246]
      fun: 4854.475287115425
 hess_inv: <10x10 LbfgsInvHessProduct with dtype=float64>
      jac: array([-0.00266027, -0.00368891,  0.00099044, -0.00074851, -0.02802385,
        0.00235923, -0.        , -0.01868273,  0.00876655,  0.01409695])
  message: 'CONVERGENCE: REL_REDUCTION_OF_F_<=_FACTR*EPSMCH'
     nfev: 25
      nit: 21
     njev: 25
   status: 0
  success: True
        x: array([-0.68587346, -0.88895765, -0.54720194,  0.5764074 , -2.78071777,
        0.16870446,  0.33647224, -0.31786413, -0.0250783 , -0.17823246])
