number of sites to be analyzed:  561
log likelihood =  -6788.577892247655
Lr derivatives =  [-75.43025267832911, -375.4672806264103, -374.8239196539986]
other derivatives =  [  94.16746707  -48.87009436   66.37716251 -163.75429914  509.0718405
   -0.        ]
Current x_clock array =  [-0.60113742 -0.71928241 -0.5626451   0.18232156 -0.10536052  0.33647224
 -0.51082562 -0.51082562 -0.51082562]
log likelihood =  -6385.788202839972
Lr derivatives =  [-38.46972521118383, -344.7743638003591, -342.83745603791556]
other derivatives =  [-365.68844553    8.11677819 -193.37404774  -71.60365931  330.26860059
   -0.        ]
Current x_clock array =  [-0.77166638 -0.7180704  -0.68284827  0.47886612 -1.02724463  0.33647224
 -0.3742281  -0.50990056 -0.50990056]
log likelihood =  -6039.555097966248
Lr derivatives =  [12.640507133469217, -103.64621554352242, -27.774835082967297]
other derivatives =  [ 854.10924839  179.41941223 -143.09735889   56.84360046  -48.9452443
   -0.        ]
Current x_clock array =  [-0.42170534 -0.76628906 -0.54539793  1.07047066 -3.04903932  0.33647224
 -0.09240949 -0.20652923 -0.20932934]
log likelihood =  -5976.5679273590085
Lr derivatives =  [24.824453526140516, -51.047511247087755, 85.82299247823597]
other derivatives =  [-297.52811224  -32.77977339  326.54902589   57.34688287  -35.97879945
   -0.        ]
Current x_clock array =  [-0.75105201 -0.88792316 -0.36608375  1.03516834 -3.0601868   0.33647224
 -0.09836913 -0.09593818 -0.14407021]
log likelihood =  -5934.434210963405
Lr derivatives =  [45.08069621347267, -68.28369013959195, 0.7006141742680452]
other derivatives =  [-136.87383034   -1.00705074  -59.36930575   53.16325951   -0.25795953
   -0.        ]
Current x_clock array =  [-0.67454476 -0.85109872 -0.48703009  0.95030341 -2.78028555  0.33647224
 -0.1402433  -0.13639229 -0.20516062]
log likelihood =  -5925.624725594587
Lr derivatives =  [70.4998725786262, -51.61996599234075, 5.727681992430824]
other derivatives =  [28.38079217  7.9150941   7.53779659 38.4552277  27.68140038 -0.        ]
Current x_clock array =  [-0.61742472 -0.84364994 -0.47094396  0.88674269 -2.64659386  0.33647224
 -0.17935347 -0.10647018 -0.20682464]
log likelihood =  -5919.774394708076
Lr derivatives =  [62.44226967116009, -46.92771965333546, 8.792767955673416]
other derivatives =  [48.26868008 -3.64860534 24.642055   34.6405659  23.77505535 -0.        ]
Current x_clock array =  [-0.61071639 -0.85041272 -0.4667975   0.8564172  -2.65355515  0.33647224
 -0.22067239 -0.06324126 -0.20558172]
log likelihood =  -5919.870510936369
Lr derivatives =  [-138.72766056943752, -163.39705106331616, -70.49209878514637]
other derivatives =  [ 26.32104224 -44.14782234  88.96363124   1.01966998 -16.36395379
  -0.        ]
Current x_clock array =  [-0.61258992 -0.8323797  -0.46765683  0.56853414 -2.6340471   0.33647224
 -0.57360798  0.         -0.21115652]
log likelihood =  -5910.746011712254
Lr derivatives =  [-36.05806977507447, -105.37863640072874, -31.245296798515703]
other derivatives =  [ 39.1118383  -22.20152965  55.47846195  20.99376889   0.46184214
  -0.        ]
Current x_clock array =  [-0.61165889 -0.841341   -0.4672298   0.71159435 -2.6437414   0.33647224
 -0.39822065 -0.03142703 -0.20838619]
log likelihood =  -5905.833914940148
Lr derivatives =  [-11.694508659301766, -77.67722281991234, 16.04430024366014]
other derivatives =  [  0.30190404 -10.14536156  17.57435803  14.7422279    3.72231321
  -0.        ]
Current x_clock array =  [-0.62482836 -0.8299587  -0.48264433  0.66278934 -2.64332678  0.33647224
 -0.40265237  0.         -0.17582163]
log likelihood =  -5905.337468477536
Lr derivatives =  [-7.037145872805764, -76.135168125564, 12.589083864599004]
other derivatives =  [-3.72618615  0.4536505  -0.14287434 12.03469856  3.74513626 -0.        ]
Current x_clock array =  [-0.62650731 -0.82109367 -0.49058512  0.64064558 -2.64506285  0.33647224
 -0.39914067  0.         -0.17942446]
log likelihood =  -5904.930450715606
Lr derivatives =  [-3.97014556122184, -76.28544656919675, 1.7492940051943862]
other derivatives =  [ -6.58747194   7.35790491 -12.88697058   7.23393532   2.54839324
  -0.        ]
Current x_clock array =  [-0.62790922 -0.81543777 -0.49670263  0.60588959 -2.65663665  0.33647224
 -0.39282589  0.         -0.18938727]
log likelihood =  -5904.722128670244
Lr derivatives =  [-1.7772340701286593, -75.37523950074566, -2.5614111970093383]
other derivatives =  [ -5.39959819   3.97949952 -12.41367227   3.28688657   1.14056926
  -0.        ]
Current x_clock array =  [-0.62783175 -0.81880021 -0.49649343  0.58070867 -2.67374248  0.33647224
 -0.3843169   0.         -0.19421907]
log likelihood =  -5904.6394533081675
Lr derivatives =  [-0.18446686180387406, -73.9192145039389, -1.886076459249722]
other derivatives =  [ 0.7422077   4.79135542  1.51436507 -0.02872912 -0.30618673 -0.        ]
Current x_clock array =  [-0.62654733 -0.81915242 -0.49048349  0.56109076 -2.69068827  0.33647224
 -0.3777752   0.         -0.19427114]
log likelihood =  -5904.628504956814
Lr derivatives =  [-0.03680041813673096, -73.55050887900889, -0.5551575527927461]
other derivatives =  [-0.41442036  0.40339637 -0.17882667 -0.0364189  -0.06704555 -0.        ]
Current x_clock array =  [-0.62672099 -0.82262933 -0.49110631  0.5616037  -2.69043831  0.33647224
 -0.37723297  0.         -0.19315755]
log likelihood =  -5904.628249888904
Lr derivatives =  [0.017900761230431605, -73.4398144264557, -0.08713686438633772]
other derivatives =  [-0.0524069  -0.0117725  -0.06167102 -0.00906857  0.00082728 -0.        ]
Current x_clock array =  [-0.62658729 -0.82297771 -0.49105535  0.56194767 -2.69018387  0.33647224
 -0.37728126  0.         -0.19274128]
log likelihood =  -5904.628243991028
Lr derivatives =  [0.0027005125156946974, -73.43632211360753, -0.0035270776915083957]
other derivatives =  [-0.01293847 -0.00856653  0.00103591 -0.00137788  0.0032899  -0.        ]
Current x_clock array =  [-0.62657409 -0.82297149 -0.49103151  0.5620054  -2.69013893  0.33647224
 -0.37734141  0.         -0.19265631]
      fun: 5904.628243991028
 hess_inv: <9x9 LbfgsInvHessProduct with dtype=float64>
      jac: array([-1.29384716e-02, -8.56653060e-03,  1.03591447e-03, -1.37788447e-03,
        3.28990181e-03, -0.00000000e+00,  2.70051252e-03, -7.34363221e+01,
       -3.52707769e-03])
  message: 'CONVERGENCE: REL_REDUCTION_OF_F_<=_FACTR*EPSMCH'
     nfev: 17
      nit: 15
     njev: 17
   status: 0
  success: True
        x: array([-0.62657409, -0.82297149, -0.49103151,  0.5620054 , -2.69013893,
        0.33647224, -0.37734141,  0.        , -0.19265631])
