number of sites to be analyzed:  1490
log likelihood =  -41794.5568627867
Edge derivatives =  [98.63107673162915, 344.6038384360355, 239.72792966215988, 204.52915978109561, -92.87790804374991, -82.75180043121595, 588.5136852821922, 502.23685893747665, 195.26009249764104, 230.5464482136718, -53.93207369135612, 110.09444601985425, 13.607794382144961, 25.22654027358748, 304.1331106027505, 440.89093559653224]
other derivatives: [ -498.42469161   513.93051399  -863.37673565  1238.25197807
 -4255.88752842     0.        ]
Current x array =  [-0.68395153 -0.79225112 -0.57144028  0.18232156 -0.10536052  0.33647224
 -2.30258509 -2.30258509 -2.30258509 -2.30258509 -2.30258509 -2.30258509
 -2.30258509 -2.30258509 -2.30258509 -2.30258509 -2.30258509 -2.30258509
 -2.30258509 -2.30258509 -2.30258509 -2.30258509]
Forced parameter: {5: 0}
log likelihood =  -38323.03427032645
Edge derivatives =  [114.695684030555, 324.92877388254203, 245.90951714536624, 227.00151072805585, -71.90646210211396, -63.06685933670937, 598.0820076133931, 510.7186888306245, 206.09656498330094, 231.9230549954924, -35.91496239222861, 119.27761435148237, 22.996757405906422, 30.598668452247423, 310.94251914183, 447.2101984629951]
other derivatives: [  904.9321452    546.47816432    62.80068192   903.30738749
 -2668.45688774     0.        ]
Current x array =  [-0.79757038 -0.79208192 -0.7682521   0.18455955 -1.07551515  0.33647224
 -2.30114838 -2.22403062 -2.30114838 -2.30114838 -2.32375716 -2.32144885
 -2.30114838 -2.30114838 -2.30114838 -2.30114838 -2.31487923 -2.30114838
 -2.30114838 -2.30114838 -2.30114838 -2.30114838]
Forced parameter: {5: 0}
log likelihood =  -43281.5921942973
Edge derivatives =  [75.3034834079622, 315.9962919718137, 211.24688237952728, 232.4405798013596, -40.21861748707333, -40.603792173279196, 568.5256955807263, 486.31451273279134, 187.15952653224733, 248.9148723455825, -24.150189216966538, 163.0094784216303, 33.1924594684811, 35.78616894571422, 293.81068802754083, 417.7903781300091]
other derivatives: [-7.03106520e+04 -5.34833627e+02 -4.27606647e+01 -6.58095916e+02
  3.22418525e+02  0.00000000e+00]
Current x array =  [-0.07732895 -0.58823775 -0.73080066  0.34706359 -3.28593448  0.33647224
 -2.25120946 -1.9575008  -2.21047653 -2.2095192  -2.38299125 -2.37342071
 -2.08741485 -2.11805585 -2.22207519 -2.21750866 -2.3445788  -2.25278866
 -2.28591295 -2.28513473 -2.18775056 -2.14096062]
Forced parameter: {5: 0}
log likelihood =  -36443.53979147431
Edge derivatives =  [111.48133342146647, 306.87727511033387, 233.93342260584305, 222.672506836316, -64.58267080812429, -57.903398114418536, 576.1850739601357, 487.26159872243255, 192.50387940109212, 221.01184041753447, -30.969037879307937, 112.70768485197453, 16.260465249266314, 24.063250646061068, 295.1111132953984, 423.01274289657687]
other derivatives: [-3038.03542192   216.8398787    -46.81544669   507.73688417
 -1143.86678861     0.        ]
Current x array =  [-0.4904212  -0.70515194 -0.75228081  0.2538599  -2.01815529  0.33647224
 -2.27985177 -2.11036816 -2.26248109 -2.26207284 -2.34901772 -2.34361241
 -2.21000106 -2.22306801 -2.26742738 -2.26547996 -2.3275447  -2.28052523
 -2.29465118 -2.29431931 -2.25278953 -2.23283581]
Forced parameter: {5: 0}
log likelihood =  -35515.02182047872
Edge derivatives =  [122.57654324099938, 295.8103111301521, 248.12327062837053, 230.59871445487005, -43.08775307440378, -36.95795693490921, 560.868311003404, 475.2046506560534, 203.22438439629335, 222.33037095363065, -9.558646785208763, 120.25381817779274, 31.432898734291257, 36.82277771152305, 290.3161608088836, 418.7857237843131]
other derivatives: [1289.72227685 -193.12792574   58.57789074  163.83230832   71.7942184
    0.        ]
Current x array =  [-0.77260676 -0.62938097 -0.75029729  0.32389985 -2.9707087   0.33647224
 -2.24926982 -1.96693149 -2.20540119 -2.20454597 -2.38032076 -2.37129454
 -2.07309074 -2.10670573 -2.21877048 -2.21244986 -2.34301853 -2.25093504
 -2.2871403  -2.28588495 -2.18131566 -2.13163548]
Forced parameter: {5: 0}
log likelihood =  -35257.66970722516
Edge derivatives =  [114.73807048080403, 289.02187782106597, 238.88066187308291, 218.10521285728396, -44.83274926790699, -38.927228823112515, 532.8521584456282, 448.4826231005009, 192.98998577445278, 212.09485611995123, -12.552943103599427, 114.20924366754481, 27.128075805779904, 33.16436385807159, 273.19690894494903, 397.09659296116314]
other derivatives: [ 555.56064035 -217.01333753   28.01048686  119.55189984  181.62035893
    0.        ]
Current x array =  [-0.695953   -0.63060586 -0.72907969  0.36501113 -3.11854879  0.33647224
 -2.22773353 -1.90489078 -2.16261793 -2.16379988 -2.39115005 -2.38073507
 -1.97403221 -2.02270078 -2.18330803 -2.17358685 -2.34691806 -2.22984232
 -2.28187879 -2.27973098 -2.12997423 -2.05796276]
Forced parameter: {5: 0}
log likelihood =  -34767.23192199053
Edge derivatives =  [86.7472668002226, 267.5688710329705, 203.5175301314594, 167.90295063015242, -47.11851502077133, -41.798345311853915, 399.9287181940675, 332.3385115874348, 156.98137781286596, 175.45499223313303, -20.108696674863115, 96.71689595021532, 18.21787248159326, 26.30082492037781, 206.31266799259743, 302.8545175268512]
other derivatives: [-2367.08574084  -241.01321469  -160.310723     -54.14709449
   384.48991049     0.        ]
Current x array =  [-0.52052736 -0.67897043 -0.65416478  0.51624848 -3.44896399  0.33647224
 -2.14007878 -1.66313698 -1.98352505 -1.99672699 -2.43266998 -2.41699801
 -1.56539636 -1.67776772 -2.0367571  -2.01244105 -2.36159616 -2.14291697
 -2.26154546 -2.25511463 -1.91966751 -1.75405429]
Forced parameter: {5: 0}
log likelihood =  -34384.415331159405
Edge derivatives =  [76.87808823036147, 255.610013013168, 187.44009772594697, 139.855736729601, -43.72282610557309, -38.75198633390499, 301.89115277754354, 254.44736416684793, 141.31919255854433, 155.2491432931347, -19.875532809830297, 88.59760895008816, 19.52933039410353, 28.557854224148265, 167.5220012792621, 240.07350281225084]
other derivatives: [-1762.52498204  -166.78529937  -179.83275757  -131.63896801
   445.62159031     0.        ]
Current x array =  [-0.5523222  -0.72829923 -0.61889115  0.59988836 -3.56434777  0.33647224
 -2.08226064 -1.50565567 -1.86323318 -1.88646495 -2.45919928 -2.44016424
 -1.29683763 -1.45131291 -1.9390565  -1.90484363 -2.37085981 -2.08465407
 -2.24808942 -2.23853859 -1.78117745 -1.55365835]
Forced parameter: {5: 0}
log likelihood =  -33728.58861830522
Edge derivatives =  [29.27630789899113, 175.70236379448346, 86.17935744826313, 24.253087823206233, -44.49158651574554, -41.21291763155438, -109.70569393597279, -51.43498755882954, 59.06160629271349, 48.90007264060082, -36.37125357974363, 37.53706643336353, 11.832352417603548, 21.69280808707976, 1.9555910510010877, -59.64146700327243]
other derivatives: [-382.40577851  116.46156054   11.03822433 -249.95698914  329.08793157
    0.        ]
Current x array =  [-0.65101067 -0.86993608 -0.5634674   0.79908248 -3.54335758  0.33647224
 -1.88502342 -0.96689168 -1.43944839 -1.51864823 -2.54736187 -2.51717975
 -0.43148374 -0.71774674 -1.60032526 -1.53353554 -2.40260927 -1.88091907
 -2.19951402 -2.17644981 -1.3224416  -0.89550257]
Forced parameter: {5: 0}
log likelihood =  -33614.289248876725
Edge derivatives =  [15.843674614954013, 152.81142652973577, 69.58293985380773, 14.669561722562253, -46.09111457224281, -43.32821438253465, -107.36511608133388, -59.48165876863354, 45.62481777158239, 35.739702647489516, -37.01990945780039, 31.791751654745354, 8.701327142186582, 17.476304726150808, -2.001324062473497, -49.091037463106225]
other derivatives: [ -69.96732554 -152.49251737  -99.72084081 -140.16620844  153.88370305
    0.        ]
Current x array =  [-0.68906139 -0.80348952 -0.5523719   0.70975302 -3.29298806  0.33647224
 -1.87509943 -0.90947749 -1.40634572 -1.51442879 -2.56364851 -2.53251966
 -0.50040118 -0.75490028 -1.57840012 -1.51697316 -2.41788915 -1.86736515
 -2.19525483 -2.16758729 -1.32947827 -0.93694733]
Forced parameter: {5: 0}
log likelihood =  -33566.04379099701
Edge derivatives =  [-3.4690228128619953, 110.58485644674946, 45.5762569799192, 7.988821242032681, -46.583848323479664, -43.554367531794924, -58.676636618110045, -41.6672813510254, 26.287856213891807, 17.170933917273008, -34.831785617139474, 27.286855542727576, 5.26067416392485, 11.69128539563279, 1.2967003776720354, -13.7203437927965]
other derivatives: [ 323.36250297  145.20151308  326.74476824   51.54281098 -119.86623181
    0.        ]
Current x array =  [-0.72675314 -0.85076421 -0.60869725  0.56426875 -2.97381378  0.33647224
 -1.86516254 -0.79384069 -1.35212395 -1.51565447 -2.60168984 -2.56864479
 -0.6545752  -0.84851155 -1.54490774 -1.49512668 -2.45208288 -1.84427456
 -2.18857165 -2.15214701 -1.35275472 -1.02457974]
Forced parameter: {5: 0}
log likelihood =  -33541.19434619714
Edge derivatives =  [-4.783718027308829, 105.39599012000402, 40.89783315670043, 4.071384846282413, -43.48681378357825, -41.720788376046436, -61.52137994992867, -43.32126031759679, 20.928980812139816, 14.987012322743862, -32.67550955222914, 23.304362778867965, 4.523643189777579, 12.616933630157197, -0.23319061178810094, -18.441232085149693]
other derivatives: [ 150.31763905   35.37417069 -248.45728331   76.27557352  -94.97305651
    0.        ]
Current x array =  [-0.71666107 -0.83280472 -0.53826218  0.56742965 -3.01581564  0.33647224
 -1.85601212 -0.721547   -1.31444946 -1.49679101 -2.62393547 -2.58922673
 -0.6482034  -0.83688492 -1.51865215 -1.47111031 -2.46763085 -1.82501451
 -2.18427383 -2.144518   -1.33416851 -1.00810618]
Forced parameter: {5: 0}
log likelihood =  -33524.91787122154
Edge derivatives =  [-7.499297714158241, 91.83506801217375, 35.14386941189914, 3.3398900973283387, -42.67353984014277, -41.030068217594845, -51.53226992915158, -38.04357498483668, 16.04225725890688, 9.613000602494019, -32.13076400043156, 20.610881428208092, 3.322786224258843, 10.768007449211051, -2.6301687127902715, -17.910410744212317]
other derivatives: [  46.27092858  -26.47101064 -163.00135758   65.35356806  -35.35232329
    0.        ]
Current x array =  [-0.70666362 -0.82440135 -0.54548743  0.57049003 -3.08110998  0.33647224
 -1.85259912 -0.67012739 -1.29235194 -1.4887513  -2.64112042 -2.60531784
 -0.65988771 -0.84180547 -1.5043316  -1.45901422 -2.48007408 -1.81343247
 -2.18165026 -2.13924602 -1.32784089 -1.00748494]
Forced parameter: {5: 0}
log likelihood =  -33496.29729449752
Edge derivatives =  [-19.481989611756944, 31.630249305073473, 6.99159132523419, -4.2895816956427115, -38.420027707554475, -37.49330659104308, -15.789958841597992, -19.8667194918682, -7.21395864638966, -12.771809774100749, -28.38107451380947, 8.349220334301618, -1.2548178500475675, 4.257830030242818, -10.176502577639175, -11.366273555851446]
other derivatives: [-120.34943938  -51.52645463  -19.59312067   78.91157293   29.66331213
    0.        ]
Current x array =  [-0.69233523 -0.83173245 -0.55371305  0.56214695 -3.17029807  0.33647224
 -1.83680167 -0.43962658 -1.18689691 -1.45221527 -2.72097066 -2.68037967
 -0.72589108 -0.87125736 -1.43705222 -1.40345633 -2.53930421 -1.75928758
 -2.16959024 -2.11407638 -1.30293463 -1.01629774]
Forced parameter: {5: 0}
log likelihood =  -33485.60711727764
Edge derivatives =  [-22.017138001854626, 1.4896252461040873, -3.0996194965474837, -5.5564045729799805, -34.128706316885115, -33.60788994312357, 10.232919527554142, -1.5829108317266993, -13.860641736890196, -16.63509814042133, -24.277977600103252, 3.2318978034640873, -2.935288387323659, 1.3513948463037577, -6.928718837900306, 0.7287962889159761]
other derivatives: [-68.63338058 -10.9847897   11.1561676   34.8606336   27.34945902
   0.        ]
Current x array =  [-0.69519492 -0.84409365 -0.5520005   0.60030203 -3.16780524  0.33647224
 -1.84243349 -0.31946235 -1.13649274 -1.44094685 -2.78060229 -2.73731426
 -0.77562874 -0.90398658 -1.41253228 -1.38821493 -2.58387848 -1.73051317
 -2.16493009 -2.09996922 -1.30165744 -1.03430921]
Forced parameter: {5: 0}
log likelihood =  -33479.184008117096
Edge derivatives =  [-21.257382809681733, -19.436655490288942, -9.400746492934278, -7.005046765945132, -28.800225824976145, -28.502689238750648, 15.311782189167928, 4.165230135286744, -12.641327427974792, -12.334858429120754, -20.21925205016974, -0.07261499723333222, -3.697785832602929, -1.0456892309299515, -4.20414517565871, 3.75713139628891]
other derivatives: [-12.77661067 -40.3224476   29.68415356 -16.00094402   0.59064865
   0.        ]
Current x array =  [-0.69945185 -0.83943923 -0.55097888  0.64239638 -3.13498221  0.33647224
 -1.86964137 -0.24766803 -1.1076816  -1.43882888 -2.85496513 -2.80950112
 -0.78698374 -0.9189125  -1.41141439 -1.3947002  -2.63772765 -1.70886755
 -2.16529234 -2.0897859  -1.30474055 -1.03848358]
Forced parameter: {5: 0}
log likelihood =  -33474.19668681314
Edge derivatives =  [-14.77423361670661, -24.3525563900906, -5.597672570733621, -3.318099319095119, -21.108693324120065, -20.927023160834615, 19.34857153895093, 12.869391542417967, -1.5826949146662381, 3.2544295131046956, -14.034817319514467, 0.964507351103157, -2.2974478168876713, -1.0731242687180922, 5.729326958467377, 10.836390895592759]
other derivatives: [ 31.10674152  80.31662583 -12.70850771 -43.8364732   -4.37364153
   0.        ]
Current x array =  [-0.70033921 -0.86454606 -0.54591628  0.66679585 -3.12584555  0.33647224
 -1.92139654 -0.21016968 -1.09770079 -1.44937466 -2.95448338 -2.90685658
 -0.78818488 -0.93562661 -1.42925759 -1.41915023 -2.70919994 -1.69167703
 -2.17035305 -2.08232734 -1.31716458 -1.04405694]
Forced parameter: {5: 0}
log likelihood =  -33469.65752834457
Edge derivatives =  [-11.061765677829019, -29.38328562218937, -6.2571041111505, -3.4170033754534703, -16.119744687610147, -15.849671750571463, 8.082345964025517, 8.414825121118401, 5.162748825283377, 11.951246290814645, -10.571714275049311, 0.4114462316864058, -1.6757305974262007, -2.0422235352037994, 7.768933729794851, 7.239308712858499]
other derivatives: [  6.93630136  48.99554915  -7.5176722  -42.55065141 -26.94608593
   0.        ]
Current x array =  [-0.69838533 -0.85649503 -0.54774578  0.66646029 -3.09978757  0.33647224
 -1.96811009 -0.20368392 -1.09585059 -1.45845127 -3.03740749 -2.98827357
 -0.76827084 -0.93431195 -1.44597794 -1.43794194 -2.76795617 -1.67983781
 -2.1758912  -2.07819887 -1.32233501 -1.03772251]
Forced parameter: {5: 0}
log likelihood =  -33496.741313934544
Edge derivatives =  [12.868012159720772, 4.316830944895468, 29.249996337902672, 17.94896235379166, 0.057602471024584226, 0.7916728700783084, 14.029403033397783, 31.047939128816623, 45.59150745255985, 56.95016281264108, 3.2664075333753386, 11.13284091390345, 6.543270650947052, 1.9440690309439421, 36.50422882363095, 28.06813211607659]
other derivatives: [ 640.1671053  -127.86759908  -74.62927169  -61.56734162   97.51267082
    0.        ]
Current x array =  [-0.75949846 -0.79880518 -0.54313327  0.63628516 -3.20305296  0.33647224
 -2.1578465  -0.29102251 -1.14946491 -1.52703966 -3.31865959 -3.26527443
 -0.744263   -0.97000156 -1.53009339 -1.51977741 -2.96710089 -1.66370483
 -2.2023217  -2.07718913 -1.36557109 -1.04901205]
Forced parameter: {5: 0}
log likelihood =  -33467.4826262446
Edge derivatives =  [-5.605354347431729, -22.04889867318807, 1.3738541644730335, 1.2509205894486704, -12.23556158237566, -11.855532040403713, 9.498269097956468, 13.217220311171834, 13.978214469756566, 21.6855466578639, -7.367691082679856, 2.8169155923273848, 0.074720145137497, -1.174926070924913, 13.862815265813165, 11.722089632688196]
other derivatives: [149.36209482  12.38520053 -22.49777754 -47.33104288   0.77550996
   0.        ]
Current x array =  [-0.7112463  -0.84435446 -0.5467751   0.66011007 -3.12151929  0.33647224
 -2.00803925 -0.22206392 -1.10713348 -1.47288538 -3.0965957  -3.04656713
 -0.7632185  -0.94182267 -1.46367965 -1.45516384 -2.80986527 -1.6764427
 -2.18145338 -2.07798638 -1.33143384 -1.04009834]
Forced parameter: {5: 0}
log likelihood =  -33463.55244477489
Edge derivatives =  [-0.9239091743543923, -21.08333873627978, 2.205170659426907, 1.7613694299953109, -7.5058760823873865, -6.875411991988657, -5.477730667381499, 6.91865803446991, 20.779595459480973, 29.48042411350957, -4.027636948384191, 2.610292928024163, 1.0190942720142495, -1.9239815368132525, 15.00548422474727, 6.119117234555208]
other derivatives: [ 24.24219565 -15.02408122 -13.53016705  -9.45699139 -11.21507928
   0.        ]
Current x array =  [-0.70028681 -0.8371256  -0.55149683  0.63174425 -3.10987476  0.33647224
 -2.06761366 -0.23915778 -1.11330642 -1.4873452  -3.1956286  -3.14392305
 -0.73777903 -0.93761167 -1.48283496 -1.47282288 -2.87958305 -1.66552752
 -2.1891251  -2.07563224 -1.33567456 -1.03152993]
Forced parameter: {5: 0}
log likelihood =  -33462.45212692952
Edge derivatives =  [0.8798710111356621, -18.435347086026468, 2.405839887395568, 1.9505403308576919, -6.202093858187023, -5.423474342399055, -10.292248456492256, 3.9834728328215823, 20.55253718925452, 28.299030723288055, -3.1543074607811254, 2.0245274902428725, 1.308759818767188, -1.9698041211349868, 13.190357788108388, 2.400696522650957]
other derivatives: [-15.28042776 -13.49930244  -5.36299194   4.49832442  -2.26335764
   0.        ]
Current x array =  [-0.69685842 -0.83759264 -0.55326032  0.62057632 -3.12202737  0.33647224
 -2.08674085 -0.24734465 -1.11272263 -1.49003923 -3.23139431 -3.17884537
 -0.7281182  -0.93154207 -1.48116635 -1.46790187 -2.90422724 -1.66012719
 -2.19110647 -2.07516331 -1.33058376 -1.02423528]
Forced parameter: {5: 0}
log likelihood =  -33461.02671597091
Edge derivatives =  [2.9432195198649733, -14.31944121727488, 1.4729310521227537, 1.7316158068791556, -4.921650640696018, -3.885641837690479, -14.18541905235601, -0.17617055915049695, 16.100930987399675, 21.00626671238266, -2.287497240805414, 0.2184955521226149, 1.4032275095713056, -2.0011296687430566, 7.981919232916651, -3.382685946051046]
other derivatives: [-35.20541941  -7.59351678   5.93233563  16.19556861   9.03491305
   0.        ]
Current x array =  [-0.69537686 -0.83941107 -0.55468087  0.61099886 -3.13806334  0.33647224
 -2.10844097 -0.25780018 -1.10662592 -1.49019421 -3.280362   -3.2262204
 -0.72032781 -0.92083106 -1.46679276 -1.44631221 -2.93743491 -1.65057196
 -2.19238579 -2.07463033 -1.3162846  -1.01262663]
Forced parameter: {5: 0}
log likelihood =  -33459.30143927243
Edge derivatives =  [5.609922337810807, -5.486056978740227, 1.417569058854772, 2.3858045344953287, -3.5561627422336604, -2.1313927468367377, -9.322721896580095, -0.9469951085919723, 7.124363083089118, 7.24445103618124, -0.9474292003488376, -1.7652986163676447, 1.208409796001288, -1.817989904902396, 1.4121823080924065, -5.082835959137357]
other derivatives: [-45.57358625  -7.38018571  -8.07009201  10.02231147  13.17053876
   0.        ]
Current x array =  [-0.69444993 -0.83976588 -0.55288078  0.61594298 -3.1417924   0.33647224
 -2.13362328 -0.2827815  -1.0997977  -1.49117816 -3.3469397  -3.2897212
 -0.73082461 -0.91507089 -1.43937311 -1.40775253 -2.98189186 -1.6401123
 -2.19295161 -2.07572374 -1.29734016 -1.00836829]
Forced parameter: {5: 0}
log likelihood =  -33474.733130314155
Edge derivatives =  [6.165756077238969, 3.397582747485044, -4.844894387148148, -0.6385078855514078, -2.946016923882429, -0.4861200477011995, -16.56336921287789, -16.849703793213248, -8.81753104966423, -18.37917040075043, -0.43792183876063384, -2.3165051612024943, 1.0000458177818707, -2.01597133413601, -13.849775074181366, -13.593095737619624]
other derivatives: [236.92693503 109.29436394 414.37090113   9.8532546  -42.20259866
   0.        ]
Current x array =  [-0.71803869 -0.85974074 -0.6034253   0.60138514 -3.07612252  0.33647224
 -2.15254936 -0.35307374 -1.09740388 -1.48645641 -3.42975564 -3.36592744
 -0.72735767 -0.887712   -1.40210054 -1.35665458 -3.03230955 -1.63720541
 -2.19279804 -2.08377691 -1.26998938 -0.99869625]
Forced parameter: {5: 0}
log likelihood =  -33459.12576863651
Edge derivatives =  [5.694318720914334, -4.631344884398129, 0.9117740010787008, 2.16452319018933, -3.4832351922075007, -1.9525967217028353, -9.903501100745867, -2.3463288587311437, 5.69918740269078, 4.914324346357556, -0.8823777791974394, -1.772753554908794, 1.213108975857879, -1.8104091304951122, 0.04599703812583053, -5.805757080908789]
other derivatives: [-17.85509085   4.01930447  34.92323594   9.96376184   8.08043343
   0.        ]
Current x array =  [-0.6966829  -0.84165675 -0.55766544  0.6145649  -3.13557593  0.33647224
 -2.13541487 -0.28943554 -1.09957109 -1.49073118 -3.35477926 -3.29693507
 -0.73049642 -0.91248103 -1.4358448  -1.40291548 -2.98666452 -1.63983713
 -2.19293707 -2.07648607 -1.29475107 -1.00745272]
Forced parameter: {5: 0}
log likelihood =  -33458.656206426735
Edge derivatives =  [6.702967635402384, -0.3285066587693825, 0.9353422512759817, 2.626460311955242, -2.952194604650127, -1.256613193664399, -3.735299696644148, -0.6848131901558979, 0.5222514440274538, -2.4785998213790528, -0.13625178973888907, -2.561242646693505, 1.002350509208877, -1.611732662473638, -2.437981554239653, -3.862443131865191]
other derivatives: [-6.07869879  2.06768891  7.69456528 -0.17025741  3.91019103  0.        ]
Current x array =  [-0.69773277 -0.84116069 -0.55417352  0.62319526 -3.1288848   0.33647224
 -2.14403298 -0.30087715 -1.09536023 -1.49056293 -3.3858622  -3.3260497
 -0.74373475 -0.91349753 -1.42013808 -1.38248605 -3.00703512 -1.63563048
 -2.19249162 -2.07743189 -1.28664476 -1.01022703]
Forced parameter: {5: 0}
log likelihood =  -33458.56647136068
Edge derivatives =  [6.291389464731156, -0.12035191829974409, 0.43942497090342164, 2.2906911269619226, -2.842415875366363, -1.1468620834856065, -1.9509918480824378, -0.25549721538313386, -0.20435442737460235, -2.6898766362211575, 0.06915934222754874, -2.062289583024347, 0.9039946399620346, -1.4028615998236675, -1.9244374532308646, -2.0931835195221753]
other derivatives: [ 2.84079579  1.34290167 -2.98112718 -0.3523528  -0.79895994  0.        ]
Current x array =  [-0.69863975 -0.84071932 -0.55299138  0.62379571 -3.12309048  0.33647224
 -2.13992277 -0.30224152 -1.09419679 -1.48877009 -3.38991837 -3.32882532
 -0.74830015 -0.91438481 -1.41791333 -1.3817241  -3.00848883 -1.63699033
 -2.19169987 -2.07857489 -1.28742361 -1.01338502]
Forced parameter: {5: 0}
log likelihood =  -33458.488336717666
Edge derivatives =  [5.5116200208410335, -0.2936304304779549, -0.2176867996973077, 1.942877344600414, -2.6742677070425582, -0.986089984151295, 1.5833281438555225, 1.1440365686850746, -0.7865018906707995, -2.1687608189331447, 0.3817591076357376, -1.0590361476002907, 0.7239735993751278, -1.1241358926705693, -0.5917775029819873, 1.0944731766591898]
other derivatives: [ 6.01246575 -0.38780126 -3.58452235 -2.88635056 -2.83172036  0.        ]
Current x array =  [-0.69880481 -0.84014315 -0.5529416   0.62574254 -3.11961024  0.33647224
 -2.13176456 -0.30295021 -1.09286946 -1.48587776 -3.39513096 -3.33173847
 -0.7560614  -0.91692837 -1.41596755 -1.38296345 -3.00957347 -1.63975599
 -2.1903103  -2.08055382 -1.2900579  -1.01902422]
Forced parameter: {5: 0}
log likelihood =  -33458.422342601516
Edge derivatives =  [4.025720195895075, 0.10034111491433802, -1.355677489126501, 0.5501611874324164, -2.091997024693641, -0.4551981760074402, 1.3818077423951356, -0.02332845101344519, -0.34292827187867253, 0.5502588486486583, 0.8680879291238633, 0.7159697895809902, 0.6234871984825416, -0.24165415810621638, 1.1796932829846123, 2.5609517282055045]
other derivatives: [ 14.37358151  11.71060285 -19.66013224   4.8093134   -7.63643734
   0.        ]
Current x array =  [-0.69972559 -0.84227331 -0.55149943  0.62088872 -3.11528829  0.33647224
 -2.1154097  -0.30494211 -1.09145279 -1.47896951 -3.41061072 -3.34154133
 -0.75723039 -0.9147985  -1.41552704 -1.38820944 -3.01344219 -1.643822
 -2.18781901 -2.08463538 -1.2929801  -1.02094368]
Forced parameter: {5: 0}
log likelihood =  -33458.31600906346
Edge derivatives =  [2.931637990918162, -0.17779873009852476, -2.370295064956491, -0.2538000290726688, -1.8704198051170489, -0.23439406511874034, 2.4218064950727873, -0.27413780474266336, -1.0927382108196073, 0.5210050417318319, 1.016199464453082, 1.353488753555211, 0.3344126644986578, 0.01283787075377877, 1.2816868054579365, 3.059988154429248]
other derivatives: [ 5.54044527 -1.19876495 -7.01760291  3.18092498 -4.97876423  0.        ]
Current x array =  [-0.69895172 -0.83970515 -0.55291151  0.62154506 -3.11801458  0.33647224
 -2.10455925 -0.30657358 -1.09053103 -1.47463182 -3.42122186 -3.34824683
 -0.75991096 -0.91418666 -1.4133074  -1.38853156 -3.01605053 -1.64571712
 -2.18599883 -2.08720775 -1.29347372 -1.02194002]
Forced parameter: {5: 0}
log likelihood =  -33458.25209508606
Edge derivatives =  [1.8694281192042397, 0.056023491984561455, -2.9820955641159648, -1.0620353058556573, -1.6397934306313735, -0.018056871365568508, 1.8765213834292152, -1.2254987881238415, -1.5002835226421296, 0.5827956373783765, 1.0535331277329019, 1.8052105879333438, 0.1043291547660446, 0.3753236419567114, 0.9490282157728539, 2.0183303022392023]
other derivatives: [-5.22466871 -3.46793968  2.26269913  2.97525548 -0.91605387  0.        ]
Current x array =  [-0.69794935 -0.83959035 -0.55392937  0.62154375 -3.12325942  0.33647224
 -2.09247986 -0.30812763 -1.090393   -1.46999525 -3.43198821 -3.35454203
 -0.75891236 -0.91193903 -1.4115654  -1.38846267 -3.01783949 -1.64681641
 -2.18409022 -2.08973669 -1.29265773 -1.01985419]
Forced parameter: {5: 0}
log likelihood =  -33458.226064807255
Edge derivatives =  [1.374397667874244, 0.49281926829771594, -2.6869398906619244, -1.283923755225835, -1.420800332777396, 0.17914880059868382, 1.2525266788493914, -1.515733876804814, -1.1372070416308233, 1.0957971014930408, 1.0990019767043733, 1.9751010143065617, 0.049001930109400085, 0.6586866807748062, 0.8947888325125511, 1.1156719497556586]
other derivatives: [ 0.85083593 -2.50480662  3.2413227   1.96632027  2.69887011  0.        ]
Current x array =  [-0.69845712 -0.83985529 -0.55393926  0.62193959 -3.12757492  0.33647224
 -2.08519574 -0.3087961  -1.09144613 -1.46775075 -3.4397771  -3.35909474
 -0.75700035 -0.91093688 -1.41162602 -1.38890205 -3.01910546 -1.64674327
 -2.18301336 -2.09105047 -1.29205047 -1.0176666 ]
Forced parameter: {5: 0}
log likelihood =  -33458.211904224976
Edge derivatives =  [0.5072925739119991, 1.316583308492746, -2.203168296796147, -1.717219118517113, -1.1052539188138528, 0.47798889022295743, -0.218414283028206, -2.2293467264661326, -1.0969718410546654, 0.7775095900254332, 1.0953006030411583, 1.767638367726905, -0.17560349859567115, 0.938622050100628, 0.03523064237921551, -0.9062014424621067]
other derivatives: [-16.16965164   5.21123729   3.74767842   1.16832234   1.69857275
   0.        ]
Current x array =  [-0.69680738 -0.84186588 -0.55408314  0.62346053 -3.12722129  0.33647224
 -2.07385877 -0.31180844 -1.09452597 -1.46506079 -3.4543809  -3.36772428
 -0.75412861 -0.90993967 -1.41117667 -1.38734766 -3.02164352 -1.64553
 -2.18133495 -2.09286982 -1.29002485 -1.0141139 ]
Forced parameter: {5: 0}
log likelihood =  -33458.185975117274
Edge derivatives =  [0.5756563448185812, 1.0748052417860436, -1.6628656217843707, -1.4359777328436822, -1.1202181773167528, 0.4421042046743091, -0.15584647716529923, -1.6812697836227173, -0.5478412887182561, 1.1637826503615334, 1.0519816249444573, 1.5786387552841792, -0.1331743898528032, 0.8803888856158167, 0.2342295851903745, -0.7839092026921238]
other derivatives: [-3.80557321  2.68868462  1.23272184 -0.28262002  1.84656071  0.        ]
Current x array =  [-0.69794208 -0.84114906 -0.55369949  0.62418258 -3.12695127  0.33647224
 -2.0738767  -0.31065025 -1.09575149 -1.46605048 -3.4524388  -3.36560531
 -0.75372989 -0.91111799 -1.41260025 -1.38811974 -3.0200229  -1.6449498
 -2.18149831 -2.09233214 -1.29042182 -1.01420261]
Forced parameter: {5: 0}
log likelihood =  -33458.171032444
Edge derivatives =  [0.49084353939062486, 0.8496140462598257, -0.9158901850523633, -1.1455614682782025, -1.1041809732802483, 0.4329239492772902, -0.22358288672308124, -1.0415738520594582, -0.042227293374331454, 1.2296354521764707, 0.9776822268491675, 1.1643723310332152, -0.15854951038229226, 0.7852736687662123, 0.16406859151879288, -0.933753968065869]
other derivatives: [ 3.13087367  0.69624366 -1.28734246 -2.14947795  0.53965687  0.        ]
Current x array =  [-0.6985741  -0.8406147  -0.5533517   0.62551559 -3.12505581  0.33647224
 -2.0721195  -0.31000751 -1.09810682 -1.46717143 -3.45285342 -3.36455403
 -0.75319157 -0.91281949 -1.41407296 -1.38813093 -3.01842727 -1.64371384
 -2.18144913 -2.09181929 -1.29038755 -1.01403692]
Forced parameter: {5: 0}
log likelihood =  -33458.16327343817
Edge derivatives =  [0.28021052381455236, 0.6712640542209933, -0.44127584469311176, -1.009247091476384, -1.0667870696337145, 0.4522587225203205, -0.3254079774041542, -0.6593611942764079, 0.1675258376240849, 1.0377057770097728, 0.9211562049071167, 0.8111682844104604, -0.22094919175201477, 0.7125749243459842, -0.028229311477922556, -1.0987669619526255]
other derivatives: [ 3.62806895 -0.26436464 -1.25183578 -2.64511618 -0.50176176  0.        ]
Current x array =  [-0.69862544 -0.84038882 -0.55335576  0.62591683 -3.12375245  0.33647224
 -2.06941529 -0.30987181 -1.10003304 -1.46772315 -3.45521303 -3.36489046
 -0.75281265 -0.91398739 -1.41478381 -1.38760828 -3.01754804 -1.64264212
 -2.18123183 -2.09159414 -1.29013563 -1.01391951]
Forced parameter: {5: 0}
log likelihood =  -33458.15072719421
Edge derivatives =  [-0.02845420881652607, 0.11905809909818298, 0.7844083393715842, -0.3418671443030622, -1.0334363040123726, 0.41736496005455725, 0.1957317480602327, 0.8435906863805923, 0.5568930090528346, 0.3489875439348453, 0.7817837464337898, -0.1839646144270828, -0.3012038731465541, 0.38259331728582147, -0.1365201952547056, -0.3008581344587649]
other derivatives: [-0.85351348 -3.51206836 -8.58645944 -0.31937816  0.46463585  0.        ]
Current x array =  [-0.69831799 -0.83969309 -0.55261981  0.6241321  -3.12478735  0.33647224
 -2.06495658 -0.30793192 -1.10409509 -1.47063902 -3.45940684 -3.3635054
 -0.75298591 -0.91748884 -1.4161648  -1.38561036 -3.01389707 -1.63958434
 -2.18135951 -2.089901   -1.29010514 -1.01560775]
Forced parameter: {5: 0}
log likelihood =  -33458.15148847269
Edge derivatives =  [-0.49524771532423373, -0.3860496572170325, 1.2833915045387387, -0.0819712756925392, -0.9456041634795045, 0.4820770269169041, 0.3593955664150179, 1.3909775587903161, 0.56720505824169, -0.38651704271873283, 0.7221668198506909, -0.6921232857989468, -0.3711820454312562, 0.20146376847897055, -0.375818830215476, 0.10643990311743161]
other derivatives: [ 5.92206925  3.14294448  8.47139017  1.0724907  -0.66366867  0.        ]
Current x array =  [-0.69878809 -0.84096216 -0.55454481  0.62254855 -3.12344844  0.33647224
 -2.05964433 -0.30775243 -1.10664672 -1.47171289 -3.46623565 -3.36506259
 -0.75291942 -0.919021   -1.41638695 -1.3839165  -3.01243986 -1.63780021
 -2.18113342 -2.08928857 -1.28988814 -1.01657491]
Forced parameter: {5: 0}
log likelihood =  -33458.14402166981
Edge derivatives =  [-0.25478226463768144, -0.1263290449734574, 1.0276839030996718, -0.2152471023104966, -0.9905251840143002, 0.44894791850020693, 0.27585160880134924, 1.1102009854020336, 0.5621976657328778, -0.008232116669243686, 0.7528687676351123, -0.43069165966712936, -0.3350970048881509, 0.2946647355855633, -0.25266289580541845, -0.10232092619230296]
other derivatives: [ 2.44367402 -0.2716115  -0.27459464  0.35762059 -0.08361397  0.        ]
Current x array =  [-0.69854663 -0.84031032 -0.55355607  0.62336191 -3.12413615  0.33647224
 -2.06237289 -0.30784462 -1.10533612 -1.47116131 -3.46272813 -3.36426276
 -0.75295357 -0.91823403 -1.41627285 -1.38478653 -3.01318834 -1.6387166
 -2.18124955 -2.08960314 -1.2899996  -1.01607815]
Forced parameter: {5: 0}
log likelihood =  -33458.14224568276
Edge derivatives =  [-0.3097043712841862, 0.015550524267087432, 0.7785824444776676, -0.35883389677357513, -0.9645329231236702, 0.4796810652644989, 0.21127405816018438, 0.8071399117391117, 0.3760101710375929, -0.034569040154799474, 0.783159823384173, -0.27650685486073384, -0.3419906437083976, 0.3492688436226251, -0.2599923403783566, -0.15676471314604978]
other derivatives: [0.35261473 0.29407238 0.46983769 0.50997187 0.10684968 0.        ]
Current x array =  [-0.69835209 -0.84047767 -0.55364901  0.62331578 -3.12448323  0.33647224
 -2.0619479  -0.30835424 -1.1046601  -1.47054869 -3.46402631 -3.36534256
 -0.75300263 -0.91749757 -1.41565864 -1.38470325 -3.01387496 -1.6391372
 -2.18114878 -2.08992429 -1.28992862 -1.01594143]
Forced parameter: {5: 0}
log likelihood =  -33458.14043536148
Edge derivatives =  [-0.3817077649708633, 0.08218862570954623, 0.5959298336876232, -0.4252733881622677, -0.9367956390313199, 0.4995310673982905, 0.18398793772298247, 0.585173339805973, 0.19819740882242337, -0.12994555628708376, 0.7939264413149371, -0.20541207829788483, -0.3428935154141854, 0.34683462703255086, -0.2392640429097114, -0.0681078026946432]
other derivatives: [-1.3300305   0.47530921  0.82789484  0.65508357  0.20575399  0.        ]
Current x array =  [-0.69820145 -0.84055556 -0.55369299  0.62326577 -3.12469362  0.33647224
 -2.0613078  -0.30863222 -1.10416832 -1.47040267 -3.46581481 -3.36598841
 -0.75308052 -0.91694366 -1.41509765 -1.38443675 -3.01389437 -1.63933099
 -2.18118575 -2.08993707 -1.28996118 -1.01609663]
Forced parameter: {5: 0}
log likelihood =  -33458.136148477904
Edge derivatives =  [-0.5428661685483982, 0.16071400349987292, 0.2524187214623348, -0.4707129644452912, -0.8682899234583946, 0.5309687590637349, 0.14187575261220708, 0.1450101085231047, -0.16534490563412127, -0.35792522792054926, 0.7926121239641208, -0.1148751811391841, -0.3211169904320693, 0.27285495478227606, -0.12190742070136916, 0.28618539139933236]
other derivatives: [-3.50409391  0.70480019  1.05397339  0.7517956   0.29508202  0.        ]
Current x array =  [-0.69801015 -0.84067343 -0.55370682  0.62330699 -3.1249565   0.33647224
 -2.05978873 -0.30895529 -1.1031468  -1.47070972 -3.47046486 -3.3667447
 -0.753228   -0.91579826 -1.4139238  -1.38375252 -3.01296371 -1.63958031
 -2.18151151 -2.08954237 -1.29022182 -1.01673823]
Forced parameter: {5: 0}
log likelihood =  -33458.12984154667
Edge derivatives =  [-0.7255159682707619, 0.11263220102230091, -0.1112492864737849, -0.3763440010032827, -0.7760234217997316, 0.5451106968534409, 0.09913032988666107, -0.3267709527404571, -0.5278556147543858, -0.5868045884777953, 0.7372778535825634, -0.08386387652343899, -0.2495954401175417, 0.07669544040855905, 0.10135062535419281, 0.810736073806108]
other derivatives: [-4.22428275  0.28250361  1.22667552  0.47863432  0.3011201   0.        ]
Current x array =  [-0.69795395 -0.84064815 -0.55368253  0.62359531 -3.12507008  0.33647224
 -2.05806108 -0.3088483  -1.10190371 -1.47206436 -3.47707173 -3.36639488
 -0.75333309 -0.91451781 -1.41271253 -1.38300741 -3.0101713  -1.63972284
 -2.18233867 -2.08842574 -1.29082197 -1.01773438]
Forced parameter: {5: 0}
log likelihood =  -33458.127061225474
Edge derivatives =  [-0.9365181802552528, 0.5450502093788226, -0.3472026198695087, -0.01866632520756273, -0.5002076176533238, 0.6253857288117488, -0.017915422855618063, -0.8814108551559415, -0.7157439518538582, -0.4594306536576705, 0.5528611657124968, 0.08197410881617036, 0.021495829581457723, -0.12327967738820596, 0.3432941138070722, 0.7446395010099313]
other derivatives: [-0.10852818  7.54532812 -6.49255526  1.01922342 -0.53583431  0.        ]
Current x array =  [-0.69832127 -0.84219488 -0.55276346  0.62365863 -3.12451002  0.33647224
 -2.0548207  -0.30908531 -1.10015775 -1.47500484 -3.49291327 -3.36521393
 -0.75312959 -0.91272113 -1.41123177 -1.38223526 -3.00327924 -1.64008396
 -2.18417096 -2.08645991 -1.29128656 -1.01750955]
Forced parameter: {5: 0}
log likelihood =  -33458.115092021995
Edge derivatives =  [-0.9664029967313295, -0.039850838495913296, -0.4775789111351459, 0.21562857791599227, -0.5052442183013486, 0.5515287673129979, -0.0077356658791964406, -0.8598932251822056, -0.712050082415095, -0.5386341589235601, 0.4120145242247526, -0.12013231011255598, 0.07364476879177453, -0.42065133133297994, 0.39668864327150943, 0.9350870594775536]
other derivatives: [-0.90500544  1.21915218 -1.54215377  0.07163908 -0.05069007  0.        ]
Current x array =  [-0.69827846 -0.84088745 -0.55326732  0.62405124 -3.12482527  0.33647224
 -2.05525316 -0.30792015 -1.0998849  -1.47699601 -3.49494373 -3.36246832
 -0.7530855  -0.91285073 -1.41152308 -1.38237773 -2.99976955 -1.63984713
 -2.18509078 -2.08512457 -1.29193432 -1.01815118]
Forced parameter: {5: 0}
log likelihood =  -33458.11018115862
Edge derivatives =  [-0.8547792888968483, -0.3389326623644122, -0.3339870618972226, 0.469784963533428, -0.49870994464144497, 0.49550823258770504, -0.0023235164513706053, -0.5829496347118392, -0.41105448422576096, -0.3088911728947898, 0.26795215229866204, -0.24873922472375276, 0.15964399113034583, -0.564839148072028, 0.32465571606588206, 0.5696538435010103]
other derivatives: [-0.03659807 -0.75484422 -0.27240458 -0.37576683 -0.07761417  0.        ]
Current x array =  [-0.69836112 -0.84044717 -0.55339251  0.62424358 -3.1246219   0.33647224
 -2.05654213 -0.3070771  -1.10013458 -1.47857537 -3.49596741 -3.35963733
 -0.75288122 -0.9135645  -1.41245952 -1.38302428 -2.99667507 -1.63970595
 -2.18582852 -2.08429565 -1.2921258  -1.01768357]
Forced parameter: {5: 0}
log likelihood =  -33458.10576631281
Edge derivatives =  [-0.6783787808948161, -0.4858359891298298, -0.2312846508073677, 0.765078881130075, -0.4385728724954045, 0.4466503780782564, -0.005749872471093015, -0.31831370951632587, -0.062175169544905595, 0.05023404338794464, 0.05553258638783087, -0.2680961261074552, 0.3167315565033382, -0.6754978289175286, 0.16434573008311465, -0.10790958804086347]
other derivatives: [ 0.34792174 -0.93929702 -0.12180681 -0.39937004 -0.19412046  0.        ]
Current x array =  [-0.6983938  -0.84038185 -0.55341273  0.62420294 -3.12439643  0.33647224
 -2.05836861 -0.30650214 -1.1000347  -1.48045003 -3.50006779 -3.35596655
 -0.75264453 -0.91421318 -1.41335954 -1.38381765 -2.9919738  -1.63992427
 -2.1868997  -2.0834412  -1.29217836 -1.01668061]
Forced parameter: {5: 0}
log likelihood =  -33458.114581122456
Edge derivatives =  [-0.2051107126903971, 0.25135071915638857, -0.4481316901888893, 0.520401024061157, -0.27839722444519355, 0.4759780794233526, 0.1717135292982013, -0.22151702343474838, 0.10989624707736925, 0.5614094962677534, -0.07605008747409667, 0.519485140267502, 0.4901306845234167, -0.1469218590915026, -0.11173322127686398, -0.606150463460273]
other derivatives: [16.45513112 -3.67303437  2.1745509  -0.61853643  2.21558197  0.        ]
Current x array =  [-0.69988053 -0.83950213 -0.55363004  0.6234869  -3.1267037   0.33647224
 -2.06294591 -0.30852193 -1.09862828 -1.47813181 -3.50885869 -3.35277735
 -0.75265664 -0.9141944  -1.41311373 -1.38468628 -2.9885068  -1.64235512
 -2.18674287 -2.08575707 -1.29157045 -1.01553588]
Forced parameter: {5: 0}
log likelihood =  -33458.10391439275
Edge derivatives =  [-0.5388743725375155, -0.26891902473347157, -0.2950235162585787, 0.6931803492932812, -0.3912049187256231, 0.4552722215222084, 0.04642175966818157, -0.2898963228354516, -0.01152652580085961, 0.20062266286014335, 0.016933327952779867, -0.03628223735517675, 0.3676988237872333, -0.5199323558833937, 0.08319829816166853, -0.25434721661083826]
other derivatives: [ 5.09085658 -1.74249726  0.55329292 -0.46432979  0.51503235  0.        ]
Current x array =  [-0.69883087 -0.84012323 -0.55347661  0.62399244 -3.12507473  0.33647224
 -2.05971426 -0.30709593 -1.09962124 -1.47976851 -3.50265218 -3.35502897
 -0.75264809 -0.91420766 -1.41328728 -1.38407302 -2.99095455 -1.6406389
 -2.1868536  -2.08412203 -1.29199965 -1.01634408]
Forced parameter: {5: 0}
log likelihood =  -33458.100515135535
Edge derivatives =  [-0.39069682667206024, -0.17265908211227549, -0.20313993065919977, 0.780471571943427, -0.32736703779649257, 0.4396559945732565, 0.06683648778493081, -0.05028013179080805, 0.18276886354357558, 0.36643858671787793, -0.11712213711774934, 0.039898346766212386, 0.4483277415040061, -0.46151684538371585, -0.10687663960033107, -0.6490889532468447]
other derivatives: [ 3.68805195 -0.84141357  0.01980516  0.06510527  0.52710232  0.        ]
Current x array =  [-0.69869719 -0.84029275 -0.55346384  0.62360717 -3.12507284  0.33647224
 -2.06115074 -0.30730121 -1.09972715 -1.480147   -3.50688102 -3.35275264
 -0.75255523 -0.91484236 -1.41372898 -1.3843569  -2.98800272 -1.641001
 -2.18719998 -2.08425771 -1.29180629 -1.01577769]
Forced parameter: {5: 0}
log likelihood =  -33458.095576065265
Edge derivatives =  [-0.16398920169747283, 0.14731210452608917, -0.13072444777800135, 0.688878008776041, -0.2225388125212459, 0.4285546440401468, 0.09396841082044291, 0.21380303500745954, 0.26248474363269664, 0.36873567830724385, -0.2563157586185406, 0.24343265106559545, 0.48221954467672923, -0.23039030757880763, -0.30792696054464547, -0.6615853930946933]
other derivatives: [ 0.74257696 -0.13317185 -1.0519725   0.57117722  0.73696107  0.        ]
Current x array =  [-0.69841552 -0.84042002 -0.55342518  0.62325809 -3.12524318  0.33647224
 -2.06339397 -0.30823056 -1.09990219 -1.47920833 -3.51439752 -3.34974284
 -0.75252894 -0.91562282 -1.41378415 -1.38417213 -2.98444634 -1.64174125
 -2.18699783 -2.08539645 -1.29159026 -1.01592747]
Forced parameter: {5: 0}
log likelihood =  -33458.09280086498
Edge derivatives =  [-0.009236374707571798, 0.4147465337912196, -0.1418673774084102, 0.47900975563838744, -0.1294094128985956, 0.42680075392167427, 0.08398644935313773, 0.2963399134461966, 0.15639629307890715, 0.15669490628718463, -0.3367887030813543, 0.4208775522492381, 0.44416887752802114, 0.007255775288051061, -0.40033532278937467, -0.322189451762941]
other derivatives: [-0.7366325   1.73592707  1.71546708  0.58600563  0.68491212  0.        ]
Current x array =  [-0.69822317 -0.84079871 -0.55378792  0.6232172  -3.12510074  0.33647224
 -2.06501053 -0.30924423 -1.10005857 -1.47757306 -3.52180367 -3.34749446
 -0.75253085 -0.91600452 -1.41336767 -1.38355322 -2.98195675 -1.64231912
 -2.18636104 -2.08676891 -1.29155683 -1.01667405]
Forced parameter: {5: 0}
log likelihood =  -33458.09150552569
Edge derivatives =  [0.15713611726982402, 0.6577832856129406, -0.09262259071438834, 0.17934190694564583, -0.09239757775498432, 0.41163803653022135, 0.02401247387769717, 0.3613951214065958, 0.0740782477699394, 0.011652015646716363, -0.33607094995649806, 0.517479829800534, 0.333653710566534, 0.26006278380528, -0.3681930907834566, 0.1273721657936599]
other derivatives: [-2.86773138 -0.31156378 -2.36122287  0.50086237  0.63557838  0.        ]
Current x array =  [-0.69806623 -0.84035335 -0.55338171  0.62338725 -3.12496754  0.33647224
 -2.06683545 -0.3099435  -1.10041869 -1.47541679 -3.52504044 -3.34586568
 -0.75254237 -0.91637291 -1.41311599 -1.38311334 -2.98144017 -1.64265072
 -2.18532317 -2.08828902 -1.29163187 -1.01753092]
Forced parameter: {5: 0}
log likelihood =  -33458.0902590873
Edge derivatives =  [0.10762426303326707, 0.5299120031505055, -0.09226070188114044, 0.19258431823276106, -0.1064542560105063, 0.40754452102158545, 0.004677509721451895, 0.291509623406358, 0.03349653558441555, -0.049596164015585725, -0.31632914309176313, 0.42702029764317995, 0.30634040561151366, 0.19561965803480197, -0.2857413834283754, 0.21861637340797108]
other derivatives: [-1.34912989  0.20073639 -0.67864312  0.20074367  0.33995729  0.        ]
Current x array =  [-0.69818752 -0.84045996 -0.55354186  0.62358438 -3.12462448  0.33647224
 -2.06636999 -0.30963573 -1.10048634 -1.47555632 -3.5243589  -3.34606723
 -0.75252815 -0.91620401 -1.41305181 -1.38301161 -2.98181347 -1.64235107
 -2.18526438 -2.08802388 -1.29180719 -1.0176821 ]
Forced parameter: {5: 0}
log likelihood =  -33458.08940308202
Edge derivatives =  [0.09245087617576185, 0.35505556135189026, -0.05474552643467982, 0.16063493295857523, -0.11897585191292052, 0.38809530003593795, -0.04347086323774499, 0.23084635875424064, -0.005315816496918688, -0.1343441824124593, -0.3032689925527463, 0.28454619977643075, 0.23925947443344764, 0.14322967507209808, -0.15521985207871342, 0.3844434455437722]
other derivatives: [ 0.27349597  0.13971294  0.45395427 -0.24379551 -0.14383555  0.        ]
Current x array =  [-0.69832673 -0.84044146 -0.55363974  0.62390617 -3.12404392  0.33647224
 -2.06633755 -0.30919381 -1.10073439 -1.47537146 -3.52416753 -3.34554255
 -0.75248825 -0.91611944 -1.41302887 -1.38285937 -2.98194373 -1.64192389
 -2.18495811 -2.08790486 -1.29212649 -1.01799363]
Forced parameter: {5: 0}
log likelihood =  -33458.089038769125
Edge derivatives =  [0.11100945967517376, 0.2748516813905037, -0.027386693928599257, 0.12776121377189698, -0.11714294684146044, 0.3723647159637269, -0.06834597977860585, 0.21060069167345571, -0.007636062122213447, -0.14704418309234069, -0.31086497529907775, 0.2116457830790274, 0.19706477102979297, 0.13088891990299417, -0.0959735379803478, 0.40020128802877275]
other derivatives: [ 0.60866296 -0.08049392  0.48962829 -0.33443212 -0.33080841  0.        ]
Current x array =  [-0.69836113 -0.84039421 -0.55363809  0.62397953 -3.12383146  0.33647224
 -2.06661268 -0.30896264 -1.10088634 -1.47514719 -3.52469776 -3.34482437
 -0.75247112 -0.91611314 -1.41305718 -1.38283769 -2.98172863 -1.64172727
 -2.18473075 -2.08792829 -1.2923011  -1.01804141]
Forced parameter: {5: 0}
log likelihood =  -33458.08791567391
Edge derivatives =  [0.15201508964537658, 0.05534227702916035, 0.011549552988938644, 0.005230308543754544, -0.11032790643515282, 0.32782117358693946, -0.10325931828119722, 0.08045939523110138, -0.03043718670840892, -0.12174190490636375, -0.3188259950535898, 0.009887728894270184, 0.0542929589468966, 0.08888838068961187, 0.08968069908752643, 0.2977414731014417]
other derivatives: [ 0.80437167 -0.46741479  0.62740583 -0.33184187 -0.48071033  0.        ]
Current x array =  [-0.69839276 -0.84033281 -0.55364056  0.62398866 -3.12373593  0.33647224
 -2.06726968 -0.30824534 -1.10119411 -1.47431551 -3.52621228 -3.34277843
 -0.75250597 -0.91584738 -1.41306219 -1.38290865 -2.98159587 -1.64116336
 -2.18395394 -2.08798518 -1.29280015 -1.01786318]
Forced parameter: {5: 0}
log likelihood =  -33458.089511092534
Edge derivatives =  [0.230814651307763, 0.02860195981805079, 0.24998433303635403, -0.0903901209942463, -0.06051329230189224, 0.2764789547147574, 0.01484073037330269, 0.008733367480447674, 0.023632347140904675, 0.029743533444824763, -0.2960102026390088, -0.2159424853652676, -0.12921127732867554, 0.06713737739063572, 0.414700837692739, 0.2639443017131266]
other derivatives: [ 3.78497498  3.54781514 -3.8535145  -0.02241723 -0.59738173  0.        ]
Current x array =  [-0.69865357 -0.84118653 -0.5531093   0.62394643 -3.1238003   0.33647224
 -2.06761187 -0.30726639 -1.10170708 -1.47315932 -3.53003304 -3.33920241
 -0.75272689 -0.91543594 -1.41297586 -1.38286061 -2.98163725 -1.64034421
 -2.18277756 -2.08794042 -1.29329702 -1.01758268]
Forced parameter: {5: 0}
log likelihood =  -33458.08756804025
Edge derivatives =  [0.17545692756329126, 0.047432068021440746, 0.08248918997093367, -0.023140399481699783, -0.09546576204973438, 0.3126197039906186, -0.06807535398902859, 0.059186254333763705, -0.014304260506922267, -0.07665480127228017, -0.31202999782003893, -0.05717150132049245, -0.00020534741222078684, 0.08244282881761124, 0.18635771655682798, 0.2877524560552262]
other derivatives: [ 1.6907652   0.72706462 -0.70352689 -0.23988105 -0.5153431   0.        ]
Current x array =  [-0.69847029 -0.84058657 -0.55348265  0.62397611 -3.12375506  0.33647224
 -2.06737139 -0.30795436 -1.10134658 -1.47397185 -3.52734794 -3.34171552
 -0.75257164 -0.91572508 -1.41303653 -1.38289437 -2.98160817 -1.64091988
 -2.18360428 -2.08797187 -1.29294784 -1.01777981]
Forced parameter: {5: 0}
log likelihood =  -33458.086779188496
Edge derivatives =  [0.20036674503618845, -0.12052428029246627, 0.06493469403165007, -0.14656258379633788, -0.08540490455149737, 0.2739802901330188, -0.0616660940066959, -0.08973768641916519, -0.043268637801245347, -0.012124361860403388, -0.3160465528805363, -0.19379245292021335, -0.1276860713814647, 0.04583333801676011, 0.2910366106431469, 0.05241374924626184]
other derivatives: [ 0.71447721  0.17368438 -0.28390787 -0.04510366 -0.27654437  0.        ]
Current x array =  [-0.69839745 -0.84050866 -0.5535257   0.62382282 -3.12413436  0.33647224
 -2.06785829 -0.30739899 -1.10146792 -1.47316253 -3.5289219  -3.33986681
 -0.75267978 -0.91536512 -1.41299983 -1.38306855 -2.98180581 -1.64055728
 -2.18291525 -2.08803808 -1.29325062 -1.01734759]
Forced parameter: {5: 0}
log likelihood =  -33458.0863486235
Edge derivatives =  [0.18789737093943085, -0.1596868596824093, 0.04986402785962714, -0.16568649739039937, -0.07697553819079492, 0.2585926269308603, -0.014626743207351023, -0.12792621441177326, -0.04096751677954, 0.030383644242628183, -0.3126867700181723, -0.21429521302017226, -0.16262792112492022, 0.01674358601376525, 0.2583516021346771, -0.09401761945164167]
other derivatives: [-0.04188041  0.17884304 -0.14882244  0.07752533 -0.03902917  0.        ]
Current x array =  [-0.6983318  -0.84053456 -0.55353907  0.62373273 -3.12445888  0.33647224
 -2.06774763 -0.30722802 -1.1014525  -1.47302098 -3.52978191 -3.33899214
 -0.75278301 -0.91522552 -1.41299717 -1.38315763 -2.98214502 -1.64051386
 -2.18275453 -2.08795065 -1.29316965 -1.01706492]
Forced parameter: {5: 0}
log likelihood =  -33458.08574686844
Edge derivatives =  [0.1714034679720737, -0.14295543582932504, 0.03842545944784691, -0.1688484516069934, -0.051531036798064936, 0.23547431493806617, 0.09948744114869751, -0.10893274136862585, -0.010983279281226957, 0.08865504831067592, -0.30925584623948377, -0.17041894543855707, -0.18382380093850179, -0.003809374668304437, 0.10894614528214529, -0.27660653402679675]
other derivatives: [-0.41077874  0.15640398 -0.0452419   0.21229062  0.42146317  0.        ]
Current x array =  [-0.69830037 -0.84054832 -0.55354745  0.62359747 -3.12501638  0.33647224
 -2.06749384 -0.30719559 -1.10140539 -1.4729022  -3.53190897 -3.33727102
 -0.75296756 -0.91517599 -1.41301721 -1.3832378  -2.98264432 -1.64067937
 -2.18264275 -2.08787204 -1.29278919 -1.01669615]
Forced parameter: {5: 0}
log likelihood =  -33458.08637489941
Edge derivatives =  [-0.05736443777846137, -0.4121772072419439, -0.004401753513038786, -0.0014702951422179839, -0.059319345437978156, 0.17646997272797638, 0.16518805604176548, -0.17961637981400763, 0.01479059431678438, 0.09038856449130322, -0.24990597672079443, -0.28518220006693495, -0.19873759812572717, -0.28128722614656565, -0.0940199438497616, -0.4798262333821195]
other derivatives: [-5.018519    1.57087925  0.44652552  0.24509791  0.09654816  0.        ]
Current x array =  [-0.69786619 -0.8409713  -0.55358635  0.62380238 -3.12484016  0.33647224
 -2.06512166 -0.30636369 -1.10140374 -1.47428642 -3.53254095 -3.33477982
 -0.75313171 -0.91492729 -1.41319903 -1.38327874 -2.98491872 -1.64040419
 -2.1830657  -2.08648329 -1.29223123 -1.01633063]
Forced parameter: {5: 0}
log likelihood =  -33458.08544589673
Edge derivatives =  [0.08850227331376173, -0.24059893753465253, 0.022871703765626694, -0.10808753791497965, -0.054354108516271864, 0.2141036323525922, 0.12332065682561771, -0.13456148305866328, -0.0016357847981858659, 0.08929212624554518, -0.2876888682762839, -0.2120322785715253, -0.18923176556705706, -0.10439484497030302, 0.03534852992763464, -0.35030881709123457]
other derivatives: [-2.08141864  0.66962821  0.13309182  0.22412132  0.30367166  0.        ]
Current x array =  [-0.69814287 -0.84070175 -0.55356156  0.6236718  -3.12495246  0.33647224
 -2.06663336 -0.30689383 -1.10140479 -1.47340431 -3.53213822 -3.33636737
 -0.7530271  -0.91508578 -1.41308316 -1.38325265 -2.98346933 -1.64057955
 -2.18279617 -2.08736829 -1.29258679 -1.01656356]
Forced parameter: {5: 0}
log likelihood =  -33458.084717960635
Edge derivatives =  [0.05773199597042009, -0.2092459770606586, 0.027729822564791784, -0.09374599853387998, -0.030840060305830697, 0.1859221084793956, 0.2098672057168783, -0.07069749687117079, 0.03328557208654663, 0.09540954221260102, -0.2692036719275113, -0.1438968366862413, -0.18998894580675302, -0.1187342346167643, -0.13682020662789685, -0.3687756756157632]
other derivatives: [-1.74579327  0.393964   -0.14028774  0.18153514  0.51840491  0.        ]
Current x array =  [-0.69817715 -0.84064387 -0.55352452  0.62367699 -3.12517948  0.33647224
 -2.06620338 -0.30696006 -1.10142062 -1.47342144 -3.53427231 -3.33436917
 -0.75314765 -0.91518931 -1.41313042 -1.38320846 -2.98420842 -1.64082445
 -2.18279724 -2.0872881  -1.29212284 -1.01649337]
Forced parameter: {5: 0}
log likelihood =  -33458.083360049524
Edge derivatives =  [-0.007497154893727584, -0.16397405013852087, 0.047509305884004496, -0.07417497425610302, 0.020437031272513017, 0.10160099920214988, 0.280374356790428, 0.08476246868829114, 0.09683114486906622, 0.02608593212620934, -0.20913091528939748, 0.011980765451906919, -0.17184238619661413, -0.12011549779414546, -0.4235027108008104, -0.18451022659650124]
other derivatives: [-0.23555185  0.48286893  0.78627636  0.07406197  0.52947043  0.        ]
Current x array =  [-0.69830365 -0.84063328 -0.5536254   0.62367816 -3.12511243  0.33647224
 -2.06536325 -0.30722809 -1.10161624 -1.47343472 -3.5396772  -3.32878589
 -0.75317864 -0.91559535 -1.41325916 -1.38296841 -2.98601376 -1.64139691
 -2.18285734 -2.08727385 -1.29133502 -1.01676685]
Forced parameter: {5: 0}
log likelihood =  -33458.083042455255
Edge derivatives =  [-0.09423203472333486, -0.13223373207735822, 0.03544966815396078, -0.06555892960662278, 0.038309320628497956, 0.04008497022053341, 0.17328106044155953, 0.10783747493867467, 0.0937547990942327, -0.05026682842513713, -0.13160636583081678, 0.08005862886950349, -0.14016257567938253, -0.1284355847916342, -0.466033545991089, 0.0841184398154033]
other derivatives: [-0.77381264 -1.04414357 -1.99489295  0.01813169  0.123678    0.        ]
Current x array =  [-0.69829209 -0.84030128 -0.55332597  0.62381659 -3.12462957  0.33647224
 -2.06444775 -0.30742368 -1.10173216 -1.47368989 -3.54219712 -3.32529077
 -0.75299793 -0.91577975 -1.41328197 -1.38274758 -2.987848   -1.6416869
 -2.18308419 -2.08718348 -1.29111038 -1.01721473]
Forced parameter: {5: 0}
log likelihood =  -33458.08256758586
Edge derivatives =  [-0.10109944717192697, -0.19835424464218654, 0.029760335225198956, -0.058874221840189506, 0.027826446808313175, 0.03942771267495506, 0.1303029779822146, 0.061411587072004406, 0.07567697816076017, -0.062264210342822646, -0.12373795640436962, 0.034803718641170996, -0.13981819720695254, -0.14343518633388452, -0.3598255733752197, 0.09776794746968334]
other derivatives: [ 0.36559504 -0.30665979 -0.06039772 -0.06629125 -0.01712998  0.        ]
Current x array =  [-0.69837511 -0.84044539 -0.55353277  0.62382683 -3.12446122  0.33647224
 -2.0644301  -0.30730928 -1.10175279 -1.47375324 -3.54158487 -3.32547953
 -0.75291109 -0.91568598 -1.41326491 -1.38277188 -2.98792585 -1.64152723
 -2.1830961  -2.08712728 -1.29137302 -1.01723137]
Forced parameter: {5: 0}
log likelihood =  -33458.08246229805
Edge derivatives =  [-0.09886236742029583, -0.19750525086328535, 0.020815635585733724, -0.06049218210156701, 0.02074795741796777, 0.0438338119609696, 0.07988871562063662, 0.030393142236408266, 0.057479434661799195, -0.06575652270306373, -0.11761105307170183, 0.02129455012767323, -0.1278673479268293, -0.13250386489490878, -0.27207970410296056, 0.11921258054835879]
other derivatives: [ 0.40177838 -0.14269608  0.19901199 -0.05309994 -0.10360744  0.        ]
Current x array =  [-0.69837488 -0.84047524 -0.55356566  0.6238188  -3.12436411  0.33647224
 -2.06448398 -0.30734586 -1.10173763 -1.47378726 -3.54103223 -3.32583906
 -0.75282446 -0.91563881 -1.41323131 -1.38278728 -2.98793545 -1.64147172
 -2.18315151 -2.08716917 -1.29158279 -1.01726846]
Forced parameter: {5: 0}
log likelihood =  -33458.08224450653
Edge derivatives =  [-0.09038721554284107, -0.1280813292245485, 0.0013310212663121268, -0.0635958846540309, 0.016611269101629293, 0.040286297116544974, -0.02262728925130253, -0.01078844740180844, 0.023412596298846233, -0.05877614866205756, -0.09118816133350335, 0.03496150224001101, -0.0821765242614308, -0.07912420333172356, -0.09370057459931697, 0.1505325071431875]
other derivatives: [ 0.19176514  0.094391    0.35423727 -0.00301225 -0.16485166  0.        ]
Current x array =  [-0.69834919 -0.84051197 -0.55360021  0.62378321 -3.12428277  0.33647224
 -2.0645788  -0.30761943 -1.10169714 -1.47383296 -3.54084608 -3.32566105
 -0.75262653 -0.91559694 -1.41314676 -1.38282988 -2.98831257 -1.64149607
 -2.18333399 -2.0873768  -1.29198302 -1.01729934]
Forced parameter: {5: 0}
log likelihood =  -33458.08213304524
Edge derivatives =  [-0.09481595570230589, -0.08236453465261719, 0.005802415543179049, -0.05391691267784257, 0.020036796181902947, 0.011400323717736624, -0.08240582596876864, -0.0795944138015066, -0.0038527063484429525, 0.005860735478256843, -0.04344599523204698, -0.010796275722917359, -0.05215210348448883, -0.051914490605774966, 0.1314595227326632, 0.051985984621552475]
other derivatives: [ 0.53126132  0.3466921  -0.23758912  0.00763976 -0.13885293  0.        ]
Current x array =  [-0.69837999 -0.84055707 -0.55353945  0.62378587 -3.12432521  0.33647224
 -2.06446756 -0.30770113 -1.10169734 -1.47391229 -3.54153305 -3.32415352
 -0.75250526 -0.91542098 -1.41305371 -1.38296061 -2.98936301 -1.64134582
 -2.18345064 -2.08744889 -1.29243525 -1.01703643]
Forced parameter: {5: 0}
log likelihood =  -33458.08213082551
Edge derivatives =  [-0.07701203505079267, -0.021030564404055957, -0.026746734135824665, -0.06938778234076441, 0.023362963375805436, -0.001039956192226646, -0.11704188264488607, -0.070732216916775, -0.04224170174691942, -0.01783630310302005, -0.03557386648933706, 0.01172891615153393, -0.016409269133808274, 0.008018431463783504, 0.16431905596990745, 0.020317614479850546]
other derivatives: [-0.59121521 -0.48147194  0.56921999 -0.04761387 -0.03041123  0.        ]
Current x array =  [-0.6982767  -0.84037969 -0.55365034  0.62378697 -3.12439613  0.33647224
 -2.06474034 -0.30807258 -1.10168351 -1.47385837 -3.5422498  -3.32348427
 -0.75244302 -0.91551329 -1.41298931 -1.38297331 -2.98962777 -1.64145876
 -2.1835854  -2.08776262 -1.29256857 -1.01700688]
Forced parameter: {5: 0}
log likelihood =  -33458.08207713054
Edge derivatives =  [-0.08582228658719526, -0.05138509544541338, -0.010633501303344464, -0.06172833246483038, 0.0217181051565577, 0.005120820265962358, -0.09989461405478298, -0.07511549653341235, -0.023237088957773044, -0.006104317627477013, -0.039469201814203984, 0.0005830289024269034, -0.034099193214996, -0.02164163036149795, 0.14805793051994542, 0.035995795931456145]
other derivatives: [-0.03559398 -0.07152994  0.16995182 -0.02027809 -0.0840807   0.        ]
Current x array =  [-0.69832783 -0.84046749 -0.55359546  0.62378643 -3.12436103  0.33647224
 -2.06460532 -0.30788873 -1.10169035 -1.47388506 -3.54189505 -3.32381551
 -0.75247383 -0.9154676  -1.41302118 -1.38296703 -2.98949673 -1.64140286
 -2.1835187  -2.08760734 -1.29250258 -1.0170215 ]
Forced parameter: {5: 0}
      fun: 33458.08207713054
 hess_inv: <22x22 LbfgsInvHessProduct with dtype=float64>
      jac: array([ 0.03559398,  0.07152994, -0.16995182,  0.02027809,  0.0840807 ,
       -0.        ,  0.08582229,  0.0513851 ,  0.0106335 ,  0.06172833,
       -0.02171811, -0.00512082,  0.09989461,  0.0751155 ,  0.02323709,
        0.00610432,  0.0394692 , -0.00058303,  0.03409919,  0.02164163,
       -0.14805793, -0.0359958 ])
  message: 'CONVERGENCE: REL_REDUCTION_OF_F_<=_FACTR*EPSMCH'
     nfev: 74
      nit: 65
     njev: 74
   status: 0
  success: True
        x: array([-0.69832783, -0.84046749, -0.55359546,  0.62378643, -3.12436103,
        0.33647224, -2.06460532, -0.30788873, -1.10169035, -1.47388506,
       -3.54189505, -3.32381551, -0.75247383, -0.9154676 , -1.41302118,
       -1.38296703, -2.98949673, -1.64140286, -2.1835187 , -2.08760734,
       -1.29250258, -1.0170215 ])
