number of sites to be analyzed:  273
log likelihood =  -3446.947639103433
Lr derivatives =  [-83.69540135270225, -240.74217159505193, -277.26216795145956]
other derivatives =  [ 18.69574999 -40.4156558   38.78216739 -96.5226377  203.2691973
  -0.        ]
Current x_clock array =  [-0.68221811 -0.82626458 -0.55284861  0.18232156 -0.10536052  0.33647224
 -0.51082562 -0.51082562 -0.51082562]
log likelihood =  -3282.0853088455715
Lr derivatives =  [32.54103465468111, -175.41702453570477, -234.62664850957907]
other derivatives =  [ -91.92241623  -16.75264139 -152.47674719  -34.05539792  130.98722184
   -0.        ]
Current x_clock array =  [-0.75886668 -0.82308206 -0.71184719  0.57804369 -0.93872067  0.33647224
 -0.16769241 -0.50873135 -0.50873135]
log likelihood =  -3086.113549631543
Lr derivatives =  [98.60550795897362, -24.17669209145727, -25.791268853936344]
other derivatives =  [245.94705337  67.52769696 144.51609604   2.86111148  62.61145637
  -0.        ]
Current x_clock array =  [-0.53502777 -0.80898955 -0.36746076  1.01919136 -2.05381105  0.33647224
  0.01996708 -0.20588205  0.        ]
log likelihood =  -3054.7169032598026
Lr derivatives =  [0.5367591531641551, -70.61644339545104, 39.91594894614536]
other derivatives =  [-109.16244673   -0.4894182   -44.27217573   33.85130524  -15.3002256
   -0.        ]
Current x_clock array =  [-0.77128561 -0.90297538 -0.42980292  1.14469098 -2.4681489   0.33647224
 -0.05936752 -0.14741266  0.        ]
log likelihood =  -3043.76573851237
Lr derivatives =  [26.73396997620648, -53.10020631083721, -6.912126802099328]
other derivatives =  [-48.2557075   -0.65724134   2.04442222  23.0612076    8.00068397
  -0.        ]
Current x_clock array =  [-0.71858643 -0.89969512 -0.41770074  1.0619553  -2.3113864   0.33647224
 -0.09928775 -0.10667698 -0.01577474]
log likelihood =  -3036.061963128811
Lr derivatives =  [35.07285386626516, -36.35567788794428, 0.641375663690269]
other derivatives =  [55.94919685 -5.46036699 53.75087085 12.02675003 20.30975177 -0.        ]
Current x_clock array =  [-0.64023466 -0.90544771 -0.40400788  0.95531243 -2.20033348  0.33647224
 -0.2108085   0.          0.        ]
log likelihood =  -3032.8650830549145
Lr derivatives =  [22.698354593944472, -45.64035077263843, -21.044220425499006]
other derivatives =  [26.80005082 -9.69175926 10.2733602  12.63400054 13.83417876 -0.        ]
Current x_clock array =  [-0.65846421 -0.90522572 -0.4304485   0.92884613 -2.19348866  0.33647224
 -0.24961631  0.         -0.02143037]
log likelihood =  -3031.2132093573628
Lr derivatives =  [2.31879581500246, -57.94412805542313, 13.562710958914813]
other derivatives =  [-9.24419601 -9.73552324  2.05083006 13.02937881  4.11085834 -0.        ]
Current x_clock array =  [-0.68411227 -0.89699239 -0.43654201  0.8950834  -2.20609347  0.33647224
 -0.30388218  0.         -0.0085907 ]
log likelihood =  -3030.899010794137
Lr derivatives =  [-8.363458703864495, -65.97291589736706, -27.067718444786387]
other derivatives =  [-10.40585494  -6.88089358  -7.28816121  10.32139062   1.62016105
  -0.        ]
Current x_clock array =  [-0.68450357 -0.88391617 -0.4483231   0.84889229 -2.1833301   0.33647224
 -0.34571315  0.         -0.02085209]
log likelihood =  -3030.5709876322762
Lr derivatives =  [-8.167140783718423, -65.58910660248294, -2.02748629845874]
other derivatives =  [-1.02201557 -2.29257876 -6.6343423   8.98097915  1.48638618 -0.        ]
Current x_clock array =  [-0.67778623 -0.87503339 -0.44956877  0.83221718 -2.18175544  0.33647224
 -0.35076641  0.         -0.01183858]
log likelihood =  -3030.4353945831604
Lr derivatives =  [-6.1624015622396655, -64.29171284656135, 8.859349191706634]
other derivatives =  [ 3.78187633  1.28054398 -3.20519257  7.58776241  2.05505862 -0.        ]
Current x_clock array =  [-0.67500604 -0.86879199 -0.44779859  0.81887804 -2.18268741  0.33647224
 -0.34737063  0.         -0.00908969]
log likelihood =  -3030.2565182962326
Lr derivatives =  [-2.808200646407471, -62.27719258720767, 7.300347088323143]
other derivatives =  [ 6.47925117  6.12560279  1.97045938  5.06603783  2.64877733 -0.        ]
Current x_clock array =  [-0.67432981 -0.8604449  -0.44464471  0.79471495 -2.18993111  0.33647224
 -0.33878046  0.         -0.00943743]
log likelihood =  -3030.049446983402
Lr derivatives =  [0.0315655850435661, -60.52494640406361, 7.597971014394574]
other derivatives =  [ 3.59765772  5.17516582  2.92055438  1.5993096   2.15588566 -0.        ]
Current x_clock array =  [-0.67719535 -0.86254612 -0.44364027  0.75873229 -2.20973245  0.33647224
 -0.32673492  0.         -0.00934689]
log likelihood =  -3029.985948899843
Lr derivatives =  [-1.0246759009893651, -60.974643027062676, 1.0089430903793968]
other derivatives =  [ 3.94994186 -0.38147846  5.53853124  0.05583161 -0.85184531 -0.        ]
Current x_clock array =  [-0.67672767 -0.87472383 -0.44020433  0.74376031 -2.24828946  0.33647224
 -0.31492417  0.         -0.0110952 ]
log likelihood =  -3029.9737939361858
Lr derivatives =  [0.8656747344686408, -60.05112988911241, 0.23120324466195896]
other derivatives =  [ 0.05785205 -0.09278574 -4.44587249 -0.35478206  0.02495817 -0.        ]
Current x_clock array =  [-0.67927476 -0.87298735 -0.44744983  0.73530464 -2.23848283  0.33647224
 -0.31553265  0.         -0.01134581]
log likelihood =  -3029.9653034410976
Lr derivatives =  [0.013809751963066219, -60.48900323677563, 0.30091233273853035]
other derivatives =  [ 0.16063404  0.09986206 -0.19729805  0.03892274 -0.04870865 -0.        ]
Current x_clock array =  [-0.67937282 -0.87281127 -0.44439698  0.74107928 -2.23854656  0.33647224
 -0.31662004  0.         -0.01130317]
log likelihood =  -3029.9652580909024
Lr derivatives =  [-0.008106412336246649, -60.50414250121067, 0.04752014256621706]
other derivatives =  [ 0.01893204  0.06315213 -0.0550358   0.02567776 -0.0338797  -0.        ]
Current x_clock array =  [-0.67948947 -0.87285412 -0.44430329  0.74099559 -2.23842938  0.33647224
 -0.31667091  0.         -0.01137138]
log likelihood =  -3029.965250555977
Lr derivatives =  [-0.0036474946712985457, -60.50292221925046, -0.04076784968078684]
other derivatives =  [-0.02481192  0.03548485 -0.01462195  0.0110067  -0.0176672  -0.        ]
Current x_clock array =  [-0.67952683 -0.87289127 -0.44428343  0.74087118 -2.23831875  0.33647224
 -0.3166864   0.         -0.01139469]
log likelihood =  -3029.9652481042053
Lr derivatives =  [-0.0020535316628667033, -60.50258970918809, -0.03373833727117059]
other derivatives =  [-0.02205934  0.01496528 -0.00139744  0.00269074 -0.0065432  -0.        ]
Current x_clock array =  [-0.6795258  -0.87292099 -0.44428267  0.74080032 -2.2382236   0.33647224
 -0.31671389  0.         -0.01139165]
      fun: 3029.9652481042053
 hess_inv: <9x9 LbfgsInvHessProduct with dtype=float64>
      jac: array([-2.20593392e-02,  1.49652806e-02, -1.39743861e-03,  2.69074008e-03,
       -6.54319721e-03, -0.00000000e+00, -2.05353166e-03, -6.05025897e+01,
       -3.37383373e-02])
  message: 'CONVERGENCE: REL_REDUCTION_OF_F_<=_FACTR*EPSMCH'
     nfev: 19
      nit: 18
     njev: 19
   status: 0
  success: True
        x: array([-0.6795258 , -0.87292099, -0.44428267,  0.74080032, -2.2382236 ,
        0.33647224, -0.31671389,  0.        , -0.01139165])
