number of sites to be analyzed:  316
log likelihood =  -3245.86599373061
Lr derivatives =  [141.9184877868433, -79.75775431717017, -139.09491001584837]
other derivatives =  [ 51.18983563 -18.92306136  38.28047829 -72.22749628 251.01515803
  -7.13907593  -0.        ]
Current x_clock array =  [-0.63138149 -0.8077619  -0.50662835  0.18232156 -0.10536052 -0.10536052
  0.33647224 -0.51082562 -0.51082562 -0.51082562]
log likelihood =  -3068.473702642276
Lr derivatives =  [-83.57776334356207, -180.42813888117917, -189.18128098575662]
other derivatives =  [-179.19512675   -7.8680423   -96.54030237  -36.98858609  157.54002243
   -3.5320445    -0.        ]
Current x_clock array =  [-0.79968887 -0.80527045 -0.63249097  0.41979879 -0.93067483 -0.0818879
  0.33647224 -0.97744031 -0.50914608 -0.50914608]
log likelihood =  -2852.7299673191474
Lr derivatives =  [-115.50534348307286, -133.70710000304734, -96.12609517160442]
other derivatives =  [113.05487669  26.63326632 -52.25441328   9.61970545  50.03723654
  -2.53335611  -0.        ]
Current x_clock array =  [-0.5802857  -0.79369995 -0.54718371  0.71956532 -2.03341896 -0.05251915
  0.33647224 -1.23793145 -0.16009006 -0.16553439]
log likelihood =  -2806.9954266060995
Lr derivatives =  [-66.94875616798808, -66.56954013748351, 66.75891199847683]
other derivatives =  [-164.23896659   11.9074416    29.43116897   14.08433945   18.57671215
   -1.00942816   -0.        ]
Current x_clock array =  [-0.79676963 -0.85343522 -0.4053715   0.79912273 -2.52707021 -0.03641039
  0.33647224 -1.06753481  0.          0.        ]
log likelihood =  -2788.881681573819
Lr derivatives =  [-38.54787120008078, -53.213201803382184, 17.617151737838668]
other derivatives =  [-61.79658567  13.40029439   1.36985727  12.23192567  24.27506415
  -1.49323614  -0.        ]
Current x_clock array =  [-0.70164659 -0.86729023 -0.43463702  0.77477125 -2.51207689 -0.03605473
  0.33647224 -0.99293316  0.         -0.03796306]
log likelihood =  -2781.5917469157025
Lr derivatives =  [-12.810418249121662, -37.763497232876475, 13.78863802571852]
other derivatives =  [37.05053496  8.17127238  3.87599312 11.17692227 19.27084441 -1.02775266
 -0.        ]
Current x_clock array =  [-0.63104289 -0.90505842 -0.43120468  0.76520897 -2.65259872 -0.0299769
  0.33647224 -0.89107079  0.         -0.04601881]
log likelihood =  -2778.2940843567567
Lr derivatives =  [1.9564201513492705, -29.635156908650004, -5.1546149735030475]
other derivatives =  [16.91560146 -1.89989896 -3.51821609 10.30989779 12.50218901 -0.67234305
 -0.        ]
Current x_clock array =  [-0.64260855 -0.93746065 -0.42703053  0.7591108  -2.79802135 -0.02424032
  0.33647224 -0.8117043   0.         -0.07221641]
log likelihood =  -2776.8422547407718
Lr derivatives =  [4.84561573925498, -26.561860927470427, -1.1851275233781386]
other derivatives =  [ 7.18712863e+00 -1.94372842e+00  7.50182153e+00  8.87912574e+00
  3.23530597e+00 -8.21046342e-03 -0.00000000e+00]
Current x_clock array =  [-0.64962534 -0.94620156 -0.41368246  0.73641185 -2.96452643 -0.01767848
  0.33647224 -0.77584165  0.         -0.06873548]
log likelihood =  -2777.0439915878237
Lr derivatives =  [8.940643603406627, -23.571772107841973, 15.888521088291743]
other derivatives =  [ -6.20915853  -0.72120247 -40.37098824   7.38262406  -1.65333706
   0.35463609  -0.        ]
Current x_clock array =  [-0.65577179 -0.94177044 -0.44858561  0.67650457 -3.03540478 -0.01597501
  0.33647224 -0.77202314  0.         -0.05002174]
log likelihood =  -2776.6185052396695
Lr derivatives =  [6.504841589331101, -25.350504560440175, 5.2245442614232545]
other derivatives =  [  1.52817756  -1.45944068 -13.46015051   8.24121753   1.1645248
   0.14011266  -0.        ]
Current x_clock array =  [-0.65219074 -0.9443521  -0.4282503   0.71140781 -2.99410956 -0.01696749
  0.33647224 -0.77424788  0.         -0.06092476]
log likelihood =  -2776.354036236922
Lr derivatives =  [3.326889432754408, -27.13430887618277, 4.541697377744152]
other derivatives =  [-4.47525599 -0.45667548 -6.0631337   6.54704081 -0.82223264  0.21239612
 -0.        ]
Current x_clock array =  [-0.65684183 -0.940547   -0.42343184  0.68595664 -3.02550285 -0.01609669
  0.33647224 -0.77989172  0.         -0.06083016]
log likelihood =  -2776.1079475910783
Lr derivatives =  [-0.3996187138577332, -29.667583947819345, 1.6424114454605494]
other derivatives =  [-4.93605603  0.53961639  0.03037258  3.2222033  -1.7518303   0.17391903
 -0.        ]
Current x_clock array =  [-0.65748233 -0.93471941 -0.42176264  0.637065   -3.03921337 -0.01626463
  0.33647224 -0.79108936  0.         -0.0629345 ]
log likelihood =  -2776.015150657509
Lr derivatives =  [-1.1132779577447085, -30.43408113667953, 0.10355959919135316]
other derivatives =  [-1.39174654  0.26429643  1.00814759  0.5523143  -0.89103119  0.08278585
 -0.        ]
Current x_clock array =  [-0.6550393  -0.93266655 -0.42349161  0.59951036 -3.02661586 -0.01731196
  0.33647224 -0.79617675  0.         -0.06418965]
log likelihood =  -2776.006438827091
Lr derivatives =  [0.38958253225147743, -29.57159152759906, 0.6880768629441203]
other derivatives =  [-0.39359384  0.48082211  0.67809242 -0.10700205  0.01133054  0.04699132
 -0.        ]
Current x_clock array =  [-0.65448608 -0.93210851 -0.42412072  0.59110539 -3.01487523 -0.01805122
  0.33647224 -0.79344246  0.         -0.06371245]
log likelihood =  -2776.005811892247
Lr derivatives =  [-0.10105100502864461, -29.9805386650248, -0.5248603450455853]
other derivatives =  [-0.20086009 -0.44989247 -0.29125613 -0.03813693  0.03492008  0.02900697
 -0.        ]
Current x_clock array =  [-0.65413841 -0.93373553 -0.42490998  0.59224409 -3.01364514 -0.01823048
  0.33647224 -0.79465521  0.         -0.06510415]
log likelihood =  -2776.005414240032
Lr derivatives =  [0.02012217825649376, -29.85931679582555, -0.008405599533464425]
other derivatives =  [-0.0567502  -0.04314643  0.01914805 -0.00647015 -0.00249678  0.03726473
 -0.        ]
Current x_clock array =  [-0.65411493 -0.93303859 -0.42465146  0.59252531 -3.01431564 -0.018188
  0.33647224 -0.79443737  0.         -0.06449362]
log likelihood =  -2776.0054076564306
Lr derivatives =  [0.009671523558391293, -29.86592241238691, 0.0032172872822364695]
other derivatives =  [-0.01604803 -0.00904993  0.00699447 -0.0014229   0.00041987  0.03666946
 -0.        ]
Current x_clock array =  [-0.65408885 -0.9329626  -0.4246694   0.59256697 -3.01420337 -0.01824031
  0.33647224 -0.79451491  0.         -0.06447546]
log likelihood =  -2776.0054035533876
Lr derivatives =  [-0.004120386357694628, -29.87522394144985, 0.0034371310462475435]
other derivatives =  [ 0.01134458  0.00973796 -0.00510136  0.00109821  0.00280669  0.0357486
 -0.        ]
Current x_clock array =  [-0.65407005 -0.93291498 -0.42468684  0.59258248 -3.01411191 -0.01835124
  0.33647224 -0.79458908  0.         -0.06446976]
      fun: 2776.0054035533876
 hess_inv: <10x10 LbfgsInvHessProduct with dtype=float64>
      jac: array([ 1.13445822e-02,  9.73795977e-03, -5.10135578e-03,  1.09821485e-03,
        2.80668576e-03,  3.57485987e-02, -0.00000000e+00, -4.12038636e-03,
       -2.98752239e+01,  3.43713105e-03])
  message: 'CONVERGENCE: REL_REDUCTION_OF_F_<=_FACTR*EPSMCH'
     nfev: 18
      nit: 16
     njev: 18
   status: 0
  success: True
        x: array([-0.65407005, -0.93291498, -0.42468684,  0.59258248, -3.01411191,
       -0.01835124,  0.33647224, -0.79458908,  0.        , -0.06446976])
