number of sites to be analyzed:  174
log likelihood =  -3155.0247890432147
Lr derivatives =  [-294.03675648845575, -308.9622809076635, -173.07945887871927]
other derivatives =  [ -5.31211481 -21.42481844  13.57439805 -53.79766662 118.55895173
  59.71730388]
Current x_clock array =  [-0.62430758 -0.83426913 -0.58679706  0.18232156 -0.10536052  0.33647224
 -0.51082562 -0.51082562 -0.51082562]
log likelihood =  -2947.667368622934
Lr derivatives =  [-6.06243989246159, -140.02084835862902, -84.10972988469777]
other derivatives =  [  8.63316018 -19.19496844 -20.99872427 -36.78585836 125.67258273
  92.6967823 ]
Current x_clock array =  [-0.62255318 -0.83187334 -0.62826423  0.34666306 -0.46753527  0.15404738
  0.3874     -0.50926515 -0.50926515]
log likelihood =  -2854.987005255497
Lr derivatives =  [65.023316765715, -74.1174760489619, -42.56249890372145]
other derivatives =  [-15.30710415  13.82958726  -7.94186008 -26.58425865  95.06587048
  64.4280326 ]
Current x_clock array =  [-0.64832853 -0.7923851  -0.57786964  0.46919166 -0.85733668 -0.12122976
  0.53348206 -0.31837393 -0.38686745]
log likelihood =  -2767.440780693809
Lr derivatives =  [-2.12157845227739, -51.799955758119985, -0.340481438451377]
other derivatives =  [160.73620645 -13.43206986 -17.3199619    3.6110805   11.88821754
  26.61107828]
Current x_clock array =  [-0.52945507 -0.89804041 -0.55061292  0.69517811 -1.58708427 -0.58738092
  0.38854146  0.         -0.08071418]
log likelihood =  -2795.4832950544705
Lr derivatives =  [-84.23022356713564, -87.3777490990197, 85.80400390201248]
other derivatives =  [-233.31982902  -27.12168089   -5.93187633   20.59725512  -54.94696782
   15.69423694]
Current x_clock array =  [-0.88197616 -0.92934633 -0.50852567  0.79939898 -1.96312319 -0.86436085
  0.40877188  0.          0.        ]
log likelihood =  -2757.4706684944267
Lr derivatives =  [-27.98395180828244, -62.92603429169474, 1.952047169793694]
other derivatives =  [-15.59003113 -17.56038091 -13.35800289   9.64057608  -7.70590681
  22.1018513 ]
Current x_clock array =  [-0.64354109 -0.90817191 -0.53699226  0.72890699 -1.70878134 -0.67701963
  0.39508861  0.         -0.05459274]
log likelihood =  -2755.187316632525
Lr derivatives =  [-13.30481469294518, -54.33674560741581, 2.13208282174471]
other derivatives =  [-12.09350512 -10.00094016  -3.94040035   7.70021506  -1.11457905
  20.46831287]
Current x_clock array =  [-0.64310233 -0.89422523 -0.52582958  0.73587618 -1.74121897 -0.71669379
  0.46009378  0.         -0.05839785]
log likelihood =  -2751.3459177778213
Lr derivatives =  [3.859348383699217, -41.20129761557092, 5.237417791494323]
other derivatives =  [-3.84590385  5.87067461 -1.86956822  6.08192659  4.03815081 13.70430164]
Current x_clock array =  [-0.63998383 -0.87149007 -0.52024997  0.76573765 -1.91119311 -0.89841354
  0.62554362  0.         -0.05014672]
log likelihood =  -2749.3689051102892
Lr derivatives =  [4.189554327166061, -39.845606555370935, -1.4454432075748311]
other derivatives =  [-1.10585279 -7.28888563 22.3170241   4.62740809  2.55055565  8.14976125]
Current x_clock array =  [-0.63818941 -0.90307047 -0.49551047  0.77314111 -2.08925185 -1.10438083
  0.75392361  0.         -0.05971429]
log likelihood =  -2748.3363162284245
Lr derivatives =  [-1.4205838324344633, -40.19088708511762, -6.713542562295782]
other derivatives =  [  2.49652658  -4.37045446 -29.68328499   3.91970707  -2.38379388
   3.01919706]
Current x_clock array =  [-0.63679312 -0.90259815 -0.54221693  0.77049426 -2.3101839  -1.375422
  0.91083604  0.         -0.06101704]
log likelihood =  -2747.759718860589
Lr derivatives =  [-2.795646696880352, -39.37131720020492, -3.2666989393280232]
other derivatives =  [-0.08562438 -1.40836164 -6.47454999  3.8985454  -3.53089872  2.51464452]
Current x_clock array =  [-0.63820211 -0.8983714  -0.51935945  0.76876567 -2.35684282 -1.43331418
  0.93934455  0.         -0.04985213]
log likelihood =  -2747.6055448569073
Lr derivatives =  [-0.9227394231803991, -37.059611462467856, -1.5335706343153888]
other derivatives =  [-0.2585175   0.26584121  2.90024718  2.8919585  -2.0538967   1.76336231]
Current x_clock array =  [-0.63834593 -0.89627277 -0.51088469  0.76081446 -2.40699074 -1.50699257
  0.98266973  0.         -0.04434091]
log likelihood =  -2747.534327309314
Lr derivatives =  [0.729004892990261, -35.128479180508904, -0.21610253925269163]
other derivatives =  [-0.15089154  0.55398596  3.07796108  1.80251755 -0.71676719  1.17927085]
Current x_clock array =  [-0.63834933 -0.8964572  -0.51083241  0.74996459 -2.44614963 -1.5704785
  1.01717929  0.         -0.03996797]
log likelihood =  -2747.4885362690666
Lr derivatives =  [1.1242668009233654, -34.41259615145555, 0.056694611607927214]
other derivatives =  [-0.04937556  0.85617467  0.32982689  0.64159349 -0.45754558  0.83368899]
Current x_clock array =  [-0.63813833 -0.896321   -0.51322059  0.73336921 -2.46256394 -1.61210801
  1.02881592  0.         -0.03785849]
log likelihood =  -2747.4565965367974
Lr derivatives =  [1.7069111669908121, -34.01677598487426, 0.19706179865526963]
other derivatives =  [-0.01579247 -0.36560141 -1.30742819 -0.41918065 -0.11359528  0.77992668]
Current x_clock array =  [-0.63792375 -0.89861721 -0.51460246  0.71680787 -2.44913639 -1.62365081
  1.01664315  0.         -0.03671375]
log likelihood =  -2747.399071673927
Lr derivatives =  [1.0709072594540139, -34.633698171511625, -0.09449069387832765]
other derivatives =  [ 0.49161736 -0.20007519 -2.97822544 -1.87396518 -1.02202502  0.8789057 ]
Current x_clock array =  [-0.63697273 -0.89806356 -0.51578898  0.68772864 -2.39979964 -1.62335731
  0.96903614  0.         -0.03575324]
log likelihood =  -2747.175522440753
Lr derivatives =  [0.2957288676715919, -36.52693873980307, 0.5170120861926506]
other derivatives =  [-3.40345059 -3.59246951 -5.36033713 -5.37875894 -3.35592019  2.05626001]
Current x_clock array =  [-0.63806621 -0.90107287 -0.51825997  0.61010909 -2.17941821 -1.56141378
  0.77687475  0.         -0.0313431 ]
log likelihood =  -2769.1647184917506
Lr derivatives =  [-96.89602167546057, -96.40358235632651, -2.8721386426982463]
other derivatives =  [-24.31961366 -34.77021528  18.05471811 -28.30946505  -4.21057742
  11.32378224]
Current x_clock array =  [-0.64244012 -0.91311012 -0.52814395  0.2996309  -1.29789247 -1.31363969
  0.00822922  0.         -0.0137025 ]
log likelihood =  -2747.07730268205
Lr derivatives =  [-2.1591524474580446, -38.891233654385786, 0.7410735846754903]
other derivatives =  [-6.12728854 -6.60638716 -5.46082492 -7.38591962 -5.72677089  3.07150498]
Current x_clock array =  [-0.63874298 -0.90293538 -0.51978931  0.56206921 -2.0430209  -1.52307603
  0.65794325  0.         -0.02861359]
log likelihood =  -2751.2637400445983
Lr derivatives =  [-38.02626478288379, -62.343914774919384, -1.182944362035066]
other derivatives =  [ -0.75385651 -17.49542025   8.36116078 -15.64376271  -9.57939409
   8.18564758]
Current x_clock array =  [-0.62941962 -0.89789853 -0.52223774  0.419871   -1.56787744 -1.38584455
  0.25612082  0.         -0.02151084]
log likelihood =  -2747.0407593381124
Lr derivatives =  [-3.671684434582284, -40.189907109311235, 0.7697757650023576]
other derivatives =  [-5.31765272 -7.43662349 -4.68673079 -8.1408798  -6.60040223  3.59190813]
Current x_clock array =  [-0.63755396 -0.90229303 -0.52010156  0.54393459 -1.98242557 -1.50557481
  0.60669859  0.         -0.02770777]
log likelihood =  -2746.682594047021
Lr derivatives =  [-4.238150934527875, -41.070861174168, -0.5896296513230972]
other derivatives =  [-6.20742594 -3.80527035 -1.45542072 -8.59537658 -6.39795788  3.87244934]
Current x_clock array =  [-0.63797647 -0.89175323 -0.51863458  0.53359856 -1.89568175 -1.52232005
  0.54392569  0.         -0.02952382]
log likelihood =  -2746.335282570879
Lr derivatives =  [-14.583902108369783, -47.12004898153871, -4.1037558497780715]
other derivatives =  [29.76478936 10.79633239 23.01029963 -4.988809   -0.85196772  3.90190873]
Current x_clock array =  [-0.61110846 -0.84814039 -0.50435998  0.5687598  -1.52272101 -1.77366069
  0.30419907  0.         -0.02812021]
log likelihood =  -2745.7415086014294
Lr derivatives =  [-5.081039925893229, -41.665302179066344, -1.6792723503148537]
other derivatives =  [ 9.88991223  3.30931425  8.86923317 -7.18529554 -4.04285339  3.78623313]
Current x_clock array =  [-0.62579233 -0.87197562 -0.51216131  0.54954353 -1.72655102 -1.63629834
  0.43521414  0.         -0.02888731]
log likelihood =  -2744.9403338529546
Lr derivatives =  [5.107320018983472, -34.480151343155754, -2.5983689283620546]
other derivatives =  [-3.7526238  19.65703677 17.85565382 -0.83563191  1.97391259  2.02029061]
Current x_clock array =  [-0.63841681 -0.84242606 -0.50358095  0.64976437 -1.65357836 -1.89582628
  0.43285444  0.         -0.03079849]
log likelihood =  -2744.5618150130213
Lr derivatives =  [-5.359345246064198, -39.58962752592532, -1.002235260347618]
other derivatives =  [-5.63342246  6.7568526  12.81932964  0.43968066  2.20598338  2.26210448]
Current x_clock array =  [-0.63870909 -0.85808046 -0.51205909  0.64666739 -1.5128843  -2.02438582
  0.33206706  0.         -0.02074438]
log likelihood =  -2744.538286856595
Lr derivatives =  [7.170229526222384, -29.690003548249507, 6.37476859416209]
other derivatives =  [ 33.45199229 -14.09908418   5.55306769  -0.78826179   3.4248101
   0.79094239]
Current x_clock array =  [-0.60921712 -0.9088647  -0.51458325  0.65071763 -1.63061047 -2.29693402
  0.41631022  0.         -0.00697454]
log likelihood =  -2744.095589598759
Lr derivatives =  [1.2803841548777832, -34.390761277188034, 2.512529783531594]
other derivatives =  [13.32702504 -3.73617468  9.20269304 -0.18304218  2.63652492  1.43418561]
Current x_clock array =  [-0.6239262  -0.88353612 -0.51332433  0.64869758 -1.57189469 -2.16100094
  0.37429405  0.         -0.01384223]
log likelihood =  -2743.8390852902276
Lr derivatives =  [1.5214227382504255, -33.77985325667598, 0.6180091271895858]
other derivatives =  [ 1.70497015 -2.56135581 -0.55970031  0.34800951  1.09612446  0.93874814]
Current x_clock array =  [-0.63282309 -0.88237507 -0.52180515  0.65463393 -1.59464692 -2.26518352
  0.38697975  0.         -0.01577419]
log likelihood =  -2743.7114625857494
Lr derivatives =  [1.2535426589869765, -33.03704678995254, -0.02826652430811727]
other derivatives =  [-0.8008401  -1.22586562 -2.89705895  0.76926972  0.60189289  0.53089108]
Current x_clock array =  [-0.63475763 -0.87978675 -0.52400767  0.65760992 -1.58508486 -2.43906202
  0.37964641  0.         -0.01456491]
log likelihood =  -2743.634665337134
Lr derivatives =  [-0.7541123747381846, -32.647313471179814, 1.7640160567317693]
other derivatives =  [-5.82174653 -1.93030928  4.58353497 -0.11294287 -0.57405702  0.20597673]
Current x_clock array =  [-0.63848214 -0.88107747 -0.51635941  0.64258087 -1.57791083 -2.70697308
  0.3656538   0.         -0.0081622 ]
log likelihood =  -2743.586785445823
Lr derivatives =  [-1.4586528085871713, -32.62072015619137, -0.09263936220578017]
other derivatives =  [ 1.50560572  1.08113227 -0.63242442  0.17235379 -0.5687472   0.08226885]
Current x_clock array =  [-0.63264552 -0.87428147 -0.5223554   0.64193426 -1.55315114 -2.87239401
  0.34929761  0.         -0.00959407]
log likelihood =  -2743.5801210999434
Lr derivatives =  [-0.4917202130021714, -31.949260599740754, 0.07330404894984]
other derivatives =  [ 0.55726332  0.28209888 -0.01554872  0.03900141 -0.25102161  0.04912035]
Current x_clock array =  [-0.63344597 -0.87616141 -0.52150346  0.64214714 -1.55680492 -2.89905869
  0.3534546   0.         -0.00929448]
log likelihood =  -2743.578131838023
Lr derivatives =  [0.04764407882434796, -31.465155538029048, 0.06344355032859816]
other derivatives =  [ 0.02469915 -0.08307052  0.1108574  -0.03361947  0.03330482  0.01604579]
Current x_clock array =  [-0.63389487 -0.87687295 -0.52136195  0.64206061 -1.55454663 -2.94835698
  0.35335678  0.         -0.00901803]
log likelihood =  -2743.57790892991
Lr derivatives =  [0.06781625076074604, -31.384365172296555, 0.0010545026410841984]
other derivatives =  [-0.01560875 -0.03817968  0.05537368 -0.02846582  0.04078544  0.00390283]
Current x_clock array =  [-0.63392602 -0.87677006 -0.52142211  0.64204563 -1.55353901 -2.97002583
  0.35272861  0.         -0.00896257]
log likelihood =  -2743.57792683321
Lr derivatives =  [-0.02514351988833141, -31.376389185053256, 0.19934202352952113]
other derivatives =  [-0.01901981 -0.00376212  0.02186607  0.03783771 -0.03852014 -0.00042078]
Current x_clock array =  [-0.63392521 -0.8767509  -0.52142367  0.64260283 -1.5538327  -2.97958632
  0.35258069  0.         -0.00860458]
log likelihood =  -2743.5778936459574
Lr derivatives =  [0.03029594282137893, -31.381077215927146, 0.0809532361792602]
other derivatives =  [-0.01698845 -0.02426077  0.04181584 -0.00167711  0.00873899  0.00213956]
Current x_clock array =  [-0.63392569 -0.87676232 -0.52142274  0.64227085 -1.55365771 -2.97389013
  0.35266882  0.         -0.00881787]
log likelihood =  -2743.577882724757
Lr derivatives =  [-0.012589316783572002, -31.405713003550105, -0.03910111799937788]
other derivatives =  [-4.68389771e-05 -8.30459612e-03  1.13914211e-02  7.54607754e-03
 -8.03354857e-03 -5.68523707e-04]
Current x_clock array =  [-0.6339069  -0.8767159  -0.52145841  0.64231347 -1.55332627 -2.9787309
  0.35237616  0.         -0.0089573 ]
log likelihood =  -2743.577880890632
Lr derivatives =  [0.0016144949025616029, -31.39423187766755, -0.0005955038573812743]
other derivatives =  [ 5.60248736e-04  1.32604328e-03 -8.50377546e-04  2.54885890e-03
  1.43602832e-03  5.90952449e-05]
Current x_clock array =  [-0.63390839 -0.87669349 -0.52147514  0.64226058 -1.55326725 -2.97802683
  0.35237656  0.         -0.0089057 ]
      fun: 2743.577880890632
 hess_inv: <9x9 LbfgsInvHessProduct with dtype=float64>
      jac: array([ 5.60248736e-04,  1.32604328e-03, -8.50377546e-04,  2.54885890e-03,
        1.43602832e-03,  5.90952449e-05,  1.61449490e-03, -3.13942319e+01,
       -5.95503857e-04])
  message: 'CONVERGENCE: REL_REDUCTION_OF_F_<=_FACTR*EPSMCH'
     nfev: 39
      nit: 31
     njev: 39
   status: 0
  success: True
        x: array([-0.63390839, -0.87669349, -0.52147514,  0.64226058, -1.55326725,
       -2.97802683,  0.35237656,  0.        , -0.0089057 ])
