number of sites to be analyzed:  174
log likelihood =  -7687.880827939296
Edge derivatives =  [74.57199328840689, 69.97150051589094, 109.40078637718825, 63.39420289039734, 12.071864980381683, 11.290288172250849, 136.67084587527856, 92.64448396872973, 40.223976440402815, 64.02347312335503, 16.859230108965598, 51.7649536535352, 42.69798240908636, 52.423247312353894, 110.56649512966797, 104.87034293950214]
other derivatives: [ -29.75489133   52.7216398   -32.10646992  223.54660359 -324.99607823
    0.        ]
Current x array =  [ -0.62498103  -0.85257492  -0.5658183    0.18232156  -0.10536052
 -13.81551056  -2.30258509  -2.30258509  -2.30258509  -2.30258509
  -2.30258509  -2.30258509  -2.30258509  -2.30258509  -2.30258509
  -2.30258509  -2.30258509  -2.30258509  -2.30258509  -2.30258509
  -2.30258509  -2.30258509]
log likelihood =  -7485.011404523037
Edge derivatives =  [72.84521571426899, 71.42256831605218, 110.66622565609605, 64.59841950783886, 13.229585064072024, 12.259982247598717, 138.53191581834852, 92.64804147356529, 41.22847155910361, 64.6977733623923, 16.81400430926169, 55.28781710836853, 43.25257900462953, 53.95405241057138, 111.30245057680534, 106.45807338033336]
other derivatives: [201.96854894  89.59466413   6.0686416  159.69635933 -11.9412831
   0.        ]
Current x array =  [ -0.7134466   -0.85018875  -0.66127545   0.21151092  -1.07162052
 -13.81551056  -2.2838466   -2.09454977  -2.2838466   -2.2838466
  -2.2838466   -2.2838466   -2.2838466   -2.2838466   -2.2838466
  -2.2838466   -2.2838466   -2.2838466   -2.2838466   -2.2838466
  -2.2838466   -2.2838466 ]
log likelihood =  -7480.579159240189
Edge derivatives =  [62.39126459042685, 70.63730496998515, 105.21939515065928, 58.58454799449845, 6.490475805985619, 9.402932266694831, 130.56130191417444, 83.54830553857212, 38.79032449833668, 57.83678613055478, 12.108475358384101, 55.61039355120109, 39.876457709832394, 47.30968154466797, 101.08447337210795, 99.35243462328295]
other derivatives: [-1907.388174      -5.48254775    -2.40063309  -120.39837566
   109.7239565      0.        ]
Current x array =  [ -0.28791508  -0.65666781  -0.68208128   0.54139306  -1.44844626
 -13.81551056  -2.12560096  -1.8574377   -2.04683956  -2.14206262
  -2.24823869  -2.25027999  -1.98912963  -2.08432951  -2.19040228
  -2.14196259  -2.24106962  -2.1608446   -2.18630835  -2.16399703
  -2.04562986  -2.05547274]
log likelihood =  -7384.790576281535
Edge derivatives =  [69.62349420489127, 70.92431888748375, 109.26264207342591, 62.73894036430869, 10.939323483083882, 11.224830576706939, 136.04672234371054, 89.61134242014018, 40.36019634244215, 62.30391422764746, 15.247973710712238, 54.87426066464232, 41.97798131041528, 51.922904222346936, 107.99480189315058, 104.1527306214865]
other derivatives: [-7.84209351e+01  5.19520900e+01  2.30575097e-02  1.00048048e+02
  2.45063632e+01  0.00000000e+00]
Current x array =  [ -0.56759041  -0.78385705  -0.6684069    0.32458211  -1.2007822
 -13.81551056  -2.22960595  -2.01327668  -2.20260951  -2.23524839
  -2.27164155  -2.27234123  -2.18282872  -2.21545965  -2.25181741
  -2.2352141   -2.26918426  -2.24168615  -2.25041416  -2.24276668
  -2.20219487  -2.20556864]
log likelihood =  -7197.840043922799
Edge derivatives =  [59.64541473398076, 67.44143117001668, 102.90670149312159, 55.47246247951253, 5.056193796173155, 6.999296408167255, 125.47101343729015, 77.4861325364795, 36.07336446874721, 54.87432031697964, 10.717713088987312, 51.60509206071146, 37.22338492436363, 45.3433879257822, 96.0321002113127, 94.35614524075515]
other derivatives: [-601.28255336  -33.22377233   24.27357322  -53.98229041   81.28549658
    0.        ]
Current x array =  [ -0.45114069  -0.60613055  -0.67841328   0.63429748  -1.35649677
 -13.81551056  -2.04644086  -1.78246499  -1.92085811  -2.07031229
  -2.23684404  -2.238169    -1.83231835  -1.9817778   -2.14436672
  -2.07091596  -2.22450586  -2.09765155  -2.13854528  -2.10485608
  -1.9217513   -1.93569727]
log likelihood =  -6963.362005703486
Edge derivatives =  [31.388465065725555, 51.045337486690165, 69.47235618111608, 31.970124154991744, -8.115566753923309, -6.040288460299792, 78.03541035548444, 39.200097618455786, 18.41655766229018, 32.39747351736395, -1.8001769807143324, 34.08213905197111, 21.213567320593928, 24.248742740839127, 54.54475999502491, 58.004767884622275]
other derivatives: [-225.4440551  -720.1788676   138.7744569  -198.36365611  153.07362705
    0.        ]
Current x array =  [ -0.54809525  -0.30378095  -0.65951948   1.15405612  -1.46647491
 -13.81551056  -1.68332617  -1.35359227  -1.35417487  -1.7426964
  -2.17357016  -2.17520255  -1.12847526  -1.51747262  -1.93192426
  -1.74453703  -2.14013123  -1.80991505  -1.91732199  -1.83178185
  -1.36178409  -1.39586257]
log likelihood =  -6691.511649080078
Edge derivatives =  [33.733606961501636, 45.97939510203115, 70.3365552507773, 28.122984299829636, -3.295966575184228, -3.024200939881889, 51.44069533510769, 28.70604660310141, 21.58854907892143, 35.121843973183935, 0.756217181373868, 29.30039418883065, 18.9472591590181, 29.790940977769385, 44.45016846256895, 41.94501586840631]
other derivatives: [-154.92484636 -237.0721204    73.93930173 -223.13414458   40.46321029
    0.        ]
Current x array =  [ -0.60813792  -0.5767485   -0.53792468   1.38053878  -1.18846395
 -13.81551056  -1.45271561  -1.14018189  -0.98093902  -1.53413342
  -2.14670848  -2.14773845  -0.66802841  -1.22226377  -1.80068919
  -1.5361538   -2.09690857  -1.62512389  -1.77881919  -1.66049797
  -1.00049265  -1.04503289]
log likelihood =  -6575.059072882132
Edge derivatives =  [10.741860178412518, 23.861876106462905, 23.36032926256124, 5.020250555973997, -6.491870786878901, -8.256206542326472, -47.397990788943, -12.787180981085093, 10.462332491589386, 19.11133387693465, -7.544828367590189, 6.2607231771288525, 2.1253663481515765, 18.04280835853046, -12.734751788057084, -17.32170818813379]
other derivatives: [  -7.46000478  -87.83643989 -272.83081999 -207.27933304  -97.10010439
    0.        ]
Current x array =  [ -0.68328999  -0.79772361  -0.36988615   1.56744353  -1.08635121
 -13.81551056  -1.05702178  -0.70234529  -0.33545808  -1.18157114
  -2.09594386  -2.09742486   0.08005715  -0.73810305  -1.56930641
  -1.17381224  -2.01960698  -1.30967909  -1.5421434   -1.35807273
  -0.40063304  -0.46802379]
log likelihood =  -6518.278795815118
Edge derivatives =  [8.30274034012084, 18.99993199855116, 14.931087507717072, 1.4854867006806196, -7.077243814727223, -8.505796148090006, -45.148055151345034, -15.592683874860496, 7.438188775110265, 14.003982625372963, -8.659242586307204, 7.954639181180701, 1.416370548077364, 13.74500835779929, -21.967017125783986, -20.086578073593127]
other derivatives: [  78.41230854   61.98142728  307.20580889 -117.5645446    -7.12522447
    0.        ]
Current x array =  [ -0.68644964  -0.97722354  -0.69635849   1.19271624  -1.35380678
 -13.81551056  -0.98438503  -0.54200233  -0.20466485  -1.12219197
  -2.09404548  -2.0979947    0.11792191  -0.69010529  -1.51694955
  -1.09167637  -2.01548789  -1.25073354  -1.50201623  -1.28485222
  -0.33403919  -0.41084634]
log likelihood =  -6468.677477522862
Edge derivatives =  [15.717036112647646, 24.66537793572471, 30.78214671687078, 8.34905483128923, -5.097366737264539, -6.618612402988761, -12.226078023920492, -2.135336278769685, 11.726994091551179, 20.939026038025354, -5.130398602772006, 13.5160464831491, 5.777801115483378, 19.458166759817647, 1.3153688674862873, -0.3247473814092747]
other derivatives: [ 31.5413472   38.90590233 140.91255434 -66.43457709  17.41144759
   0.        ]
Current x array =  [ -0.66104072  -0.94730506  -0.57216634   0.9892575   -1.39354267
 -13.81551056  -1.08329745  -0.64352245  -0.36027335  -1.21495254
  -2.11427354  -2.11903591  -0.11381446  -0.83216617  -1.5725066
  -1.17667304  -2.04319227  -1.32873223  -1.56413505  -1.35426521
  -0.50843132  -0.57891452]
log likelihood =  -6447.482077393563
Edge derivatives =  [11.787556333942131, 19.503393845496934, 19.619552297398492, 5.367166652535221, -5.038899411882178, -6.945346049823982, -16.28497800664264, -4.817211644979981, 9.874565769264247, 17.00358243461583, -5.092179670160372, 9.278601660048801, 3.1619546431613985, 16.55214161568275, -2.3196848103097643, -5.128294652512758]
other derivatives: [-33.43117169  47.2364718  -30.65075362  -6.90335764  -4.04943126
   0.        ]
Current x array =  [ -0.63966125  -0.96051125  -0.46403731   0.82940559  -1.4277728
 -13.81551056  -1.02232803  -0.55011153  -0.24973348  -1.17233538
  -2.12232656  -2.13058149  -0.10004142  -0.80578305  -1.53027984
  -1.10471916  -2.04972804  -1.27873447  -1.53562657  -1.28986906
  -0.46710685  -0.54416244]
log likelihood =  -6442.37060242378
Edge derivatives =  [9.098703536597345, 16.088800670723565, 12.051303960314216, 3.34366124195185, -5.239471439617741, -7.220581748109277, -18.89033350919919, -7.044758119194877, 8.223884835256559, 13.364577198613663, -5.468331891828962, 7.010389033592741, 1.5575907659375205, 13.666716416642991, -6.29191522197967, -8.279711538588192]
other derivatives: [-30.59680057  40.69297574 -33.13671823   5.7210782   -3.51225555
   0.        ]
Current x array =  [ -0.64198132  -0.9528125   -0.46208731   0.79048874  -1.46547933
 -13.81551056  -0.97442348  -0.47522569  -0.16936867  -1.13721596
  -2.12614863  -2.1372036   -0.0758497   -0.77845515  -1.49730366
  -1.0503313   -2.05205945  -1.2398132   -1.5123278   -1.24102777
  -0.42863765  -0.51083915]
log likelihood =  -6431.359746744205
Edge derivatives =  [1.6489533171064177, 5.669440229096503, -6.524953537274429, -0.5798080884726142, -5.295066706851521, -7.144711226469209, -4.932940321150388, -4.886835946770463, 3.0466948032951904, 0.8724220202203888, -4.806681386727303, 1.5081248066576025, -2.506627708243893, 3.065475482990883, -4.4359633801898335, -5.0292641648937595]
other derivatives: [ 15.3246674   13.13148459 -26.88539007   8.94577897  -9.29142115
   0.        ]
Current x array =  [-6.67899561e-01 -9.20076787e-01 -4.62468361e-01  7.89777436e-01
 -1.48315789e+00 -1.38155106e+01 -8.47321889e-01 -2.58722370e-01
  3.69320686e-03 -1.06968268e+00 -2.17675810e+00 -2.20750151e+00
 -1.82057596e-01 -8.03473072e-01 -1.39537172e+00 -8.89342493e-01
 -2.10189679e+00 -1.13783680e+00 -1.47415214e+00 -1.08197768e+00
 -4.38259784e-01 -5.34772503e-01]
log likelihood =  -6429.475073071508
Edge derivatives =  [0.36112593572252444, 2.7569479306413034, -6.2700804142629085, -0.6229196844233099, -4.8872357017891455, -6.544681171568208, 1.9650761187620223, -2.1627245472766097, 1.715612030987044, -2.1798857610036864, -4.127356472191906, 0.8703730413893846, -2.701298277758481, -0.22126877554953805, -1.0537924137280377, -1.0018499327424215]
other derivatives: [ 1.88617287 -4.86037334 13.34614535  4.52261429  0.87389824  0.        ]
Current x array =  [-6.60436484e-01 -9.00272066e-01 -4.82000221e-01  7.94250779e-01
 -1.50138738e+00 -1.38155106e+01 -8.18356967e-01 -1.87305086e-01
  5.66587506e-03 -1.06257324e+00 -2.21336032e+00 -2.25619429e+00
 -2.28436853e-01 -8.36980300e-01 -1.36300587e+00 -8.56402411e-01
 -2.13566473e+00 -1.11154297e+00 -1.48013402e+00 -1.03878042e+00
 -4.65736226e-01 -5.66543203e-01]
log likelihood =  -6428.939198510464
Edge derivatives =  [0.05252536597737967, 1.7884511285137599, -4.460140705089239, -0.283977008087981, -4.53922610237418, -6.116713521370784, 4.976975200102261, -0.5725649041377228, 1.3868173665364625, -2.5993388698749564, -3.6542339917886664, 0.7561369699107066, -2.522853803933916, -1.047865697981842, 1.341780809033661, 1.2140326360728781]
other derivatives: [-0.27148963 -9.5847945   6.44592365 -0.17586444  2.76284878  0.        ]
Current x array =  [-6.59637357e-01 -8.94781204e-01 -4.78117304e-01  8.09178430e-01
 -1.49832195e+00 -1.38155106e+01 -8.11497269e-01 -1.64064334e-01
 -1.16726734e-02 -1.06526830e+00 -2.23573725e+00 -2.28577191e+00
 -2.50710445e-01 -8.58971357e-01 -1.35089373e+00 -8.51675780e-01
 -2.15598693e+00 -1.10416882e+00 -1.48966809e+00 -1.02627150e+00
 -4.84726282e-01 -5.86973788e-01]
log likelihood =  -6428.20208958851
Edge derivatives =  [-0.33501381687767245, 0.5132025776534035, -0.9449481867038626, 0.11721081655256314, -3.8641559159867285, -5.331234986767514, 6.054318341321257, 0.6599994524489963, 0.9795322701954381, -2.153196778583013, -3.040853368642397, 0.6987315547294264, -1.8518118722091688, -1.4911753796454361, 3.282274973755147, 2.9998414369554567]
other derivatives: [ 4.69260613 -8.33712966  5.01991781 -3.23216955  2.82541961  0.        ]
Current x array =  [ -0.66191864  -0.89485111  -0.47770213   0.81855865  -1.48807224
 -13.81551056  -0.80530972  -0.13493521  -0.04964709  -1.07005084
  -2.27754423  -2.34157737  -0.25592546  -0.88517016  -1.33304453
  -0.8579604   -2.1921468   -1.09446853  -1.51062355  -1.01802038
  -0.50015429  -0.60490104]
log likelihood =  -6430.98682639154
Edge derivatives =  [-3.4879403413766044, -5.552629962473527, 2.0126211258997344, -0.5864170554417591, -2.406417758459277, -3.448808681054384, 1.700915516510487, 0.8838316435473612, -1.383893892589862, -2.7391449443689297, -2.06489242976683, -1.432709369177469, -0.9562529147924514, -4.2479009132220735, 2.1431081098952705, 2.4474302956996596]
other derivatives: [-126.98944374    5.03359297   -6.63573246  -12.70352459   -9.86500944
    0.        ]
Current x array =  [ -0.60158711  -0.91873898  -0.47623818   0.8620494   -1.46534733
 -13.81551056  -0.76450058  -0.02640122  -0.09186185  -1.05761098
  -2.40829853  -2.51979962  -0.21475685  -0.92513874  -1.26317755
  -0.85379248  -2.30329219  -1.04305257  -1.5583281   -0.98033195
  -0.48901435  -0.6045174 ]
log likelihood =  -6427.863567044207
Edge derivatives =  [-1.1114708557453694, -0.9514852848265228, -0.20646597582581216, -0.07651370982584595, -3.4775176713662024, -4.825098155541606, 4.978964450604313, 0.6959109153494315, 0.41068313182849553, -2.321568675796754, -2.788085282202315, 0.18048810426936418, -1.6347826493497155, -2.1706587617938364, 2.981199323408797, 2.843247321532725]
other derivatives: [-25.81876834  -5.07767436   2.15997534  -5.7056368   -0.21468964
   0.        ]
Current x array =  [ -0.64692618  -0.90078728  -0.47733833   0.82936616  -1.48242507
 -13.81551056  -0.7951686   -0.10796438  -0.06013751  -1.06695952
  -2.31003685  -2.38586583  -0.24569501  -0.8951024   -1.3156825
  -0.85692466  -2.21976657  -1.0816916   -1.52247819  -1.00865476
  -0.497386    -0.6048057 ]
log likelihood =  -6427.13138663694
Edge derivatives =  [-1.5634896502719413, -2.589899306787335, 3.788938529787317, 0.27225014928075675, -2.5517334216253342, -3.842052460712937, 3.1667627977114985, 1.1327360378197313, -0.1291523282424641, -1.0668081317016682, -2.1512617981590108, -0.09517156071226729, -0.6567436446729753, -2.101809275616982, 3.6480096298913276, 3.3875797540447]
other derivatives: [-8.21921367  2.00652903 -1.53158362 -4.69043334 -1.97642867  0.        ]
Current x array =  [ -0.65516204  -0.90679233  -0.4759032    0.82682444  -1.47248112
 -13.81551056  -0.78840694  -0.07353077  -0.10548108  -1.07030808
  -2.36932602  -2.46583885  -0.22604189  -0.91844765  -1.29183368
  -0.87147     -2.26985321  -1.06792286  -1.55153835  -1.00480671
  -0.49996966  -0.61117921]
log likelihood =  -6426.711543513622
Edge derivatives =  [-1.6526228042216895, -3.277829262853298, 5.433698370633276, 0.36307926123520956, -1.9102181740653683, -3.1943753478389767, -0.07671967085238207, 0.6756634348032593, -0.44192810149222356, 0.018122566566941, -1.8677642353911, -0.34071692356751393, 0.07518560357199855, -1.6051381830843905, 2.401941215234442, 2.3482353362073614]
other derivatives: [-1.33405683  2.23261304 -3.0030551  -1.91148229 -1.95221885  0.        ]
Current x array =  [ -0.65855125  -0.90582914  -0.47541869   0.81753478  -1.47519856
 -13.81551056  -0.78643811  -0.05708129  -0.12339471  -1.06942356
  -2.4121199   -2.52484362  -0.19562472  -0.92471668  -1.27652295
  -0.88375528  -2.30553835  -1.05828955  -1.57037839  -1.00815322
  -0.48618278  -0.60029938]
log likelihood =  -6426.2759193359225
Edge derivatives =  [-1.4696283155971375, -3.479581793698263, 4.565966105509645, 0.23136698956364235, -1.2065666152146777, -2.494220455235196, -2.0738743048388555, 0.46566068233299585, -0.7625660316035787, 0.7767976976771118, -1.5571214048278468, -0.6134833147786324, 0.7057474600788843, -0.9074405107716873, 0.4916314065461764, 0.7507271765830243]
other derivatives: [ 2.95547216  4.75204342 -0.58558453  1.32158766  0.07371185  0.        ]
Current x array =  [ -0.66026551  -0.90919807  -0.47637127   0.80683748  -1.48844421
 -13.81551056  -0.78759941  -0.04886792  -0.10909899  -1.06411773
  -2.46341805  -2.59865025  -0.1743968   -0.92876446  -1.26058941
  -0.88893501  -2.35033272  -1.04717861  -1.58566849  -1.01280266
  -0.46460367  -0.58119811]
log likelihood =  -6425.973112344447
Edge derivatives =  [-0.5346373946349975, -1.8706222673294628, 2.6861982218873544, 0.24054588662649828, -0.22406819234023095, -1.4953756541158323, -4.31755169587394, 0.3090450117629882, -0.7381286039520494, 2.2508226221268917, -1.0849924903202273, -0.23786590026223287, 1.9002694206391826, 0.9014573890684296, -2.020439229645126, -1.3607561155104104]
other derivatives: [ -0.34899131 -13.49480317  -6.43117073   0.66025586   0.09891575
   0.        ]
Current x array =  [ -0.6597041   -0.88603716  -0.47396231   0.80848916  -1.48574346
 -13.81551056  -0.80978235  -0.07777964  -0.08874229  -1.06442887
  -2.54295141  -2.71799105  -0.15534971  -0.93564916  -1.25143805
  -0.90691753  -2.42327023  -1.04536807  -1.60900551  -1.03751788
  -0.4409116   -0.55760259]
log likelihood =  -6425.674353871546
Edge derivatives =  [-0.4402067936859869, -1.7397350932263564, -0.156998432327977, -0.09863223603829509, 0.046355619884818636, -1.205777231031332, -2.599390324419317, 0.7243681351802066, -0.9713380767589486, 1.690787558246774, -0.8613729135310062, -0.3611264946702921, 1.818506240629577, 0.8080157749280019, -2.2996272099533974, -1.6516224145383225]
other derivatives: [ 3.03910747 -0.97956399  7.90524427  0.51798361  0.41873317  0.        ]
Current x array =  [ -0.66010003  -0.90237283  -0.48092406   0.81054034  -1.49029766
 -13.81551056  -0.81137232  -0.08106376  -0.05452088  -1.0585753
  -2.57190987  -2.76435284  -0.16787525  -0.93735214  -1.2445519
  -0.89508992  -2.45236531  -1.03898176  -1.60786018  -1.0340443
  -0.43566697  -0.55174429]
log likelihood =  -6425.566903674238
Edge derivatives =  [-0.3955420544683733, -1.525765075906539, -1.5843242081482145, -0.2023740475075974, 0.10430246030712707, -1.1253465738126105, -0.7307531108679451, 1.1545491644332442, -0.9597209345815356, 1.117058866696337, -0.706229303652648, -0.37643942692328347, 1.5729306748896141, 0.5678175649637441, -1.5321808620295074, -1.1557899354992531]
other derivatives: [ 1.71748252  1.18441676  0.39153383  0.39707265 -0.40862996  0.        ]
Current x array =  [ -0.6595206   -0.90556296  -0.4769201    0.81273193  -1.48883115
 -13.81551056  -0.81352065  -0.08767293  -0.03955829  -1.05737907
  -2.57904703  -2.77862318  -0.184529    -0.9384532   -1.24523096
  -0.88616852  -2.46188664  -1.03867906  -1.60303707  -1.03080556
  -0.44127111  -0.55587893]
log likelihood =  -6425.502978215476
Edge derivatives =  [-0.11976826407312804, -0.9142587388580132, -1.8936646475474426, -0.12122918584956922, 0.2395237467287774, -0.9569871682042607, 0.6257591087408885, 1.5160628487396675, -0.8317777134244185, 0.8601423756828287, -0.5004109434880236, -0.11172029905360947, 1.5125318032290611, 0.539083329658542, -0.6456219924419189, -0.4901449335409013]
other derivatives: [ 0.51540155  0.34526238 -0.4347221  -0.83910345 -0.43925115  0.        ]
Current x array =  [ -0.65885994  -0.90445635  -0.47664474   0.81662466  -1.48449439
 -13.81551056  -0.8198825   -0.10063105  -0.03636161  -1.05908417
  -2.59174491  -2.80232266  -0.19713051  -0.93994409  -1.24791073
  -0.88244067  -2.47712562  -1.04080492  -1.60064985  -1.03173273
  -0.44874281  -0.56151413]
log likelihood =  -6425.435092708049
Edge derivatives =  [0.5312805537172587, 0.4265256587000692, -0.9303089669176589, 0.0916943998954366, 0.4769153169892153, -0.6707794891301843, 0.48830562693947294, 1.1610231695757158, -0.3542009203364765, 0.6784875570788325, -0.20669557729876337, 0.3673078560488438, 1.2035678305179014, 0.6512127391219723, 0.25855819570791716, -0.011417042801758703]
other derivatives: [-1.60727177  2.43415707 -7.98866859  1.2105711   0.05972112  0.        ]
Current x array =  [ -0.65759644  -0.90667967  -0.47317556   0.80908287  -1.48367309
 -13.81551056  -0.83161204  -0.1274114   -0.04474633  -1.06225669
  -2.60783188  -2.84116963  -0.19951772  -0.92888654  -1.25815223
  -0.8777251   -2.50057153  -1.0452698   -1.58956363  -1.0351712
  -0.45530216  -0.56499046]
log likelihood =  -6425.3918529057555
Edge derivatives =  [0.6200212025083702, 0.7421227747291055, -0.20815956208698222, 0.13463843382867663, 0.5489371484209141, -0.5519527359279629, 0.5703795046507745, 0.9572898790999451, -0.2740866387014107, 0.2119742160542254, -0.08472316861673221, 0.5090044745043092, 0.9817600084375497, 0.25172015340930276, 0.7331560957898189, 0.4807291933957062]
other derivatives: [-2.32207094  0.7188919   1.23989048  0.43103501  0.53070401  0.        ]
Current x array =  [ -0.65696193  -0.90426688  -0.47825879   0.80982337  -1.48061601
 -13.81551056  -0.833542    -0.13364223  -0.05263397  -1.06335129
  -2.61522955  -2.86086486  -0.20166316  -0.92386421  -1.26147911
  -0.87289795  -2.51233558  -1.04499107  -1.58287021  -1.03263755
  -0.46017988  -0.56913869]
log likelihood =  -6425.377546425165
Edge derivatives =  [0.5450126793099437, 0.6434652429871833, 0.08144752838265379, 0.1032341003432955, 0.5657462998976365, -0.5264662886090393, 0.06452898377379279, 0.7050325008122511, -0.2848128515549213, 0.09085374027313409, -0.08027794011092045, 0.41041188442218696, 0.8692415347583837, 0.09322496380422302, 0.5742229055125261, 0.37401116379304755]
other derivatives: [-1.5336409   0.49558821  1.94251879  0.63246262  0.42633218  0.        ]
Current x array =  [ -0.6573831   -0.90392983  -0.47862964   0.80916803  -1.48090314
 -13.81551056  -0.8319227   -0.13156137  -0.05578685  -1.06276476
  -2.61662055  -2.8663395   -0.19781079  -0.92047579  -1.26156208
  -0.87140969  -2.5151531   -1.04321865  -1.58024415  -1.03094241
  -0.45864069  -0.56803717]
log likelihood =  -6425.358228729148
Edge derivatives =  [0.421525217982739, 0.6123437683969137, 0.19555387105586874, 0.009528853452085616, 0.5845274769690301, -0.4734962348819332, -0.3549298400319624, 0.14080074493245348, -0.1575798792637188, -0.3740399325108391, -0.05525300445024127, 0.1802178552605272, 0.36576777226177604, -0.2787323403210701, 0.3174983598385628, 0.19712283868406022]
other derivatives: [ 5.75550257 -0.39639235  1.29989803  0.32803382  0.31581657  0.        ]
Current x array =  [ -0.66122771  -0.90265116  -0.47789606   0.81090305  -1.4817708
 -13.81551056  -0.82844519  -0.13109943  -0.05642455  -1.06106753
  -2.61549455  -2.8802832   -0.19590422  -0.90862346  -1.26579785
  -0.86486336  -2.52164058  -1.03962243  -1.56728153  -1.02724512
  -0.45534665  -0.56553133]
log likelihood =  -6425.345779628457
Edge derivatives =  [0.19508885055039799, 0.28989266882114184, 0.2742571087602972, -0.10147678709867258, 0.5894600429656319, -0.44376474684705886, -0.8803701164571005, -0.19679484627414184, -0.2080866211333541, -0.6078406375821633, -0.06147349147400617, -0.05980258712641895, 0.1391446912272749, -0.5687622313930781, -0.046405942132536904, -0.04545250809389112]
other derivatives: [ 0.31724812 -0.14798206  0.82456882  0.40501618 -0.2152546   0.        ]
Current x array =  [ -0.65859289  -0.90347273  -0.47779115   0.81120097  -1.4826158
 -13.81551056  -0.82440876  -0.12536725  -0.05762439  -1.05948282
  -2.6170514   -2.88972147  -0.19227488  -0.90372189  -1.26533393
  -0.86197407  -2.52627533  -1.03580635  -1.56249246  -1.02418108
  -0.45204987  -0.56326211]
log likelihood =  -6425.341690967231
Edge derivatives =  [0.19377389522019017, 0.29840662650664346, 0.07194178574266391, -0.10917187625764066, 0.5971811547546625, -0.4320995469603905, -0.5875893771900845, -0.1258128240159852, -0.18786560804919847, -0.5982614177046137, -0.048105179612780324, -0.06099989053295396, 0.1177930649766552, -0.531751762740418, -0.01907991354097993, -0.0247781258721268]
other derivatives: [ 0.01737862 -0.1134249   0.16353897  0.12566488 -0.21754875  0.        ]
Current x array =  [ -0.65845902  -0.9036092   -0.4774078    0.81232387  -1.48258314
 -13.81551056  -0.82440909  -0.12575259  -0.05532834  -1.05942661
  -2.61742883  -2.89245547  -0.19477591  -0.9038995   -1.26565527
  -0.86187781  -2.52771458  -1.03570565  -1.56178271  -1.0246888
  -0.45210982  -0.56330476]
log likelihood =  -6425.3338757305555
Edge derivatives =  [0.15269541781989304, 0.25943660627102955, -0.16494604827094095, -0.12152530371021845, 0.6160857155575143, -0.3919331324034633, -0.05773596636508971, -0.0751779539373413, -0.09519544948346154, -0.4836863633917018, -0.017204802583083934, -0.07309325693313662, 0.014181667399209008, -0.4035328973074752, -0.034594987239144226, -0.02367267231655501]
other derivatives: [-0.29996681 -0.2061588  -0.71489194 -0.3908699   0.0026129   0.        ]
Current x array =  [ -0.65831584  -0.90362941  -0.47686993   0.81420795  -1.48316283
 -13.81551056  -0.82318157  -0.12525202  -0.05229032  -1.05947634
  -2.61632811  -2.90190971  -0.19945651  -0.90233939  -1.26746172
  -0.86281941  -2.53195479  -1.03504119  -1.55811391  -1.02674961
  -0.45147744  -0.56284386]
log likelihood =  -6425.324911982467
Edge derivatives =  [0.03295728419920535, 0.09265537379820765, -0.18797317607379777, -0.13479409391709563, 0.6155985092030012, -0.3515954612646814, 0.3955418072909905, -0.07262418678597368, 0.023311283033432967, -0.21765006020890176, 0.012980265837739577, -0.06975038379547227, -0.1033138559752218, -0.1906355966694433, -0.021983430637389723, 0.0006150604383904357]
other derivatives: [-0.33788911  0.25041936 -1.01452497 -0.53426811 -0.01047492  0.        ]
Current x array =  [ -0.65826009  -0.90409434  -0.4767753    0.81469017  -1.48281266
 -13.81551056  -0.8205587   -0.12261787  -0.0521268   -1.06027423
  -2.6109157   -2.91274007  -0.20385304  -0.90047139  -1.27008994
  -0.86601803  -2.53572269  -1.03452402  -1.55354683  -1.03030907
  -0.45140508  -0.5629418 ]
log likelihood =  -6425.32508039269
Edge derivatives =  [-0.15310160214500945, -0.1521196921557526, 0.033491884042855746, -0.09036519766151467, 0.551465019304278, -0.30358810524494345, 0.6933099359297711, -0.18892775051906446, 0.23541985141626626, 0.24061775974451816, 0.0422400513023618, -0.024054770457239916, -0.2825754800951079, 0.20070370720842085, -0.008789590655013835, 0.060640122229658755]
other derivatives: [-1.44705973 -4.10099074 -2.97426777 -0.52797441  0.47379871  0.        ]
Current x array =  [ -0.65799499  -0.89836413  -0.47594551   0.81368146  -1.48312921
 -13.81551056  -0.81598838  -0.11823697  -0.05505549  -1.06333779
  -2.59213336  -2.93040271  -0.20703757  -0.8969645   -1.27547945
  -0.87293799  -2.53916444  -1.03470487  -1.54554257  -1.03771976
  -0.45175971  -0.56329197]
log likelihood =  -6425.319756632371
Edge derivatives =  [-0.058964822508591364, -0.028544967822709877, -0.07759955723127027, -0.11264690088803077, 0.5843483723768895, -0.3274602051449468, 0.5438041540591416, -0.1300712999221217, 0.12873000231788595, 0.010485440541723845, 0.02758782567480747, -0.04678489045292822, -0.19168842583546875, 0.00419482100998414, -0.015090443288411581, 0.03065226090919504]
other derivatives: [-0.88593151 -1.90202627 -1.98648286 -0.53095209  0.23072445  0.        ]
Current x array =  [ -0.65812857  -0.90125149  -0.47636363   0.81418973  -1.48296971
 -13.81551056  -0.81829129  -0.12044443  -0.05357978  -1.06179411
  -2.60159746  -2.92150281  -0.20543294  -0.89873156  -1.27276377
  -0.86945114  -2.5374302   -1.03461375  -1.54957578  -1.03398564
  -0.45158102  -0.56311552]
log likelihood =  -6425.31114485707
Edge derivatives =  [-0.1764538694646381, -0.21759959836670884, 0.0928870217694755, -0.10444042360801115, 0.5544602236283587, -0.29113306963182484, 0.6323250746687309, -0.2063482586430776, 0.2435404962465204, 0.35369060494748006, 0.05040048780938815, -0.011169944412473098, -0.28577807724594684, 0.2823407676890786, -0.020680147962512274, 0.020353851395086053]
other derivatives: [-0.33437937 -0.37723748 -0.73688534 -0.13465979  0.20298543  0.        ]
Current x array =  [ -0.658243    -0.90287316  -0.47715901   0.81261579  -1.48273962
 -13.81551056  -0.81541319  -0.11724613  -0.05549874  -1.06353788
  -2.59109512  -2.93356587  -0.2066429   -0.89687163  -1.27550413
  -0.87382602  -2.54030584  -1.0344597   -1.54526278  -1.03843829
  -0.45152332  -0.56303664]
log likelihood =  -6425.30622204565
Edge derivatives =  [-0.2101429281034552, -0.277350260425022, 0.19886390036939422, -0.08598522606182836, 0.5122048039733424, -0.28350627369874126, 0.4080160427531914, -0.2737907560466771, 0.26006711815224093, 0.4402502812206235, 0.0527575110683656, 0.007463699841674609, -0.30590935643503925, 0.37058680183427606, -0.025423260908647216, 0.0025078281873635033]
other derivatives: [0.01723129 0.00950877 0.06084065 0.16869944 0.08124452 0.        ]
Current x array =  [ -0.6583751   -0.9031898   -0.47766746   0.81144397  -1.48240281
 -13.81551056  -0.81449962  -0.11623471  -0.05684159  -1.06489706
  -2.58304014  -2.9390411   -0.20482228  -0.89659633  -1.27625667
  -0.87526731  -2.54061849  -1.03462546  -1.54411421  -1.0399684
  -0.45165499  -0.56299451]
log likelihood =  -6425.296884220319
Edge derivatives =  [-0.21626534979590284, -0.311833107435282, 0.3132414193356915, -0.02055097827330315, 0.39911689555119023, -0.27304965543679105, -0.12407090513211949, -0.35018966648609495, 0.2444292205591235, 0.48600413533330944, 0.058061807762575524, 0.04609089847005221, -0.30901100028748996, 0.4815674598782116, 0.006877372781337265, -0.013712129297811515]
other derivatives: [ 0.42220017  0.35546782  1.16582305  0.58311616 -0.17606478  0.        ]
Current x array =  [ -0.65854866  -0.90339183  -0.47838338   0.80983603  -1.4817346
 -13.81551056  -0.81374811  -0.11568016  -0.0583015   -1.06815143
  -2.56423813  -2.9511081   -0.20012332  -0.89759735  -1.27679823
  -0.87668007  -2.54085749  -1.03519464  -1.54329163  -1.04192534
  -0.45224906  -0.56305657]
log likelihood =  -6425.285834467479
Edge derivatives =  [-0.1655167814601905, -0.2758930486887687, 0.28962038055297507, 0.08321526332651062, 0.2451529517024361, -0.25446814110673655, -0.5398369064469134, -0.3199763967939584, 0.1947255179640058, 0.41956884815357076, 0.07357529970804921, 0.06916076568850094, -0.3030726947218174, 0.5335132676957947, 0.06458524393864418, -0.013132824661287623]
other derivatives: [ 0.53630538  0.5337406   1.49619973  0.66169559 -0.29167691  0.        ]
Current x array =  [ -0.65862429  -0.90356861  -0.47858489   0.80949233  -1.48163019
 -13.81551056  -0.81355306  -0.11621905  -0.05768668  -1.07210336
  -2.54008547  -2.96914834  -0.19592556  -0.90015539  -1.27660251
  -0.87661894  -2.54204882  -1.03559297  -1.54315313  -1.0427861
  -0.45274763  -0.56305477]
log likelihood =  -6425.282841132879
Edge derivatives =  [-0.08024674625305339, -0.15341221783739967, -0.18859460005376255, 0.200180024240862, -0.0524405699261231, -0.19254531918497764, 0.01919562669907393, 0.054707398071463534, 0.016546403104220925, -0.027630273628576507, 0.10279917738497676, 0.024811570555653417, -0.2634652358610752, 0.17722143843068788, -0.12057480550331034, -0.01870328137007471]
other derivatives: [-0.0859709  -0.83393206  8.03694093 -0.05976199  0.43260534  0.        ]
Current x array =  [ -0.65824106  -0.90224286  -0.48187241   0.81086475  -1.48293532
 -13.81551056  -0.81285105  -0.11794317  -0.05130936  -1.07624856
  -2.49708717  -3.01458336  -0.19872974  -0.90640159  -1.27437207
  -0.87278362  -2.54809148  -1.03422581  -1.54492784  -1.03834291
  -0.45104501  -0.56231893]
log likelihood =  -6425.265734529252
Edge derivatives =  [-0.05080607934341708, -0.15739707256027063, -0.11976139420721532, 0.266488793585889, -0.14199216570625278, -0.18070896408047707, -0.4040015969107519, 0.046824469389818144, -0.02075776186030817, -0.08628584399101424, 0.12238352551965448, -0.05202300703237872, -0.28588183127389466, 0.1632392372427326, -0.0563278502019825, -0.07979783488251324]
other derivatives: [ 0.57576563  0.32692333  0.88824709  0.46109562 -0.23810922  0.        ]
Current x array =  [ -0.6588084   -0.9037043   -0.47802568   0.81034552  -1.48293841
 -13.81551056  -0.81271912  -0.11804913  -0.0517259   -1.07808196
  -2.48345811  -3.02566286  -0.19501915  -0.90775078  -1.27351309
  -0.87167868  -2.54880375  -1.03392147  -1.54550477  -1.03723202
  -0.45083486  -0.56198515]
log likelihood =  -6425.263596736426
Edge derivatives =  [-0.04526882791444681, -0.13165642458737187, -0.16714929380516597, 0.23003216578056254, -0.07856002389272504, -0.18201919172436937, -0.1465861437419811, 0.08640363117159008, -0.02410058076928609, -0.1342702528287799, 0.1190961940396121, -0.07672389645402589, -0.2720286977237043, 0.06519869609537543, -0.08401550347527664, -0.07860624866042432]
other derivatives: [ 0.08335155  0.1201779   0.12612782  0.27243095 -0.12819851  0.        ]
Current x array =  [ -0.65859     -0.9035954   -0.47755736   0.81112006  -1.48330949
 -13.81551056  -0.81317206  -0.11848674  -0.05111928  -1.07619159
  -2.49238721  -3.02042401  -0.19726639  -0.90735766  -1.27295254
  -0.87065759  -2.54858813  -1.03356869  -1.54649095  -1.03558918
  -0.45041568  -0.56191741]
log likelihood =  -6425.262466261532
Edge derivatives =  [-0.027321877137193418, -0.09107133805080941, -0.19117582573618508, 0.22200584740243978, -0.08090459639421563, -0.16954747079449162, 0.10313565124045543, 0.15822408403091148, -0.03385926890882515, -0.16926798656119468, 0.12571610095943347, -0.08570414259341186, -0.235911645810976, -0.025413410162587358, -0.08269835602213294, -0.055973641061643375]
other derivatives: [ 0.3746718  -0.05113543 -0.09257383  0.02156958  0.07328825  0.        ]
Current x array =  [ -0.65875316  -0.90348271  -0.47733584   0.81197966  -1.48375644
 -13.81551056  -0.81329535  -0.11907155  -0.05050486  -1.07517255
  -2.49126184  -3.02462665  -0.19917792  -0.90775253  -1.27241174
  -0.87005828  -2.54907856  -1.03334112  -1.5479129   -1.03398721
  -0.45015032  -0.56197513]
log likelihood =  -6425.263889221409
Edge derivatives =  [-0.034448450413018084, -0.0535093055243156, -0.13195545084107696, 0.1805710733225796, -0.10485209664796129, -0.1458241123614402, 0.2754274603796785, 0.18448239532440178, -0.035763910466498794, -0.14043809235010662, 0.13207044512076543, -0.06606799946226627, -0.14822364246842046, -0.1285819062939837, -0.07167803258554828, -0.03013791501670915]
other derivatives: [-3.4449904   0.09856012 -0.58128626 -0.2649922   0.11404338  0.        ]
Current x array =  [ -0.65685662  -0.90399458  -0.47712469   0.81295558  -1.48395406
 -13.81551056  -0.81331395  -0.11994967  -0.05098512  -1.07319613
  -2.48711992  -3.03337552  -0.20076774  -0.90766683  -1.27193949
  -0.87043074  -2.5492871   -1.03344239  -1.5507878   -1.03225496
  -0.45018915  -0.56229657]
log likelihood =  -6425.261953101011
Edge derivatives =  [-0.0297472505698127, -0.07831606471157032, -0.17105783208973224, 0.20793357352671726, -0.08901459091262552, -0.16143759139201175, 0.16170803729671007, 0.1671168650689005, -0.03451744554228625, -0.15946917831655605, 0.12787368741944422, -0.07903936475662154, -0.20606632849002526, -0.060467669106444966, -0.07897050977950948, -0.04720809634059209]
other derivatives: [-9.21050741e-01 -2.18278728e-04 -2.58532964e-01 -7.59446266e-02
  8.72164446e-02  0.00000000e+00]
Current x array =  [ -0.65810852  -0.90365669  -0.47726407   0.81231138  -1.48382361
 -13.81551056  -0.81330167  -0.11937002  -0.0506681   -1.07450076
  -2.489854    -3.0276004   -0.1997183   -0.9077234   -1.27225122
  -0.87018488  -2.54914945  -1.03337554  -1.54889008  -1.03339842
  -0.45016352  -0.56208439]
log likelihood =  -6425.261088094384
Edge derivatives =  [-0.026242483384084525, -0.055037140730978595, -0.1147868851651842, 0.19190098091679783, -0.08847817805335771, -0.1521148996456494, 0.23118925150126796, 0.17171327920385052, -0.027184217052900833, -0.1271629353474426, 0.13126664004693905, -0.0642809520108849, -0.16217444296839534, -0.08829573216611653, -0.05331281585908487, -0.02243533807973408]
other derivatives: [-0.61257197 -0.01539775 -0.25462214 -0.1919534   0.17715853  0.        ]
Current x array =  [ -0.65826135  -0.90364188  -0.47722182   0.81267956  -1.48389121
 -13.81551056  -0.81333808  -0.11973146  -0.0511611   -1.07350984
  -2.48902172  -3.03012893  -0.20031522  -0.90751993  -1.27212168
  -0.87051226  -2.54894502  -1.03350434  -1.5501777   -1.03276754
  -0.45027885  -0.56229087]
log likelihood =  -6425.259019450088
Edge derivatives =  [-0.036695935534163004, 0.003384046340849045, 0.06780673397385867, 0.11309127724343931, -0.08775607589937923, -0.12566182690666886, 0.24243733756668684, 0.10831216377070071, -0.002038916975848931, 0.0015834747206677768, 0.13541813647138035, -0.004474325251693778, -0.0076296953275794, -0.13628548794709483, 0.022999871177070252, 0.038108467938753554]
other derivatives: [ 0.02022625 -0.10080021 -0.18115679 -0.31308355  0.18799281  0.        ]
Current x array =  [ -0.65858445  -0.90345567  -0.47722023   0.81305202  -1.48341356
 -13.81551056  -0.81355562  -0.12090555  -0.05332322  -1.07008498
  -2.4865303   -3.03730301  -0.20078261  -0.9063268   -1.27191251
  -0.87209718  -2.54744278  -1.03421813  -1.55447737  -1.03150136
  -0.45089792  -0.56300679]
log likelihood =  -6425.258115755176
Edge derivatives =  [-0.04732747723677866, 0.02926502736766906, 0.07740870865971083, 0.04761882410033567, -0.08996057996119498, -0.11179537356431943, 0.16604705862239744, 0.04608566458089619, 0.0012790058494957235, 0.04298855283531544, 0.1316603690195641, 0.01983751007751733, 0.07643199437727444, -0.13427548144528567, 0.031206696596744243, 0.0407429224508703]
other derivatives: [ 0.15505248  0.005125   -0.04302365 -0.14615762  0.02015523  0.        ]
Current x array =  [ -0.65864979  -0.90352063  -0.47732434   0.81253921  -1.48292666
 -13.81551056  -0.81394561  -0.12164682  -0.05383648  -1.06797435
  -2.48507445  -3.04199231  -0.20048733  -0.90558215  -1.2717513
  -0.87267792  -2.5460995   -1.03456546  -1.55671979  -1.03129535
  -0.45110144  -0.56322823]
log likelihood =  -6425.257387696073
Edge derivatives =  [-0.03807106343683142, 0.05595505308990162, 0.07881544568951737, -0.00947227580485182, -0.08478031076273669, -0.09788190364523122, -0.009562633963330014, -0.03849756595219697, 0.006069333277016559, 0.06910659507635664, 0.120787651171683, 0.03732125589233548, 0.14116205274665883, -0.0639133580206731, 0.029650379150927275, 0.03034766902113062]
other derivatives: [-0.00587261 -0.31199124 -0.05624588  0.03513651  0.01433552  0.        ]
Current x array =  [ -0.65858563  -0.90309039  -0.47734261   0.81187264  -1.48305418
 -13.81551056  -0.81468769  -0.12211661  -0.0540767   -1.065915
  -2.48450046  -3.04654114  -0.19918708  -0.90468572  -1.2716811
  -0.8730198   -2.54385856  -1.03479604  -1.5580769   -1.03214077
  -0.45121429  -0.56324415]
log likelihood =  -6425.257202128412
Edge derivatives =  [-0.021336971637455793, 0.07128760455963351, 0.021019755036062626, -0.09492956232009597, -0.04533824681264724, -0.08194929231049135, -0.12475037382027065, -0.11556348085310601, 0.004011059909438314, 0.06541915263977494, 0.1006057919731455, 0.03131265451535703, 0.18264201952350922, 0.016292337230739418, -0.008090051640720075, -0.017277659033667292]
other derivatives: [ 0.09233372  0.79279562  0.28204886  0.23305256 -0.11033797  0.        ]
Current x array =  [ -0.6585534   -0.90448454  -0.47751901   0.81142473  -1.48316966
 -13.81551056  -0.8159245   -0.12241006  -0.05355839  -1.0628523
  -2.48855782  -3.04987821  -0.19847899  -0.90360817  -1.27134182
  -0.87251282  -2.54059468  -1.03462864  -1.55899884  -1.03290324
  -0.45092713  -0.56297882]
log likelihood =  -6425.256487145238
Edge derivatives =  [-0.014156267605785755, 0.0654402529959725, -0.027634538386070828, -0.06766315068787236, -0.07064145059419441, -0.08111271707058765, -0.10719659140367255, -0.08301571133846677, -0.008712217997075083, 0.02240242277831217, 0.10127927110465552, 0.017497533208586824, 0.15505656327179262, 0.01561419940233777, -0.02266992863078454, -0.022246993171978646]
other derivatives: [-0.03999867  0.17350521  0.16580088  0.17003003 -0.04355004  0.        ]
Current x array =  [ -0.65853399  -0.903732    -0.47745135   0.81154918  -1.48334172
 -13.81551056  -0.81583975  -0.12219258  -0.05295375  -1.06380184
  -2.48527356  -3.05270323  -0.19841597  -0.90425533  -1.27132957
  -0.87218539  -2.54096298  -1.03446258  -1.55818133  -1.03310973
  -0.45081156  -0.56286411]
log likelihood =  -6425.256042547184
Edge derivatives =  [8.952928359662327e-05, 0.05868901043571556, -0.08196817662884126, -0.061484061522606055, -0.07311534085781497, -0.07546978243729854, -0.07799692234472544, -0.06016153263953766, -0.01950074598213175, -0.021292694332203932, 0.09487824968071587, -0.0016111921932978612, 0.12490759904536775, 0.033002724894608204, -0.044094341882535915, -0.0372734038738719]
other derivatives: [-0.096853   -0.10911572  0.06840037  0.08742882  0.02347669  0.        ]
Current x array =  [ -0.65852742  -0.90341852  -0.47737768   0.81181559  -1.48359971
 -13.81551056  -0.81615711  -0.12188977  -0.05223954  -1.06382568
  -2.48465704  -3.05567484  -0.19849737  -0.90462228  -1.27123095
  -0.87162741  -2.54017633  -1.03417483  -1.55728021  -1.03347645
  -0.45061425  -0.56269198]
log likelihood =  -6425.255500251643
Edge derivatives =  [0.02294380906798521, 0.04369207929982599, -0.12988899683529076, -0.06638314501706491, -0.06537534010780639, -0.06061032365860679, -0.0494376275301317, -0.03816125029380647, -0.030439384131275643, -0.06471407986418332, 0.08107709885270013, -0.02616446799184302, 0.08026851008488256, 0.06840490251184184, -0.05975331973558695, -0.057050994663706445]
other derivatives: [-0.07501421 -0.22030599 -0.30468527 -0.02217894  0.06659223  0.        ]
Current x array =  [ -0.65855984  -0.9033218   -0.47714964   0.81225074  -1.48385117
 -13.81551056  -0.81687796  -0.12134195  -0.05155375  -1.06322365
  -2.48460934  -3.06150669  -0.19857596  -0.90500386  -1.27109578
  -0.87093579  -2.53787298  -1.0337844   -1.55596652  -1.03408586
  -0.45046395  -0.56255499]
log likelihood =  -6425.255505512942
Edge derivatives =  [0.059774509926609876, 0.024876295949564753, -0.15960198218425892, -0.08050560746303392, -0.04631181231168277, -0.034654297288636615, 0.03164367247202127, -0.0028651428310082494, -0.04834954616824019, -0.12762522484506578, 0.05409445960273897, -0.04119755472560882, 0.017145671555231168, 0.08985788500157821, -0.0856643400344198, -0.06548740250982021]
other derivatives: [-0.09841551 -0.37148584  1.1649563  -0.29817784  0.2871235   0.        ]
Current x array =  [ -0.65850193  -0.90318855  -0.47788062   0.81296775  -1.48421124
 -13.81551056  -0.81806452  -0.12044262  -0.05093887  -1.06201094
  -2.4855035   -3.07096315  -0.19895041  -0.90556416  -1.27092055
  -0.87003805  -2.53364107  -1.03326243  -1.55397917  -1.03474835
  -0.45039669  -0.56254138]
log likelihood =  -6425.255239762255
Edge derivatives =  [0.0412824584620794, 0.034344343074485584, -0.14465040377819405, -0.07339557480026662, -0.055875781167241276, -0.047629684913015766, -0.009094214056220906, -0.02059945981948373, -0.03934006782456517, -0.0959888755772007, 0.06769039525618639, -0.03362330537053393, 0.048900959404678535, 0.07908714956269991, -0.07262602063467183, -0.0612345814294849]
other derivatives: [-0.08666666 -0.29547482  0.42677948 -0.15945898  0.17632929  0.        ]
Current x array =  [ -0.65853104  -0.90325553  -0.4775132    0.81260736  -1.48403025
 -13.81551056  -0.81746811  -0.12089466  -0.05124793  -1.0626205
  -2.48505406  -3.06620996  -0.1987622   -0.90528253  -1.27100863
  -0.87048929  -2.5357682   -1.0335248   -1.55497809  -1.03441535
  -0.4504305   -0.56254823]
log likelihood =  -6425.254857149807
Edge derivatives =  [0.05215779341193377, 0.020974024373549782, -0.1274696483065968, -0.09148885663920106, -0.03896946492085593, -0.03217349907083408, 0.008850506745621267, -0.01770647150390048, -0.039161122028246675, -0.09293212473671819, 0.056007591877023186, -0.039333407540468435, 0.02713271486006752, 0.09089375717515791, -0.060383229278450634, -0.06214625768525439]
other derivatives: [ 0.03939749 -0.12680721  0.03027708 -0.19694744  0.13721828  0.        ]
Current x array =  [ -0.65859859  -0.90346125  -0.47729443   0.81282923  -1.48394914
 -13.81551056  -0.81807111  -0.12052288  -0.05141284  -1.06162253
  -2.48597988  -3.07099226  -0.19893384  -0.90535     -1.27095911
  -0.87034857  -2.53329686  -1.03339586  -1.55440361  -1.03459859
  -0.45055879  -0.5626848 ]
log likelihood =  -6425.254504534314
Edge derivatives =  [0.05259804186142275, 0.002932169349468605, -0.0721676368920095, -0.10521124205764618, -0.023166639427153524, -0.0178289457361682, 0.024263719181120358, -0.017021201464012148, -0.03406880305497387, -0.06690376731189251, 0.046548091266751204, -0.03140839941276752, 0.008139423088637798, 0.07476977660558992, -0.03293214267691158, -0.046598489416389555]
other derivatives: [ 0.07477502  0.06289156 -0.13388035 -0.173648    0.0596047   0.        ]
Current x array =  [ -0.6586109   -0.90365987  -0.47722856   0.81278588  -1.48362585
 -13.81551056  -0.81844319  -0.12016907  -0.05210696  -1.06094214
  -2.48680545  -3.07512682  -0.19915614  -0.90544323  -1.27103754
  -0.87059182  -2.53097839  -1.03344309  -1.55396857  -1.03446524
  -0.45090041  -0.56303373]
log likelihood =  -6425.254178177756
Edge derivatives =  [0.04647682795538405, -0.0243606558110403, -0.005596850146791177, -0.09533556156207768, -0.012982325125097685, -0.0059055135829601535, 0.031313217755835177, -0.005270450851621131, -0.025362751408911643, -0.03306300208901669, 0.03941441855391932, -0.016601841155983843, -0.02779402601057801, 0.03527363910453829, 0.00023756808838348853, -0.017997275080605113]
other derivatives: [ 0.22013501  0.14018951 -0.11066368 -0.03726745 -0.01949205  0.        ]
Current x array =  [ -0.65867624  -0.9036747   -0.47728817   0.81226673  -1.48322131
 -13.81551056  -0.81846398  -0.11970172  -0.05297363  -1.06132145
  -2.48695366  -3.07880258  -0.19926773  -0.90583766  -1.27132031
  -0.87106211  -2.52894372  -1.03357941  -1.55308843  -1.03416222
  -0.45136074  -0.56352535]
log likelihood =  -6425.255059278343
Edge derivatives =  [0.028527424364726828, -0.055544342003502556, 0.039933777977184726, -0.0709066133766343, -0.011750930725514391, 0.004098782240904063, 0.04699816277843838, 0.01856403745561594, -0.01502693112605999, -0.005443583416384623, 0.030849442124787435, -0.0022342373472220567, -0.06773783820121038, -0.03303437206977844, 0.010390113381342214, 0.00545908949459728]
other derivatives: [-1.97635018  0.14722627 -0.28698014  0.03665355 -0.14195148  0.        ]
Current x array =  [ -0.6575837   -0.90376411  -0.47731632   0.8119368   -1.48284859
 -13.81551056  -0.81813196  -0.11935478  -0.05361182  -1.0625042
  -2.48660786  -3.08247317  -0.19947722  -0.9064405   -1.27171095
  -0.87156755  -2.52716312  -1.03371737  -1.55222403  -1.03360953
  -0.45173365  -0.56402907]
log likelihood =  -6425.254136290042
Edge derivatives =  [0.04332552505495624, -0.029839236883090647, 0.002396049960186053, -0.0910450805837591, -0.012765552757178819, -0.004143505384019135, 0.03406237212677443, -0.0010893299635262033, -0.023548283302414208, -0.028214901467502607, 0.037912762215129125, -0.014082483146652502, -0.03480837710123552, 0.023277401692295197, 0.0020176112651447697, -0.013880778632689661]
other derivatives: [-0.16504964  0.14142734 -0.14160378 -0.02430988 -0.0409898   0.        ]
Current x array =  [ -0.65848436  -0.9036904   -0.47729312   0.81220879  -1.48315585
 -13.81551056  -0.81840567  -0.11964079  -0.05308572  -1.06152918
  -2.48689293  -3.07944724  -0.19930452  -0.90594353  -1.27138892
  -0.87115088  -2.52863099  -1.03360364  -1.55293662  -1.03406515
  -0.45142624  -0.56361382]
log likelihood =  -6425.254056926288
Edge derivatives =  [0.03834652391084903, -0.037018633908358356, 0.029519414349567286, -0.07690328594831286, -0.01390475543591091, -0.002495710783832282, 0.026778271675863663, 0.004405539205958903, -0.017770554435716707, -0.0110157431786021, 0.03792379174037287, -0.004334858308616352, -0.044968496495039645, 0.002535286844812412, 0.014983846809454193, 0.0019043510028204924]
other derivatives: [-0.0588625   0.06790378 -0.02119123  0.05035326 -0.0490836   0.        ]
Current x array =  [ -0.65853592  -0.90355681  -0.47737816   0.81188499  -1.48302741
 -13.81551056  -0.81819606  -0.11954568  -0.05342898  -1.0621393
  -2.48646062  -3.08005189  -0.19923624  -0.90613876  -1.27157097
  -0.87144773  -2.52833212  -1.03371765  -1.55267729  -1.03388943
  -0.45160858  -0.56381654]
log likelihood =  -6425.254000990855
Edge derivatives =  [0.036662014473371696, -0.034010462297129174, 0.04120864275337732, -0.06168070354889528, -0.014878071392026779, -0.002333291934316868, 0.021294426904315267, 0.00950868850268237, -0.010375680763133666, 0.0018972958080389901, 0.038271934085010215, 0.001654610699503567, -0.04444250764028568, -0.006940349801527468, 0.018987305143487898, 0.010865135587606378]
other derivatives: [-0.02782235  0.01805529  0.02939123  0.04700087 -0.02181668  0.        ]
Current x array =  [ -0.65855094  -0.90348928  -0.47740514   0.81185556  -1.48305183
 -13.81551056  -0.81794026  -0.11961402  -0.05349619  -1.06273075
  -2.48619639  -3.08009059  -0.19914655  -0.90623395  -1.27171126
  -0.87162647  -2.52825976  -1.033787    -1.55268736  -1.03376899
  -0.45164677  -0.56389897]
log likelihood =  -6425.25388181149
Edge derivatives =  [0.03067065860592222, -0.02283470175683666, 0.04509501222578138, -0.026484681885422273, -0.013425599804000168, -0.0007493491920191192, 0.0026392748186033765, 0.018075942014126697, 0.009061775886348045, 0.02672974005601636, 0.03524300858613054, 0.01040267965238384, -0.03647099706921031, -0.021379903232537356, 0.01425204010937009, 0.020999316686062475]
other derivatives: [ 0.00939599 -0.08292227  0.07162544  0.00213367  0.02295463  0.        ]
Current x array =  [ -0.65857284  -0.90336874  -0.47742075   0.8119567   -1.48310837
 -13.81551056  -0.81724938  -0.11989503  -0.053375    -1.06419075
  -2.48600304  -3.08056774  -0.19889752  -0.90637591  -1.27203765
  -0.87192966  -2.52764273  -1.0338919   -1.55288013  -1.03354594
  -0.45161366  -0.564008  ]
log likelihood =  -6425.253791928506
Edge derivatives =  [0.021508232318116827, -0.013568312014461792, 0.01841108395334501, 0.001634087845975768, -0.011053697830667786, 0.0017939236001597927, -0.012378232722618843, 0.023831737811002215, 0.021815118351534657, 0.031768474624244036, 0.028444087238077523, 0.009767530142211767, -0.026498777387481853, -0.02197195310412381, -0.0016871705083495447, 0.014260105845576798]
other derivatives: [ 0.03816785 -0.02843535  0.09161886 -0.00564796  0.01838573  0.        ]
Current x array =  [ -0.65858461  -0.90344963  -0.47742741   0.81198967  -1.48313204
 -13.81551056  -0.81655246  -0.12021161  -0.05295556  -1.06554223
  -2.48596945  -3.08171418  -0.19872078  -0.90645214  -1.27224012
  -0.87195239  -2.52661032  -1.03388683  -1.55311755  -1.03348438
  -0.45150354  -0.56399648]
log likelihood =  -6425.253974825919
Edge derivatives =  [0.008159518258405885, 0.007025196995624261, -0.018674759427933785, 0.01144484983972343, 0.010637676175200339, 0.016732933816515097, -0.0032648903493527337, 0.011385307523643612, 0.025844309074594007, 0.001966906397859569, 0.004569637997502873, -0.004825786117788389, 0.004701184102736455, 0.004538038823703405, -0.01326318285038719, -0.0069615652886191315]
other derivatives: [-0.05924085 -0.54358861 -0.42453485 -0.09030646  0.05922111  0.        ]
Current x array =  [ -0.6585856   -0.90285285  -0.47713008   0.81229071  -1.4832994
 -13.81551056  -0.81585597  -0.12073431  -0.05240792  -1.06613011
  -2.48762988  -3.08665949  -0.19881906  -0.90602983  -1.27209933
  -0.87146376  -2.52267892  -1.0337031   -1.55384765  -1.0337436
  -0.45150008  -0.56395414]
log likelihood =  -6425.253762826593
Edge derivatives =  [0.017903236391603405, -0.007996206291685626, 0.008393844165948627, 0.0042907923815746415, -0.005181598540157414, 0.005848625166606364, -0.009909181362295683, 0.020469824859358304, 0.022907381544639616, 0.023717321353554865, 0.022010281418077024, 0.00582602930659204, -0.018060365941331424, -0.014801838689791458, -0.004810103089852635, 0.008529093509112573]
other derivatives: [ 0.01184799 -0.16762533 -0.04784397 -0.02853449  0.02944191  0.        ]
Current x array =  [ -0.65858488  -0.90328829  -0.47734703   0.81207106  -1.48317728
 -13.81551056  -0.81636417  -0.12035292  -0.05280751  -1.06570116
  -2.48641834  -3.08305113  -0.19874735  -0.90633797  -1.27220206
  -0.87182029  -2.52554748  -1.03383716  -1.55331493  -1.03355446
  -0.4515026   -0.56398504]
log likelihood =  -6425.253721202309
Edge derivatives =  [0.010966574014670993, -0.0016646068902261835, -0.012338318376301949, 0.008771021417371148, -0.0019910172128833614, 0.007661091401790221, -0.012971412932475945, 0.01623509110655065, 0.02352804499728217, 0.01514043931857234, 0.016640735030382353, 0.0014939986333979416, -0.005472405359111088, -0.004731697696905179, -0.01308768049339526, -0.00282350882403104]
other derivatives: [ 0.00708678 -0.05188849 -0.04284902 -0.02181605  0.00794775  0.        ]
Current x array =  [ -0.65857668  -0.9034459   -0.47734644   0.81208214  -1.48318148
 -13.81551056  -0.8160367   -0.12057917  -0.05253928  -1.06607332
  -2.48671789  -3.08378538  -0.198746    -0.90620678  -1.27215798
  -0.87166469  -2.52477525  -1.03378706  -1.55363502  -1.0336186
  -0.4514511   -0.563922  ]
log likelihood =  -6425.253706683373
Edge derivatives =  [0.008112758766197659, 0.0010286399612895458, -0.014960728366041898, 0.0027643871490438537, 0.0015720472745317654, 0.0099740315056207, -0.005289582956710559, 0.010027529206040275, 0.01736780412642766, 0.0029004665138938623, 0.01234319111086897, -0.001351240345610183, 0.0014232988154949666, 0.004440184693900173, -0.011083851597433969, -0.007779099379101262]
other derivatives: [-0.00436376 -0.00346245  0.04495541 -0.02450452  0.00975537  0.        ]
Current x array =  [ -0.6585647   -0.90351417  -0.47738926   0.81209387  -1.48319805
 -13.81551056  -0.81598142  -0.12065671  -0.05250012  -1.06589816
  -2.48709719  -3.08455977  -0.19884433  -0.90603498  -1.27199945
  -0.87148544  -2.52408598  -1.03373559  -1.55380395  -1.03371285
  -0.45149386  -0.56390694]
log likelihood =  -6425.2537040992775
Edge derivatives =  [0.003983360240705391, -0.0003038606721959547, -0.012509412030646538, -0.0005080579645400235, 0.0022012989363012075, 0.010323781709143769, -0.0036563783411452944, 0.005116018415009874, 0.011121953835352805, -0.0038429986820858186, 0.011282985341050378, -0.003592564052309788, 0.0028299209274884607, 0.008759306050875493, -0.0037820621269835097, -0.009142421220208585]
other derivatives: [ 0.01271292  0.05797574 -0.08932693  0.02103116 -0.01651619  0.        ]
Current x array =  [ -0.65857419  -0.90358556  -0.47732317   0.81196635  -1.48317075
 -13.81551056  -0.8159099   -0.12068434  -0.05255693  -1.06584379
  -2.48718453  -3.08471725  -0.19890654  -0.90592434  -1.27186451
  -0.871395    -2.52382176  -1.03372284  -1.55386902  -1.03375084
  -0.45156753  -0.56392603]
      fun: 6425.2537040992775
 hess_inv: <22x22 LbfgsInvHessProduct with dtype=float64>
      jac: array([-0.01271292, -0.05797574,  0.08932693, -0.02103116,  0.01651619,
       -0.        , -0.00398336,  0.00030386,  0.01250941,  0.00050806,
       -0.0022013 , -0.01032378,  0.00365638, -0.00511602, -0.01112195,
        0.003843  , -0.01128299,  0.00359256, -0.00282992, -0.00875931,
        0.00378206,  0.00914242])
  message: 'CONVERGENCE: REL_REDUCTION_OF_F_<=_FACTR*EPSMCH'
     nfev: 69
      nit: 61
     njev: 69
   status: 0
  success: True
        x: array([ -0.65857419,  -0.90358556,  -0.47732317,   0.81196635,
        -1.48317075, -13.81551056,  -0.8159099 ,  -0.12068434,
        -0.05255693,  -1.06584379,  -2.48718453,  -3.08471725,
        -0.19890654,  -0.90592434,  -1.27186451,  -0.871395  ,
        -2.52382176,  -1.03372284,  -1.55386902,  -1.03375084,
        -0.45156753,  -0.56392603])
