number of sites to be analyzed:  273
log likelihood =  -3403.5991045972105
Lr derivatives =  [-37.97910242810174, -209.81705072277583, -137.89191968251077]
other derivatives =  [  0.75541266 -39.51222197  33.2887671  -85.68398425 180.45807064
  13.35843899  36.1454413 ]
Current x_clock array =  [-0.68221811 -0.82626458 -0.55284861  0.18232156 -0.10536052 -0.10536052
  0.33647224 -0.51082562 -0.51082562 -0.51082562]
log likelihood =  -3251.1224604240615
Lr derivatives =  [-9.602621140992824, -187.35238236846266, -129.14664935535234]
other derivatives =  [ -21.2466125   -19.87753694 -125.34082816  -27.66174839  102.41037535
   19.29503787   35.43880985]
Current x_clock array =  [-0.68582169 -0.82256153 -0.71164758  0.59106388 -0.9662081  -0.1690849
  0.16404594 -0.32965213 -0.50838881 -0.50838881]
log likelihood =  -3190.3423394014153
Lr derivatives =  [50.73063114789512, -27.468913826186558, 20.474649857168103]
other derivatives =  [ 186.70061354   74.27379478 1046.58873488   24.01273947  -13.52868614
   65.08134265   61.85997199]
Current x_clock array =  [-0.56861339 -0.79884417 -0.17269009  1.202043   -2.5048559  -0.3498079
 -0.22929065 -0.07400276  0.         -0.10156292]
log likelihood =  -3128.4021998668977
Lr derivatives =  [27.65960430145295, -112.1097624421626, -63.29648815576193]
other derivatives =  [58.8683215  12.36815569 -5.86937085  0.75488333 51.65358155 35.69234559
 51.66465417]
Current x_clock array =  [-0.63779553 -0.81284333 -0.4908095   0.84141286 -1.59666975 -0.24313624
  0.00287609 -0.22489968 -0.30007626 -0.34169171]
log likelihood =  -3085.1508634896927
Lr derivatives =  [-6.961442995070037, -67.7564336004329, -5.78590738659377]
other derivatives =  [-192.89401234  -18.83177856   80.8936752    27.81647902  -26.78434334
   42.60532387   42.88626315]
Current x_clock array =  [-0.86911299 -0.90104358 -0.3701111   1.0667698  -2.36455856 -0.45564378
 -0.35240046 -0.24850762  0.         -0.11006432]
log likelihood =  -3054.5129206313172
Lr derivatives =  [1.7860254069632617, -65.81544184828138, 2.2032903614155224]
other derivatives =  [  5.31866999  -5.06907099 -39.19291839  27.41710136 -26.56607951
  37.39173917  34.60725384]
Current x_clock array =  [-0.66337654 -0.88860248 -0.46249163  1.02570832 -2.35344814 -0.53172747
 -0.43784248 -0.26002093  0.         -0.072289  ]
log likelihood =  -3047.8742821836686
Lr derivatives =  [10.951522835539418, -62.467327136095676, 7.126906748848413]
other derivatives =  [56.23230345 -2.49391132 25.73620804 14.48730518 -4.34705629 31.69006868
 31.24015166]
Current x_clock array =  [-0.63460511 -0.87716625 -0.43154946  0.92379255 -2.18339212 -0.5752625
 -0.46277415 -0.294567    0.         -0.05292237]
log likelihood =  -3039.852842939323
Lr derivatives =  [9.896287382511325, -64.66793536325335, 17.196660248098556]
other derivatives =  [14.21083198 -5.41857116  7.5819471   4.81837378  9.79901942 22.8909721
 23.4544982 ]
Current x_clock array =  [-0.66456591 -0.86734696 -0.45291546  0.80787126 -2.04548721 -0.68223724
 -0.55976234 -0.34984183  0.         -0.02785848]
log likelihood =  -3031.2952575781987
Lr derivatives =  [-26.626041154739355, -87.40699694192404, -11.981554246462046]
other derivatives =  [ 7.89847763e+00  8.08433924e-01  1.77487009e+01 -1.81137693e+00
  1.62472261e-02  1.20807531e+01  1.00615848e+01]
Current x_clock array =  [-0.66945318 -0.84721005 -0.45049536  0.71309025 -2.09560964 -0.93650553
 -0.83535055 -0.43038229  0.         -0.03680971]
log likelihood =  -3026.618130156412
Lr derivatives =  [-13.083273635886016, -76.46626360916886, 44.77469701669179]
other derivatives =  [ -6.31385228   5.53899326 -16.11108019  -3.57814906  -4.55261211
   7.85076265   3.77658873]
Current x_clock array =  [-0.67946501 -0.84773839 -0.46664503  0.67123546 -2.19634515 -1.18954886
 -1.10801523 -0.36439324  0.          0.        ]
log likelihood =  -3025.2549422922934
Lr derivatives =  [4.54394192548164, -67.99621012185793, -37.98961567005683]
other derivatives =  [-18.6974994    7.0698934  -31.6539149   -6.85541772  -3.15734039
   3.89452571  -1.00945888]
Current x_clock array =  [-0.69110687 -0.85462843 -0.46875493  0.64553482 -2.284655   -1.43275425
 -1.36018829 -0.27305462  0.         -0.05640156]
log likelihood =  -3023.946011869577
Lr derivatives =  [1.6223941742233734, -67.52674679052662, -16.84936706039406]
other derivatives =  [-2.85654369  3.88148055 -3.41683563 -7.68619338 -3.16018371  4.26986746
 -0.68696649]
Current x_clock array =  [-0.68010347 -0.86220947 -0.44886533  0.65059884 -2.2908326  -1.44687345
 -1.37234882 -0.28077653  0.         -0.03161334]
log likelihood =  -3023.7339899115277
Lr derivatives =  [1.5686773110290417, -66.03945578935588, 15.686582193282867]
other derivatives =  [ 2.69919701  0.78560834  4.74702165 -7.53368022 -3.39668333  4.23299835
 -0.78192231]
Current x_clock array =  [-0.67600628 -0.86988286 -0.44241833  0.65675551 -2.2992484  -1.48291848
 -1.40408238 -0.27876705  0.         -0.0129922 ]
log likelihood =  -3023.6248616511484
Lr derivatives =  [1.9928111996033664, -66.03705264211864, 2.5367732215165972]
other derivatives =  [ 1.85333602  0.37950394  3.18993079 -7.36223637 -3.18918043  4.02217591
 -0.96256454]
Current x_clock array =  [-0.67657877 -0.87083179 -0.44318879  0.65961024 -2.30043897 -1.49536244
 -1.41398518 -0.27609008  0.         -0.01854811]
log likelihood =  -3023.442513028902
Lr derivatives =  [2.2970371398550284, -65.86368058632536, -5.39025549597849]
other derivatives =  [ 0.71021032 -1.86065017  1.2307878  -6.5322115  -2.79658188  3.55047023
 -1.32541751]
Current x_clock array =  [-0.67710432 -0.87571907 -0.44371669  0.67110524 -2.30090658 -1.53572036
 -1.44399967 -0.272887    0.         -0.02234774]
log likelihood =  -3023.1041848168306
Lr derivatives =  [1.791773685068918, -65.981862694937, -13.417824062623591]
other derivatives =  [-0.81632015 -4.85614191 -1.29754017 -3.66876202 -1.62623528  2.63468321
 -1.89243035]
Current x_clock array =  [-0.67743321 -0.88231719 -0.44422586  0.70747528 -2.28983674 -1.62408527
 -1.49938159 -0.27419181  0.         -0.02604518]
log likelihood =  -3022.8511210166125
Lr derivatives =  [1.4953128712883625, -65.92591513374336, -13.494327705593758]
other derivatives =  [ 1.01437217 -0.02603429 -2.4871656  -0.18361789 -0.03795692  1.95794955
 -2.19941558]
Current x_clock array =  [-0.67572147 -0.873546   -0.44490952  0.74755802 -2.26682874 -1.7007808
 -1.53152815 -0.28233857  0.         -0.02505781]
log likelihood =  -3022.844445859375
Lr derivatives =  [-3.6540315659807803, -68.16398205130855, -0.42563504001998353]
other derivatives =  [-14.03300394  -5.5821065    3.71665965   3.00280817  -0.46198967
   1.64557601  -2.10234547]
Current x_clock array =  [-0.68637555 -0.88301749 -0.43912207  0.78325024 -2.25769882 -1.7608524
 -1.52984295 -0.294754    0.         -0.01749589]
log likelihood =  -3022.7802628224217
Lr derivatives =  [-1.103147936620232, -67.04618214191179, -7.569165254658234]
other derivatives =  [-6.67978202 -2.86880277  0.65283575  1.4201064  -0.24609594  1.79804868
 -2.14955637]
Current x_clock array =  [-0.68111935 -0.87834472 -0.44197731  0.76564144 -2.26220307 -1.731216
 -1.53067435 -0.28862883  0.         -0.02122657]
log likelihood =  -3022.7200535129587
Lr derivatives =  [-1.1599645768055566, -66.88329831626001, 1.21834113108374]
other derivatives =  [-0.86244563 -0.91092534  0.06079108  2.21113532 -0.02098604  1.72417518
 -2.14629056]
Current x_clock array =  [-0.67653995 -0.8751007  -0.44277569  0.77411295 -2.25719926 -1.75080989
 -1.52791015 -0.2917593   0.         -0.01694758]
log likelihood =  -3022.6986878143657
Lr derivatives =  [-1.0642425080080145, -66.83407490864397, 4.487087819034755]
other derivatives =  [ 0.58624801  0.00732462  0.18421633  2.04994831 -0.01355069  1.77524263
 -2.08532324]
Current x_clock array =  [-0.67550644 -0.87333629 -0.44294912  0.77187984 -2.25667379 -1.74844621
 -1.51651896 -0.2923514   0.         -0.01565251]
log likelihood =  -3022.6355856084865
Lr derivatives =  [-0.8563358059410859, -66.84418990739556, 10.528690817599994]
other derivatives =  [ 2.88610454  2.23146617  0.76817059  1.47575383  0.10724529  1.90118643
 -1.87600995]
Current x_clock array =  [-0.67396116 -0.86882275 -0.44323921  0.7644494  -2.25489534 -1.74458661
 -1.4751647  -0.29372322  0.         -0.01352031]
log likelihood =  -3022.523341875916
Lr derivatives =  [-0.6729967718898564, -67.03761388671644, 15.723983974748457]
other derivatives =  [ 4.92100116  4.48228911  1.58784133  0.71815884  0.54007703  1.99712986
 -1.49673399]
Current x_clock array =  [-0.67258316 -0.86394784 -0.44361483  0.755272   -2.25112546 -1.75558316
 -1.40083917 -0.29549137  0.         -0.01190435]
log likelihood =  -3022.2892125834833
Lr derivatives =  [-0.4725690129029232, -67.58620667305794, 18.95795181737212]
other derivatives =  [ 7.29806379  6.03852868  2.36252072 -0.38594317  1.75088271  1.97500878
 -0.54302666]
Current x_clock array =  [-0.67070201 -0.85969611 -0.44456705  0.74350985 -2.24376309 -1.81696893
 -1.24196374 -0.29748141  0.         -0.0110557 ]
log likelihood =  -3021.9775961700093
Lr derivatives =  [1.5774970116080738, -66.79570578083376, 17.91067558229205]
other derivatives =  [ 3.01294631  7.48275716 -1.5479045  -0.54555721  2.52954982  1.44969733
  0.39844617]
Current x_clock array =  [-0.67342335 -0.85721994 -0.44654654  0.7422934  -2.25349005 -1.97859848
 -1.08879969 -0.28621294  0.         -0.01149667]
log likelihood =  -3023.327834418443
Lr derivatives =  [-4.788125694991038, -70.70234248961418, -13.144532360777216]
other derivatives =  [ 3.50398786e+01 -8.87766419e-01  6.19219645e+01 -2.06552750e+00
  3.31360516e+00 -1.99765176e-02  2.41034058e+00]
Current x_clock array =  [-0.65208663 -0.8771916  -0.40651372  0.76213531 -2.29348894 -2.39965435
 -0.85051212 -0.27316368  0.         -0.02372841]
log likelihood =  -3021.8735378922947
Lr derivatives =  [0.1843277960818952, -67.65315784572925, 9.738258482107568]
other derivatives =  [ 9.58315832  5.67590405 10.90466731 -0.87938679  2.74512114  1.09812811
  0.71930998]
Current x_clock array =  [-0.66890284 -0.86145124 -0.43806498  0.74649721 -2.26196442 -2.06780556
 -1.03831485 -0.28344826  0.         -0.01408815]
log likelihood =  -3021.6269830947176
Lr derivatives =  [1.265491308298195, -66.83779288003072, 3.6732738548195556]
other derivatives =  [1.66597829 1.95333178 2.87198691 0.15210935 1.733532   0.43368188
 0.5798289 ]
Current x_clock array =  [-0.6737939  -0.87009192 -0.44075309  0.75805552 -2.28749828 -2.22935651
 -1.00941744 -0.26701067  0.         -0.01625789]
log likelihood =  -3021.584294028231
Lr derivatives =  [0.6643966421899563, -67.03434979976264, -1.4154702769159755]
other derivatives =  [-0.44152466 -0.42372994 -0.17250113  0.66360462  0.45580778  0.15864939
  0.13393054]
Current x_clock array =  [-0.67491972 -0.8756295  -0.44145341  0.76333767 -2.30317323 -2.28618265
 -1.03374896 -0.26111606  0.         -0.01819432]
log likelihood =  -3021.581490063888
Lr derivatives =  [0.3838278406784852, -67.18815672323163, -1.5292195370257637]
other derivatives =  [-0.68928739 -0.6511832  -0.03354671  0.5043039   0.12019629  0.12899729
  0.12910777]
Current x_clock array =  [-0.67508944 -0.8761281  -0.4412443   0.76129114 -2.30693798 -2.29636731
 -1.03196784 -0.26043604  0.         -0.01819906]
log likelihood =  -3021.5810191593573
Lr derivatives =  [-0.2542105823266496, -67.64652440691788, -3.139040168505481]
other derivatives =  [ 0.96625445  0.29321427 -1.16564661  0.30623778 -0.50696106  0.06814132
  0.06585731]
Current x_clock array =  [-0.67380165 -0.87431817 -0.4422125   0.75745351 -2.31078106 -2.31027746
 -1.03305613 -0.26165083  0.         -0.01882428]
log likelihood =  -3021.5776342680056
Lr derivatives =  [-0.3061097335466485, -67.57431686153477, -0.4690573148820292]
other derivatives =  [-0.23460825 -0.1750409   0.0974951   0.20787638 -0.48498398  0.06948474
  0.06981244]
Current x_clock array =  [-0.67476587 -0.87519215 -0.44122315  0.75673867 -2.3114221  -2.3128622
 -1.03437233 -0.26135075  0.         -0.01759463]
log likelihood =  -3021.5771620429614
Lr derivatives =  [-0.17872540115597246, -67.49074421811522, 0.06700140625524398]
other derivatives =  [-0.0920777  -0.05137463  0.04809363  0.22274708 -0.37071222  0.0706655
  0.06384946]
Current x_clock array =  [-0.67467296 -0.87494879 -0.44129902  0.75696259 -2.31033968 -2.31191995
 -1.03533699 -0.26149884  0.         -0.01736368]
log likelihood =  -3021.5766271185003
Lr derivatives =  [0.0013240922819903744, -67.37635592412872, 0.5273524033728734]
other derivatives =  [ 0.11961401  0.17747425  0.01620083  0.19406616 -0.21603039  0.05822316
  0.03938879]
Current x_clock array =  [-0.67454993 -0.87449651 -0.44139192  0.75670669 -2.30901692 -2.31325895
 -1.03752316 -0.2616701   0.         -0.01715079]
log likelihood =  -3021.5761823661765
Lr derivatives =  [0.1327575270832142, -67.3013336462289, 0.4747107512789057]
other derivatives =  [ 0.0819291   0.24553947  0.07578728  0.1011108  -0.05948777  0.04181317
  0.01470798]
Current x_clock array =  [-0.6746198  -0.87428296 -0.44143997  0.75575578 -2.30768672 -2.3148594
 -1.03972459 -0.2619432   0.         -0.01714919]
log likelihood =  -3021.5763084581286
Lr derivatives =  [0.11336902670358029, -67.31800431195545, 0.7497764583443711]
other derivatives =  [ 7.74320142e-01 -6.78073775e-02 -4.01139005e-01 -3.94211384e-02
  5.25615228e-04 -1.86199557e-02 -4.07276409e-03]
Current x_clock array =  [-0.67404676 -0.87481691 -0.44188964  0.75417407 -2.30741257 -2.3293768
 -1.03895635 -0.26230242  0.         -0.01695423]
log likelihood =  -3021.5759986879425
Lr derivatives =  [0.12428404927289449, -67.30860089176866, 0.5934482149985811]
other derivatives =  [ 0.38273993  0.1092526  -0.13177942  0.04001413 -0.03332792  0.01541991
  0.00648701]
Current x_clock array =  [-0.67437065 -0.87451511 -0.44163548  0.75506809 -2.30756753 -2.32117121
 -1.03939058 -0.26209938  0.         -0.01706442]
log likelihood =  -3021.5758102901937
Lr derivatives =  [0.05135788299760691, -67.36718038848664, 0.043450175279168946]
other derivatives =  [-0.01946592  0.0312366   0.01146964 -0.04485128  0.0369012   0.00248616
 -0.00307656]
Current x_clock array =  [-0.67469515 -0.87449899 -0.44162398  0.75406734 -2.30649244 -2.32206033
 -1.04043802 -0.26276168  0.         -0.01727296]
log likelihood =  -3021.5757944497545
Lr derivatives =  [0.02833799164305617, -67.37929297244479, 0.010440551692219913]
other derivatives =  [ 0.01951958  0.00230921 -0.00096497 -0.02010711  0.00780866  0.00245418
 -0.0008163 ]
Current x_clock array =  [-0.67465506 -0.87458161 -0.44160893  0.75435576 -2.30679641 -2.32248562
 -1.04007545 -0.26266586  0.         -0.01728906]
log likelihood =  -3021.5757914441956
Lr derivatives =  [-0.0071948017856229285, -67.39980915148243, 0.01345422537997365]
other derivatives =  [-0.00415821  0.01003082 -0.02794241 -0.0014802  -0.01122949  0.00059119
 -0.00113947]
Current x_clock array =  [-0.67466568 -0.87456491 -0.44162217  0.75451697 -2.30684441 -2.32298527
 -1.0400243  -0.26274134  0.         -0.01728502]
      fun: 3021.5757914441956
 hess_inv: <10x10 LbfgsInvHessProduct with dtype=float64>
      jac: array([-4.15820978e-03,  1.00308171e-02, -2.79424057e-02, -1.48020263e-03,
       -1.12294885e-02,  5.91194881e-04, -1.13946530e-03, -7.19480179e-03,
       -6.73998092e+01,  1.34542254e-02])
  message: 'CONVERGENCE: REL_REDUCTION_OF_F_<=_FACTR*EPSMCH'
     nfev: 40
      nit: 35
     njev: 40
   status: 0
  success: True
        x: array([-0.67466568, -0.87456491, -0.44162217,  0.75451697, -2.30684441,
       -2.32298527, -1.0400243 , -0.26274134,  0.        , -0.01728502])
