number of sites to be analyzed:  191
log likelihood =  -1834.1082875940047
Lr derivatives =  [105.67075742314015, -2.1756924429834186, 8.378103586568468]
other derivatives =  [ 48.16673254 -15.88972941  32.53478189 -51.91556693 139.95447307
   5.25168321]
Current x_clock array =  [-0.56214954 -0.65529346 -0.64096143  0.18232156 -0.10536052  0.33647224
 -0.51082562 -0.51082562 -0.51082562]
log likelihood =  -1728.1778296287162
Lr derivatives =  [-37.33863704861637, -61.098442505493665, -42.48298267681316]
other derivatives =  [-149.87417671  -11.08747006  -30.59746177  -36.56792796  110.96288722
   -4.85932196]
Current x_clock array =  [-0.81280813 -0.65214352 -0.8102717   0.45248901 -0.83368046  0.30914259
 -1.06073388 -0.5081673  -0.55442509]
log likelihood =  -1634.6310915101203
Lr derivatives =  [-83.63661398497965, -63.69304580619405, -45.17384571650126]
other derivatives =  [-13.3037106    1.41083319 -40.12340833  -8.86750945  62.5899346
  -5.08112589]
Current x_clock array =  [-0.60391265 -0.62513609 -0.86062284  0.76427847 -1.70776722  0.30079918
 -1.39242199 -0.34107677 -0.47360204]
log likelihood =  -1573.8774373786155
Lr derivatives =  [-58.3904562076748, -9.121149321900177, 6.856111547168126]
other derivatives =  [-78.00791127  20.56194944 -39.57563422  12.19675432  20.41942264
   5.05862454]
Current x_clock array =  [-0.67201111 -0.62186351 -0.75874812  1.06190194 -2.73935334  0.30914059
 -1.35959367  0.         -0.23023041]
log likelihood =  -1550.8555365143568
Lr derivatives =  [-50.8889641948148, -12.653984850116764, -0.13580146761081835]
other derivatives =  [ 61.60012072 -25.59323502  44.77572475  11.70589063   9.5448194
   7.05417187]
Current x_clock array =  [-0.54147385 -0.77249618 -0.52464436  1.0886041  -3.30188382  0.25478825
 -1.12873543  0.         -0.28442334]
log likelihood =  -1540.2913213544957
Lr derivatives =  [-26.941394878222344, -0.5274862829737579, 6.073471994391523]
other derivatives =  [  7.49089736 -17.39714503  31.0445721   10.41991131   9.85506735
   8.84857081]
Current x_clock array =  [-0.58812487 -0.76214498 -0.53125438  1.05685901 -3.39237459  0.2342263
 -0.94562761  0.         -0.28705696]
log likelihood =  -1533.1860813925516
Lr derivatives =  [6.098490876524081, 14.980172944011663, 13.028518976906799]
other derivatives =  [0.50783819 1.4172947  1.633583   9.42303153 7.93909647 8.89194575]
Current x_clock array =  [-0.59288233 -0.74304872 -0.5624899   1.01174003 -3.65353788  0.17636141
 -0.67087535  0.         -0.3204283 ]
log likelihood =  -1530.6565008999487
Lr derivatives =  [7.745105248249587, 10.40917952523476, 8.044427737120504]
other derivatives =  [-7.29187013 -2.38471443  4.726317    8.06584467  4.71441333  7.20176263]
Current x_clock array =  [-0.59981644 -0.75700201 -0.55326049  0.96618813 -3.83485141  0.11861405
 -0.57818901 -0.04931518 -0.37846672]
log likelihood =  -1528.8400267761413
Lr derivatives =  [3.085804219020309, 0.8184060356103204, -2.8188453965182307]
other derivatives =  [ 27.14338211  13.4582524  -14.5022409    5.55047995  -0.66220332
   1.76052845]
Current x_clock array =  [-0.56186561 -0.72267277 -0.60307471  0.82052445 -4.1022809  -0.01907911
 -0.51860098 -0.15143444 -0.47795623]
log likelihood =  -1527.9529772022274
Lr derivatives =  [-0.06832810202827178, -2.186809536350081, -4.7233353451450295]
other derivatives =  [ 1.60565241 -1.01945784 -0.80743553  4.30704472 -0.58853943  2.15198838]
Current x_clock array =  [-0.58769096 -0.751274   -0.57335281  0.79862316 -4.10419234 -0.02986406
 -0.51288674 -0.16230151 -0.47711145]
log likelihood =  -1527.8275596162775
Lr derivatives =  [0.26099185268874336, -1.886007753943662, -4.431828316010588]
other derivatives =  [-1.29375189 -1.09494613  0.72803141  3.72615341 -0.31495757  2.17760726]
Current x_clock array =  [-0.59115797 -0.75091389 -0.57035592  0.78126369 -4.09219891 -0.03716306
 -0.51348299 -0.16293165 -0.46954189]
log likelihood =  -1527.3545900173367
Lr derivatives =  [1.0449402261030332, -0.2897687357913594, -2.9349038262437723]
other derivatives =  [-7.89841488 -1.32624473  2.83994791  0.34046957  0.81464413  1.95034386]
Current x_clock array =  [-0.59962728 -0.74826438 -0.56856276  0.67136985 -4.04241408 -0.09169699
 -0.53025537 -0.1671693  -0.42073902]
log likelihood =  -1527.1492704089856
Lr derivatives =  [0.8471994802307194, 0.8342622950959555, -1.7867350875016674]
other derivatives =  [-5.11705025 -1.93669712  0.62346066 -1.18711478  0.69637415  1.63423147]
Current x_clock array =  [-0.59673537 -0.74902964 -0.57439699  0.61660077 -4.05260332 -0.1383498
 -0.54474354 -0.17179828 -0.3808281 ]
log likelihood =  -1527.0426076263243
Lr derivatives =  [0.03022112815567901, 1.6422842853770456, -0.6029021662943304]
other derivatives =  [ 1.65826714  5.61843171  3.8823182  -2.08180313 -0.02985893  1.18199409]
Current x_clock array =  [-0.59110493 -0.7314415  -0.56986802  0.58129873 -4.08880711 -0.20309719
 -0.5629812  -0.18739384 -0.32588685]
log likelihood =  -1526.9553099842065
Lr derivatives =  [-0.39990799571086466, 1.6942914181978241, -0.361675705912997]
other derivatives =  [ 2.24832684  1.43379884 -0.59041781 -1.80548636 -0.35413487  1.11954796]
Current x_clock array =  [-0.58934196 -0.74127867 -0.57838552  0.58741617 -4.10381468 -0.21795724
 -0.56592559 -0.19347396 -0.31236857]
log likelihood =  -1526.89790279062
Lr derivatives =  [-0.7378592442429648, 1.5061977599908714, -0.24308343832700763]
other derivatives =  [ 2.37725453 -0.45061233 -1.6901995  -1.23516929 -0.69227352  1.07481014]
Current x_clock array =  [-0.58865204 -0.74630373 -0.57986666  0.60524377 -4.11958659 -0.23377866
 -0.56485178 -0.20416435 -0.29818532]
log likelihood =  -1526.8043706082135
Lr derivatives =  [-1.4879651256578104, 0.9458968975015782, 0.23555203256633386]
other derivatives =  [-0.85541933 -1.56195006 -2.63973106 -0.25220515 -1.15889953  0.94235565]
Current x_clock array =  [-0.59139381 -0.74912233 -0.58061624  0.63575235 -4.13733676 -0.28215897
 -0.56423801 -0.23619476 -0.2570776 ]
log likelihood =  -1526.797432281532
Lr derivatives =  [-1.7085382720330484, 0.20051756887279382, 1.1217346162688735]
other derivatives =  [ 4.74490776 -5.57663247  4.64110758  0.2600791  -0.90499345  1.01731121]
Current x_clock array =  [-0.58581532 -0.76102468 -0.56572911  0.66872633 -4.12924363 -0.33177827
 -0.54944164 -0.27274368 -0.21556273]
log likelihood =  -1526.7678924988315
Lr derivatives =  [-1.5891641990548386, 0.5682075371426727, 0.6484271447690357]
other derivatives =  [ 2.03853938 -3.65496498  1.07738333  0.01502735 -1.02946167  0.97883367]
Current x_clock array =  [-0.58849791 -0.75530106 -0.57288805  0.65286976 -4.13313547 -0.30791727
 -0.55655694 -0.25516798 -0.23552646]
log likelihood =  -1526.7119490733357
Lr derivatives =  [-1.038804253568586, 0.19203497252642365, 0.7442174760247906]
other derivatives =  [-1.6060776  -1.8454391   0.99420572  0.41067665 -1.00137279  0.78673975]
Current x_clock array =  [-0.59236173 -0.75126543 -0.57210794  0.66436446 -4.13166564 -0.34393094
 -0.54416961 -0.28195187 -0.21760581]
log likelihood =  -1526.673146005904
Lr derivatives =  [-0.15231872755401543, -0.03455613994808479, 0.5180778190461091]
other derivatives =  [-2.54434417 -0.04470144  1.37224492  0.21100755 -0.64266112  0.58327691]
Current x_clock array =  [-0.59367106 -0.74728105 -0.57131349  0.6587332  -4.11608083 -0.37049691
 -0.53087962 -0.30098074 -0.21213077]
log likelihood =  -1526.6536742748604
Lr derivatives =  [0.6974994053202703, -0.07527485670668443, 0.29123055440009527]
other derivatives =  [ 0.49013533  0.80866835 -0.26818361  0.16391823 -0.24230604  0.3819016 ]
Current x_clock array =  [-0.59043295 -0.74595179 -0.5748756   0.65744343 -4.09682333 -0.39206372
 -0.52109025 -0.31559186 -0.20963203]
log likelihood =  -1526.6490720479906
Lr derivatives =  [0.38453584083773773, -0.32235998017328027, 0.28737306465970386]
other derivatives =  [-0.17071693  0.09508108  0.1139706  -0.29044804 -0.08982928  0.32581966]
Current x_clock array =  [-0.59117625 -0.74688916 -0.57485032  0.64435711 -4.08895474 -0.40563707
 -0.522951   -0.31954119 -0.20460075]
log likelihood =  -1526.6455355512207
Lr derivatives =  [0.0326227302498423, -0.48771410574320606, -0.036450864625871604]
other derivatives =  [ 0.21374535 -0.13451427  0.03973105 -0.20947164 -0.09302699  0.27024475]
Current x_clock array =  [-0.59071737 -0.74723798 -0.57520691  0.64702555 -4.08618121 -0.40546025
 -0.52649858 -0.31609332 -0.20876166]
log likelihood =  -1526.640675773353
Lr derivatives =  [-0.12085417323961556, -0.24541875944919672, -0.04983719422447487]
other derivatives =  [ 0.49278583 -0.3634982  -0.29051125 -0.05292736 -0.04317821  0.15382511]
Current x_clock array =  [-0.59040917 -0.74789248 -0.57562642  0.65203829 -4.08029954 -0.41407592
 -0.53208071 -0.30904021 -0.20974985]
log likelihood =  -1526.6392571411589
Lr derivatives =  [0.007742990973726105, -0.059654520003444, -0.14948497967821944]
other derivatives =  [-0.31558397 -0.22944505  0.02879233  0.02713614  0.07388463  0.03431751]
Current x_clock array =  [-0.59137587 -0.747774   -0.57454783  0.65517075 -4.07321096 -0.42370615
 -0.53291859 -0.30542899 -0.21159006]
log likelihood =  -1526.6387835610071
Lr derivatives =  [-0.11038743679657026, -0.004360275022976021, 0.04871879626838875]
other derivatives =  [0.19307072 0.12555643 0.04757385 0.01907461 0.01926251 0.0082423 ]
Current x_clock array =  [-0.59089312 -0.74691824 -0.57464355  0.65455622 -4.07531266 -0.43180623
 -0.53497498 -0.30671059 -0.20652673]
log likelihood =  -1526.6386481610666
Lr derivatives =  [-0.022823431426263863, -0.003988532017913871, 0.03903826213061296]
other derivatives =  [-0.0383377  -0.00673026 -0.0493585   0.0144737   0.025473    0.02092111]
Current x_clock array =  [-0.59110367 -0.74727142 -0.57475221  0.65439039 -4.07569459 -0.4301666
 -0.53364622 -0.30729734 -0.20709134]
log likelihood =  -1526.6386292120355
Lr derivatives =  [-0.009027787241107976, -0.0043277866152473315, 0.02464946317496332]
other derivatives =  [-0.04171216  0.02146658 -0.00686236  0.00599312  0.02493479  0.01945295]
Current x_clock array =  [-0.59111785 -0.74721723 -0.57466365  0.65411958 -4.07589091 -0.42996736
 -0.53343054 -0.30723746 -0.20740681]
log likelihood =  -1526.6385999416093
Lr derivatives =  [0.005466741583548984, -0.003150032160530428, 0.012835388985346651]
other derivatives =  [-0.04047843  0.02235674  0.02277216  0.00014575  0.01541826  0.01164926]
Current x_clock array =  [-0.59112106 -0.7472507  -0.57458066  0.65389481 -4.07664143 -0.4307795
 -0.53309073 -0.30739091 -0.20745144]
log likelihood =  -1526.638587304909
Lr derivatives =  [0.010726837061911354, 0.011768115123474586, 0.004994538299126495]
other derivatives =  [-0.03977743  0.01571834 -0.03307082 -0.00445948  0.00031634 -0.00091381]
Current x_clock array =  [-0.59111523 -0.7472944  -0.57466489  0.65357236 -4.07755402 -0.4319316
 -0.53305981 -0.30723295 -0.20748177]
log likelihood =  -1526.6386020019586
Lr derivatives =  [-0.0014889931715185156, 0.0034053898059043606, 0.0006433401464344987]
other derivatives =  [ 0.10480221 -0.07244989  0.06632035 -0.00143632  0.00029514 -0.00098908]
Current x_clock array =  [-0.59096437 -0.74753772 -0.57447027  0.65389147 -4.07765569 -0.43215084
 -0.53297878 -0.30723527 -0.20745972]
log likelihood =  -1526.6385851105724
Lr derivatives =  [0.00749024888406602, 0.009552579245712452, 0.0038416270103386035]
other derivatives =  [-0.00148043 -0.00764658 -0.00674504 -0.00365799  0.00031059 -0.00093382]
Current x_clock array =  [-0.59107526 -0.74735886 -0.57461333  0.6536569  -4.07758095 -0.43198969
 -0.53303834 -0.30723357 -0.20747592]
      fun: 1526.6385851105724
 hess_inv: <9x9 LbfgsInvHessProduct with dtype=float64>
      jac: array([-0.00148043, -0.00764658, -0.00674504, -0.00365799,  0.00031059,
       -0.00093382,  0.00749025,  0.00955258,  0.00384163])
  message: 'CONVERGENCE: REL_REDUCTION_OF_F_<=_FACTR*EPSMCH'
     nfev: 33
      nit: 30
     njev: 33
   status: 0
  success: True
        x: array([-0.59107526, -0.74735886, -0.57461333,  0.6536569 , -4.07758095,
       -0.43198969, -0.53303834, -0.30723357, -0.20747592])
