number of sites to be analyzed:  408
log likelihood =  -5301.721767069776
Lr derivatives =  [-76.52283217370659, -244.69814615168264, -54.986885694987365]
other derivatives =  [  53.57878399  -83.81320458   55.68627512 -105.88196892  413.00515659
  112.5314393 ]
Current x_clock array =  [-0.57725409 -0.64930298 -0.67982352  0.18232156 -0.10536052  0.33647224
 -0.51082562 -0.51082562 -0.51082562]
log likelihood =  -4945.717052116925
Lr derivatives =  [-69.62205903779787, -235.28625029771544, -96.34288815854212]
other derivatives =  [-215.61231642  -68.72584163  -52.280202    -53.41483939  268.76478377
   71.70939534]
Current x_clock array =  [-0.6952233  -0.64798344 -0.80243298  0.41545137 -1.01471096  0.08870169
 -0.34233845 -0.50970089 -0.50970089]
log likelihood =  -6226.3507011993715
Lr derivatives =  [-175.54528769901376, -110.1712841177561, 142.85615179687738]
other derivatives =  [18055.7694348    178.97350699   -84.15743196    55.62894558
  -142.32084278    72.72955281]
Current x_clock array =  [-0.05       -0.55611858 -0.7958202   1.03032514 -3.661145   -0.62612725
  0.22939587  0.          0.        ]
log likelihood =  -4706.883486780995
Lr derivatives =  [27.75726387024215, -88.7475786073411, 21.2866552366146]
other derivatives =  [553.87150132  35.55928106 -84.15048524  15.38281322 113.64555512
  67.7022781 ]
Current x_clock array =  [-0.44022162 -0.61167711 -0.79981951  0.65845847 -2.06062037 -0.19380915
 -0.11638069 -0.30825965 -0.30825965]
log likelihood =  -4621.129178850299
Lr derivatives =  [-47.45144203360728, -89.35923677527884, 29.180331071386462]
other derivatives =  [-178.9464277    22.95833656  -80.34983057   56.49451214  -25.80123656
   47.17331194]
Current x_clock array =  [-0.66669177 -0.63371816 -0.75737898  0.82506532 -2.88637988 -0.44194891
  0.02337493 -0.20089847 -0.24631645]
log likelihood =  -4604.14678857854
Lr derivatives =  [-22.44359040372784, -67.73373941756572, 38.5868446533142]
other derivatives =  [-71.25046977  15.32900387 -36.43127457  46.94843119 -10.149279
  47.56364615]
Current x_clock array =  [-0.61990371 -0.64402183 -0.71019241  0.79069218 -2.84956142 -0.45773142
  0.03601192 -0.14523751 -0.24869343]
log likelihood =  -4590.098431148887
Lr derivatives =  [11.749821987551305, -31.574678840098194, 42.34642027200848]
other derivatives =  [66.78688715 -1.61830485 38.55577415 31.99102048  4.592502   43.50038762]
Current x_clock array =  [-0.56853143 -0.66594975 -0.6423476   0.7284919  -2.87466643 -0.53810652
  0.06914477 -0.02017561 -0.27929145]
log likelihood =  -4584.0015958612985
Lr derivatives =  [10.194300341359995, -32.15399443487823, 26.197487147794646]
other derivatives =  [ 68.95605748 -11.669581    45.18568494  27.1928111   -0.34305089
  38.02160973]
Current x_clock array =  [-0.56747143 -0.67504175 -0.63713933  0.68376279 -2.92034925 -0.61508618
  0.08628717  0.         -0.32159006]
log likelihood =  -4572.964910324494
Lr derivatives =  [37.59332336249523, -20.564245929245587, 0.5308669975135123]
other derivatives =  [ 30.49003863 104.55490155 -36.60528455   3.86520333   6.64637882
  16.74583564]
Current x_clock array =  [-0.58610257 -0.60670081 -0.70279858  0.42815127 -2.97185813 -0.97500601
  0.16819429  0.         -0.43138745]
log likelihood =  -4567.843252764591
Lr derivatives =  [10.734983963254882, -39.40689668163764, -19.321942478793172]
other derivatives =  [-19.10929132 -36.13625631 -25.70537799  -1.80009192  -7.08468666
  12.19657847]
Current x_clock array =  [-0.60057402 -0.69640035 -0.69645288  0.34195249 -3.0333511  -1.13285667
  0.16408743  0.         -0.46709898]
log likelihood =  -4566.608723762207
Lr derivatives =  [12.370696828172848, -37.769391170464544, -16.357497441859515]
other derivatives =  [ -9.17684156 -12.01133364  -8.00254475  -2.54280894  -5.38880029
  12.21050642]
Current x_clock array =  [-0.59755015 -0.67836937 -0.6813027   0.33991607 -3.01668818 -1.13683687
  0.15287239  0.         -0.4546696 ]
log likelihood =  -4565.272342114282
Lr derivatives =  [12.789782430937224, -36.013434756121555, -11.405018217892465]
other derivatives =  [ 5.23064864 11.42660312 12.38161167 -5.46613501 -3.27074223 11.00370824]
Current x_clock array =  [-0.59295679 -0.6613196  -0.66514009  0.31396004 -2.98882122 -1.19095108
  0.12522837  0.         -0.42862948]
log likelihood =  -4563.988832499239
Lr derivatives =  [10.146502157746191, -34.99021609425428, -4.0885151554048]
other derivatives =  [15.33306659 19.70273752 20.69113543 -9.10334256 -1.94515142  9.27064736]
Current x_clock array =  [-0.58957592 -0.65443666 -0.65950419  0.27923766 -2.95647679 -1.28117105
  0.08414989  0.         -0.39032197]
log likelihood =  -4562.459759743762
Lr derivatives =  [1.656544981661746, -36.134617320608406, 5.691561928820581]
other derivatives =  [ 16.8382212   13.74240037  13.96487551 -11.6759893   -1.90704486
   6.98469091]
Current x_clock array =  [-0.58865814 -0.65596907 -0.66660101  0.25852406 -2.90951336 -1.42602723
  0.02148027  0.         -0.34102638]
log likelihood =  -4561.039766272697
Lr derivatives =  [-5.453685655959875, -38.89547422538342, 5.5999361731231385]
other derivatives =  [-8.64879985  2.33147512 13.23269316 -8.73339741 -1.77753474  4.49224292]
Current x_clock array =  [-0.5977385  -0.66243312 -0.66703284  0.29755138 -2.86402803 -1.60140419
 -0.01503401  0.         -0.32595094]
log likelihood =  -4560.074256591315
Lr derivatives =  [-9.158282025774863, -40.576215175070445, 0.1247848985096418]
other derivatives =  [  8.32962905  -7.61202864 -11.10245466  -0.71547402  -1.49634871
   2.02256615]
Current x_clock array =  [-0.5904106  -0.67014638 -0.68696447  0.37852143 -2.82227447 -1.81624491
 -0.03936532  0.         -0.32844228]
log likelihood =  -4559.831542578648
Lr derivatives =  [-3.170615284701258, -37.53086071600187, -2.205833937241696]
other derivatives =  [-17.39206709  -6.06287813  -5.63620961   0.3732448    1.46271071
   1.19878438]
Current x_clock array =  [-0.60094535 -0.67006916 -0.68019952  0.39508082 -2.81256768 -1.90316446
 -0.02300547  0.         -0.33685747]
log likelihood =  -4559.7234228788775
Lr derivatives =  [-1.4139771075170522, -36.57619241418875, -3.0235901743610007]
other derivatives =  [-6.39938571 -5.73219859 -1.71870033 -0.42528154  2.24048177  0.85407717]
Current x_clock array =  [-0.5968425  -0.67049825 -0.67667493  0.38942141 -2.81340277 -1.94624823
 -0.01858335  0.         -0.33947324]
log likelihood =  -4559.669900437742
Lr derivatives =  [0.4487202890883779, -34.966545367429035, -2.116368625023963]
other derivatives =  [ 1.92604693 -1.83228622  0.6740911  -0.69202451  3.16424996  0.49289324]
Current x_clock array =  [-0.59389935 -0.66825238 -0.67437147  0.38888975 -2.80982603 -2.00598459
 -0.01815148  0.         -0.33676147]
log likelihood =  -4559.650067925901
Lr derivatives =  [0.7797430769339098, -34.41519808522355, -1.6449260401533081]
other derivatives =  [ 3.13744295  0.0277596   0.92403479 -0.58604928  3.00766265  0.32516965]
Current x_clock array =  [-0.59350261 -0.66713132 -0.67400959  0.38958279 -2.81091965 -2.03703593
 -0.01820413  0.         -0.33485016]
log likelihood =  -4559.6132927018725
Lr derivatives =  [0.47163457329110337, -33.765552820689706, -0.5381944394540614]
other derivatives =  [ 2.7648839   1.8517012   1.13062924 -0.07662675  1.50852218  0.05576386]
Current x_clock array =  [-0.59364613 -0.66625259 -0.67348855  0.3917039  -2.82064315 -2.09358482
 -0.01717081  0.         -0.33017887]
log likelihood =  -4559.601845948716
Lr derivatives =  [0.5423651822575053, -33.294972468475414, 0.5032165344891606]
other derivatives =  [ 1.12865746  0.40670602 -0.00226919  0.12301371  0.34676617  0.00389491]
Current x_clock array =  [-0.59422008 -0.66762775 -0.67416363  0.39123642 -2.83124894 -2.10531181
 -0.01353772  0.         -0.32753702]
log likelihood =  -4559.601073875087
Lr derivatives =  [-0.17328935986112626, -33.815027146176305, -0.13173276707397719]
other derivatives =  [ 0.13707358  0.31749187  0.18697119  0.12030978 -0.15986283  0.00212724]
Current x_clock array =  [-0.5945413  -0.66759508 -0.67409352  0.39020263 -2.83365222 -2.10310695
 -0.0137273   0.         -0.32866073]
log likelihood =  -4559.600928310934
Lr derivatives =  [0.009806891614154267, -33.69678553411409, 0.0016408901993223424]
other derivatives =  [ 0.11444081  0.0757318   0.0908658   0.05875881 -0.03325939  0.00578966]
Current x_clock array =  [-0.59456143 -0.66778442 -0.6741596   0.38982341 -2.83329465 -2.10279855
 -0.01350687  0.         -0.32848628]
log likelihood =  -4559.600905265095
Lr derivatives =  [0.03825176608075331, -33.68205466953681, 0.006345816173386254]
other derivatives =  [ 0.06937535  0.00097043  0.01869739  0.02164234 -0.00054637  0.00543556]
Current x_clock array =  [-0.59458027 -0.66783347 -0.67422572  0.3894976  -2.83317379 -2.10291742
 -0.01350549  0.         -0.32849545]
log likelihood =  -4559.600897244252
Lr derivatives =  [0.01981906990143223, -33.69103344625676, -0.008426480205704578]
other derivatives =  [ 0.05152106 -0.03470905  0.0060445   0.00201999  0.00405648  0.00225158]
Current x_clock array =  [-0.59458598 -0.66785151 -0.6742438   0.38930896 -2.83308999 -2.10370392
 -0.01359659  0.         -0.32849146]
      fun: 4559.600897244252
 hess_inv: <9x9 LbfgsInvHessProduct with dtype=float64>
      jac: array([ 5.15210559e-02, -3.47090463e-02,  6.04450179e-03,  2.01998773e-03,
        4.05648077e-03,  2.25157560e-03,  1.98190699e-02, -3.36910334e+01,
       -8.42648021e-03])
  message: 'CONVERGENCE: REL_REDUCTION_OF_F_<=_FACTR*EPSMCH'
     nfev: 26
      nit: 24
     njev: 26
   status: 0
  success: True
        x: array([-0.59458598, -0.66785151, -0.6742438 ,  0.38930896, -2.83308999,
       -2.10370392, -0.01359659,  0.        , -0.32849146])
