number of sites to be analyzed:  837
log likelihood =  -26063.100242327713
Edge derivatives =  [69.73002340210131, 204.29136260043285, 120.18619011656105, 169.15301154590395, -20.817639605743732, -27.598703222908558, 385.12941552600824, 323.59863349904117, 121.01977686466937, 103.32608563263682, 3.3509691983670287, 167.09145151245278, 45.06543633791016, 27.2024908552444, 452.7081900720009, 217.04397395550376]
other derivatives: [ -231.1233402    417.86988731  -484.36086217   920.94196589
 -2362.98328673     0.             0.        ]
Current x array =  [-0.71256756 -0.76139646 -0.60409994  0.18232156 -0.10536052 -0.22314355
  0.33647224 -2.30258509 -2.30258509 -2.30258509 -2.30258509 -2.30258509
 -2.30258509 -2.30258509 -2.30258509 -2.30258509 -2.30258509 -2.30258509
 -2.30258509 -2.30258509 -2.30258509 -2.30258509 -2.30258509]
log likelihood =  -24174.041418831373
Edge derivatives =  [74.3359315534036, 207.27079156250628, 123.29096746521603, 179.9267186073963, -15.383663882624958, -14.104808311909856, 393.6509604769131, 324.9642189155403, 123.1811400609377, 107.9177658385287, 12.051261413428637, 177.39264360099295, 50.691833466781695, 29.443803988540978, 459.34754473532223, 220.71711535183192]
other derivatives: [  521.95464377   444.92189772    -3.32802301   679.24120231
 -1363.2055925      0.             0.        ]
Current x array =  [-0.80759698 -0.76110396 -0.8032513   0.18635822 -1.0769323  -0.22314355
  0.33647224 -2.2999937  -2.218588   -2.2999937  -2.2999937  -2.31114454
 -2.31393266 -2.2999937  -2.2999937  -2.2999937  -2.2999937  -2.3012073
 -2.2999937  -2.2999937  -2.2999937  -2.2999937  -2.2999937 ]
log likelihood =  -26207.927474476073
Edge derivatives =  [38.05418224623462, 203.42594958353052, 98.60322465040271, 173.88124523528566, -21.98625251670908, -13.436725373395833, 373.499847854037, 280.1190446497277, 90.81274983219792, 112.69076469715188, 1.1124035638613168, 184.2251862377837, 38.6710505859295, 18.74375997883425, 421.0915392108739, 191.9360576789496]
other derivatives: [-27030.60890781     62.94358172     42.35444067   -336.54359868
    319.69830161      0.              0.        ]
Current x array =  [-0.12017167 -0.46879096 -0.80435558  0.44036608 -2.85228178 -0.22314355
  0.33647224 -2.24680322 -1.94760611 -2.21783189 -2.1777242  -2.33121868
 -2.33228059 -2.04822919 -2.09536807 -2.21856035 -2.22621805 -2.28539416
 -2.17960942 -2.26058861 -2.27599174 -2.0092576  -2.15768392]
log likelihood =  -23240.273008205884
Edge derivatives =  [66.4439224314334, 201.76743955427028, 115.03272529779997, 178.27906464394323, -19.05458733819503, -15.161507843171117, 381.13999087235584, 306.6623562314779, 112.48365944799353, 102.33859558181409, 8.498994552510995, 172.6338217231244, 44.98329501704066, 23.165770998250483, 442.0084425463595, 205.74913391663952]
other derivatives: [-1589.6599507    227.78549464     5.77019819   409.33118726
  -579.89200286     0.             0.        ]
Current x array =  [-0.51536931 -0.63684035 -0.80372073  0.29433814 -1.83164156 -0.22314355
  0.33647224 -2.27738218 -2.10339235 -2.26506634 -2.24801637 -2.31967815
 -2.32173245 -2.19296744 -2.2130064  -2.26537601 -2.26863133 -2.29448506
 -2.24881779 -2.28324241 -2.28979036 -2.17640044 -2.23949715]
log likelihood =  -22717.787359145354
Edge derivatives =  [63.52013482861771, 197.22264417954102, 113.33755958583333, 175.72843406851777, -15.758757656362675, -8.672034528519259, 365.2526376403171, 286.8621555225113, 110.38797489511153, 99.16416609984589, 11.144758110907258, 171.88109195084147, 45.981887188137854, 22.298781984880456, 424.2074838046036, 190.3005417578294]
other derivatives: [ 650.17666202 -306.31490517  125.09990484   99.00504665  194.82868083
    0.            0.        ]
Current x array =  [-0.73888254 -0.50530663 -0.80637082  0.42194143 -2.63872107 -0.22314355
  0.33647224 -2.24504585 -1.94859506 -2.21294166 -2.16783129 -2.33238423
 -2.33276109 -2.02765229 -2.08036338 -2.21431871 -2.22163891 -2.28647242
 -2.17074857 -2.25978265 -2.2764721  -1.98574482 -2.14854627]
log likelihood =  -22490.04041729441
Edge derivatives =  [60.545148510104234, 191.50194022546634, 109.88439418985782, 169.78039530975795, -14.775266249238967, -10.559899165740227, 344.4598205840664, 269.25912460098544, 107.4429268521958, 94.58968896036275, 8.390474905349418, 163.58290725891683, 44.21145062583597, 22.19981718974959, 400.0497711838246, 175.60480654203423]
other derivatives: [ 195.95936465 -273.89396564   97.15768101   40.3921149   250.63927751
    0.            0.        ]
Current x array =  [-0.67189768 -0.51516463 -0.75618605  0.50086671 -2.73156639 -0.22314355
  0.33647224 -2.22105866 -1.87066068 -2.17165024 -2.10409961 -2.33848119
 -2.33654257 -1.89442253 -1.97449243 -2.1739413  -2.18515953 -2.28186506
 -2.10850799 -2.24264498 -2.26767091 -1.83125771 -2.07747181]
log likelihood =  -21834.236487002418
Edge derivatives =  [51.66257929827421, 162.01504246832877, 96.81038308507625, 136.65772836107323, 0.9865170412000845, -14.195662553139057, 188.77034731248648, 161.95528487954715, 103.23663242101827, 82.91595616151787, -0.05630557122105617, 116.77721728796976, 45.26859778821728, 34.84349602109059, 194.29654052430863, 98.87593433812036]
other derivatives: [-2386.22596953  -238.65359253  -775.97505879  -203.69770937
   317.66830944     0.             0.        ]
Current x array =  [-0.48177007 -0.62958972 -0.4644709   0.9028739  -2.93620221 -0.22314355
  0.33647224 -2.0788258  -1.42685552 -1.92299713 -1.72152053 -2.37222554
 -2.35913542 -1.10310465 -1.34745061 -1.93023059 -1.96793574 -2.25800535
 -1.73746876 -2.14069007 -2.2148959  -0.91299345 -1.66092383]
log likelihood =  -21412.581593065242
Edge derivatives =  [46.55307469487496, 147.2203102682334, 86.94577658929346, 117.36181957956252, 0.499449735571871, -14.212688184868721, 102.86899337453205, 104.67863898541681, 97.49727192804917, 72.36341354107732, -4.8647838915583606, 90.8146263153973, 43.72306359775752, 35.802499046335576, 71.425434251865, 64.01126083521281]
other derivatives: [-787.93927969  -16.67795004 -445.96563384 -270.11556085  267.26665965
    0.            0.        ]
Current x array =  [-0.59475033 -0.74820782 -0.47613466  1.02223492 -2.90968565 -0.22314355
  0.33647224 -2.01787954 -1.24098712 -1.81535684 -1.55786769 -2.38422298
 -2.36876205 -0.77789745 -1.08769774 -1.82346836 -1.87395869 -2.24880618
 -1.58062833 -2.09569295 -2.19005774 -0.53950836 -1.48932508]
log likelihood =  -21251.126298169704
Edge derivatives =  [34.25971278889684, 125.77442041068035, 67.12186888040941, 85.18815900097103, -4.667700900551287, -17.76347961542522, -12.656979293958992, 29.239275226015913, 81.08251975529836, 55.00421436268118, -13.147204689307292, 54.9580190685775, 36.76366015289027, 31.731961074953837, -87.1462493923463, 21.82098278411359]
other derivatives: [-172.48639779  239.97272365 -168.44824131 -285.92949093   50.45403668
    0.            0.        ]
Current x array =  [-0.65938765 -0.86676208 -0.5004986   1.10230631 -2.71766556 -0.22314355
  0.33647224 -1.95189766 -1.05030911 -1.69748375 -1.38085005 -2.39520361
 -2.37905267 -0.44596155 -0.81896082 -1.70480086 -1.77193027 -2.24130618
 -1.41441627 -2.04577057 -2.1611131  -0.16596168 -1.31268296]
log likelihood =  -21181.404896243414
Edge derivatives =  [21.811414529787264, 115.00270302275324, 51.03180036231904, 68.79494726580631, -12.24309997172243, -20.479509301221604, -30.876868925326196, 4.162299601276346, 63.73833051545793, 41.546073263763496, -17.674209697595572, 46.9121750523449, 29.028978978038573, 22.696559772407237, -94.89103602914264, 11.262896219335298]
other derivatives: [ -53.30148269   23.46823749  202.10500224 -206.89476514   14.20885383
    0.            0.        ]
Current x array =  [-0.68195382 -0.77882246 -0.56858667  0.97477746 -2.66483354 -0.22314355
  0.33647224 -1.93417539 -0.98795513 -1.66282745 -1.33569982 -2.39795642
 -2.38739147 -0.43891565 -0.79542353 -1.66388141 -1.74334508 -2.24715567
 -1.38316665 -2.02749868 -2.14605671 -0.19106999 -1.29592252]
log likelihood =  -21126.83645718723
Edge derivatives =  [9.56032456384431, 92.62719500254005, 34.05315177926971, 47.503156149410486, -14.99702434735115, -23.24774117054036, -56.859636863103006, -23.59872240567495, 47.27157679119919, 27.85607291539239, -21.538085132122255, 29.805225055872, 22.46239472713853, 16.788580422449947, -98.18350363643556, -1.4083278501073826]
other derivatives: [  53.36623872 -205.93870431   41.51952453  -33.41483534  -63.12620826
    0.            0.        ]
Current x array =  [-0.72349185 -0.7050809  -0.54212681  0.77392339 -2.60805052 -0.22314355
  0.33647224 -1.90202213 -0.86011907 -1.59681328 -1.24659503 -2.40738522
 -2.40574093 -0.41788799 -0.74823884 -1.58606525 -1.6886912  -2.26030469
 -1.31783025 -1.99279857 -2.11915051 -0.22584934 -1.25951946]
log likelihood =  -21092.193504903407
Edge derivatives =  [4.437030292951577, 74.58851291674252, 24.942568847490286, 40.6595589121445, -14.206991978524309, -22.355209697529663, -40.985911802384244, -21.23439883750715, 36.45728813561582, 19.7671357921899, -20.07732740605139, 20.78451620745679, 18.63837869450274, 14.424234864794146, -47.94665014458356, 0.41104541505407477]
other derivatives: [151.68589016  10.1448677  121.15415302  87.23436622 -27.55296009
   0.           0.        ]
Current x array =  [-0.74001776 -0.76495456 -0.55873374  0.61674347 -2.67099238 -0.22314355
  0.33647224 -1.87801268 -0.72358581 -1.53877188 -1.16835452 -2.42202765
 -2.43174677 -0.45395316 -0.74429578 -1.51236524 -1.64096527 -2.28159933
 -1.26591226 -1.95863057 -2.09230379 -0.32362783 -1.24515729]
log likelihood =  -21068.89472780248
Edge derivatives =  [0.11966529625323075, 52.4567168196035, 16.08402882936492, 32.21672493701911, -13.63086332116861, -22.288631293434527, -38.31994523595839, -24.075927026002894, 25.18650098346113, 11.253603009400319, -19.506550888082657, 7.091134650865501, 14.177612277162705, 11.579935611657541, -29.206872052801145, -3.459635390771764]
other derivatives: [ 97.21006791  16.52442734  18.11822585 101.82338883   5.9568265
   0.           0.        ]
Current x array =  [-0.73526067 -0.77661723 -0.53468408  0.60931002 -2.74023061 -0.22314355
  0.33647224 -1.85268695 -0.57234675 -1.47499636 -1.07522605 -2.44024349
 -2.46179354 -0.45102554 -0.71682378 -1.43269793 -1.58818415 -2.30432219
 -1.20177875 -1.92101092 -2.06398735 -0.34953416 -1.21171253]
log likelihood =  -21042.94246034949
Edge derivatives =  [-7.578030078982685, 10.002196237236502, -1.1042587390516823, 14.571143253221075, -14.214860738528255, -21.91086291344956, -23.56701041453475, -21.73201213485178, 0.27901154483003543, -5.155506507368219, -18.117298909350993, -14.451626591754307, 3.4256607174077143, 3.471024871846731, 6.465587948380669, -7.80661695530958]
other derivatives: [-12.64925231   1.6480044    0.77670848  56.94964784  26.28221409
   0.           0.        ]
Current x array =  [-0.71778805 -0.78908862 -0.52151739  0.684098   -2.78865014 -0.22314355
  0.33647224 -1.81919654 -0.31564972 -1.37191936 -0.91323896 -2.48080385
 -2.52901904 -0.49580749 -0.71060636 -1.29831233 -1.50610556 -2.35857483
 -1.11226541 -1.85481707 -2.01276697 -0.42398343 -1.17380474]
log likelihood =  -21036.91775402159
Edge derivatives =  [-7.588295697315858, -2.3288979600762647, -2.834707230283206, 9.449872376384464, -11.811206667568724, -19.56483103845278, -1.995931282907032, -5.235518615344713, -2.5387222921345756, -4.519018662503353, -15.058332697896397, -10.327258342212913, 0.6856294292663687, 1.7537443782053774, 21.35157202799307, -1.3016553604560395]
other derivatives: [  22.85596565   32.87677828 -131.66791177    9.6981239   -11.45526767
    0.            0.        ]
Current x array =  [-0.72075968 -0.79804327 -0.50026404  0.75691847 -2.72922245 -0.22314355
  0.33647224 -1.82805453 -0.25303662 -1.35573485 -0.8596853  -2.51492634
 -2.58315743 -0.57207861 -0.76440739 -1.27275758 -1.50146055 -2.40476333
 -1.12677593 -1.83624285 -1.99631597 -0.46485258 -1.19057701]
log likelihood =  -21034.372919088375
Edge derivatives =  [-8.511192992981215, -4.600970971014176, -5.006545949703381, 6.437851095570176, -12.21736947180555, -18.665819939031962, 4.183661017681404, -2.169970232851999, -5.826233356189804, -5.752815018013769, -14.32872571384735, -7.3870956644708805, -1.399325934343605, -0.476255159030516, 20.393564036235155, -0.06750120717003094]
other derivatives: [ -3.91082722   4.41577868  15.45195119 -13.50017556  -6.75136107
   0.           0.        ]
Current x array =  [-0.71343174 -0.78998685 -0.52154725  0.77874126 -2.72454172 -0.22314355
  0.33647224 -1.83541157 -0.24208218 -1.35545809 -0.84439478 -2.52971918
 -2.60627031 -0.59302272 -0.78242028 -1.27053406 -1.5045738  -2.42382754
 -1.1372997  -1.83262628 -1.99256999 -0.46460115 -1.19681023]
log likelihood =  -21033.634358425632
Edge derivatives =  [-8.151405920093387, -2.8888909378246708, -4.469344415768746, 6.054749396742821, -11.910090776502907, -18.15743782501572, 3.077476207451745, -2.5509237620962435, -4.628872025477458, -4.672863995148016, -14.085994871330602, -5.165889307692326, -1.1959286933003923, -0.39992815570316254, 12.485716380623193, -0.10059877788728266]
other derivatives: [ -4.44924808  -3.9650331   24.88595783 -17.01446308  -9.99752956
   0.           0.        ]
Current x array =  [-0.71319259 -0.78700875 -0.52330508  0.78263266 -2.7194172  -0.22314355
  0.33647224 -1.84083747 -0.25189106 -1.36084495 -0.84405828 -2.53566558
 -2.61491061 -0.58986016 -0.78434023 -1.27760174 -1.51047111 -2.43041733
 -1.14569682 -1.83493422 -1.99411121 -0.44621269 -1.19784408]
log likelihood =  -21031.023543024214
Edge derivatives =  [-6.392472082514, -0.6306929175890047, -2.9657236331672383, 2.8503292350162566, -9.535709085217293, -15.043619656979415, 5.436436399826376, 1.095859824247544, -1.2950256451171085, -0.5268992888369948, -11.805607146464856, 3.405522237489216, -1.0853498099448358, -0.5104586357485683, -6.216063819384104, 2.2495244925231215]
other derivatives: [ 11.11802703 -20.01725079  33.03393896 -17.20436558  -5.98993211
   0.           0.        ]
Current x array =  [-0.71566145 -0.78034228 -0.52531191  0.77996041 -2.72342654 -0.22314355
  0.33647224 -1.86681585 -0.25891643 -1.3739476  -0.81890066 -2.57583674
 -2.67619054 -0.59394361 -0.80313278 -1.29137672 -1.52734985 -2.4785094
 -1.17257768 -1.83640815 -1.99328168 -0.39950174 -1.20260415]
log likelihood =  -21034.560156969623
Edge derivatives =  [-5.710542051951852, -8.203704711810333, -6.2632723936892445, -14.171999470339815, -5.4506124380643195, -10.34842524681719, -5.122927405924249, -3.674314301955823, -2.542782736844532, 2.348187151022122, -8.72604868098449, 7.11720891430344, -3.4367784046172063, -2.057045409793173, -42.574043021835905, 0.3229071744399148]
other derivatives: [-231.34198273   16.31415216  -16.88240445   23.3121682   -58.95199138
    0.            0.        ]
Current x array =  [-0.68134627 -0.79751841 -0.52328394  0.76245339 -2.6850833  -0.22314355
  0.33647224 -1.91135806 -0.22999014 -1.37920664 -0.74182686 -2.66344287
 -2.81283119 -0.573468   -0.81080929 -1.28966154 -1.53653364 -2.58496085
 -1.18580886 -1.82890645 -1.98381324 -0.32809025 -1.18862071]
log likelihood =  -21030.24848724473
Edge derivatives =  [-6.195964503797258, -2.8364624922989696, -3.980062306534842, -2.014451506871853, -8.280653544981767, -13.565780322595671, 2.3033653993700454, -0.3239891685342742, -1.6633195675124286, 0.3037423076967542, -10.825314512399048, 4.505418611230554, -1.7895406384811368, -0.9722475445320271, -16.875325079363773, 1.6288569036054557]
other derivatives: [-58.40047379  -9.10877134  17.96797733  -5.34673745 -21.4233296
   0.           0.        ]
Current x array =  [-0.70542555 -0.78546576 -0.52470699  0.77473823 -2.7119891  -0.22314355
  0.33647224 -1.88010239 -0.25028798 -1.37551632 -0.79591025 -2.60196885
 -2.71694921 -0.58783592 -0.80542261 -1.29086509 -1.53008929 -2.5102629
 -1.17652442 -1.83417046 -1.99045733 -0.37820034 -1.19843301]
log likelihood =  -21028.647792955242
Edge derivatives =  [-4.503042990517558, -4.683393827456955, -3.300764000188172, -6.678506531507255, -5.751853722713628, -10.6124510579973, 5.405839413870499, 3.6099058629786933, -0.32101330765005476, 3.0607188729495416, -8.437491150983073, 9.477320928319063, -2.1618127153527005, -1.2995830893929508, -24.451619449377482, 4.012157660217071]
other derivatives: [ -4.90654202   2.33630999  16.79072739   0.2917659  -10.70147846
   0.           0.        ]
Current x array =  [-0.71395184 -0.78759498 -0.52380879  0.76436396 -2.72954188 -0.22314355
  0.33647224 -1.90385595 -0.22991421 -1.37815062 -0.7557288  -2.64821348
 -2.78905254 -0.59107886 -0.81912312 -1.28901999 -1.53550319 -2.56690528
 -1.18634522 -1.82931359 -1.98455318 -0.35410085 -1.19627374]
log likelihood =  -21027.654259815597
Edge derivatives =  [-3.2478122681774124, -5.598474679284603, -2.580425986681625, -8.699213498583326, -4.063777213390364, -8.859564440169082, 7.815877720432553, 6.3574371885166805, 0.3740066495660702, 4.512596143018764, -6.869261737637782, 11.046986947615494, -2.28353037865395, -1.3937451321914982, -19.89608271587501, 5.6466359455704405]
other derivatives: [-2.17005436  2.16496119 -5.04878699  5.14155545  1.93867891  0.
  0.        ]
Current x array =  [-0.71458474 -0.78716527 -0.52051779  0.75758668 -2.74641039 -0.22314355
  0.33647224 -1.92125427 -0.21792391 -1.38112433 -0.73462914 -2.68046717
 -2.84082043 -0.59399049 -0.82783488 -1.28663886 -1.53622155 -2.6078208
 -1.18611624 -1.82698674 -1.98103875 -0.36082087 -1.19359703]
log likelihood =  -21026.089962018705
Edge derivatives =  [-1.3321865539517836, -7.447835565521919, -1.800895623002456, -12.667097475863201, -1.6303279609847898, -6.295457045506896, 4.067083209961844, 5.157305626579617, 0.16055251278790816, 5.1111438986481526, -4.684873710866719, 8.633219450516103, -2.5121100043041316, -1.6074979527033737, -9.968488896541198, 5.248543354482216]
other derivatives: [ 18.06874934  15.12526069 -12.40223355   7.70487532   7.27668521
   0.           0.        ]
Current x array =  [-0.71760244 -0.79073662 -0.51906978  0.75433439 -2.75615898 -0.22314355
  0.33647224 -1.95242621 -0.19995591 -1.38597448 -0.70504105 -2.7394406
 -2.93835604 -0.57812104 -0.82577789 -1.27913181 -1.52906009 -2.68421013
 -1.16742844 -1.82468211 -1.97621117 -0.38090263 -1.17661832]
log likelihood =  -21025.154206823812
Edge derivatives =  [1.8870558077301336, -2.041568761612071, 1.9342214864192702, -11.39958227303523, 1.2785439623469894, -3.444689626845525, -1.5864467533645705, 3.0451499849745396, 2.588738196905109, 6.284606079082887, -2.242795787773546, 5.387297582494827, -1.2802099016097805, -1.0202925416405304, 4.725494691878797, 3.9087245435047206]
other derivatives: [-27.70175342 -50.8454832  -65.85287338   2.64990376  17.18799467
   0.           0.        ]
Current x array =  [-0.71133682 -0.76887874 -0.5129341   0.7598     -2.76035289 -0.22314355
  0.33647224 -2.00364823 -0.22596425 -1.41240184 -0.71262139 -2.8174284
 -3.07358095 -0.55889409 -0.8273937  -1.28989666 -1.52505182 -2.79012539
 -1.14685025 -1.83575766 -1.97998872 -0.41772421 -1.15627463]
log likelihood =  -21024.095628494335
Edge derivatives =  [2.533250930423292, -0.8887371155880623, 2.6504244935266317, -10.729340627191647, 1.6718944925158512, -2.963433397690344, -5.235250068375681, 0.8605499403764112, 2.6126217884000797, 5.725720075012067, -1.8592414132980475, 2.9824540593844993, -0.9012662224868164, -0.6600841398992241, 7.042258645218789, 2.5779439402040722]
other derivatives: [ 1.24746293e+00  6.04268280e-01 -1.79548806e+01 -1.23691279e-02
  7.50842446e+00  0.00000000e+00  0.00000000e+00]
Current x array =  [-0.71379556 -0.78373659 -0.52015248  0.76233305 -2.74732766 -0.22314355
  0.33647224 -2.01163486 -0.2310921  -1.41573016 -0.71776519 -2.83096393
 -3.09898219 -0.54792745 -0.82033664 -1.28977    -1.52013044 -2.80965464
 -1.13608561 -1.83827886 -1.98124167 -0.42362288 -1.14747437]
log likelihood =  -21023.882523652675
Edge derivatives =  [2.5953151733349995, 0.6303898221666908, 3.0218485309417042, -9.10135061712283, 1.5492470684251172, -2.986247834444173, -6.549013953805201, -0.26062669630973634, 2.6314138233061826, 5.072896211896896, -1.9631278538028154, 1.9565460598338502, -0.5872729592865329, -0.46027688853481163, 6.0010072344946135, 1.6768784876325893]
other derivatives: [ 0.97388693  4.99130692 -0.50058588 -2.57023203  1.7847924   0.
  0.        ]
Current x array =  [-0.71321171 -0.78463777 -0.52323884  0.76496041 -2.73771012 -0.22314355
  0.33647224 -2.01257128 -0.24171608 -1.41861428 -0.73123865 -2.83035529
 -3.10132071 -0.54589705 -0.81768004 -1.29260526 -1.51823056 -2.811215
 -1.13327543 -1.84162615 -1.98375367 -0.42327077 -1.14505253]
log likelihood =  -21023.696641069262
Edge derivatives =  [2.6415381069219563, 1.9376701030322094, 3.3907502390779682, -6.782947249846925, 1.455849781890159, -2.9735293945394905, -6.565766140692029, -0.7430482398727416, 2.4299912431176445, 4.057744016109798, -2.025883279423199, 0.7758574446175898, -0.22734827941893737, -0.24074468335226523, 4.386547031199766, 0.7086534847027771]
other derivatives: [-0.33651304  2.49456207  8.80208972 -3.44443833 -2.3857865   0.
  0.        ]
Current x array =  [-0.71286156 -0.78326207 -0.52514991  0.76526872 -2.72995458 -0.22314355
  0.33647224 -2.01334259 -0.25159789 -1.4204008  -0.74833396 -2.83074184
 -3.1079985  -0.54797709 -0.81625898 -1.29425986 -1.51412461 -2.81605418
 -1.12980148 -1.84523304 -1.98636005 -0.4214666  -1.14209139]
log likelihood =  -21023.41204559308
Edge derivatives =  [2.7588147937908607, 2.6258295193299883, 3.7817345498004893, -2.8280209777569727, 1.5276054692499836, -2.7916028974865053, -4.306175119488267, -0.16447307775322176, 1.7157044952462914, 2.1149317821216496, -1.8931125833272644, -1.1578182542545683, 0.28622961247526646, 0.13719644621675237, 1.7947347102558842, -0.5730921723492107]
other derivatives: [-0.18771971  1.98306225  7.21884135 -1.67310645 -5.12045517  0.
  0.        ]
Current x array =  [-0.71303065 -0.78237596 -0.52533744  0.76250703 -2.72446511 -0.22314355
  0.33647224 -2.01402554 -0.25831    -1.41843339 -0.77323966 -2.83546626
 -3.1298404  -0.55705434 -0.81531889 -1.29211209 -1.50345065 -2.83232563
 -1.1228964  -1.84927319 -1.98900994 -0.41665688 -1.13614296]
log likelihood =  -21026.726220586534
Edge derivatives =  [1.6800926941197631, -3.0951564164079253, -0.3868176014589308, -2.3896231622520996, 1.8820051505461837, -1.0022030195746465, 6.455247431471197, 2.6258341637209766, -5.747325818533453, -4.604187251070536, -0.25744895011397984, -0.8669643627550652, -2.0029397665158046, -2.6509872969089083, -4.8027180384557955, -1.5395612410681712]
other derivatives: [-43.77434379 -66.69870345 168.25106286  -1.67638063  24.64512363
   0.           0.        ]
Current x array =  [-0.70547711 -0.76319686 -0.55187625  0.74931766 -2.7566098  -0.22314355
  0.33647224 -2.02975539 -0.23087424 -1.39814698 -0.78317238 -2.8918764
 -3.27046071 -0.59288619 -0.82576741 -1.27343957 -1.47634754 -2.93979011
 -1.118269   -1.84808021 -1.98457225 -0.39961001 -1.1232005 ]
log likelihood =  -21023.36110186862
Edge derivatives =  [2.6498470022914735, 2.029944872733976, 3.3543318728197913, -2.7478551707535126, 1.5764335927268882, -2.5685228463566245, -3.086105864485958, 0.165229936033712, 0.9293809506387563, 1.4122862777613325, -1.6924610517276852, -1.0955991174205995, 0.04763126166368925, -0.15568417527771045, 1.1159947952016345, -0.6501799823584578]
other derivatives: [-4.79849405 -5.23141352 25.52696969 -1.68511178 -1.80443749  0.
  0.        ]
Current x array =  [-0.71220942 -0.7802908  -0.52822275  0.76107308 -2.72795989 -0.22314355
  0.33647224 -2.0157357  -0.25532717 -1.41622785 -0.77431955 -2.84159919
 -3.14512868 -0.56094999 -0.81645486 -1.29008201 -1.50050399 -2.8440092
 -1.12239331 -1.84914349 -1.98852748 -0.41480354 -1.13473585]
log likelihood =  -21023.170767524756
Edge derivatives =  [2.7906841461928487, 1.3196518290102777, 3.418064097550608, 0.3944178429948578, 1.8701601999099338, -2.239911018469902, 0.07923239005718952, 1.4086665825652287, 0.022784190941274596, -0.4323342323023228, -1.3420977510868115, -2.6771353144092114, 0.38846773194222334, 0.15444268795543387, -0.9913224179116176, -1.503199248571577]
other derivatives: [-2.32503226 -2.7459464  11.11184247  1.85609679 -1.81353244  0.
  0.        ]
Current x array =  [-0.71302415 -0.78070387 -0.52599578  0.75702682 -2.72813957 -0.22314355
  0.33647224 -2.01642941 -0.25283971 -1.41008825 -0.79147359 -2.85075969
 -3.17671294 -0.57168316 -0.81588699 -1.28426774 -1.48828595 -2.86775112
 -1.11564809 -1.85092704 -1.98927559 -0.40934171 -1.12837829]
log likelihood =  -21023.08064579963
Edge derivatives =  [2.6757308792248824, -0.027216970710511545, 2.8495569552483317, 0.9070652236732869, 2.084512805460951, -1.9933351415733052, 1.3891719877807607, 1.8171493474148093, -0.5377173985654067, -1.0914676916594162, -1.022166443512225, -2.5444721538054003, 0.3085944133553826, 0.15104838140666516, -1.5743485772788222, -1.3412680379528863]
other derivatives: [-0.69558155 -0.91968104  2.58951331  2.17660272 -0.3943569   0.
  0.        ]
Current x array =  [-0.71346106 -0.7816024  -0.52425194  0.75733926 -2.73128962 -0.22314355
  0.33647224 -2.01455338 -0.24543123 -1.40237698 -0.79275492 -2.85584422
 -3.19731577 -0.5758432  -0.81410573 -1.27960678 -1.48277323 -2.88300088
 -1.11502479 -1.84986005 -1.98817117 -0.40658031 -1.12639192]
log likelihood =  -21022.998977996693
Edge derivatives =  [2.368666552571028, -1.6534640196769725, 1.7855600750775267, 0.784675050964806, 2.3352495968527966, -1.675348368266115, 1.8833593889648903, 1.5871338671180177, -1.0177385689439267, -1.4965112493060193, -0.5841558322238605, -1.6063844425713563, 0.09887279864147536, 0.06684224270321232, -1.4585665814611737, -0.744856774433788]
other derivatives: [ 1.43554644  0.46893547 -4.04579623  0.69849193  1.18852768  0.
  0.        ]
Current x array =  [-0.71387501 -0.78264585 -0.52255394  0.76010195 -2.73500501 -0.22314355
  0.33647224 -2.01009953 -0.23649314 -1.39091845 -0.79075467 -2.86011785
 -3.22295421 -0.57769028 -0.8099333  -1.27492376 -1.47831994 -2.90151233
 -1.11701095 -1.84798367 -1.98646093 -0.40501228 -1.12541338]
log likelihood =  -21022.934149144123
Edge derivatives =  [1.8718179523616203, -2.3386332034783965, 0.61984348437075, 0.5816665812699946, 2.4692357109847713, -1.4445239990396117, 1.372899802421974, 0.6659879278952748, -1.1149381710371555, -1.5466378676288097, -0.24865904396482083, -0.37672059204014513, -0.054422443821525, 0.0282421689980053, -1.1201172520774354, -0.11230323737485304]
other derivatives: [-4.91927494  2.63207767 -5.7683792   0.13860699  0.84764906  0.
  0.        ]
Current x array =  [-0.71284669 -0.7839233  -0.52199757  0.76207351 -2.73570457 -0.22314355
  0.33647224 -2.00279108 -0.23400866 -1.38009693 -0.79104886 -2.85852948
 -3.24303787 -0.57730564 -0.80476617 -1.27349064 -1.47701298 -2.91495446
 -1.12088576 -1.84704453 -1.98562585 -0.40510124 -1.12587102]
log likelihood =  -21023.009156629098
Edge derivatives =  [0.9398374469407929, -2.06759299367416, -1.5298625960098473, 0.6782701550319392, 2.903897402546129, -0.7432320775304493, -0.4684360085489759, -1.7878857990646237, -0.3297834710084323, -1.0400155078109883, 0.7031283354205848, 3.010289418282634, -0.04931403719569971, 0.08689072983010804, 2.26019993991893, 1.6563436349609795]
other derivatives: [38.08272595 -3.81733116  2.22025847 -6.82521204  2.52548489  0.
  0.        ]
Current x array =  [-0.71954507 -0.78129497 -0.52176512  0.76781864 -2.73646106 -0.22314355
  0.33647224 -1.98623098 -0.23705138 -1.3566198  -0.79494232 -2.85514762
 -3.30055781 -0.57326382 -0.79198609 -1.27425372 -1.47673768 -2.953256
 -1.13000391 -1.84671047 -1.98472283 -0.41032698 -1.12638091]
log likelihood =  -21022.89475891067
Edge derivatives =  [1.527538645153595, -2.237224682612469, -0.1698535370706335, 0.6186012415670922, 2.629184787515558, -1.1764232969283204, 0.6916047562281212, -0.23794186722463723, -0.8249721756952086, -1.360219532346035, 0.10932771038675126, 0.877337116889561, -0.0529391139707564, 0.049916327263715254, 0.12554099656219142, 0.5430728476536081]
other derivatives: [11.06018317  0.26557245 -2.82234396 -2.44108378  1.4762918   0.
  0.        ]
Current x array =  [-0.71531757 -0.78295377 -0.52191183  0.76419275 -2.73598362 -0.22314355
  0.33647224 -1.99668244 -0.23513105 -1.37143676 -0.79248507 -2.85728199
 -3.26425564 -0.5758147  -0.80005189 -1.27377212 -1.47691143 -2.92908301
 -1.12424923 -1.8469213  -1.98529275 -0.4070289  -1.12605911]
log likelihood =  -21022.849232637833
Edge derivatives =  [1.058692720787403, -1.7065414823820806, -0.9539160948171734, 0.5561858163403361, 2.6412121173211593, -1.0698813499866586, -0.46794354175947556, -1.4067438183889367, -0.5003130638560054, -1.0863542888241113, 0.2692320971652234, 1.7682834948530157, -0.06129066726271165, 0.08717864830364164, 0.6685705035836189, 0.8994424319419765]
other derivatives: [ 1.02809281  0.40963641 -1.25655788 -2.15877662 -0.2226443   0.
  0.        ]
Current x array =  [-0.71368563 -0.78328402 -0.52228078  0.76477752 -2.73383212 -0.22314355
  0.33647224 -1.98952767 -0.24007637 -1.36510943 -0.79553943 -2.85137559
 -3.27540546 -0.57372445 -0.79595219 -1.27586406 -1.47868139 -2.93534462
 -1.12768701 -1.84739518 -1.98561903 -0.40881754 -1.12703835]
log likelihood =  -21022.825099945592
Edge derivatives =  [0.8022103342330049, -0.8374871345592072, -1.1813759625408102, 0.673432201108404, 2.5858047655581315, -1.0526757358387064, -1.0868957622771194, -1.9277908094011562, -0.12991914355549627, -0.7858462528979084, 0.288806824645834, 1.9682564054484835, 0.015833357441118134, 0.15292577197706525, 0.9559805594667561, 0.9243517194678156]
other derivatives: [-1.87865226  0.86729415  1.72112777 -1.30094122 -1.33513822  0.
  0.        ]
Current x array =  [-0.71319204 -0.78332129 -0.52293656  0.76372521 -2.73191135 -0.22314355
  0.33647224 -1.98499475 -0.24610449 -1.3634083  -0.79855145 -2.84528888
 -3.2788927  -0.57254886 -0.79466747 -1.2783635  -1.4809527  -2.93617114
 -1.12867298 -1.84822923 -1.98622    -0.41008753 -1.12740325]
log likelihood =  -21022.794084573543
Edge derivatives =  [0.4541563152469103, 0.3303408747610578, -1.3854412865437822, 0.6305998375022894, 2.4882216117178997, -1.0419562720616429, -1.5148608409799293, -2.1611358772167772, 0.38419060289801776, -0.23377471444251835, 0.285510575598214, 1.8378762808282045, 0.0956376664864581, 0.19647419517358777, 1.124076102913968, 0.7755465170870128]
other derivatives: [-5.30999387 -3.68563633 -0.21900632  0.19026629 -1.62108336  0.
  0.        ]
Current x array =  [-0.7128611  -0.78175372 -0.52284385  0.7617863  -2.73106386 -0.22314355
  0.33647224 -1.97852018 -0.25388025 -1.36209865 -0.80058184 -2.83543404
 -3.2851758  -0.57172759 -0.7947583  -1.28152107 -1.48476823 -2.93756495
 -1.12839309 -1.84904127 -1.98663509 -0.41105443 -1.12713095]
log likelihood =  -21022.759310379508
Edge derivatives =  [-0.12554876386400984, 2.298632115940471, -1.5679195108141708, 1.138595590113008, 2.268732843866232, -1.0029696989396162, -1.0429441033455493, -1.687072290591175, 1.093425832009312, 0.49815321702753923, 0.29813710084292067, 0.9872869834918936, 0.2883359608938636, 0.3416430915189541, 0.7381081217732033, 0.30125610080070786]
other derivatives: [-0.65410859  4.97020665  7.97772373  2.73830665 -1.69784471  0.
  0.        ]
Current x array =  [-0.71338635 -0.78406236 -0.52427955  0.7578266  -2.73024927 -0.22314355
  0.33647224 -1.96544621 -0.26602644 -1.35921639 -0.80545205 -2.81546902
 -3.30083673 -0.57312563 -0.79637156 -1.28533611 -1.48979651 -2.94215534
 -1.12506531 -1.85027699 -1.98706668 -0.41026821 -1.1249587 ]
log likelihood =  -21022.719357065558
Edge derivatives =  [-0.3030995535899646, 2.336563465043343, -1.6266655968573631, 0.8741819312287507, 2.1969739567585314, -0.9859205172545837, -0.4685400613805795, -1.076385916549968, 1.1098101760339656, 0.7366564689648019, 0.3078249202812004, 0.4905229827512375, 0.23183655677872483, 0.26992622795528187, 0.37848057324516904, 0.08186905648495213]
other derivatives: [-1.18307071  0.03346941  1.64218363  2.72084435 -0.2743036   0.
  0.        ]
Current x array =  [-0.71354673 -0.78264118 -0.52314864  0.75790214 -2.73240877 -0.22314355
  0.33647224 -1.96172226 -0.26610285 -1.35874613 -0.80302393 -2.80906999
 -3.30908398 -0.57433088 -0.7984728  -1.28498376 -1.49114096 -2.94536273
 -1.12296492 -1.84975976 -1.98633292 -0.40900366 -1.12368201]
log likelihood =  -21022.676055711192
Edge derivatives =  [-0.6393141004454342, 1.9383221607802463, -1.783409601233335, 0.35645218384869815, 2.0345829474293637, -0.9433822947380144, 0.8805265862546395, 0.22636277763392237, 0.8679308994698434, 0.9675728777513839, 0.3492345205387828, -0.4327216110963238, 0.057183331751429256, 0.09291072548441809, -0.5035410895130872, -0.2794751023072775]
other derivatives: [ 0.2917659  -2.57714419 -3.95157258  1.79206836  2.2489985   0.
  0.        ]
Current x array =  [-0.71394109 -0.78219517 -0.52185625  0.75915123 -2.73656092 -0.22314355
  0.33647224 -1.95464142 -0.26316293 -1.35737051 -0.7974747  -2.79683554
 -3.32614606 -0.57716619 -0.80241598 -1.2828038  -1.4924113  -2.95224758
 -1.11888882 -1.84828197 -1.98455005 -0.40577301 -1.12113649]
log likelihood =  -21022.645897964452
Edge derivatives =  [-0.9628800265674263, 1.5010268903054294, -1.8966700196975217, -0.040837472463595814, 1.810041610880226, -0.9198853913585541, 1.4039580196320212, 0.8005517336326305, 0.4810468242282153, 0.8944739278934818, 0.37069457704369957, -1.0094033920661052, -0.10075479769821366, -0.07775872660580996, -1.0858521798438727, -0.5506424676001265]
other derivatives: [ 0.5144102  -3.08355084 -2.38505891  0.50931703  2.28974386  0.
  0.        ]
Current x array =  [-0.7139546  -0.78232535 -0.52182961  0.76088436 -2.73707688 -0.22314355
  0.33647224 -1.94897591 -0.26086775 -1.35743685 -0.79447001 -2.78477557
 -3.33987518 -0.57831789 -0.80460733 -1.28105625 -1.49279836 -2.95697906
 -1.11659292 -1.84744961 -1.98341057 -0.40412028 -1.11963512]
log likelihood =  -21022.771200459603
Edge derivatives =  [-1.6797830138010446, 0.8285393619768459, -0.9385204314187922, -0.3930327237565716, 1.1615905989400201, -0.8014235942811049, 1.3943674279961487, 2.359153165125944, 0.757887526110239, 1.5891943724483208, 0.5833958722327717, -1.7256929028361454, 0.1068085712808785, 0.1747716899386238, -0.8140373774872027, -0.546635113596857]
other derivatives: [  9.00763553  15.21329978 -45.20188668  -0.4984031   -3.50810296
   0.           0.        ]
Current x array =  [-0.71546849 -0.78843724 -0.51462093  0.76593465 -2.73268123 -0.22314355
  0.33647224 -1.92715273 -0.25723598 -1.36307165 -0.78812574 -2.72829743
 -3.39129735 -0.57656104 -0.80900413 -1.27796735 -1.49557233 -2.97043968
 -1.1134788  -1.84627007 -1.98083559 -0.4039068  -1.1172779 ]
log likelihood =  -21022.62617377262
Edge derivatives =  [-1.1524429612084108, 1.3234682272319291, -1.633312039959681, -0.1312214882031384, 1.6464444138126653, -0.8832509448736666, 1.4060203231679687, 1.2263526535361464, 0.5605677797715187, 1.089214166167101, 0.4304162998220491, -1.195452632346716, -0.04343476974786403, -0.008042591892365447, -1.005062973832369, -0.5424605389417696]
other derivatives: [  2.82198016   1.89211278 -13.79412424   0.23828761   0.7381459
   0.           0.        ]
Current x array =  [-0.71436271 -0.78397299 -0.5198863   0.76224582 -2.73589191 -0.22314355
  0.33647224 -1.94309284 -0.2598887  -1.35895587 -0.79275973 -2.76955025
 -3.35373751 -0.57784428 -0.80579261 -1.28022355 -1.49354616 -2.96060776
 -1.11575342 -1.84713163 -1.98271641 -0.40406273 -1.11899966]
log likelihood =  -21022.582388612536
Edge derivatives =  [-1.636312006763381, 0.6031234548227243, -1.5506921756557488, -0.7641966941717035, 1.1226520575627246, -0.8763027406868042, 1.4021657689574287, 1.5634603561579847, -0.21274774278829667, 0.7101296630191769, 0.42165514503888496, -1.836561147904964, -0.28086703175553235, -0.303451050943439, -1.4312080393068085, -0.9071916022925501]
other derivatives: [ 2.42762326  1.02118065 -4.5489287  -2.12130544 -0.95133146  0.
  0.        ]
Current x array =  [-0.71413848 -0.78405259 -0.52102305  0.76517644 -2.73392056 -0.22314355
  0.33647224 -1.93554295 -0.25659822 -1.3629008  -0.78930634 -2.74676632
 -3.37339445 -0.57753556 -0.808493   -1.27796928 -1.49384543 -2.96506509
 -1.113585   -1.84643904 -1.98143677 -0.40344724 -1.11769094]
log likelihood =  -21022.55506799383
Edge derivatives =  [-1.7989777791885735, 0.28963442233747083, -1.2445307992658976, -0.964936408723208, 0.7987319379516913, -0.8625657955260959, 0.7604917228704462, 1.309943917458229, -0.5250140904879611, 0.4550766628641256, 0.43094274373100105, -1.6838237462363015, -0.3242297491096002, -0.3913452640999362, -0.9502512532380072, -0.8583789226765051]
other derivatives: [ 1.30239641  0.83236955 -0.12623786 -2.68191798 -2.16896296  0.
  0.        ]
Current x array =  [-0.71387305 -0.78408143 -0.52167488  0.76586647 -2.7322681  -0.22314355
  0.33647224 -1.93284639 -0.2552318  -1.36748721 -0.78864731 -2.73217482
 -3.38356165 -0.57554526 -0.80873325 -1.27749195 -1.49384586 -2.96593747
 -1.11433329 -1.84660803 -1.9812496  -0.40506547 -1.11812885]
log likelihood =  -21022.517488883444
Edge derivatives =  [-1.8043362778599041, -0.07551361591386707, -0.40871475517374073, -0.9999151118175762, 0.32166867628963536, -0.8318726243021282, -0.43356095827621194, 0.7710791028224634, -0.7818152643818922, 0.0847703455185439, 0.44895873031694944, -0.9858926784348514, -0.26651352365278996, -0.407978907360881, 0.321907636652647, -0.5165438022363295]
other derivatives: [-1.4755642   0.74505806  3.3309334  -1.85973477 -2.66445568  0.
  0.        ]
Current x array =  [-0.7133756  -0.78407095 -0.5223074   0.76470214 -2.73147454 -0.22314355
  0.33647224 -1.93184348 -0.25304313 -1.3771089  -0.78852133 -2.70995493
 -3.39686168 -0.57159496 -0.80827277 -1.27755449 -1.49356747 -2.96499166
 -1.11704468 -1.84732679 -1.98150895 -0.40865682 -1.11982668]
log likelihood =  -21022.505611792618
Edge derivatives =  [-1.5625306735832987, -0.22467315891516482, 0.4062082338346552, -0.6959527200105844, 0.027777830821819782, -0.7622162026381015, -1.067650842455853, 0.3479692545539849, -0.5995066865024014, -0.06914739850682372, 0.5061281878211523, 0.14549658266043364, -0.0970310326020023, -0.30191854857505523, 1.3116808250644274, 0.09418441203684447]
other derivatives: [11.08746801 -1.03573257  4.83232725 -1.64291123 -0.78835001  0.
  0.        ]
Current x array =  [-0.71537954 -0.7831069  -0.52235842  0.76295327 -2.73333284 -0.22314355
  0.33647224 -1.93368762 -0.25090521 -1.38394183 -0.78896913 -2.6941303
 -3.40790178 -0.56904492 -0.80646945 -1.27843463 -1.49320606 -2.96403462
 -1.12061789 -1.84797386 -1.98208459 -0.41055767 -1.12181492]
log likelihood =  -21022.489363317574
Edge derivatives =  [-1.4475434721454337, -0.22280378811610424, 0.6313266349916163, -0.5060635552680295, -0.026787017834192545, -0.7524666126760842, -1.1496431563193201, 0.2358757059666176, -0.5070178946115698, -0.10981074989978629, 0.5024814891640277, 0.3600423826928748, -0.03602626420008043, -0.2267494727112601, 1.324535158637082, 0.20136354649639543]
other derivatives: [-0.41472958 -0.2750312   1.05246727  0.39799488  0.07930794  0.
  0.        ]
Current x array =  [-0.71362392 -0.78358663 -0.52203042  0.76117336 -2.73487071 -0.22314355
  0.33647224 -1.93516247 -0.25070825 -1.38597028 -0.78983297 -2.69023197
 -3.41061716 -0.56884233 -0.80585396 -1.27903115 -1.4930285  -2.96333989
 -1.12153557 -1.84831352 -1.98246478 -0.41070754 -1.12233856]
log likelihood =  -21022.485750286243
Edge derivatives =  [-1.387259904941536, -0.12497050555519407, 0.5557249686242596, -0.39271255948157635, 0.04978321341658162, -0.7476537262971762, -0.8514730737174581, 0.3265830602376792, -0.37675387143200145, -0.03188003699668007, 0.5009332713856396, 0.3259141793353335, -0.014047566981955084, -0.1869411349340615, 0.988713722567599, 0.18815179073418242]
other derivatives: [-0.7385097  -0.11132215 -0.42055035  0.66647772  0.66174835  0.
  0.        ]
Current x array =  [-0.71359878 -0.78363926 -0.52181051  0.76086279 -2.73568917 -0.22314355
  0.33647224 -1.93600716 -0.25108169 -1.38454752 -0.79023339 -2.69281133
 -3.40974835 -0.56979891 -0.8056011  -1.27934293 -1.49306683 -2.9634067
 -1.12131966 -1.8482814  -1.98257714 -0.40971894 -1.12215433]
log likelihood =  -21022.47790959836
Edge derivatives =  [-1.205111920544931, -0.09287026437473167, 0.5596124099906008, -0.14802241114307657, 0.0710959406287576, -0.7274459132885649, -0.3803231984473836, 0.3506409587572642, -0.15285336044682762, 0.001867385536672761, 0.4882782776358733, 0.3782985316054852, 0.03752388882184765, -0.10570639018287703, 0.20029541096110748, 0.20013937981957042]
other derivatives: [-0.51768438 -0.44055923 -2.34613253  0.79744495  1.38643372  0.
  0.        ]
Current x array =  [-0.71366982 -0.78352712 -0.52149907  0.76064695 -2.73667592 -0.22314355
  0.33647224 -1.93868743 -0.25093401 -1.3833504  -0.79120039 -2.6925011
 -3.41240556 -0.57154181 -0.80455753 -1.28013102 -1.49292759 -2.96313449
 -1.121385   -1.84832579 -1.98297578 -0.4076329  -1.12206406]
log likelihood =  -21022.467084590935
Edge derivatives =  [-0.8281980974506387, -0.05971152300657612, 0.6319886326449602, 0.2568438079156232, 0.03258587742479643, -0.6901547651386738, 0.30963051277089476, 0.2833631767387257, 0.19195300647772695, -0.0025102378246401047, 0.4508148679320391, 0.39973441733979653, 0.12161927938884892, 0.035765281502336155, -0.9948454393127415, 0.1796909723637905]
other derivatives: [ 0.41472958  1.77387847 -1.73022272  0.6519258   1.68583938  0.
  0.        ]
Current x array =  [-0.71372465 -0.78417072 -0.52159509  0.76070571 -2.73697486 -0.22314355
  0.33647224 -1.9445217  -0.25064334 -1.38211696 -0.79306023 -2.68929017
 -3.41875483 -0.57439613 -0.80256199 -1.28165976 -1.49271569 -2.96169423
 -1.12134721 -1.8484916  -1.98383291 -0.40468736 -1.12194132]
log likelihood =  -21022.472523587865
Edge derivatives =  [-0.3671163185556847, -0.5741177593014551, 0.7351152832853769, 0.3847071832204121, -0.38459201130565623, -0.6462655747696585, 0.9063862903771419, -0.1448871291847952, 0.32851527407997194, -0.2826222568768448, 0.34534331480987945, 0.17303822991341644, 0.11640642929512107, 0.08698243383626686, -2.6808450518389186, -0.08194275403082729]
other derivatives: [-1.80152711 -8.29531928 -7.65758159 -0.49585651  0.70504029  0.
  0.        ]
Current x array =  [-0.71369671 -0.78111306 -0.52060428  0.76223641 -2.73564239 -0.22314355
  0.33647224 -1.9533154  -0.24827459 -1.38244297 -0.79438257 -2.67139054
 -3.44052253 -0.57814885 -0.7996255  -1.28333809 -1.49249872 -2.95995507
 -1.12080654 -1.84846573 -1.98486678 -0.40138446 -1.12154505]
log likelihood =  -21022.46163496907
Edge derivatives =  [-0.6365313241254301, -0.27230375728768763, 0.6747428864915952, 0.30994387905217446, -0.138024625313182, -0.6713289539844477, 0.557564831641564, 0.1067111509958543, 0.2491716721415248, -0.11784556320084988, 0.407287236425102, 0.306500591378539, 0.11960516283417832, 0.05718738830512726, -1.6926845598399702, 0.07193474630606578]
other derivatives: [-0.50058588 -2.38724169 -4.18513082  0.17571438  1.28056854  0.
  0.        ]
Current x array =  [-0.71371307 -0.78290346 -0.52118445  0.76134011 -2.73642261 -0.22314355
  0.33647224 -1.9481663  -0.2496616  -1.38225208 -0.79360828 -2.68187158
 -3.42777656 -0.57595146 -0.80134495 -1.28235535 -1.49262576 -2.96097343
 -1.12112313 -1.84848088 -1.9842614  -0.40331845 -1.12177708]
log likelihood =  -21022.45443093567
Edge derivatives =  [-0.419861120514859, -0.3180166436755495, 0.7417572376249019, 0.40306222256863233, -0.25356374246320035, -0.6486401404609675, 0.6371449139523551, -0.09238998068347162, 0.332832290488277, -0.18079436210735916, 0.3801885507170227, 0.2795988344831033, 0.13887787276304298, 0.1060987592473489, -1.8224857738163018, 0.03688498857716027]
other derivatives: [ 0.14260877 -0.6861228  -1.72149157 -0.12259989  0.58862497  0.
  0.        ]
Current x array =  [-0.71371041 -0.78338709 -0.52158032  0.76163773 -2.73533664 -0.22314355
  0.33647224 -1.95192659 -0.24938872 -1.382423   -0.79436681 -2.67662899
 -3.43394596 -0.5767756  -0.80017959 -1.28309919 -1.4926446  -2.95954439
 -1.12107224 -1.84857968 -1.98475361 -0.40325317 -1.12182101]
log likelihood =  -21022.44773438052
Edge derivatives =  [-0.19447667714798073, -0.3520833853406026, 0.7157662642173355, 0.3632640536180751, -0.38334237401800475, -0.6258060375487643, 0.5037242346975946, -0.4057614442536107, 0.3312875163136272, -0.24787800727930737, 0.34768317064495324, 0.18180543170628205, 0.12139414707481339, 0.121688266164384, -1.3799713680099712, -0.033272862251787716]
other derivatives: [ 0.31432137  0.14442776  1.55341695 -0.43401087 -0.45329216  0.
  0.        ]
Current x array =  [-0.71364444 -0.78358379 -0.52212758  0.7619325  -2.73366098 -0.22314355
  0.33647224 -1.95645103 -0.24941865 -1.38216146 -0.7948719  -2.67130568
 -3.4407054  -0.57707625 -0.79903551 -1.28368882 -1.49285565 -2.95746566
 -1.12082973 -1.84860252 -1.98522399 -0.40474783 -1.12188852]
log likelihood =  -21022.44346413303
Edge derivatives =  [-0.03533791749775608, -0.32657507526417107, 0.6389155820299842, 0.29263657192443904, -0.43584191608300527, -0.6072729936079605, 0.375377304741964, -0.5420606082265873, 0.33520381199621074, -0.21406641988405312, 0.33379009275878746, 0.048963952804423894, 0.10833474816239003, 0.1404604194523259, -0.7140404289004723, -0.08190711347590418]
other derivatives: [ 0.57407306  0.83964551  0.96006261 -0.49622031 -1.19362085  0.
  0.        ]
Current x array =  [-0.7136676  -0.78375109 -0.5220539   0.76210597 -2.73256065 -0.22314355
  0.33647224 -1.95947015 -0.24970895 -1.38115703 -0.79488632 -2.66821684
 -3.44578506 -0.57704579 -0.7985637  -1.28380653 -1.49318762 -2.95601485
 -1.12037732 -1.84848663 -1.98541539 -0.40657206 -1.12184486]
log likelihood =  -21022.457139714956
Edge derivatives =  [0.3107888271525174, -0.020402243900459638, -0.37853266545789277, -0.15064618680077113, -0.4790351867181464, -0.5470434104843608, 0.488680468952601, -0.8840067763504261, -0.020378255587696348, -0.18216309947661097, 0.26317057875931277, -0.5344126133066325, -0.16781453947945368, -0.04881617693361778, 0.9247875806950965, -0.4046645850056212]
other derivatives: [-4.61477612 -4.19749995 14.53227014 -0.68794179  0.1553417   0.
  0.        ]
Current x array =  [-0.71275447 -0.78226998 -0.52424081  0.76147235 -2.73330606 -0.22314355
  0.33647224 -1.96963742 -0.25195276 -1.37244893 -0.79469136 -2.66900878
 -3.45816925 -0.57836755 -0.79780584 -1.28371364 -1.49453871 -2.95189766
 -1.11814513 -1.84762416 -1.98568441 -0.41093047 -1.12119553]
log likelihood =  -21022.440608378587
Edge derivatives =  [0.06694620580057256, -0.23616054114647278, 0.34207396404430696, 0.16282771610950952, -0.44841587346443085, -0.589337476025152, 0.4091678002286139, -0.6420912923702013, 0.23108608189032298, -0.20448768658450783, 0.3131590914509041, -0.12167337830022373, 0.027480988125196226, 0.08500158230183719, -0.2322377237410127, -0.1763173511226518]
other derivatives: [-0.94623829 -0.6351911   4.95638233 -0.55333658 -0.79635356  0.
  0.        ]
Current x array =  [-0.71339959 -0.78331638 -0.52269577  0.76192    -2.73277943 -0.22314355
  0.33647224 -1.96245431 -0.25036753 -1.37860115 -0.7948291  -2.66844928
 -3.4494199  -0.57743373 -0.79834127 -1.28377927 -1.49358417 -2.95480643
 -1.11972216 -1.84823349 -1.98549435 -0.40785128 -1.12165428]
log likelihood =  -21022.43607328528
Edge derivatives =  [0.21719902844348876, -0.11772586399399365, 0.17434757304688442, 0.1071954781919019, -0.4181749954391296, -0.5649622839068706, 0.3915593691557512, -0.6103692401014061, 0.2617066732516564, -0.07237493974158804, 0.31244994804005755, -0.24338314528020483, 0.015746422726339804, 0.10882733493553792, 0.49033289979731265, -0.18739203984293407]
other derivatives: [-0.24883775 -0.32305252  2.11439328 -0.35324774 -0.76543074  0.
  0.        ]
Current x array =  [-0.71354837 -0.78336773 -0.522243    0.76175967 -2.73278137 -0.22314355
  0.33647224 -1.96508148 -0.25096474 -1.37627516 -0.79458072 -2.66785954
 -3.45377087 -0.57742159 -0.79830829 -1.28359173 -1.49403562 -2.95363013
 -1.11915181 -1.84796774 -1.98550811 -0.40953163 -1.12154527]
log likelihood =  -21022.433322136807
Edge derivatives =  [0.31382262787644355, 0.013355263070257029, -0.01184380638547522, 0.08092545544460261, -0.35052334312586764, -0.5415077412071563, 0.4674558686892373, -0.47143380215095, 0.27530718756902584, 0.06164567415508482, 0.315535094212959, -0.29846535230424054, 0.00036758146991722196, 0.11796866043911308, 0.8083517009290604, -0.17061193153819576]
other derivatives: [ 0.0007276  -0.40890882 -0.38635335 -0.04511094 -0.17025741  0.
  0.        ]
Current x array =  [-0.71364075 -0.78333677 -0.52183065  0.76141616 -2.73361838 -0.22314355
  0.33647224 -1.96670297 -0.2515114  -1.37377406 -0.79427846 -2.66903088
 -3.45673427 -0.57745521 -0.79863632 -1.28323355 -1.49437761 -2.95293216
 -1.11876079 -1.84768787 -1.98539196 -0.41008327 -1.12145397]
log likelihood =  -21022.431771440766
Edge derivatives =  [0.35199114164731793, 0.07605244598764849, -0.12035369062358758, 0.061228694618695845, -0.31225093753766686, -0.5241574094305491, 0.4982285738046936, -0.3493260860751306, 0.2471280204863504, 0.12551410034544286, 0.31574574480060946, -0.28071741909437326, -0.014966432412366226, 0.10964558410123626, 0.7634078112105072, -0.14132906560798209]
other derivatives: [ 0.07057679 -0.52386895 -1.33077265  0.12696546  0.28376235  0.
  0.        ]
Current x array =  [-0.71368134 -0.78331982 -0.52165885  0.76120658 -2.73430735 -0.22314355
  0.33647224 -1.96730909 -0.25171628 -1.37236571 -0.79402055 -2.66976952
 -3.45884871 -0.57730218 -0.79907637 -1.28286434 -1.49451597 -2.95253874
 -1.11869043 -1.84751437 -1.98524365 -0.40981641 -1.12146761]
log likelihood =  -21022.42864683864
Edge derivatives =  [0.40000604021431085, 0.12932167453434162, -0.2982912834823928, -0.02809855618190027, -0.27808110019355, -0.4858707555833612, 0.4065305991741446, -0.1380167501534799, 0.11399749484864263, 0.19398050771689135, 0.308535949274112, -0.19850742036748692, -0.05731795184595356, 0.06861978346789971, 0.48138514486246353, -0.0774553410782346]
other derivatives: [ 0.23901521 -0.59553713 -2.00197974  0.28958311  0.70649548  0.
  0.        ]
Current x array =  [-0.71374553 -0.78334961 -0.52149894  0.76104211 -2.73509896 -0.22314355
  0.33647224 -1.96812334 -0.25184335 -1.37026164 -0.79338336 -2.66988139
 -3.46446019 -0.57649309 -0.80019129 -1.28195741 -1.49468636 -2.95151146
 -1.11877569 -1.8472099  -1.98487374 -0.40895085 -1.1216208 ]
log likelihood =  -21022.42424960649
Edge derivatives =  [0.43104179730136755, 0.08750812658583196, -0.5032120505378149, -0.22844544943487177, -0.28004019458587603, -0.41545755474745716, 0.0014061976845030633, 0.13061208760556084, -0.17583705946946437, 0.21332798959219845, 0.281433856143268, -0.054286947811677755, -0.13079636630285596, -0.01816141461120485, 0.0015994218559949314, 0.004913147371555682]
other derivatives: [-2.67391442 -0.16589183 -2.84308044  0.42564352  0.43582986  0.
  0.        ]
Current x array =  [-0.71331296 -0.78365787 -0.52133559  0.76130168 -2.73524155 -0.22314355
  0.33647224 -1.96875594 -0.25164269 -1.36822606 -0.792359   -2.66774553
 -3.47682201 -0.57446719 -0.80227485 -1.28045435 -1.49473984 -2.94905657
 -1.11911696 -1.84688783 -1.98421144 -0.40781338 -1.12201374]
log likelihood =  -21022.424393455083
Edge derivatives =  [0.4786800323900118, 0.040068584198468704, -0.6892493038142405, -0.45166108387541737, -0.3276452829986287, -0.30587893239940606, -0.4971208134820736, 0.5315644521087186, -0.5653544785114739, 0.19119348924851087, 0.24651759329668554, 0.23095392398394465, -0.2126482166238325, -0.15624936361710057, -0.557031091797046, 0.15894257852714166]
other derivatives: [ 5.45733201 -0.46056812  0.93677954 -0.61299943  0.36343408  0.
  0.        ]
Current x array =  [-0.71456867 -0.783484   -0.52165654  0.76201114 -2.7352569  -0.22314355
  0.33647224 -1.96936995 -0.25111385 -1.36600553 -0.79097515 -2.6635731
 -3.49582008 -0.57162559 -0.80520462 -1.27843773 -1.49469609 -2.94536951
 -1.11960418 -1.84651866 -1.98328072 -0.40624783 -1.12256637]
log likelihood =  -21022.42181709116
Edge derivatives =  [0.4545032426051342, 0.06410643378298375, -0.594815495163979, -0.3385554887391453, -0.30327618371553083, -0.3608267985154883, -0.24403015966973304, 0.3284621756058984, -0.36751930783613074, 0.20255340177633907, 0.264311600780567, 0.08639594445430931, -0.17112289248404428, -0.08615352943120158, -0.2735664869947776, 0.08099769923764555]
other derivatives: [ 1.33513822 -0.31031959 -0.98116288 -0.0862201   0.40054147  0.
  0.        ]
Current x array =  [-0.71393142 -0.78357224 -0.52149366  0.7616511  -2.73524911 -0.22314355
  0.33647224 -1.96905835 -0.25138223 -1.36713241 -0.79167743 -2.66569053
 -3.48617889 -0.57306766 -0.80371781 -1.27946113 -1.49471829 -2.94724063
 -1.11935693 -1.84670601 -1.98375304 -0.40704232 -1.12228592]
log likelihood =  -21022.420287593817
Edge derivatives =  [0.4247730495880976, -0.02454228514412915, -0.5249376571069617, -0.3546847861911826, -0.34537630739044567, -0.3480334689440538, -0.38562697059821005, 0.30794715678286927, -0.4173958269444772, 0.13003646605535524, 0.2512465326657418, 0.12765878138649878, -0.1708731339107757, -0.1028945599831999, -0.42942624744112234, 0.07990234443823374]
other derivatives: [ 0.21354936 -0.04583853 -0.1538865  -0.23683242 -0.08876668  0.
  0.        ]
Current x array =  [-0.71372623 -0.78369477 -0.52163759  0.76195949 -2.73465949 -0.22314355
  0.33647224 -1.96854669 -0.25102566 -1.36809571 -0.79172432 -2.66395251
 -3.48932898 -0.57261026 -0.80398281 -1.27943352 -1.49451081 -2.9465539
 -1.11956071 -1.8468411  -1.98369308 -0.40683311 -1.12241093]
log likelihood =  -21022.418690775656
Edge derivatives =  [0.3853550979589039, -0.1197017303625969, -0.3949486399352023, -0.3174008392981531, -0.3873740292123353, -0.33153211868587057, -0.473168872905543, 0.26583316815497265, -0.40794940757915377, 0.04099210460091418, 0.2363343197663186, 0.15833160461502715, -0.1484389114375121, -0.10446528158669821, -0.4794542616230901, 0.06942957521651671]
other derivatives: [-0.43073669  0.21427695  0.87638909 -0.38926373 -0.51768438  0.
  0.        ]
Current x array =  [-0.71358719 -0.78378277 -0.52181992  0.76219185 -2.73405293 -0.22314355
  0.33647224 -1.9677496  -0.25062731 -1.36959747 -0.79203351 -2.66208172
 -3.4929845  -0.57239315 -0.80403591 -1.27971066 -1.49419576 -2.94564521
 -1.11970892 -1.84711191 -1.98371298 -0.406887   -1.12249954]
log likelihood =  -21022.416200217478
Edge derivatives =  [0.32804085435628605, -0.22431105681650226, -0.21857373646929373, -0.22872707093251177, -0.41721818126953547, -0.2941469664013445, -0.5227975089900758, 0.2524622910018255, -0.35035500417843457, -0.0627769030293594, 0.21201149262076652, 0.1916787573007761, -0.10345784694488269, -0.09866799989253211, -0.4686248115940155, 0.05611882251338152]
other derivatives: [-0.99134922  0.15716068  1.66182872 -0.45474735 -0.77379809  0.
  0.        ]
Current x array =  [-0.71347151 -0.78375485 -0.52196943  0.76226755 -2.73362644 -0.22314355
  0.33647224 -1.96647062 -0.25017283 -1.37144601 -0.79257065 -2.65997884
 -3.50004732 -0.57225523 -0.80415363 -1.28019572 -1.49371403 -2.94384967
 -1.11978535 -1.84753912 -1.98371757 -0.40708106 -1.1225808 ]
log likelihood =  -21022.41149372052
Edge derivatives =  [0.26815156327441136, -0.2873468707649789, 0.05615522981012194, 0.005357115015758307, -0.39430124978392644, -0.18921910100596023, -0.4355427849782825, 0.31768707114407424, -0.12800993996384402, -0.15364071566796877, 0.16351149081481864, 0.18448917269284304, 0.006936041748868915, -0.051436271558208346, -0.08559423844015268, 0.0387906530676565]
other derivatives: [-0.92586561  1.72913133  2.70920282 -0.23537723 -0.6864866   0.
  0.        ]
Current x array =  [-0.71339879 -0.78418145 -0.52217518  0.76190529 -2.73352294 -0.22314355
  0.33647224 -1.9644752  -0.24983036 -1.37363177 -0.79368468 -2.65719625
 -3.51814402 -0.57247344 -0.80423323 -1.28126214 -1.49292227 -2.93910542
 -1.11942156 -1.84833237 -1.98371156 -0.40810447 -1.12259212]
log likelihood =  -21022.41271124626
Edge derivatives =  [-0.001943465380355086, -0.5488808412666961, 0.5100886428228832, 0.2657357448384223, -0.3665105182465061, -0.032676903406285214, -0.43168153753146377, 0.3432864840573221, 0.11260821926962505, -0.39649695974869287, 0.05010802962276245, 0.22526023208425217, 0.15864880307391122, -0.0467352576635659, -0.43802356903245787, -0.036271155113948184]
other derivatives: [-2.2999302  -4.3775799  -1.33077265 -0.04292815 -0.66283974  0.
  0.        ]
Current x array =  [-0.71339744 -0.7822408  -0.52158016  0.76165575 -2.73346897 -0.22314355
  0.33647224 -1.95880683 -0.24893681 -1.37812429 -0.79523293 -2.65341395
 -3.54857627 -0.5725562  -0.80457903 -1.2826438  -1.49132729 -2.93134981
 -1.11918002 -1.84967166 -1.98345915 -0.40765316 -1.12272179]
log likelihood =  -21022.408932780003
Edge derivatives =  [0.14675079168950814, -0.4051411528876411, 0.2614529694950982, 0.12293763329685647, -0.3811830532276772, -0.11710588191723115, -0.43366568156968716, 0.3293745331261969, -0.01906670751447892, -0.26253393430481853, 0.11269209436422976, 0.2033926158853656, 0.07544795654900677, -0.04919501294027634, -0.24436249787560516, 0.005566836135721176]
other derivatives: [-1.54395821 -1.02118065  0.88693923 -0.14879333 -0.67520887  0.
  0.        ]
Current x array =  [-0.71339818 -0.78330595 -0.52190675  0.76179271 -2.73349859 -0.22314355
  0.33647224 -1.96191799 -0.24942725 -1.37565851 -0.79438315 -2.65548992
 -3.53187313 -0.57251078 -0.80438924 -1.28188546 -1.49220272 -2.93560658
 -1.11931259 -1.84893657 -1.98359769 -0.40790087 -1.12265062]
log likelihood =  -21022.40622054229
Edge derivatives =  [0.15406979700682782, -0.28289800316184144, 0.22983141851647737, 0.20932440442753375, -0.2932055434737456, -0.061110033947261645, -0.22197989709302418, 0.39657776782475473, 0.11370799418243405, -0.1879267056976005, 0.09431600245384449, 0.11701920554926437, 0.10874251509027244, -0.021547840290497555, 0.1225015902907467, -0.007208856085858972]
other derivatives: [-0.70976967 -0.30158844  0.93859853  0.15133992  0.03346941  0.
  0.        ]
Current x array =  [-0.71351027 -0.78348624 -0.52190718  0.76126879 -2.73430649 -0.22314355
  0.33647224 -1.96163258 -0.24995206 -1.3747033  -0.79467294 -2.65657416
 -3.54065614 -0.57314954 -0.80415094 -1.2822269  -1.49215679 -2.93318232
 -1.11868089 -1.84906787 -1.98356181 -0.40861355 -1.12249093]
log likelihood =  -21022.405120890035
Edge derivatives =  [0.18090097511269057, -0.1222834442443389, 0.182658262297059, 0.23516332665725437, -0.1736391816811338, -0.015083193869492771, -0.05995513590873952, 0.40891662735262746, 0.2501598105801568, -0.02549484996443868, 0.08289137490878583, 0.01299703505513694, 0.13915018920575078, 0.031672986269880354, 0.28994859422672015, -0.0008525997344714931]
other derivatives: [ 1.05792424  1.01390469 -2.48073775  0.34742698  0.10659278  0.
  0.        ]
Current x array =  [-0.71381831 -0.78385254 -0.5213357   0.76116816 -2.73452997 -0.22314355
  0.33647224 -1.96136633 -0.25071992 -1.37324543 -0.79454521 -2.65828749
 -3.54760653 -0.57380249 -0.80347671 -1.2822102  -1.49232995 -2.93117279
 -1.11803309 -1.84897071 -1.98351491 -0.40883368 -1.12234892]
log likelihood =  -21022.40420088578
Edge derivatives =  [0.16615064590053147, -0.05772942170074724, 0.07206415514080289, 0.191947024844901, -0.1486723390687733, -0.014179651688985273, 0.037885012620741954, 0.35636381222195346, 0.2203818529382814, -0.006524694757414851, 0.08012008015882252, -0.04153128275405238, 0.10725008599289054, 0.008774966156007868, 0.30658057784563564, -0.028097696691766205]
other derivatives: [ 0.71268005  0.10440999 -0.78216544  0.36816346  0.5496986   0.
  0.        ]
Current x array =  [-0.71376633 -0.78358599 -0.5215937   0.76098543 -2.73502443 -0.22314355
  0.33647224 -1.96150387 -0.2510968  -1.37235218 -0.79446125 -2.65979794
 -3.5471294  -0.57423818 -0.80313979 -1.28217965 -1.49247708 -2.93117937
 -1.11779563 -1.84885201 -1.98352686 -0.40882878 -1.12224779]
log likelihood =  -21022.403750756268
Edge derivatives =  [0.15135238171456025, -0.024531631022743805, 0.01169399889683076, 0.140858147466143, -0.1320565292868451, -0.012572116273780451, 0.05429834335415851, 0.29180158534187883, 0.18669082216662103, 0.01181327680023192, 0.07647918684778444, -0.07066807207084658, 0.08413481534427109, -0.00351094995635709, 0.22052902134053176, -0.04047606720190555]
other derivatives: [ 0.39726729 -0.2226443  -0.34124241  0.31213858  0.53623808  0.
  0.        ]
Current x array =  [-0.71372228 -0.78350882 -0.52165341  0.76106929 -2.73503389 -0.22314355
  0.33647224 -1.96142054 -0.2513399  -1.3718677  -0.79429892 -2.66060604
 -3.54718158 -0.57443674 -0.80281054 -1.28204288 -1.49257804 -2.93108228
 -1.11769023 -1.84873844 -1.98352102 -0.40863207 -1.12222234]
log likelihood =  -21022.40296223106
Edge derivatives =  [0.09967473524953929, 0.04869867933931171, -0.07985919791279056, 0.031128398562923376, -0.082991768977763, 0.0012134824464335864, 0.08242362110924245, 0.08802074927317025, 0.13053399184171732, 0.05522514068746409, 0.06238606765550277, -0.13734595371249048, 0.04159200230592397, -0.01845185049497, -0.012638173929531371, -0.06642823926658536]
other derivatives: [-0.07748895 -0.48203219  0.21209416  0.10004442  0.21282176  0.
  0.        ]
Current x array =  [-0.71365128 -0.78348153 -0.52171379  0.76144723 -2.73471207 -0.22314355
  0.33647224 -1.96071166 -0.2519261  -1.37112426 -0.79396344 -2.66235245
 -3.5490768  -0.5749962  -0.80171874 -1.28176222 -1.4927302  -2.93029894
 -1.11743734 -1.84851537 -1.9835346  -0.40813507 -1.12219031]
log likelihood =  -21022.40275067326
Edge derivatives =  [0.0688709697190179, 0.05586623372664201, -0.06295417241365608, 0.008911359733016821, -0.06503179278918664, 0.014283068619420844, 0.06159555834268998, 0.0071056512448970655, 0.09980815944299692, 0.05296484029363313, 0.05613914541580026, -0.10549795390562422, 0.032504979066780404, -0.01845604712383908, -0.0971222057741743, -0.04972854956091055]
other derivatives: [ 0.35215635 -0.26411726  0.36270649 -0.06475602  0.00436557  0.
  0.        ]
Current x array =  [-0.7137092  -0.78355889 -0.52171301  0.76168816 -2.73448113 -0.22314355
  0.33647224 -1.960046   -0.25200641 -1.37126802 -0.79386661 -2.66267003
 -3.55106747 -0.57507523 -0.8012868  -1.28156333 -1.49264452 -2.92963042
 -1.11751912 -1.84845236 -1.98354089 -0.4079487  -1.12227258]
log likelihood =  -21022.40295252938
Edge derivatives =  [0.03415541987997395, 0.054424667274641236, -0.0503453333845284, -0.017258858690834877, -0.033494481723314706, 0.029051607994399292, 0.023596205934408254, -0.08682197188848384, 0.05352301854417085, 0.05479419440089439, 0.049748444556076896, -0.06259080687435836, 0.018052604568877473, -0.010016367588076891, -0.13343010151338763, -0.025767115142095176]
other derivatives: [-1.7680577   0.32159733 -0.69485395  0.04220055 -0.24374458  0.
  0.        ]
Current x array =  [-0.71337487 -0.78382243 -0.52156685  0.76185485 -2.73432592 -0.22314355
  0.33647224 -1.95929123 -0.25208045 -1.37139165 -0.79375362 -2.66317856
 -3.55339653 -0.57514729 -0.80077516 -1.28124689 -1.49250796 -2.92878086
 -1.11768332 -1.84834079 -1.9835684  -0.40791409 -1.12240232]
log likelihood =  -21022.4026848333
Edge derivatives =  [0.057367772004398965, 0.055390272900628146, -0.05877228999387252, 0.0002383263913476874, -0.05457279664958664, 0.01918714332014032, 0.048999193521350404, -0.024023179402265338, 0.08446760520283392, 0.05356929824274381, 0.05402275112733462, -0.09127285135143837, 0.02771385571812679, -0.015658423075253225, -0.1091567570719516, -0.04178100675557184]
other derivatives: [-0.34997356 -0.06984919  0.01200533 -0.02910383 -0.07821654  0.
  0.        ]
Current x array =  [-0.71359837 -0.78364626 -0.52166456  0.76174342 -2.73442968 -0.22314355
  0.33647224 -1.9597958  -0.25203095 -1.371309   -0.79382915 -2.6628386
 -3.55183953 -0.57509912 -0.8011172  -1.28145843 -1.49259925 -2.9293488
 -1.11757355 -1.84841538 -1.98355001 -0.40793722 -1.12231559]
log likelihood =  -21022.402637271713
Edge derivatives =  [0.0493426268719728, 0.04557139903466356, -0.0367299529746698, 0.005060644760391364, -0.05281775570850536, 0.02242629857918521, 0.031257558969642996, -0.032724852065469906, 0.0699761172518586, 0.0438750193276094, 0.054334675860436624, -0.055287676239357486, 0.027546611587643544, -0.01354077584924418, -0.10812542282951365, -0.024902975996373367]
other derivatives: [-0.09531504  0.05602487 -0.03783498 -0.06766641 -0.11241355  0.
  0.        ]
Current x array =  [-0.71363477 -0.78368402 -0.52164833  0.76179321 -2.73439411 -0.22314355
  0.33647224 -1.9595656  -0.25196291 -1.3714979  -0.79381881 -2.66278867
 -3.5522576  -0.57503444 -0.80107337 -1.28136073 -1.49252245 -2.92919113
 -1.11769188 -1.8483996  -1.98355603 -0.40793209 -1.12237517]
log likelihood =  -21022.40258115989
Edge derivatives =  [0.03923428600865028, 0.03196756060184447, -0.017771790775358842, 0.0070437324839551785, -0.0502733752006318, 0.023369854694092432, 0.009847788528362267, -0.04202510740110993, 0.03837631334651892, 0.029466055118359313, 0.05695536345737198, -0.00122495035100334, 0.022004541370165998, -0.012469940474819918, -0.0892815530303952, -7.126780761446128e-05]
other derivatives: [ 0.08367351  0.11787051 -0.08476491 -0.08076313 -0.09458745  0.
  0.        ]
Current x array =  [-0.71366208 -0.78370581 -0.52163216  0.7618084  -2.73443096 -0.22314355
  0.33647224 -1.95931961 -0.25186287 -1.37168252 -0.79378161 -2.66288967
 -3.55209859 -0.57494377 -0.80103238 -1.28117981 -1.49242397 -2.92913697
 -1.117881   -1.84834362 -1.98357466 -0.40795747 -1.12245909]
log likelihood =  -21022.402519435364
Edge derivatives =  [0.02373702250553733, 0.016138722279204876, -0.010992249296081613, 0.0005167590138299705, -0.04365981964629842, 0.022485869269311176, -0.007701016351832901, -0.0554087666334106, -0.011659261340983496, 0.010847833458629164, 0.06028815950408921, 0.055850051776481724, 0.008211385236508384, -0.012980456914122862, -0.044613577543067384, 0.024854535151662804]
other derivatives: [ 0.13060344  0.08330971 -0.04620233 -0.04620233 -0.02582965  0.
  0.        ]
Current x array =  [-0.71367308 -0.78370194 -0.52163089  0.76176005 -2.73453939 -0.22314355
  0.33647224 -1.95903998 -0.2517552  -1.3718001  -0.79370957 -2.663293
 -3.55143516 -0.57486918 -0.80097665 -1.280918   -1.49230596 -2.92911511
 -1.11808569 -1.84823318 -1.98361603 -0.4080388  -1.12254504]
log likelihood =  -21022.40246096764
Edge derivatives =  [0.005100802489492157, -0.004334210446926945, -0.014367755496975387, -0.009476041590719131, -0.03552485922689275, 0.019401670869624882, -0.00749934225666854, -0.04834645698225115, -0.047185544813018954, -0.00799398379492805, 0.058753622000092376, 0.05589052473595646, -0.006759879850682493, -0.01142659661090173, 0.0028093501111923214, 0.020418540975138955]
other derivatives: [ 0.06693881  0.02619345  0.07203198 -0.00509317 -0.0003638   0.
  0.        ]
Current x array =  [-0.71366675 -0.78368804 -0.5216502   0.76170664 -2.73458095 -0.22314355
  0.33647224 -1.9587821  -0.25165413 -1.37187394 -0.79364976 -2.66389303
 -3.55054981 -0.57484875 -0.80103789 -1.28075204 -1.49220016 -2.9289954
 -1.11809724 -1.84811839 -1.98369189 -0.40815079 -1.1225447 ]
log likelihood =  -21022.402410435127
Edge derivatives =  [-0.020303137898533302, -0.026553204601991065, -0.01797544266219997, -0.018990986642899443, -0.020873658622968805, 0.01493208425833066, 0.0044591046111100985, -0.026709218785513827, -0.06998655302636547, -0.025386097811690045, 0.052283072136351916, 0.0220857316967753, -0.02300198635335504, -0.005357859359566286, 0.039699166611675496, -0.0009090361887501563]
other derivatives: [-0.07421477 -0.22737368 -0.02182787  0.01382432  0.01855369  0.
  0.        ]
Current x array =  [-0.7136553  -0.78361184 -0.5216398   0.76168914 -2.7346114  -0.22314355
  0.33647224 -1.95842885 -0.2515594  -1.37197105 -0.79359144 -2.6648365
 -3.54939118 -0.57485661 -0.80117299 -1.28064258 -1.49208608 -2.92868797
 -1.11799345 -1.8479819  -1.9838158  -0.40824777 -1.12250361]
log likelihood =  -21022.402393738594
Edge derivatives =  [-0.030239849837528893, -0.0301707835315016, -0.022918544363729476, -0.014890799574997393, -0.008769329157055028, 0.010754280524674753, 0.03231065016709206, 0.015737444693858377, -0.06291791854339213, -0.028409261968948607, 0.047427995358693284, -0.025244953571996742, -0.03002535805711226, 0.0033059137707417974, 0.07628069154492056, -0.023072747851924147]
other derivatives: [-0.1193257   0.07057679  0.35433914  0.04147296  0.06984919  0.
  0.        ]
Current x array =  [-0.71363481 -0.78370194 -0.52170691  0.76163994 -2.73466533 -0.22314355
  0.33647224 -1.95830082 -0.25152269 -1.37198022 -0.79357709 -2.66559363
 -3.54826115 -0.57487715 -0.8013705  -1.28067252 -1.49204696 -2.92846711
 -1.11782665 -1.8479048  -1.98391719 -0.40832597 -1.12243761]
      fun: 21022.402393738594
 hess_inv: <23x23 LbfgsInvHessProduct with dtype=float64>
      jac: array([ 0.1193257 , -0.07057679, -0.35433914, -0.04147296, -0.06984919,
       -0.        , -0.        ,  0.03023985,  0.03017078,  0.02291854,
        0.0148908 ,  0.00876933, -0.01075428, -0.03231065, -0.01573744,
        0.06291792,  0.02840926, -0.047428  ,  0.02524495,  0.03002536,
       -0.00330591, -0.07628069,  0.02307275])
  message: 'CONVERGENCE: REL_REDUCTION_OF_F_<=_FACTR*EPSMCH'
     nfev: 87
      nit: 76
     njev: 87
   status: 0
  success: True
        x: array([-0.71363481, -0.78370194, -0.52170691,  0.76163994, -2.73466533,
       -0.22314355,  0.33647224, -1.95830082, -0.25152269, -1.37198022,
       -0.79357709, -2.66559363, -3.54826115, -0.57487715, -0.8013705 ,
       -1.28067252, -1.49204696, -2.92846711, -1.11782665, -1.8479048 ,
       -1.98391719, -0.40832597, -1.12243761])
