number of sites to be analyzed:  641
log likelihood =  -8905.38539520955
Lr derivatives =  [-464.58622211379986, -710.5618502067391, -726.6506726960151]
other derivatives =  [  36.16909635  -50.32591071  112.77493468 -158.78248814  512.6783617
   -0.        ]
Current x_clock array =  [-0.67940942 -0.81149459 -0.50437806  0.18232156 -0.10536052  0.33647224
 -0.51082562 -0.51082562 -0.51082562]
log likelihood =  -8504.490766078574
Lr derivatives =  [258.8954709754843, -320.6232256062938, -500.33017671844243]
other derivatives =  [-127.59042511   -3.14017416 -353.70539626  -75.70612979  392.92769543
   -0.        ]
Current x_clock array =  [-0.72966761 -0.81043647 -0.66108265  0.40295521 -0.81774448  0.33647224
  0.13473269 -0.51011581 -0.51011581]
log likelihood =  -8151.014897973514
Lr derivatives =  [366.66739847870406, -79.16465883163187, -210.61561256784552]
other derivatives =  [182.00981049  44.21895392 171.9312786  -51.26350425 308.54388086
  -0.        ]
Current x_clock array =  [-0.64935343 -0.81130553 -0.44263603  0.51113473 -1.27463803  0.33647224
  0.10312744 -0.32631415 -0.19719161]
log likelihood =  -7945.969133664294
Lr derivatives =  [-68.09231075671038, -191.41237297497543, 136.77263268618844]
other derivatives =  [-239.38829963   -8.4949661    86.78375798   46.41274609  -26.55837343
   -0.        ]
Current x_clock array =  [-0.7561243  -0.85503462 -0.43511111  0.68428579 -2.06037344  0.33647224
 -0.17378068 -0.12087492  0.        ]
log likelihood =  -7932.326425796954
Lr derivatives =  [-29.860239375252014, -132.34706317283548, -148.55710083924328]
other derivatives =  [ 209.42681203   -0.77869026 -126.4375569    35.90461165  -33.9429013
   -0.        ]
Current x_clock array =  [-0.62103979 -0.85876721 -0.50961406  0.6604178  -2.09981879  0.33647224
 -0.21967335  0.         -0.07749636]
log likelihood =  -7917.340219987967
Lr derivatives =  [-9.659306265587698, -111.5167640608631, -63.7508826257384]
other derivatives =  [53.66254936 -1.63338882 -2.33888932 27.78758608 -7.0922416  -0.        ]
Current x_clock array =  [-0.66514165 -0.85577983 -0.46763945  0.64266222 -2.03791122  0.33647224
 -0.21720237  0.         -0.0358471 ]
log likelihood =  -7915.992002885976
Lr derivatives =  [2.2388202953789165, -99.17589845187122, 43.38436176942621]
other derivatives =  [ 9.37669847 -1.4321613  16.6956479  22.51641945  3.78124395 -0.        ]
Current x_clock array =  [-0.67859    -0.85369301 -0.46214425  0.62489927 -2.00982691  0.33647224
 -0.21838837  0.         -0.00717086]
log likelihood =  -7915.6171899286965
Lr derivatives =  [1.8782814040057936, -101.40710295762801, -7.6074841551073575]
other derivatives =  [-11.90886633  -1.99574788   0.31789023  21.08524041   5.71127576
  -0.        ]
Current x_clock array =  [-0.68472004 -0.85321837 -0.46718877  0.61611575 -2.00193703  0.33647224
 -0.21994384  0.         -0.0183667 ]
log likelihood =  -7915.426959085662
Lr derivatives =  [1.2854741872032829, -101.68028539798146, -6.430708630431582]
other derivatives =  [-6.5882823  -1.51394215 -1.20190361 18.74469217  6.56698597 -0.        ]
Current x_clock array =  [-0.68325353 -0.85243461 -0.46821784  0.6064535  -1.9979712   0.33647224
 -0.22301168  0.         -0.0179677 ]
log likelihood =  -7914.694371330149
Lr derivatives =  [-6.955681421094313, -105.66039156113581, 0.3851931098157877]
other derivatives =  [-1.85717636  1.59083356 11.17017018  2.35075277  4.08134164 -0.        ]
Current x_clock array =  [-0.68289528 -0.84791063 -0.46703025  0.53657884 -2.00326125  0.33647224
 -0.23543663  0.         -0.01581879]
log likelihood =  -7914.63668176064
Lr derivatives =  [-3.671650656300148, -103.48002456574866, 3.3089927902271654]
other derivatives =  [  6.51233768  -4.26646693 -14.18543161   0.3326777    0.25899715
  -0.        ]
Current x_clock array =  [-0.68025812 -0.85270686 -0.47441306  0.52573147 -2.01993273  0.33647224
 -0.22944066  0.         -0.01542297]
log likelihood =  -7914.583434021918
Lr derivatives =  [-2.018963913203203, -102.49692474667759, 0.9853011152645266]
other derivatives =  [ 1.86318994 -0.7999015  -2.40308418  0.20258267  0.72678206 -0.        ]
Current x_clock array =  [-0.68196397 -0.85045358 -0.47062828  0.52654444 -2.0211741   0.33647224
 -0.22689538  0.         -0.01602356]
log likelihood =  -7914.576141537124
Lr derivatives =  [-0.5718586065328317, -101.61012134362109, -0.0526918512293193]
other derivatives =  [ 0.2056031   0.0832606   0.55078726  0.04923822  0.29492156 -0.        ]
Current x_clock array =  [-0.68260304 -0.85009354 -0.46953221  0.52628052 -2.02488865  0.33647224
 -0.22426938  0.         -0.01635654]
log likelihood =  -7914.575551359772
Lr derivatives =  [-0.047163654801313015, -101.27908512370837, -0.056744929446232106]
other derivatives =  [-4.49590516e-02  6.75299816e-02  1.90613719e-01  1.13686838e-04
  4.45892992e-02 -0.00000000e+00]
Current x_clock array =  [-0.68270197 -0.85020291 -0.46956373  0.52606338 -2.02645702  0.33647224
 -0.22332345  0.         -0.01639179]
log likelihood =  -7914.575537792658
Lr derivatives =  [0.010572093495252233, -101.24169682894485, -0.03670495453826561]
other derivatives =  [ 0.04679987 -0.01965418  0.0260361  -0.00620093  0.00602375 -0.        ]
Current x_clock array =  [-0.68267478 -0.85027832 -0.469605    0.52603441 -2.02666896  0.33647224
 -0.22321328  0.         -0.01639123]
      fun: 7914.575537792658
 hess_inv: <9x9 LbfgsInvHessProduct with dtype=float64>
      jac: array([ 4.67998689e-02, -1.96541805e-02,  2.60361048e-02, -6.20093488e-03,
        6.02375012e-03, -0.00000000e+00,  1.05720935e-02, -1.01241697e+02,
       -3.67049545e-02])
  message: 'CONVERGENCE: REL_REDUCTION_OF_F_<=_FACTR*EPSMCH'
     nfev: 15
      nit: 14
     njev: 15
   status: 0
  success: True
        x: array([-0.68267478, -0.85027832, -0.469605  ,  0.52603441, -2.02666896,
        0.33647224, -0.22321328,  0.        , -0.01639123])
