number of sites to be analyzed:  217
log likelihood =  -3067.771960744427
Lr derivatives =  [-177.04078371628174, -231.0795505333403, -234.35270077045368]
other derivatives =  [ -4.24862901  -5.08378071  22.74002509 -45.58231785 160.55764263
  -0.        ]
Current x_clock array =  [-0.70769177 -0.7056944  -0.6235488   0.18232156 -0.10536052  0.33647224
 -0.51082562 -0.51082562 -0.51082562]
log likelihood =  -2941.478411340283
Lr derivatives =  [119.63306900740511, -68.18897860813416, -145.5856849540774]
other derivatives =  [ 12.02517615  27.28739855 -72.46258792 -24.70486061 129.85994363
  -0.        ]
Current x_clock array =  [-0.70500043 -0.70301123 -0.71660316  0.36884877 -0.76237776  0.33647224
  0.21364221 -0.50873528 -0.50873528]
log likelihood =  -2845.327340700978
Lr derivatives =  [88.67484542484344, -39.38268721658501, -87.30533371308951]
other derivatives =  [-10.20428454   4.31346598   5.69039048 -14.80066703 103.41001419
  -0.        ]
Current x_clock array =  [-0.72665856 -0.75255891 -0.59263556  0.43113651 -1.06011568  0.33647224
  0.06134672 -0.37845175 -0.23684788]
log likelihood =  -2781.618622389985
Lr derivatives =  [-46.510709306240614, -51.46266285226738, 49.35300239594653]
other derivatives =  [ 51.58618114   9.29124963 -84.70824696  23.57716858 -27.1120011
  -0.        ]
Current x_clock array =  [-0.65173332 -0.77766602 -0.68669479  0.61131081 -2.04954648  0.33647224
 -0.23234971 -0.16011139  0.        ]
log likelihood =  -2773.5588110213216
Lr derivatives =  [-19.203967977290155, -28.82188075394806, -67.46904818720245]
other derivatives =  [-50.80559913   2.12098621  22.95490685  13.61310478  -8.59582776
  -0.        ]
Current x_clock array =  [-0.75711153 -0.78748121 -0.53228326  0.54685909 -1.98284536  0.33647224
 -0.16864438 -0.05603162 -0.11135842]
log likelihood =  -2767.8758675904573
Lr derivatives =  [2.6774754103153358, -6.123075209583635, -34.26846568975695]
other derivatives =  [-3.57490899  0.52203586 30.6803513   7.62865375  5.60144326 -0.        ]
Current x_clock array =  [-0.71697215 -0.79405203 -0.52852096  0.52162736 -1.9121001   0.33647224
 -0.17106438 -0.03734581 -0.03451181]
log likelihood =  -2766.421986057621
Lr derivatives =  [1.7378189193389773, -1.6798298022110951, 0.02114575181622058]
other derivatives =  [  6.05315381  -1.033422   -11.75884336   7.85951352   2.63181223
  -0.        ]
Current x_clock array =  [-0.70633807 -0.79781231 -0.57267112  0.51346586 -1.92812499  0.33647224
 -0.18730455 -0.02981203  0.        ]
log likelihood =  -2766.220724784789
Lr derivatives =  [-0.24989576605440694, -0.43190492341248643, 0.3422428562771529]
other derivatives =  [-2.52666223 -1.55231464  4.13251928  6.95679364  2.07698863 -0.        ]
Current x_clock array =  [-0.71487683 -0.79826677 -0.55477759  0.50349911 -1.93791568  0.33647224
 -0.19426378 -0.01559319  0.        ]
log likelihood =  -2766.148632240547
Lr derivatives =  [-0.6400656262797093, 0.43419463953241344, -15.244307890412482]
other derivatives =  [-1.25257975 -0.71937529  2.587572    6.18243621  0.85939699 -0.        ]
Current x_clock array =  [-0.71400239 -0.79679334 -0.55636252  0.491128   -1.94947708  0.33647224
 -0.19724368 -0.00876153 -0.00226828]
log likelihood =  -2766.024304276339
Lr derivatives =  [-7.674822757696953, -2.189347261925235, 4.9320988182444125]
other derivatives =  [ 5.97429516  1.85650924 -2.03137688  1.52084749 -4.75071293 -0.        ]
Current x_clock array =  [-0.7078966  -0.79102985 -0.56343494  0.42305228 -1.99144204  0.33647224
 -0.21625224  0.          0.        ]
log likelihood =  -2765.8988672019213
Lr derivatives =  [-1.4187821237023754, 1.4821431786096497, -12.312436021758522]
other derivatives =  [ 0.12496275  0.99992667 -1.42164936  1.41131068 -0.88371093 -0.        ]
Current x_clock array =  [-7.13929593e-01 -7.92898239e-01 -5.62029253e-01  4.28322645e-01
 -1.96979070e+00  3.36472237e-01 -2.04382838e-01  0.00000000e+00
 -4.32025439e-04]
log likelihood =  -2765.875249247012
Lr derivatives =  [-0.13767895400581942, 1.3525030793819237, -0.610634742770344]
other derivatives =  [-0.04148433  0.7896856  -0.58613023  0.66472694  0.29852947 -0.        ]
Current x_clock array =  [-0.71437803 -0.79315727 -0.56150197  0.42201268 -1.9622643   0.33647224
 -0.20091569 -0.00433147  0.        ]
log likelihood =  -2765.870446070145
Lr derivatives =  [-0.47298655592758965, -0.046388725784253904, 0.2576143742771819]
other derivatives =  [ 0.0820246   0.65380573  0.14621037 -0.0933569   0.62495473 -0.        ]
Current x_clock array =  [-0.71431767 -0.79307708 -0.56129391  0.41380476 -1.958925    0.33647224
 -0.1998056  -0.00995819  0.        ]
log likelihood =  -2765.8673175134595
Lr derivatives =  [-0.3165100478330275, 0.22288407477900718, 0.04433786671143025]
other derivatives =  [-0.35192897 -0.46236846 -0.44534409 -0.10050826  0.23331506 -0.        ]
Current x_clock array =  [-0.71468877 -0.79554685 -0.56160792  0.4130275  -1.96448116  0.33647224
 -0.19791412 -0.00922939  0.        ]
log likelihood =  -2765.8660442200558
Lr derivatives =  [-0.12609983226976607, 0.18569654915414552, -0.03133209247607738]
other derivatives =  [ 0.13148019 -0.12962846 -0.09449332 -0.00295813  0.03604531 -0.        ]
Current x_clock array =  [-0.7143155  -0.79520465 -0.56105868  0.41426577 -1.96718642  0.33647224
 -0.19614091 -0.01002208  0.        ]
log likelihood =  -2765.865805438417
Lr derivatives =  [-0.007276039567720827, 0.024097089079719254, -0.008594724931754172]
other derivatives =  [-0.02830029  0.05099264 -0.05649326 -0.00442924 -0.02231489 -0.        ]
Current x_clock array =  [-0.71448106 -0.79497001 -0.56095572  0.41424264 -1.96819043  0.33647224
 -0.19484587 -0.01116757  0.        ]
log likelihood =  -2765.8658136851677
Lr derivatives =  [0.007886627423227988, -0.02117476041189899, 0.006821210263296962]
other derivatives =  [ 0.1231947  -0.05522907  0.09389623  0.00351338  0.0107615  -0.        ]
Current x_clock array =  [-0.71434342 -0.79519077 -0.56079928  0.41453504 -1.96798721  0.33647224
 -0.19464235 -0.01146283  0.        ]
log likelihood =  -2765.8657975319375
Lr derivatives =  [-0.0010368809430814085, 0.005457399539798288, -0.002228262019343674]
other derivatives =  [ 0.03405285  0.00726186  0.00540194 -0.00115961 -0.00870119 -0.        ]
Current x_clock array =  [-0.7144244  -0.79506088 -0.56089132  0.414363   -1.96810678  0.33647224
 -0.19476209 -0.01128911  0.        ]
log likelihood =  -2765.8657965171888
Lr derivatives =  [-0.0027360048732600895, -0.001809682716937423, 0.0022737367544323206]
other derivatives =  [ 0.00043428 -0.00013688  0.0003588   0.00070122 -0.0016184  -0.        ]
Current x_clock array =  [-0.71445168 -0.7950689  -0.56089863  0.41439009 -1.9680219   0.33647224
 -0.19476517 -0.01132013  0.        ]
      fun: 2765.8657965171888
 hess_inv: <9x9 LbfgsInvHessProduct with dtype=float64>
      jac: array([ 0.00043428, -0.00013688,  0.0003588 ,  0.00070122, -0.0016184 ,
       -0.        , -0.002736  , -0.00180968,  0.00227374])
  message: 'CONVERGENCE: REL_REDUCTION_OF_F_<=_FACTR*EPSMCH'
     nfev: 19
      nit: 17
     njev: 19
   status: 0
  success: True
        x: array([-0.71445168, -0.7950689 , -0.56089863,  0.41439009, -1.9680219 ,
        0.33647224, -0.19476517, -0.01132013,  0.        ])
