number of sites to be analyzed:  356
log likelihood =  -3980.6614741555222
Lr derivatives =  [86.01958950476083, -139.96431176909354, -69.94958047230863]
other derivatives =  [  76.18512109  -17.58924009   57.95183506 -102.10836217  303.7051124
   43.45330854]
Current x_clock array =  [-0.59613603 -0.6344038  -0.67251087  0.18232156 -0.10536052  0.33647224
 -0.51082562 -0.51082562 -0.51082562]
log likelihood =  -3751.208134885592
Lr derivatives =  [-77.99449797941601, -209.80983257737557, -142.6367151182416]
other derivatives =  [-266.64924462   -1.02901959  -65.03916939  -53.62387583  205.70382185
   15.41452184]
Current x_clock array =  [-0.81504982 -0.63272455 -0.83903231  0.47572437 -0.9780406   0.21161152
 -0.75799823 -0.50935779 -0.50935779]
log likelihood =  -3491.94845193439
Lr derivatives =  [-113.1845683292002, -148.32730459023043, -83.1612965148952]
other derivatives =  [  16.42470352   33.17015535 -125.60632968   47.19446633   18.66302479
   20.73978749]
Current x_clock array =  [-0.59775484 -0.63869313 -0.93641158  0.96797208 -2.5302378   0.01624738
 -0.93789268 -0.19079531 -0.27700234]
log likelihood =  -3447.3985181272114
Lr derivatives =  [-36.12247110121485, -47.20824899876557, 41.66513463133015]
other derivatives =  [-245.23550474  -27.08223064   25.38756962   35.42090053    5.70694295
   37.29649643]
Current x_clock array =  [-0.78504063 -0.73956027 -0.60324467  0.92325119 -2.91057772 -0.09973057
 -0.68028998  0.          0.        ]
log likelihood =  -3415.238417556829
Lr derivatives =  [-11.375468416132115, -37.50391732518629, 47.1071119314841]
other derivatives =  [-19.82979347   7.17507055   8.07292145  29.59835729  15.34049954
  33.80516819]
Current x_clock array =  [-0.62866013 -0.71239649 -0.63479415  0.86994613 -2.87504846 -0.13915463
 -0.6572116   0.         -0.05496665]
log likelihood =  -3411.1228529867767
Lr derivatives =  [-10.920635853241727, -41.405778448243254, 14.927778848986364]
other derivatives =  [48.30358193  8.79358277  1.65736537 26.83855701 12.47665971 30.21566226]
Current x_clock array =  [-0.59200381 -0.71535629 -0.64509896  0.83826097 -2.91741448 -0.18601056
 -0.6426903   0.         -0.1028897 ]
log likelihood =  -3405.8525769954726
Lr derivatives =  [-6.932107436138942, -41.83459499682309, -0.18764546597771314]
other derivatives =  [51.48365199  1.68287579  8.33455215 21.45558801  7.13563268 25.67071215]
Current x_clock array =  [-0.58968275 -0.72962892 -0.63440943  0.78145615 -3.0124386  -0.27229148
 -0.59615603  0.         -0.13753794]
log likelihood =  -3401.1330897755533
Lr derivatives =  [37.89074856248544, -17.564285789811635, -2.845762151313213]
other derivatives =  [ 22.07766101  45.52227665 -73.24511625   7.14685757  -2.41428489
  11.63378056]
Current x_clock array =  [-0.6036876  -0.70352841 -0.70978874  0.55534486 -3.26039692 -0.60280449
 -0.44070241  0.         -0.15824476]
log likelihood =  -3395.950632301973
Lr derivatives =  [12.127205090038956, -30.52879756417014, -11.257319327086412]
other derivatives =  [ 9.16469708 -9.53833296 13.04990383 -0.39784072 -7.30706622 10.09125845]
Current x_clock array =  [-0.61084606 -0.75949317 -0.618193    0.49688763 -3.32941616 -0.69579062
 -0.45337114  0.         -0.15654931]
log likelihood =  -3395.1670286184576
Lr derivatives =  [9.846621297299862, -31.326500176968793, -8.803028317897304]
other derivatives =  [ 0.21370624 -5.58672991  3.28550959  0.12123655 -5.88753753 10.37607899]
Current x_clock array =  [-0.61549573 -0.75124355 -0.62972077  0.50180466 -3.29068719 -0.69157766
 -0.47826475  0.         -0.14474199]
log likelihood =  -3393.6588154633673
Lr derivatives =  [1.3590614986369047, -32.965632892402944, 3.247741693752909]
other derivatives =  [-9.65102163  5.88420016 -3.3143815  -2.56848216 -2.44235248  9.34074887]
Current x_clock array =  [-0.62149289 -0.72917437 -0.64348686  0.47026624 -3.2068322  -0.7624468
 -0.54436614  0.         -0.10025342]
log likelihood =  -3392.9681558920884
Lr derivatives =  [-2.6081133847717126, -33.29902577546003, 7.0890340540632355]
other derivatives =  [ -6.85978421  -6.80124731 -12.12057987  -5.4416364   -1.58749043
   7.12190194]
Current x_clock array =  [-0.61896692 -0.74205608 -0.65596178  0.43713238 -3.1910523  -0.87921537
 -0.56238139  0.         -0.08607858]
log likelihood =  -3392.0925197448078
Lr derivatives =  [-3.774500307292076, -33.00279482446504, 3.4865407491971787]
other derivatives =  [ 0.89895548  6.06921412 -0.16600052 -8.79332538 -0.74955226  3.76130651]
Current x_clock array =  [-0.61644264 -0.72689727 -0.6447067   0.4010772  -3.17773553 -1.0783379
 -0.57015001  0.         -0.08499821]
log likelihood =  -3391.519095857355
Lr derivatives =  [-1.6836289511552067, -31.515452922145645, -2.4943068142671923]
other derivatives =  [ 3.22642472 -1.20457935  1.28066404 -7.86707596  0.35220363  2.0798766 ]
Current x_clock array =  [-0.61515453 -0.7375718  -0.64132921  0.4186066  -3.16550212 -1.20791298
 -0.56070791  0.         -0.09262812]
log likelihood =  -3391.0004436190684
Lr derivatives =  [1.260848129910702, -28.079398588983207, -0.6766178468258985]
other derivatives =  [ 7.19414857 -2.33147421  3.6145866  -3.54087661  2.05565881  0.70645533]
Current x_clock array =  [-0.61345288 -0.74177502 -0.63608022  0.47886773 -3.13517141 -1.37705433
 -0.5587228   0.         -0.08572464]
log likelihood =  -3391.3549134120885
Lr derivatives =  [-10.13238918466013, -35.71932683567107, -15.943570427808146]
other derivatives =  [-27.44626045  -4.58309933   0.51648794   1.56678107  -1.84736835
  -0.39268971]
Current x_clock array =  [-0.63095838 -0.74080009 -0.63863302  0.53341725 -3.14178275 -1.51308727
 -0.58296302  0.         -0.10332949]
log likelihood =  -3390.9366539445027
Lr derivatives =  [-1.8807386115615117, -30.17766854779547, -5.104704703284945]
other derivatives =  [-2.68897475 -2.95899781  2.74373451 -2.12791974  0.94405339  0.36834532]
Current x_clock array =  [-0.61833612 -0.74150306 -0.63679233  0.49408458 -3.13701568 -1.41500138
 -0.56548473  0.         -0.0906356 ]
log likelihood =  -3390.8758944569563
Lr derivatives =  [0.07747986796943351, -28.24159151388809, -2.360085399345234]
other derivatives =  [ 0.26898988 -0.84378826  0.44347325 -0.32519938  1.14245992  0.09296263]
Current x_clock array =  [-0.61687908 -0.74041401 -0.63805577  0.51515357 -3.13243789 -1.46865638
 -0.56386989  0.         -0.08525507]
log likelihood =  -3390.865009079186
Lr derivatives =  [0.8158125062006611, -27.271912705027816, 0.478506478198371]
other derivatives =  [-1.92496373 -0.2796105   0.39397219 -0.03966397  0.66483829  0.03283357]
Current x_clock array =  [-0.61810178 -0.74029284 -0.63746902  0.517174   -3.13981679 -1.48899358
 -0.56188554  0.         -0.08040345]
log likelihood =  -3390.861209355684
Lr derivatives =  [0.0961951506311216, -27.669831667452232, 0.13716656630142587]
other derivatives =  [ 0.35265293  0.20646985 -0.1048902   0.22765607  0.11543813  0.00094341]
Current x_clock array =  [-0.61678843 -0.73980446 -0.63817112  0.51895436 -3.14487069 -1.49330977
 -0.56351924  0.         -0.08048872]
log likelihood =  -3390.8607397743717
Lr derivatives =  [0.018147474862384882, -27.745047346280916, 0.03572387583013281]
other derivatives =  [ 0.0102068   0.0678283  -0.05359288  0.06284972  0.02425546  0.00992815]
Current x_clock array =  [-0.6169565  -0.73991505 -0.63816276  0.5167597  -3.14648057 -1.49100699
 -0.56334042  0.         -0.08065993]
log likelihood =  -3390.860705163659
Lr derivatives =  [-0.02051287008942282, -27.764011717072638, 0.021834223407546816]
other derivatives =  [-0.01217586 -0.01690205  0.04175945  0.01007584 -0.00474531  0.00761769]
Current x_clock array =  [-0.61696537 -0.74000592 -0.63808077  0.51611131 -3.14698869 -1.49139113
 -0.56331121  0.         -0.08065358]
log likelihood =  -3390.8607023593995
Lr derivatives =  [0.012596839339213517, -27.745139950181333, -1.893343263503766e-05]
other derivatives =  [-0.02970137  0.02505158 -0.05527409 -0.00620912 -0.00625506  0.00268913]
Current x_clock array =  [-0.61697431 -0.73996305 -0.63818038  0.51585602 -3.14706809 -1.49201918
 -0.56325284  0.         -0.08068247]
      fun: 3390.8607023593995
 hess_inv: <9x9 LbfgsInvHessProduct with dtype=float64>
      jac: array([-2.97013685e-02,  2.50515768e-02, -5.52740858e-02, -6.20912033e-03,
       -6.25506115e-03,  2.68913156e-03,  1.25968393e-02, -2.77451400e+01,
       -1.89334326e-05])
  message: 'CONVERGENCE: REL_REDUCTION_OF_F_<=_FACTR*EPSMCH'
     nfev: 23
      nit: 21
     njev: 23
   status: 0
  success: True
        x: array([-0.61697431, -0.73996305, -0.63818038,  0.51585602, -3.14706809,
       -1.49201918, -0.56325284,  0.        , -0.08068247])
