number of sites to be analyzed:  227
log likelihood =  -4462.185977849979
Edge derivatives =  [54.59266443689059, 12.178284935569085, 23.261684887420586, 81.42144394829336, -23.59823141110474, -22.868843867226833, 39.080721671438226, 20.714516911519983, 37.26161126928753, 4.216143069867639]
other derivatives: [  -8.6412856    25.55124138  -85.27227146   92.79968617 -334.02452118
  -38.13351759]
Current x array =  [-0.6625726  -0.73958    -0.52954635  0.18232156 -0.10536052  0.33647224
 -2.30258509 -2.30258509 -2.30258509 -2.30258509 -2.30258509 -2.30258509
 -2.30258509 -2.30258509 -2.30258509 -2.30258509]
log likelihood =  -4193.043640267275
Edge derivatives =  [46.68802756219776, 15.526300093240247, 28.358211004994626, 91.8467130677919, -15.426818780739673, -12.450807423598262, 49.1157743780756, 23.316948551512372, 45.55681399540059, 10.080776974094322]
other derivatives: [  59.05951912   25.37785622   59.14603116   65.87957614 -198.00498459
   -7.51818334]
Current x array =  [-0.68731723 -0.73760537 -0.77372647  0.21043482 -1.06185136  0.22727558
 -2.28453742 -2.26771215 -2.28453742 -2.28453742 -2.37015945 -2.36807082
 -2.28453742 -2.28453742 -2.28453742 -2.29051202]
log likelihood =  -4222.998417710427
Edge derivatives =  [41.79927963801662, 18.910591553367656, 29.3640952211659, 86.0185315846786, -6.199664860491958, -3.7411381063805416, 50.016972524627164, 22.175146608404628, 48.37750490611865, 9.250715258167308]
other derivatives: [-1706.72001786   -46.71031002  -233.10468441   -38.70647743
    54.49849709   -11.36023457]
Current x array =  [-0.24342882 -0.64039646 -0.4235485   0.39926761 -2.99710066  0.12245053
 -2.10965711 -2.13322108 -2.12602543 -1.86889063 -2.51794934 -2.4920586
 -2.02923362 -2.15468572 -2.04938365 -2.20773641]
log likelihood =  -4044.353568672124
Edge derivatives =  [41.921365778482, 17.997854198897212, 29.686772788147824, 89.89695498711421, -9.767509725600544, -7.109166993337778, 50.51137073697931, 22.22844435839544, 47.223082675049255, 9.546741187596915]
other derivatives: [-346.90232906   -2.90393155  -33.40397643   25.25361515  -56.29732457
  -10.77519892]
Current x array =  [-0.4648546  -0.68888738 -0.59822851  0.30507176 -2.03173619  0.17474063
 -2.19689302 -2.20030954 -2.2050963  -2.07622859 -2.444227   -2.43020952
 -2.15658735 -2.21945992 -2.1666859  -2.24902754]
log likelihood =  -3985.5215313905173
Edge derivatives =  [39.458197628694435, 19.56696077331306, 32.8088114140882, 89.03036215487985, -4.941612689643447, -2.4587947437342974, 51.32604736906165, 23.17644716869069, 48.56712218090233, 10.469696863149434]
other derivatives: [178.35756762 -23.56978257 -26.97590844   8.98266899  52.38074486
 -14.48387684]
Current x array =  [-0.76732415 -0.6630746  -0.53035985  0.38860322 -2.92702992  0.1109559
 -2.08646624 -2.1216732  -2.1080078  -1.81705635 -2.51954353 -2.49266609
 -1.99914111 -2.14263979 -2.02083293 -2.20349154]
log likelihood =  -3954.5094968720828
Edge derivatives =  [37.328001819106674, 18.64589548874363, 30.422561526606618, 84.43634691418383, -5.776957390743011, -3.174811959518398, 48.29501348334359, 21.12061549999404, 46.066420969054825, 8.68905697261021]
other derivatives: [ 84.45860794 -17.33482713 -45.22147901  10.17171871  42.37387032
 -18.93731587]
Current x array =  [-0.68679761 -0.67713965 -0.51965558  0.40458896 -2.84405906  0.10802499
 -2.0464258  -2.10490129 -2.07656148 -1.72587257 -2.521161   -2.49165929
 -1.94766861 -2.12022922 -1.97250235 -2.19352962]
log likelihood =  -3893.0373173288426
Edge derivatives =  [25.528086960910354, 13.544786019717545, 18.857991468560133, 54.930917704700654, -8.736408257825623, -4.78138906914162, 31.14839706212029, 11.403381642262811, 32.38811478334571, 1.629868111383097]
other derivatives: [-340.2735274   -15.22454659  -36.41586954   -2.63245556   14.74602849
  -37.51580289]
Current x array =  [-0.47617504 -0.73170865 -0.5485062   0.50091932 -2.67982694  0.04959409
 -1.82580201 -2.00153558 -1.90072748 -1.22041084 -2.55256474 -2.50636645
 -1.66009786 -1.99489343 -1.70117255 -2.13809936]
log likelihood =  -3848.2506828747246
Edge derivatives =  [20.144779494648215, 11.976322046009546, 15.158189045491264, 36.74686319266567, -8.707363468244557, -4.680783125731283, 22.30943883415109, 8.196780194651055, 24.863354760783842, -0.6993388743956925]
other derivatives: [-202.75432053   -7.61180127  -29.00132313   -3.32012223   10.92546996
  -45.92815276]
Current x array =  [-0.53270942 -0.76196224 -0.53162199  0.55225561 -2.69448421  0.00271579
 -1.70177919 -1.9400175  -1.80128035 -0.93676392 -2.57863936 -2.52127116
 -1.49745603 -1.92392312 -1.54664326 -2.10646113]
log likelihood =  -3805.205083699996
Edge derivatives =  [4.948948931888767, 6.9713629332322515, 4.9807477563524465, -27.39914757107617, -8.11165025345549, -4.179843629177243, -8.846633020137105, -0.4018992289304606, -3.3068372569855784, -5.983226878002585]
other derivatives: [-64.44007522   9.43409759  11.92038872  -9.33986803 -14.83959612
 -56.09787604]
Current x array =  [-0.6143281  -0.84171579 -0.51135679  0.69486235 -2.7415439  -0.18875825
 -1.33821753 -1.75524078 -1.50909691 -0.12387489 -2.66161438 -2.56872147
 -1.0271681  -1.71872045 -1.09512123 -2.02034647]
log likelihood =  -3791.775835078696
Edge derivatives =  [5.735099187771563, 7.865191177211423, 6.2176938435857405, -13.785243058806845, -6.440109336960321, -2.971390926553882, -1.4166831938922866, 3.4512402375067084, 2.7041619751654107, -2.912658827802184]
other derivatives: [ -7.11972734  -5.77379751 -18.01468488  -7.68755444   2.67470569
 -34.04932067]
Current x array =  [-0.65339875 -0.8111153  -0.48074632  0.65766414 -2.84325999 -0.37462353
 -1.32633932 -1.72921317 -1.49178553 -0.22142009 -2.69119606 -2.58569779
 -1.05765619 -1.71897627 -1.10794932 -2.03751308]
log likelihood =  -3783.850673932766
Edge derivatives =  [2.903943687806774, 7.407042386350696, 5.008844071689053, -5.04304513232288, -4.994778304512704, -1.7799566081229636, 2.050132446984883, 5.527473471341422, 5.048399574031573, 0.08644785621792894]
other derivatives: [ 37.38182477  -1.78799564  26.81627529  -5.01739078   8.88876278
 -12.12219831]
Current x array =  [-0.68114424 -0.81597985 -0.51473721  0.60521204 -2.87409889 -0.64642511
 -1.27579257 -1.67043888 -1.43830993 -0.29778944 -2.7391796  -2.60973208
 -1.058188   -1.69464631 -1.08158376 -2.05559735]
log likelihood =  -3780.6391680041042
Edge derivatives =  [-0.06320868539983754, 7.218676154265869, 3.0600442208103025, -4.879291623410672, -3.753309546775415, -1.2069863573938537, 1.5847058908928608, 6.769023704935421, 2.5249132140597457, 1.1357488984416813]
other derivatives: [ 33.65583098  -0.453947   -35.04674987   3.72554223   1.73888608
  -0.72787998]
Current x array =  [-0.68547676 -0.82437139 -0.46041313  0.57147023 -2.85141791 -0.89039244
 -1.19898416 -1.59529005 -1.3628536  -0.29573562 -2.79191128 -2.63409477
 -1.01448969 -1.64642481 -1.01214237 -2.06256515]
log likelihood =  -3779.2499074266407
Edge derivatives =  [-2.046224709763, 6.412230010762279, 1.7866876708677943, -3.639084046639443, -3.647786918499806, -1.0978735534648612, 0.6850896164882105, 5.815151007810421, 1.37041604096024, 1.391311741005676]
other derivatives: [17.45478221 -1.57494924 -0.35641915  3.75497893  0.45793393  2.23798315]
Current x array =  [-0.67115535 -0.82552464 -0.48747757  0.56098839 -2.83967142 -0.96724771
 -1.1820082  -1.56235092 -1.33905382 -0.31827699 -2.81383148 -2.64310659
 -1.00660469 -1.62376586 -0.99395483 -2.06439228]
log likelihood =  -3778.843651948865
Edge derivatives =  [-2.9347391174749826, 6.020735489508956, 1.1257217201647236, -2.9726491113042344, -3.541617579829749, -1.076553114150556, -0.027924433878292132, 5.108834251277364, 0.33143094697870956, 1.3367092153270725]
other derivatives: [-0.63883908 -1.69814348  4.86117096  3.96659334 -0.14263526  3.42939911]
Current x array =  [-0.65799173 -0.8288009  -0.49180098  0.56087787 -2.83924942 -1.00832037
 -1.17275022 -1.53467368 -1.3216851  -0.32925739 -2.83169129 -2.65023494
 -0.99811775 -1.60252659 -0.97892614 -2.06297834]
log likelihood =  -3778.5654361520683
Edge derivatives =  [-3.1954353921927954, 5.7956310119997285, 0.8583044782524784, -2.195057861225649, -3.4616454250698694, -1.0996686641532927, -0.5171349956270618, 4.390117034264732, -0.41760388681899663, 1.160949949978931]
other derivatives: [-11.93171647  -0.61854826   5.12138922   3.44510818  -0.02075795
   3.66993058]
Current x array =  [-0.65005296 -0.83329725 -0.49148268  0.56800265 -2.84284528 -1.02380125
 -1.17189611 -1.50894902 -1.30972993 -0.33850533 -2.84768414 -2.65617814
 -0.99222773 -1.58156167 -0.96891946 -2.05956754]
log likelihood =  -3778.0382031729687
Edge derivatives =  [-3.2463043533842457, 5.3873505069968886, 0.6025476399677072, -0.4628150715668288, -3.3096582967747885, -1.19086882386111, -1.3387228420791009, 2.7035518025027585, -1.7467105535778895, 0.6808035323316008]
other derivatives: [-24.02900964   1.83697239   3.41062696   1.42740282   0.90662154
   3.40201815]
Current x array =  [-0.64165908 -0.84210728 -0.4878967   0.59008751 -2.85364839 -1.03442453
 -1.17822794 -1.45203427 -1.28771333 -0.35640415 -2.88239097 -2.66868216
 -0.98190899 -1.53496067 -0.95199895 -2.05011482]
log likelihood =  -3777.3547402312724
Edge derivatives =  [-2.997270464661492, 4.709956301628892, 0.4199244547107763, 1.8516463996877786, -3.120673729741661, -1.3535391711171176, -2.0166252025517712, 0.08089209688349444, -3.009719952664539, -0.023658692410426438]
other derivatives: [-25.74218388   2.12905479   0.44344915  -1.89590082   2.30028296
   2.41460943]
Current x array =  [-0.64050806 -0.8473769  -0.48170845  0.62249573 -2.86583576 -1.02856703
 -1.19756735 -1.36733983 -1.26036638 -0.38072062 -2.933626   -2.68699027
 -0.97361471 -1.4698479  -0.9373797  -2.03579955]
log likelihood =  -3776.527093139781
Edge derivatives =  [-3.682795449030911, 2.014375071769693, -1.1510442877829488, 5.266411088007318, -2.5739150215724074, -1.3691624164400973, -1.5129411346447201, -4.578473888129667, -3.0793410152280356, -0.27826039079230014]
other derivatives: [-6.84957649  9.25380209 15.18302133 -1.37853704 -3.85720996  2.37455725]
Current x array =  [-0.6527115  -0.86198141 -0.48975451  0.62269671 -2.81063731 -1.04909954
 -1.25519209 -1.17132325 -1.20509474 -0.44114834 -3.05795321 -2.73383916
 -0.98873483 -1.36677572 -0.94348351 -2.02090842]
log likelihood =  -3775.795351842224
Edge derivatives =  [-2.491040784789184, 1.0052154879719328, -0.9232710512213045, 3.699314366410963, -2.4499002092621742, -1.4225069627237286, -0.7059934675979167, -5.746187725198907, -1.4223001832311457, -0.7362978393981547]
other derivatives: [-8.22122229 -3.92727907 -2.08323945 -2.81576922 -1.57053006 -0.8250272 ]
Current x array =  [-0.65412519 -0.84102636 -0.47514444  0.63702588 -2.82931234 -0.96920293
 -1.30825513 -1.10127122 -1.20279797 -0.41975363 -3.10399321 -2.75238169
 -1.00181659 -1.34937649 -0.96954819 -2.01021428]
log likelihood =  -3775.441259206587
Edge derivatives =  [-1.8916435795166047, 1.0190721502436644, -0.6118040893893847, 1.7946880363090023, -2.3235239744881997, -1.2143051924336146, 0.2809893948805965, -4.0176187304209225, 0.3776204279857537, -0.3320768104596026]
other derivatives: [ 0.34670484 -2.01275543 -5.03950969 -1.16581714 -1.20046202 -1.78849677]
Current x array =  [-0.66020867 -0.84116726 -0.47437576  0.62139165 -2.83085792 -0.93594099
 -1.33399482 -1.09788395 -1.21539588 -0.3941973  -3.11248959 -2.75766423
 -1.01527752 -1.381919   -0.993303   -2.01319239]
log likelihood =  -3775.1803089587747
Edge derivatives =  [-1.7473681000454024, 0.2198918662299283, -0.7793571908368736, 0.14170422893941792, -2.018989726558498, -0.8704070445466439, 1.1362694029993132, -2.5135099918277497, 1.6334100202598352, 0.18740477782541293]
other derivatives: [ 6.9955031  -2.4926976  -2.35283733  0.7598037  -1.12139291 -1.6049953 ]
Current x array =  [-0.66502137 -0.83862252 -0.477284    0.6025337  -2.83247873 -0.93573661
 -1.36678749 -1.05621039 -1.21498699 -0.37279098 -3.15138051 -2.7757997
 -1.02431338 -1.4062795  -1.00771849 -2.01487893]
log likelihood =  -3774.9708017041835
Edge derivatives =  [-1.4240199754043714, -0.6529556072784147, -0.8000291149231102, -0.9064058723574853, -1.6447915377816182, -0.483460915919176, 1.526434575926169, -1.0199975544412023, 1.9724303102238328, 0.5643733218807014]
other derivatives: [ 6.67609675  1.5623491  -1.34241827  1.72224964 -0.34582118 -1.26588384]
Current x array =  [-0.66439647 -0.84597605 -0.47809479  0.5951345  -2.84305152 -0.94736502
 -1.40485052 -0.99993531 -1.21040017 -0.35480933 -3.20627877 -2.80000573
 -1.02404997 -1.42404517 -1.00897535 -2.01255354]
log likelihood =  -3774.8601537723353
Edge derivatives =  [-1.4393995042506245, -1.7802884507663355, -0.9584942083013147, -1.495661855970091, -1.2483023721499706, -0.02782472213866268, 0.6615445809320017, 0.558805986420569, 0.6326591837133018, 0.791183328471035]
other derivatives: [ 6.08286018 -6.02430555  8.56540555  0.54076372  1.77913614  0.15608975]
Current x array =  [-0.66390505 -0.83411384 -0.48490766  0.59829573 -2.86198739 -0.99484387
 -1.44446978 -0.94900144 -1.20598844 -0.33983282 -3.27751917 -2.82962201
 -1.00509349 -1.44786876 -0.98717589 -2.00617926]
log likelihood =  -3774.75481148418
Edge derivatives =  [-1.1459343514809652, -1.83225179505485, -0.7950332159881427, -0.7114558651864794, -1.0736934277610053, 0.09551796945676934, 0.5887231863182982, 1.0213808838689187, 0.06356678501378962, 0.7999673201840003]
other derivatives: [ 1.44630212  0.25566624 -3.59465957  1.45900822  0.37296189  0.57715679]
Current x array =  [-0.66093058 -0.84544177 -0.47549247  0.59955092 -2.85323377 -1.01429173
 -1.46093636 -0.9267304  -1.20290483 -0.34887313 -3.30763408 -2.84050067
 -0.99963487 -1.44544698 -0.97871552 -2.00221158]
log likelihood =  -3774.7197117756286
Edge derivatives =  [-1.0681630920270448, -1.494897424043233, -0.6504817898788549, -0.3782905680634173, -1.1519695705584996, 0.013431917949452768, 0.28518848351405035, 0.6376636369308113, -0.1891573740438079, 0.6262055883243097]
other derivatives: [-0.73105002  0.28580689 -1.96225392  0.57532634  0.58219386  0.31286062]
Current x array =  [-0.65912318 -0.8456689  -0.47676039  0.60622498 -2.85309953 -1.00757022
 -1.45650493 -0.94235914 -1.20639249 -0.3528959  -3.29826661 -2.83543109
 -0.99740463 -1.44120161 -0.97693032 -2.00065155]
log likelihood =  -3774.675468283289
Edge derivatives =  [-0.7986805227870286, -1.206259308933341, -0.38564524698144076, 0.05149283700451435, -1.167262952063432, -0.007890347273010162, -0.1708520254465432, 0.3357618866734966, -0.5337405101464504, 0.4111904408056759]
other derivatives: [-2.11515044  0.06094524 -0.32758953 -0.47523008  0.53542543  0.04928629]
Current x array =  [-0.65786948 -0.84510872 -0.47814579  0.61418028 -2.84940974 -1.00318606
 -1.46589646 -0.95350344 -1.21245092 -0.35786829 -3.30658047 -2.83554341
 -0.9929967  -1.43803334 -0.97461861 -1.99540861]
log likelihood =  -3774.614614163271
Edge derivatives =  [-0.2396232292885545, -0.7962188431660179, 0.07603658343041245, 0.4055556388495779, -1.1010313015334057, 0.06276339584728835, -0.6547262891050556, 0.2342783009870561, -0.7121654765485976, 0.18083324246283258]
other derivatives: [-2.33967376 -0.07605377  0.95309042 -1.29690761  0.12915877 -0.19980486]
Current x array =  [-0.65740651 -0.84373426 -0.47987703  0.61970009 -2.84070865 -1.00018541
 -1.49356907 -0.96690116 -1.22391813 -0.36161944 -3.33740774 -2.84088114
 -0.98817024 -1.43854363 -0.97511052 -1.98532946]
log likelihood =  -3774.546936581446
Edge derivatives =  [0.4163453482189441, -0.42582491068841005, 0.45155039544311315, 0.44613875024641414, -0.9390291136767395, 0.2140480801450792, -0.543656103273305, 0.05842019499294779, -0.2965646874239304, -0.013797947965777983]
other derivatives: [-3.83146653 -0.40385294  1.45559488 -0.80902464 -0.23684828 -0.21844129]
Current x array =  [-0.65619698 -0.84168169 -0.48184364  0.61376537 -2.83320696 -1.00271366
 -1.53471773 -0.97666088 -1.23279591 -0.36130548 -3.39901355 -2.85103085
 -0.99011234 -1.43524003 -0.982178   -1.97059292]
log likelihood =  -3775.6171595884434
Edge derivatives =  [1.8956467484443742, 1.2315582802456475, 1.5606436462440665, 4.451855981299362, -0.526506395871757, 0.3895934854836677, -0.6708081433140395, -2.0304870683716016, -1.716401442549126, -0.9651679448472745]
other derivatives: [47.77131153  8.61981653  7.35459298 -3.44164073  0.79612111  0.95813974]
Current x array =  [-0.69285181 -0.85255681 -0.4820747   0.62899664 -2.8283267  -1.06003899
 -1.61227956 -0.99848654 -1.22930132 -0.38951687 -3.58733337 -2.87346776
 -0.97529282 -1.37579762 -0.96095347 -1.92237735]
log likelihood =  -3774.5337366896397
Edge derivatives =  [0.5670214768203992, -0.26370577199624473, 0.5611968207500413, 0.8407789777174226, -0.8916256627895482, 0.23457354243838133, -0.556642597045486, -0.13639770830297732, -0.4351974581031006, -0.10210672964565978]
other derivatives: [ 1.49925472  0.50694189  2.02733736 -1.07784763 -0.1278274  -0.09662078]
Current x array =  [-0.65979051 -0.84274786 -0.48186629  0.6152586  -2.83272851 -1.00833366
 -1.54232165 -0.97880061 -1.23245331 -0.36407124 -3.41747586 -2.8532305
 -0.98865948 -1.42941248 -0.98009721 -1.96586601]
log likelihood =  -3774.506148963373
Edge derivatives =  [0.8611010284199889, -0.18969311265550004, 0.6357502708139424, 0.5982269008000352, -0.7558660065342471, 0.36327177112783665, -0.15998789488865572, -0.11198097037982634, 0.0037013907419241043, -0.14097403404957842]
other derivatives: [ 0.83649547 -0.05891434  0.86666432 -0.08689949 -0.13266599  0.12501042]
Current x array =  [-0.65945335 -0.8410606  -0.48188429  0.60626935 -2.83214661 -1.01606461
 -1.56745628 -0.97719338 -1.2331415  -0.35998849 -3.46480892 -2.86150193
 -0.99238999 -1.4272853  -0.98516054 -1.95720177]
log likelihood =  -3774.4826344310613
Edge derivatives =  [0.8628054593319312, -0.08337668517127322, 0.46295293943334537, 0.15979000958305467, -0.6784937407363204, 0.3976960534027261, 0.004399740407612263, -0.1717582591743528, 0.03977832402099987, -0.2132520880136776]
other derivatives: [ 0.6793116  -0.9173441  -0.4927856   0.12002602 -0.06884546  0.28369605]
Current x array =  [-0.65957922 -0.83967895 -0.48086924  0.6048252  -2.83421711 -1.02154475
 -1.57149578 -0.98098636 -1.22730897 -0.35409017 -3.49815718 -2.86192819
 -0.99317    -1.42404039 -0.98490682 -1.95270992]
log likelihood =  -3774.448127971343
Edge derivatives =  [0.6256052843170373, 0.0630664142365453, -0.3120905028187559, -1.0402731359488837, -0.49243262109768327, 0.4560432645133328, 0.48928756004284, -0.4371657745270249, 0.17926256335064988, -0.3263262345986888]
other derivatives: [-0.49497794  1.34572201  0.83113446  0.93904009 -0.51554124  0.74953801]
Current x array =  [-0.65869384 -0.84420954 -0.48201686  0.59931278 -2.83615715 -1.03540872
 -1.57031381 -0.98879806 -1.20482826 -0.34020095 -3.59062626 -2.85850181
 -0.9972543  -1.41280076 -0.98506523 -1.94384286]
log likelihood =  -3774.4363771271574
Edge derivatives =  [0.40337613777152087, 0.5046875382465592, -0.6871014618789026, -1.1668096551358387, -0.4337114254945777, 0.3484328488924216, 0.40353244429827373, -0.7345970900097997, -0.06998616196098625, -0.5459167076254215]
other derivatives: [-0.14918305 -3.11164467 -5.14531212  0.02105207  0.19628847  0.69489449]
Current x array =  [-0.65974453 -0.83728393 -0.47659363  0.60818771 -2.84396198 -1.03134952
 -1.54717371 -1.01328897 -1.19133587 -0.33756843 -3.63873664 -2.8429841
 -0.99427943 -1.40624094 -0.98133319 -1.94202161]
log likelihood =  -3774.412337725496
Edge derivatives =  [0.40028841701204204, 0.3641207997392684, -0.5821172014750081, -0.9107654435831758, -0.4586803766935543, 0.35796843931203365, 0.26658095586367214, -0.5868061240576599, -0.06904315542507916, -0.4501640919332254]
other derivatives: [-0.35560879 -1.01650858 -1.648732   -0.01926583  0.02597985  0.62000792]
Current x array =  [-0.65911198 -0.84069766 -0.47941904  0.60787251 -2.84133005 -1.02844054
 -1.54718283 -1.00781092 -1.19554348 -0.34133365 -3.62194859 -2.8439261
 -0.9937718  -1.41006745 -0.98193807 -1.94501937]
log likelihood =  -3774.3954290180773
Edge derivatives =  [0.32162415481352546, 0.3348547648305922, -0.5974273929272521, -0.648885195617949, -0.45067412012112995, 0.34367586952369106, 0.08622790927284796, -0.4623059349239972, -0.07259859887876499, -0.39514885093280205]
other derivatives: [-0.53708845  0.09859377  0.97569136 -0.27742726  0.03208862  0.49857634]
Current x array =  [-0.6586192  -0.84253643 -0.48149395  0.60942822 -2.84033067 -1.02243293
 -1.5399463  -1.01005351 -1.19593194 -0.34516676 -3.62730839 -2.83904606
 -0.99249047 -1.4133862  -0.9825593  -1.94792181]
log likelihood =  -3774.3744408546413
Edge derivatives =  [0.2221768763887155, 0.4129459285646217, -0.6480943850413271, -0.24968271748282655, -0.39739254390080186, 0.32382887579405717, -0.12679431387897333, -0.24374790906530308, 0.012232589340807176, -0.3410906904580098]
other derivatives: [-0.74418767  1.20690311  2.68616486 -0.53957774  0.1040628   0.28295045]
Current x array =  [-0.65811738 -0.84419578 -0.48299216  0.61122985 -2.83947675 -1.01143075
 -1.52768236 -1.0188816  -1.19480595 -0.35079327 -3.65839014 -2.82839649
 -0.99074482 -1.41815454 -0.98460126 -1.95122887]
log likelihood =  -3774.350306951253
Edge derivatives =  [0.10699154684225422, 0.4974621334617394, -0.7154429194404116, 0.0560504632544464, -0.29829758764543896, 0.32002548695026123, -0.22702602348588186, 0.11267913907956036, 0.26149339205050304, -0.25099081056936495]
other derivatives: [-1.49032985e-01  1.49637117e+00  2.98426176e+00 -3.94789367e-01
  1.20244309e-01 -2.78214429e-03]
Current x array =  [-0.65836933 -0.84403288 -0.48366184  0.60961078 -2.83809814 -0.99647584
 -1.51412895 -1.03018304 -1.19401283 -0.35568395 -3.71590363 -2.81365452
 -0.9903273  -1.42532203 -0.98892969 -1.95514178]
log likelihood =  -3774.333689010714
Edge derivatives =  [0.19549937693069017, 0.6261438264208109, -0.32998773458294406, 1.2907716234652837, -0.11836152303402682, 0.3044660791132163, -0.30354537477209076, -0.003296309335717576, -0.400727306167879, -0.32049885467852635]
other derivatives: [-3.46155684  3.43577994 -1.15844523 -0.08280267 -0.38698401 -0.20169864]
Current x array =  [-0.65593286 -0.84718563 -0.48106502  0.60931096 -2.83188395 -0.99068709
 -1.50901632 -1.0342863  -1.20399108 -0.37058197 -3.85094674 -2.79172879
 -0.98851411 -1.41883536 -0.98232611 -1.95582383]
log likelihood =  -3774.308397315841
Edge derivatives =  [0.0241074864289596, 0.4937540272792346, -0.47737115688143666, 0.9040326787702287, -0.044310623660614945, 0.31233871217549014, -0.16514740903119607, -0.017702182822363605, -0.2343663336014321, -0.2936569325978283]
other derivatives: [-1.40159409 -0.60835146  2.02229012  0.05525862 -0.1077196  -0.25712416]
Current x array =  [-0.65751964 -0.83962545 -0.48387862  0.60483746 -2.83318117 -0.98535631
 -1.50512341 -1.03939718 -1.20435694 -0.36659758 -3.92103125 -2.78078294
 -0.99098259 -1.42078043 -0.98495944 -1.95653784]
log likelihood =  -3774.3009953239844
Edge derivatives =  [0.06277523885668142, 0.452882399094818, -0.4031254397736027, 0.6830428673298079, -0.026074358658227513, 0.3408894630143879, 0.06490188179601497, -0.012183798714736002, -0.21458858665431463, -0.251060881328163]
other derivatives: [ 2.33119363  0.04939193  0.57728721  0.34351297 -0.23875012 -0.1245503 ]
Current x array =  [-0.66028158 -0.84049905 -0.48245298  0.60295231 -2.83298024 -0.99042512
 -1.50925807 -1.0334531  -1.2058796  -0.36277067 -3.92908005 -2.78189917
 -0.99248387 -1.41849073 -0.98425437 -1.9561529 ]
log likelihood =  -3774.2962478755776
Edge derivatives =  [0.07544906617714395, 0.3808548368251042, -0.34953729934909883, 0.5146300546607838, -0.020265697838905868, 0.3529791259202948, 0.14691974568523192, -0.056717136209092384, -0.2260404133880969, -0.2368906696383214]
other derivatives: [ 1.13579244 -0.34869572 -0.117122    0.47479807 -0.30303588 -0.06330447]
Current x array =  [-0.65954415 -0.83998551 -0.48199394  0.60215276 -2.83298364 -0.99331099
 -1.51243583 -1.0291419  -1.20823638 -0.36060506 -3.93387159 -2.78234948
 -0.99322641 -1.41716542 -0.98380935 -1.95615807]
log likelihood =  -3774.2900771676104
Edge derivatives =  [0.08302144474645784, 0.24004505928460623, -0.18189577638445537, 0.32282641883445373, 0.0011092246459575728, 0.36669060132727854, 0.23875906270203162, -0.058711519101575016, -0.215273190573495, -0.1697960781713614]
other derivatives: [-0.2706106  -0.71505701 -0.99224917  0.56614181 -0.36045721 -0.0308346 ]
Current x array =  [-0.65864064 -0.83954785 -0.48141037  0.60174636 -2.83288875 -0.99524541
 -1.51497751 -1.02179933 -1.21477577 -0.3578943  -3.95264303 -2.77895861
 -0.99397624 -1.41630451 -0.98353786 -1.95808685]
log likelihood =  -3774.284583460644
Edge derivatives =  [0.057287075391855305, 0.12317807737985377, -0.025929614024560024, 0.13171076758087463, 0.024973260165896648, 0.3655498667078289, 0.2712805173834223, -0.03200148718527053, -0.16034570623306615, -0.0870945146671614]
other derivatives: [-0.90449112 -0.6708442  -1.16777983  0.43191631 -0.30258839 -0.03595642]
Current x array =  [-0.65817154 -0.83983969 -0.48121202  0.60303138 -2.83367765 -0.99534356
 -1.51387685 -1.01636739 -1.22085994 -0.35491804 -3.97678388 -2.77232665
 -0.99398075 -1.41598205 -0.98372881 -1.96098723]
log likelihood =  -3774.2788710523528
Edge derivatives =  [-0.000868484623834917, 0.032557431546873086, 0.1130630822303716, -0.07000754875046811, 0.048865971218677286, 0.3348927945842713, 0.17279717137042594, 0.0032158062804155813, -0.017340648332418912, 0.00647792486639321]
other derivatives: [-0.67862265 -0.17252387 -0.50323069  0.03267724 -0.07544763 -0.07288099]
Current x array =  [-0.65818628 -0.84099041 -0.48145019  0.60626802 -2.83593472 -0.99410192
 -1.50934751 -1.01266337 -1.22624301 -0.35131366 -4.00766203 -2.76053247
 -0.99226015 -1.41586861 -0.98477568 -1.96478748]
log likelihood =  -3774.276980260667
Edge derivatives =  [-0.0466616769331763, -0.0009152647475078601, 0.12745380553131364, -0.08037840235376015, 0.05025967807408578, 0.2969960696294374, 0.027639091605687227, 0.016783588542357578, 0.035249891678951706, 0.03378569215977451]
other derivatives: [-0.16071863  0.02124989 -0.13655153 -0.15154365  0.01868754 -0.09766745]
Current x array =  [-0.65850007 -0.8414433  -0.48154052  0.60774215 -2.83691126 -0.99336565
 -1.50608791 -1.01175195 -1.22707566 -0.35081357 -4.01513598 -2.75344318
 -0.99033969 -1.41619328 -0.98515978 -1.96657709]
log likelihood =  -3774.2756212263866
Edge derivatives =  [-0.09173571074915392, -0.02842358505982348, 0.09331525563761939, -0.06524991696280613, 0.04249798540891615, 0.25217239118291257, -0.12168358179393646, 0.01442404644878012, 0.063985846237741, 0.04156780345667063]
other derivatives: [ 0.33626111  0.19771187  0.31420905 -0.22778613  0.06969295 -0.09982887]
Current x array =  [-0.65881824 -0.84184026 -0.48173551  0.60828239 -2.83763648 -0.99354322
 -1.50371691 -1.011106   -1.22635078 -0.35084419 -4.01360162 -2.74715417
 -0.98849104 -1.41651549 -0.98530586 -1.96771909]
log likelihood =  -3774.2744461845195
Edge derivatives =  [-0.13190391133843027, -0.054305058752551164, 0.040564459083579085, -0.0343795242570657, 0.030175537627976288, 0.20221712458650365, -0.24692716305117324, 0.011684388233092133, 0.0795182881857745, 0.038715613029024355]
other derivatives: [ 0.57778107  0.17733237  0.35082758 -0.21229289  0.09120021 -0.08970801]
Current x array =  [-0.65901524 -0.84188827 -0.48165992  0.60816977 -2.83818543 -0.99420579
 -1.50203389 -1.01042298 -1.22502823 -0.35121063 -4.00719009 -2.7409716
 -0.98696839 -1.41698308 -0.9853131  -1.96860296]
log likelihood =  -3774.273341234397
Edge derivatives =  [-0.1708990854936447, -0.1286227976082483, -0.03461754444210059, 0.054247969674541596, 0.014256224562297016, 0.12037569641344824, -0.25068033239968857, -0.07704860894220633, -0.035193292391503816, 0.010816955286077283]
other derivatives: [6.66779215e-01 5.70943030e-01 1.58839975e+00 1.12959242e-03
 1.28701994e-02 3.41697159e-03]
Current x array =  [-0.65899384 -0.8426203  -0.48266921  0.60596925 -2.83786925 -0.99826846
 -1.50344102 -1.0075962  -1.22371321 -0.35232565 -4.00302955 -2.72964201
 -0.98718494 -1.41615643 -0.98371569 -1.96902687]
log likelihood =  -3774.27175009299
Edge derivatives =  [-0.18840530812684084, -0.1251300784169772, -0.04777918498474544, 0.12501948671129215, 0.014178097781478162, 0.07029419526389588, -0.25025952978509947, -0.047769675595048536, -0.02703330826486744, 0.003978547064133878]
other derivatives: [ 0.42012425  0.14800753  0.32182879  0.07496101  0.03428957 -0.00824639]
Current x array =  [-0.65894642 -0.8419075  -0.48169884  0.60569242 -2.83816792 -0.99779225
 -1.50185989 -1.00805811 -1.22339941 -0.35314132 -4.00757316 -2.72168241
 -0.98707642 -1.41698961 -0.98372257 -1.97006596]
log likelihood =  -3774.2711966860097
Edge derivatives =  [-0.1717525660703935, -0.1150457038533295, -0.040446743416868755, 0.14274510706623733, 0.017958208884402648, 0.06643747916510778, -0.14750450120357417, -0.051941699717931, -0.053399193286679275, -0.007164448065460696]
other derivatives: [ 0.07602466 -0.04829963 -0.06500477  0.14227271  0.01495603  0.00360296]
Current x array =  [-0.65873745 -0.84152592 -0.48150357  0.60517096 -2.83784812 -0.99809623
 -1.50304219 -1.00842277 -1.22363446 -0.35338128 -4.01157575 -2.72031466
 -0.98835827 -1.41694079 -0.98345541 -1.96983534]
log likelihood =  -3774.2708254184827
Edge derivatives =  [-0.1509623581259465, -0.10361293457551414, -0.03462212460209191, 0.13781362082234594, 0.020486624864544053, 0.060828593500140096, -0.03553901336086296, -0.06175523899903744, -0.0744551544531917, -0.01774663671194348]
other derivatives: [-0.11400243 -0.10290296 -0.21851429  0.18490937 -0.00213771  0.02670913]
Current x array =  [-0.65860833 -0.84139027 -0.48147088  0.60480018 -2.83756252 -0.99885762
 -1.50471716 -1.00864681 -1.22378913 -0.35326207 -4.01476074 -2.71864579
 -0.98974434 -1.41676955 -0.98319296 -1.96954491]
log likelihood =  -3774.270296273689
Edge derivatives =  [-0.12810379779116776, -0.07158912671020116, -0.04779154319722374, 0.10503725381618789, 0.018721595358241125, 0.044557504349802976, 0.05078732070347569, -0.0622027599287657, -0.06321683399413, -0.031193211181509008]
other derivatives: [-0.42182774 -0.13872068 -0.18338551  0.12957526  0.00486748  0.04286949]
Current x array =  [-0.65837302 -0.84131336 -0.48156743  0.60521496 -2.83742675 -0.99933306
 -1.50636424 -1.00995035 -1.22327657 -0.35281016 -4.01535482 -2.71574393
 -0.99091086 -1.41707331 -0.9833192  -1.96936286]
log likelihood =  -3774.27008610701
Edge derivatives =  [-0.057165076486589486, 0.010639599796125623, -0.06130728488873108, 0.05203080075603406, 0.01309612208486005, 0.016763230703108027, 0.2517536325870732, -0.038261918346875035, -0.039742061284388036, -0.0521876755431684]
other derivatives: [ 0.6813234  -0.0287946  -0.31992568  0.06347364 -0.01526323  0.08467037]
Current x array =  [-0.65913079 -0.84126015 -0.48150617  0.60562992 -2.83674362 -1.0006654
 -1.51089131 -1.01245442 -1.22211884 -0.35182466 -4.0116279  -2.71072103
 -0.99340335 -1.41791837 -0.98349755 -1.96886511]
log likelihood =  -3774.2695773957416
Edge derivatives =  [-0.0783696536230682, -0.00329519504929833, -0.06702873275973871, -0.00016043807319587877, 0.01017334291397744, 0.002421721486717366, 0.13932211008133, -0.0357825069952661, -0.0022192073762577758, -0.040954696246847]
other derivatives: [-0.12136297  0.03807327 -0.03298555 -0.04320646  0.01488462  0.06268042]
Current x array =  [-0.65853372 -0.84153767 -0.48170294  0.60658375 -2.83722525 -1.00011829
 -1.50956442 -1.01233657 -1.22231894 -0.3512415  -4.01210696 -2.70871638
 -0.99212584 -1.41823114 -0.98390811 -1.96963515]
log likelihood =  -3774.269491827619
Edge derivatives =  [-0.08174733205883485, -0.00702871418714468, -0.06604765133523002, -0.005332647619732067, 0.008992903945559069, 0.00654343715272538, 0.09123375696837033, -0.03080863752463671, 0.006007860690255079, -0.035546133144781424]
other derivatives: [-0.03313062  0.01407943  0.02931483 -0.05291758  0.01758097  0.0506534 ]
Current x array =  [-0.65859914 -0.84149581 -0.48172831  0.60664399 -2.83728074 -0.99976645
 -1.50922865 -1.01228482 -1.2223802  -0.35121299 -4.01058455 -2.70958304
 -0.99154842 -1.41836887 -0.9840271  -1.9697595 ]
log likelihood =  -3774.269330906258
Edge derivatives =  [-0.06478571437056801, 0.00483444822560368, -0.06201069557693978, -0.024383828980614974, 0.004334487047958784, 0.006434464701080191, 0.014069944330429962, -0.015535973608865383, 0.017062009190029842, -0.028436463203503112]
other derivatives: [ 0.08184952  0.08263669  0.03766354 -0.04087633 -0.00174724  0.03060541]
Current x array =  [-0.65868371 -0.84157065 -0.48173723  0.6065529  -2.8371617  -0.99942765
 -1.51001874 -1.0125958  -1.22242225 -0.35100417 -4.00634363 -2.70987822
 -0.9906592  -1.41885546 -0.98419021 -1.96999489]
log likelihood =  -3774.269241737372
Edge derivatives =  [-0.032650764954156336, 0.016611787200617373, -0.04605157570053456, -0.032357660345025185, 0.0005985128666613519, 0.002108152120773022, -0.0384081732972924, -0.008897617593516552, 0.013772887558964303, -0.022895287718518807]
other derivatives: [ 0.1342687  -0.21470078  0.21929873 -0.03722471  0.00728196  0.00562795]
Current x array =  [-0.65873251 -0.84095466 -0.48194616  0.6062478  -2.83697397 -0.99894967
 -1.51206566 -1.01329484 -1.22299063 -0.35091476 -4.00435397 -2.70896854
 -0.99019764 -1.41956039 -0.98425113 -1.9703693 ]
log likelihood =  -3774.269143092355
Edge derivatives =  [-0.014703998648696925, 0.023850315206649764, -0.030632834188038027, -0.01966977888784771, 6.726681965280902e-05, 0.0019921302985604628, -0.043736845714422046, -0.0018501812762951736, 0.0027373274419277283, -0.019109065280686822]
other derivatives: [ 0.04756612 -0.00570253  0.03506875  0.01786293 -0.01232764  0.00384171]
Current x array =  [-0.65866729 -0.84129502 -0.48183281  0.60590669 -2.83686886 -0.99914608
 -1.51290512 -1.01304329 -1.22329291 -0.350998   -4.00365633 -2.70872783
 -0.99009315 -1.41957612 -0.98409215 -1.97047113]
log likelihood =  -3774.2691209878353
Edge derivatives =  [-0.007920825361394337, 0.023534811819724014, -0.021336585916294587, -0.008568636479678093, 0.0010412501742979325, 0.0010550752216155514, -0.024553088807317103, -0.002975227336635314, -0.0049841865312448, -0.018153010463145998]
other derivatives: [-0.02151182  0.01218223 -0.00927321  0.03053719 -0.00882675  0.00662703]
Current x array =  [-0.65861542 -0.84131939 -0.48181808  0.60580108 -2.836855   -0.99927822
 -1.51330802 -1.01287994 -1.22354429 -0.35108213 -4.00467411 -2.70829242
 -0.9903165  -1.41952107 -0.98398541 -1.97052971]
log likelihood =  -3774.2691066730704
Edge derivatives =  [-0.00172572671784188, 0.021222103967969294, -0.00999934182659086, 0.002162361524925549, 0.0019490223144039255, 0.0005916224073582964, -0.010832048751863166, -0.0026588743609648607, -0.008583721291098079, -0.014824828022925451]
other derivatives: [-0.05035508  0.00625869 -0.02209072  0.02837169  0.00113235  0.00696537]
Current x array =  [-0.65859056 -0.84130278 -0.48181876  0.60579793 -2.83686964 -0.9993116
 -1.51365013 -1.01266872 -1.22386296 -0.35115351 -4.00556095 -2.70791173
 -0.99047608 -1.41951243 -0.98392633 -1.97067062]
log likelihood =  -3774.269093667086
Edge derivatives =  [0.0018234743454430685, 0.013412765910446267, 0.0021685008721020194, 0.00935758764419381, 0.0027017201104469852, 0.001555232285035426, -0.001909724111490707, -0.001501627394466909, -0.0075641392189435, -0.007553535351755111]
other derivatives: [-0.00400269  0.03063269  0.04386766  0.01099897  0.00741485  0.00572572]
Current x array =  [-0.65861074 -0.84134142 -0.481865    0.60591429 -2.83684564 -0.99927122
 -1.51387234 -1.0122401  -1.224229   -0.35119344 -4.00605879 -2.70775404
 -0.99058643 -1.41950822 -0.98392065 -1.97091634]
log likelihood =  -3774.269091060962
Edge derivatives =  [0.0035362370905874657, 0.006194481603556123, 0.012617552048334785, 0.007861362754041257, 0.0030564803896275276, 0.002491942581598447, -0.0057903876131265575, 0.003142146479261837, 0.0005268819461627383, 0.00019774887241044703]
other derivatives: [-0.02376373 -0.02309298 -0.06660866 -0.00946693  0.01003418 -0.00012233]
Current x array =  [-0.65860676 -0.84125883 -0.4817661   0.60612921 -2.83684026 -0.99908839
 -1.51389225 -1.01185186 -1.22454328 -0.35116048 -4.00607947 -2.70774246
 -0.99052348 -1.41957418 -0.98399995 -1.97121291]
      fun: 3774.269091060962
 hess_inv: <16x16 LbfgsInvHessProduct with dtype=float64>
      jac: array([ 0.02376373,  0.02309298,  0.06660866,  0.00946693, -0.01003418,
        0.00012233, -0.00353624, -0.00619448, -0.01261755, -0.00786136,
       -0.00305648, -0.00249194,  0.00579039, -0.00314215, -0.00052688,
       -0.00019775])
  message: 'CONVERGENCE: REL_REDUCTION_OF_F_<=_FACTR*EPSMCH'
     nfev: 63
      nit: 60
     njev: 63
   status: 0
  success: True
        x: array([-0.65860676, -0.84125883, -0.4817661 ,  0.60612921, -2.83684026,
       -0.99908839, -1.51389225, -1.01185186, -1.22454328, -0.35116048,
       -4.00607947, -2.70774246, -0.99052348, -1.41957418, -0.98399995,
       -1.97121291])
