number of sites to be analyzed:  472
log likelihood =  -5331.952685004574
Lr derivatives =  [142.82168994717583, -217.87657248435661, -127.91292235454559]
other derivatives =  [  28.66491377  -26.65094325   43.63669814 -115.20042062  380.0946497
   77.71564833]
Current x_clock array =  [-0.66804126 -0.72108196 -0.58500792  0.18232156 -0.10536052  0.33647224
 -0.51082562 -0.51082562 -0.51082562]
log likelihood =  -5025.573492878798
Lr derivatives =  [-134.58666800949044, -345.46500185968017, -259.48038150440857]
other derivatives =  [-137.0912214   -13.68386893  -99.36677816  -52.64219544  246.54609751
   26.5414692 ]
Current x_clock array =  [-0.73434486 -0.71952971 -0.68594212  0.44878678 -0.98454137  0.15671146
 -0.84118043 -0.50964405 -0.50964405]
log likelihood =  -4642.720908738143
Lr derivatives =  [-152.5463932148968, -207.53695115591438, -95.83018688397644]
other derivatives =  [434.77722102  55.74466923 -69.29664505  66.68630976 -26.31553876
  44.21512767]
Current x_clock array =  [-0.51272876 -0.70928683 -0.60711663  0.98553783 -2.9278042  -0.18417117
 -1.0340135   0.         -0.01442557]
log likelihood =  -4681.052161591353
Lr derivatives =  [-100.98348711267413, -167.20606555105655, 134.09471648628823]
other derivatives =  [-508.03420351  -15.5639209    14.44106965   52.06806964  -34.1416006
   49.33992386]
Current x_clock array =  [-1.01321425 -0.77695083 -0.45703296  0.94868899 -3.11351383 -0.27339109
 -0.76553927  0.          0.        ]
log likelihood =  -4598.515888213028
Lr derivatives =  [-127.89672800750512, -189.95451819499687, -94.0360858566795]
other derivatives =  [-108.12046639   28.43983202  -55.62923707   61.28980658  -30.74665565
   45.96147483]
Current x_clock array =  [-0.70107745 -0.73475095 -0.55063535  0.97167043 -2.99769267 -0.21774748
 -0.93297806  0.         -0.00899677]
log likelihood =  -4577.6856748003775
Lr derivatives =  [-59.49603677057618, -146.66268485973262, 103.07931006536819]
other derivatives =  [-59.47081627  25.40828518   7.21727338  38.66329189   2.74808781
  52.26229678]
Current x_clock array =  [-0.68896396 -0.74736593 -0.50820818  0.88829421 -2.79543924 -0.19937048
 -0.81258655  0.          0.        ]
log likelihood =  -4587.727100918139
Lr derivatives =  [35.309245262399074, -96.13987448759069, -67.42565208534003]
other derivatives =  [ 7.74146883 10.00857719 70.37163505  8.32119167 54.94335114 57.49321372]
Current x_clock array =  [-0.66905541 -0.77225657 -0.47831863  0.76471026 -2.51074281 -0.19085122
 -0.66088167  0.         -0.08628165]
log likelihood =  -4576.912039215545
Lr derivatives =  [-34.415769129042296, -133.20852604660664, -76.3586825275777]
other derivatives =  [-40.90747188  21.30631674  23.32172971  30.13814057  15.85686001
  53.75203546]
Current x_clock array =  [-0.68347376 -0.75423004 -0.49996551  0.85421335 -2.71692825 -0.19702111
 -0.77075076  0.         -0.02379397]
log likelihood =  -4573.465621799354
Lr derivatives =  [-19.501870609907513, -123.45698314859915, -72.03616698613871]
other derivatives =  [-22.69902234  15.26971209  29.31673316  26.39579361  18.63069051
  53.41779251]
Current x_clock array =  [-0.67631066 -0.76414909 -0.49573522  0.8398123  -2.72478092 -0.21760657
 -0.73906994  0.         -0.01505523]
log likelihood =  -4562.2649577216525
Lr derivatives =  [10.682155869299326, -104.69795709386689, 47.007961256895214]
other derivatives =  [12.58286829 -6.04922843  3.18944149 18.6706111  11.18558322 46.40280531]
Current x_clock array =  [-0.66090179 -0.79798124 -0.50451375  0.79708021 -2.85513684 -0.34736945
 -0.65145915  0.          0.        ]
log likelihood =  -4556.190955414168
Lr derivatives =  [32.97190903437385, -92.05647474756624, -74.93003758412183]
other derivatives =  [ 28.71031757 -27.72157495 -30.16031224  10.15556427  -5.90294186
  34.52126111]
Current x_clock array =  [-0.65419392 -0.83419175 -0.51416606  0.73680834 -3.06506493 -0.55731476
 -0.55660006  0.         -0.0114428 ]
log likelihood =  -4552.869085289127
Lr derivatives =  [33.188233764538346, -90.10008033016106, 28.45590643119067]
other derivatives =  [ 25.45926054 -21.35587511   7.39376719   5.9808508  -12.88029168
  29.75736879]
Current x_clock array =  [-0.65803943 -0.83086888 -0.49112306  0.70986385 -3.15073521 -0.65970449
 -0.53553667  0.          0.        ]
log likelihood =  -4550.725169994009
Lr derivatives =  [24.393192264507356, -95.26837887573589, -80.34345603131322]
other derivatives =  [ 15.14380983  -7.94425796  26.71478251   4.2984675  -18.47386542
  26.20045598]
Current x_clock array =  [-6.63651864e-01 -8.15615740e-01 -4.81695817e-01  6.87978171e-01
 -3.18991846e+00 -7.38994973e-01 -5.47782286e-01  0.00000000e+00
 -1.26571750e-03]
log likelihood =  -4547.833984146966
Lr derivatives =  [5.390138481958001, -106.80910609092625, 50.709513743640855]
other derivatives =  [  4.71168369  26.16584243  54.0129513    1.08062522 -25.69332822
  20.64743603]
Current x_clock array =  [-0.66998724 -0.77658885 -0.47141351  0.64196168 -3.22185977 -0.88518932
 -0.59209624  0.          0.        ]
log likelihood =  -4546.354791212015
Lr derivatives =  [-7.742240621969064, -116.55188485148814, -94.19858178106858]
other derivatives =  [ -0.4413514   54.7353211   38.34270774  -3.17756712 -26.15033857
  16.55308201]
Current x_clock array =  [-0.67248567 -0.74348118 -0.48398601  0.58525356 -3.18500768 -1.0141053
 -0.63863817  0.         -0.0110897 ]
log likelihood =  -4544.335169626389
Lr derivatives =  [1.3667525095741873, -111.3466687894465, -91.95123553221933]
other derivatives =  [  1.81951418  47.27814485  18.37612854  -6.69225392 -21.12678462
  15.73483444]
Current x_clock array =  [-0.67148031 -0.75086646 -0.49496939  0.55841968 -3.1455289  -1.04964388
 -0.62854905  0.         -0.011891  ]
log likelihood =  -4539.920601576212
Lr derivatives =  [0.598144660683328, -111.53275708776187, -91.47261379088933]
other derivatives =  [ -9.2430073   -5.24962161   3.38853079 -19.82161302  -4.95592455
  11.86815386]
Current x_clock array =  [-0.67548688 -0.79676948 -0.50915249  0.46286237 -2.99428933 -1.25118456
 -0.65020166  0.         -0.01383005]
log likelihood =  -4538.1318836419305
Lr derivatives =  [3.8663210812121207, -109.49163652943734, -91.06928665103425]
other derivatives =  [ 24.30381028  -5.47855961 -20.48279202 -18.56782183  -3.21128354
   9.62125956]
Current x_clock array =  [-0.65986753 -0.79833243 -0.52417841  0.47147935 -2.97372731 -1.37872633
 -0.65508285  0.         -0.00926365]
log likelihood =  -4534.86723492081
Lr derivatives =  [1.0077646635979534, -110.24047350975651, 54.616339184576645]
other derivatives =  [ 19.94426839  -8.80184143 -51.69892756 -12.30715952  -3.33100313
   5.75179823]
Current x_clock array =  [-0.65975708 -0.80150795 -0.54245508  0.51261532 -2.95375097 -1.69301468
 -0.66985755  0.          0.        ]
log likelihood =  -4533.53418505111
Lr derivatives =  [-10.599442731093596, -116.83439580474644, 63.71692506945692]
other derivatives =  [ -2.32262664  -6.55631447 -47.63911875  -9.36076776  -4.29753732
   4.16940843]
Current x_clock array =  [-0.66886153 -0.79622838 -0.54043197  0.53060798 -2.94040459 -1.89069069
 -0.69202405  0.          0.        ]
log likelihood =  -4531.48969562895
Lr derivatives =  [-11.032627308542974, -115.3449748589419, -99.24770570393416]
other derivatives =  [32.66468684  0.21206051 11.10617723 -2.05687684  6.71407774  1.69448459]
Current x_clock array =  [-6.56151365e-01 -7.90929132e-01 -5.05217450e-01  6.17160122e-01
 -2.83878836e+00 -2.43290032e+00 -6.97491296e-01  0.00000000e+00
 -2.77200089e-03]
log likelihood =  -4530.56653220605
Lr derivatives =  [-7.581119286292566, -112.54078249617844, 60.0609382672701]
other derivatives =  [12.06176603  1.91649087  8.13229508  1.50441701  3.27341088  1.38636671]
Current x_clock array =  [-0.66506033 -0.79092804 -0.50342152  0.64144539 -2.87198046 -2.54305194
 -0.6839305   0.          0.        ]
log likelihood =  -4530.521570734057
Lr derivatives =  [-4.65245848876669, -110.6064435336242, -99.70219431677593]
other derivatives =  [-19.20219165   4.61522905  -0.80761311   2.59343869   0.26145829
   1.14755761]
Current x_clock array =  [-6.79194084e-01 -7.88527245e-01 -5.05592079e-01  6.43576909e-01
 -2.89975080e+00 -2.63936696e+00 -6.73043167e-01  0.00000000e+00
 -1.36930893e-03]
log likelihood =  -4530.262658695843
Lr derivatives =  [-0.4293429266813007, -107.66541066660827, 54.04745024861768]
other derivatives =  [-16.0169493    2.9757839   -1.32916011   3.4473378    1.63973773
   0.95301768]
Current x_clock array =  [-0.67792009 -0.79129866 -0.50508937  0.65342167 -2.89271232 -2.74257287
 -0.66593952  0.          0.        ]
log likelihood =  -4530.226834393568
Lr derivatives =  [0.8853223081897035, -106.86262909539306, -98.23671142397882]
other derivatives =  [-7.67613892  3.06777019 -0.85661213  3.25422388  3.27499266  0.87318203]
Current x_clock array =  [-6.74229597e-01 -7.91377231e-01 -5.05364307e-01  6.54178984e-01
 -2.87931755e+00 -2.79234159e+00 -6.66300299e-01  0.00000000e+00
 -1.82462511e-04]
log likelihood =  -4530.167384375053
Lr derivatives =  [3.522035148467534, -105.13121292680174, 50.8046468894463]
other derivatives =  [-0.46492642  2.55474333 -3.33000844  3.37786605  4.93906383  0.70230404]
Current x_clock array =  [-0.67103768 -0.79235583 -0.5068845   0.65707798 -2.86673316 -2.91287474
 -0.66435036  0.          0.        ]
log likelihood =  -4530.136219320939
Lr derivatives =  [5.2775949279741035, -103.96525238297416, -98.04465204546666]
other derivatives =  [-3.91768026  2.91306424 -8.71727661  3.76540629  4.75203438  0.56374421]
Current x_clock array =  [-6.72528184e-01 -7.92260422e-01 -5.09331336e-01  6.58631607e-01
 -2.86878219e+00 -3.02967856e+00 -6.61451729e-01  0.00000000e+00
 -1.62046398e-04]
log likelihood =  -4530.090131384735
Lr derivatives =  [4.918533977506268, -104.11697518326051, -98.47052431395372]
other derivatives =  [ -7.65839468   3.04000605 -11.57753013   4.01877787   3.92619963
   0.49897158]
Current x_clock array =  [-6.74090409e-01 -7.92072256e-01 -5.10643151e-01  6.58584536e-01
 -2.87471492e+00 -3.09604892e+00 -6.61483662e-01  0.00000000e+00
 -8.37246732e-05]
log likelihood =  -4529.916535251499
Lr derivatives =  [3.261349545870864, -104.62784840302155, 50.68322934675962]
other derivatives =  [-17.10389279   6.3138159   -1.61162825   0.88544675   3.90194973
   0.26764596]
Current x_clock array =  [-0.67925243 -0.7876534  -0.50578783  0.63336072 -2.87492415 -3.47185861
 -0.66533618  0.          0.        ]
log likelihood =  -4529.8528865091
Lr derivatives =  [3.125099428584239, -104.69785420206462, 50.786456995410845]
other derivatives =  [-13.65397111   6.16082616  -5.28127475  -0.134738     3.63996706
   0.21417938]
Current x_clock array =  [-0.67757789 -0.78765132 -0.50835221  0.62386394 -2.87664409 -3.60279922
 -0.66699426  0.          0.        ]
log likelihood =  -4530.122548904641
Lr derivatives =  [0.8968723751165264, -104.53277573229897, -104.69153344963615]
other derivatives =  [  8.57433224 -12.052893     9.45595275   0.65073527  -7.66046252
   0.07184916]
Current x_clock array =  [-6.67152830e-01 -8.11287138e-01 -4.97477940e-01  6.31101527e-01
 -2.98908223e+00 -4.13152116e+00 -6.48638131e-01  0.00000000e+00
 -2.51445847e-05]
log likelihood =  -4529.703442596672
Lr derivatives =  [2.284794861619112, -104.62804815701193, -102.02452111382121]
other derivatives =  [-5.48780463 -0.70354054  0.04154936  0.18653827 -0.63293524  0.1452429 ]
Current x_clock array =  [-6.73708082e-01 -7.96424997e-01 -5.04315655e-01  6.26550553e-01
 -2.91838142e+00 -3.79906218e+00 -6.60180417e-01  0.00000000e+00
 -9.33373509e-06]
log likelihood =  -4529.672638367458
Lr derivatives =  [2.3406718725894287, -104.56153503962818, 51.110328058712184]
other derivatives =  [-0.77722962 -0.39592305 -1.03063121 -1.21129506 -0.23760359  0.1070243 ]
Current x_clock array =  [-0.67167598 -0.7958651  -0.50566693  0.6152859  -2.91498987 -3.98643009
 -0.66222186  0.          0.        ]
log likelihood =  -4529.685471685216
Lr derivatives =  [2.6438799346497603, -104.34804805478834, -102.41252162008786]
other derivatives =  [ 2.69310749  0.40015948 -0.16959166 -2.56862768  0.56251439  0.08023368]
Current x_clock array =  [-6.70336488e-01 -7.94776461e-01 -5.05892572e-01  6.05192809e-01
 -2.90852686e+00 -4.17059501e+00 -6.63816795e-01  0.00000000e+00
 -1.21303911e-04]
log likelihood =  -4529.672976045134
Lr derivatives =  [2.409969052971551, -104.51150409655841, -102.32478258328791]
other derivatives =  [-0.00918953 -0.21916912 -0.84072963 -1.51143831 -0.06101906  0.10031865]
Current x_clock array =  [-6.71379206e-01 -7.95623903e-01 -5.05716925e-01  6.13049675e-01
 -2.91355793e+00 -4.02723363e+00 -6.62575234e-01  0.00000000e+00
 -2.68760667e-05]
log likelihood =  -4529.672569999999
Lr derivatives =  [2.3631507758991823, -104.54523948559319, -102.3046538617782]
other derivatives =  [-0.52830728 -0.33861761 -0.96909298 -1.30855733 -0.18040603  0.10479774]
Current x_clock array =  [-6.71579768e-01 -7.95786905e-01 -5.05683140e-01  6.14560907e-01
 -2.91452563e+00 -3.99965874e+00 -6.62336425e-01  0.00000000e+00
 -8.71331566e-06]
log likelihood =  -4529.661592727245
Lr derivatives =  [2.646423974351478, -104.28842090786098, -102.47709190147444]
other derivatives =  [ 1.74014713 -0.20550669 -0.61144783 -1.99095302  0.1361861   0.07582545]
Current x_clock array =  [-6.70675218e-01 -7.95595068e-01 -5.05799843e-01  6.09447465e-01
 -2.91220953e+00 -4.19836817e+00 -6.62848753e-01  0.00000000e+00
 -6.09767183e-08]
log likelihood =  -4529.713677749727
Lr derivatives =  [0.5856453116537068, -105.32409774372137, 52.36925062490627]
other derivatives =  [  1.07817868 -10.72263876   1.26652321   0.51963434   2.91589099
   0.03977825]
Current x_clock array =  [-0.67036754 -0.80604461 -0.50468782  0.63267669 -2.88453597 -4.62765281
 -0.66723515  0.          0.        ]
log likelihood =  -4529.648627750672
Lr derivatives =  [2.016068024173311, -104.59710910735956, -102.53442922482817]
other derivatives =  [ 1.5339001  -3.46599336 -0.03937112 -1.22327401  0.98326623  0.06190082]
Current x_clock array =  [-6.70580692e-01 -7.98805408e-01 -5.05458204e-01  6.16584023e-01
 -2.90370757e+00 -4.33025437e+00 -6.64196355e-01  0.00000000e+00
 -4.22432561e-08]
log likelihood =  -4530.996136548584
Lr derivatives =  [-18.656371598165375, -118.05575108057793, 68.35607564426027]
other derivatives =  [ 4.01311454e+01  2.33224882e+01  1.50720007e+00  1.03715302e+01
 -2.74169769e+00  3.51540446e-02]
Current x_clock array =  [-0.65215367 -0.76989707 -0.50736823  0.69458551 -2.89535528 -4.68826149
 -0.70735067  0.          0.        ]
log likelihood =  -4529.637328434664
Lr derivatives =  [0.2968950484459576, -105.7170924148812, -102.96946991386905]
other derivatives =  [ 4.66343863 -1.29099408  0.08063398 -0.28033719  0.66028602  0.05920227]
Current x_clock array =  [-6.69040169e-01 -7.96388634e-01 -5.05617885e-01  6.23105048e-01
 -2.90300931e+00 -4.36018422e+00 -6.67804111e-01  0.00000000e+00
 -3.87116656e-08]
log likelihood =  -4537.156725706709
Lr derivatives =  [-76.42613313132958, -153.4192952873559, 114.92265912238508]
other derivatives =  [-7.66789408e+01 -2.91476872e+01 -1.34508809e-01 -1.33348467e+01
 -1.21675667e+01  1.40585834e-02]
Current x_clock array =  [-0.70097379 -0.80497023 -0.51930923  0.48619858 -2.93934653 -6.05683586
 -0.80344039  0.          0.        ]
log likelihood =  -4529.635058941778
Lr derivatives =  [-1.006667462789423, -106.52380070584039, -103.28667444694761]
other derivatives =  [ 3.24357916 -1.77924085  0.03896275 -0.46885179  0.41534298  0.05763187]
Current x_clock array =  [-6.69584495e-01 -7.96534912e-01 -5.05851261e-01  6.20771405e-01
 -2.90362869e+00 -4.38910455e+00 -6.70116103e-01  0.00000000e+00
 -3.80518048e-08]
log likelihood =  -4535.508865920908
Lr derivatives =  [18.491126135353085, -95.65838078694517, 38.58358468278311]
other derivatives =  [-7.79172879e+01  2.09193768e+01 -1.08043188e+02  1.76276681e+01
 -8.33207290e+00 -4.71763451e-05]
Current x_clock array =  [ -0.70424999  -0.7767413   -0.55867255   0.724046    -2.96642975
 -10.44901057  -0.63393034   0.           0.        ]
log likelihood =  -4529.623662591903
Lr derivatives =  [-0.08072343028518958, -105.93168319978545, -103.3948894100123]
other derivatives =  [-0.48769471 -0.79436904 -5.0817398   0.35668018  0.01299758  0.03698093]
Current x_clock array =  [-6.71100791e-01 -7.95669124e-01 -5.08161706e-01  6.25288718e-01
 -2.90637566e+00 -4.65416964e+00 -6.68533309e-01  0.00000000e+00
 -3.63873887e-08]
log likelihood =  -4529.6087437267915
Lr derivatives =  [-0.07592230043502468, -105.79154932170805, 52.93377398629673]
other derivatives =  [-0.57873149 -0.1367107  -1.46440561  0.16987269 -0.01640705  0.02522648]
Current x_clock array =  [-0.67135336 -0.7950706  -0.50610606  0.62461335 -2.90735806 -4.91008114
 -0.66806512  0.          0.        ]
log likelihood =  -4529.601877118938
Lr derivatives =  [-0.07113464563853356, -105.65403620844035, -103.82139599156395]
other derivatives =  [-0.90471985  0.31767104  1.30226908  0.09463292 -0.04063551  0.01386126]
Current x_clock array =  [-6.71660747e-01 -7.94664574e-01 -5.04512656e-01  6.24557725e-01
 -2.90801848e+00 -5.33010118e+00 -6.67708681e-01  0.00000000e+00
 -9.55415378e-06]
log likelihood =  -4529.596675571255
Lr derivatives =  [0.0035078000951287436, -105.57150277481534, -103.92083967271665]
other derivatives =  [-0.63377593  0.35861922  0.96793974  0.01678291  0.01556449  0.00847374]
Current x_clock array =  [-6.71547293e-01 -7.94602856e-01 -5.04740808e-01  6.23810524e-01
 -2.90743946e+00 -5.69798658e+00 -6.67878542e-01  0.00000000e+00
 -1.70383410e-06]
log likelihood =  -4533.451582862129
Lr derivatives =  [-4.204607008554689, -106.52151974291029, 55.3631252842024]
other derivatives =  [ 6.22469424e+01 -4.05532819e+01 -3.35636469e+00  3.15263605e-01
 -1.94250103e+01 -8.70843584e-05]
Current x_clock array =  [-0.64208839 -0.8471994  -0.50417765  0.62454812 -3.10453148 -7.79110118
 -0.6419792   0.          0.        ]
log likelihood =  -4529.596466745925
Lr derivatives =  [-0.0306279527498603, -105.57950975482188, -103.9733927361388]
other derivatives =  [-0.20065545  0.04483263  0.93243762  0.0214568  -0.13288453  0.00826341]
Current x_clock array =  [-6.71333925e-01 -7.94983808e-01 -5.04736729e-01  6.23815867e-01
 -2.90886698e+00 -5.71314680e+00 -6.67690956e-01  0.00000000e+00
 -1.69149341e-06]
log likelihood =  -4529.606689213128
Lr derivatives =  [-0.17828016922375411, -105.73923143482475, 52.95887604006566]
other derivatives =  [ 4.94604046e+00 -3.36802259e-01  1.01590558e-03 -1.17034324e+00
  7.46870644e-01  5.86102232e-03]
Current x_clock array =  [-0.66905794 -0.79502802 -0.50610671  0.61492303 -2.90100515 -6.02536006
 -0.67034871  0.          0.        ]
log likelihood =  -4529.595964004864
Lr derivatives =  [-0.05575674358089344, -105.60664376852594, -103.96719969432507]
other derivatives =  [ 0.71595787 -0.02312663  0.76458491 -0.19095387  0.02379701  0.00775783]
Current x_clock array =  [-6.70927215e-01 -7.94991708e-01 -5.04981540e-01  6.22226747e-01
 -2.90746210e+00 -5.76893823e+00 -6.68165888e-01  0.00000000e+00
 -1.38922937e-06]
log likelihood =  -4529.592722386449
Lr derivatives =  [-0.004592010290274118, -105.55366555018111, 52.77915988699533]
other derivatives =  [ 0.11396969 -0.03057903 -0.26148518 -0.02324668  0.002218    0.00421771]
Current x_clock array =  [-0.67115324 -0.7949856  -0.5054838   0.6231332  -2.9072728  -6.25520352
 -0.66822016  0.          0.        ]
log likelihood =  -4529.592220861739
Lr derivatives =  [-0.010468307842181446, -105.53755039509099, -104.15061031257414]
other derivatives =  [-0.63617881 -0.06793107 -1.19195101  0.18290666 -0.01976256  0.00153945]
Current x_clock array =  [-6.71441840e-01 -7.95001039e-01 -5.05924801e-01  6.24348564e-01
 -2.90701405e+00 -7.13203970e+00 -6.68329282e-01  0.00000000e+00
 -1.29539630e-05]
log likelihood =  -4529.59081640962
Lr derivatives =  [-0.04616665117097085, -105.53321948648752, -104.1698004191087]
other derivatives =  [-0.10476651 -0.12791133 -0.07922063  0.04696813  0.02628262  0.00116365]
Current x_clock array =  [-6.71256937e-01 -7.95076930e-01 -5.05358278e-01  6.23655618e-01
 -2.90690983e+00 -7.39618465e+00 -6.68320157e-01  0.00000000e+00
 -7.68286298e-06]
log likelihood =  -4529.609183553801
Lr derivatives =  [-1.430721773980526, -106.3442170681175, 53.88747013057582]
other derivatives =  [-6.81359779e+00 -4.94865162e-02  4.76467903e-01  1.60604941e+00
 -2.28572094e-01  1.50428654e-05]
Current x_clock array =  [ -0.6741128   -0.79474925  -0.50451297   0.63490879  -2.90632164
 -11.66881924  -0.66964069   0.           0.        ]
log likelihood =  -4529.590611372823
Lr derivatives =  [-0.18004325812989208, -105.60647305313955, -104.20899360120251]
other derivatives =  [-7.79098627e-01 -1.19104698e-01 -2.59142325e-02  2.04626303e-01
 -7.69684153e-05  7.38378162e-04]
Current x_clock array =  [-6.71543752e-01 -7.95044021e-01 -5.05273383e-01  6.24785774e-01
 -2.90685076e+00 -7.82528538e+00 -6.68452778e-01  0.00000000e+00
 -6.91127297e-06]
log likelihood =  -4529.589521237691
Lr derivatives =  [-0.09177308190693978, -105.5415889235933, 52.81672201817855]
other derivatives =  [0.00549153 0.02005345 0.45349134 0.10636268 0.02465928 0.00050841]
Current x_clock array =  [-0.67122877 -0.79494087 -0.50505011  0.62423301 -2.90689091 -8.18249309
 -0.66834331  0.          0.        ]
log likelihood =  -4529.589540930601
Lr derivatives =  [-0.10068944139442948, -105.55349315677532, -104.21243915398682]
other derivatives =  [ 0.30263709 -0.03494642  0.14153738  0.08368352  0.0345139   0.00039937]
Current x_clock array =  [-6.71080283e-01 -7.94988705e-01 -5.05253736e-01  6.23989153e-01
 -2.90673375e+00 -8.41700577e+00 -6.68466651e-01  0.00000000e+00
 -1.92176447e-06]
log likelihood =  -4529.5894919137845
Lr derivatives =  [-0.09501771839043727, -105.54583744973766, -104.20739004853806]
other derivatives =  [0.1108674  0.00052842 0.34280674 0.09834002 0.02813805 0.00046665]
Current x_clock array =  [-6.71176100e-01 -7.94957838e-01 -5.05122334e-01  6.24146516e-01
 -2.90683517e+00 -8.26567504e+00 -6.68387061e-01  0.00000000e+00
 -6.81652364e-07]
log likelihood =  -4529.589359472124
Lr derivatives =  [-0.12058887676368357, -105.57315952866693, 52.846917242277414]
other derivatives =  [ 8.22057700e-01 -6.32680894e-02 -2.12850864e-01  7.01420504e-02
  5.03375200e-02  2.13984678e-04]
Current x_clock array =  [-0.67082887 -0.79501133 -0.505494    0.62381592 -2.90647922 -9.02759379
 -0.66865555  0.          0.        ]
log likelihood =  -4529.58925758062
Lr derivatives =  [-0.15697991070730666, -105.58996024541122, -104.22959412999808]
other derivatives =  [ 4.18698619e-01 -5.02659532e-02 -1.23527570e-02  1.22719030e-01
  3.71547306e-02  2.22683245e-04]
Current x_clock array =  [-6.71013600e-01 -7.94993936e-01 -5.05349018e-01  6.24237783e-01
 -2.90656101e+00 -8.98944077e+00 -6.68618734e-01  0.00000000e+00
 -1.95402705e-07]
log likelihood =  -4529.589253124066
Lr derivatives =  [-0.17366521377734756, -105.59703241950052, 52.88529791869223]
other derivatives =  [ 2.82011570e-01 -3.84061423e-02  1.00790203e-01  1.47354513e-01
  3.32049365e-02  2.01799561e-04]
Current x_clock array =  [-0.67107763 -0.79498164 -0.5052729   0.62444546 -2.90658135 -9.08595295
 -0.66860663  0.          0.        ]
      fun: 4529.589253124066
 hess_inv: <9x9 LbfgsInvHessProduct with dtype=float64>
      jac: array([ 2.82011570e-01, -3.84061423e-02,  1.00790203e-01,  1.47354513e-01,
        3.32049365e-02,  2.01799561e-04, -1.73665214e-01, -1.05597032e+02,
        5.28852979e+01])
  message: 'CONVERGENCE: REL_REDUCTION_OF_F_<=_FACTR*EPSMCH'
     nfev: 63
      nit: 49
     njev: 63
   status: 0
  success: True
        x: array([-0.67107763, -0.79498164, -0.5052729 ,  0.62444546, -2.90658135,
       -9.08595295, -0.66860663,  0.        ,  0.        ])
