number of sites to be analyzed:  495
log likelihood =  -23402.377615237685
Edge derivatives =  [328.4940537757166, 156.42730843436632, 243.9015343272488, 161.80194389035142, -50.10240596533902, -41.82238143640406, 334.8660947574024, 365.07825693383666, 111.23227198085104, 133.91208744356797, 5.045208677611624, 71.39548973219402, 89.48701741509998, 101.22913279514206, 184.84397830661405, 229.1133966333567]
other derivatives: [ -21.46293627  112.78864986  -82.5148054   165.19703058 -410.14468661
 -187.28836585 -243.71428663]
Current x array =  [-0.60751657 -0.71186538 -0.63912575  0.18232156 -0.10536052 -0.22314355
  0.33647224 -2.30258509 -2.30258509 -2.30258509 -2.30258509 -2.30258509
 -2.30258509 -2.30258509 -2.30258509 -2.30258509 -2.30258509 -2.30258509
 -2.30258509 -2.30258509 -2.30258509 -2.30258509 -2.30258509]
log likelihood =  -22727.176551664124
Edge derivatives =  [299.97455804742384, 184.40236123344317, 275.5535464673917, 188.70590342855502, -4.9816501636361545, 3.212583060027215, 374.22971581154997, 399.2672816577961, 150.83745412338385, 173.6325073887677, 44.93381236766316, 112.70886887979897, 134.67954005286086, 136.94717026021743, 225.8739230744648, 268.4529544945402]
other derivatives: [ 163.18266717  164.22058252  -27.48524275  112.75631186 -118.09964053
  -25.94818216  -23.17010512]
Current x array =  [-0.64674884 -0.71065556 -0.78995522  0.20026737 -0.85506725 -0.56548944
 -0.10901504 -2.29106455 -2.01665037 -2.29106455 -2.29106455 -2.39416768
 -2.37903256 -2.29106455 -2.29106455 -2.29106455 -2.29106455 -2.29336292
 -2.29106455 -2.29106455 -2.29106455 -2.29106455 -2.29106455]
log likelihood =  -22005.841005483882
Edge derivatives =  [210.9606309473236, 160.77778012177689, 222.60661122230528, 133.41594559738468, -8.951933574822935, -2.8270390178175098, 302.0586264371594, 303.1678721214752, 116.62549141121414, 142.64613743849495, 23.054258230164265, 107.52958503286821, 112.19326786025805, 93.50050487100832, 177.79036351360364, 198.83150915609036]
other derivatives: [-2729.02162033   177.81106726   144.75028365  -231.22418861
   283.36659959    14.66016693    13.59101589]
Current x array =  [-0.26420266 -0.38583022 -0.99213057  0.37132585 -1.81268676 -0.9312961
 -0.55796326 -1.78981101 -1.29540689 -1.77995636 -1.93170729 -2.48701963
 -2.43770958 -1.60555858 -1.56739787 -1.98526098 -1.9463965  -2.17050538
 -2.048645   -2.00796816 -2.01220287 -1.8564346  -1.78546679]
log likelihood =  -22034.108122031153
Edge derivatives =  [82.80751451422907, 66.26465024871935, 86.66008673371337, 26.130382141410937, -43.63481990788083, -36.23922726097462, 106.74334950929696, 84.59117312328861, 27.9185534708916, 41.96163498303979, -30.282755740089172, 41.654771506825185, 31.955096521088816, 3.3171110595681657, 56.38624729278666, 42.33858676619226]
other derivatives: [ -373.87222983 -5641.54218591   356.69877641  -170.36929785
   486.44624712    18.61473343    12.74778697]
Current x array =  [-0.50731387 -0.09543278 -1.07718466  0.45614978 -2.28680721 -1.11549747
 -0.77776354 -1.35353138 -0.7840287  -1.33576939 -1.62531771 -2.53501049
 -2.46221932 -1.00774761 -0.93900342 -1.72506945 -1.65023145 -2.07311826
 -1.84046078 -1.76682989 -1.77783487 -1.4821039  -1.35072219]
log likelihood =  -21425.56571775393
Edge derivatives =  [157.10845591487322, 125.87266466296265, 172.8977482841352, 89.04115137674917, -23.95213436433596, -16.49625887218917, 226.40645161905363, 217.6694085749815, 81.98219232962339, 100.15600627838401, 2.1335970045152464, 78.9803000312446, 79.33053306703926, 57.21150379514373, 128.23144470666026, 138.2119591951376]
other derivatives: [-942.94740484 -847.40671446  195.55506702 -134.57893147  370.42443344
   14.17673581    4.30374712]
Current x array =  [-0.38220453 -0.24487645 -1.03341432  0.41249788 -2.04281642 -1.02070418
 -0.66465042 -1.57804861 -1.04719298 -1.56435588 -1.78299122 -2.51031354
 -2.44960617 -1.31539173 -1.26238634 -1.85896862 -1.80264324 -2.1232354
 -1.94759607 -1.89092392 -1.8984448  -1.67474111 -1.57444947]
log likelihood =  -20765.43919510638
Edge derivatives =  [158.31296382436122, 110.9845792721244, 150.86835024981212, 68.39771363495447, -26.813971352124288, -20.663591238852103, 155.1745834833027, 147.52968967410789, 69.0922869830803, 79.62281577944631, -2.7662616458532345, 64.9112027049291, 62.073052599321706, 47.995620351138435, 94.4325036001092, 100.32088594941331]
other derivatives: [-333.32884777 -919.15130906  167.81048907  -78.4921067   213.92796195
  -35.23406485  -79.13922309]
Current x array =  [-0.48306373 -0.27054395 -0.94430533  0.43489368 -1.70330403 -0.87278541
 -0.46584984 -1.36385188 -1.00348073 -1.34979074 -1.64203029 -2.47432596
 -2.41257419 -1.02468178 -0.95837771 -1.74111839 -1.66628425 -2.08860452
 -1.85437458 -1.78274189 -1.79529686 -1.49893965 -1.36957536]
log likelihood =  -19926.954388384118
Edge derivatives =  [92.18070328887444, 39.95681489845392, 59.29055149743996, 3.888079801775881, -22.62225796744843, -21.060961466050465, -74.87085665920891, -87.67867635649245, 29.432658068445722, 17.151974817502058, -12.88865099996913, 23.75695148364472, 9.589534433377809, 19.528127245068834, -16.913864977902506, -31.247795544791884]
other derivatives: [ 202.38124125  -78.61896302  187.31935415  -39.70450416   59.22604866
 -134.55083536 -245.25673507]
Current x array =  [-0.69011642 -0.60422975 -0.80758654  0.50928126 -1.58699518 -0.86173185
 -0.45873699 -0.62327538 -0.45617735 -0.61337337 -1.16783753 -2.4770153
 -2.39162994 -0.09058747  0.01429397 -1.32799263 -1.1974185  -1.9594062
 -1.52017007 -1.40472711 -1.43390764 -0.913188   -0.69445172]
log likelihood =  -19706.072354888547
Edge derivatives =  [65.98854390425679, 30.25580118380879, 64.8118564300938, 10.799830698600855, -13.216209715990148, -13.164877146958661, -45.6029339900655, -46.444400997950225, 43.954815409277884, 34.921848082787214, -0.35549580411518444, 32.55641838629273, 24.58925598493178, 36.903251975293, 7.670216906149893, 2.942567273381556]
other derivatives: [ 156.49436682  -11.28961958   -7.70726547  -13.11400047   75.64091906
  -45.01259241 -113.05440421]
Current x array =  [-0.67556354 -0.64778393 -0.64019618  0.45522772 -1.67523931 -1.07242279
 -0.79829271 -0.48247339 -0.28139633 -0.49168906 -1.12023015 -2.52217477
 -2.42855665 -0.07939373  0.01392184 -1.25854574 -1.13492213 -1.9542269
 -1.46117509 -1.35599971 -1.37930727 -0.87453763 -0.66387264]
log likelihood =  -19622.654621679125
Edge derivatives =  [-39.68106264779076, -24.05625196615463, -20.514773700044234, -19.48573111742633, -12.206084248614804, -14.573865780256202, -96.37461965279674, -96.82482812479606, 10.136110895173298, -1.5313107390221117, -5.433933547205011, 7.645650213022286, -0.9784990283779518, 9.550521118336492, -28.062173555577925, -42.71743360252692]
other derivatives: [   6.99053271  -85.76057007 -148.70513769   37.27447984  -64.9366369
    2.74000006  -31.26705207]
Current x array =  [-0.6406133  -0.6380194  -0.56115216  0.39666831 -1.61467408 -1.32922581
 -1.28692527 -0.07757866  0.06880484 -0.0923666  -0.94592904 -2.59016913
 -2.48349284  0.07001903  0.16496761 -1.01364285 -0.89880278 -1.91553115
 -1.2672431  -1.17390413 -1.17133993 -0.68207367 -0.46342562]
log likelihood =  -19676.373520465688
Edge derivatives =  [-28.4089202970011, -13.115995320083574, 2.497237613616406, -1.6397911432310788, -9.995096900313156, -11.378403495536238, 5.999302932781092, 13.528723396769882, 4.721729093778234, -1.7386006356812325, 1.2465756515962936, 12.908322482086326, 0.23428004437065386, 1.8628962147525798, 0.8238558935858408, 0.7726165117358248]
other derivatives: [ 38.63004895 141.1758094  317.56204771  -1.34396032  70.86786784
  21.96952752  11.17647161]
Current x array =  [-0.63251377 -0.77012274 -0.85717687  0.3961591  -1.79099553 -1.47379347
 -1.59511706 -0.12649675  0.14169886 -0.0917093  -0.99546445 -2.65526139
 -2.548091   -0.20066299 -0.11312058 -0.96423839 -0.88240828 -1.92618667
 -1.2278923  -1.16182837 -1.12979763 -0.75122313 -0.56949487]
log likelihood =  -19587.937446244094
Edge derivatives =  [-34.32866697261001, -19.35759942610303, -10.965699963848255, -13.153717302160398, -11.21600741319459, -13.217328203567472, -64.83177003024973, -62.77499859450558, 10.54169468960566, 0.19163027021665985, -2.6934533557974594, 10.538023032781222, 0.9588589450920986, 9.00348123922075, -17.81238969323378, -27.827113221614407]
other derivatives: [ 12.03132706 -13.10725929  24.06015483  28.36511339 -25.84529813
   9.05091244 -17.92613545]
Current x array =  [-6.38445368e-01 -6.73378368e-01 -6.40386556e-01  3.96532011e-01
 -1.66186853e+00 -1.36792100e+00 -1.36941632e+00 -9.06721440e-02
  8.83157580e-02 -9.21906665e-02 -9.59187761e-01 -2.60759182e+00
 -2.50078328e+00 -2.43210256e-03  9.05341270e-02 -1.00041918e+00
 -8.94414610e-01 -1.91838322e+00 -1.25671041e+00 -1.17067191e+00
 -1.16022066e+00 -7.00582317e-01 -4.91816267e-01]
log likelihood =  -19568.968742542682
Edge derivatives =  [-19.872269640291492, -8.561817031098368, 6.847723229113143, -3.9408559071104805, -10.047231822237412, -11.954629351071251, -18.78989330238425, -11.939335518067384, 15.452100039324456, 10.13680186388102, 1.129250429206605, 15.857053372954123, 7.462330669979254, 14.127638444007173, 2.49010457178707, 0.7854310845646092]
other derivatives: [ -3.44616637  19.63651448 -11.91471893  20.45373549   5.85613238
  11.91132927 -11.19170223]
Current x array =  [-0.62902732 -0.6838893  -0.6265246   0.40193923 -1.6359632  -1.35566261
 -1.39272828 -0.18199462  0.01434132 -0.15976375 -1.01742019 -2.61827309
 -2.51611643 -0.16380665 -0.07307084 -1.02209187 -0.93271342 -1.93466644
 -1.27261606 -1.20179474 -1.18027071 -0.7729515  -0.58299497]
log likelihood =  -19561.076783715485
Edge derivatives =  [-17.22048180246489, -5.0162465351282775, 3.2347528073327645, -2.632068485440781, -9.9599253072608, -11.737929049874904, -0.28994880090186753, 5.661859294643261, 6.374070288519084, 3.7558509154716786, 0.5302511617084168, 9.34987929122779, 2.4768405104701254, 6.01108917921971, 3.0996757298478537, 2.7206203184581885]
other derivatives: [-14.67455149   8.13107908   7.14005      4.96701614   2.69311155
  13.1167038   -6.48935416]
Current x array =  [-0.626453   -0.6772099  -0.63570709  0.44760805 -1.59790351 -1.34132481
 -1.46120647 -0.23537372 -0.01115333 -0.14109308 -1.03546317 -2.6510457
 -2.55434281 -0.24004019 -0.13283558 -0.97984444 -0.90782652 -1.93610064
 -1.22829493 -1.18445548 -1.14303813 -0.77625751 -0.59473586]
log likelihood =  -19555.914315833725
Edge derivatives =  [-6.220683570716992, 2.024918125101606, 2.664626252157057, -0.12501493351447657, -9.027677623734165, -10.550965529189853, 9.413182903543978, 11.857843450843136, -1.7314157050495338, -0.9329068930317619, -0.2219620304619373, 0.8084961724257946, -1.8526078850675685, -1.5903454729850794, 1.8132545692397708, 2.3515292711168434]
other derivatives: [-10.60318755   0.62790059   0.70057285  -8.99016959   5.60624718
  12.28523845  -4.79174923]
Current x array =  [-0.62862783 -0.67369312 -0.62999579  0.48598121 -1.58337766 -1.28567969
 -1.53302216 -0.32969022 -0.04015605 -0.12041232 -1.05557657 -2.70996544
 -2.62323988 -0.28043075 -0.14206748 -0.93622238 -0.88339306 -1.93546035
 -1.17080359 -1.16828499 -1.1029424  -0.76822674 -0.59377309]
log likelihood =  -19551.15987175223
Edge derivatives =  [1.0973053259796504, 5.182501953442226, -2.908895059428446, -0.01063654271782094, -7.420599506964323, -8.640200585911256, 7.363664610219391, 4.324864864280048, -6.020712316283673, -2.7749478823790708, -0.9489893452817322, -4.861929784380824, -2.8884357772877327, -5.749741785034877, 0.46905598149612016, 0.9084658141541185]
other derivatives: [-18.57163443 -14.1008386   12.3528007   -4.30458022  -3.13917309
  10.41968697  -3.46795064]
Current x array =  [-0.62677401 -0.66550573 -0.6363847   0.47566001 -1.56058599 -1.18426576
 -1.61653917 -0.42566543 -0.05118102 -0.09698354 -1.07254753 -2.79936746
 -2.72792423 -0.28854497 -0.12026092 -0.91712338 -0.87462661 -1.93782789
 -1.13220918 -1.16991484 -1.08584696 -0.76457829 -0.59613581]
log likelihood =  -19549.0504241796
Edge derivatives =  [7.4857997309636, 4.9662378450546125, -8.277670413301175, 0.7086273686618505, -4.17763544885227, -4.961558256659646, 5.128307475522935, -0.9452561819964198, -6.101786420527791, -1.3449788155113807, -0.175904755542917, -8.617445298782224, -1.6130303293732045, -4.856587313601149, -0.13671268305331413, 1.4567579354672844]
other derivatives: [ 69.29635856  37.42265108 -22.5404292    6.26405381 -17.13198024
   8.83440081  -0.2529409 ]
Current x array =  [-0.65563331 -0.69416357 -0.61693651  0.46167846 -1.53144793 -1.00891104
 -1.77497182 -0.52833398 -0.030252   -0.06092644 -1.09247253 -2.95761352
 -2.91257908 -0.28922982 -0.09795813 -0.90076217 -0.85852807 -1.94354519
 -1.09144994 -1.17260339 -1.07313744 -0.75194367 -0.58982574]
log likelihood =  -19545.72342917587
Edge derivatives =  [9.322197331986526, 5.240216934281245, -7.486592806907389, 0.4353500151549028, -3.9619537337163204, -4.697099942897053, 0.2838132583535212, -7.792811530528933, -4.323996826953301, -0.21849371345704693, -0.5687122650515878, -6.993353976934574, -0.18715384613019825, -3.946589095101448, -0.4691063196905183, 0.0850033699767877]
other derivatives: [ 11.02336319  10.60957948  -5.99480336   9.17371653 -17.31355695
   7.25232167  -1.81225979]
Current x array =  [-0.63619846 -0.67821637 -0.62702245  0.44843946 -1.53237694 -0.97311417
 -1.76675838 -0.54560867 -0.03393856 -0.0727128  -1.09642171 -2.97360053
 -2.93206254 -0.276165   -0.08503077 -0.91618142 -0.86956876 -1.94557082
 -1.10261407 -1.18357316 -1.08667021 -0.75665572 -0.59395735]
log likelihood =  -19544.50673360486
Edge derivatives =  [10.269168158038012, 4.471446015227019, -5.158325630157475, 0.8270324776516214, -3.40850780758159, -4.069601256133505, -1.2699173832757507, -8.919102550930711, -1.419830566119552, 1.5961467828520306, -0.2525099939630092, -4.293118173652348, 1.5859628639013619, -1.68359302844092, 0.1513182125846007, 0.3052573184700593]
other derivatives: [ -5.54700455   2.03291711   1.37698225  10.15805174 -12.1217499
   6.73581599  -1.70883399]
Current x array =  [-0.63047283 -0.67312155 -0.63160981  0.44123574 -1.54408226 -0.93938409
 -1.7793978  -0.54819178 -0.02318969 -0.08078326 -1.09819337 -2.99697271
 -2.95948567 -0.26624365 -0.08196201 -0.9289685  -0.87529862 -1.94765944
 -1.11384828 -1.19057757 -1.09852614 -0.75839415 -0.59516505]
log likelihood =  -19542.29509980046
Edge derivatives =  [11.299363125424088, 1.1881381110428437, -1.8141849756707573, 1.800700813907299, -1.8646280885250612, -2.3374344613470934, -2.5453734617093517, -7.742773400362703, 3.141559575660261, 3.658711461313521, 0.5555691685022224, -0.2408185021420084, 3.8648228757782825, 1.9808702426021716, 0.22456142599460366, -0.1141741359355567]
other derivatives: [-18.1697942   -2.65774725   2.91945616   8.08992627  -0.38942608
   6.22667358  -0.04945197]
Current x array =  [-0.6259701  -0.67095938 -0.63216615  0.4404586  -1.57353066 -0.842035
 -1.85371355 -0.5491576   0.01799809 -0.0820767  -1.09949377 -3.07884807
 -3.05457439 -0.24686176 -0.07962653 -0.94108452 -0.8713779  -1.95123225
 -1.12357534 -1.19462786 -1.11138491 -0.75170381 -0.5882316 ]
log likelihood =  -19540.459096731407
Edge derivatives =  [9.649259160442075, -3.7009539862851764, -0.5309919359910906, 1.9103080598715563, -0.6823990123546056, -0.89964812794967, -3.2304414879050443, -4.505809864908807, 4.017244751595755, 1.9525608129776546, 0.946503665454017, 2.0614577390665376, 3.011656958958671, 2.595646704565997, -0.6346043525713314, -1.4422462432721477]
other derivatives: [  4.43335011 -19.31930092   7.36199581   2.30984733   6.50925959
   5.33835555   1.01094596]
Current x array =  [-0.63335406 -0.66237717 -0.6332328   0.45450966 -1.59173473 -0.72190251
 -1.93993805 -0.52406977  0.06013172 -0.08052657 -1.09448981 -3.17308526
 -3.16434128 -0.23168496 -0.08821251 -0.93756361 -0.85406305 -1.95214612
 -1.12587302 -1.18570699 -1.11244429 -0.74262106 -0.58026327]
log likelihood =  -19539.764632991377
Edge derivatives =  [6.2303463786758835, -11.256139093408205, -1.317422174419899, 1.408455301048877, 0.6860447185555937, 0.7116995387707408, -3.4812471341931035, 0.5107337499890462, 2.623776633294033, -1.6581366556092338, 1.0612367941254532, 2.450948876029483, -0.12220742080142033, 1.8892662410978676, -3.1616027158857585, -3.062780727143106]
other derivatives: [-39.27129001  19.27646372 -12.12995267  -4.86522185   2.82174842
   3.68516703   1.60238786]
Current x array =  [-0.62029747 -0.68646325 -0.62143667  0.47969205 -1.59554549 -0.53400901
 -2.07945302 -0.48959034  0.1098833  -0.07094826 -1.08775786 -3.32004795
 -3.33568924 -0.22051501 -0.10502694 -0.91931077 -0.82256605 -1.95224321
 -1.11515119 -1.16677283 -1.10336893 -0.72785967 -0.56896476]
log likelihood =  -19538.622387015428
Edge derivatives =  [5.31510268495259, -9.337193600365152, -1.024461049224696, 1.233783180351884, 0.2900573119209758, 0.3429153293041375, -1.7012439248324855, 1.8229868277306274, 1.3776511381869976, -1.9048379548306529, 0.9869739636476067, 2.2589036095705537, -0.5952752350645865, 0.8483037525215953, -1.6107465110011145, -1.6220922858622373]
other derivatives: [-0.01662556  1.0617041   2.06446566 -3.82163853  2.1708751   3.91230424
  1.40157851]
Current x array =  [-0.63252691 -0.67489372 -0.62922896  0.4767841  -1.5871935  -0.56647658
 -2.0437573  -0.47526003  0.08796124 -0.07945652 -1.08606046 -3.28624063
 -3.29665294 -0.23109238 -0.11288163 -0.91863137 -0.8284524  -1.95073361
 -1.11799342 -1.16726653 -1.10269896 -0.73616259 -0.57738321]
log likelihood =  -19538.394930280592
Edge derivatives =  [4.215286459034821, -8.30028304182007, -1.1997875854855418, 0.8340750916462514, 0.05468198697254272, 0.1262319492460537, -1.1179440560828415, 2.088735275724511, 0.10547163487195693, -2.206736569500725, 0.7922734629175969, 1.7221779466373346, -1.309217463098789, -0.09379924324373956, -0.8944081688493964, -0.8078659414229001]
other derivatives: [ 8.51788354 -3.97400436  3.49719267 -2.64577466 -0.8718804   3.70704947
  0.91111849]
Current x array =  [-0.63539045 -0.67160277 -0.63028971  0.47507602 -1.57832329 -0.57528018
 -2.02384268 -0.46079875  0.0700728  -0.08546276 -1.08376117 -3.27042477
 -3.27857307 -0.23776311 -0.11753171 -0.91622327 -0.83146904 -1.94909687
 -1.11806422 -1.16653182 -1.1011391  -0.74150171 -0.58299746]
log likelihood =  -19537.95148182777
Edge derivatives =  [2.290820425598233, -6.35921614215885, -0.36220768505325174, 0.2650338932506286, -0.13412077962704133, 0.011563369317180577, -0.3151942318843423, 2.501721478850028, -1.6143588624945173, -2.1597043566895078, 0.45593821332921813, 1.1194381539634939, -2.3532158410195994, -1.2375170431185292, 0.41332233608031405, 0.7475903096898936]
other derivatives: [12.40602796 -6.11362702  4.814563   -0.80999598 -4.44009447  2.7112219
 -0.3530643 ]
Current x array =  [-0.63669596 -0.66990629 -0.63156292  0.47173145 -1.56861966 -0.55561905
 -2.00333693 -0.42312724  0.03459401 -0.09943416 -1.07755452 -3.26341212
 -3.27105635 -0.24686946 -0.12455245 -0.91275747 -0.83707253 -1.94541175
 -1.11788178 -1.1660719  -1.10029695 -0.75069201 -0.59263943]
log likelihood =  -19537.287132579575
Edge derivatives =  [1.7733824080538103, -1.6290441638404929, 2.388035981952781, 0.4735885979504684, 0.16741355005320774, 0.4084925798462838, 1.5914686494458663, 2.8961638371579257, -1.0971990769951208, 0.23047992452405192, 0.0935575768410278, -0.1465500878960852, -1.2315052702233462, -0.43498916516379804, 1.3240783026594232, 1.5703666378065226]
other derivatives: [ 12.3648897   -9.8047276  -12.66158142  -0.53295662   0.77475808
   0.81540566  -1.92575388]
Current x array =  [-0.6365273  -0.66798986 -0.62210218  0.46933601 -1.58123059 -0.46870223
 -2.01991057 -0.36151512 -0.0259561  -0.11103022 -1.06719703 -3.29565667
 -3.30848673 -0.25540122 -0.12230058 -0.91256765 -0.84513539 -1.93900412
 -1.10872589 -1.1738243  -1.10298613 -0.75502684 -0.59599358]
log likelihood =  -19537.49564859244
Edge derivatives =  [0.19274687966807214, 0.8036971980883802, 1.8977808061148465, -0.12996076810936757, 0.6147037472560839, 1.0543445057831584, 1.2159519245194512, 0.5178296175394784, -1.582185796807803, 0.37817607047193336, -0.5170706487981233, -1.4585194363762797, -0.7677644875003504, -0.6835095440926184, 0.3556849786051447, 0.1883750205126561]
other derivatives: [ 9.07734648 15.81371907 26.75665019 -0.21104643  1.74282219 -1.76853791
 -3.50269277]
Current x array =  [-0.63486408 -0.6836077  -0.64368547  0.46691489 -1.58869188 -0.33701509
 -2.07650634 -0.29927705 -0.0760435  -0.11247603 -1.05608084 -3.36443189
 -3.38810427 -0.25718904 -0.11460904 -0.91016429 -0.84562276 -1.93317301
 -1.09620526 -1.18051143 -1.10395224 -0.75353778 -0.59394124]
log likelihood =  -19536.970193741625
Edge derivatives =  [1.203215027675163, -0.6438360411566413, 2.2484094235008665, 0.2656283099512065, 0.34148088138967836, 0.6578813908282444, 1.4854598123915599, 2.068847559811566, -1.2452278337755889, 0.313796409833146, -0.11844934158069997, -0.596326937664266, -1.0405115398659799, -0.5030798320457929, 1.0004601823497221, 1.1005736998876332]
other derivatives: [11.17635838 -0.3062305   2.03429227 -0.41160092  1.16158845 -0.07832568
 -2.43601024]
Current x array =  [-0.63591994 -0.6736931  -0.62998386  0.46845188 -1.58395527 -0.42061336
 -2.04057794 -0.33878732 -0.04424677 -0.1115582  -1.06313767 -3.32077167
 -3.33756107 -0.25605409 -0.11949182 -0.91169    -0.84531337 -1.93687474
 -1.10415367 -1.17626627 -1.10333893 -0.75448307 -0.59524411]
log likelihood =  -19536.833467031494
Edge derivatives =  [0.8072684896790167, -0.3642254748255601, 1.4880087460583145, 0.062466806592862745, 0.530182763091162, 0.8577108800437461, 0.8105609477959537, 0.9370305166052524, -0.7853748507983214, 0.4026816503183774, -0.24124857473917435, -0.9270788401845111, -0.526524618980396, -0.16606196371566906, 0.223125035886585, 0.1176257149437675]
other derivatives: [ 2.01157673  1.26839586  0.34617551 -0.53302938  1.60145201 -0.43160617
 -2.40566404]
Current x array =  [-0.63305707 -0.6751067  -0.62885445  0.46870129 -1.58823717 -0.38629263
 -2.06519819 -0.32855092 -0.0501634  -0.1067895  -1.06106154 -3.3433033
 -3.3632957  -0.25350347 -0.11450476 -0.9120758  -0.84343343 -1.93610993
 -1.10045905 -1.17855488 -1.10371763 -0.7509999  -0.59146981]
log likelihood =  -19536.791301939767
Edge derivatives =  [0.3973781520273286, -0.37292571775069666, 0.5851034346187011, -0.15342037071702724, 0.5835255745057525, 0.9008634355602407, 0.1942584927380585, 0.07401589519013796, -0.47486000449385996, 0.29036543951591914, -0.2668390647933884, -0.9068298697028372, -0.19777253097268277, -0.013774393946071273, -0.18954937930560922, -0.3757590730154109]
other derivatives: [-2.78718653  0.74482523  0.10907388 -0.30665251  0.9715875  -0.26274938
 -2.04898842]
Current x array =  [-0.63161688 -0.67503478 -0.62864295  0.4683825  -1.58856582 -0.37851559
 -2.07631223 -0.32711459 -0.05080887 -0.10270388 -1.06078722 -3.34937926
 -3.36990172 -0.25168802 -0.11149358 -0.91304326 -0.84215885 -1.93632151
 -1.09997729 -1.17986551 -1.10384469 -0.74914829 -0.58961728]
log likelihood =  -19536.762581792762
Edge derivatives =  [0.018899305292672475, -0.34218108895434235, -0.16736477072019507, -0.3159727838005172, 0.6171846164537216, 0.9211626657843579, -0.26286962357725946, -0.5142831759111645, -0.06899462826396802, 0.25757046158291697, -0.20945255098992105, -0.6612917483966181, 0.1621419169214393, 0.22130153781773743, -0.34076042578003085, -0.4846412038415051]
other derivatives: [-2.6513153   1.29843465 -0.61817991  0.09011637  0.20272544  0.06435221
 -1.56980952]
Current x array =  [-0.6317052  -0.67541543 -0.62819471  0.46785823 -1.58785834 -0.3764782
 -2.08462014 -0.32705359 -0.05125583 -0.09922925 -1.06104042 -3.35115177
 -3.37141068 -0.25037575 -0.109341   -0.91441215 -0.84119785 -1.9368363
 -1.1007119  -1.18108714 -1.1040324  -0.74805122 -0.58868932]
log likelihood =  -19536.789089706854
Edge derivatives =  [-0.7366844521073173, 0.07233417786689361, -1.199618381304472, -0.5028817771469307, 0.5423336609537716, 0.8190114736110712, -0.4269509636598628, -0.8861814919848401, 0.33344482140744663, -0.1448731289469677, -0.09780915255401017, 0.15705375983897696, 0.5430012331954832, 0.10372594703599214, -0.14949280619324407, -0.23995635823527894]
other derivatives: [-8.20230343 -6.72113674  3.40411498  0.17634738 -0.55529501  0.99372119
 -0.39733363]
Current x array =  [-0.6300571  -0.67090712 -0.63040386  0.46735673 -1.5857747  -0.38583856
 -2.09228794 -0.32766766 -0.05502034 -0.09641583 -1.06292851 -3.34119663
 -3.35829008 -0.25056994 -0.10889376 -0.91748939 -0.84036685 -1.93831018
 -1.10548808 -1.18264356 -1.10392147 -0.74867852 -0.58987249]
log likelihood =  -19536.755099589187
Edge derivatives =  [-0.13263619321686726, -0.2583802473890764, -0.3731998491056274, -0.35315494057088603, 0.6023692194311423, 0.9009006903368036, -0.29484532727760965, -0.5877729648612832, 0.012908475359491633, 0.1774887737601072, -0.18667072382597474, -0.4957773710481978, 0.23938918738640425, 0.19836289143788743, -0.3014039850687425, -0.43445177045394723]
other derivatives: [-3.76343814 -0.30353112  0.19263098  0.10747681  0.05048676  0.25353438
 -1.33151529]
Current x array =  [-0.63137375 -0.67450876 -0.62863899  0.46775737 -1.5874393  -0.37836067
 -2.08616221 -0.32717709 -0.05201292 -0.09866345 -1.06142013 -3.34914968
 -3.36877198 -0.25041481 -0.10925105 -0.91503101 -0.84103072 -1.93713272
 -1.10167244 -1.18140016 -1.10401009 -0.74817738 -0.58892727]
log likelihood =  -19536.729082746824
Edge derivatives =  [-0.6049628230548155, -0.04905469386858419, -0.8664384020416211, -0.4069480357717017, 0.6061480430763516, 0.8920648782868003, -0.32617347129772156, -0.5496841900030225, 0.44632834717737563, 0.00921992124661486, -0.023639429885189606, 0.16462212215088035, 0.5293967928776686, 0.32571465356201634, -0.10120233204731893, -0.0633632995504485]
other derivatives: [-0.96129224 -1.33793583  0.37798236  0.19796789 -0.43907076  0.85293505
 -0.51647645]
Current x array =  [-0.63228962 -0.67387213 -0.62867556  0.46792009 -1.58615998 -0.37868663
 -2.09631801 -0.32683621 -0.05367459 -0.09643603 -1.06269619 -3.34648021
 -3.36449434 -0.25015995 -0.10916086 -0.916724   -0.83963556 -1.93820163
 -1.10458555 -1.18202547 -1.10369799 -0.74811553 -0.58935699]
log likelihood =  -19536.717021388973
Edge derivatives =  [-0.6769479347054993, 0.17188088583683386, -0.7428347278919584, -0.3104697569406556, 0.5901127123704476, 0.8714845424041784, -0.08539484274185932, -0.1924326433191147, 0.53683701462446, -0.08969173836883299, 0.0783154545186196, 0.5021916461738524, 0.5206864425138766, 0.2689039293825589, 0.09205662429387237, 0.23137214034136833]
other derivatives: [ 0.28183058 -1.05933577  0.40157829  0.10247095 -0.37425922  1.15960574
 -0.09607331]
Current x array =  [-0.63266941 -0.67399205 -0.62865144  0.46820863 -1.5857503  -0.37828304
 -2.10216962 -0.32734214 -0.05491877 -0.09661673 -1.06401845 -3.34313626
 -3.35962446 -0.25055324 -0.10999126 -0.91695137 -0.83888224 -1.93880909
 -1.10609226 -1.18150361 -1.10295809 -0.74834215 -0.58974885]
log likelihood =  -19536.689941622968
Edge derivatives =  [-0.5527482308434005, 0.6675089888776454, -0.14647172138266407, -0.01168360734918894, 0.5447018859064509, 0.8210600774635299, 0.35247649045154106, 0.44890875123988805, 0.46413042142801747, -0.3032825752622213, 0.2196930321682834, 0.8810203686020641, 0.2753265010109893, -0.008014893294878811, 0.2914145689548843, 0.4797752870846548]
other derivatives: [ 2.59647277 -0.42135434  0.37497011 -0.15199475  0.10668276  1.54312875
  0.52974303]
Current x array =  [-0.63338301 -0.6743499  -0.62850715  0.4687754  -1.58586267 -0.37012529
 -2.11745858 -0.32883624 -0.05740119 -0.09810589 -1.06724165 -3.33684989
 -3.34963807 -0.2508379  -0.11120093 -0.91614797 -0.83738742 -1.93974793
 -1.10756486 -1.17938179 -1.1008839  -0.74814722 -0.58942776]
log likelihood =  -19536.660477847203
Edge derivatives =  [-0.37515127735011167, 0.9819238130435777, 0.4326012748669772, 0.2638129670403753, 0.44602224781887184, 0.7095287747770288, 0.5417337918405477, 0.8245863003290564, 0.06508958515093016, -0.5544914113822758, 0.28491026631804284, 0.9564126548574533, -0.23067615648964557, -0.4580843617929494, 0.3479701536913867, 0.5259552587749362]
other derivatives: [ 1.5827718   0.86081855 -0.36332131 -0.15109981 -0.09925029  1.7469938
  0.95932988]
Current x array =  [-0.63308274 -0.67513205 -0.62801813  0.46890618 -1.58487122 -0.35875808
 -2.13381498 -0.33211428 -0.05856292 -0.10023623 -1.07120503 -3.32661524
 -3.33404979 -0.25065213 -0.11218427 -0.91433355 -0.83638399 -1.94054095
 -1.10802681 -1.17623535 -1.09851515 -0.74786739 -0.58882057]
log likelihood =  -19536.665267798606
Edge derivatives =  [0.46644783526931094, 2.1631220626078513, 2.042243801599555, 0.96283949312674, 0.3305752721794059, 0.6123019856309592, 0.8151139843087135, 0.9612565301640905, -0.9472234829070493, -0.7840303600188119, 0.1538522778767664, 0.0009629808142810337, -1.1501743416530052, -1.2800056008177867, -0.12506353248577617, -0.5276715581440443]
other derivatives: [14.62731598 -2.81426765  3.13112105 -0.80591417  2.33075561  0.95805808
  0.84676116]
Current x array =  [-0.63732262 -0.67333909 -0.62932624  0.4699619  -1.5898932  -0.28137142
 -2.19220188 -0.32569577 -0.06921397 -0.10464267 -1.07736787 -3.32350344
 -3.32027896 -0.24896404 -0.11062038 -0.90874924 -0.83536986 -1.94000495
 -1.1016079  -1.17080883 -1.09457295 -0.74492256 -0.5842699 ]
log likelihood =  -19536.62360755057
Edge derivatives =  [0.027974505101179603, 1.5552731626630278, 1.2112330646323648, 0.6019785829562772, 0.3907183333234051, 0.6632538459873631, 0.6753506976619262, 0.8925472706829268, -0.4195645957700917, -0.6614956776563286, 0.22321547550005127, 0.49953434656834195, -0.6708338939392915, -0.8511753682018474, 0.12384803512768752, 0.022405676812775055]
other derivatives: [ 7.89220576 -0.90954927  1.32169589 -0.4666108   1.072883    1.37166353
  0.9223491 ]
Current x array =  [-0.63512596 -0.67426802 -0.62864851  0.46941494 -1.58729134 -0.32146506
 -2.16195191 -0.32902117 -0.06369571 -0.10235971 -1.07417493 -3.32511565
 -3.32741356 -0.24983863 -0.11143062 -0.91164244 -0.83589528 -1.94028265
 -1.10493351 -1.17362028 -1.09661538 -0.74644826 -0.58662758]
log likelihood =  -19536.580359754233
Edge derivatives =  [0.23391757814058367, 1.3963397402978313, 1.2968613436518135, 0.6753317734076706, 0.2824120042116129, 0.5321190309140444, 0.39034748347338344, 0.6257068191895224, -0.8379723931006595, -0.676172150213647, 0.1494024727629438, 0.11251632504388664, -1.0353041465854718, -1.0711563560221693, -0.04738702747909371, -0.2095229117373868]
other derivatives: [ 2.72884063  0.03294554 -0.18587161 -0.21622691  0.36680711  1.17503805
  0.81875388]
Current x array =  [-0.63354117 -0.67492134 -0.62784418  0.46900391 -1.58619943 -0.30993265
 -2.171682   -0.33300123 -0.06157163 -0.1031363  -1.07664306 -3.31541805
 -3.31281686 -0.24890473 -0.11107136 -0.91025677 -0.83662326 -1.94038775
 -1.10360021 -1.17176461 -1.09603266 -0.7461072  -0.58598208]
log likelihood =  -19536.544689572827
Edge derivatives =  [0.46475753302715206, 0.9735841665237606, 1.000137820404917, 0.6131322309699898, 0.179133817116102, 0.4049142411646698, -0.2173932740435648, -0.14362119969428344, -1.1861074361586972, -0.4755412992447793, -0.02881203393276703, -0.6289707711200099, -1.1876125184086588, -1.0374818019473606, -0.3895609072553027, -0.6741560759510938]
other derivatives: [-2.02907904  0.31610034 -0.53038457  0.11826705 -0.30683756  0.57457873
  0.29566623]
Current x array =  [-0.63210556 -0.67524718 -0.62768327  0.46835535 -1.58587211 -0.28983658
 -2.18174461 -0.33536623 -0.05830244 -0.10253911 -1.07781635 -3.30787478
 -3.30028237 -0.24733233 -0.10936896 -0.9094157  -0.83872268 -1.93983415
 -1.10051105 -1.17131752 -1.09707791 -0.7455446  -0.58513676]
log likelihood =  -19536.52784816
Edge derivatives =  [0.5004635782903698, 0.6171673763393024, 0.5747899442767286, 0.5019791908037912, 0.13390963739472966, 0.3430579937320084, -0.5132073927559209, -0.5505083175840966, -1.07202304664407, -0.19889795720144465, -0.10769277496889165, -0.9109866098175607, -0.954395067222984, -0.716998676311786, -0.4473582640429648, -0.702118521186515]
other derivatives: [-3.22920459 -0.07245399 -0.42063039  0.25640838 -0.5018408   0.18287028
 -0.0457839 ]
Current x array =  [-0.63174872 -0.67506849 -0.62778543  0.46810233 -1.58604575 -0.27709099
 -2.18673349 -0.33525451 -0.05601101 -0.10109423 -1.07752416 -3.30388637
 -3.29336983 -0.24676381 -0.1085019  -0.91038292 -0.84060814 -1.93944556
 -1.09938682 -1.17262637 -1.09899701 -0.74572659 -0.58548773]
log likelihood =  -19536.5060815982
Edge derivatives =  [0.5116404521077045, 0.1068115039550171, 0.08474037433459958, 0.41653281361844513, 0.0470683727772944, 0.22213883551206606, -0.32442649069746443, -0.34654782802857587, -0.44180986826957214, 0.25495309926621923, -0.08102669104200688, -0.697066397295449, -0.2972613043289005, 0.0057105280561050575, -0.1172878669173051, -0.11834331667198672]
other derivatives: [-2.41116504  0.75391654  0.57397847  0.14514808 -0.17399842 -0.18240462
 -0.2698468 ]
Current x array =  [-0.63195211 -0.67548517 -0.62840295  0.46838415 -1.5866959  -0.25819562
 -2.19653745 -0.33453554 -0.05212577 -0.09895977 -1.07688702 -3.29281326
 -3.27570062 -0.24754541 -0.10929825 -0.91382242 -0.84331439 -1.93936808
 -1.10076652 -1.1756608  -1.10236985 -0.74707752 -0.58738807]
log likelihood =  -19536.541302603044
Edge derivatives =  [0.03349400485803017, -0.2110626242365876, -0.4292610710737692, 0.2634720499381223, 0.0018254975335704644, 0.1339994223045627, -0.11972995247596452, -0.08913355919735189, 0.39194545514908014, 0.34627177549705174, -0.008931394696387387, -0.1162374833684271, 0.3707863129490847, 0.5403824461815261, 0.043790593223278246, 0.12089966282268738]
other derivatives: [ 0.17951606 -4.30747605 -7.40524774  0.12452074 -0.09481163 -0.26324415
 -0.11837566]
Current x array =  [-0.63291407 -0.67261076 -0.62402409  0.4690926  -1.58739158 -0.23593864
 -2.21433743 -0.32983768 -0.0513995  -0.09664042 -1.07526543 -3.28552066
 -3.26185287 -0.24834703 -0.10987168 -0.91742354 -0.8432152  -1.93964013
 -1.10393457 -1.17833215 -1.10371168 -0.74722725 -0.58751257]
log likelihood =  -19536.503754108886
Edge derivatives =  [0.4584910204865835, 0.07150424437438696, 0.02774728582407604, 0.39962343727028177, 0.0420865530662386, 0.2124227957355677, -0.3010435148358511, -0.3172021702925153, -0.3479648536163856, 0.26552012933594926, -0.07280913021626982, -0.6315613507096871, -0.22213228388289474, 0.06587492984684573, -0.09884272812642257, -0.09111995584981114]
other derivatives: [-2.12080704  0.1897024  -0.31305899  0.14292527 -0.16479161 -0.19140498
 -0.25235829]
Current x array =  [-0.63205979 -0.67516343 -0.62791281  0.46846345 -1.58677377 -0.25570433
 -2.19852986 -0.3340097  -0.05204448 -0.09870016 -1.07670551 -3.29199697
 -3.2741506  -0.24763514 -0.10936244 -0.9142255  -0.84330328 -1.93939854
 -1.10112113 -1.17595981 -1.10252004 -0.74709428 -0.58740201]
log likelihood =  -19536.49846282055
Edge derivatives =  [0.2315368369272804, -0.02025426951766518, -0.18624443778524247, 0.3604628161839861, 0.0046582031610325585, 0.15769007382084155, -0.030716664874423094, 0.010147158529652645, 0.08069256440761813, 0.23436995959540552, 0.00592880153321837, -0.15055213291963254, 0.11024239608297037, 0.286877947729263, 0.09514541154521233, 0.20321869714813035]
other derivatives: [-0.47919457 -0.37132486 -0.10720396 -0.00985892  0.0084453  -0.09792348
 -0.02120647]
Current x array =  [-0.6325746  -0.67482058 -0.62799624  0.46894292 -1.58695488 -0.24669652
 -2.20751078 -0.33220185 -0.05169002 -0.09771073 -1.07622551 -3.28659121
 -3.2650248  -0.24841406 -0.110243   -0.91629256 -0.84313951 -1.93976963
 -1.10356274 -1.17725768 -1.10309123 -0.74752319 -0.58795174]
log likelihood =  -19536.4979185169
Edge derivatives =  [0.14898471318172607, -0.08750919984854039, -0.16573168732559995, 0.32999680009122256, -0.007951353319033877, 0.140876993620676, -0.004136236254123737, 0.06513869794658445, 0.13310414520203256, 0.1441389037100435, 0.031106249078785286, 0.0039315316493831465, 0.10614974717627712, 0.246427044642339, 0.09487804372669201, 0.19105313467779572]
other derivatives: [ 0.97410521  0.54808334 -0.56519639  0.08513598 -0.19049579 -0.03430614
  0.04450448]
Current x array =  [-0.63303715 -0.67532844 -0.62773099  0.46890754 -1.58657574 -0.24781298
 -2.20774477 -0.33223159 -0.05109236 -0.0978671  -1.07555048 -3.28482465
 -3.26232383 -0.24851173 -0.1103642  -0.9164779  -0.84264027 -1.93988382
 -1.10441965 -1.17715425 -1.10258604 -0.74741438 -0.58764616]
log likelihood =  -19536.49713726545
Edge derivatives =  [0.10367635071110365, -0.07163979806692211, -0.1414775224920155, 0.3193713791066955, -0.012913820805103325, 0.13585757566966283, 0.03080195800773944, 0.09419159529442955, 0.12164266895482106, 0.049315769593732295, 0.0345435983562799, 0.07499874811432478, 0.07673622771055699, 0.16240660948499663, 0.07158997221334432, 0.13277071028897425]
other derivatives: [ 0.74340278  0.2091183  -0.22453969  0.03874447 -0.16742096  0.0137843
  0.0995185 ]
Current x array =  [-0.63297025 -0.67515251 -0.62789817  0.46899079 -1.58662508 -0.24840237
 -2.20808026 -0.33201674 -0.05120637 -0.09805725 -1.075185   -3.28455173
 -3.26177342 -0.24860077 -0.11043835 -0.91647019 -0.84225219 -1.93994581
 -1.10482693 -1.17702719 -1.10217964 -0.74731305 -0.5874271 ]
log likelihood =  -19536.49617402495
Edge derivatives =  [0.050991535360600304, -0.08380112486113561, -0.06944970698506903, 0.27884582275051706, -0.024333582600991954, 0.1233083567069394, 0.06104618585952759, 0.09426793806893641, 0.08568074296696393, -0.09446237214442427, 0.028430139968884188, 0.15261099064401268, 0.018461999369248083, 0.008719365698647286, 0.0023922759463860035, -0.010789472217903273]
other derivatives: [ 0.1580338  -0.00141881  0.17229831 -0.02318848 -0.10885351  0.04956382
  0.12815925]
Current x array =  [-0.63279329 -0.67507578 -0.62808338  0.46908909 -1.58688969 -0.2497646
 -2.20760982 -0.33164688 -0.05105945 -0.09853516 -1.07386445 -3.28393648
 -3.26043148 -0.24867574 -0.11037205 -0.9163623  -0.84168735 -1.93995616
 -1.10534907 -1.17682313 -1.10141609 -0.74707095 -0.58690179]
log likelihood =  -19536.495508589913
Edge derivatives =  [0.019665545462613454, -0.1325280510655646, -0.022812481993335854, 0.21808908528665044, -0.03898532478288881, 0.105103553849767, 0.04916933978276805, 0.045070610430069324, 0.05819019792898461, -0.16360812576066575, 0.016066883966149442, 0.17164673010243486, -0.01074955279962797, -0.08948464110721499, -0.05180450341880883, -0.11507426707484103]
other derivatives: [-0.24906694 -0.0516884   0.26619091 -0.04138565 -0.05903184  0.03487366
  0.09901659]
Current x array =  [-0.63267147 -0.67508514 -0.62811417  0.46910323 -1.58721361 -0.25049226
 -2.20681757 -0.33129757 -0.05067455 -0.09892995 -1.07217841 -3.28298037
 -3.2584105  -0.24865823 -0.110168   -0.91628125 -0.84148413 -1.93989073
 -1.10559368 -1.17676974 -1.100918   -0.74691153 -0.58652498]
log likelihood =  -19536.494742086186
Edge derivatives =  [-0.0021747813664987903, -0.18615939195008607, 0.009809792069982004, 0.12212629773962674, -0.057310369038925946, 0.08065337413056167, 0.006856352904753948, -0.036900903945199404, 0.023493924583219195, -0.15905987706992292, 0.0006612372168850467, 0.13230394510369392, -0.01872660925559, -0.1465651330079868, -0.0746553877839563, -0.15470863294106996]
other derivatives: [-0.37526115 -0.10115036  0.21590677 -0.03037712  0.01746069 -0.00604632
  0.03417167]
Current x array =  [-0.63263614 -0.67508834 -0.62807422  0.46904195 -1.58764578 -0.25131225
 -2.20535729 -0.33081169 -0.05035394 -0.09935737 -1.06965666 -3.28179127
 -3.2556163  -0.24858138 -0.10987748 -0.91614776 -0.84165236 -1.93975605
 -1.10555647 -1.17682624 -1.10063314 -0.74688051 -0.58637918]
log likelihood =  -19536.494391253065
Edge derivatives =  [-0.0837372700463776, -0.10918649301541783, -0.03696137672749178, -0.032737846363474654, -0.07174475345351074, 0.054297734660062526, 0.028470889835576885, 0.035709008652269114, 0.03034336889950362, -0.02754982882660456, 0.007548507774074453, 0.08626074642178788, 0.04037802115676703, -0.04275572563362817, 0.022156343241852887, 0.048864784138901385]
other derivatives: [-1.16719457e+00  1.69951818e-01 -2.77083018e-01 -2.49092409e-02
  7.46976098e-04  4.91854735e-02  7.44298294e-02]
Current x array =  [-0.63237906 -0.67524128 -0.62783445  0.46904651 -1.58770956 -0.25356113
 -2.20356542 -0.32985031 -0.05164105 -0.099706   -1.06592527 -3.2808876
 -3.25187093 -0.24880875 -0.11022073 -0.91614594 -0.84232661 -1.93969269
 -1.10542006 -1.17705728 -1.10111668 -0.74724974 -0.58701131]
log likelihood =  -19536.494603214698
Edge derivatives =  [-0.02805553138936928, 0.019811159012062096, 0.02764545629970272, -0.11685187821380516, -0.07273159042737852, 0.05453376740400151, -0.05502967948089976, -0.0626455590378423, -0.13376959171361463, 0.025648895162369234, -0.018609970814182045, -0.12178704012261138, -0.04547339399525896, -0.08597379230108737, -0.0009230468007679765, 0.0035778083931804483]
other derivatives: [ 0.87043736 -0.51013194  0.54084376 -0.0062646   0.11553836  0.03982132
  0.01312603]
Current x array =  [-0.63302498 -0.67483519 -0.62826303  0.46892122 -1.58789927 -0.2573314
 -2.19979897 -0.32969472 -0.05283769 -0.10034465 -1.06343389 -3.28228286
 -3.25233532 -0.2486146  -0.10997297 -0.91536743 -0.84275602 -1.93949482
 -1.10438506 -1.17670685 -1.10114059 -0.74721791 -0.58701272]
log likelihood =  -19536.493851041447
Edge derivatives =  [-0.060212149590003594, -0.05462869108302143, -0.009630956046271955, -0.06822784739762972, -0.07216117334169365, 0.05439889042764268, -0.006809684761326706, -0.0058550354862965115, -0.03900084305239071, -0.0050438750319691805, -0.0035038433795440416, -0.001644176355236504, 0.004099773920173799, -0.06101276845464865, 0.012412026028598214, 0.029734635110751917]
other derivatives: [-0.30531373 -0.11743759  0.06875052 -0.01704393  0.04931168  0.04523099
  0.0485714 ]
Current x array =  [-0.63265209 -0.67506963 -0.62801561  0.46899355 -1.58778975 -0.25515481
 -2.20197336 -0.32978454 -0.05214687 -0.09997595 -1.06487218 -3.28147737
 -3.25206723 -0.24872668 -0.110116   -0.91581687 -0.84250812 -1.93960905
 -1.10498257 -1.17690916 -1.10112678 -0.74723628 -0.58701191]
log likelihood =  -19536.493753465358
Edge derivatives =  [-0.038859913063228835, -0.05020611570559774, -0.02480072862780125, -0.042260348602310094, -0.06837501690872433, 0.059257130287991705, -0.009670887345672785, -0.000741152236268916, -0.025471904236774923, 0.012556607668927522, -0.00219781868001942, -0.009269345277031382, 0.01285439116394338, -0.024532748109905467, 0.017493907263759725, 0.03998525462541158]
other derivatives: [-0.01708031 -0.03349123  0.05488255 -0.00165164  0.0173461   0.03541936
  0.04293953]
Current x array =  [-0.63274121 -0.67510323 -0.62801426  0.46897854 -1.58764748 -0.25463197
 -2.2022975  -0.33000375 -0.05215138 -0.09983104 -1.06558665 -3.28169999
 -3.25258827 -0.24871887 -0.11015338 -0.91588031 -0.84256537 -1.93962476
 -1.10490762 -1.17692545 -1.10131394 -0.74725447 -0.58706211]
log likelihood =  -19536.49371866702
Edge derivatives =  [-0.023955756635138048, -0.0390627413313106, -0.030662160522261894, -0.034266333670230575, -0.06712284374337599, 0.060156545382172785, -0.009613924595657464, 0.003481961692046509, -0.015012770967592959, 0.025866817432553313, -0.0030696440300018724, -0.0172699522516937, 0.01932615040351182, 0.003065733166300988, 0.01793482846222926, 0.04175759139947344]
other derivatives: [0.08054485 0.00170621 0.00059663 0.00450382 0.00346479 0.02646266
 0.03498589]
Current x array =  [-0.63277116 -0.67511601 -0.62798953  0.46897488 -1.58757792 -0.25434334
 -2.20238449 -0.33008477 -0.05226819 -0.0997905  -1.06580065 -3.28183255
 -3.25260809 -0.24873373 -0.11018519 -0.91593637 -0.84262393 -1.93962807
 -1.10485993 -1.17694026 -1.10146153 -0.74726576 -0.58708275]
      fun: 19536.49371866702
 hess_inv: <23x23 LbfgsInvHessProduct with dtype=float64>
      jac: array([-0.08054485, -0.00170621, -0.00059663, -0.00450382, -0.00346479,
       -0.02646266, -0.03498589,  0.02395576,  0.03906274,  0.03066216,
        0.03426633,  0.06712284, -0.06015655,  0.00961392, -0.00348196,
        0.01501277, -0.02586682,  0.00306964,  0.01726995, -0.01932615,
       -0.00306573, -0.01793483, -0.04175759])
  message: 'CONVERGENCE: REL_REDUCTION_OF_F_<=_FACTR*EPSMCH'
     nfev: 55
      nit: 47
     njev: 55
   status: 0
  success: True
        x: array([-0.63277116, -0.67511601, -0.62798953,  0.46897488, -1.58757792,
       -0.25434334, -2.20238449, -0.33008477, -0.05226819, -0.0997905 ,
       -1.06580065, -3.28183255, -3.25260809, -0.24873373, -0.11018519,
       -0.91593637, -0.84262393, -1.93962807, -1.10485993, -1.17694026,
       -1.10146153, -0.74726576, -0.58708275])
