number of sites to be analyzed:  305
log likelihood =  -3945.1551318177067
Lr derivatives =  [-129.6416838521321, -252.4717533208809, -268.3698123528195]
other derivatives =  [ 29.02121878 -43.41089698  31.71334811 -96.34436537 318.2773753
  -0.        ]
Current x_clock array =  [-0.71726073 -0.6336032  -0.67202261  0.18232156 -0.10536052  0.33647224
 -0.51082562 -0.51082562 -0.51082562]
log likelihood =  -3670.0139761859846
Lr derivatives =  [23.509272671655737, -165.23803850707196, -216.10102613263328]
other derivatives =  [-97.00776263 -21.51053013 -66.64021612 -46.26596956 223.74178116
  -0.        ]
Current x_clock array =  [-0.79798788 -0.63197981 -0.76023835  0.4503188  -0.99069989  0.33647224
 -0.15020657 -0.50940468 -0.50940468]
log likelihood =  -3527.447017080875
Lr derivatives =  [90.36304589743, 30.307793827108995, -60.33546924300026]
other derivatives =  [966.06982879  74.07707972 215.89565586 -27.34313875  38.68540656
  -0.        ]
Current x_clock array =  [-0.36037298 -0.63574527 -0.48117515  0.86074262 -2.70522163  0.33647224
 -0.03180572  0.          0.        ]
log likelihood =  -3399.961417423777
Lr derivatives =  [11.990494578480249, -18.210093371110364, 3.949480742448941]
other derivatives =  [-136.57852605   -0.4719991    42.28797798   32.90158064  -30.03396117
   -0.        ]
Current x_clock array =  [-0.80261801 -0.67759174 -0.58069255  1.00132539 -3.18523153  0.33647224
  0.04676657 -0.05721652  0.        ]
log likelihood =  -3383.424229255225
Lr derivatives =  [38.08176336362894, -5.437039571983242, 25.29649090838027]
other derivatives =  [-70.69979665   1.61351181  19.65267893  25.57986227  -1.32425504
  -0.        ]
Current x_clock array =  [-0.74866176 -0.67278407 -0.60007974  0.91461547 -2.89951817  0.33647224
 -0.01836392 -0.0678474  -0.023544  ]
log likelihood =  -3378.842708791933
Lr derivatives =  [20.979232332181187, -26.95709474841426, -52.86440966571921]
other derivatives =  [47.99132921 -7.0494084  -3.29364593 17.07442789 19.08871875 -0.        ]
Current x_clock array =  [-0.66396046 -0.67025583 -0.63162743  0.78100065 -2.59060528  0.33647224
 -0.18098552 -0.08003441 -0.11467612]
log likelihood =  -3372.8198476941952
Lr derivatives =  [20.89520495858642, -10.827075165339267, 3.004671277407]
other derivatives =  [40.79896371 -1.31473371  6.08497839 16.62171417 10.26797856 -0.        ]
Current x_clock array =  [-0.66768659 -0.66676651 -0.62099574  0.77457367 -2.682895    0.33647224
 -0.21771352 -0.01376202 -0.03590105]
log likelihood =  -3370.8345879445615
Lr derivatives =  [1.1617085354169312, -18.933931305313592, 34.12339295690575]
other derivatives =  [13.62416242  1.22218808 -4.18870604 15.50840625  0.89711654 -0.        ]
Current x_clock array =  [-0.68310937 -0.6587322  -0.63251782  0.72550266 -2.7193588   0.33647224
 -0.27620918  0.         -0.0182338 ]
log likelihood =  -3370.078440010835
Lr derivatives =  [-13.277705353751315, -29.231173746493667, -15.382039069517262]
other derivatives =  [-13.62045714   3.08537847  -5.06666856  11.76164187  -1.58676253
  -0.        ]
Current x_clock array =  [-0.70077095 -0.65102437 -0.63659619  0.66252108 -2.70795946  0.33647224
 -0.31584988  0.         -0.0459832 ]
log likelihood =  -3369.786890696352
Lr derivatives =  [-9.602316098014118, -26.69545841090315, -7.490820970210882]
other derivatives =  [-6.1226865   1.54907775 -0.09957967 10.061799    0.70053326 -0.        ]
Current x_clock array =  [-0.69662091 -0.65349967 -0.63204756  0.65299903 -2.69695546  0.33647224
 -0.31101209  0.         -0.04000109]
log likelihood =  -3369.405840047804
Lr derivatives =  [-2.491619397984244, -21.904728551418412, 6.730373947842132]
other derivatives =  [-0.77470759 -0.56713907  2.29458237  5.82290613  2.80826772 -0.        ]
Current x_clock array =  [-0.69460012 -0.65750045 -0.62965829  0.61770706 -2.69925539  0.33647224
 -0.29689304  0.         -0.03122258]
log likelihood =  -3369.2006410107188
Lr derivatives =  [0.09340000513800994, -20.37906482313052, 7.2141401584829055]
other derivatives =  [ 0.22262793 -1.23764039  1.39863869  2.09754126  2.51068772 -0.        ]
Current x_clock array =  [-0.69479069 -0.65891161 -0.63071424  0.57847818 -2.714204    0.33647224
 -0.28978602  0.         -0.03142529]
log likelihood =  -3369.125157565324
Lr derivatives =  [2.0405703556822843, -19.473501256854817, 0.8700893981503022]
other derivatives =  [-0.73888987  2.46960008 -1.18170874  0.28544673  0.38177395 -0.        ]
Current x_clock array =  [-0.69581883 -0.65576129 -0.63269829  0.55493225 -2.74375851  0.33647224
 -0.27915838  0.         -0.03605077]
log likelihood =  -3369.121856626911
Lr derivatives =  [-0.938470750751101, -21.359305563754955, -0.6308050850051217]
other derivatives =  [-1.01367459 -2.28925455  1.43084208 -0.42027841 -0.20253753 -0.        ]
Current x_clock array =  [-0.69575751 -0.66034657 -0.63095042  0.54570865 -2.74488756  0.33647224
 -0.28553262  0.         -0.03673172]
log likelihood =  -3369.116065174485
Lr derivatives =  [-0.001374133498954322, -20.74640555777261, 0.034258576046932276]
other derivatives =  [ 0.14018315  0.02247816  0.01973149 -0.01166018 -0.00310243 -0.        ]
Current x_clock array =  [-0.69504243 -0.65798697 -0.63205792  0.55070344 -2.7437905   0.33647224
 -0.28405052  0.         -0.03636376]
log likelihood =  -3369.1160577541386
Lr derivatives =  [0.004910839617361162, -20.743896949641773, 0.005518356446843953]
other derivatives =  [ 0.01983335 -0.01109356  0.00206956  0.00125692 -0.00177655 -0.        ]
Current x_clock array =  [-0.69511869 -0.65802445 -0.63206572  0.55082625 -2.74377197  0.33647224
 -0.28400423  0.         -0.03638481]
      fun: 3369.1160577541386
 hess_inv: <9x9 LbfgsInvHessProduct with dtype=float64>
      jac: array([ 1.98333510e-02, -1.10935616e-02,  2.06955519e-03,  1.25692168e-03,
       -1.77654591e-03, -0.00000000e+00,  4.91083962e-03, -2.07438969e+01,
        5.51835645e-03])
  message: 'CONVERGENCE: REL_REDUCTION_OF_F_<=_FACTR*EPSMCH'
     nfev: 16
      nit: 15
     njev: 16
   status: 0
  success: True
        x: array([-0.69511869, -0.65802445, -0.63206572,  0.55082625, -2.74377197,
        0.33647224, -0.28400423,  0.        , -0.03638481])
