number of sites to be analyzed:  702
log likelihood =  -8140.428956754155
Lr derivatives =  [18.3200037747375, -425.59360118651114, -480.35774879575337]
other derivatives =  [ 131.34117853  -37.83671127  138.11546523 -135.3931948   600.43144458
  -22.95829745   -0.        ]
Current x_clock array =  [-0.55218855 -0.68853888 -0.47629013  0.18232156 -0.10536052 -0.10536052
  0.33647224 -0.51082562 -0.51082562 -0.51082562]
log likelihood =  -7736.5286278776375
Lr derivatives =  [-121.23090182790105, -486.2194577844222, -496.7073598294553]
other derivatives =  [-565.90137683   27.30595861 -313.93641802  -40.32796733  370.12072629
  -13.90078705   -0.        ]
Current x_clock array =  [-0.75581479 -0.68754891 -0.69041897  0.39222989 -1.03624603 -0.06976687
  0.33647224 -0.53922824 -0.51003366 -0.51003366]
log likelihood =  -7209.490509079909
Lr derivatives =  [8.420961497911975, -220.93015307793468, -182.25110250744206]
other derivatives =  [ 231.04198772  202.24213404 -411.41689417  110.27841265   12.30451318
    1.64434459   -0.        ]
Current x_clock array =  [-0.53418149 -0.71697243 -0.69002585  0.67989964 -2.47027588 -0.01514276
  0.33647224 -0.4733108  -0.19840816 -0.20154403]
log likelihood =  -7168.858390053658
Lr derivatives =  [-33.368195656233574, -122.46622411053275, 77.91686584823765]
other derivatives =  [-420.12642189 -124.93871054  580.23339807   65.33810028  -34.25030563
   11.31002955   -0.        ]
Current x_clock array =  [-0.72859626 -0.91602571 -0.30547078  0.64415782 -2.82951986 -0.00349973
  0.33647224 -0.47041508  0.          0.        ]
log likelihood =  -7106.187086183456
Lr derivatives =  [-24.881726956420593, -180.84671718099196, -51.27065594093096]
other derivatives =  [-147.97846143   14.47338582 -131.49149709   89.57909904  -10.48200609
    6.86488966   -0.        ]
Current x_clock array =  [-0.63156214 -0.81667647 -0.49740559  0.66199688 -2.65021804 -0.00931087
  0.33647224 -0.47186036 -0.09902725 -0.1005924 ]
log likelihood =  -7089.425746636374
Lr derivatives =  [32.318711562365756, -100.11438505413992, 131.75112641285463]
other derivatives =  [ 29.54387764  -3.08752351 207.28985055  65.32045973   5.31291194
   9.39795973  -0.        ]
Current x_clock array =  [-0.59096097 -0.84291787 -0.38889286  0.60037508 -2.65725752 -0.01313331
  0.33647224 -0.46237034  0.         -0.03370401]
log likelihood =  -7079.397221239642
Lr derivatives =  [35.69342990032519, -108.54231706909368, 25.056059123829193]
other derivatives =  [30.08823933 -0.77618733 28.53027854 65.36378714 11.5659963   8.04519732
 -0.        ]
Current x_clock array =  [-0.58862636 -0.83682575 -0.44177778  0.58148393 -2.61959902 -0.01657843
  0.33647224 -0.46931785  0.         -0.07359202]
log likelihood =  -7076.4820637710745
Lr derivatives =  [24.18598116781279, -119.41643223142728, -4.801776700872047]
other derivatives =  [-1.27895328 -9.77465061  2.61375317 59.43160704 13.50213224  7.23685571
 -0.        ]
Current x_clock array =  [-0.59550717 -0.83650572 -0.45197244  0.54579486 -2.60433379 -0.02108703
  0.33647224 -0.48381885  0.         -0.08903061]
log likelihood =  -7071.211658012206
Lr derivatives =  [-6.303116727823831, -144.0869712543558, -40.452353297768504]
other derivatives =  [-21.38850596 -19.17658665 -35.36100303  39.76871631  13.370986
   6.05917558  -0.        ]
Current x_clock array =  [-0.59817758 -0.82920538 -0.47183047  0.43184403 -2.59114666 -0.03492068
  0.33647224 -0.52375224  0.         -0.1071227 ]
log likelihood =  -7067.468584607583
Lr derivatives =  [-17.416961453916272, -151.75457443264577, -35.06821261435383]
other derivatives =  [-27.82406136  -4.60209412 -42.45022774  19.10165793  10.20809948
   6.0886141   -0.        ]
Current x_clock array =  [-0.5991784  -0.81207799 -0.479687    0.31226568 -2.61061397 -0.0510879
  0.33647224 -0.54063424  0.         -0.10126782]
log likelihood =  -7066.222782972665
Lr derivatives =  [-26.92498277646429, -153.83361760143805, -27.76925097538026]
other derivatives =  [ 36.80510599 -55.18971557   9.99689018  -6.68652956  -1.92383466
   7.32634089  -0.        ]
Current x_clock array =  [-0.58250544 -0.84677866 -0.46267998  0.17492263 -2.7144869  -0.0854858
  0.33647224 -0.51905991  0.         -0.09802907]
log likelihood =  -7064.61195159863
Lr derivatives =  [-2.9889856685561362, -138.14111105716455, 1.8728196330226723]
other derivatives =  [-6.90016986 -1.01702062 -6.12778877 -3.35892855  0.21702785  7.56068948
 -0.        ]
Current x_clock array =  [-0.59549534 -0.81297089 -0.46680386  0.17544006 -2.70716793 -0.08918938
  0.33647224 -0.50511418  0.         -0.08278717]
log likelihood =  -7064.544016236731
Lr derivatives =  [-0.2086813439725841, -136.3027123848152, 0.9178574878601395]
other derivatives =  [-0.46972946  0.28004524 -0.13782574 -1.51723634  0.28356528  7.54668235
 -0.        ]
Current x_clock array =  [-0.59425393 -0.81364704 -0.46401764  0.1859738  -2.70840336 -0.09202951
  0.33647224 -0.50126941  0.         -0.08370439]
log likelihood =  -7064.475589325253
Lr derivatives =  [2.22745386068811, -134.50733286887547, 1.1185992835476455]
other derivatives =  [ 3.45865465  0.65558561  4.33554851 -0.23965185 -0.27167698  7.47235572
 -0.        ]
Current x_clock array =  [-0.59355222 -0.81482612 -0.46181944  0.19245384 -2.71400552 -0.10162945
  0.33647224 -0.49677948  0.         -0.08395283]
log likelihood =  -7064.31520603408
Lr derivatives =  [5.704011719666202, -132.0040763285824, 0.38040711864024956]
other derivatives =  [ 8.60842556  1.5634505   9.10579729  1.56754413 -1.36833611  7.04900776
 -0.        ]
Current x_clock array =  [-0.59263699 -0.8164253  -0.45924078  0.20058361 -2.72521437 -0.13249566
  0.33647224 -0.48956063  0.         -0.08476477]
log likelihood =  -7063.970619208803
Lr derivatives =  [9.162291847995217, -129.2562752974168, -0.911446878885549]
other derivatives =  [11.31941917  1.51420227 12.42224698  3.96796349 -3.36654455  5.78737581
 -0.        ]
Current x_clock array =  [-0.59224895 -0.81930495 -0.45682764  0.210291   -2.74545544 -0.21335868
  0.33647224 -0.47967747  0.         -0.08549588]
log likelihood =  -7063.661189267364
Lr derivatives =  [14.033440911191757, -127.23380403719848, -7.405562342669661]
other derivatives =  [52.80160804 18.65634567  3.86250122  5.68421092 -1.45696863  2.85108945
 -0.        ]
Current x_clock array =  [-0.58272307 -0.81093924 -0.46029739  0.21350093 -2.74579366 -0.37985383
  0.33647224 -0.47819927  0.         -0.08754114]
log likelihood =  -7063.113982071871
Lr derivatives =  [8.018618623387827, -129.51169273855103, -5.523515078443822]
other derivatives =  [15.65312232  5.52086203 15.95433423  4.4071403  -2.64657799  1.34571928
 -0.        ]
Current x_clock array =  [-0.59112644 -0.81792886 -0.45523168  0.20949799 -2.76012941 -0.49252425
  0.33647224 -0.47659567  0.         -0.08473545]
log likelihood =  -7062.887583802551
Lr derivatives =  [3.0269867944869873, -132.21572871294856, -1.1595105762201499]
other derivatives =  [ 1.16090450e+00 -5.45696821e-04  7.97937355e+00  1.72419368e+00
 -1.55003825e+00  5.21520633e-01 -0.00000000e+00]
Current x_clock array =  [-0.59398777 -0.81881424 -0.45880273  0.19607536 -2.7551447  -0.55172221
  0.33647224 -0.48339071  0.         -0.08084121]
log likelihood =  -7062.838422686569
Lr derivatives =  [0.03820108469233752, -134.2328955662928, 0.0430209332393261]
other derivatives =  [-1.43095349 -0.47356752  0.59544254  0.04374033 -0.23167217  0.03828609
 -0.        ]
Current x_clock array =  [-0.59422082 -0.81729605 -0.46226415  0.18749058 -2.74709028 -0.58332437
  0.33647224 -0.48964398  0.         -0.07925598]
log likelihood =  -7062.837775754572
Lr derivatives =  [-0.04350818877511209, -134.32555068323157, 0.08452814743581172]
other derivatives =  [-0.18558876 -0.04797948  0.05380298 -0.00158707 -0.02955005  0.00040018
 -0.        ]
Current x_clock array =  [-0.59390314 -0.81693543 -0.4625479   0.18730696 -2.74580748 -0.58539513
  0.33647224 -0.49026537  0.         -0.07916464]
log likelihood =  -7062.837766892744
Lr derivatives =  [-0.02083003514460202, -134.32472246539524, -0.00831022971033235]
other derivatives =  [-0.00985892  0.00107775 -0.01367789  0.00949058 -0.00974687 -0.0004602
 -0.        ]
Current x_clock array =  [-0.59386111 -0.81690896 -0.46257601  0.18736484 -2.74568887 -0.58528997
  0.33647224 -0.4902786   0.         -0.07921426]
      fun: 7062.837766892744
 hess_inv: <10x10 LbfgsInvHessProduct with dtype=float64>
      jac: array([-9.85892257e-03,  1.07775122e-03, -1.36778908e-02,  9.49057721e-03,
       -9.74687333e-03, -4.60204319e-04, -0.00000000e+00, -2.08300351e-02,
       -1.34324722e+02, -8.31022971e-03])
  message: 'CONVERGENCE: REL_REDUCTION_OF_F_<=_FACTR*EPSMCH'
     nfev: 22
      nit: 20
     njev: 22
   status: 0
  success: True
        x: array([-0.59386111, -0.81690896, -0.46257601,  0.18736484, -2.74568887,
       -0.58528997,  0.33647224, -0.4902786 ,  0.        , -0.07921426])
