number of sites to be analyzed:  320
log likelihood =  -4732.229654679297
Lr derivatives =  [-334.4782885972812, -411.9522884208851, -410.51053005269046]
other derivatives =  [ -8.04710362 -25.81544959  40.60813353 -67.53486105 302.96955629
 -32.88849712  -0.        ]
Current x_clock array =  [-0.74531805 -0.84861567 -0.60152051  0.18232156 -0.10536052 -0.10536052
  0.33647224 -0.51082562 -0.51082562 -0.51082562]
log likelihood =  -4439.009083302704
Lr derivatives =  [73.37556140425988, -198.08729692403296, -272.6335969725483]
other derivatives =  [  -9.90439366   -3.86326246 -113.30573125  -35.70123135  257.33429175
  -39.04627192   -0.        ]
Current x_clock array =  [-0.7438042  -0.84687692 -0.68993296  0.32935916 -0.76498899 -0.03375534
  0.33647224  0.21740399 -0.50971345 -0.50971345]
log likelihood =  -4211.826300310722
Lr derivatives =  [147.86590930556068, -63.78555044235611, -102.87642817939903]
other derivatives =  [ 25.31063365  31.09637237  60.92562398 -18.44531471 186.71157453
 -30.95014381  -0.        ]
Current x_clock array =  [-0.72899821 -0.85062104 -0.51337442  0.43496799 -1.41185214  0.05625647
  0.33647224  0.29480182 -0.33948182 -0.20605712]
log likelihood =  -4124.038229752844
Lr derivatives =  [-53.86980721063429, -89.87780906174893, 74.10935722873546]
other derivatives =  [-132.32810034   -6.3732632  -214.63255962   38.21352129  -62.37532447
    1.97360623   -0.        ]
Current x_clock array =  [-0.79856052 -0.94963224 -0.64852166  0.60645793 -2.57960083  0.22494477
  0.33647224  0.2040553  -0.13258487  0.        ]
log likelihood =  -4092.0396559992532
Lr derivatives =  [-19.018310604485716, -65.03747907255455, -17.616426775720264]
other derivatives =  [133.94817961  -5.49342258  67.48090436  11.89279192 -16.2015571
  -1.7673492   -0.        ]
Current x_clock array =  [-0.6581209  -0.95662491 -0.47374737  0.54399535 -2.43815842  0.21567805
  0.33647224  0.17654697 -0.02149982 -0.07723727]
log likelihood =  -4084.2831792352385
Lr derivatives =  [-9.101179802751103, -56.36585692669652, -13.631515518071751]
other derivatives =  [ 3.96264659 -4.98035934 14.53549021 12.98886627 -5.2562297  -3.96188216
 -0.        ]
Current x_clock array =  [-0.72670548 -0.9489492  -0.49928073  0.52925907 -2.36989453  0.20821518
  0.33647224  0.16744051  0.         -0.07506425]
log likelihood =  -4083.9164710793507
Lr derivatives =  [-2.459389806964605, -51.98114005306532, -8.51277242731624]
other derivatives =  [-2.00563363 -2.33604806  1.07671758 11.66152924 -0.74112802 -4.47491311
 -0.        ]
Current x_clock array =  [-0.73073586 -0.94418056 -0.50704329  0.51880235 -2.3479649   0.20796674
  0.33647224  0.16960422  0.         -0.06795566]
log likelihood =  -4083.6530925100906
Lr derivatives =  [2.819259101441707, -47.45347349282084, 1.778634807313992]
other derivatives =  [-4.74466924  0.64846154 -0.06742948  9.12673113  2.54405159 -4.64968116
 -0.        ]
Current x_clock array =  [-0.73310518 -0.93929448 -0.50862426  0.4985684  -2.3311269   0.21269509
  0.33647224  0.16834759  0.         -0.05352199]
log likelihood =  -4083.4137270582532
Lr derivatives =  [4.739650947382195, -45.63979193647593, 6.843021965629809]
other derivatives =  [-0.75216349  1.80258075 -6.28175121  6.58409681  2.60275578 -4.3992668
 -0.        ]
Current x_clock array =  [-0.73109851 -0.93741314 -0.51302854  0.47085711 -2.32957006  0.22446789
  0.33647224  0.16603543  0.         -0.04760247]
log likelihood =  -4083.021255148309
Lr derivatives =  [5.621791266570847, -44.92589155532925, 9.68947440508045]
other derivatives =  [-0.91777656  2.10837561 -0.78216272  0.39499446  2.43897026 -3.81741893
 -0.        ]
Current x_clock array =  [-0.7322308  -0.93577984 -0.51236871  0.401838   -2.32838722  0.25692741
  0.33647224  0.15929156  0.         -0.04620149]
log likelihood =  -4082.884624968872
Lr derivatives =  [2.363042945745299, -48.103477702344996, 1.2251396346589942]
other derivatives =  [  5.78479739   2.14717784 -13.14694737  -1.65265374  -1.71293426
  -2.62524509  -0.        ]
Current x_clock array =  [-0.72821522 -0.93473952 -0.5206817   0.36428593 -2.34225431  0.29712337
  0.33647224  0.15336766  0.         -0.05959432]
log likelihood =  -4082.7981464844834
Lr derivatives =  [1.0285364934072696, -49.09831405207676, -0.10009106749209096]
other derivatives =  [ 0.63129346  0.40714758 -1.61813887 -2.12468831 -1.16548259 -2.64349273
 -0.        ]
Current x_clock array =  [-0.73131901 -0.93668762 -0.51445169  0.36164954 -2.33637813  0.30367515
  0.33647224  0.14960604  0.         -0.06103624]
log likelihood =  -4082.7698866640126
Lr derivatives =  [0.10045775225387032, -49.899747952824725, -1.8215183885112651]
other derivatives =  [-1.11260397 -0.4624435   2.01724788 -1.69341274 -1.10046061 -2.58319233
 -0.        ]
Current x_clock array =  [-0.73223237 -0.93761546 -0.51245788  0.3664835  -2.33255723  0.30976109
  0.33647224  0.14707686  0.         -0.06310613]
log likelihood =  -4082.7262066070066
Lr derivatives =  [-1.0243953703249051, -50.858778039875325, -3.7200333041605695]
other derivatives =  [-2.57593729 -1.28227339  4.74434364 -1.05335357 -1.04364783 -2.32417278
 -0.        ]
Current x_clock array =  [-0.73289223 -0.93811856 -0.51118789  0.37264609 -2.32434962  0.32644375
  0.33647224  0.14178576  0.         -0.06532239]
log likelihood =  -4082.647804967345
Lr derivatives =  [-2.374624773114359, -51.86218114541009, -4.915075785990815]
other derivatives =  [-3.40334373 -1.90307037  6.59034822 -0.11718021 -0.91000007 -1.56094211
 -0.        ]
Current x_clock array =  [-0.73303546 -0.93758847 -0.51090371  0.3807144  -2.30614957  0.36760636
  0.33647224  0.13052073  0.         -0.06622528]
log likelihood =  -4082.574363965879
Lr derivatives =  [-1.5775616473061174, -51.2094788321283, -2.993081747262824]
other derivatives =  [-1.12095404 -1.27337034  5.43125861  0.28155227 -0.38151272 -0.36649544
 -0.        ]
Current x_clock array =  [-0.73157678 -0.93539535 -0.51247113  0.38387102 -2.28632788  0.4203589
  0.33647224  0.12132423  0.         -0.06321141]
log likelihood =  -4082.602425628361
Lr derivatives =  [-1.7644912060289535, -50.79092442727608, 0.1598376484512798]
other derivatives =  [-11.606523    -0.87402759  -4.73692398   0.53592703  -1.09020421
   0.28225804  -0.        ]
Current x_clock array =  [-0.73737424 -0.93363039 -0.51857525  0.38044692 -2.27829379  0.44664926
  0.33647224  0.11528826  0.         -0.0585111 ]
log likelihood =  -4082.567005975705
Lr derivatives =  [-1.63480833948545, -51.0786014147899, -2.0177512424180364]
other derivatives =  [-4.4155563  -1.14871636  2.22228073  0.36203573 -0.60150167 -0.16421609
 -0.        ]
Current x_clock array =  [-0.73338901 -0.93484364 -0.51437921  0.38280068 -2.2838165   0.428577
  0.33647224  0.11943745  0.         -0.06174214]
log likelihood =  -4082.5547881652515
Lr derivatives =  [-0.3968056884940401, -50.1272194039615, -0.21257222280398125]
other derivatives =  [-0.60932871 -0.25261215  0.79072379  0.19890922 -0.28024172  0.12339569
 -0.        ]
Current x_clock array =  [-0.73125478 -0.93356539 -0.51539827  0.38196682 -2.28050895  0.43876084
  0.33647224  0.11929782  0.         -0.0593547 ]
log likelihood =  -4082.5541076322543
Lr derivatives =  [-0.02778686682847553, -49.873520029531925, 0.12157313589985108]
other derivatives =  [-0.06189566 -0.05524544  0.22953827  0.07493327 -0.16915726  0.07576364
 -0.        ]
Current x_clock array =  [-0.73098248 -0.93338492 -0.51569492  0.38096687 -2.28118255  0.43657831
  0.33647224  0.12019476  0.         -0.05898623]
log likelihood =  -4082.5540120295236
Lr derivatives =  [0.06516413226500184, -49.82880391559035, 0.10252475178296194]
other derivatives =  [-0.0252171  -0.02302022  0.08253483  0.02834531 -0.09644609  0.04465028
 -0.        ]
Current x_clock array =  [-0.73097479 -0.93334346 -0.51578525  0.38054869 -2.28111363  0.43580648
  0.33647224  0.1203512   0.         -0.05903318]
log likelihood =  -4082.553946945035
Lr derivatives =  [0.08506862024255124, -49.83425614740091, 0.016171205407587763]
other derivatives =  [-0.0066234  -0.00044065 -0.03960804  0.01299213 -0.01576497  0.01237777
 -0.        ]
Current x_clock array =  [-0.73096381 -0.93327567 -0.51588225  0.38040498 -2.28057723  0.43549743
  0.33647224  0.12015947  0.         -0.05913012]
log likelihood =  -4082.5539272682972
Lr derivatives =  [0.027222539518875877, -49.86839775775854, -0.0054951097669651006]
other derivatives =  [ 0.01553462  0.0056134  -0.05247421  0.004713   -0.00093693 -0.00076852
 -0.        ]
Current x_clock array =  [-0.73094354 -0.93323173 -0.51591912  0.3802814  -2.28020877  0.43556932
  0.33647224  0.11984142  0.         -0.05912365]
log likelihood =  -4082.5539271788903
Lr derivatives =  [0.020404403928505843, -49.867048703694394, 0.028129348924512243]
other derivatives =  [-0.02473871  0.01835997  0.04220965 -0.00953605  0.01802917 -0.00352975
 -0.        ]
Current x_clock array =  [-0.73096924 -0.93319669 -0.51587951  0.38016641 -2.27999552  0.43570809
  0.33647224  0.11971935  0.         -0.05906348]
log likelihood =  -4082.553925549842
Lr derivatives =  [0.023769973117504506, -49.867713334336514, 0.011538697151951993]
other derivatives =  [-0.00486989  0.01207081 -0.00450336 -0.00250566  0.00867253 -0.00216733
 -0.        ]
Current x_clock array =  [-0.73095656 -0.93321398 -0.51589905  0.38022314 -2.28010072  0.43563963
  0.33647224  0.11977957  0.         -0.05909316]
      fun: 4082.553925549842
 hess_inv: <10x10 LbfgsInvHessProduct with dtype=float64>
      jac: array([-4.86988938e-03,  1.20708137e-02, -4.50336302e-03, -2.50565790e-03,
        8.67252643e-03, -2.16732587e-03, -0.00000000e+00,  2.37699731e-02,
       -4.98677133e+01,  1.15386972e-02])
  message: 'CONVERGENCE: REL_REDUCTION_OF_F_<=_FACTR*EPSMCH'
     nfev: 25
      nit: 22
     njev: 25
   status: 0
  success: True
        x: array([-0.73095656, -0.93321398, -0.51589905,  0.38022314, -2.28010072,
        0.43563963,  0.33647224,  0.11977957,  0.        , -0.05909316])
