number of sites to be analyzed:  446
log likelihood =  -5443.013485460082
Lr derivatives =  [-68.54372310417607, -295.9271309781862, -362.1793355753061]
other derivatives =  [126.43031914 -17.99421989  56.92334616 -70.37935848 378.77026443
  -0.        ]
Current x_clock array =  [-0.63535784 -0.74171164 -0.53636623  0.18232156 -0.10536052  0.33647224
 -0.51082562 -0.51082562 -0.51082562]
log likelihood =  -5202.70904683672
Lr derivatives =  [-16.472178489246772, -260.34071077432066, -335.0221147728721]
other derivatives =  [-405.75948242   21.74143265 -195.49910212  -16.79845263  243.51619658
   -0.        ]
Current x_clock array =  [-0.93990375 -0.74004544 -0.67348344  0.35185166 -1.01774399  0.33647224
 -0.3457172  -0.50959514 -0.50959514]
log likelihood =  -4859.131897325745
Lr derivatives =  [102.68647906738167, -68.40476524649495, -143.94077458079306]
other derivatives =  [-164.40221407  105.62751868 -213.57227251   46.01728961   73.64668884
   -0.        ]
Current x_clock array =  [-0.77677024 -0.76623509 -0.58580019  0.5306613  -2.15018159  0.33647224
 -0.171447   -0.2807763  -0.2116152 ]
log likelihood =  -4928.965424308135
Lr derivatives =  [-52.67677047311744, -96.8362405650739, 77.42983143543825]
other derivatives =  [-115.66946523  -98.4320054  1446.33933905   25.60496159  -23.36223697
   -0.        ]
Current x_clock array =  [-0.74790744 -1.04479821 -0.18613567  0.50560598 -2.83560014  0.33647224
 -0.35926414 -0.12906173  0.        ]
log likelihood =  -4801.357252030956
Lr derivatives =  [10.1111819222522, -92.7454222562945, -123.25957341076052]
other derivatives =  [-148.091357     -4.10547182  114.41596234   39.21737334   27.82157313
   -0.        ]
Current x_clock array =  [-0.76410164 -0.88850333 -0.41037755  0.5196639  -2.45102874  0.33647224
 -0.25388459 -0.21418502 -0.11873206]
log likelihood =  -4775.6775258219495
Lr derivatives =  [28.315937521362706, -47.4700349374667, 13.342287275008857]
other derivatives =  [ 72.82832303 -10.08217441  39.80101428  42.77830249   5.02537546
  -0.        ]
Current x_clock array =  [-0.64979873 -0.92804888 -0.43949105  0.49785967 -2.64840091  0.33647224
 -0.27821075 -0.10465489  0.        ]
log likelihood =  -4770.366109010487
Lr derivatives =  [23.14920736059827, -41.43766537373584, 11.11111487261951]
other derivatives =  [ 20.74956774 -16.65780928   4.43331828  40.35209895  -0.62422398
  -0.        ]
Current x_clock array =  [-0.67046079 -0.93182418 -0.45430747  0.46326323 -2.67369224  0.33647224
 -0.30626152 -0.06284478  0.        ]
log likelihood =  -4762.8995027832125
Lr derivatives =  [13.901385672455255, -31.654664765142876, 66.398398521221]
other derivatives =  [-21.19488454 -18.97676066 -11.90632247  29.1330789    2.17279125
  -0.        ]
Current x_clock array =  [-0.6892308  -0.92231542 -0.46702047  0.37251253 -2.63804211  0.33647224
 -0.37382924  0.         -0.00658794]
log likelihood =  -4764.2481421439525
Lr derivatives =  [-12.447387444063644, -52.9618544487666, -78.79551250239024]
other derivatives =  [-69.67856643  -8.43557973 -23.8631992   12.37926699  12.92303081
  -0.        ]
Current x_clock array =  [-0.71271573 -0.88271789 -0.48554057  0.25801689 -2.5041538   0.33647224
 -0.44771672  0.         -0.07062871]
log likelihood =  -4761.588514191713
Lr derivatives =  [5.179032814623355, -38.400924505240916, -25.85105705057169]
other derivatives =  [-38.92997847 -14.96336517 -16.95823266  22.77130443   6.49484795
  -0.        ]
Current x_clock array =  [-0.69814252 -0.90728951 -0.47404821  0.32906535 -2.58723608  0.33647224
 -0.40186701  0.         -0.03088922]
log likelihood =  -4760.520530165872
Lr derivatives =  [-3.006698663601753, -42.66293238230453, -22.414439051952655]
other derivatives =  [-18.89768737 -11.34660397  -6.85430768  19.03977954   5.5477809
  -0.        ]
Current x_clock array =  [-0.68875607 -0.90027783 -0.47235188  0.29979368 -2.5836837   0.33647224
 -0.42004177  0.         -0.02787447]
log likelihood =  -4759.366502762746
Lr derivatives =  [-12.765383051563497, -47.06907035204729, -4.768620196272966]
other derivatives =  [11.60110151  1.67234975  5.87499198 11.10032099  2.80980084 -0.        ]
Current x_clock array =  [-0.67543214 -0.88121572 -0.47132633  0.23190522 -2.59341991  0.33647224
 -0.44217917  0.         -0.01939493]
log likelihood =  -4758.972974894442
Lr derivatives =  [-11.70158432038, -46.02436197580533, 2.493144653736163]
other derivatives =  [11.40096447  5.22093796  5.87696013  7.52265714  1.41745161 -0.        ]
Current x_clock array =  [-0.67572219 -0.87704826 -0.4720808   0.19856767 -2.6097672   0.33647224
 -0.43789306  0.         -0.01696443]
log likelihood =  -4758.429313499336
Lr derivatives =  [-3.406785726359317, -40.803210308929685, 4.01423541188484]
other derivatives =  [ 5.32949343 -0.45381148 -0.16210379  0.03503283  0.37395091 -0.        ]
Current x_clock array =  [-0.67836323 -0.88606647 -0.4750776   0.1290355  -2.64886193  0.33647224
 -0.41129348  0.         -0.01641053]
log likelihood =  -4758.427844050069
Lr derivatives =  [2.359591394705376, -37.519223174817874, 0.09795658421169762]
other derivatives =  [-3.57907902  5.22113623  3.44551972  0.12780674  0.35429998 -0.        ]
Current x_clock array =  [-0.68314231 -0.88131441 -0.47187403  0.12703004 -2.65923632  0.33647224
 -0.39818438  0.         -0.0179449 ]
log likelihood =  -4758.408232945088
Lr derivatives =  [-0.46884576955430646, -39.129406602322575, 1.9675503630779083]
other derivatives =  [ 0.7823628   2.42198894  1.65586425  0.08179995  0.36108392 -0.        ]
Current x_clock array =  [-0.68079467 -0.88364878 -0.47344774  0.12801519 -2.65414007  0.33647224
 -0.40462402  0.         -0.01719116]
log likelihood =  -4758.401662139304
Lr derivatives =  [-0.026280804409068992, -38.91850492691135, 0.5421451524937808]
other derivatives =  [ 0.08396637  0.36986239  0.01995613 -0.08864572  0.06025519 -0.        ]
Current x_clock array =  [-0.68096004 -0.88644402 -0.47406131  0.12580917 -2.65852963  0.33647224
 -0.40204381  0.         -0.01761538]
log likelihood =  -4758.401467216088
Lr derivatives =  [-0.011977716612761924, -38.92867456325449, 0.09404042252831601]
other derivatives =  [-0.0584896  -0.01865283  0.03687092 -0.02488741  0.00682562 -0.        ]
Current x_clock array =  [-0.68100401 -0.88697816 -0.47399006  0.12639466 -2.6590822   0.33647224
 -0.40170184  0.         -0.01775477]
log likelihood =  -4758.401463155805
Lr derivatives =  [0.019332043452564562, -38.91511570197632, 0.004850834543820071]
other derivatives =  [ 0.00363161  0.00112959 -0.05345646  0.00278123  0.00552144 -0.        ]
Current x_clock array =  [-0.68097677 -0.88697317 -0.47402515  0.12659556 -2.65908267  0.33647224
 -0.40166314  0.         -0.0177847 ]
      fun: 4758.401463155805
 hess_inv: <9x9 LbfgsInvHessProduct with dtype=float64>
      jac: array([ 3.63161234e-03,  1.12959242e-03, -5.34564606e-02,  2.78123480e-03,
        5.52144284e-03, -0.00000000e+00,  1.93320435e-02, -3.89151157e+01,
        4.85083454e-03])
  message: 'CONVERGENCE: REL_REDUCTION_OF_F_<=_FACTR*EPSMCH'
     nfev: 19
      nit: 15
     njev: 19
   status: 0
  success: True
        x: array([-0.68097677, -0.88697317, -0.47402515,  0.12659556, -2.65908267,
        0.33647224, -0.40166314,  0.        , -0.0177847 ])
