number of sites to be analyzed:  396
log likelihood =  -10011.643420140184
Edge derivatives =  [13.610901890108826, 52.47835943360458, 39.70858336168414, 28.410912742592572, -30.572595854763488, -29.12043824713316, 127.5522260396207, 188.53882145385222, 38.278644771671686, 46.87502609781281, -26.775510133756296, 1.4240543756522674, -6.123028521961858, 20.612822947556136, 64.04388364260059, 88.1206705179166]
other derivatives: [ -291.83265724   124.72974049  -127.96972442   347.14739741
 -1075.93714347     0.        ]
Current x array =  [-0.64097569 -0.65330439 -0.66173901  0.18232156 -0.10536052  0.33647224
 -2.30258509 -2.30258509 -2.30258509 -2.30258509 -2.30258509 -2.30258509
 -2.30258509 -2.30258509 -2.30258509 -2.30258509 -2.30258509 -2.30258509
 -2.30258509 -2.30258509 -2.30258509 -2.30258509]
log likelihood =  -9153.959065397046
Edge derivatives =  [19.387136397466737, 52.6476060300031, 44.61831367655545, 33.89264810629097, -23.36721199555653, -22.787546264618964, 133.5651994115911, 188.92487240182814, 41.08005983666044, 50.107382300450695, -20.061243454794276, 5.8578814816006926, -4.49876835104055, 24.393457663647148, 67.0540382991372, 90.79006002470874]
other derivatives: [ 363.41789382  107.66871128   -4.50727384  261.36567612 -698.77442002
    0.        ]
Current x array =  [-0.90044961 -0.65276798 -0.7755193   0.19105064 -1.06199652  0.33647224
 -2.29698135 -2.25592559 -2.29698135 -2.29698135 -2.32976776 -2.32847662
 -2.29698135 -2.29698135 -2.29698135 -2.29698135 -2.3263917  -2.30131894
 -2.30802919 -2.29698135 -2.29698135 -2.29698135]
log likelihood =  -8416.966738162542
Edge derivatives =  [19.156994957129232, 49.161681959921914, 45.02016058139992, 35.76943215624817, -16.703640888766145, -14.694496167846687, 123.75159369169744, 178.7439850997676, 39.24178307955042, 47.290432633684524, -13.863699388427722, 7.729219940397399, -4.4040147534663845, 22.74280577297814, 63.86893085765731, 82.90982000966525]
other derivatives: [-967.61286841   31.56510502   90.38976714   31.0883479    10.17597242
    0.        ]
Current x array =  [-0.4574131  -0.56962559 -0.89283258  0.36455257 -3.30496746  0.33647224
 -2.26195078 -2.1112248  -2.23964593 -2.2489273  -2.40017868 -2.39655135
 -2.15692518 -2.11165097 -2.24496719 -2.23625801 -2.38728988 -2.28897034
 -2.32178647 -2.25931896 -2.22092292 -2.19947318]
log likelihood =  -8320.815716357092
Edge derivatives =  [26.352608461287602, 50.32101826760046, 49.8623674989446, 38.943325572710265, -12.024998678999165, -10.560303886470537, 119.42783957893636, 175.44501740458074, 44.26843774977414, 49.51917112319479, -8.071135071080088, 12.093981615975949, -1.8717237118072556, 28.08121587839504, 63.884766161725715, 85.23181907497343]
other derivatives: [480.5280696  -86.04965842  30.50172381  17.78716978  60.16507541
   0.        ]
Current x array =  [-0.85512335 -0.53110806 -0.7851698   0.39826658 -3.52259522  0.33647224
 -2.23742475 -2.04619264 -2.18954949 -2.20818816 -2.42273544 -2.41748376
 -2.02423677 -1.92641554 -2.2014668  -2.18414438 -2.40611329 -2.27858442
 -2.32700761 -2.23201025 -2.15206089 -2.11051338]
log likelihood =  -8262.444443056062
Edge derivatives =  [25.365873990842122, 49.60195050936444, 48.69127411033946, 37.69512092395352, -12.520664802020923, -11.181104488177084, 115.51526103521128, 171.91748060325037, 43.21243545996657, 48.01844787448312, -8.77769410036683, 11.043004363249599, -2.0456667447884147, 26.70913700759103, 61.952923087603196, 82.91428455979832]
other derivatives: [316.31079764 -53.93885658  21.10846253  25.35161912  45.6617272
   0.        ]
Current x array =  [-0.76916201 -0.5465785  -0.76943687  0.41063983 -3.44190724  0.33647224
 -2.23145243 -2.03728639 -2.17711056 -2.19866144 -2.42389957 -2.41834932
 -1.99246917 -1.87938042 -2.19041718 -2.17154488 -2.40657402 -2.27587246
 -2.32715569 -2.22537763 -2.1354705  -2.08817955]
log likelihood =  -8152.334604988281
Edge derivatives =  [19.261138053266976, 45.89099342167055, 42.02110395213877, 29.55165587353407, -13.757622733880819, -12.500247022434515, 87.55067617042604, 142.2548927202753, 37.47227308903712, 40.08970293891405, -10.797024658541932, 7.723893541694391, -2.502428183756953, 20.307951518194304, 49.77058893772757, 67.85153597595756]
other derivatives: [-655.2695595   -25.11951607  -54.26345524    7.72733983    0.78634912
    0.        ]
Current x array =  [-0.51211129 -0.5803006  -0.67649525  0.50937129 -3.24221963  0.33647224
 -2.18246525 -1.94379748 -2.07756502 -2.1218773  -2.44692254 -2.43893398
 -1.74470563 -1.51254726 -2.10229615 -2.0716358  -2.42306447 -2.2552627
 -2.33137415 -2.1725161  -2.00484134 -1.91340202]
log likelihood =  -8062.89494992781
Edge derivatives =  [20.097951905758556, 44.819664617533576, 41.45687647994843, 27.68994304986608, -12.581524557033411, -11.609118946967357, 76.59112171726174, 127.48251326151706, 37.18453477243201, 38.38896521640324, -9.623404953802122, 8.284056619219202, -1.750453379210014, 20.10650872516626, 45.56619370283911, 62.982738985315194]
other derivatives: [-287.57685868  -25.32524377  -86.23574104    3.95266397    5.56283339
    0.        ]
Current x array =  [-0.58984585 -0.5965447  -0.62894262  0.5452719  -3.26139939  0.33647224
 -2.15675675 -1.8875204  -2.02540346 -2.081538   -2.46305774 -2.45364757
 -1.61673691 -1.32463306 -2.05630257 -2.01917634 -2.43551226 -2.24423287
 -2.33456593 -2.14464963 -1.93683283 -1.8231275 ]
log likelihood =  -7911.695769971725
Edge derivatives =  [13.475106881536474, 35.006135606792455, 27.793632692189803, 6.484452424584018, -11.269989662627092, -10.63064152360558, 3.2007397743575488, 5.625347960619096, 27.024377748306115, 21.7936182719789, -10.031657079400574, 6.398064838960897, -0.5430694324415147, 11.731604714836422, 13.861785270781294, 19.002206013956936]
other derivatives: [ -15.6295755   -29.41051207 -430.47684812  -37.05727067  -18.17907105
    0.        ]
Current x array =  [-0.69334454 -0.67996619 -0.43572151  0.75064969 -3.28243252  0.33647224
 -2.01967468 -1.59433387 -1.74811321 -1.86923495 -2.5454099  -2.52875526
 -0.94679192 -0.3338494  -1.81125012 -1.74192696 -2.49840085 -2.18587422
 -2.3502025  -1.99725815 -1.57905651 -1.3463348 ]
log likelihood =  -7983.478690056195
Edge derivatives =  [0.25804583721979957, 19.954151193675607, 8.275292678706133, -8.6403877864723, -15.338303304213149, -12.957667708881996, -44.36851312990591, -86.99911204437302, 7.925393924270569, -0.817289852249969, -14.15540814219795, 0.5164490615468387, -4.68685092924537, -0.4981390602089304, -11.715226002898117, -24.600038183100537]
other derivatives: [206.1728992   32.92752808 530.49943745 -70.6638275  -31.55100785
   0.        ]
Current x array =  [-0.7624164  -0.76113919 -0.90288919  0.78212927 -3.35217866  0.33647224
 -1.93199716 -1.39568797 -1.57157769 -1.75337991 -2.60367094 -2.58248035
 -0.60727099  0.16618664 -1.65223658 -1.57359764 -2.54507787 -2.14735064
 -2.35924151 -1.90702631 -1.38128379 -1.08296726]
log likelihood =  -7873.144465169918
Edge derivatives =  [10.598637155328667, 31.43933623472981, 23.895632842561007, 2.635138872868567, -11.789917367855953, -10.489492308096178, -8.147011443700181, -24.196985432516602, 22.917710400327387, 16.26492042309337, -10.253807083123974, 5.494666949884566, -1.504101883820064, 9.34120640646248, 8.082595355323168, 8.193429840449307]
other derivatives: [ 73.18622011  -4.8829861   21.31055226 -50.98427209 -19.18424459
   0.        ]
Current x array =  [-0.71774386 -0.70864019 -0.6007464   0.76176971 -3.30707003  0.33647224
 -1.98870299 -1.5241631  -1.68575283 -1.82830968 -2.56599035 -2.54773341
 -0.82685768 -0.15721391 -1.7550793  -1.68246538 -2.5148893  -2.17226594
 -2.35339549 -1.96538416 -1.50919418 -1.2533014 ]
log likelihood =  -7868.97654131887
Edge derivatives =  [10.273244415065138, 30.93990691636318, 23.412545667858925, 2.795600165005665, -11.60215077613766, -10.383561318797742, -7.532079695382671, -21.335107841797566, 22.47104373475273, 15.673546039455474, -10.155444557299377, 5.444571950480488, -1.4954965459443066, 9.01592070240532, 7.775535660392929, 7.7793462462316745]
other derivatives: [ 45.72293619  -6.66932465  16.93151717 -46.93356459  -8.11678547
   0.        ]
Current x array =  [-0.70644601 -0.70965238 -0.59923607  0.74305547 -3.37058928  0.33647224
 -1.9834888  -1.50739985 -1.67452899 -1.8259342  -2.57270986 -2.55383747
 -0.82652403 -0.16204053 -1.74440625 -1.67426973 -2.52072923 -2.16971431
 -2.35440132 -1.96061702 -1.50390847 -1.24744079]
log likelihood =  -7856.340052864586
Edge derivatives =  [7.2279339008772014, 26.442413417268632, 18.43206032683093, 1.7707778194612456, -10.702589717506454, -9.982513206135678, -9.85571135693358, -18.749580956186048, 17.908438176670224, 10.162427024251032, -9.819881958059385, 4.825825587151508, -1.4945145024348816, 6.031841822339147, 3.3400174643698177, 1.179685262879571]
other derivatives: [-47.22260201   9.93486537   4.77530193 -18.52949936  16.92196747
   0.        ]
Current x array =  [-0.67293717 -0.73377176 -0.59356619  0.63853106 -3.56049425  0.33647224
 -1.94128802 -1.38355945 -1.58191139 -1.79873863 -2.61875212 -2.59568872
 -0.79002491 -0.13565675 -1.65709755 -1.60458858 -2.56055077 -2.14865556
 -2.36112991 -1.92122163 -1.45043846 -1.18422374]
log likelihood =  -7849.711260646969
Edge derivatives =  [4.161642027966442, 21.99630502712554, 13.550336176440423, 0.8291941575591371, -10.34379422258879, -9.914825942859672, -10.76914387425663, -16.434529457684892, 13.165439371897069, 5.275951939755977, -9.600461787278263, 3.9731070349883537, -1.7758583261625056, 3.309875151835005, 0.3346940609051463, -2.9504634472686293]
other derivatives: [-69.26165952  -8.90313459   2.51347956   1.48393156  20.65753506
   0.        ]
Current x array =  [-0.66846975 -0.72463294 -0.59268752  0.56401942 -3.60351463  0.33647224
 -1.90897223 -1.28144643 -1.50666696 -1.78276872 -2.65788179 -2.63170349
 -0.78869663 -0.15363769 -1.58523147 -1.55416341 -2.59530648 -2.13044959
 -2.36660483 -1.89228284 -1.41914643 -1.1516548 ]
log likelihood =  -7841.775740235034
Edge derivatives =  [-1.119850084951138, 10.935024866480633, 3.8116463213542167, 0.8989328626653712, -8.628049915492902, -9.054611851186477, -5.007387545715345, -1.3045792233816464, 2.8771036804964094, -2.436777209191754, -7.981247812096129, 3.1147111826867815, -1.6294588177768956, -1.4442476146185002, -2.81392816974424, -5.928803193276196]
other derivatives: [-31.24323484  77.89258234 -10.26837708  31.56574166  14.97019184
   0.        ]
Current x array =  [-0.68180932 -0.79214372 -0.58712172  0.45911341 -3.59225414  0.33647224
 -1.84237759 -1.03387999 -1.33442733 -1.75579137 -2.76181508 -2.72897107
 -0.83420635 -0.25739506 -1.42005338 -1.45497288 -2.68887405 -2.08600964
 -2.38266751 -1.83426969 -1.36950705 -1.11300445]
log likelihood =  -7836.450427020073
Edge derivatives =  [-5.117979588292359, 3.442900148806591, -3.1290189237345976, -0.6504465277029277, -8.780196177797823, -9.10155469786123, -4.748583285781668, 2.1168476300802075, -4.401802729113983, -7.647914707373349, -7.725288992060175, 1.1074873016866071, -2.506611947331223, -4.5431597922807265, -4.890201105083438, -7.6611507710191695]
other derivatives: [ -9.60144462 -32.39210855   2.17569323  29.05180736   5.63459253
   0.        ]
Current x array =  [-0.6968984  -0.70968924 -0.5908866   0.46475408 -3.52664829  0.33647224
 -1.82031118 -0.9217088  -1.26340023 -1.74768842 -2.81664037 -2.78191025
 -0.87471339 -0.3224022  -1.35296191 -1.42455064 -2.7386926  -2.06376648
 -2.39168301 -1.81626886 -1.36108076 -1.11665579]
log likelihood =  -7834.380637409704
Edge derivatives =  [-4.363724110705017, 4.384792420915462, -1.379044885237281, -0.046772033240874256, -8.5698406143575, -8.819676606087443, -3.1202927366580777, 3.030441790671606, -2.7011396652230815, -5.421660836157286, -7.403838640737695, 1.462735489711258, -2.304980366227898, -3.651293698351959, -3.1639470980847504, -5.003624723169958]
other derivatives: [  9.22882464 -12.04352884  -0.74041964  17.17562554   0.43692125
   0.        ]
Current x array =  [-0.70191785 -0.72016493 -0.58949509  0.51317201 -3.48114715  0.33647224
 -1.83264233 -0.93725587 -1.2812414  -1.75351128 -2.81891589 -2.78525337
 -0.88949228 -0.33078234 -1.37123365 -1.44442769 -2.74088333 -2.06562949
 -2.39321575 -1.82772232 -1.37629772 -1.13717636]
log likelihood =  -7832.679307013526
Edge derivatives =  [-4.41460249911618, 2.5748812979598186, -1.423604817516688, 0.38362124490043387, -7.919278035423714, -8.127056579969828, -0.875420476828558, 4.867504006220952, -2.6592370096475895, -3.7569069729080717, -6.639486676550973, 1.4073203750855237, -2.09876336709704, -3.26217049987522, -1.6012118922195644, -2.215010775444224]
other derivatives: [18.20671969  1.96123437 -1.48247636  0.09495125 -4.76884452  0.        ]
Current x array =  [-0.70377457 -0.72819126 -0.58803765  0.57887846 -3.4360715   0.33647224
 -1.84324125 -0.90398484 -1.27364525 -1.75418942 -2.85525305 -2.82218347
 -0.91468306 -0.34490802 -1.36802613 -1.45849115 -2.7730404  -2.0570196
 -2.40190804 -1.83715354 -1.38863069 -1.15968159]
log likelihood =  -7831.343413903547
Edge derivatives =  [-4.55910088650939, -0.0924970150273999, -2.2192675185048834, 0.5097594769287062, -6.953275092707178, -7.179598267415703, 0.2704154646759261, 4.426837608879057, -2.817727689843222, -2.3776209802889445, -5.7563276899013065, 1.2270466013558206, -1.8154371766175141, -2.832973210789775, -0.5572446858296007, -0.4543928735513923]
other derivatives: [ 7.64612196  6.34772732 -1.14050636 -7.8362973  -3.97958502  0.        ]
Current x array =  [-0.69895157 -0.73198753 -0.58732791  0.60810032 -3.43761364  0.33647224
 -1.85682298 -0.85284637 -1.25726644 -1.74907358 -2.9117767  -2.87908993
 -0.92971712 -0.33703217 -1.35883895 -1.46777227 -2.82200941 -2.04330701
 -2.41530502 -1.8468554  -1.393581   -1.17252055]
log likelihood =  -7829.811415756134
Edge derivatives =  [-3.291165960201097, -4.298483728835009, -1.3767680927873156, 1.8799062646060098, -4.3635736990817575, -4.654539504732655, 5.614154100045099, 6.800835640006455, -0.1798688148173555, 3.3277497851810933, -3.390967061990737, 1.3314501381583554, -0.8196292637131024, -0.1772523645416732, 4.001045193309414, 6.137291082253554]
other derivatives: [ 42.04648576   8.59035936  -5.67733878 -15.99291863   8.91686796
   0.        ]
Current x array =  [-0.70947953 -0.72882385 -0.58473531  0.62996348 -3.49533162  0.33647224
 -1.91342677 -0.75872013 -1.24604107 -1.74270533 -3.06293434 -3.03246463
 -0.98066793 -0.33278628 -1.36323362 -1.50759459 -2.95203938 -2.01079476
 -2.45215132 -1.88588249 -1.41767653 -1.21645444]
log likelihood =  -7830.152219644865
Edge derivatives =  [-3.7604407636653723, -12.136148062087443, -4.5832596718268235, 1.012488952065258, -2.2767024586083235, -2.6762014637145075, 5.3096065200955165, -1.552429779417421, -0.9702867609168329, 5.6904998346484845, -1.789464967948265, -0.11250476949826038, -0.1209021527322892, 0.6913975996226345, 5.089835872394474, 7.418562332129523]
other derivatives: [-93.25722203   3.46663001  19.84772098  -7.26513463  -5.28889359
   0.        ]
Current x array =  [-0.6614337  -0.73117477 -0.60067607  0.61275157 -3.43780912  0.33647224
 -1.97431721 -0.64770272 -1.21893209 -1.724798   -3.24247531 -3.21457353
 -1.01042512 -0.29582115 -1.35069104 -1.52874571 -3.10591805 -1.96833539
 -2.49465689 -1.92074954 -1.42265501 -1.23588037]
log likelihood =  -7828.690810860826
Edge derivatives =  [-3.531942525990612, -7.86107732214187, -2.8569231176036176, 1.4736671701562072, -3.328086471054035, -3.67104736124402, 5.47175127375265, 2.929475897186729, -0.5388992230613376, 4.428046578618135, -2.6017680642016012, 0.6933048877091443, -0.49142796988727927, 0.2317296079144165, 4.512057962335078, 6.72967429722622]
other derivatives: [-18.66255843   6.32571755   6.49069989 -12.06190063   2.43080649
   0.        ]
Current x array =  [-0.68695879 -0.72992581 -0.5922073   0.62189567 -3.46836884  0.33647224
 -1.94196822 -0.70668243 -1.23333416 -1.73431154 -3.14709139 -3.11782536
 -0.99461615 -0.31545945 -1.35735448 -1.51750885 -3.02416763 -1.99089259
 -2.47207515 -1.90222588 -1.42001011 -1.22556005]
log likelihood =  -7828.14639841301
Edge derivatives =  [-3.2233311463470065, -7.037445177729726, -2.4596699806520004, 1.345080350826963, -3.1974818013675073, -3.56181661248689, 4.750410002380623, 1.3419594830869757, 0.043818316400636714, 4.44283598532995, -2.605617136962096, 0.7311853889397213, -0.4085565760066522, 0.5148983465587975, 4.21955898420358, 5.9736205416339425]
other derivatives: [-19.30475264   1.67592589   0.93677954  -4.70072337   2.80087988
   0.        ]
Current x array =  [-0.68739962 -0.72635553 -0.59034956  0.59606009 -3.47593003  0.33647224
 -1.94983008 -0.71812378 -1.24061661 -1.73272081 -3.15393154 -3.12517643
 -0.9872165  -0.30516501 -1.36312688 -1.51660563 -3.02944215 -1.99008905
 -2.47378108 -1.90509902 -1.41647256 -1.21907262]
log likelihood =  -7827.485084879864
Edge derivatives =  [-2.258229526927944, -5.667615473980015, -1.6847949651607381, 0.540631607151119, -2.550493308457606, -2.879719159569262, 1.7802054135252727, -6.196543345607197, 1.0567268247516126, 3.9865964233693623, -2.3981527053266127, 0.3796832459913393, -0.14698022129804517, 1.2970881616336456, 2.6029492145553634, 2.4400624311711745]
other derivatives: [ 5.09062374 -1.86601028 36.3840627   6.1546416   1.71203283  0.        ]
Current x array =  [-0.69642383 -0.72341679 -0.60768323  0.55229422 -3.48192665  0.33647224
 -1.98774936 -0.73814632 -1.25752089 -1.72088365 -3.213162   -3.18718487
 -0.9589405  -0.26262836 -1.37322337 -1.50772614 -3.07863627 -1.97780296
 -2.48709375 -1.91673397 -1.39746885 -1.19193477]
log likelihood =  -7826.884728631348
Edge derivatives =  [-1.368517269156757, -5.090769132643289, -0.7385551254450788, 0.5378092167368835, -1.9178839912211836, -2.2780455314092656, 1.2737278216811787, -7.183508360929417, 2.150284128335665, 4.613521090528626, -1.9970798818213076, 0.2445173305897599, 0.2572837229878341, 2.0771158580785345, 2.3705443410515814, 1.8222721433387565]
other derivatives: [ 0.81845428 -6.25332177 -7.52488631 10.10621418 -0.70331225  0.        ]
Current x array =  [-0.69628235 -0.7197482  -0.58694358  0.5454702  -3.47335413  0.33647224
 -2.01516218 -0.73851573 -1.26457483 -1.71423304 -3.26432681 -3.24029878
 -0.95334451 -0.25054442 -1.37665788 -1.50561048 -3.1221231  -1.96684996
 -2.49852939 -1.92640114 -1.39027645 -1.18444489]
log likelihood =  -7826.601636239066
Edge derivatives =  [-1.1596467729747917, -5.362456172293614, -0.6699606033174885, 0.5000355613636349, -1.6979744773839305, -2.0415436849128183, 1.3102128688949066, -6.912202854455023, 2.0121773826974554, 4.50401501876602, -1.8159311303961205, 0.048255561838414285, 0.36250090482859176, 2.156187549294181, 2.1380445065687033, 1.5290880268921685]
other derivatives: [ 3.44834916 -2.65044946 -8.28204065  6.88387445 -1.835906    0.        ]
Current x array =  [-0.6970365  -0.72222129 -0.58621946  0.55788965 -3.4651223   0.33647224
 -2.0258847  -0.73269813 -1.26308664 -1.71074877 -3.29058929 -3.26745918
 -0.95348831 -0.25281233 -1.37271485 -1.50146969 -3.14491956 -1.96070228
 -2.50388753 -1.92851651 -1.3862577  -1.18194149]
log likelihood =  -7825.660127538604
Edge derivatives =  [0.8611597815231957, -2.1919431796454556, 2.0689236183078483, 0.32990408402578053, -0.7465086117992945, -0.9413459229857972, 0.8354188625451122, -3.5108526890489613, 2.6833112437922426, 2.9783146143743124, -1.1787670928422447, -0.742700207405028, 0.8102761771262275, 2.8185393953722464, 0.29826029442851404, -1.132801965936635]
other derivatives: [-4.0075065  -0.88248271 -4.70245141 -5.82140274  1.28484317  0.        ]
Current x array =  [-0.69302451 -0.72304534 -0.58809038  0.60003395 -3.46901595  0.33647224
 -2.09896305 -0.77138207 -1.28820419 -1.6945946  -3.41985021 -3.40362597
 -0.93926071 -0.27763847 -1.37235622 -1.47303965 -3.25729372 -1.93591857
 -2.52811862 -1.93969316 -1.36090194 -1.16145557]
log likelihood =  -7825.54844689552
Edge derivatives =  [1.2114451002413247, -1.9400014649352375, 1.0518925730721902, -0.2351316919208013, -0.38021986203666774, -0.6117752190994517, -0.027246386118177424, -0.5709148394563934, 0.3384464418994392, 0.04744927711323221, -0.7948599050138102, -0.9604116376072817, 0.9323004455685614, 1.824825567639194, -1.2714977062494783, -2.036970974424826]
other derivatives: [ 6.41020961 27.70811989 -2.27937562 -0.57061698 -1.83363227  0.        ]
Current x array =  [-0.69632204 -0.74421608 -0.58950018  0.58335956 -3.45760295  0.33647224
 -2.12200079 -0.76949983 -1.26691442 -1.67893119 -3.50143609 -3.4888777
 -0.92237901 -0.30021902 -1.33806356 -1.43172571 -3.3314111  -1.92239201
 -2.53812005 -1.92272221 -1.33846741 -1.1498443 ]
log likelihood =  -7825.244156987638
Edge derivatives =  [1.1565177797066635, -1.721660279056246, 0.9949523304728203, -0.4705256978456528, -0.40022098436024306, -0.5777153172919647, -0.4221764861188646, -0.755358999306616, 0.14013697292306393, -0.32723985674063616, -0.7809738917579694, -1.1610794574411845, 0.8059654139677963, 1.68503391895613, -1.3312705457053777, -2.011333361349581]
other derivatives: [ 2.96213329  4.21568984  0.95978976 -2.11730367 -1.24846338  0.        ]
Current x array =  [-0.69603176 -0.72684167 -0.59112421  0.5868972  -3.45713135  0.33647224
 -2.12704418 -0.7772116  -1.2703128  -1.67911714 -3.50900607 -3.49721364
 -0.92341072 -0.30463663 -1.34028402 -1.43209587 -3.33846197 -1.92237182
 -2.53870339 -1.92297448 -1.33999207 -1.15305014]
log likelihood =  -7825.187275044307
Edge derivatives =  [1.1269982882092693, -1.5871412004448162, 0.806192957158957, -0.4913301200621029, -0.3714285419511051, -0.5464683402277153, -0.25412765905492496, 0.18902422089098228, -0.15005297107474447, -0.5405000422381484, -0.6950616618539357, -1.0851470259101366, 0.7481796927522353, 1.4731631439904045, -1.0822221443167324, -1.3532761655637182]
other derivatives: [ 0.45038178 -1.15678631  0.47648427 -0.84364729 -0.03465175  0.        ]
Current x array =  [-0.6953229  -0.72281837 -0.59130759  0.58144832 -3.46299276  0.33647224
 -2.12815556 -0.77995402 -1.26780492 -1.67908159 -3.51700485 -3.50581368
 -0.92512244 -0.31195687 -1.33771904 -1.43007086 -3.34644567 -1.92306651
 -2.53850354 -1.91960702 -1.34173976 -1.15802572]
log likelihood =  -7825.155738653648
Edge derivatives =  [1.1015470407820371, -1.3433871250046427, 0.5770446990628462, -0.5041414383550515, -0.33227446093133345, -0.5056753172705126, -0.12750793775979719, 1.0523089790513631, -0.4875291996893407, -0.7580657333577973, -0.5890740837361086, -0.9113488489224235, 0.6843536639583642, 1.1732707613552322, -0.8041051755996858, -0.673774025256072]
other derivatives: [-0.84328349 -2.10657163 -0.07048584  0.37362042  0.62700565  0.        ]
Current x array =  [-0.69489516 -0.72196209 -0.59139269  0.57677947 -3.46630788  0.33647224
 -2.12788129 -0.7842788  -1.26376609 -1.67908855 -3.52611823 -3.51575955
 -0.92580932 -0.31824793 -1.33432216 -1.42718041 -3.35579996 -1.92460644
 -2.53751675 -1.91401524 -1.34329734 -1.1626219 ]
log likelihood =  -7825.105290610179
Edge derivatives =  [1.096233841238681, -0.758176460948666, 0.42962216453920304, -0.4479808249621192, -0.2323981197949836, -0.39068575251592025, 0.003256748013814037, 1.126850953196558, -0.49392424982222116, -0.43837958977403846, -0.3988219292236038, -0.47316066704167425, 0.5839338307766379, 0.8086541142624684, -0.08232911277513066, 0.3640794823933292]
other derivatives: [-0.79307938 -1.70202838 -0.21109372  0.93386916  0.93186827  0.        ]
Current x array =  [-0.69479924 -0.72184543 -0.5915954   0.57489598 -3.46732897  0.33647224
 -2.12506983 -0.79499608 -1.25943297 -1.68128474 -3.53890511 -3.53022737
 -0.92738785 -0.31848724 -1.33521674 -1.42901476 -3.36937444 -1.92922803
 -2.53440313 -1.90538425 -1.34829921 -1.16951486]
log likelihood =  -7825.188893754952
Edge derivatives =  [0.5712567014690726, -0.642191103241636, -1.42931613270409, -0.8807285369775711, 0.022662007095240744, -0.10207784122166091, -1.0343001865075614, -0.7669238133173042, -1.75649687563476, -1.0852070374587095, -0.05411777296546927, -0.042318710005710136, 0.24623465653451454, -0.75399832760565, -0.16830092435841276, 0.17761731863214278]
other derivatives: [-22.40994945  -1.46155799   4.37439667   2.68237272  -3.28745955
   0.        ]
Current x array =  [-0.68749911 -0.72387008 -0.59383684  0.5722924  -3.45050658  0.33647224
 -2.11421718 -0.80555052 -1.23383395 -1.68292595 -3.59792636 -3.59495445
 -0.92403884 -0.3102227  -1.32579476 -1.41989414 -3.42766656 -1.93290002
 -2.52778618 -1.87729005 -1.34494419 -1.16741872]
log likelihood =  -7825.084481395019
Edge derivatives =  [0.9340913516054844, -0.7211387785523573, -0.1375712011289561, -0.5814701741763297, -0.150303138606441, -0.29729980931097566, -0.3159826489943841, 0.544195164919834, -0.8824450402377568, -0.6368817040651946, -0.2880227808597247, -0.3382929103497286, 0.4797767366324708, 0.33197873986539783, -0.1072829730288204, 0.3064584016076173]
other derivatives: [-7.40938049 -1.62044671  1.19798642  1.46974344 -0.35970515  0.        ]
Current x array =  [-0.69254578 -0.72247041 -0.59228731  0.57409228 -3.4621361   0.33647224
 -2.12171975 -0.7982541  -1.25153086 -1.68179137 -3.55712426 -3.55020783
 -0.92635405 -0.31593608 -1.33230829 -1.42619933 -3.38736851 -1.93036153
 -2.53236056 -1.89671191 -1.34726356 -1.16886781]
log likelihood =  -7825.046543200635
Edge derivatives =  [0.8997350901953861, 0.0496780812049033, -0.3401393491845316, -0.47849282695720213, -0.013750262244958733, -0.13036351616041758, -0.20153964295955673, 0.17486019056759478, -0.7511511253230616, -0.11535092023302285, -0.057339491805686774, 0.2347176437285196, 0.3277819316199318, -0.18198774623751401, 0.6413069296393756, 1.1463627150036682]
other derivatives: [ 0.73232513 -0.26802809  0.77743607  0.62400431 -0.55215423  0.        ]
Current x array =  [-0.69538724 -0.72274534 -0.59189726  0.57737433 -3.45966622  0.33647224
 -2.11456443 -0.81286701 -1.24470127 -1.68592222 -3.57599535 -3.57184987
 -0.92804758 -0.31241664 -1.33503945 -1.42894918 -3.40740578 -1.93645734
 -2.52679453 -1.88375378 -1.35178829 -1.17354905]
log likelihood =  -7825.03799072072
Edge derivatives =  [0.8782884305444273, 0.1567317982715688, -0.22430262375670684, -0.4029550233975287, -0.013405372214101485, -0.1257086304474508, -0.15381829878843634, -0.14829447202933915, -0.4765983834616625, 0.13166827151821447, -0.07682675130885876, 0.29351010062816496, 0.31398009615523786, -0.13925071838428288, 0.646949453473253, 0.9384168906337731]
other derivatives: [-0.34033292  0.54633347  0.19854269  0.05657057 -0.49622031  0.        ]
Current x array =  [-0.69491459 -0.72340814 -0.59154162  0.57958121 -3.45999835  0.33647224
 -2.11095844 -0.81491734 -1.24585029 -1.68783174 -3.5721917  -3.56825261
 -0.92860306 -0.30927688 -1.33847456 -1.4314872  -3.40426989 -1.937627
 -2.52501667 -1.88354652 -1.352029   -1.17190373]
log likelihood =  -7825.02600035953
Edge derivatives =  [0.7314325881947006, 0.1804985551371334, -0.2497681786880558, -0.33365718972096325, -0.0146964094413925, -0.11827082804187578, -0.19039039858075069, -0.7258412334924844, -0.1797707603790515, 0.1953273524788548, -0.1400196849133595, 0.2576026474985502, 0.2521257790572854, -0.17536735275986948, 0.2148905946361076, -0.03747483798388934]
other derivatives: [ 0.8330062   0.69776434  2.17378329 -0.49330993 -0.51277311  0.        ]
Current x array =  [-0.69535516 -0.72378393 -0.59217604  0.58127416 -3.46062566  0.33647224
 -2.10191816 -0.81665908 -1.24555776 -1.69141991 -3.5709083  -3.56796992
 -0.928523   -0.30465955 -1.34285719 -1.43218695 -3.40399508 -1.9378753
 -2.52111921 -1.88151336 -1.34830064 -1.16442399]
log likelihood =  -7825.031552452629
Edge derivatives =  [0.5916828868234298, 0.31508848391091565, -0.27319592171576335, -0.2086978051483992, 0.022355002789822165, -0.08258806092471499, -0.13117376498446176, -0.6000575031656544, 0.12103306408279346, 0.18374797671089782, -0.15769477383632105, 0.24538165276408883, 0.19830199082061456, -0.2665261800827681, -0.2276452442953556, -0.8357587841755891]
other derivatives: [-0.66484063  0.01846274 -7.24648999 -0.17125785 -0.53933036  0.        ]
Current x array =  [-0.69515386 -0.72354095 -0.58759078  0.58132791 -3.46170466  0.33647224
 -2.09129705 -0.81913052 -1.24400579 -1.69559118 -3.57564489 -3.57445179
 -0.92860521 -0.30319963 -1.34612879 -1.43069034 -3.40987347 -1.93743734
 -2.51645003 -1.87770274 -1.34367193 -1.15753836]
log likelihood =  -7825.021592743138
Edge derivatives =  [0.6759641490674609, 0.2347443987574322, -0.2588468526419869, -0.28327950326176526, 0.00019538142681718718, -0.10391853275238477, -0.16619325682703934, -0.674992811462596, -0.05901139290596724, 0.19097706649648494, -0.1469822286466102, 0.2528794792785911, 0.2306687473095949, -0.21161953223809654, 0.03845437382036654, -0.3556900870365065]
other derivatives: [ 0.23428584  0.42764441 -1.57187969 -0.36434358 -0.52314135  0.        ]
Current x array =  [-0.6952747  -0.72368681 -0.59034339  0.58129564 -3.46105691  0.33647224
 -2.0976731  -0.81764687 -1.24493747 -1.69308709 -3.57280143 -3.57056061
 -0.92855586 -0.30407605 -1.34416479 -1.43158878 -3.40634457 -1.93770025
 -2.51925302 -1.87999033 -1.34645063 -1.16167193]
log likelihood =  -7825.017108783724
Edge derivatives =  [0.5998470262217901, 0.2550252143261176, -0.30208787522288605, -0.24171137175938984, 0.0038105133287159587, -0.09901719184688335, -0.0874634978244494, -0.5578131027610022, -0.004671300405945988, 0.16732657177501908, -0.15065286748886494, 0.2557507738725042, 0.19388352639928352, -0.2666310745482465, -0.04833098365250321, -0.5004613149010237]
other derivatives: [ 0.07585186 -0.10459189 -0.81417966 -0.19026629 -0.16834747  0.        ]
Current x array =  [-0.69522617 -0.72334098 -0.59071715  0.58032402 -3.46304172  0.33647224
 -2.09363879 -0.81856288 -1.24441145 -1.69475082 -3.5735519  -3.57188115
 -0.92915919 -0.30469532 -1.3452432  -1.43131665 -3.40768269 -1.93783858
 -2.51744874 -1.87860696 -1.34555793 -1.16049233]
log likelihood =  -7825.011332103106
Edge derivatives =  [0.45475737763060986, 0.26146132214154133, -0.35488332238225645, -0.15920820253083479, 0.015130023301372642, -0.08770274681043039, 0.07849002677053762, -0.1744650430513636, 0.058030778760078894, 0.08796989037352543, -0.13594714961837479, 0.24551427664277234, 0.13436559272073256, -0.3488809542305905, -0.12731294317349873, -0.4964132460460295]
other derivatives: [-0.19663275 -0.4454705  -0.03583409  0.1454282   0.3608875   0.        ]
Current x array =  [-0.69511911 -0.7230881  -0.59116802  0.57864416 -3.46578626  0.33647224
 -2.08606318 -0.8195434  -1.24395019 -1.69780192 -3.57589455 -3.57545279
 -0.93015894 -0.30710118 -1.3464849  -1.43023598 -3.41130144 -1.937463
 -2.51419664 -1.87670383 -1.34445921 -1.16033208]
log likelihood =  -7825.005899787271
Edge derivatives =  [0.296761250367656, 0.17662045302770457, -0.33367721822681623, -0.0827218445593037, 0.02415434659296778, -0.07997941564048178, 0.17433974218316162, 0.07936946278796078, 0.1268677907580995, 0.0015841892249034428, -0.11804105121267126, 0.17274310837954268, 0.09430819801214108, -0.34562603955980364, -0.1794407797315729, -0.36919440677628884]
other derivatives: [-0.11677912  0.00391083  0.28339855  0.25120244  0.44337867  0.        ]
Current x array =  [-0.69512897 -0.72338876 -0.59136032  0.57812614 -3.46605216  0.33647224
 -2.07799665 -0.81884362 -1.24507083 -1.7008658  -3.57759114 -3.57855871
 -0.93037279 -0.3088533  -1.34736631 -1.42903862 -3.41458218 -1.93595104
 -2.51106107 -1.87684795 -1.34362663 -1.16122532]
log likelihood =  -7825.015916868257
Edge derivatives =  [-0.17812366799723822, -0.031924173530112385, -0.17657433128753142, 0.0383400361245026, 0.03467390816340554, -0.052116089585817094, 0.12261221151855217, 0.053149736365863176, 0.28071333992927905, -0.07379699992532462, -0.0458066024524733, -0.04342079971146448, -0.045785013883157186, -0.28005557393383773, 0.01583039907951983, 0.35862848927605384]
other derivatives: [-1.73631634 -6.53162715  0.80990503 -0.46911737  0.3682544   0.        ]
Current x array =  [-0.6948109  -0.71872554 -0.59163976  0.58026817 -3.46415233  0.33647224
 -2.05641322 -0.8188212  -1.25163469 -1.70954776 -3.58004435 -3.58535032
 -0.93011872 -0.31041984 -1.35048922 -1.42908761 -3.42229522 -1.93256956
 -2.50227261 -1.87997203 -1.34539916 -1.16770981]
log likelihood =  -7825.003276143464
Edge derivatives =  [0.15006611904305034, 0.1118132975394426, -0.28413436944270826, -0.044641700805026774, 0.02747425505852874, -0.07123245272534945, 0.15837865090270414, 0.07144003113995495, 0.17521537138893817, -0.02180719953554322, -0.09535017267330193, 0.10535252410907278, 0.05075056037280942, -0.325001208458559, -0.11809123959419032, -0.14083883849929835]
other derivatives: [-0.62154868 -2.03226591  0.44719854  0.0259206   0.42055035  0.        ]
Current x array =  [-0.69502938 -0.72192864 -0.59144782  0.57879684 -3.4654573   0.33647224
 -2.07123859 -0.8188366  -1.24712606 -1.70358424 -3.57835928 -3.58068526
 -0.93029324 -0.3093438  -1.34834413 -1.42905396 -3.41699723 -1.93489225
 -2.50830928 -1.87782614 -1.34418164 -1.1632557 ]
log likelihood =  -7824.998830001827
Edge derivatives =  [-0.022434389881126067, -0.07015199560237037, -0.17723109643738477, 0.029663894648895905, 0.03574190488708634, -0.06667569283761987, 0.18326907972214956, 0.2214198445201347, 0.23149644692488525, -0.1192145087602069, -0.07520515937828226, -0.03604657068258724, 0.033667861955754955, -0.2243263530023858, -0.15032256107115982, 0.06549412278285383]
other derivatives: [-0.07694325 -0.25993359  0.31886884  0.03055902  0.07303242  0.        ]
Current x array =  [-0.69517927 -0.72316877 -0.59139258  0.57898295 -3.46348965  0.33647224
 -2.06252786 -0.81620372 -1.24997557 -1.70663707 -3.57955698 -3.58362111
 -0.92948743 -0.31050883 -1.34840808 -1.42757161 -3.42021076 -1.93206844
 -2.5052361  -1.88034141 -1.34346855 -1.16478014]
log likelihood =  -7824.998034481538
Edge derivatives =  [-0.022767514128839116, -0.08929855207703542, -0.12302952535432021, 0.025122862090576792, 0.03679779540340006, -0.06489983377163872, 0.1300717359918121, 0.13996680789177443, 0.20566051598893842, -0.09700715599477816, -0.06903899419998838, -0.053400088505786536, 0.041777050444223085, -0.17867821427197245, -0.09367824001370206, 0.12277344748436692]
other derivatives: [-0.00545697 -0.00354703  0.06648406 -0.03110472 -0.08540155  0.        ]
Current x array =  [-0.69520133 -0.72334857 -0.5912603   0.57933886 -3.46264834  0.33647224
 -2.06233636 -0.81575512 -1.25100901 -1.7066239  -3.57938765 -3.58377271
 -0.92886764 -0.31003459 -1.34776253 -1.42775574 -3.42042138 -1.93168441
 -2.50517672 -1.88162132 -1.34395871 -1.16523237]
log likelihood =  -7824.997183759795
Edge derivatives =  [-0.014934638752840864, -0.08261614435826851, -0.037846434121776074, 0.01578663056316837, 0.0388651516331856, -0.05990786478178228, 0.040137466419457035, 0.010387928614918246, 0.13698019900323444, -0.0435345674609372, -0.061250776539930815, -0.05958944000546637, 0.04980784908736022, -0.11514035453438692, -0.002425640075832125, 0.1300681424292197]
other derivatives: [ 0.12350938  0.11168595 -0.18817445 -0.06220944 -0.18335413  0.        ]
Current x array =  [-0.69524856 -0.72343953 -0.59111719  0.57953858 -3.46223004  0.33647224
 -2.06222869 -0.8156335  -1.25250511 -1.70652677 -3.57914442 -3.58424754
 -0.92780988 -0.30918168 -1.34636987 -1.42824698 -3.42096083 -1.93147018
 -2.50495731 -1.88358654 -1.34474108 -1.16525284]
log likelihood =  -7824.99698950886
Edge derivatives =  [-0.02741536890811843, -0.07491227085129204, 0.014403460602720242, -0.0012060422005245597, 0.041931591360145404, -0.052390402667148006, -0.06565695734118082, -0.07704647879638696, 0.009449003229011987, -0.03652289456505453, -0.05622486671688176, -0.06757181822210409, 0.04752333369530455, -0.07088425509886592, 0.024512167653844508, 0.029165669055088772]
other derivatives: [-1.52322173  0.13415047 -0.08376446  0.00427463 -0.21937012  0.        ]
Current x array =  [-0.69465001 -0.72359317 -0.5911818   0.57936282 -3.46239711  0.33647224
 -2.06158537 -0.81572442 -1.25367687 -1.70651147 -3.57970191 -3.58609441
 -0.92662348 -0.30870077 -1.34432424 -1.42831698 -3.42277263 -1.93130638
 -2.50429431 -1.88559687 -1.34495215 -1.16448121]
log likelihood =  -7824.996416320864
Edge derivatives =  [-0.023058882564791217, -0.04628949044535344, 0.04878016125654844, 0.004480650947743137, 0.04422696419731026, -0.04800264131351162, -0.07543882045763572, -0.08312341670280934, -0.012701037959195194, -0.0039050651411881576, -0.0509508620479938, -0.053503348451021226, 0.04564084773984768, -0.05149540043105222, 0.06197414695516229, 0.014516328279617907]
other derivatives: [-0.13469617  0.03055902 -0.16025297  0.01509761 -0.12605597  0.        ]
Current x array =  [-0.69516218 -0.72344963 -0.59111091  0.57921044 -3.46283413  0.33647224
 -2.06121716 -0.81606145 -1.25407158 -1.70662413 -3.57980001 -3.58663995
 -0.92632761 -0.30853641 -1.34377869 -1.4285282  -3.423329   -1.93142425
 -2.50395554 -1.88612332 -1.34517348 -1.16423916]
log likelihood =  -7824.996298016153
Edge derivatives =  [-0.029151294261942202, -0.032689372753753596, 0.043279440873776054, 0.009381123536712555, 0.045421309944903954, -0.045953366738776036, -0.06298856330854485, -0.04762955246572023, -0.02014026876855879, -0.006900464906917647, -0.05010181596888816, -0.04516485358601183, 0.040130249204355886, -0.057612730285976965, 0.04872513354714947, -0.015444744449426562]
other derivatives: [ 0.06039045 -0.0343789  -0.06166374  0.04520189 -0.04120011  0.        ]
Current x array =  [-0.69523356 -0.72339813 -0.59115571  0.57902205 -3.46329222  0.33647224
 -2.06080794 -0.81631966 -1.25392411 -1.70677196 -3.58006353 -3.58715597
 -0.92637941 -0.3087196  -1.34367049 -1.42845458 -3.42382314 -1.93153706
 -2.50366577 -1.88602698 -1.34500064 -1.16395827]
log likelihood =  -7824.996212538238
Edge derivatives =  [-0.03487965561836127, -0.01732685115887528, 0.04312703062460321, 0.013110073737265138, 0.046939546277258104, -0.042636965504681656, -0.05568949278794966, -0.018004064662352354, -0.03630899089945272, -0.006753886234731832, -0.047818113127867656, -0.033627612563811166, 0.03471473180770196, -0.05340833960312574, 0.03512704946165601, -0.042264133376421376]
other derivatives: [ 0.03728928 -0.05156835  0.07576091  0.04365575  0.0345608   0.        ]
Current x array =  [-0.69521877 -0.72339315 -0.59122093  0.57895996 -3.46369829  0.33647224
 -2.06041227 -0.81660787 -1.25387002 -1.70688895 -3.58031139 -3.58792808
 -0.92638249 -0.30887443 -1.34338681 -1.42841359 -3.42457855 -1.93168125
 -2.50326666 -1.88627158 -1.34481725 -1.16370507]
log likelihood =  -7824.996147359535
Edge derivatives =  [-0.03616760762353027, 0.00890183048719076, 0.039729745930215665, 0.02270430460728312, 0.04952023259039795, -0.0380257412227849, -0.025146100644978686, 0.04340515228816508, -0.030535967950840348, 0.0025793523575512456, -0.04333091078358403, -0.008982532522912035, 0.02962343230270248, -0.042531779578161066, 0.014711201227986359, -0.04401829523698675]
other derivatives: [-0.06402843 -0.05520633 -0.29012881  0.04192771  0.11632437  0.        ]
Current x array =  [-0.69518128 -0.72338417 -0.59105531  0.57896501 -3.46410455  0.33647224
 -2.0600797  -0.81703819 -1.25361704 -1.70700306 -3.58042342 -3.58882803
 -0.92662999 -0.30913068 -1.34331102 -1.42841242 -3.42547929 -1.93197599
 -2.50273022 -1.88655549 -1.34453728 -1.1636032 ]
log likelihood =  -7824.99603930181
Edge derivatives =  [-0.037475731993587946, 0.02010370344289457, 0.037705091028120585, 0.023517186218229347, 0.05036770808164642, -0.03431464196380102, -0.014131009768838743, 0.04943142165011266, -0.036840131524074726, 0.007675329185372726, -0.03907391905227199, 0.00821955250725906, 0.025743560267974128, -0.022653800658825995, 0.0006903623858157126, -0.03427093872483289]
other derivatives: [-0.08330971  0.02110028  0.0512955  -0.02200977  0.13324097  0.        ]
Current x array =  [-0.69515474 -0.72343614 -0.59121785  0.57914467 -3.46412432  0.33647224
 -2.05999755 -0.81728963 -1.25354217 -1.70699211 -3.5803717  -3.58962565
 -0.92676004 -0.30920153 -1.34312727 -1.42845682 -3.42629278 -1.93218638
 -2.50228882 -1.88717368 -1.34436015 -1.16366145]
log likelihood =  -7824.995942014803
Edge derivatives =  [-0.031151207935301108, 0.028266097789625508, 0.03353713808083342, 0.02127218545047066, 0.050588622518241255, -0.03159148194653094, -0.004401107374656932, 0.03864137158416678, -0.03200433663845392, 0.01663636613100783, -0.03489685468818207, 0.025806699204527606, 0.025225806977513282, 0.001732250595020468, -0.00824967874655319, -0.005585849012014477]
other derivatives: [-0.07339622  0.07867129  0.1375156  -0.07603376  0.09704308  0.        ]
Current x array =  [-0.69514769 -0.7234648  -0.59126043  0.57935674 -3.46385826  0.33647224
 -2.06031834 -0.8174507  -1.25341101 -1.70683182 -3.58007869 -3.59015257
 -0.92694881 -0.30916224 -1.34307597 -1.42855189 -3.42685004 -1.93240169
 -2.50199733 -1.88781783 -1.34424902 -1.16387594]
log likelihood =  -7824.995825870637
Edge derivatives =  [-0.03847991262837336, 0.025883407831236077, 0.011040279781799611, 0.014469242727812137, 0.05041464938425644, -0.026734607522291565, 0.0021021333226705075, 0.013828735636600281, -0.027707211193798154, 0.0066089235879012165, -0.026869936066086245, 0.039676708684683315, 0.01726906259062251, 0.04207816023769764, -0.03549491029638935, 0.02403060911140914]
other derivatives: [-0.09131327 -0.16570993  0.16607373 -0.05056791 -0.00136424  0.        ]
Current x array =  [-0.69515676 -0.72327773 -0.59128217  0.57931416 -3.46328701  0.33647224
 -2.06025375 -0.81758265 -1.25315939 -1.70672725 -3.579612   -3.59165809
 -0.9272405  -0.3091572  -1.34298919 -1.42849105 -3.42841761 -1.93253493
 -2.50106318 -1.88900132 -1.34394372 -1.16411669]
log likelihood =  -7824.995815030745
Edge derivatives =  [-0.03015424456746057, 0.031059422023558964, 0.0003324133647088501, 0.01654341542731763, 0.05190302357362103, -0.022984590498012214, 0.026247827631711074, 0.012163944796475035, -0.0026234683463111086, 0.012346798088058275, -0.01992001204342822, 0.05237480528866617, 0.01580493353437852, 0.06997738929682168, -0.03666960101916633, 0.044205012476054184]
other derivatives: [ 0.08894858  0.37625796 -0.02009983  0.03765308 -0.08794814  0.        ]
Current x array =  [-0.69520462 -0.72363978 -0.59120529  0.57910556 -3.46287126  0.33647224
 -2.06052977 -0.81759824 -1.25282745 -1.70653297 -3.57903672 -3.59263755
 -0.92749503 -0.30907914 -1.34308803 -1.42842828 -3.42943966 -1.93255057
 -2.50043814 -1.88959599 -1.34380814 -1.16417581]
      fun: 7824.995815030745
 hess_inv: <22x22 LbfgsInvHessProduct with dtype=float64>
      jac: array([-8.89485818e-02, -3.76257958e-01,  2.00998329e-02, -3.76530807e-02,
        8.79481377e-02, -0.00000000e+00,  3.01542446e-02, -3.10594220e-02,
       -3.32413365e-04, -1.65434154e-02, -5.19030236e-02,  2.29845905e-02,
       -2.62478276e-02, -1.21639448e-02,  2.62346835e-03, -1.23467981e-02,
        1.99200120e-02, -5.23748053e-02, -1.58049335e-02, -6.99773893e-02,
        3.66696010e-02, -4.42050125e-02])
  message: 'CONVERGENCE: REL_REDUCTION_OF_F_<=_FACTR*EPSMCH'
     nfev: 55
      nit: 49
     njev: 55
   status: 0
  success: True
        x: array([-0.69520462, -0.72363978, -0.59120529,  0.57910556, -3.46287126,
        0.33647224, -2.06052977, -0.81759824, -1.25282745, -1.70653297,
       -3.57903672, -3.59263755, -0.92749503, -0.30907914, -1.34308803,
       -1.42842828, -3.42943966, -1.93255057, -2.50043814, -1.88959599,
       -1.34380814, -1.16417581])
