number of sites to be analyzed:  127
log likelihood =  -1594.2139298449
Lr derivatives =  [-36.53596857650758, -98.5949412709284, -112.44078400679011]
other derivatives =  [ 39.58709931   0.33875449   5.58628449 -25.49458418 123.64046438
  -5.06339688  -0.        ]
Current x_clock array =  [-0.56844732 -0.68300417 -0.63895253  0.18232156 -0.10536052 -0.10536052
  0.33647224 -0.51082562 -0.51082562 -0.51082562]
log likelihood =  -1505.9489997738792
Lr derivatives =  [-4.967462447948513, -81.86448440587577, -98.46564387205973]
other derivatives =  [-125.5327436     9.99978192  -21.44895643  -12.35743775   84.76849059
   -4.09877271   -0.        ]
Current x_clock array =  [-0.85642826 -0.68546848 -0.6795906   0.36778486 -1.00479739 -0.06852625
  0.33647224 -0.24504049 -0.50710956 -0.50710956]
log likelihood =  -1392.0925120407587
Lr derivatives =  [38.06749604294721, -16.763674925497703, -31.51679558778703]
other derivatives =  [-16.96357162  31.28996332 -38.08341376  12.7392002   17.78845121
   1.19067909  -0.        ]
Current x_clock array =  [-0.65032304 -0.73270189 -0.63398269  0.64742509 -2.47086216 -0.00571167
  0.33647224  0.09933194 -0.27750749 -0.22341109]
log likelihood =  -1386.5723191524219
Lr derivatives =  [5.6840686119215675, -22.370874407610344, 10.381700121797621]
other derivatives =  [-25.9481933  -37.10244755 118.78988244  11.4865511   -4.65994648
   4.7257397   -0.        ]
Current x_clock array =  [-0.65010655 -0.95620508 -0.37752125  0.60596974 -2.83652567 -0.00477679
  0.33647224 -0.09919004 -0.15701746  0.        ]
log likelihood =  -1380.0042904458846
Lr derivatives =  [19.278577538612485, -20.99705754309041, -24.077288908447283]
other derivatives =  [-21.40345532  -9.06124569  24.09037779  12.12015945   5.93964877
   3.04123068  -0.        ]
Current x_clock array =  [-6.50212139e-01 -8.47193310e-01 -5.02608124e-01  6.26189236e-01
 -2.65817642e+00 -5.23277119e-03  3.36472237e-01 -2.36264049e-03
 -2.15785438e-01 -1.08966848e-01]
log likelihood =  -1373.0400934643712
Lr derivatives =  [13.125031203635391, -16.373379010406275, 3.1473973649553955]
other derivatives =  [ 12.05997023 -15.54723167  14.54520816  10.54660697   0.06221717
   3.95607185  -0.        ]
Current x_clock array =  [-0.59783711 -0.87085922 -0.52291285  0.56441677 -2.71736706 -0.01772614
  0.33647224 -0.12974395 -0.10900814  0.        ]
log likelihood =  -1368.2485978257525
Lr derivatives =  [-0.8107410067910337, -18.212875226174067, 9.511768439551815]
other derivatives =  [ 13.56738017 -10.19960268   4.13527391   7.60612716  -2.15137276
   3.39376561  -0.        ]
Current x_clock array =  [-0.59456651 -0.84092435 -0.55425657  0.45787758 -2.66967479 -0.04634417
  0.33647224 -0.3096228   0.          0.        ]
log likelihood =  -1367.567773436174
Lr derivatives =  [-3.7602246260887497, -21.16456568417203, -13.83383761648848]
other derivatives =  [ 0.38744747  2.7160545   0.17462389  4.38260076 -0.0822409   2.67275527
 -0.        ]
Current x_clock array =  [-0.61380052 -0.7898904  -0.56838693  0.36838475 -2.61146466 -0.07751328
  0.33647224 -0.34693271  0.         -0.03954692]
log likelihood =  -1367.1862399781733
Lr derivatives =  [-2.216693458495566, -19.115015286212202, -6.653020087208112]
other derivatives =  [-5.03252704  3.05088815  1.39169833  3.03846127  0.87259863  2.72112175
 -0.        ]
Current x_clock array =  [-0.6212445  -0.7874265  -0.56612689  0.3382928  -2.59810321 -0.09058027
  0.33647224 -0.34538046  0.         -0.01443558]
log likelihood =  -1366.9522655127037
Lr derivatives =  [-0.6750426533260274, -17.625494455783905, 9.150244295597076]
other derivatives =  [-2.26657357  1.42419321 -0.3718294   1.80896632  1.30177816  2.69364614
 -0.        ]
Current x_clock array =  [-0.61716133 -0.79288246 -0.5709748   0.30592252 -2.60134433 -0.1102007
  0.33647224 -0.33796054  0.          0.        ]
log likelihood =  -1366.8419588264323
Lr derivatives =  [0.21764799191169004, -17.306818476787015, -3.4057442537338254]
other derivatives =  [ 1.92397874  0.82406336 -2.9532498   0.43594332  1.31699233  2.62833692
 -0.        ]
Current x_clock array =  [-0.61175883 -0.79563009 -0.57788986  0.2672056  -2.61641414 -0.1347399
  0.33647224 -0.33041036  0.         -0.00514371]
log likelihood =  -1366.7409022852994
Lr derivatives =  [0.2990298202781254, -17.036730337195323, -1.980794497754764]
other derivatives =  [ 1.45167587 -0.99969293 -3.48924982 -1.45811919  0.48309009  2.61607556
 -0.        ]
Current x_clock array =  [-6.12173023e-01 -8.01717166e-01 -5.79945298e-01  2.11246435e-01
 -2.65188428e+00 -1.72191377e-01  3.36472237e-01 -3.20455770e-01
  0.00000000e+00 -1.85125296e-03]
log likelihood =  -1366.6729557091833
Lr derivatives =  [0.5939242487701613, -16.603342166304945, 8.004690243978985]
other derivatives =  [ 6.80287371  5.26535541  3.84835448 -1.88444551 -0.63096973  2.46284458
 -0.        ]
Current x_clock array =  [-0.60652333 -0.78403987 -0.56231855  0.19479546 -2.68876974 -0.23616331
  0.33647224 -0.31094051  0.          0.        ]
log likelihood =  -1366.5989979196688
Lr derivatives =  [0.0977136223759878, -17.08930124626608, -2.182880442576141]
other derivatives =  [ 2.40335862  2.67732162  3.16260162 -1.44710816 -0.81849811  2.4608587
 -0.        ]
Current x_clock array =  [-0.61181457 -0.79186279 -0.56318945  0.20690046 -2.69110327 -0.23714103
  0.33647224 -0.31036429  0.         -0.00306246]
log likelihood =  -1366.530576379031
Lr derivatives =  [0.36885657153688456, -17.023366285305013, -1.6190833255009363]
other derivatives =  [-1.54453892 -0.67699852  0.88123329 -1.08039399 -1.00204979  2.41340126
 -0.        ]
Current x_clock array =  [-6.16499540e-01 -8.03025925e-01 -5.67421277e-01  2.14697147e-01
 -2.69962576e+00 -2.55611387e-01  3.36472237e-01 -3.03811658e-01
  0.00000000e+00 -2.42345768e-03]
log likelihood =  -1366.413064198228
Lr derivatives =  [0.588498785952666, -17.035335247163342, -1.9328381197335114]
other derivatives =  [-3.77182118 -1.16596175  0.43997034 -0.47690924 -1.40667754  2.17128195
 -0.        ]
Current x_clock array =  [-0.61946944 -0.80573432 -0.56713563  0.22708631 -2.71602686 -0.31841462
  0.33647224 -0.29640718  0.         -0.00364143]
log likelihood =  -1366.0719977179042
Lr derivatives =  [-0.8522611194484497, -18.329394980381604, -4.721113609350311]
other derivatives =  [-4.69720067 -3.73884109 -0.28085765  0.70681904 -1.72064179  1.07866526
 -0.        ]
Current x_clock array =  [-0.62029256 -0.81527102 -0.56735943  0.25445614 -2.73888224 -0.58146456
  0.33647224 -0.29433719  0.         -0.00842006]
log likelihood =  -1365.9606647469566
Lr derivatives =  [2.4843858425031833, -16.492990384177894, -5.747054723805569]
other derivatives =  [-3.8837004   2.76678293 -4.66542997  0.75828461 -0.84690575  0.36033384
 -0.        ]
Current x_clock array =  [-0.62054547 -0.79680916 -0.57619899  0.24634722 -2.74944751 -0.79779857
  0.33647224 -0.27529249  0.         -0.00947243]
log likelihood =  -1365.8702609792495
Lr derivatives =  [0.9833355254503076, -17.33093647376585, -5.702572182355702]
other derivatives =  [-0.28470026 -0.40670898  0.29253374  0.25450458 -0.38279109  0.11535144
 -0.        ]
Current x_clock array =  [-0.61543994 -0.80600627 -0.56577555  0.24129663 -2.74074696 -0.86870343
  0.33647224 -0.28341227  0.         -0.00819372]
log likelihood =  -1365.8457172314386
Lr derivatives =  [0.45572467124563687, -17.507257719588953, -4.28534921845894]
other derivatives =  [ 0.39665588 -0.62169238  0.50643052 -0.04249569 -0.0464396   0.04941398
 -0.        ]
Current x_clock array =  [-0.61434259 -0.80566965 -0.5661135   0.23565344 -2.73037772 -0.88351496
  0.33647224 -0.29014676  0.         -0.00512012]
log likelihood =  -1365.8298830660317
Lr derivatives =  [-0.2253321569189204, -17.70045280349159, 8.962865649664309]
other derivatives =  [ 0.08318511 -0.21263372  0.0502414  -0.23778762  0.22605399 -0.01561398
 -0.        ]
Current x_clock array =  [-0.61443337 -0.80292199 -0.5680727   0.23157342 -2.71822965 -0.89649464
  0.33647224 -0.29897693  0.          0.        ]
log likelihood =  -1365.8366095297451
Lr derivatives =  [0.2118334286006771, -17.572884865330245, -3.2559129816816137]
other derivatives =  [ 0.28679892 -0.46923356  0.3369471  -0.11537713  0.05564475  0.0264381
 -0.        ]
Current x_clock array =  [-0.61437598 -0.80465906 -0.56683409  0.23415281 -2.72590968 -0.88828888
  0.33647224 -0.29339448  0.         -0.00323695]
log likelihood =  -1365.829195071489
Lr derivatives =  [-0.16182105388549672, -17.67516349929427, 8.918414096115157]
other derivatives =  [-0.50715835 -0.03975902 -0.08121606 -0.03165997  0.18359876 -0.0152595
 -0.        ]
Current x_clock array =  [-0.61522479 -0.80248076 -0.56813043  0.23662391 -2.71839449 -0.89674223
  0.33647224 -0.29850779  0.          0.        ]
log likelihood =  -1365.833131935525
Lr derivatives =  [0.10289936481999717, -17.601279988147503, -2.6794644383242003]
other derivatives =  [ 0.05183279 -0.34057007  0.21167921 -0.09105111  0.09461757  0.01437388
 -0.        ]
Current x_clock array =  [-6.14629074e-01 -8.04009546e-01 -5.67220629e-01  2.34889638e-01
 -2.72366883e+00 -8.90809466e-01  3.36472237e-01 -2.94919150e-01
  0.00000000e+00 -2.27176542e-03]
log likelihood =  -1365.8286147958925
Lr derivatives =  [-0.058964882503985905, -17.61788387816632, 8.83837856235914]
other derivatives =  [-0.16791341 -0.02772163 -0.0746104  -0.02949469  0.13506312 -0.00939849
 -0.        ]
Current x_clock array =  [-0.6147974  -0.80264473 -0.56804096  0.23632219 -2.72039095 -0.89674961
  0.33647224 -0.29736807  0.          0.        ]
log likelihood =  -1365.831557558952
Lr derivatives =  [0.06352415789094579, -17.604519932206703, -2.324627878906881]
other derivatives =  [-0.00210662 -0.26226849  0.14003081 -0.07597555  0.10510458  0.00861837
 -0.        ]
Current x_clock array =  [-6.14671072e-01 -8.03669024e-01 -5.67425302e-01  2.35247062e-01
 -2.72285099e+00 -8.92291537e-01  3.36472237e-01 -2.95530159e-01
  0.00000000e+00 -1.70495793e-03]
log likelihood =  -1365.8284258339986
Lr derivatives =  [-0.016836815068195676, -17.59533218796491, 8.806114237813745]
other derivatives =  [-0.16363242  0.00172372 -0.02338174 -0.00142177  0.09008911 -0.00567707
 -0.        ]
Current x_clock array =  [-0.61480456 -0.80266043 -0.5678435   0.23681644 -2.72171164 -0.89682526
  0.33647224 -0.29671005  0.          0.        ]
log likelihood =  -1365.8306326375164
Lr derivatives =  [0.046001739271726905, -17.60197522108071, -2.0750317402844844]
other derivatives =  [-0.03790524 -0.20287393  0.1032563  -0.05938887  0.10195572  0.0055054
 -0.        ]
Current x_clock array =  [-6.14701046e-01 -8.03442542e-01 -5.67519210e-01  2.35599470e-01
 -2.72259515e+00 -8.93309600e-01  3.36472237e-01 -2.95795106e-01
  0.00000000e+00 -1.32210408e-03]
log likelihood =  -1365.8283257721355
Lr derivatives =  [0.0480902513581718, -17.56085706411952, 8.756342140259221]
other derivatives =  [-0.04460549 -0.01811395 -0.03066293  0.01901344  0.04926744 -0.00032674
 -0.        ]
Current x_clock array =  [-0.61465523 -0.8028627  -0.56778457  0.23709246 -2.72312458 -0.89642968
  0.33647224 -0.29590268  0.          0.        ]
log likelihood =  -1365.830026876762
Lr derivatives =  [0.04673797430904614, -17.5931044984173, -1.8882993299042408]
other derivatives =  [-0.03902505 -0.16421541  0.07524386 -0.0430955   0.09107997  0.00434579
 -0.        ]
Current x_clock array =  [-6.14691476e-01 -8.03321426e-01 -5.67574637e-01  2.35911324e-01
 -2.72270574e+00 -8.93961318e-01  3.36472237e-01 -2.95817576e-01
  0.00000000e+00 -1.04594493e-03]
log likelihood =  -1365.8283120678225
Lr derivatives =  [0.04002938047669247, -17.565310066621212, 8.76259491633391]
other derivatives =  [-0.00375212 -0.01062381 -0.00736668  0.01991611  0.03707665 -0.00028945
 -0.        ]
Current x_clock array =  [-0.6146013  -0.8028505  -0.56772952  0.2370744  -2.72340139 -0.8966742
  0.33647224 -0.29587888  0.          0.        ]
log likelihood =  -1365.8296201169478
Lr derivatives =  [0.045617322402975446, -17.587560762783756, -1.7499956850717044]
other derivatives =  [-0.03203672 -0.13447197  0.05924448 -0.03095784  0.08071162  0.00348382
 -0.        ]
Current x_clock array =  [-6.14674034e-01 -8.03230344e-01 -5.67604594e-01  2.36136279e-01
 -2.72284028e+00 -8.94486024e-01  3.36472237e-01 -2.95829432e-01
  0.00000000e+00 -8.43645502e-04]
log likelihood =  -1365.8288881206993
Lr derivatives =  [0.04299602088584109, -17.576266754738757, -1.4575725415596859]
other derivatives =  [-0.01772537 -0.07251356  0.02591992 -0.00557338  0.05897     0.00163436
 -0.        ]
Current x_clock array =  [-6.14637665e-01 -8.03040424e-01 -5.67667058e-01  2.36605342e-01
 -2.72312084e+00 -8.95580110e-01  3.36472237e-01 -2.95854155e-01
  0.00000000e+00 -4.21822751e-04]
log likelihood =  -1365.828305284632
Lr derivatives =  [0.030608470119386055, -17.570455908362085, 8.769916348683182]
other derivatives =  [ 0.00073828 -0.00497789 -0.00223622  0.01963804  0.02860609 -0.00010823
 -0.        ]
Current x_clock array =  [-0.61459385 -0.80283185 -0.56771958  0.23703267 -2.72355542 -0.89674635
  0.33647224 -0.29589895  0.          0.        ]
log likelihood =  -1365.82878889626
Lr derivatives =  [0.04112670676845198, -17.57536180510268, -1.4124409874362565]
other derivatives =  [-0.01489207 -0.0622199   0.02162733 -0.00173804  0.0543516   0.00137356
 -0.        ]
Current x_clock array =  [-6.14630989e-01 -8.03008642e-01 -5.67675061e-01  2.36670459e-01
 -2.72318706e+00 -8.95757822e-01  3.36472237e-01 -2.95860982e-01
  0.00000000e+00 -3.57545083e-04]
log likelihood =  -1365.8285334679626
Lr derivatives =  [0.03587911111454645, -17.57289049254417, -1.2862108821868095]
other derivatives =  [-0.00705609 -0.03359946  0.0096959   0.00894215  0.04148549  0.0006396
 -0.        ]
Current x_clock array =  [-6.14612420e-01 -8.02920247e-01 -5.67697320e-01  2.36851566e-01
 -2.72337124e+00 -8.96252085e-01  3.36472237e-01 -2.95879968e-01
  0.00000000e+00 -1.78772541e-04]
log likelihood =  -1365.8283006519875
Lr derivatives =  [0.023730961460913136, -17.57415381044297, 8.77516868058592]
other derivatives =  [ 3.00360625e-03 -4.11546353e-04 -2.56477506e-04  1.85395947e-02
  2.21337270e-02  2.63753464e-05 -0.00000000e+00]
Current x_clock array =  [-0.61458972 -0.80281639 -0.56771703  0.23697454 -2.7236793  -0.89680873
  0.33647224 -0.29591167  0.          0.        ]
log likelihood =  -1365.828500102826
Lr derivatives =  [0.03421953900020824, -17.57306304181178, -1.2688545810189265]
other derivatives =  [-0.00568275 -0.02907427  0.00833893  0.01024978  0.03884519  0.00055729
 -0.        ]
Current x_clock array =  [-6.14609324e-01 -8.02906080e-01 -5.67700008e-01  2.36868340e-01
 -2.72341326e+00 -8.96328014e-01  3.36472237e-01 -2.95884293e-01
  0.00000000e+00 -1.54386959e-04]
log likelihood =  -1365.82839871881
Lr derivatives =  [0.028957357003527306, -17.573617589828675, -1.2137776226304178]
other derivatives =  [-0.00134492 -0.01474996  0.00404566  0.01439435  0.03048317  0.00029331
 -0.        ]
Current x_clock array =  [-6.14599524e-01 -8.02861234e-01 -5.67708517e-01  2.36921441e-01
 -2.72354628e+00 -8.96568370e-01  3.36472237e-01 -2.95897983e-01
  0.00000000e+00 -7.71934795e-05]
log likelihood =  -1365.8283292504318
Lr derivatives =  [0.025134106460246386, -17.574027574848312, -1.1737198963864284]
other derivatives =  [ 0.00179148 -0.00436739  0.00093405  0.01740136  0.02441774  0.00010027
 -0.        ]
Current x_clock array =  [-6.14592419e-01 -8.02828723e-01 -5.67714686e-01  2.36959937e-01
 -2.72364272e+00 -8.96742620e-01  3.36472237e-01 -2.95907908e-01
  0.00000000e+00 -2.12307800e-05]
log likelihood =  -1365.828296961014
Lr derivatives =  [0.015637114380293582, -17.578540098787514, 8.78142145666061]
other derivatives =  [ 0.00263958  0.00124146  0.00073442  0.01723424  0.01544245  0.00042633
 -0.        ]
Current x_clock array =  [-0.61458836 -0.8028087  -0.56771747  0.23691294 -2.72379623 -0.89677023
  0.33647224 -0.29593239  0.          0.        ]
log likelihood =  -1365.8283249948045
Lr derivatives =  [0.023781768096526434, -17.57467121000093, -1.171486458288511]
other derivatives =  [ 0.00190835 -0.00357522  0.00090813  0.01737817  0.02314363  0.00014666
 -0.        ]
Current x_clock array =  [-6.14591845e-01 -8.02825886e-01 -5.67715081e-01  2.36953279e-01
 -2.72366446e+00 -8.96746532e-01  3.36472237e-01 -2.95911377e-01
  0.00000000e+00 -1.82231138e-05]
log likelihood =  -1365.8283123554015
Lr derivatives =  [0.01968489848112398, -17.57662113359949, -1.164717869913396]
other derivatives =  [ 0.00226169 -0.00117507  0.00082582  0.017307    0.0192841   0.00028649
 -0.        ]
Current x_clock array =  [-6.14590105e-01 -8.02817292e-01 -5.67716276e-01  2.36933109e-01
 -2.72373035e+00 -8.96758380e-01  3.36472237e-01 -2.95921885e-01
  0.00000000e+00 -9.11155689e-06]
log likelihood =  -1365.8283031921494
Lr derivatives =  [0.0166347228491297, -17.578072927018937, -1.1596761667404945]
other derivatives =  [ 0.00252567  0.00061164  0.00076534  0.01725562  0.01641021  0.0003904
 -0.        ]
Current x_clock array =  [-6.14588809e-01 -8.02810895e-01 -5.67717167e-01  2.36918093e-01
 -2.72377940e+00 -8.96767202e-01  3.36472237e-01 -2.95929708e-01
  0.00000000e+00 -2.32795636e-06]
log likelihood =  -1365.828300767446
Lr derivatives =  [0.01581565966008469, -17.57846278394334, -1.158321970457198]
other derivatives =  [ 0.00259615  0.00109094  0.00074897  0.01724129  0.01563872  0.00041859
 -0.        ]
Current x_clock array =  [-6.14588461e-01 -8.02809177e-01 -5.67717406e-01  2.36914060e-01
 -2.72379257e+00 -8.96769571e-01  3.36472237e-01 -2.95931809e-01
  0.00000000e+00 -5.06368607e-07]
log likelihood =  -1365.828296961014
Lr derivatives =  [0.015637114380293582, -17.578540098787514, 8.78142145666061]
other derivatives =  [ 0.00263958  0.00124146  0.00073442  0.01723424  0.01544245  0.00042633
 -0.        ]
Current x_clock array =  [-0.61458836 -0.8028087  -0.56771747  0.23691294 -2.72379623 -0.89677023
  0.33647224 -0.29593239  0.          0.        ]
log likelihood =  -1365.828338271035
Lr derivatives =  [-0.051492205923679535, -17.61547647727657, -1.1652175898959296]
other derivatives =  [-0.0037503   0.01920898  0.00698196  0.00738896 -0.04679403  0.00453679
 -0.        ]
Current x_clock array =  [-6.14582319e-01 -8.02738363e-01 -5.67721211e-01  2.36392066e-01
 -2.72492530e+00 -8.96320549e-01  3.36472237e-01 -2.96061534e-01
  0.00000000e+00 -1.95767187e-05]
log likelihood =  -1365.8283019790206
Lr derivatives =  [-0.0031552019364831096, -17.588883423458178, -1.159979789583005]
other derivatives =  [ 0.00083696  0.00625027  0.00248497  0.01448666 -0.00196048  0.00157456
 -0.        ]
Current x_clock array =  [-6.14586676e-01 -8.02789051e-01 -5.67718517e-01  2.36767435e-01
 -2.72411163e+00 -8.96644613e-01  3.36472237e-01 -2.95968468e-01
  0.00000000e+00 -5.46868536e-06]
log likelihood =  -1365.828299943573
Lr derivatives =  [0.01005724251470852, -17.581614129625653, -1.1585459690259752]
other derivatives =  [ 0.00209025  0.00270757  0.00125738  0.01642525  0.0102945   0.00076511
 -0.        ]
Current x_clock array =  [-6.14587866e-01 -8.02802902e-01 -5.67717780e-01  2.36870007e-01
 -2.72388929e+00 -8.96733165e-01  3.36472237e-01 -2.95943037e-01
  0.00000000e+00 -1.61359079e-06]
log likelihood =  -1365.8283000037188
Lr derivatives =  [0.014229271218951567, -17.579318709705912, -1.15809302961381]
other derivatives =  [ 0.0024861   0.00158911  0.00087084  0.01703802  0.01416413  0.00051023
 -0.        ]
Current x_clock array =  [-6.14588242e-01 -8.02807275e-01 -5.67717548e-01  2.36902392e-01
 -2.72381909e+00 -8.96761124e-01  3.36472237e-01 -2.95935008e-01
  0.00000000e+00 -3.96393262e-07]
log likelihood =  -1365.8283000818096
Lr derivatives =  [0.015407796430295662, -17.578670291016977, -1.1579650657197362]
other derivatives =  [ 0.0025982   0.00127307  0.00076079  0.0172106   0.0152572   0.00043724
 -0.        ]
Current x_clock array =  [-6.14588348e-01 -8.02808510e-01 -5.67717482e-01  2.36911541e-01
 -2.72379926e+00 -8.96769022e-01  3.36472237e-01 -2.95932739e-01
  0.00000000e+00 -5.25655099e-08]
log likelihood =  -1365.8283000957347
Lr derivatives =  [0.015583221709562167, -17.57857377280333, -1.157946017479869]
other derivatives =  [ 0.0026148   0.00122623  0.0007451   0.01723652  0.01541974  0.00042633
 -0.        ]
Current x_clock array =  [-6.14588364e-01 -8.02808694e-01 -5.67717472e-01  2.36912902e-01
 -2.72379631e+00 -8.96770198e-01  3.36472237e-01 -2.95932402e-01
  0.00000000e+00 -1.38657288e-09]
log likelihood =  -1365.8283000961205
Lr derivatives =  [0.015587970876918433, -17.57857115983208, -1.1579455017977507]
other derivatives =  [ 0.00261616  0.00122463  0.00074465  0.01723697  0.01542425  0.00042724
 -0.        ]
Current x_clock array =  [-6.14588365e-01 -8.02808699e-01 -5.67717472e-01  2.36912939e-01
 -2.72379623e+00 -8.96770229e-01  3.36472237e-01 -2.95932393e-01
  0.00000000e+00 -1.04216915e-12]
log likelihood =  -1365.828296961014
Lr derivatives =  [0.015637114380300687, -17.57854009878751, 8.78142145666061]
other derivatives =  [ 0.00263958  0.00124146  0.00073442  0.01723424  0.01544245  0.00042633
 -0.        ]
Current x_clock array =  [-6.14588365e-01 -8.02808699e-01 -5.67717472e-01  2.36912939e-01
 -2.72379623e+00 -8.96770229e-01  3.36472237e-01 -2.95932393e-01
  0.00000000e+00 -5.90029585e-19]
log likelihood =  -1365.828296961014
Lr derivatives =  [0.015637114380300687, -17.57854009878751, 8.78142145666061]
other derivatives =  [ 0.00263958  0.00124146  0.00073442  0.01723424  0.01544245  0.00042633
 -0.        ]
Current x_clock array =  [-6.14588365e-01 -8.02808699e-01 -5.67717472e-01  2.36912939e-01
 -2.72379623e+00 -8.96770229e-01  3.36472237e-01 -2.95932393e-01
  0.00000000e+00 -1.18005752e-18]
log likelihood =  -1365.8283000961203
Lr derivatives =  [0.015587972662874705, -17.57857115884947, -1.1579455016039013]
other derivatives =  [ 0.00261548  0.00122486  0.00074488  0.0172372   0.015424    0.00042633
 -0.        ]
Current x_clock array =  [-6.14588365e-01 -8.02808699e-01 -5.67717472e-01  2.36912939e-01
 -2.72379623e+00 -8.96770229e-01  3.36472237e-01 -2.95932393e-01
  0.00000000e+00 -5.21085163e-13]
log likelihood =  -1365.828296961014
Lr derivatives =  [0.015637114380300687, -17.57854009878751, 8.78142145666061]
other derivatives =  [ 0.00263958  0.00124146  0.00073442  0.01723424  0.01544245  0.00042633
 -0.        ]
Current x_clock array =  [-6.14588365e-01 -8.02808699e-01 -5.67717472e-01  2.36912939e-01
 -2.72379623e+00 -8.96770229e-01  3.36472237e-01 -2.95932393e-01
  0.00000000e+00 -1.32756367e-18]
log likelihood =  -1365.828296961014
Lr derivatives =  [0.015637114380300687, -17.578540098787506, 8.78142145666061]
other derivatives =  [ 0.00263958  0.00124146  0.00073442  0.01723424  0.01544245  0.0004261
 -0.        ]
Current x_clock array =  [-6.14588365e-01 -8.02808699e-01 -5.67717472e-01  2.36912939e-01
 -2.72379623e+00 -8.96770229e-01  3.36472237e-01 -2.95932393e-01
  0.00000000e+00 -1.47507148e-18]
log likelihood =  -1365.8283000961205
Lr derivatives =  [0.01558797355599495, -17.57857115835808, -1.1579455015069051]
other derivatives =  [ 0.00261502  0.00122441  0.00074488  0.01723743  0.01542417  0.00042633
 -0.        ]
Current x_clock array =  [-6.14588365e-01 -8.02808699e-01 -5.67717472e-01  2.36912939e-01
 -2.72379623e+00 -8.96770229e-01  3.36472237e-01 -2.95932393e-01
  0.00000000e+00 -2.60543319e-13]
log likelihood =  -1365.828296961014
Lr derivatives =  [0.015637114380300687, -17.57854009878751, 8.78142145666061]
other derivatives =  [ 0.00263958  0.00124146  0.00073442  0.01723424  0.01544245  0.00042633
 -0.        ]
Current x_clock array =  [-6.14588365e-01 -8.02808699e-01 -5.67717472e-01  2.36912939e-01
 -2.72379623e+00 -8.96770229e-01  3.36472237e-01 -2.95932393e-01
  0.00000000e+00 -1.51194719e-18]
log likelihood =  -1365.8283000961203
Lr derivatives =  [0.015587974201761057, -17.578571158002774, -1.1579455014367204]
other derivatives =  [ 0.00261571  0.00122463  0.00074465  0.01723765  0.01542408  0.0004261
 -0.        ]
Current x_clock array =  [-6.14588365e-01 -8.02808699e-01 -5.67717472e-01  2.36912939e-01
 -2.72379623e+00 -8.96770229e-01  3.36472237e-01 -2.95932393e-01
  0.00000000e+00 -7.21535928e-14]
log likelihood =  -1365.828296961014
Lr derivatives =  [0.015637114380300687, -17.57854009878751, 8.78142145666061]
other derivatives =  [ 0.00263958  0.00124146  0.00073442  0.01723424  0.01544245  0.00042633
 -0.        ]
Current x_clock array =  [-6.14588365e-01 -8.02808699e-01 -5.67717472e-01  2.36912939e-01
 -2.72379623e+00 -8.96770229e-01  3.36472237e-01 -2.95932393e-01
  0.00000000e+00 -1.51477615e-18]
log likelihood =  -1365.828296961014
Lr derivatives =  [0.015637114380300687, -17.57854009878751, 8.78142145666061]
other derivatives =  [ 0.00263958  0.00124146  0.00073442  0.01723424  0.01544245  0.0004261
 -0.        ]
Current x_clock array =  [-6.14588365e-01 -8.02808699e-01 -5.67717472e-01  2.36912939e-01
 -2.72379623e+00 -8.96770229e-01  3.36472237e-01 -2.95932393e-01
  0.00000000e+00 -1.51760345e-18]
log likelihood =  -1365.8283000961208
Lr derivatives =  [0.015587974325455889, -17.578571157934736, -1.1579455014233222]
other derivatives =  [ 0.00261525  0.00122463  0.00074442  0.01723765  0.01542433  0.0004261
 -0.        ]
Current x_clock array =  [-6.14588365e-01 -8.02808699e-01 -5.67717472e-01  2.36912939e-01
 -2.72379623e+00 -8.96770229e-01  3.36472237e-01 -2.95932393e-01
  0.00000000e+00 -3.60775552e-14]
log likelihood =  -1365.828296961014
Lr derivatives =  [0.015637114380293582, -17.578540098787514, 8.78142145666061]
other derivatives =  [ 0.00263958  0.00124146  0.00073442  0.01723424  0.01544245  0.00042633
 -0.        ]
Current x_clock array =  [-6.14588365e-01 -8.02808699e-01 -5.67717472e-01  2.36912939e-01
 -2.72379623e+00 -8.96770229e-01  3.36472237e-01 -2.95932393e-01
  0.00000000e+00 -1.51831152e-18]
log likelihood =  -1365.828300096121
Lr derivatives =  [0.0155879744443439, -17.578571157869316, -1.1579455014103877]
other derivatives =  [ 0.00261571  0.00122418  0.00074465  0.0172372   0.01542408  0.00042633
 -0.        ]
Current x_clock array =  [-6.14588365e-01 -8.02808699e-01 -5.67717472e-01  2.36912939e-01
 -2.72379623e+00 -8.96770229e-01  3.36472237e-01 -2.95932393e-01
  0.00000000e+00 -1.38486706e-15]
log likelihood =  -2813.593427933747
Lr derivatives =  [-144.5926143898892, -173.04265784600648, -187.96195172665395]
other derivatives =  [-27.15929168 -24.60490123  20.88515976  -3.36441599  -6.99115804
  -6.85812665  -0.        ]
Current x_clock array =  [-0.61722795 -0.80405016 -0.56845189  0.2196787  -2.73923868 -0.89719656
  0.33647224 -0.31156951  0.         -8.78142146]
log likelihood =  -1368.3458633143912
Lr derivatives =  [-5.478240219476124, -25.561386071657434, -32.52977906305569]
other derivatives =  [ 0.26305884 -0.53998792  0.61089486  0.28584191 -0.63596925 -0.75472485
 -0.        ]
Current x_clock array =  [-0.61462449 -0.80282569 -0.56772752  0.23667708 -2.72400757 -0.89677606
  0.33647224 -0.2961464   0.         -0.12017906]
log likelihood =  -1365.8839419638728
Lr derivatives =  [-0.19817377318784324, -18.107586549319322, -7.933083911968824]
other derivatives =  [ 0.29691319  0.05588186  0.00453974 -0.01811691  0.0760268  -0.03443279
 -0.        ]
Current x_clock array =  [-0.61459187 -0.80281035 -0.56771845  0.23689004 -2.72381675 -0.8967708
  0.33647224 -0.29595317  0.         -0.01166731]
log likelihood =  -1365.8333014793698
Lr derivatives =  [-0.011280627637759721, -17.67476611602834, -2.841525003282433]
other derivatives =  [ 0.0821467   0.01904596 -0.00087266  0.00493219  0.036219   -0.00348155
 -0.        ]
Current x_clock array =  [-6.14589111e-01 -8.02809050e-01 -5.67717680e-01  2.36908063e-01
 -2.72380060e+00 -8.96770350e-01  3.36472237e-01 -2.95936817e-01
  0.00000000e+00 -2.48438790e-03]
log likelihood =  -1365.8291959497592
Lr derivatives =  [0.009806824174813045, -17.60251596939074, -1.6118156617826136]
other derivatives =  [ 0.02441243  0.00626233  0.00017417  0.01371677  0.02134926 -0.00035197
 -0.        ]
Current x_clock array =  [-6.14588559e-01 -8.02808791e-01 -5.67717526e-01  2.36911670e-01
 -2.72379737e+00 -8.96770261e-01  3.36472237e-01 -2.95933544e-01
  0.00000000e+00 -6.46469654e-04]
log likelihood =  -1365.8285161567312
Lr derivatives =  [0.014094199942555008, -17.585047027728695, -1.2833803607369978]
other derivatives =  [ 0.00866453  0.00263344  0.00057798  0.01625017  0.01708452  0.00023078
 -0.        ]
Current x_clock array =  [-6.14588418e-01 -8.02808724e-01 -5.67717487e-01  2.36912592e-01
 -2.72379654e+00 -8.96770238e-01  3.36472237e-01 -2.95932708e-01
  0.00000000e+00 -1.77004972e-04]
log likelihood =  -1365.8283577248808
Lr derivatives =  [0.015180989771543807, -17.580358957745503, -1.1927827272549898]
other derivatives =  [ 0.00429736  0.00161685  0.00069781  0.01696208  0.01588705  0.00037357
 -0.        ]
Current x_clock array =  [-6.14588379e-01 -8.02808706e-01 -5.67717476e-01  2.36912843e-01
 -2.72379632e+00 -8.96770232e-01  3.36472237e-01 -2.95932480e-01
  0.00000000e+00 -4.90340678e-05]
log likelihood =  -1365.828315815368
Lr derivatives =  [0.015476281526456859, -17.579063631029292, -1.1675579339149689]
other derivatives =  [ 0.00308023  0.00133286  0.00073146  0.01716148  0.01555197  0.000412
 -0.        ]
Current x_clock array =  [-6.14588369e-01 -8.02808701e-01 -5.67717473e-01  2.36912913e-01
 -2.72379625e+00 -8.96770230e-01  3.36472237e-01 -2.95932417e-01
  0.00000000e+00 -1.35200448e-05]
log likelihood =  -1365.8283042914102
Lr derivatives =  [0.015558113500649284, -17.578702957177356, -1.1605192525191246]
other derivatives =  [ 0.00273985  0.00125351  0.00074078  0.01721673  0.01545839  0.00042223
 -0.        ]
Current x_clock array =  [-6.14588366e-01 -8.02808700e-01 -5.67717472e-01  2.36912932e-01
 -2.72379624e+00 -8.96770230e-01  3.36472237e-01 -2.95932399e-01
  0.00000000e+00 -3.61930370e-06]
log likelihood =  -1365.828301103427
Lr derivatives =  [0.01558080127161432, -17.57860282778737, -1.1585640255971903]
other derivatives =  [ 0.00264549  0.00123168  0.00074397  0.0172322   0.01543235  0.00042564
 -0.        ]
Current x_clock array =  [-6.14588365e-01 -8.02808699e-01 -5.67717472e-01  2.36912937e-01
 -2.72379623e+00 -8.96770229e-01  3.36472237e-01 -2.95932394e-01
  0.00000000e+00 -8.69743484e-07]
log likelihood =  -1365.8283002635028
Lr derivatives =  [0.015586782342968064, -17.578576421474466, -1.158048304952814]
other derivatives =  [ 0.00262025  0.00122554  0.00074488  0.01723583  0.01542534  0.00042633
 -0.        ]
Current x_clock array =  [-6.14588365e-01 -8.02808699e-01 -5.67717472e-01  2.36912939e-01
 -2.72379623e+00 -8.96770229e-01  3.36472237e-01 -2.95932393e-01
  0.00000000e+00 -1.44556043e-07]
log likelihood =  -1365.82830010524
Lr derivatives =  [0.015587909497021712, -17.57857144465912, -1.1579511027898084]
other derivatives =  [ 0.00261525  0.00122441  0.00074397  0.01723697  0.01542442  0.00042633
 -0.        ]
Current x_clock array =  [-6.14588365e-01 -8.02808699e-01 -5.67717472e-01  2.36912939e-01
 -2.72379623e+00 -8.96770229e-01  3.36472237e-01 -2.95932393e-01
  0.00000000e+00 -7.87629564e-09]
log likelihood =  -1365.828300096154
Lr derivatives =  [0.015587974213250533, -17.57857115890777, -1.1579455217421426]
other derivatives =  [ 0.00261525  0.00122463  0.00074465  0.0172372   0.015424    0.00042587
 -0.        ]
Current x_clock array =  [-6.14588365e-01 -8.02808699e-01 -5.67717472e-01  2.36912939e-01
 -2.72379623e+00 -8.96770229e-01  3.36472237e-01 -2.95932393e-01
  0.00000000e+00 -2.85898829e-11]
log likelihood =  -1365.8283000961203
Lr derivatives =  [0.01558797444904414, -17.57857115786672, -1.1579455014101834]
other derivatives =  [ 0.00261548  0.00122509  0.00074419  0.01723697  0.01542417  0.00042678
 -0.        ]
Current x_clock array =  [-6.14588365e-01 -8.02808699e-01 -5.67717472e-01  2.36912939e-01
 -2.72379623e+00 -8.96770229e-01  3.36472237e-01 -2.95932393e-01
  0.00000000e+00 -3.81566279e-16]
log likelihood =  -1365.828296961014
Lr derivatives =  [0.015637114380300687, -17.57854009878751, 8.78142145666061]
other derivatives =  [ 0.00263958  0.00124146  0.00073442  0.01723424  0.01544245  0.00042633
 -0.        ]
Current x_clock array =  [-0.61458836 -0.8028087  -0.56771747  0.23691294 -2.72379623 -0.89677023
  0.33647224 -0.29593239  0.          0.        ]
log likelihood =  -1365.828296961014
Lr derivatives =  [0.015637114380293582, -17.578540098787514, 8.78142145666061]
other derivatives =  [ 0.00263958  0.00124146  0.00073442  0.01723424  0.01544245  0.00042633
 -0.        ]
Current x_clock array =  [-0.61458836 -0.8028087  -0.56771747  0.23691294 -2.72379623 -0.89677023
  0.33647224 -0.29593239  0.          0.        ]
log likelihood =  -1365.8283000961205
Lr derivatives =  [0.015587974449022823, -17.578571157866733, -1.1579455014099986]
other derivatives =  [ 0.00261548  0.00122509  0.00074419  0.01723697  0.01542417  0.00042655
 -0.        ]
Current x_clock array =  [-6.14588365e-01 -8.02808699e-01 -5.67717472e-01  2.36912939e-01
 -2.72379623e+00 -8.96770229e-01  3.36472237e-01 -2.95932393e-01
  0.00000000e+00 -1.90783140e-16]
log likelihood =  -1365.828296961014
Lr derivatives =  [0.015637114380300687, -17.57854009878751, 8.78142145666061]
other derivatives =  [ 0.00263958  0.00124146  0.00073442  0.01723424  0.01544245  0.0004261
 -0.        ]
Current x_clock array =  [-0.61458836 -0.8028087  -0.56771747  0.23691294 -2.72379623 -0.89677023
  0.33647224 -0.29593239  0.          0.        ]
log likelihood =  -1365.8283000961205
Lr derivatives =  [0.015587974449015718, -17.57857115786674, -1.1579455014099995]
other derivatives =  [ 0.00261548  0.00122509  0.00074419  0.01723697  0.01542417  0.00042655
 -0.        ]
Current x_clock array =  [-6.14588365e-01 -8.02808699e-01 -5.67717472e-01  2.36912939e-01
 -2.72379623e+00 -8.96770229e-01  3.36472237e-01 -2.95932393e-01
  0.00000000e+00 -1.25916872e-16]
log likelihood =  -1365.828296961014
Lr derivatives =  [0.015637114380300687, -17.57854009878751, 8.78142145666061]
other derivatives =  [ 0.00263958  0.00124146  0.00073442  0.01723424  0.01544245  0.00042633
 -0.        ]
Current x_clock array =  [-0.61458836 -0.8028087  -0.56771747  0.23691294 -2.72379623 -0.89677023
  0.33647224 -0.29593239  0.          0.        ]
      fun: 1365.828296961014
 hess_inv: <10x10 LbfgsInvHessProduct with dtype=float64>
      jac: array([ 2.63958100e-03,  1.24146027e-03,  7.34416972e-04,  1.72342425e-02,
        1.54424487e-02,  4.26325641e-04, -0.00000000e+00,  1.56371144e-02,
       -1.75785401e+01,  8.78142146e+00])
  message: 'ABNORMAL_TERMINATION_IN_LNSRCH'
     nfev: 86
      nit: 27
     njev: 86
   status: 2
  success: False
        x: array([-0.61458836, -0.8028087 , -0.56771747,  0.23691294, -2.72379623,
       -0.89677023,  0.33647224, -0.29593239,  0.        ,  0.        ])
