number of sites to be analyzed:  371
log likelihood =  -5418.394951496692
Lr derivatives =  [-186.9476632575201, -298.23343512469836, -23.97688916712221]
other derivatives =  [  7.08011794 -42.83315866  46.09169901 -67.46046074 356.52015595
 151.18624378]
Current x_clock array =  [-0.63740736 -0.86801865 -0.55353443  0.18232156 -0.10536052  0.33647224
 -0.51082562 -0.51082562 -0.51082562]
log likelihood =  -5102.957983537024
Lr derivatives =  [-34.119254647489946, -236.27952857944268, -13.323464974637844]
other derivatives =  [ -35.37080556  -19.88238637 -124.40340379  -24.33824739  197.63659475
   88.5143636 ]
Current x_clock array =  [-0.65358062 -0.86615004 -0.65882261  0.33642282 -0.91976658 -0.0088855
 -0.08377737 -0.50965873 -0.50965873]
log likelihood =  -5526.011654741241
Lr derivatives =  [106.96446818656423, 19.448907885374, 113.90921447530654]
other derivatives =  [ 4.67460402e+02  6.16160096e+01  7.94129719e+03 -1.26092982e+00
  6.12885031e+01  3.67560660e+01]
Current x_clock array =  [-0.48599542 -0.86020555 -0.05        0.49906455 -2.11532212 -0.53877928
  0.20466998  0.         -0.49549986]
log likelihood =  -4970.767635586266
Lr derivatives =  [20.87014954488779, -141.09581335217933, 32.577270535794284]
other derivatives =  [173.48740494  10.01907367 244.50444835 -15.1048489  131.39132288
  67.75088877]
Current x_clock array =  [-0.58278131 -0.86363868 -0.40161481  0.40513368 -1.42485    -0.23274843
  0.03808228 -0.29434446 -0.50367707]
log likelihood =  -4871.138416774794
Lr derivatives =  [2.623865707792632, -85.905073883241, 43.040494250171875]
other derivatives =  [-125.75599794    9.68528911   23.89616202   17.26516166    3.16028903
   34.19764744]
Current x_clock array =  [-0.70946032 -0.88715498 -0.46674915  0.51275824 -2.16860459 -0.56907179
  0.21187343 -0.07233996 -0.54140176]
log likelihood =  -4860.412233646191
Lr derivatives =  [-3.0732100520344794, -76.02635532724824, 27.00941262897685]
other derivatives =  [100.22317201   5.33284492 -64.03113821  22.52765262 -20.35638423
  24.73061613]
Current x_clock array =  [-0.60335271 -0.90472181 -0.5146219   0.51560922 -2.32523471 -0.67639875
  0.24182944  0.         -0.59869642]
log likelihood =  -4856.3087649926965
Lr derivatives =  [-6.723967415830241, -78.61936162812178, 23.404077435776493]
other derivatives =  [  9.10731069   2.07105586  -2.17144043  19.22009415 -16.4461923
  25.34596388]
Current x_clock array =  [-0.64232049 -0.90502594 -0.47956895  0.50447313 -2.2972759  -0.67477028
  0.2333824   0.         -0.60497281]
log likelihood =  -4854.92439453193
Lr derivatives =  [-5.128894659862017, -80.33102811094135, 16.271963515963108]
other derivatives =  [ -4.91168976  -0.82222232   9.20853199  16.1413227  -11.54279836
  24.60722681]
Current x_clock array =  [-0.64896234 -0.90715263 -0.47471711  0.48686157 -2.26888136 -0.68720538
  0.23046615  0.         -0.62432979]
log likelihood =  -4851.778385311553
Lr derivatives =  [-3.286500331951604, -88.49130668890487, -9.558770606989011]
other derivatives =  [-18.27556389  -4.32187244  13.93046841   6.73067825  -1.16877266
  19.15984467]
Current x_clock array =  [-0.65559586 -0.90895608 -0.47518177  0.42208006 -2.21108564 -0.77268091
  0.23364251  0.         -0.69373564]
log likelihood =  -4849.666066597922
Lr derivatives =  [8.354331050564443, -82.36164677049062, -10.090007308709739]
other derivatives =  [-12.43442239   0.16935883   8.97588143  -0.07665949   5.50883627
  13.90756825]
Current x_clock array =  [-0.65393041 -0.90477754 -0.47818951  0.36985651 -2.20738019 -0.89441542
  0.25638088  0.         -0.70077689]
log likelihood =  -4847.916693393841
Lr derivatives =  [-14.036625008956166, -94.58428328031377, -23.973320552876764]
other derivatives =  [ 10.52303742 -13.27284281  16.620922    -6.36342338 -11.20370237
   3.77446073]
Current x_clock array =  [-0.64269982 -0.92279804 -0.47492822  0.29635661 -2.27682201 -1.17669911
  0.25342387  0.         -0.70313533]
log likelihood =  -4846.708728024167
Lr derivatives =  [12.725020623105888, -74.18371020667588, 0.7175099092154564]
other derivatives =  [ 1.81539326  3.90692185 -6.39383052 -8.94587174  0.72163312  2.62891267]
Current x_clock array =  [-0.64809663 -0.90293411 -0.48639702  0.27652061 -2.24724994 -1.28702688
  0.26154112  0.         -0.64709964]
log likelihood =  -4846.446816014427
Lr derivatives =  [7.990057007149794, -76.71190676363082, 1.2705820070300362]
other derivatives =  [ 0.92086611  2.1539463  -2.59295757 -7.63151547 -1.83286216  2.68876952]
Current x_clock array =  [-0.64816654 -0.90423329 -0.48481439  0.28776529 -2.24213259 -1.29119607
  0.24682388  0.         -0.6381148 ]
log likelihood =  -4845.88804281469
Lr derivatives =  [-3.674834396231649, -83.85766768072821, 4.0248230229216055]
other derivatives =  [-2.51607253 -1.74483466  3.57653516 -3.73192779 -5.08831554  2.34218988]
Current x_clock array =  [-0.64885576 -0.90534141 -0.48390861  0.32476453 -2.19218011 -1.3412142
  0.18827089  0.         -0.60509135]
log likelihood =  -4845.700057093027
Lr derivatives =  [-5.087720085319965, -86.03980347020922, 1.8197822474209673]
other derivatives =  [-1.72154159 -0.70355691  0.59073955 -2.11543284 -3.53930372  1.59199291]
Current x_clock array =  [-0.64846988 -0.90308524 -0.48626128  0.3412779  -2.16418653 -1.38467529
  0.17236914  0.         -0.6031924 ]
log likelihood =  -4845.782484899881
Lr derivatives =  [3.9134467323119253, -80.83969089519974, 4.042477386982831]
other derivatives =  [20.36580918 -1.39871008 19.12852258 -1.08369386  4.6985431   0.5510644 ]
Current x_clock array =  [-0.6399861  -0.90514432 -0.47700812  0.36562132 -2.12727456 -1.46147465
  0.17281822  0.         -0.59956702]
log likelihood =  -4845.639258718166
Lr derivatives =  [-1.5600630976673884, -84.00560984777204, 2.686359601790855]
other derivatives =  [ 6.94294249 -0.96624535  7.78633239 -1.71112788 -0.30152832  1.16376834]
Current x_clock array =  [-0.64512201 -0.90389779 -0.4826098   0.3508843  -2.14962032 -1.41498187
  0.17254636  0.         -0.60176175]
log likelihood =  -4845.570502823176
Lr derivatives =  [-0.23516152249140632, -84.39414525910898, -0.2786871185208568]
other derivatives =  [ 1.75134755 -0.80728296 -2.36138567 -0.85533338  1.19128624  0.26786134]
Current x_clock array =  [-0.64737475 -0.90351764 -0.48781967  0.35860199 -2.13725172 -1.46354371
  0.17190978  0.         -0.60699824]
log likelihood =  -4845.561548803384
Lr derivatives =  [-0.000414855354996746, -83.97039795793148, 0.018946308054953676]
other derivatives =  [-0.34282311  0.06638038 -0.13821045 -0.84299609  0.90794183  0.13329893]
Current x_clock array =  [-0.64840727 -0.90267737 -0.48638249  0.358787   -2.14098451 -1.47211057
  0.17427113  0.         -0.60663252]
log likelihood =  -4845.556308915595
Lr derivatives =  [0.0337602681838618, -83.64880053905335, 0.11992465750294912]
other derivatives =  [ 0.24070869  0.54810243  0.30681531 -0.4959129   0.22271816 -0.01443899]
Current x_clock array =  [-0.64819567 -0.90252238 -0.48579243  0.36097275 -2.14706962 -1.47985928
  0.17751249  0.         -0.60693099]
log likelihood =  -4845.556565425776
Lr derivatives =  [0.15212016270705675, -83.37561226989544, 0.24105042584421454]
other derivatives =  [-1.18788739 -1.34846869  0.61145511 -0.12570581  0.06166894 -0.04070861]
Current x_clock array =  [-0.64879324 -0.90502174 -0.48532103  0.36437828 -2.14971556 -1.48151481
  0.17977887  0.         -0.60730148]
log likelihood =  -4845.555471450756
Lr derivatives =  [0.08902854513507563, -83.52127485607251, 0.17644804573187045]
other derivatives =  [-0.42627289 -0.33771175  0.44846274 -0.32316711  0.14748029 -0.0266872 ]
Current x_clock array =  [-0.64847445 -0.90368836 -0.48557251  0.36256147 -2.14830398 -1.48063161
  0.17856978  0.         -0.60710383]
log likelihood =  -4845.554882002336
Lr derivatives =  [-0.04067810577551967, -83.62144954295331, -0.01942169153096529]
other derivatives =  [ 0.04580943 -0.07529525  0.11177326 -0.07695598 -0.03229281 -0.02874087]
Current x_clock array =  [-0.64826283 -0.90345951 -0.48567014  0.36436176 -2.14919457 -1.47964019
  0.17903235  0.         -0.60770072]
log likelihood =  -4845.554830018454
Lr derivatives =  [-0.05243644661448954, -83.64524259071602, -0.04238268109415344]
other derivatives =  [ 0.04335561 -0.02200159  0.00768614 -0.01050739 -0.03156139 -0.01371715]
Current x_clock array =  [-0.64826204 -0.90339604 -0.4857155   0.36490592 -2.149062   -1.47856793
  0.17900036  0.         -0.60780054]
log likelihood =  -4845.554824943498
Lr derivatives =  [0.036317960722158205, -83.57746253990643, 0.05765093704234303]
other derivatives =  [-5.01950126e-03  1.39943950e-02 -5.45987859e-02  4.75847628e-03
  7.45721090e-03 -2.46149417e-06]
Current x_clock array =  [-0.64828687 -0.90335594 -0.4857419   0.3650586  -2.14896653 -1.47795548
  0.17904874  0.         -0.60765331]
      fun: 4845.554824943498
 hess_inv: <9x9 LbfgsInvHessProduct with dtype=float64>
      jac: array([-5.01950126e-03,  1.39943950e-02, -5.45987859e-02,  4.75847628e-03,
        7.45721090e-03, -2.46149417e-06,  3.63179607e-02, -8.35774625e+01,
        5.76509370e-02])
  message: 'CONVERGENCE: REL_REDUCTION_OF_F_<=_FACTR*EPSMCH'
     nfev: 25
      nit: 21
     njev: 25
   status: 0
  success: True
        x: array([-0.64828687, -0.90335594, -0.4857419 ,  0.3650586 , -2.14896653,
       -1.47795548,  0.17904874,  0.        , -0.60765331])
