number of sites to be analyzed:  1601
log likelihood =  -19994.078093860015
Lr derivatives =  [-436.28254907659857, -1221.6259155415512, -1355.1339597835542]
other derivatives =  [ 182.96676353 -101.0032538   296.80142325 -299.88380993 1396.82750887
  -73.76025314   -0.        ]
Current x_clock array =  [-0.65407062 -0.74037681 -0.47440222  0.18232156 -0.10536052 -0.10536052
  0.33647224 -0.51082562 -0.51082562 -0.51082562]
log likelihood =  -18959.965942584524
Lr derivatives =  [72.80319185127496, -951.2957313797745, -1142.256086102358]
other derivatives =  [-745.66844705   34.37243868 -953.20813853  -84.36461212  884.79567845
  -72.03216228   -0.        ]
Current x_clock array =  [-0.77321199 -0.73992727 -0.66766863  0.37759511 -1.01492435 -0.05733049
  0.33647224 -0.22673412 -0.51049299 -0.51049299]
log likelihood =  -17886.010350061115
Lr derivatives =  [503.68289353317454, -98.59353347036341, -201.0067520811516]
other derivatives =  [1581.37358449  356.15148226   15.2356879     5.86486567  118.78309483
  -10.99017027   -0.        ]
Current x_clock array =  [-0.53836427 -0.77335147 -0.41259947  0.63421091 -2.45171635  0.03096794
  0.33647224  0.05058559 -0.25046969 -0.17938493]
log likelihood =  -17879.560910131353
Lr derivatives =  [156.93016600014593, -157.77156277583524, 110.33997266160172]
other derivatives =  [-969.36542832 -135.30896831 1654.70600768   83.32090147 -102.53605573
   23.13751611   -0.        ]
Current x_clock array =  [-0.84728234 -0.88090874 -0.28693828  0.67560372 -2.76454186  0.05292812
  0.33647224 -0.05163709 -0.16919112 -0.05073343]
log likelihood =  -17736.479313881577
Lr derivatives =  [173.69351269132753, -245.3945183658083, -178.94876673554737]
other derivatives =  [-611.07885631  -76.23314741 -448.46117089  106.28347081  -27.49649978
   -4.17443516   -0.        ]
Current x_clock array =  [-0.77203209 -0.85216522 -0.45385727  0.63518737 -2.5461794   0.03779315
  0.33647224 -0.07672219 -0.20726156 -0.12316383]
log likelihood =  -17682.530416110243
Lr derivatives =  [278.76574185326416, -172.1395460089692, -106.54034322068634]
other derivatives =  [185.32670947   5.30470061 -37.48871677  61.32984345  68.21971216
  -9.95476148  -0.        ]
Current x_clock array =  [-0.66567414 -0.83359709 -0.41891724  0.59794748 -2.40532868  0.03022368
  0.33647224 -0.11881653 -0.17452719 -0.10084216]
log likelihood =  -17654.789702914313
Lr derivatives =  [215.5607269312062, -163.67618474525295, 9.19463886573135]
other derivatives =  [ 73.03398161 -37.15250932  94.03604781  61.28256427  43.24077342
  -6.71821181  -0.        ]
Current x_clock array =  [-0.67829663 -0.84117872 -0.40657929  0.58331828 -2.41084232  0.03188827
  0.33647224 -0.1825452  -0.12931478 -0.06339183]
log likelihood =  -17616.199163497942
Lr derivatives =  [-22.11588843853152, -181.6624134640523, 366.64823142325343]
other derivatives =  [-76.51151827 -67.39557284 257.09220063  47.39997894   6.87632312
  -8.8177112   -0.        ]
Current x_clock array =  [-0.69271549 -0.83045408 -0.39887253  0.51231365 -2.34854092  0.03273816
  0.33647224 -0.39820579  0.         -0.01312973]
log likelihood =  -17605.902466429077
Lr derivatives =  [-62.412204628904306, -241.4956822619232, -39.790257928371574]
other derivatives =  [-97.51849939 -28.91447366 164.4515869   46.83401858  -0.85301049
 -14.74460441  -0.        ]
Current x_clock array =  [-0.69426561 -0.81645027 -0.40940418  0.49832746 -2.3558971   0.03548606
  0.33647224 -0.40942131  0.         -0.07231654]
log likelihood =  -17602.98531918213
Lr derivatives =  [-18.003546579062522, -215.27924251091565, -20.532658169586114]
other derivatives =  [ -5.49541437  -5.93038931  54.74015052  46.30257172  -3.21378337
 -13.5109367   -0.        ]
Current x_clock array =  [-0.68272343 -0.81284437 -0.42154459  0.49487278 -2.3681782   0.0384524
  0.33647224 -0.39220176  0.         -0.07038148]
log likelihood =  -17602.161189015995
Lr derivatives =  [-1.348790953606759, -206.06271822068334, -10.23127348980394]
other derivatives =  [ 13.89945101   1.98310227  -7.41793338  40.90859875   3.99593148
 -13.84391362  -0.        ]
Current x_clock array =  [-0.68018404 -0.81043984 -0.42959996  0.48191838 -2.35710109  0.04098101
  0.33647224 -0.39077822  0.         -0.0683091 ]
log likelihood =  -17601.5876344115
Lr derivatives =  [3.492890959690392, -203.55435974431205, -2.6945100065300664]
other derivatives =  [ 14.14856524   5.83645669 -38.61953519  33.02909317   8.5542908
 -14.05214425  -0.        ]
Current x_clock array =  [-0.68012035 -0.80854772 -0.43431701  0.46389046 -2.34876794  0.04540394
  0.33647224 -0.3932233   0.         -0.06642051]
log likelihood =  -17600.684063834713
Lr derivatives =  [3.2214132005985867, -203.9686159592363, 6.1680185673632195]
other derivatives =  [  9.04284389   6.36355981 -53.34967864  16.26341327  10.04368177
 -13.70083555  -0.        ]
Current x_clock array =  [-0.68100176 -0.80711103 -0.43768754  0.4271723  -2.3460998   0.05744914
  0.33647224 -0.39730327  0.         -0.06428114]
log likelihood =  -17599.870222511283
Lr derivatives =  [2.6344404618015353, -204.60411202644286, 6.223777998467327]
other derivatives =  [ -1.78882692  -0.85493957 -20.80678678  -1.44039586   4.22126276
 -11.92423952  -0.        ]
Current x_clock array =  [-0.68315417 -0.80883658 -0.43443602  0.39057432 -2.36022389  0.08170072
  0.33647224 -0.39489043  0.         -0.06521207]
log likelihood =  -17599.670162945902
Lr derivatives =  [-0.24440652893837367, -206.7062571629869, 2.7554136418792012]
other derivatives =  [ -0.47784124   1.73823355   2.46097989  -6.11117866  -1.95575214
 -10.48776176  -0.        ]
Current x_clock array =  [-0.68338498 -0.80824878 -0.43169169  0.38055752 -2.37099418  0.09917557
  0.33647224 -0.39366196  0.         -0.06667942]
log likelihood =  -17599.5593060094
Lr derivatives =  [-1.7420016774494087, -207.98972232467986, -0.5703361863898095]
other derivatives =  [-1.09253597 -0.62762047 13.20603405 -6.84343831 -5.60538325 -9.32709736
 -0.        ]
Current x_clock array =  [-0.68358195 -0.80908997 -0.43027789  0.37884467 -2.37675848  0.11450595
  0.33647224 -0.39253017  0.         -0.06801281]
log likelihood =  -17599.342224372733
Lr derivatives =  [-1.6239609001396111, -208.87099195420856, -4.940249539128061]
other derivatives =  [ 0.64914639 -0.78748781 24.13000766 -6.24371387 -9.9579445  -6.90771049
 -0.        ]
Current x_clock array =  [-0.68351472 -0.8094201  -0.42878165  0.37964154 -2.38200675  0.14945387
  0.33647224 -0.39078832  0.         -0.070241  ]
log likelihood =  -17599.02762464001
Lr derivatives =  [-10.365378587999441, -215.60989680548866, -8.816635006190111]
other derivatives =  [-11.96529047  -9.0916983   17.43108078  -3.75895615 -14.76699999
  -2.70152668  -0.        ]
Current x_clock array =  [-0.68469183 -0.81109008 -0.42971213  0.38203086 -2.38033     0.21495687
  0.33647224 -0.39482172  0.         -0.07238031]
log likelihood =  -17599.38684423
Lr derivatives =  [7.475827451843752, -208.57767092471047, -11.532571935501153]
other derivatives =  [88.43997784 13.64876152 53.45086538 -2.78182415 -4.03305694  3.55074371
 -0.        ]
Current x_clock array =  [-0.67311157 -0.805338   -0.42676354  0.39009701 -2.35379588  0.32044163
  0.33647224 -0.3947915   0.         -0.07617702]
log likelihood =  -17598.885200091892
Lr derivatives =  [-4.183346373442781, -213.18702327330993, -9.80143685765158]
other derivatives =  [ 22.59721441  -1.21965058  29.89038694  -3.41617488 -10.9556259
  -0.61148239  -0.        ]
Current x_clock array =  [-0.68066103 -0.80908792 -0.4286858   0.38483849 -2.37109414  0.25167349
  0.33647224 -0.3948112   0.         -0.07370185]
log likelihood =  -17598.700185034802
Lr derivatives =  [-3.7688479770665637, -213.40143003400055, -6.413732242343201]
other derivatives =  [ 6.35449396 -0.51644383 12.61834404 -0.51213283 -6.63856858  0.47503636
 -0.        ]
Current x_clock array =  [-0.68235218 -0.80823633 -0.43087987  0.38982805 -2.35889293  0.27545087
  0.33647224 -0.39758761  0.         -0.07302728]
log likelihood =  -17598.6442539807
Lr derivatives =  [-0.5350012579338639, -211.24706484664367, -0.3116030644798542]
other derivatives =  [-0.04007961  0.0526743  -0.54226621  0.53818439 -0.66721895  0.10777876
 -0.        ]
Current x_clock array =  [-0.6829752  -0.80768324 -0.43265562  0.39224831 -2.34760741  0.27802261
  0.33647224 -0.3990665   0.         -0.07129044]
log likelihood =  -17598.643708718864
Lr derivatives =  [0.025453916759357043, -210.89683215458612, 0.040578705977182494]
other derivatives =  [-0.06036134  0.11989323 -0.17734783  0.18378341 -0.08040136  0.01078297
 -0.        ]
Current x_clock array =  [-0.68299695 -0.80765002 -0.43264138  0.39167897 -2.3469092   0.27727075
  0.33647224 -0.39899118  0.         -0.07118859]
log likelihood =  -17598.643689613837
Lr derivatives =  [0.031047079386919307, -210.92498978802567, -0.07793862211205749]
other derivatives =  [ 0.24906331 -0.12205783 -0.42592728 -0.02323941  0.00243068 -0.00824002
 -0.        ]
Current x_clock array =  [-0.68295846 -0.80770581 -0.43269326  0.39125406 -2.34681379  0.2772165
  0.33647224 -0.39902661  0.         -0.07121261]
      fun: 17598.643689613837
 hess_inv: <10x10 LbfgsInvHessProduct with dtype=float64>
      jac: array([ 2.49063305e-01, -1.22057827e-01, -4.25927283e-01, -2.32394086e-02,
        2.43067891e-03, -8.24002200e-03, -0.00000000e+00,  3.10470794e-02,
       -2.10924990e+02, -7.79386221e-02])
  message: 'CONVERGENCE: REL_REDUCTION_OF_F_<=_FACTR*EPSMCH'
     nfev: 24
      nit: 22
     njev: 24
   status: 0
  success: True
        x: array([-0.68295846, -0.80770581, -0.43269326,  0.39125406, -2.34681379,
        0.2772165 ,  0.33647224, -0.39902661,  0.        , -0.07121261])
