number of sites to be analyzed:  197
log likelihood =  -2207.5734524460836
Lr derivatives =  [26.37356737590766, -102.94748961931946, -125.79729818119765]
other derivatives =  [ 26.04984229 -12.06984462   8.45477143 -30.93806481 199.19674924
  -4.39912446  -0.        ]
Current x_clock array =  [-0.64202311 -0.96235151 -0.54472718  0.18232156 -0.10536052 -0.10536052
  0.33647224 -0.51082562 -0.51082562 -0.51082562]
log likelihood =  -2046.2640570501217
Lr derivatives =  [-46.42154255371349, -133.6471138684952, -139.55001083266973]
other derivatives =  [-92.45972842   1.41677424 -44.19578204 -13.17764054 133.12098216
  -1.96165729  -0.        ]
Current x_clock array =  [-0.76897796 -0.95790513 -0.58593181  0.33309934 -1.07615312 -0.08392122
  0.33647224 -0.63935816 -0.5083361  -0.5083361 ]
log likelihood =  -1889.7748630186336
Lr derivatives =  [-47.76427460948622, -44.91800897250296, 46.34096057998249]
other derivatives =  [581.52737847  65.00384601 123.64762028  12.28065003 -17.78758721
   2.86255613  -0.        ]
Current x_clock array =  [-0.35241132 -1.00374884 -0.34691697  0.73832912 -4.03851221 -0.02565777
  0.33647224 -0.56290897  0.          0.        ]
log likelihood =  -1826.1795348181745
Lr derivatives =  [-32.47820352733284, -41.6835002459072, 40.028839730621826]
other derivatives =  [-145.56572114    9.94216654  -52.8440105    17.27097401  -17.84804502
    1.7402715    -0.        ]
Current x_clock array =  [-0.85483608 -1.07964992 -0.4312498   0.72931932 -4.08554283 -0.02799594
  0.33647224 -0.46626877  0.         -0.0145338 ]
log likelihood =  -1808.4360384029042
Lr derivatives =  [-22.612562998910867, -36.68815261275393, -18.9472212103755]
other derivatives =  [-82.62707433  15.55521587 -17.8371447   12.39166295  -7.42039427
   1.07614142  -0.        ]
Current x_clock array =  [-0.75837792 -1.07581188 -0.40996496  0.67217926 -3.7354594  -0.03570366
  0.33647224 -0.44582252  0.         -0.06050342]
log likelihood =  -1804.8968872787596
Lr derivatives =  [2.9472540073840188, -16.953925606181024, 129.40752090663466]
other derivatives =  [55.92136404 15.18563627 11.86057921  5.00742453  9.40535907  0.94450365
 -0.        ]
Current x_clock array =  [-6.07263996e-01 -1.10576172e+00 -3.99805704e-01  5.94096455e-01
 -3.34977964e+00 -4.53206812e-02  3.36472237e-01 -3.91477591e-01
  0.00000000e+00 -2.03519378e-03]
log likelihood =  -1802.264282357638
Lr derivatives =  [-10.134669162675575, -26.745939485051863, 2.6954991445481937]
other derivatives =  [-21.01411314  15.86683616  -2.9650605    8.83901293   0.4550947
   1.12659791  -0.        ]
Current x_clock array =  [-0.68234899 -1.09088034 -0.4048536   0.63289399 -3.54141495 -0.04054221
  0.33647224 -0.41848032  0.         -0.0310867 ]
log likelihood =  -1801.3619722138278
Lr derivatives =  [-6.025360238940577, -23.483594039291212, 3.386591052380817]
other derivatives =  [ 4.07618222  8.99561313 -1.63443838  6.78273364  2.80078926  1.12609814
 -0.        ]
Current x_clock array =  [-0.65434607 -1.12211773 -0.40571962  0.6106073  -3.50411049 -0.04349572
  0.33647224 -0.39921065  0.         -0.03117315]
log likelihood =  -1800.9265235182759
Lr derivatives =  [-5.080790067108863, -22.241451601679472, 1.4683358820523758]
other derivatives =  [ 7.07404638  2.22783648  3.39381177  5.21246579  2.38550246  1.23746395
 -0.        ]
Current x_clock array =  [-0.6507147  -1.15126568 -0.39991369  0.59492232 -3.53724438 -0.04594488
  0.33647224 -0.37970731  0.         -0.03399423]
log likelihood =  -1800.623824456303
Lr derivatives =  [0.07944620271836023, -18.430407314952788, -1.1412397487529118]
other derivatives =  [  4.54240603  -4.29103106 -13.62931948   3.64472999   0.74261361
   1.44174419  -0.        ]
Current x_clock array =  [-0.65153678 -1.1825428  -0.412164    0.56162648 -3.61747339 -0.05354014
  0.33647224 -0.33455807  0.         -0.04003689]
log likelihood =  -1800.4732858484685
Lr derivatives =  [0.11184378667387662, -17.710381190776985, 1.4173868280507556]
other derivatives =  [-1.01566457 -4.39105184  5.48132721  2.12440318 -0.00821798  1.56393571
 -0.        ]
Current x_clock array =  [-0.65912114 -1.18516003 -0.39343492  0.54484731 -3.65732614 -0.05871865
  0.33647224 -0.31856066  0.         -0.03745196]
log likelihood =  -1800.4243263524213
Lr derivatives =  [0.5358748512392406, -17.729026810932112, 0.2765024790761057]
other derivatives =  [-1.01950195 -2.56788606  1.40848124  2.34737695  0.15891411  1.5087262
 -0.        ]
Current x_clock array =  [-0.6591798  -1.17704329 -0.39738411  0.54326954 -3.64872728 -0.06024027
  0.33647224 -0.32097576  0.         -0.03886394]
log likelihood =  -1800.3736268677567
Lr derivatives =  [1.6150908733726785, -17.304784193954582, -0.65381215565374]
other derivatives =  [-0.63101925  0.23099693 -1.15997705  2.0931634   0.2419386   1.4469781
 -0.        ]
Current x_clock array =  [-0.65928755 -1.16553297 -0.40022945  0.529982   -3.64678136 -0.06690376
  0.33647224 -0.31935973  0.         -0.04033038]
log likelihood =  -1800.3277363026248
Lr derivatives =  [1.982888398043663, -17.215191073019625, -1.0107819927567432]
other derivatives =  [ 0.13763861  1.65564261 -1.7411362   1.47377523  0.12860396  1.38345604
 -0.        ]
Current x_clock array =  [-0.65885338 -1.15904305 -0.4016874   0.50930407 -3.65047991 -0.07795484
  0.33647224 -0.31999817  0.         -0.04072503]
log likelihood =  -1800.2516528707574
Lr derivatives =  [0.6202542884965228, -18.34054959278748, -0.8689594525623425]
other derivatives =  [ 0.52822224  1.95936586 -2.24188602  0.18169953 -0.28757323  1.21518406
 -0.        ]
Current x_clock array =  [-0.65846347 -1.15363713 -0.40484244  0.46615164 -3.65561881 -0.10769813
  0.33647224 -0.33284956  0.         -0.0391977 ]
log likelihood =  -1800.2537132450489
Lr derivatives =  [1.7173957958513641, -17.8669334753228, -0.5933626328946859]
other derivatives =  [-3.82183816  0.22144558 -0.30800106 -1.33157187  1.37892739  0.93388826
 -0.        ]
Current x_clock array =  [-0.66319907 -1.15692952 -0.40451878  0.4302253  -3.6170794  -0.14767409
  0.33647224 -0.33264847  0.         -0.03840808]
log likelihood =  -1800.2330177686065
Lr derivatives =  [1.1557686242899718, -18.10937465795145, -0.73653301877565]
other derivatives =  [-1.59426145  1.1120666  -1.30375656 -0.5555944   0.51701047  1.07652932
 -0.        ]
Current x_clock array =  [-0.66077009 -1.15524078 -0.40468479  0.44865263 -3.63684703 -0.12716963
  0.33647224 -0.33275161  0.         -0.03881309]
log likelihood =  -1800.2102529310423
Lr derivatives =  [-0.21214515723995842, -18.9437440787474, -1.1380313765396721]
other derivatives =  [ 0.25424765 -0.04145627  0.67889619 -0.98152486  0.17567555  1.00836951
 -0.        ]
Current x_clock array =  [-0.65863617 -1.15876662 -0.40376063  0.43896016 -3.64441937 -0.14731029
  0.33647224 -0.33869183  0.         -0.03862157]
log likelihood =  -1800.19557414488
Lr derivatives =  [-0.7755556602051081, -19.15062601399503, 0.9107318946826517]
other derivatives =  [ 0.56763929 -0.92449731  1.10807014 -0.99869408  0.04527848  0.97415295
 -0.        ]
Current x_clock array =  [-0.65804587 -1.16203781 -0.40348244  0.43967786 -3.64750689 -0.16407022
  0.33647224 -0.34136181  0.         -0.03565462]
log likelihood =  -1800.1719624758514
Lr derivatives =  [-1.6187540734718766, -19.585609645594655, 1.131728332957337]
other derivatives =  [ 0.14620832 -2.06835763  2.05962579 -0.87904664 -0.10811465  0.88020511
 -0.        ]
Current x_clock array =  [-0.65811288 -1.16664949 -0.40237943  0.44578026 -3.65240711 -0.19623212
  0.33647224 -0.34339246  0.         -0.03495201]
log likelihood =  -1800.119362092467
Lr derivatives =  [-1.7490079587508527, -19.353305911195122, 3.5151529106975676]
other derivatives =  [ 1.87245359 -3.14362725  3.04350397 -0.57499255 -0.04097021  0.64641381
 -0.        ]
Current x_clock array =  [-0.65589091 -1.17301117 -0.40061066  0.46059942 -3.65862693 -0.28512847
  0.33647224 -0.34039446  0.         -0.03184657]
log likelihood =  -1800.0626910757378
Lr derivatives =  [-2.4202714766198, -19.68072330817784, 1.0255438299590214]
other derivatives =  [-3.69514828 -3.95010633  1.20861591 -0.04377353 -0.72601439  0.26024418
 -0.        ]
Current x_clock array =  [-0.66081905 -1.17778581 -0.40026916  0.47745016 -3.68832407 -0.43696962
  0.33647224 -0.33423379  0.         -0.03363991]
log likelihood =  -1800.015748936337
Lr derivatives =  [-0.9896870746253796, -18.699962820277438, 0.7514505998189094]
other derivatives =  [ 0.16812623 -2.03109151  2.64338541 -0.01523972 -0.2081132   0.07817607
 -0.        ]
Current x_clock array =  [-0.6573121  -1.17263479 -0.39856285  0.48286955 -3.68415069 -0.51298119
  0.33647224 -0.3263203   0.         -0.03392442]
log likelihood =  -1800.003067931598
Lr derivatives =  [0.2164060758239117, -18.05641042522082, 0.6382942650700354]
other derivatives =  [ 0.66638222 -0.45296162 -1.09826169 -0.03598598  0.01857083 -0.00359341
 -0.        ]
Current x_clock array =  [-0.65691371 -1.1666563  -0.40197212  0.47774049 -3.68086488 -0.54415171
  0.33647224 -0.32289614  0.         -0.03411326]
log likelihood =  -1800.0016317229974
Lr derivatives =  [0.17741917910955873, -18.102834892594988, 0.06544092627075315]
other derivatives =  [ 3.63463641e-02  2.60670681e-02  2.58229647e-01 -3.26024292e-02
 -4.87248727e-03 -2.29647412e-04 -0.00000000e+00]
Current x_clock array =  [-0.65776627 -1.16483892 -0.40064847  0.47859014 -3.68171323 -0.54128505
  0.33647224 -0.32240381  0.         -0.03482138]
log likelihood =  -1800.0015334620311
Lr derivatives =  [0.10268534900267934, -18.162347384769916, 0.014639785977994535]
other derivatives =  [ 0.03645846 -0.03945733  0.04094318 -0.03571517 -0.02768457  0.00471732
 -0.        ]
Current x_clock array =  [-0.65773316 -1.16495122 -0.40090934  0.47805381 -3.68169584 -0.53857591
  0.33647224 -0.32300133  0.         -0.03486218]
log likelihood =  -1800.001492527672
Lr derivatives =  [0.06630067798304484, -18.193168244708414, 0.011986727882657533]
other derivatives =  [ 0.02049774 -0.0349034  -0.01973604 -0.02967295 -0.02733022  0.00550517
 -0.        ]
Current x_clock array =  [-0.65774162 -1.16485406 -0.40099772  0.47800039 -3.68131113 -0.537767
  0.33647224 -0.32337547  0.         -0.03484947]
log likelihood =  -1800.0014413409385
Lr derivatives =  [0.0006050151328924613, -18.247610408912735, -0.00720464737002402]
other derivatives =  [ 0.01559965 -0.00220029 -0.04128287 -0.00676437 -0.01518919  0.00311729
 -0.        ]
Current x_clock array =  [-0.65773796 -1.16461958 -0.40106193  0.47838032 -3.68038678 -0.53791564
  0.33647224 -0.32402344  0.         -0.0348346 ]
log likelihood =  -1800.0014364598692
Lr derivatives =  [0.004034194222183984, -18.245655447344205, 0.03699364945072148]
other derivatives =  [-0.03229889 -0.00111129 -0.02433489 -0.00023374  0.00126492  0.00128352
 -0.        ]
Current x_clock array =  [-0.65778711 -1.1646005  -0.40104365  0.47858994 -3.67990748 -0.53851185
  0.33647224 -0.32408399  0.         -0.03477663]
log likelihood =  -1800.001435387206
Lr derivatives =  [-0.001918914120409454, -18.25107165609713, -0.03065721132606214]
other derivatives =  [ 0.0118589   0.00102538  0.0043467   0.00184718  0.00303917 -0.00050568
 -0.        ]
Current x_clock array =  [-0.6577418  -1.16460863 -0.40101656  0.47871217 -3.67989223 -0.5391347
  0.33647224 -0.32407685  0.         -0.0348515 ]
      fun: 1800.001435387206
 hess_inv: <10x10 LbfgsInvHessProduct with dtype=float64>
      jac: array([ 1.18589014e-02,  1.02538012e-03,  4.34670255e-03,  1.84718374e-03,
        3.03917296e-03, -5.05679054e-04, -0.00000000e+00, -1.91891412e-03,
       -1.82510717e+01, -3.06572113e-02])
  message: 'CONVERGENCE: REL_REDUCTION_OF_F_<=_FACTR*EPSMCH'
     nfev: 30
      nit: 27
     njev: 30
   status: 0
  success: True
        x: array([-0.6577418 , -1.16460863, -0.40101656,  0.47871217, -3.67989223,
       -0.5391347 ,  0.33647224, -0.32407685,  0.        , -0.0348515 ])
