number of sites to be analyzed:  312
log likelihood =  -4420.181718615988
Lr derivatives =  [-253.3259099426512, -394.61736628445567, -316.8571812222546]
other derivatives =  [-28.75809332  -3.79766061  55.14208624 -51.59185275 260.41595629
 -17.58439157  -0.        ]
Current x_clock array =  [-0.68633284 -0.73209628 -0.45802744  0.18232156 -0.10536052 -0.10536052
  0.33647224 -0.51082562 -0.51082562 -0.51082562]
log likelihood =  -4201.508199255022
Lr derivatives =  [105.55101215883474, -203.26291965683907, -196.61485748504256]
other derivatives =  [ -28.23672276   26.00434891 -168.14105857  -19.84512073  214.43877722
  -19.39074991   -0.        ]
Current x_clock array =  [-0.68461992 -0.73026017 -0.60646308  0.32120042 -0.80636792 -0.05802552
  0.33647224  0.17109626 -0.50945054 -0.50945054]
log likelihood =  -4030.728351042969
Lr derivatives =  [171.4100447643092, -80.95986193556948, -32.86981327739994]
other derivatives =  [ 62.55073822  21.22639626 145.38826736  -9.74070099 165.23333515
 -15.11618575  -0.        ]
Current x_clock array =  [-0.64605563 -0.77194396 -0.38123482  0.39282441 -1.35001436 -0.01348936
  0.33647224  0.19925991 -0.282243   -0.27367187]
log likelihood =  -3933.6250133412345
Lr derivatives =  [36.92173548302261, -72.83301600078951, 206.89317395843804]
other derivatives =  [-78.09013005 -18.58200039 -25.73241773  26.43674634  -0.94396453
   2.07975336  -0.        ]
Current x_clock array =  [-0.71560745 -0.84178041 -0.43892673  0.48699719 -2.16748729  0.05476577
  0.33647224  0.03299892  0.         -0.04922413]
log likelihood =  -3918.9619057125765
Lr derivatives =  [9.607853829286826, -107.13259908117382, -19.135309635184036]
other derivatives =  [ 80.90842675   1.65481015 -23.62176338  22.63712804 -10.52562753
   1.13332862  -0.        ]
Current x_clock array =  [-0.62599641 -0.82015313 -0.44067871  0.46714343 -2.23308603  0.05698685
  0.33647224  0.03285093  0.         -0.26675732]
log likelihood =  -3915.7136491247165
Lr derivatives =  [4.682511136584758, -110.84323227181338, -17.142235007037048]
other derivatives =  [-21.37384263  -2.23835332  11.62254057  19.4120139    0.03749876
  -0.83441364  -0.        ]
Current x_clock array =  [-0.68054979 -0.81811579 -0.42260819  0.43984044 -2.1431438   0.04999725
  0.33647224 -0.00418299  0.         -0.25172505]
log likelihood =  -3914.9841633644255
Lr derivatives =  [4.298645046798946, -110.3416300458108, -9.702999591981843]
other derivatives =  [-9.72752878 -2.51983693  7.96243694 17.98102403  2.18701037 -1.11020108
 -0.        ]
Current x_clock array =  [-0.67353416 -0.81692349 -0.42625144  0.42394694 -2.11904482  0.04880651
  0.33647224 -0.02218494  0.         -0.23456002]
log likelihood =  -3913.9525507433355
Lr derivatives =  [-1.9334187595199541, -112.3567519787307, 6.302158931517255]
other derivatives =  [ 5.56245504  0.23485791 -0.27492524 12.87818213  3.34796706 -1.31044681
 -0.        ]
Current x_clock array =  [-0.66407185 -0.80925161 -0.43504808  0.3632117  -2.08497274  0.04949365
  0.33647224 -0.06519233  0.         -0.19971212]
log likelihood =  -3913.403778133069
Lr derivatives =  [-3.978463738584228, -113.5428746033767, 5.746028952825981]
other derivatives =  [ 6.47788556 -0.19294339 -2.89862646  8.42578538  1.84631958 -0.89663126
 -0.        ]
Current x_clock array =  [-0.66356226 -0.80899058 -0.43797458  0.31280625 -2.0964702   0.05399623
  0.33647224 -0.06887807  0.         -0.19903627]
log likelihood =  -3912.9137533744574
Lr derivatives =  [-0.72199692631564, -112.04361320391172, -0.31883738665354144]
other derivatives =  [ 1.16810543  7.4816885   2.9201251   0.38413782 -0.18379178  0.22814947
 -0.        ]
Current x_clock array =  [-0.66779647 -0.80004345 -0.43573874  0.22197769 -2.13475574  0.06443051
  0.33647224 -0.04952479  0.         -0.21094745]
log likelihood =  -3913.032474844336
Lr derivatives =  [-0.7472598070573344, -112.07769328542807, -1.571757538051088]
other derivatives =  [ -0.74732452 -14.85919347  -1.56365422  -1.59424371   0.63481355
   0.3396126   -0.        ]
Current x_clock array =  [-0.66840415 -0.8291197  -0.43834847  0.20230037 -2.1393035   0.06528127
  0.33647224 -0.04372538  0.         -0.21340776]
log likelihood =  -3912.8751661275637
Lr derivatives =  [-0.7550419036306764, -112.06968651424606, -0.7387264971977743]
other derivatives =  [ 0.52055611 -0.04955791  1.4410225  -0.27398073  0.0847253   0.26413591
 -0.        ]
Current x_clock array =  [-0.66799617 -0.80959892 -0.43659639  0.21551104 -2.13625029  0.0647101
  0.33647224 -0.0476189   0.         -0.211756  ]
log likelihood =  -3912.873345912735
Lr derivatives =  [-0.10273654576663738, -111.60078310668926, -0.22666654717433943]
other derivatives =  [-0.07728477  0.03056402 -0.49790287  0.02414072  0.03103678  0.29429384
 -0.        ]
Current x_clock array =  [-0.66831728 -0.80967635 -0.43750493  0.2179688  -2.13740255  0.06431656
  0.33647224 -0.04607559  0.         -0.21138994]
log likelihood =  -3912.87315820052
Lr derivatives =  [-0.03153512790587598, -111.52478481119772, -0.054179004595241054]
other derivatives =  [-0.00899217 -0.01187482 -0.13200452  0.03912692  0.02970401  0.2974507
 -0.        ]
Current x_clock array =  [-0.66829668 -0.80976289 -0.43727921  0.21820205 -2.13763628  0.06407545
  0.33647224 -0.04587651  0.         -0.21117281]
log likelihood =  -3912.8730005629786
Lr derivatives =  [0.05683318124451198, -111.43792008971958, 0.11098866841270905]
other derivatives =  [ 0.00726504 -0.02698289  0.14117404  0.03249261  0.023322    0.29781086
 -0.        ]
Current x_clock array =  [-0.66830613 -0.80981689 -0.43710778  0.21812278 -2.13802581  0.06355285
  0.33647224 -0.04559614  0.         -0.21097271]
log likelihood =  -3912.8727525833447
Lr derivatives =  [0.12298890977188037, -111.36234863998519, 0.2591131701270726]
other derivatives =  [ 0.00856971 -0.03698597  0.37345626  0.02273055  0.00233222  0.28612203
 -0.        ]
Current x_clock array =  [-0.66832186 -0.80986542 -0.43695911  0.21793663 -2.1385903   0.06239662
  0.33647224 -0.04529506  0.         -0.21078234]
log likelihood =  -3912.872124965207
Lr derivatives =  [0.1885954111307182, -111.26424295952715, 0.4439035239779656]
other derivatives =  [ 0.00077944 -0.05138963  0.67754308  0.00880209 -0.04014721  0.22971926
 -0.        ]
Current x_clock array =  [-0.66834899 -0.80994339 -0.4367574   0.21753261 -2.13977155  0.05879527
  0.33647224 -0.04476565  0.         -0.2105165 ]
log likelihood =  -3912.871324922202
Lr derivatives =  [0.1993406857634934, -111.2292625926292, 0.4006821394390201]
other derivatives =  [ 0.22830818 -0.04830781  0.70830902  0.00245018 -0.06295315  0.11862176
 -0.        ]
Current x_clock array =  [-0.66823771 -0.8099965  -0.43671849  0.21710243 -2.1410342   0.0530646
  0.33647224 -0.04423317  0.         -0.21054133]
log likelihood =  -3912.879312272663
Lr derivatives =  [-0.757886556866735, -111.75439225907378, 0.4470603403433202]
other derivatives =  [-5.09465963 -0.10270833  0.77828872 -0.07212429 -0.01213151 -0.15518208
 -0.        ]
Current x_clock array =  [-0.67105099 -0.80968783 -0.43669641  0.21561811 -2.14004502  0.04261009
  0.33647224 -0.04617342  0.         -0.20962963]
log likelihood =  -3912.871227831437
Lr derivatives =  [0.10477983218398634, -111.28120123545116, 0.4050513621409735]
other derivatives =  [-0.2988636  -0.05368156  0.71525119 -0.00477121 -0.05785467  0.09142786
 -0.        ]
Current x_clock array =  [-0.66851518 -0.80996605 -0.43671631  0.21695603 -2.14093664  0.05203346
  0.33647224 -0.04442454  0.         -0.21045141]
log likelihood =  -3912.8708493102704
Lr derivatives =  [0.04967586395871493, -111.33760055495604, 0.1870334434496499]
other derivatives =  [-0.03646346 -0.02257502  0.30664023 -0.00321643 -0.04392303  0.0133814
 -0.        ]
Current x_clock array =  [-0.66836014 -0.80992825 -0.43695603  0.21673639 -2.1412443   0.04869738
  0.33647224 -0.04436078  0.         -0.21070581]
log likelihood =  -3912.8707834476154
Lr derivatives =  [0.003292321740536508, -111.39603843264574, 0.028985983325405584]
other derivatives =  [ 0.01336412 -0.00373529  0.04503954  0.00014688 -0.01619724 -0.00326054
 -0.        ]
Current x_clock array =  [-0.66832039 -0.80988145 -0.43711764  0.21676678 -2.14093395  0.04843498
  0.33647224 -0.04451912  0.         -0.21090467]
log likelihood =  -3912.8707800053567
Lr derivatives =  [-0.005046007835023403, -111.40938220940704, -0.0017552568539329627]
other derivatives =  [ 0.00211958  0.00030195 -0.00374712  0.00012369 -0.00636923 -0.0004402
 -0.        ]
Current x_clock array =  [-0.66832357 -0.80986781 -0.43714949  0.21679191 -2.14078225  0.04871899
  0.33647224 -0.04458177  0.         -0.21094564]
      fun: 3912.8707800053567
 hess_inv: <10x10 LbfgsInvHessProduct with dtype=float64>
      jac: array([ 2.11957740e-03,  3.01952241e-04, -3.74711817e-03,  1.23691279e-04,
       -6.36923470e-03, -4.40195436e-04, -0.00000000e+00, -5.04600784e-03,
       -1.11409382e+02, -1.75525685e-03])
  message: 'CONVERGENCE: REL_REDUCTION_OF_F_<=_FACTR*EPSMCH'
     nfev: 23
      nit: 20
     njev: 23
   status: 0
  success: True
        x: array([-0.66832357, -0.80986781, -0.43714949,  0.21679191, -2.14078225,
        0.04871899,  0.33647224, -0.04458177,  0.        , -0.21094564])
