number of sites to be analyzed:  394
log likelihood =  -4531.647479255074
Lr derivatives =  [96.65510691127696, -137.44352377800416, -24.366136909708494]
other derivatives =  [ 15.08978767 -27.91598217  44.55224189 -78.30716731 342.8592654
  86.33955531]
Current x_clock array =  [-0.63083194 -0.63959888 -0.59635856  0.18232156 -0.10536052  0.33647224
 -0.51082562 -0.51082562 -0.51082562]
log likelihood =  -4252.892014804926
Lr derivatives =  [-113.61618686552, -238.29249190472666, -127.06446625335285]
other derivatives =  [-84.53295959 -24.58413746 -71.05906479 -32.17339054 220.55947168
  33.12833996]
Current x_clock array =  [-0.67077849 -0.63803806 -0.71429979  0.38962075 -1.01299708  0.10790925
 -0.76669653 -0.50947334 -0.50947334]
log likelihood =  -4017.028506976479
Lr derivatives =  [-99.27868494532028, -99.53632168688831, 36.881939303279495]
other derivatives =  [592.85132284  83.27545947 -61.31607915  71.62706788 -38.89252552
  30.692373  ]
Current x_clock array =  [-0.43673045 -0.59370962 -0.64725506  0.82077571 -3.17930241 -0.35927443
 -0.76295803  0.         -0.10168476]
log likelihood =  -4053.425036970045
Lr derivatives =  [-103.70775020068729, -102.16129157208007, 126.27702870852792]
other derivatives =  [-460.84557243   -0.61980518  -19.84691835   66.12338984  -57.50117883
   32.27420848]
Current x_clock array =  [-0.97973782 -0.66508667 -0.53458345  0.80022802 -3.44474083 -0.44803208
 -0.58960461  0.         -0.03274785]
log likelihood =  -3962.6104218604924
Lr derivatives =  [-95.52185105524717, -97.76762761774943, 46.3442642304246]
other derivatives =  [-43.07219933  49.84053703 -53.00449448  70.14494804 -46.53007351
  30.61482812]
Current x_clock array =  [-0.64337076 -0.62087201 -0.60437812  0.81295633 -3.28031444 -0.39305097
 -0.69698875  0.         -0.07545096]
log likelihood =  -3940.5199313765925
Lr derivatives =  [-44.396840726049106, -71.44081079157189, 27.90617320123131]
other derivatives =  [-20.94504407  34.79589122  -7.92280889  49.84299176 -10.15841113
  36.88874222]
Current x_clock array =  [-0.64036326 -0.63860437 -0.56450822  0.72305771 -2.9601036  -0.33052056
 -0.61004655  0.         -0.11000154]
log likelihood =  -3928.9625866533784
Lr derivatives =  [-6.363184914619691, -54.756868315107724, 9.763121419286783]
other derivatives =  [ -9.54550342 -44.40090652 -25.60925759  29.83265949   5.23216815
  34.68493742]
Current x_clock array =  [-0.63654356 -0.72136901 -0.57870329  0.58635691 -2.89326936 -0.4208582
 -0.51345095  0.         -0.16312034]
log likelihood =  -3920.327793632693
Lr derivatives =  [19.525204216114915, -43.65881141986499, -3.31862616626731]
other derivatives =  [  0.6951268  -11.11232996  24.98483173  11.67722348   9.25065361
  27.59266317]
Current x_clock array =  [-0.63700384 -0.69386932 -0.5382139   0.43500977 -2.92328368 -0.57766165
 -0.43446159  0.         -0.21691772]
log likelihood =  -3915.0618153276428
Lr derivatives =  [22.95285492635137, -43.17335997798077, -14.915135276521774]
other derivatives =  [ 5.90863965  1.43938814 -9.54211328  1.21878429 -1.19683714 18.46168334]
Current x_clock array =  [-0.63509623 -0.68601241 -0.56355545  0.29546174 -3.04741753 -0.78715971
 -0.39733958  0.         -0.25242823]
log likelihood =  -3913.5298648869675
Lr derivatives =  [-6.2476172918327055, -57.680077581778406, -21.235637333763904]
other derivatives =  [ 10.20836226 -34.29140907  60.09737172 -10.26923292 -13.0496026
  12.02116321]
Current x_clock array =  [-0.63241398 -0.71911689 -0.51666302  0.17037101 -3.15249172 -1.03791044
 -0.43565203  0.         -0.22650645]
log likelihood =  -3910.600937861823
Lr derivatives =  [2.5315575124104805, -50.22155432718264, -12.515416302879498]
other derivatives =  [  8.93112519  -6.52604012  11.53609583 -10.91236618  -8.72655933
  10.85528226]
Current x_clock array =  [-0.63368661 -0.69178364 -0.55115083  0.15212863 -3.11534289 -1.08377355
 -0.44115209  0.         -0.20238653]
log likelihood =  -3909.3210253916695
Lr derivatives =  [1.1106472214357908, -47.39209027551861, 1.3010566530617886]
other derivatives =  [  3.65545839   6.98177519  -6.74876901 -11.74121735  -5.32354383
   9.67067715]
Current x_clock array =  [-0.6363223  -0.67778791 -0.56634669  0.14276968 -3.07519469 -1.15614103
 -0.46941869  0.         -0.15873227]
log likelihood =  -3908.5255865330982
Lr derivatives =  [-1.9147059674134521, -47.1295214344343, 10.108972642378536]
other derivatives =  [ -0.77244249   5.92429478  -9.87143585 -11.35187495  -3.22705685
   8.48526341]
Current x_clock array =  [-0.63828177 -0.67801017 -0.5692097   0.15141279 -3.04582719 -1.23584869
 -0.48770918  0.         -0.13594924]
log likelihood =  -3906.5400701439057
Lr derivatives =  [-6.113980371942851, -47.889174567165206, 12.64411785984964]
other derivatives =  [-10.00888642   5.92801462 -12.88033627  -6.45709315   0.15920164
   5.56074546]
Current x_clock array =  [-0.64236282 -0.67743027 -0.57089507  0.21306473 -2.98131242 -1.45915257
 -0.51292868  0.         -0.12999434]
log likelihood =  -3904.784601258194
Lr derivatives =  [7.208624347428554, -38.70076981915437, 15.494587096197204]
other derivatives =  [-4.303065   -1.11123518  1.88215927 -0.27462283  2.1653826   2.30105083]
Current x_clock array =  [-0.64168164 -0.69027579 -0.55342415  0.28417685 -2.97375551 -1.85100119
 -0.48003382  0.         -0.12546406]
log likelihood =  -3904.2076222716646
Lr derivatives =  [-2.4036917978684578, -45.57853274113117, -3.67750515040834]
other derivatives =  [10.99614747  0.82375118 -1.4498255   2.14005695  0.47326959  1.04331865]
Current x_clock array =  [-0.63294215 -0.68674826 -0.55781801  0.31287495 -2.95183722 -2.09483884
 -0.50421861  0.         -0.16086816]
log likelihood =  -3904.1999801816287
Lr derivatives =  [-1.383760899274268, -45.07454008016259, -7.355356183784]
other derivatives =  [-24.29731194  -2.96722055   1.11623467   1.01633032  -0.7183881
   0.57993017]
Current x_clock array =  [-0.65036362 -0.69036211 -0.55418043  0.29956636 -2.96745854 -2.24276015
 -0.4933136   0.         -0.16603353]
log likelihood =  -3904.107536229431
Lr derivatives =  [-1.8848704059358763, -45.3168561752242, -5.564467702874099]
other derivatives =  [-7.13705504 -1.09626944 -0.16962076  1.57574686 -0.13625856  0.79117269]
Current x_clock array =  [-0.64177455 -0.68858042 -0.55597382  0.30612772 -2.95975697 -2.16983246
 -0.49868995  0.         -0.16348692]
log likelihood =  -3903.98522704709
Lr derivatives =  [0.27539001363833293, -43.14974273217001, -2.5315765597628435]
other derivatives =  [-2.98485793 -0.93282779  0.95685118  0.59257081 -0.16924345  0.5274608 ]
Current x_clock array =  [-0.64022596 -0.68935576 -0.55475136  0.29552746 -2.96723053 -2.27766469
 -0.4947896   0.         -0.15568524]
log likelihood =  -3903.905319132939
Lr derivatives =  [0.4890736192575762, -41.814517224190546, 0.42738568444377734]
other derivatives =  [ 0.57351781 -0.43428918  0.81760163 -0.14288435 -0.15552106  0.20302838]
Current x_clock array =  [-0.63877476 -0.68929062 -0.5548306   0.28775044 -2.96862729 -2.46553285
 -0.49740143  0.         -0.14719186]
log likelihood =  -3903.8906815807322
Lr derivatives =  [0.30294854956113504, -41.569856157492545, 0.4203157457714255]
other derivatives =  [ 0.34952291  0.36538449  0.52809173 -0.11526026  0.08378522  0.07422757]
Current x_clock array =  [-0.63893185 -0.68851907 -0.55504581  0.28865687 -2.96447702 -2.56583803
 -0.4995195   0.         -0.14638525]
log likelihood =  -3903.9689140420874
Lr derivatives =  [-0.45091026395863665, -41.77939072649393, 0.4341266884115882]
other derivatives =  [  0.13778526 -10.3688385   -8.46859439   0.34721052  -0.2727591
  -0.02592831]
Current x_clock array =  [-0.63843405 -0.69890027 -0.56184792  0.29177034 -2.96602254 -2.67378315
 -0.50072497  0.         -0.14515391]
log likelihood =  -3903.890044764691
Lr derivatives =  [0.23922903267095563, -41.5872711760051, 0.41909512539604776]
other derivatives =  [ 0.33157858 -0.52593123 -0.21790629 -0.07783774  0.05410591  0.0648859 ]
Current x_clock array =  [-0.63889106 -0.68936958 -0.5556031   0.28891195 -2.96460364 -2.57468178
 -0.49961826  0.         -0.14628437]
log likelihood =  -3903.8878894461022
Lr derivatives =  [0.04184128822253186, -41.59795058944515, 0.04238580857561658]
other derivatives =  [ 0.00450018 -0.11371594 -0.02196475 -0.04096364  0.09523642  0.01353988]
Current x_clock array =  [-0.63906053 -0.68894909 -0.55545229  0.28961272 -2.96307394 -2.62217572
 -0.50054345  0.         -0.14663093]
log likelihood =  -3903.887785735201
Lr derivatives =  [0.01797629226388331, -41.56904604929063, 0.03342145807950203]
other derivatives =  [-0.08868028  0.13477302 -0.20391099  0.02794195 -0.00147636  0.00160843]
Current x_clock array =  [-0.63910617 -0.68873682 -0.55555781  0.29008346 -2.96376543 -2.63360806
 -0.50061465  0.         -0.14652382]
log likelihood =  -3903.887802622652
Lr derivatives =  [-0.11756989162079634, -41.641008052817725, -0.019682131955828908]
other derivatives =  [ 0.01899298 -0.1284875   0.25312875 -0.00202817 -0.02905375 -0.00246043]
Current x_clock array =  [-0.63905194 -0.68897502 -0.55522344  0.2899123  -2.96394359 -2.63892433
 -0.50078423  0.         -0.14651362]
log likelihood =  -3903.8877592255963
Lr derivatives =  [-0.041483022611819464, -41.60060504051403, 0.01011597506029105]
other derivatives =  [-0.04145022  0.01926855 -0.00348518  0.01479748 -0.01357686 -0.00018425]
Current x_clock array =  [-0.63908238 -0.68884131 -0.55541113  0.29000838 -2.96384358 -2.63594015
 -0.50068904  0.         -0.14651935]
log likelihood =  -3903.8877559512134
Lr derivatives =  [-0.018423406855976765, -41.591377660814175, 0.009590681972355242]
other derivatives =  [-0.01946228 -0.0021596   0.0023183   0.00533601 -0.00145886  0.00052566]
Current x_clock array =  [-0.63907375 -0.68886482 -0.555407    0.28993463 -2.96378844 -2.63509383
 -0.50063545  0.         -0.14653867]
      fun: 3903.8877559512134
 hess_inv: <9x9 LbfgsInvHessProduct with dtype=float64>
      jac: array([-1.94622771e-02, -2.15959517e-03,  2.31830199e-03,  5.33600542e-03,
       -1.45885508e-03,  5.25658864e-04, -1.84234069e-02, -4.15913777e+01,
        9.59068197e-03])
  message: 'CONVERGENCE: REL_REDUCTION_OF_F_<=_FACTR*EPSMCH'
     nfev: 28
      nit: 23
     njev: 28
   status: 0
  success: True
        x: array([-0.63907375, -0.68886482, -0.555407  ,  0.28993463, -2.96378844,
       -2.63509383, -0.50063545,  0.        , -0.14653867])
