number of sites to be analyzed:  163
log likelihood =  -1443.5625755817064
Lr derivatives =  [127.57141599841474, 1.996376387481476, -4.514691342657834]
other derivatives =  [ 55.28350766 -16.12651454  -5.52996289 -57.19752653  78.46260587
 -10.92509683  -1.73615172]
Current x_clock array =  [-0.64173119 -0.54937316 -0.82200164  0.18232156 -0.10536052 -0.10536052
  0.33647224 -0.51082562 -0.51082562 -0.51082562]
log likelihood =  -1370.5614385211734
Lr derivatives =  [-17.66506949953571, -56.35989685459816, -50.136893110522095]
other derivatives =  [-114.0319041   -19.00335269    1.0103131   -45.23527878   61.54813764
   -1.79331414   -5.49756851]
Current x_clock array =  [-0.96700634 -0.54643497 -0.81745937  0.51885834 -0.56701602 -0.04107982
  0.34668734 -1.26142581 -0.52257183 -0.50782005]
log likelihood =  -1313.1453968655903
Lr derivatives =  [-31.758635947346153, -49.92757497594168, -42.166191862213914]
other derivatives =  [-28.16160281   2.59134686   4.58199361 -33.88370442  45.91294282
  -0.45943602  -2.4511121 ]
Current x_clock array =  [-0.75198242 -0.48539794 -0.81809232  0.79352249 -0.94225795 -0.00947202
  0.36758714 -1.51292004 -0.35568445 -0.35338476]
log likelihood =  -1264.3070179842011
Lr derivatives =  [-30.426958888448635, -15.634984604106046, 23.030884221952874]
other derivatives =  [ 44.78532833  -4.20340552   1.77857214 -11.90524385  16.82696215
   2.94240135   6.17287651]
Current x_clock array =  [-0.63808093 -0.48544577 -0.85503703  1.38478647 -1.74791342  0.04449625
  0.40197973 -1.78267648  0.          0.        ]
log likelihood =  -1256.5515809314593
Lr derivatives =  [-16.761299786635213, -11.45269476938325, -7.366549589799118]
other derivatives =  [-29.2871714   36.52964438   1.02984359  -6.43456848   9.31557929
   2.83914187   5.79072866]
Current x_clock array =  [-0.74212904 -0.4238624  -0.86531548  1.53761775 -1.96006651  0.03222815
  0.37255286 -1.61536117  0.         -0.08457857]
log likelihood =  -1252.0975857017775
Lr derivatives =  [-6.600455581450364, -5.948500064170347, -4.793972656759721]
other derivatives =  [-19.15823168   6.78265701  -0.94176585  -3.64790019   5.68245872
   3.18820457   6.17114893]
Current x_clock array =  [-0.72965472 -0.477939   -0.87416496  1.64055468 -2.10296753  0.02276451
  0.34946855 -1.5068813   0.         -0.08626766]
log likelihood =  -1250.3348330154395
Lr derivatives =  [4.218994876348415, 0.3532153629476964, -1.122583833683466]
other derivatives =  [ 1.31622392  3.91748927 -1.3896256  -0.66067349  1.16100288  3.7094178
  6.20661967]
Current x_clock array =  [-0.69839865 -0.48656445 -0.87761411  1.77860015 -2.29656497  0.00419989
  0.30512276 -1.40991558  0.         -0.07243342]
log likelihood =  -1249.9352895104325
Lr derivatives =  [1.3875594111617442, -0.5858479286691858, -1.5977936261881884]
other derivatives =  [-0.62575009 -2.47046478  0.35426569  0.5009458  -0.33373342  3.71663577
  5.78759364]
Current x_clock array =  [-0.69965177 -0.49810472 -0.8719141   1.81836877 -2.35283796 -0.01575936
  0.26852434 -1.42869961  0.         -0.06078787]
log likelihood =  -1249.353361730654
Lr derivatives =  [-1.6289772314784834, -1.174767885719896, -0.9450948001452478]
other derivatives =  [ 0.65102222 -4.18645504  1.20877849  1.68997629 -1.87362204  3.52617212
  4.80683525]
Current x_clock array =  [-0.69606311 -0.50030732 -0.87028012  1.86350759 -2.4197517  -0.07007197
  0.17722729 -1.45464261  0.         -0.03328665]
log likelihood =  -1248.2493073775888
Lr derivatives =  [-2.9845241769909805, -0.7413038595252379, 1.8628725229064003]
other derivatives =  [-4.41594716 -6.51818914  0.84601857  2.41463717 -2.43101978  2.71519002
  2.60501679]
Current x_clock array =  [-0.70480625 -0.50499683 -0.87374436  1.88241431 -2.46309243 -0.22060896
 -0.04975345 -1.46279825  0.          0.        ]
log likelihood =  -1247.425926089426
Lr derivatives =  [-3.896306647279875, -1.5652313508315236, -9.713061413173826]
other derivatives =  [ 8.23562777 -0.43165005  2.86954219  0.81427547 -1.59387082  1.46094794
 -0.0110731 ]
Current x_clock array =  [-0.68564247 -0.49253511 -0.86359348  1.83640447 -2.44363115 -0.46907384
 -0.39081599 -1.47326051  0.         -0.03425755]
log likelihood =  -1246.9246739978582
Lr derivatives =  [-0.9871146519176026, 1.2207919979537665, -0.11680185707518831]
other derivatives =  [-0.62784466  1.0265253   0.82667566  0.69938578 -0.92353741  1.23919517
 -0.41086696]
Current x_clock array =  [-0.70221863 -0.4909102  -0.87303603  1.81945032 -2.43602819 -0.59391899
 -0.55631941 -1.45558825  0.          0.        ]
log likelihood =  -1246.8527300550888
Lr derivatives =  [0.1969303715237185, 1.3410515547221569, -0.7743665264570154]
other derivatives =  [-1.69155965 -0.62686809 -0.27044507  0.09757546 -0.1548797   1.08122435
 -0.63105699]
Current x_clock array =  [-0.705343   -0.49474148 -0.87661903  1.79546877 -2.41182448 -0.65742462
 -0.63194289 -1.44270125 -0.00949611  0.        ]
log likelihood =  -1246.8132251441705
Lr derivatives =  [0.23312002530188103, 0.23644342706300003, -0.23480879463022575]
other derivatives =  [-0.20107268  0.20724383  0.15896671 -0.16470764  0.13362831  0.99792851
 -0.71408226]
Current x_clock array =  [-0.7032307  -0.49320479 -0.87418051  1.78599747 -2.40261628 -0.70700071
 -0.67071691 -1.43514238 -0.02665249  0.        ]
log likelihood =  -1246.788122110478
Lr derivatives =  [0.03159048202271464, -0.7272754370505624, 0.3624336386565119]
other derivatives =  [ 0.69877683  0.19775803 -0.25579084 -0.20274413  0.17958828  0.94861798
 -0.74593981]
Current x_clock array =  [-0.70178248 -0.4931716  -0.87554232  1.78505109 -2.40247615 -0.74991244
 -0.68753444 -1.43045301 -0.03930639  0.        ]
log likelihood =  -1246.8014645002704
Lr derivatives =  [0.2397779360403831, -2.296671884025179, -7.978474684972699]
other derivatives =  [-0.03668447  1.39863323  0.41111844 -0.22506077  0.10409029  0.83639407
 -0.82400948]
Current x_clock array =  [-0.70261979 -0.49118367 -0.87217692  1.78753328 -2.40691262 -0.8515392
 -0.7067674  -1.41485415 -0.06233567 -0.00833935]
log likelihood =  -1246.7826368572873
Lr derivatives =  [0.11026848666333677, -1.2626614331225492, -5.586727427504514]
other derivatives =  [ 0.44381341  0.60763955 -0.03245259 -0.2131389   0.15405905  0.90846038
 -0.77246068]
Current x_clock array =  [-0.702068   -0.49249372 -0.87439474  1.78589751 -2.40398896 -0.78456665
 -0.69409278 -1.42513388 -0.04715926 -0.00284368]
log likelihood =  -1246.7303543254538
Lr derivatives =  [0.17151053513285142, -2.9065009546205993, 1.4776560419704765]
other derivatives =  [-1.76076333  1.6340332   0.02144657  0.20933868 -0.20805809  0.7929159
 -0.83093164]
Current x_clock array =  [-0.70531386 -0.49070574 -0.87432182  1.79991935 -2.42387741 -0.93340953
 -0.72689307 -1.4083224  -0.07425147  0.        ]
log likelihood =  -1246.6925164026943
Lr derivatives =  [0.45886069449547584, -2.6595148341159716, -5.633166428426326]
other derivatives =  [-0.34694494  0.71145814 -0.22149402  0.38000111 -0.39327724  0.79642291
 -0.79685424]
Current x_clock array =  [-7.02893640e-01 -4.92545971e-01 -8.75344776e-01  1.80900239e+00
 -2.43272057e+00 -9.49703265e-01 -6.96123293e-01 -1.40649876e+00
 -7.18968480e-02 -9.71088286e-04]
log likelihood =  -1246.6043925131705
Lr derivatives =  [2.4622581647690946, -0.7468683206774798, -0.7703192750341259]
other derivatives =  [ 4.31099443 -3.08371045 -1.5711762   1.2809547  -1.18555508  0.81756119
 -0.57564534]
Current x_clock array =  [-0.69518013 -0.5004992  -0.88143271  1.85308857 -2.47575587 -1.03867062
 -0.54768999 -1.3949091  -0.05597531  0.        ]
log likelihood =  -1246.522865113327
Lr derivatives =  [2.454449938708633, -0.48216494946757216, -0.9127006705966778]
other derivatives =  [ 1.48537674 -1.13316787 -0.97008342  1.35503162 -1.18994208  0.78609656
 -0.54381348]
Current x_clock array =  [-0.69945176 -0.49671071 -0.8793391   1.85384725 -2.47672545 -1.08894766
 -0.52527656 -1.39691023 -0.0512945   0.        ]
log likelihood =  -1246.2738062601484
Lr derivatives =  [2.4435556304433828, 0.4057116341393132, -1.3893895811634138]
other derivatives =  [-5.78230583  3.42590465  0.77747109  1.46266637 -0.96456723  0.6089334
 -0.37491736]
Current x_clock array =  [-0.71069665 -0.48812156 -0.87307897  1.85167962 -2.475386   -1.39147371
 -0.41814606 -1.40412556 -0.03520856  0.        ]
log likelihood =  -1246.0553663765895
Lr derivatives =  [2.0693026420474645, 0.6588893387210706, -1.3459839465213008]
other derivatives =  [-8.44171541  4.50001721  1.76245703  1.26419546 -0.46753656  0.43415943
 -0.13069098]
Current x_clock array =  [-0.71483283 -0.48607436 -0.86910853  1.83930136 -2.46439686 -1.76771637
 -0.31016183 -1.41238453 -0.02600065  0.        ]
log likelihood =  -1245.7383876403119
Lr derivatives =  [0.2540648100337908, -0.7378520574685561, 0.2564320311648771]
other derivatives =  [-3.38584709  7.44262752  0.46275818  0.47083121  0.1191792   0.20023238
  0.0611783 ]
Current x_clock array =  [-0.70619008 -0.47978622 -0.8735677   1.80604053 -2.45234409 -2.5671186
 -0.22752018 -1.43167349 -0.02971824  0.        ]
log likelihood =  -1245.7828565990874
Lr derivatives =  [-2.7775937447253174, -2.59456117341023, -6.1079876361847045]
other derivatives =  [ -7.91170032 -10.77678189   1.16602314  -0.09240162   0.5396666
   0.08480899   0.45811203]
Current x_clock array =  [-7.13374751e-01 -5.15664407e-01 -8.69684181e-01  1.76654675e+00
 -2.43830870e+00 -3.47192286e+00 -1.27746210e-01 -1.44838782e+00
 -3.22967634e-02 -9.02320016e-04]
log likelihood =  -1245.6446957508783
Lr derivatives =  [-1.1199988603362883, -1.5762053133687512, -5.61200485468777]
other derivatives =  [-5.41697295 -0.99226941  0.77552704  0.22621586  0.31818815  0.13683999
  0.22283098]
Current x_clock array =  [-7.09365812e-01 -4.95644912e-01 -8.71851127e-01  1.78858369e+00
 -2.44614023e+00 -2.96705561e+00 -1.83418594e-01 -1.43906147e+00
 -3.08579859e-02 -3.98838936e-04]
log likelihood =  -1245.5883199191048
Lr derivatives =  [-0.9120978976309289, -1.4349928263031388, 1.1809788702521473]
other derivatives =  [-0.73129786 -0.4757826   0.02725346  0.08589409  0.27105363  0.10023597
  0.41103635]
Current x_clock array =  [-0.7018505  -0.49451475 -0.8746942   1.78596701 -2.45478071 -3.31391854
 -0.1315704  -1.44047051 -0.02882866  0.        ]
log likelihood =  -1245.5757829815452
Lr derivatives =  [-0.9275696120982211, -1.7067918893539227, -5.657296347324655]
other derivatives =  [ 1.47161768 -0.10213034 -0.33945935 -0.11843097  0.27649806  0.08005857
  0.39184511]
Current x_clock array =  [-6.98511990e-01 -4.93749020e-01 -8.75929604e-01  1.77874328e+00
 -2.45657807e+00 -3.53836217e+00 -1.32794452e-01 -1.43987508e+00
 -3.25956718e-02 -3.45653455e-04]
log likelihood =  -1245.5634715069173
Lr derivatives =  [-0.8260770742769772, -1.8074596376884298, 1.3336375559447333]
other derivatives =  [ 2.32805814 -0.13678391 -0.47493177 -0.26243593  0.26141811  0.0642807
  0.38205098]
Current x_clock array =  [-0.69734803 -0.49388384 -0.876342    1.77260387 -2.45932037 -3.76038297
 -0.13290276 -1.43820041 -0.03503757  0.        ]
log likelihood =  -1245.5463293311886
Lr derivatives =  [-0.4656834104471237, -1.786789558793861, -5.9194016654107005]
other derivatives =  [ 2.30224441 -0.05768379 -0.46771402 -0.42290166  0.16443333  0.04496107
  0.36875736]
Current x_clock array =  [-6.97657532e-01 -4.93969585e-01 -8.76211155e-01  1.76494182e+00
 -2.46642685e+00 -4.12269345e+00 -1.32784355e-01 -1.43364368e+00
 -3.76519039e-02 -5.26735069e-05]
log likelihood =  -1245.5279455677373
Lr derivatives =  [0.20172583779698527, -1.557259185966825, 0.7122253009583801]
other derivatives =  [ 0.77015943  0.1807266  -0.2123279  -0.53984317 -0.02449715  0.02973263
  0.30732144]
Current x_clock array =  [-0.70045554 -0.49394128 -0.87520448  1.75781977 -2.47752931 -4.53842958
 -0.14354865 -1.42579358 -0.03997968  0.        ]
log likelihood =  -1245.5254889971384
Lr derivatives =  [0.70031139275887, -1.2360439520443611, -6.314403592589307]
other derivatives =  [-0.60110983  0.3655839   0.01718672 -0.51797478 -0.1741936   0.02540844
  0.25120175]
Current x_clock array =  [-7.02813745e-01 -4.93868614e-01 -8.74407628e-01  1.75762526e+00
 -2.48512246e+00 -4.69416339e+00 -1.54043660e-01 -1.42091804e+00
 -3.93427059e-02 -4.58093507e-04]
log likelihood =  -1245.5224599168419
Lr derivatives =  [0.70523011521969, -1.1775853946215606, -6.224158139384115]
other derivatives =  [-0.5600748   0.23046186 -0.00439309 -0.47019389 -0.18972348  0.02673507
  0.23850407]
Current x_clock array =  [-7.02725960e-01 -4.94116802e-01 -8.74548333e-01  1.75972008e+00
 -2.48560453e+00 -4.64302006e+00 -1.56835890e-01 -1.42115890e+00
 -3.86329885e-02 -2.06136196e-04]
log likelihood =  -1245.5202242459095
Lr derivatives =  [0.7093108445657084, -1.1296861980838304, 0.24454038793919608]
other derivatives =  [-0.5264651   0.12000442 -0.02203706 -0.43112944 -0.20247095  0.02787169
  0.22816721]
Current x_clock array =  [-0.70265414 -0.49431985 -0.87466345  1.76143393 -2.48599893 -4.60117768
 -0.15912032 -1.42135597 -0.03805234  0.        ]
log likelihood =  -1245.5182949965542
Lr derivatives =  [0.7840808245864572, -0.9941635448444639, 0.13712906365981326]
other derivatives =  [-0.62116351  0.00105251 -0.04321691 -0.35922258 -0.25766356  0.02926747
  0.19434742]
Current x_clock array =  [-0.70278682 -0.49456756 -0.87485009  1.76459303 -2.4881154  -4.55063167
 -0.16614969 -1.42111536 -0.03675876  0.        ]
log likelihood =  -1245.504893804222
Lr derivatives =  [0.1870553721297643, -0.186784531349867, -5.6620364927405245]
other derivatives =  [ 1.00469515  0.30830824  0.2058282  -0.11297723 -0.30410749  0.03250568
  0.21051187]
Current x_clock array =  [-6.99625857e-01 -4.93481304e-01 -8.74367786e-01  1.77685076e+00
 -2.48824864e+00 -4.45233177e+00 -1.55117867e-01 -1.43589264e+00
 -1.93586296e-02 -1.49729993e-04]
log likelihood =  -1245.4955152855996
Lr derivatives =  [0.25055917835428154, 0.04501866130024415, -0.1460875864722766]
other derivatives =  [ 0.36091387  0.05121819  0.43791124 -0.16197356 -0.41826711  0.02462448
  0.13885074]
Current x_clock array =  [-0.70075516 -0.49407218 -0.87356671  1.77325953 -2.49378679 -4.72819822
 -0.16861852 -1.43611819 -0.01689922  0.        ]
log likelihood =  -1245.489712079553
Lr derivatives =  [0.08508483472380668, 0.12278049032315262, -0.10422809282317758]
other derivatives =  [-0.15736873 -0.08166126  0.73838123 -0.32346849 -0.47372888  0.01656089
  0.07002359]
Current x_clock array =  [-0.70169804 -0.49434806 -0.87240116  1.76456207 -2.49634595 -5.12035711
 -0.18256354 -1.43844179 -0.0149288   0.        ]
log likelihood =  -1245.4955721255037
Lr derivatives =  [-0.6466450182199424, -0.12258183443542159, 0.38130565371830016]
other derivatives =  [-1.51344352 -1.38729797 -2.06200684 -0.34702146 -0.26001492  0.01298094
 -0.01286617]
Current x_clock array =  [-0.70389367 -0.49652947 -0.88405775  1.76346409 -2.48561311 -5.3428583
 -0.20635393 -1.44600696 -0.01263108  0.        ]
log likelihood =  -1245.4862155653395
Lr derivatives =  [-0.19348090202794488, 0.029026030340206094, 0.08067218004725873]
other derivatives =  [-0.67119436 -0.57784428 -0.33108881 -0.33231751 -0.39310514  0.01510278
  0.0382056 ]
Current x_clock array =  [-0.70252848 -0.49517312 -0.87680995  1.76414679 -2.49228654 -5.20451226
 -0.19156162 -1.44130312 -0.01405975  0.        ]
log likelihood =  -1245.4830752978273
Lr derivatives =  [-0.06194705034719483, 0.16324655494389265, -0.052159521146677434]
other derivatives =  [ 0.05058723  0.22904851 -0.45763409 -0.43161132 -0.3307439   0.01181346
  0.00258979]
Current x_clock array =  [-0.70151812 -0.49360896 -0.8772671   1.76102036 -2.49037095 -5.44272455
 -0.19923131 -1.4416234  -0.01332495  0.        ]
log likelihood =  -1245.480498335898
Lr derivatives =  [-0.2440672064224909, 0.019215053499899437, 0.1105263436329551]
other derivatives =  [ 0.42807847  0.15336377 -0.17358661 -0.47984977 -0.20035299  0.01009137
 -0.04445019]
Current x_clock array =  [-0.70092563 -0.49367614 -0.8759751   1.75951534 -2.48356895 -5.58677589
 -0.21256229 -1.44314867 -0.01460499  0.        ]
log likelihood =  -1245.504924615632
Lr derivatives =  [-0.06718196508027496, 0.9442049750924895, -5.466824434876135]
other derivatives =  [-3.46571005  3.57555587  0.54973179 -0.33324366  0.400134    0.00593618
 -0.00849514]
Current x_clock array =  [-7.07018829e-01 -4.87051093e-01 -8.73331915e-01  1.76661347e+00
 -2.45658283e+00 -6.08305504e+00 -2.05402447e-01 -1.44954521e+00
 -2.99801990e-03 -9.83551085e-06]
log likelihood =  -1245.4791667242953
Lr derivatives =  [-0.21162409990219722, 0.1887473104166803, -5.824503335586364]
other derivatives =  [-0.29841067  0.77959248 -0.03985724 -0.45239132 -0.08978148  0.00914915
 -0.03792479]
Current x_clock array =  [-7.02053137e-01 -4.92450217e-01 -8.75485992e-01  1.76082880e+00
 -2.47857535e+00 -5.67860909e+00 -2.11237407e-01 -1.44433231e+00
 -1.24571985e-02 -1.81999662e-06]
log likelihood =  -1245.4779123086166
Lr derivatives =  [-0.18603311266612899, 0.1284805687342025, 0.026625457394402474]
other derivatives =  [-0.16822491  0.69145062  0.01654053 -0.40137915 -0.01067288  0.00941744
 -0.06397636]
Current x_clock array =  [-0.70183701 -0.49260823 -0.87519279  1.76380496 -2.4744653  -5.64097924
 -0.21937041 -1.44361037 -0.01387482  0.        ]
log likelihood =  -1245.480503449682
Lr derivatives =  [-0.03211619066263616, -0.10424267605882823, -5.820654002605235]
other derivatives =  [ 0.48439551  0.08266807  0.0302598  -0.24288209  0.11606515  0.01132271
 -0.13631688]
Current x_clock array =  [-7.00789196e-01 -4.93802550e-01 -8.74946821e-01  1.77287500e+00
 -2.46731814e+00 -5.43694693e+00 -2.42157715e-01 -1.43973261e+00
 -1.92490037e-02 -2.62214125e-04]
log likelihood =  -1245.477818333079
Lr derivatives =  [-0.15281106749773876, 0.07795391099901056, -5.800960794977796]
other derivatives =  [-0.02722527  0.55963164  0.0195032  -0.36702986  0.01666014  0.00980006
 -0.07991912]
Current x_clock array =  [-7.01610457e-01 -4.92866462e-01 -8.75139610e-01  1.76576607e+00
 -2.47291995e+00 -5.59686363e+00 -2.24297451e-01 -1.44277192e+00
 -1.50368173e-02 -5.66956050e-05]
log likelihood =  -1245.477198369082
Lr derivatives =  [-0.06500788998081575, 0.14665604798838813, -5.737403975269298]
other derivatives =  [-0.18594483  0.63646257  0.021495   -0.30159862  0.04528078  0.01030464
 -0.08004599]
Current x_clock array =  [-7.01840282e-01 -4.92731141e-01 -8.75157015e-01  1.76895872e+00
 -2.47156654e+00 -5.54440341e+00 -2.24667136e-01 -1.44216431e+00
 -1.47750387e-02 -1.86208707e-05]
log likelihood =  -1245.4776264314537
Lr derivatives =  [0.5866782102700352, 0.899042159327281, -0.7441940397256985]
other derivatives =  [-1.25169618  0.51278607  0.06243727 -0.32155705 -0.02254632  0.00628799
 -0.03528703]
Current x_clock array =  [-0.70379245 -0.49327345 -0.87515327  1.76722431 -2.47800063 -6.04826455
 -0.20822584 -1.43928741 -0.00853562  0.        ]
log likelihood =  -1245.475906956408
Lr derivatives =  [0.23692369916167166, 0.4948307605728258, -5.677095563362932]
other derivatives =  [-0.6802095   0.5795473   0.04043886 -0.31080339  0.01398675  0.00819943
 -0.05964512]
Current x_clock array =  [-7.02743376e-01 -4.92982022e-01 -8.75155283e-01  1.76815636e+00
 -2.47454303e+00 -5.77749568e+00 -2.17061194e-01 -1.44083342e+00
 -1.18886075e-02 -1.00066302e-05]
log likelihood =  -1245.4738359585056
Lr derivatives =  [0.5499939507321088, 0.25132822627139223, -0.3979721441282891]
other derivatives =  [-0.55165583 -0.03829973 -0.00704085 -0.29446722  0.12605892  0.0066368
 -0.0535133 ]
Current x_clock array =  [-0.70269291 -0.49433624 -0.87507545  1.76980268 -2.47028301 -5.98212946
 -0.2188482  -1.43493256 -0.01815724  0.        ]
log likelihood =  -1245.4733065879539
Lr derivatives =  [0.5194703706931616, 0.2858755432626324, -0.40067789086606354]
other derivatives =  [-0.43453338  0.07170047 -0.07672156 -0.31443936  0.13639586  0.00633511
 -0.04059552]
Current x_clock array =  [-0.70250103 -0.49409835 -0.87536533  1.7690227  -2.47007314 -6.03019631
 -0.21512132 -1.43580454 -0.01727303  0.        ]
log likelihood =  -1245.4711433487332
Lr derivatives =  [0.16804599519407937, 0.03311797107326797, -0.0994532456388697]
other derivatives =  [-0.54363977 -0.11793509  0.03938158 -0.1419132   0.22585053  0.00524602
  0.09802534]
Current x_clock array =  [-0.7022913  -0.49427516 -0.8748979   1.77666628 -2.4653017  -6.23186476
 -0.18270646 -1.43844439 -0.01736447  0.        ]
log likelihood =  -1245.4669853773476
Lr derivatives =  [-0.10688231079222632, -0.011068865761042726, 0.05823039828101173]
other derivatives =  [-0.33854235  0.43003365 -0.28248405 -0.12328421  0.02836048  0.00284887
  0.03493119]
Current x_clock array =  [-0.70183816 -0.49307629 -0.876446    1.77685495 -2.47290377 -6.84649454
 -0.19562666 -1.44137009 -0.01580745  0.        ]
log likelihood =  -1245.4668646405182
Lr derivatives =  [0.29078961671810966, 0.13718855845487593, -5.584343181474538]
other derivatives =  [ 1.25864972  0.38440544  0.14108696 -0.02972865 -0.0075776   0.00157309
 -0.00858836]
Current x_clock array =  [-6.99345603e-01 -4.93270708e-01 -8.74624465e-01  1.78305624e+00
 -2.47489561e+00 -7.43596913e+00 -2.04840672e-01 -1.43765983e+00
 -1.71834969e-02 -1.02651329e-04]
log likelihood =  -1245.465011392846
Lr derivatives =  [0.08043534346224135, 0.033279548831431735, -5.626537464753582]
other derivatives =  [ 0.21925871  0.36153597 -0.01950548 -0.00357459 -0.03913352  0.00150265
  0.00819114]
Current x_clock array =  [-7.00898200e-01 -4.93259169e-01 -8.75390924e-01  1.78287947e+00
 -2.47562265e+00 -7.48572903e+00 -2.01409884e-01 -1.43905532e+00
 -1.68488439e-02 -3.54991440e-05]
log likelihood =  -1245.4643704933305
Lr derivatives =  [0.0025642849620588493, -0.02021586003671247, 0.00900399754755199]
other derivatives =  [-0.13583531  0.20541825 -0.04335379  0.01825467 -0.04971476  0.00116392
  0.00731529]
Current x_clock array =  [-0.701425   -0.49354421 -0.87552113  1.78337387 -2.47572108 -7.74160111
 -0.20201777 -1.4393563  -0.0170309   0.        ]
log likelihood =  -1245.4640426736298
Lr derivatives =  [-0.06144504594085198, -0.09888603130259213, -5.670530688253396]
other derivatives =  [-0.2341942  -0.10393137 -0.05588777  0.02049149 -0.06401749  0.00070068
  0.01180842]
Current x_clock array =  [-7.01563938e-01 -4.94138412e-01 -8.75562232e-01  1.78313878e+00
 -2.47619341e+00 -8.25057755e+00 -2.01175925e-01 -1.43933150e+00
 -1.76535652e-02 -1.41117969e-05]
log likelihood =  -1245.4637233324001
Lr derivatives =  [-0.03347421701750086, -0.06154121818292081, 0.04779394657816738]
other derivatives =  [-0.06800428 -0.23095481 -0.06980599  0.03151781 -0.06947337  0.00043125
  0.01156263]
Current x_clock array =  [-0.70130247 -0.49438954 -0.87562035  1.78378835 -2.47658028 -8.73643098
 -0.20085687 -1.43925842 -0.01732577  0.        ]
log likelihood =  -1245.4636308998556
Lr derivatives =  [-0.001227676615357609, -0.013296776503052115, -5.631991515666271]
other derivatives =  [ 0.12509395 -0.25194095 -0.11359907  0.02223068 -0.06411816  0.00032321
  0.00965383]
Current x_clock array =  [-7.01018357e-01 -4.94433667e-01 -8.75791731e-01  1.78361673e+00
 -2.47658250e+00 -9.02442258e+00 -2.00948627e-01 -1.43933710e+00
 -1.68696484e-02 -1.68232337e-06]
log likelihood =  -1245.4635988368827
Lr derivatives =  [0.016361495845403695, 0.020430479740818464, -0.018417267710901797]
other derivatives =  [ 0.16803779 -0.27202259 -0.1487042   0.00914739 -0.05490221  0.00027938
  0.00844739]
Current x_clock array =  [-0.70097311 -0.49447757 -0.87592952  1.78311727 -2.47634774 -9.16966171
 -0.20107711 -1.43944147 -0.01651922  0.        ]
log likelihood =  -1245.4635824291363
Lr derivatives =  [0.026787025891323424, 0.03867107027945797, -0.03283275873400271]
other derivatives =  [ 1.53082510e-01 -2.86108843e-01 -1.64976427e-01 -2.41055476e-04
 -4.45245774e-02  2.67941043e-04  7.66249286e-03]
Current x_clock array =  [-0.70101339 -0.49450959 -0.87598999  1.78272758 -2.47598367 -9.21066009
 -0.20125772 -1.43948519 -0.01634685  0.        ]
log likelihood =  -1245.4634080417295
Lr derivatives =  [0.11187445812888619, 0.13267779366822363, -0.12244072422618046]
other derivatives =  [-1.56972874e-01  3.53146334e-01  1.13653186e-01  2.18642300e-02
 -1.54029507e-02  4.53268737e-05  6.99583325e-03]
Current x_clock array =  [ -0.70148713  -0.49329087  -0.87488796   1.78379969  -2.47459167
 -10.98572013  -0.20141037  -1.43929374  -0.01573088   0.        ]
log likelihood =  -1245.4631883753964
Lr derivatives =  [0.04403430787146512, 0.05617571818356573, -0.05022684490540996]
other derivatives =  [-1.68638508e-02  6.97345968e-02  2.68553322e-02 -8.05169468e-03
 -9.79675749e-03  5.98374482e-05  1.02975264e-02]
Current x_clock array =  [ -0.70127927  -0.49382409  -0.875199     1.78240386  -2.47436586
 -10.70799368  -0.20089087  -1.43955598  -0.01629331   0.        ]
log likelihood =  -1245.4631599614765
Lr derivatives =  [0.014727683512321121, 0.027119583110461025, -0.021032064978498966]
other derivatives =  [-1.35555638e-02  7.02948455e-03  9.15042619e-03 -7.66385789e-03
 -9.10593131e-03  5.19783672e-05  1.00908437e-02]
Current x_clock array =  [ -0.70126604  -0.49393586  -0.87526653   1.78238278  -2.47423678
 -10.84848843  -0.20109768  -1.43967609  -0.01648963   0.        ]
log likelihood =  -1245.4631299151733
Lr derivatives =  [-0.01589267764464175, -0.0035915586662085275, 0.00964064383879304]
other derivatives =  [-1.14521299e-02 -3.25567271e-02  1.46792445e-03 -4.41704193e-03
 -3.47038806e-03  3.40755936e-05  8.04629963e-03]
Current x_clock array =  [ -0.70125206  -0.49400027  -0.87529223   1.7825268   -2.47383725
 -11.27006451  -0.20183165  -1.43981309  -0.01672117   0.        ]
log likelihood =  -1245.4639976362319
Lr derivatives =  [-0.07032816530345443, 0.12183218979888144, -5.585323866385375]
other derivatives =  [-1.06444986e-01 -2.69742031e-01 -2.31995955e-01  8.61890281e-02
 -5.74548485e-02  1.30286589e-05 -8.33551894e-03]
Current x_clock array =  [-7.01315721e-01 -4.94407587e-01 -8.76390389e-01  1.78650611e+00
 -2.47580133e+00 -1.22337186e+01 -2.04701832e-01 -1.44115889e+00
 -1.43878129e-02 -5.09088911e-05]
log likelihood =  -1245.4631270942436
Lr derivatives =  [-0.016966079260141598, -0.001447262656417406, -5.62153862757108]
other derivatives =  [-1.31417437e-02 -3.67949724e-02 -2.67050382e-03 -2.79019765e-03
 -4.42776601e-03  3.35002066e-05  7.75912667e-03]
Current x_clock array =  [-7.01253194e-01 -4.94007503e-01 -8.75311715e-01  1.78259743e+00
 -2.47387211e+00 -1.12871669e+01 -2.01882590e-01 -1.43983697e+00
 -1.66797595e-02 -9.03500505e-07]
log likelihood =  -1245.4631231389053
Lr derivatives =  [-0.016130726396333728, -0.003368721136123968, -5.622102652488495]
other derivatives =  [-1.16826868e-02 -3.31515366e-02  9.17452780e-04 -4.18218720e-03
 -3.59841369e-03  3.40282641e-05  8.01105671e-03]
Current x_clock array =  [-7.01252217e-01 -4.94001251e-01 -8.75294860e-01  1.78253635e+00
 -2.47384196e+00 -1.12723761e+01 -2.01838537e-01 -1.43981632e+00
 -1.67155734e-02 -1.22119123e-07]
log likelihood =  -1245.463122747919
Lr derivatives =  [-0.016044558102210615, -0.003566908965820955, -5.622160827509849]
other derivatives =  [-1.15319381e-02 -3.27754606e-02  1.28807187e-03 -4.32583084e-03
 -3.51275691e-03  3.40933910e-05  8.03674993e-03]
Current x_clock array =  [-7.01252117e-01 -4.94000606e-01 -8.75293121e-01  1.78253005e+00
 -2.47383885e+00 -1.12708504e+01 -2.01833993e-01 -1.43981418e+00
 -1.67192675e-02 -4.15205019e-08]
log likelihood =  -1245.4631226157082
Lr derivatives =  [-0.016015260772643813, -0.0036342924668774403, -5.622180606866844]
other derivatives =  [-1.14810064e-02 -3.26479039e-02  1.41380951e-03 -4.37456276e-03
 -3.48371443e-03  3.40546111e-05  8.04584488e-03]
Current x_clock array =  [-7.01252082e-01 -4.94000387e-01 -8.75292530e-01  1.78252791e+00
 -2.47383779e+00 -1.12703317e+01 -2.01832448e-01 -1.43981346e+00
 -1.67205235e-02 -1.41169706e-08]
log likelihood =  -1245.4631225708404
Lr derivatives =  [-0.01600529966793296, -0.0036572028155060013, -5.622187331830817]
other derivatives =  [-1.14632712e-02 -3.26044756e-02  1.45655576e-03 -4.39114695e-03
 -3.47369660e-03  3.40753189e-05  8.04880074e-03]
Current x_clock array =  [-7.01252071e-01 -4.94000312e-01 -8.75292329e-01  1.78252718e+00
 -2.47383743e+00 -1.12701554e+01 -2.01831923e-01 -1.43981321e+00
 -1.67209506e-02 -4.79977002e-09]
log likelihood =  -1245.463122555595
Lr derivatives =  [-0.016001912890709846, -0.0036649923291061544, -5.622189618316513]
other derivatives =  [-1.14575869e-02 -3.25896963e-02  1.47110768e-03 -4.39688762e-03
 -3.47038797e-03  3.40553252e-05  8.04993761e-03]
Current x_clock array =  [-7.01252067e-01 -4.94000287e-01 -8.75292260e-01  1.78252693e+00
 -2.47383731e+00 -1.12700954e+01 -2.01831744e-01 -1.43981313e+00
 -1.67210958e-02 -1.63192181e-09]
log likelihood =  -1245.4631225504127
Lr derivatives =  [-0.016000761386482765, -0.0036676407632843105, -5.622190395721495]
other derivatives =  [-1.14559953e-02 -3.25846941e-02  1.47610990e-03 -4.39867362e-03
 -3.46928509e-03  3.40957368e-05  8.05039235e-03]
Current x_clock array =  [-7.01252065e-01 -4.94000278e-01 -8.75292237e-01  1.78252685e+00
 -2.47383727e+00 -1.12700750e+01 -2.01831683e-01 -1.43981310e+00
 -1.67211451e-02 -5.54853414e-10]
log likelihood =  -1245.4631225486507
Lr derivatives =  [-0.016000369874832998, -0.003668541230738634, -5.622190660039096]
other derivatives =  [-1.14548584e-02 -3.25826477e-02  1.47792889e-03 -4.39943904e-03
 -3.46891746e-03  3.40957578e-05  8.05039235e-03]
Current x_clock array =  [-7.01252065e-01 -4.94000275e-01 -8.75292229e-01  1.78252682e+00
 -2.47383726e+00 -1.12700681e+01 -2.01831663e-01 -1.43981309e+00
 -1.67211619e-02 -1.88650161e-10]
log likelihood =  -1245.4631225480514
Lr derivatives =  [-0.016000236761124498, -0.0036688473898320324, -5.622190749907155]
other derivatives =  [-1.14548584e-02 -3.25826477e-02  1.47815626e-03 -4.39969417e-03
 -3.46854983e-03  3.41159399e-05  8.05039235e-03]
Current x_clock array =  [-7.01252065e-01 -4.94000274e-01 -8.75292227e-01  1.78252681e+00
 -2.47383725e+00 -1.12700657e+01 -2.01831656e-01 -1.43981309e+00
 -1.67211676e-02 -6.41410547e-11]
log likelihood =  -1245.463122547848
Lr derivatives =  [-0.016000191502300254, -0.0036689514837901487, -5.622190780462232]
other derivatives =  [-1.14546310e-02 -3.25826477e-02  1.47838364e-03 -4.39969418e-03
 -3.46864174e-03  3.40957673e-05  8.05039235e-03]
Current x_clock array =  [-7.01252065e-01 -4.94000274e-01 -8.75292226e-01  1.78252681e+00
 -2.47383725e+00 -1.12700649e+01 -2.01831653e-01 -1.43981309e+00
 -1.67211696e-02 -2.18079586e-11]
log likelihood =  -1245.4631225478481
Lr derivatives =  [-0.01600019150219545, -0.0036689514838877963, -5.622190780462272]
other derivatives =  [-1.14546310e-02 -3.25821929e-02  1.47838364e-03 -4.39969418e-03
 -3.46864174e-03  3.40755923e-05  8.05039235e-03]
Current x_clock array =  [-7.01252065e-01 -4.94000274e-01 -8.75292226e-01  1.78252681e+00
 -2.47383725e+00 -1.12700649e+01 -2.01831653e-01 -1.43981309e+00
 -1.67211696e-02 -2.18079068e-11]
log likelihood =  -1245.463122547848
Lr derivatives =  [-0.016000191502300254, -0.0036689514837901487, -5.622190780462232]
other derivatives =  [-1.14546310e-02 -3.25826477e-02  1.47838364e-03 -4.39969418e-03
 -3.46864174e-03  3.40957673e-05  8.05039235e-03]
Current x_clock array =  [-7.01252065e-01 -4.94000274e-01 -8.75292226e-01  1.78252681e+00
 -2.47383725e+00 -1.12700649e+01 -2.01831653e-01 -1.43981309e+00
 -1.67211696e-02 -2.18079586e-11]
log likelihood =  -1245.4631106061406
Lr derivatives =  [-0.04049422247210899, -0.021523190189332034, 0.03085460775764659]
other derivatives =  [-1.40357770e-02 -4.25316102e-02  3.72301656e-03  4.04130244e-03
  7.41904835e-03  1.45584310e-05  3.83761289e-03]
Current x_clock array =  [ -0.70124335  -0.49400588  -0.87528109   1.78295782  -2.47317446
 -12.11957337  -0.20310076  -1.43998843  -0.01683475   0.        ]
log likelihood =  -1245.4630986465177
Lr derivatives =  [-0.030563617529102416, -0.009111053987562245, -5.6152271467662676]
other derivatives =  [-3.99472810e-03 -1.66298832e-02  9.57470547e-03  5.49861331e-03
  8.29240102e-03  1.30544366e-05  3.24826033e-03]
Current x_clock array =  [-7.01228807e-01 -4.93957389e-01 -8.75259623e-01  1.78305917e+00
 -2.47315866e+00 -1.22269789e+01 -2.03186348e-01 -1.43997423e+00
 -1.67352188e-02 -2.36045338e-09]
log likelihood =  -1245.463097130043
Lr derivatives =  [-0.02165217209988768, 0.002631590204321854, -5.6108233905690215]
other derivatives =  [1.07897904e-02 4.20300239e-03 1.28823103e-02 6.76731463e-03
 9.22369859e-03 1.16014678e-05 2.56181920e-03]
Current x_clock array =  [-7.01206789e-01 -4.93918258e-01 -8.75248087e-01  1.78315571e+00
 -2.47313929e+00 -1.23471804e+01 -2.03295617e-01 -1.43996893e+00
 -1.66378596e-02 -4.56767849e-09]
      fun: 1245.463097130043
 hess_inv: <10x10 LbfgsInvHessProduct with dtype=float64>
      jac: array([ 1.07897904e-02,  4.20300239e-03,  1.28823103e-02,  6.76731463e-03,
        9.22369859e-03,  1.16014678e-05,  2.56181920e-03, -2.16521721e-02,
        2.63159020e-03, -5.61082339e+00])
  message: 'CONVERGENCE: REL_REDUCTION_OF_F_<=_FACTR*EPSMCH'
     nfev: 82
      nit: 62
     njev: 82
   status: 0
  success: True
        x: array([-7.01206789e-01, -4.93918258e-01, -8.75248087e-01,  1.78315571e+00,
       -2.47313929e+00, -1.23471804e+01, -2.03295617e-01, -1.43996893e+00,
       -1.66378596e-02, -4.56767849e-09])
