number of sites to be analyzed:  134
log likelihood =  -1469.1866797120733
Edge derivatives =  [-7.7433051150809415, -6.959522295799373, 0.6972925841354745, -1.9445798604653008, -16.21908653157724, -9.753430389758746, -17.799815309829054, -11.80359137021991, -23.599452935527996, -12.406312467171428, -18.9967725047468, -16.56093719936953]
other derivatives: [-51.7475346   13.85711857   8.65799711  60.30954683 -86.70865282
  17.56928532  14.62089881]
Current x array =  [-0.66559307 -0.55692024 -0.89390537  0.18232156 -0.10536052 -0.10536052
  0.33647224 -2.30258509 -2.30258509 -2.30258509 -2.30258509 -2.30258509
 -2.30258509 -2.30258509 -2.30258509 -2.30258509 -2.30258509 -2.30258509
 -2.30258509]
log likelihood =  -1400.9523105317946
Edge derivatives =  [-5.938355775473727, -5.015892970877752, 2.8091518552924803, 0.45623537689644084, -11.062717505533943, -7.134564836901243, -12.780052232586877, -7.124343990988451, -17.235472443058544, -8.57027916156408, -13.659490135809206, -12.00574789877576]
other derivatives: [109.50839635  12.28435281   9.23677089  60.43680582 -77.90505515
  13.1713532   12.71612882]
Current x array =  [-1.12460662 -0.55242373 -0.88641972  0.26940682 -0.87448791 -0.01572345
  0.39557939 -2.37127014 -2.36199284 -2.29639993 -2.319834   -2.44645244
 -2.38910046 -2.4604739  -2.4072859  -2.51191813 -2.41263218 -2.47109121
 -2.44948474]
log likelihood =  -1303.198578524754
Edge derivatives =  [-2.785581982296613, -2.3931541458811365, 5.754646225976195, 3.6881949885303142, -5.240863730240146, -3.171168461741387, -6.731298479729697, -1.370374178884245, -10.118550557779297, -3.1681921561009854, -6.999818582171079, -6.193108254666294]
other derivatives: [112.50566481  -2.32275215 -10.34551656  34.58436413 -32.05963107
   6.35877223   9.64445735]
Current x array =  [-1.18639383 -0.50757446 -0.84509302  0.58661161 -2.15447428  0.14299422
  0.5147712  -2.48099113 -2.45604045 -2.27628325 -2.33862316 -2.6700818
 -2.52575016 -2.70877498 -2.56586374 -2.84243335 -2.58417775 -2.7361796
 -2.68102237]
log likelihood =  -1257.303984034337
Edge derivatives =  [-3.847623471469214, -3.354660930622406, 1.3642603964232745, -0.4471483766026828, -4.682106459225378, -4.27647667662952, -6.303351050972937, -1.9799911947817184, -8.098340303616762, -2.7248831317388262, -4.813649103005212, -5.685939882051719]
other derivatives: [30.29341633 63.34253294 70.56508337 19.03079104 -8.85335329  3.77059791
  4.81778602]
Current x array =  [-0.85767955 -0.74060778 -1.35638656  1.12180017 -3.13200993  0.33733686
  0.77818943 -2.59139621 -2.55706962 -2.11985241 -2.25299219 -2.91436274
 -2.66108324 -2.99696151 -2.67647786 -3.26145258 -2.73703834 -3.03639271
 -2.94362333]
log likelihood =  -1222.2273750332631
Edge derivatives =  [-3.280688296050559, -3.030199703040311, 0.2367647118352718, -0.6641085472477767, -3.671647753435753, -3.5186267542488445, -4.8365039076369305, -1.0768786390120038, -6.175836166673666, -1.9746677112349338, -3.152744741843659, -3.72152932811613]
other derivatives: [-33.29705055 -33.93994893  34.67275309  15.96461797  -2.71048139
   2.30561568   2.42436022]
Current x array =  [-0.69632113 -0.43980853 -1.10062614  1.41104739 -3.65291459  0.43902756
  0.90179082 -2.66388295 -2.62172531 -2.06042964 -2.2319111  -3.05052311
 -2.74785187 -3.15970466 -2.74554816 -3.48754046 -2.82506354 -3.19626078
 -3.09215965]
log likelihood =  -1211.1948791573607
Edge derivatives =  [-1.8231106301749054, -1.8294226381997905, 1.1560125181493417, 0.21021176883811726, -2.3691590405051857, -2.120170820560305, -3.2986325446491773, 0.3493059055272787, -4.658337443642021, -0.41628820412517065, -1.6965715064397615, -1.6991100932024288]
other derivatives: [-0.67453425 -5.34491255 -5.18523848 10.13547509  0.29094707  1.47157562
  1.70918224]
Current x array =  [-0.73958306 -0.48967222 -0.89518925  1.60794518 -4.08691947  0.50907316
  0.97442031 -2.72252289 -2.67358322 -2.03191785 -2.22815185 -3.15458815
 -2.81735882 -3.2825993  -2.80246478 -3.65420441 -2.89536248 -3.31486467
 -3.20243977]
log likelihood =  -1207.7815811432247
Edge derivatives =  [-1.4230557764296075, -1.5409166386790023, 0.48115491635302465, -0.14402122869063372, -1.802988339858366, -1.586994058009362, -2.5976649482184184, 0.7660883601553601, -3.793814860469585, 0.228806090295608, -0.7779333351293998, -0.7157702220126222]
other derivatives: [-9.49225091  3.76056596 -6.56137217  6.6653133   1.95417283  0.82731776
  0.31245225]
Current x array =  [-0.70970071 -0.50809524 -0.89320062  1.83324807 -4.46211975  0.58346366
  1.06332978 -2.77926906 -2.72541696 -1.9849524  -2.21074309 -3.2599525
 -2.88541799 -3.40948099 -2.84823908 -3.83205637 -2.9583143  -3.43376468
 -3.3109237 ]
log likelihood =  -1206.3161924701271
Edge derivatives =  [-1.1002296547997574, -1.2510902355469318, -0.0512663695818287, -0.007472133200477321, -0.9692501547208923, -0.6519229777870569, -1.6378294799882922, 1.5130018633518114, -2.658023338227888, 0.9393499102442235, 0.3929707281832268, 0.441599300053829]
other derivatives: [ 18.96022968 -16.8760605    3.04675132   1.56477275   3.2894122
   0.18175365  -0.87643781]
Current x array =  [-0.75497904 -0.45498448 -0.95355845  2.17621248 -4.91425242  0.67729766
  1.15794414 -2.86717566 -2.80917657 -1.92953375 -2.19636062 -3.40895385
 -2.98756356 -3.59531234 -2.88951075 -4.09497131 -3.02694767 -3.58127445
 -3.44468363]
log likelihood =  -1205.409392013727
Edge derivatives =  [-1.0165463080745794, -1.1743861612053375, -0.1772303643919307, -0.18810120986888068, -0.9494404644809543, -0.6599522111793459, -1.6359304736516262, 1.306699184875907, -2.6268659651044515, 0.9224311394135987, 0.3850837790261365, 0.43097951531927314]
other derivatives: [-0.03527566  0.80452332  3.11101667  1.61622316  3.25302922  0.15491855
 -0.99991899]
Current x array =  [-0.71506972 -0.49479025 -0.95194961  2.20359891 -4.89648188  0.6833161
  1.16398149 -2.87377844 -2.81657055 -1.9236979  -2.19286105 -3.41784232
 -2.99304151 -3.60835787 -2.88395079 -4.11564591 -3.0249313  -3.58549971
 -3.44838507]
log likelihood =  -1205.182897352781
Edge derivatives =  [-0.983518902118232, -1.1248995719098847, -0.16573078316050743, -0.18893106364590964, -0.9285558737406014, -0.6471662576462549, -1.6245824969981806, 1.206971118454926, -2.5867834033188, 0.8564565929650498, 0.348913610609008, 0.4039778288191076]
other derivatives: [-3.91060394  1.329008    0.63544849  1.53064986  3.18184806  0.18216247
 -0.90076848]
Current x array =  [-0.70708477 -0.49602313 -0.93834029  2.21761748 -4.85778649  0.68273462
  1.15983892 -2.87781991 -2.82160345 -1.92347381 -2.19298549 -3.41999238
 -2.99542455 -3.61381237 -2.87505622 -4.12507258 -3.01823773 -3.58069716
 -3.44413173]
log likelihood =  -1204.2371568761218
Edge derivatives =  [-0.8193482659191978, -0.8631312595556476, 0.07938820303527411, -0.025794672845714267, -0.7487735365280549, -0.5218735757279254, -1.5441508887295805, 0.7164369256423113, -2.3454323866465816, 0.49168281042403916, 0.17166103669824945, 0.2168356978844342]
other derivatives: [-11.67859068   4.41120073  -5.78241202   0.74606286   2.71748978
   0.38298526  -0.18873184]
Current x array =  [-0.69083547 -0.503412   -0.90569495  2.30304398 -4.62519137  0.67829218
  1.13153593 -2.90343858 -2.85328215 -1.92318321 -2.194857   -3.43383065
 -3.01094261 -3.6488093  -2.81969909 -4.18504852 -2.97647492 -3.55049555
 -3.41683848]
log likelihood =  -1203.08381321829
Edge derivatives =  [-0.6067829188272953, -0.4921436511434133, 0.5218233325886401, 0.31550587190225887, -0.4177526235946728, -0.3202023388340132, -1.4294123926388989, -0.11821214637388153, -1.9597335296616187, -0.1700249249755213, -0.10454855628185258, -0.13261926490984288]
other derivatives: [-14.37188416   5.8235953   -8.72805981  -0.63624352   1.67596735
   0.75512889   0.84455122]
Current x array =  [-0.68438348 -0.5063727  -0.89317278  2.45094201 -4.23597703  0.67396284
  1.08673018 -2.95061144 -2.91024148 -1.92052697 -2.19708033 -3.4610451
 -3.04008881 -3.71595923 -2.72586846 -4.2976379  -2.90663996 -3.50131032
 -3.37233855]
log likelihood =  -1201.9783750738438
Edge derivatives =  [-0.3497941570024516, -0.1470771973127318, 0.5069870969456436, 0.4578697957485486, -0.0003390920033393488, -0.069423731009533, -1.1541673842303521, -0.8188570480301065, -1.4228538842531255, -0.6868449820386622, -0.2828167734413928, -0.33772772610821433]
other derivatives: [-9.11036705  3.63336198 -4.95707309 -1.8030512   0.51906017  0.93322024
  0.62342948]
Current x array =  [-0.69347214 -0.49967226 -0.91528768  2.58151631 -3.90585934  0.7136309
  1.08978725 -3.0288761  -2.99123586 -1.89057568 -2.18170157 -3.51628761
 -3.08882428 -3.85285191 -2.65473629 -4.50296635 -2.86367697 -3.47837737
 -3.35558807]
log likelihood =  -1201.3785415474235
Edge derivatives =  [-0.214174602029809, 0.024818439383131753, 0.1432356710268334, 0.36498314352567063, 0.2976273293444287, 0.16068471535348006, -0.8304233641112059, -0.7591936893057681, -1.0221611519828486, -0.6155791172719635, -0.22217735175843117, -0.2493794723146482]
other derivatives: [ 0.311652   -0.31672812  0.09596693 -2.13136102  0.03894356  0.86186401
  0.23311417]
Current x array =  [-0.71154986 -0.489048   -0.94495643  2.61267234 -3.77764292  0.77466083
  1.11474312 -3.09330895 -3.05026477 -1.85544299 -2.15753498 -3.56170903
 -3.12677594 -3.9835711  -2.64510539 -4.6878457  -2.86889021 -3.48827813
 -3.36939435]
log likelihood =  -1201.1657805289185
Edge derivatives =  [-0.17964587146351035, 0.05839013962251147, -0.16804382151365393, 0.19803153068763063, 0.37849882976433685, 0.21859643756468472, -0.6615838139213194, -0.4546089040804332, -0.8535531395155723, -0.3876217242343987, -0.16714772834949876, -0.15195961355662557]
other derivatives: [ 5.27610268 -2.06271625  2.73536739 -1.83822272 -0.01212922  0.73922843
 -0.1069399 ]
Current x array =  [-0.72197479 -0.48462237 -0.96094971  2.57403462 -3.75589878  0.8156501
  1.13624863 -3.12200522 -3.07225628 -1.83572722 -2.14029597 -3.576619
 -3.13931752 -4.04989806 -2.66101955 -4.77724864 -2.88717279 -3.49964576
 -3.3829094 ]
log likelihood =  -1200.988702044161
Edge derivatives =  [-0.1532854051611005, 0.07927217924172877, -0.48766827579091454, -0.026127305075147128, 0.40543042244207605, 0.216997025149515, -0.5079969046377181, -0.1042576297889849, -0.7119911685652822, -0.12471797831719936, -0.14411148050592332, -0.07241502435317292]
other derivatives: [ 6.9602911  -2.85844408  3.89474212 -1.21683056 -0.13306743  0.62493814
 -0.39704208]
Current x array =  [-0.72639658 -0.48266597 -0.96835706  2.5060696  -3.72684743  0.85805584
  1.1560308  -3.14670055 -3.08853504 -1.81908009 -2.12228376 -3.58241999
 -3.14551602 -4.11092832 -2.68134011 -4.85798838 -2.90752099 -3.50806536
 -3.39376205]
log likelihood =  -1200.7736629948672
Edge derivatives =  [-0.07832343369290175, 0.14246587164815025, -0.7159306574307287, -0.26404202818052136, 0.4415681553331853, 0.22673259705309123, -0.2717203379574188, 0.3608560039101668, -0.5147021487897335, 0.282172433612209, -0.018387524969044694, 0.12249813302430676]
other derivatives: [ 5.81357176 -2.24944074  2.64678465 -0.33274674 -0.19603171  0.44143462
 -0.50818488]
Current x array =  [-0.72496887 -0.48382727 -0.96233531  2.41815079 -3.70736609  0.92450098
  1.17667275 -3.18095356 -3.1076149  -1.8089783  -2.10289586 -3.58557372
 -3.15190621 -4.19872422 -2.70735658 -4.97570795 -2.93494645 -3.52672817
 -3.41265165]
log likelihood =  -1200.797679245074
Edge derivatives =  [-0.059122477444559195, 0.1515889435798443, -0.7160665229696089, -0.4260689552566943, 0.41651994874805354, 0.1783455581282879, -0.10287520572318007, 0.3774714084473692, -0.3496188751328828, 0.3663198478631011, 0.14183517891777592, 0.2075250435324168]
other derivatives: [-7.67940173 -8.25625693  3.96234736  0.388154   -0.19391609  0.25880672
 -0.33113556]
Current x array =  [-0.69919004 -0.46891645 -0.96984966  2.37475957 -3.70436611  0.99838458
  1.18219553 -3.21567381 -3.12151611 -1.82452738 -2.09874552 -3.57877381
 -3.15471221 -4.28932351 -2.70989442 -5.10607539 -2.94285863 -3.54698485
 -3.4262439 ]
log likelihood =  -1200.7183900389762
Edge derivatives =  [-0.06937799982238263, 0.14675451452257662, -0.7151200152112804, -0.33604662762004744, 0.43048092289919493, 0.2044943360063531, -0.1919282586660495, 0.369118240528189, -0.43599587796380335, 0.32164545914471154, 0.055034877996376866, 0.16153254964233532]
other derivatives: [-0.19686377 -4.93695597  3.24694543 -0.00972791 -0.19496752  0.35854191
 -0.42454605]
Current x array =  [-0.71321162 -0.47702672 -0.96576247  2.39836085 -3.70599785  0.95819794
  1.17919159 -3.19678883 -3.11395499 -1.81606995 -2.10100296 -3.58247241
 -3.15318597 -4.2400449  -2.70851405 -5.03516615 -2.93855505 -3.53596687
 -3.41885082]
log likelihood =  -1200.6378380297504
Edge derivatives =  [0.02002503635299814, 0.22677295704822664, -0.5777292233918428, -0.3263953363842946, 0.4697999642369994, 0.23219448241408536, -0.07531134785326929, 0.4919654147605645, -0.3463703890433216, 0.48326362896587227, 0.15183726890099308, 0.2777759220649498]
other derivatives: [-1.31566867 -0.85959778  0.95764153  0.26758631 -0.24564785  0.28727641
 -0.28979818]
Current x array =  [-0.71117583 -0.48648362 -0.95330947  2.37177319 -3.69177467  0.99230701
  1.18165224 -3.21356814 -3.12168854 -1.8212313  -2.09717377 -3.58000045
 -3.15479556 -4.28300019 -2.71189455 -5.09580944 -2.94436034 -3.54468894
 -3.42553423]
log likelihood =  -1200.6115896104484
Edge derivatives =  [0.06270771743853498, 0.2636997831166171, -0.3828894199047666, -0.24149428530574021, 0.47694053295286565, 0.23308041856337866, -0.042533291585571106, 0.43360327042827185, -0.3167153087546289, 0.46758747291435876, 0.19891786286269492, 0.3091658823721826]
other derivatives: [-1.7423838  -0.14877469 -0.7135784   0.23034698 -0.23694413  0.26858496
 -0.14500855]
Current x array =  [-0.7100613  -0.4880915  -0.94426464  2.37476977 -3.69032254  1.00490064
  1.1769563  -3.21810017 -3.12151012 -1.83125894 -2.10083233 -3.57460413
 -3.15316659 -4.29580366 -2.70572168 -5.1167772  -2.93976733 -3.54694065
 -3.42515258]
log likelihood =  -1200.580886783815
Edge derivatives =  [0.10967977577823734, 0.2991725031247732, -0.07102272889585465, -0.09361040686463704, 0.47354702671453053, 0.21879940572319329, -0.014972447567827118, 0.2860752174696716, -0.28501327227067186, 0.38479090664569404, 0.25499912058317004, 0.3155336615445075]
other derivatives: [-2.29646525  1.19509627 -1.24284907  0.12870168 -0.18548196  0.23602127
  0.0110291 ]
Current x array =  [-0.70871486 -0.49120137 -0.94155939  2.38395971 -3.69539979  1.02323576
  1.16934873 -3.22335426 -3.11897255 -1.84800116 -2.10814259 -3.56398532
 -3.14936953 -4.31247207 -2.6934943  -5.14648086 -2.92947506 -3.54879312
 -3.42232804]
log likelihood =  -1200.5418981924056
Edge derivatives =  [0.15997067526751116, 0.31899094955508644, 0.5099598950300949, 0.16290537485514014, 0.3921148712991952, 0.10861185228578475, 0.030852362318836257, 0.12798866112865384, -0.22792893013612828, 0.25969500811458424, 0.365311237812857, 0.32613811798677916]
other derivatives: [-0.47979074  0.06122809 -2.18523473  0.18521993  0.06481329  0.11912573
  0.2502609 ]
Current x array =  [-0.71191021 -0.48827599 -0.93699811  2.37298684 -3.73282947  1.06668663
  1.15596013 -3.22923788 -3.1051757  -1.88336188 -2.12189624 -3.5320571
 -3.13495357 -4.34334432 -2.67765014 -5.20251716 -2.91359668 -3.55360143
 -3.41701302]
log likelihood =  -1200.5191227952314
Edge derivatives =  [0.20819841243368736, 0.36801364407042725, 0.7966433202263377, 0.34630915073912, 0.4091295754605847, 0.10341390932519043, 0.055136686540706664, -0.3107957612327023, -0.1740432275298373, -0.06392955022696316, 0.3544232711686975, 0.215630238204216]
other derivatives: [-1.02490594  2.02428373 -0.10644453 -0.13294031 -0.05674552  0.07004212
  0.11883173]
Current x array =  [-0.71083384 -0.49287639 -0.94880334  2.40651579 -3.69988446  1.10540715
  1.14840116 -3.24724585 -3.107969   -1.89715952 -2.12851346 -3.51644386
 -3.13402539 -4.39154246 -2.64674758 -5.28690781 -2.88710546 -3.54718675
 -3.4046801 ]
log likelihood =  -1200.4978378077817
Edge derivatives =  [0.17230462781291175, 0.3330111450537326, 0.6315148539259299, 0.2520265424594671, 0.3663144276459695, 0.05710800679730628, 0.0547297994103015, -0.19863085737517253, -0.17326881828241864, -0.02507812562827906, 0.3170445244550507, 0.19569450941188085]
other derivatives: [ 0.00586147  0.46106288  0.03278274  0.02748169 -0.0349308   0.04652438
  0.00551166]
Current x array =  [-0.71313899 -0.48923763 -0.94956156  2.39000743 -3.70380871  1.10859157
  1.15187115 -3.24538271 -3.10393414 -1.88929704 -2.12385586 -3.51146767
 -3.13192259 -4.3923183  -2.65378108 -5.28875735 -2.89120082 -3.54480352
 -3.40383506]
log likelihood =  -1200.4825066922372
Edge derivatives =  [0.12465353651599528, 0.2892900958578863, 0.4165311452333358, 0.14354301262332284, 0.3028922271439002, -0.014939048153123524, 0.055382803221146804, -0.13743515247992694, -0.1650621775631742, -0.046648529472853986, 0.24388119891968082, 0.12992421444565005]
other derivatives: [ 0.92990513 -0.97760949  0.43654472  0.15532709 -0.0401454   0.01059395
 -0.17666475]
Current x array =  [-0.71539425 -0.48606987 -0.95173886  2.3775815  -3.70084396  1.11914589
  1.15413042 -3.24496807 -3.09708934 -1.87852421 -2.11817118 -3.49970814
 -3.1286265  -4.40081211 -2.65688203 -5.30664933 -2.89047291 -3.53784271
 -3.3984548 ]
log likelihood =  -1200.470338454962
Edge derivatives =  [0.08007083570339302, 0.24752519300594597, 0.2538973649864817, 0.07191588879674465, 0.23193257054839023, -0.09390357241382243, 0.0498428569718362, -0.12925815849574449, -0.1617455927932512, -0.10266280729167386, 0.16507822071185277, 0.048265908400938945]
other derivatives: [ 1.07187634 -1.47381024  0.52380301  0.19415483 -0.03205527 -0.0145875
 -0.28644273]
Current x array =  [-0.71602586 -0.48522657 -0.95199273  2.37432878 -3.7004538   1.12758613
  1.15235618 -3.24216528 -3.08702815 -1.87031793 -2.11496886 -3.48447573
 -3.12412132 -4.40478014 -2.65620572 -5.32076838 -2.88583056 -3.52874578
 -3.39050752]
log likelihood =  -1200.44806488011
Edge derivatives =  [-0.0115894839293827, 0.1641037423951188, -0.0216743765444265, -0.03690441124400409, 0.08621170941783377, -0.24260930599066133, 0.05407293271432488, -0.07551955275734679, -0.146757314059367, -0.16612760001737725, 0.023524703795569972, -0.10169653890586967]
other derivatives: [ 0.59397644 -1.11250642  0.38629014  0.19264459  0.00238663 -0.05688535
 -0.2241232 ]
Current x array =  [-0.7156991  -0.48680538 -0.95065928  2.37608095 -3.7028552   1.14725769
  1.1406951  -3.23553468 -3.06107566 -1.85582245 -2.11040823 -3.44704288
 -3.1159829  -4.41341544 -2.65339233 -5.35614974 -2.87525333 -3.50843553
 -3.37322271]
log likelihood =  -1200.4367613459572
Edge derivatives =  [-0.04384692194436346, 0.14313228533237593, -0.14527108184482052, -0.07096421038482598, 0.0684498561175372, -0.22466410326979142, 0.10773532634044126, -0.026641738977292967, -0.09520446311290737, -0.10384737555230623, -0.024111459485204927, -0.11738246138106105]
other derivatives: [ 0.65530639 -0.64030314  0.06480604  0.05449305 -0.0916249  -0.0912746
  0.02229994]
Current x array =  [-0.71588651 -0.48811237 -0.94906552  2.39120799 -3.6788393   1.17705718
  1.13069232 -3.24542418 -3.04697484 -1.84706213 -2.10649168 -3.42252122
 -3.12523274 -4.44725306 -2.64771124 -5.43065113 -2.87130353 -3.49675738
 -3.36740416]
log likelihood =  -1200.4833804828636
Edge derivatives =  [-0.10147489088244194, 0.04035038673058982, -0.06386111802719344, -0.09424353850446487, -0.06219433064432289, -0.26842929304993335, 0.13559668567898178, 0.02845912366750203, -0.061478448541828774, 0.033376594807931356, -0.037010430754459665, -0.09073355342486393]
other derivatives: [-7.21639049 -1.53579458 -0.13124463  0.20577402  0.07633141 -0.16519582
  0.37978049]
Current x array =  [-0.70073311 -0.4858219  -0.94725796  2.38931398 -3.70945852  1.20329416
  1.11991777 -3.24754932 -3.01323464 -1.85879667 -2.11182017 -3.38279224
 -3.13605818 -4.46073134 -2.64900121 -5.48774973 -2.87492304 -3.49135896
 -3.36928672]
log likelihood =  -1200.4345131955301
Edge derivatives =  [-0.05415574294696845, 0.1254417985040458, -0.13117614214074658, -0.0754067103262166, 0.046344899908515994, -0.2324401432838325, 0.11273835833829579, -0.0170245560007741, -0.08900377356824378, -0.07959223095966671, -0.026369664562996137, -0.11274780689178175]
other derivatives: [-0.70980946 -0.79721008  0.02979118  0.08078632 -0.06157495 -0.10431823
  0.08659346]
Current x array =  [-0.71320849 -0.48770758 -0.94874608  2.39087327 -3.68425055  1.18169398
  1.12878816 -3.24579975 -3.04101202 -1.84913594 -2.10743337 -3.41550002
 -3.12714589 -4.44963504 -2.64793922 -5.44074202 -2.87194319 -3.49580333
 -3.36773686]
log likelihood =  -1200.4312432094578
Edge derivatives =  [-0.0496582334812973, 0.12609687702183386, -0.08798622421279498, -0.055344178177252235, 0.05963811764188498, -0.20027059646526552, 0.1278608192716723, 0.021419110779199252, -0.07801482116194879, -0.011109691808907085, -0.009835278227495775, -0.0753432060827257]
other derivatives: [-0.60537991 -0.11057818 -0.11828251  0.04611212 -0.05488423 -0.10872495
  0.19975575]
Current x array =  [-0.71330031 -0.48931403 -0.94802895  2.39375338 -3.68471083  1.18542617
  1.12700109 -3.24809384 -3.0373566  -1.85069027 -2.10807429 -3.41194716
 -3.13225258 -4.4537777  -2.64858252 -5.45314028 -2.87438502 -3.49605474
 -3.37010154]
log likelihood =  -1200.4280582507454
Edge derivatives =  [-0.04676671307315955, 0.11727310500200003, -0.026803363018273685, -0.030200903446497313, 0.07098402472739318, -0.15956944860485564, 0.13718842888038024, 0.0589447320216025, -0.07006035043568831, 0.06906809792642267, 0.003860596889180702, -0.028433138212419197]
other derivatives: [-0.46049354  0.54494762 -0.1435817   0.00930168 -0.02860586 -0.11237429
  0.27583619]
Current x array =  [-0.7134286  -0.4908395  -0.94796768  2.39652553 -3.68928009  1.18612214
  1.12676653 -3.24972802 -3.03144795 -1.8534062  -2.10950256 -3.40791399
 -3.139752   -4.45370344 -2.65028381 -5.46207359 -2.87834905 -3.49678916
 -3.37404782]
log likelihood =  -1200.424312581417
Edge derivatives =  [-0.05268797467266394, 0.09140556654446164, 0.023846711457192277, -0.008272532963689155, 0.07253351282709045, -0.11504888236695332, 0.13834479802208263, 0.07570883639775497, -0.06429727139426826, 0.13758062583733313, -0.0021555224257563954, 0.012287833076275803]
other derivatives: [-0.2753136   0.85422698 -0.02430511 -0.05267175  0.00400562 -0.11592916
  0.28339742]
Current x array =  [-0.71360478 -0.49154634 -0.94866952  2.40178839 -3.6950327   1.18483278
  1.12789279 -3.25106183 -3.02170381 -1.85574714 -2.11136768 -3.40107436
 -3.15036297 -4.45059274 -2.65178474 -5.47214995 -2.88231845 -3.49616575
 -3.3782074 ]
log likelihood =  -1200.4187994975105
Edge derivatives =  [-0.06919829160642331, 0.0319266642432253, 0.08564488105130605, 0.018427859827214343, 0.04178353748181918, -0.07112219659498217, 0.12436834236781115, 0.0510183048299985, -0.061401516246264956, 0.17249850167273645, -0.04027468420941598, 0.0464528366787999]
other derivatives: [ 0.11835482  0.72106218 -0.10641338 -0.12500599  0.07432702 -0.12863857
  0.12760753]
Current x array =  [-0.71413581 -0.49125688 -0.94820928  2.40733522 -3.70750193  1.18104829
  1.13216496 -3.25221341 -3.00219323 -1.85907262 -2.11474694 -3.38568791
 -3.1670515  -4.44130983 -2.65309109 -5.48712554 -2.88544733 -3.49373436
 -3.38285012]
log likelihood =  -1200.4151895276327
Edge derivatives =  [-0.08853812568631364, -0.023122143294000738, 0.04426537448024567, 0.001866670888960309, 0.028152213145284086, -0.016014295539813733, 0.10834393961166734, 0.026763166515145126, -0.060401158721131054, 0.1559826812195071, -0.0737018320809343, 0.062447851064436705]
other derivatives: [ 0.05163793  0.61504102  0.53173039 -0.12676207  0.07275715 -0.12566237
 -0.08992826]
Current x array =  [-0.71402889 -0.49105596 -0.9516175   2.40796914 -3.70826742  1.17398307
  1.13861222 -3.25693898 -2.9874126  -1.85632729 -2.11530095 -3.37486146
 -3.18578412 -4.43287747 -2.65515655 -5.5045064  -2.88657855 -3.49295446
 -3.38696327]
log likelihood =  -1200.4118778106108
Edge derivatives =  [-0.1017744609158967, -0.06271437247546974, 0.022932598612006277, 0.008267593021126118, 0.021740879008102162, 0.042374194989705155, 0.10005663606691853, 0.01276318752054556, -0.054863416551584235, 0.11773294031793108, -0.07858961936727996, 0.08765618820644903]
other derivatives: [ 0.35368271 -0.62833669 -0.09179871 -0.14461049  0.06300435 -0.11021185
 -0.17216929]
Current x array =  [-0.71447861 -0.48810301 -0.9481894   2.40958356 -3.707368    1.16586628
  1.14090632 -3.26297355 -2.97343918 -1.85431264 -2.11660375 -3.36362123
 -3.20410462 -4.42382546 -2.6558614  -5.52350904 -2.88476241 -3.49337901
 -3.38979418]
log likelihood =  -1200.409750573339
Edge derivatives =  [-0.10133412690175898, -0.055080894922396775, -0.027961123614614197, -0.009945051898161555, 0.023619855633373266, 0.03530018591736753, 0.09270049474310764, 0.006077515217201873, -0.06082275142720747, 0.06180950722956298, -0.07353820761178655, 0.06550728739749569]
other derivatives: [ 0.11792804 -0.50957237  0.00079035 -0.08837608  0.03801637 -0.09614055
 -0.21023471]
Current x array =  [-0.71418203 -0.48845506 -0.94858068  2.40472857 -3.70429608  1.16076739
  1.1415194  -3.26331973 -2.97638003 -1.85134708 -2.11548616 -3.36636695
 -3.20244646 -4.41940431 -2.65616285 -5.51674304 -2.88198258 -3.49458833
 -3.38804704]
log likelihood =  -1200.4066645488037
Edge derivatives =  [-0.10654389367044728, -0.051655364669063286, -0.10924808480498015, -0.029046424510584423, 0.019392964663204573, 0.03781272839880459, 0.08330723466120299, 0.022023929627454808, -0.06549293883594207, -0.027270069108227227, -0.05066887837709886, 0.03276837316464912]
other derivatives: [-0.15318687 -0.33027754  0.04794447  0.00976957 -0.00822808 -0.06084778
 -0.16308831]
Current x array =  [-0.7139533  -0.48905034 -0.9486125   2.39625743 -3.69912284  1.15041076
  1.13926139 -3.26710758 -2.9755263  -1.84585226 -2.11401881 -3.36405331
 -3.20468168 -4.40903307 -2.65667434 -5.51620402 -2.87579456 -3.49654364
 -3.38428826]
log likelihood =  -1200.4043495443834
Edge derivatives =  [-0.10564043834060254, -0.056526632659964146, -0.09832684695920885, -0.010261530976567956, 0.009924745467300572, 0.05979005793079499, 0.06982538389264545, 0.021599902207364075, -0.06648316753481295, -0.06676480118646896, -0.024546745890498323, 0.022866283321377287]
other derivatives: [-0.19834897 -0.01717649 -0.03797663  0.04861334 -0.02380927 -0.02591437
 -0.09344738]
Current x array =  [-0.71397106 -0.48989961 -0.94799349  2.39262897 -3.69939115  1.13858071
  1.13679079 -3.27328101 -2.9691016  -1.84500741 -2.11471075 -3.3566829
 -3.21227406 -4.39477564 -2.65647057 -5.52238047 -2.87216034 -3.49857903
 -3.38241342]
log likelihood =  -1200.4024479528196
Edge derivatives =  [-0.10257788553629116, -0.052799577694082486, -0.04284259815955346, 0.02601059160215613, -0.0034942950009877877, 0.07996720296456344, 0.06278706792660207, 0.04684493433064252, -0.059994816614845105, -0.06206613333760999, 0.029634855211226697, 0.016654033562629178]
other derivatives: [-0.04004733 -0.10933491  0.12626583  0.08611889 -0.04044073  0.01275347
  0.14118043]
Current x array =  [-0.71438298 -0.48969187 -0.94884316  2.38924436 -3.69959604  1.12930304
  1.13001055 -3.28397882 -2.96301006 -1.84650804 -2.11540719 -3.34634985
 -3.21895161 -4.38212215 -2.65543757 -5.53877904 -2.86932808 -3.50157516
 -3.37950549]
log likelihood =  -1200.40214157829
Edge derivatives =  [-0.09109173756432422, -0.06508409608476301, 0.05281040923143143, 0.05676312359363864, -0.045753085522033124, 0.09278208582548707, 0.041948018749726416, -0.010607582595691709, -0.054235303210549535, -0.03491892835800327, 0.0351197041076367, 0.014545076269652263]
other derivatives: [-0.9681537   0.30980164 -0.24182873  0.06038639 -0.01629952  0.02515159
  0.12673675]
Current x array =  [-0.71246264 -0.49068075 -0.94673051  2.3926645  -3.70575692  1.12171755
  1.12948268 -3.29620521 -2.951547   -1.85082979 -2.11689281 -3.33172223
 -3.22946175 -4.36788133 -2.65346195 -5.56190771 -2.87008702 -3.50234015
 -3.37892518]
log likelihood =  -1200.4002873004802
Edge derivatives =  [-0.08428836209490073, -0.05176763988674615, 0.06634334067008493, 0.06308462119900285, -0.04534848719727834, 0.08183256163441986, 0.0406419279851731, -0.01947376915772346, -0.053788121294693514, -0.032672602938286, 0.03454196839541369, 0.005192406778786324]
other derivatives: [ 0.09233554  0.25530017 -0.13537692  0.03990238 -0.01916857  0.02075177
  0.09771758]
Current x array =  [-0.71453476 -0.49055215 -0.94745961  2.39293383 -3.7042855   1.12339337
  1.12978335 -3.29779127 -2.95468198 -1.85107922 -2.11611395 -3.33309343
 -3.22600119 -4.36934883 -2.65248693 -5.56287344 -2.87018402 -3.50222659
 -3.37773524]
log likelihood =  -1200.3992258866742
Edge derivatives =  [-0.0773473583174953, -0.03818909920409715, 0.07506421030348062, 0.05841504591129634, -0.049489711412430686, 0.0667720679677541, 0.04069721759211925, -0.03473277806888862, -0.05119349763501947, -0.01569413826216909, 0.03241957750988727, -0.004741641193667587]
other derivatives: [ 0.27250189  0.0622008  -0.0258508   0.02478809 -0.02425408  0.01258476
  0.07817202]
Current x array =  [-0.71487554 -0.49003017 -0.94816281  2.39428494 -3.70251147  1.12666352
  1.13003279 -3.30099838 -2.9581735  -1.85168263 -2.11497315 -3.33411957
 -3.22243737 -4.37220885 -2.65140575 -5.56781856 -2.87130266 -3.50208204
 -3.37677712]
log likelihood =  -1200.3973225706038
Edge derivatives =  [-0.053584542974826864, -0.0042896578546056455, 0.10911516974242894, 0.04747909249734186, -0.07619249090613567, 0.034038844988410616, 0.02968546158774342, -0.09419313039422354, -0.04299637433546924, 0.022636158785662525, 0.029675438217352704, -0.03641796607617374]
other derivatives: [ 0.3886023  -0.12021815  0.09514497 -0.00880315 -0.04095097  0.00175879
 -0.00460526]
Current x array =  [-0.71508695 -0.4894746  -0.94903286  2.39770114 -3.69850721  1.12989182
  1.13112545 -3.31650746 -2.96302228 -1.85304483 -2.11165888 -3.33116317
 -3.218147   -4.37164734 -2.64831982 -5.59166856 -2.87367583 -3.50240541
 -3.37368923]
log likelihood =  -1200.3956108755015
Edge derivatives =  [-0.03952547398824369, 0.019491265475054198, 0.08518760552290544, 0.02029444025991714, -0.09396067021541653, 0.013613267650406297, 0.0233432384645314, -0.08893027855504373, -0.03583875305873743, 0.04207983934161734, 0.027053424548407673, -0.05186430791854634]
other derivatives: [ 2.60395836e-01 -1.52409712e-01  1.13846909e-01 -1.68368823e-02
 -5.51581089e-02 -1.04651367e-04 -3.49999028e-02]
Current x array =  [-0.71486909 -0.48935652 -0.94924195  2.39907441 -3.69614022  1.12979232
  1.13142754 -3.33172956 -2.96491146 -1.85079711 -2.10792032 -3.32878014
 -3.21645688 -4.3672844  -2.64871348 -5.61409756 -2.87447481 -3.50227302
 -3.37204001]
log likelihood =  -1200.3930126181644
Edge derivatives =  [-0.011149116265078494, 0.056686176111783775, 0.044637612942194094, -0.016849639603935068, -0.12059291937078556, 0.002475233779639985, 0.008837435135675059, -0.03871861563267531, -0.01968132693063836, 0.06892955855707873, 0.020912466688550013, -0.04752570531576762]
other derivatives: [ 0.2982656   0.30027445 -0.08782013 -0.04895333 -0.05803069  0.00323221
 -0.07145954]
Current x array =  [-0.71494926 -0.49043189 -0.94835016  2.40244023 -3.69702144  1.12476565
  1.13161934 -3.36957288 -2.96054324 -1.84505423 -2.10110467 -3.32139199
 -3.21997251 -4.34954929 -2.65194991 -5.6716016  -2.8743413  -3.50126798
 -3.37163871]
log likelihood =  -1200.3929175917099
Edge derivatives =  [-0.013923729967224775, 0.06105708291806616, -0.099264356452205, -0.07733961336374565, -0.12405826141101478, 0.003080254119164863, -0.0034478179065957765, 0.03945433101117077, -0.013257028166004612, 0.0039055778631434113, 0.010258050180614028, -0.042711382512112525]
other derivatives: [-0.49823643 -0.80112022 -0.0915943  -0.00134729 -0.07296525  0.01957713
 -0.06768927]
Current x array =  [-0.71351281 -0.48780144 -0.94830539  2.40032059 -3.69740441  1.11636196
  1.13110303 -3.39531463 -2.95577006 -1.83572691 -2.09593306 -3.32097522
 -3.22369915 -4.3325519  -2.65726231 -5.70650408 -2.86995795 -3.50002446
 -3.37249006]
log likelihood =  -1200.3920903194778
Edge derivatives =  [-0.012430366848511475, 0.059096490404209084, -0.028980743556966643, -0.0477553243552358, -0.12236000551323237, 0.002813640003443016, 0.002632497352359136, 0.0015559630190281337, -0.016284291819579376, 0.03564617252056104, 0.015479986391013528, -0.045021062509698194]
other derivatives: [-0.10979193 -0.26286239 -0.08998472 -0.02456213 -0.06569082  0.01163175
 -0.06952059]
Current x array =  [-0.71421208 -0.48908196 -0.94832718  2.40135244 -3.69721797  1.12045293
  1.13135437 -3.38278338 -2.95809367 -1.84026751 -2.09845063 -3.32117811
 -3.221885   -4.34082634 -2.6546762  -5.68951333 -2.87209179 -3.50062981
 -3.37207562]
log likelihood =  -1200.3914115913929
Edge derivatives =  [-0.012390110352875974, 0.058356793246496924, -0.05052150759440269, -0.05082936891674325, -0.10937123691569794, 0.013812946174037388, 0.006947781884901246, 0.04466765173519749, -0.013661070270044842, 0.03451733689114417, 0.013095184178939352, -0.02334552043033597]
other derivatives: [-0.17599291 -0.01844182 -0.03624928 -0.02691668 -0.05549488  0.01179515
 -0.03110363]
Current x array =  [-0.71407668 -0.48967775 -0.94863358  2.40167333 -3.69950995  1.11990995
  1.13075602 -3.38764919 -2.95575547 -1.83841614 -2.09792032 -3.32269264
 -3.2232022  -4.3381786  -2.65689359 -5.69719363 -2.87140508 -3.49977152
 -3.37398852]
log likelihood =  -1200.390694445243
Edge derivatives =  [-0.01370749988308003, 0.050275764432792795, -0.06255535900351084, -0.04013002479187264, -0.08448014503881533, 0.038242915448731915, 0.01256311078965808, 0.09507238100841603, -0.010446521331694155, 0.024461222852598746, 0.008211125446616799, 0.015712080291856903]
other derivatives: [-0.06222172  0.11738393 -0.06431219 -0.03587834 -0.0304047   0.01156497
  0.02182938]
Current x array =  [-0.71424276 -0.49001307 -0.94851229  2.40219866 -3.70459364  1.11880287
  1.12985947 -3.39307683 -2.95046353 -1.83687573 -2.09841581 -3.32549499
 -3.22610817 -4.33395446 -2.65953695 -5.70629256 -2.86996691 -3.4983125
 -3.3774765 ]
log likelihood =  -1200.3900153870115
Edge derivatives =  [-0.01235756289214951, 0.050378463450870783, -0.0736265194116808, -0.03098180489143157, -0.052756497866704014, 0.050131468249275474, 0.015962121706204667, 0.09896962395227604, -0.008774263448908831, -0.004221979637967832, 0.0009754691485497832, 0.03389279579644945]
other derivatives: [-0.04502544  0.21286928  0.16110062 -0.02448459 -0.01908012  0.00692591
  0.03484753]
Current x array =  [-0.71429985 -0.49022874 -0.94977755  2.40111938 -3.70685874  1.12000852
  1.12940641 -3.39751606 -2.94894345 -1.83589927 -2.09871402 -3.33267254
 -3.22418311 -4.33320501 -2.65969697 -5.71190319 -2.86793856 -3.49697046
 -3.37931278]
log likelihood =  -1200.3890239138673
Edge derivatives =  [-0.004390105472443923, 0.048343737447830194, -0.03719826539790075, 0.0016466721679613827, -0.01706085578510167, 0.07195167138030302, 0.013107013175660206, 0.06831299732608523, -0.0035330190357558246, -0.030025222458530912, -0.00759349263088531, 0.06128157526364103]
other derivatives: [ 0.20380958  0.06473374  0.08868278 -0.02713948  0.01001737  0.00070352
  0.03901404]
Current x array =  [-0.71472513 -0.48982646 -0.94948364  2.40079848 -3.71247401  1.12018421
  1.12854474 -3.40999725 -2.94241372 -1.83689487 -2.09979304 -3.339414
 -3.22383664 -4.32760988 -2.65813951 -5.73113306 -2.86559736 -3.49518691
 -3.38156899]
log likelihood =  -1200.3883650953908
Edge derivatives =  [0.003959022994990638, 0.05413895879359515, -0.006167381195069432, 0.016057432795880622, -0.0014475819920882482, 0.0683089591720423, 0.0065314108295170155, 0.004386312647115642, -0.0009936141798930183, -0.04682535827866208, -0.013473031427940096, 0.05213625886626051]
other derivatives: [ 0.15112437 -0.0232792   0.07970675 -0.01491601  0.01516915 -0.00553491
  0.00107115]
Current x array =  [-0.71464001 -0.48957365 -0.94947829  2.39967823 -3.7134427   1.12140042
  1.12843501 -3.41837681 -2.94061641 -1.83834422 -2.0999028  -3.34486553
 -3.21975596 -4.32558268 -2.6548956  -5.74277007 -2.86448597 -3.49450348
 -3.38056931]
log likelihood =  -1200.3878782234847
Edge derivatives =  [0.008020139724798016, 0.05609342545749321, 0.014451496399878444, 0.0178027243508089, 0.013921521479831611, 0.05482039201839005, 0.0077280117280710756, -0.029745919474999535, 0.002310678343766478, -0.03148759760054198, -0.014477422561979134, 0.03856248978338715]
other derivatives: [-0.19130493  0.02924844 -0.0609698   0.00075854  0.017644   -0.01288415
  0.01102591]
Current x array =  [-0.71398585 -0.48966542 -0.94870132  2.3986111  -3.71383012  1.12407793
  1.12761807 -3.42338137 -2.9387033  -1.83966568 -2.09969693 -3.35174685
 -3.21276473 -4.32636295 -2.65280597 -5.74972764 -2.86508389 -3.49407094
 -3.37881437]
log likelihood =  -1200.3876622280836
Edge derivatives =  [0.011427955553709152, 0.06340831356014429, 0.013573790512818318, 0.005396714936122815, 0.012887604732660457, 0.03199447528705006, 0.004570095428057398, -0.04841329156461602, 0.004973068589522014, -0.014966793403347597, -0.01276832565559647, 0.012383307986166076]
other derivatives: [ 0.05890206 -0.11579027 -0.08460393  0.00948271  0.00697819 -0.01597639
 -0.00334079]
Current x array =  [-0.7145285  -0.48931113 -0.94862232  2.39753035 -3.7117454   1.12525614
  1.12734253 -3.4300225  -2.93875208 -1.83940515 -2.09796102 -3.35501312
 -3.20653202 -4.32579014 -2.65147538 -5.75846786 -2.86590208 -3.49422656
 -3.37586526]
log likelihood =  -1200.387490695472
Edge derivatives =  [0.008274238767604185, 0.057798911733069815, 0.0064837302027468124, -0.00047512893802234557, 0.011328326808807673, 0.02809344406322016, 0.006077896414921652, -0.033489960780735836, 0.005014893738515659, -0.006016156352717558, -0.011188768117218355, 0.009237846316940093]
other derivatives: [-0.02584738 -0.05436368 -0.07308131  0.01168127  0.00652287 -0.01519203
  0.00910094]
Current x array =  [-0.71437192 -0.4894719  -0.94865217  2.39744128 -3.71180979  1.12507243
  1.12720786 -3.42919008 -2.93756696 -1.83913601 -2.09785169 -3.35524454
 -3.20569948 -4.32584567 -2.65222706 -5.75736628 -2.86639978 -3.49437169
 -3.37552611]
log likelihood =  -1200.3871306092262
Edge derivatives =  [-0.002600259406525071, 0.034396364310928455, -0.012300943451878599, -0.016219815627533135, 0.006980329116137621, 0.016238948735796038, 0.008680895665618658, 0.016116303568293133, 0.005836257195853897, 0.020962894829363712, -0.006458758652266992, -0.00025648817037941807]
other derivatives: [-0.09780456  0.060395   -0.03123341  0.01516801  0.00947134 -0.01206111
  0.04366053]
Current x array =  [-0.71425332 -0.48979841 -0.94878818  2.39716606 -3.71298676  1.12360479
  1.12677226 -3.42911571 -2.93129923 -1.83824203 -2.09754941 -3.35612049
 -3.20305803 -4.32394418 -2.65480765 -5.75793722 -2.8677892  -3.49475375
 -3.37442287]
log likelihood =  -1200.3869628405673
Edge derivatives =  [-0.006265941055447415, 0.018887428997637616, -0.007690661121449144, -0.01637564771996175, 0.0021014275838306673, 0.008839484048647137, 0.0043508158456352156, 0.018987414045489398, 0.00640428131583046, 0.02311867956930974, -0.006364725941052085, -0.00749967745259713]
other derivatives: [-0.08277721  0.05389097  0.02894171  0.01227414  0.01396011 -0.01111622
  0.02648179]
Current x array =  [-0.71428651 -0.48980311 -0.949079    2.39738194 -3.71424026  1.12207755
  1.12703782 -3.43239556 -2.9260091  -1.83840365 -2.09772508 -3.35624592
 -3.20179867 -4.32087175 -2.65529748 -5.76329689 -2.8679387  -3.49495041
 -3.37379582]
log likelihood =  -1200.3869467181917
Edge derivatives =  [-0.0070014518656316, 0.005183988318062938, 0.010024872305079063, -0.0029618643052961025, -0.0019768084004405245, 0.001815104654272412, -0.0005252650615013531, 0.006083996289412114, 0.006028162492170549, 0.01243195830278511, -0.003960829106659396, -0.011433447426676506]
other derivatives: [ 0.13251429  0.26356111 -0.01924582  0.00224294  0.01586264 -0.00967049
 -0.01090973]
Current x array =  [-0.71469796 -0.49035008 -0.94878451  2.39778135 -3.7147769   1.12035187
  1.12764273 -3.43430826 -2.92069743 -1.83907165 -2.09870065 -3.35634069
 -3.2003626  -4.31848853 -2.65494945 -5.76604958 -2.86734755 -3.49548416
 -3.37339284]
log likelihood =  -1200.3868476932244
Edge derivatives =  [-0.008885508584308192, 0.0011085837597096457, 0.00488165520186315, -0.006462178863412216, -0.004748721416993645, 0.00040006130073189095, -0.002286845068073997, 0.007059334342845669, 0.006288451044803789, 0.010321575413187623, -0.005036204331738771, -0.012481436433542888]
other derivatives: [ 0.01728586  0.01224726  0.00926548  0.00369721  0.0168231  -0.0093625
 -0.01332791]
Current x array =  [-0.71446794 -0.48973114 -0.94893369  2.39795519 -3.71514411  1.11992939
  1.12766408 -3.43566758 -2.91973789 -1.83894703 -2.09860682 -3.35603083
 -3.20055831 -4.31749595 -2.6551637  -5.76823518 -2.8673273  -3.49545168
 -3.3734359 ]
log likelihood =  -1200.386837409481
Edge derivatives =  [-0.008232692948797124, 0.0031622949660497085, 0.004265240190958142, -0.005100076039208062, -0.003627421009560247, 0.0010774203613449357, -0.0020631673690976876, 0.0036875809150827277, 0.006101369941882786, 0.006271808411136656, -0.00504916871043759, -0.011162270771888437]
other derivatives: [ 0.01414401  0.00299701  0.00700857  0.00430707  0.01554977 -0.00944557
 -0.0146636 ]
Current x array =  [-0.71446245 -0.4897059  -0.94892653  2.39791738 -3.71485934  1.12009373
  1.12767328 -3.43535991 -2.92038964 -1.83892468 -2.09867231 -3.35623285
 -3.20057039 -4.31790894 -2.6549634  -5.76752211 -2.86711037 -3.49544598
 -3.37358029]
log likelihood =  -1200.3868231692954
Edge derivatives =  [-0.010468965589502909, -0.0030583333426323495, 0.0009014010546576634, 0.005752685317721218, -0.007036894838585606, -0.004141352756425895, -0.0029099527835505443, -0.003672885706785353, 0.00437512227683728, -0.014967622602865688, 0.0021888256846133297, -0.0068314024714892785]
other derivatives: [ 0.04742833 -0.04826052 -0.07085259  0.00035875  0.0041608  -0.00441857
 -0.02376264]
Current x array =  [-0.71452052 -0.48960572 -0.94846743  2.39828049 -3.7129111   1.11871039
  1.12781452 -3.43303476 -2.91907255 -1.83884768 -2.09979894 -3.35611856
 -3.19967531 -4.31859195 -2.65457378 -5.76224634 -2.86600995 -3.49634572
 -3.37402403]
log likelihood =  -1200.3867913100876
Edge derivatives =  [-0.008719150677271484, 0.0025847617323104394, 0.00036814993375561267, 0.0042654742536541446, -0.0036091142739035215, -0.003839911874622917, -0.0026851664695828233, -0.008582592048642382, 0.00490579471296962, -0.011987279441246931, 0.002544764296748929, -0.007120448557395458]
other derivatives: [-0.00323462 -0.00840282  0.01263606  0.00461576  0.00114752 -0.00440156
 -0.01204765]
Current x array =  [-0.71444184 -0.48968714 -0.94893785  2.39804267 -3.71241023  1.11916043
  1.1274457  -3.43434239 -2.92032091 -1.8387417  -2.09941861 -3.35690763
 -3.19916801 -4.31885822 -2.65412092 -5.76360514 -2.86604219 -3.49619761
 -3.37392793]
log likelihood =  -1200.386784957576
Edge derivatives =  [-0.009401207597532518, 0.0020109193477041015, -0.0008013062123161385, 0.0028662160201401443, -0.0029093084917420353, -0.0024354797279580592, -0.0015822839836816711, -0.0016506170064566755, 0.0050835365934435725, -0.006770186090113053, 0.002950032501022236, -0.005355805996368909]
other derivatives: [-0.00839032 -0.00161162  0.00580462  0.0043065   0.00193862 -0.00394718
 -0.00090262]
Current x array =  [-0.71442813 -0.48970315 -0.94889914  2.39807575 -3.71258882  1.11913257
  1.12727623 -3.4340374  -2.92024324 -1.83867849 -2.09936096 -3.35683576
 -3.19939953 -4.31891915 -2.65441099 -5.76318093 -2.86628051 -3.49614722
 -3.37404073]
log likelihood =  -1200.3867774046275
Edge derivatives =  [-0.009844451977483584, 0.0007445704096494671, -0.0007659490878435538, 0.0020546062993232195, -0.00260754325924685, -0.0031170761607265812, -0.0014112414665008073, 0.0006134242117667443, 0.0052653867396383796, -0.0026901062118327157, 0.003611863298462581, -0.004188585664790301]
other derivatives: [-0.01856552  0.00338969 -0.0006969   0.00344285  0.00023654 -0.00277772
  0.00536825]
Current x array =  [-0.71440703 -0.48971451 -0.94886062  2.39819083 -3.71237807  1.11881007
  1.12715932 -3.43452308 -2.91970056 -1.83864749 -2.0992992  -3.35701727
 -3.19912169 -4.31879152 -2.65447444 -5.76318935 -2.86647751 -3.49616325
 -3.3741025 ]
log likelihood =  -1200.3867701734691
Edge derivatives =  [-0.010331719517987767, 5.281645954144376e-05, -0.0012748144701347774, -8.395156690824135e-05, -0.0009042644411436651, -0.004204357267767328, -0.0006807899102982337, 0.005887962425396132, 0.005631873397202802, 0.007053906949274991, 0.004659674082921367, -0.0003137535644962275]
other derivatives: [ 5.33627826e-02 -2.10175131e-02  2.10957296e-03 -2.09219690e-04
 -5.42971169e-03  6.93410579e-05  1.96852351e-02]
Current x array =  [-0.71454462 -0.4896496  -0.94888848  2.39850132 -3.71149655  1.11816038
  1.12690985 -3.4357559  -2.91912072 -1.83849399 -2.09901197 -3.35760423
 -3.19844267 -4.31894926 -2.65454391 -5.76257544 -2.86697538 -3.49612924
 -3.37435641]
log likelihood =  -1200.386760711439
Edge derivatives =  [-0.009958293910073912, -0.0012484783218485798, 0.0009570622280910823, 0.00022605392665361879, -0.0010933670579026389, -0.005428297409491481, -0.0016404044844707602, 0.001415994846796026, 0.0056644969686032495, 0.006674097318182165, 0.0038994132117719307, 0.00024477936192840444]
other derivatives: [-9.15815690e-03 -4.72937245e-05 -7.98991096e-03 -1.15341180e-03
 -7.10167407e-03  8.17964315e-04  1.37866490e-02]
Current x array =  [-0.71442048 -0.48969755 -0.94882669  2.3986948  -3.71130442  1.1177377
  1.12701843 -3.43683232 -2.91836417 -1.83857725 -2.09901489 -3.35783287
 -3.19814127 -4.31862211 -2.65438721 -5.76315638 -2.86699638 -3.49611235
 -3.3744494 ]
log likelihood =  -1200.3867553923144
Edge derivatives =  [-0.009232787789706626, -0.0004803704074398882, 0.0023274572177643116, 0.0002393606499176415, -0.0005032545240635511, -0.004958062077517075, -0.002001290961704167, -0.0014848554735685665, 0.0056799938950734645, 0.00566989436858753, 0.0023456660367097495, 0.0006867014689823231]
other derivatives: [-0.01682633  0.0013606  -0.0092673  -0.00168799 -0.00677155  0.00041173
  0.00790401]
Current x array =  [-0.71440329 -0.48969691 -0.94882507  2.39875461 -3.71135075  1.11774432
  1.127144   -3.43738186 -2.91841113 -1.83862215 -2.09895605 -3.35798248
 -3.19818992 -4.31859953 -2.65429005 -5.7635133  -2.86698429 -3.49599593
 -3.37453787]
log likelihood =  -1200.386740589453
Edge derivatives =  [-0.007968311610883905, 5.7356372617320406e-05, 0.00361649071074871, 9.356075127836538e-05, 0.001763912496232145, -0.003012067104596561, -0.0022478657247899693, -0.003946850475831057, 0.0053991392136436556, 0.0026519345588424253, -0.002104201399230239, 0.0048528298874265935]
other derivatives: [-0.02101638  0.00120895 -0.00287355 -0.00535689 -0.00761419  0.00065994
 -0.00611801]
Current x array =  [-0.71438492 -0.48968552 -0.94887415  2.39912579 -3.71123081  1.11733105
  1.12753894 -3.43893994 -2.91814559 -1.83857678 -2.09882363 -3.35851454
 -3.19838626 -4.31888721 -2.65429032 -5.76281386 -2.86698903 -3.49566475
 -3.37510742]
log likelihood =  -1200.3867241631515
Edge derivatives =  [-0.0061151810782623245, 0.002328877800633747, 0.004468102753137332, -0.0013356590252254497, 0.004945820025018241, -0.00017711181612423132, -0.0018733237531415453, -0.0026640186573666513, 0.005594357329570826, 0.004110738301442332, -0.005803151048509862, 0.00567182602316578]
other derivatives: [-0.00788077  0.00403224 -0.00897921 -0.00567115 -0.00498679  0.00014716
 -0.0111785 ]
Current x array =  [-0.71440685 -0.48968031 -0.94886111  2.39912788 -3.71176629  1.11712775
  1.12766399 -3.44163151 -2.91788822 -1.83841016 -2.09843995 -3.35905311
 -3.19863332 -4.31897762 -2.65436826 -5.76320941 -2.86712956 -3.49529952
 -3.37523202]
log likelihood =  -1200.3867030421907
Edge derivatives =  [-0.005153531925202778, -2.8847820512808986e-05, -0.0013243206216435321, -0.001088518623825807, 0.00941519627659522, 0.0047098249894623745, -0.0009834312488898739, 0.005850852110669352, 0.0045585045185181266, -0.004124101735400093, -0.009986101419774393, 0.008796008162686234]
other derivatives: [-0.05808738 -0.10153485  0.02601746 -0.00615727 -0.00284287  0.00283186
 -0.020671  ]
Current x array =  [-0.71430346 -0.48940354 -0.9490666   2.39934067 -3.71260989  1.1153262
  1.12792586 -3.44774509 -2.91550481 -1.83769357 -2.0981142  -3.35988104
 -3.19921435 -4.31980488 -2.65482303 -5.75930441 -2.86694789 -3.49501053
 -3.37579498]
log likelihood =  -1200.3866670310701
Edge derivatives =  [-0.0032004938229722515, 0.0007757307965313154, -0.0015031497059516674, 0.00236958728667383, 0.012785034834446082, 0.007058057242786478, 1.0279445456871233e-05, 0.011386220492474619, 0.00418355919966669, -0.0067840241108238775, -0.008971981495162824, 0.008342429130956674]
other derivatives: [ 0.02574484  0.02117713  0.01789203 -0.0060408  -0.00116272  0.00469798
 -0.01930564]
Current x array =  [-0.71447552 -0.48970138 -0.94903285  2.39915393 -3.71316578  1.11427142
  1.12780924 -3.45189069 -2.91393933 -1.8372019  -2.09791011 -3.36034452
 -3.19918531 -4.32012652 -2.6549239  -5.75750391 -2.86674142 -3.49505699
 -3.37566814]
log likelihood =  -1200.386645994768
Edge derivatives =  [-0.00354790883540497, 0.000325974769035689, -0.003564466199947963, 0.0031801433069805207, 0.012204726404742641, 0.0057499967482464165, 0.00037974833478040745, 0.014471750907188441, 0.0042782775793259505, -0.005104749414025778, -0.00462929603591819, 0.004321411764266286]
other derivatives: [ 0.02941647  0.01691114  0.00935529 -0.00199262 -0.00065792  0.00576642
 -0.00578191]
Current x array =  [-0.71449565 -0.48969592 -0.94897849  2.39877183 -3.71340987  1.11399387
  1.12737029 -3.45308278 -2.91326585 -1.83699136 -2.09786165 -3.36021281
 -3.1988406  -4.32003759 -2.65487714 -5.75724098 -2.86668922 -3.49537381
 -3.37511376]
log likelihood =  -1200.3866126276484
Edge derivatives =  [-0.0027995782879280395, 0.0004386711353700709, -0.007001165875397536, 0.003576560249768268, 0.011739557880890053, 0.0035765171473906843, 0.0003850632328673137, 0.01245390930996021, 0.003727464812221153, -0.0037112455333523364, 0.00125593973936787, 0.0010763922702520523]
other derivatives: [ 0.01187914 -0.00055206 -0.00077989  0.0026148  -0.00158939  0.00866789
  0.00777634]
Current x array =  [-0.71448434 -0.48964854 -0.94892356  2.3984292  -3.71363266  1.11280264
  1.12676083 -3.45841269 -2.91136808 -1.83641467 -2.09742546 -3.36019028
 -3.19816895 -4.32072327 -2.65435822 -5.75392477 -2.86668164 -3.49584151
 -3.37461331]
log likelihood =  -1200.386587172178
Edge derivatives =  [-0.0018758093643616996, 0.0006296759703479232, -0.0062074333488574, 0.004242998313791629, 0.008163725579610273, 0.0007695235388107541, -0.0009003019981313476, 0.002599738876949892, 0.0027568047509228125, -0.005734969221719496, 0.005328996364981145, -0.002731853098944817]
other derivatives: [ 0.01494641 -0.02102524 -0.00503951  0.00559256  0.00078162  0.008923
  0.00579151]
Current x array =  [-0.71450974 -0.4895962  -0.94890284  2.39816195 -3.714214    1.11230452
  1.12644352 -3.46251155 -2.9099834  -1.83619536 -2.0970906  -3.35941732
 -3.19789548 -4.32149155 -2.6535812  -5.75037776 -2.86658343 -3.4962555
 -3.37416412]
log likelihood =  -1200.386608107286
Edge derivatives =  [0.0002329103189963877, 0.006391532779831774, -0.007386554448386012, -0.006401350891864083, 0.005874266013166943, -0.002159547328981104, 0.0003050132635139813, -0.002264518059365575, 0.0014881106507576049, 0.014218409890880038, 0.008350105271352735, 0.0010462312183808498]
other derivatives: [-0.12239866  0.04484582  0.05246511  0.00758224 -0.00301091  0.01113273
  0.03297102]
Current x array =  [-0.71427506 -0.48971986 -0.94923982  2.39835499 -3.71383199  1.11183554
  1.12549589 -3.47033738 -2.90917348 -1.83565036 -2.0955209  -3.35876093
 -3.19724773 -4.3244841  -2.65256552 -5.74138543 -2.86771549 -3.49627867
 -3.37435003]
log likelihood =  -1200.3865758592444
Edge derivatives =  [-0.0010801566987465663, 0.002782584354173792, -0.0066410485784969275, 0.0002995248851891119, 0.007314330476563602, -0.0003199518317971717, -0.00044851208707525833, 0.000795411270086227, 0.0022903095686446252, 0.0016924822760009534, 0.006454316504680431, -0.001324929501111849]
other derivatives: [-0.03611376  0.00349382  0.01634089  0.00633219 -0.00062921  0.00974526
  0.01590861]
Current x array =  [-0.71442245 -0.48964219 -0.94902817  2.39823374 -3.71407191  1.11213009
  1.12609106 -3.46542227 -2.90968216 -1.83599266 -2.09650677 -3.35917319
 -3.19765456 -4.32260459 -2.65320343 -5.74703318 -2.86700449 -3.49626412
 -3.37423327]
log likelihood =  -1200.3865601988373
Edge derivatives =  [-0.0003116468779182577, 0.0035863343877952855, -0.0040060475839036325, -0.0004880921888620049, 0.004187083269362776, -0.00167635581269579, -0.0012718394502661441, -0.00704415749481592, 0.0013982496836769578, 0.0005821554628823583, 0.006082644698582808, -0.00036130162012330824]
other derivatives: [-0.01479475 -0.0094451   0.00493401  0.00438919  0.00073007  0.00870612
  0.00596858]
Current x array =  [-0.7144653  -0.48960637 -0.94897549  2.39838276 -3.71422176  1.11225069
  1.12616839 -3.46685002 -2.90945608 -1.83605916 -2.0962812  -3.35843348
 -3.19778535 -4.32349715 -2.6527302  -5.74386892 -2.86706244 -3.49630259
 -3.3743703 ]
log likelihood =  -1200.386549919836
Edge derivatives =  [-1.951456175788152e-05, 0.00339163720435353, -0.0011277988734513522, -0.0012450006910473543, 0.000692119899302332, -0.0024434803625516532, -0.0016661814762956272, -0.01055108691512939, 0.0004452358673690069, -0.001770645337361501, 0.0037960616747822334, 0.0013656282643315087]
other derivatives: [-0.02002594  0.00197952 -0.00352361  0.00118461  0.0022695   0.00704104
 -0.00710525]
Current x array =  [-0.71444916 -0.48963235 -0.94893118  2.39866807 -3.71431584  1.11267465
  1.12642889 -3.46669623 -2.90949987 -1.83626007 -2.09624185 -3.35757434
 -3.19818604 -4.32432832 -2.65261393 -5.74087205 -2.86708826 -3.49619528
 -3.3746592 ]
log likelihood =  -1200.3866047715028
Edge derivatives =  [-0.0010162742957453563, 0.0035287779788510387, 0.002454724019475829, -0.005260257541351315, -0.004130593110445807, -0.004039830473457545, -0.0001803614547337823, -0.0026937977770921107, -0.0010205732553905745, 0.008998974127092677, 0.0024807256332915265, 0.00880220944949095]
other derivatives: [ 0.18238325 -0.07441213  0.05840297 -0.00904416 -0.00125525  0.0067844
  0.00270335]
Current x array =  [-0.71483706 -0.48943575 -0.94930376  2.39942351 -3.71334344  1.11347467
  1.12620738 -3.46676851 -2.90983054 -1.83644671 -2.09578377 -3.35618292
 -3.1984121  -4.32674493 -2.65264949 -5.73314088 -2.86781752 -3.49592999
 -3.37537359]
log likelihood =  -1200.386547414562
Edge derivatives =  [-0.00019194051797512962, 0.003415261198318538, -0.0005082861304986919, -0.0019387249275082674, -0.00013998088377646656, -0.0027194304907964817, -0.0014079427827360415, -0.009192085946156961, 0.00019441891723465977, 9.269186019536524e-05, 0.003569122477804443, 0.0026520945003012525]
other derivatives: [ 0.01498165 -0.01122089  0.00718342 -0.00058436  0.00166048  0.00699685
 -0.00540623]
Current x array =  [-0.71451621 -0.48959837 -0.94899559  2.39879866 -3.71414774  1.11281294
  1.1263906  -3.46670873 -2.90955703 -1.83629234 -2.09616267 -3.35733381
 -3.19822512 -4.32474608 -2.65262008 -5.73953558 -2.86721433 -3.49614942
 -3.3747827 ]
      fun: 1200.386547414562
 hess_inv: <19x19 LbfgsInvHessProduct with dtype=float64>
      jac: array([-1.49816515e-02,  1.12208909e-02, -7.18341653e-03,  5.84358634e-04,
       -1.66048418e-03, -6.99684901e-03,  5.40622567e-03,  1.91940518e-04,
       -3.41526120e-03,  5.08286130e-04,  1.93872493e-03,  1.39980884e-04,
        2.71943049e-03,  1.40794278e-03,  9.19208595e-03, -1.94418917e-04,
       -9.26918602e-05, -3.56912248e-03, -2.65209450e-03])
  message: 'CONVERGENCE: REL_REDUCTION_OF_F_<=_FACTR*EPSMCH'
     nfev: 82
      nit: 76
     njev: 82
   status: 0
  success: True
        x: array([-0.71451621, -0.48959837, -0.94899559,  2.39879866, -3.71414774,
        1.11281294,  1.1263906 , -3.46670873, -2.90955703, -1.83629234,
       -2.09616267, -3.35733381, -3.19822512, -4.32474608, -2.65262008,
       -5.73953558, -2.86721433, -3.49614942, -3.3747827 ])
