number of sites to be analyzed:  1490
log likelihood =  -41794.5568627867
Edge derivatives =  [98.63107673162902, 344.6038384360356, 239.72792966215988, 204.5291597810956, -92.87790804374984, -82.75180043121594, 588.5136852821922, 502.23685893747654, 195.26009249764112, 230.54644821367182, -53.93207369135609, 110.09444601985429, 13.607794382145002, 25.2265402735875, 304.1331106027506, 440.89093559653224]
other derivatives: [ -498.42469161   513.93051399  -863.37673565  1238.25197807
 -4275.03164246    19.1441286      0.        ]
Current x array =  [-0.68395153 -0.79225112 -0.57144028  0.18232156 -0.10536052 -0.10536052
  0.33647224 -2.30258509 -2.30258509 -2.30258509 -2.30258509 -2.30258509
 -2.30258509 -2.30258509 -2.30258509 -2.30258509 -2.30258509 -2.30258509
 -2.30258509 -2.30258509 -2.30258509 -2.30258509 -2.30258509]
Forced parameter: {6: 0}
log likelihood =  -38320.23490383515
Edge derivatives =  [119.9864034506422, 324.3171427467455, 245.29275075874708, 228.60761462395172, -69.9553758172016, -63.335680087131614, 601.5301875922323, 510.351029337592, 207.6733716126125, 231.29914509126775, -33.963386801340576, 121.15266413358162, 22.816156477330445, 32.725592508660085, 313.5007956464905, 447.50945649258574]
other derivatives: [  919.43486768   559.58192388    60.6434769    902.07940229
 -2669.76550528   -32.35081385     0.        ]
Current x array =  [-0.79709101 -0.79208264 -0.76742173  0.18455011 -1.07576758 -0.10306666
  0.33647224 -2.30115444 -2.22436205 -2.30115444 -2.30115444 -2.32366783
 -2.32136927 -2.30115444 -2.30115444 -2.30115444 -2.30115444 -2.31482736
 -2.30115444 -2.30115444 -2.30115444 -2.30115444 -2.30115444]
Forced parameter: {6: 0}
log likelihood =  -43187.30930300863
Edge derivatives =  [87.00999079957154, 306.0241121551975, 213.36755605739114, 229.03762244577203, -41.92711297863103, -43.06139400313734, 568.8012806308011, 482.51043006878473, 187.4428538063321, 242.39878865800765, -26.65725928242134, 164.96125145787477, 27.813393583660137, 35.898182841967426, 292.5581860960576, 416.12822785118664]
other derivatives: [-7.05304987e+04 -4.55302696e+02  2.76138599e+00 -6.94697563e+02
  1.52224171e+02  4.31725493e+00  0.00000000e+00]
Current x array =  [-0.07664649 -0.57972866 -0.73474011  0.34603394 -3.26995375 -0.13262698
  0.33647224 -2.24752058 -1.96093856 -2.21178364 -2.20913747 -2.38081975
 -2.37308916 -2.08656865 -2.11996888 -2.22156149 -2.21874147 -2.34273258
 -2.25176774 -2.28623888 -2.28362056 -2.18673688 -2.14213899]
Forced parameter: {6: 0}
log likelihood =  -36430.31396728451
Edge derivatives =  [117.65987922587355, 304.76568658334077, 232.27710776646276, 223.12885422886396, -62.697592169743736, -58.986938077484716, 581.3446315471392, 486.37974497871056, 194.85203196220402, 219.66065928334862, -29.40010139505014, 116.31283741014553, 15.73039361213344, 27.29314140671422, 298.7041694757108, 423.88507015961363]
other derivatives: [-3160.84542283   275.73730767   -45.43038085   512.98329345
 -1197.95035378   -51.40840221     0.        ]
Current x array =  [-0.48865078 -0.70116861 -0.75342991  0.25368536 -2.01515328 -0.11572217
  0.33647224 -2.27819245 -2.1115839  -2.26289258 -2.26175969 -2.34813599
 -2.34351184 -2.20928492 -2.22358439 -2.26707872 -2.2658714  -2.32677428
 -2.28001076 -2.29476872 -2.29364775 -2.25216944 -2.23307597]
Forced parameter: {6: 0}
log likelihood =  -35398.91955922254
Edge derivatives =  [130.20126928543002, 288.46957606263925, 241.85518982908062, 228.77567122958604, -43.07118074378423, -40.72586920777309, 566.2684141061513, 471.8973796899379, 204.8685182981139, 217.84105049769389, -9.342358942855027, 123.12999709335874, 29.35563566994407, 39.29288595521641, 292.6986708787101, 418.57843950930135]
other derivatives: [ 1.23019196e+03 -2.38397231e+02  7.29412277e+01  1.77858688e+02
  3.96024726e-01 -2.06142577e+01  0.00000000e+00]
Current x array =  [-0.7631555  -0.61223194 -0.75894262  0.32252989 -3.01727617 -0.13479684
  0.33647224 -2.24562517 -1.96670846 -2.20734776 -2.20475739 -2.37920299
 -2.37198073 -2.07339945 -2.10982538 -2.21847525 -2.21427065 -2.34183742
 -2.24979913 -2.28738307 -2.28413384 -2.18080006 -2.13367867]
Forced parameter: {6: 0}
log likelihood =  -35133.601907624245
Edge derivatives =  [123.82507688459972, 279.779943587743, 232.74384970355587, 215.89754311741584, -44.42154831473152, -42.38528015387312, 537.1248136569218, 443.91377131273686, 194.63035765026328, 206.9230643260081, -12.219504400339702, 117.07747305179986, 24.887105137278194, 35.62873628840583, 274.6352228578448, 396.3325761327205]
other derivatives: [ 543.02279023 -239.90227783   51.34110688  122.8798501   141.0682065
  -16.87702752    0.        ]
Current x array =  [-0.6917895  -0.61336813 -0.73729332  0.36590822 -3.22158659 -0.14262957
  0.33647224 -2.22138021 -1.89915201 -2.16339117 -2.16201521 -2.39119942
 -2.38316045 -1.96858596 -2.02232091 -2.18085621 -2.17420487 -2.34617222
 -2.22698584 -2.28203838 -2.27701329 -2.12637372 -2.05651238]
Forced parameter: {6: 0}
log likelihood =  -34626.92708661663
Edge derivatives =  [101.67252571534895, 255.4635858848528, 199.38110903701522, 167.18956155158602, -45.2457180346209, -43.87274082286783, 405.98340348775963, 328.5464821497531, 160.60898280386687, 171.0072978483945, -18.85121931544038, 100.17680527164838, 16.49374271747616, 29.817107697619168, 208.471346907047, 304.7990484519168]
other derivatives: [-1997.35599017  -188.64707818  -121.2234929    -53.84263204
   373.46912057   -18.41805351     0.        ]
Current x array =  [-0.53832282 -0.66440289 -0.66050986  0.51264241 -3.65672176 -0.16614737
  0.33647224 -2.12722887 -1.65616312 -1.988825   -1.99677354 -2.4338034
 -2.42326011 -1.55931959 -1.68289041 -2.0335828  -2.01724257 -2.36129715
 -2.13805278 -2.26310046 -2.2502706  -1.9160065  -1.75506845]
Forced parameter: {6: 0}
log likelihood =  -34248.97563877832
Edge derivatives =  [91.61911333238069, 240.51788283571173, 178.8953543025387, 135.1671925414678, -40.90403612771616, -40.165170647541146, 291.9742249360236, 237.6271131170885, 142.65171636225742, 148.25134522266723, -18.65998907270102, 91.0552537690379, 18.07590844251128, 32.86724576228959, 163.68579530692816, 232.4799044848247]
other derivatives: [-1589.20489775  -129.07473865  -147.47226669  -141.23442088
   456.77724679   -25.21420538     0.        ]
Current x array =  [-0.56353425 -0.72333842 -0.61933361  0.60519508 -3.85030047 -0.18278726
  0.33647224 -2.05467248 -1.47460869 -1.85283097 -1.87071374 -2.46505813
 -2.45283645 -1.24805661 -1.42543639 -1.91966298 -1.89589112 -2.3722617
 -2.06894994 -2.2487024  -2.22934691 -1.75581739 -1.52487583]
Forced parameter: {6: 0}
log likelihood =  -33653.635213863614
Edge derivatives =  [40.46583162679417, 143.24026441904948, 68.1317563476613, 26.858428330913682, -44.410619181391844, -44.51493096075369, -79.86261923400707, -43.644296770640175, 54.69119143056461, 38.05454155956024, -37.49843724150197, 37.016997233677785, 7.227526568467141, 20.511880746444, 2.380123665981728, -43.562441114256714]
other derivatives: [-358.42094803  -97.73925558  491.16776063 -207.00107416  417.28332431
  -67.01867096    0.        ]
Current x array =  [-0.65663921 -0.81690006 -0.62570311  0.7137191  -3.88666237 -0.24551436
  0.33647224 -1.84214303 -0.94531398 -1.44980909 -1.53265021 -2.55194818
 -2.53645211 -0.48164898 -0.78647092 -1.58685006 -1.54712491 -2.40594244
 -1.86299958 -2.20135023 -2.15600732 -1.33295831 -0.93117239]
Forced parameter: {6: 0}
log likelihood =  -33611.773977725854
Edge derivatives =  [34.016991620324106, 157.21845824683476, 55.009468686137666, 7.905107946724216, -38.53713458488211, -42.275736462951556, -143.6056332768664, -82.87101879107097, 38.44694847853169, 35.59540549559833, -34.356634969581364, 26.42299404586481, 6.3626223238635875, 26.00441253769705, -5.412637735179095, -74.11217822647517]
other derivatives: [   56.96270091   140.43752162 -1823.13122787   -47.78643051
   203.92560716   -62.18102499     0.        ]
Current x array =  [-0.7119378  -0.86911194 -0.41282093  0.67361804 -3.55296018 -0.28347388
  0.33647224 -1.79350101 -0.82300842 -1.35803071 -1.47310559 -2.58059243
 -2.56508156 -0.41326505 -0.71709379 -1.51236392 -1.47740515 -2.42629854
 -1.81587068 -2.19126998 -2.13547077 -1.27114856 -0.8674149 ]
Forced parameter: {6: 0}
log likelihood =  -33557.2689618335
Edge derivatives =  [40.3640680615264, 151.88581105913025, 66.1704411925437, 21.581542007683368, -40.20024792489541, -41.964395389788535, -102.03133507666733, -56.32976877729498, 50.29559636901832, 39.21599869046571, -34.27701360598189, 33.87141707454113, 8.694966352220828, 25.011781367301342, 2.2619558605092522, -52.41874399991569]
other derivatives: [-149.0620416    29.90128269 -391.18785207 -126.52501755  321.78166475
  -64.25708125    0.        ]
Current x array =  [-0.6841893  -0.84291234 -0.51964392  0.69374051 -3.72040992 -0.26442602
  0.33647224 -1.81790928 -0.88438061 -1.40408455 -1.50298472 -2.56621892
 -2.55071547 -0.44757969 -0.75190681 -1.54974061 -1.5123901  -2.41608397
 -1.83951967 -2.19632819 -2.14577589 -1.30216432 -0.89940802]
Forced parameter: {6: 0}
log likelihood =  -33446.439320517544
Edge derivatives =  [25.72652377761284, 136.29420227505597, 55.19063488003815, 15.642183791967074, -41.81018027667103, -42.84007625624446, -93.1384622441546, -54.11132274881785, 39.76439773983815, 30.483200225806232, -34.230529810326686, 29.859177999522355, 7.397399947745332, 21.281262047482457, 2.363577507135713, -40.95178512289261]
other derivatives: [ 264.75307823  114.30030281 -195.39544155  -28.68956653   73.90612452
  -51.15825479    0.        ]
Current x array =  [-0.72555186 -0.8484673  -0.54117531  0.62344305 -3.32083278 -0.28632841
  0.33647224 -1.80662764 -0.8569142  -1.38258533 -1.50456177 -2.57481594
 -2.56038758 -0.51428997 -0.79695803 -1.53443929 -1.50252215 -2.42621742
 -1.82857969 -2.19336295 -2.13636254 -1.31387792 -0.93639613]
Forced parameter: {6: 0}
log likelihood =  -33416.63885688025
Edge derivatives =  [9.041385555905284, 104.46399842707474, 35.890998357624774, 6.071685314644481, -43.56099270524538, -44.132983190799834, -82.39855259134524, -53.43328671312674, 22.86481312735862, 13.867845689925742, -35.67958352751737, 21.723203693812565, 2.957676972569321, 14.100378509148246, -6.45432021216427, -39.587770283233645]
other derivatives: [ 164.55064178 -137.36835535  -59.51643107   16.750535    -49.78321398
  -43.41133172    0.        ]
Current x array =  [-0.72116404 -0.79593415 -0.55677917  0.59255215 -3.16043569 -0.31673767
  0.33647224 -1.79074265 -0.78159861 -1.34644616 -1.49499406 -2.59896339
 -2.58515585 -0.56976563 -0.83005312 -1.50843405 -1.48251127 -2.44662871
 -1.8091112  -2.18914596 -2.12358634 -1.31270173 -0.95997809]
Forced parameter: {6: 0}
log likelihood =  -33392.05336324688
Edge derivatives =  [-1.1861294649226835, 77.25722418381247, 24.028776278158197, 3.746858228281976, -41.70324176956752, -42.055324377435255, -50.12437766026304, -36.24036459273687, 11.578564047240414, 4.291519053721235, -33.261848660651786, 17.176564777183604, 0.789732907642611, 10.11700174371741, -6.077351971089609, -24.90558015403294]
other derivatives: [ 57.22729111  -1.96348265 122.75385961  43.25171903 -83.86912782
 -37.87457536   0.        ]
Current x array =  [-0.70844965 -0.82638147 -0.57684194  0.57704791 -3.12164687 -0.35638645
  0.33647224 -1.77562677 -0.68064206 -1.30596178 -1.48412906 -2.63549996
 -2.62219469 -0.63628132 -0.87066318 -1.48033768 -1.46228584 -2.47647687
 -1.78613125 -2.18512012 -2.10916783 -1.31258567 -0.98917635]
Forced parameter: {6: 0}
log likelihood =  -33364.538866116854
Edge derivatives =  [-14.761007240699806, 26.575495994684644, 2.693742940215002, -2.6015819024945745, -37.263445916566475, -37.862244164653596, -7.675596000244202, -12.442910580942767, -8.26244967696797, -12.087054376541245, -28.855820092466214, 7.015394622787425, -3.1296002936524885, 3.737112718335608, -8.607235810433549, -8.660798088109289]
other derivatives: [-185.06172637   11.52206096  156.63590602   55.07738388  -59.78693806
  -30.38722934    0.        ]
Current x array =  [-0.68670283 -0.8399018  -0.57551748  0.57757109 -3.1627316  -0.43061363
  0.33647224 -1.74658739 -0.48269105 -1.22513397 -1.45385745 -2.70808166
 -2.69542492 -0.71817428 -0.9158223  -1.42427754 -1.41947569 -2.53360919
 -1.73959625 -2.17740714 -2.08219478 -1.29820194 -1.01715295]
Forced parameter: {6: 0}
log likelihood =  -33351.63633234031
Edge derivatives =  [-18.72600865129442, -2.1442921606987073, -6.762158255274602, -5.3853318019706755, -32.40188061967947, -33.44949353201762, 14.638435248196682, 2.643780582713317, -16.618286503374954, -17.11495846330024, -24.42185019915631, 1.015272208852051, -4.405043940847445, 1.128476271458373, -7.30688443943195, 1.7578059437993518]
other derivatives: [-165.28768174   27.12297282   52.62787454   32.31641313  -21.0392968
  -24.33797636    0.        ]
Current x array =  [-0.6884466  -0.84966301 -0.55745174  0.6006661  -3.21964658 -0.48909295
  0.33647224 -1.73174329 -0.34571341 -1.17004425 -1.43112073 -2.7684776
 -2.7565145  -0.75458146 -0.93495497 -1.38969821 -1.39385098 -2.5801341
 -1.70604042 -2.17320256 -2.0631246  -1.2858092  -1.02663684]
Forced parameter: {6: 0}
log likelihood =  -33345.085411700944
Edge derivatives =  [-17.783884350645177, -15.039751575398148, -7.5412978992020925, -4.6189053468154535, -27.545073790412644, -28.79548908305642, 25.336855998332606, 12.01399109190663, -14.043894159292794, -12.260338074696826, -20.215350966712965, -0.5319693502152438, -4.068193634284977, -0.14779224867446256, -2.203640890625438, 10.401376207652438]
other derivatives: [ 23.34408055 -11.59199746  11.25819836  -4.43142198   7.17982958
 -17.75706914   0.        ]
Current x array =  [-0.70494777 -0.84166485 -0.54907523  0.62399771 -3.25296735 -0.53986211
  0.33647224 -1.73876104 -0.27940096 -1.14794202 -1.42538101 -2.82550872
 -2.8149443  -0.76804958 -0.94652763 -1.38588506 -1.39489934 -2.62379782
 -1.68880102 -2.17426191 -2.05188032 -1.28705872 -1.03404964]
Forced parameter: {6: 0}
log likelihood =  -33342.87113292676
Edge derivatives =  [-16.626531515140048, -18.904224501100824, -8.542851186394108, -5.563059052261679, -24.948998133863928, -26.286877600409955, 17.97867003001654, 7.987450118005565, -11.969675988147504, -9.35263223707237, -18.490973221507247, -1.4335944574230766, -3.6846262673033583, -0.5188963118231824, -2.2508351165596667, 7.210148096886582]
other derivatives: [ 85.97167471 -11.28963049 -24.96507659 -18.58313044  14.37321376
 -14.8417821    0.        ]
Current x array =  [-0.71086332 -0.84260437 -0.54361486  0.63540845 -3.26511044 -0.56679686
  0.33647224 -1.74527065 -0.25370155 -1.13729472 -1.42015546 -2.85851758
 -2.84890559 -0.75106642 -0.93621946 -1.38576997 -1.3956985  -2.6482478
 -1.67985446 -2.17560074 -2.04673122 -1.28243066 -1.02405463]
Forced parameter: {6: 0}
log likelihood =  -33339.26319748361
Edge derivatives =  [-13.850049225006586, -21.591695430984593, -7.70285748048981, -5.552437911575673, -20.555966150755804, -21.888509206058984, 7.59652570458256, 3.447293516714187, -5.380169856621526, -1.414846180864602, -15.411318069998533, -1.1607048451701663, -2.7209729535460507, -1.0440676688462975, 0.16361967108014414, 4.491186417961172]
other derivatives: [121.36425357 -12.15792145 -59.66912431 -32.1393818   21.08171031
  -9.85791121   0.        ]
Current x array =  [-0.71381265 -0.8427141  -0.53935529  0.64607701 -3.27492101 -0.61244265
  0.33647224 -1.76602909 -0.23339066 -1.13202887 -1.42008412 -2.91729697
 -2.90972736 -0.72769242 -0.92616342 -1.39682828 -1.40716646 -2.69224147
 -1.67054318 -2.1801027  -2.04058892 -1.28314959 -1.01439722]
Forced parameter: {6: 0}
log likelihood =  -33333.02052737523
Edge derivatives =  [-8.349020067444716, -23.689314018737146, -4.365794474878453, -4.130486927023019, -12.909023932806557, -13.98401398019949, -7.07580067845637, -1.2652595339078923, 7.46171652472525, 13.175322296018074, -9.748534161119785, 0.5090480447528404, -0.645742889532828, -2.1099233697213355, 5.914618783985819, 2.061697338205943]
other derivatives: [117.57623724  -6.50872971 -63.22032277 -33.0524781   20.4973975
  -0.92700066   0.        ]
Current x array =  [-0.71233152 -0.84274966 -0.54019691  0.64584175 -3.27298934 -0.699388
  0.33647224 -1.81719978 -0.22183228 -1.13455917 -1.4299059  -3.03584815
 -3.03285806 -0.69667487 -0.91866432 -1.4240667  -1.43239257 -2.78165677
 -1.65736856 -2.1908885  -2.0319418  -1.29104925 -1.00466912]
Forced parameter: {6: 0}
log likelihood =  -33333.639060225236
Edge derivatives =  [2.1577245672190455, -1.9468192509912017, 3.869604498334774, 0.9473879337119222, -5.282806138279559, -5.406485532172422, 3.3729911394808827, 6.06818815055176, 1.4252360447272985, 2.3393061625314315, -3.6382821899236526, -1.5834158578484367, 0.4894476165061885, -1.6388841653504391, 0.598728203716859, -2.1361616048219982]
other derivatives: [-258.89495009   -4.29154898 -319.61064087   -4.15106479   30.27325828
    7.40966061    0.        ]
Current x array =  [-0.67859997 -0.84497849 -0.51888361  0.63514619 -3.28354775 -0.80045145
  0.33647224 -1.90522073 -0.28106152 -1.14316395 -1.45420585 -3.2257128
 -3.23097764 -0.72161346 -0.92967295 -1.40254121 -1.38770308 -2.92493251
 -1.62984326 -2.20239016 -2.03131575 -1.26970008 -0.99482004]
Forced parameter: {6: 0}
log likelihood =  -33329.94522028727
Edge derivatives =  [-3.2294320697968986, -13.375497800092536, -0.444397580861701, -1.7004883748801847, -8.94518500366338, -9.553685955892277, -2.105708384249781, 2.22339600064904, 4.532288269360396, 8.07650606162862, -6.643230708479113, -0.35599336337490906, -0.11406574882900919, -1.8843452975645596, 3.395545944064604, 0.03362164576107385]
other derivatives: [ -56.68323865   -5.22525079 -184.23379515  -19.63332033   25.29446692
    3.18141247    0.        ]
Current x array =  [-0.69622802 -0.84381371 -0.53002191  0.64073567 -3.27802994 -0.74763585
  0.33647224 -1.85922112 -0.25010842 -1.1386671  -1.44150674 -3.12648984
 -3.12744067 -0.70858059 -0.92391986 -1.4137904  -1.41105774 -2.85005684
 -1.64422794 -2.19637941 -2.03164292 -1.28085712 -0.99996715]
Forced parameter: {6: 0}
log likelihood =  -33325.67946684017
Edge derivatives =  [1.7060111262380186, -9.204165779370586, 3.7191323623511963, 1.0418630116387857, -4.47791791072289, -4.4936465548037035, -5.5355098792100925, 1.9484895922845484, 9.64352193323278, 11.092821619936347, -2.9828424402512637, 0.37991200177883266, 1.5223291465322009, -2.7090460128193303, 4.38923486604816, -1.7673323145746418]
other derivatives: [-31.0158066   -0.50129893 -51.42497685  -8.4559797   10.0846288
   9.18296428   0.        ]
Current x array =  [-0.69721567 -0.84118306 -0.54615426  0.62551917 -3.25153916 -0.81268521
  0.33647224 -1.91286421 -0.28103472 -1.15047657 -1.45848521 -3.23324039
 -3.23887125 -0.70327032 -0.92661847 -1.4267274  -1.41525387 -2.93083651
 -1.63483553 -2.20584026 -2.02971337 -1.28310673 -0.99608044]
Forced parameter: {6: 0}
log likelihood =  -33324.81726807472
Edge derivatives =  [3.2555145192527317, -4.381288270492702, 4.724654731955481, 2.0337520666331743, -3.60191662228814, -3.2642840060538254, -1.34656789799703, 3.457147081859601, 6.110459817357929, 5.241327543390597, -2.109419845107105, -0.22296670755822828, 1.7386125155316186, -2.5691651483686404, 1.7235522065340785, -2.27590416465467]
other derivatives: [-13.81868788   7.0064998  -15.3219662    4.25366306  -3.89181692
  10.37476613   0.        ]
Current x array =  [-0.69870213 -0.84093266 -0.55121432  0.61395412 -3.23124176 -0.82569931
  0.33647224 -1.93072667 -0.3058403  -1.15349342 -1.46496829 -3.26965677
 -3.27697594 -0.71425178 -0.93037454 -1.418302   -1.40069831 -2.95831109
 -1.63058937 -2.20761138 -2.03180039 -1.27757328 -0.99615992]
Forced parameter: {6: 0}
log likelihood =  -33324.618413558506
Edge derivatives =  [3.330117056062313, -3.323136192879573, 2.55614823026883, 1.555136098863799, -3.686444132135972, -3.1320468520592537, 1.7369952793794985, 2.9231700909817695, 0.08736631922373804, -2.906671262723072, -2.1498604805998807, -1.8513507059108179, 1.184692437192122, -2.666032149122202, -2.600790986909552, -3.6397127291566216]
other derivatives: [-29.35552766 -13.26275378  35.57824675  -0.80333848   1.89256613
  10.09214611   0.        ]
Current x array =  [-0.69726825 -0.83732412 -0.55647773  0.61579646 -3.23806669 -0.82343304
  0.33647224 -1.93341172 -0.3140773  -1.1475501  -1.46358006 -3.2868708
 -3.29461202 -0.72132941 -0.92810313 -1.40309503 -1.38260993 -2.97074648
 -1.62616485 -2.20621971 -2.03393307 -1.26869943 -0.99456523]
Forced parameter: {6: 0}
log likelihood =  -33324.441381586534
Edge derivatives =  [3.8186882251975756, 0.468354110090362, 3.462119126920241, 1.8109454286604354, -3.71924599511438, -3.1538599300291783, 1.034901984486981, 2.048518926684788, -0.2067035520393264, -3.4177992573118896, -2.1675171110350053, -1.1915478843985987, 1.3641741944937595, -1.945132701488674, -2.670212334225659, -3.6647495214002648]
other derivatives: [-5.96421887 -2.20073707 14.11471021  2.1148735  -0.83246451  9.5394571
  0.        ]
Current x array =  [-0.69950085 -0.83892185 -0.55431032  0.61377364 -3.23433383 -0.81596393
  0.33647224 -1.9334387  -0.32552613 -1.14937926 -1.46423247 -3.28495901
 -3.29257868 -0.72011286 -0.92564182 -1.40168038 -1.38049521 -2.96901415
 -1.62795378 -2.20582976 -2.03618621 -1.26777911 -0.99401143]
Forced parameter: {6: 0}
log likelihood =  -33324.354089916866
Edge derivatives =  [3.9162285813039306, 1.9962583656479183, 3.2429973642315972, 1.6333877922193252, -3.6807929948040026, -3.130468709148701, 0.3988791199613426, 1.072324529272362, -0.7723277902595618, -3.8758710148605804, -2.112354822468769, -0.9520730245444519, 1.3654783847501821, -1.4996279808741868, -2.707815225928157, -3.33551043738958]
other derivatives: [6.23850792 1.88837294 1.21516496 1.258064   0.35302584 9.02763713
 0.        ]
Current x array =  [-0.70068195 -0.83971402 -0.55274118  0.61463993 -3.23608022 -0.80988754
  0.33647224 -1.93171935 -0.32886492 -1.14768295 -1.46308334 -3.28614436
 -3.29354577 -0.71877387 -0.92282781 -1.39926532 -1.37858624 -2.96951135
 -1.62833385 -2.20499934 -2.03764555 -1.26678025 -0.99393714]
Forced parameter: {6: 0}
log likelihood =  -33324.24071794716
Edge derivatives =  [3.922264657560212, 3.273115265506372, 2.264799585913742, 1.1559757512910678, -3.4240774554019393, -2.891024598402802, -0.4444330159975186, -0.4557551988724353, -1.6669586244675507, -4.370712511987964, -1.8282943403823295, -0.7167769759148528, 1.288601570771285, -0.9607136705007635, -2.546754527050894, -2.2930870615228183]
other derivatives: [ 17.64380431   3.16706428 -10.50650462  -0.84543717   2.66678362
   8.32752266   0.        ]
Current x array =  [-0.70180251 -0.84003038 -0.5512189   0.61644056 -3.23936255 -0.80194563
  0.33647224 -1.92963564 -0.3313647  -1.14334147 -1.46096909 -3.2942319
 -3.30134065 -0.71722139 -0.91871333 -1.39544959 -1.37625544 -2.974856
 -1.62807602 -2.20360872 -2.03976952 -1.26577481 -0.99482764]
Forced parameter: {6: 0}
log likelihood =  -33324.071433268335
Edge derivatives =  [3.5844654100499427, 3.9916055367264147, 0.13673140651091983, 0.150220411952185, -2.9285780172356484, -2.4222274253628773, -2.150587590933883, -3.016303949351598, -2.6214937530038163, -4.293240136310025, -1.3019666387449176, -0.3011299923779783, 1.0822489174552745, -0.29683961876518944, -1.906861427130268, -0.44329877679228935]
other derivatives: [ 21.67744969   4.00495628 -17.83671905  -2.52815516   3.68557015
   7.13927875   0.        ]
Current x array =  [-0.70226482 -0.8403548  -0.55024477  0.6182632  -3.24136114 -0.78892173
  0.33647224 -1.92589835 -0.33317585 -1.13609029 -1.45762249 -3.30935223
 -3.31590246 -0.71468765 -0.91292988 -1.39122345 -1.37532854 -2.98489483
 -1.6278093  -2.20130999 -2.04304844 -1.26572394 -0.99713647]
Forced parameter: {6: 0}
log likelihood =  -33323.78400933879
Edge derivatives =  [2.347824774380806, 3.8769190910345883, -3.2401051273514625, -1.4459817175199132, -2.118227111811427, -1.669385209051032, -4.3244992562093785, -6.165030128309305, -2.8394783112654, -2.2245279020317197, -0.5386601725861478, 0.7451260130617718, 0.5713083720005153, 0.6677894514540206, -0.26859076382153757, 1.9439260177971767]
other derivatives: [ 1.17287273e+01  4.28104249e+00 -1.95825342e+01 -9.23835614e-01
  1.57719703e-02  4.45805199e+00  0.00000000e+00]
Current x array =  [-0.70152196 -0.84039091 -0.55025046  0.61817824 -3.23755812 -0.75910782
  0.33647224 -1.91611062 -0.33570682 -1.12728535 -1.4532338  -3.33192381
 -3.33694505 -0.71244688 -0.90753897 -1.38916113 -1.37981797 -2.99878905
 -1.62903302 -2.19681471 -2.04899942 -1.26842036 -1.00084312]
Forced parameter: {6: 0}
log likelihood =  -33323.84542536518
Edge derivatives =  [2.1654603293895485, 0.7218479420422169, -5.959775307863543, -1.4455630546380673, 0.6210727659042019, 1.1510662011294743, 2.9635375415396017, -2.1758409081153762, -3.1850565300329023, -0.6943035748826851, 1.9753126048049434, 0.008304571995679431, -0.08408171309169547, 1.2379990754002297, 1.4644452270716188, 5.324568150763213]
other derivatives: [ 35.97777686 -12.34795491  10.33168519 -10.57402551  10.4839623
   2.99634121   0.        ]
Current x array =  [-0.7033019  -0.83667221 -0.55295746  0.62290653 -3.24846165 -0.74199287
  0.33647224 -1.91710652 -0.32549867 -1.11369835 -1.45163191 -3.42488063
 -3.42888392 -0.72543945 -0.91452362 -1.38234888 -1.37793668 -3.0626075
 -1.61810765 -2.19167313 -2.05362655 -1.26729591 -1.00302479]
Forced parameter: {6: 0}
log likelihood =  -33323.65608018447
Edge derivatives =  [2.2653006872379775, 2.4621695247461273, -4.445270087444526, -1.4401020901816728, -0.8357562438612883, -0.3518475079747828, -1.0490866861922572, -4.3768876450081, -2.991079270550476, -1.5409262837773008, 0.6219424929524059, 0.4422096193426876, 0.2787962979490096, 0.9250773921656501, 0.5072405681167315, 3.4583513004616857]
other derivatives: [22.64059003 -3.12348857 -6.18154445 -5.25032374  4.73409536  3.80645361
  0.        ]
Current x array =  [-0.70231922 -0.83872524 -0.55146297  0.62029612 -3.24244199 -0.75144176
  0.33647224 -1.9165567  -0.33113443 -1.12119951 -1.45251629 -3.37356066
 -3.37812595 -0.71826646 -0.91066751 -1.38610981 -1.37897531 -3.02737437
 -1.62413937 -2.19451171 -2.05107199 -1.2679167  -1.00182032]
Forced parameter: {6: 0}
log likelihood =  -33323.49651705134
Edge derivatives =  [0.8739271840994944, 1.0163841761996664, -4.929531873251075, -1.660112567152111, -0.46298979658429695, -0.03679519684331195, -0.22803088854381937, -3.332260889388165, -1.377873276743703, 1.4533326310611403, 0.7927256039595663, 1.2349226498498314, -0.21102829193371814, 1.3152824149797344, 1.7310739178949957, 3.2717553962034365]
other derivatives: [-1.40578777  9.73825809  1.06010702 -1.18004391  0.61046882  1.22074562
  0.        ]
Current x array =  [-0.69999046 -0.8414082  -0.55270088  0.6182832  -3.2374957  -0.72292884
  0.33647224 -1.90459124 -0.32909991 -1.12232205 -1.45169257 -3.38053511
 -3.38315917 -0.72016308 -0.91477662 -1.39042683 -1.38662345 -3.0292192
 -1.62585455 -2.19096938 -2.05413091 -1.27108841 -1.00183565]
Forced parameter: {6: 0}
log likelihood =  -33323.44310703508
Edge derivatives =  [0.649873023800948, 0.21443145626389387, -3.7687486635227816, -1.1640672622840043, -0.4170815099491779, 0.012298545629970103, 0.7738551836935184, -1.617860715987129, -0.38482515943128215, 2.1233466293235344, 0.6878966600568426, 1.0844731488626744, -0.30622488286108296, 1.0604711181914082, 1.538318107343041, 1.8859582823179255]
other derivatives: [-7.39158713 -0.64968481 -0.99354656  1.14912109 -1.36920721  1.07038795
  0.        ]
Current x array =  [-0.69960341 -0.83893442 -0.55273813  0.61625521 -3.23443628 -0.72006419
  0.33647224 -1.90348325 -0.32843774 -1.1272509  -1.45372252 -3.38084826
 -3.38305198 -0.72194436 -0.91952086 -1.39393705 -1.38875772 -3.02848902
 -1.62572422 -2.19100979 -2.05343813 -1.27156082 -1.00000119]
Forced parameter: {6: 0}
log likelihood =  -33323.42170674317
Edge derivatives =  [0.43341637131058625, -0.6057461844480931, -2.156753866054362, -0.48907174833344136, -0.5488166111195107, -0.13071361522728445, 1.3126356784910016, -0.01641940091037046, 0.7760023239182954, 2.655039361515722, 0.4037595357909148, 0.9708821505887715, -0.32612721797041744, 0.7966141411901454, 1.2344222452394182, 0.31437609687736173]
other derivatives: [ 3.71353963 -0.10693475  9.53374547  0.68150257 -1.28375163  0.80555765
  0.        ]
Current x array =  [-0.70051754 -0.83880705 -0.55387652  0.6157807  -3.23400106 -0.71596117
  0.33647224 -1.90048415 -0.32646724 -1.13315832 -1.45534746 -3.37464576
 -3.37618095 -0.72181259 -0.92349425 -1.39764614 -1.39056286 -3.02275812
 -1.62594396 -2.19111335 -2.05219686 -1.27160627 -0.99750493]
Forced parameter: {6: 0}
log likelihood =  -33323.40259635067
Edge derivatives =  [0.5571921443440053, -0.11739822124177551, -1.335984997328236, -0.11505147382170645, -0.5357188753091315, -0.09503145896595468, 1.9880058210917564, 0.7890921988501165, 0.4498018020035517, 1.665363639358536, 0.33866704196370495, 0.6337464046506205, -0.3863194381788157, 0.7332034552656501, 0.479219930842507, -0.6212301289237081]
other derivatives: [-3.26436566 -1.87056139  3.67450411  0.65944187 -0.1592321   0.64677442
  0.        ]
Current x array =  [-0.69992642 -0.83852022 -0.55325557  0.61589992 -3.23536633 -0.71418917
  0.33647224 -1.90028978 -0.32762405 -1.13555037 -1.45625765 -3.37726001
 -3.37852462 -0.72271367 -0.92510756 -1.39682266 -1.38785836 -3.02390682
 -1.62487012 -2.19108774 -2.05186001 -1.26986929 -0.99587373]
Forced parameter: {6: 0}
log likelihood =  -33323.39184082612
Edge derivatives =  [0.5509005040572603, 0.5074657943054482, -0.9551264538385782, -0.0018925365311986478, -0.5290853865369947, -0.07631968866335738, 1.7815934897909922, 0.7037862156621705, 0.028436101593063354, 0.7858553476537903, 0.29858509552238943, 0.47897045270129646, -0.45215713144346537, 0.7977126557850825, -0.05490287817676116, -1.022112058729863]
other derivatives: [-2.23260577 -1.1168886   0.80559403  0.25119516  0.50032085  0.19212894
  0.        ]
Current x array =  [-0.70005258 -0.83870492 -0.55289474  0.6162393  -3.23629192 -0.70928118
  0.33647224 -1.89868863 -0.32938809 -1.13675906 -1.45631223 -3.37934038
 -3.38013322 -0.72205279 -0.92484509 -1.39555008 -1.38546559 -3.0244647
 -1.62432125 -2.19071127 -2.05209434 -1.26848976 -0.99505809]
Forced parameter: {6: 0}
log likelihood =  -33323.38404984387
Edge derivatives =  [0.4421014128589733, 0.4547669331768175, -0.43531749379119605, 0.11270426263800673, -0.4610274764550868, -0.01133555521318603, 1.1439664747230365, 0.6448203640180529, 0.09651302919143044, 0.4776455713315403, 0.33117425267488027, 0.29558843824265846, -0.4707329411415099, 0.7082039102996519, -0.11099551474765688, -0.7491588883452416]
other derivatives: [ 1.39369513  0.08489587 -2.95232894 -0.06011396  0.44665674 -0.16017293
  0.        ]
Current x array =  [-0.70040668 -0.83895455 -0.55241879  0.61657715 -3.23637985 -0.70529784
  0.33647224 -1.89665721 -0.32874783 -1.13853914 -1.45641605 -3.38208652
 -3.3820796  -0.72044108 -0.92489236 -1.395506   -1.38428876 -3.02507596
 -1.62346632 -2.19075249 -2.05143473 -1.26808168 -0.99537887]
Forced parameter: {6: 0}
log likelihood =  -33323.379588530894
Edge derivatives =  [0.3315513276189325, 0.2577639973818017, -0.12362493458160635, 0.130594793025682, -0.4557973322405332, -0.0019861534323644264, 0.21141978026232586, 0.2537937897423372, -0.035172726665446075, -0.10244703916952284, 0.32209479194545976, 0.04972318713635533, -0.4765611533033109, 0.5246996413650841, -0.28086776274557135, -0.4002398387733259]
other derivatives: [ 1.23120844  0.2081506  -1.07879168 -0.69234375  0.56720765 -0.36406709
  0.        ]
Current x array =  [-0.70038934 -0.83907165 -0.55256214  0.61707468 -3.2367441  -0.70316351
  0.33647224 -1.89516609 -0.32810828 -1.14001479 -1.45638371 -3.38367339
 -3.38290249 -0.71841044 -0.92428847 -1.39518039 -1.3828021  -3.02497611
 -1.62265228 -2.19111107 -2.05050226 -1.26767626 -0.99602128]
Forced parameter: {6: 0}
log likelihood =  -33323.377332495074
Edge derivatives =  [0.25230182159119097, -0.13356328266803597, 0.07969217026831561, 0.13820316752087458, -0.3749529051019446, 0.07342144472343202, -0.2432967532628944, 0.13000889815843814, 0.10515374751814172, -0.07343734655656782, 0.3987623697634868, -0.08636555413812011, -0.38322949446746624, 0.31298948741121757, -0.02989435702873941, 0.2345598796248698]
other derivatives: [ 2.42847455  1.22773781 -1.60550553  0.01455919 -0.00611315 -0.27904753
  0.        ]
Current x array =  [-0.70050342 -0.83927171 -0.55250839  0.61660766 -3.23619452 -0.70398379
  0.33647224 -1.89468418 -0.32673239 -1.14086539 -1.45640672 -3.3865109
 -3.38490022 -0.71748012 -0.92417713 -1.39543644 -1.38260409 -3.0257511
 -1.62193846 -2.19198882 -2.04922212 -1.26810136 -0.99708408]
Forced parameter: {6: 0}
log likelihood =  -33323.37618223096
Edge derivatives =  [0.2553380915296947, -0.2881889281581384, 0.17077762722320006, 0.14130180460468095, -0.3790055764001378, 0.07452242182354488, -0.3782680578305238, 0.005784196334910299, -0.07932331367124101, -0.4598641982058668, 0.373152228862142, -0.2615553112993841, -0.2809346114869224, 0.07406598392766311, -0.18361583895627756, 0.21064375014231687]
other derivatives: [-1.61147909 -0.07364724  1.82583608  0.24477777 -0.01420002 -0.02836896
  0.        ]
Current x array =  [-0.70012995 -0.83906605 -0.55290886  0.61637896 -3.2362603  -0.70677079
  0.33647224 -1.89515138 -0.32660401 -1.14149386 -1.45649907 -3.38782382
 -3.38547112 -0.71731904 -0.92394647 -1.39511663 -1.38178637 -3.02557572
 -1.62148589 -2.19311601 -2.04801184 -1.26796992 -0.99720462]
Forced parameter: {6: 0}
log likelihood =  -33323.375654410294
Edge derivatives =  [0.2519245475678408, -0.26158917044232854, 0.11695959309180355, 0.13195684469320684, -0.36615992914707923, 0.08266327773227439, -0.23285644838090525, 0.0750928406084062, 0.005916959814647321, -0.24652322078708178, 0.3856137068996625, -0.18798568371610735, -0.28049571988607114, 0.12344749937417776, -0.0834025060190128, 0.2043623658833738]
other derivatives: [-0.58367732  0.09923679  0.59595186  0.33555989 -0.11027821 -0.04183676
  0.        ]
Current x array =  [-0.70022803 -0.83906918 -0.5527796   0.61632763 -3.23609858 -0.70656892
  0.33647224 -1.89513151 -0.32662344 -1.14121141 -1.45645184 -3.38771616
 -3.38542374 -0.71762491 -0.92406255 -1.3952819  -1.38226111 -3.02560883
 -1.62167838 -2.19299948 -2.04822278 -1.26815054 -0.99715218]
Forced parameter: {6: 0}
log likelihood =  -33323.37521222426
Edge derivatives =  [0.2324064102063724, -0.23544175566060205, 0.08390552911645134, 0.11743373840458396, -0.35074203924807107, 0.09210094819712447, -0.13178359026080655, 0.09262125435538889, 0.04764172476203497, -0.10987913888586481, 0.3885869071341377, -0.13986100295071957, -0.25367900624376954, 0.12514988695815765, -0.01721587689930104, 0.1727083406784805]
other derivatives: [-0.11017255  0.08746429 -0.04354661  0.35740231 -0.16834305 -0.0419459
  0.        ]
Current x array =  [-0.70027376 -0.83904891 -0.5527134   0.61632079 -3.23600067 -0.70652181
  0.33647224 -1.89495525 -0.32670571 -1.14107623 -1.45636307 -3.3880254
 -3.38549052 -0.71785658 -0.92406392 -1.39533952 -1.38255915 -3.02548421
 -1.62181024 -2.19314891 -2.04816774 -1.26829147 -0.9970782 ]
Forced parameter: {6: 0}
log likelihood =  -33323.37403509566
Edge derivatives =  [0.15380566969166207, -0.14767534335601235, 0.0436088254634944, 0.0737088567762183, -0.30587004918205446, 0.11691232898825175, 0.057943599147706026, 0.0571587891415998, 0.10587869262322587, 0.15215262447214412, 0.3772275729699396, -0.042202874179030396, -0.13273806310932004, 0.05675524217224362, 0.1121128047554728, 0.044464336564209186]
other derivatives: [ 0.81673352 -0.1052249  -1.08641689  0.24366454 -0.22740663 -0.02438901
  0.        ]
Current x array =  [-0.70036135 -0.83898148 -0.55260052  0.61641837 -3.23588294 -0.70658783
  0.33647224 -1.89415299 -0.32703139 -1.14097127 -1.45603944 -3.38944807
 -3.38569917 -0.71831661 -0.92386996 -1.39534287 -1.38309974 -3.0247332
 -1.62209671 -2.19400078 -2.04757824 -1.26860646 -0.99682647]
Forced parameter: {6: 0}
log likelihood =  -33323.372936073545
Edge derivatives =  [0.04337952356704893, -0.026495856154993017, 0.07073993842680715, 0.035717487978977495, -0.2592125601339697, 0.1389397713215137, 0.17146022758734392, -0.02528487655609038, 0.12723299596875515, 0.31200396992241347, 0.3398972554137678, 0.03207153063262158, 0.030733509839694167, -0.07105787655885609, 0.1756595574789869, -0.14741180104398954]
other derivatives: [ 0.79024176  0.14118268 -1.39276381  0.05614856 -0.20621965 -0.0178261
  0.        ]
Current x array =  [-0.70035141 -0.83903322 -0.5525677   0.61658402 -3.23590492 -0.70656281
  0.33647224 -1.89292104 -0.32749879 -1.14119679 -1.45565082 -3.39140182
 -3.38580575 -0.71860146 -0.92357639 -1.39524614 -1.38338702 -3.02342498
 -1.62234223 -2.19523974 -2.04661693 -1.26882495 -0.99649393]
Forced parameter: {6: 0}
log likelihood =  -33323.37556683163
Edge derivatives =  [-0.12016980154042961, -0.048209382305017506, 0.17296801434335463, -0.013334672198427933, -0.21621261297829347, 0.14193505714919233, 0.05746696203384358, -0.13715443872570318, -0.02661446248884075, -0.03234803691604647, 0.23373177176866772, -0.05516973107450112, 0.28543691185207287, -0.34466626746828255, -0.021806055871115823, -0.10915848491806734]
other derivatives: [ 5.32806735 -4.54303517  0.47832873 -0.53781696  0.35439923  0.13934914
  0.        ]
Current x array =  [-0.70081346 -0.83801196 -0.55271044  0.6167001  -3.23653527 -0.70787088
  0.33647224 -1.89130336 -0.32788189 -1.14194307 -1.45515413 -3.39514852
 -3.38562038 -0.71832101 -0.92332097 -1.39474928 -1.38251324 -3.02051003
 -1.62226442 -2.19734245 -2.04486303 -1.26863601 -0.99668072]
Forced parameter: {6: 0}
log likelihood =  -33323.37264575557
Edge derivatives =  [0.004220076599383657, -0.031662092042268164, 0.09529671336995944, 0.02397798574973834, -0.24886721929976163, 0.13967268359294913, 0.14416726820423045, -0.0520799039045704, 0.09034658272043751, 0.22952383479396052, 0.31450978687076864, 0.011184277718288234, 0.09190201193815609, -0.13655650117003268, 0.12835347203466754, -0.13820139048065633]
other derivatives: [ 1.87894329 -0.98044256 -0.94433926 -0.08627103 -0.07177801  0.01985609
  0.        ]
Current x array =  [-0.70046216 -0.83878843 -0.55260191  0.61661184 -3.23605601 -0.70687635
  0.33647224 -1.89253328 -0.32759061 -1.14137567 -1.45553176 -3.39229989
 -3.38576131 -0.71853423 -0.92351516 -1.39512704 -1.38317758 -3.02272627
 -1.62232358 -2.19574375 -2.04619653 -1.26877966 -0.9965387 ]
Forced parameter: {6: 0}
log likelihood =  -33323.371989299565
Edge derivatives =  [-0.07851504919845265, 0.06290947918508026, 0.15376633135191076, 0.004593729467958434, -0.22331740925539412, 0.1476606609034742, 0.11200970670445526, -0.12153006464203016, 0.04421005109208495, 0.16446615314765145, 0.2705893645500738, 0.01550987940937612, 0.20193313551821648, -0.23877295013815966, 0.07359690872177556, -0.23234219877756634]
other derivatives: [ 0.43166801 -0.64237247 -0.96418808 -0.15411933  0.03738648  0.00831642
  0.        ]
Current x array =  [-0.700325   -0.83889212 -0.55260247  0.61671174 -3.23624756 -0.70675485
  0.33647224 -1.89155613 -0.32794283 -1.14173341 -1.4552767  -3.39394526
 -3.38576287 -0.71847458 -0.92333623 -1.39492913 -1.38295268 -3.02152462
 -1.62237412 -2.19663634 -2.04547112 -1.26873553 -0.99641467]
Forced parameter: {6: 0}
log likelihood =  -33323.3717186954
Edge derivatives =  [-0.11577887439291462, 0.11927611462300301, 0.15452677456270494, -0.001595452241237666, -0.21458328286246073, 0.1455045200901971, 0.14015664291716126, -0.11530915230442626, 0.005450133177916705, 0.0898645179649305, 0.23603025104960784, 0.030462699861954337, 0.26121617271822495, -0.2672507949894506, 0.010073953092694418, -0.2524120761955096]
other derivatives: [ 0.81805047  0.35740231  0.98135934 -0.2182569   0.15515948  0.01410081
  0.        ]
Current x array =  [-0.70033408 -0.83910747 -0.55281163  0.61670827 -3.23639589 -0.70682372
  0.33647224 -1.8911096  -0.32820448 -1.14180293 -1.45512831 -3.3948269
 -3.38550902 -0.71848534 -0.92332897 -1.39478712 -1.38276676 -3.02057585
 -1.62245199 -2.19704136 -2.04522747 -1.26865488 -0.99640586]
Forced parameter: {6: 0}
log likelihood =  -33323.37143463409
Edge derivatives =  [-0.12816448939853406, 0.10632087825882804, 0.15043254782608173, -0.009996576482352582, -0.21730654557083848, 0.13957458996624378, 0.050613255496994775, -0.11716212389461633, -0.025350794714262964, -0.00792037551687487, 0.2229658365482503, 0.004886482356172339, 0.25065231900802176, -0.25978057298312973, -0.046022683608823736, -0.17785101120421004]
other derivatives: [-0.09101495  0.0471191   0.6068658  -0.13985118  0.19658311 -0.0035725
  0.        ]
Current x array =  [-0.70026157 -0.83906047 -0.55277217  0.61667873 -3.23648779 -0.70666852
  0.33647224 -1.89100099 -0.32816681 -1.14184644 -1.45511484 -3.39507894
 -3.38538348 -0.71829061 -0.92338954 -1.39472782 -1.38253198 -3.0202658
 -1.62239894 -2.19698493 -2.0452861  -1.2685501  -0.99657113]
Forced parameter: {6: 0}
log likelihood =  -33323.37101697276
Edge derivatives =  [-0.1556773290915336, 0.07698324789020192, 0.08986001816211503, -0.03489661842671767, -0.21859705976243454, 0.12867486203812672, -0.05471685070946489, -0.07831805548469951, -0.05346913110220303, -0.1176838652918751, 0.19832002120231684, -0.00784600013124296, 0.22212679383268505, -0.2059582943701885, -0.12119192695311323, -0.008444253584941636]
other derivatives: [-0.81663165 -0.28010254  0.29987132  0.01261651  0.24224801 -0.04756293
  0.        ]
Current x array =  [-0.70020902 -0.83900644 -0.55274007  0.61659021 -3.23658883 -0.70623836
  0.33647224 -1.89079906 -0.32809976 -1.14171782 -1.45505507 -3.39555448
 -3.38499883 -0.71804045 -0.92359821 -1.39467645 -1.38227512 -3.01952921
 -1.62240407 -2.19673178 -2.04560926 -1.26841881 -0.99692478]
Forced parameter: {6: 0}
log likelihood =  -33323.37052821183
Edge derivatives =  [-0.20332686689293722, 0.053415174347069036, -0.02122398790736439, -0.07651958556920255, -0.20768472492407694, 0.11892504220621308, -0.10591935794861207, 0.0008502315551361661, -0.06210677394035116, -0.1679859625301444, 0.15887765277986024, 0.01110929783923887, 0.20364208202016987, -0.12586412142837705, -0.17147832120744838, 0.19020381906122602]
other derivatives: [-0.93213021 -0.37387508  0.0942382   0.18667197  0.23365039 -0.09265204
  0.        ]
Current x array =  [-0.70020877 -0.83898886 -0.55271915  0.6164793  -3.23660455 -0.70577699
  0.33647224 -1.89044294 -0.32807119 -1.14141363 -1.45490762 -3.39659163
 -3.3843813  -0.71789361 -0.92390545 -1.39464124 -1.382143   -3.01818236
 -1.6225182  -2.19647823 -2.04604094 -1.26836952 -0.99734165]
Forced parameter: {6: 0}
log likelihood =  -33323.369604133666
Edge derivatives =  [-0.25282914641546866, 0.02000002042864947, -0.15786689110940766, -0.12266197521320066, -0.1741563996517195, 0.10358405519651291, -0.07763737582932356, 0.11810356785773905, -0.07152036126106254, -0.1616210809630697, 0.062196553908825836, 0.024020861984486476, 0.16813630922090894, -0.028161583588468986, -0.1755618839506944, 0.2285690059677818]
other derivatives: [-1.41155761 -0.52664109  0.33577817  0.02642628  0.06606521 -0.09361247
  0.        ]
Current x array =  [-0.70016354 -0.83896887 -0.55274411  0.61663859 -3.23636755 -0.70580913
  0.33647224 -1.890146   -0.32806122 -1.14101986 -1.45473864 -3.39918872
 -3.38304649 -0.71792862 -0.9242966  -1.39459176 -1.38213394 -3.01518958
 -1.62270011 -2.19609546 -2.04662925 -1.26858018 -0.99755568]
Forced parameter: {6: 0}
log likelihood =  -33323.37491117882
Edge derivatives =  [-0.1846569072707693, 0.3290244348983438, 0.1982172565677173, -0.020148288159010555, -0.07925023177627155, 0.06221345963756475, -0.515669438299067, 0.26782982017087653, -0.13744933185052585, -0.5973248747165714, -0.20174413412346295, -0.12135562260755797, 0.12462447752891484, 0.1532228879547407, -0.2157961224459921, 0.49495428127163377]
other derivatives: [ 5.28950477  3.22717824 -6.11777796 -0.17783896  0.1513807  -0.03557216
  0.        ]
Current x array =  [-0.70078026 -0.83975053 -0.55194882  0.61695345 -3.23662791 -0.70647644
  0.33647224 -1.88956748 -0.32789825 -1.14165824 -1.45468647 -3.40682584
 -3.3792809  -0.71659081 -0.92459785 -1.39398614 -1.38035822 -3.00669831
 -1.62236879 -2.19536839 -2.04723193 -1.268606   -0.99807586]
Forced parameter: {6: 0}
log likelihood =  -33323.369277480626
Edge derivatives =  [-0.23958136928626128, 0.08001880343252678, -0.08867429558670954, -0.1027296585964141, -0.15556824518856238, 0.09563821945445627, -0.16252754685952872, 0.14723163224674232, -0.08423539609766915, -0.24601509769251087, 0.011340437507193494, -0.004069813137470138, 0.15971987602814475, 0.007088712034464845, -0.18329258307621935, 0.2804054824562462]
other derivatives: [-0.10972144  0.2027009  -0.91503898 -0.01330045  0.08272972 -0.08235656
  0.        ]
Current x array =  [-0.70028322 -0.83912057 -0.55258977  0.61669969 -3.23641808 -0.70593863
  0.33647224 -1.89003372 -0.32802959 -1.14114375 -1.45472852 -3.40067085
 -3.3823157  -0.71766899 -0.92435506 -1.39447423 -1.38178932 -3.01354167
 -1.62263581 -2.19595436 -2.04674621 -1.26858519 -0.99765663]
Forced parameter: {6: 0}
log likelihood =  -33323.368695043086
Edge derivatives =  [-0.21363191408605708, 0.01898783768850179, -0.15948917277508778, -0.10625473770123572, -0.13202923790650686, 0.08367786315144571, -0.06394468738112628, 0.22242858462241322, -0.06678023706514247, -0.15179014070415286, -0.05521032421747115, -0.010834194895123814, 0.08693247657589723, 0.08221521321900034, -0.10253962290868308, 0.146220488124504]
other derivatives: [ 0.08976349  0.06471237 -0.20482548 -0.29864896 -0.15358219 -0.02555316
  0.        ]
Current x array =  [-0.7002901  -0.83908852 -0.55266529  0.61691096 -3.23604482 -0.70658651
  0.33647224 -1.89047546 -0.3278904  -1.14085468 -1.45479041 -3.40237042
 -3.38122133 -0.7178892  -0.92454668 -1.3945306  -1.38202012 -3.0115469
 -1.6227196  -2.19536299 -2.04730718 -1.26895653 -0.99751892]
Forced parameter: {6: 0}
log likelihood =  -33323.36832467756
Edge derivatives =  [-0.16352416665341363, -0.007514698527138694, -0.12820414945081982, -0.08243501182069983, -0.11531883005954315, 0.078357927567747, -0.015025700895338515, 0.1844126857273885, -0.04679272835085144, -0.07406348309717439, -0.0922431030885163, -0.019063047582974738, 0.04011589334359282, 0.0875875723973531, -0.02721951664105858, 0.0070771644062511685]
other derivatives: [ 0.23132452  0.08913048  0.14434772 -0.09562791 -0.16374602  0.03257446
  0.        ]
Current x array =  [-0.70030254 -0.8390809  -0.55271616  0.61672091 -3.2360247  -0.70726266
  0.33647224 -1.89100448 -0.32780127 -1.14092183 -1.45494524 -3.40345844
 -3.38051897 -0.71802773 -0.92439582 -1.39458919 -1.38219146 -3.01046053
 -1.62273389 -2.19504474 -2.04743365 -1.26923426 -0.99731168]
Forced parameter: {6: 0}
log likelihood =  -33323.36805875575
Edge derivatives =  [-0.06928994538352365, -0.024252639416276117, -0.01725200179408609, -0.02482970133788575, -0.09906549146830429, 0.07638044203613888, -0.007623963777740064, 0.0715659062649428, 0.0009871258109174913, 0.017523539192315044, -0.10625464041842211, -0.025415469414902164, -0.03357394825558811, 0.0657027541327536, 0.056592257177437794, -0.06117260389349195]
other derivatives: [ 0.21699088 -0.00145519  0.15943078 -0.05534821 -0.01832826  0.06888877
  0.        ]
Current x array =  [-0.70029658 -0.83905327 -0.55272731  0.61664806 -3.23618243 -0.70772851
  0.33647224 -1.89180883 -0.32764746 -1.14119975 -1.45525126 -3.40430138
 -3.37988695 -0.71808326 -0.92401439 -1.39471935 -1.38237706 -3.009975
 -1.62271064 -2.19461022 -2.04746024 -1.26946887 -0.9971959 ]
Forced parameter: {6: 0}
log likelihood =  -33323.36792331049
Edge derivatives =  [-0.04751079400104183, 0.02049173574101798, 0.03655034073815594, -0.013256059615900859, -0.07254060398559109, 0.07922886753560622, 0.048569126015735486, -0.06225505502108589, 0.006800650480100562, 0.061569214652281296, -0.1205850605983588, 0.017417976470553313, -0.002201114604931151, -0.02329516035942628, 0.02248482151825941, -0.0880922836500014]
other derivatives: [ 0.08555071 -0.11958036 -0.12380769  0.14904799 -0.05573878  0.06503979
  0.        ]
Current x array =  [-0.70029175 -0.8390147  -0.55270994  0.61648468 -3.23613568 -0.70770995
  0.33647224 -1.89195324 -0.32782421 -1.14141395 -1.45532314 -3.40578134
 -3.37933636 -0.71829726 -0.92360875 -1.39469885 -1.38243734 -3.00957369
 -1.62285619 -2.19496482 -2.04695446 -1.26942656 -0.99716888]
Forced parameter: {6: 0}
log likelihood =  -33323.36779611148
Edge derivatives =  [-0.004257155810860815, -0.009328473086318331, 0.06993955670720836, 0.009925220082687591, -0.06395413076437295, 0.0779255692994727, 0.003033888897071943, -0.11170501874563518, 0.025846202914450916, 0.05329500621613871, -0.10618929671309184, 0.016279914436312284, -0.0324577095411204, -0.040334054109012384, 0.0202644049568992, 0.016047063729506997]
other derivatives: [-0.05256879 -0.09541691 -0.12871169  0.09392534 -0.04182818  0.03175228
  0.        ]
Current x array =  [-0.70027584 -0.83902115 -0.55270923  0.61652697 -3.23614151 -0.70739791
  0.33647224 -1.89233106 -0.32767824 -1.14149034 -1.45548547 -3.40630897
 -3.37898196 -0.71821401 -0.92348797 -1.39475281 -1.38239701 -3.00990965
 -1.62282728 -2.19480831 -2.04692528 -1.26939055 -0.99734575]
Forced parameter: {6: 0}
log likelihood =  -33323.367621923004
Edge derivatives =  [0.051606660770037574, -0.023908680659264533, 0.07849063174998179, 0.038776618930493056, -0.046302789930664535, 0.07225119050226599, 0.007085932178603621, -0.09976144711086908, 0.02904055896438465, 0.004761617263046705, -0.08458332560817089, 0.01663768536859228, -0.03607152601532583, -0.058789459239876246, -0.01740887880342057, 0.09986768490854775]
other derivatives: [ 0.18307037 -0.23616303  0.02568413 -0.02064917  0.06505383 -0.02676097
  0.        ]
Current x array =  [-0.70029411 -0.83898771 -0.55272072  0.61658577 -3.23624045 -0.70680354
  0.33647224 -1.89280562 -0.32758347 -1.14144662 -1.45566788 -3.40760371
 -3.37819881 -0.71819207 -0.92351583 -1.39474069 -1.38224115 -3.01058057
 -1.62280113 -2.19482043 -2.04684072 -1.26925259 -0.99746806]
Forced parameter: {6: 0}
log likelihood =  -33323.368472325936
Edge derivatives =  [0.16622898371717276, 0.004248105533919896, 0.011852752733331223, 0.07522988185211765, 0.000884488754534939, 0.05779783780407184, 0.08144802465626769, 0.04571587683047343, 0.04202333270440224, 0.004348581620169753, -0.039996874545136424, 0.02400949804588754, -0.032091718511414694, -0.034742454548856015, -0.00901370325849321, 0.1150167106366029]
other derivatives: [-3.62242281  1.07004598 -1.89901039 -0.09026553 -0.02911841 -0.14253601
  0.        ]
Current x array =  [-0.69993068 -0.8393149  -0.55252988  0.61684535 -3.23612889 -0.70579584
  0.33647224 -1.89386177 -0.32738533 -1.14099043 -1.45597515 -3.41082023
 -3.37620294 -0.71830877 -0.92390698 -1.39470636 -1.38209663 -3.01195674
 -1.62275994 -2.19483035 -2.04692841 -1.26915922 -0.99745484]
Forced parameter: {6: 0}
log likelihood =  -33323.36756892691
Edge derivatives =  [0.07396684968775567, -0.01841447535125257, 0.06550660422606808, 0.045884707721760995, -0.03707102038509891, 0.06944614168604049, 0.021586444076881248, -0.07139436377675151, 0.03158218808585782, 0.004694407342934609, -0.07587779013538816, 0.018085196925394606, -0.03529484695773369, -0.05409927082582525, -0.015767057901779874, 0.10282616116593243]
other derivatives: [-0.55854616  0.01862645 -0.34952973 -0.03424793  0.04670148 -0.04932372
  0.        ]
Current x array =  [-0.70022325 -0.8390515  -0.55268351  0.61663638 -3.2362187  -0.70660706
  0.33647224 -1.89301155 -0.32754484 -1.14135767 -1.45572779 -3.40823087
 -3.37780966 -0.71821483 -0.9235921  -1.394734   -1.38221297 -3.01084889
 -1.6227931  -2.19482237 -2.04685782 -1.26923438 -0.99746548]
Forced parameter: {6: 0}
      fun: 33323.36756892691
 hess_inv: <23x23 LbfgsInvHessProduct with dtype=float64>
      jac: array([ 0.55854616, -0.01862645,  0.34952973,  0.03424793, -0.04670148,
        0.04932372, -0.        , -0.07396685,  0.01841448, -0.0655066 ,
       -0.04588471,  0.03707102, -0.06944614, -0.02158644,  0.07139436,
       -0.03158219, -0.00469441,  0.07587779, -0.0180852 ,  0.03529485,
        0.05409927,  0.01576706, -0.10282616])
  message: 'CONVERGENCE: REL_REDUCTION_OF_F_<=_FACTR*EPSMCH'
     nfev: 63
      nit: 55
     njev: 63
   status: 0
  success: True
        x: array([-0.70022325, -0.8390515 , -0.55268351,  0.61663638, -3.2362187 ,
       -0.70660706,  0.33647224, -1.89301155, -0.32754484, -1.14135767,
       -1.45572779, -3.40823087, -3.37780966, -0.71821483, -0.9235921 ,
       -1.394734  , -1.38221297, -3.01084889, -1.6227931 , -2.19482237,
       -2.04685782, -1.26923438, -0.99746548])
