number of sites to be analyzed:  246
log likelihood =  -2855.2204649558826
Lr derivatives =  [39.56819765079018, -91.44278626918592, -30.75164803741396]
other derivatives =  [  3.30865578 -38.11099532  20.65711033 -69.07821626 231.18455192
  44.9803947 ]
Current x_clock array =  [-0.63013421 -0.6596189  -0.7065702   0.18232156 -0.10536052  0.33647224
 -0.51082562 -0.51082562 -0.51082562]
log likelihood =  -2651.6681426239948
Lr derivatives =  [-53.53875720860152, -130.42632102579248, -81.29004810214303]
other derivatives =  [-23.72166864 -29.2133509  -24.41915831 -35.89302378 158.88352951
  20.47957787]
Current x_clock array =  [-0.64339586 -0.65717544 -0.78936737  0.45919865 -1.03198702  0.15618326
 -0.6694216  -0.50877815 -0.50877815]
log likelihood =  -2511.8524825066825
Lr derivatives =  [-14.877946929909935, -24.442785747853616, 19.659728422993794]
other derivatives =  [461.21757123 147.88023327  -3.84968371  34.7119641  -31.28852075
  21.96864079]
Current x_clock array =  [-0.39689674 -0.58061818 -0.62155653  1.2012235  -3.94502555 -0.29492393
 -0.27299256  0.          0.        ]
log likelihood =  -2602.086473749801
Lr derivatives =  [-48.5010089292258, -50.55200459629295, 49.52603376295883]
other derivatives =  [-359.00956701  -59.90482168  -15.34994226   38.74598047  -51.84951721
   26.29138271]
Current x_clock array =  [-1.15632882 -0.81705418 -0.56050664  1.29957488 -4.53877076 -0.43035293
 -0.12296211  0.          0.        ]
log likelihood =  -2467.810931491545
Lr derivatives =  [-17.981705670003112, -30.03253571419576, 24.006703824852593]
other derivatives =  [-25.78582371  63.40507116 -14.9026082   39.97714978 -38.44863833
  20.99115272]
Current x_clock array =  [-0.63609044 -0.65508699 -0.60232802  1.23220063 -4.13203387 -0.33757918
 -0.22573838  0.          0.        ]
log likelihood =  -2442.266903719881
Lr derivatives =  [7.799321774293185, -14.64255341007807, 51.191439139246]
other derivatives =  [ -8.882781    38.97843408  -2.31518425  26.93865489 -15.57120367
  24.48649002]
Current x_clock array =  [-0.62399249 -0.68313951 -0.59374064  1.09690592 -3.68413468 -0.27278023
 -0.22105858  0.         -0.05265948]
log likelihood =  -2437.970519823878
Lr derivatives =  [26.896783468713725, -16.584330219619144, -14.0582140981152]
other derivatives =  [ 17.31021166 -39.61649509  21.50575529   5.5658802   25.25210736
  25.13647632]
Current x_clock array =  [-0.60653518 -0.77974619 -0.59549458  0.80065293 -2.90623017 -0.24857337
 -0.29156849  0.         -0.40750697]
log likelihood =  -2427.813386764191
Lr derivatives =  [11.933425554625533, -18.234451998052105, -10.04325996219574]
other derivatives =  [  0.06713799 -12.63855756 -10.84840278  10.98854636   2.01063031
  19.37115667]
Current x_clock array =  [-0.61639273 -0.7416381  -0.62842812  0.82548047 -3.24088706 -0.38413701
 -0.30962722  0.         -0.29832969]
log likelihood =  -2424.49090528004
Lr derivatives =  [-1.3335040118935106, -22.026051956281965, -7.9102875028764075]
other derivatives =  [-7.76872093 24.97391097 30.57515733  8.10683423 -6.4347792  14.38578329]
Current x_clock array =  [-0.62665301 -0.68440486 -0.57441807  0.75688103 -3.35339885 -0.5478583
 -0.37598185  0.         -0.22115646]
log likelihood =  -2421.6093772009867
Lr derivatives =  [-7.535312960320097, -21.58916661492973, -4.0549878793535825]
other derivatives =  [-5.98502447 16.74341775 -1.6580243   5.37880533 -8.80005788 11.06130003]
Current x_clock array =  [-0.62297145 -0.69392189 -0.61841513  0.68239443 -3.37201351 -0.6783779
 -0.42490565  0.         -0.18052459]
log likelihood =  -2419.7294879267492
Lr derivatives =  [-12.590881502985356, -21.84783819964509, -1.5229108862138503]
other derivatives =  [-1.65820802  1.64295943 -7.1145555  -0.42709962 -6.80687805  8.35470246]
Current x_clock array =  [-0.61901649 -0.71356135 -0.63116622  0.58514021 -3.32245429 -0.82952985
 -0.46670728  0.         -0.15574045]
log likelihood =  -2418.6400709664977
Lr derivatives =  [-1.1322151288908873, -13.204531118175648, 2.568679317340342]
other derivatives =  [ -0.677363    12.10681648 -17.59611496  -6.44798001   0.39852866
   5.58470429]
Current x_clock array =  [-0.62096111 -0.70017409 -0.64648215  0.50130413 -3.2167975  -1.00881055
 -0.45483605  0.         -0.14681471]
log likelihood =  -2417.6852144350087
Lr derivatives =  [-0.3465772159260414, -12.774795284532482, 5.401043242171087]
other derivatives =  [  6.04208617 -15.23763194   0.67176416  -8.31116722   0.4889496
   3.75921308]
Current x_clock array =  [-0.61599288 -0.74827535 -0.61611844  0.48819643 -3.24466479 -1.21049278
 -0.43049957  0.         -0.12793935]
log likelihood =  -2417.248670153338
Lr derivatives =  [2.46593380708753, -11.583410933845485, 3.7491647867403524]
other derivatives =  [ 2.5885297  -7.38900644  3.03785919 -7.08910966  0.21928096  3.30873638]
Current x_clock array =  [-0.61938205 -0.73719866 -0.61064291  0.51002543 -3.25264454 -1.24418961
 -0.41650019  0.         -0.13482783]
log likelihood =  -2416.6906660412897
Lr derivatives =  [5.836562792824119, -9.911748465912709, 0.7339976357623481]
other derivatives =  [-1.3560134   3.92008542  5.29626777 -4.39568066 -0.76437361  2.01890328]
Current x_clock array =  [-0.62351445 -0.72280925 -0.60365617  0.55675592 -3.2689884  -1.37635665
 -0.39814444  0.         -0.14503603]
log likelihood =  -2416.365250350371
Lr derivatives =  [5.0660358661936495, -10.016088154876506, -1.361357604650486]
other derivatives =  [-2.06939058  5.5062078   4.04824186 -2.52430391 -1.07607507  1.18188263]
Current x_clock array =  [-0.6241283  -0.72103807 -0.60400701  0.58754473 -3.2625504  -1.50338398
 -0.40197082  0.         -0.14898089]
log likelihood =  -2416.01259248569
Lr derivatives =  [0.5031783990010474, -10.677491117060535, 1.0133806304257416]
other derivatives =  [-0.04161393  3.51002018  1.54064855  0.52877522 -0.2358463   0.46223411]
Current x_clock array =  [-0.62236077 -0.72262835 -0.60716855  0.6344537  -3.21935133 -1.71418244
 -0.4329819   0.         -0.13197763]
log likelihood =  -2416.135594792292
Lr derivatives =  [-2.8151709003760033, -12.968676136480987, -4.5047390164566785]
other derivatives =  [-16.96851587  -5.38711765  -0.21299729   0.13267618   0.50053224
   0.1802632 ]
Current x_clock array =  [-0.63467242 -0.73350407 -0.6102861   0.62708847 -3.19194632 -1.80758739
 -0.44446298  0.         -0.14586776]
log likelihood =  -2415.9986766373136
Lr derivatives =  [-0.28069885298618225, -11.21285450688943, -0.3437470123326065]
other derivatives =  [-4.17118417  1.33637332  1.10999463  0.43759883 -0.06161607  0.38996858]
Current x_clock array =  [-0.62532356 -0.72524558 -0.60791879  0.63268126 -3.21275633 -1.73666029
 -0.43574482  0.         -0.13532028]
log likelihood =  -2415.974921748949
Lr derivatives =  [-0.21587385951041682, -10.842112156737286, -0.050230128601907786]
other derivatives =  [-0.41543899 -0.25347663  0.81925054  0.39421184  0.51402862  0.22715859]
Current x_clock array =  [-0.62247878 -0.72800051 -0.60843299  0.63336473 -3.20193936 -1.79610106
 -0.4383532   0.         -0.1333828 ]
log likelihood =  -2415.9680030625523
Lr derivatives =  [-0.05535729182451021, -10.540271732588698, 0.23063160177478537]
other derivatives =  [ 0.16635613 -0.53264284  0.48876609  0.24156225  0.50239145  0.14184837]
Current x_clock array =  [-0.62207117 -0.72867617 -0.60876174  0.63089527 -3.20261361 -1.82842921
 -0.43851278  0.         -0.13188657]
log likelihood =  -2415.9622495006374
Lr derivatives =  [-0.1602832417240725, -10.43367033463937, -0.31632517884845157]
other derivatives =  [ 0.94358847 -0.32475191  0.02723573 -0.04142476  0.09542402  0.01690487]
Current x_clock array =  [-0.62148076 -0.72863675 -0.60935326  0.62533867 -3.20948902 -1.87116358
 -0.43865475  0.         -0.13252412]
log likelihood =  -2415.96382029286
Lr derivatives =  [0.27686078756096233, -9.903065011224733, 1.0050553507665185]
other derivatives =  [-1.07058077 -0.16268223 -0.30231877  0.0153068  -0.05639308 -0.01529062]
Current x_clock array =  [-0.62309063 -0.7286803  -0.60921992  0.62591215 -3.21367637 -1.89302902
 -0.43733992  0.         -0.12810277]
log likelihood =  -2415.9615510515628
Lr derivatives =  [-0.0037483260294637333, -10.243649691658227, 0.1487889846459236]
other derivatives =  [ 0.22308905 -0.26663793 -0.09057067 -0.02122215  0.04115958  0.00521286]
Current x_clock array =  [-0.62205551 -0.7286523  -0.60930565  0.62554341 -3.21098398 -1.87896993
 -0.43818533  0.         -0.13094562]
log likelihood =  -2415.9614286254937
Lr derivatives =  [-0.010164460203665904, -10.264706989738752, 0.030067152666974017]
other derivatives =  [ 0.05912716 -0.08910774 -0.02601064 -0.00312002  0.00248094  0.0007401 ]
Current x_clock array =  [-0.62218914 -0.728381   -0.60919626  0.62578045 -3.21154173 -1.87957562
 -0.43804288  0.         -0.13129335]
log likelihood =  -2415.9614189214903
Lr derivatives =  [-0.005014166550664001, -10.268335493017062, -0.0021960856266689532]
other derivatives =  [ 0.00174714 -0.01174885 -0.00478622  0.00458658 -0.00523569  0.00021777]
Current x_clock array =  [-0.62223766 -0.72826128 -0.60916002  0.62589702 -3.21164759 -1.87936742
 -0.43798449  0.         -0.13140242]
log likelihood =  -2415.961418602753
Lr derivatives =  [-0.003049578676107778, -10.26685533102189, -0.0015774021095662505]
other derivatives =  [ 0.00057435 -0.00556065 -0.00060209  0.00321961 -0.00302786  0.00012388]
Current x_clock array =  [-0.62223979 -0.7282511  -0.60915507  0.62588093 -3.21161068 -1.87941313
 -0.43798702  0.         -0.1314014 ]
      fun: 2415.961418602753
 hess_inv: <9x9 LbfgsInvHessProduct with dtype=float64>
      jac: array([ 5.74345904e-04, -5.56065061e-03, -6.02085493e-04,  3.21961124e-03,
       -3.02786306e-03,  1.23884760e-04, -3.04957868e-03, -1.02668553e+01,
       -1.57740211e-03])
  message: 'CONVERGENCE: REL_REDUCTION_OF_F_<=_FACTR*EPSMCH'
     nfev: 27
      nit: 23
     njev: 27
   status: 0
  success: True
        x: array([-0.62223979, -0.7282511 , -0.60915507,  0.62588093, -3.21161068,
       -1.87941313, -0.43798702,  0.        , -0.1314014 ])
