number of sites to be analyzed:  285
log likelihood =  -3819.2738110301616
Lr derivatives =  [-176.07948429762038, -273.53040011508426, -179.82184579288622]
other derivatives =  [ 38.37587246 -44.38748647  23.52819729 -96.93181255 269.11994155
  -0.        ]
Current x_clock array =  [-0.57814905 -0.6061358  -0.68307553  0.18232156 -0.10536052  0.33647224
 -0.51082562 -0.51082562 -0.51082562]
log likelihood =  -3582.308135024303
Lr derivatives =  [50.64928579466566, -147.491969249462, -110.1577148921194]
other derivatives =  [-143.15584531  -25.64308716  -47.22423773  -53.99940983  206.78115288
   -0.        ]
Current x_clock array =  [-0.691386   -0.6044948  -0.75250096  0.46834146 -0.89946163  0.33647224
  0.00873794 -0.50931831 -0.50931831]
log likelihood =  -3442.270521165604
Lr derivatives =  [63.58385578124682, -57.49261531074553, -24.16958582729626]
other derivatives =  [603.39677702  48.05486287 -26.40156526  -3.8791768   69.35222407
  -0.        ]
Current x_clock array =  [-0.37549369 -0.57869967 -0.67735439  0.88536974 -2.22350976  0.33647224
  0.33145681 -0.39230868 -0.39315111]
log likelihood =  -3377.7516157785985
Lr derivatives =  [-6.206672856971294, -69.71357987322816, -18.635825236341677]
other derivatives =  [-97.58735268   3.3376291  -13.96313655  33.23429311  -7.94408146
  -0.        ]
Current x_clock array =  [-0.64063266 -0.60556851 -0.6425011   1.05400666 -2.78278288  0.33647224
  0.4490199  -0.36149769 -0.36776144]
log likelihood =  -3371.502663163885
Lr derivatives =  [11.072328544396399, -59.503351807087526, -11.420430721866447]
other derivatives =  [-37.45897538   4.12268673  -4.22662924  27.17055492   5.65223162
  -0.        ]
Current x_clock array =  [-0.6044688  -0.60648177 -0.63502252  1.00823184 -2.68280433  0.33647224
  0.40634161 -0.33073244 -0.35941713]
log likelihood =  -3363.924043793577
Lr derivatives =  [31.242552355508153, -40.179144270041434, 5.1317692129593375]
other derivatives =  [54.61963337  0.93525114 12.48902299 17.32698274 17.56007098 -0.        ]
Current x_clock array =  [-0.55573672 -0.6119409  -0.62039522  0.92628601 -2.58082959  0.33647224
  0.30711036 -0.22763979 -0.33482184]
log likelihood =  -3357.0297529649347
Lr derivatives =  [42.0854430071751, -19.556797178227136, 22.09045872738362]
other derivatives =  [93.64993912 -2.2456843  20.48215038  9.0306421  22.08058053 -0.        ]
Current x_clock array =  [-0.53880393 -0.61583594 -0.61254615  0.83662075 -2.51090607  0.33647224
  0.18115664 -0.09020118 -0.31230673]
log likelihood =  -3349.4744562572077
Lr derivatives =  [-16.643565785804334, -48.23096774139526, 10.030048386689192]
other derivatives =  [ 84.50690029 -13.9890808   22.67987884   2.5501613    4.89694968
  -0.        ]
Current x_clock array =  [-0.5442345  -0.61275361 -0.61970717  0.65041884 -2.40900776  0.33647224
 -0.10572146  0.         -0.30462096]
log likelihood =  -3346.757664688451
Lr derivatives =  [3.8823679250740586, -34.67199112617747, 13.378571009046905]
other derivatives =  [-5.85795578 19.1652598  -5.24846018  1.88193826  5.71463109 -0.        ]
Current x_clock array =  [-0.59052198 -0.58786122 -0.64421603  0.6467759  -2.45798677  0.33647224
 -0.03613099  0.         -0.31460819]
log likelihood =  -3346.429224747962
Lr derivatives =  [-1.1542397987100959, -37.78925482136661, 9.417112050504748]
other derivatives =  [-2.33633864  4.58266913 -1.5834753   3.26978397  1.48255453 -0.        ]
Current x_clock array =  [-0.58775118 -0.60000662 -0.64015767  0.65396183 -2.48817402  0.33647224
 -0.03167519  0.         -0.32124865]
log likelihood =  -3346.292090044825
Lr derivatives =  [-2.4481706145523336, -39.22442104853902, 3.9854354827482936]
other derivatives =  [-2.13464273 -1.20816321 -0.72798321  3.39254802 -0.11176543 -0.        ]
Current x_clock array =  [-0.58740836 -0.60518042 -0.63909513  0.65212291 -2.50378408  0.33647224
 -0.02321966  0.         -0.33539002]
log likelihood =  -3346.22526327379
Lr derivatives =  [-1.9412495451139424, -39.693764132614646, -0.6081369748480512]
other derivatives =  [-1.62846709 -1.01316164  0.30194224  2.57008469 -0.21950151 -0.        ]
Current x_clock array =  [-0.58728332 -0.60526228 -0.63798511  0.64305247 -2.51009899  0.33647224
 -0.01546886  0.         -0.34946196]
log likelihood =  -3346.201282367174
Lr derivatives =  [-0.624011319179365, -39.03981957022199, -1.3561176907420371]
other derivatives =  [-1.64659104 -1.80118013 -1.29117279  1.32043715  0.25481268 -0.        ]
Current x_clock array =  [-0.58752309 -0.60625361 -0.63970329  0.63010488 -2.51200249  0.33647224
 -0.0114608   0.         -0.35324949]
log likelihood =  -3346.199810145333
Lr derivatives =  [-0.2945536743885864, -38.810624037374765, -1.4357161799769056]
other derivatives =  [ 0.10766416  2.67541827  3.46842535 -0.2341103  -0.48947224 -0.        ]
Current x_clock array =  [-0.58687794 -0.60268403 -0.63475424  0.61304685 -2.52376143  0.33647224
 -0.00792046  0.         -0.35439103]
log likelihood =  -3346.1908829617732
Lr derivatives =  [-0.4514738392006521, -38.92014891013016, -1.3974236503601691]
other derivatives =  [-0.7384433   0.51585903  1.16911997  0.51071265 -0.13227411 -0.        ]
Current x_clock array =  [-0.58718826 -0.604401   -0.63713474  0.62125179 -2.51810536  0.33647224
 -0.00962337  0.         -0.35384195]
log likelihood =  -3346.1865764481927
Lr derivatives =  [0.0519430055869563, -38.43494600545885, -0.49020484897684113]
other derivatives =  [-0.00454247  0.26097905 -0.08674033  0.06343862  0.01896352 -0.        ]
Current x_clock array =  [-0.5868609  -0.60473167 -0.63849068  0.61664565 -2.51853547  0.33647224
 -0.00961383  0.         -0.35169857]
log likelihood =  -3346.18614835042
Lr derivatives =  [0.06004790998450105, -38.35362618912903, -0.019259202972694567]
other derivatives =  [-0.1539961  -0.0307723   0.00615955 -0.02433353  0.0401425  -0.        ]
Current x_clock array =  [-0.58695316 -0.60498464 -0.63840776  0.61570144 -2.51828694  0.33647224
 -0.01022035  0.         -0.35029478]
log likelihood =  -3346.1861392940627
Lr derivatives =  [-0.018318391180889293, -38.38636379927792, 0.016947897802982226]
other derivatives =  [ 0.12822784  0.05130323 -0.06018945  0.00159571 -0.01332924 -0.        ]
Current x_clock array =  [-0.58678856 -0.60490267 -0.63848919  0.61590072 -2.51848098  0.33647224
 -0.01045484  0.         -0.35010881]
log likelihood =  -3346.186129711601
Lr derivatives =  [0.0018486114980742485, -38.38020972631149, 0.0008101642918987295]
other derivatives =  [ 0.0020309   0.00452292 -0.00298041 -0.00111913  0.0022943  -0.        ]
Current x_clock array =  [-0.58685998 -0.60494603 -0.63842327  0.61589694 -2.51842053  0.33647224
 -0.01036939  0.         -0.35017646]
log likelihood =  -3346.1861296781985
Lr derivatives =  [0.0002166789101565314, -38.38116494741241, -2.3812683439317084e-05]
other derivatives =  [ 4.19731805e-04  9.70430847e-04  3.86535248e-05 -2.72393663e-04
  8.00276107e-04 -0.00000000e+00]
Current x_clock array =  [-0.58686057 -0.60494907 -0.63841986  0.61590384 -2.51843113  0.33647224
 -0.01036712  0.         -0.35017759]
      fun: 3346.1861296781985
 hess_inv: <9x9 LbfgsInvHessProduct with dtype=float64>
      jac: array([ 4.19731805e-04,  9.70430847e-04,  3.86535248e-05, -2.72393663e-04,
        8.00276107e-04, -0.00000000e+00,  2.16678910e-04, -3.83811649e+01,
       -2.38126834e-05])
  message: 'CONVERGENCE: REL_REDUCTION_OF_F_<=_FACTR*EPSMCH'
     nfev: 20
      nit: 18
     njev: 20
   status: 0
  success: True
        x: array([-0.58686057, -0.60494907, -0.63841986,  0.61590384, -2.51843113,
        0.33647224, -0.01036712,  0.        , -0.35017759])
