number of sites to be analyzed:  327
log likelihood =  -4711.347392753527
Lr derivatives =  [-298.670068298053, -424.15083890122685, -422.91389647849803]
other derivatives =  [-44.44357728 -10.84512769   5.74224669 -80.48461859 241.3654056
  -0.        ]
Current x_clock array =  [-0.63628329 -0.88818406 -0.50535484  0.18232156 -0.10536052  0.33647224
 -0.51082562 -0.51082562 -0.51082562]
log likelihood =  -4491.688548139707
Lr derivatives =  [146.79321208588937, -176.74300906530755, -274.05619474475657]
other derivatives =  [-27.81760031  23.69504909 -81.99565309 -50.63368917 223.56831414
  -0.        ]
Current x_clock array =  [-0.63478918 -0.88604798 -0.5199887   0.38743308 -0.72046968  0.33647224
  0.25032196 -0.50952381 -0.50952381]
log likelihood =  -4303.58394125457
Lr derivatives =  [156.51814241066705, -80.17591448728427, -132.58129454255777]
other derivatives =  [ 45.66492134  16.62026989  66.58583607 -34.20095072 185.18549298
  -0.        ]
Current x_clock array =  [-0.6025158  -0.91898649 -0.41088916  0.47459484 -1.07847324  0.33647224
  0.12292778 -0.32286859 -0.1916327 ]
log likelihood =  -4186.055910172985
Lr derivatives =  [-36.721380301903494, -84.19547177130224, 60.45838745194487]
other derivatives =  [-204.78584702   -5.6388335  -238.79037781   30.14855156  -15.71801554
   -0.        ]
Current x_clock array =  [-0.71258956 -0.98390985 -0.54069346  0.69415441 -2.02409738  0.33647224
 -0.11579679  0.          0.        ]
log likelihood =  -4159.7226310870665
Lr derivatives =  [-45.92926203378791, -88.16461230371705, -58.18934831581169]
other derivatives =  [139.87593229  14.33340549  30.46509846  14.50922991  -8.77074069
  -0.        ]
Current x_clock array =  [-0.55407446 -0.98148151 -0.38264273  0.68582873 -2.10269197  0.33647224
 -0.08089493  0.         -0.04421193]
log likelihood =  -4153.246443116381
Lr derivatives =  [-20.00004112221223, -69.3583505019053, -3.8450586442079384]
other derivatives =  [ -4.98537884   7.23840913 -10.96963842  12.88156636   3.23671865
  -0.        ]
Current x_clock array =  [-0.61569566 -0.98595346 -0.39551013  0.68086274 -2.07580608  0.33647224
 -0.04597353  0.         -0.01293483]
log likelihood =  -4152.51201964668
Lr derivatives =  [-9.003240498964768, -61.19079190352005, 1.7787230361216757]
other derivatives =  [-3.36973881  6.77961816  2.33190804 10.68932397  5.8302963  -0.        ]
Current x_clock array =  [-0.61599759 -0.99072277 -0.38686163  0.68304185 -2.10857502  0.33647224
 -0.00859856  0.         -0.01130926]
log likelihood =  -4151.891200148908
Lr derivatives =  [3.857960497373195, -51.80558905290587, -11.909147752705254]
other derivatives =  [ -0.2180177    1.23142605 -12.11309882   7.73549982   4.19402958
  -0.        ]
Current x_clock array =  [-0.61492537 -1.00708048 -0.38753923  0.68484322 -2.2006136   0.33647224
  0.06490651  0.         -0.0207999 ]
log likelihood =  -4151.77591650011
Lr derivatives =  [0.09051993294573846, -51.70560524297527, 16.437405364680075]
other derivatives =  [ 3.21855168 -2.50530319 14.10673394  4.95161839 -0.37400548 -0.        ]
Current x_clock array =  [-0.61375258 -1.01539129 -0.37474885  0.67096247 -2.24868782  0.33647224
  0.08031677  0.         -0.00653435]
log likelihood =  -4151.654471558148
Lr derivatives =  [0.46151375478373224, -52.618362822471994, -0.0675299527691493]
other derivatives =  [ 0.16120885 -1.24659865  4.12407917  5.28047894  0.47455111 -0.        ]
Current x_clock array =  [-0.61503302 -1.01235275 -0.37960236  0.66905211 -2.23369306  0.33647224
  0.07317813  0.         -0.01397303]
log likelihood =  -4151.612621046694
Lr derivatives =  [0.15191983616372484, -53.079693805550676, -0.9640530769127196]
other derivatives =  [-0.72295916 -1.04884798  0.11696648  4.74294666  0.3201266  -0.        ]
Current x_clock array =  [-0.61530951 -1.01137983 -0.38177894  0.66168573 -2.22902291  0.33647224
  0.06884324  0.         -0.01433925]
log likelihood =  -4151.518603326751
Lr derivatives =  [-1.0656211263022672, -54.63414764227621, -4.140869267457109]
other derivatives =  [-2.63924721 -0.50538504 -2.54930546  1.38962423 -0.28113344 -0.        ]
Current x_clock array =  [-0.61607885 -1.00855042 -0.38467577  0.62725339 -2.21905842  0.33647224
  0.05648968  0.         -0.01565764]
log likelihood =  -4151.544686108578
Lr derivatives =  [2.5147736271430654, -52.16433372687624, 5.825928917481619]
other derivatives =  [ 6.40357575  1.77508653 -8.17633554 -0.06571281  1.17049892 -0.        ]
Current x_clock array =  [-0.61178376 -1.00499287 -0.38790137  0.61479155 -2.21470128  0.33647224
  0.05810057  0.         -0.01078795]
log likelihood =  -4151.511340153171
Lr derivatives =  [0.0784196126627088, -53.843791082953466, -1.0919445186571934]
other derivatives =  [ 0.22382301  0.21774059 -4.34965204  0.92636401  0.1849682  -0.        ]
Current x_clock array =  [-0.61471046 -1.00741701 -0.38570343  0.62328311 -2.21767026  0.33647224
  0.0570029   0.         -0.01410618]
log likelihood =  -4151.504259871826
Lr derivatives =  [-0.06381158915503038, -53.898812118644045, -0.6205203802656349]
other derivatives =  [-0.0299915   0.11997796 -1.44510523  0.14332727 -0.00466431 -0.        ]
Current x_clock array =  [-0.61492461 -1.00755657 -0.38453243  0.61726291 -2.21996551  0.33647224
  0.05733386  0.         -0.0138515 ]
log likelihood =  -4151.503602117001
Lr derivatives =  [-0.029169526961716485, -53.81084760019532, -0.027854545357943294]
other derivatives =  [-0.02420802  0.03378386 -0.0816608  -0.00678665 -0.03413167 -0.        ]
Current x_clock array =  [-0.61496758 -1.00778702 -0.38388861  0.61657237 -2.22137149  0.33647224
  0.0581211   0.         -0.013565  ]
log likelihood =  -4151.503597945491
Lr derivatives =  [-0.014230017007490714, -53.798476583156905, 0.00482273965172908]
other derivatives =  [-0.0104319   0.02576956 -0.01320677  0.00093314 -0.01749157 -0.        ]
Current x_clock array =  [-0.61496338 -1.0078023  -0.38385675  0.61667753 -2.22132808  0.33647224
  0.05814547  0.         -0.01354977]
      fun: 4151.503597945491
 hess_inv: <9x9 LbfgsInvHessProduct with dtype=float64>
      jac: array([-1.04319042e-02,  2.57695594e-02, -1.32067726e-02,  9.33141564e-04,
       -1.74915734e-02, -0.00000000e+00, -1.42300170e-02, -5.37984766e+01,
        4.82273965e-03])
  message: 'CONVERGENCE: REL_REDUCTION_OF_F_<=_FACTR*EPSMCH'
     nfev: 17
      nit: 15
     njev: 17
   status: 0
  success: True
        x: array([-0.61496338, -1.0078023 , -0.38385675,  0.61667753, -2.22132808,
        0.33647224,  0.05814547,  0.        , -0.01354977])
