number of sites to be analyzed:  314
log likelihood =  -11201.842230579236
Edge derivatives =  [58.79513688684047, 124.36424598430571, 99.27419662296319, 35.789474853992346, 7.904120414276436, 2.8209229510160316, 173.2476901145307, 200.27434376583238, 72.82109261120519, 89.13119533207225, 8.915918129898062, 79.60040504930734, 30.36287600639231, 22.589763818224657, 123.39442977565938, 95.5707172846005]
other derivatives: [ -32.943115     31.09417412  -62.28270831  122.18073971 -369.8607743
    0.        ]
Current x array =  [-0.67250495 -0.75548602 -0.61561941  0.18232156 -0.10536052  0.33647224
 -2.30258509 -2.30258509 -2.30258509 -2.30258509 -2.30258509 -2.30258509
 -2.30258509 -2.30258509 -2.30258509 -2.30258509 -2.30258509 -2.30258509
 -2.30258509 -2.30258509 -2.30258509 -2.30258509]
log likelihood =  -10636.829959585228
Edge derivatives =  [57.031437060221776, 123.31740101888028, 101.42970535302331, 37.743914811520355, 8.824886434645721, 7.420198691178432, 176.96095777179636, 199.83384683848976, 74.28175728102705, 89.32136978825459, 12.60984353721273, 81.42377633944812, 32.02029597079164, 23.770776901499886, 125.10080414201337, 97.52590305933293]
other derivatives: [ 126.42798538   43.27213173   -3.43510874   71.81801811 -159.771159
    0.        ]
Current x array =  [-0.75541153 -0.75371055 -0.77236373  0.2070293  -1.03617388  0.33647224
 -2.28672364 -1.98960272 -2.28672364 -2.28672364 -2.28672364 -2.29548579
 -2.28672364 -2.28672364 -2.28672364 -2.28672364 -2.28672364 -2.28672364
 -2.28672364 -2.28672364 -2.28672364 -2.28672364]
log likelihood =  -11541.56188730161
Edge derivatives =  [33.13089078301197, 103.28860932854967, 85.50716203535224, 28.516229946145838, 6.589342764161154, 12.371032463804163, 148.13517225418056, 168.21076825562525, 64.39393158976881, 74.48538139755296, 9.126183433415898, 79.07590338415609, 22.054488289093516, 24.50376981292661, 106.45707606759835, 80.41078212922368]
other derivatives: [-5970.21166141   -30.43416473    64.58611279  -166.3196108
   146.7896602      0.        ]
Current x array =  [-0.10760411 -0.5940205  -0.87953556  0.32329473 -2.4382239   0.33647224
 -2.10098977 -1.1358596  -1.96235141 -2.14712176 -2.2334744  -2.2507247
 -1.73978353 -1.68441156 -2.04269913 -2.00249209 -2.21531327 -2.02109363
 -2.16445293 -2.18955816 -1.89503711 -1.97416628]
log likelihood =  -10378.91763186079
Edge derivatives =  [51.4714212548753, 118.34396881792132, 98.19744579960704, 34.171546075094525, 7.206081244342385, 7.253289183497287, 168.32478274146976, 190.49069068056735, 71.0162725150597, 83.41403595612755, 11.239739804467881, 78.02529313713455, 28.704494752198865, 22.63915692986848, 118.81161702980972, 92.38710293052576]
other derivatives: [-117.62324357   29.52554496    5.06455581   40.29093907  -72.95669131
    0.        ]
Current x array =  [-0.5678109  -0.7074654  -0.80339997  0.24069898 -1.44219805  0.33647224
 -2.23293637 -1.74236451 -2.19278764 -2.24629588 -2.27130302 -2.28252328
 -2.12833349 -2.11229815 -2.2160558  -2.20441211 -2.26604368 -2.20979899
 -2.25131487 -2.25858517 -2.17329388 -2.19620915]
log likelihood =  -9953.652548272375
Edge derivatives =  [24.667300383788405, 75.1360120802708, 75.32375112631529, 16.16418242176637, -4.374948888266976, 0.06624204999859662, 103.91337329378769, 112.38504709522954, 45.66970489729969, 55.674997532889265, -0.34835835308086827, 59.28773286087832, 13.927430650583135, 12.409524135499446, 77.7475550088001, 57.96692129456068]
other derivatives: [-197.79219474 -141.0865425    70.7502586   -39.44505079  162.72879591
    0.        ]
Current x array =  [-0.51950237 -0.52346963 -0.84679723  0.33767648 -2.60991318  0.33647224
 -1.97854095 -0.74444247 -1.71928205 -2.06029652 -2.21115026 -2.22560222
 -1.33060731 -1.22682543 -1.86652048 -1.80059283 -2.17978423 -1.82761999
 -2.09096089 -2.12887598 -1.60582039 -1.7476015 ]
log likelihood =  -9687.831650601063
Edge derivatives =  [16.027412959113498, 19.10233843573043, 57.8448680188272, 5.6418367339604005, 0.7565816789243046, -6.008929465303212, -11.206935608297442, 14.203932125551413, 36.10437153997587, 36.76396910323184, -4.719005034039574, 25.453423137098984, 22.358562405294972, 17.066285683636963, 12.362179096705749, 26.07427723505623]
other derivatives: [101.38100151 175.0743333  -12.40697929  -8.03942748 150.15766502
   0.        ]
Current x array =  [-0.69973724 -1.30681303 -0.54639953  0.3813387  -2.83103728  0.33647224
 -1.68103121  0.16733152 -1.02297773 -1.8633754  -2.20812663 -2.20903565
 -0.28843889 -0.08265084 -1.41199078 -1.24211356 -2.14604778 -1.27130645
 -1.91999495 -1.99162087 -0.83747321 -1.16311518]
log likelihood =  -9492.496352799888
Edge derivatives =  [3.041172609734656, -7.082974704976856, 24.081832767957376, -4.781335359340415, -6.455637051267851, -10.654464055246253, -60.82104360101269, -61.04260688687602, 10.552294400047456, 4.257056793738026, -11.045838936859454, 1.729400168208029, 10.73797545150307, 8.40843938783508, -27.21286195416455, -4.796056879092356]
other derivatives: [-44.25750376  65.20721945   1.13912029  -5.20949106  19.99577157
   0.        ]
Current x array =  [-0.63435518 -0.96470037 -0.55063762  0.44844599 -2.34503471  0.33647224
 -1.58031352  0.24293991 -0.72917051 -1.81966827 -2.21485918 -2.23538242
 -0.13306961  0.17475443 -1.22786183 -1.03315847 -2.16794415 -1.09937505
 -1.83158031 -1.92483739 -0.66243599 -0.98394402]
log likelihood =  -9480.467528202964
Edge derivatives =  [-3.5449806999695195, 0.8164794405388727, 9.426087855995945, -8.026176540726622, -10.583394569243938, -11.669183334962367, -26.71507826727262, -38.78140028854613, -0.8486645386833039, -3.1330984195043547, -12.191146936416612, 5.429286786961428, 1.6945489173332955, 2.251385419865621, -10.182278884211204, -5.343956866200324]
other derivatives: [  -7.93524487 -187.06320589   12.86639053   -5.63926187  -17.05138245
    0.        ]
Current x array =  [-0.67900302 -0.60656049 -0.57908443  0.44625046 -1.98250079  0.33647224
 -1.61657652 -0.02375754 -0.74267387 -1.87101224 -2.24265329 -2.28094046
 -0.49902192 -0.19214215 -1.25730674 -1.09456649 -2.21952209 -1.17454817
 -1.82263762 -1.92004059 -0.86712681 -1.08606699]
log likelihood =  -9443.681758100953
Edge derivatives =  [1.9143925348613298, 11.64138310381845, 22.135718509189566, -3.6104321192297055, -6.745160126923719, -9.74800822481142, -1.0875528843366875, 2.6427655845104248, 10.089400906533031, 8.597700108942846, -8.627016209959992, 11.39368233729567, 7.036954938607182, 5.666391517901134, 6.405787129027227, 7.883293885867287]
other derivatives: [ 21.53217429   4.1602907   -9.72117778   2.05854121 -12.37141067
   0.        ]
Current x array =  [-0.68081535 -0.81788342 -0.56817979  0.42704021 -1.9710533   0.33647224
 -1.64550812 -0.09667933 -0.78210694 -1.89847648 -2.25966742 -2.29966418
 -0.62591148 -0.34739517 -1.29439523 -1.14355828 -2.24094226 -1.21058254
 -1.83393993 -1.92793804 -0.94614288 -1.14140118]
log likelihood =  -9439.141090313075
Edge derivatives =  [0.6581923051356262, 3.892390178857518, 16.853434337657596, -4.243085632334673, -6.826524450338209, -9.94659870354107, -10.890155203065543, -7.914068489163902, 7.208054722328281, 4.345827915809546, -8.994766180959205, 6.421463981813803, 6.21367520719411, 4.92594713028849, -1.1766722831990548, 3.2216808414766263]
other derivatives: [ 6.34790922 16.50630657  4.40216536 -0.30273441 -1.93755957  0.        ]
Current x array =  [-0.66946914 -0.85020654 -0.57375061  0.4309595  -2.0612342   0.33647224
 -1.62140316  0.00744784 -0.70799079 -1.88725624 -2.26484595 -2.30814981
 -0.55061244 -0.25966364 -1.24969271 -1.09398942 -2.24595337 -1.1579748
 -1.81207252 -1.91000947 -0.88274701 -1.08962858]
log likelihood =  -9435.290258929577
Edge derivatives =  [-0.9451672974578372, -2.6332048379361033, 4.737007387271741, -4.21151065819353, -6.275570191945279, -9.377179058648373, -4.942327841942463, 0.14885722134452217, 1.8312731958987079, -0.5219337451239623, -8.293181316525063, 0.19151872969250172, 2.988494086299597, 2.3490417898575275, -3.3089691713932448, -0.746334706473381]
other derivatives: [-21.2987361    4.7671092  -29.50539238   1.88450576  -3.67259056
   0.        ]
Current x array =  [-0.65556951 -0.83608748 -0.54188871  0.42983132 -2.0774739   0.33647224
 -1.60681033  0.06497178 -0.57403795 -1.908752   -2.30884866 -2.37259736
 -0.59857859 -0.28668899 -1.18730255 -1.04651241 -2.3040174  -1.09689853
 -1.76512276 -1.87219199 -0.86936368 -1.05086189]
log likelihood =  -9434.50783694944
Edge derivatives =  [-2.7086910599344534, -4.627608860001483, -8.664987667306857, -4.182649145547909, -6.352047605189864, -8.570813462983287, 3.454692363879132, 6.8440676771236975, -4.798920894298368, -6.100021631666112, -7.356083129252139, -4.133623351709567, -1.5393939248306703, -1.275985596295296, -2.5475041023003264, -3.417886118971884]
other derivatives: [-5.17554508 -7.0897695  37.24569615 -0.97551674 -1.43066205  0.        ]
Current x array =  [-0.66460107 -0.81839495 -0.59954046  0.42911689 -2.08045678  0.33647224
 -1.6030283   0.08918179 -0.46526005 -1.94080228 -2.36135865 -2.44987708
 -0.6703573  -0.33064235 -1.140165   -1.01907655 -2.37371806 -1.05638406
 -1.72216515 -1.83775492 -0.88152983 -1.03218561]
log likelihood =  -9432.641501602358
Edge derivatives =  [-1.609678698256579, -2.7998873187851308, -3.4728401593179203, -3.6550742617774175, -5.680201541962037, -8.227327349639303, 3.2258038988241844, 6.998689543277035, -1.9229434805058307, -2.7379471135736746, -6.997115875877422, -1.8558467770997635, -0.09747718228209243, -0.14849946722876087, -0.7942441120879267, -1.2961996110551202]
other derivatives: [ 0.66483881 -2.98664054  4.834008    0.20707012 -0.9204055   0.        ]
Current x array =  [-0.66908598 -0.82273578 -0.56990036  0.4290521  -2.07924226  0.33647224
 -1.60929991  0.07099679 -0.49665001 -1.94256457 -2.36096019 -2.44848953
 -0.66289243 -0.32364406 -1.15622656 -1.03457936 -2.37219267 -1.07175775
 -1.73162088 -1.84543302 -0.88844392 -1.04359274]
log likelihood =  -9432.082196542211
Edge derivatives =  [-1.1064559307744728, -2.0895139313406936, -2.2344395331940237, -3.261655048669574, -5.005149974919328, -7.643589519701311, 2.8977520931990672, 5.769215689172173, -0.9778533398564775, -1.2273836555501592, -6.412074966216481, -1.1477222124295547, 0.07975160941849516, -0.02800186633217755, 0.03687943976597707, -0.4411322529552538]
other derivatives: [ 2.25336407  0.08309144 -8.33112608  0.65648419 -0.30225351  0.        ]
Current x array =  [-0.67027993 -0.82744969 -0.55811647  0.42940503 -2.08300004  0.33647224
 -1.6135214   0.06529341 -0.49859473 -1.95326458 -2.37725636 -2.4719054
 -0.6599978  -0.31044096 -1.15843902 -1.04035363 -2.39237298 -1.07399165
 -1.72942277 -1.84381057 -0.89127122 -1.04607602]
log likelihood =  -9430.97750550153
Edge derivatives =  [-0.08162547465787823, 0.06149189698159219, -0.9649936463311343, -2.2213004230928615, -3.13255091085833, -5.756598041567484, 2.5975360777517036, 1.3376970776110562, 0.42788007815732904, 1.9108043426955752, -4.545421004903389, 0.35277209327140185, -0.42915213543479735, -0.4528096047772088, 2.3232520505838705, 1.4113809028957076]
other derivatives: [  1.66385507   4.86161662 -22.92581121   1.09813482   1.10025461
   0.        ]
Current x array =  [-0.66966593 -0.83528239 -0.5454912   0.43067928 -2.08956493  0.33647224
 -1.62746426  0.04721708 -0.49222885 -1.99489572 -2.44044951 -2.56393531
 -0.66081727 -0.27455238 -1.15972797 -1.054962   -2.47187497 -1.07661986
 -1.71696867 -1.83439546 -0.9019947  -1.05169003]
log likelihood =  -9429.69114226205
Edge derivatives =  [0.6316718600198284, 1.6773321267738126, -1.3155684590898389, -1.1561654647930726, -1.2055201051309188, -3.5885976805563793, 2.4573001962055274, -3.2478678040233193, 0.6137164854933135, 3.5933960569179475, -2.5185481240260676, 1.0575817702579875, -1.59786921423183, -1.3838109883658498, 3.415900262470959, 2.105197136238329]
other derivatives: [  5.42166708   4.89685044 -18.82295692   0.69001908   2.11310737
   0.        ]
Current x array =  [-0.67178134 -0.8353403  -0.54842665  0.43265279 -2.09245719  0.33647224
 -1.64261367  0.03512485 -0.47640173 -2.05299573 -2.52832373 -2.69579938
 -0.66289243 -0.24452257 -1.15447049 -1.06056231 -2.5845889  -1.07137258
 -1.70106528 -1.82252643 -0.90550442 -1.04964714]
log likelihood =  -9434.239766840108
Edge derivatives =  [1.7028436823843809, 4.404384798153287, 5.4232595105745665, 0.32493186634485827, 1.0609689274662595, -0.5532458401066106, 2.7084584326430887, 1.04913406315395, 2.9061111585839736, 3.4344829338022045, -0.10010751005138321, 3.729608116051925, -0.681971975414016, -0.3588268246368335, 2.6789017526031205, 2.4084909385937094]
other derivatives: [-96.75464389  -2.68245458  -4.27245504   1.21859011   3.3231881
   0.        ]
Current x array =  [-6.08966246e-01 -8.24635309e-01 -5.70296517e-01  4.31839368e-01
 -2.08322872e+00  3.36472237e-01 -1.66920833e+00  2.79841825e-03
 -5.45756252e-01 -2.14426637e+00 -2.64851903e+00 -2.89684867e+00
 -6.53165559e-01 -2.90661981e-01 -1.18208891e+00 -1.06407000e+00
 -2.74998605e+00 -1.08882246e+00 -1.72706377e+00 -1.84547613e+00
 -9.03036654e-01 -1.05775187e+00]
log likelihood =  -9429.423740381835
Edge derivatives =  [0.7541483182577157, 1.9895524105197564, -0.5453542308817645, -0.9853407667238474, -0.9388234494310919, -3.2214976542046543, 2.4940053094546, -2.764995877198415, 0.8691699744893486, 3.585649319830341, -2.2244082494200104, 1.3617040973622345, -1.4935838696846306, -1.268121853716044, 3.3422333756119764, 2.1390404244838717]
other derivatives: [ -4.84184238   4.0800478  -17.02179361   0.69838461   2.29357613
   0.        ]
Current x array =  [-0.66483634 -0.83415673 -0.55084464  0.43256286 -2.09143687  0.33647224
 -1.64555405  0.03155076 -0.48406975 -2.06308685 -2.54161283 -2.71802791
 -0.661817   -0.24962386 -1.15752405 -1.06095013 -2.60287564 -1.07330188
 -1.70393975 -1.82506381 -0.90523158 -1.05054322]
log likelihood =  -9428.530157930842
Edge derivatives =  [1.0868177893520665, 2.264493723073484, -0.5544875879336606, -0.10705742306658672, 0.523452338586472, -1.3860741038321331, 2.1630375422372663, -3.5014342459806906, 0.4588007226132433, 2.9751645562580324, -0.6818601820576833, 1.2598609736625637, -2.095326807601393, -1.7154416649373738, 2.282709699503931, 1.36836532943987]
other derivatives: [-6.39154132 -0.71209615 -1.83315751 -0.2251345   3.48462997  0.        ]
Current x array =  [-0.66342355 -0.82613516 -0.56450637  0.43379556 -2.09214868  0.33647224
 -1.65716314  0.03218304 -0.47986632 -2.12405358 -2.63019637 -2.86003526
 -0.65583142 -0.2504777  -1.15275115 -1.05127202 -2.72157007 -1.06380916
 -1.70021155 -1.82320617 -0.89528126 -1.04111137]
log likelihood =  -9428.20785978446
Edge derivatives =  [0.8885564450989037, 0.7643518254251022, -0.390003542960565, 0.07069416213868515, 0.9293258592565153, -0.7717973734221236, 0.6867589212922021, -2.109821440649533, 0.1059305066838998, 1.2184736631321051, -0.28047830006337005, 0.48498680204987943, -1.4566760059080237, -1.2456329248310447, 0.14091855177485124, 0.07326921545520776]
other derivatives: [-1.09300163 -1.69840496  1.34628135  0.03830428  1.5802501   0.        ]
Current x array =  [-0.66731887 -0.82352704 -0.56769808  0.43295353 -2.08293582  0.33647224
 -1.65661707  0.04431153 -0.48472069 -2.14785899 -2.66205949 -2.92139727
 -0.64044003 -0.2658691  -1.15028124 -1.03425819 -2.77047227 -1.05547894
 -1.70963505 -1.83143041 -0.8801269  -1.03131468]
log likelihood =  -9428.133325713367
Edge derivatives =  [0.6745744756357372, -0.14185916420490718, -0.09312423890039084, 0.1464332011306307, 1.0420529923417914, -0.5211308307174722, 0.2558749418734832, 0.5579406246055425, 0.07626077413677818, -0.03244489880338086, -0.0919141255177119, -0.03917555830332592, -0.4995921471840439, -0.5190108364897543, -0.4183397089092638, -0.24206635732438936]
other derivatives: [ 0.06431583  2.4176461   1.70869316  0.2330853  -0.22771487  0.        ]
Current x array =  [-0.66805001 -0.82917073 -0.5687445   0.43383789 -2.07324093  0.33647224
 -1.6522558   0.04975193 -0.49063957 -2.15789982 -2.66988675 -2.95121314
 -0.63380026 -0.28587717 -1.1499493  -1.02282456 -2.79244417 -1.05123847
 -1.72164473 -1.84185967 -0.87642733 -1.02915239]
log likelihood =  -9428.127863181202
Edge derivatives =  [0.5027050274862577, -0.3031472005381875, 0.45450386775471596, 0.0792231951959979, 0.9351240452022618, -0.4876011434050314, -0.44354170660374026, 0.4027911716394976, 0.03399089551912815, -0.44789283142225206, -0.1067110949601171, 0.05966110396257901, -0.004763898318585397, -0.07359489915815479, -0.48095842943491274, -0.26965036973068274]
other derivatives: [ 0.79923302 -3.23214772 -0.40301165 -0.12122109 -0.41830448  0.        ]
Current x array =  [-0.66904145 -0.81971796 -0.56690131  0.43538362 -2.07085136  0.33647224
 -1.64773396  0.04971527 -0.49753452 -2.15734881 -2.6629833  -2.95560083
 -0.62779806 -0.28820477 -1.15147392 -1.0204055  -2.79342836 -1.05206405
 -1.72953366 -1.84892653 -0.87665737 -1.03042396]
log likelihood =  -9428.105324645227
Edge derivatives =  [0.5152890924476179, -0.1561834551032983, 0.30312458752053106, 0.07625416403807536, 0.9162929091908257, -0.5330461839716981, -0.2224734827535867, 0.34990332236969657, 0.09027041652107626, -0.21792980755099506, -0.11653693003650903, 0.05815836999488855, -0.04403653962654597, -0.11471049575159684, -0.21208272989112886, -0.09240790749901423]
other derivatives: [ 0.41840576 -0.6672999  -0.07866583 -0.04176036 -0.3068684   0.        ]
Current x array =  [-0.66855779 -0.82397424 -0.56714217  0.43522273 -2.0719587   0.33647224
 -1.64721436  0.04879757 -0.49539314 -2.15555287 -2.65989576 -2.95170178
 -0.62993143 -0.28634312 -1.15111318 -1.02202012 -2.79010475 -1.05216737
 -1.72818626 -1.84785059 -0.87822173 -1.03114928]
log likelihood =  -9428.096295912783
Edge derivatives =  [0.4380874740467328, -0.09078581904138608, 0.11868295598581874, 0.05716738220046645, 0.8667338231126375, -0.5496714067891266, -0.17713313279640364, 0.20012229061991527, 0.07025966337198036, -0.12942363345460312, -0.10788214938621897, -0.0012139749297734315, 0.046865663094500104, -0.03354685959517731, 0.05505313261192846, 0.06071240775526532]
other derivatives: [-0.04359208  0.50798189 -0.29999319 -0.0383443  -0.27239906  0.        ]
Current x array =  [-0.66816835 -0.82601997 -0.56685093  0.43548541 -2.07272017  0.33647224
 -1.64431607  0.04820593 -0.49342877 -2.15439553 -2.65446596 -2.95258249
 -0.63078942 -0.28450406 -1.15034828 -1.02264854 -2.78935032 -1.05167887
 -1.72882194 -1.84875499 -0.87988596 -1.03187645]
log likelihood =  -9428.08345875887
Edge derivatives =  [0.21114924115277933, 0.03518772749037721, -0.12262190620006974, 0.023113201597276888, 0.7372546043437825, -0.5346324504025673, -0.17683800372106184, -0.09203172493980727, -0.005015968005016691, -0.05519278392498789, -0.06415079555739112, -0.09701663211514633, 0.3328278909007776, 0.23064132768552947, 0.4929941077977307, 0.3110742925118003]
other derivatives: [-0.25871304  1.56076385 -0.24656219 -0.13865974 -0.06151294  0.        ]
Current x array =  [-0.66791516 -0.8279465  -0.56668926  0.43612192 -2.07436499  0.33647224
 -1.63619237  0.04700978 -0.49091037 -2.15312046 -2.64089673 -2.96056142
 -0.63149299 -0.2815242  -1.14893419 -1.02333599 -2.79111779 -1.05064922
 -1.73181328 -1.85236302 -0.88253944 -1.03306358]
log likelihood =  -9428.067276617614
Edge derivatives =  [-0.10958627955177586, 0.038725218034159625, -0.45316046020466316, 0.009340518561478446, 0.5791135715498282, -0.43692578721236364, -0.048282698658087264, -0.28525518300887637, -0.14327579299633003, 0.013097189662456932, 0.021581585386236418, -0.227045626552341, 0.48321825379947553, 0.4057894150288554, 0.5074820245719116, 0.28620819350051047]
other derivatives: [-1.19094875  1.7426737  -0.97834163  0.05101901 -0.02205567  0.        ]
Current x array =  [-0.66736045 -0.828553   -0.56583404  0.43546123 -2.07583606  0.33647224
 -1.62516365  0.04642623 -0.48773577 -2.15407475 -2.62292976 -2.98065061
 -0.63331714 -0.27915013 -1.14703491 -1.02404289 -2.79916045 -1.04913875
 -1.73302744 -1.85505082 -0.88222418 -1.0320809 ]
log likelihood =  -9428.10984171351
Edge derivatives =  [-0.8481303354984567, 0.38063070398691135, -0.2640430610923784, -0.14822486493508572, -0.18242204413884067, -0.44596485608482717, 0.3625366282466618, -0.2012624760847005, -0.3603543099212732, -0.08166259305932988, -0.047631339504775494, -0.013931989026171876, 0.6943569326298652, 0.6865384615970629, 0.45043357868782075, 0.23843547770459944]
other derivatives: [ 3.6031015   1.12820999  6.99243174 -0.48585753  1.03263687  0.        ]
Current x array =  [-0.67007764 -0.82759773 -0.57260614  0.43524638 -2.07875622  0.33647224
 -1.60150395  0.04349672 -0.49170014 -2.1449988  -2.56366159 -3.00035697
 -0.63679903 -0.28015822 -1.14797479 -1.02766766 -2.7938645  -1.05140163
 -1.73628883 -1.86085055 -0.88185699 -1.03221228]
log likelihood =  -9428.058898660172
Edge derivatives =  [-0.25690201985099176, 0.10881072716027101, -0.41411000526171643, -0.022290969745372077, 0.4316866413427536, -0.4382283791468569, 0.035325736014399756, -0.26788328861008914, -0.18657112605677423, -0.004828487829510841, 0.007858737175614444, -0.18307682170300132, 0.5260634733332622, 0.46286081081193137, 0.49647639235876895, 0.27717189657700336]
other derivatives: [-0.21889718  1.61943353  0.64510095 -0.05744187  0.19255079  0.        ]
Current x array =  [-0.66790956 -0.82835995 -0.56720261  0.43541781 -2.07642619  0.33647224
 -1.62038227  0.04583421 -0.48853692 -2.15224059 -2.61095228 -2.98463306
 -0.63402079 -0.27935385 -1.14722485 -1.02477542 -2.79809019 -1.04959606
 -1.73368653 -1.85622288 -0.88214997 -1.03210745]
log likelihood =  -9428.042179102713
Edge derivatives =  [-0.5507984891927088, 0.13299272417640598, -0.25960154520802253, -0.0029533502786047716, 0.22749859483060805, -0.2841851685193685, 0.27103106672552274, -0.08250412168134225, -0.2115258718756633, 0.06179778899586941, 0.0989489024392007, -0.09945521069953928, 0.5097659979779945, 0.5109615925989313, 0.13755280105126944, 0.06381883168829255]
other derivatives: [-0.49343544  0.40341365  0.37233258  0.10585427  0.35113931  0.        ]
Current x array =  [-0.66784072 -0.82650373 -0.56688738  0.43433778 -2.07718181  0.33647224
 -1.60974034  0.04491874 -0.4899487  -2.15417096 -2.58884403 -3.01118166
 -0.63574257 -0.28028052 -1.14738087 -1.02600802 -2.80820937 -1.04981414
 -1.73324627 -1.85756164 -0.87933801 -1.03016669]
log likelihood =  -9428.044877204818
Edge derivatives =  [-0.5391097789608048, 0.1345908387193205, -0.04471254720150836, 0.03922314747515158, 0.15331415832391318, -0.16736609416596962, 0.23322407059071426, -0.19346408919469804, -0.0611010126918089, 0.260882847283085, 0.17569092391906127, 0.04099881425027707, 0.21919785142097892, 0.2693078674825371, 0.14059477643602214, 0.08657431207655453]
other derivatives: [ 3.91670073  0.39621227 -1.21971607  0.04892172  0.12370522  0.        ]
Current x array =  [-0.67088635 -0.8262455  -0.56515965  0.43499613 -2.07572196  0.33647224
 -1.60864655  0.04454717 -0.4907287  -2.15623045 -2.57681496 -3.02990565
 -0.63530047 -0.27939216 -1.14866008 -1.02691695 -2.8149279  -1.05029087
 -1.72868738 -1.85402532 -0.87883942 -1.02961513]
log likelihood =  -9428.038752221459
Edge derivatives =  [-0.5470492526333264, 0.13359731792169618, -0.1919104213468979, 0.010338455486881837, 0.2045222113994222, -0.24705120627420374, 0.2591982529103984, -0.11717959901248776, -0.1640278302329206, 0.12458183296391695, 0.12319128566307098, -0.05517280399007313, 0.4186702108118913, 0.4351371708260504, 0.1386103698151242, 0.07108717851167123]
other derivatives: [ 0.89637251  0.40129999 -0.12625605  0.08769348  0.27999702  0.        ]
Current x array =  [-0.66879722 -0.82642263 -0.56634477  0.43454454 -2.07672334  0.33647224
 -1.60939683  0.04480205 -0.49019366 -2.15481775 -2.58506624 -3.01706203
 -0.63560373 -0.28000152 -1.14778261 -1.02629347 -2.81031936 -1.04996386
 -1.73181453 -1.85645104 -0.87918142 -1.02999347]
log likelihood =  -9428.03198626424
Edge derivatives =  [-0.5344097001296999, 0.061510880347560304, -0.010754038023816748, 0.03543412788938099, 0.1381625642100735, -0.14077937856178518, 0.1772620627623458, -0.15554277005195272, -0.08755164173602553, 0.1251531818949725, 0.17099873411430094, 0.0441580118116498, 0.048578005876392466, 0.1366374089337938, -0.1469701293383388, -0.10064972143348311]
other derivatives: [ 0.99120734 -0.34810728 -0.06999835  0.07292692 -0.00113774  0.        ]
Current x array =  [-0.66896688 -0.82522139 -0.56638957  0.43475383 -2.07520536  0.33647224
 -1.60990124  0.04496502 -0.49204224 -2.15705118 -2.57673135 -3.03295758
 -0.63494086 -0.28064826 -1.14932346 -1.02666936 -2.81628343 -1.05066526
 -1.72725437 -1.85268688 -0.87728382 -1.02878324]
log likelihood =  -9428.02835308532
Edge derivatives =  [-0.38669510559365344, 0.050278140077440164, 0.28535310214062626, 0.026061298060009883, 0.022369381045501985, -0.12639429200021313, -0.015453743566518519, 0.12295809563151738, 0.07164409481121359, 0.011310061602920363, 0.1460839651724551, 0.12005135527509503, -0.10980291457314059, -0.02332595230834353, 0.026322929359354763, 0.019929762447913557]
other derivatives: [-0.88618617 -0.43959153 -0.59583181 -0.16938066 -0.0243149   0.        ]
Current x array =  [-0.66772301 -0.82514877 -0.5660317   0.43621424 -2.07454696  0.33647224
 -1.61436965  0.04504139 -0.4948269  -2.15544201 -2.56706761 -3.0369289
 -0.63281258 -0.28293366 -1.15162017 -1.02620025 -2.81305321 -1.05159209
 -1.72548171 -1.85033261 -0.87874381 -1.03008554]
log likelihood =  -9428.026230050695
Edge derivatives =  [-0.2967799561360894, 0.045576253177125436, 0.21386002934259324, 0.028249544024813084, 0.0265261218010166, -0.1271053528365414, -0.0527066319981393, 0.07730189967354018, 0.08219882592350275, 0.003577203780927407, 0.1371465662836172, 0.09585311980621414, -0.2023857452981051, -0.12161445184934355, 0.06860392801326187, 0.04077635409404612]
other derivatives: [-0.17967977 -0.08629468 -0.20106563 -0.16944068 -0.06931199  0.        ]
Current x array =  [-0.6681596  -0.8256853  -0.56635189  0.43618703 -2.07433905  0.33647224
 -1.61750466  0.04534321 -0.49403768 -2.15536037 -2.56755294 -3.03693916
 -0.63256164 -0.28267891 -1.1517966  -1.02607223 -2.81206986 -1.05137703
 -1.72430475 -1.84885144 -0.87905705 -1.03021347]
log likelihood =  -9428.025013537936
Edge derivatives =  [-0.1997253752720115, 0.0384320427363494, 0.08733762588154326, 0.029327573149206067, 0.016628704891195653, -0.12278369632342542, -0.08017300756250606, 0.04799779924129044, 0.07266430585421224, -0.021469455255224867, 0.1275289020520154, 0.034937012680814894, -0.23555952578264408, -0.17554656295756518, 0.11541494508269423, 0.06278324433654514]
other derivatives: [ 0.09003088  0.2607012   0.10499571 -0.11352495 -0.07522324  0.        ]
Current x array =  [-0.6683122  -0.8262505  -0.56660706  0.43587537 -2.0744824   0.33647224
 -1.62089492  0.04574092 -0.49270303 -2.15521587 -2.56687194 -3.03834182
 -0.63239967 -0.28238368 -1.15171929 -1.0258275  -2.81108851 -1.05083375
 -1.72389243 -1.84795128 -0.87939999 -1.03033223]
log likelihood =  -9428.023775530308
Edge derivatives =  [-0.09265216008905092, 0.030231801120626678, -0.0279885127869679, 0.03202529802818377, -0.010765709474581303, -0.10885664438760692, -0.07615616522031526, 0.036444708400763304, 0.05072428101165477, -0.04207950856268805, 0.11422851362702384, -0.026765363220590532, -0.20217452288239363, -0.1761602567105878, 0.11686358133939023, 0.061924675936567364]
other derivatives: [ 0.1909666   0.29588409  0.18758146 -0.02301203 -0.02007282  0.        ]
Current x array =  [-0.66837899 -0.82631934 -0.56667201  0.43533639 -2.07491502  0.33647224
 -1.62448808  0.04620072 -0.49137013 -2.15495817 -2.56458599 -3.04156059
 -0.63243787 -0.28211883 -1.15151659 -1.02567341 -2.81000095 -1.05024498
 -1.72437724 -1.84779338 -0.8794325  -1.03030873]
log likelihood =  -9428.022335304002
Edge derivatives =  [0.04079893273905394, -0.04298218721170116, -0.03229945225498132, 0.03173728669207381, -0.05006670992280682, -0.07287481020954131, -0.05704461434489999, -0.07012616564448526, 0.00963220336118542, -0.02518315681472716, 0.08150775306645996, -0.03151280635759396, -0.033941774052577506, -0.06416838205375061, -0.06539338261540528, -0.03275879331517095]
other derivatives: [ 0.14303441  0.15234036  0.13426143  0.00792352 -0.10215481  0.        ]
Current x array =  [-0.66836944 -0.8260807  -0.56665517  0.4352675  -2.07460081  0.33647224
 -1.62906887  0.04707004 -0.49109807 -2.15425848 -2.5607918  -3.04810244
 -0.63281088 -0.28152164 -1.15112595 -1.02603506 -2.80773115 -1.05029817
 -1.72669266 -1.84932734 -0.8783577  -1.02975092]
log likelihood =  -9428.022246611934
Edge derivatives =  [0.09985124696417491, 0.03720428578789842, 0.027452313162687536, 0.04675265428019227, -0.03495556782194767, -0.03999989590825424, 0.0792277312373274, 0.1017691497688924, 0.009557886955342154, 0.036899605142882985, 0.08007195994010556, 0.0274750862254749, 0.02181909059374032, -0.0034473808163619224, 0.04925054310513288, 0.020116674554365055]
other derivatives: [ 0.22722816 -0.25481677 -0.02265006 -0.0307482   0.22329318  0.        ]
Current x array =  [-0.66840419 -0.82540252 -0.56652098  0.4351727  -2.0756663   0.33647224
 -1.63023863  0.04676375 -0.49100321 -2.15392097 -2.56079986 -3.05210801
 -0.63348591 -0.28214172 -1.15086994 -1.02637711 -2.80648969 -1.05053472
 -1.72733894 -1.85020665 -0.87905765 -1.03004524]
log likelihood =  -9428.02187048025
Edge derivatives =  [0.056042975122840455, 0.008403010831561752, 0.0029027120684610996, 0.03443562952959772, -0.04752672472938099, -0.04193307503921344, 0.04763405293552547, 0.027957614851226498, -0.0012088783351686394, 0.03346029832076963, 0.07698067815901229, 0.01452415864172174, 0.047917307623469046, 0.023426001049908135, 0.007951732556706448, 0.00039185858111939753]
other derivatives: [-0.02296292  0.00332875 -0.02240813  0.01381704  0.07522112  0.        ]
Current x array =  [-0.66824268 -0.82583969 -0.56653421  0.4351189  -2.07521783  0.33647224
 -1.62906271  0.04676051 -0.49106191 -2.15367083 -2.5598028  -3.0525261
 -0.63349674 -0.28180106 -1.15076727 -1.026452   -2.80638061 -1.05055323
 -1.72761772 -1.85063435 -0.87883482 -1.02993714]
log likelihood =  -9428.021764691941
Edge derivatives =  [0.03867402243552981, -0.003127594562889996, -0.005903472826254141, 0.027219518126627297, -0.04111416683501634, -0.0413386661662815, 0.026280013483016118, -0.010113721148658605, -0.007021188369585707, 0.030473018162976706, 0.07255642335477686, 0.014132444476905093, 0.040944070797093696, 0.02460048762426753, 0.0016045511070459373, -0.004976512476216]
other derivatives: [-0.07388553  0.00343243 -0.05323272  0.01732406  0.00424647  0.        ]
Current x array =  [-0.66822021 -0.8258413  -0.56650978  0.43517437 -2.07494572  0.33647224
 -1.62865515  0.04672715 -0.49112483 -2.15349116 -2.56033791 -3.05255859
 -0.63344924 -0.28167418 -1.15072272 -1.0264424  -2.80595691 -1.05060445
 -1.72751905 -1.85071178 -0.8788455  -1.02994655]
log likelihood =  -9428.021561121559
Edge derivatives =  [0.002554427538369708, -0.011540258495212147, 0.0042542745680014815, 0.0073313837791373, -0.02047876913112373, -0.025757052603600464, -0.016357311315175482, -0.0522245929177827, -0.015337870705817602, 0.015166693568789635, 0.05367901791550572, 0.022468341057409136, 0.02107782039265771, 0.033130907079773925, 0.00044807982146144454, -0.007373443140564984]
other derivatives: [-0.15742626  0.02465276  0.07838753 -0.00951513 -0.1103535   0.        ]
Current x array =  [-0.66817026 -0.82587502 -0.56663902  0.43540421 -2.07440622  0.33647224
 -1.62775781  0.0465457  -0.49150418 -2.15268584 -2.56173118 -3.05454826
 -0.63331249 -0.28167577 -1.15065513 -1.02633904 -2.80386827 -1.05079203
 -1.72721697 -1.85105154 -0.87898959 -1.03007644]
log likelihood =  -9428.02198922478
Edge derivatives =  [0.010193703093582585, -0.011649823366964907, 0.03415032851943378, -0.0030675693819163033, 0.02926082893347988, 0.003970638790939687, -0.01881960229576235, -0.002012821442144208, 0.016815566528774917, 0.04971597905204206, 0.029278491914972962, 0.025896697464169838, 0.0034116542475024214, 0.03960415854028415, 0.02238313809582526, 0.015944442503349254]
other derivatives: [ 0.09241376  0.18539504 -0.7502349   0.03732021 -0.17511073  0.        ]
Current x array =  [-0.6683714  -0.82610812 -0.56588344  0.4354007  -2.07420647  0.33647224
 -1.62765992  0.04640432 -0.49151029 -2.15171638 -2.56415738 -3.0581511
 -0.63329603 -0.28177237 -1.15054816 -1.02614874 -2.80076818 -1.05078505
 -1.72662142 -1.85112577 -0.87916562 -1.03022405]
log likelihood =  -9428.02151098277
Edge derivatives =  [0.0037403626342318863, -0.011549343210624313, 0.008892713457868073, 0.0057252989219960665, -0.012767765049746194, -0.0211440458219279, -0.016730509711391228, -0.0444453310779479, -0.010359317674568325, 0.020517382224067793, 0.04991473516003145, 0.02300523803411847, 0.018347732823616347, 0.034134445839463706, 0.0038506471484518467, -0.0037577602433826462]
other derivatives: [-0.11876     0.04953836 -0.04969479 -0.00227192 -0.12036743  0.        ]
Current x array =  [-0.66820139 -0.82591109 -0.5665221   0.43540367 -2.07437531  0.33647224
 -1.62774266  0.04652382 -0.49150512 -2.15253583 -2.56210661 -3.05510576
 -0.63330994 -0.28169071 -1.15063858 -1.02630959 -2.80338857 -1.05079095
 -1.72712482 -1.85106303 -0.87901683 -1.03009928]
log likelihood =  -9428.021371734543
Edge derivatives =  [0.007509516451976006, 0.003007703661805916, 0.008531010080472412, -0.0026450316884355785, 0.013894158880564708, -0.00027755758888529936, -0.014070930988193286, -0.018078592723985598, -0.00847739498479666, 0.01803386589047079, 0.032682010379238846, 0.019972228894013677, -0.0005009592271779661, 0.03346235693675445, 0.02191230980798542, 0.006936560901360078]
other derivatives: [-0.07299241  0.03715468 -0.06538903 -0.00407454 -0.09996007  0.        ]
Current x array =  [-0.66823159 -0.82589148 -0.5665047   0.43539978 -2.07443983  0.33647224
 -1.62781135  0.04640717 -0.4914306  -2.15190074 -2.56365601 -3.05771757
 -0.63332958 -0.2818153  -1.15053333 -1.02614341 -2.80131717 -1.05074883
 -1.72678466 -1.85114196 -0.87919657 -1.03022103]
log likelihood =  -9428.022124498113
Edge derivatives =  [-0.05809949085876165, -0.006628645086074664, 0.02781802338848477, -0.010039459667759161, 0.010042415958610953, 0.0036675083827179683, -0.016769910868463966, -0.048331419656419405, 0.005206110465973635, -0.028685298220780198, 0.008033720780694559, -0.03120332406423809, 0.016226043932919015, 0.025983652691033643, -0.11269953993479614, -0.03937761878209328]
other derivatives: [ 1.03378443  0.01101398  0.18082028 -0.02704292  0.02421535  0.        ]
Current x array =  [-0.66895829 -0.82584685 -0.5666122   0.43528011 -2.07511307  0.33647224
 -1.62541281  0.04669796 -0.49142284 -2.15140368 -2.56340084 -3.05897685
 -0.63321688 -0.28139498 -1.15057217 -1.02555106 -2.79963667 -1.0502464
 -1.72692464 -1.85088641 -0.87815427 -1.02982451]
log likelihood =  -9428.021348601853
Edge derivatives =  [0.002290075643600009, 0.0022401621925213777, 0.010067748209750926, -0.003234640224528011, 0.013587609158033323, 3.686500155734851e-05, -0.014286968652614307, -0.020490127136598146, -0.007386998946746326, 0.01431377440531284, 0.030720462516357586, 0.015895551750202908, 0.0008315228654495743, 0.03286668008485269, 0.011193222678467452, 0.0032481413043258245]
other derivatives: [ 0.01525041  0.03507375 -0.04577851 -0.00590808 -0.09006591  0.        ]
Current x array =  [-0.66828946 -0.82588792 -0.56651326  0.43539025 -2.07449345  0.33647224
 -1.62762033  0.04643033 -0.49142998 -2.15186115 -2.56363569 -3.05781786
 -0.6333206  -0.28178183 -1.15053642 -1.02609624 -2.80118333 -1.05070881
 -1.7267958  -1.85112161 -0.87911356 -1.03018945]
log likelihood =  -9428.02128268237
Edge derivatives =  [0.002491547236031344, 0.008942899287857742, 0.0014138558630255038, -0.0045252328261759026, 0.016899232859301547, 0.0073022529213267046, -0.004757513634968902, -0.002289877970858445, -0.003967714748910278, 0.0004355850422411711, 0.021358956408484717, -0.003139512146603185, -0.0018044163633633703, 0.025609126770037682, -0.003106889452051731, 0.0001358588383109094]
other derivatives: [ 0.05897709  0.00675391 -0.00112414 -0.00163527 -0.01956402  0.        ]
Current x array =  [-0.66831435 -0.82586074 -0.56653487  0.43528799 -2.07485854  0.33647224
 -1.6275196   0.04649515 -0.49123265 -2.15163499 -2.56375991 -3.05898661
 -0.63333679 -0.28176555 -1.15051419 -1.02590431 -2.80029727 -1.05051124
 -1.72674347 -1.85097871 -0.87899789 -1.03015632]
log likelihood =  -9428.021270808214
Edge derivatives =  [-0.004482483754276123, 0.00029677586590404204, -0.0018957096770323978, -0.004834448604238838, 0.012225088779179785, 0.006157075302203691, -0.006751900940531963, -0.0034849898335308493, -6.043311802728102e-05, -0.012370585761655117, 0.01715262499294165, -0.013454385341500286, -0.005514907708849298, 0.011499628714848886, -0.019824017590274523, -0.007498805202106995]
other derivatives: [-0.05731636 -0.0363525  -0.02305023 -0.0005839   0.00601963  0.        ]
Current x array =  [-0.66824133 -0.82581501 -0.56650698  0.4352614  -2.0750439   0.33647224
 -1.6272725   0.04661331 -0.49118267 -2.15161953 -2.5634737  -3.05900652
 -0.6333046  -0.28170591 -1.15056203 -1.02579574 -2.80002613 -1.05042822
 -1.72673519 -1.85071493 -0.87887794 -1.03010517]
      fun: 9428.021270808214
 hess_inv: <22x22 LbfgsInvHessProduct with dtype=float64>
      jac: array([ 5.73163561e-02,  3.63525032e-02,  2.30502337e-02,  5.83895599e-04,
       -6.01963179e-03, -0.00000000e+00,  4.48248375e-03, -2.96775866e-04,
        1.89570968e-03,  4.83444860e-03, -1.22250888e-02, -6.15707530e-03,
        6.75190094e-03,  3.48498983e-03,  6.04331180e-05,  1.23705858e-02,
       -1.71526250e-02,  1.34543853e-02,  5.51490771e-03, -1.14996287e-02,
        1.98240176e-02,  7.49880520e-03])
  message: 'CONVERGENCE: REL_REDUCTION_OF_F_<=_FACTR*EPSMCH'
     nfev: 48
      nit: 41
     njev: 48
   status: 0
  success: True
        x: array([-0.66824133, -0.82581501, -0.56650698,  0.4352614 , -2.0750439 ,
        0.33647224, -1.6272725 ,  0.04661331, -0.49118267, -2.15161953,
       -2.5634737 , -3.05900652, -0.6333046 , -0.28170591, -1.15056203,
       -1.02579574, -2.80002613, -1.05042822, -1.72673519, -1.85071493,
       -0.87887794, -1.03010517])
