number of sites to be analyzed:  246
log likelihood =  -4867.786529283247
Edge derivatives =  [24.74764292670514, 39.125944212325265, 75.1160124918385, 141.33121707861335, 43.14754856299851, 10.016769024286495, 90.7933720439389, 69.02482324301126]
other derivatives: [  -6.68091616   63.36013575  -73.23246246  132.25348812 -343.27948742
   17.48001523    0.        ]
Current x array =  [-0.67251513 -0.78214691 -0.49610238  0.18232156 -0.10536052 -0.10536052
  0.33647224 -2.30258509 -2.30258509 -2.30258509 -2.30258509 -2.30258509
 -2.30258509 -2.30258509 -2.30258509]
Forced parameter: {6: 0}
log likelihood =  -4601.286191945814
Edge derivatives =  [30.245900786475026, 36.690328742446546, 78.50863196720799, 142.96992995668614, 41.7829823576306, 13.245696721375777, 90.88901727554304, 71.39638514153971]
other derivatives: [  80.25820898   72.93206363   67.04882617   88.31797459 -170.46851081
   12.38246386    0.        ]
Current x array =  [-0.69139227 -0.7800782  -0.70302298  0.21006171 -1.07530736 -0.07680751
  0.33647224 -2.28477694 -2.19203352 -2.28477694 -2.28477694 -2.28477694
 -2.28477694 -2.28477694 -2.28477694]
Forced parameter: {6: 0}
log likelihood =  -4754.0819047182085
Edge derivatives =  [24.346989250870937, 31.175056621652136, 62.56281353649451, 123.08613876698712, 34.62252281155686, 8.526968022349058, 78.3130095950031, 57.50919556112312]
other derivatives: [-2729.50028102   -59.35936315  -332.46232579   -60.27347536
    67.37264955     3.15784655     0.        ]
Current x array =  [-0.20440815 -0.50460249 -0.37362146  0.42379081 -2.51881303 -0.00951636
  0.33647224 -2.14265198 -1.92112864 -1.98582533 -1.77340754 -2.12291709
 -2.20629911 -1.95329248 -2.01265294]
Forced parameter: {6: 0}
log likelihood =  -4465.144607603161
Edge derivatives =  [29.834221480341533, 34.30169696256449, 74.09414799080182, 135.4007681475392, 38.86831330096504, 12.723283199859015, 86.44406139935532, 65.92014302159274]
other derivatives: [-386.35401597   20.31970962  -35.25200009   43.31515356  -57.99657534
    7.86616056    0.        ]
Current x array =  [-0.47601178 -0.65824241 -0.5573372   0.30458857 -1.71373261 -0.04704637
  0.33647224 -2.22191874 -2.0722193  -2.15255837 -2.05861147 -2.21319052
 -2.25006822 -2.13816993 -2.16442353]
Forced parameter: {6: 0}
log likelihood =  -4354.391059491878
Edge derivatives =  [32.22889079229585, 30.45332512358332, 70.36743350419768, 124.92246406990665, 34.03028133611703, 13.538356913132137, 81.28892990514487, 59.13990851066318]
other derivatives: [ 29.94473562 -77.06185806 -33.07652332  20.56755693  60.03193788
   5.93150889   0.        ]
Current x array =  [-0.6466728  -0.54521313 -0.48576408  0.40510703 -2.44264344 -0.01179263
  0.33647224 -2.14075895 -1.92202801 -1.98002075 -1.7606179  -2.1198936
 -2.20642249 -1.94485477 -2.00861497]
Forced parameter: {6: 0}
log likelihood =  -4286.3368787487
Edge derivatives =  [29.775755756658658, 27.781882493381204, 62.43980855448293, 108.33274332125134, 29.702353747534858, 11.620336661308961, 72.66058921015345, 50.30741667460686]
other derivatives: [ -2.39493875 -99.59583986 -94.02187152   9.60036778  76.52208084
   2.43946306   0.        ]
Current x array =  [-0.64876553 -0.54537436 -0.41280191  0.49631508 -2.59607362  0.00973441
  0.33647224 -2.06157134 -1.82723093 -1.80189577 -1.44495821 -2.02968387
 -2.1702489  -1.74166865 -1.85248686]
Forced parameter: {6: 0}
log likelihood =  -4184.855287658727
Edge derivatives =  [11.885299707015454, 7.141646443098154, 1.575561962225847, -51.7464556456643, -7.487807070533469, -4.971133023828852, -30.016381868443382, -17.841405079205124]
other derivatives: [ 23.16527753   3.935942   368.45519389 -51.85042482  83.88094868
 -49.2280933    0.        ]
Current x array =  [-0.6664966  -0.88111788 -0.62669087  0.99543347 -3.08035006  0.10424067
  0.33647224 -1.56019435 -1.26060945 -0.69452893  0.49145354 -1.47654701
 -1.95572884 -0.47097329 -0.90772616]
Forced parameter: {6: 0}
log likelihood =  -4175.793118418736
Edge derivatives =  [12.200619059190629, 10.627293922524835, 7.894582950699036, -64.10629521274404, 7.2038666727391565, -1.998281904194265, -9.732044400244604, -12.839679716958416]
other derivatives: [   41.26029489    46.63421169 -1066.26978231    -6.5811455
   -15.95204472   -27.88212078     0.        ]
Current x array =  [-0.71899734 -0.92845204 -0.18538346  0.89355779 -2.53622349 -0.00625474
  0.33647224 -1.60082359 -1.35896483 -0.80804087  0.20506821 -1.54964339
 -2.0001809  -0.64885445 -1.04413358]
Forced parameter: {6: 0}
log likelihood =  -4120.797571152372
Edge derivatives =  [13.96885541239957, 9.512017111864285, 7.991623970315039, -47.948706250489614, -0.7866063802937686, -2.20299559356031, -17.592080981653037, -11.167417145657835]
other derivatives: [ 22.75994211  21.61578232 169.22556824 -37.17687923  57.60203392
 -39.85517833   0.        ]
Current x array =  [-0.68445235 -0.89730661 -0.47575959  0.96059103 -2.89425365  0.0664502
  0.33647224 -1.57408994 -1.29424792 -0.73335108  0.39350707 -1.50154666
 -1.97093187 -0.53181032 -0.95437878]
Forced parameter: {6: 0}
log likelihood =  -4081.1171744035464
Edge derivatives =  [14.480908119266681, 13.296005658853943, 16.54372078636161, -17.43000678229142, 8.078987144368858, 0.9267814737262259, 8.148690379615175, 3.8248079263817334]
other derivatives: [   5.34660376   14.82765128 -100.90867727  -15.57824089   19.11329921
  -17.33041427    0.        ]
Current x array =  [-0.68371761 -0.84747948 -0.36591714  0.81693254 -2.50200112 -0.02160586
  0.33647224 -1.65949553 -1.42365013 -0.94925366 -0.08243667 -1.61714273
 -2.02482829 -0.81605857 -1.17058281]
Forced parameter: {6: 0}
log likelihood =  -4076.3632353786566
Edge derivatives =  [12.936011053232809, 13.552593499576298, 16.89873883637856, -5.200999706084031, 7.789222775532421, 0.9016430916879185, 11.860816760269211, 7.613016172086191]
other derivatives: [ -1.38946507   8.18219632   3.37028041 -14.14640474   9.69817171
 -11.74385989   0.        ]
Current x array =  [-0.67087961 -0.82205173 -0.42604857  0.76623846 -2.37901774 -0.0504001
  0.33647224 -1.67658631 -1.45292953 -1.00238358 -0.22371482 -1.6451631
 -2.03908725 -0.88948897 -1.22802263]
Forced parameter: {6: 0}
log likelihood =  -4073.966824127486
Edge derivatives =  [10.656237750653613, 11.907354999476595, 11.820696001061032, -14.769681723390349, 5.533215643638349, -0.3184557786601449, 4.977646177184159, 3.4975556015704323]
other derivatives: [ -6.87468719   3.49411857   9.09887285 -11.12451719  -4.76623124
 -11.29264774   0.        ]
Current x array =  [-0.66973079 -0.82026384 -0.4288131   0.76538901 -2.32326268 -0.0693757
  0.33647224 -1.64176507 -1.42184098 -0.94104849 -0.16734997 -1.61624181
 -2.03188471 -0.83199235 -1.1871926 ]
Forced parameter: {6: 0}
log likelihood =  -4069.0466686349664
Edge derivatives =  [8.114586670340232, 9.216125076256594, 6.0361466271614415, -12.208992898696785, 3.4453691213160935, -1.2705472004266676, -1.6716737539432747, -0.6637412842100017]
other derivatives: [ -9.52383516  10.67181302   8.47737829   0.2383581   -8.61343626
 -10.09166499   0.        ]
Current x array =  [-0.67119541 -0.83884199 -0.42545346  0.70376618 -2.34553794 -0.14172681
  0.33647224 -1.55532547 -1.32617209 -0.82972091 -0.20558987 -1.5634832
 -2.02684602 -0.76182489 -1.13680045]
Forced parameter: {6: 0}
log likelihood =  -4065.753111209436
Edge derivatives =  [2.3636357911619412, 2.33471744334486, -6.124127643460945, -5.062680723247525, -1.4340986076469906, -2.996389819450923, -9.006969921167883, -6.4384659920667096]
other derivatives: [-14.34353862 -66.21537432  -5.60747367   6.60989417  -4.27309766
  -5.80653114   0.        ]
Current x array =  [-0.68080163 -0.75681443 -0.4054518   0.67969694 -2.44692509 -0.35592643
  0.33647224 -1.32973985 -1.07205572 -0.59905575 -0.31902272 -1.44312377
 -2.03232554 -0.67816126 -1.07076239]
Forced parameter: {6: 0}
log likelihood =  -4062.476763894864
Edge derivatives =  [2.983841095221707, 2.4718943535248585, -3.7738944814022726, 1.0198181135890436, 0.33724294016385903, -2.1608338207119675, -5.702260272904915, -4.784437588597281]
other derivatives: [ 6.94513074  0.04914773 -1.47594665  9.68740505 -1.40852717 -4.75055913
  0.        ]
Current x array =  [-0.68901172 -0.84459617 -0.40362589  0.66777775 -2.48264826 -0.40637636
  0.33647224 -1.28600461 -1.02262415 -0.56872477 -0.3685734  -1.42517001
 -2.03818685 -0.67934481 -1.07114355]
Forced parameter: {6: 0}
log likelihood =  -4061.988954454573
Edge derivatives =  [2.979816870356871, 2.4495095353807943, -2.5440247335925017, 2.6175927486178376, 0.8193694821664473, -1.8700746939066808, -3.083962205572842, -3.3392454413460757]
other derivatives: [ 3.86490319  1.12038924 -0.59900503  6.80433868  1.08914716 -4.15842624
  0.        ]
Current x array =  [-0.68570389 -0.84648433 -0.40322722  0.68824954 -2.49071179 -0.42473835
  0.33647224 -1.27546899 -1.01161691 -0.57663398 -0.38287001 -1.42462619
 -2.04445134 -0.69940315 -1.08618005]
Forced parameter: {6: 0}
log likelihood =  -4061.307601325321
Edge derivatives =  [1.1616630118244082, 0.7247840749308007, -1.591142546394739, 3.461486636476736, 1.059128216100026, -1.3879042373377206, 1.6394922244700867, -0.5697917355637853]
other derivatives: [20.87269604  0.11632619  4.86299632 -2.52390646  1.30449567 -1.39876511
  0.        ]
Current x array =  [-0.69526024 -0.84833327 -0.39949381  0.76231771 -2.49838292 -0.52515679
  0.33647224 -1.19380308 -0.92902591 -0.55974856 -0.39913599 -1.39282502
 -2.06937564 -0.72898256 -1.1168952 ]
Forced parameter: {6: 0}
log likelihood =  -4062.37161771606
Edge derivatives =  [-1.145418958192526, -1.1800006460860224, -2.5469812175875326, 1.6296535392668619, 0.5300562113430446, -1.4245332422018389, 2.4759597047279827, 0.2698556188524285]
other derivatives: [-60.98695394   3.09335792  -8.4962453   -2.96550161   0.28021599
  -0.36151596   0.        ]
Current x array =  [-0.64305378 -0.86568777 -0.39410342  0.80038276 -2.51942754 -0.60136971
  0.33647224 -1.12405315 -0.85765848 -0.53618769 -0.38870602 -1.35876205
 -2.08886379 -0.72624324 -1.12726967]
Forced parameter: {6: 0}
log likelihood =  -4061.1230630870723
Edge derivatives =  [0.5316215954886794, 0.19064165612090922, -1.8621646161748455, 2.9186882288802916, 0.8998222966381826, -1.4016516978166622, 1.853695855965234, -0.35225542329469717]
other derivatives: [-0.71379873  0.9298642   1.25194993 -2.73858632  1.03626107 -1.10445944
  0.        ]
Current x array =  [-0.68071332 -0.85316896 -0.39799182  0.77292424 -2.50424684 -0.54639292
  0.33647224 -1.17436781 -0.90913993 -0.55318351 -0.39622976 -1.38333364
 -2.07480586 -0.72821927 -1.11978597]
Forced parameter: {6: 0}
log likelihood =  -4061.084312421106
Edge derivatives =  [0.45406685935845614, 0.1610576812459687, -2.177129931157024, 1.8952541312253954, 0.7357938871423987, -1.4618407412257033, 1.101939415925901, -0.679043177891434]
other derivatives: [-1.48077061  0.32942899  0.05097627 -2.24998166  0.12847785 -1.25931183
  0.        ]
Current x array =  [-0.68054082 -0.85245317 -0.39767801  0.77062611 -2.50139642 -0.54215833
  0.33647224 -1.17672296 -0.91224713 -0.55402964 -0.38469241 -1.38264781
 -2.07471235 -0.72195973 -1.11674282]
Forced parameter: {6: 0}
log likelihood =  -4060.984656452667
Edge derivatives =  [0.11212836269413454, -0.032487219072774354, -1.8383507373166124, 0.21463739223390033, 0.5508356695319548, -1.3755399632591772, 0.26316471260524743, -0.4995202554710142]
other derivatives: [-1.6127251  -0.46101241 -0.88897013 -1.21233597 -0.61459222 -1.16128695
  0.        ]
Current x array =  [-0.68080319 -0.85119401 -0.39767373  0.76340278 -2.50040958 -0.54824306
  0.33647224 -1.17428159 -0.91232205 -0.56932045 -0.36226254 -1.37755312
 -2.08418947 -0.71376503 -1.12058874]
Forced parameter: {6: 0}
log likelihood =  -4060.8985331835665
Edge derivatives =  [-0.44504600948441553, -0.23039782026950295, -0.275770745254233, -0.39928408330204535, 0.506287380691944, -1.0321011802588111, 0.07293940075520355, 0.4185032930477777]
other derivatives: [-1.0365352  -0.62274648 -6.40861754  0.78437552 -1.59159989 -0.38766939
  0.        ]
Current x array =  [-0.68152681 -0.84958348 -0.39603789  0.74856043 -2.49461796 -0.57463342
  0.33647224 -1.16803064 -0.91037015 -0.60503011 -0.35057494 -1.3665192
 -2.11143766 -0.71124876 -1.13401926]
Forced parameter: {6: 0}
log likelihood =  -4061.2161383956836
Edge derivatives =  [-1.3430406771824137, -0.8323416649662205, 0.1912036735777654, -1.257177370060023, -0.5749725226564932, -0.9194752363070341, -1.7976340630058352, 0.6882612146081055]
other derivatives: [-2.16589478 -1.63797495 33.49219151  1.25206816 -0.64802909  0.24628071
  0.        ]
Current x array =  [-0.67857259 -0.84769222 -0.41675731  0.73134085 -2.49713228 -0.60169073
  0.33647224 -1.15923374 -0.90411382 -0.63017188 -0.3350737  -1.35001929
 -2.13939004 -0.69820309 -1.13837557]
Forced parameter: {6: 0}
log likelihood =  -4060.8853152336774
Edge derivatives =  [-0.5887371548837013, -0.32760071319113204, -0.1904409824742039, -0.5292601681571489, 0.33389270854186237, -1.011569054038269, -0.2266191394002921, 0.46776157534328444]
other derivatives: [-1.21261337 -0.78134008  0.4635931   0.85975262 -1.42691167 -0.28126578
  0.        ]
Current x array =  [-0.68104078 -0.84927233 -0.39944662  0.74572749 -2.49503161 -0.57908485
  0.33647224 -1.16658338 -0.90934087 -0.6091664  -0.3480247  -1.36380466
 -2.11603634 -0.70910251 -1.13473595]
Forced parameter: {6: 0}
log likelihood =  -4060.879128941938
Edge derivatives =  [-0.6355049670848388, -0.3692820338762899, 0.030958727598231872, -0.20095177310305223, 0.36564933728379767, -0.9564323438756732, 0.011847604886569219, 0.6236716891398715]
other derivatives: [-0.48002266 -0.26209591  0.49279652  0.73930732 -1.16280805 -0.13056206
  0.        ]
Current x array =  [-0.68140196 -0.85004686 -0.39926737  0.74651353 -2.49645298 -0.58517473
  0.33647224 -1.16350383 -0.90610288 -0.61046066 -0.35114642 -1.36165834
 -2.11946583 -0.71044644 -1.1362575 ]
Forced parameter: {6: 0}
log likelihood =  -4060.864000936388
Edge derivatives =  [-0.5332171784757724, -0.3189161438587418, 0.3753790335403754, 0.08544859210793976, 0.3380766271842024, -0.8524803777500184, 0.0815765607845087, 0.6165018533199212]
other derivatives: [ 0.14091984  0.04495769  0.36984193  0.41924841 -0.25528413 -0.02719844
  0.        ]
Current x array =  [-0.68166282 -0.85080601 -0.39881622  0.74842715 -2.50214051 -0.59262699
  0.33647224 -1.16258603 -0.90413681 -0.61242977 -0.35182722 -1.35675875
 -2.1281914  -0.70935026 -1.13466642]
Forced parameter: {6: 0}
log likelihood =  -4060.8445060192007
Edge derivatives =  [-0.3032641007087585, -0.16005854680653614, 0.6731075783821692, 0.1634123310908896, 0.17673200140215917, -0.6800038181924943, -0.021153463290409125, 0.3380262790640993]
other derivatives: [ 0.70925807  0.35752464  0.13044382 -0.10577514  0.71129469  0.07800236
  0.        ]
Current x array =  [-0.68183729 -0.85179882 -0.39819452  0.751992   -2.50877159 -0.60269636
  0.33647224 -1.16540843 -0.90456481 -0.61376091 -0.34931665 -1.3474449
 -2.14708654 -0.70647719 -1.12843673]
Forced parameter: {6: 0}
log likelihood =  -4060.8284395848177
Edge derivatives =  [-0.12889851687453158, -0.005090608028468252, 0.6142208200909889, 0.16093812572299593, -0.026999344713766416, -0.48734313241300753, 0.04325147126724227, 0.05372613181046271]
other derivatives: [ 0.73596811 -0.35757375 -0.03633068 -0.40005489  0.8601751   0.22862287
  0.        ]
Current x array =  [-0.68177249 -0.85087912 -0.39798161  0.75398264 -2.50944963 -0.6114977
  0.33647224 -1.171183   -0.90707814 -0.61215885 -0.34870213 -1.33867073
 -2.17109435 -0.707059   -1.12251248]
Forced parameter: {6: 0}
log likelihood =  -4060.8925553381223
Edge derivatives =  [0.39835265438413864, 0.47241910021160627, 0.0759949812419139, -0.6126949357315644, -0.14732025213521127, -0.04475231229815485, -0.1616285578787564, -0.5935595823513253]
other derivatives: [ 1.80867528  9.52668597  0.58402111  0.12543069 -0.43765402  0.18240689
  0.        ]
Current x array =  [-0.68154231 -0.86586302 -0.39836817  0.75287895 -2.50477092 -0.61496953
  0.33647224 -1.18980539 -0.91736122 -0.60291501 -0.33955511 -1.32608117
 -2.22085697 -0.70434823 -1.10909565]
Forced parameter: {6: 0}
log likelihood =  -4060.8240730934676
Edge derivatives =  [-0.021179152154865433, 0.09170065480398759, 0.5068336087217093, 0.007280871214650375, -0.048822309470687664, -0.39415961837479335, 0.0031721360346135263, -0.0734963427157641]
other derivatives: [ 0.95723544  1.65526353  0.08634106 -0.29438979  0.60299607  0.21914684
  0.        ]
Current x array =  [-0.68172629 -0.85388652 -0.3980592   0.75376112 -2.50851057 -0.61219453
  0.33647224 -1.17492067 -0.90914205 -0.61030353 -0.34686624 -1.3361439
 -2.18108213 -0.70651492 -1.11981961]
Forced parameter: {6: 0}
log likelihood =  -4060.8155205454304
Edge derivatives =  [0.09231923282876062, 0.20991336202631364, 0.19666361919521466, -0.052051023582784794, -0.1854450632378588, -0.2594383117265644, 0.06201188859845619, -0.2792046416474019]
other derivatives: [ 0.27132091  0.31323088 -0.02718571 -0.21939513  0.22467108  0.28113209
  0.        ]
Current x array =  [-0.68134653 -0.85168742 -0.39825117  0.75304145 -2.50520722 -0.61437628
  0.33647224 -1.1819412  -0.91316689 -0.60708618 -0.34766968 -1.33197411
 -2.19964965 -0.70846005 -1.11612559]
Forced parameter: {6: 0}
log likelihood =  -4060.8131491177214
Edge derivatives =  [0.09286634800894278, 0.20641546926553594, 0.019797752714944106, -0.05387553535719214, -0.1547898148287583, -0.2053144089818935, 0.08518212339668274, -0.23497870013572209]
other derivatives: [-0.36003348  0.00418868 -0.07156768 -0.04165395 -0.02617869  0.26535554
  0.        ]
Current x array =  [-0.68098122 -0.85109083 -0.39841472  0.75187998 -2.50321553 -0.61268883
  0.33647224 -1.18378162 -0.91359554 -0.60510321 -0.34888824 -1.33248621
 -2.20510915 -0.70927396 -1.11674406]
Forced parameter: {6: 0}
log likelihood =  -4060.812466063562
Edge derivatives =  [0.11124783332881247, 0.19114581165736547, -0.2168551154014857, -0.10066335560888129, -0.0575576055795175, -0.12914991606988446, 0.06152776631086043, -0.13077103761502729]
other derivatives: [ 1.45791773 -0.33106062  0.37411064  0.09895075 -0.33097775  0.1928338
  0.        ]
Current x array =  [-0.68225069 -0.85016619 -0.3987097   0.75036639 -2.50060531 -0.60766862
  0.33647224 -1.18611063 -0.91383926 -0.60214937 -0.34983194 -1.334611
 -2.21084307 -0.70966406 -1.11829429]
Forced parameter: {6: 0}
log likelihood =  -4060.81079509892
Edge derivatives =  [0.06672321940401785, 0.14361941045973264, -0.1863742923939772, -0.03318947539842432, -0.005935483729283542, -0.1018181129616953, 0.07743909778185065, -0.016116326952614668]
other derivatives: [-0.27397891 -0.13274803  0.00572072  0.22333097 -0.28008579  0.19220806
  0.        ]
Current x array =  [-0.68110552 -0.85060686 -0.39862859  0.75000135 -2.50099055 -0.60781269
  0.33647224 -1.1848511  -0.91206248 -0.60239961 -0.35081545 -1.33492485
 -2.21242669 -0.70956249 -1.11990101]
Forced parameter: {6: 0}
log likelihood =  -4060.8101969440313
Edge derivatives =  [0.06335072203272049, 0.1259194714087647, -0.12716040680913446, 0.0012131102866776988, 0.019974982777275718, -0.08591988843989827, 0.06269836869197443, 0.02834039952306655]
other derivatives: [-0.33393826 -0.00725413 -0.04127332  0.19055278 -0.13941917  0.1832359
  0.        ]
Current x array =  [-0.68104855 -0.85085685 -0.39855032  0.75028092 -2.50191792 -0.60785122
  0.33647224 -1.18408956 -0.9110044  -0.60277763 -0.35089663 -1.33486441
 -2.21316263 -0.70905979 -1.12042071]
Forced parameter: {6: 0}
log likelihood =  -4060.809104842429
Edge derivatives =  [0.0635014166469002, 0.07158425223442139, -0.06410925274118809, 0.04495746414759094, 0.09972773199936169, -0.012943986340576051, -0.0026521131315799806, 0.12564240397721438]
other derivatives: [-0.14509214  0.08808593 -0.12942292  0.07216931  0.07405651  0.10598751
  0.        ]
Current x array =  [-0.68115315 -0.85106231 -0.3983898   0.75122069 -2.50307048 -0.60515489
  0.33647224 -1.18320887 -0.90818899 -0.602794   -0.35123748 -1.33497311
 -2.21856861 -0.70786144 -1.12153727]
Forced parameter: {6: 0}
log likelihood =  -4060.809761592555
Edge derivatives =  [0.01851183641029444, 0.009669239377596478, -0.00553676666410946, 0.05715032911570461, 0.030213784926651943, -0.0002789231939906503, -0.06637402462862818, 0.0776963744893503]
other derivatives: [-0.07788185  0.08521511  2.12448185 -0.15750038  0.2011694   0.0714017
  0.        ]
Current x array =  [-0.68103458 -0.85112729 -0.39939341  0.75225975 -2.50343941 -0.60403317
  0.33647224 -1.18198809 -0.90614021 -0.60388301 -0.35112702 -1.33352354
 -2.2214931  -0.70745158 -1.12071606]
Forced parameter: {6: 0}
log likelihood =  -4060.8089836501654
Edge derivatives =  [0.05078713100370935, 0.054083841112431585, -0.04751385695729615, 0.04842024379092591, 0.08009220041621501, -0.009346404455758062, -0.02066122648454405, 0.11209968301744655]
other derivatives: [-0.12608552  0.08729103  0.50924837  0.00718546  0.11004771  0.09620953
  0.        ]
Current x array =  [-0.68111961 -0.85108069 -0.3986737   0.75151462 -2.50317484 -0.60483758
  0.33647224 -1.18286354 -0.90760943 -0.60310206 -0.35120624 -1.33456306
 -2.21939589 -0.7077455  -1.12130497]
Forced parameter: {6: 0}
log likelihood =  -4060.8087438831
Edge derivatives =  [0.0514681370072016, 0.038470711677180025, -0.028649805394586808, 0.037923370286360836, 0.08281968226435876, 0.009734525371206674, -0.044752407988968734, 0.09800299486816266]
other derivatives: [ 0.08322149  0.05198399  0.30709407 -0.05355878  0.12569023  0.0650416
  0.        ]
Current x array =  [-0.68126789 -0.85104336 -0.39852878  0.75202708 -2.50325859 -0.60370911
  0.33647224 -1.18270505 -0.90679655 -0.60324573 -0.35109504 -1.33417326
 -2.22145246 -0.70744348 -1.12103702]
Forced parameter: {6: 0}
log likelihood =  -4060.8085148295722
Edge derivatives =  [0.0324622942612052, 0.013318822354816434, -0.01637756708314772, 0.00512658211298378, 0.05567654825992974, 0.012416172723151653, -0.061425131706657865, 0.046793110657639914]
other derivatives: [ 0.10398617 -0.00355976  0.09045561 -0.08000734  0.05478643  0.03451078
  0.        ]
Current x array =  [-0.68130506 -0.85097975 -0.3984116   0.75236673 -2.50288359 -0.60245704
  0.33647224 -1.18228984 -0.90598117 -0.6036661  -0.35089708 -1.33349801
 -2.22271508 -0.70742847 -1.12034684]
Forced parameter: {6: 0}
log likelihood =  -4060.8084060950623
Edge derivatives =  [0.009110718083794545, -0.007596635809477059, -0.008382007222047627, -0.014246601073757303, 0.021103763843746792, 0.00448295221930976, -0.04719601430844911, 0.0011060494533923215]
other derivatives: [ 0.01791705 -0.02873821 -0.0209784  -0.05387437 -0.01982319  0.01888793
  0.        ]
Current x array =  [-0.68126961 -0.85094425 -0.39837704  0.75226696 -2.50247377 -0.60168637
  0.33647224 -1.18182851 -0.90548784 -0.60411602 -0.3508602  -1.3328841
 -2.22294559 -0.70778141 -1.11974849]
Forced parameter: {6: 0}
log likelihood =  -4060.8083754952854
Edge derivatives =  [0.0027412506362151368, -0.01295957257198746, -0.006812401801387702, -0.011829718377500242, 0.007265456307223639, 0.00201358042254228, -0.020987312317924278, -0.010214342101147689]
other derivatives: [-0.00254886 -0.00220462 -0.0214477  -0.01746548 -0.03245959  0.01254466
  0.        ]
Current x array =  [-0.68126258 -0.85096827 -0.39839502  0.75198664 -2.50237513 -0.6013244
  0.33647224 -1.18169659 -0.90541377 -0.60424928 -0.35094917 -1.3326327
 -2.22301921 -0.70813291 -1.11956851]
Forced parameter: {6: 0}
log likelihood =  -4060.808370870269
Edge derivatives =  [0.0025253048090762564, -0.01272317399685699, -0.0034122472575629503, -0.0024416265157427564, -0.0027548801801258183, -0.0005067522666971774, 0.0036174985638552926, -0.008803953121072405]
other derivatives: [-0.0379614  -0.09749738 -0.01340777  0.00589216  0.00334138  0.00678574
  0.        ]
Current x array =  [-0.68125256 -0.85081643 -0.39841094  0.75173701 -2.50252479 -0.6010466
  0.33647224 -1.18160627 -0.90552997 -0.6043392  -0.35103972 -1.33249242
 -2.22288825 -0.70842234 -1.11957348]
Forced parameter: {6: 0}
      fun: 4060.808370870269
 hess_inv: <15x15 LbfgsInvHessProduct with dtype=float64>
      jac: array([ 0.0379614 ,  0.09749738,  0.01340777, -0.00589216, -0.00334138,
       -0.00678574, -0.        , -0.0025253 ,  0.01272317,  0.00341225,
        0.00244163,  0.00275488,  0.00050675, -0.0036175 ,  0.00880395])
  message: 'CONVERGENCE: REL_REDUCTION_OF_F_<=_FACTR*EPSMCH'
     nfev: 43
      nit: 36
     njev: 43
   status: 0
  success: True
        x: array([-0.68125256, -0.85081643, -0.39841094,  0.75173701, -2.50252479,
       -0.6010466 ,  0.33647224, -1.18160627, -0.90552997, -0.6043392 ,
       -0.35103972, -1.33249242, -2.22288825, -0.70842234, -1.11957348])
