number of sites to be analyzed:  133
log likelihood =  -1899.5643817934017
Lr derivatives =  [-132.6302279022276, -137.67223155381487, -95.09880323238232]
other derivatives =  [-16.97013886 -38.42982142  20.4695516  -52.92568221 114.96422917
  -0.        ]
Current x_clock array =  [-0.62111799 -0.54917607 -0.722836    0.18232156 -0.10536052  0.33647224
 -0.51082562 -0.51082562 -0.51082562]
log likelihood =  -1789.0613577957447
Lr derivatives =  [49.84544434323475, -39.06136632842833, -41.57086659488289]
other derivatives =  [  1.98649241 -14.43701558 -27.85475044 -30.52685042  92.49983555
  -0.        ]
Current x_clock array =  [-0.61802198 -0.54647005 -0.83380078  0.46922997 -0.72857789  0.33647224
  0.20815855 -0.50805645 -0.50805645]
log likelihood =  -1739.178788752931
Lr derivatives =  [46.34325770719386, -23.57333254125963, -14.743560007083191]
other derivatives =  [ -5.18351862  23.80849492 -16.93849049 -13.51648962  61.76670455
  -0.        ]
Current x_clock array =  [-0.63357061 -0.5133746  -0.76154349  0.66113342 -1.24215237  0.33647224
  0.22244395 -0.43886088 -0.40605574]
log likelihood =  -1740.9886356035177
Lr derivatives =  [-42.03355601107454, -41.6496845976607, 5.304391995609468]
other derivatives =  [  60.72575638 -123.56987122   13.96179414   22.30344672  -28.97777932
   -0.        ]
Current x_clock array =  [-0.5474726  -0.94053673 -0.63736055  1.032267   -2.51262064  0.33647224
  0.14426114 -0.18438409 -0.28792833]
log likelihood =  -1714.3418576746608
Lr derivatives =  [2.186364593871792, -31.241811402936854, -4.906124320212447]
other derivatives =  [ 23.72279641 -70.47055715  -4.75287857   5.297288    19.63544923
  -0.        ]
Current x_clock array =  [-0.59263341 -0.71647828 -0.70249796  0.83759709 -1.84622459  0.33647224
  0.1852702  -0.31786426 -0.34988945]
log likelihood =  -1704.0354949329112
Lr derivatives =  [-13.252533608141968, -24.362262606177122, 2.9505668975252135]
other derivatives =  [-29.85223637   0.99594627   6.98199392  10.37176276  -5.40394134
  -0.        ]
Current x_clock array =  [-0.65870295 -0.57591175 -0.65934841  0.87442954 -2.14074496  0.33647224
  0.12824586 -0.17469121 -0.33209687]
log likelihood =  -1702.3571601319395
Lr derivatives =  [-0.1836420135087229, -11.014466355992155, 8.04895222382307]
other derivatives =  [21.9820065  19.42769131  3.84518012  6.64295408 -1.53190196 -0.        ]
Current x_clock array =  [-0.59847365 -0.55497122 -0.66555853  0.83860484 -2.13038427  0.33647224
  0.11919682 -0.10528993 -0.34230455]
log likelihood =  -1701.3238616997141
Lr derivatives =  [0.8922520994811798, -8.46533451578593, 7.325864191670613]
other derivatives =  [11.76906835  5.46564479  0.27152714  5.48773914 -0.18916104 -0.        ]
Current x_clock array =  [-0.61007997 -0.57745537 -0.67230179  0.81923383 -2.1245775   0.33647224
  0.11361044 -0.07273699 -0.35593228]
log likelihood =  -1700.2973100389436
Lr derivatives =  [-1.0088879246430689, -5.047077298005604, 3.118454962672674]
other derivatives =  [-3.80446977 -3.82732605 -1.38191422  2.7774538  -0.16336229 -0.        ]
Current x_clock array =  [-0.62876154 -0.59294442 -0.67531321  0.76062395 -2.12511235  0.33647224
  0.07732475  0.         -0.39648578]
log likelihood =  -1700.2180893040484
Lr derivatives =  [-0.1649653475936077, -5.18477906434001, 1.1714648889643526]
other derivatives =  [-1.71979491 -1.72284331 -0.47697586  1.82323265  0.77078897 -0.        ]
Current x_clock array =  [-0.62659789 -0.58900803 -0.67404729  0.74489152 -2.1136373   0.33647224
  0.07806194  0.         -0.40956451]
log likelihood =  -1700.1832722506824
Lr derivatives =  [-0.40317398618087985, -5.836681598042563, -0.72903587075804]
other derivatives =  [ 0.12716055  0.00961927 -0.21356072  0.99497356  0.50331558 -0.        ]
Current x_clock array =  [-0.62451311 -0.58605872 -0.67397705  0.72751674 -2.118655    0.33647224
  0.07948239  0.         -0.42121393]
log likelihood =  -1700.173653282202
Lr derivatives =  [-0.20581244157488143, -5.7396461822588805, -0.6835905726300884]
other derivatives =  [ 0.45338243  0.43373529  0.4232113   0.47797312  0.34134108 -0.        ]
Current x_clock array =  [-0.62433265 -0.58565002 -0.67249944  0.7178271  -2.12463285  0.33647224
  0.08164684  0.         -0.42177951]
log likelihood =  -1700.169507057425
Lr derivatives =  [-0.0020929680159449404, -5.460465790692832, -0.2237776952593522]
other derivatives =  [ 0.27295982  0.54185284 -0.98317264 -0.05485413 -0.07678804 -0.        ]
Current x_clock array =  [-0.62466906 -0.58589686 -0.67563208  0.70626683 -2.13437943  0.33647224
  0.0837552   0.         -0.4199303 ]
log likelihood =  -1700.1681029798335
Lr derivatives =  [-0.04830150392442345, -5.45934634192425, 0.037457808106999835]
other derivatives =  [ 0.01077069 -0.16038985  0.4039764  -0.07463814 -0.04097128 -0.        ]
Current x_clock array =  [-0.62502461 -0.58714609 -0.67235759  0.70675016 -2.13498729  0.33647224
  0.0841693   0.         -0.41824168]
log likelihood =  -1700.1678192289296
Lr derivatives =  [-0.007207855065872515, -5.437390906908647, -0.0037504197217004265]
other derivatives =  [ 0.01360286  0.02998922  0.015669   -0.00585965  0.00204794 -0.        ]
Current x_clock array =  [-0.62500387 -0.58677924 -0.67325579  0.70801243 -2.13380187  0.33647224
  0.08392503  0.         -0.41851424]
log likelihood =  -1700.1678177931642
Lr derivatives =  [-0.006662832091044457, -5.435608148635355, 0.0019425569444104784]
other derivatives =  [ 0.00477212  0.00889167  0.0031946  -0.0028881   0.0017209  -0.        ]
Current x_clock array =  [-0.62501295 -0.58681683 -0.6732812   0.70806811 -2.13381631  0.33647224
  0.08393664  0.         -0.41848043]
      fun: 1700.1678177931642
 hess_inv: <9x9 LbfgsInvHessProduct with dtype=float64>
      jac: array([ 4.77211870e-03,  8.89167495e-03,  3.19460014e-03, -2.88810043e-03,
        1.72090017e-03, -0.00000000e+00, -6.66283209e-03, -5.43560815e+00,
        1.94255694e-03])
  message: 'CONVERGENCE: REL_REDUCTION_OF_F_<=_FACTR*EPSMCH'
     nfev: 16
      nit: 14
     njev: 16
   status: 0
  success: True
        x: array([-0.62501295, -0.58681683, -0.6732812 ,  0.70806811, -2.13381631,
        0.33647224,  0.08393664,  0.        , -0.41848043])
