number of sites to be analyzed:  356
log likelihood =  -6467.358611867056
Lr derivatives =  [-572.9768282977184, -606.0209871638039, -293.24161131980793]
other derivatives =  [-37.98887246 -84.02751973  38.42369097 -76.95825479 192.51859067
  97.83045152 146.37101867]
Current x_clock array =  [-0.62370497 -0.68202823 -0.65358506  0.18232156 -0.10536052 -0.10536052
  0.33647224 -0.51082562 -0.51082562 -0.51082562]
log likelihood =  -6089.614465765856
Lr derivatives =  [55.84301485907849, -232.60533406873594, -90.89673404054005]
other derivatives =  [-24.61521763 -78.9456144  -35.61420272 -54.10643917 174.16608989
 166.70776404 247.01106122]
Current x_clock array =  [-0.6228021  -0.68103357 -0.71405461  0.30343514 -0.40833797 -0.25932186
  0.10611984  0.3909006  -0.51002171 -0.51002171]
log likelihood =  -5927.240862743394
Lr derivatives =  [155.4992449929447, -151.56552199703216, -40.991491982700374]
other derivatives =  [ 41.91199241  43.65217228 -24.07172997 -41.27980628 156.21878083
 116.27095591 180.20574407]
Current x_clock array =  [-0.60204428 -0.6092866  -0.6865191   0.38192343 -0.64603528 -0.46342668
 -0.19668587  0.48659888 -0.35305638 -0.45703056]
log likelihood =  -5693.431976940645
Lr derivatives =  [64.6241316531403, -115.202880119774, 10.942958529056742]
other derivatives =  [-290.78697389 -115.40242849   -3.56269175    5.46271986   48.56745376
   38.23373208   58.08107653]
Current x_clock array =  [-0.74851779 -0.75640832 -0.63352819  0.59547816 -1.37107861 -0.96239597
 -0.96605744  0.41432825  0.         -0.2597157 ]
log likelihood =  -5782.179402626287
Lr derivatives =  [-108.48150892106962, -194.73668993269933, 18.174909886269305]
other derivatives =  [1232.40806988  -61.3639686     4.71587191   47.34549202  -76.40124596
   20.82842606   26.55471627]
Current x_clock array =  [-0.35782716 -0.72224934 -0.62803987  0.69164023 -1.82083279 -1.22984014
 -1.38682916  0.34802808  0.         -0.16601631]
log likelihood =  -5655.342243366711
Lr derivatives =  [1.3754665839630107, -143.4968455929556, 7.157213398653731]
other derivatives =  [ 36.18834307 -96.10365123  -4.73978616  24.77145063   5.68441798
  30.00817543  42.82005213]
Current x_clock array =  [-0.60071533 -0.74348561 -0.6314519   0.63185731 -1.54122545 -1.06357297
 -1.1252399   0.38924618  0.         -0.22426822]
log likelihood =  -5646.316306284842
Lr derivatives =  [-14.06776411557064, -149.7346754928271, 6.5467001671449765]
other derivatives =  [ 30.10729324 -27.65053705  -1.30879198  28.19665679 -11.52661972
  24.96259494  34.07793602]
Current x_clock array =  [-0.60211375 -0.69379096 -0.62682958  0.64194223 -1.63304471 -1.13753641
 -1.23753365  0.4098566   0.         -0.212406  ]
log likelihood =  -5637.922741894248
Lr derivatives =  [-6.573001318940332, -143.06936500358046, 3.6332609825285545]
other derivatives =  [ 15.22797993  28.34023508  -0.91838501  23.45686426 -16.83526375
  15.71548985  20.42393887]
Current x_clock array =  [-0.60800666 -0.66271349 -0.62202172  0.63109268 -1.7684462  -1.28986647
 -1.46344664  0.49071466  0.         -0.20764275]
log likelihood =  -5632.825472540506
Lr derivatives =  [7.722604188241384, -132.3612979713731, 2.0855189488785015]
other derivatives =  [15.69142296  5.18687648  6.55302483 12.57737131 -9.27770086  8.05236351
 11.07114061]
Current x_clock array =  [-0.60867523 -0.68268096 -0.61400634  0.58738392 -1.86507861 -1.44616593
 -1.69052405  0.56574864  0.         -0.20321517]
log likelihood =  -5632.053091211792
Lr derivatives =  [18.587375898622597, -121.28858473166353, 10.928804692387303]
other derivatives =  [-12.56053292   7.23762969 -60.14881637   1.8938681   -2.81681911
   3.20453708   5.86984001]
Current x_clock array =  [-0.61927982 -0.68345401 -0.65563781  0.52523243 -1.89918337 -1.56315823
 -1.86046566  0.58816089  0.         -0.18507555]
log likelihood =  -5630.480404621353
Lr derivatives =  [12.623842167589292, -124.54881869080751, 7.2071904254713814]
other derivatives =  [-10.10662436   0.17705315  -4.40078929  -0.38425605  -5.08738762
   1.80076708   4.66713263]
Current x_clock array =  [-0.61789656 -0.68870893 -0.61913512  0.50779764 -1.91683134 -1.60596629
 -1.92313552  0.59079552  0.         -0.18531832]
log likelihood =  -5630.139280854227
Lr derivatives =  [8.952235156216396, -126.46320551729863, 4.465823782411341]
other derivatives =  [-0.89146579 -0.66996017  3.46467459 -1.80183179 -6.49051379  0.85952185
  4.07224758]
Current x_clock array =  [-0.61421215 -0.68897812 -0.61461059  0.49294945 -1.90861566 -1.62334064
 -1.94963418  0.57750176  0.         -0.18619208]
log likelihood =  -5629.52212045047
Lr derivatives =  [0.5427093011108113, -131.20427186436618, -2.810171895794923]
other derivatives =  [ 6.45639921 -0.54935936  9.90732497 -5.41323061 -7.77799998 -1.1796929
  3.22730266]
Current x_clock array =  [-0.61079926 -0.68684666 -0.61224294  0.45705864 -1.85382605 -1.64307525
 -1.98429272  0.52605366  0.         -0.18961845]
log likelihood =  -5629.133224592946
Lr derivatives =  [-1.9096312166747929, -131.72806563096472, -2.376360998961232]
other derivatives =  [ 8.95557059 -0.20707739  8.56396218 -6.63396895 -4.24703673 -2.27292713
  3.10349253]
Current x_clock array =  [-0.60973488 -0.68433497 -0.61466035  0.4470918  -1.78581777 -1.63803927
 -1.9935788   0.48010978  0.         -0.18542464]
log likelihood =  -5629.185859262268
Lr derivatives =  [-15.16103216174779, -143.09446378704016, -26.055447985760914]
other derivatives =  [-14.04388877  -4.83942222  -4.73559157   4.66339679  -5.76457947
  -4.22909589   1.92569905]
Current x_clock array =  [-0.61754594 -0.68471675 -0.62413196  0.51028252 -1.72538635 -1.62298585
 -2.06317726  0.44499126  0.         -0.21008056]
log likelihood =  -5628.905162593033
Lr derivatives =  [-7.896864550245976, -136.92322676117905, -13.663967389528786]
other derivatives =  [-2.07213179 -2.37843688  2.13649855 -1.39222357 -4.99157208 -3.21355682
  2.53227394]
Current x_clock array =  [-0.61344793 -0.68451645 -0.61916275  0.47712999 -1.75709124 -1.63088351
 -2.02666295  0.46341593  0.         -0.19714502]
log likelihood =  -5628.674161430681
Lr derivatives =  [-0.18146836212024553, -130.4280882972052, -4.977053806669808]
other derivatives =  [ 0.78050289  0.88312481 -1.78967457 -0.10401072  1.43391778 -3.59582132
  2.29599107]
Current x_clock array =  [-0.61296593 -0.68217506 -0.62171277  0.49298118 -1.7263453  -1.62888579
 -2.06007848  0.45601418  0.         -0.18596374]
log likelihood =  -5628.604628082478
Lr derivatives =  [1.0623317899093578, -128.44952835991225, 0.7424396961630322]
other derivatives =  [-5.07905133  0.17102957 -1.65079382  1.25111183  1.84047514 -3.60447019
  2.07792025]
Current x_clock array =  [-0.61517567 -0.68294969 -0.62125196  0.50349804 -1.72753056 -1.63102577
 -2.09156006  0.45809585  0.         -0.17800285]
log likelihood =  -5628.55495622495
Lr derivatives =  [1.1647918061185436, -127.77091559469802, 2.9085167766005426]
other derivatives =  [ 2.34132494  0.28543309 -3.42060775  3.00328611  1.3693254  -3.6490638
  1.79460108]
Current x_clock array =  [-0.61254607 -0.68324237 -0.62202608  0.51485445 -1.73194388 -1.62922023
 -2.12650031  0.46084395  0.         -0.17468703]
log likelihood =  -5628.487956727504
Lr derivatives =  [-0.5456557970474165, -128.32601342455814, 3.789149971793364]
other derivatives =  [ 1.60147374  0.62133495 -0.20632433  3.72981231  0.11773983 -3.75328128
  1.46216011]
Current x_clock array =  [-0.61272215 -0.6831898  -0.61979061  0.51843156 -1.73544263 -1.6264998
 -2.16932037  0.46036566  0.         -0.17235926]
log likelihood =  -5628.304706745077
Lr derivatives =  [-2.1631503220708126, -128.93297530870686, 2.732086208866072]
other derivatives =  [ 4.03422109 -3.77757897  4.81980351  3.85274507 -1.17146493 -4.01200654
  0.6867495 ]
Current x_clock array =  [-0.61169675 -0.68656655 -0.61626707  0.51836707 -1.74006879 -1.60587237
 -2.28524829  0.46065009  0.         -0.17185881]
log likelihood =  -5628.057146849029
Lr derivatives =  [-4.259764912603657, -129.99830738223233, -0.28249761502083715]
other derivatives =  [ 3.40794213 11.29545581  9.84446524  3.07939627 -3.34252519 -4.08972586
 -0.2594245 ]
Current x_clock array =  [-0.61177252 -0.67697418 -0.61303745  0.51133456 -1.73800529 -1.54221323
 -2.4878256   0.45464896  0.         -0.17368271]
log likelihood =  -5627.737219577762
Lr derivatives =  [-5.134675510442136, -130.5527252146535, -2.260194331195912]
other derivatives =  [ 3.65101732 -0.15938713  7.54549819  0.87941862 -3.12589011 -3.89071469
 -0.71159815]
Current x_clock array =  [-0.61144687 -0.68427394 -0.61472524  0.49628798 -1.72163216 -1.4570664
 -2.69058397  0.4433216   0.         -0.1750203 ]
log likelihood =  -5627.458102563976
Lr derivatives =  [-1.252863505836018, -128.8397837411332, -3.6939823434529444]
other derivatives =  [ 0.78611538 -2.88962383  2.07572339 -1.36351446 -0.51272239 -3.13539167
 -0.90661738]
Current x_clock array =  [-0.61255945 -0.68589428 -0.61853944  0.48489581 -1.69653886 -1.33081497
 -2.92028676  0.43455939  0.         -0.17825382]
log likelihood =  -5627.308683991014
Lr derivatives =  [-2.0645756756162896, -129.94295511875407, -4.245572515102253]
other derivatives =  [ 1.062519   -2.52990321  1.50388769 -2.34955132  0.44338861 -1.94772936
 -0.78942945]
Current x_clock array =  [-0.61242399 -0.68462891 -0.61985861  0.47825566 -1.66244681 -1.20060457
 -3.08615963  0.41550715  0.         -0.17966157]
log likelihood =  -5634.325135730323
Lr derivatives =  [19.474948392729882, -116.51642636595656, 28.61028041770669]
other derivatives =  [-9.53694289e+01  1.12705038e+01 -8.11919354e+01  1.09944267e+00
 -1.18491570e+01  8.56274619e+00 -2.05713776e-02]
Current x_clock array =  [-0.65041476 -0.68229795 -0.66932569  0.52060509 -1.80587955 -0.8963532
 -3.50691289  0.52329756  0.         -0.15683141]
log likelihood =  -5627.285514091603
Lr derivatives =  [-0.5525722480894046, -128.99070536579313, -2.385681310148385]
other derivatives =  [-4.52067979 -1.73357785 -3.15765283 -2.10215967 -0.18197301 -1.513983
 -0.75906415]
Current x_clock array =  [-0.61447754 -0.68450291 -0.6225325   0.48054481 -1.67019992 -1.18415858
 -3.108903    0.42133365  0.         -0.17842751]
log likelihood =  -5627.226582457946
Lr derivatives =  [0.7614461184149377, -128.43210775972253, -0.9599703860968347]
other derivatives =  [-0.83149553 -0.00733871 -2.76029004 -1.76635695  0.78554952 -0.96677231
 -0.61933461]
Current x_clock array =  [-0.61328143 -0.68314352 -0.62251758  0.48393791 -1.66031772 -1.15187962
 -3.0948788   0.4182512   0.         -0.17792665]
log likelihood =  -5627.148817726496
Lr derivatives =  [0.2160051489116377, -129.64648142950168, -0.03270607926600633]
other derivatives =  [ 0.46846253  1.35894152 -0.71640898  0.0896207   0.8219482  -0.10105103
 -0.19806414]
Current x_clock array =  [-0.61292    -0.68175342 -0.62155501  0.49566839 -1.65196777 -1.13350417
 -2.94593721  0.41547601  0.         -0.17887872]
log likelihood =  -5627.166727534268
Lr derivatives =  [2.7664361253767673, -128.58482430919756, 2.154400477210096]
other derivatives =  [ 7.42674274  1.2771834   2.77848994 -1.19730157  0.04297881  0.55586791
  0.17841945]
Current x_clock array =  [-0.61054599 -0.68260584 -0.61892247  0.4889758  -1.67457025 -1.15662041
 -2.81199488  0.42939459  0.         -0.17913557]
log likelihood =  -5627.141254963699
Lr derivatives =  [1.1478345911483743, -129.2513099896972, 0.7383999738789555]
other derivatives =  [ 2.92318873  1.3418321   0.50587278 -0.37043446  0.54574093  0.12080544
 -0.07870095]
Current x_clock array =  [-0.61208029 -0.68205493 -0.62062385  0.49330116 -1.65996249 -1.14168061
 -2.89856048  0.42039915  0.         -0.17896957]
log likelihood =  -5627.136740349005
Lr derivatives =  [-0.164447473315132, -130.37774199586738, -0.15449121139432975]
other derivatives =  [-1.59688534  0.23001667  1.40825887 -0.06929167 -0.01011174  0.12657946
  0.05275277]
Current x_clock array =  [-0.61364417 -0.68261809 -0.62011185  0.49426302 -1.66172351 -1.15502299
 -2.83888823  0.42044589  0.         -0.18020033]
log likelihood =  -5627.135023574248
Lr derivatives =  [-0.019178714701361343, -130.15038463048887, -0.07100640597027308]
other derivatives =  [ 0.11865541  0.08843472 -0.08062125  0.0072796   0.00440633  0.00301097
  0.00248414]
Current x_clock array =  [-0.6130279  -0.68278613 -0.62100109  0.4947226  -1.66301815 -1.1602149
 -2.84621811  0.42110273  0.         -0.1798836 ]
log likelihood =  -5627.135010255926
Lr derivatives =  [0.0075884642742920505, -130.12113291143277, -0.024995384361155004]
other derivatives =  [-0.01018088  0.01573335 -0.0127593  -0.0141381   0.00472626 -0.00088879
 -0.00107902]
Current x_clock array =  [-0.61307398 -0.68284471 -0.62094961  0.49461729 -1.66321107 -1.16041212
 -2.84727509  0.4212161   0.         -0.17981616]
log likelihood =  -5627.135009126809
Lr derivatives =  [0.004132836908596005, -130.12079490562445, -0.00650852024473636]
other derivatives =  [-0.0051441  -0.00180626 -0.00775981 -0.00685577  0.00309231 -0.00010894
  0.00011181]
Current x_clock array =  [-0.61307218 -0.6828561  -0.62094598  0.49466304 -1.66322072 -1.16050137
 -2.84691139  0.42121859  0.         -0.17979305]
      fun: 5627.135009126809
 hess_inv: <10x10 LbfgsInvHessProduct with dtype=float64>
      jac: array([-5.14410203e-03, -1.80625648e-03, -7.75980880e-03, -6.85577106e-03,
        3.09230909e-03, -1.08935471e-04,  1.11813507e-04,  4.13283691e-03,
       -1.30120795e+02, -6.50852024e-03])
  message: 'CONVERGENCE: REL_REDUCTION_OF_F_<=_FACTR*EPSMCH'
     nfev: 35
      nit: 30
     njev: 35
   status: 0
  success: True
        x: array([-0.61307218, -0.6828561 , -0.62094598,  0.49466304, -1.66322072,
       -1.16050137, -2.84691139,  0.42121859,  0.        , -0.17979305])
