number of sites to be analyzed:  526
log likelihood =  -18123.11477968336
Edge derivatives =  [237.30114315902716, 95.33991775709353, 141.76819913718415, 89.77619304417092, -88.20948178307903, -80.05084321696998, 207.59938906174287, 181.0833070899148, 7.324285839779764, 72.93094654691585, -30.857152247665756, -5.2911533225351555, -41.28777304000711, -46.722541516850555, 97.60112742736534, 105.03184290691111]
other derivatives: [  -55.40423444   167.79122234  -159.66434148   413.42827899
 -1567.0681023   -572.34210544]
Current x array =  [-0.67248681 -0.70394063 -0.59550694  0.18232156 -0.10536052  0.33647224
 -2.30258509 -2.30258509 -2.30258509 -2.30258509 -2.30258509 -2.30258509
 -2.30258509 -2.30258509 -2.30258509 -2.30258509 -2.30258509 -2.30258509
 -2.30258509 -2.30258509 -2.30258509 -2.30258509]
log likelihood =  -16924.047715846256
Edge derivatives =  [214.4409933190743, 116.26874661102454, 177.53574764128524, 121.28092798139724, -39.7498202474522, -31.222658868904013, 245.16028412234334, 219.08676046296978, 52.384030947062364, 109.09190735625067, 12.660648014287718, 36.48891663852808, 5.079611910208071, -1.0692866546796984, 139.86847120252776, 145.4063683464804]
other derivatives: [ 224.01181923  209.88773031  -35.41026672  328.3006663  -757.30968092
 -123.44644347]
Current x array =  [-0.70536062 -0.70355262 -0.69024294  0.18814682 -1.03517214 -0.00312394
 -2.29884549 -2.24601565 -2.29884549 -2.29884549 -2.35492373 -2.35008284
 -2.29884549 -2.29884549 -2.29884549 -2.29884549 -2.32089402 -2.30572457
 -2.32708298 -2.33030767 -2.29884549 -2.29884549]
log likelihood =  -16572.11702905058
Edge derivatives =  [181.91044515044507, 119.21845983921078, 161.87359384848182, 106.41755503007195, -34.33087589351553, -26.314778213729227, 216.55002944509138, 190.02345385968422, 48.36314894023788, 90.93601407722244, 10.54143866443799, 36.341500864047674, 6.577097862684468, -1.905672140974929, 118.65722761002405, 130.33091531247487]
other derivatives: [-3.67848661e+03  3.08315066e+01  2.76304490e+00 -9.38256562e+01
 -2.16579792e+01 -8.02614522e+01]
Current x array =  [-0.31189264 -0.47200436 -0.72574003  0.43938597 -2.08723984 -0.12438038
 -2.10957833 -2.06146691 -2.09934638 -2.15589057 -2.40920053 -2.39100973
 -2.03394053 -2.05828486 -2.21067523 -2.16384304 -2.29426077 -2.24222509
 -2.31181473 -2.32473707 -2.13000014 -2.12621549]
log likelihood =  -16177.062469799168
Edge derivatives =  [182.87276171197064, 123.55144801119489, 177.21504181769305, 118.16725442612156, -24.059970656440395, -14.54538163249599, 226.39238923446223, 205.77894604387336, 61.78156783071371, 101.53660781340875, 22.869698511724657, 46.46599916183393, 18.34958837589827, 10.713558363116471, 134.27002103276837, 141.6018763450702]
other derivatives: [ 297.54974094 -172.14715626   44.26183295   26.4013579   156.34414012
  -50.07550499]
Current x array =  [-0.65261563 -0.48386443 -0.75374019  0.41558654 -2.32643872 -0.23263964
 -2.105906   -2.04384208 -2.0970707  -2.15460133 -2.42571657 -2.40606277
 -2.03136802 -2.0563219  -2.21041556 -2.16325016 -2.30072382 -2.24376642
 -2.3199437  -2.33405838 -2.12921699 -2.12473511]
log likelihood =  -16120.92216878663
Edge derivatives =  [180.70559213533053, 120.80206357239626, 172.92267454164656, 113.98263345913296, -25.943103111403452, -16.918553012875375, 218.80624842414747, 197.92042042456686, 58.18084658077685, 97.50855652127736, 20.13019492053928, 43.34685005776323, 15.97457928937025, 8.399433347860443, 128.43543245504776, 136.18438200972594]
other derivatives: [ 138.48693925 -192.56622181   42.503234     14.75964382  136.39328245
  -65.96346793]
Current x array =  [-0.6231266  -0.47483118 -0.7418809   0.44172452 -2.2988266  -0.2071608
 -2.07102224 -2.02241496 -2.06236057 -2.1307273  -2.42664981 -2.40549741
 -1.98571809 -2.01499846 -2.19717969 -2.14168984 -2.2940456  -2.23335012
 -2.31397336 -2.32929603 -2.1014655  -2.09589087]
log likelihood =  -15821.0800553033
Edge derivatives =  [154.57162388784198, 93.14692050013531, 131.35111997589402, 74.77555917748552, -34.23572875822926, -30.593936010988184, 135.95806578294255, 113.1888646277542, 29.883007967622703, 65.44712042217054, 0.8954067914654804, 22.022314101180463, 2.217785080563389, -3.3473783252937355, 73.75895692072879, 82.24753098785773]
other derivatives: [-1526.98848979  -259.46992537   -55.92264642  -121.80389604
    53.75513865  -221.40557121]
Current x array =  [-0.44418829 -0.48025572 -0.63438676  0.68551192 -2.21520443 -0.06728977
 -1.68596648 -1.77323336 -1.68320269 -1.87312199 -2.4561193  -2.41776894
 -1.49393211 -1.57137    -2.05683335 -1.91060059 -2.23112446 -2.12530117
 -2.25968631 -2.28937935 -1.80486105 -1.7859954 ]
log likelihood =  -15621.433505588288
Edge derivatives =  [142.09804687083852, 82.67163648435051, 119.02003956391977, 63.40024089132521, -31.965801222935706, -29.971649922550004, 103.16637999504056, 82.36428318608654, 25.117747927690555, 58.79898677592782, -0.8592961178351621, 18.8425395321692, 3.167247390441919, -1.4785316356875913, 57.40469277693994, 63.94112911710392]
other derivatives: [-1092.47575892  -204.36600607   -59.15608199  -136.11515897
    47.63933248  -268.62344384]
Current x array =  [-0.48859579 -0.5367596  -0.61026425  0.75878781 -2.22233299 -0.07967904
 -1.51190317 -1.65795553 -1.51509836 -1.76122967 -2.47666512 -2.43064548
 -1.2821612  -1.38152353 -1.9974467  -1.81062547 -2.20789818 -2.08012417
 -2.23999843 -2.27632768 -1.67809765 -1.65289414]
log likelihood =  -15243.10918136849
Edge derivatives =  [59.433639856115725, 34.99375680501579, 42.51918475195293, 12.281245508466169, -24.613337843515264, -26.66373570682528, -49.52595235465997, -47.40215246980419, 3.207322794149471, 16.90567654717595, -12.225742680419259, 3.0259998506713193, 5.194214949761883, 3.1318411315296033, -26.50035041072181, -29.252892299569563]
other derivatives: [-140.96913219   83.80702639  -82.57957234 -185.00868464  -38.69372449
 -376.80074456]
Current x array =  [-0.62989802 -0.76437276 -0.53149357  1.01874249 -2.32599691 -0.25604345
 -0.75703125 -1.15520801 -0.78849441 -1.28368081 -2.57275686 -2.49492522
 -0.39333901 -0.58833305 -1.74362371 -1.37985854 -2.11231813 -1.88706738
 -2.15653443 -2.22149512 -1.1433754  -1.09167018]
log likelihood =  -15131.613567520735
Edge derivatives =  [50.89930307001281, 35.06577088869242, 41.7828956208905, 13.829632503054953, -20.14236507427045, -21.355253277842515, -41.093531451847724, -38.23142109782547, 10.663204444631411, 19.770521332956527, -5.696137943538448, 12.073969152964677, 12.47508392333694, 10.257561310262599, -12.963362669847593, -15.66180716565709]
other derivatives: [ 106.50310287  -37.25308488  121.12686818 -142.53291738   58.92961781
 -232.90594982]
Current x array =  [-0.67991282 -0.71268871 -0.58468816  0.90857157 -2.47906072 -0.53694281
 -0.67445961 -1.08494395 -0.71133956 -1.24070661 -2.60166151 -2.52149532
 -0.362493   -0.56104613 -1.71911252 -1.33718344 -2.11342518 -1.86868824
 -2.14863638 -2.21771007 -1.12022025 -1.06894714]
log likelihood =  -15034.273339626248
Edge derivatives =  [10.494522326674117, 23.57490486854473, 16.021566125342193, 3.0054548350406405, -14.579431720622383, -16.15316613257624, -47.04204476781795, -44.27383062951459, 16.027770165092722, 24.789017045190533, 0.15942937683760294, 21.003054149738976, 20.498583235813626, 18.916624843270487, -3.1946188786706875, -7.824437073355825]
other derivatives: [ 268.29038688   61.55387382 -222.40710678   30.34037945  -25.39691195
  -86.0709406 ]
Current x array =  [-0.73527189 -0.75989057 -0.49491618  0.63878101 -2.4205131  -1.05199151
 -0.49210767 -0.95390583 -0.54742961 -1.1555805  -2.65344216 -2.57055852
 -0.32164736 -0.5260756  -1.6703952  -1.25069862 -2.114628   -1.82733445
 -2.12176572 -2.19889307 -1.08055912 -1.03032598]
log likelihood =  -15012.292737253485
Edge derivatives =  [-4.163029807084703, 20.29394689106989, 3.301653691406713, -0.8840602977937888, -14.17740059651827, -15.053341391302013, -41.125317053566846, -39.141844737045204, 13.381984716501517, 14.055579752761233, 1.1195892829513538, 21.629906640800048, 18.562446900690407, 17.86631249306654, 0.18569545630273912, -3.18793170466077]
other derivatives: [223.42883312  36.71138984 214.96471163  62.35004548 -38.59240678
 -41.54389899]
Current x array =  [-0.72138812 -0.75169725 -0.612315    0.55912984 -2.40533626 -1.27174512
 -0.43806997 -0.89544235 -0.4915354  -1.13340473 -2.68265199 -2.6008094
 -0.36848423 -0.57069063 -1.64236049 -1.20688451 -2.11578718 -1.79562289
 -2.09411698 -2.17505051 -1.07874085 -1.03330321]
log likelihood =  -14995.827745541324
Edge derivatives =  [-3.249382057898277, 21.097096792958684, 5.529730002858403, 1.4341149222859915, -13.470184263158675, -14.463097849423251, -29.67801806840966, -30.0139529668514, 13.65556713704344, 13.958891345528057, 1.7998905086576533, 21.63456455426346, 18.386843732375286, 17.59160741611861, 2.8233048056082852, 0.05770488817046743]
other derivatives: [122.99988157 -48.53409337 101.90578905  63.77322279   0.27630449
 -30.47080099]
Current x array =  [-0.69947395 -0.71943938 -0.57747328  0.55535245 -2.46754037 -1.34673712
 -0.430877   -0.8748357  -0.48061001 -1.13005382 -2.69510709 -2.61366615
 -0.39575285 -0.59615067 -1.63229397 -1.194075   -2.11653677 -1.78259797
 -2.08337109 -2.16543194 -1.08086473 -1.03779746]
log likelihood =  -14982.698430322494
Edge derivatives =  [-9.465182983682807, 18.8789961479321, 1.8207909852131539, 1.5143710114621647, -12.291681059299002, -13.552719414351358, -18.996776571719614, -22.03511297189506, 12.072628502646504, 10.26100348664881, 1.9485706674274041, 19.931375081381184, 16.82926832520267, 16.394469838567627, 2.380964491576843, 0.17290122532400548]
other derivatives: [-25.20446287 -47.04725143 -29.90436769  60.45229384  17.91468094
 -16.40928531]
Current x array =  [-0.66894956 -0.72729175 -0.54025587  0.57597122 -2.51449751 -1.48750664
 -0.38708246 -0.81404075 -0.42925805 -1.10423333 -2.72341588 -2.64212806
 -0.41572179 -0.61774136 -1.60060314 -1.14982695 -2.11315561 -1.74512669
 -2.0541759  -2.13956635 -1.06264823 -1.02337691]
log likelihood =  -14976.14843053839
Edge derivatives =  [-14.775348793824126, 16.729384454045654, -1.9801694335663982, 1.1078734020781902, -11.536658982860637, -12.839635583059763, -10.470408814029962, -15.33241655425567, 10.006189854178757, 5.603258460096053, 1.887361131878629, 17.831558783982896, 14.571146878452382, 14.656939398338595, 1.7251194635498281, 0.08280698952950023]
other derivatives: [-103.69276424  -10.32894943  -38.79740689   47.63278412   20.56021913
   -7.18209776]
Current x array =  [-0.65254596 -0.74658458 -0.53654527  0.6094815  -2.52826608 -1.60152066
 -0.35606697 -0.76061811 -0.38847496 -1.08382583 -2.74953671 -2.66894567
 -0.43908785 -0.64350981 -1.57170267 -1.11158265 -2.10984366 -1.7088027
 -2.02504689 -2.11315342 -1.04814584 -1.01265503]
log likelihood =  -14969.155245760436
Edge derivatives =  [-21.484122987376896, 13.368380621805024, -8.038508630201491, -0.13470651839206277, -10.911500046340194, -12.106489964175017, -0.528871848018719, -6.621661944249129, 6.105838578149019, -2.423910196790756, 1.2995311308023074, 13.613240420597883, 10.255614633647154, 11.06979659711179, 0.06347920536324055, -0.6999180169419119]
other derivatives: [-111.43692973   -6.57837518  -18.36851879   18.79107003    9.59462341
    1.72440195]
Current x array =  [-0.65076369 -0.75163053 -0.5387038   0.67318886 -2.51470022 -1.74226576
 -0.32839313 -0.6856348  -0.34023133 -1.05817819 -2.78789362 -2.70906781
 -0.4742868  -0.68474405 -1.53014988 -1.06205714 -2.10418376 -1.65307607
 -1.97975104 -2.07092992 -1.03004916 -1.00032839]
log likelihood =  -14964.224349308457
Edge derivatives =  [-13.592147674037877, 13.461600692525025, 0.17302144917557583, 3.481631453063526, -9.526224910662139, -10.425072112489305, 15.172552661502937, 8.187450303173902, 4.02813262169575, 0.1348466989941085, 1.727660734744469, 8.487016477249753, 4.646993215037489, 6.118991144516469, 4.422943774561921, 4.567644001635886]
other derivatives: [  2.42234819  74.90252756  13.00286385 -16.46076271  23.77182682
   5.6468707 ]
Current x array =  [-0.66957107 -0.78313778 -0.54406825  0.72596705 -2.50761466 -1.82685489
 -0.41086962 -0.61389125 -0.36531141 -1.05986626 -2.84447462 -2.77117738
 -0.52417938 -0.75340751 -1.49595768 -1.06031229 -2.100281   -1.58469977
 -1.92520671 -2.01415981 -1.03849621 -1.0154776 ]
log likelihood =  -14961.654083200905
Edge derivatives =  [-15.48672436131195, 11.214026500157978, -3.511985820958033, 1.6429992206063253, -9.412854133591274, -10.259659136456204, 11.006736132257759, 6.171794176142179, 1.402380121765897, -3.3243286108336934, 0.7171590537758676, 5.05945515845024, 2.042383270725947, 3.672063211383841, 1.2417918476046113, 1.5830652183567513]
other derivatives: [ 21.84460755  33.47195161  20.49346222 -20.53311619   9.44673957
   5.81021595]
Current x array =  [-0.6755272  -0.76611757 -0.54490985  0.73800515 -2.49013007 -1.85839515
 -0.41880983 -0.57260795 -0.35134901 -1.04519721 -2.86794675 -2.79581368
 -0.50833057 -0.74859388 -1.47694792 -1.04724894 -2.09578895 -1.55549234
 -1.90458537 -1.99309466 -1.02464944 -1.00287894]
log likelihood =  -14958.940848598428
Edge derivatives =  [-13.520329038448336, 8.858800799264772, -4.250245922115057, 0.3175238261796751, -8.952034933057748, -9.694930847751248, 5.727527644157343, 4.438944859294032, -1.5201528326931648, -3.849782107280837, -0.36931932285932323, 0.0660489285247316, -1.8301391298236538, -0.1216143356987916, -0.9961952600093987, -0.37717711399127773]
other derivatives: [ 44.84027158 -12.36876415  14.31981218 -16.71760401  -4.52419044
   4.66716301]
Current x array =  [-0.68247536 -0.74690156 -0.54340402  0.7319847  -2.46546812 -1.87548503
 -0.47799125 -0.51688516 -0.36349772 -1.03696894 -2.9095246  -2.84081526
 -0.4904271  -0.75060804 -1.4570356  -1.0511523  -2.09119005 -1.5142795
 -1.8764761  -1.96134056 -1.01844427 -0.99822379]
log likelihood =  -14956.696567423029
Edge derivatives =  [-8.72672376070491, 6.228198534469516, -2.3006397529440705, -0.42780950841815835, -8.164487933139892, -8.793676277635454, -0.601054655257463, 2.51784502615022, -4.330465181360476, -1.8972884776914927, -1.355298167772675, -5.815356835336894, -6.353863426867028, -4.6145601075717755, -2.4320824614696073, -1.4932899404593223]
other derivatives: [ 25.51623766 -23.22467481  26.8821168   -9.19626473 -17.64965418
   2.35595508]
Current x array =  [-0.67891223 -0.74209052 -0.54759628  0.71778704 -2.43911917 -1.87804825
 -0.57515423 -0.45119778 -0.39496927 -1.03373528 -2.96492946 -2.90135083
 -0.46956793 -0.75460784 -1.43891578 -1.06765735 -2.08698019 -1.46820075
 -1.84654083 -1.92495009 -1.01795403 -0.99900253]
log likelihood =  -14956.780274871224
Edge derivatives =  [1.2560876795014047, 3.7070740896489385, 5.457973311747051, 1.7499607131146258, -6.40604523934406, -6.980139072438055, -3.163631603971896, 3.66124387687948, -4.562062774431803, 3.5038553355443756, -1.2885428887407533, -9.623489902024625, -8.493059220609075, -7.436027178841211, -0.9063088401564159, -0.31241350661159967]
other derivatives: [ 76.38118404 -61.31485861 -66.56046025   8.10105121  13.21477612
   0.39199222]
Current x array =  [-0.69120762 -0.72589141 -0.52532501  0.67548762 -2.48475824 -1.89664383
 -0.70372927 -0.35214487 -0.42862771 -1.02737279 -3.05312782 -2.99705309
 -0.44365999 -0.7505386  -1.4258992  -1.08414195 -2.08537105 -1.42766071
 -1.82755396 -1.89432564 -1.02005228 -1.00037397]
log likelihood =  -14955.741148310084
Edge derivatives =  [-3.6231365291358246, 5.1432754864282915, 1.5700816592436933, 0.6604287660053182, -7.272268618993785, -7.868855759831182, -1.8262417905868116, 3.0809848583739528, -4.4222783077852075, 0.7645291948144213, -1.3221093194638092, -7.635481925915008, -7.393650478658176, -5.976898949830459, -1.6711346780789007, -0.8982035591010008]
other derivatives: [ 50.69778126 -41.75035428 -17.86665962  -0.82036422  -2.24645191
   1.3726094 ]
Current x array =  [-0.6849254  -0.7341682  -0.53670432  0.69710014 -2.46143936 -1.88714258
 -0.63803497 -0.40275509 -0.41143022 -1.03062365 -3.00806364 -2.94815485
 -0.45689743 -0.75261774 -1.43254991 -1.07571929 -2.08619323 -1.44837429
 -1.83725514 -1.90997294 -1.0189802  -0.99967324]
log likelihood =  -14954.593250679995
Edge derivatives =  [-0.09633217533203806, 3.834176768604079, 4.031695752916461, 1.0309669055413193, -6.587593503400742, -7.150937551253877, -3.966705548898873, 2.3336781186794537, -4.490846731685201, 2.8795687327563058, -1.350306809340358, -8.905853029382987, -8.281040004102376, -7.0296486440616395, -1.279145083675159, -0.534869364027089]
other derivatives: [  9.36597644 -15.85322025  -4.50818334   4.23679012  -1.80607458
  -0.06584742]
Current x array =  [-0.67500862 -0.74439734 -0.54093989  0.68684761 -2.46012572 -1.87862154
 -0.69642892 -0.36762205 -0.43011482 -1.03103102 -3.04317478 -2.98665518
 -0.44860239 -0.75121922 -1.43123688 -1.08594662 -2.08609764 -1.43693809
 -1.83332636 -1.90063403 -1.02260715 -1.00266687]
log likelihood =  -14954.098552246844
Edge derivatives =  [1.2770025064210753, 3.224066369444041, 4.777736714697248, 1.3411952238778984, -6.1163478450243405, -6.676161899258846, -3.802003276369675, 2.078051048582919, -3.576284743093713, 3.490308383082259, -1.0786035577308568, -7.800432950704764, -7.324191418068322, -6.259916838778555, -0.7229817838310968, -0.18586801008949488]
other derivatives: [-12.12792995   2.51020538  -6.13326847   5.7512807    3.21651896
  -0.27321221]
Current x array =  [-0.66976859 -0.75211918 -0.54082136  0.68377049 -2.46918443 -1.8776936
 -0.71477488 -0.34999349 -0.43060041 -1.02916248 -3.06231418 -3.00745137
 -0.44721564 -0.74627006 -1.43514563 -1.08525536 -2.08739238 -1.44208021
 -1.84080509 -1.90490669 -1.02402313 -1.00291721]
log likelihood =  -14953.594787203006
Edge derivatives =  [2.1565544605618663, 1.9739278035989363, 4.450042768214065, 1.3461714561647375, -5.5202885645478, -6.057203858065748, -3.545878109999117, 1.5074264123239736, -2.392377907936579, 3.082429491156841, -0.7367445868198308, -5.952467982516575, -5.7197910287270295, -4.924003043400808, -0.33840579601956744, -0.12334252269985292]
other derivatives: [-23.70125003  14.97555786  -4.19440767   5.55755832   8.60218279
  -0.02892193]
Current x array =  [-0.66681094 -0.75769399 -0.54123733  0.68406683 -2.48047083 -1.88400597
 -0.72905765 -0.3236967  -0.4226606  -1.02332293 -3.08931475 -3.03656214
 -0.44615602 -0.73745408 -1.4398771  -1.07836591 -2.08916491 -1.45124658
 -1.85294065 -1.91295404 -1.02350647 -1.00077283]
log likelihood =  -14952.854800419525
Edge derivatives =  [2.7054696952603368, -0.9572039351320546, 2.392269316563877, 0.6164416747761358, -4.548764823638192, -5.021229336926148, -4.2917876704485405, -0.4722670222483205, -0.5452213557372352, 1.5760561134262105, -0.2700858611602235, -2.7172824676595337, -2.8402159032244585, -2.5230454514995593, -0.20421711166647014, -0.5634687612114574]
other derivatives: [-18.99934432  24.31406756   1.96487235   5.03787305  10.08011168
   0.45220077]
Current x array =  [-0.66749697 -0.76184466 -0.54245236  0.68608096 -2.48807917 -1.89541707
 -0.74955208 -0.27658056 -0.40476773 -1.0108823  -3.13944017 -3.09054304
 -0.44341697 -0.71920382 -1.44766959 -1.06447569 -2.09210185 -1.468312
 -1.87557274 -1.92837642 -1.0210881  -0.99566192]
log likelihood =  -14952.921200109507
Edge derivatives =  [2.4171961213970046, -5.3634214331062955, -0.8610385413148953, 0.07721953591369483, -3.244446641095969, -3.6086810303067502, 3.382828196464173, 2.745634880660779, 1.1769022978451977, -1.3686190479984826, 0.4336610882226467, 0.7103003101719262, 0.06010871369778353, -0.12847019268425647, 0.9969569602056529, 0.6865937715187707]
other derivatives: [-59.32961358   7.53225322 -43.04347385 -12.19887054   7.2779585
   3.10410542]
Current x array =  [-0.65889197 -0.7555667  -0.53125186  0.7238052  -2.48153795 -1.93819823
 -0.77259381 -0.21622317 -0.38114943 -0.99723588 -3.22133739 -3.17925079
 -0.48125917 -0.7256506  -1.45149989 -1.0414528  -2.09657036 -1.48426709
 -1.89928344 -1.94337295 -1.02408519 -0.99891677]
log likelihood =  -14952.52852955338
Edge derivatives =  [2.558156244788367, -3.0212205515404746, 0.8517519080598556, 0.35942261843527235, -3.906386110291613, -4.3235625201701335, -0.6092799815568876, 1.0418040718200885, 0.2711101478144204, 0.18603800906129442, 0.0682409172155769, -1.0734055287371427, -1.4477952792078999, -1.3754457771521544, 0.37277332210574265, 0.03538895152358633]
other derivatives: [-38.08527254  16.38381946 -19.24654498  -3.16813384   8.82082531
   1.74168235]
Current x array =  [-0.66339222 -0.75884995 -0.53710951  0.70407613 -2.48495889 -1.91582449
 -0.76054342 -0.24778895 -0.39350135 -1.0043727  -3.17850669 -3.13285831
 -0.46146842 -0.72227905 -1.44949672 -1.05349334 -2.09423342 -1.47592288
 -1.88688319 -1.93553005 -1.02251777 -0.99721455]
log likelihood =  -14952.035954656054
Edge derivatives =  [3.185925981608432, -5.177856552127237, -0.6866740113698122, -0.40878305079193633, -3.1312479724033953, -3.4338868302466574, -1.1228144187641356, -0.627117555705905, 1.8566960462251454, -0.7103154413257758, 0.4913283716023238, 2.0062303832710238, 1.1191984720450971, 0.7403262783185202, 0.9655982461604963, 0.3639218164125742]
other derivatives: [-7.26649887  2.73394107  9.79180186 -2.94639904  5.50080586  2.05327524]
Current x array =  [-0.66978227 -0.75194046 -0.54431685  0.70161035 -2.47789998 -1.91211046
 -0.7842721  -0.21921238 -0.38769596 -0.9984784  -3.22693905 -3.18550744
 -0.46740451 -0.71061294 -1.45894655 -1.04953223 -2.09753658 -1.49448437
 -1.91002545 -1.9519673  -1.02537338 -0.99866265]
log likelihood =  -14951.917750460176
Edge derivatives =  [2.7945764139795686, -4.88580921841138, -0.8278994629491306, -0.5543665102059864, -3.1516292949976026, -3.4359917193387792, -0.6689237766656009, -0.39566025985898357, 1.7121579170402732, -0.41228555193003774, 0.4657927487392648, 1.9280751105031708, 1.0665633918707689, 0.7094731334660231, 0.9971818059350848, 0.5156743975594796]
other derivatives: [ 3.65143933  0.46602509  3.24671419 -2.82052497  0.82018232  2.00598151]
Current x array =  [-0.67229827 -0.75035303 -0.5428202   0.70177442 -2.46824615 -1.90725398
 -0.78135855 -0.22849098 -0.39066195 -1.00070471 -3.22650971 -3.18522548
 -0.47226762 -0.7138553  -1.45874889 -1.05208421 -2.09748478 -1.49472698
 -1.90989797 -1.95238277 -1.02664483 -1.00066375]
log likelihood =  -14951.830519385301
Edge derivatives =  [2.3695576396440607, -4.249428355189511, -0.902907144105646, -0.6895211680810318, -3.17039142506231, -3.4372602488410497, -0.21928061145090286, -0.22056369568955425, 1.4497328441895008, -0.12936001542647135, 0.3890142925246536, 1.7779204974780565, 0.9759219431046662, 0.6455307384489373, 0.8809478884835562, 0.5978874628301388]
other derivatives: [ 5.97538019 -6.06996764 -1.15614966 -1.47301762 -3.1583113   1.88592821]
Current x array =  [-0.67306646 -0.74714605 -0.54203286  0.69948627 -2.45959283 -1.89937134
 -0.77693479 -0.24248599 -0.39502807 -1.00396502 -3.22729925 -3.18631743
 -0.47790449 -0.71733485 -1.45834891 -1.05558634 -2.09733213 -1.49501419
 -1.91003502 -1.95325328 -1.02791549 -1.00289023]
log likelihood =  -14951.710722946733
Edge derivatives =  [2.248951329089889, -3.5941411484790096, -0.5966727298519161, -0.6304919060837694, -3.007448037086432, -3.249789715646836, 0.9556792885678629, 0.31949959509697345, 1.2322074273851935, 0.26535478697010595, 0.3637944468757053, 1.6647562716546873, 1.0022917844797026, 0.6847245789745826, 0.7803046915199797, 0.7290165605156044]
other derivatives: [10.4892024  -4.60313458 -5.28962119 -0.64119376 -5.60903572  1.74077286]
Current x array =  [-0.67403694 -0.74710505 -0.54126251  0.69774418 -2.45317435 -1.89181856
 -0.77472842 -0.25458    -0.39940798 -1.00683474 -3.24019943 -3.20056048
 -0.48572664 -0.720995   -1.45656429 -1.05795441 -2.09706707 -1.49399742
 -1.91086672 -1.95418176 -1.0284928  -1.00469301]
log likelihood =  -14951.391545937677
Edge derivatives =  [2.087091782084506, -1.6050115538237852, 0.06674713691951974, -0.5534248175157633, -2.370429418626477, -2.5501800341713223, 3.237489298064657, 0.9117200962060104, 0.42909579061729025, 0.7211413907253861, 0.17177921080358005, 1.3202704643903531, 1.2268914773089303, 0.8840582666976686, -0.14256434313512203, 0.48876739178730455]
other derivatives: [  1.85482349 -11.81215339  -6.65859261   4.30518412  -8.46193871
   1.09084795]
Current x array =  [-0.67240066 -0.74314889 -0.54180393  0.68763514 -2.44396892 -1.86744119
 -0.76837486 -0.2876665  -0.40992136 -1.01357208 -3.29519865 -3.26085344
 -0.50363399 -0.72570931 -1.45011586 -1.06235715 -2.09598994 -1.49055086
 -1.91571982 -1.95840735 -1.02778212 -1.00711243]
log likelihood =  -14951.101974791385
Edge derivatives =  [2.6094494267767625, 0.6062039883815882, 1.8587830471587954, 0.3197359719419401, -1.4262608265775367, -1.5516126970621908, 7.02343080276641, 2.5583584505107115, 0.06285073441253619, 1.3959278553033339, 0.29324934281409176, 1.235363059922768, 1.7469186058012025, 1.403691884062849, -0.36383049031635706, 0.7231253330673643]
other derivatives: [ 18.90912245   7.36235961 -12.02843123   2.0263542   -4.16766852
   0.6002665 ]
Current x array =  [-0.67529999 -0.74995652 -0.54041418  0.68964035 -2.44653116 -1.8497317
 -0.75734064 -0.31540928 -0.41443589 -1.01787082 -3.37660911 -3.34967545
 -0.5205112  -0.72891159 -1.44031299 -1.06031917 -2.0945989  -1.48360067
 -1.92027848 -1.96180214 -1.02590929 -1.0076363 ]
log likelihood =  -14950.860016313243
Edge derivatives =  [2.4438307311066314, 1.1076858851750655, 1.540453150013125, 0.21075023648208757, -0.9946836073761368, -1.1134246887350059, 6.3341525337152325, 1.551288500544758, -0.24014757815029425, 0.6568333914544485, 0.20195270118900388, 1.1561384371518362, 1.9837190213086566, 1.616459200022151, -1.06232767950459, 0.0780106748049109]
other derivatives: [ 1.6138074   6.46250555 -0.96297299  2.39560904 -1.89138518  0.20481821]
Current x array =  [-0.67155356 -0.75020808 -0.54321841  0.68904675 -2.45232507 -1.84208099
 -0.74988341 -0.32168653 -0.41095071 -1.01677777 -3.42263882 -3.39967909
 -0.51816418 -0.72270262 -1.43582248 -1.05581351 -2.09372645 -1.48068106
 -1.92360154 -1.96409046 -1.02319374 -1.00466389]
log likelihood =  -14950.698789075352
Edge derivatives =  [2.367309719227955, 1.2788509271956734, 1.1354918180497011, 0.15071873882984047, -0.5989268115950567, -0.7304985968363988, 4.403324277661874, -0.03447969758440195, -0.2887064982743503, -0.26274698198478347, 0.1607740117243961, 1.1201810280642066, 2.2001696807032447, 1.8054279263558413, -1.5611126168156713, -0.6801540010000688]
other derivatives: [-8.97234713  5.45624061  3.87099135  1.58470357  3.30146577 -0.22573658]
Current x array =  [-0.6693283  -0.75084923 -0.54403005  0.69086423 -2.46531317 -1.83864949
 -0.74043598 -0.32021541 -0.40271008 -1.01329111 -3.46735188 -3.44808676
 -0.50641225 -0.71205867 -1.43180172 -1.04843287 -2.09273627 -1.47717359
 -1.92560789 -1.96513233 -1.01995161 -0.99964313]
log likelihood =  -14950.607708577743
Edge derivatives =  [1.9784704909694681, 1.5690394351787251, 0.9420330468137412, 0.16675271383508866, -0.44967254835608766, -0.5843102476562919, 3.0903371852106254, -0.5533338951992843, -0.6137205194198903, -0.7114505717219425, 0.10131797595243963, 0.4755592217684557, 1.6879612859338953, 1.3658526149212764, -1.5826024817042916, -0.9080382439299067]
other derivatives: [-5.83277142 -0.2741217   2.52002792 -0.41691237  5.30053512 -0.42455213]
Current x array =  [-0.6701694  -0.74900421 -0.54325786  0.69483785 -2.47062905 -1.8374518
 -0.72871677 -0.32404755 -0.39837696 -1.01261694 -3.48957081 -3.47224965
 -0.49754763 -0.70964328 -1.42786383 -1.04501514 -2.0915053  -1.47094652
 -1.92113049 -1.96150462 -1.01946065 -0.99781476]
log likelihood =  -14950.521175557631
Edge derivatives =  [0.6987353025826373, 1.0227916383224744, -0.40604528442466803, -0.32421246023551276, -0.17893410403060808, -0.3159449605007087, 0.08955724973867438, -1.9374136514510534, -0.7310107218837971, -1.2494109800004352, 0.11826459989447269, -0.06893383938314035, 0.9858457637178973, 0.8044943071439039, -1.0845509560051436, -0.93420609718371]
other derivatives: [-4.74938133  1.70966814  4.66752681 -2.22462404  1.51594577 -0.5664333 ]
Current x array =  [-0.67063157 -0.75042341 -0.54335366  0.70058882 -2.46907765 -1.83718256
 -0.71215323 -0.32224267 -0.38956841 -1.0105504  -3.52589387 -3.51189539
 -0.48146247 -0.70604964 -1.4250517  -1.04050542 -2.09016297 -1.46453302
 -1.91532102 -1.9565627  -1.02193109 -0.9970916 ]
log likelihood =  -14950.54467910284
Edge derivatives =  [0.09710080395988559, 0.218816519824518, -0.7597742773421142, -0.41162604646713674, 0.05915911016279992, -0.09012103758523564, -0.7184893079504228, -1.5434360298298975, -0.24213967510312262, -0.4290125055779749, 0.26835978495573143, -0.014311604060674499, 0.5649209126103802, 0.42186399624760673, 0.013405516804387271, -0.21608879959902777]
other derivatives: [  3.1250238   -6.83612598 -20.81324055   1.21435733   1.08448148
  -0.39835868]
Current x array =  [-0.67288087 -0.74673911 -0.53714203  0.69519226 -2.47020869 -1.83872188
 -0.70691923 -0.31466474 -0.38773626 -1.0108504  -3.55143439 -3.5401729
 -0.47514047 -0.71084679 -1.42679111 -1.04211441 -2.08938787 -1.46265701
 -1.91113279 -1.95256004 -1.02707421 -1.00015978]
log likelihood =  -14950.498382894817
Edge derivatives =  [0.4521665236266874, 0.6925925807544454, -0.5497960522807539, -0.3592418356641612, -0.07929927463145545, -0.22125174549262086, -0.24107459364547792, -1.7726572098161517, -0.5280902752734327, -0.909670149209574, 0.180697231956231, -0.044940621930618985, 0.8128414697493578, 0.6474163469432499, -0.6298328309916673, -0.6363530108404493]
other derivatives: [-1.49775587 -1.80407369 -5.7672878  -0.80581231  1.34168658 -0.4973117 ]
Current x array =  [-0.67155949 -0.74890351 -0.54079114  0.69836255 -2.46954424 -1.83781759
 -0.70999402 -0.3191165  -0.38881258 -1.01067416 -3.53643026 -3.52356088
 -0.47885441 -0.70802864 -1.42576927 -1.04116919 -2.08984321 -1.4637591
 -1.91359322 -1.95491146 -1.02405281 -0.99835734]
log likelihood =  -14950.483417660935
Edge derivatives =  [0.21342246231866582, 0.5256451372524777, -0.6855983052301762, -0.43610523689189695, -0.05064966040125207, -0.1844252402255891, -0.2644946784906615, -1.5658992268278267, -0.46162658523232003, -0.7010548210977553, 0.22005723889019269, -0.011045881242710442, 0.6672780568994281, 0.5301306253322636, -0.3170658929507135, -0.35346846504195645]
other derivatives: [ 3.9479346  -1.80807547 -2.13021849 -0.33323886 -0.39344741 -0.38835424]
Current x array =  [-0.67272426 -0.74860622 -0.54175472  0.69732564 -2.46613222 -1.83751976
 -0.70913034 -0.3189783  -0.38959905 -1.01142575 -3.53922678 -3.52679141
 -0.47936575 -0.7106862  -1.42654855 -1.04262766 -2.0897365  -1.46378625
 -1.91254646 -1.95404953 -1.02583308 -0.9999402 ]
log likelihood =  -14950.474741349677
Edge derivatives =  [0.04257923460532709, 0.3418850816841077, -0.7204177345182378, -0.45248085718496933, -0.02875643541372029, -0.16066310162651015, -0.12108564967894592, -1.2491144820983693, -0.3559955505047182, -0.4305727082362526, 0.25643429258668327, 0.025714731221906095, 0.5254019329720683, 0.4182027489642436, -0.03580628893760747, -0.08920777499170644]
other derivatives: [ 3.09883035 -0.31959644 -1.89429556  0.04729372 -1.47083483 -0.26502676]
Current x array =  [-0.67251357 -0.74907864 -0.54191556  0.69675285 -2.46403688 -1.83809983
 -0.70884362 -0.31791437 -0.39046073 -1.01211136 -3.54037532 -3.52823343
 -0.48006423 -0.71358276 -1.42746552 -1.04400747 -2.08960451 -1.46390237
 -1.91143467 -1.95311459 -1.02737206 -1.00134346]
log likelihood =  -14950.462698699772
Edge derivatives =  [-0.10892887516890763, 0.09966980465490934, -0.4484927565523426, -0.28682651451480495, 0.02200351498827681, -0.10923010627720758, 0.126375947254294, -0.42648381620111797, -0.1109672046420313, 0.06908429133356953, 0.31426596723200295, 0.025896844239582772, 0.13096901323972004, 0.09166527751735049, 0.49449407364576314, 0.3821094547676652]
other derivatives: [ 2.31739250e+00 -2.80124368e-02  5.85350790e-01  2.61934474e-01
 -5.58429747e-01 -1.63709046e-03]
Current x array =  [-0.67223972 -0.74909846 -0.54260658  0.69583423 -2.4649743  -1.84030732
 -0.70713415 -0.31470977 -0.39198803 -1.01351865 -3.5439224  -3.53257678
 -0.4794251  -0.71961161 -1.42908471 -1.04621737 -2.08884281 -1.46316964
 -1.90803436 -1.95025931 -1.02974322 -1.00327649]
log likelihood =  -14950.460010864455
Edge derivatives =  [-0.15174835803420497, 0.06434099953067197, -0.25336493854112785, -0.18046272896587742, 0.040343673707817225, -0.091939967983129, 0.17225845712203205, -0.12944359583569698, -0.05904569786605374, 0.15622411125006042, 0.27162500200308026, -0.05488823225461531, -0.035334449023066816, -0.045007859691267305, 0.41986253430721093, 0.32154029015868874]
other derivatives: [-0.80362952  0.43582986 -0.45984052 -0.0680302  -0.13205863  0.02419256]
Current x array =  [-0.67154452 -0.74937005 -0.54235672  0.69650086 -2.46564536 -1.84092704
 -0.70601402 -0.31412295 -0.39284175 -1.01431443 -3.54590977 -3.53510295
 -0.47864569 -0.72181424 -1.42932119 -1.04638942 -2.08799978 -1.46244898
 -1.90659274 -1.94910557 -1.02938673 -1.00297153]
log likelihood =  -14950.45936953601
Edge derivatives =  [-0.1234246667649796, 0.07318172127979936, -0.16194421425950906, -0.13649847843587987, 0.046371351667867364, -0.0854161054763313, 0.18741139177523808, -0.054800567792673505, -0.04084539959567213, 0.1491654941049605, 0.2493875681785609, -0.058789304986303914, -0.05134930367027829, -0.059264164402490827, 0.3399356587632974, 0.2560777559556608]
other derivatives: [-0.64119376  0.11368684 -0.21300366 -0.09258656  0.21882443  0.01855369]
Current x array =  [-0.67157257 -0.74924602 -0.54241143  0.69642012 -2.46616106 -1.84096354
 -0.70596934 -0.31393382 -0.39318661 -1.0145622  -3.54667277 -3.53607984
 -0.47843704 -0.72225015 -1.42938942 -1.04630981 -2.08766736 -1.46236639
 -1.90643481 -1.94897842 -1.02897161 -1.00264384]
log likelihood =  -14950.458442191204
Edge derivatives =  [-0.09140583852012044, 0.06389733732171393, -0.029786017670282203, -0.07901946178273239, 0.06155263180068745, -0.06820167109483166, 0.16319908664144306, 0.0255306285888115, -0.006701520372271952, 0.09551021223437972, 0.18835948680619463, -0.04498383780624643, -0.044384416747193456, -0.05261027288386533, 0.11150722480774079, 0.0688366735004668]
other derivatives: [-0.27866918 -0.10077201  0.00691216 -0.02146407  0.38726284 -0.01564331]
Current x array =  [-0.67165213 -0.74915461 -0.54246773  0.69617728 -2.46637421 -1.84077253
 -0.70614315 -0.31361985 -0.39391937 -1.01511216 -3.5486468  -3.53863963
 -0.47805918 -0.72289763 -1.42954346 -1.04598458 -2.08684361 -1.46242051
 -1.90648331 -1.94903065 -1.02791649 -1.0018476 ]
log likelihood =  -14950.457940142125
Edge derivatives =  [-0.07524389039979683, 0.015017778909014484, 0.03548354656313665, -0.050222818909006324, 0.06852559681156842, -0.058062489969883134, 0.0983842209423306, 0.061310860459089955, 0.029384460374385524, 0.03697228230956129, 0.1305718201224051, -0.005984890001272225, -0.02012845191791557, -0.02922581718085887, -0.05143011194873981, -0.053881026725562955]
other derivatives: [-0.10204531 -0.26120688  0.09149517  0.00454747  0.10877557 -0.03201421]
Current x array =  [-0.67169804 -0.74906875 -0.54250054  0.69613365 -2.46581715 -1.84077127
 -0.70680244 -0.31306258 -0.39456765 -1.01568758 -3.54941503 -3.54006286
 -0.47774537 -0.72344347 -1.4298278  -1.04573862 -2.08595397 -1.46275797
 -1.90670354 -1.94924562 -1.02725169 -1.0014319 ]
log likelihood =  -14950.45837275063
Edge derivatives =  [-0.002356965790795692, 0.005103797650054781, 0.16289252945996183, 0.021938378066494686, 0.07369346169200786, -0.050474176163204834, 0.09617772717398887, 0.1297410821682743, 0.07413297091403981, 0.04936895178150025, 0.09312360000118902, 0.03320872022891913, 0.010432345547277788, 0.0053672244765603505, -0.08841691820967006, -0.06899525963003557]
other derivatives: [ 1.47956598  1.36897143 -0.4287358  -0.10950316  0.17735147 -0.04183676]
Current x array =  [-0.67199318 -0.74969705 -0.54235007  0.69627391 -2.46581234 -1.8410372
 -0.70752705 -0.31258677 -0.39498653 -1.01627335 -3.54932998 -3.54078158
 -0.47733001 -0.72379918 -1.4299387  -1.04551087 -2.08495063 -1.46294956
 -1.90679718 -1.94938494 -1.02697225 -1.00132902]
log likelihood =  -14950.45787628286
Edge derivatives =  [-0.055997345275531865, 0.01240981167767903, 0.06912135629429535, -0.03116952968475515, 0.0698903327810092, -0.05605800182857222, 0.09781586192244954, 0.07937974222214805, 0.04120166226642691, 0.04025306592924793, 0.12069698257390482, 0.004365135382886021, -0.012058267011716417, -0.020091254686172177, -0.06118351421200617, -0.05786123348576744]
other derivatives: [ 0.31541276  0.16916601 -0.04583853 -0.02582965  0.12660166 -0.0349246 ]
Current x array =  [-0.67177593 -0.74923457 -0.54246083  0.69617067 -2.46581588 -1.84084145
 -0.70699368 -0.312937   -0.3946782  -1.01584218 -3.54939258 -3.54025255
 -0.47763575 -0.72353735 -1.42985707 -1.04567851 -2.08568916 -1.46280853
 -1.90672825 -1.94928239 -1.02717794 -1.00140475]
log likelihood =  -14950.457775937499
Edge derivatives =  [-0.05507721026720873, -0.007864929160073919, 0.055842815548697106, -0.03391836492580086, 0.07072637606226014, -0.054070502520452, 0.03097922325001981, 0.04497238470388143, 0.043471487928373465, 0.003460137721621903, 0.10172255759731241, 0.016642082832382943, 0.003080045438889234, -0.005620541774151444, -0.0910150816821436, -0.07972701973231901]
other derivatives: [ 0.23901521  0.1036824  -0.04911271 -0.02637535 -0.04984031 -0.04110916]
Current x array =  [-0.67176742 -0.74921103 -0.54246024  0.69622    -2.46555262 -1.84087475
 -0.70725719 -0.31273999 -0.39470526 -1.01598754 -3.54952032 -3.5406763
 -0.47738235 -0.72346256 -1.42988767 -1.04552143 -2.08534805 -1.46293076
 -1.90686613 -1.94941472 -1.02708762 -1.00136162]
log likelihood =  -14950.45764038061
Edge derivatives =  [-0.03903557289324042, -0.01889682699925739, 0.04142396180339565, -0.02665594942451574, 0.07115637099144412, -0.05224849157835573, -0.037789388045597755, 0.010170304774281158, 0.036363562750253875, -0.025417570922627752, 0.07974839859616845, 0.022354519904841552, 0.014808841202516021, 0.007214681292648184, -0.07376808259270523, -0.05894915474167439]
other derivatives: [ 0.10804797  0.09458745 -0.00254659  0.0174623  -0.09913492 -0.04110916]
Current x array =  [-0.67174306 -0.74921642 -0.54247042  0.69615525 -2.46550991 -1.84103044
 -0.70761478 -0.3125388  -0.3946158  -1.01621069 -3.54952122 -3.541251
 -0.47705671 -0.72332861 -1.42981829 -1.04537868 -2.08478282 -1.46298452
 -1.90695589 -1.94952412 -1.02720774 -1.00149617]
log likelihood =  -14950.45752967552
Edge derivatives =  [-0.007138004404640802, -0.0436523364230528, 0.019335790958975946, 0.0038734206653979267, 0.07271348805497471, -0.04710273727980262, -0.11027527457453343, 0.008587261320365469, 0.024911033660545756, -0.024952499150639684, 0.03486593815991257, 0.02246060493316071, 0.011555219811068496, 0.009825520267405963, 0.028952479187474178, 0.039547980645059724]
other derivatives: [ 0.22973836 -0.23283064 -0.56952558  0.04001777 -0.12933015 -0.0176442 ]
Current x array =  [-0.67177938 -0.74908226 -0.54232498  0.69612224 -2.4654339  -1.84157221
 -0.70829844 -0.31208665 -0.39441232 -1.01679466 -3.54936259 -3.54263001
 -0.47661413 -0.72342161 -1.42966564 -1.0453433  -2.08341911 -1.46297306
 -1.90687584 -1.94954079 -1.02776739 -1.00201895]
log likelihood =  -14950.45745434541
Edge derivatives =  [0.03780720128231206, -0.016489421240794083, 0.007095983491373595, 0.022792934267729388, 0.0685139582487434, -0.049140882452967743, -0.13673158707449795, -0.03376035467250027, -0.008513328131805664, -0.05911488702260381, 0.006226544855684191, 0.011754372189370033, 0.024908543011142925, 0.02509686475797085, 0.058937140997671486, 0.07083014706388496]
other derivatives: [-0.13151293  0.08858478  0.41309249 -0.03146852  0.01400622 -0.01509761]
Current x array =  [-0.67168091 -0.74923768 -0.54255948  0.69620104 -2.46567166 -1.84179652
 -0.7087505  -0.31214291 -0.39414919 -1.01701895 -3.54881471 -3.54298062
 -0.47648366 -0.72304904 -1.4293907  -1.04519989 -2.08267404 -1.46291611
 -1.90697908 -1.94968003 -1.02792418 -1.00216609]
log likelihood =  -14950.457397219037
Edge derivatives =  [0.024741441405212818, -0.012784018250603754, 0.017652338054963815, 0.01747313955223882, 0.0687570986844096, -0.04996131586299701, -0.08815740925476906, -0.006645790708061039, -0.0007118939707559946, -0.03524427653616313, 0.020158610448930858, 0.009020878104005203, 0.017665774845163296, 0.016650532308311483, 0.041637276786948854, 0.05132030293505872]
other derivatives: [-0.04147296  0.01527951  0.04765752 -0.02546585  0.03183231 -0.0167347 ]
Current x array =  [-0.67170434 -0.74920006 -0.54247193  0.69619385 -2.46568421 -1.84168528
 -0.7085098  -0.31225999 -0.39423315 -1.01687434 -3.54885537 -3.54264479
 -0.47671098 -0.72316887 -1.42945604 -1.04530445 -2.08305237 -1.4628905
 -1.90691851 -1.9496046  -1.02782114 -1.00205785]
log likelihood =  -14950.45737201403
Edge derivatives =  [0.025099271510661936, -0.008515040287692649, 0.019306541981680428, 0.019168187973763275, 0.06814994332507933, -0.050373069807944884, -0.05604447066858323, 0.008790604254112377, -0.0019142421420289546, -0.021415750544535483, 0.018949433249576098, 0.005475955408338673, 0.014076552027359412, 0.013033195378437834, 0.03855405292131649, 0.04630089902158248]
other derivatives: [ 0.00418368 -0.01255103 -0.04311005 -0.02819434  0.0518412  -0.01364242]
Current x array =  [-0.67171417 -0.74918459 -0.54245087  0.69619084 -2.46569379 -1.84170421
 -0.70849263 -0.31231364 -0.39423407 -1.01686854 -3.54872424 -3.54261652
 -0.47686743 -0.72321601 -1.42944666 -1.04537285 -2.08304071 -1.46286685
 -1.90688372 -1.94957473 -1.02780595 -1.00203372]
      fun: 14950.45737201403
 hess_inv: <22x22 LbfgsInvHessProduct with dtype=float64>
      jac: array([-0.00418368,  0.01255103,  0.04311005,  0.02819434, -0.0518412 ,
        0.01364242, -0.02509927,  0.00851504, -0.01930654, -0.01916819,
       -0.06814994,  0.05037307,  0.05604447, -0.0087906 ,  0.00191424,
        0.02141575, -0.01894943, -0.00547596, -0.01407655, -0.0130332 ,
       -0.03855405, -0.0463009 ])
  message: 'CONVERGENCE: REL_REDUCTION_OF_F_<=_FACTR*EPSMCH'
     nfev: 54
      nit: 49
     njev: 54
   status: 0
  success: True
        x: array([-0.67171417, -0.74918459, -0.54245087,  0.69619084, -2.46569379,
       -1.84170421, -0.70849263, -0.31231364, -0.39423407, -1.01686854,
       -3.54872424, -3.54261652, -0.47686743, -0.72321601, -1.42944666,
       -1.04537285, -2.08304071, -1.46286685, -1.90688372, -1.94957473,
       -1.02780595, -1.00203372])
