number of sites to be analyzed:  1892
log likelihood =  -24601.226900950292
Lr derivatives =  [-244.2927277163131, -1201.3737882340147, -340.5019276254003]
other derivatives =  [ 395.26563341 -268.58202909  375.01699262 -495.20401444 1959.50677517
  513.46781402]
Current x_clock array =  [-0.61522088 -0.72817331 -0.6191159   0.18232156 -0.10536052  0.33647224
 -0.51082562 -0.51082562 -0.51082562]
log likelihood =  -23022.098493268146
Lr derivatives =  [-360.16018970868816, -1243.9156339564665, -538.4281424185962]
other derivatives =  [-1245.97100512  -238.49909849  -406.83901898  -260.45726554
  1249.98128299   291.35273871]
Current x_clock array =  [-0.79744456 -0.72786066 -0.79200464  0.41061841 -1.00872402  0.09975548
 -0.39820283 -0.51059013 -0.51059013]
log likelihood =  -21858.982682994814
Lr derivatives =  [-10.744429411524582, -433.53377267877465, 107.06968989971571]
other derivatives =  [4118.84287314  456.94557048 -826.08078446   91.0287381  -166.16199419
  176.10025679]
Current x_clock array =  [-0.39974716 -0.66457627 -0.83857565  0.90824517 -3.09775205 -0.42786438
 -0.02604879 -0.13313273 -0.30163028]
log likelihood =  -21386.935412851646
Lr derivatives =  [-156.92838440285385, -420.5383924673951, 147.10820604268824]
other derivatives =  [-1123.68873306    58.94692367  -343.86343759   203.34494548
  -225.67802553   177.19219977]
Current x_clock array =  [-0.77295337 -0.71654349 -0.68553839  0.91909285 -3.18910577 -0.4753077
  0.01176824 -0.03619236 -0.28244995]
log likelihood =  -21277.17970981251
Lr derivatives =  [30.025148513316125, -322.2745754009923, 169.5005006714726]
other derivatives =  [-566.58741596   46.58686157  -44.95713438  132.11902842  -47.2776936
  199.3410151 ]
Current x_clock array =  [-0.70828047 -0.720951   -0.6393103   0.84905464 -2.94083699 -0.42618231
 -0.01426297 -0.01663926 -0.29951297]
log likelihood =  -21234.543188819083
Lr derivatives =  [82.54951094797896, -309.3410726137907, 100.43635440749684]
other derivatives =  [ 77.51817611 -19.25988909  28.55122875  88.96987129  16.25589558
 189.86293435]
Current x_clock array =  [-0.64149643 -0.73487009 -0.63199724  0.79651622 -2.83641709 -0.4488236
 -0.05121708  0.         -0.34496141]
log likelihood =  -21223.617511640692
Lr derivatives =  [45.33785221981049, -343.2829566553991, 41.64228530515405]
other derivatives =  [ 1.76557449e+02 -3.09152529e+01  2.54088773e+01  8.07712640e+01
  3.43087255e-02  1.73201195e+02]
Current x_clock array =  [-0.63174872 -0.73645708 -0.63390123  0.7751323  -2.83584143 -0.48964357
 -0.06792539  0.         -0.37117779]
log likelihood =  -21195.990658926363
Lr derivatives =  [-51.619796941259956, -433.6122553597658, -108.44544740455757]
other derivatives =  [190.07823357  -6.64744584  -2.33390892  44.73111403 -32.25925412
 115.28837786]
Current x_clock array =  [-0.63048046 -0.72901292 -0.64153743  0.68737927 -2.82550676 -0.65900651
 -0.10777249  0.         -0.43930478]
log likelihood =  -21173.16670642344
Lr derivatives =  [-29.138038905168003, -419.24736210487004, -113.9255533282143]
other derivatives =  [146.42129827 -30.13887181 -55.93368769  -4.9640621  -24.19502394
  69.74831558]
Current x_clock array =  [-0.63678549 -0.73502323 -0.64953822  0.59687904 -2.82348195 -0.87116883
 -0.10402136  0.         -0.43277235]
log likelihood =  -21191.499743522516
Lr derivatives =  [-49.006041748659285, -399.25809156039657, -21.501943840093446]
other derivatives =  [ 58.81198376 344.62959593 647.65643765 -38.06821769 -83.42120386
  19.00234045]
Current x_clock array =  [-0.64992467 -0.67143849 -0.547492    0.52782138 -2.90383735 -1.31395172
 -0.12692786  0.         -0.34194868]
log likelihood =  -21164.346762916703
Lr derivatives =  [-42.86559493203073, -416.08076880905963, -87.60951499825742]
other derivatives =  [113.84736717  98.64969252 171.06943415 -17.66327478 -47.12948859
  46.49297494]
Current x_clock array =  [-0.64158086 -0.71181688 -0.61229469  0.57167525 -2.85280904 -1.0327701
 -0.11238148  0.         -0.39962468]
log likelihood =  -21152.61461044786
Lr derivatives =  [21.998677788994122, -354.7521033334786, -5.3419519754536395]
other derivatives =  [ 13.40181552  21.89167571  28.08130012 -48.36912558 -23.97161537
  25.87318018]
Current x_clock array =  [-0.65285975 -0.72835805 -0.632068    0.51542396 -2.84397198 -1.23646394
 -0.10294131  0.         -0.3521427 ]
log likelihood =  -21150.24122013767
Lr derivatives =  [22.822583190295457, -348.9268775910381, 14.08812161196397]
other derivatives =  [-11.78286038   1.06966399  12.70059511 -52.27227302 -15.68241196
  18.98235913]
Current x_clock array =  [-0.65526283 -0.73213969 -0.63424008  0.50841932 -2.8237961  -1.32707974
 -0.11541975  0.         -0.33643654]
log likelihood =  -21146.24319410496
Lr derivatives =  [9.294517699406732, -351.0447449720621, 27.789732310586857]
other derivatives =  [-23.02114081  25.49946657 -33.21162148 -37.01020978  -1.65948609
   8.86751217]
Current x_clock array =  [-0.65545693 -0.72664949 -0.64140637  0.5391062  -2.77433998 -1.49079428
 -0.14505057  0.         -0.31880866]
log likelihood =  -21149.91170006725
Lr derivatives =  [-69.45680102306903, -398.4738417636311, -9.287723227302394]
other derivatives =  [ -95.43679698 -207.52907949   95.11543612   10.02444333  -14.38649747
    0.43600839]
Current x_clock array =  [-0.65922304 -0.7729401  -0.61984722  0.62617686 -2.75266875 -1.70346747
 -0.16912557  0.         -0.31579018]
log likelihood =  -21145.096955333844
Lr derivatives =  [-16.509303882721174, -366.58863731976044, 15.510479152178704]
other derivatives =  [-47.14915485 -53.81575102   7.68802784 -22.21426621  -6.12785162
   5.68311179]
Current x_clock array =  [-0.65668053 -0.74168924 -0.63440184  0.56739533 -2.76729903 -1.55989148
 -0.1528725   0.         -0.31782796]
log likelihood =  -21144.076578859254
Lr derivatives =  [-20.615752243006916, -367.7038960942061, 12.250597568167734]
other derivatives =  [-15.2153043  -14.2216486   -7.92260107  -5.43838905  -3.71660209
   2.53582701]
Current x_clock array =  [-0.65309294 -0.73410957 -0.63654617  0.60009305 -2.7537681  -1.62565336
 -0.15910653  0.         -0.31626689]
log likelihood =  -21143.809357863414
Lr derivatives =  [-9.295683402518364, -362.54699004600815, 3.838037123746318]
other derivatives =  [-0.34968252 -0.30692172 -2.12580562 -0.31174568  1.02438933  1.10660357]
Current x_clock array =  [-0.65185571 -0.73206187 -0.63508701  0.61374971 -2.75046351 -1.64772687
 -0.15190446  0.         -0.32174165]
log likelihood =  -21143.760199885946
Lr derivatives =  [-1.5424181629673015, -358.6370460984871, 0.18341607755479572]
other derivatives =  [1.93016967 1.30737317 2.16829721 0.5312213  2.13619121 0.54708956]
Current x_clock array =  [-0.65182656 -0.73218759 -0.63406261  0.61752556 -2.75320447 -1.65366615
 -0.14565014  0.         -0.32496892]
log likelihood =  -21143.751966043936
Lr derivatives =  [-0.047436430811682584, -357.59456043070423, -0.37579534085384125]
other derivatives =  [1.64830271 0.50480958 1.21633275 0.51111419 0.85970618 0.32127792]
Current x_clock array =  [-0.651893   -0.73248614 -0.63410586  0.61768802 -2.75655421 -1.65658876
 -0.14360224  0.         -0.32554836]
log likelihood =  -21143.750439815158
Lr derivatives =  [-0.24302264212966662, -357.52013330886774, -0.7674079412442438]
other derivatives =  [-3.03576235  0.51375901 -0.31560558  0.38546204 -0.08033267  0.11998108]
Current x_clock array =  [-0.65235315 -0.73249841 -0.63430812  0.61713555 -2.75812391 -1.66051409
 -0.14316379  0.         -0.32561844]
log likelihood =  -21143.749659384936
Lr derivatives =  [0.28553348198740025, -356.9564009878237, 0.16722689756792875]
other derivatives =  [ 0.77892764 -0.4834219  -0.19037543 -0.04325557 -0.20086102  0.03615865]
Current x_clock array =  [-0.65199988 -0.73273631 -0.63428299  0.61650168 -2.75862666 -1.66300886
 -0.14306859  0.         -0.32514786]
log likelihood =  -21143.74950521747
Lr derivatives =  [0.11916167787786591, -357.0713689282112, 0.13630538091791777]
other derivatives =  [ 0.01895751 -0.12207238 -0.0861146   0.06137634 -0.03395584  0.03502439]
Current x_clock array =  [-0.65206855 -0.73264958 -0.63427105  0.61666524 -2.75817404 -1.66326839
 -0.14328346  0.         -0.32511152]
log likelihood =  -21143.749479396633
Lr derivatives =  [0.027426412224645702, -357.1257344324634, 0.07859361136124221]
other derivatives =  [-0.08764619  0.01063745  0.01933222  0.04204412 -0.01593391  0.01460829]
Current x_clock array =  [-0.65207873 -0.73261888 -0.63425724  0.61661141 -2.75806712 -1.66380465
 -0.1433756   0.         -0.32509745]
      fun: 21143.749479396633
 hess_inv: <9x9 LbfgsInvHessProduct with dtype=float64>
      jac: array([-8.76461854e-02,  1.06374500e-02,  1.93322194e-02,  4.20441211e-02,
       -1.59339066e-02,  1.46082874e-02,  2.74264122e-02, -3.57125734e+02,
        7.85936114e-02])
  message: 'CONVERGENCE: REL_REDUCTION_OF_F_<=_FACTR*EPSMCH'
     nfev: 24
      nit: 21
     njev: 24
   status: 0
  success: True
        x: array([-0.65207873, -0.73261888, -0.63425724,  0.61661141, -2.75806712,
       -1.66380465, -0.1433756 ,  0.        , -0.32509745])
