number of sites to be analyzed:  227
log likelihood =  -3135.2348578629203
Lr derivatives =  [-149.126755049118, -257.61775645348274, -247.12078784635474]
other derivatives =  [ 10.92175899 -34.02163702  43.23058965 -65.85456231 246.97181925
  -4.56145381  -0.        ]
Current x_clock array =  [-0.67021106 -0.7583748  -0.59200481  0.18232156 -0.10536052 -0.10536052
  0.33647224 -0.51082562 -0.51082562 -0.51082562]
log likelihood =  -2917.578173697779
Lr derivatives =  [26.4285818150546, -166.5553052210813, -182.6472213845077]
other derivatives =  [-24.99190623 -18.42485608 -66.89154543 -32.78840541 182.50865605
  -6.34425305  -0.        ]
Current x_clock array =  [-0.70670203 -0.75600803 -0.73644364  0.40234992 -0.93052437 -0.09012013
  0.33647224 -0.01257441 -0.50911889 -0.50911889]
log likelihood =  -2704.039526688762
Lr derivatives =  [119.04797635985169, 4.781018253054057, -61.91448846948333]
other derivatives =  [148.83167387  35.05222458 155.29852726 -13.08715537  72.8034138
   4.31628587  -0.        ]
Current x_clock array =  [-0.59828143 -0.73853068 -0.46209629  0.63534694 -2.0920891  -0.05429656
  0.33647224  0.0284852   0.          0.        ]
log likelihood =  -2713.1737550173198
Lr derivatives =  [-50.53254947195053, -86.97136712172141, 68.75184226373676]
other derivatives =  [-212.73957827  -35.6789742  -115.10553759   33.47995971  -47.50552958
   13.12231416   -0.        ]
Current x_clock array =  [-0.91000852 -0.82220166 -0.72873863  0.81660842 -2.96653996 -0.04485695
  0.33647224 -0.15082789  0.          0.        ]
log likelihood =  -2666.512459213197
Lr derivatives =  [29.12822456875022, -43.470064949113954, 7.170865501393564]
other derivatives =  [-45.3232351   -1.76727826   0.30242609   8.14888881  11.77332301
   9.88173451  -0.        ]
Current x_clock array =  [-0.73677874 -0.77570488 -0.58056289  0.71587965 -2.4805991  -0.05010263
  0.33647224 -0.05118186  0.          0.        ]
log likelihood =  -2664.197913431858
Lr derivatives =  [18.44323831656822, -49.501532830454344, 15.529121810686775]
other derivatives =  [-12.15393877  -2.16830585  -4.17697174   9.31578506   5.3161265
  10.08833851  -0.        ]
Current x_clock array =  [-0.70255967 -0.77577219 -0.58717448  0.71101882 -2.50928955 -0.05946388
  0.33647224 -0.09129461  0.          0.        ]
log likelihood =  -2662.2869414264524
Lr derivatives =  [-2.5583197025072906, -63.773348963708635, -1.242783328549045]
other derivatives =  [12.31488477 -2.91516881 -5.48716525 10.11173799 -0.99046683  9.29115549
 -0.        ]
Current x_clock array =  [-0.67715532 -0.77263583 -0.59385819  0.68590889 -2.52625733 -0.08667443
  0.33647224 -0.16635782  0.         -0.0392223 ]
log likelihood =  -2661.8272942100352
Lr derivatives =  [-4.506812997525792, -64.70353222833512, 0.7095132326339595]
other derivatives =  [ 4.83738313  0.05878519  3.23333461  8.50536389 -0.09369922  8.86513499
 -0.        ]
Current x_clock array =  [-0.6834828  -0.76622288 -0.58490219  0.66124633 -2.51376438 -0.10730074
  0.33647224 -0.1773522   0.         -0.03511891]
log likelihood =  -2660.960247852394
Lr derivatives =  [-6.2479051043598375, -65.83396266986847, -4.605257983819964]
other derivatives =  [-7.45961688  5.25458472  7.45993111  3.06620404  2.85906496  7.4836812
 -0.        ]
Current x_clock array =  [-0.69462849 -0.75491611 -0.58245355  0.58203762 -2.48992519 -0.18017269
  0.33647224 -0.193905    0.         -0.03902904]
log likelihood =  -2660.2536550563373
Lr derivatives =  [-3.795295761918233, -63.234112729094925, 4.410910607186999]
other derivatives =  [-9.01062003 -0.73864248  7.38565041 -2.56152862  4.63686257  6.62197999
 -0.        ]
Current x_clock array =  [-0.69710323 -0.76435674 -0.58352425  0.50543782 -2.4941721  -0.27131188
  0.33647224 -0.1902994   0.         -0.02721922]
log likelihood =  -2659.486383837599
Lr derivatives =  [-0.934001278570868, -61.538578886097106, -8.581713784632058]
other derivatives =  [-12.23883828   3.81586597  -1.79687731  -7.28905525   1.80222224
   5.36801417  -0.        ]
Current x_clock array =  [-0.70236617 -0.75879434 -0.59391125  0.42299495 -2.56967134 -0.42893632
  0.33647224 -0.16207214  0.         -0.04309822]
log likelihood =  -2658.8791599342085
Lr derivatives =  [0.777065808134779, -59.332879543558676, 0.62699519242177]
other derivatives =  [-2.3003654   0.27337501 -1.05070467 -7.94881134 -1.01168333  5.04970649
 -0.        ]
Current x_clock array =  [-0.69486199 -0.76701108 -0.59200777  0.40970804 -2.6224103  -0.53700511
  0.33647224 -0.14375881  0.         -0.03124242]
log likelihood =  -2658.3079207351457
Lr derivatives =  [1.8568355674310695, -58.03951489571989, 5.591168713255858]
other derivatives =  [ 7.41739314 -3.01559976 -1.11135751 -6.6233797  -4.22970574  4.48463652
 -0.        ]
Current x_clock array =  [-0.68721697 -0.7754344  -0.5902836   0.42804564 -2.67922988 -0.67592748
  0.33647224 -0.12193915  0.         -0.02579731]
log likelihood =  -2657.651143438671
Lr derivatives =  [3.0941658213639514, -57.103269474358996, 5.66773696056358]
other derivatives =  [12.2495394  -3.32237732 -0.95480391 -4.21597451 -5.73201648  3.51021572
 -0.        ]
Current x_clock array =  [-0.68322291 -0.77846577 -0.58802015  0.46896618 -2.71608062 -0.85741367
  0.33647224 -0.10212526  0.         -0.02427137]
log likelihood =  -2656.610594656481
Lr derivatives =  [4.437951620658787, -56.13157926621595, 7.869891480085798]
other derivatives =  [10.94672825 -2.84656471 -5.75299191 -1.00964735 -2.92774643  1.58769624
 -0.        ]
Current x_clock array =  [-0.6827101  -0.77840308 -0.59142682  0.53069199 -2.69874053 -1.20829324
  0.33647224 -0.09830353  0.         -0.01842633]
log likelihood =  -2659.4992458048323
Lr derivatives =  [-1.959053416258051, -62.00748467698876, -34.00575787767246]
other derivatives =  [  0.8751731  -21.11549838  69.23483716  -0.21257938  -0.30204914
  -0.59220786  -0.        ]
Current x_clock array =  [-0.69010063 -0.81015221 -0.51835234  0.56744128 -2.68553727 -1.65703987
  0.33647224 -0.09780474  0.         -0.05473721]
log likelihood =  -2656.4885035025372
Lr derivatives =  [3.237082455557065, -57.18724653551375, -2.0053105045783646]
other derivatives =  [ 9.25564382 -6.07436414  5.55868883 -0.92003393 -2.37583233  1.15337691
 -0.        ]
Current x_clock array =  [-0.68395306 -0.78374274 -0.57913694  0.5368726  -2.69651996 -1.28376477
  0.33647224 -0.09821964  0.         -0.0245332 ]
log likelihood =  -2656.1920094349953
Lr derivatives =  [2.182285112808799, -57.68243809225268, -0.051814392111264596]
other derivatives =  [ 2.52428936 -2.40567442  0.6170244   0.44550961 -0.44214477  0.39166895
 -0.        ]
Current x_clock array =  [-0.68819549 -0.77621825 -0.58432761  0.55792386 -2.66829343 -1.46762913
  0.33647224 -0.11104182  0.         -0.02041733]
log likelihood =  -2656.1501750983234
Lr derivatives =  [0.31517881149656546, -58.716471092656654, 0.31632629243875954]
other derivatives =  [ 3.37786469  1.82330041  0.77243158  0.15859314  0.10684844  0.04894562
 -0.        ]
Current x_clock array =  [-0.68693697 -0.76803081 -0.58497709  0.55189867 -2.65360541 -1.56208306
  0.33647224 -0.12548735  0.         -0.01878385]
log likelihood =  -2656.187429155845
Lr derivatives =  [-2.275666826599412, -60.07099737277311, 2.531627559820617]
other derivatives =  [-9.00254554 -2.32996535 -1.30883018  0.31157333 -0.89829849 -0.07608324
 -0.        ]
Current x_clock array =  [-0.6964463  -0.77374214 -0.58708983  0.54736934 -2.66056251 -1.61275434
  0.33647224 -0.12896378  0.         -0.01707535]
log likelihood =  -2656.143316890966
Lr derivatives =  [-0.41768160782064, -59.099112379666465, 0.906678363957095]
other derivatives =  [-0.14875923  0.64156256  0.18328456  0.20385505 -0.17584665  0.01307719
 -0.        ]
Current x_clock array =  [-0.6896199  -0.76964219 -0.58557317  0.55062078 -2.65556826 -1.57637928
  0.33647224 -0.12646818  0.         -0.01830182]
log likelihood =  -2656.1422769761193
Lr derivatives =  [-0.17312076588186898, -58.979900801243, -0.3658308029573938]
other derivatives =  [-0.11186876  0.17377806 -0.02036631  0.07991821 -0.12337805  0.01133178
 -0.        ]
Current x_clock array =  [-0.68968564 -0.7705061  -0.58578295  0.54898552 -2.65654707 -1.57386847
  0.33647224 -0.12514076  0.         -0.01917698]
log likelihood =  -2656.142127066682
Lr derivatives =  [-0.07428937036733174, -58.91156730772621, -0.14786074102402225]
other derivatives =  [-0.04929188  0.03230798  0.02215893  0.04917365 -0.06060722  0.00900596
 -0.        ]
Current x_clock array =  [-0.68965153 -0.77076059 -0.58572727  0.54875767 -2.65623353 -1.57490936
  0.33647224 -0.12490133  0.         -0.01903206]
log likelihood =  -2656.1420781396387
Lr derivatives =  [-0.0082068441377956, -58.86369544558442, -0.01050326919747846]
other derivatives =  [ 0.00123919 -0.0269356  -0.00245336  0.01153421  0.00361209  0.00160449
 -0.        ]
Current x_clock array =  [-0.68961977 -0.77085846 -0.58576013  0.54834632 -2.65577145 -1.57724247
  0.33647224 -0.12487992  0.         -0.01892271]
log likelihood =  -2656.1420760836845
Lr derivatives =  [0.003498179595155193, -58.855029889515976, 0.0014079112879130662]
other derivatives =  [-0.00830596 -0.00781893  0.00853015  0.00285127  0.00577189  0.00083221
 -0.        ]
Current x_clock array =  [-0.68963421 -0.77082933 -0.58574777  0.54822099 -2.65581736 -1.57755372
  0.33647224 -0.12483586  0.         -0.01891425]
      fun: 2656.1420760836845
 hess_inv: <10x10 LbfgsInvHessProduct with dtype=float64>
      jac: array([-8.30596036e-03, -7.81892595e-03,  8.53015081e-03,  2.85126589e-03,
        5.77188729e-03,  8.32209760e-04, -0.00000000e+00,  3.49817960e-03,
       -5.88550299e+01,  1.40791129e-03])
  message: 'CONVERGENCE: REL_REDUCTION_OF_F_<=_FACTR*EPSMCH'
     nfev: 25
      nit: 21
     njev: 25
   status: 0
  success: True
        x: array([-0.68963421, -0.77082933, -0.58574777,  0.54822099, -2.65581736,
       -1.57755372,  0.33647224, -0.12483586,  0.        , -0.01891425])
