number of sites to be analyzed:  396
log likelihood =  -4500.839218883539
Lr derivatives =  [106.48646810725145, -157.2416630129829, -65.3810222993568]
other derivatives =  [  89.08328982  -40.45816786   55.18955186 -115.2077366   394.4404325
  -18.3076736    71.09810394]
Current x_clock array =  [-0.64451736 -0.65971613 -0.66726256  0.18232156 -0.10536052 -0.10536052
  0.33647224 -0.51082562 -0.51082562 -0.51082562]
log likelihood =  -4186.783833058148
Lr derivatives =  [-96.6709590486684, -249.6349735287675, -144.50633178371777]
other derivatives =  [-249.4251994   -30.55471097  -55.45821659  -64.37769207  268.90779918
   -3.95688767   37.09226803]
Current x_clock array =  [-0.84544499 -0.65834091 -0.79174276  0.44217295 -0.99502208 -0.0640675
  0.17611025 -0.75100617 -0.50967346 -0.50967346]
log likelihood =  -3802.104461724083
Lr derivatives =  [-124.03369199614596, -158.8529740475026, -51.66506125064605]
other derivatives =  [  88.80786936   29.30772098 -114.68664616   50.06376432   19.10351463
   10.84785981   48.13970691]
Current x_clock array =  [-0.60488537 -0.62521811 -0.85954473  0.97800625 -2.93571758  0.00735089
 -0.14879633 -0.90444633 -0.10251256 -0.24998413]
log likelihood =  -3782.9685377621413
Lr derivatives =  [-29.878208842133542, -67.5684262257947, 53.39668487590218]
other derivatives =  [-3.22217764e+02 -2.38933994e+01  1.51635774e+02  3.64959724e+01
  2.91453698e-01  1.96662822e+01  6.18215790e+01]
Current x_clock array =  [-0.89078033 -0.71086345 -0.5176418   0.92046905 -3.36373182 -0.0127496
 -0.36654658 -0.55998265  0.         -0.04531826]
log likelihood =  -3732.911943042618
Lr derivatives =  [-28.86216125427703, -74.31841438084443, 13.333815075764278]
other derivatives =  [-92.65870767   5.161638   -20.05995429  37.43073876   5.49214599
  16.46554301  55.77845286]
Current x_clock array =  [-0.70470054 -0.68310005 -0.66655691  0.90628554 -3.27665041 -0.02003106
 -0.36371648 -0.61716741  0.         -0.11944621]
log likelihood =  -3723.161080997894
Lr derivatives =  [-12.573373530423511, -65.70627869984705, 11.119155974985766]
other derivatives =  [59.09585661  6.57314058 10.31060629 28.76679264  6.81503074 15.58870008
 50.34162768]
Current x_clock array =  [-0.62729544 -0.69250708 -0.63943078  0.85754538 -3.3213796  -0.04077414
 -0.45106639 -0.56382776  0.         -0.12582191]
log likelihood =  -3716.077559039725
Lr derivatives =  [1.4816963090204478, -56.75278154022832, 12.01787520872022]
other derivatives =  [60.25671064 -0.77482082 29.48444944 22.80545414  4.12750725 15.10880338
 44.68331645]
Current x_clock array =  [-0.62827718 -0.70755476 -0.61822297  0.81239157 -3.41085508 -0.06419744
 -0.55789635 -0.50022332  0.         -0.12261295]
log likelihood =  -3700.229851586815
Lr derivatives =  [40.37104070799042, -30.678003753767612, 13.822241900406883]
other derivatives =  [ 20.28949848  17.9179674  -11.60082411   7.59390605  -3.22696834
  11.78081448  23.62903706]
Current x_clock array =  [-0.65226621 -0.7066729  -0.64009295  0.6359578  -3.66310716 -0.18073598
 -0.97031235 -0.34807739  0.         -0.10938774]
log likelihood =  -3695.213212352147
Lr derivatives =  [2.2889406679448925, -53.80545762277947, -14.209681030742521]
other derivatives =  [ -7.05643561 -52.31074329  54.51339894  -2.2464119  -12.45572765
   7.45782972  12.38887601]
Current x_clock array =  [-0.66447191 -0.77724762 -0.59229246  0.50757022 -3.80951142 -0.29693244
 -1.30217468 -0.39990803  0.         -0.14081713]
log likelihood =  -3691.1366540266918
Lr derivatives =  [8.492633940782278, -49.59640514402598, -13.397991320622396]
other derivatives =  [ -3.15141142 -15.10602442  14.00386964  -4.25195731 -10.76090684
   6.46080525  10.06624349]
Current x_clock array =  [-0.663749   -0.73453315 -0.62468405  0.46671085 -3.78470138 -0.33463442
 -1.38634224 -0.40712365  0.         -0.13220123]
log likelihood =  -3688.8551986224898
Lr derivatives =  [5.5946391479378885, -50.41186720305855, -14.395291584151718]
other derivatives =  [-2.14213287 12.22614401 -7.96264158 -8.34595949 -8.10097276  4.869446
  7.32745253]
Current x_clock array =  [-0.66422594 -0.70300448 -0.64693337  0.40617352 -3.73337822 -0.40036495
 -1.52604239 -0.44302216  0.         -0.11523659]
log likelihood =  -3687.346551102644
Lr derivatives =  [0.5196241176226604, -50.874337177007135, -6.007672872755428]
other derivatives =  [ -1.03820321   9.21312267 -18.87682265 -11.18350883  -4.99497967
   3.83757106   5.8293693 ]
Current x_clock array =  [-0.66319701 -0.70312233 -0.66032311  0.36876502 -3.67752274 -0.46565156
 -1.66202927 -0.47865312  0.         -0.0775106 ]
log likelihood =  -3686.317232707397
Lr derivatives =  [-4.1345208890776615, -49.663140051106204, 21.53539237524246]
other derivatives =  [ -4.41671091  29.91358497  15.98123845 -11.95942878  -0.1824478
   2.49982168   3.90034393]
Current x_clock array =  [-0.6666657  -0.6803458  -0.63108155  0.37089255 -3.59420243 -0.58014635
 -1.89765916 -0.51156364  0.         -0.02992314]
log likelihood =  -3685.107991232395
Lr derivatives =  [-6.503501824816764, -52.3218949993125, 5.116038110211868]
other derivatives =  [  0.6420496    3.08916196   7.77462674 -10.92920502   0.65639741
   2.011574     3.32310351]
Current x_clock array =  [-0.66257636 -0.7070475  -0.63791182  0.39152386 -3.58195661 -0.60459849
 -1.94883659 -0.51017299  0.         -0.04597767]
log likelihood =  -3684.3364481860813
Lr derivatives =  [-2.441716150495619, -50.04752946646204, 0.6102666093463327]
other derivatives =  [  1.33222466 -10.93290439   7.14467978  -8.24989775   2.64400348
   1.36596873   2.36605532]
Current x_clock array =  [-0.66181489 -0.72382005 -0.63609866  0.43061307 -3.55955171 -0.66121733
 -2.06998672 -0.49678007  0.         -0.05188798]
log likelihood =  -3683.7280742845815
Lr derivatives =  [0.8509671409167847, -48.164452121665654, -4.3001542829485935]
other derivatives =  [  3.10084306 -11.30656437   7.60783132  -4.42560304   3.59606747
   0.67536575   1.33210443]
Current x_clock array =  [-0.66077443 -0.72605319 -0.63340289  0.4807159  -3.54664652 -0.73827934
 -2.23817667 -0.48818733  0.         -0.05862466]
log likelihood =  -3683.7397544566443
Lr derivatives =  [-3.0973741041168417, -48.590240707210654, 7.407214425542488]
other derivatives =  [-33.45755613 -14.04608201 -10.33633544   3.63206391   0.44384986
   0.32817707   0.71838186]
Current x_clock array =  [-0.67814336 -0.72784101 -0.64620039  0.55473541 -3.57082981 -0.82909975
 -2.43959189 -0.49953471  0.         -0.03998521]
log likelihood =  -3683.489150403309
Lr derivatives =  [-1.0085406393681087, -48.31648016451911, 0.7270845734433031]
other derivatives =  [-15.24436129 -12.64491266  -1.34115453  -0.48333641   2.03853893
   0.49040318   0.99667171]
Current x_clock array =  [-0.66936295 -0.72693722 -0.63973094  0.51731675 -3.55860457 -0.78318783
 -2.33777161 -0.49379833  0.         -0.04940791]
log likelihood =  -3683.22051953159
Lr derivatives =  [1.0720976218622678, -46.35222603802429, 1.5049404319669648]
other derivatives =  [ 4.19825665 -3.44850014 -0.43501768  1.76912317  0.64559722  0.16719287
  0.41707106]
Current x_clock array =  [-0.65928902 -0.71937969 -0.638079    0.54241875 -3.58149878 -0.85426986
 -2.50492463 -0.49018916  0.         -0.04682475]
log likelihood =  -3683.1757450609384
Lr derivatives =  [-0.07253412896758249, -46.985182101089045, -0.49254357966008655]
other derivatives =  [1.23457676 0.39065344 1.29074442 1.28695501 0.01390835 0.0746395
 0.28704952]
Current x_clock array =  [-0.6610066  -0.71498404 -0.63686721  0.53522967 -3.58969344 -0.87261737
 -2.55018561 -0.49290519  0.         -0.04831594]
log likelihood =  -3683.1544689038415
Lr derivatives =  [-0.7420796751474548, -47.02688571426488, 0.13797348268115783]
other derivatives =  [ 0.54538987  1.91403251  0.12291912  0.50841754 -0.11648237 -0.02379602
  0.17367845]
Current x_clock array =  [-0.6614399  -0.71305316 -0.63832258  0.52419562 -3.59180239 -0.89590269
 -2.60562764 -0.49639463  0.         -0.04603278]
log likelihood =  -3683.1470342619864
Lr derivatives =  [0.22996659807758668, -46.2541615191132, -0.2573592199362942]
other derivatives =  [-1.02690456  1.03918637  0.907502   -0.04834692  0.069276   -0.11515158
  0.06440706]
Current x_clock array =  [-0.66241448 -0.7142202  -0.63743833  0.51807399 -3.59275091 -0.91570323
 -2.65358351 -0.49353841  0.         -0.0459853 ]
log likelihood =  -3683.1455511541444
Lr derivatives =  [-0.004930730430299235, -46.32165957229198, 0.12415195558268977]
other derivatives =  [-0.06371647  0.23439497  0.05005859 -0.03347941  0.03682794 -0.12584496
  0.0530817 ]
Current x_clock array =  [-0.66182857 -0.71502268 -0.63826686  0.51790573 -3.59296464 -0.91918346
 -2.66250853 -0.49441115  0.         -0.04526106]
log likelihood =  -3683.1454623845334
Lr derivatives =  [0.008001489364415804, -46.32628003854083, 0.010111578895326545]
other derivatives =  [ 0.03071455  0.03021796 -0.03539253 -0.00606315  0.01647808 -0.12543069
  0.05135028]
Current x_clock array =  [-0.66176515 -0.71525667 -0.63832107  0.51825345 -3.59331009 -0.91901269
 -2.66266168 -0.49424761  0.         -0.04542632]
log likelihood =  -3683.1454182359666
Lr derivatives =  [-0.0004411267055832724, -46.33516267700164, -0.02843136712133898]
other derivatives =  [ 0.04325739 -0.07397375 -0.01951412  0.00403861 -0.00501766 -0.12345572
  0.05106696]
Current x_clock array =  [-0.66175207 -0.71537322 -0.63829907  0.5183684  -3.59363914 -0.91863312
 -2.66262557 -0.49417376  0.         -0.0454842 ]
log likelihood =  -3683.1453195100553
Lr derivatives =  [0.01734367076542398, -46.32865315756246, -0.07182888818512723]
other derivatives =  [ 0.05274705 -0.18434093 -0.04767298  0.00752061 -0.04619044 -0.11718703
  0.05101813]
Current x_clock array =  [-0.66174092 -0.71550827 -0.63830723  0.51836521 -3.59431115 -0.91735754
 -2.66235726 -0.49399118  0.         -0.0455655 ]
log likelihood =  -3683.1451093436694
Lr derivatives =  [-0.01754319599866072, -46.341282499045704, -0.0397894822415914]
other derivatives =  [ 0.05323045 -0.32700973  0.05732545  0.00930959 -0.1131447  -0.10495205
  0.0505598 ]
Current x_clock array =  [-0.66173257 -0.71566783 -0.63820943  0.51830409 -3.59526085 -0.91482145
 -2.66321483 -0.49390617  0.         -0.04553373]
log likelihood =  -3683.1446916689347
Lr derivatives =  [0.11095613101694113, -46.27023818276274, -0.16766249347762496]
other derivatives =  [ 0.01029139 -0.3351397  -0.2880015  -0.02684919 -0.20892662 -0.07454219
  0.04665751]
Current x_clock array =  [-0.66175614 -0.71572626 -0.63847251  0.5176899  -3.59674345 -0.90729189
 -2.6649266  -0.49343326  0.         -0.04578691]
log likelihood =  -3683.1441054086604
Lr derivatives =  [-0.021070224195868903, -46.316531487843335, -0.031224544120998843]
other derivatives =  [ 0.22312906 -0.35521134  0.15211936 -0.09059704 -0.26135379 -0.04543654
  0.04246021]
Current x_clock array =  [-0.66165671 -0.71571877 -0.63814419  0.51695636 -3.5971638  -0.89991726
 -2.67022967 -0.49375592  0.         -0.04557022]
log likelihood =  -3683.1434200373296
Lr derivatives =  [-0.13191816882024732, -46.329612277646206, 0.35413801753623986]
other derivatives =  [-0.59393369 -0.34723098  0.07756762 -0.11329757 -0.22720294 -0.00623822
  0.04007864]
Current x_clock array =  [-0.66208127 -0.7156051  -0.63824483  0.51652234 -3.59581004 -0.88912571
 -2.67693924 -0.49438678  0.         -0.04506357]
log likelihood =  -3683.1427295962876
Lr derivatives =  [0.016322458076620805, -46.21771747938424, 0.33503852962646263]
other derivatives =  [ 0.16986178  0.16042668  0.18194669 -0.1949802  -0.09305145  0.01020271
  0.02328142]
Current x_clock array =  [-0.66173938 -0.71509361 -0.63819969  0.51594052 -3.59361611 -0.88226366
 -2.68768999 -0.49458553  0.         -0.04506101]
log likelihood =  -3683.142439127745
Lr derivatives =  [-0.01516636783957992, -46.249841470172754, 0.17674394399434945]
other derivatives =  [ 0.04528738  0.21499591  0.03300147 -0.15721344 -0.02139404  0.00088176
  0.01690051]
Current x_clock array =  [-0.6617997  -0.71500104 -0.63833523  0.51650703 -3.59227251 -0.88294736
 -2.69081161 -0.49485646  0.         -0.04523099]
log likelihood =  -3683.142218774663
Lr derivatives =  [-0.0006070244716198658, -46.247005611580335, 0.08115762615095434]
other derivatives =  [ 0.04003277  0.14630677 -0.12262581 -0.05096445  0.02764981 -0.00420641
  0.00815074]
Current x_clock array =  [-0.66178574 -0.71507554 -0.63843877  0.51787199 -3.59124627 -0.88278635
 -2.69543038 -0.49493205  0.         -0.04535321]
log likelihood =  -3683.142310380347
Lr derivatives =  [0.0009429390765340884, -46.278341370317335, -0.3077372626631032]
other derivatives =  [-0.38270036  0.1428939   0.29223565 -0.00681393  0.01188572 -0.00106229
 -0.00115614]
Current x_clock array =  [-0.66201659 -0.71508617 -0.63803166  0.51860423 -3.59134871 -0.88063169
 -2.69905142 -0.49465445  0.         -0.04588579]
log likelihood =  -3683.142188352431
Lr derivatives =  [-7.363246068337048e-05, -46.25742918954029, -0.04880021093483222]
other derivatives =  [-0.10072108  0.14517445  0.01538274 -0.03627065  0.02240611 -0.0031614
  0.0050464 ]
Current x_clock array =  [-0.66186258 -0.71507908 -0.63830326  0.51811572 -3.59128037 -0.88206915
 -2.69663569 -0.49483965  0.         -0.04553048]
log likelihood =  -3683.1421579201915
Lr derivatives =  [-0.004078119749411968, -46.25607521891949, -0.03184294676167099]
other derivatives =  [-0.01504895  0.03398691 -0.01402532 -0.00099863  0.01671686 -0.00018235
  0.00287393]
Current x_clock array =  [-0.66180757 -0.71520406 -0.63831823  0.51854187 -3.59127442 -0.88120226
 -2.69816715 -0.4948333   0.         -0.04551336]
log likelihood =  -3683.142154195039
Lr derivatives =  [-0.0008341624552770099, -46.25071311596547, -0.010414158245012572]
other derivatives =  [ 0.0076343  -0.00232149 -0.00057616  0.0044065   0.00870484  0.00151931
  0.0024701 ]
Current x_clock array =  [-0.66179383 -0.71524786 -0.63830236  0.51859737 -3.59139658 -0.88088012
 -2.6985461  -0.49480261  0.         -0.04548808]
      fun: 3683.142154195039
 hess_inv: <10x10 LbfgsInvHessProduct with dtype=float64>
      jac: array([ 7.63429853e-03, -2.32148523e-03, -5.76164894e-04,  4.40650183e-03,
        8.70483542e-03,  1.51931090e-03,  2.47010295e-03, -8.34162455e-04,
       -4.62507131e+01, -1.04141582e-02])
  message: 'CONVERGENCE: REL_REDUCTION_OF_F_<=_FACTR*EPSMCH'
     nfev: 37
      nit: 34
     njev: 37
   status: 0
  success: True
        x: array([-0.66179383, -0.71524786, -0.63830236,  0.51859737, -3.59139658,
       -0.88088012, -2.6985461 , -0.49480261,  0.        , -0.04548808])
