number of sites to be analyzed:  892
log likelihood =  -21366.961142600845
Edge derivatives =  [189.56210492537824, 38.95597674517064, 31.13377192304967, 13.639035705560252, -109.64063091227855, -97.25830800441865, 199.14321834206766, 211.80514147069692, -2.7877859971081347, -12.213912947409115, -100.85050022422914, 15.389740667917149, -34.13617616078216, -36.07873210758457, 73.5692680019909, 149.09600434057975]
other derivatives: [ -260.43526304   178.26569092  -330.66426113   465.25747166
 -1705.4440832    -57.93735909  -262.81668397]
Current x array =  [-0.68106304 -0.80226695 -0.60163169  0.18232156 -0.10536052  0.
  0.33647224 -2.30258509 -2.30258509 -2.30258509 -2.30258509 -2.30258509
 -2.30258509 -2.30258509 -2.30258509 -2.30258509 -2.30258509 -2.30258509
 -2.30258509 -2.30258509 -2.30258509 -2.30258509 -2.30258509]
log likelihood =  -19949.994023846357
Edge derivatives =  [170.28555040897103, 50.83759888440172, 61.063140236368284, 43.99154807681896, -74.47623199933268, -56.56996910031437, 223.4241356843811, 223.5492905875474, 9.302041207101277, 8.217422177289226, -63.454004648348516, 44.52806447755104, -24.802320216757742, -27.054777828354315, 96.71526721108215, 166.72205140944868]
other derivatives: [  476.14630603   169.90197764   152.73508325   356.72201193
 -1117.23529699   -65.1958544   -168.38712327]
Current x array =  [-0.82677967 -0.80184605 -0.78664228  0.18781466 -1.05957677 -0.03241664
  0.18942317 -2.29905872 -2.28078876 -2.29905872 -2.29905872 -2.36393033
 -2.35700227 -2.29905872 -2.29905872 -2.30414489 -2.30941892 -2.35901215
 -2.29905872 -2.32168469 -2.32277157 -2.29905872 -2.29905872]
log likelihood =  -20460.89986226582
Edge derivatives =  [152.3870997855855, 59.45439595128481, 71.51870561681305, 47.43135254773051, -35.29805430558826, -19.93544653374888, 208.82718925976621, 220.96710193902797, 18.884637908551326, 45.190486533171146, -22.35823943426927, 79.88181322367126, -11.936666398105983, -12.217992784236953, 106.50803286820143, 175.9326710538625]
other derivatives: [-1.09592831e+04 -3.00451211e+02 -8.83483153e+01 -9.95278242e+00
  2.51374149e+02 -6.48564310e+01  8.10177880e+00]
Current x array =  [-0.20137735 -0.69347201 -0.6952207   0.34620048 -3.55058171 -0.15940489
 -0.18856749 -2.19269131 -2.1845165  -2.2231591  -2.23431562 -2.52819583
 -2.48794991 -2.11848295 -2.12942853 -2.29091068 -2.30203635 -2.50225263
 -2.23502156 -2.37533879 -2.38078687 -2.20505062 -2.16263014]
log likelihood =  -19049.306439792956
Edge derivatives =  [154.64522411681912, 59.10318322198213, 75.03185494749071, 54.78617746016019, -47.94056063097464, -30.37435637283707, 219.60761234640958, 223.35428512418753, 17.132575660972, 27.34222902911813, -35.03273637324576, 61.3196547757827, -17.709843943389615, -18.609987052777484, 104.86998758103468, 171.49831205832427]
other derivatives: [-1300.67273858    10.70802682    64.2692612    213.20520318
  -305.86779758   -70.52767614   -98.35202945]
Current x array =  [-0.52815836 -0.75009888 -0.74298969  0.26344179 -2.2489986  -0.09305185
  0.00893765 -2.24826969 -2.23482003 -2.26281766 -2.26814475 -2.44236493
 -2.41952803 -2.21283618 -2.21806256 -2.29782573 -2.30589384 -2.42740758
 -2.26848183 -2.34730381 -2.35047311 -2.2541711  -2.23391588]
log likelihood =  -18796.558105727618
Edge derivatives =  [163.42445914547724, 68.12598550443066, 95.21845121502759, 69.86604464716092, -20.909328595890923, -6.8701973122073765, 222.44207210970222, 222.16253126347445, 31.24466449731651, 54.07861336340982, -10.401560754501997, 78.36364175820695, -4.734878257974155, -5.125079420419268, 118.68294744791613, 177.55000374168372]
other derivatives: [707.93576015 -14.7796527    7.19446689  62.2090738   91.43514035
 -66.42185326 -78.67602108]
Current x array =  [-0.84522325 -0.73114578 -0.65280442  0.35040075 -3.01789629 -0.15828612
 -0.1291825  -2.1706459  -2.18249313 -2.21005015 -2.22548163 -2.50503707
 -2.46519518 -2.08480955 -2.09351264 -2.28602169 -2.29075181 -2.47868038
 -2.22350531 -2.3688063  -2.37358037 -2.18792065 -2.13465661]
log likelihood =  -18695.328284434057
Edge derivatives =  [158.05580709599727, 65.85849409622848, 91.14713545164025, 64.61205521031607, -21.61794402390535, -8.245332158373698, 208.88984266617967, 211.17316363073027, 30.098516652420358, 52.22598884137082, -11.47315417409459, 74.61553066032953, -5.114301375993897, -5.183833054391714, 111.24121960027351, 168.9037169339533]
other derivatives: [345.71348806 -35.3618816  -40.2709702   72.60387065  95.06038623
 -67.87777238 -80.75112419]
Current x array =  [-0.75832486 -0.72976015 -0.63583885  0.37967795 -3.04340362 -0.17699157
 -0.15343811 -2.12751828 -2.16448135 -2.18562414 -2.2073795  -2.51347759
 -2.46934494 -2.02460481 -2.03344351 -2.27865548 -2.27838316 -2.48402496
 -2.20343848 -2.3713281  -2.37630113 -2.15672578 -2.0871044 ]
log likelihood =  -18532.236070268606
Edge derivatives =  [136.6075012519284, 55.193193862077656, 74.35258153303984, 43.990742655285295, -21.884950584186104, -11.6242697232654, 148.18078042865827, 158.36228104187404, 26.802799872318158, 47.756528807817624, -14.31678745384028, 62.106248181935484, -4.532182278774796, -3.8488309705431876, 80.9666409407804, 129.2742634753144]
other derivatives: [-1034.28574221  -115.0976459   -152.68160496    37.72620403
   113.54568414   -73.60249583   -85.63220035]
Current x array =  [-0.56284255 -0.74345147 -0.59508029  0.5147683  -3.13652148 -0.26572837
 -0.26703012 -1.93133139 -2.0815961  -2.07375247 -2.12625704 -2.5520335
 -2.48849598 -1.75551071 -1.76316359 -2.24439493 -2.22066364 -2.50849376
 -2.11174624 -2.3827773  -2.38838399 -2.01676588 -1.87255189]
log likelihood =  -18403.896249278805
Edge derivatives =  [129.85883945035107, 51.27898588675368, 70.19483782720188, 38.045426396147064, -18.43145932093016, -9.948596183154207, 119.73705048627997, 131.32512325083528, 28.0092859912372, 49.76191265944119, -12.811080624476183, 58.08448761547398, -1.9409648970360907, -1.0532741221971778, 69.75233074274755, 110.15016655399411]
other derivatives: [-721.93106462 -103.71550161 -149.71665223    4.90181264  118.47150745
  -76.27386367  -93.28141459]
Current x array =  [-0.60038551 -0.76241355 -0.57447084  0.57895083 -3.16019936 -0.31616811
 -0.32795692 -1.824246   -2.03622235 -2.01223716 -2.08250289 -2.57214973
 -2.49809993 -1.61177327 -1.61811323 -2.22510397 -2.18790254 -2.52106215
 -2.06094002 -2.38859204 -2.39446589 -1.94136835 -1.75680468]
log likelihood =  -18107.465432818863
Edge derivatives =  [59.87202334338426, 17.009672400254807, 22.249228487351896, -8.908065771259317, -9.942031203307923, -9.232824187173382, -90.4403027189058, -70.7910736860193, 28.2959250328621, 47.34727014865753, -16.24458053618022, 16.440349798912823, 8.076484888494685, 10.093992413508674, -14.385392930960663, -53.6451977124679]
other derivatives: [-176.69990484    1.61599019  -55.45080057 -142.81322365   25.84201866
  -97.70519682 -115.15912774]
Current x array =  [-0.69229881 -0.89852911 -0.51008195  0.93532475 -3.1092276  -0.63932266
 -0.71129402 -1.14559621 -1.75632338 -1.62733789 -1.81674445 -2.68545993
 -2.54943657 -0.74343632 -0.73558596 -2.09924318 -1.97257134 -2.5905247
 -1.74422803 -2.41806153 -2.42475122 -1.48048602 -1.04887538]
log likelihood =  -18035.631490356984
Edge derivatives =  [40.18692037050537, 11.589402316101099, 19.75958867607385, -5.293399948579683, -10.142009560766484, -7.810931369442249, -50.59041833785136, -41.14436683612441, 25.23358889366421, 42.60439333232201, -12.281071957513197, 25.014230573468986, 8.713602492607087, 9.997627646356925, -0.49815474618957356, -18.690871302117518]
other derivatives: [-23.99501682  -0.26157068 162.0133844  -59.26231097  28.769864
 -64.45370673 -61.5746103 ]
Current x array =  [-0.724187   -0.88180877 -0.56355634  0.73604174 -3.10441809 -0.76576753
 -0.86273151 -1.07732118 -1.73721904 -1.60286361 -1.83164942 -2.69782713
 -2.56147758 -0.87847931 -0.84547123 -2.06299517 -1.91237488 -2.61193375
 -1.72675975 -2.40696647 -2.41103863 -1.50645618 -1.13253986]
log likelihood =  -18015.38460126655
Edge derivatives =  [11.436184479599959, 6.717910870493271, 16.19514010856196, -1.1150893174212557, -5.606531584831455, -4.695872397055067, -7.49932281510635, -0.6020754625420508, 23.09767332803406, 41.65600256455866, -5.063702590843566, 18.838188786905746, 11.680235961718289, 14.02006940174073, 16.215540257736897, 16.704497937051663]
other derivatives: [  96.3522325     2.6269845  -484.51838666  113.32595022  -15.62948455
  -22.78611646   -1.25182851]
Current x array =  [-0.77710873 -0.87188239 -0.44773212  0.47877903 -3.07235372 -1.02502932
 -1.15770326 -0.87381628 -1.67199571 -1.51067321 -1.82851108 -2.73705256
 -2.59135516 -1.00478003 -0.92870959 -1.97727231 -1.76851265 -2.65994399
 -1.64414935 -2.38668959 -2.38619697 -1.4889693  -1.17784118]
log likelihood =  -17989.708061053396
Edge derivatives =  [-6.705291926678646, -0.10116312263632754, 7.831923207043265, -6.137373765810204, -8.337571798730654, -6.208337202836614, -22.0166573012814, -20.515221202145153, 20.233671502875563, 32.328217043624214, -7.307600671660951, 17.981443376961263, 11.0980656295404, 12.472508172177225, 4.914181619014957, 0.32245894777102974]
other derivatives: [ 67.37900549  -2.53712642  55.76148396  69.36097634  -9.68902896
 -22.4528776   -2.1966116 ]
Current x array =  [-0.7635321  -0.87877384 -0.53803077  0.51885488 -3.08397797 -1.05636561
 -1.18869932 -0.82563473 -1.65074498 -1.48041836 -1.81090069 -2.74707464
 -2.59665715 -0.95325541 -0.87440781 -1.96255591 -1.74308948 -2.66701023
 -1.61783729 -2.38605194 -2.38506552 -1.45529763 -1.1302302 ]
log likelihood =  -17986.854464172753
Edge derivatives =  [-7.628228408294144, -0.3196764985963604, 7.017784074539341, -6.541947454815488, -8.208542956728083, -6.287040717170357, -25.037462152307494, -22.775792863054736, 20.026075794422944, 31.50158275099482, -7.426311411636295, 15.728585525661655, 11.077808575926303, 12.59660733666305, 2.9787665195281416, -3.200822338097756]
other derivatives: [ 24.62729753  -8.66457412  33.16163202  59.39691619  -0.57189027
 -22.22550393  -2.56259227]
Current x array =  [-0.75537065 -0.88053938 -0.53127041  0.54271018 -3.10981065 -1.06887245
 -1.20011395 -0.81291815 -1.64442786 -1.47062657 -1.8066058  -2.75271508
 -2.60032952 -0.94021322 -0.86075387 -1.95556085 -1.73166285 -2.67140243
 -1.60724559 -2.38473427 -2.38348891 -1.44453798 -1.11554504]
log likelihood =  -17979.378385810203
Edge derivatives =  [-13.95763654541738, -1.3402498513419714, 4.887402673941315, -6.2799204670065905, -8.110362914315363, -6.484011902525545, -20.696456226489303, -17.010798884276745, 17.84611887278225, 24.995084566397438, -7.002101424217607, 8.205004559309367, 10.59732759789526, 12.448667053992637, 0.14193880583349824, -5.465675575775358]
other derivatives: [-57.53536243  -7.52406777 -21.80895535  36.72175808  13.83086783
 -15.30934242   1.98779162]
Current x array =  [-0.73961485 -0.89115615 -0.51545911  0.59926931 -3.15505644 -1.14426668
 -1.26360937 -0.76514131 -1.6230636  -1.43344885 -1.80219171 -2.77520048
 -2.61633101 -0.94903232 -0.86039832 -1.91534909 -1.66636589 -2.6920642
 -1.56438817 -2.3712399  -2.36763249 -1.4184092  -1.09458315]
log likelihood =  -17973.783839659834
Edge derivatives =  [-18.906848266665012, -1.6900661140468498, 3.7486744637405045, -5.070953719675499, -8.55377552766738, -6.8089801485762935, -8.513163747116517, -4.193909507887449, 14.515371627630502, 15.06612764134773, -6.424805340873303, 1.3246344110960815, 9.358484711997617, 11.353794063508433, -0.716694837599928, -2.6943971539041]
other derivatives: [-72.09564501  -1.74914021 -33.27259037   9.67593223  13.0461558
  -7.24612619   6.18274498]
Current x array =  [-0.7348493  -0.8986929  -0.50941011  0.65468403 -3.15371899 -1.22193534
 -1.31652725 -0.73915865 -1.60914606 -1.40166407 -1.80784509 -2.79784182
 -2.63332899 -0.9908895  -0.89019652 -1.86710243 -1.59116129 -2.71353669
 -1.52490962 -2.3500103  -2.34280014 -1.40372979 -1.09452455]
log likelihood =  -17969.092695619605
Edge derivatives =  [-14.783096786196438, 0.580695574128256, 3.3608884812464783, -3.564801523675848, -9.278564436262979, -6.702425112019943, 3.3537407654231757, 5.719991627008591, 8.902773626576172, 1.4071568599926652, -5.678995241959221, -2.1899434240373825, 6.237657913996809, 7.986712372435032, -0.39756425861419475, 0.8150212703841347]
other derivatives: [-23.09534466 -26.79335012  -7.98463589 -11.706652     5.00622264
  -1.93758751   4.83123586]
Current x array =  [-0.74253166 -0.88569102 -0.5124215   0.68485935 -3.12299076 -1.28193165
 -1.32563401 -0.78687327 -1.60895027 -1.37541616 -1.82808819 -2.83445603
 -2.66185955 -1.03845241 -0.91887147 -1.80007213 -1.5133764  -2.74267456
 -1.50307915 -2.31053399 -2.29558655 -1.4014461  -1.10507746]
log likelihood =  -17967.297188557503
Edge derivatives =  [-7.084254755134857, 3.6281079246742403, 3.6025116458796074, -2.0218374698559747, -9.194154467678135, -5.904315335506689, 9.005464316154022, 9.920315813884363, 4.109352571834003, -7.331390642593751, -4.723065350378051, -3.450559006551488, 3.450830477808275, 4.876371339301077, 0.0880760052086455, 2.8975295819988642]
other derivatives: [ 23.29616109  35.35133146  12.91191438 -15.27187123  -4.97311703
   0.63300831   1.13504939]
Current x array =  [-0.74841827 -0.91252685 -0.51591863  0.68977587 -3.09640397 -1.3226904
 -1.31999533 -0.84608057 -1.60863189 -1.35252562 -1.84722246 -2.87396893
 -2.69170975 -1.06097077 -0.92523099 -1.74070477 -1.45968088 -2.77098297
 -1.49229679 -2.27357062 -2.25059047 -1.39969719 -1.1083121 ]
log likelihood =  -17966.19352387431
Edge derivatives =  [-5.272113431726317, 4.410063494487275, 2.4669982185216175, -2.2986419872343125, -9.19137139789442, -5.616895513025474, 7.935626367627478, 7.1042775547564485, 1.8880394481697058, -10.46140952538972, -4.490802796907622, -3.0427192655398203, 2.066870763033382, 3.2946850603608513, -0.269269825835292, 2.071453687435989]
other derivatives: [18.29248504  6.27042027 13.75738066 -7.38327799 -7.67904567  0.97752491
 -0.37325663]
Current x array =  [-0.74934465 -0.89782517 -0.51715004  0.67348137 -3.08972849 -1.3347215
 -1.31598168 -0.8741932  -1.60671887 -1.34253866 -1.85483638 -2.8937223
 -2.70609269 -1.06048297 -0.9179007  -1.71754896 -1.44691903 -2.78388673
 -1.49283725 -2.25841875 -2.23162902 -1.39943101 -1.10741335]
log likelihood =  -17965.200334861787
Edge derivatives =  [1.163737494262949, 6.356894781938287, 2.1350766010464786, -2.3401234073344073, -8.31325007762864, -4.49537486341757, 1.2130436644462397, -1.6076947232793923, -0.053373317338953535, -9.232469050111709, -3.9315734665404114, -0.9934695123455681, 0.3398936008988601, 1.2987644280053858, -0.8376166503554734, -1.3972880650689508]
other derivatives: [ 36.68828867 -14.60721251   2.28501449  -4.12837835  -0.71122486
  -0.47075446  -5.0116796 ]
Current x array =  [-0.75444556 -0.88720623 -0.51510964  0.66319152 -3.10591805 -1.33528806
 -1.29763667 -0.9240377  -1.6003797  -1.32979155 -1.86510396 -2.92950376
 -2.73060323 -1.0346224  -0.88719316 -1.69067405 -1.45156815 -2.80422213
 -1.50019555 -2.2388254  -2.20602482 -1.39676745 -1.095256  ]
log likelihood =  -17965.86398389822
Edge derivatives =  [3.6278601454718395, 7.694809809121748, -0.31939455418502155, -2.346588131862683, -7.435491911361895, -3.111332186013457, 1.2551389577638408, -3.536765978105818, -4.923685455718442, -10.282228207347584, -2.74129634697931, 1.6360158633839552, -2.816013455279512, -2.3656123459643292, 0.46708559457495535, 1.1629093478717158]
other derivatives: [-96.91284504 -17.86647772   1.04264473  27.3968908   -4.47289494
   1.11103873  -4.85451892]
Current x array =  [-0.73075349 -0.88697039 -0.52034728  0.61791926 -3.09872455 -1.36280166
 -1.30172382 -0.98567444 -1.58406338 -1.30755386 -1.8895948  -2.98987147
 -2.77152831 -1.0425926  -0.88637572 -1.64266017 -1.44830018 -2.84079183
 -1.50689068 -2.20576756 -2.16266115 -1.40363462 -1.10589917]
log likelihood =  -17964.80002637666
Edge derivatives =  [2.110287396290829, 6.868205541524054, 1.227051378631684, -2.3472962127697254, -7.969094114045308, -3.958032337650437, 1.2216213315306834, -2.340943961822611, -1.869779755138699, -9.637762621693593, -3.4734412680348603, 0.011491986956697176, -0.8487735325359074, -0.07657495599600891, -0.33978594914550575, -0.42599824251844165]
other derivatives: [-12.93119567 -15.81211109   1.853914     7.78090907  -2.11402948
   0.14697434  -4.96656867]
Current x array =  [-0.74542194 -0.8871164  -0.51710451  0.64594864 -3.10317825 -1.34576719
 -1.29919335 -0.94751334 -1.59416529 -1.32132186 -1.87443181 -2.95249607
 -2.7461904  -1.03765802 -0.88688182 -1.67238696 -1.45032348 -2.81815046
 -1.50274553 -2.22623463 -2.18950886 -1.39938295 -1.09930967]
log likelihood =  -17964.50042013486
Edge derivatives =  [2.699242724669624, 7.021968599677855, 1.045051024274967, -2.239692283925197, -7.4831972706177545, -3.496399304295227, -0.1401044126768659, -3.6295885582116583, -2.1499225082504365, -8.256249686888488, -3.1658247219617364, 0.1929898180780738, -1.1128012181337998, -0.38339998525307467, -0.40217212401319785, -0.9890300667022499]
other derivatives: [-11.65171852  -6.00266503  -1.44100341   6.99510565   1.77424226
   0.34015102  -5.03750925]
Current x array =  [-0.74544438 -0.89222425 -0.5159704   0.64794491 -3.11399694 -1.35226434
 -1.30470186 -0.95136281 -1.58665772 -1.31425794 -1.87691001 -2.96660394
 -2.75508775 -1.03017908 -0.87946768 -1.66461831 -1.45245974 -2.82626674
 -1.50115881 -2.22173044 -2.18311497 -1.39647598 -1.09452992]
log likelihood =  -17963.888657994867
Edge derivatives =  [2.081441661151484, 6.725982287881734, 0.1481244061373307, -1.957835942530746, -6.168022286214632, -2.280212939448349, -1.5101996574927496, -4.384628310952987, -2.7963419920531383, -4.271043682660478, -2.285764789725904, 0.6171676250933168, -1.7456599818420844, -1.1648862445301045, -0.11279994042733069, -1.0473116531425213]
other derivatives: [-9.33177944  6.64076651 -4.11528163  3.7416612   6.82521204  1.48284016
 -3.42733983]
Current x array =  [-0.74539852 -0.89904981 -0.51452549  0.65490745 -3.12792385 -1.3710352
 -1.32684204 -0.95599898 -1.56057547 -1.2958858  -1.88625078 -3.00835668
 -2.77994831 -1.01984133 -0.87231419 -1.64706154 -1.46197205 -2.84936162
 -1.49599883 -2.21163543 -2.16760475 -1.39109035 -1.08795222]
log likelihood =  -17963.28005071186
Edge derivatives =  [0.9128708443629923, 6.130708393638871, -0.6844508586164821, -1.3186926918016524, -4.309179822437103, -0.5610754254857366, -1.1451807512180445, -2.508467998965649, -3.1824682952473493, 2.0481105192421527, -1.0209983921723729, 1.3180777563842438, -2.427217735061764, -2.0670497137868087, 1.0622180932166765, 0.49253277999002787]
other derivatives: [ -2.21189111  12.11083145 -32.42239472   2.74085323   4.84797056
   2.82016117  -0.68939698]
Current x array =  [-0.7467445  -0.90106401 -0.50920641  0.6596899  -3.12330708 -1.38748707
 -1.35414219 -0.9679015  -1.51806397 -1.27660314 -1.90455669 -3.07142259
 -2.81457737 -1.01610839 -0.8773182  -1.63108906 -1.48139459 -2.88162361
 -1.49131804 -2.20163731 -2.14959311 -1.38835313 -1.08695295]
log likelihood =  -17963.313134509175
Edge derivatives =  [-3.9150523208752674, 3.1233945269630072, -3.516640203023966, -1.2509430639836074, -2.2305838170970436, 1.6182168112168933, -2.72173558873411, -3.2111421591947025, -4.0648786282686915, 9.637162688607258, 0.2983374859503429, 3.1573886061742966, -3.3696903926712576, -3.662533981365942, 0.8504184917016034, 0.06369540196596588]
other derivatives: [ 8.28440534  7.85585144 58.15600161 -7.07805157  6.3686457   4.10509529
  2.98314262]
Current x array =  [-0.74681081 -0.89877908 -0.52570936  0.66961217 -3.1220817  -1.40478241
 -1.3938092  -0.98142159 -1.44963315 -1.24981581 -1.93051545 -3.1662671
 -2.86450267 -1.00346651 -0.88004817 -1.61482241 -1.51369513 -2.92832923
 -1.48412828 -2.19188472 -2.12826678 -1.38182531 -1.08084216]
log likelihood =  -17962.96314640581
Edge derivatives =  [-1.4364753671926007, 4.728364118394494, -2.021685070629351, -1.2701783275632084, -3.2618562624038994, 0.5175915433221914, -1.879427506868877, -2.829102149858689, -3.595197438480708, 5.7662710877120835, -0.3656153871965477, 2.2337482726944327, -2.8804556358984867, -2.8348448143939207, 0.9708520187424282, 0.2991813607294825]
other derivatives: [ 2.92784534 10.08738764 12.21851562 -2.03290256  5.61558409  3.45316948
  1.14741852]
Current x array =  [-0.74677673 -0.89995346 -0.51722738  0.66451245 -3.12271151 -1.39589316
 -1.37342164 -0.9744727  -1.48480438 -1.26358363 -1.91717348 -3.11752008
 -2.83884267 -1.00996402 -0.87864506 -1.62318294 -1.4970937  -2.90432405
 -1.48782359 -2.19689724 -2.13922782 -1.3851804  -1.08398291]
log likelihood =  -17962.763788142547
Edge derivatives =  [-2.312018884875715, 4.24032113198064, -2.0899655277991815, -1.0367997885279763, -2.8758158566162346, 0.8598040873304572, -0.47502892566811294, -0.7404713772134115, -3.3856413196117527, 6.9566228211424805, -0.11189088731831036, 2.1011200119117275, -2.8650637794896423, -2.8786364968568496, 1.3123456559506885, 1.159225455424332]
other derivatives: [ 2.75176717  2.94021447  1.55450834 -2.20607035  0.99826138  3.64816515
  2.09547579]
Current x array =  [-0.74690305 -0.89588108 -0.51569368  0.66579863 -3.11008111 -1.39484856
 -1.37900631 -0.97830321 -1.47002815 -1.26251911 -1.9240802  -3.13522578
 -2.84640014 -1.01514472 -0.88833991 -1.62493284 -1.50187095 -2.91181272
 -1.48632896 -2.19783528 -2.13816842 -1.38602247 -1.08719357]
log likelihood =  -17962.56954575642
Edge derivatives =  [-2.7768775288178693, 3.686241333369866, -1.9212233171761097, -0.8330851248124891, -2.677948588291147, 1.0126718737096214, 0.41932112201834637, 0.6694962249152789, -2.952267820151481, 6.7850221947380644, -0.059252797121445475, 1.5314484724907176, -2.63360957375871, -2.7036668045234107, 1.0366646063537308, 1.0627942765840774]
other derivatives: [ 1.46828825 -4.40450094 -2.10784492 -2.24208634 -3.04426067  3.25817382
  2.20607035]
Current x array =  [-0.74676408 -0.89182876 -0.51550313  0.66608639 -3.09881298 -1.3877447
 -1.37916939 -0.98503688 -1.45405168 -1.26482649 -1.93079606 -3.15206096
 -2.85120802 -1.01876388 -0.8964264  -1.63119    -1.50070509 -2.91740615
 -1.48391745 -2.20207432 -2.14087547 -1.38571404 -1.08844854]
log likelihood =  -17962.209516321902
Edge derivatives =  [-3.036780496078249, 2.420531769952784, -1.414632631546168, -0.3978866553236793, -2.2830441430365487, 1.3210882647363942, 0.8909265687429165, 2.080778904094755, -1.911260183924728, 5.503068275572914, 0.0045362998530264625, -0.04821135022961354, -1.9706810013710672, -2.1537419130760993, -0.07515514884957203, -0.17046533835092467]
other derivatives: [ -2.58623913 -10.85863914  -5.34091669  -2.26064003  -7.10533641
   1.99834176   1.59307092]
Current x array =  [-0.74600827 -0.88825571 -0.51546918  0.66648007 -3.08736477 -1.37166779
 -1.3787547  -1.00201374 -1.4148896  -1.26867673 -1.94497603 -3.19362898
 -2.86226004 -1.01978539 -0.90589819 -1.64470563 -1.49087057 -2.9312782
 -1.47674378 -2.21252375 -2.14785388 -1.38210093 -1.08647792]
log likelihood =  -17961.868547587386
Edge derivatives =  [-1.4731088827928163, 0.7155954702805881, -0.2598319638485347, 0.6699520394579945, -1.698443553689531, 1.992720722764666, 2.6785794256756232, 4.076659538670088, -1.0283864130856009, 1.3703528862772412, 0.5038755758621002, -1.2874155106668432, -1.1738510755651204, -1.6485686937713224, -0.38429972325606965, 0.38274459541759676]
other derivatives: [16.59100235 -3.45899025  0.41400199  4.64569894 -9.56497388  0.37907739
  0.16407284]
Current x array =  [-0.74967782 -0.88945676 -0.51736226  0.65162323 -3.0794537  -1.35426329
 -1.37969983 -1.044114   -1.34877909 -1.27050979 -1.97089161 -3.27296259
 -2.88397617 -1.02363001 -0.91606031 -1.65572841 -1.46032686 -2.96004448
 -1.46778707 -2.22405261 -2.15259685 -1.37913927 -1.0884508 ]
log likelihood =  -17961.8065112267
Edge derivatives =  [-2.21334774610548, -2.3220541492018687, 0.15498815918512107, 0.7666757847609237, -1.1882962031294408, 2.2546092455349487, -1.3233291902288495, 1.4810885995855967, 1.2732478022787128, -1.42545794945964, 0.47538141162637076, -4.168072906666303, 0.4289121302962535, 0.01398400727152576, -2.785851694601182, -3.489208699178321]
other derivatives: [-21.01805876 -16.47422323  -9.17425496  -3.85734893  -0.72213879
  -2.03472155  -1.08411768]
Current x array =  [-0.74241053 -0.88690135 -0.51435061  0.66975165 -3.10164165 -1.33373643
 -1.38829075 -1.05806882 -1.28115559 -1.27140396 -1.98520926 -3.34198697
 -2.89607143 -1.00560309 -0.90748509 -1.67933179 -1.43736548 -2.9812225
 -1.45497599 -2.2458819  -2.1707297  -1.36772973 -1.07514349]
log likelihood =  -17961.58114652917
Edge derivatives =  [-1.2913110207014065, -0.41968039422337877, 0.03944442947480972, 0.6696570517089464, -1.4960294177215594, 2.0569158900504174, -0.02337204148142838, 1.577063339810081, 0.10699163179916363, -0.49288705029048496, 0.5172128461005767, -2.176580326077965, -0.27792547374910115, -0.6770814692536946, -1.2410911200235117, -1.2428721760912504]
other derivatives: [-2.01180228 -3.10537871 -1.50030246  0.18699211 -1.38934411 -0.78180165
 -0.64246706]
Current x array =  [-0.7458332  -0.89183051 -0.51602773  0.66083535 -3.10018274 -1.34643744
 -1.38444085 -1.05078676 -1.31836254 -1.27021752 -1.97509635 -3.30533146
 -2.88626936 -1.01157508 -0.90506472 -1.66621944 -1.44495283 -2.96882689
 -1.46340861 -2.23510827 -2.16272939 -1.37382755 -1.08147466]
log likelihood =  -17961.55966040062
Edge derivatives =  [-0.9710286307542264, -0.22640245747818677, 0.09265309035880989, 0.67361551856302, -1.4980851322264128, 2.058847557397957, -0.11931604757951013, 1.1373381608721855, 0.04962557368961941, -0.5675593653985301, 0.5795620092806492, -1.670553790153355, -0.26319228690385443, -0.6495743135777308, -0.858583818241917, -0.7690439422198089]
other derivatives: [ 1.76296453  0.19899744  0.42055035  0.35506673 -0.102591   -0.67338988
 -0.61336323]
Current x array =  [-0.7464436  -0.89332884 -0.51625191  0.66008431 -3.10334901 -1.34827851
 -1.38508157 -1.05176919 -1.31991515 -1.26962304 -1.97395654 -3.30555121
 -2.88438773 -1.01104036 -0.90234088 -1.6649232  -1.44380214 -2.9682601
 -1.46521328 -2.23472273 -2.16275316 -1.37472069 -1.08228374]
log likelihood =  -17961.53994115822
Edge derivatives =  [-0.6473662152453858, -0.13782214859124775, 0.10836524389239544, 0.6693300909772691, -1.451687485424088, 2.0944559181941593, -0.2620588473780178, 0.5344357382627438, 0.010770562965909947, -0.6678933829273646, 0.6970850427649355, -0.9426084670304649, -0.20717618265822707, -0.5779486554752457, -0.3154843584691964, -0.07700270480796853]
other derivatives: [ 0.83455234  3.27781891  1.70548446  0.94660209  1.15906005 -0.56461431
 -0.47839421]
Current x array =  [-0.74614077 -0.89484498 -0.5164676   0.65909733 -3.10640766 -1.35026944
 -1.3868717  -1.05520872 -1.31815053 -1.26867736 -1.97356025 -3.31126725
 -2.88224222 -1.01061883 -0.89910688 -1.66384949 -1.44210516 -2.96891766
 -1.46789987 -2.23494703 -2.16330577 -1.3761099  -1.08376315]
log likelihood =  -17961.51983474997
Edge derivatives =  [-0.14404702880727532, -0.05264692137476036, 0.3065284001576104, 0.6580025617103659, -1.3744388404612502, 2.080614734610802, -0.5504764821715457, -0.5034606791604288, 0.27006421497286526, -0.7689765720339827, 0.8151187208352089, 0.12836601180141982, 0.08430670525531164, -0.2201738761228517, 0.41859226768603097, 0.6316826475661076]
other derivatives: [ 9.45474312  2.45017873  2.10420694 -0.961154    3.08100425 -0.56279532
 -0.33760443]
Current x array =  [-0.74764815 -0.89437862 -0.51615392  0.6614203  -3.11035528 -1.3511396
 -1.38910055 -1.05971096 -1.31451041 -1.26867588 -1.97178068 -3.32080767
 -2.87502803 -1.0094992  -0.89375306 -1.66547399 -1.43995512 -2.96790502
 -1.47232769 -2.23775863 -2.16737434 -1.37789583 -1.08505242]
log likelihood =  -17961.488749807777
Edge derivatives =  [0.057835647323921796, -0.07599816667442649, 0.2663983093082579, 0.6142267036643592, -1.3063937041636882, 2.0788347788240413, -0.4272787721918639, -0.9502706456850674, 0.25904172755791177, -0.8336768185376369, 0.921979286510627, 0.9936564299859469, 0.18792749128473976, -0.08666561824576388, 0.9904793179260021, 1.353581508376061]
other derivatives: [ 3.33820935  2.47418939  2.38396751 -0.06148184  2.61934474 -0.46202331
 -0.07057679]
Current x array =  [-0.74638837 -0.89439991 -0.51646046  0.66047165 -3.10880193 -1.35241302
 -1.39101956 -1.06579948 -1.31077902 -1.26841445 -1.97158885 -3.33119754
 -2.86991301 -1.01099855 -0.89207761 -1.6656139  -1.43927908 -2.96799704
 -1.47617782 -2.23900773 -2.16932116 -1.38000144 -1.08738667]
log likelihood =  -17961.451949614533
Edge derivatives =  [0.24651083327871262, -0.1666126408419866, 0.2653033302051865, 0.5485673176588077, -1.1827061874054874, 2.0280986546228803, -0.11603407461492217, -1.2712055221144625, 0.40816532229292546, -0.5819961642472663, 1.0077830488842272, 1.962915678716903, 0.422985574646041, 0.2202113388379496, 1.565100961536866, 1.9489051876250876]
other derivatives: [-2.54258339  0.29795046 -0.83855412  0.05638867  0.79708116 -0.38162398
  0.3081368 ]
Current x array =  [-0.7451797  -0.89327104 -0.51616434  0.6612543  -3.10355627 -1.35308322
 -1.39357471 -1.07400334 -1.3047076  -1.26877434 -1.97076357 -3.34751749
 -2.85974724 -1.0136782  -0.89123494 -1.6675817  -1.44030899 -2.96669878
 -1.48108832 -2.24189547 -2.1736456  -1.3823257  -1.08963776]
log likelihood =  -17961.429711022196
Edge derivatives =  [0.17813112243078025, -0.3535400107256866, 0.1750312550576345, 0.4472170381631415, -1.1145206183970697, 1.9095445213708793, 0.08832095235499211, -1.436897305835346, 0.5322112062551495, -0.34587646437270136, 0.9621744269464221, 2.350188292339027, 0.6139390096722044, 0.46196558924592607, 1.5419579377919441, 1.737535673305986]
other derivatives: [-3.91810318 -1.89502316  3.94320523 -1.05646905 -0.59080776 -0.36234269
  0.49549271]
Current x array =  [-0.7447322  -0.89215246 -0.51718906  0.66307399 -3.09932719 -1.35335584
 -1.39526625 -1.07885428 -1.30047525 -1.26914508 -1.96923058 -3.35991041
 -2.84974238 -1.01533237 -0.89135209 -1.66962796 -1.4421932  -2.96429537
 -1.48329845 -2.24431896 -2.1774986  -1.38273217 -1.08950613]
log likelihood =  -17961.403520301952
Edge derivatives =  [0.6591870861904753, -0.21870508276974632, 0.25823537437843447, 0.3517742954043091, -0.9513405583194449, 1.6297120452518428, 0.6523951671138312, -1.2317530777892483, 0.8042311076214699, 0.5583336740020747, 0.8565882560192215, 2.6383318139328105, 0.965704481854451, 0.9822264991200553, 1.519946540704225, 1.3085266200373185]
other derivatives: [ -3.31201591  -2.30320438 -10.21981006  -1.04555511  -3.30146577
  -0.24338078   0.65920176]
Current x array =  [-0.74495018 -0.89165235 -0.51472664  0.66453575 -3.092659   -1.35561842
 -1.39805975 -1.08780573 -1.29537375 -1.26938527 -1.96481716 -3.38256345
 -2.82748131 -1.01855642 -0.89175503 -1.67182777 -1.44588615 -2.95782856
 -1.48639502 -2.24765452 -2.18403863 -1.38268572 -1.08823527]
log likelihood =  -17961.368371695477
Edge derivatives =  [0.5722220732622981, -0.29118835500123785, 0.13289644526539815, 0.270563852058247, -0.9609122546493055, 1.4773652156585573, 0.6503004593697056, -1.1854041646327333, 0.7754177005534668, 0.6241287678973656, 0.7136417077314865, 2.27008164145352, 0.9965257160358831, 1.0316906011511169, 0.9993341853441696, 0.5594258789769972]
other derivatives: [-1.04846549 -1.63490768 -3.17995728 -1.6814738  -3.00860847 -0.23355824
  0.53005351]
Current x array =  [-0.74527286 -0.89197534 -0.51597713  0.66486729 -3.09328472 -1.35663198
 -1.39844387 -1.08811036 -1.29517148 -1.26903705 -1.9628935  -3.38706951
 -2.82089409 -1.01825882 -0.89215698 -1.67177397 -1.44685442 -2.95525047
 -1.48486923 -2.24780473 -2.1850783  -1.3810206  -1.08598096]
log likelihood =  -17961.310463282884
Edge derivatives =  [0.6981941827634894, -0.23525921803193334, -0.14972586069044808, 0.05835750773557883, -0.9608055525216157, 0.9841879397983205, 0.7096357132522029, -0.9523806887267199, 0.6424723257454825, 0.955148122538575, 0.32048941199004066, 1.1887433484466072, 1.0675897634657272, 1.1991762359968292, -0.31161502212701453, -1.319376474885903]
other derivatives: [ 3.94938979  2.28683348  5.41076588 -1.72694854 -1.86300895 -0.1029548
  0.12514647]
Current x array =  [-0.74616491 -0.89384699 -0.51746832  0.66378012 -3.09661584 -1.36144225
 -1.40005189 -1.09055931 -1.29538253 -1.26741524 -1.95635435 -3.40290073
 -2.79846429 -1.01755844 -0.89272699 -1.6700534  -1.44912017 -2.94683354
 -1.48076838 -2.24736898 -2.1876368  -1.37641732 -1.07984389]
log likelihood =  -17961.283983626083
Edge derivatives =  [0.9088408984033808, -0.0665609370465386, -0.33453078588209084, -0.09658025555126841, -0.9627874093533237, 0.6316830045201591, 0.7605645511039708, -0.8693336133401686, 0.46579013613287007, 1.0762018457952993, 0.12077558537016606, 0.7404947707921601, 1.052784949646558, 1.261143396812399, -0.7531825371657699, -1.8594163533939032]
other derivatives: [ 3.57249519  2.52075552  5.06151991 -0.67047949 -0.89021341  0.08440111
 -0.02146407]
Current x array =  [-0.7462666  -0.89402162 -0.51744951  0.66171653 -3.09941989 -1.36564462
 -1.40141782 -1.09322377 -1.29650192 -1.266289   -1.95177509 -3.41428043
 -2.78238672 -1.01745321 -0.89269324 -1.66783337 -1.44994063 -2.94103998
 -1.47940889 -2.24624643 -2.18859319 -1.37484848 -1.07798771]
log likelihood =  -17961.229725052166
Edge derivatives =  [0.7888619801039138, -0.08562309406414097, -0.6059313850784104, -0.34667547556151945, -0.9827593643383444, -0.12787900332707686, 0.6728534872600054, 0.17246440377398242, -0.05983533092476734, 0.39784907376123846, -0.11604544038931501, -0.39296585581706767, 0.6282990377701723, 0.9103200795634524, -0.5152302610503791, -0.2701758285038611]
other derivatives: [ 1.08011591 -3.09410098  5.4424163  -0.36197889  0.51404641  0.51622919
  0.01964509]
Current x array =  [-0.74610266 -0.89152712 -0.51762047  0.66041407 -3.10252897 -1.37212453
 -1.40457595 -1.0961514  -1.29560032 -1.26620753 -1.94549725 -3.44397165
 -2.75128851 -1.01536554 -0.89777461 -1.66245614 -1.44731124 -2.93134795
 -1.47512547 -2.23989685 -2.18470513 -1.37613242 -1.08349112]
log likelihood =  -17961.219068097736
Edge derivatives =  [1.060939566588468, 0.02466490108846038, -0.4465581976745674, -0.34603730424122137, -0.9213949446601897, -0.5032780257492221, 0.7739322716861232, 0.914578685748821, -0.35517688328704133, 0.11756817174642964, -0.1105294148989746, -0.46161952458455024, 0.3229776432865927, 0.6324216065420659, 0.2822445208933395, 1.4006247591696361]
other derivatives: [ 3.26290319  4.23315214  1.69020495  1.15433068 -0.13387762  0.790169
  0.1375156 ]
Current x array =  [-0.74643423 -0.89470044 -0.51703942  0.65827188 -3.10135291 -1.37579041
 -1.40698819 -1.09989611 -1.29361906 -1.26695763 -1.94301585 -3.46783703
 -2.73219625 -1.01448387 -0.90043041 -1.65867007 -1.44451491 -2.92649615
 -1.47510834 -2.2349021  -2.18066664 -1.37881925 -1.08838274]
log likelihood =  -17961.205334394515
Edge derivatives =  [0.8082074272359485, -0.10376687609171609, -0.38009250781214654, -0.3552451773281818, -0.9358029464647545, -0.4590191974963752, 0.19837668819571352, 0.5985333820672352, -0.24791303140347715, -0.13216888839492, -0.10828620672347766, -0.5932631247608489, 0.26891021491376244, 0.5604575457933664, 0.27460934807292725, 1.245024795363835]
other derivatives: [-0.79489837  0.5318725  -0.86511136 -0.27939677  0.4642061   0.6180926
  0.09458745]
Current x array =  [-0.74572938 -0.89338951 -0.51638204  0.66118898 -3.10291869 -1.37352719
 -1.40641268 -1.09628826 -1.29343064 -1.26807239 -1.94400169 -3.46534733
 -2.73578966 -1.01218285 -0.89955325 -1.65993669 -1.44321239 -2.92746042
 -1.4747342  -2.23469217 -2.17965211 -1.3788881  -1.08801265]
log likelihood =  -17961.19992397991
Edge derivatives =  [0.6856097354114443, -0.2089901843653899, -0.2900734273349431, -0.34195407622376456, -0.9183418323096442, -0.4236637447682429, -0.0647465525471036, 0.3597265900951132, -0.16460873041536916, -0.21736877869573373, -0.08794471755064376, -0.4419047720576166, 0.24637027630041403, 0.5197509014092057, 0.3458744795482245, 1.1141876196061309]
other derivatives: [-0.75997377 -0.1724402  -1.13177521 -0.88548404  0.2743036   0.50713425
  0.10732037]
Current x array =  [-0.74572675 -0.89314754 -0.51624338  0.66234957 -3.10251975 -1.37203207
 -1.40640979 -1.09507498 -1.29239014 -1.26898327 -1.94480949 -3.46724573
 -2.73673646 -1.01118505 -0.89882302 -1.66087879 -1.44253306 -2.92802385
 -1.47547889 -2.23458718 -2.17904689 -1.37918687 -1.08759486]
log likelihood =  -17961.18693032795
Edge derivatives =  [0.07880345944874942, -0.6083617494910879, -0.0705195173358581, -0.3392220282973717, -0.8447490600846379, -0.45925559553268247, -0.8561401790321483, -0.1308380814144421, -0.10484556195135765, -0.5367063824666461, -0.12332141441532694, -0.2199180322152443, -0.06520166519953235, 0.1234187920694089, 0.27618087267468094, 0.2698022539962709]
other derivatives: [-7.22830009 -0.42527972 -1.91284926 -0.38526196 -0.9618816   0.17025741
  0.12805685]
Current x array =  [-0.74462326 -0.89340779 -0.51610253  0.66248721 -3.10055996 -1.36793288
 -1.4067553  -1.09040336 -1.28970318 -1.27241887 -1.94711023 -3.48321121
 -2.7337393  -1.0081895  -0.89808528 -1.66217715 -1.44029123 -2.92793712
 -1.47708634 -2.23126907 -2.17384295 -1.37947451 -1.08518866]
log likelihood =  -17961.178301311767
Edge derivatives =  [-0.14580558821707698, -0.7791802171146924, 0.23215393191052755, -0.25588389491169794, -0.7675602591174434, -0.4659824970952028, -1.1501573264365983, -0.36867574068436104, -0.0106245043089076, -0.5927620096943238, -0.13160778285391952, 0.07372547415496711, -0.26979902762228114, -0.14982176982069012, 0.3078925110222434, -0.2865013623902579]
other derivatives: [ 2.02198862 -1.72149157 -2.08237907 -0.65701897 -1.21253834 -0.03565219
  0.11423253]
Current x array =  [-0.74656623 -0.89258146 -0.51582081  0.66208171 -3.10031288 -1.36539368
 -1.40709838 -1.0871045  -1.28849195 -1.2747872  -1.94851127 -3.49613653
 -2.73047412 -1.00637173 -0.89729141 -1.66278537 -1.43892904 -2.92743766
 -1.47843289 -2.22863581 -2.16990082 -1.37945573 -1.08311793]
log likelihood =  -17961.174175597203
Edge derivatives =  [-0.11076119412665944, -0.7345337537377238, 0.18038505289014892, -0.2617249305996818, -0.7674446406511322, -0.5024610391961818, -0.9606169271383278, -0.2161406899925078, -0.08525604591588498, -0.5242292181489898, -0.1591630082033436, -4.614333126951031e-05, -0.29457016982619927, -0.17339886992847242, 0.19664170025631691, -0.3350855845593354]
other derivatives: [ 0.64464984 -0.50567905 -0.77816367  0.04692993 -1.11176632  0.02401066
  0.11059456]
Current x array =  [-0.74628788 -0.89312829 -0.5161651   0.66086571 -3.10060696 -1.36624475
 -1.40718488 -1.08768063 -1.28921658 -1.27439784 -1.94812562 -3.49752591
 -2.72892755 -1.00712859 -0.89781108 -1.66206463 -1.43941225 -2.92685441
 -1.4780873  -2.22825551 -2.1696902  -1.37910037 -1.08299838]
log likelihood =  -17961.17009261872
Edge derivatives =  [-0.09411854325092042, -0.6958415426172043, 0.2132721372280566, -0.2238120317104212, -0.7402451984806938, -0.5206627168165479, -0.714258664285543, -0.05042062363803046, -0.1366481131210161, -0.41349199966273886, -0.17798156672383056, 0.025499824283991668, -0.3689426598412247, -0.26704133590694157, 0.10557577959459563, -0.4009658350373725]
other derivatives: [ 0.1204171   0.55588316  0.71668182  0.6530172  -0.74724085  0.04656613
  0.13169483]
Current x array =  [-0.74616923 -0.89358824 -0.51651295  0.65966037 -3.10146871 -1.36646959
 -1.40728355 -1.08750456 -1.29015421 -1.27449445 -1.94830929 -3.50255013
 -2.72703733 -1.00799057 -0.89824834 -1.66146817 -1.43978521 -2.92632329
 -1.47813742 -2.22730729 -2.16847513 -1.3787486  -1.08275637]
log likelihood =  -17961.164849999048
Edge derivatives =  [-0.043528373186902225, -0.6257772535085029, 0.337464661236646, -0.12382685599616562, -0.6773963037979291, -0.4897607024576275, -0.3353293312718506, 0.17189437778809147, -0.12831927136888227, -0.17694166371044753, -0.17578322699596094, 0.12526626459774426, -0.4536175970332189, -0.38583823480130264, 0.02926262022740525, -0.4304809256649551]
other derivatives: [-0.28885552  1.52504072  0.69921953  1.05283107 -0.14188117  0.03092282
  0.18517312]
Current x array =  [-0.74605646 -0.89400809 -0.51655593  0.65887848 -3.10280426 -1.36591711
 -1.4072487  -1.08673978 -1.2914604  -1.27486972 -1.9492792  -3.51066619
 -2.72582613 -1.00935674 -0.89861291 -1.66125957 -1.44032236 -2.92619677
 -1.47851321 -2.22632069 -2.16673848 -1.37830981 -1.08255879]
log likelihood =  -17961.159868546314
Edge derivatives =  [-0.1498673666782151, -0.6309925200515323, 0.5221993184346512, 0.046769384091333174, -0.5551144268372064, -0.41574907085343143, 0.09967877414005422, 0.228549036974818, -0.06942570507640855, -0.021443763694957096, -0.1491586993380946, 0.40657098758633525, -0.6200734764759223, -0.6528506606681974, -0.006187415706575994, -0.22510980972952527]
other derivatives: [ 0.40599843  1.14014256  7.24176061 -0.0178261   1.10994733 -0.08767529
  0.31614036]
Current x array =  [-0.74595665 -0.89384244 -0.51772585  0.65988212 -3.10501115 -1.36343566
 -1.40687147 -1.08405387 -1.29375954 -1.27587879 -1.95194666 -3.53008363
 -2.72439917 -1.0109534  -0.89842732 -1.661788   -1.44022678 -2.92660807
 -1.47942189 -2.22486489 -2.16327724 -1.37808055 -1.08330836]
log likelihood =  -17961.152038339067
Edge derivatives =  [0.02555537789180512, -0.47520419717601736, 0.6625139919118876, 0.17610624508562314, -0.4678274619130869, -0.30961297977764285, 0.5191764887614579, 0.3725541471049132, 0.03082493573780773, 0.3485229469933063, -0.10120239303096043, 0.5560517170739383, -0.613861853130641, -0.6691499303837344, 0.010387463406054648, -0.10467911053144319]
other derivatives: [-0.18007995  1.59416231  1.64181984  0.33614924  1.26383384 -0.12660166
  0.38780854]
Current x array =  [-0.74587157 -0.89399346 -0.51672858  0.6597194  -3.10532398 -1.36239706
 -1.4065089  -1.08374548 -1.29525891 -1.27583141 -1.95349611 -3.53823402
 -2.72535158 -1.01282603 -0.8982139  -1.66219847 -1.44093771 -2.92739125
 -1.48018326 -2.22507206 -2.16255528 -1.37780262 -1.08354717]
log likelihood =  -17961.147209475108
Edge derivatives =  [0.09184493817072328, -0.4085741488130378, 0.6908991385456265, 0.238095100553984, -0.4113650587256026, -0.21529637291626486, 0.6567360831150598, 0.2590037855706966, 0.13130815929243964, 0.496324332790791, -0.053850315435032825, 0.6769995777533042, -0.5588893029674932, -0.6320616979264593, 0.060470572520655935, 0.04625726887867668]
other derivatives: [-0.08003553  0.76470315 -0.98953024 -0.02037268  1.05283107 -0.18517312
  0.43473847]
Current x array =  [-0.74588248 -0.89357142 -0.51623644  0.66054386 -3.10463135 -1.3612285
 -1.40600456 -1.08351624 -1.29611447 -1.27555795 -1.95480161 -3.54366012
 -2.72726427 -1.01375409 -0.89751827 -1.66299934 -1.44109238 -2.92846565
 -1.48076905 -2.22604688 -2.16281177 -1.37784988 -1.08408188]
log likelihood =  -17961.142060442107
Edge derivatives =  [0.13250206656712832, -0.3375887735174965, 0.6258614306400463, 0.28404078756577333, -0.34283440269902254, -0.12218491642247822, 0.7815216000072979, 0.03797788101065436, 0.21823642722695805, 0.5863577142404908, -0.008353509676877846, 0.7597250117304775, -0.48390188374475546, -0.5849804264611667, 0.08291455392963767, 0.2563917107592305]
other derivatives: [ 0.06584742 -0.57443685 -2.04163371 -0.48676156  0.59299055 -0.24956535
  0.47439244]
Current x array =  [-0.74588526 -0.89288687 -0.51606738  0.66143031 -3.10324659 -1.35996914
 -1.40517481 -1.08338744 -1.29762282 -1.27477542 -1.95634491 -3.55281463
 -2.72899304 -1.01484796 -0.89660623 -1.66380096 -1.44106264 -2.92969016
 -1.48117107 -2.22746752 -2.16332789 -1.37790747 -1.08498063]
log likelihood =  -17961.134716062057
Edge derivatives =  [0.18047437320168752, -0.21673731605830887, 0.44128572072878525, 0.3161176448996111, -0.2562073118151481, -0.05618427139387472, 0.8510655579687127, -0.1831358141952273, 0.256708999068312, 0.5945619423413879, 0.013186675872656414, 0.630625989697261, -0.40517761233221117, -0.5467725763378336, 0.016472714365987573, 0.44601263851966655]
other derivatives: [ 0.37107384 -0.82509359 -1.853914   -0.65338099 -0.02946763 -0.30740921
  0.43510227]
Current x array =  [-0.74590705 -0.89268512 -0.51617295  0.66173562 -3.10163752 -1.35892996
 -1.40365557 -1.08288716 -1.3006559  -1.27316825 -1.95796749 -3.56864494
 -2.72952982 -1.01568866 -0.8958459  -1.66407277 -1.44049232 -2.93071468
 -1.480632   -2.22905286 -2.16375193 -1.37776088 -1.08591356]
log likelihood =  -17961.132211463497
Edge derivatives =  [0.2689139006810866, 0.16640692720002787, -0.33017782245246696, 0.2324382450268426, -0.10647518587601681, -0.11784535198564954, 0.681387428305067, -0.24788191393947656, 0.054008832023718645, 0.18068589263882107, -0.08052708547806126, -0.28301693385454363, -0.23437413889305497, -0.42771968883789774, -0.37004697373739165, 0.20713424622103113]
other derivatives: [-5.1499228  -6.69060682 -1.77678885  0.651562    0.69194357 -0.23464963
  0.08440111]
Current x array =  [-0.74519473 -0.89004356 -0.51650662  0.65909531 -3.10353856 -1.3601462
 -1.39895853 -1.0810946  -1.3110048  -1.2678447  -1.95917907 -3.61291565
 -2.72532657 -1.01541692 -0.89657009 -1.66164015 -1.43775945 -2.93096266
 -1.47681935 -2.23255084 -2.16559577 -1.37714056 -1.08599646]
log likelihood =  -17961.11945777091
Edge derivatives =  [0.42835905491564646, 0.2353363063306359, -0.3096180662539979, 0.27173596380226, -0.0854472294293557, -0.042751450850722426, 0.5556824850560421, -0.2983865054109027, 0.1493333185446996, 0.19880363005475438, -0.02591149008954871, -0.3065114586614921, -0.09602427531132132, -0.28581252741136476, -0.19651884712192624, 0.4908287754332598]
other derivatives: [ 1.84081728 -1.22890924 -0.53551048 -0.19717845 -0.07785275 -0.25029294
  0.00873115]
Current x array =  [-0.74626591 -0.8923527  -0.51659343  0.66042055 -3.10175525 -1.35980853
 -1.39822578 -1.08103164 -1.31132284 -1.26714111 -1.95940551 -3.61352943
 -2.72731739 -1.01460818 -0.89606068 -1.66212598 -1.43709417 -2.93180656
 -1.47644085 -2.23406994 -2.16706185 -1.37753478 -1.08658744]
log likelihood =  -17961.117646461636
Edge derivatives =  [0.36345410396272415, 0.17063716832164127, -0.29263205444487095, 0.2299778898304291, -0.11878249806869859, -0.07799517354070268, 0.34178094514200374, -0.271188676484051, 0.11968587121891476, 0.08982447396286666, -0.03898501707888298, -0.32506589070435266, -0.1074709736624411, -0.279087814588758, -0.16004724984527713, 0.3907465144035231]
other derivatives: [ 0.44819899 -0.19899744  0.13606041 -0.17753337 -0.01818989 -0.22992026
 -0.01200533]
Current x array =  [-0.74597023 -0.89294077 -0.51670096  0.6605671  -3.10209176 -1.36027488
 -1.3985229  -1.08082929 -1.31034114 -1.26759987 -1.95863335 -3.60861447
 -2.727109   -1.01352953 -0.89634705 -1.66194514 -1.4367938  -2.93145918
 -1.47637373 -2.2337529  -2.16723205 -1.3777559  -1.08618547]
log likelihood =  -17961.116469027947
Edge derivatives =  [0.3278877455909663, 0.1682914834864957, -0.33973753469471996, 0.19064906324531877, -0.12468916125101194, -0.11099711660541683, 0.12318579768690528, -0.18342749115157186, 0.07021339488652659, -0.04587195348802592, -0.057463330583681145, -0.4179541731405061, -0.08401430628148893, -0.24245301762262156, -0.13875647654923398, 0.22892190961040557]
other derivatives: [ 0.13315002  0.31577656  0.6177288  -0.00436557  0.20081643 -0.18262654
 -0.07967174]
Current x array =  [-0.74593123 -0.89323403 -0.51678314  0.66024019 -3.1028336  -1.3610379
 -1.39813818 -1.0801248  -1.31086599 -1.26746518 -1.95794465 -3.61062106
 -2.72625414 -1.01229433 -0.89691392 -1.66132632 -1.43607632 -2.93115392
 -1.47595023 -2.23396211 -2.16775273 -1.37796141 -1.08558321]
log likelihood =  -17961.11495902748
Edge derivatives =  [0.2321997232605852, 0.1558853560882403, -0.33122563830276347, 0.18070127920667511, -0.0910140745050922, -0.0840218664923417, -0.029993009652696426, -0.11855763638716121, 0.06094060132359656, -0.09145957707085542, -0.042995602936145655, -0.3115267543069451, -0.03987439412085339, -0.19420794122474833, -0.062368642444068256, 0.09538551544371313]
other derivatives: [-1.12413545  0.61954779  0.39945007  0.02146407  0.16952981 -0.14260877
 -0.0691216 ]
Current x array =  [-0.7456826  -0.89343926 -0.51675491  0.6603692  -3.10288589 -1.36124964
 -1.39757229 -1.07861626 -1.3117957  -1.26773853 -1.95788359 -3.61798605
 -2.7261516  -1.01152655 -0.89737119 -1.66101814 -1.43544351 -2.93146831
 -1.47644447 -2.23461535 -2.16838597 -1.37835708 -1.08511454]
log likelihood =  -17961.1133877388
Edge derivatives =  [0.06772289578990065, 0.10801543494964555, -0.2576908698529381, 0.16447845626277863, -0.049390719912807274, -0.04771785253339931, -0.22743564474919206, 0.034049361137639345, 0.042165271467330456, -0.1434790327710974, -0.020014673945924336, -0.07837865953430367, 0.01989563355963634, -0.11982453059571403, 0.07867260717012611, -0.13304535738206075]
other derivatives: [-0.47657522  0.24301698  0.28230716 -0.04220055  0.19645086 -0.05384209
 -0.03128662]
Current x array =  [-0.74583639 -0.89326745 -0.51670088  0.66040991 -3.10305811 -1.36185644
 -1.3970007  -1.0762981  -1.3126297  -1.26861231 -1.95738356 -3.62700345
 -2.72581652 -1.01031981 -0.89825533 -1.66042535 -1.43464314 -2.93177195
 -1.47743685 -2.23535056 -2.16939091 -1.37897488 -1.08423573]
log likelihood =  -17961.112764732745
Edge derivatives =  [-0.021277106071366486, 0.06978644118385732, -0.14526683285182762, 0.17893705225046075, -0.013143562958782308, 0.008595603690239064, -0.10884003749437444, 0.06544900443125368, 0.05015407104, -0.029259394081341927, 0.005146073332782705, 0.10499704119278008, 0.04802402202511013, -0.08198468000306045, 0.08004093727263187, -0.1107005386176271]
other derivatives: [-0.56097633  0.20081643  0.01018634  0.09567884  0.00363798 -0.0174623
  0.04583853]
Current x array =  [-0.74581589 -0.89320424 -0.5166798   0.66022755 -3.10255335 -1.36180191
 -1.39677946 -1.07527955 -1.31279678 -1.26959794 -1.95723783 -3.63189455
 -2.72638104 -1.01092356 -0.89832677 -1.66033496 -1.43486896 -2.93224984
 -1.47822198 -2.23570168 -2.16995353 -1.37892166 -1.08432801]
log likelihood =  -17961.11235306514
Edge derivatives =  [-0.10608777583753154, -0.013320782453077551, 0.0034350405637640635, 0.1487710327227505, -0.017634987788004704, 0.001195677741877503, -0.062377094115001086, 0.08470292531201862, 0.007797046370747546, -0.008913801846500757, -0.002134310750059251, 0.10275377776547767, 0.030005930212004345, -0.06300050483287106, 0.01835527093937911, -0.07197618540210515]
other derivatives: [ 0.64101187 -0.26011548  0.41909516 -0.02837623 -0.02037268  0.03055902
  0.05857146]
Current x array =  [-0.74606082 -0.89295559 -0.51672021  0.66028439 -3.10246435 -1.36228342
 -1.39683626 -1.07476769 -1.31181804 -1.2711153  -1.95578854 -3.63081064
 -2.72608482 -1.01109714 -0.8983789  -1.65982446 -1.43504808 -2.93206075
 -1.47818787 -2.23517655 -2.17045943 -1.37862401 -1.08446801]
log likelihood =  -17961.112210701744
Edge derivatives =  [-0.0842840193103491, -0.005374756956942575, 0.029427118502244026, 0.14434153104143468, -0.014726631739153506, 0.00015886173547796645, -0.020597716878391154, 0.07157688004994212, 0.0021714269371877204, 0.020164838574220856, -0.004809016475030608, 0.03628116846766516, 0.02822872421636976, -0.05338451501017141, -0.019588586254893625, -0.009134691521844346]
other derivatives: [ 0.43073669 -0.10622898 -0.47075446  0.05275069 -0.08367351  0.03055902
  0.04511094]
Current x array =  [-0.74603106 -0.89302676 -0.51656361  0.66025199 -3.10235767 -1.36231681
 -1.39672922 -1.07486049 -1.31176926 -1.27130943 -1.95544678 -3.63103436
 -2.72602792 -1.01136439 -0.89823543 -1.65970972 -1.4351315  -2.93204162
 -1.47793851 -2.23508108 -2.17060213 -1.37843935 -1.08469503]
log likelihood =  -17961.11210222695
Edge derivatives =  [-0.08233388933364588, -0.005103990664934388, 0.02819651088699726, 0.133228226980398, -0.011912019791461732, -0.004479047468106078, 0.0009381669399494696, 0.042329216893651544, -0.0135194785359712, 0.014201508523057849, -0.010902125735944946, -0.029905325338627664, 0.02698201825747478, -0.04755659293657661, -0.06444842090489988, 0.029785355958057008]
other derivatives: [ 0.14479156 -0.05311449 -0.21027518  0.06511982 -0.10040822  0.03201421
  0.02619345]
Current x array =  [-0.74596917 -0.89305827 -0.51662418  0.66023898 -3.10231631 -1.3623604
 -1.39653874 -1.07487916 -1.3119079  -1.27139664 -1.95513554 -3.63211978
 -2.72588473 -1.01154818 -0.89811573 -1.65956096 -1.43512105 -2.9320283
 -1.47765626 -2.23504942 -2.17076475 -1.37828732 -1.08488182]
log likelihood =  -17961.11203312645
Edge derivatives =  [-0.08458855459290149, -0.010079811334444855, 0.0356598035254215, 0.11363671793023492, -0.01088289522341054, -0.012605451849875403, -0.012564374622574204, 0.025548090132599732, -0.03285574305633179, -0.006682709621621957, -0.016826100222302857, -0.08695218628780643, 0.02617870318625458, -0.03544168216029412, -0.08632918353533889, 0.04378004045650025]
other derivatives: [-0.03819878  0.00545697 -0.01855369  0.03674359 -0.07203198  0.03965397
  0.00291038]
Current x array =  [-0.74592916 -0.89310096 -0.51665971  0.66029074 -3.10240054 -1.36249927
 -1.3963412  -1.07480922 -1.31196828 -1.27158495 -1.954578   -3.63307074
 -2.72563944 -1.01153212 -0.89806298 -1.65934259 -1.43502385 -2.93196946
 -1.47741433 -2.23497205 -2.1710265  -1.37822959 -1.08495575]
log likelihood =  -17961.111974609907
Edge derivatives =  [-0.07760439111229298, -0.010037732029578347, 0.04209381053623695, 0.09819913123633803, -0.008469584514374667, -0.013794378683554088, -0.015333234525048076, 0.012660944351009729, -0.04066733339119469, -0.012072212585463732, -0.01688693723445937, -0.09553771762052832, 0.025735992294504684, -0.025312663773413124, -0.07837780114161358, 0.045237987786975214]
other derivatives: [-0.10950316  0.03055902  0.08076313  0.00109139 -0.02801244  0.04147296
 -0.00873115]
Current x array =  [-0.74590929 -0.89312137 -0.5166762   0.66034837 -3.10250118 -1.36254263
 -1.39621167 -1.07481466 -1.3120141  -1.27170534 -1.95410965 -3.63382652
 -2.72551202 -1.01155557 -0.89800741 -1.65923666 -1.43497866 -2.93196297
 -1.47737756 -2.23490205 -2.17123788 -1.37827625 -1.08496198]
log likelihood =  -17961.1118558838
Edge derivatives =  [-0.04518286077193667, -0.0034581204117545977, 0.046804042190840583, 0.06164036313888416, -0.0034432715185041124, -0.011020972132297156, -0.005791302094214662, -0.02320986179048745, -0.045143969291124325, -0.008083549849735944, -0.01181445493486269, -0.07029654464064716, 0.021577163188401895, -0.0060802369297547065, -0.03318588080192422, 0.036422809756227914]
other derivatives: [-0.14624675  0.04583853  0.15788828 -0.0520231   0.05893526  0.0349246
 -0.02473826]
Current x array =  [-0.7458916  -0.89313672 -0.51668747  0.66043037 -3.10268107 -1.36250168
 -1.39601372 -1.07504287 -1.31205195 -1.2718558  -1.95303461 -3.6349611
 -2.72535081 -1.01170281 -0.89784071 -1.65915058 -1.43495879 -2.93199151
 -1.47748916 -2.23468653 -2.171659   -1.37847799 -1.08491684]
log likelihood =  -17961.111765422706
Edge derivatives =  [-0.016502815633053114, 0.0007005630757757064, 0.015382099867429999, 0.014033834807464611, -0.0034412663267700608, -0.010741863791217898, -0.0034677253392491753, -0.052631456040481694, -0.039027187089719875, -0.013347382228765386, -0.008645672045134108, -0.0348865282672608, 0.01026759890493499, 0.004596671134023483, -0.0014676404794443931, 0.00034061596146603423]
other derivatives: [-0.12878445  0.00654836  0.16007107  0.00654836  0.01091394  0.01455192
 -0.03346941]
Current x array =  [-0.7459014  -0.89311147 -0.51669608  0.66033475 -3.10256893 -1.36232964
 -1.39597812 -1.07549875 -1.31196804 -1.27177435 -1.95192325 -3.6351183
 -2.72527359 -1.01184592 -0.8977744  -1.65926096 -1.43496693 -2.93201793
 -1.47766154 -2.23436992 -2.1719713  -1.37863587 -1.08480366]
log likelihood =  -17961.111843025134
Edge derivatives =  [0.03878093102819649, 0.02741916987514266, 0.011695845328460186, 0.008379561426758796, 0.004120657970529729, 0.008907464618522782, 0.06187653339380926, 0.03905706563759015, 0.006691267725644309, 0.04085920889228778, 0.0055746172026332926, 0.04558360712332998, 0.00845741790416181, 0.01157593340692252, 0.03455192173444205, 0.03292539137514544]
other derivatives: [ 0.61954779  0.52168616  0.04474714 -0.1204171   0.04874892 -0.00254659
 -0.00836735]
Current x array =  [-0.74600692 -0.8933171  -0.51666257  0.66052477 -3.10257068 -1.36203074
 -1.39618678 -1.0758996  -1.31195068 -1.2715578  -1.95145947 -3.63527813
 -2.72548816 -1.01203722 -0.89805303 -1.65968037 -1.43508397 -2.93216772
 -1.47796858 -2.23420431 -2.172052   -1.37867933 -1.08482905]
log likelihood =  -17961.111752119436
Edge derivatives =  [-0.0012029835191784688, 0.008093744260944669, 0.014363802603472225, 0.012470788818343057, -0.001348870022456282, -0.00530462313923594, 0.014612381723804066, -0.027260657657369514, -0.026375494821299958, 0.0016517310203373603, -0.004710757776870061, -0.012619007893085898, 0.009767187735727753, 0.006527864393215142, 0.008499278694043572, 0.009357407492495556]
other derivatives: [ 0.07821654  0.14879333  0.12769306 -0.02874003  0.02110028  0.00982254
 -0.02655725]
Current x array =  [-0.74593059 -0.89316837 -0.51668681  0.66038733 -3.10256942 -1.36224694
 -1.39603585 -1.07560966 -1.31196324 -1.27171443 -1.95179493 -3.63516252
 -2.72533296 -1.01189884 -0.89785149 -1.659377   -1.43499931 -2.93205937
 -1.4777465  -2.2343241  -2.17199363 -1.37864789 -1.08481069]
      fun: 17961.111752119436
 hess_inv: <23x23 LbfgsInvHessProduct with dtype=float64>
      jac: array([-0.07821654, -0.14879333, -0.12769306,  0.02874003, -0.02110028,
       -0.00982254,  0.02655725,  0.00120298, -0.00809374, -0.0143638 ,
       -0.01247079,  0.00134887,  0.00530462, -0.01461238,  0.02726066,
        0.02637549, -0.00165173,  0.00471076,  0.01261901, -0.00976719,
       -0.00652786, -0.00849928, -0.00935741])
  message: 'CONVERGENCE: REL_REDUCTION_OF_F_<=_FACTR*EPSMCH'
     nfev: 72
      nit: 67
     njev: 72
   status: 0
  success: True
        x: array([-0.74593059, -0.89316837, -0.51668681,  0.66038733, -3.10256942,
       -1.36224694, -1.39603585, -1.07560966, -1.31196324, -1.27171443,
       -1.95179493, -3.63516252, -2.72533296, -1.01189884, -0.89785149,
       -1.659377  , -1.43499931, -2.93205937, -1.4777465 , -2.2343241 ,
       -2.17199363, -1.37864789, -1.08481069])
