number of sites to be analyzed:  171
log likelihood =  -1883.131563226402
Lr derivatives =  [33.967161287476394, -63.553079322953316, -97.17075437721715]
other derivatives =  [ 58.84126404  -9.27132533  25.95452906 -49.61826744 186.70129407
  -3.69235522  -0.        ]
Current x_clock array =  [-0.57801005 -0.62401533 -0.63283605  0.18232156 -0.10536052 -0.10536052
  0.33647224 -0.51082562 -0.51082562 -0.51082562]
log likelihood =  -1743.2231276318817
Lr derivatives =  [-35.187137791605295, -94.92290140887539, -110.97000225376473]
other derivatives =  [-1.49349117e+02 -3.68602264e+00 -2.98475434e+01 -2.90308612e+01
  1.33302260e+02 -8.11789960e-02 -0.00000000e+00]
Current x_clock array =  [-0.8630182  -0.62123499 -0.75855144  0.42265648 -1.00968152 -0.08747593
  0.33647224 -0.67535163 -0.50835135 -0.50835135]
log likelihood =  -1548.2764594355963
Lr derivatives =  [-54.854995123460206, -65.33020725848426, -74.27069949371938]
other derivatives =  [-92.03330706  11.3454214  -63.75561293  20.16924145  25.70062798
   1.35604023  -0.        ]
Current x_clock array =  [-0.72253691 -0.61536595 -0.83032181  0.8794213  -2.81770518 -0.06120319
  0.33647224 -0.78366177 -0.23831666 -0.22455774]
log likelihood =  -1544.4518708386463
Lr derivatives =  [13.852815908909706, -5.214688369145039, -4.31905391451437]
other derivatives =  [-86.07862947 -25.97195703 383.48722205   8.76360082  15.52088127
   2.39143014  -0.        ]
Current x_clock array =  [-0.76689026 -0.76676395 -0.26552589  0.7178192  -3.54440236 -0.05706793
  0.33647224 -0.43957853  0.          0.        ]
log likelihood =  -1519.9337168095717
Lr derivatives =  [-39.81168847994286, -48.41555218611399, -54.656371269021335]
other derivatives =  [-90.01060562  -4.44345778 -18.34592626  15.60224086  20.52089338
   1.46986849  -0.        ]
Current x_clock array =  [-0.73728374 -0.66570352 -0.64253559  0.82569101 -3.05932115 -0.05982828
  0.33647224 -0.66925922 -0.15907993 -0.14989564]
log likelihood =  -1494.8609926024942
Lr derivatives =  [15.192960576799244, 1.2599487232864455, -8.226447789638769]
other derivatives =  [47.14508668 35.51584678 14.74563169  8.09620974  9.24065058  2.72619172
 -0.        ]
Current x_clock array =  [-0.58698006 -0.63826955 -0.55223255  0.71530452 -3.67992503 -0.06012051
  0.33647224 -0.44317338  0.          0.        ]
log likelihood =  -1491.5973455781664
Lr derivatives =  [5.642915438901099, -4.737869236643595, -0.45251908886712044]
other derivatives =  [-0.40035252 -2.41193743  9.32961711  9.85339807  5.47333157  2.92147547
 -0.        ]
Current x_clock array =  [-0.63476857 -0.7069682  -0.55791075  0.71585044 -3.8034529  -0.06403934
  0.33647224 -0.45500807  0.          0.        ]
log likelihood =  -1491.0431480099342
Lr derivatives =  [3.853630901928832, -5.441089149003434, 0.7937160262372345]
other derivatives =  [-0.15213368 -5.22467371 -3.75147238 10.18935427  3.20411136  3.05365847
 -0.        ]
Current x_clock array =  [-0.63253261 -0.71264765 -0.58137765  0.70665427 -3.88824993 -0.06895569
  0.33647224 -0.46323555  0.          0.        ]
log likelihood =  -1490.2170735758555
Lr derivatives =  [0.4567647324375139, -7.2310485606561645, -13.239634955720302]
other derivatives =  [-2.58112732 -5.77308947  0.14556372  8.729108   -0.50116481  3.28884039
 -0.        ]
Current x_clock array =  [-6.36223774e-01 -7.13002807e-01 -5.75200535e-01  6.48530819e-01
 -4.06061955e+00 -8.59597854e-02  3.36472237e-01 -4.67629303e-01
  0.00000000e+00 -1.41139946e-03]
log likelihood =  -1489.5430077161486
Lr derivatives =  [0.13236016372758996, -6.987373463279325, 3.4275217331014574]
other derivatives =  [-1.0488227  -0.62617801 -0.3196435   5.96879795 -2.28370205  3.39593316
 -0.        ]
Current x_clock array =  [-0.63674037 -0.70048267 -0.57809885  0.55745231 -4.16526644 -0.11404701
  0.33647224 -0.4681215   0.          0.        ]
log likelihood =  -1490.0203183453004
Lr derivatives =  [-2.2216133451209696, -8.5730717288676, -22.424447978062943]
other derivatives =  [-0.13796262 10.63543004 -4.40765098 -2.03817808 -3.68480898  3.26391546
 -0.        ]
Current x_clock array =  [-0.64055704 -0.67003886 -0.59454138  0.30855366 -4.27353409 -0.1944303
  0.33647224 -0.47439108  0.         -0.03781797]
log likelihood =  -1489.3800637467116
Lr derivatives =  [-0.33149902111000173, -7.297539281247375, -17.335372812999125]
other derivatives =  [-0.66109578  3.15782017 -1.78550999  3.26742565 -2.77227537  3.35386835
 -0.        ]
Current x_clock array =  [-0.63801062 -0.69035046 -0.5835712   0.47461473 -4.2012997  -0.1407999
  0.33647224 -0.47020812  0.         -0.01258644]
log likelihood =  -1489.0777499200567
Lr derivatives =  [0.5105948089786718, -6.66308444845633, -16.60997165290008]
other derivatives =  [ 0.47318986  2.99606631  1.09932625  1.60343416 -2.04409475  3.3177439
 -0.        ]
Current x_clock array =  [-0.63836071 -0.6905248  -0.57904562  0.4301137  -4.1767211  -0.15609372
  0.33647224 -0.46589535  0.         -0.00775039]
log likelihood =  -1488.6726953855477
Lr derivatives =  [0.42086970415450775, -6.41141516129396, 2.995261638716329]
other derivatives =  [-0.52585028  1.79000176  0.08595975 -1.09037182 -0.27251086  3.10803989
 -0.        ]
Current x_clock array =  [-0.64100266 -0.69091191 -0.58376452  0.35597899 -4.10203475 -0.20756578
  0.33647224 -0.47337939  0.          0.        ]
log likelihood =  -1488.6522797004977
Lr derivatives =  [-0.25398556035005093, -6.840025264170584, -16.36490370736242]
other derivatives =  [-0.92772234  0.3498692  -1.13190731 -1.76486083  0.39756777  2.99413796
 -0.        ]
Current x_clock array =  [-6.41283570e-01 -6.92928770e-01 -5.87393413e-01  3.40306735e-01
 -4.06981721e+00 -2.30632349e-01  3.36472237e-01 -4.79877910e-01
  0.00000000e+00 -1.63040867e-03]
log likelihood =  -1488.599958410816
Lr derivatives =  [-1.135038894510913, -7.36075653088314, 4.247908691468183]
other derivatives =  [-1.06511629 -2.44807416 -1.68148927 -2.14784268  1.26233748  2.85945498
 -0.        ]
Current x_clock array =  [-0.64095565 -0.69810478 -0.5896501   0.33550479 -4.02771905 -0.25940097
  0.33647224 -0.48843025  0.          0.        ]
log likelihood =  -1488.5630410616893
Lr derivatives =  [-1.7176039874051128, -7.7538440355258, -16.403360116145517]
other derivatives =  [-0.65333802 -3.09903771 -1.26830969 -1.58966827  1.0164905   2.85035185
 -0.        ]
Current x_clock array =  [-6.39909726e-01 -6.99609965e-01 -5.88699235e-01  3.52149260e-01
 -4.03411913e+00 -2.63423396e-01  3.36472237e-01 -4.91370600e-01
  0.00000000e+00 -4.22618396e-04]
log likelihood =  -1488.4731126846818
Lr derivatives =  [-4.658725672521987, -9.559069870371392, 7.108883437467739]
other derivatives =  [ 2.3223331  -4.77223921  0.66091116  0.10428653 -0.08488953  2.78705102
 -0.        ]
Current x_clock array =  [-0.63448593 -0.70297225 -0.58530959  0.40162333 -4.06875766 -0.29742859
  0.33647224 -0.50682274  0.          0.        ]
log likelihood =  -1488.4238028434606
Lr derivatives =  [-5.875602838307046, -10.244880521174075, -17.335368958825644]
other derivatives =  [ 2.46902596 -4.35039874  0.96360304 -0.44696026 -0.12386434  2.704699
 -0.        ]
Current x_clock array =  [-6.34267754e-01 -7.00854069e-01 -5.86039659e-01  3.86663492e-01
 -4.06978729e+00 -3.31327964e-01  3.36472237e-01 -5.14397478e-01
  0.00000000e+00 -6.42750058e-04]
log likelihood =  -1488.3464504987653
Lr derivatives =  [-7.57175700268556, -11.135632440878645, -18.091103819091266]
other derivatives =  [ 2.42880014 -2.45400793  1.54285362 -1.67022336 -0.05425816  2.56416911
 -0.        ]
Current x_clock array =  [-6.34597748e-01 -6.94556474e-01 -5.87203072e-01  3.53044634e-01
 -4.06797275e+00 -3.93785749e-01  3.36472237e-01 -5.25743304e-01
  0.00000000e+00 -5.99274992e-04]
log likelihood =  -1487.8474571459496
Lr derivatives =  [-6.89006167383663, -10.81600316290368, -18.527455041921215]
other derivatives =  [-9.94303264  6.58342015 -6.95750805  0.29016519  0.08044121  2.02882165
 -0.        ]
Current x_clock array =  [-6.48003274e-01 -6.74095868e-01 -6.02056713e-01  3.87163800e-01
 -4.06172224e+00 -6.84308432e-01  3.36472237e-01 -5.28974872e-01
  0.00000000e+00 -2.30090093e-03]
log likelihood =  -1487.1769880285806
Lr derivatives =  [-4.808182772792199, -9.89591234120701, -18.55766839858716]
other derivatives =  [-1.11539293 10.58420116 -5.30904981  0.57861439  1.31061651  1.52587048
 -0.        ]
Current x_clock array =  [-0.63822008 -0.66763418 -0.5981831   0.40303448 -4.02142474 -1.07131566
  0.33647224 -0.52195724  0.         -0.00446582]
log likelihood =  -1485.9239786088565
Lr derivatives =  [-3.854757578343489, -10.641780401514616, -19.897959204150254]
other derivatives =  [-11.53042103   1.62638275   7.14692737   0.51885081   2.29084678
   0.73074266  -0.        ]
Current x_clock array =  [-0.65167499 -0.68918066 -0.57060281  0.41133279 -4.01889533 -2.21864359
  0.33647224 -0.49221001  0.         -0.01124108]
log likelihood =  -1485.2969625143162
Lr derivatives =  [3.381547978519449, -6.753505474281586, -19.436065331116012]
other derivatives =  [ 13.36425089  -1.35500932 -11.53855101  -0.46765126   0.40465521
   0.26520761  -0.        ]
Current x_clock array =  [-0.62400636 -0.70397571 -0.60297142  0.36686089 -4.16889224 -3.64226488
  0.33647224 -0.43860886  0.         -0.01950235]
log likelihood =  -1485.0145696479954
Lr derivatives =  [0.5682592710550081, -8.65417659507423, -20.343023106421114]
other derivatives =  [ 1.35235996  0.9798157  -0.53491976 -0.11048678 -0.37608809  0.23521008
 -0.        ]
Current x_clock array =  [-0.6379638  -0.69694622 -0.58138884  0.37441537 -4.19866615 -3.80240167
  0.33647224 -0.44401059  0.         -0.01979329]
log likelihood =  -1484.9844214896839
Lr derivatives =  [-1.1945894176996328, -9.796027883677198, -20.818804597599105]
other derivatives =  [-1.07161441 -2.06069762  0.56006729 -0.00882096 -0.09360036  0.1864602
 -0.        ]
Current x_clock array =  [-0.63986998 -0.70239402 -0.58021403  0.38250136 -4.17609521 -4.04363017
  0.33647224 -0.45520604  0.         -0.0207679 ]
log likelihood =  -1484.9341945508509
Lr derivatives =  [0.7456402146394261, -8.586465738906899, -19.995113250155228]
other derivatives =  [-4.16787088 -1.17986883 -0.19125628 -0.671218    0.78961515  0.16018109
 -0.        ]
Current x_clock array =  [-0.6447109  -0.70086603 -0.58086399  0.36116856 -4.14837039 -4.18724838
  0.33647224 -0.44482347  0.         -0.01831762]
log likelihood =  -1484.8147701109272
Lr derivatives =  [1.0012986506818944, -8.335759638505836, -19.357421664231623]
other derivatives =  [-3.66920108 -0.3693774   0.65057202 -0.75871503  0.79874894  0.13210076
 -0.        ]
Current x_clock array =  [-0.6444722  -0.69932278 -0.57916182  0.35781632 -4.15223627 -4.39463793
  0.33647224 -0.44365107  0.         -0.01385491]
log likelihood =  -1484.5141098009353
Lr derivatives =  [1.7710352425381934, -7.569977691406244, 2.8994918466196395]
other derivatives =  [-2.1127421   2.14942929  3.30074204 -1.01199839  0.80893129  0.07164446
 -0.        ]
Current x_clock array =  [-0.64373113 -0.69453164 -0.57387728  0.34740901 -4.16423825 -5.03849802
  0.33647224 -0.44001125  0.          0.        ]
log likelihood =  -1484.456739630604
Lr derivatives =  [0.11405190264728304, -8.589701243377855, -17.70341798348141]
other derivatives =  [-0.47373715 -0.24511633  1.01785508 -0.17293019  0.0658055   0.0533622
 -0.        ]
Current x_clock array =  [-6.40215602e-01 -6.99471821e-01 -5.78427002e-01  3.72563773e-01
 -4.18658080e+00 -5.35996020e+00  3.36472237e-01 -4.49947573e-01
  0.00000000e+00 -8.95448712e-04]
log likelihood =  -1484.426698300345
Lr derivatives =  [-0.708462713998097, -9.059031108905163, 4.883759174845181]
other derivatives =  [ 0.20446601 -1.42127874 -0.65136942  0.29658781 -0.30929605  0.0348158
 -0.        ]
Current x_clock array =  [-0.63857623 -0.70192431 -0.58168478  0.38557854 -4.19868906 -5.8047554
  0.33647224 -0.45536541  0.          0.        ]
log likelihood =  -1484.4306909168072
Lr derivatives =  [-0.5940759760701342, -9.022448457540847, -17.74571957330292]
other derivatives =  [-0.47337267 -1.65537631 -1.46290449  0.40878876 -0.3046419   0.02269138
 -0.        ]
Current x_clock array =  [-6.39242904e-01 -7.02525819e-01 -5.83002975e-01  3.88144947e-01
 -4.19862083e+00 -6.23980928e+00  3.36472237e-01 -4.54542926e-01
  0.00000000e+00 -7.65955846e-04]
log likelihood =  -1484.4270331995422
Lr derivatives =  [-0.6776842202512157, -9.04963987328262, -17.695412852586102]
other derivatives =  [ 0.02032107 -1.48452591 -0.87204035  0.32697426 -0.30763099  0.03100535
 -0.        ]
Current x_clock array =  [-6.38757148e-01 -7.02087541e-01 -5.82042504e-01  3.86274996e-01
 -4.19867054e+00 -5.92281711e+00  3.36472237e-01 -4.55142208e-01
  0.00000000e+00 -2.07859446e-04]
log likelihood =  -1484.4267330376529
Lr derivatives =  [-0.6989502362284874, -9.056178459040229, -17.68264705923182]
other derivatives =  [ 0.1472381  -1.44091132 -0.71994964  0.30602382 -0.30874432  0.03358521
 -0.        ]
Current x_clock array =  [-6.38632434e-01 -7.01975017e-01 -5.81795911e-01  3.85794901e-01
 -4.19868331e+00 -5.84143194e+00  3.36472237e-01 -4.55296069e-01
  0.00000000e+00 -6.45727117e-05]
log likelihood =  -1484.4266988515146
Lr derivatives =  [-0.7053934094763674, -9.05812425494613, -17.678782401135802]
other derivatives =  [ 0.18581591 -1.42768181 -0.67370297  0.29966304 -0.30911445  0.03441015
 -0.        ]
Current x_clock array =  [-6.38594539e-01 -7.01940826e-01 -5.81720982e-01  3.85649022e-01
 -4.19868719e+00 -5.81670267e+00  3.36472237e-01 -4.55342821e-01
  0.00000000e+00 -2.10343566e-05]
log likelihood =  -1484.4266936712693
Lr derivatives =  [-0.7074581940168807, -9.058744185179002, -17.677544257091466]
other derivatives =  [ 0.1981914  -1.42344084 -0.65886616  0.29762305 -0.30923642  0.03467897
 -0.        ]
Current x_clock array =  [-6.38582384e-01 -7.01929859e-01 -5.81696949e-01  3.85602230e-01
 -4.19868843e+00 -5.80877058e+00  3.36472237e-01 -4.55357816e-01
  0.00000000e+00 -7.06912303e-06]
log likelihood =  -1484.4041694005568
Lr derivatives =  [0.37591764389945226, -8.451987981213483, -17.439246200070624]
other derivatives =  [-1.51552354 -0.92913911 -0.69972248  0.10611325  0.06336035  0.01557549
 -0.        ]
Current x_clock array =  [-6.41169984e-01 -7.01274824e-01 -5.81115636e-01  3.79026836e-01
 -4.18815258e+00 -6.61250518e+00  3.36472237e-01 -4.48372414e-01
  0.00000000e+00 -1.60905738e-06]
log likelihood =  -1484.4136480486768
Lr derivatives =  [-0.16971957913522218, -8.766064092017439, 4.467869985091966]
other derivatives =  [ 5.21537550e+00  9.55027645e-01  3.00209217e+00  3.37583970e-02
  4.32510642e-02  4.32629346e-03 -0.00000000e+00]
Current x_clock array =  [-0.6335143  -0.69731683 -0.57521358  0.3841198  -4.18618545 -7.89552248
  0.33647224 -0.45378712  0.          0.        ]
log likelihood =  -1484.396210157688
Lr derivatives =  [0.1576182241271491, -8.578985196971168, -17.45955570614601]
other derivatives =  [ 1.13722513 -0.18287528  0.76277888  0.0774744   0.05665354  0.00937289
 -0.        ]
Current x_clock array =  [-6.38129688e-01 -6.99702990e-01 -5.78771758e-01  3.81049398e-01
 -4.18737138e+00 -7.12202860e+00  3.36472237e-01 -4.50522752e-01
  0.00000000e+00 -9.70053978e-07]
log likelihood =  -1484.3916678755297
Lr derivatives =  [0.1604744658274928, -8.573568872118951, 4.206549419905059]
other derivatives =  [ 0.47378057 -0.0112168   0.14300531  0.17601701 -0.00265849  0.00578652
 -0.        ]
Current x_clock array =  [-0.6388172  -0.69930087 -0.57980632  0.38271843 -4.18973423 -7.6075266
  0.33647224 -0.45057106  0.          0.        ]
log likelihood =  -1484.3890420587054
Lr derivatives =  [0.20588248455675995, -8.543065812171374, -17.43736923800872]
other derivatives =  [-0.11264228  0.28626528 -0.08183861  0.2116692   0.02517225  0.00299373
 -0.        ]
Current x_clock array =  [-6.39506316e-01 -6.98598133e-01 -5.80161125e-01  3.83208277e-01
 -4.18825987e+00 -8.26623852e+00  3.36472237e-01 -4.50600410e-01
  0.00000000e+00 -5.98563478e-06]
log likelihood =  -1484.3880800445108
Lr derivatives =  [0.1387259866715107, -8.579474527635245, -17.438385912466263]
other derivatives =  [-0.2079521   0.42359625 -0.00554815  0.23015286  0.05761195  0.00184602
 -0.        ]
Current x_clock array =  [-6.39590955e-01 -6.98217881e-01 -5.80073289e-01  3.84002641e-01
 -4.18600077e+00 -8.74802134e+00  3.36472237e-01 -4.51392500e-01
  0.00000000e+00 -5.01398446e-07]
log likelihood =  -1484.3961387745549
Lr derivatives =  [0.28233100318793003, -8.511222535391973, 4.11446308135055]
other derivatives =  [ 7.61726824e-01 -2.57007127e+00 -7.80076334e-01 -2.01199100e-01
  2.70349512e-01  4.19286009e-04 -0.00000000e+00]
Current x_clock array =  [ -0.63846183  -0.70494707  -0.58174563   0.37330992  -4.17971686
 -10.22863194   0.33647224  -0.44955865   0.           0.        ]
log likelihood =  -1484.387177655437
Lr derivatives =  [0.1722739713159882, -8.563774318278565, -17.43724571027596]
other derivatives =  [ 0.02179718 -0.2945726  -0.19046524  0.12719988  0.10825377  0.00129717
 -0.        ]
Current x_clock array =  [-6.39322073e-01 -6.99820328e-01 -5.80471529e-01  3.81456343e-01
 -4.18450436e+00 -9.10060462e+00  3.36472237e-01 -4.50955797e-01
  0.00000000e+00 -3.81998578e-07]
log likelihood =  -1484.3864916847795
Lr derivatives =  [0.028743315665127334, -8.643892238751004, 4.307594281272031]
other derivatives =  [-0.01945455 -0.22101267 -0.02117122  0.1003973   0.09217153  0.00089339
 -0.        ]
Current x_clock array =  [-0.63935898 -0.69953876 -0.58026911  0.38075826 -4.18465941 -9.47322472
  0.33647224 -0.45188277  0.          0.        ]
log likelihood =  -1484.3861529539656
Lr derivatives =  [-0.2836317670242652, -8.817620807644435, -17.57668022162786]
other derivatives =  [-0.17150182 -0.12278883  0.28594764  0.01196554  0.03414762  0.00039306
 -0.        ]
Current x_clock array =  [-6.39529895e-01 -6.99056679e-01 -5.79944958e-01  3.78095483e-01
 -4.18641791e+00 -1.02945118e+01  3.36472237e-01 -4.53675526e-01
  0.00000000e+00 -1.27801479e-05]
log likelihood =  -1484.3859808209772
Lr derivatives =  [-0.19112962555577973, -8.765107818819514, -17.554286218384803]
other derivatives =  [-0.21468259 -0.1814567   0.18269475  0.00858427  0.05314766  0.00042108
 -0.        ]
Current x_clock array =  [-6.39602906e-01 -6.99244162e-01 -5.80076393e-01  3.77908899e-01
 -4.18602912e+00 -1.02256409e+01  3.36472237e-01 -4.53065115e-01
  0.00000000e+00 -8.10446628e-06]
log likelihood =  -1484.3858725465977
Lr derivatives =  [-0.015573159127116654, -8.65071876867883, 4.333173819759395]
other derivatives =  [ 2.13757176e-01 -5.69602889e-02 -5.10568498e-01  5.79173047e-02
  4.84212337e-02  3.15311537e-04 -0.00000000e+00]
Current x_clock array =  [ -0.63907201  -0.69910995  -0.58129248   0.37894031  -4.18655553
 -10.51519702   0.33647224  -0.4525081    0.           0.        ]
log likelihood =  -1484.3857629324789
Lr derivatives =  [-0.10011076615867598, -8.705800691821462, -17.52510891452929]
other derivatives =  [ 0.0074856  -0.11691145 -0.1772105   0.03419723  0.05069448  0.00036245
 -0.        ]
Current x_clock array =  [-6.39327521e-01 -6.99174545e-01 -5.80707203e-01  3.78443913e-01
 -4.18630218e+00 -1.03758395e+01  3.36472237e-01 -4.52776180e-01
  0.00000000e+00 -3.90051621e-06]
log likelihood =  -1484.3855046987087
Lr derivatives =  [-0.13718787185911996, -8.721912957040619, 4.429557520779781]
other derivatives =  [-0.06044775 -0.00025716 -0.1007536  -0.03631499  0.02821885  0.0002384
 -0.        ]
Current x_clock array =  [ -0.63946763  -0.69885472  -0.5806285    0.37608308  -4.18771406
 -10.7954451    0.33647224  -0.45283753   0.           0.        ]
log likelihood =  -1484.3854903760002
Lr derivatives =  [-0.127408216602916, -8.715027572367648, -17.556196745256337]
other derivatives =  [-0.00348564  0.04042204 -0.09840505 -0.04631966  0.02255217  0.00022384
 -0.        ]
Current x_clock array =  [-6.39415717e-01 -6.98772464e-01 -5.80628437e-01  3.75742375e-01
 -4.18811306e+00 -1.08587727e+01  3.36472237e-01 -4.52760669e-01
  0.00000000e+00 -7.32527214e-07]
log likelihood =  -1484.3854845169813
Lr derivatives =  [-0.01825329939372633, -8.648614596343062, 4.333446668169927]
other derivatives =  [ 0.18250216  0.17256616 -0.1675362  -0.06835035  0.01728765  0.00019924
 -0.        ]
Current x_clock array =  [ -0.63925952  -0.69856128  -0.58071568   0.3748865   -4.18911147
 -10.97592244   0.33647224  -0.45204885   0.           0.        ]
log likelihood =  -1484.3854630800367
Lr derivatives =  [-0.07034077530089622, -8.680307467732444, -17.547060106761332]
other derivatives =  [ 0.09374685  0.10949816 -0.13454314 -0.05784568  0.0197967   0.00021063
 -0.        ]
Current x_clock array =  [-6.39334037e-01 -6.98662032e-01 -5.80674060e-01  3.75294817e-01
 -4.18863516e+00 -1.09200333e+01  3.36472237e-01 -4.52388442e-01
  0.00000000e+00 -3.49470103e-07]
log likelihood =  -1484.385394023403
Lr derivatives =  [-0.0316544093974116, -8.661822589494644, 4.346702553448267]
other derivatives =  [ 0.06294886  0.07557014 -0.08171332 -0.04954063  0.02316312  0.00020541
 -0.        ]
Current x_clock array =  [ -0.63938159  -0.6987762   -0.58053117   0.37555477  -4.18871798
 -10.94552304   0.33647224  -0.45202602   0.           0.        ]
log likelihood =  -1484.385332808549
Lr derivatives =  [0.04103393163002256, -8.63107617823163, -17.51707822755354]
other derivatives =  [-0.01247417 -0.04119443  0.07476547 -0.01515468  0.02924971  0.00017936
 -0.        ]
Current x_clock array =  [-6.39478906e-01 -6.99125301e-01 -5.80132741e-01  3.76685568e-01
 -4.18883200e+00 -1.10819927e+01  3.36472237e-01 -4.51271601e-01
  0.00000000e+00 -9.82608893e-07]
log likelihood =  -1484.3852682299698
Lr derivatives =  [0.023456465626328082, -8.640041144731283, 4.30832187703345]
other derivatives =  [ 0.03311607 -0.01430271  0.06498362 -0.01637636  0.01591788  0.00014398
 -0.        ]
Current x_clock array =  [ -0.63942246  -0.69905903  -0.5801649    0.37659718  -4.18940266
 -11.30233809   0.33647224  -0.45137204   0.           0.        ]
log likelihood =  -1484.385220564437
Lr derivatives =  [-0.001293113385576028, -8.654568586601236, 4.327921487856656]
other derivatives =  [ 0.07057815 -0.01196759  0.0595121  -0.00619775 -0.00154361  0.00010362
 -0.        ]
Current x_clock array =  [ -0.63936361  -0.69905107  -0.58018112   0.37685859  -4.19008916
 -11.63162388   0.33647224  -0.45149138   0.           0.        ]
log likelihood =  -1765.5939604090488
Lr derivatives =  [21.875346371579138, 14.47868571103028, 4.502851682481271]
other derivatives =  [-2.07079561e+02  8.39934412e+02 -1.61552270e+02 -3.83014760e+01
 -7.10127743e-01 -0.00000000e+00 -0.00000000e+00]
Current x_clock array =  [-1.01748343e+00 -1.76876547e-01 -1.26906465e+00 -1.82222472e+00
 -5.03914599e+00 -5.80364398e+02  3.36472237e-01 -2.02169293e-01
  0.00000000e+00 -8.08865425e-04]
log likelihood =  -1484.3852165487021
Lr derivatives =  [0.020057263174314777, -8.637586994029384, -17.530214557151876]
other derivatives =  [-2.73357728e-02  6.46866738e-02 -7.02398211e-02 -2.27159944e-02
 -4.27916814e-03  8.48874545e-05 -0.00000000e+00]
Current x_clock array =  [-6.39496213e-01 -6.98867954e-01 -5.80422699e-01  3.76087404e-01
 -4.19038691e+00 -1.18310713e+01  3.36472237e-01 -4.51403942e-01
  0.00000000e+00 -2.83658876e-07]
log likelihood =  -1484.3852057212687
Lr derivatives =  [0.00957640693538142, -8.645920952538656, -17.52976245514105]
other derivatives =  [ 2.06364348e-02  2.71115823e-02 -6.66364031e-03 -1.46219463e-02
 -2.94011439e-03  9.35978381e-05 -0.00000000e+00]
Current x_clock array =  [-6.39431234e-01 -6.98957689e-01 -5.80304315e-01  3.76465312e-01
 -4.19024100e+00 -1.17333357e+01  3.36472237e-01 -4.51446787e-01
  0.00000000e+00 -1.44656963e-07]
log likelihood =  -1484.3851824765106
Lr derivatives =  [-0.005720621313943575, -8.655936501749153, 4.330877345637418]
other derivatives =  [-5.78438630e-03  1.17959189e-02 -2.12048690e-02 -1.82171789e-03
 -1.97085321e-02  6.14916554e-05 -0.00000000e+00]
Current x_clock array =  [ -0.63944808  -0.69899328  -0.58032183   0.3767548   -4.19095547
 -12.15412509   0.33647224  -0.45146489   0.           0.        ]
log likelihood =  -1484.3851777890195
Lr derivatives =  [-0.014101441552676341, -8.663038451516563, -17.535308667415208]
other derivatives =  [-2.75138063e-02 -2.16855369e-02 -6.21867002e-04  1.07245341e-02
 -2.74378832e-02  4.96352985e-05 -0.00000000e+00]
Current x_clock array =  [-6.39462146e-01 -6.99074048e-01 -5.80270368e-01  3.77124132e-01
 -4.19126597e+00 -1.23683939e+01  3.36472237e-01 -4.51445226e-01
  0.00000000e+00 -2.66613978e-07]
log likelihood =  -1484.3851726525495
Lr derivatives =  [-0.006985012290705583, -8.658208862881006, -17.534678327797884]
other derivatives =  [-4.96670509e-02 -9.41963663e-03 -1.87746991e-02  6.55745680e-03
 -2.58660331e-02  4.97143545e-05 -0.00000000e+00]
Current x_clock array =  [-6.39493552e-01 -6.99045560e-01 -5.80302711e-01  3.76958021e-01
 -4.19124411e+00 -1.23670200e+01  3.36472237e-01 -4.51407957e-01
  0.00000000e+00 -4.55432784e-08]
log likelihood =  -1484.3860852726773
Lr derivatives =  [0.14152099541539176, -8.561445480451525, 4.209982762404252]
other derivatives =  [ 5.02652028e-01 -9.59107638e-03 -7.86830924e-01  1.12425823e-01
  1.52119765e-03  6.48304418e-05 -0.00000000e+00]
Current x_clock array =  [ -0.63873783  -0.69918843  -0.58166643   0.38012134  -4.18949948
 -12.09985863   0.33647224  -0.45136848   0.           0.        ]
log likelihood =  -1484.38517251327
Lr derivatives =  [-0.005200345274484874, -8.657046069133433, -17.53379609094069]
other derivatives =  [-4.30359250e-02 -9.42100087e-03 -2.80201675e-02  7.83029463e-03
 -2.55373534e-02  4.98743794e-05 -0.00000000e+00]
Current x_clock array =  [-6.39484475e-01 -6.99047276e-01 -5.80319090e-01  3.76996016e-01
 -4.19122316e+00 -1.23638111e+01  3.36472237e-01 -4.51407483e-01
  0.00000000e+00 -4.49962549e-08]
      fun: 1484.38517251327
 hess_inv: <10x10 LbfgsInvHessProduct with dtype=float64>
      jac: array([-4.30359250e-02, -9.42100087e-03, -2.80201675e-02,  7.83029463e-03,
       -2.55373534e-02,  4.98743794e-05, -0.00000000e+00, -5.20034527e-03,
       -8.65704607e+00, -1.75337961e+01])
  message: 'CONVERGENCE: REL_REDUCTION_OF_F_<=_FACTR*EPSMCH'
     nfev: 65
      nit: 50
     njev: 65
   status: 0
  success: True
        x: array([-6.39484475e-01, -6.99047276e-01, -5.80319090e-01,  3.76996016e-01,
       -4.19122316e+00, -1.23638111e+01,  3.36472237e-01, -4.51407483e-01,
        0.00000000e+00, -4.49962549e-08])
