number of sites to be analyzed:  137
log likelihood =  -1788.9636074015311
Lr derivatives =  [-68.65373261607834, -115.5891715802752, -133.74680999452323]
other derivatives =  [ 21.73158737 -23.00626875  30.90994824 -33.77091798 151.82792004
 -10.83375105  -0.        ]
Current x_clock array =  [-0.69266068 -0.63092164 -0.61183197  0.18232156 -0.10536052 -0.10536052
  0.33647224 -0.51082562 -0.51082562 -0.51082562]
log likelihood =  -1661.049231399953
Lr derivatives =  [5.553770599026215, -76.75434311623016, -107.72901517541595]
other derivatives =  [-64.88420354 -14.33237321 -59.49658862 -11.29465727 111.01876362
 -11.4735908   -0.        ]
Current x_clock array =  [-0.81719456 -0.62759264 -0.78896287  0.37584738 -0.9754175  -0.0432772
  0.33647224 -0.1174022  -0.50789831 -0.50789831]
log likelihood =  -1522.499012277767
Lr derivatives =  [32.46025960568717, -12.37500811768323, -29.122276363771935]
other derivatives =  [170.89205676  43.3236396  -39.71616206   4.82051882  25.50813572
  -5.22253049  -0.        ]
Current x_clock array =  [-0.51499401 -0.5951131  -0.58355919  0.6736312  -2.72649403  0.10598085
  0.33647224  0.29280798 -0.33541028 -0.17961168]
log likelihood =  -1539.19764246736
Lr derivatives =  [-7.713160127078268, -28.853029136603475, 20.63536612695316]
other derivatives =  [-1.14401454e+02 -2.68348811e+01  2.73973583e+02  1.39509268e+01
 -1.83111318e+01  8.03979674e-02 -0.00000000e+00]
Current x_clock array =  [-0.93238993 -0.74316663 -0.29101658  0.77655162 -3.58247968  0.19246151
  0.33647224  0.31471093 -0.25173148  0.        ]
log likelihood =  -1498.6362457316914
Lr derivatives =  [5.66381361295182, -24.15167924502534, -21.82505309273068]
other derivatives =  [ 1.88098011  5.96034215 37.66277655 12.38446953  3.26544233 -2.71750378
 -0.        ]
Current x_clock array =  [-0.69757077 -0.65987447 -0.4555956   0.71865051 -3.10091811  0.14380911
  0.33647224  0.30238874 -0.29880761 -0.10104618]
log likelihood =  -1496.2357151972478
Lr derivatives =  [7.65121071554147, -20.2813321567385, -14.60823312031566]
other derivatives =  [-4.10275675  1.04589481  1.38780865 12.43857969  1.5044254  -2.33139076
 -0.        ]
Current x_clock array =  [-0.70534055 -0.67211449 -0.49598335  0.7035562  -3.12574915  0.14974468
  0.33647224  0.29249105 -0.2674502  -0.06979621]
log likelihood =  -1493.5023216557336
Lr derivatives =  [8.5439098110643, -14.218202407262588, 4.6552031562896445]
other derivatives =  [-3.1459781  -6.90464526 -8.50318452 11.05493948 -1.17244359 -2.0147063
 -0.        ]
Current x_clock array =  [-0.70483526 -0.69226062 -0.50701265  0.65272682 -3.15396309  0.1629396
  0.33647224  0.23895507 -0.17404819  0.        ]
log likelihood =  -1489.3088039272684
Lr derivatives =  [10.274706067548095, -5.579205631526186, -2.347769623156637]
other derivatives =  [ -4.76215246   0.69332532 -17.47376655   7.18605247   0.76375789
  -2.33834771  -0.        ]
Current x_clock array =  [-0.71236531 -0.67499434 -0.52189634  0.5207085  -3.07840382  0.18087054
  0.33647224  0.09796434  0.          0.        ]
log likelihood =  -1488.00150671324
Lr derivatives =  [0.27039947943172393, -10.228530737037607, 4.97905148222344]
other derivatives =  [ 2.13388535 -6.03089347 -5.31923342  4.67783912 -1.07706912 -2.78229436
 -0.        ]
Current x_clock array =  [-0.70179469 -0.68340263 -0.51582815  0.42032537 -3.03568372  0.20237318
  0.33647224 -0.00669265  0.          0.        ]
log likelihood =  -1487.5375257066985
Lr derivatives =  [-5.8570695058871, -13.819770256471564, 3.104737889922882]
other derivatives =  [ 1.98164253 -1.24783014  3.83414454  1.37351185 -0.28587447 -2.9492262
 -0.        ]
Current x_clock array =  [-0.70318286 -0.66567521 -0.51168965  0.33308648 -2.98330886  0.22673235
  0.33647224 -0.07495755  0.         -0.02092701]
log likelihood =  -1487.3689841005232
Lr derivatives =  [-3.0341950434852585, -12.626088362826593, 0.27536620535905776]
other derivatives =  [ 0.98973851  0.10353733  3.24754637  1.21414632  0.06165105 -2.64475011
 -0.        ]
Current x_clock array =  [-0.70545312 -0.66468504 -0.51061118  0.3286596  -2.99688882  0.24178819
  0.33647224 -0.05037467  0.         -0.02897746]
log likelihood =  -1487.2115587066755
Lr derivatives =  [0.3744175156756988, -10.979637037387608, -1.4619096257741746]
other derivatives =  [-0.5787349   0.67640167  0.46407513  0.62733716 -0.01910573 -2.02043998
 -0.        ]
Current x_clock array =  [-0.70875114 -0.66609793 -0.5125599   0.30609185 -3.02349628  0.28178623
  0.33647224 -0.01793364  0.         -0.03635327]
log likelihood =  -1487.1470380979993
Lr derivatives =  [1.034135791479482, -10.624390011081651, -2.428939051613077]
other derivatives =  [-0.56222575  0.1396545  -0.31759942 -0.22676886 -0.13161964 -1.61674825
 -0.        ]
Current x_clock array =  [-0.70926884 -0.66778763 -0.51422554  0.27787922 -3.02970815  0.32022711
  0.33647224 -0.01214627  0.         -0.03993455]
log likelihood =  -1487.1223300746296
Lr derivatives =  [3.294309467902469, -8.498095230738778, 2.151551040129525]
other derivatives =  [-2.29068496  5.99871805 -2.18662331 -0.94208644 -0.19381137 -0.897988
 -0.        ]
Current x_clock array =  [-0.71299136 -0.65431482 -0.51706625  0.24992215 -3.02609453  0.40147445
  0.33647224 -0.00579756  0.         -0.0236782 ]
log likelihood =  -1487.0420029418578
Lr derivatives =  [1.5517216252730712, -9.664985829401237, 0.06255364492587034]
other derivatives =  [-0.39106135  1.19173092 -1.22781989 -1.45423382 -0.16063529 -0.88344905
 -0.        ]
Current x_clock array =  [-0.70983619 -0.66451994 -0.5176091   0.23899105 -3.01536852  0.41505685
  0.33647224 -0.01954604  0.         -0.02929702]
log likelihood =  -1487.0083920105408
Lr derivatives =  [0.44835077819730174, -10.204832008648996, 0.4164406630127786]
other derivatives =  [ 0.01150579 -0.63961716 -0.48848233 -1.42121689 -0.18018058 -0.87261833
 -0.        ]
Current x_clock array =  [-0.7089353  -0.66800385 -0.5174864   0.24309459 -3.00360062  0.43050791
  0.33647224 -0.03096097  0.         -0.02702765]
log likelihood =  -1486.9633188696387
Lr derivatives =  [-0.6752670987450955, -10.645818826428705, 1.1708630343439417]
other derivatives =  [ 1.58430157 -1.71160104  0.80602831 -1.15914736 -0.19575073 -0.65048334
 -0.        ]
Current x_clock array =  [-0.7063868  -0.66950615 -0.51671892  0.25577563 -2.98329183  0.47498275
  0.33647224 -0.04642302  0.         -0.02273   ]
log likelihood =  -1486.9358157994684
Lr derivatives =  [-1.671551093314683, -11.147423502517617, 1.0462190393386832]
other derivatives =  [-2.66707093 -2.24973564  1.34846505 -0.51632765 -0.50941196 -0.21768665
 -0.        ]
Current x_clock array =  [-0.71218493 -0.66971718 -0.51600171  0.27504339 -2.96710058  0.53457111
  0.33647224 -0.05861219  0.         -0.02122039]
log likelihood =  -1486.9160554638452
Lr derivatives =  [-0.9275850075879326, -10.686911512394078, 0.488719944932944]
other derivatives =  [ 1.55703879 -0.49857908  0.96184726 -0.03001833 -0.46985304  0.08358347
 -0.        ]
Current x_clock array =  [-0.70614364 -0.66604304 -0.51628908  0.29115245 -2.96159156  0.56284482
  0.33647224 -0.05773229  0.         -0.02232286]
log likelihood =  -1486.9112799597194
Lr derivatives =  [-0.49919358486121723, -10.508337300279235, 0.24112728526769267]
other derivatives =  [ 0.41853468 -0.05830429  0.18325613  0.00084901 -0.40461014  0.02006095
 -0.        ]
Current x_clock array =  [-0.70782648 -0.66527199 -0.51697419  0.29060479 -2.96515656  0.55209695
  0.33647224 -0.05347859  0.         -0.02364966]
log likelihood =  -1486.9101762739656
Lr derivatives =  [-0.1972816161395734, -10.383936233200398, 0.05507694000330243]
other derivatives =  [-0.0318953   0.07484914  0.02566685  0.03234027 -0.29969713  0.02285606
 -0.        ]
Current x_clock array =  [-0.70853734 -0.66513131 -0.51696616  0.29152532 -2.96490983  0.55126474
  0.33647224 -0.05126439  0.         -0.02438027]
log likelihood =  -1486.9095943384868
Lr derivatives =  [-0.04714631114669032, -10.316472202005901, -0.03646739263623999]
other derivatives =  [-0.11640441  0.01116382 -0.18704804  0.04920867 -0.16098891  0.01386547
 -0.        ]
Current x_clock array =  [-0.7086668  -0.66531004 -0.51726683  0.29240502 -2.96215996  0.55220689
  0.33647224 -0.0510539   0.         -0.02460908]
log likelihood =  -1486.9094214908605
Lr derivatives =  [0.07747604524736218, -10.271615377899995, -0.0955125887380559]
other derivatives =  [-0.07111021  0.01418789  0.32298522 -0.00603791  0.01941122  0.00507862
 -0.        ]
Current x_clock array =  [-0.70869774 -0.66530559 -0.51657742  0.29209303 -2.95883391  0.55378189
  0.33647224 -0.05094269  0.         -0.02465609]
log likelihood =  -1486.9092894267562
Lr derivatives =  [0.024888575223137366, -10.278010999918259, -0.033621797276352616]
other derivatives =  [ 0.007685   -0.08312236 -0.03629043  0.00759428  0.00506252  0.00426348
 -0.        ]
Current x_clock array =  [-0.70852729 -0.66548041 -0.51718007  0.29215629 -2.9582019   0.55462069
  0.33647224 -0.05174418  0.         -0.02439238]
log likelihood =  -1486.9092782400326
Lr derivatives =  [0.00971702696947574, -10.283021857004531, -0.011435631128770218]
other derivatives =  [ 0.00672389 -0.04714639 -0.00296131  0.00528053 -0.00457534  0.00266391
 -0.        ]
Current x_clock array =  [-0.70853027 -0.66538484 -0.51713584  0.29206861 -2.95836929  0.55441384
  0.33647224 -0.05181132  0.         -0.02432186]
log likelihood =  -1486.9092732932972
Lr derivatives =  [0.001246538485787596, -10.283817393730272, 0.005131337032321603]
other derivatives =  [ 0.00207842 -0.00543287  0.00512296  0.00245632 -0.00129167 -0.00011073
 -0.        ]
Current x_clock array =  [-0.70853837 -0.66526852 -0.51713919  0.29199823 -2.95819528  0.5543759
  0.33647224 -0.05195775  0.         -0.0242536 ]
log likelihood =  -1486.9092730877019
Lr derivatives =  [-0.0007077383647207114, -10.284827539691864, 0.001016319651515829]
other derivatives =  [ 3.53793439e-04 -5.93900040e-04  1.35310074e-03  1.56251190e-03
 -3.22826923e-05 -5.02268449e-04 -0.00000000e+00]
Current x_clock array =  [-0.70854065 -0.66525343 -0.51714905  0.29197313 -2.95814683  0.55438344
  0.33647224 -0.05199216  0.         -0.02426379]
      fun: 1486.9092730877019
 hess_inv: <10x10 LbfgsInvHessProduct with dtype=float64>
      jac: array([ 3.53793439e-04, -5.93900040e-04,  1.35310074e-03,  1.56251190e-03,
       -3.22826923e-05, -5.02268449e-04, -0.00000000e+00, -7.07738365e-04,
       -1.02848275e+01,  1.01631965e-03])
  message: 'CONVERGENCE: REL_REDUCTION_OF_F_<=_FACTR*EPSMCH'
     nfev: 27
      nit: 25
     njev: 27
   status: 0
  success: True
        x: array([-0.70854065, -0.66525343, -0.51714905,  0.29197313, -2.95814683,
        0.55438344,  0.33647224, -0.05199216,  0.        , -0.02426379])
