number of sites to be analyzed:  194
log likelihood =  -2893.59317718314
Lr derivatives =  [-133.04852613582167, -227.0406790584692, -121.7866919910352]
other derivatives =  [-27.58476421   1.78060282  -0.64501819 -29.98000218 122.41238937
  23.44171526  51.58233307]
Current x_clock array =  [-0.72740429 -0.76692694 -0.47533698  0.18232156 -0.10536052 -0.10536052
  0.33647224 -0.51082562 -0.51082562 -0.51082562]
log likelihood =  -2780.4194568108496
Lr derivatives =  [84.01442499478458, -105.9155551715508, -47.24664404143431]
other derivatives =  [-20.71978633  16.34585442 -26.62927363 -13.77201306 100.90619799
  37.7458091   74.81154353]
Current x_clock array =  [-0.72387308 -0.77620897 -0.47311976  0.33860294 -0.74347845 -0.22755876
  0.06758106  0.18273694 -0.50816276 -0.50816276]
log likelihood =  -2691.1451818098353
Lr derivatives =  [76.31649013197062, -84.76963707204979, -30.04231885084537]
other derivatives =  [30.38425712 14.24660149 26.21914382 -3.74978754 70.36735727 30.9390598
 55.86516454]
Current x_clock array =  [-0.67828306 -0.82481601 -0.39878032  0.43409921 -1.25692579 -0.37682173
 -0.23806355  0.20524132 -0.32375519 -0.43513123]
log likelihood =  -2744.629174030136
Lr derivatives =  [-81.98767254793889, -121.91059133700917, 9.276867436656445]
other derivatives =  [-265.58344476  -25.91896919 -299.79144847   49.04881916  -99.63132781
   15.42220707   10.15671568]
Current x_clock array =  [-1.03375079 -0.99930094 -0.68964311  0.67416745 -2.86441573 -0.88408209
 -1.21528406  0.20397622  0.         -0.17120774]
log likelihood =  -2645.6086511852045
Lr derivatives =  [14.58113439299412, -93.59192797354498, -24.224857714360212]
other derivatives =  [-1.13690730e+02 -1.00798843e-01 -1.39885066e+02  1.70427261e+01
  3.36789077e+00  2.29602297e+01  3.29092386e+01]
Current x_clock array =  [-0.81499959 -0.8919247  -0.51064913  0.52643192 -1.87518289 -0.57191927
 -0.61391257  0.20475475 -0.19923563 -0.33362355]
log likelihood =  -2606.5793329704607
Lr derivatives =  [-47.853027550893835, -106.11165408841512, -6.889832766181684]
other derivatives =  [ -2.29655234  -6.63090213  73.48850158  16.28842256 -42.72615005
  17.33471072  19.35060664]
Current x_clock array =  [-0.69749615 -0.94954704 -0.32414442  0.56191328 -2.33007697 -0.76092541
 -0.96066094  0.0529417   0.         -0.20771483]
log likelihood =  -2599.4818162812107
Lr derivatives =  [-17.17274166324395, -90.04042004953119, -4.5308197708961515]
other derivatives =  [ 12.47906539  -1.92113293 -23.2055736   14.31181227 -23.16526894
  17.74917564  20.73758287]
Current x_clock array =  [-0.6819277  -0.93223486 -0.38981541  0.53125707 -2.18909001 -0.74714565
 -0.91999232  0.10332395  0.         -0.22430217]
log likelihood =  -2596.971995503193
Lr derivatives =  [-0.06869249942517541, -80.94951726684369, -1.7860055778490143]
other derivatives =  [  5.9444701    0.20476364 -12.01991745  10.50719038  -9.73422057
  16.51934917  20.2033234 ]
Current x_clock array =  [-0.69145232 -0.92492528 -0.38379655  0.50513808 -2.11996645 -0.76421335
 -0.9327884   0.13702594  0.         -0.22545655]
log likelihood =  -2592.93011405987
Lr derivatives =  [15.252130798143721, -71.98314763055244, 3.603661578777057]
other derivatives =  [12.68206779  1.65615529 -2.27346982  4.95296626  2.89429642 10.97422637
 14.27892076]
Current x_clock array =  [-0.68910757 -0.92521455 -0.37785795  0.45304126 -2.10401174 -0.87239458
 -1.07797268  0.18854646  0.         -0.20334714]
log likelihood =  -2589.4149139975925
Lr derivatives =  [13.905658154434565, -71.2994139360625, 5.678882275613148]
other derivatives =  [-15.64536979   0.6422224    9.45457214   0.8641432    4.54491274
   4.3089884    6.94748915]
Current x_clock array =  [-0.71727231 -0.93300706 -0.36709298  0.39125422 -2.16938512 -1.04674025
 -1.32493163  0.22761695  0.         -0.17718495]
log likelihood =  -2588.249294203246
Lr derivatives =  [6.828973806259334, -74.31554367823958, 3.30627393764539]
other derivatives =  [26.40092544  0.88327852 -3.0686283  -1.58112971 -0.15068456  0.07152401
  2.41542734]
Current x_clock array =  [-0.67877936 -0.93960628 -0.37417484  0.34223805 -2.2381325  -1.19908086
 -1.5484919   0.23524965  0.         -0.16566041]
log likelihood =  -2587.856066000809
Lr derivatives =  [2.673959824834961, -76.73157756178131, 1.3672004437425187]
other derivatives =  [ 1.40279917 -0.42982538  0.17652246 -1.42834688 -2.05143776 -0.54896726
  2.05371054]
Current x_clock array =  [-0.70033419 -0.94070188 -0.37131995  0.33728232 -2.24061561 -1.21551027
 -1.57480567  0.22552946  0.         -0.16630467]
log likelihood =  -2587.7942976339637
Lr derivatives =  [1.7716710868039414, -77.41315647180471, 0.253002439761417]
other derivatives =  [-1.42758927 -0.70233591  0.82956876 -1.70754538 -1.86812691 -1.00078314
  1.855876  ]
Current x_clock array =  [-0.70275052 -0.93980927 -0.37142314  0.33187787 -2.22705905 -1.22297109
 -1.58684375  0.21432516  0.         -0.16689394]
log likelihood =  -2587.6848795148862
Lr derivatives =  [-0.047510461528318615, -78.82492633881763, -1.4044563622258863]
other derivatives =  [-3.68339715 -0.4630615   1.18546359 -2.07152107 -1.01588003 -1.8701431
  1.56907011]
Current x_clock array =  [-0.70436067 -0.93472205 -0.37298277  0.32527139 -2.18246805 -1.22888669
 -1.60741513  0.1807372   0.         -0.16600934]
log likelihood =  -2587.5850966590465
Lr derivatives =  [-0.8671490794288896, -79.08509020234418, 1.0890746157351145]
other derivatives =  [-3.49534002 -0.18111405  1.19553488 -1.36591643 -0.35998851 -2.10650516
  1.48463708]
Current x_clock array =  [-0.70378645 -0.93116656 -0.37395463  0.33723921 -2.14828368 -1.21718135
 -1.63182774  0.15613945  0.         -0.1570731 ]
log likelihood =  -2587.522293318672
Lr derivatives =  [-1.8657568581652626, -81.10226313598537, -6.813137172052976]
other derivatives =  [ 4.38827919  0.89206696  1.03247612  1.42897443  1.92494715 -2.63317384
  1.04349766]
Current x_clock array =  [-0.69583617 -0.92441068 -0.37593531  0.38161237 -2.07888793 -1.15707306
 -1.68739537  0.11984652  0.         -0.17236566]
log likelihood =  -2587.3881577362536
Lr derivatives =  [-0.4639744016827212, -79.1752375185801, 0.007137341866354063]
other derivatives =  [ 2.56089834  0.40508939 -1.48837125  1.64149697  0.9810276  -2.12530895
  1.0980956 ]
Current x_clock array =  [-0.69764004 -0.92803407 -0.37621449  0.38460183 -2.10428717 -1.1557595
 -1.70807036  0.13443013  0.         -0.15748049]
log likelihood =  -2587.329166070378
Lr derivatives =  [-0.2025090482826588, -78.59232398885702, 2.2828979320341816]
other derivatives =  [ 2.47093476  0.06687196  3.59430942  1.96492374  0.28382738 -1.77913639
  1.02040757]
Current x_clock array =  [-0.69803332 -0.93071524 -0.37195517  0.39126836 -2.12043715 -1.13974976
 -1.7407135   0.14335401  0.         -0.1529307 ]
log likelihood =  -2587.244874260241
Lr derivatives =  [1.2302786731468522, -77.34816192785317, 3.992063948360361]
other derivatives =  [-0.99051022 -0.62985418 -4.31792523  3.10958512 -0.51093939 -1.29487817
  0.68305815]
Current x_clock array =  [-0.70119803 -0.93463905 -0.37557364  0.40542962 -2.13715132 -1.09591288
 -1.8233963   0.15736175  0.         -0.15037114]
log likelihood =  -2587.153949951554
Lr derivatives =  [1.4188851734089223, -77.34887287619075, 2.302345301670698]
other derivatives =  [-1.99183069 -0.73438878  0.20416701  3.19513765 -0.36393468 -1.24396375
  0.40386083]
Current x_clock array =  [-0.70245901 -0.93505641 -0.37252724  0.40712019 -2.1338064  -1.06192267
 -1.88989555  0.15670912  0.         -0.15376676]
log likelihood =  -2586.981359041837
Lr derivatives =  [0.7357628212863201, -78.08302555345739, -1.632499979086809]
other derivatives =  [-4.20697415 -0.79496931  4.10412076  2.86882278  0.04954188 -1.36007475
 -0.14747853]
Current x_clock array =  [-0.70486079 -0.93284055 -0.37099288  0.39859199 -2.10464563 -0.97800621
 -2.05573882  0.13762894  0.         -0.16004745]
log likelihood =  -2586.853307266032
Lr derivatives =  [-0.9988157772790274, -79.08083943806835, -3.0072574703849853]
other derivatives =  [-3.20994832 -0.3814348   3.14312274  1.92904372 -0.43725659 -1.26552641
 -0.42466185]
Current x_clock array =  [-0.70404119 -0.92875482 -0.37312784  0.37833986 -2.0772369  -0.89407406
 -2.21337504  0.11305807  0.         -0.16013341]
log likelihood =  -2586.879640540141
Lr derivatives =  [5.765047885134614, -74.52120802055842, 1.7105135514196554]
other derivatives =  [ 7.90298691  0.12648434  2.97978704 -0.87250464  3.27502217 -0.80349037
 -0.55714987]
Current x_clock array =  [-0.69533494 -0.9268247  -0.37525194  0.34044419 -2.04956298 -0.81062115
 -2.38383161  0.11344027  0.         -0.15161616]
log likelihood =  -2586.8142604873724
Lr derivatives =  [1.9440349247013557, -77.09528676171298, -0.9840845128066107]
other derivatives =  [ 1.57432078 -0.15711475  3.0729434   0.70649321  1.18268331 -1.07217238
 -0.49452443]
Current x_clock array =  [-0.7002528  -0.92791496 -0.37405211  0.36185013 -2.06519501 -0.85776079
 -2.28754665  0.11322438  0.         -0.15642726]
log likelihood =  -2586.7890693264662
Lr derivatives =  [0.11195339963159867, -78.04131129930552, -0.6915273906858772]
other derivatives =  [-0.37096788 -0.00512227  0.23865596  0.30385627  0.5084258  -0.97143311
 -0.50878099]
Current x_clock array =  [-0.70184649 -0.92515074 -0.37682579  0.35134298 -2.04946306 -0.81766767
 -2.35309262  0.09658653  0.         -0.15390379]
log likelihood =  -2586.782372456978
Lr derivatives =  [-0.3715322453973844, -78.27902508450738, -0.5610188428460887]
other derivatives =  [ 0.4987387   0.13737372 -0.85959437  0.24986366 -0.1977652  -0.81386133
 -0.48079138]
Current x_clock array =  [-0.7009921  -0.92512466 -0.37746374  0.34904578 -2.05527475 -0.81147775
 -2.35352621  0.09721241  0.         -0.15387188]
log likelihood =  -2586.772077050673
Lr derivatives =  [-0.6066913286619773, -78.39491773909843, -0.07452679909833648]
other derivatives =  [ 0.47178537  0.25935424 -1.38374844  0.11922839 -0.53791028 -0.63374227
 -0.39978497]
Current x_clock array =  [-0.70099378 -0.92474808 -0.37787736  0.34638553 -2.05701993 -0.80574948
 -2.33788623  0.09673707  0.         -0.1533082 ]
log likelihood =  -2586.751083854254
Lr derivatives =  [-0.6958146094086217, -78.57060561286241, 0.7507947753192852]
other derivatives =  [ 0.13885483 -0.16399599 -1.43063244 -0.17865341 -0.7657878  -0.15376963
 -0.10236515]
Current x_clock array =  [-0.70124761 -0.92547605 -0.37814317  0.34215543 -2.058087   -0.79678636
 -2.26562606  0.09676913  0.         -0.15348835]
log likelihood =  -2586.756159390109
Lr derivatives =  [-0.13902927566897816, -78.53693191742059, -0.2869722534704522]
other derivatives =  [ 1.22746451  2.8633217  -0.94663255  0.23112443 -0.48108566  0.13552653
  0.03509724]
Current x_clock array =  [-0.70046738 -0.91756554 -0.3781952   0.34820412 -2.04909347 -0.77676898
 -2.24081101  0.09406811  0.         -0.15697317]
log likelihood =  -2586.748170692592
Lr derivatives =  [-0.48581715761574706, -78.55783679428293, 0.35370828860009595]
other derivatives =  [ 0.54853354  0.97045313 -1.24889993 -0.02465549 -0.65743914 -0.04606454
 -0.05164312]
Current x_clock array =  [-0.70095371 -0.9224963  -0.37816277  0.34443386 -2.0546993  -0.78924617
 -2.25627867  0.09575171  0.         -0.15480102]
log likelihood =  -2586.7445566133
Lr derivatives =  [-0.1831046107008607, -78.47255549741291, 0.29509240104718515]
other derivatives =  [ 0.04285857  0.22237418 -0.05113998 -0.05949141 -0.22695623  0.04163303
  0.01391192]
Current x_clock array =  [-0.70144814 -0.92403803 -0.37748935  0.34519    -2.05057272 -0.78400625
 -2.24498493  0.09524651  0.         -0.15540691]
log likelihood =  -2586.7441733930145
Lr derivatives =  [0.06427107059290016, -78.37999165120776, 0.03560556857771502]
other derivatives =  [-0.09281348 -0.01595163 -0.22293943  0.00906766  0.00083327  0.01486842
  0.00382868]
Current x_clock array =  [-0.70156819 -0.92462262 -0.37759204  0.3465761  -2.04923688 -0.78437093
 -2.24482533  0.09581206  0.         -0.15608172]
log likelihood =  -2586.7442241236895
Lr derivatives =  [-0.05604515651313058, -78.4568876849923, -0.07064552758883735]
other derivatives =  [ 0.10941221 -0.04066987  0.42543707  0.00106593  0.01087491 -0.00558748
 -0.00646467]
Current x_clock array =  [-0.70139428 -0.92462011 -0.3771995   0.34666897 -2.04849235 -0.78383396
 -2.2480383   0.09506814  0.         -0.15614768]
log likelihood =  -2586.7441437902353
Lr derivatives =  [0.018841745038368884, -78.40902667026319, -0.0045301865497080485]
other derivatives =  [-1.64409357e-02 -2.52862264e-02  2.18524292e-02  6.04859451e-03
  4.61925894e-03  7.13316695e-03 -6.84336302e-05]
Current x_clock array =  [-0.70150249 -0.92462167 -0.37744376  0.34661118 -2.04895563 -0.78416809
 -2.24603903  0.09553105  0.         -0.15610664]
log likelihood =  -2586.74414079451
Lr derivatives =  [0.0014219709990630491, -78.41659862127104, 0.004689087937272518]
other derivatives =  [-0.00854789 -0.00302498  0.00664113  0.00647287 -0.0063585   0.00427099
 -0.00065074]
Current x_clock array =  [-0.70149318 -0.92456388 -0.37745471  0.34659178 -2.04899001 -0.78438132
 -2.24600901  0.0954728   0.         -0.15606692]
      fun: 2586.74414079451
 hess_inv: <10x10 LbfgsInvHessProduct with dtype=float64>
      jac: array([-8.54788595e-03, -3.02497938e-03,  6.64113031e-03,  6.47287379e-03,
       -6.35850422e-03,  4.27098712e-03, -6.50735584e-04,  1.42197100e-03,
       -7.84165986e+01,  4.68908794e-03])
  message: 'CONVERGENCE: REL_REDUCTION_OF_F_<=_FACTR*EPSMCH'
     nfev: 35
      nit: 30
     njev: 35
   status: 0
  success: True
        x: array([-0.70149318, -0.92456388, -0.37745471,  0.34659178, -2.04899001,
       -0.78438132, -2.24600901,  0.0954728 ,  0.        , -0.15606692])
